0.13719842668175233346695
0.17936205006404237760620
0.14335964235855438997369
0.18734592161860538772622
0.15072850877611970732417
0.24656247979728487806916
0.19668624944036144919224
0.15950026207052778182138
0.20754932744246740172755
0.16978176971694491914633
0.25801018769881295389368
0.31599909683941301841159
0.32927192238399000112636
0.27077658811653931847374
0.21990748601727638789072
0.18161625888200164102848
0.23355272502099341802584
0.19494505402067410781974
0.28468792076117838130145
0.34363125008858780295995
0.40403288015344174244348
0.47685470562302084696071
0.41956657739349473290602
0.35883129144494607665195
0.29964219806487168984432
0.24850536767508599189647
0.20961026093769832834290
0.26420203671269687495382
0.31544535944038432084824
0.37460207415578899992070
0.43541983601810840820434
0.49277486696414241063025
0.55621302604203126662696
0.50865570763407574883530
0.45151303575948736890311
0.39074536320732145000534
0.33175295579339203477787
0.28057440623592649897589
0.34809993587284016047789
0.29732774435922343370109
0.40698696476272661071150
0.46751131974190568429961
0.52443064463431443567032
0.57298528358703604279611
0.58894449439873752805141
0.53984201600738990212136
0.48336400466440121448386
0.42309576308062724070425
0.36462817728066698741429
0.31408082579404000833634
0.38086045987844346916162
0.33075895910730152005286
0.43902093405532721659412
0.49901596722005908679520
0.55496262311413491197243
0.60323585174116589602278
0.61700373693820653731024
0.56962712176561736132641
0.51421210526554783637465
0.45471197290878584418294
0.39689394040555164844264
0.34712728693340466623596
0.41264651105706889877567
0.36326479861259969306175
0.47001223358959176579219
0.52917094186242008557741
0.58387895905695930132140
0.63041680053718573972787
0.64337451943683909849625
0.59786541735754850090956
0.54375102027865329645806
0.48516682536809585535309
0.42820595778238013107142
0.37919962372381205151228
0.44350322244028178575448
0.39482043344266104512030
0.50011618194633822298556
0.55821931383642142687762
0.61150530385175339009862
0.65604806411830340895364
0.66829051267325134677577
0.62494083719138293631090
0.57241946549867939175726
0.51481671850865995399005
0.45869558793990072853575
0.41031520054592013346806
0.47372570440366346122829
0.42571650695133528286007
0.52953773800189363196722
0.58638763146179972984839
0.63805633445342335718919
0.68016045462413010636027
0.69159753965195702729574
0.65076286396026683522820
0.60003752880781602296878
0.54381913486254607192905
0.48865599318404773221403
0.44100371576679731067117
0.50320525051505415881081
0.45595161590582428123852
0.55786620530826003250269
0.61325253000932822278202
0.66297410988935800979505
0.70251107066174811599524
0.71245932222323216098658
0.72304263685358616253751
0.71264617754793124770885
0.67456942663737728960172
0.62600950726073456564791
0.57140879235137476133133
0.51743892224537524349159
0.47059441184181821649091
0.53094898805528056850989
0.48461397241169335003974
0.58430873428464846774943
0.63798416674716296181913
0.68540686847102716416913
0.72193291387838731676396
0.73260416966977015551521
0.74105483928778392854753
0.73032266514792210099216
0.69532283247993120767205
0.64910820952065206856929
0.59630543395834045838910
0.54370240769138822312101
0.49788915409947226420329
0.55538318626847682502046
0.51017631873175239842766
0.60737303128910458127621
0.65918403491689170348167
0.70422201167811071531588
0.73771161588392630825695
0.74833876302395818669311
0.75449066099783479444341
0.74400763545028603118681
0.71201102025201279399624
0.66824375787547685145995
0.61729406145103982161970
0.56600493765733628226400
0.52136462967156993464357
0.57547293610676564235007
0.53127297892060965089911
0.62611752361035788450039
0.67623474607480726916720
0.71882954263013310036712
0.74930838003020083792904
0.75952013252964167833170
0.76344539647508058433090
0.75360849119629391701380
0.72459673843092553546796
0.68307939614056434329825
0.63382326528489296713076
0.58371924934564900500078
0.53988213489571434955394
0.59080291778906879329725
0.54721875243074913353070
0.64046742062596173639122
0.68898990774076496190759
0.72948372463585120506480
0.75706827513700614140646
0.76642340338854475501051
0.76856942688983742595354
0.75977619461181944426897
0.73351561898480366341602
0.69403401249933016625704
0.64605734983537010940324
0.59671725672358655323535
0.55330265128713684852357
0.60166493665450948569173
0.55821679437269089429918
0.65086808240218207988192
0.69830722789263333094567
0.73691031515801952433975
0.76191716996305347553431
0.77003503587033983457388
0.77097814249350249404813
0.76357999597659753643342
0.73976417822441997707017
0.70196616052368643323689
0.65493163798357101335057
0.60580342268373787995017
0.56215458084963410012591
0.60924362970460621546920
0.56524513678916987746703
0.65847465387038195405722
0.70520366308306159375263
0.74224224297335983369095
0.76494605178182506488582
0.77153894981044734979747
0.77185578086571138278771
0.76612595381798798133133
0.74449644188295283075973
0.70815783058828885021541
0.66164992840585623579130
0.61221572438635118995620
0.56771599694416985393275
0.61493545448566422351178
0.56976916938230814935196
0.66464276486855411452126
0.71097275443460938859630
0.74668126333212592182775
0.76727852080066882844989
0.77205590776031518540634
0.77223962932637058020902
0.76848157221413559980761
0.74891887562181469473188
0.71381786910563960191212
0.66762742471408476063743
0.61753960594581469578657
0.57166978274138080529099
0.62033655733139669852250
0.67077088878271839966771
0.71684429358600487702802
0.75129415139439048587633
0.76985759979901247085365
0.77248365641293459393779
0.77283298896817342882315
0.77143771168252217584893
0.75391951060170991905096
0.72013884023917018595284
0.67425064099552112217850
0.62345276469151655884815
0.67816328847457463258053
0.62705626103295386553071
0.72378018451962811141698
0.75684576543645665225313
0.77327178371424065694839
0.77329823765312921679538
0.77385944237089410169261
0.77533283677430531177777
0.76006302355478805310440
0.72784376748965018411042
0.68251777140557212675276
0.63123453841621735005418
0.68746497919422988598370
0.63605883877511426582885
0.73227465797530943980576
0.76358776138576245351430
0.77762169547326909224694
0.77447746576818465857883
0.77534208020710415620869
0.78008696963336210394857
0.76734189707532274304924
0.73708687153176055684156
0.69293176009852042174231
0.64158432920741659266639
0.69879299454698295956945
0.64769441563824559082718
0.74229498859236653363070
0.77137566045189309704710
0.78269664897420976323872
0.77644666262735695383412
0.77761277617989787991348
0.78538671888172562063346
0.77555933013060474046085
0.74769728465547691254045
0.70511278763833729055222
0.65431691609663100717142
0.71180314688366774777961
0.66141252437542552566896
0.75340807353668393098189
0.77991459731875978356186
0.78816996412633000268499
0.77880347627295409829173
0.78003852185740019109517
0.79103090056688707409904
0.78438764106467995240735
0.75930406854086973655882
0.71874474991540548973745
0.66892539166147502172066
0.72594398793293490879108
0.67677981859716462853527
0.76532124007574553470334
0.78893202722609234722739
0.79393295197921920358652
0.78127562256556082331826
0.78251491455534694097196
0.79684286796055425750041
0.79353701816953869929705
0.77150768973114070004016
0.73335571324469750464914
0.68494541607187209297791
0.74089693929645228376302
0.69334630231031768587968
0.77772966376391827747483
0.79813733372757145190235
0.79969406402248421894541
0.78365828246900626208316
0.78462969264022086601784
0.80239176915838794634794
0.80261324774369446899414
0.78387811632662252048220
0.74849514898487801151106
0.70197303639292696342267
0.75607755440284019066155
0.71068839594360699862818
0.78995117802813419327634
0.80689139643079588193331
0.80478955667392215733713
0.78524111896702408763815
0.77595056709006626771696
0.77438660621327315425333
0.78534617783193261253416
0.80672028615469348888922
0.81074264904863346803410
0.79568229439368576283442
0.76349988069641028243240
0.71943631179429823330196
0.77061016128225534593810
0.72796022604773635844566
0.80096736606051255336070
0.81401449315798712902392
0.80797594488117163713525
0.78469982095493662210828
0.77197487525127284069271
0.76848023179546443017784
0.78316263192536517134812
0.80838580127157189103571
0.81652048183226855204708
0.80555154032602627189874
0.77709169334659733419102
0.73610000871761205321064
0.78289281315998116017596
0.74362952378161395472489
0.80926071092408413676367
0.81807189802697377611906
0.80776634304205585657144
0.78053126881331136299735
0.76381476246717050493373
0.75783645308286395891884
0.77679096278861337054877
0.80602744176716645263525
0.81852885600981917235686
0.81196542672160187947838
0.78769690735811270787536
0.75029096302924247474664
0.79143606775929786767421
0.75591940771375976115820
0.81353207281585115939748
0.81781103542655009253082
0.80309524612826233003204
0.77187311458806351360806
0.75056196092656624063721
0.74212199793978650408377
0.76578187250289952991977
0.79902116273739709484403
0.81590856155001256766468
0.81388487605747594777483
0.79397743099167883418232
0.76040294852073275766458
0.79530854219170332708444
0.76365940881005911489154
0.81306465203933209195952
0.81285329320271704212075
0.79384147753912637224261
0.75871759392909321473297
0.73258936437873323210823
0.72225602362331664529904
0.75086503882872890347500
0.78775327400898231822168
0.80880869876310501620509
0.81114221987182955064810
0.79548933422437773099745
0.76575567321131754461305
0.79466209391023956420952
0.76676978317183108746491
0.80829658478280219657819
0.80391295659161576825369
0.78093958843424049476312
0.74236170952790903054819
0.71123985234895215068462
0.70003469016907082789203
0.73350838112761052034472
0.77356928426911386598164
0.79835534639972183246215
0.80469108848834691727347
0.79299776435666147200720
0.76687956958057934553352
0.79068732693859788973612
0.76628223247274029894527
0.80054294250225332962856
0.79238717985240680885539
0.76592104544867822824017
0.72458247439322320815336
0.68857955274525151079246
0.67737231747469972553688
0.71561013217881863646141
0.75818713811975013694422
0.78615865809600227187559
0.79606278652583317700930
0.78796294402187982974795
0.79140529366355860663163
0.78502197856108524298691
0.77991087343014742216951
0.75053961924884471379471
0.70686140149045717517851
0.66639568688094730219973
0.65586190288445012086527
0.69851773261153349281471
0.74304562586459277362394
0.77369646848933237848200
0.78676907735322343384610
0.78201483102799740354527
0.78224286366726958341644
0.77905615029376795721561
0.76768515215714328014940
0.73579022603889532305743
0.69043752827541748917639
0.64581887575042562499306
0.63621636031624984042310
0.68283724996999495271410
0.72884981884069743873766
0.76186882302321967674885
0.77785071440587660873689
0.77620338559415646972894
0.77363670975485887559842
0.77350190723746481413770
0.75630915156261624421319
0.72216607404102595157980
0.67555724000239181226135
0.62706118453011072677583
0.61839486459541836982368
0.66862342730995927286841
0.71582750187107546668841
0.75093531555075099248597
0.76956589928768814878879
0.77090866298209470564018
0.76563268597101064028010
0.76840637990990878769537
0.74570035330175366006245
0.70965864414948909288938
0.66192637793812580948583
0.60979880579899725656645
0.60366716017398114324521
0.65560789543165221004983
0.70367530155058821694780
0.74061377841237552299702
0.76174308873825835597415
0.76594675044113358364228
0.75789450141329339771801
0.76348686900208284633607
0.73557609409124236066191
0.69792911575508476129670
0.64955225231680246977817
0.59780684647125714725746
0.59247454226954021638818
0.64385909130628149465991
0.69242709239562794110157
0.73078028272464923276175
0.75412784687665257443712
0.76105210289468649964562
0.75047201278874053897994
0.75866225043693102936260
0.72607684975687214468110
0.68715253000160803065199
0.63853052517731079262830
0.58759530419051941851905
0.58336198259124127929454
0.63373973297096097834213
0.68229419978999883422688
0.72168922810808167067620
0.74698552142247476304249
0.75639303793444856438555
0.74375630952336058143715
0.75431222156780375343033
0.71766171214728391447579
0.67787715218512478720925
0.62943522130921147894611
0.57966726789690692367429
0.57668742884620316502264
0.62574103780732692747790
0.67398223124660971983246
0.71404416035998308220911
0.74088823948071824698758
0.75252138644538424383512
0.73839888377060747259861
0.75108055664114270477683
0.71083196704840301283213
0.67053827649655550757757
0.62256106725204074514579
0.57416800175132298722502
0.57200917380848081972289
0.61975523086153472274162
0.66749768605085679773481
0.70805572959485163497817
0.73626343744373179411866
0.74999423277085719430346
0.73440663751688317617550
0.74920827940766443475695
0.70546018470152471735446
0.66469015377668294597413
0.61707799747894787056879
0.56981707214551868823094
0.55543024835174248377001
0.55164751112208287864291
0.56730470336291172195331
0.61423541318576935221785
0.66177057759552648796841
0.70292634245172069817897
0.73264685908122195723280
0.74858033600403495189113
0.73072425819127317936363
0.74788736508477204889545
0.70013471986890996046071
0.65846476333392711666193
0.61081012060666128871134
0.56399175044275673407412
0.54707549401111010833887
0.54121871118645625831078
0.55958026125828275176843
0.60652063380129150882425
0.65446638097361375940864
0.69673059729378228333019
0.72833009844482687888956
0.74685313450626256148723
0.72518270055265054985227
0.74517910494526229392420
0.69242432941288123426915
0.64937763171828422059662
0.60088189064941688322108
0.55368382084487122174465
0.53383275804189567192992
0.52475437459429430386848
0.54617790825181533609367
0.59387605249860864198297
0.64300743279825800513549
0.68699520518260648316300
0.72096519206304598981205
0.74258864767097820802633
0.71553317884508693680345
0.73885355011640707623144
0.68017015476816733432486
0.63520395262280737735949
0.58528547386873053248735
0.53699056436611181108987
0.51390269907027408269329
0.50137580725247843371761
0.52619061192264127146956
0.57527291270362068686950
0.62596736719999113152113
0.67201235552183335997256
0.70878051546764886392538
0.73386702514631729776795
0.70073413129606587634868
0.72756226105899246547892
0.66256954219643926506933
0.61539043730914277929855
0.56378588140604679601608
0.51409818504149951134963
0.48751429636974430437135
0.47256809775158725717148
0.50090710052981568534136
0.55129315263955436243748
0.60375730701128171862280
0.65193865973406728286932
0.69148680993144362449954
0.72007298317683188226823
0.68123110555867849580380
0.71154495383387439400025
0.64038726992051331343703
0.59117295558430815738404
0.53802693743596063935541
0.48702034982239289506722
0.45694462368095556392689
0.44088929955032435392681
0.47278417577778802938226
0.52431939333122123958475
0.57808471964071195259294
0.62813570145114838716438
0.67028971741995801991720
0.61556300620341275475766
0.65881044356661455640989
0.56473038552188992156289
0.51030047391193700256906
0.45831598779428528445123
0.42486355880660597872378
0.40873581439474204746176
0.44378892203049746800758
0.49634838847069612244312
0.55108381011356299961079
0.60269345578685629138960
0.64695965930434928825576
0.58960445304014563738804
0.63482697477098337657253
0.53741168091262947470454
0.48211225099763788115581
0.42937820600046555652440
0.39245741718683657683897
0.37602674760443527413045
0.41464899021660750477736
0.46779496528286812484509
0.52356875559938720332553
0.57632706779332842916830
0.62246448498590145614884
0.56282677620955423591909
0.60969732661082298719180
0.50940307380270888337748
0.45315859908713324033513
0.39959341287601890524428
0.35917665176710966701279
0.34182614563885843628199
0.38398796590075207069148
0.43813438139470362031602
0.49484534897351689641809
0.54871067020314279183424
0.59650036027774688829339
0.53413528809007571052092
0.58281832179907522295537
0.47974124301569048833827
0.42264039662731955893094
0.36790928719972032512331
0.32384792381730309607235
0.30528829874684604295254
0.35135046161413885368319
0.40658415003796449793683
0.46400229879814131050964
0.51899900576604862667551
0.56829972899139336028895
0.50315471239297493433185
0.55316359322180574942251
0.44784685552357927917910
0.39001912412032513355342
0.33445699704071479851919
0.28648288305053665192546
0.26900305008475566825865
0.31734367480062686261988
0.37337077976182203586930
0.43142313556674716235051
0.48704757993661002002383
0.53742370002827533070899
0.47046896611090277540157
0.41486632971858611318439
0.35667812502542473040990
0.30051355766435855487728
0.25191758384208962073814
0.23567705631796689869084
0.28439371766569349064824
0.34055627531953197584258
0.39860153217836952199704
0.45409414661759367470850
0.38297399733931247745033
0.32532727886982643061842
0.26938475367497455303933
0.22076531978262622923914
0.20741090402085302080160
0.25580331071583656266100
0.31126264225336447433179
0.29862211282920675392560
0.24384163678363057758958
0.19594394384801966380039
0.18630279118867693055606
0.23346555089415765849026
0.22465933273902802258526
0.17821701433407863279790
0.15954631506068284174660
0.17160481462638371707996
0.15303562758829647449943
0.13731318683282708881244
0.17906618244369573722530
0.14347767652632606449892
0.18706904676001709364463
0.15084907468244479478159
0.24624170996174973846671
0.19642928458818739723135
0.15962261337678493311465
0.20731292742021184549728
0.16990526688682330846980
0.25770556512524822601051
0.31602140708774123512015
0.32929277749529239915915
0.27048885844684483759082
0.21969184449356549126975
0.18174040396817314757527
0.23335748475432244175565
0.19506952868253277233457
0.28441732394122232197020
0.34365135657241713262877
0.40440060807745797921697
0.47727675422134130389651
0.41992286513846710516162
0.35885116581896597809376
0.29938866854584422760865
0.24832991304845730695661
0.20973492535715954065978
0.26404520790657265427726
0.31520850225104668496101
0.37462217006093173621295
0.43576555838742925264029
0.49318979287406744527189
0.55642593451730459896964
0.50906415743176958166316
0.45184897225407250065388
0.39076600786672005538591
0.33153198963331242943298
0.28043498910744274477125
0.34789370736733116196149
0.29720441723989565740993
0.40700841486029282201287
0.46783837974062597586666
0.52483315779287653679575
0.57319194857003197274281
0.58914746270468087985250
0.54023923432946574507696
0.48368294427900088150452
0.42311812006249438500305
0.36443580855610557822644
0.31397221962281962603925
0.38068078639734059809285
0.33066382586732079307268
0.43904433344732207711303
0.49932758138756738741648
0.55535502797268232466621
0.60344211732541563897314
0.61721344509267050959522
0.57001524866488550991050
0.51451701110593495158696
0.45473646310541188109156
0.39672602770534060034890
0.34704446342973332972903
0.41248948794810297302504
0.36319330354677753502912
0.47003780475718759390702
0.52946977796525329651445
0.58426321477894349598614
0.63062968225502269437044
0.64359069813558478223570
0.59824614620154492605764
0.54404423553293446147450
0.48519354844613832300482
0.42805912294332731926616
0.37913863200068054215564
0.44336590985258272912262
0.39476921380708457354203
0.50014410549544252582166
0.55850740244973939852002
0.61188282276588856767319
0.65626729948464879171866
0.66851293724412830243864
0.62531542085140645603758
0.57270276599570479891810
0.51484581070677093439514
0.45856729871206647342063
0.41027316522570683732241
0.47360595828860330147592
0.42568314305986770795798
0.52956815770756482386616
0.58666653764483678301644
0.63842824075293302943379
0.68038585109765925551528
0.69182598389752714140855
0.65113236104558946948373
0.60031231768402748549818
0.54385075671748295267349
0.48854438869575544934776
0.44097855482352948941482
0.50310127493483369764959
0.45593418998749585258068
0.55789907552807960211538
0.61352352031542012333887
0.66334142826011410765119
0.70274234084934128485855
0.71262132428052693544629
0.72320111202852788157003
0.71288037063804987614191
0.67493480320488086210418
0.62627694958166979510850
0.57144280654322998636019
0.51734213371060189246009
0.47058426582739609767003
0.53085878172900358151765
0.48461061743110450672489
0.58434378188863878023085
0.63824832133666142830464
0.68577052409831085189040
0.72216983303294701723729
0.73275914768250305364461
0.74120630841023726897987
0.73056233925208657886685
0.69568498456468952362286
0.64936925281009727495274
0.59634127474740439289747
0.54361820897077650638352
0.49789208896309172791561
0.55530432463093870598669
0.51018502816527411258818
0.60740946761547820464955
0.65944215034553699261721
0.70458284837539864042810
0.73795382600142789275566
0.74848667803089286021390
0.75463493565929651296642
0.74425244591648487268998
0.71237072617423924381086
0.66849906053261887173278
0.61733076600904268627090
0.56593078530486184973824
0.52137859515406670407600
0.57540285875426533390709
0.53129168846032537310009
0.62615422446138846446217
0.67648737228299804513654
0.71918825582435286225547
0.74955558534230759537564
0.75966066019492983762973
0.76358210529274916922304
0.75385815484349483206472
0.72495459237268433660972
0.68332936111965869585561
0.63385966634909385319929
0.58365262177468757442966
0.53990509900164396217548
0.59073917161127054153980
0.54724551374946361903540
0.64050325325228474326877
0.68923730635151814194472
0.72984081392842736768500
0.75732020872173377856740
0.76655619406904085266774
0.76869823789712510286876
0.76003046067100887839274
0.73387202211591018308212
0.69427885533943700657744
0.64609229253963873507161
0.59665585624337813541729
0.55333280273443541386058
0.60160544092380319192159
0.55824998871447117920752
0.65090196197290151047810
0.69854953790481533193457
0.73726608726290587814134
0.76217358084951747354552
0.77015982558870033081178
0.77109885268441336059198
0.76383862774611455126461
0.74011935694202368729577
0.70220591682925825871564
0.65496424014098730825850
0.60574546944963691963437
0.56219050582835761176170
0.60918693409703927876819
0.56528356359360176774942
0.65850586300676516859909
0.70544090083574584326698
0.74259684222628086214257
0.76520674704488766959543
0.77165556344940389177367
0.77196832703787854335076
0.76638878610115857004104
0.74485044737747385656945
0.70839252776712624548594
0.66167965834665065649745
0.61216010329635806019866
0.56775674912676732386529
0.61488081303814179356948
0.56981215437012611157996
0.66467098835725957339804
0.71120491270836716513060
0.74703465616742814603413
0.76754334257394141172171
0.77216439524692614959633
0.77234414781476123934567
0.76874846925450757151310
0.74927161583103540909434
0.71404748490655589598930
0.66765416139222122371422
0.61748593758065939418600
0.57171494904879505138950
0.62028395468705266324605
0.67079621985647475135295
0.71707141808074836841769
0.75164619701213264413298
0.77012641955788674330563
0.77258428450928762210026
0.77292981133709404151233
0.77170851402638962479585
0.75427079527897678001835
0.72036347851462534386258
0.67427471970522800948089
0.62340139567659402786148
0.67818628551457404984859
0.62700635461464582220970
0.72400238195929500495396
0.75719623483986253642541
0.77354443837276198880915
0.77339134548186250217583
0.77394894410760006753236
0.77560740760368152013626
0.76041261610065780107703
0.72806357689623624196429
0.68253984101677012130693
0.63118635895494357157531
0.68748637568381731899336
0.63601266877245199449220
0.73249212566513366429177
0.76393643943557365538766
0.77789805158316760458348
0.77456344107966756951100
0.77542798520024591724109
0.78036514444558380265704
0.76768960130929797536226
0.73730204170280644326851
0.69295269158281613819383
0.64154045985392160744709
0.69881360373035705801925
0.64765309791438852027312
0.74250797146229874368117
0.77172236435729668624361
0.78297652766576231186946
0.77653525600431860809181
0.77770419858093498000073
0.78566836671399509217650
0.77590499522432232470948
0.74790805408851201985243
0.70513327154425398113347
0.65427836048489784737114
0.71182367002088497986989
0.66137690907357471470362
0.75361674908036535569522
0.78025921504828787966801
0.78845324933598759375997
0.77889759964817995019359
0.78013545594823607842727
0.79131581618256763288599
0.78473118008900821784835
0.75951068534185661729197
0.71876542223400474718176
0.66889286590594299042323
0.72596493039911402789244
0.67675049951520460655985
0.76552583960043274480256
0.78927447535249239951582
0.79421939264383600853847
0.78137525173395905309093
0.78261735375483498788896
0.79713086312685366152664
0.79387834725921035960994
0.77171034085094847299047
0.73337702754427902540613
0.68491939812213453731005
0.74091868914097969156529
0.69332365124007222512148
0.77793041445681276879753
0.79847754424462558109354
0.79998351537274658973331
0.78376338453410010487232
0.78473751243585354586685
0.80268270170861477641466
0.80295231936816768847365
0.78407696088133993495006
0.74851737945524832174016
0.70195380344491575819177
0.75610029221748031869055
0.71067259380276093239104
0.79014819235648048323384
0.80722933173523636618540
0.80508187261334496209741
0.78535146361912289147966
0.77600454816219932574484
0.77443733850697749065972
0.78545906897301909221909
0.80701399377457982975415
0.81107942418025957831418
0.79587744038996643958228
0.76352310403395751148281
0.71942391666309990494454
0.77063379864416969855512
0.72795113765344010570146
0.80116064827466493269981
0.81435012051751942685485
0.80827096561609934610715
0.78481496093461045049366
0.77202220802158094681289
0.76852387434297564361430
0.78327996185105364101986
0.80868216181402274855827
0.81685495880713665517447
0.80574287167878033688595
0.77711555539526644409420
0.73609406441849722924076
0.78291673043871246040482
0.74362649181970175149559
0.80944999950900897722761
0.81840523586823732404838
0.80806392583452779643238
0.78065044272613426379337
0.76385443023667798367882
0.75787177203639111144895
0.77691190891010974972630
0.80632627772212650540951
0.81886103264473630858333
0.81215256404933944267555
0.78772057715147625334140
0.75029054138189499312261
0.79145918065952503006599
0.75592124118307180147269
0.81371692930010908195726
0.81814207067731548050915
0.80339527037287972177637
0.77199552038650443019918
0.75059254776611672443920
0.74214749850838634959160
0.76590559340153940848239
0.79932241547237814494054
0.81623844100376996557600
0.81406725986593742039332
0.79399962571220339402345
0.76040664789302458981268
0.79532945391907849952418
0.76366458572238982149827
0.81324437820023676160019
0.81318202761452795801489
0.79414390212818286585161
0.75884238301900963641344
0.73260940261342921697718
0.72227032442468985795614
0.75099089139868246967069
0.78805692260299420315306
0.80913625138608158415821
0.81131914726052811737134
0.79550860391975386498586
0.76576195416694858852935
0.79467942380919420752861
0.76677684283913893903417
0.80847052597142710084199
0.80423931892313305080933
0.78124445354585914103041
0.74248842878228593633594
0.71124813244694096159293
0.70003686668684639293758
0.73363604593776843287856
0.77387541548437721594667
0.79868050003149670956759
0.80486191967910936106989
0.79301288939170333502915
0.76688712998438135493018
0.79070006456445973697100
0.76629009835991634957963
0.80071056407302887425459
0.79271109992193911075731
0.76622844428350112000459
0.72471104535896213594270
0.68857545496150596164853
0.67736201038459520340496
0.71573970106419770864647
0.75849585781999495637251
0.78648130597793874940749
0.79622711447316574240318
0.78797316750893331427363
0.79156628949311391707511
0.78502962728330094588358
0.78023220929362913089733
0.75084965326279040631618
0.70699197516428513576869
0.66637920755353141633037
0.65583939242843758421486
0.69864956021978186218035
0.74335699933829368912797
0.77401645680563380125250
0.78692669879666587995359
0.78201989258009396710492
0.78239709432420190271529
0.77905865464992463120808
0.76800374960004746949238
0.73610290388209487222326
0.69057055966030500560038
0.64579050049490993590240
0.63618227951407757547742
0.68297173496127838721037
0.72916381781202621592541
0.76218598145383098518835
0.77800156135945364166417
0.77620338793143950351094
0.77378416267780203430249
0.77349946657431312146969
0.75662481675070458742027
0.72248134297537369707953
0.67569316900355180788296
0.62702157450434148344698
0.61834995253626579003736
0.66876098683770757169498
0.71614407004309488247173
0.75124943358659845848990
0.76970995248670015520531
0.77090383203165147030234
0.76577331351224398048316
0.76839920337808331751717
0.74601289809172544043037
0.70997646104147893453273
0.66206552439369292795135
0.60974810755596364764131
0.60361571026481819490783
0.65574885236318281034329
0.70399436327797759727076
0.74092468616435358530481
0.76188030016631047569575
0.76593726433459152769245
0.75802829227182799698426
0.76347510006530272530512
0.73588534567734398272876
0.69824939004611774606701
0.64969500121580514573338
0.59775470762562932236506
0.59242206786079254499100
0.64400382089219609937913
0.69274858109699799513237
0.73108777650470135878180
0.75425818649456022324529
0.76103807443417836875454
0.75059889255308509525833
0.75864599550162359342664
0.72638257860803268073369
0.68747516992193102858266
0.63867720555627360834450
0.58754264485507012860666
0.58330954792809130982079
0.63388856574756513584390
0.68261796931436180546626
0.72199310690690410297066
0.74710895729484050331592
0.75637461801998717714213
0.74387633857166246542647
0.75429173088220180520835
0.71796367859617060691590
0.67820196883429972878332
0.62958616422570123916103
0.57961523792884528383240
0.57663626596087758091613
0.62589429152292863633988
0.67430803944035078156816
0.71434413835342469578649
0.74100488437707612288108
0.75249894845772025142594
0.73851220195665312484579
0.75105631845870002294419
0.71112991556819260541289
0.67086497078862661336274
0.62271663246065078745062
0.57411785498667911031845
0.57196032257339668447571
0.61991322564118289673019
0.66782520348920915154167
0.70835155568787522284424
0.73637350448655136680998
0.74996835279489459935576
0.73451348840766128578395
0.74918089758867723038094
0.70575387918855359004056
0.66501843497988022413381
0.61723837685893179205721
0.56976944403241158720874
0.55534535353574077110039
0.55156049653095362561572
0.56725828061338179342243
0.61439825821384741466602
0.66209958265033164170887
0.70321782772321261845150
0.73275049241490963769508
0.74855153966976850643533
0.73082462623853761130022
0.74785715642457706309187
0.70042396462349976182793
0.65879451200171745828271
0.61097530254137666361203
0.56394612641163710531345
0.54698607271809462915257
0.54112632381906100587088
0.55953507507904820528211
0.60668819499130144379251
0.65479697486117882654355
0.69701759120930284474582
0.72842709884502199191303
0.74682141029251547514889
0.72527613301580640126076
0.74514565080309302924633
0.69270906557894285082710
0.64970918215838247000704
0.60105158964357008333224
0.55363836840561120311577
0.53373669326243999844195
0.52465379638038134313405
0.54613159018409951350748
0.59404794105990299524223
0.64334013770092812745105
0.68727766127024558784342
0.72105480742820826645101
0.74255314126869376156748
0.71561864164298349955118
0.73881557329027303104851
0.68045036055498819838050
0.63553804408823089122649
0.58545941234862397539729
0.53694257707859893713476
0.51379667015776087080070
0.50126336361542367381361
0.52614030615669926671529
0.57544899448511932504857
0.62630313760171552051048
0.67229030179114568355203
0.70886145327646699065838
0.73382610667267955673054
0.70081016630182124682591
0.72751789673722311313497
0.66284524307782244356702
0.61572818581794086512105
0.56396402012313151530520
0.51404488698828421089360
0.48739457831492621897596
0.47244030744942311361712
0.50085033657411082153033
0.55147354414284510681910
0.60409735497582672802963
0.65221214391869652970968
0.69155757938176476429248
0.72002470408338781204804
0.68129626563006029371650
0.71149232776393922517144
0.64065856045587721290246
0.59151561440615985087987
0.53820967930315355420845
0.48695965789971723536311
0.45680812393763320367057
0.44074353290102408209350
0.47271940001634837891231
0.52450477198449330096253
0.57843029483728880535409
0.62840482820246046369306
0.67034896217167638798884
0.61582996132083578366689
0.65886352028999939367537
0.56507914803460024266712
0.51048864955730799408684
0.45824682559410118143362
0.42470819371822221555135
0.40857040389439863714571
0.44371532590939666285124
0.49653975345114481632081
0.55143605254812355642713
0.60295826078451508767131
0.64700633968618059821409
0.58986711866905172652054
0.63486703473354344495760
0.53776767142716930258928
0.48230697212876022517136
0.42930008010275338969919
0.39228141219473477985247
0.37583949358887791536432
0.41456608854328197422134
0.46799347144226466355121
0.52392883698037107098600
0.57658760029414846126627
0.62249768574114594521518
0.56308517483510267531699
0.60972338813166992999015
0.50976766772158066398646
0.45336120459605516730406
0.39950529644729804168435
0.35897715825620474250357
0.34161315667503522330861
0.38389419976075794815884
0.43834161518266073764849
0.49521497654572044222476
0.54896703889242548513039
0.59651894209739875218901
0.53438966913253260759831
0.58282902365637812014398
0.48011655124935709304523
0.42285275406150546473327
0.36780925639075756627960
0.32361981164147579637103
0.30504313446138187071455
0.35124366267631784710446
0.40680234712918195150166
0.46438408612719778156830
0.51925147740966171028276
0.56830206354860690609598
0.50340544649928886666856
0.55315704331754333988869
0.44823595545646088833536
0.39024384785914617568281
0.33434272080205157395838
0.28621826654041448989574
0.26871585881540172024984
0.31722137265267658090551
0.37360297316828888769535
0.43182043037323913914349
0.48729664359599261791445
0.53740772003622216956842
0.47071657118249610185501
0.41527272900087269791314
0.35691861468110314126179
0.30038279175460086412031
0.25160581380449004162969
0.23533904050873546975886
0.28425458776405915228835
0.34080603532428033197732
0.39901779484392757568756
0.45434033275052948530615
0.38340068117169157080326
0.32558705001893950559122
0.26923748719265250262112
0.22040034959234142131201
0.20701896867574545724189
0.25564879350987934625294
0.31153312492587192927829
0.29890365171409810640668
0.24368086862721138885490
0.19552647296560118905795
0.18586189140690592691563
0.23329996180900217095378
0.22449030680167877949138
0.17775513719631155784562
0.15908268448077406143071
0.17112481768890366873315
0.15255950592789344066880
