0.00910016644957051951126
0.00900778513861891227954
0.01073550294961920711923
0.01062942899946429410607
0.01244862342396669228906
0.01052289859489603449094
0.01233890777684242164025
0.01416108050195912480829
0.01406177349198746602543
0.01580759597895269041867
0.01223986345886397299199
0.01043138343542420083676
0.01213586265103347786032
0.01396861355877701722783
0.01572624368670285169292
0.01735686048824231636489
0.01728410182793349222918
0.01880961392987066937987
0.01563432033186850159123
0.01386750799879398268755
0.01202626041334644950431
0.01192799308580009230718
0.01376661340845370534725
0.01555021051811146526322
0.01720727993664033020349
0.01875286330348494706621
0.02019561297236585617476
0.02013329511082726647198
0.01868361536130137140477
0.01713611969001719095851
0.01545312227273572085184
0.01366248494480545340457
0.01366726853413521326763
0.01535924392051018008698
0.01705573733553735968349
0.01861978942504358830456
0.02008082562882061369858
0.02149229643674828438282
0.02143201300892282751276
0.02288362905365717500650
0.02001783628259620056999
0.01854504319618035385053
0.01697168040591379156723
0.01530945212659560669688
0.01688807607556346360167
0.01847539563986525662509
0.01995025535666780300281
0.02137389002492693507174
0.02281967767652690742830
0.02434465564003350859790
0.02427014761647892232554
0.02591074532698587479240
0.02274964753602847292169
0.02131537434162648209091
0.01989077416937706788147
0.01840340356736886243127
0.01982248580831960302340
0.02125254908172490714291
0.02268418321772099066624
0.02419924191784913677927
0.02582664278139659708167
0.02757306024099000912875
0.02748736992391700301175
0.02931975303417366437997
0.02574106585182435458226
0.02412427920751655102682
0.02261477241380489139333
0.02118832097271223027790
0.02255215109199342968238
0.02404704939498157958977
0.02565914879222097946809
0.02740013129421290175025
0.02923572886601498097003
0.03111297340573555142429
0.03102078263400908156311
0.03288858142176495635844
0.02914540051965637534881
0.02731425810234282963718
0.02557254574956681000830
0.02397668408359119804341
0.02549615167502683119038
0.02722060229912833667631
0.02905674748459628406461
0.03093001909662065895823
0.03280540693566982857199
0.03461212435364476036614
0.03453382141361387852596
0.03624183015615050490466
0.03273186228639075878721
0.03084867228839693886755
0.02895921685585517088568
0.02712593287363142952051
0.02886220463249827145047
0.03075289920806994342639
0.03264035413313021855020
0.03445988498891378037925
0.03617301372061895031740
0.03774447577537701215000
0.03767273026768131610753
0.03908795922562009750312
0.03610111402085044995935
0.03437707830528890368127
0.03254710889047445626643
0.03066108891691393667500
0.03009106749254654433745
0.03183669673536180383389
0.03246181527879927336544
0.03429719466608294881071
0.03602964042191506011115
0.03761075453118076228343
0.03903099050824375415569
0.04027874456255278040606
0.04022167205050134614064
0.04131140623941413625442
0.03896977217749966748706
0.03754223829540484502765
0.03595086751942823399819
0.03420817652403691094820
0.03354983367776702418706
0.03518632939149293065162
0.03587131059895959372952
0.03747335702589781741834
0.03890527165358190903044
0.04016414020414432739514
0.04126228825997690224936
0.04220596348267621061856
0.04215741387365915665564
0.04297932659414006179022
0.04120874170702127498034
0.04010187069081460470299
0.03883817925963274630963
0.03740101679044662702500
0.03670895410973389061393
0.03810351650560011432800
0.03877197659938495799548
0.04003805967528097087271
0.04115060379642939553113
0.04211046864940982958903
0.04293701365083976012604
0.04365325127931949517057
0.04361819379817233333085
0.04423751767431515630191
0.04289631839717375494381
0.04206237131247584498661
0.04109277242639283039827
0.03998326086300523635186
0.03935477113579681496258
0.04044877371385774411650
0.04103626776301507600442
0.04200631803976493522379
0.04284996033059242787067
0.04358436539554570027244
0.04421176482723461476088
0.04473650882767185588129
0.04472190500888367781229
0.04514140300206671840844
0.04418729563459038861550
0.04354410442800551311882
0.04280689722198795926777
0.04195293950452699816012
0.04140917145844738578297
0.04224806864715342780148
0.04275401546446618711306
0.04350647657576004606605
0.04415528845939663271647
0.04470118791589983847645
0.04513365307195248143923
0.04542844099784301009626
0.04542915300623722590911
0.04556679100347869187937
0.04512530948594718066547
0.04468093050826022621935
0.04412493510678909547362
0.04346477142216603056779
0.04298681577733833025778
0.04364670214982461354802
0.04408998212521268722508
0.04466015006994061842249
0.04511182989856546421414
0.04542929435801126847316
0.04557754842691651847586
0.04552560026681307103757
0.04554575054962919922197
0.04528206576281269823969
0.04558628710721850108012
0.04542668602647557951624
0.04509941987622998610385
0.04463443388338734357790
0.04423214264878951029747
0.04473888347984773805610
0.04508347053663301629012
0.04542264851509902195970
0.04559347513186721989609
0.04556369607370921309686
0.04531173390824728974824
0.04483276166737690943132
0.04487058612389171335932
0.04420844990281132258492
0.04533961313777085111454
0.04558085736649067354342
0.04559836247745491233374
0.04541708697442618791751
0.04515748472552644221523
0.04545883265983875765048
0.04560165357688993059693
0.04559550397344072636407
0.04536751210471470785457
0.04491108556600002799097
0.04425826550507318268846
0.04347119440440268267611
0.04352448268847397550019
0.04430460784262462564653
0.04494835995536620998347
0.04539287823028222146338
0.04560949084109618134608
0.04561803626727357202641
0.04560962058066293789427
0.04541730705509079701887
0.04498474659641540224220
0.04434866544834625834426
0.04357713185713647102704
0.04277741395724608125528
0.04282803928615074029462
0.04214004050108062504609
0.04362948547477582539322
0.04439436716963978540873
0.04501985194572986903605
0.04541385602756910222499
0.04502927056411451522955
0.04444238373279461862264
0.04368146300996020303664
0.04288042400268348569581
0.04218743514003818473324
0.04174042876537450291741
0.04177063967188393567298
0.04167528060229297448558
0.04223189129984314393873
0.04293686239006643673433
0.04373699194979566162722
0.04447689871454828941522
0.04378966846105388638355
0.04299492084422522342191
0.04228469398401296652779
0.04180463869310730579132
0.04168809908273749670338
0.04199125384056374282737
0.04198313161471951826531
0.04266148457365565721533
0.04170389252033752935933
0.04184211364407968564150
0.04233390472060235415475
0.04305406152370259975637
0.04239181439924277761122
0.04188472771281888384909
0.04172335864814347844431
0.04198037789995996693637
0.04263805420335654849939
0.04359776910151532541837
0.04357248746376282677595
0.04468369293253195151383
0.04262213938901260323888
0.04198245313012358842508
0.04174776737332775572442
0.04193004807235119896225
0.04177671849673258996916
0.04198682764348261875487
0.04260882702605302274623
0.04354765637657005694638
0.04465971447138802896681
0.04579664616867521603760
0.04577920708477658390256
0.04682722004707581819893
0.04463196759575328159686
0.04352164376815802898646
0.04259529830891432833351
0.04199622351538785658409
0.04258673122968055502202
0.04349992267850583821387
0.04460863805911315094210
0.04576086269641711778977
0.04682037852832674623693
0.04770036492476171369193
0.04770128232083668123886
0.04837134991893383972883
0.04680965130471205493112
0.04573829327314893333778
0.04458267222620753561513
0.04347571956935471909622
0.04455710144712853038040
0.04571418846281746772853
0.04679142118404330807913
0.04769572649721071783135
0.04837922956365195426010
0.04883126557243402249275
0.04884459666033082875236
0.04908975256596374153739
0.04838635809257858105825
0.04769449300131600733010
0.04677733289138468614210
0.04568933762205789478328
0.04532440125699938732184
0.04639593020176482895955
0.04675663594042316073551
0.04768752579160914772949
0.04838882291882759534296
0.04885708310346883326281
0.04910795583718251949845
0.04917489944215142072537
0.04919577859764332622428
0.04911910790148782401943
0.04912506334720440764885
0.04886660104017875871918
0.04839128106782245725137
0.04767655272273244732029
0.04734126459709011441879
0.04811905838693023018671
0.04839030748881040927545
0.04887509376345181705270
0.04913992887175906709718
0.04921515516088939556916
0.04914113339906820560055
0.04895357259141260714008
0.04897454097210645479477
0.04870006734355309535589
0.04916208004039319956480
0.04923366794709779781236
0.04915439784350240232103
0.04888432495953231454733
0.04868878466896548601328
0.04905898095605274594755
0.04916667381826082122709
0.04925136262850647594913
0.04918223003701290702017
0.04899632330963660242773
0.04872048963485067080148
0.04836590096044126457775
0.04838278823997042149552
0.04793976270607675643776
0.04873837033696522963444
0.04901553990443804909027
0.04920141204676541785146
0.04926773250941372112033
0.04924421261225064155864
0.04927293502116318613115
0.04922033918525800522126
0.04903625370008120321064
0.04875771102172669901886
0.04839882722241983098455
0.04795348365311594140969
0.04739480678187377865607
0.04740770271629978632744
0.04670203806607435559339
0.04797016364970320412286
0.04841486044547965023055
0.04877726823709076925395
0.04905598164954887846489
0.04917656269064542978731
0.04898109700488709195021
0.04879718977042211969231
0.04843395011572736857941
0.04798302469288313193418
0.04742135138909431280041
0.04671944100066271338134
0.04582884301935448434495
0.04584977041654659385417
0.04477089241229437882597
0.04673239433528370012638
0.04743754206582923016455
0.04800007932798019960607
0.04845178516968370180384
0.04869895527034247273424
0.04833989223451658906461
0.04801347131580509242088
0.04745042548427438888758
0.04674645172624019434648
0.04586854148420730498126
0.04479912690784395440380
0.04354122039813512062834
0.04356869317137625902125
0.04219390460608263282438
0.04482049080804887536411
0.04588780111488657137420
0.04676111035971347584805
0.04746854968381347683604
0.04788442325354096140710
0.04732362254143088892144
0.04677715432385446542307
0.04590415831745368879790
0.04484143289886204086780
0.04360277201827636450737
0.04222012547055337128299
0.04225155723637538662807
0.04082653062736732452187
0.04363081895270418814059
0.04487014660030903129284
0.04592219917102072918036
0.04662395119474271182325
0.04576978470636990092846
0.04489430538562855926843
0.04366077162514791359937
0.04228288689012159318192
0.04085391910110141439061
0.03947577753382330162379
0.03949933146421962665285
0.03826653965050655359370
0.04088512252466087321112
0.04231918800265960928231
0.04368795450539490060615
0.04475340552002025906742
0.04357904320095625644305
0.04235834571116778302091
0.04091908044683846557010
0.03951974124078821981598
0.03827857121491606839925
0.03728264840106658428720
0.03728808025514197821426
0.03659332859124941883522
0.03829803241108487715794
0.03954781627155888601433
0.04096258453539664001752
0.04228456784157329229057
0.04094324942936032607488
0.03959112441697473783186
0.03832039739218183471703
0.03729804805950131391112
0.03658504454506814745907
0.03621339633042690991926
0.03619585627761762181009
0.03613138588994867228532
0.03658218701745837714290
0.03730785950663900035762
0.03834194475475104224582
0.03962374781448069899215
0.03837978750377455533505
0.03732131296206864928822
0.03657873231300512451014
0.03617964095319162187714
0.03610204955731411563535
0.03629903023905834552609
0.03626194699474286770036
0.03665062101413851108900
0.03607558837298375370439
0.03616604192629069292053
0.03658339635973158893156
0.03734104874199797863277
0.03659103295066346711595
0.03615689281331652127349
0.03605142499931747457342
0.03622493048962498185528
0.03660636166965428039966
0.03710465621971775762589
0.03705666192572461964394
0.03758467267062033656533
0.03656442326888166560739
0.03619262506030602316587
0.03603037872608363251237
0.03615083065505384635197
0.03601209481942960199952
0.03615945541103551819084
0.03652231525332888528723
0.03701137912153333597853
0.03753722409994032088720
0.03802069817366235393585
0.03798019059748218573258
0.03836347814361659031013
0.03749048687889199732437
0.03696439193560075581191
0.03648046556302310394759
0.03613147740017973175153
0.03644143049092263275668
0.03691686274757969427052
0.03744243345020887431263
0.03793580425766534397480
0.03832947499950151160064
0.03857720279736130686299
0.03855316176459029631207
0.03864563136285832645189
0.03829554387843890628229
0.03789247699557317383690
0.03739296745379607628257
0.03687103914599976217659
0.03734385220627872009613
0.03784577561206847740038
0.03825799038641339300248
0.03852730942403670422181
0.03863215995295449928237
0.03856454495548633509827
0.03855974800628062665320
0.03833580918140373078318
0.03861657657243384306200
0.03849941021143916952685
0.03821721574925837638936
0.03779754211625675069941
0.03764201224574819509838
0.03803600603504989768888
0.03817480062953160224737
0.03846929069154695485233
0.03859906346982926866884
0.03855296566743711406122
0.03833793735588463674757
0.03796110990547845592813
0.03796879975912571814067
0.03743780559130489155040
0.03833896152131457263357
0.03854469035816049382603
0.03857930871396718364164
0.03843663322872319793033
0.03833355064564875069877
0.03851158046523622119350
0.03855689392859461966934
0.03853617485151721727688
0.03833862597998909799157
0.03797435165180737537405
0.03744876927725419163417
0.03675855769353938290456
0.03677601613877572173106
0.03591447296727361820912
0.03745933236972284752220
0.03798008734512926809490
0.03833605979965872684323
0.03852374389931607912008
0.03854974455029065716349
0.03844351646489575780041
0.03833400016391302206342
0.03798411481427429320368
0.03747046589778563197015
0.03679259961816155194425
0.03593490531496264239752
0.03489913272067732274984
0.03492625160595270311648
0.03370904570191531057777
0.03595730440540955558104
0.03680694338380890995310
0.03747938505439825374044
0.03799022531936548791043
0.03819150169322652055293
0.03779456665473959059431
0.03749066824272517112204
0.03682378774679823801863
0.03598228421785844982628
0.03495809567303119480552
0.03374679786308039386444
0.03235743629595892734141
0.03240435666999667146948
0.03085307682737117862537
0.03379174939808126526541
0.03499046977743124758886
0.03600167648334168940538
0.03683984668616660518303
0.03725568143220515937575
0.03656959243190897879128
0.03602586504830468383531
0.03501725601697484174801
0.03383390009339058701610
0.03245737550527062059702
0.03091238317268439270147
0.02923654762506881429895
0.02929843011932188601154
0.02754128146043930205900
0.03097538618878297594916
0.03250547965764497004848
0.03386694312877498724834
0.03505012152085314885985
0.03573373017579942190203
0.03474150186774568188630
0.03390986642770912884437
0.03255672961098961259996
0.03103439356856878272861
0.02936773948509733417334
0.02761132221235969297357
0.02768798319270576388518
0.02588341067902915140775
0.02944911994635362323391
0.03109465630040021341673
0.03260730545726039236731
0.03360850138686011234768
0.03232699271365742366147
0.03115491921604489691799
0.02952565381673718028499
0.02776413313919846512223
0.02596134902144456649276
0.02415674201598567993887
0.02423091815619221253697
0.02246838634045347088408
0.02604397808153681437293
0.02784966414095257913885
0.02959943680209686095450
0.03090781899964429452199
0.02938528881147541016450
0.02793600745977725674507
0.02612901327528050973714
0.02431902585051089193957
0.02254043552415867582295
0.02084823549105106754720
0.02092033700331458190291
0.01929185932270630066121
0.02262317767799572332255
0.02439860573083629802227
0.02622248542231648410494
0.02777945527561993463439
0.02613138180936771734486
0.02448495834020298148048
0.02269949084373013709071
0.02098922532876756549824
0.01935302608538014279560
0.01779720354040913513072
0.01785530826878153204396
0.01634391298928090929810
0.01942429218765691703585
0.02106398275594344518535
0.02278374768205403133603
0.02447079391460937891623
0.02283072761657164301274
0.02113762489925581286587
0.01949341473723804549212
0.01791587818694870617997
0.01639864566670617279653
0.01487989185539088932142
0.01494030248104935218456
0.01340512361875578414838
0.01645666902562898173401
0.01798378380199970247300
0.01956629717599030551800
0.02122104869831958201543
0.01963763572800409501484
0.01805058489980063129998
0.01652757739197778172335
0.01501414283678298433600
0.01348449265058560171682
0.01191249785987637775653
0.01199223580787699312833
0.01355670643183051922442
0.01507919481609934671262
0.01658751036841290063539
0.01812428720511185392672
0.01665887083758162828806
0.01514705320889385420369
0.01362900045682193840568
0.01208235250402836177819
0.01051216806312830175096
0.01060746137727004191620
0.01216601033411351603930
0.01370807076985102769540
0.01522759272719475913405
0.01378799467731019537386
0.01225329845083521218552
0.01069628130816415063908
0.00926097270024214130890
0.01079529139270725759947
0.01234726875037711786576
0.01089595817134798166892
0.00935048784215489377225
0.00798425237368646095737
0.00945426937355739807622
0.00851051432428663601204
0.00808442859152607405659
0.00727001606197600312720
0.00910167567978704093734
0.00900938903483326433697
0.01073728008012079897238
0.01063131874734628626311
0.01245068025937395503333
0.01052481303333656706411
0.01234109805699698178549
0.01416341588921618890873
0.01406426562305431067490
0.01581019802695391926473
0.01224208755446023165481
0.01043331161659949955778
0.01213810541301800841052
0.01397114867327817894216
0.01572902619608134225371
0.01735971213129815227116
0.01728715480406572621574
0.01881269827721658918773
0.01563715432251156639554
0.01387007024074622327237
0.01202852167303483481298
0.01193018676486285074845
0.01376920142311713855798
0.01555308295132104383363
0.01721039532522624856958
0.01875617006573818829063
0.02019891817167273478928
0.02013683914518068704402
0.01868699394234978744533
0.01713928408405089240385
0.01545602664339352713685
0.01366500005056314574758
0.01366968361080837628119
0.01536207421237276160575
0.01705894212357348532771
0.01862322665924719122810
0.02008445240231006984066
0.02149607294160610360123
0.02143587905517039399195
0.02288764266786767059836
0.02002153031574415223415
0.01854852703500061913977
0.01697481091066125116762
0.01531215586071284391612
0.01689105795706262458378
0.01847880682311014988173
0.01995400213549652912448
0.02137783280863438453712
0.02282378909983842282805
0.02434891763867152308931
0.02427451515535319209738
0.02591527307598996340832
0.02275384233926007471194
0.02131937617211886529245
0.01989445019848916362815
0.01840665686810718723598
0.01982599424355465170255
0.02125648071555272938804
0.02268844060378168506209
0.02420370191440817178585
0.02583128470220812447633
0.02757786931998234061791
0.02749230423694273145463
0.02932485679013699733653
0.02574580772729367569851
0.02412880541093787023499
0.02261896018073503503154
0.02119207534537983703138
0.02255615141965633396737
0.02405150661917496851538
0.02566396128049421715422
0.02740517633501215327696
0.02924097074722761466226
0.03111837864552558299835
0.03102633792909165535989
0.03289428385991563508206
0.02915076403724352338553
0.02731937898966411634727
0.02557729017688788880625
0.02398094150839307284184
0.02550068379927868458812
0.02722565726632845267696
0.02906219274887652040396
0.03093570763302302961684
0.03281127462872135414074
0.03461811364671194685139
0.03453999063847679878991
0.03624808860817340522287
0.03273787860267508842416
0.03085445109608892996778
0.02896459971605879618606
0.02713075947184803021761
0.02886734515935817160792
0.03075862077838760130777
0.03264646607766596986266
0.03446621494511620253931
0.03617946784864434217610
0.03775098015854911476241
0.03767944388099579711149
0.03909468111818869412444
0.03610774110308941770020
0.03438351260415321158925
0.03255316958017168138539
0.03066655484284231888981
0.03009633307074009028748
0.03184226160065952576650
0.03246760763727823267955
0.03430358675337689955409
0.03603638090683108918810
0.03761765379406732667800
0.03903793768406020603390
0.04028565673253663159681
0.04022882224208055440551
0.04131848048527580335998
0.03897691530661478304109
0.03754925853863221030249
0.03595757368130133441175
0.03421428591171950944760
0.03355569165041730889110
0.03519246637526347171177
0.03587772266129021780934
0.03748035318713299063331
0.03891254340913750942033
0.04017149649013831286259
0.04126961426612277272774
0.04221317520516899152172
0.04216488967744382726499
0.04298665444995065920697
0.04121628336374575513057
0.04010936262617330327895
0.03884543598095911015600
0.03740770741507708219142
0.03671534984746849250570
0.03811014876728683470342
0.03877891807635318321967
0.04004554653969642774580
0.04115828774416006169412
0.04211816875458947173616
0.04294461834318166748581
0.04366067779694973727267
0.04362590943006316307473
0.04424502699785782394715
0.04290415509329616183809
0.04207022129674661825582
0.04110046256570031031341
0.03999042478063178501779
0.03936161494796285020836
0.04045580175514403714621
0.04104362601937638216354
0.04201418530383749933010
0.04285795334306002901670
0.04359232050439696554145
0.04421957548052248693216
0.04474408578800588565105
0.04472979583232246370006
0.04514903123504281773348
0.04419535328013260433444
0.04355222283734492411122
0.04281492033070458808064
0.04196046711157768588363
0.04141636064169357950293
0.04225539870894855914996
0.04276169231406971860121
0.04351463648561584851571
0.04416351622933640391766
0.04470933130897034729623
0.04514160662092266823597
0.04543610041388512071903
0.04543714842112566570931
0.04557445634258362049396
0.04513352165732496118489
0.04468925153214369644372
0.04413321659997258145092
0.04347258114491592967399
0.04299427023547015835891
0.04365426794177056785129
0.04409790970671184640040
0.04466853780604155416123
0.04512022680545280106656
0.04543755306040942604229
0.04558555945605417825117
0.04553324102978208165471
0.04555374559151242203070
0.04528964794052334902341
0.04559456537642153639567
0.04543513702574634299802
0.04510789552435102989225
0.04464246422580521456158
0.04423980764196255854870
0.04474663512640884854843
0.04509158670863919887717
0.04543118997155282112743
0.04560195243399214198865
0.04557196116950940067980
0.04531967766079227077913
0.04484025113045274346657
0.04487844223479591637682
0.04421581790984067950045
0.04534782799157141552904
0.04558932746409015412947
0.04560694183675999269223
0.04542526807567619229200
0.04516530905746259094702
0.04546671033432420766518
0.04560987307940169571685
0.04560408766287145365670
0.04537593773503771632516
0.04491921291055923914914
0.04426600403155279278566
0.04347842248570674833497
0.04353208260886405611689
0.04431261566686180153329
0.04495670310439937172875
0.04540142848670029179781
0.04561771628333497613506
0.04562594366070252954737
0.04561752983987762272156
0.04542550237199187435078
0.04499322422032463186792
0.04435689262915510494567
0.04358499847540576316307
0.04278487337455822575594
0.04283576074218899132351
0.04214737884127815747970
0.04363757437726482196760
0.04440273731179344290920
0.04502797977280164481995
0.04542173594768705163771
0.04503708953637538398018
0.04445041179670048553385
0.04368970241194390646822
0.04288836914362953445234
0.04219503099751559932473
0.04174768744112546808855
0.04177815030029610743334
0.04168251764474638354496
0.04223971166148310363297
0.04294496499671602435244
0.04374489676969697815601
0.04448462813883163891049
0.04379728690070998353701
0.04300269543511156533633
0.04229267656585828510929
0.04181237533758102448145
0.04169558467986446415043
0.04199853545260044673793
0.04199065982012232384202
0.04266887200722559170263
0.04171160583510463010226
0.04185001532017891545667
0.04234156332121071647512
0.04306156166069330382129
0.04239920879800001402016
0.04189230902606956574719
0.04173124043407225314262
0.04198813732905689460884
0.04264568883008722915973
0.04360530779693341102421
0.04358027794013458189326
0.04469140796753573452449
0.04263001262235832644620
0.04199038635733857299792
0.04175532750987701047229
0.04193737133173296161015
0.04178402414955328936230
0.04199443432671259163191
0.04261688089015038677365
0.04355569572689156621070
0.04466768762309099305430
0.04580454161850215644147
0.04578736799673662621890
0.04683528119002167838802
0.04464020191672888465684
0.04352987213624173040705
0.04260301824954432214909
0.04200357682609535958651
0.04259419768137832212895
0.04350780989493886058428
0.04461707361963999918242
0.04576929971183375106536
0.04682871223532868165673
0.04770856400077989195596
0.04770975950345888311199
0.04837965144462853805951
0.04681827611347105788653
0.04574694416939521779408
0.04459075878518922730898
0.04348335167850130023037
0.04456493326559109874330
0.04572248339819398599282
0.04680027299342762181489
0.04770450883350992044019
0.04838781365961707103818
0.04883963280106017046389
0.04885324965871800512174
0.04909815079544453675364
0.04839526172328224851160
0.04770351680247041786798
0.04678582344045209562289
0.04569737845865767117415
0.04533238439894544252740
0.04640411503912292290330
0.04676487508199184822688
0.04769618425869655981009
0.04839797883715880877364
0.04886606719631652467895
0.04911664147688334786102
0.04918329885561823627826
0.04920446529728458862074
0.04912748408837484120903
0.04913409037588270522612
0.04887584806117021424265
0.04840006996282309598145
0.04768496469846095903167
0.04734962920464978741730
0.04812757318496999059398
0.04839885607884192308958
0.04888397341768437043275
0.04914922821179960182869
0.04922419234334803050945
0.04914979593009585756569
0.04896190659377035181432
0.04898315970951309245018
0.04870834425404520912073
0.04917110127806054165056
0.04924298519515664385171
0.04916333029635465423635
0.04889297134349044476886
0.04869741241574895851407
0.04906768635880306983488
0.04917538090143581258618
0.04926031482031276165223
0.04919153726421474082109
0.04900530774684867807434
0.04872904916571416111815
0.04837410725056752458517
0.04839127363468567755156
0.04794788275508660158053
0.04874730078420672768624
0.04902481492293472853383
0.04921035717355265459716
0.04927646848116697120279
0.04925296221898884524437
0.04928169996975974992415
0.04922907764310721634438
0.04904517098592989926553
0.04876693669862818686367
0.04840768890695287818282
0.04796187888677563154749
0.04740282038790009921936
0.04741598773726717064303
0.04670992045014706051109
0.04797894044620035214344
0.04842402047262869824173
0.04878613993628980183281
0.04906470138943414688315
0.04918531962780933741719
0.04898982731486493241713
0.04880587410743389420453
0.04844276076151114024393
0.04799210167291602380235
0.04743002127409012141923
0.04672759137200148404911
0.04583656423006687852251
0.04585775463114566408152
0.04477842177367592074733
0.04674093147728903413496
0.04744651415276238820562
0.04800881230323131299009
0.04846041882730339062091
0.04870764254665391201904
0.04834852108640034368259
0.04802203748302070335230
0.04745905989788201662094
0.04675529155795343783097
0.04587691418107256446923
0.04480691376803069836399
0.04354852938764516845360
0.04357625211602767639762
0.04220097405740170365407
0.04482866574576530038776
0.04589647676827211114636
0.04676962040519538899019
0.04747702874459881761116
0.04789297491322223182530
0.04733207670494010699258
0.04678551979581936637320
0.04591251328676492632352
0.04484990844267806170409
0.04361071855862015678174
0.04222743697128596845891
0.04225925121290263763996
0.04083358757356864154886
0.04363906307191540989709
0.04487831417476974282810
0.04593042169958264780982
0.04663228200844510978884
0.04577796311892311231784
0.04490235360369969341843
0.04366871993656194078648
0.04229087363510854874482
0.04086135224438466884145
0.03948258793913438785550
0.03950651207624631539028
0.03827312872367839152732
0.04089284253671085500592
0.04232689277427185980951
0.04369579572875108286478
0.04476140093087842275477
0.04358682630685119241409
0.04236595696385226511582
0.04092653087516951587732
0.03952720051187527672276
0.03828552416226651405884
0.03728905571495001042281
0.03729484745189125260989
0.03659960529644843557628
0.03830525781476985802687
0.03955501724602503155204
0.04096995365079130618780
0.04229211622869240294609
0.04095055401436398234694
0.03959825516324420174863
0.03832737521005721847978
0.03730508137622077363682
0.03659167822430153815816
0.03621959567233118404417
0.03620241346795396997216
0.03613755890827881345206
0.03658908198921485832589
0.03731465344130738964745
0.03834885864086597095923
0.03963080953676666184915
0.03838663335808820825656
0.03732805040386230621685
0.03658539371882225249566
0.03618645656142099181762
0.03610858399491514297841
0.03630521963083450237564
0.03626850451332238461921
0.03665685800943024874599
0.03608238050302020605287
0.03617262815466073394566
0.03659000798373250595841
0.03734771481615973415247
0.03659757066102045652833
0.03616343462825809956795
0.03605799046287470194239
0.03623174658282258403519
0.03661297525140272401956
0.03711095787705476212182
0.03706335042570601395751
0.03759104287237612779249
0.03657129895233518501740
0.03619921650139455021611
0.03603690499060001328768
0.03615729466951844717215
0.03601853895831035740072
0.03616601187609856660199
0.03652896686068712872597
0.03701833441481230946302
0.03754399292416072536627
0.03802712920521134770668
0.03798703284979541155986
0.03836995407988640083286
0.03749752743566053814206
0.03697112403278553227626
0.03648708702695802053029
0.03613794753375960955299
0.03644796113262606385153
0.03692357033661801402058
0.03744925259484624402440
0.03794292312880799544761
0.03833637326457459831852
0.03858370160667943388200
0.03856009315640523960056
0.03865212828610019996090
0.03830272477037476031025
0.03789937813496304513938
0.03739976846954989886385
0.03687765137695422218433
0.03735055373383272536714
0.03785266560642063654596
0.03826495817262789977953
0.03853452828503610427813
0.03863909846330505770684
0.03857101480727427589290
0.03856666647046457646608
0.03834222741662036970656
0.03862380624683784541284
0.03850642190843094059272
0.03822417990046174385288
0.03780432921058301393158
0.03764863422966081840659
0.03804268704292974173642
0.03818166004153400461263
0.03847630722630721034072
0.03860609297749888202400
0.03856017721780569118550
0.03834480873622382601784
0.03796745235539501078792
0.03797559751410414102812
0.03744404760530276737862
0.03834612673660287712751
0.03855170974785365051174
0.03858635167350388250895
0.03844354388086278218051
0.03834027370899477371591
0.03851832440911639315884
0.03856383032952766937163
0.03854321611146575149442
0.03834560784870989086359
0.03798144228878285594275
0.03745546648781983289922
0.03676467356754309356859
0.03678258575518155576445
0.03592043588878127136077
0.03746632038296908440156
0.03798700361436987277264
0.03834307044504180889133
0.03853067798589286663269
0.03855648502982523401217
0.03845022892471137987425
0.03834090402156222626706
0.03799106657589215729764
0.03747728893942867817168
0.03679945672077390705912
0.03594131747902617329826
0.03490491501652710770731
0.03493247649743401461730
0.03371461912854183812227
0.03596399902029173006879
0.03681364519204148588738
0.03748624985872740095205
0.03799707094823713549037
0.03819816139340150712433
0.03780114877685842450505
0.03749742754432768693240
0.03683053774809843389226
0.03598883562107812322806
0.03496459754128185271060
0.03375280530246627802571
0.03236277489188274514298
0.03241011820194485831825
0.03085815639726638068274
0.03379802787136397534962
0.03499684029537009771760
0.03600828053894427477344
0.03684649173523597137647
0.03726216210856027333254
0.03657594703939071045795
0.03603236645868843068818
0.03502368382894673753958
0.03384005966750640304053
0.03246339961126241263623
0.03091787279249474940102
0.02924135090878123358071
0.02930362664730939981084
0.02754579668972895190038
0.03098112870096058832359
0.03251139676863581962074
0.03387316387937312767153
0.03505644992050101910186
0.03573993393737391610632
0.03474752844365448095632
0.03391599198911707940818
0.03256271362897972948547
0.03104004252091190421692
0.02937317765750140780012
0.02761621318486335782683
0.02769310440451440077925
0.02588798961600699902186
0.02945448006596945722535
0.03110037511716102348602
0.03261319815530137194992
0.03361432715576301993865
0.03233259310430793009861
0.03116055187715960003714
0.02953108706934922181309
0.02776918612008631714883
0.02596614519463301060109
0.02416100996427841818281
0.02423538910013772057495
0.02247235074324734419027
0.02604871739549408440895
0.02785479169027440388140
0.02960479059510751423390
0.03091317120009111005241
0.02939037577693273672885
0.02794106265655312351659
0.02613382658252228624152
0.02432345086607997849959
0.02254458928462395317371
0.02085190896567265528283
0.02092418729797635920664
0.01929525383507492072854
0.02262729375336429774035
0.02440310254451771507234
0.02622723244230352329653
0.02778426312600195541291
0.02613590392299939071941
0.02448939257343688349899
0.02270367633594884068660
0.02099304369788098853511
0.01935658334652218606764
0.01780033070429340100183
0.01785858588489647874598
0.01634678071130058266136
0.01942782539735556784910
0.02106786820729910497674
0.02278787549095589309855
0.02447502874633750505340
0.02283467903651098529494
0.02114145618344316288062
0.01949701187182717454505
0.01791913660691701534744
0.01640165175592338958621
0.01488249890250006000902
0.01494303742510152445411
0.01340746877132444926650
0.01645966168723982450683
0.01798710358520862542808
0.01956984514971696342833
0.02122472289377011489542
0.01964104108250582653161
0.01805385938019856556513
0.01653062930063101121370
0.01501687287568050088726
0.01348695771125382920907
0.01191457876481641364741
0.01199442493127826983579
0.01355917112495208520784
0.01508198002540811835659
0.01659052062817906875170
0.01812743505250642706006
0.01666176878822454854312
0.01514980320387579112995
0.01363151838645110247583
0.01208454878024967267536
0.01051408419495562449053
0.01060938926038610188862
0.01216825850072647888234
0.01371056053452794631919
0.01523024574257300124691
0.01379040050257088548258
0.01225552485311095021747
0.01069825826102613168522
0.00926268458470666349036
0.01079725356310788295100
0.01234942640207542172148
0.01089786509179647630563
0.00935218802010597330399
0.00798570468863842378160
0.00945592641918941226309
0.00851199193607319118393
0.00808584757089792806328
0.00727127860647566650470
