0.27327409252785933579943
0.27526722289993255099461
0.28342987840995048642867
0.28468113041941522922684
0.29075827548437044312024
0.28568614326922098234363
0.29143148078962416436255
0.29546961987331582522032
0.29575050320704848738629
0.29798282940965808984757
0.29194854103813860923822
0.28653604686374412047201
0.29228249985142057409959
0.29590429711384030886379
0.29802677545904016076506
0.29890504330981010339130
0.29883268419494091183708
0.29889959934209081593437
0.29797143890485255912637
0.29592703939393566470173
0.29245646217111470610561
0.29253623813619428206678
0.29585224861632836157455
0.29785073733918132621312
0.29871292130521853724900
0.29880387910659889083576
0.29856095725538733809401
0.29849333894349044937755
0.29869841082232384543715
0.29855994614072473014588
0.29766298233107640891504
0.29569535778252770130692
0.29562660294830311880077
0.29743666917422650897151
0.29838166647252462038153
0.29858705299958798740079
0.29843358645569983966794
0.29828202158858685422160
0.29827262456904379828160
0.29833959516519975574411
0.29838958096111645179604
0.29847720822966239406782
0.29818931078624177910541
0.29721791940730590830810
0.29799069143220768829394
0.29837219449920271419074
0.29836007391628532881001
0.29828294207783784264265
0.29836321717387459528936
0.29864345369073030944662
0.29867897081497318811927
0.29905691573451392839544
0.29840147153122748013843
0.29831050623751748096524
0.29834462460706712150227
0.29827520672347046515327
0.29834381957051103739786
0.29835421561734631890062
0.29845178908297753661572
0.29872107921727958368407
0.29908914495650484877132
0.29942439288197097990718
0.29944639937933714701757
0.29965278219632268674744
0.29911764781254501777141
0.29876539704619103909877
0.29851214062728570475258
0.29841071516642181382650
0.29858071853779721838151
0.29881024861409072324037
0.29914163834887230741799
0.29945991538650984509218
0.29966261513681091699368
0.29973402153759076682604
0.29973089539627734145810
0.29972745409450218811998
0.29966199483119498880868
0.29946283831341768966183
0.29915809242393975875274
0.29885622847013770808644
0.29917008128904470920517
0.29945437153783771577764
0.29965056934848222081058
0.29972020408824917581114
0.29971289420874641651338
0.29971029556603123733538
0.29968667446978414226066
0.29973271846880750191033
0.29969464760305719597255
0.29970234806223777779266
0.29962934049863598762187
0.29943657482220348287072
0.29959967652187680098308
0.29967908935972487061150
0.29967494440786685006017
0.29966380573474460380368
0.29970537439207700636246
0.29979741282003280478108
0.29977274232274769838469
0.29987189661668944840045
0.29968088123322189630926
0.29964302411245968826847
0.29965445408682805927825
0.29965194083615409592625
0.29963652546612368210432
0.29963788699072713139770
0.29963592741427019783274
0.29962602417541950305946
0.29966005349824181847040
0.29975139518235044411298
0.29985683003673330171424
0.29991984819607681034270
0.29991509992416720553621
0.29992628398456527838434
0.29984294370769482007688
0.29973368897763053020356
0.29964487839904219157461
0.29961503278121021098812
0.29961617241745092110605
0.29962049438740562257166
0.29963714852577744141016
0.29972099137952668002072
0.29983204942801866543789
0.29991227981727686113800
0.29993081132913962383313
0.29990921610972021138508
0.29991821739180429817750
0.29990438233593108563468
0.29993749288672327812932
0.29991117017546953249507
0.29982385854047233220143
0.29971430795694614657165
0.29967401104557039870357
0.29976829821092387806658
0.29982011617031895100993
0.29991066095351753828524
0.29994527361244677221563
0.29992985352692674849706
0.29991256536668131627010
0.29994072739634214386228
0.29994477655920392944466
0.30002053334880046664424
0.29992263084629017244609
0.29994249988589288813401
0.29995377564748354481949
0.29991305729376127597874
0.29987058841958386112836
0.29994516586514441414124
0.29996288995113040698470
0.29995599163053715541238
0.29993450123777731786134
0.29994941088400783879564
0.30001982156261380874085
0.30011961852452911925226
0.30011595493831044745292
0.30020181168280063443987
0.30001838462343555224976
0.29995468413600212542747
0.29994677410513226334388
0.29997002457068883130020
0.29997696742618201737329
0.29997539874930417846954
0.29996009909125581627265
0.29995994129806352601619
0.30001494317776727926983
0.30010825437542659743784
0.30019558980644900358925
0.30024285305553821689983
0.30023323507108629071283
0.30024139463130988803030
0.30018489960950783812521
0.30009774573448688705923
0.30001044164028028982116
0.29996626901668876907792
0.29996692218526549433832
0.29997777607911946251562
0.30000621514972386494335
0.30008467304232055994362
0.30016946367745211965428
0.30021946807212335217585
0.30022696538701337809485
0.30021901152551122571310
0.30019956036199224591599
0.30020377028109651584842
0.30021050654960301784513
0.30020276293407577306027
0.30015161869250095438844
0.30007041700685754825884
0.30001816127854713522893
0.30007559370664077524893
0.30013219626995923938750
0.30018364827929716609489
0.30019408816745896118050
0.30018181645732905371560
0.30018317452295922853622
0.30021200720634166891898
0.30019746533096219875958
0.30024184765298683741364
0.30016678386035539061183
0.30016609291935053560607
0.30017712847125199715492
0.30016470519546845086012
0.30012695341449741048834
0.30015211466263808093302
0.30016243975039275104777
0.30015294416772247965142
0.30015430663924536069942
0.30018692876309588379868
0.30023894808638496023434
0.30027472567268326253398
0.30028622733634380281842
0.30023973191762964862761
0.30018129167701118609202
0.30014636901239361010951
0.30014492252338248468035
0.30015044496730580725341
0.30014029655659202333595
0.30014450061536346314739
0.30018040730471651222899
0.30024463512989851832202
0.30030003368813257269565
0.30031462383718304787195
0.30033760792095687275349
0.30031283941458036812477
0.30031577694485134255586
0.30025226245119207568735
0.30018553124720714908591
0.30015008629073092194517
0.30019863629005522076554
0.30026396290559126400765
0.30033205410603469598385
0.30035997709499623331553
0.30033567295456647938678
0.30029108626316458607874
0.30030212927742261364017
0.30027246379716049373698
0.30035652063830575730918
0.30038105128219971806658
0.30034995199605651894359
0.30028032852665970109385
0.30036820601677838293853
0.30040145259701733770896
0.30037511414384332475436
0.30031205267384325496849
0.30026553455939647419015
0.30028119217827387021913
0.30025623135570467248101
0.30032742314799137917092
0.30025746923870511029264
0.30031943751357537131241
0.30039208205581313659849
0.30042028603976000944442
0.30040721405789616582638
0.30032647591044653312409
0.30024824877065714456847
0.30023077756762128753820
0.30029175812881070406490
0.30040153612322756382369
0.30036654935238032981815
0.30048395001293737305303
0.30025578831128024726027
0.30020491962516454576004
0.30024033006573452864174
0.30033214355595966305046
0.30023197678883867256516
0.30018176393514894861880
0.30022075694371275211836
0.30033186158922903219448
0.30045898235960166733349
0.30055371024989102624048
0.30054314991566050130345
0.30060066903363247270420
0.30043488271682000645413
0.30029772837815787989157
0.30018874501960679523904
0.30016134355586165938234
0.30016107692806553997045
0.30026773110326349103261
0.30041193231692198128968
0.30053421812159175630086
0.30060167410041727098502
0.30062535560729020112092
0.30063076029858848414733
0.30063425612380589857509
0.30060450926293080797791
0.30052617287935540213439
0.30039270499254439039660
0.30024157621722635802541
0.30037696620209214382058
0.30052192836026397904092
0.30060863996069014936197
0.30063849968933770151480
0.30063783443849834142725
0.30063485695156788590765
0.30063436350899186422225
0.30063159561811886311133
0.30064383996690408062946
0.30064849748971678167209
0.30061690083219050340091
0.30051990155510038826847
0.30047518384805677049698
0.30059835677380225549271
0.30062698344638077996294
0.30066149762802751865820
0.30065128165512233771040
0.30063571150798906739254
0.30062907499134677857811
0.30063028427236693218561
0.30062878759078720536380
0.30063894714866290502897
0.30062613749816818886629
0.30063673336713286898814
0.30066205810905427542323
0.30067665753620670399116
0.30067014276560227736823
0.30068605979917861770190
0.30067438106426985777730
0.30064038996984182583461
0.30062210494135005456329
0.30062514663828948657809
0.30063926382739719622705
0.30066903582960124996504
0.30066940309605794112713
0.30072839618778607340133
0.30063726613042185409341
0.30061934947259849604251
0.30061965714766847312944
0.30064480656803399538646
0.30066322708780135464224
0.30062833377519754263218
0.30061651000235833919305
0.30061387473355843935607
0.30063282834948468202896
0.30066765128675598806041
0.30072407457103811356802
0.30081286590241546052837
0.30080054770901670790906
0.30090180534543065071773
0.30071927946104043405384
0.30066359296839006987057
0.30062807624036824716285
0.30060714582863201638219
0.30060548554318472502800
0.30060609710642149927651
0.30062180893069351261815
0.30065976626033830143570
0.30071172308608717926859
0.30078762167320383102975
0.30088168782686836033591
0.30096417870564340368844
0.30093979877870841166398
0.30097272050987083913398
0.30085994972717583495481
0.30077376126300892078547
0.30070638519423431578304
0.30065522864081595244556
0.30062924736581209117503
0.30066806759819220129515
0.30070116871557289739414
0.30076273452815244224823
0.30083925785114712381230
0.30091559258136174603848
0.30095240744541107424936
0.30092036493343943259759
0.30091141203150278959910
0.30083012400529790530967
0.30093263750507204257190
0.30089158868882709407799
0.30082206573502207058723
0.30075372196921840162176
0.30071483301793788811551
0.30076371526204143114214
0.30080797420987709367424
0.30087208057865871824177
0.30091336790846068272032
0.30090354585673273479784
0.30083510969624377429099
0.30074287331527593813973
0.30075865474437452062872
0.30070170734676804347174
0.30084123253106886952679
0.30089629832313469215421
0.30089881931320011654307
0.30085542970007950192013
0.30081205543521843948085
0.30085397284634346481980
0.30088638604023815181776
0.30089373299535410177796
0.30084903217078251547179
0.30077689191096551590832
0.30072187946901984823000
0.30074422940719647279195
0.30074384218910771293665
0.30079649817720882643002
0.30086126472627605643595
0.30089272604441275049680
0.30088255977640532279338
0.30089217316374300414950
0.30087432454007528859208
0.30081976172851204731629
0.30076702720127707069153
0.30076213655181233130875
0.30081250428698763643709
0.30082042527638391815614
0.30089083736808158731080
0.30077913694166269475971
0.30079320100188305930899
0.30084372358388522528116
0.30088276424831444932906
0.30086145112986645289155
0.30081934632431850396017
0.30079834405014327369798
0.30082584736490225463257
0.30088717399868514235095
0.30093582460181983462277
0.30092233342594087996957
0.30092329227704955885159
0.30087947964813804846429
0.30083191318983809603438
0.30081613209612628745404
0.30084049601872486778831
0.30083129788315648989183
0.30083507684745025567707
0.30087096607175406459689
0.30090500701061390076418
0.30090405388156993282678
0.30086159339494750186716
0.30083960312916857571253
0.30078677318614549518472
0.30088146947006377818212
0.30088694345289074272287
0.30085994007261512850349
0.30083630266790845064762
0.30084631938003236761858
0.30086655986354665648363
0.30086010035270349671777
0.30081669805551497498541
0.30076358133831937458069
0.30074161605434118760272
0.30071999458668885463197
0.30075364486635530747449
0.30074251044930239151753
0.30079786280429815503723
0.30083871917711796362127
0.30084432088493912038629
0.30081720218922863852029
0.30078125930623178518886
0.30072953931361462442950
0.30070345131526532433952
0.30073669710035189073238
0.30082033113620709752212
0.30081107003485607620519
0.30091256930864607177512
0.30072471871944661536702
0.30069477150644224883180
0.30072049740529782635434
0.30076741765737702305472
0.30071711826147179413837
0.30069258065714504768451
0.30072053105500695657781
0.30080462334060636964139
0.30091195636827405834879
0.30099439908160208201338
0.30100110621316067405218
0.30104327395022228985866
0.30091189714760419038342
0.30080442107415694685812
0.30072189941998844764370
0.30069654892106612020797
0.30072861625928909434791
0.30080683002694069694272
0.30091530100509322753766
0.30100615835694810584755
0.30105279690655001312294
0.30106232661474485734487
0.30106824975088514184662
0.30107250369925525612658
0.30105996014462388377098
0.30101271109067090359090
0.30091818016350302400497
0.30081209749008608334009
0.30092073302168614867824
0.30101571106785124376515
0.30106631951948092940086
0.30107139046118180925049
0.30107019262398304615402
0.30109601399541963129280
0.30108383220371498500967
0.30113920553288692216753
0.30106482484723912085300
0.30107434748199524143786
0.30106888169787882070239
0.30101555253036488268847
0.30098896717469764139352
0.30105366941294942062513
0.30106665476894922672813
0.30107369435080505448710
0.30106061696419567086380
0.30106933093392485023543
0.30112030948887674730585
0.30118618470659763719510
0.30116651482648382209817
0.30121186413367501133465
0.30109921570562103720903
0.30105624689357363132913
0.30105371649348050544504
0.30106896983964692715574
0.30107095811313477895510
0.30105310367162330109636
0.30104470425759133345167
0.30104169704898470216747
0.30107947524614858680891
0.30114405557384066325355
0.30119557371557598157708
0.30119808642588963287778
0.30118637365165590313865
0.30114988534844039369531
0.30117671854005595433179
0.30112295596678334552720
0.30105937325780329771874
0.30102742534060539236762
0.30102770631316139171574
0.30102222539649997612443
0.30104008160156192630552
0.30110209087553629903056
0.30115985728036648305661
0.30117339577021756680253
0.30114035793749793779028
0.30109508797607675845143
0.30108565707182172177525
0.30106689212094756014082
0.30113270786047063864999
0.30116435672312030780162
0.30114329510272241918756
0.30108157095265780656135
0.30104816391539124253995
0.30109471986675462318317
0.30112770168767638567786
0.30115591968992078131251
0.30113087065540600217872
0.30108117661766292671999
0.30105904422324558655788
0.30108395934095216750492
0.30108198962950688537532
0.30113214946046579223449
0.30105655270459963368523
0.30108414244956849259438
0.30113154540774017542404
0.30114952243028592082652
0.30113592970149744010300
0.30114918959683389942938
0.30113587583657747126509
0.30109142880460859625913
0.30106217241503863135677
0.30108381071361117742313
0.30114202000148843074712
0.30116933208188534365490
0.30119257195909071578299
0.30114350714398191444232
0.30115185519408582681677
0.30109272278829724012184
0.30107337162469294256084
0.30110328497492805377433
0.30113289807320170465843
0.30110732956485608546870
0.30108793930952898465492
0.30110412351548249132449
0.30116504856974302128947
0.30121151522493050389784
0.30117326462977533907406
0.30119482565935917772748
0.30104311543188516653302
0.30122743329946793933161
0.30117612406292348925518
0.30111733856713857049314
0.30110458849639226697192
0.30114151493759289124341
0.30118528570787639342399
0.30123690415711229517726
0.30120920442896370605723
0.30105372946643776943532
0.30080356864488499990529
0.30078915291986080271514
0.30050455146041321619066
0.30105663071589233714676
0.30121380246087031684610
0.30123987776149085959787
0.30120395421951973169428
0.30123892371987015526003
0.30120799143924881224876
0.30104904806542742701225
0.30077102073908645873956
0.30045985380729334224270
0.30022442837553159344921
0.30016201750262327951901
0.30002331955998973178623
0.30041717789658956005994
0.30074332952606103175341
0.30103186481542282271207
0.30118017361230048356546
0.30098330160181147041598
0.30071171446587224851399
0.30037193602036843520509
0.30010547603983539488581
0.29997210322290962514202
0.29990628496063798102966
0.29990861348359737492686
0.29978450948017021371328
0.29993431432543177228567
0.30005775352040509051932
0.30033125666214338655990
0.30065964989256671602291
0.30029005283605186837903
0.30002109527426862323196
0.29991004313576385964524
0.29992612776488319914492
0.29987450185668040880671
0.29946505453326333068276
0.29964799773147682282470
0.29867023899184691471120
0.29997566026999145094578
0.29995721369268252276541
0.29990213867243115108963
0.30000050202921679787238
0.29991395929947567422502
0.30000261941216943561983
0.30008192409458089855434
0.29983225714609784695597
0.29891069032187278509127
0.29705569661366310052486
0.29724732960532479486560
0.29912123137892998592235
0.30000165322936017675559
0.30019171581248871305547
0.30006229982048876481215
0.30029831672645218576534
0.30015196414349770703822
0.29929302258818901716353
0.29739858484416781259085
0.29427869678464418923269
0.29422266336467911562735
0.29746607232267108233970
0.29941752699218154853966
0.30027445007924674635902
0.29947457114053910309792
0.29744619259581001058379
0.29403127572277648615895
0.28861752687920882998185
0.29373001983319796392990
0.29732768148728089263599
0.29327686860050133921263
0.28780668817926347013980
0.27947372873818471239460
0.28685221412260886175716
0.28032507902536807353755
0.27788158005462965105536
0.26967953687300738607746
0.27331941516643026846012
0.27531623723967146855074
0.28347679735207048645762
0.28473174297412928712703
0.29080631648306609626786
0.28573811905185747539448
0.29148321302621865713789
0.29551834738239196598286
0.29580291817543780119593
0.29803187926299790078133
0.29200159101042233444900
0.28658901213269727392685
0.29233651523281040107705
0.29595799964034652518308
0.29807950623641343845804
0.29895415142937475927454
0.29888546804352766894652
0.29894861159907110126355
0.29802545104812405707406
0.29598171651354293620884
0.29251145211512802335463
0.29259003881644635169934
0.29590786642130034733711
0.29790575597226742754486
0.29876700302359421312914
0.29885656785556041770135
0.29860981913636153173286
0.29854588190420000559655
0.29875242437250787430614
0.29861507844907325681660
0.29771892693022772302669
0.29574979181196997535253
0.29567884160778029611905
0.29749147837033229624382
0.29843773221764585690252
0.29864217206210108557229
0.29848748580628736704057
0.29833443375866375291139
0.29832642867806430375666
0.29839192153572241528181
0.29844464453343666487939
0.29853327918561867182490
0.29824431275307999866797
0.29727040943031624031789
0.29804330641418580460922
0.29842728366758103364376
0.29841610738039542338740
0.29833796528272005232907
0.29841697319123777765171
0.29869573694933454488520
0.29873271965492464996572
0.29910917422533039866650
0.29845649362370124668686
0.29836651196641827965550
0.29839976154550995612880
0.29832793452712502713098
0.29839662389573873291226
0.29840940968803686406119
0.29850780266898047088375
0.29877613447690037906668
0.29914290146932948077918
0.29947661624010363246029
0.29950015369669452658385
0.29970494347265053125540
0.29917274968975493543155
0.29882145151881778222247
0.29856741854016899395674
0.29846359053880650025192
0.29863368106991383665871
0.29886563442165886561597
0.29919774380594571505654
0.29951505345386231216054
0.29971634381675438252302
0.29978609411381085259052
0.29978457206052722128220
0.29977942264985579789993
0.29971714054280301775535
0.29951898182740410714331
0.29921359478415487931358
0.29890929498463436608802
0.29922326103818974729620
0.29950998144469737072271
0.29970672422843774862500
0.29977532749379032228632
0.29976650177818914277950
0.29976215726590749177660
0.29974021112560422785975
0.29978447771957705825230
0.29974973315451558519840
0.29975849054341230370824
0.29968503484255237800937
0.29948985458578897267401
0.29965303703330287143913
0.29973484455240256840725
0.29973105873748978611459
0.29971885088623756443482
0.29975884861999596564530
0.29984907552237433092657
0.29982616405834483508386
0.29992346465885466599843
0.29973589330155242516085
0.29969910751793604752891
0.29971025344115503896703
0.29970535949348331428155
0.29968895828410174742018
0.29969026179832519707347
0.29968939311606157538392
0.29968186625200399220148
0.29971611404079906426645
0.29980638073230331253072
0.29991020149734093358518
0.29997131652427866388422
0.29996841528891893258191
0.29997764355164180383184
0.29989790424760243148228
0.29978973752055093626723
0.29970077285555335455669
0.29966854207286841571545
0.29966848670805240617554
0.29967275203243354253502
0.29969070885650361812935
0.29977694795589177045869
0.29988809037450137040537
0.29996720999135251251033
0.29998406282763562247240
0.29996046117861197011223
0.29997140175682340812457
0.29995551491166444479930
0.29999238438006337048591
0.29996719992672621346586
0.29987987870258692169045
0.29976792308630362260402
0.29972622233708912098393
0.29982047516132265263522
0.29987379353077747712319
0.29996674192356687083105
0.30000128123761993226282
0.29998469682590339635553
0.29996568341770341037389
0.29999175463035776534326
0.29999783361964255101739
0.30007146166233289452663
0.29997742320093362389244
0.29999847698601711520894
0.30000990887984041455283
0.29996679316187158104157
0.29992273560863041970137
0.29999728141718601248655
0.30001667621922034623339
0.30001216933927371544044
0.29999044920177697637342
0.30000415803821667282136
0.30007282423798736781251
0.30017044917472551768256
0.30016890781404620414108
0.30025254117173599821555
0.30007309340061416591539
0.30001060777401250545537
0.30000299152886650277949
0.30002384778865348602395
0.30002904704769645105600
0.30002744431897221399907
0.30001395921334933492020
0.30001620041529847293660
0.30007084690280483307845
0.30016292609978567629270
0.30024849071676323886138
0.30029347497244818221418
0.30028607513130656236910
0.30029190160500174311409
0.30023952883963700433156
0.30015363338262379677701
0.30006674825375206916434
0.30002016653536628387755
0.30001893998492568105263
0.30002977450766310507646
0.30006015744904657172043
0.30014103251976526065548
0.30022533563363218434006
0.30027404548148362017912
0.30027973513265771021707
0.30026939834712129684391
0.30025225674014627275099
0.30025403713811110728571
0.30026502320933512457657
0.30025861123775393624058
0.30020802675061547537538
0.30012440357555436598602
0.30007015126976316343743
0.30012758587770171914144
0.30018622750936013732215
0.30024009579436089500959
0.30024990371453408322111
0.30023626813204262742119
0.30023580039874431246716
0.30026215844379017250176
0.30025002484836288418890
0.30029188743699591901404
0.30022116930728837136400
0.30022187125254340411828
0.30023360673358601147243
0.30021877444886868602225
0.30017895551379003560299
0.30020412854998185236965
0.30021654249962459459766
0.30020944991153691860930
0.30021005089404073640225
0.30024125197438050749454
0.30029144459168105596447
0.30032465334251706723379
0.30033866119807062222691
0.30029399860372735231451
0.30023701004138281245304
0.30020290469647292752597
0.30019905189329421091315
0.30020247255681020703832
0.30019234425482166361832
0.30019865988938643219797
0.30023697778016050774497
0.30030033385677351587262
0.30035424448372349814917
0.30036699229828672796927
0.30039175606464135759310
0.30036513702990652596725
0.30037145558198163897146
0.30030887214334839319108
0.30023972618453870220279
0.30020216616724948455186
0.30025076320717464239962
0.30031820247227669629098
0.30038870426410113623206
0.30041562993789411306622
0.30038974907142301784546
0.30034330784076601617016
0.30035612636873970648921
0.30032460806133010056129
0.30041214027065366032332
0.30043773648081090188455
0.30040423596485998913863
0.30033251273084288213155
0.30042046360048674236154
0.30045577327731315397941
0.30043182010976876572528
0.30036763126161364345634
0.30031945184302782925201
0.30033326436183094276799
0.30031007287721145360138
0.30037943006863826456154
0.30031300416267808772730
0.30037615219117458353892
0.30044642640213403694815
0.30047262043215927640460
0.30045961464400833262900
0.30038083710798707537393
0.30030496842254172928932
0.30028627169567051469201
0.30034552838422173826061
0.30045348084105782948683
0.30042025380693598846094
0.30053583189793109387011
0.30031125308808770402180
0.30026164901067603496543
0.30029470182772716180253
0.30038459865531025316798
0.30028448048616784848974
0.30023614842992452089732
0.30027750529494201536806
0.30038730685157888355974
0.30051262433072051249994
0.30060552686998120996975
0.30059672722869040795146
0.30065241663731612220545
0.30049031176308510504569
0.30035450469091840020042
0.30024315202846990624508
0.30021390124099250895640
0.30021370321649099022210
0.30032217521865406384407
0.30046874134140189038789
0.30058962862863120024670
0.30065517938681951548574
0.30067702928951861585105
0.30068418664535390139037
0.30068585112712331586238
0.30065989672863591142260
0.30058301456292452202845
0.30044719193641195031930
0.30029428413731756863925
0.30042976425461781486703
0.30057645915298414340810
0.30066550812117565083526
0.30069385709957702212947
0.30069117759918306820310
0.30068637052499308515152
0.30068762182774294577925
0.30068302718029726872118
0.30069916173248567581311
0.30070538027906551503676
0.30067146602758459961180
0.30057279031708961092306
0.30052810810221014525823
0.30065138650425249355891
0.30067995817664144864167
0.30071608782240261126262
0.30070816949657430683374
0.30069099380149683087282
0.30068224652554531584059
0.30068163376118201002285
0.30068187059746026568163
0.30069021426457881451810
0.30068137916304427115222
0.30069362266620730528288
0.30071666473156349885798
0.30072970852966518506832
0.30072326755000827747111
0.30073926700855208027363
0.30072749788411934357413
0.30069501033009282675579
0.30067899506660861197460
0.30068034898665829679487
0.30069225983548319991456
0.30072022234402517870677
0.30072231583018416145592
0.30077950674165998545817
0.30069243277738672004418
0.30067624007133686436788
0.30067428624580089246976
0.30069798277464437896711
0.30071650507909969407550
0.30068167939000239874403
0.30066974692570119787050
0.30066851567502345110583
0.30068971972800456748942
0.30072278431738092008274
0.30077690742144225222177
0.30086390479007335541084
0.30085330191251374865047
0.30095277180503771097264
0.30077438066577671937907
0.30072048607786588947377
0.30068273205022616467730
0.30066044812428921462200
0.30065889625101588356060
0.30065957035970636290756
0.30067518031589207661014
0.30071444121801144122585
0.30076862186832509227230
0.30084269468158209015485
0.30093436292804331966266
0.30101506591458887518442
0.30099239094098800828547
0.30102351835231161425455
0.30091499579862840407785
0.30083066692666038388637
0.30076107791915507316816
0.30070867006080498340381
0.30068278054507169283482
0.30072165788435778477350
0.30075468358708445926197
0.30081744610584210120052
0.30089616744418923310889
0.30097060756011639881535
0.30100490923108252916407
0.30097106335757606299097
0.30096381189879717332758
0.30088071583900261041222
0.30098761189528916437652
0.30094849734030271193319
0.30087679593850275017175
0.30080731315286057814262
0.30076847641673642996807
0.30081740236912812846981
0.30086164151976252378873
0.30092682898242073541439
0.30097027070402854187492
0.30095847140558368293384
0.30088739963934119092670
0.30079335683157248926278
0.30081083453939450045311
0.30075208880618259366102
0.30089610344419093213020
0.30095318604998094746961
0.30095357941029166060076
0.30090916954675644978678
0.30086577696282662541805
0.30090771872251970142642
0.30094019514898368017342
0.30094849793962624717736
0.30090589570038916988892
0.30083170776479156716121
0.30077395706647958029123
0.30079899457266684459356
0.30079582644161489968226
0.30085333391347290898921
0.30091602919692223006010
0.30094660151047764040655
0.30093632134919884313362
0.30094593792402729581781
0.30092826201133521246689
0.30087452477208564971534
0.30082383846065735566455
0.30081685863659718416230
0.30086440115252593985318
0.30087511199268435202470
0.30094264807479670364998
0.30083593075717746101461
0.30084796427930027284958
0.30089771948557969549753
0.30093651803520443666073
0.30091518394932104119022
0.30087339958168035636277
0.30085311263197478393039
0.30088262798677828380178
0.30094182800558016976922
0.30098754368977764794835
0.30097694698433336002452
0.30097490955974121051852
0.30093624497093374170475
0.30088668983659544453602
0.30087024860767425105124
0.30089420014213330567543
0.30088496854987689665961
0.30088926051228848113084
0.30092575274502814108857
0.30096174976857331673230
0.30095861558067910079828
0.30091309889768108609687
0.30089410405376237900299
0.30083816363162468876524
0.30093818041006736851983
0.30094173726704342985983
0.30091419228901128413156
0.30088991788657371007076
0.30089998236329745795459
0.30092087479055501519909
0.30091489153512829268777
0.30087336787255580805578
0.30081802053133344099223
0.30079289706208345300809
0.30077437721438177176125
0.30080482646385214851037
0.30079913399213686897582
0.30085264259131117015045
0.30089309009891368473788
0.30089802809978277720049
0.30087095021919207926686
0.30083568045795833212352
0.30078430757933333206111
0.30076003294595538006817
0.30079103150618929918281
0.30087142172393577244094
0.30086536545093317540633
0.30096357145804053523364
0.30078126893636830674339
0.30074953555266664695367
0.30077496884263227316936
0.30082119813945024100477
0.30077093095124191046708
0.30074710368590351627915
0.30077530066428470600925
0.30086115234453358890931
0.30096621838569326268242
0.30104531143339374743562
0.30105533301405490442804
0.30109409180024776508944
0.30096840782212391784967
0.30085920559828549514236
0.30077648362542303006606
0.30075039640970308019163
0.30078251065390065877025
0.30086148582691768504915
0.30097010541414687123662
0.30106264438394830795787
0.30110697856389911919450
0.30111304447920816951267
0.30112237835193889079477
0.30112311864019936091807
0.30111641296737379214221
0.30106753330645674715527
0.30097291170748302624460
0.30086604419808632426836
0.30097473533006080526064
0.30107051283822378051624
0.30112115194254529537687
0.30112780237450098574925
0.30112426622424448563464
0.30114652782893824856103
0.30113785314817931304532
0.30118962246553726558318
0.30112118929220960117377
0.30112918075850425569939
0.30112374445518480525763
0.30106960472181282240101
0.30104191772470573207343
0.30110654975052919546386
0.30112075204941757267108
0.30112860830131266132170
0.30111544495504899421334
0.30112564755635934377054
0.30117427962501303051468
0.30123650582139188669473
0.30122043391573405379802
0.30126208479550603547281
0.30115548827985788582495
0.30111107226954192395141
0.30110867627154663805911
0.30112310021967136908216
0.30112376115519651209596
0.30110582258165380364900
0.30109886234875593569171
0.30109670273557220809835
0.30113430476861147155887
0.30120028536653992157213
0.30124943804267595437452
0.30124819906242900069415
0.30124017658572782574211
0.30119988492330534990415
0.30123290238532179907693
0.30117779085957058216039
0.30111442877196215039959
0.30108160870253453111900
0.30108034139922529304201
0.30107478543428289885497
0.30109429792794228930575
0.30115719749998198784269
0.30121469536416123347067
0.30122952541172054452545
0.30119409222688720007000
0.30114497441618531814456
0.30113931866165871698016
0.30111666942042653039024
0.30118877276172650869768
0.30121919214386105867476
0.30119845267683037493001
0.30113582382688230953960
0.30110065933735330467869
0.30114715667568070500693
0.30118199239772885933419
0.30121112262825339156436
0.30118569777445680646366
0.30113717402864992322975
0.30111263642152202857361
0.30113363374248103276898
0.30113552145309113727834
0.30118172615007776649065
0.30111248786015248901649
0.30113895836740200984138
0.30118678352196714964606
0.30120384219313062201806
0.30118831218076391742500
0.30120151892118229852713
0.30119021965932935014365
0.30114669675542810045599
0.30111698093942018683578
0.30113969113266836341580
0.30119549782443200136584
0.30121881040906539617197
0.30124599221089443101818
0.30119287698567748234879
0.30120768468796826899947
0.30114753109169112299526
0.30112867256794784154295
0.30115764926467059048321
0.30118517728444588188452
0.30115956158508860873724
0.30114232773968296896783
0.30115946641518798188031
0.30121986643249282211698
0.30126729119663803180273
0.30122661256411542574085
0.30125053428416159739811
0.30109637107409176204342
0.30128225970067423755694
0.30123151439624934466721
0.30117175475011137564252
0.30115678176290905376788
0.30119368440401289577224
0.30123973769174244852209
0.30129233630902063634238
0.30126402268706253817498
0.30110934622462404153254
0.30085671312578615710365
0.30084465204739752053342
0.30055757294367613230435
0.30111141428711990508660
0.30126925970897272533122
0.30129436360955813567486
0.30125611179511507797812
0.30129107113736269818460
0.30126249610609007190121
0.30110450449223297164636
0.30082574742435902459547
0.30051522204302838492396
0.30027732756034652972232
0.30021726038745194520274
0.30007610978658116884787
0.30047183535387150810081
0.30079875768255931456352
0.30108635943229972165014
0.30123229870417683740058
0.30103538689951864215644
0.30076617274188499617793
0.30042732006861755378324
0.30016007075089801148238
0.30002724020911625268937
0.29995898117457742149128
0.29996366569186266870517
0.29983710937886032255051
0.29998887069657548254398
0.30011310139172525657258
0.30038566803219496348376
0.30071168030785561109397
0.30034202474924931447475
0.30007547472460349702317
0.29996538513087206423435
0.29998067568197483989678
0.29992947218108828577599
0.29951752199043724100846
0.29970285011033409583447
0.29872248917266835954720
0.30003021048785188940045
0.30001258475394748659326
0.29995651953718510673852
0.30005244321043089694712
0.29996596658797142209707
0.30005704095626761773730
0.30013733522660562824669
0.29988677537218738633484
0.29896533279927905990547
0.29710758675767201530959
0.29730159039040199298043
0.29917561298697875615815
0.30005706456396963321964
0.30024619319756845614577
0.30011441431749086294900
0.30035055549507666539100
0.30020645709243981569259
0.29934831590969324111029
0.29745264443592922543047
0.29433233738312714056207
0.29427613797138246765073
0.29752104117266142679910
0.29947190909379850509708
0.30032676460617790947794
0.29952682520048651282352
0.29750023796145297350080
0.29408562075330219043323
0.28867087868494373248396
0.29378340913248618404552
0.29737963869464856259128
0.29332819601534371178886
0.28785902056327700160310
0.27952456635561956366232
0.28690249182718846610030
0.28037375149304405441697
0.27793035599512211364370
0.26972637352962086643160
