0.02008898755436731506374
0.01964357316198247355166
0.02158129918867408847394
0.02123043031618920134518
0.02267683781343096324767
0.02084862884801815322011
0.02242562057147246337707
0.02338982915353413419290
0.02323721127419062226771
0.02376383017960382801337
0.02215418327539024970219
0.02045137552824547594321
0.02185096687433920464860
0.02306276654341242113300
0.02369402018743422058678
0.02387570406372226117231
0.02386495477153318528485
0.02381763762549849242078
0.02360364542678884680615
0.02286122492993640856196
0.02151352714668820428900
0.02115582367075629841024
0.02263200175382786005773
0.02349382739937541306197
0.02384080505302385577515
0.02384147838633967828037
0.02368804022944746845436
0.02372216967073858748249
0.02385946320251726079920
0.02380310913047260432118
0.02335816841160227863572
0.02237302279276731642454
0.02217038117737871183444
0.02319972139565660423921
0.02374699746114857651369
0.02386860717293646724779
0.02375490696890202382829
0.02359432975062767529062
0.02362267237532686761647
0.02352090719116132350175
0.02378754529690006724874
0.02386842698276038163274
0.02367163906738662532137
0.02303919770514735107514
0.02357706464091158249374
0.02385547684860560638254
0.02381669121058966470672
0.02365382166113818782072
0.02353048379223870653632
0.02353060313465894434759
0.02351844864028256390509
0.02361510323365792821115
0.02354671173917449733537
0.02368810192641135348168
0.02383982861144011075605
0.02382834512972423213206
0.02385702265068525076974
0.02372289581225335217129
0.02356772970380942647250
0.02351180921984035235295
0.02358599299243977973073
0.02374265479055765251659
0.02370645910445037807257
0.02387061137199085122940
0.02356039580761024737621
0.02351179460580919006185
0.02359379459842744428122
0.02375715063118960870825
0.02362403678787600505573
0.02351720570259385398315
0.02353888817113527001657
0.02367058987155572918892
0.02383882084629023248579
0.02396549251135591737660
0.02394403267123487721868
0.02400594496287323034722
0.02380392771533120302441
0.02363702834658428994508
0.02352256902951346470565
0.02352857457536356583505
0.02351185429844585700332
0.02360467245804866859293
0.02376764323329192546419
0.02391876940680132471173
0.02399981972689638892726
0.02399632271539320002574
0.02400163520651242554660
0.02395280242085135943841
0.02398926761037106433760
0.02389145029618601132060
0.02373111326710787213901
0.02357517287062601066272
0.02369385067033219841037
0.02386008599406731073289
0.02397430712459943172310
0.02400431975002214127213
0.02396499911125002726942
0.02390395656619405395649
0.02391443409589611920896
0.02387424846049211041299
0.02397562073781122835014
0.02400401358100884285918
0.02395652164130799427477
0.02382628672662958149719
0.02377629300107080359550
0.02389318806521631075035
0.02393428473730991462576
0.02400011829529551804496
0.02398455270211861251051
0.02392608992450354077342
0.02387804443285087771520
0.02387989424348764544437
0.02387317864259807381755
0.02392091199293667688752
0.02388363092535323098375
0.02393809372067025667552
0.02399272935119420649408
0.02399268627332956649312
0.02397185527930908305327
0.02400113708597378589515
0.02399794669237107977433
0.02395002131874659004329
0.02389107215293138908319
0.02386990652463195222710
0.02390638391290598324668
0.02398546056804534698514
0.02396565322980237500161
0.02405249556432517699101
0.02389318115258319899508
0.02386849546578594799540
0.02390113733107061474992
0.02396253955783927275247
0.02398540148483090800324
0.02394247731382267985190
0.02391235295946961963987
0.02386972231171746380851
0.02388194665143434161636
0.02394786776212364312610
0.02403452673960878097081
0.02410320258283616193240
0.02409054529501580138584
0.02412435449657170105642
0.02401574852755277225680
0.02393005395862323608780
0.02387363904616071619280
0.02387444882126013925849
0.02389545407387595396531
0.02386790503870259150254
0.02386787604014347849435
0.02391278023497341032044
0.02399626722112114390884
0.02407747004084246494893
0.02412037995255083763779
0.02411608532691495582201
0.02411899759903662204819
0.02408792193479222451535
0.02411420018447217594737
0.02406151667770714194794
0.02397697968644505253644
0.02389885762950734807153
0.02387218252452250749629
0.02390967665836153666081
0.02395711951077339127436
0.02404407134756777683626
0.02410639534927085450566
0.02412106294675931891791
0.02409474260666297912303
0.02405686363391193113848
0.02406267055134670221350
0.02404013684069281758804
0.02410064967404805177931
0.02412089969029036773396
0.02409587991130273526563
0.02402631065900455789586
0.02396950397161284537773
0.02403467429453397946615
0.02408309457813815473992
0.02411859303746304375449
0.02410725595285338751506
0.02406945927827335365845
0.02404086816686158700751
0.02404773347534789468272
0.02404157766667456772036
0.02408155412564138078690
0.02404278359175781795698
0.02407666426193132494515
0.02411163267121236436497
0.02411474316556777575116
0.02408749584777002128444
0.02411469078359384371479
0.02411449434952533249499
0.02408396070780648851040
0.02404763358336227396794
0.02403745476853524562499
0.02406923516432502019313
0.02413116018396863071693
0.02411645909247121452590
0.02418279363114233040943
0.02405807323193265290229
0.02403503410964756906165
0.02405295464666685339994
0.02409140524160710908341
0.02411425011750173777458
0.02409133876143007557680
0.02405898246592389627674
0.02403482277452620788361
0.02404924366905272781203
0.02410138735617239208464
0.02416866798133482027722
0.02421913493826277630205
0.02421085406910232495914
0.02415379577586412862544
0.02408685871627878546941
0.02404159850327137332160
0.02403639045361489340324
0.02406112071248416722780
0.02403701876338733625649
0.02403565216847358687602
0.02407411633729892794231
0.02413914172767466989611
0.02420020684965608695483
0.02423026203783654880519
0.02422606895362848858366
0.02422436983505839649955
0.02418771494656164755543
0.02412374606834842213909
0.02406201708152523599527
0.02403349349449811558910
0.02405334229413622071370
0.02410813180865831878430
0.02417543829861820703364
0.02422058893323858486113
0.02422672547012067953420
0.02419854009454540030855
0.02420491988938832175760
0.02416764233674337930546
0.02422715097015664190150
0.02421299470013952084835
0.02416111075016194251197
0.02409476710464015375424
0.02414587582138867302706
0.02420376353948865480459
0.02422729622814402683506
0.02421086824227401679277
0.02417372570278976742775
0.02414534555784027605729
0.02414833334500171221904
0.02414638990151056138767
0.02418031077119399407938
0.02421564090508272412694
0.02422490369365289455961
0.02419321042783386874198
0.02422021575594809211784
0.02421982936756916088283
0.02418813874125403870496
0.02415220066466396489635
0.02414231109068284628072
0.02417190749405338789924
0.02416214782478231376528
0.02421902590277670574981
0.02413981469767795609571
0.02415682739989834237893
0.02419532886221377118718
0.02422243338558338968114
0.02420168048023225992882
0.02416379906961540688370
0.02413977907897808805604
0.02415298189787058388833
0.02420422190505690587803
0.02427240392030848709082
0.02425803597279661133479
0.02431895915700525365177
0.02418971405461708967799
0.02414502698139501038477
0.02414133340525619411676
0.02417072778417830164477
0.02414427815236024066348
0.02414063958696663694803
0.02417697190646059257624
0.02424228237373270838928
0.02430710745136831565927
0.02434465664259048006679
0.02433956351445213869833
0.02434656082528895149064
0.02429415579710420686199
0.02422605117462798413053
0.02416534890020724524184
0.02413711632390805328363
0.02415512894276955827011
0.02421150552720758089564
0.02427980818511023264339
0.02433183533670166612262
0.02434665899730565144510
0.02432797877881979695114
0.02433321886884147119967
0.02430205058389985073308
0.02434613902856284234355
0.02432235305475805020592
0.02426491358107564152990
0.02419667017420498028590
0.02417745219534280301521
0.02422525642597612993701
0.02424961161028241218851
0.02431223819631728524926
0.02434333043335519877748
0.02433715049603959318381
0.02430694776475856092035
0.02428220555905763813898
0.02428484544386246002379
0.02428172249090918694003
0.02431334888139090322223
0.02433963552782020256515
0.02433863444013974197677
0.02430007115046498716859
0.02427655946877685724794
0.02431781051266884360884
0.02433331913436645108084
0.02434196506371701096416
0.02431871693399268591351
0.02428834310359727702289
0.02427788433121275124549
0.02430376860009363440551
0.02429482267177179161122
0.02434528362553619804109
0.02427704762275855951414
0.02429234819706726708488
0.02432369176878076966197
0.02434246526296806115153
0.02433985005495063747016
0.02433903063341922440310
0.02432961299197807999994
0.02429801749771904467723
0.02427656467528797878952
0.02428672449938544530834
0.02433137157973980918557
0.02439274010031516545793
0.02437925926874130386213
0.02443288068453646627587
0.02431975917809411913417
0.02428049908095156195209
0.02427751985399647857711
0.02430417522862185833454
0.02432092865604695494652
0.02429572263830981695976
0.02428123233432539010423
0.02427600900792950891494
0.02430788422984407268213
0.02436509299813359105680
0.02442230372302887919655
0.02445308355751256088051
0.02444863106951179754223
0.02444957095574310998454
0.02441121441960654794845
0.02435168891895015536031
0.02429707588253537595135
0.02427307556211429767634
0.02427649658971698515275
0.02427407215576050936168
0.02428874096442024468900
0.02433771545240805828092
0.02439884824965816295661
0.02444226284321638492658
0.02445082256595015879341
0.02442697777740920894729
0.02443249225524606396687
0.02439725026109669514529
0.02445151354192245246599
0.02443530034987265522894
0.02438511699810047908543
0.02432419405611021059888
0.02429271278258367944280
0.02432965076712636023903
0.02437208130636437514172
0.02442605870215096633413
0.02445014315767187959572
0.02443712094612053228881
0.02440307004922231265409
0.02437643697535731707182
0.02437871141002730113190
0.02437532301290290526197
0.02440980486341850705378
0.02444199811147260148481
0.02444704326951983516802
0.02441496569738180535958
0.02437513135522448998183
0.02441665566167536619013
0.02444293192638220119095
0.02444482749776191385371
0.02441598671118458407925
0.02438210976800435705880
0.02437177477569701239402
0.02436994632781902883623
0.02439000742726978032682
0.02438767708396070293952
0.02442261058546673149761
0.02444618567362177516400
0.02444186923275365463937
0.02444637916850573439165
0.02442889478913893436252
0.02439342011779764216040
0.02436945406252284326842
0.02438112331109914751592
0.02442947053697800893768
0.02441606197639149128387
0.02447923659012600158813
0.02437483792714455546613
0.02437147832452931164871
0.02439952551138615047255
0.02442984828733888585939
0.02440312998074275693816
0.02437458498567979248151
0.02436992146879999807108
0.02440358535006604753792
0.02446447544002321866641
0.02452341897132092815581
0.02451175329132633529117
0.02454711658693962267330
0.02445028449124983863094
0.02439339558264365034890
0.02436638038112852802652
0.02437657576058923150630
0.02436557847882244581816
0.02438319531590034741630
0.02443593496614736640393
0.02449857482319742554844
0.02454164475457433838845
0.02454503012982742204962
0.02454656983540272341404
0.02451931287128156916610
0.02453490682438267539434
0.02448609142141081398969
0.02442188090801582917022
0.02437488949571198562638
0.02440895981501321407303
0.02447180799792389102598
0.02452627699579491837856
0.02454609017918186683604
0.02452608493936851707939
0.02448456984361390212368
0.02449199795391992021121
0.02445602350636030125619
0.02453177824708719506619
0.02454526459526003637213
0.02451597114483893349868
0.02445676267614774537784
0.02450464516881670218318
0.02454154029472049858285
0.02453664514003661006880
0.02449969121079349082537
0.02446042403739269455176
0.02445154069203299765367
0.02444846408973480947346
0.02447582531105333206178
0.02446570416854532831197
0.02450823285497366263441
0.02454022669496309927428
0.02453570315154234016131
0.02454207874174336306838
0.02451612421875384861814
0.02447243221735089652169
0.02444712488870919714357
0.02446559463067312853446
0.02452611474834372196074
0.02450999683356683625512
0.02458527594017692260997
0.02445658322463604983366
0.02444897590936151096641
0.02448081896917910990630
0.02452256430210634705058
0.02448888905570452065308
0.02445208303487928988562
0.02444970617945530638737
0.02449430257832057450385
0.02456914999792376985699
0.02463527054089089882161
0.02462278592626240478203
0.02465702782038065379866
0.02455199402224580648713
0.02448132279729110447053
0.02444594600966031733291
0.02445650912535419357896
0.02444338668694476940368
0.02446905522294351084667
0.02453452283224736782397
0.02460857042945952671831
0.02465386105774982489214
0.02464540854514953027721
0.02465018891035581846682
0.02460507911669328195980
0.02464737778774101981116
0.02459374892561382031086
0.02451843454648623688019
0.02445839489323973700574
0.02444817059411564727500
0.02447921280937201404804
0.02450204466772180206258
0.02457752228275319680839
0.02463848103675709416693
0.02465305427214123726309
0.02461656472292179584360
0.02455547151975436687144
0.02456658119361229686284
0.02451912873506586695860
0.02462616953358159194165
0.02465363415873806154921
0.02462847811837010070235
0.02456047633560482987281
0.02452973580704487926996
0.02458727998019032481847
0.02461566386680980739188
0.02465171227372502452124
0.02463438731481762400399
0.02457851794315666499324
0.02452500646305021819726
0.02451663829411874009900
0.02451177869347430024471
0.02455424253379788826490
0.02453214522098769515002
0.02459049569472075008614
0.02464167814877199838564
0.02464772459123630576894
0.02463193151672979364086
0.02465090532373320417192
0.02464659404599987488349
0.02460203768925226658348
0.02454131153681924845666
0.02451045173277765706898
0.02453994744165135383218
0.02462251521443491880659
0.02460168695706944561041
0.02469534479223825865213
0.02452725440149446101135
0.02451138855578862199569
0.02455249593162817101089
0.02461390652264800957272
0.02463793962742654927722
0.02459975330005327587291
0.02456430027736438218011
0.02451487524499941852985
0.02451716662675847493991
0.02458228765006472554822
0.02467672759160733156336
0.02474252977986286794465
0.02473276947268267592084
0.02473777897041285964153
0.02465596930835977154683
0.02456351592493123681127
0.02451074459060944080169
0.02452169009509291147664
0.02455168684245924784482
0.02451504859267563882219
0.02450674020208996883863
0.02454662915421929741955
0.02463464725220149142970
0.02472072963019440045018
0.02474343771054439075630
0.02467428235096272640114
0.02469395188462194037915
0.02456683069483941647682
0.02474478345543041149512
0.02470533854154608605080
0.02461401849916235520799
0.02453265644715775517515
0.02450735658840061045871
0.02453748443917289426275
0.02459299717155222914089
0.02468724822449497313670
0.02474250196335132240266
0.02471148869901758013401
0.02459539645316619407844
0.02462287647654442732104
0.02447859969307780367287
0.02472507084970870794294
0.02473617877099566070287
0.02466832995540800890777
0.02459768889476303052599
0.02466930338936992178622
0.02472617342528178260852
0.02473417133328454850516
0.02464921819136735650635
0.02450708056091706332769
0.02439043537983722614859
0.02440613035668926997235
0.02437349486094885289700
0.02453666885164182409618
0.02467294211719886151690
0.02473979395838071110303
0.02472510185976909552474
0.02473960194130036052695
0.02469341315320978946790
0.02456651790373991575689
0.02442775945200865647666
0.02436814386999540740786
0.02444778450478454073780
0.02441826045764691061057
0.02459234864927564018222
0.02436909339836566129600
0.02445183263026872930168
0.02459687652468304022713
0.02470009361118423105164
0.02461174624226374063607
0.02447874737064134262332
0.02437576277504675467678
0.02439582920433182658404
0.02455004407045131842313
0.02474194136235644686517
0.02470637260794190243063
0.02479586062595665052477
0.02450879648466232352266
0.02437858389840850265040
0.02438848023326485245366
0.02450036187932475365003
0.02440397686086415510176
0.02436764471360157099933
0.02447099061666813471505
0.02466737548011490449573
0.02479624545420520270733
0.02463932788707104415415
0.02470435002729540197031
0.02416209654028717013219
0.02478458519160542383730
0.02462418571795154179083
0.02443769012228412876309
0.02436416138135880093962
0.02440997185869269239800
0.02458035535036127636199
0.02476214780777376278653
0.02475270477298581114911
0.02432248618872034570670
0.02327958864979349368207
0.02354681175585807140216
0.02445403088667926980171
0.02478100150136151175184
0.02473219903067238462091
0.02453768762258519420261
0.02469517484151037903239
0.02479324804753344629882
0.02456221774176421332458
0.02379133500607977583230
0.02233508079472218410544
0.02269793860376566677073
0.02400274112796408829129
0.02464851943662491398634
0.02479200322717321769428
0.02471263944275657598038
0.02418723121912139464862
0.02302486837818960851987
0.02160144874874395451436
0.02332776955431297219445
0.02434700992580435263690
0.02359936056100582491002
0.02201255194247976956778
0.02025061200502798267054
0.02240643433323346797592
0.02143615651501711363847
0.02076252060971576010595
0.01962374918889386171683
0.02009231925961695724991
0.01964707083741264181942
0.02158487171335535942385
0.02123420475218374889326
0.02268058460600980152932
0.02085242185021075542184
0.02242960132875399317798
0.02339368649302981523208
0.02324132952786909719900
0.02376774186866954796660
0.02215820887624676133187
0.02045515584355117946758
0.02185500501165664119507
0.02306695210172811372207
0.02369821245004289159142
0.02387962670129727127399
0.02386917013536872522739
0.02382154315876094594073
0.02360792397278910562108
0.02286544888315421644731
0.02151757223908242269705
0.02115971441056501214928
0.02263625636481054331783
0.02349816715565097510754
0.02384512142447900787112
0.02384568242760889966725
0.02369191698491398406778
0.02372634543827206732303
0.02386377772265653798844
0.02380750464538688646043
0.02336255848937248899566
0.02237714137486521842613
0.02217429876649169850911
0.02320399644473949626877
0.02375145951878063904639
0.02387301332830017372433
0.02375919730230232132517
0.02359847560678805800105
0.02362693358158492878962
0.02352503257772202774345
0.02379193497166881207661
0.02387291084723636852560
0.02367600538612947905226
0.02304326652597282060198
0.02358122755250888213929
0.02385988135998947171079
0.02382116411919110721129
0.02365818501341282811823
0.02353472328212068837017
0.02353472262104630216561
0.02352268091216865725235
0.02361922984350952811616
0.02355105351547815209501
0.02369254921781776407341
0.02384423445723246604011
0.02383255741756522272379
0.02386124515943844476284
0.02372728444593794408513
0.02357215291621564054458
0.02351614252638614677160
0.02359023220326050829243
0.02374679581272963468930
0.02371071471075651346250
0.02387476659320192026725
0.02356473598231035096462
0.02351620589945066508442
0.02359816366237601700795
0.02376136017499474659131
0.02362822725281465280345
0.02352156472502455603069
0.02354330300501384851120
0.02367494822254732900202
0.02384309508793075460531
0.02396965602886048929410
0.02394832065029196821460
0.02401010727138358502586
0.02380830827095398866122
0.02364145983638653997216
0.02352693313836245678217
0.02353275243934072058494
0.02351603371125749949999
0.02360905594402416818323
0.02377209732035814870876
0.02392316846600884422402
0.02400411242072227405164
0.02400047503856392316912
0.02400592292228520552300
0.02395693871586435097498
0.02399367698419649364006
0.02389592582758097438766
0.02373552435016648004540
0.02357936768149129086458
0.02369807069152597700512
0.02386452516534098497458
0.02397879633967025733710
0.02400872911133398318606
0.02396927502287526934310
0.02390807583366339264530
0.02391869583666934168109
0.02387835404955436155450
0.02398002192915141966845
0.02400850636343173152842
0.02396098265206398486571
0.02383053422366715468073
0.02378045357317374111639
0.02389736445148543317329
0.02393855547416847209807
0.02400459127164427178269
0.02398903975723425119337
0.02393047887042619101261
0.02388229449115277652771
0.02388399220617308874037
0.02387742254165315172743
0.02392500823249811905957
0.02388800875057588840589
0.02394257002315942906012
0.02399720486540298652889
0.02399697122720542002972
0.02397604088338396374769
0.02400532320679371264815
0.02400223635645426858987
0.02395449269310543846667
0.02389553759013943179390
0.02387427840373659154727
0.02391062840173624817752
0.02398955893729550620241
0.02396990305810936180975
0.02405659643453715579309
0.02389755384487337805388
0.02387295461283452449597
0.02390560311549804958786
0.02396682616773316426562
0.02398958040206572092656
0.02394664469685430299717
0.02391663404377455601213
0.02387418577226654500811
0.02388640604116856053230
0.02395224672752386749219
0.02403878354805534522942
0.02410730313967305790679
0.02409480667027476610831
0.02412844960639688035586
0.02402013593330556973093
0.02393451993744647593454
0.02387810675597825879612
0.02387872644993661516710
0.02389960947859154360984
0.02387205210013189707330
0.02387215579001493101496
0.02391725878326417253916
0.02400074334659503191847
0.02408186470417820329581
0.02412464116687957835228
0.02412016983156431773616
0.02412325320141259221707
0.02409199243419958211265
0.02411859745616256808787
0.02406600272649679975179
0.02398147357303254470495
0.02390314577660498929212
0.02387632702987864050104
0.02391382497976064780421
0.02396142120166920921887
0.02404858095436542345102
0.02411088726239713972421
0.02412545717353986943210
0.02409898863132343971305
0.02406091970815606162493
0.02406690551261301408426
0.02404418091023209982926
0.02410503565007299231482
0.02412539177339018472979
0.02410040229062175229369
0.02403062768299274107320
0.02397366057302506570093
0.02403884049781114876088
0.02408742482607531543159
0.02412312280971199915380
0.02411174316278009641112
0.02407383491710062689561
0.02404509374712900798832
0.02405176949935701469219
0.02404579788109800775331
0.02408558640861470714900
0.02404714964493349579899
0.02408114338135492263349
0.02411616403049672563430
0.02411908173371258082285
0.02409166997229082035625
0.02411886899521683072511
0.02411883556969284317373
0.02408848954632464636760
0.02405210480608021422766
0.02404181506674500992671
0.02407345481205080614528
0.02413519137180691540023
0.02412068148909106771183
0.02418682406757912892181
0.02406243217993324010062
0.02403950042509276491254
0.02405748021444656381540
0.02409574488565177294297
0.02411842833486019938016
0.02409551360577073808589
0.02406331898623719281471
0.02403934749483469662801
0.02405371006985921808474
0.02410574886381318740480
0.02417289386184013830206
0.02422316194707618136617
0.02421508161263426564536
0.02415816145230797670762
0.02409132962529603877444
0.02404612699633671552002
0.02404072528455604776387
0.02406529143960162153704
0.02404118706128290788859
0.02403998926582644884986
0.02407865323356845124736
0.02414361981811041085733
0.02420457553409388617993
0.02423448729363953876859
0.02423043670876717792240
0.02422858837292083886150
0.02419219936875554102795
0.02412829437959733772101
0.02406636120191793862255
0.02403766362081954238716
0.02405751895928408615188
0.02411248670100164109842
0.02417999840483282814052
0.02422507670998063147860
0.02423108756015776577009
0.02420274831014511060512
0.02420927216951538479828
0.02417183921460918163970
0.02423163733485947032853
0.02421756397267417482144
0.02416547753829703659711
0.02409895442262691492297
0.02415007669255440914124
0.02420814024447206017077
0.02423186996371038889886
0.02421534894715844307700
0.02417806647726754645800
0.02414953264592449577730
0.02415266359859289529988
0.02415057127866395911275
0.02418478311625844173749
0.02422021398961578947384
0.02422928626813729974243
0.02419742499155371276420
0.02422444054486599940290
0.02422421334013864085977
0.02419270811400672446800
0.02415666492432972864424
0.02414663402253288543298
0.02417608725214034220974
0.02416646793745875348991
0.02422320759800359810110
0.02414427393574161348488
0.02416139229905903476614
0.02419971050688473138135
0.02422666401559904827967
0.02420591281195198438136
0.02416817688108569700534
0.02414434204083628493498
0.02415744086906814608318
0.02420854317822515242020
0.02427658858951839762619
0.02426236042350617821972
0.02432314561557390522606
0.02419417697204970588154
0.02414959201214982725814
0.02414570885456273838243
0.02417496004366640957595
0.02414851130201389403651
0.02414501674161852184941
0.02418154387270787103459
0.02424675201728947876445
0.02431143398392335980285
0.02434884119586191303375
0.02434388901477804040274
0.02435073920869538013911
0.02429863209645873739495
0.02423063331468948769509
0.02416973215872576102869
0.02414135364427852370461
0.02415937476362674599106
0.02421589880298596897390
0.02428440137322591257929
0.02433631564142421654928
0.02435097891868397840254
0.02433214737581179676340
0.02433752958839966937243
0.02430620815241691518027
0.02435061900118606903476
0.02432695486697863257453
0.02426931793539558596118
0.02420092857734595578889
0.02418171070434799174720
0.02422953010965795545006
0.02425388474700902741166
0.02431665250871020700352
0.02434793657834468522116
0.02434162573890606348637
0.02431124688727026930679
0.02428635311883683631229
0.02428913350797036463380
0.02428586319513397276393
0.02431781660151850765761
0.02434424131682652592268
0.02434305486680708036085
0.02430435863745259578161
0.02428084885589184421795
0.02432211362807784604811
0.02433761784630765478976
0.02434638752691039090270
0.02432331905458602269721
0.02429280306541131695397
0.02428216399185384455350
0.02430790613383297313344
0.02429909815996111541181
0.02434942126209814136639
0.02428150244824773401620
0.02429694540534192703785
0.02432811192334871294718
0.02434677082385390198271
0.02434416312878730920266
0.02434334953811434498760
0.02433392159639018864636
0.02430243402693157278582
0.02428115875288137590071
0.02429117793509824596576
0.02433564625994044661184
0.02439687882773263621905
0.02438353490041383214715
0.02443701911862109985019
0.02432421533274055011620
0.02428509357145659797172
0.02428193364916123378472
0.02430848474618321417018
0.02432524994098839501988
0.02430004449073095915135
0.02428554315388333981196
0.02428042360873942928645
0.02431248362678423841077
0.02436955416194231185956
0.02442657932836972758950
0.02445721811715038246371
0.02445290372221144842291
0.02445369754301288112153
0.02441568077002495562589
0.02435629621226781046928
0.02430149506538012774137
0.02427739010815019651823
0.02428081952776886195955
0.02427839871391929138511
0.02429306356871536662356
0.02434214272368954642967
0.02440346378064649560113
0.02444673152478349029137
0.02445508807957413530132
0.02443109319787367325616
0.02443674687492613725737
0.02440135325861661139135
0.02445598036042978193350
0.02443992189809410242596
0.02438955352935564049877
0.02432852838688187233074
0.02429704628049036280180
0.02433399368666301632036
0.02437642955556161561415
0.02443050342319772263999
0.02445476670186256390460
0.02444158159941946240057
0.02440731170487216855625
0.02438052888065099163550
0.02438294097832352860800
0.02437940701897274922705
0.02441425702091527122350
0.02444661915374480090635
0.02445149236399381947882
0.02441932680016976539572
0.02437948448284488200954
0.02442101757362893921233
0.02444730320037593815363
0.02444927665668175306712
0.02442060159514771941480
0.02438655336019862271413
0.02437599537512330841182
0.02437438407702490969498
0.02439422330511534231512
0.02439228516559974191402
0.02442705614109105111131
0.02445056282883415962881
0.02444623651119173790569
0.02445074737242215051625
0.02443327414964210214654
0.02439786085433130399802
0.02437405716899966601208
0.02438555933771765008022
0.02443368517708644285791
0.02442050063019675365528
0.02448345170843882825928
0.02437944045102396345426
0.02437591547667388933163
0.02440390478918968639177
0.02443421278168941487841
0.02440748830805440638958
0.02437896478777708958452
0.02437435868978829120457
0.02440819151682041554530
0.02446891925120535729588
0.02452763360119342844756
0.02451620187595004995984
0.02455132716290218258814
0.02445489740830607272581
0.02439783723738661938563
0.02437076387701893331883
0.02438092732258764425146
0.02436992549968218513268
0.02438758700478640961684
0.02444038460511959928723
0.02450319462176360832406
0.02454609480563072279602
0.02454923208926057878743
0.02455101677503582560669
0.02452350209242241951824
0.02453953124491614970482
0.02449055053911425999802
0.02442628476725399594427
0.02437923361279715345207
0.02441331373525187573015
0.02447622586537254868455
0.02453074361804474454174
0.02455071434882276359968
0.02453052425765643931865
0.02448874484688617209072
0.02449642713605760038775
0.02446018538995823471405
0.02453639708494489285462
0.02454973467005477222314
0.02452040196011058895142
0.02446112875011016707383
0.02450902351293276007493
0.02454598067696575278140
0.02454111372012312414226
0.02450430119113691102006
0.02446484333861267609911
0.02445569349339388881548
0.02445287696912295388740
0.02447997376956012952065
0.02447030486963262460587
0.02451269643230373149190
0.02454467184122433379145
0.02454009041889946077242
0.02454647051128692678001
0.02452056961690737488246
0.02447688934284924719420
0.02445171915088263300819
0.02447000640681339794780
0.02453026328406269357396
0.02451441244197105975844
0.02458942609310696761349
0.02446117613481877881010
0.02445342873259068530722
0.02448526250905554493831
0.02452695571805347390937
0.02449327779062341822747
0.02445652592492178825645
0.02445415911007940007460
0.02449889912658741522589
0.02457357181996598985418
0.02463942068846913108215
0.02462721283478972247871
0.02466117306301925451995
0.02455659786752593595760
0.02448578149203394643818
0.02445039229389976004336
0.02446089509272560136299
0.02444777323211024325222
0.02447350997718177045837
0.02453899125358419489040
0.02461318136589992280894
0.02465828902384828089089
0.02464954323401655558734
0.02465461170418323938458
0.02460919852883949529576
0.02465199221314231040059
0.02459822808560664306188
0.02452290247077085205696
0.02446278680188380960647
0.02445247157312731289824
0.02448351261593739031097
0.02450644733931149621409
0.02458200508212905061045
0.02464296811757916635943
0.02465766577328950756587
0.02462097679183678292092
0.02455957417300422968021
0.02457097946288054612918
0.02452321678701942925249
0.02463077194412884377006
0.02465812384952974917196
0.02463297426312386489977
0.02456489217474833869348
0.02453403794438922119747
0.02459158559720077755206
0.02462009225476058382753
0.02465621659946614155356
0.02463887349339640917001
0.02458310727225933300932
0.02452939240516008312376
0.02452071732568550377351
0.02451615740872861021193
0.02455831925875114063462
0.02453672164888378096070
0.02459497367104267889770
0.02464618445345887615128
0.02465216107016581989497
0.02463623845845466786564
0.02465520951698251320150
0.02465103283390398039576
0.02460654028177216776085
0.02454578026639119350816
0.02451501975250551176866
0.02454432626458229529942
0.02462659477026132859301
0.02460607165701306914274
0.02469942784919766654017
0.02453182089868806078914
0.02451585155232495830124
0.02455699299338258076442
0.02461834180021731099952
0.02464223589898011448907
0.02460403745749362852679
0.02456872902105028053099
0.02451936892156238168017
0.02452163049686501700153
0.02458685966841427095186
0.02468112036897199268459
0.02474661194829951699203
0.02473716693410491981875
0.02474185167659280829011
0.02466055031137102254712
0.02456798801616326410890
0.02451524073506899242814
0.02452611319990112212497
0.02455595761092731546538
0.02451930847250937545168
0.02451116276869315727116
0.02455113491436096764819
0.02463913201995104537700
0.02472531775476590615304
0.02474783175485185601761
0.02467833604080071213671
0.02469833167940837376220
0.02457085821931079272495
0.02474937082190991829989
0.02470983570419194377821
0.02461853960096677465530
0.02453708583923127836690
0.02451161128467601452163
0.02454174088245927171092
0.02459743965820921154930
0.02469178575549616297402
0.02474700559519431644628
0.02471606459191606763870
0.02459975313803371838040
0.02462743070292688907230
0.02448293005596876431573
0.02472957107577990545910
0.02474072810703889513384
0.02467278788958349872162
0.02460195265750557414020
0.02467357709478597629915
0.02473064374494634079515
0.02473872281312324353242
0.02465370421172146178646
0.02451160801278188389185
0.02439474456372327931808
0.02441063357453312696044
0.02437779535933353933230
0.02454113381930942555664
0.02467748472948882651479
0.02474426870995755436966
0.02472938336702393269384
0.02474388462783424710856
0.02469788152891955537727
0.02457104332882438860186
0.02443220419800662748799
0.02437263439284881663682
0.02445209218199854983578
0.02442275448900991033363
0.02459667577958847550779
0.02437352707789785730141
0.02445633920264382935028
0.02460132921034495490087
0.02470436845867610142768
0.02461600532693179396726
0.02448318042739086250470
0.02438025730156118467407
0.02440026726249952537806
0.02455455655550843607760
0.02474628876679471969902
0.02471090781365703481498
0.02480021130964378192618
0.02451325451270429389705
0.02438308071672639146255
0.02439289872932806635397
0.02450460177814359555293
0.02440820052261176778541
0.02437206141163857781029
0.02447550623183213786005
0.02467186178736139809398
0.02480079090469764283022
0.02464364481580439553143
0.02470887233082003781037
0.02416632352969239408425
0.02478909226606390223124
0.02462873128294522373505
0.02444212139273047382226
0.02436837972957625955694
0.02441420474444998961472
0.02458481433832229029468
0.02476672024972348395977
0.02475720555902528874359
0.02432693247595860835952
0.02328365514132179833751
0.02355111006356186073574
0.02445847674738328356159
0.02478557866181218052870
0.02473668734125188811701
0.02454194932646232979456
0.02469947074688062793602
0.02479774931528726591989
0.02456675553301109968252
0.02379565964743711806162
0.02233915193248614192156
0.02270206386158081859894
0.02400717657937765509013
0.02465299626377590383464
0.02479632257111307608310
0.02471695145082590874819
0.02419162596361342648654
0.02302912394242236093778
0.02160544172429014128656
0.02333200961788215593851
0.02435126447040996192084
0.02360349069945637603962
0.02201655440718741293948
0.02025429551924297702503
0.02241036147118295046576
0.02143987828634380532478
0.02076616483419449835091
0.01962715713851107685040
