0.01812465429789249238279
0.01915449487811317699770
0.02107043917628529869357
0.02217915523868676033747
0.02427135867237706010058
0.02335337802809459017972
0.02543982520710172737233
0.02761165036818972323696
0.02883414744178900909755
0.03097393044495316827280
0.02668878527018555060768
0.02461721350465594093659
0.02798045896296584567065
0.03012048439076629724465
0.03224000260872924433775
0.03427664822289090695850
0.03555128232877580868321
0.03747550087689712622341
0.03352673590724059710100
0.03143491235980647863224
0.02930531106404989441505
0.03069058863741085455001
0.03278763238430724286099
0.03486604137544575821028
0.03685032072982231260427
0.03876945393661760524973
0.04056618050393719088209
0.04183539965911826224998
0.04005992394537562922840
0.03819017302676296077291
0.03620932228799805807640
0.03416572340864700713103
0.03568933451089917330279
0.03758488124076442282728
0.03953451582439730660479
0.04138409483654494763760
0.04314399716758869629540
0.04482534816960744711301
0.04610969997702159262065
0.04779576486320887690473
0.04444475388375759145054
0.04270258464379605295447
0.04089175220732177429284
0.03902846248153059305341
0.04226566417040850121012
0.04404714452386072898182
0.04574809386513128267593
0.04741027814094003756118
0.04907861513478295467650
0.05079284827691626230672
0.05206942624411411285612
0.05389279485353071913467
0.05035763925345937419564
0.04871928220162532324755
0.04708104852956175589984
0.04540029212923308438166
0.04840387904086149856164
0.05002715069056712371420
0.05165457286998908353892
0.05336282494171027540597
0.05517007812767821262057
0.05710970695091505816565
0.05840339801609650827174
0.06046876927442035309923
0.05645625816535923546802
0.05465770024234618829073
0.05295101483492936633724
0.05134013928867374454423
0.05426823348353237291830
0.05595530844137789477921
0.05776048116963045098160
0.05970856443643456773485
0.06178215043266111622389
0.06394915402874931653621
0.06525586098945916624370
0.06747257600030938384794
0.06309822820537523690998
0.06102942642346789736685
0.05906595423402869610152
0.05727585094227106293774
0.06040132784999646675672
0.06234663693306273513084
0.06443185534546533310696
0.06658048945109541760790
0.06879932727924314983525
0.07101065966073527579994
0.07234171482880588643916
0.07451119764341951334785
0.07015949754031930440945
0.06793830711101178643219
0.06576168781376950933648
0.06367389997225789133317
0.06710359150593467325585
0.06927981620287629316302
0.07149551210858512417801
0.07369326833229353224120
0.07585029600763630586169
0.07792990186046250267182
0.07924203435308080356592
0.08120807752382723510021
0.07718969367819694671340
0.07503524115981149988919
0.07283839065973159165868
0.07064069815360635162804
0.06999971281367153852493
0.07349376274863354818745
0.07420467144194201059015
0.07638895302600214043398
0.07853318286552328497674
0.08057887399294894059665
0.08252881630111422173179
0.08436197301277427451627
0.08564489575672865062650
0.08735717356220759621799
0.08383242858964896904173
0.08189699311713702356563
0.07986109715308217782415
0.07772671859917358594405
0.07696680375222779424416
0.08036223618738838614384
0.08118293872549903200664
0.08320707072250710378825
0.08511719370728580702501
0.08691174283052154059259
0.08861131142378972369578
0.09020438245489276196665
0.09139162904399487918905
0.09288768464645150157999
0.08982956811567913146810
0.08814748440842799792616
0.08638049431792914345518
0.08449773382033802515689
0.08362951077985356085343
0.08675502118322853117860
0.08762509882846147846180
0.08935525175388021879019
0.09100724688397383854710
0.09255371682972840519099
0.09400733440477666846835
0.09540295245807993429477
0.09644039729829899376679
0.09771298744214151899001
0.09509600144395156939847
0.09367675898122913846766
0.09215366371406320811221
0.09055818257936067150471
0.08970754228742178204570
0.09243521914042088227781
0.09326697823788593355587
0.09473462952208971943335
0.09612068565116486940081
0.09743674971023151554217
0.09865794922395196286935
0.09979118386043263344565
0.10063374248971758417870
0.10160106758985695818431
0.09955271764859656424829
0.09835955718149749782420
0.09710916095126008451555
0.09575707133270271176340
0.09495733917703834403579
0.09725056040220439457222
0.09801547034997851182148
0.09923785396587948837155
0.10036461990162880153488
0.10139177560296006030960
0.10230962090644574180587
0.10309049577411524833970
0.10366371394044014697666
0.10421396784073820585004
0.10295426912712984934828
0.10209256306077589548931
0.10112339458897955102312
0.10004573659016501030461
0.09930791193225817214962
0.10112950359525005317174
0.10180643092640660751780
0.10272818869309097156162
0.10351721004026247230367
0.10417470443270233915189
0.10465927852519209262372
0.10494823051857779527829
0.10525947392366678811992
0.10527385666572462719071
0.10503491746367173143017
0.10461210274790545826651
0.10402169678363978877478
0.10328664418163485683166
0.10268957800210211372960
0.10396439778175507739899
0.10445448291481918001722
0.10498542248490039252573
0.10534637128777869785612
0.10551088949477308021052
0.10546524978994407939492
0.10520842044553740946000
0.10529705498584966683051
0.10480561141690793169889
0.10560506694746038536259
0.10570458249026067065746
0.10559645451751793754358
0.10529720681112204883068
0.10494705897694425744682
0.10560950700167551219444
0.10579271279248445014609
0.10584868473211123118816
0.10570028301070123755157
0.10534946982852413932541
0.10482198102568493491837
0.10415847127475742761593
0.10413229046742367156497
0.10481319847730678762598
0.10536976192988972700348
0.10575703766199381905544
0.10594856020189954981525
0.10595529983572418708526
0.10599528225365562050797
0.10578402915737360190374
0.10536725828245990799203
0.10478809633557678582250
0.10410026653809985319743
0.10337754140913991973694
0.10335943598561271594694
0.10272777146404167558646
0.10407107494869763386625
0.10475891216750821133274
0.10534993948373813643649
0.10575807758715426165619
0.10530104220714266161085
0.10473553106472437146390
0.10405308090390348596532
0.10336318237392627672477
0.10276914245467663744371
0.10236167068711868322062
0.10249343388441509161702
0.10243111373971224009605
0.10284422479916147108447
0.10339869971309380292102
0.10405828703098472798327
0.10471043021335546541195
0.10408809833815320378125
0.10347054536803444724224
0.10296737744075153131451
0.10267667850507879168109
0.10268756899382171232649
0.10304261897194653962995
0.10342952379183555089437
0.10421577424335320971593
0.10300148815772892929576
0.10291552530694762779273
0.10313772775795472524951
0.10358421868337006066518
0.10336298239395486087133
0.10321143510097229023526
0.10336988412285876004493
0.10387971567320050669814
0.10473619407965575889286
0.10588714176173437409023
0.10653594225309749587982
0.10793673571889829398973
0.10532054413462557662662
0.10439131699348562498653
0.10380047927867096235754
0.10356723600835571197365
0.10429723279941906233237
0.10495431958400114336172
0.10595587079471745217685
0.10722666848109302373260
0.10867601822874300987465
0.11020335997476246592264
0.11099457250895455873163
0.11250805233785665659951
0.10943616971544332938659
0.10795004640265383477615
0.10662962570649937854572
0.10557231102099050301657
0.10734612465930644387146
0.10870926257193976038895
0.11022665976952088218166
0.11179789491536440415587
0.11331358749697051369054
0.11469825003866562784793
0.11547150623177430961430
0.11664877390543647306398
0.11410690065989136099400
0.11259613883082050800333
0.11102369009349237483075
0.10948170216153117750846
0.11182490089802597788005
0.11338689843989108174682
0.11487039916188124255569
0.11620765080868948604387
0.11735572120619945646336
0.11829374519694438316897
0.11890576667411864586477
0.11959195168331727965327
0.11802388589379153582826
0.11692649654366737976829
0.11562353957603603571425
0.11416399614208050383724
0.11368506748174139753260
0.11587193872519022108669
0.11633315068500155176068
0.11759552587871205386882
0.11863720038727432193326
0.11946626394679996097103
0.12009284086982766059926
0.12054799547486184929657
0.12092102252616729329837
0.12116665837581379328025
0.12053180451433119502180
0.11996394270859615793778
0.11920105475462822175459
0.11821224939667748787819
0.11777895984003358686998
0.11935019412522335224836
0.11970056531920288123150
0.12039763447600494716827
0.12089640284297320516060
0.12121892681236412503409
0.12139806518151048664311
0.12146597332496957000192
0.12155022942235840788250
0.12144854046921316204077
0.12155261269264153178860
0.12144297572511286720243
0.12119145717295794206780
0.12076754981873320804464
0.12050938865838385638529
0.12126289928096874171093
0.12140813591691355932678
0.12158799399380583461383
0.12162707343896542178108
0.12155335043513838810814
0.12137890745789114976816
0.12110261425272055013647
0.12087193341140273217249
0.12040235843310707897214
0.12122265093712561445649
0.12147183880715499426639
0.12162001361680435662649
0.12165298928272304246345
0.12161836964209125910852
0.12160450161281691205950
0.12153081168126277089581
0.12131095481330395058350
0.12098595418377321164538
0.12055599689480235581218
0.12000675711326509731425
0.11931278726205088447365
0.11875592805118970196609
0.11781485344628832290237
0.11953819583033740980849
0.12015846808587386795875
0.12066833758458225811516
0.12106663491115209063675
0.12124980486653511024819
0.12057561511120772068661
0.12027234105307109401917
0.11968992309997879275318
0.11898255765725990196202
0.11812628907389562116226
0.11711258226536994109246
0.11589017948081505038349
0.11504896968302277815432
0.11357560118269031945726
0.11633298660046641204158
0.11743236870717126130170
0.11836403362505887315592
0.11914203606742847230127
0.11957777208531565615868
0.11827540388190906084365
0.11766516118876708951735
0.11666376064078098906407
0.11549388521002634799828
0.11414579538937194569392
0.11262234555355950249567
0.11092206627247269690173
0.10986658808760435546148
0.10803920070961858801439
0.11160826870756693218745
0.11319413683033027751001
0.11460147146208719826088
0.11585125631346332442106
0.11662426546671719740367
0.11466160952958116825418
0.11366379134836446240797
0.11219225437002586232005
0.11055709980632875966133
0.10879523347050912285283
0.10691799641711546842160
0.10579246016826858445281
0.10389829047649704052425
0.10768785617827211775754
0.10949566852055153676204
0.11115894551711275051176
0.11237083761048403951488
0.10980721578111693470525
0.10840253816447650847543
0.10657067059940480979741
0.10465864256036414015050
0.10275905071426562342740
0.10093097338502075854816
0.09982208002379909517199
0.09814672891134818000225
0.10163461155410365155394
0.10353668825739931191876
0.10544117085320599269682
0.10703412158944551613171
0.10412064624621050756836
0.10243056635512114149744
0.10053150663715972046308
0.09872680757534671447395
0.09709084538676530928836
0.09564769231560227291666
0.09468870185661047711445
0.09353569041393627880865
0.09608512002256595907479
0.09767757655025355312262
0.09947139066784342620320
0.10118111434342653975893
0.09835680912578155521420
0.09669446189465330521173
0.09512529435679535627646
0.09378409678068021226860
0.09267694665578538049111
0.09182622427532936837391
0.09109621784395546817414
0.09053507023834753142388
0.09188421446077056631285
0.09292512323133660101515
0.09420775446024727550753
0.09572926565066114390490
0.09337141305900670262830
0.09212463420349123466302
0.09113815246789579160858
0.09041638787400246846104
0.08991793318967178372247
0.08962377987385161670630
0.08911148955866593501796
0.08903083012477579216704
0.08934736649174204736745
0.08979115646981322695908
0.09046475087403978154743
0.09138908173093478193305
0.08984819024627695160934
0.08923072337608510540274
0.08884422511709638703437
0.08865353674307563380808
0.08861504434653365291918
0.08868406855330507321256
0.08833875196244919680844
0.08848729363752717846925
0.08823593450392075432376
0.08823496182439477530934
0.08838346223027068737643
0.08872199100903466195689
0.08797134778569951074623
0.08786127651327974019679
0.08789131332045048428103
0.08801663726709872681564
0.08818494198967539998701
0.08834302995187046092518
0.08805408283105398137280
0.08815468125428123358223
0.08789196785896462305043
0.08771433555301098861090
0.08757240854169727473089
0.08751460846774940238735
0.08727105999279531622914
0.08742279388854355681726
0.08760287121686913258678
0.08776084185545858507016
0.08785202559251056864120
0.08783903492748902641640
0.08749565745417071938039
0.08732839651221230292677
0.08752829350788679518836
0.08745585779395324832475
0.08730966638319870298801
0.08713423507373083132244
0.08700502369375770483906
0.08713324036295039265454
0.08718200555214222768896
0.08712080636555205592764
0.08691764395276441179661
0.08657076475265394754910
0.08607658296584062840306
0.08553783741266832163497
0.08646460405135625304496
0.08670992521114902207291
0.08680647556632116457198
0.08678626712320192115868
0.08675578274432992065268
0.08640774789036999303793
0.08639538611992979288967
0.08625804235206428749461
0.08597277633472313884688
0.08553593173945885086429
0.08495045940729532840674
0.08421694209558823474016
0.08352855473586466572566
0.08260290481684974539522
0.08431384667961677736869
0.08494539576582153805884
0.08543536417815712769031
0.08576375933704827314585
0.08584925651180350114622
0.08502105878089316615132
0.08484956546085653528166
0.08431916250825076397657
0.08362258835379240973218
0.08278422923098406605025
0.08180846108472952793456
0.08070238841704599486171
0.07981367390667488959100
0.07852859294219781405300
0.08096306034276841423480
0.08199124498200607846776
0.08287594655088408035493
0.08362597006518820985654
0.08390493831604828312010
0.08249728492812248570321
0.08209191496783226071887
0.08114601783556257830199
0.08007389925414212794585
0.07887669641934584585652
0.07753859179298100423594
0.07610001146163376806175
0.07502567978508407897653
0.07343180573980810643686
0.07651380632894740074779
0.07788966216541866327550
0.07913103019840707352817
0.08026545446444012521514
0.08079826050424726568977
0.07882349325893503455553
0.07815440508660800866814
0.07687016622084520689473
0.07545834371642051729978
0.07392816532455315226002
0.07228967304239609925620
0.07056229664986711502817
0.06935941228643652256558
0.06750376726709179930896
0.07113690948259895896477
0.07280159218513701513409
0.07435251014169783068120
0.07581067077735498260793
0.07661125209199692864814
0.07417375207907421497122
0.07323092739613312751601
0.07163413002131847895360
0.06995458601745663251847
0.06814953109322795243852
0.06625921905506645948059
0.06432038906892498242307
0.06302877370678494628464
0.06105114153862745141055
0.06500835441045814400152
0.06691259924354986399209
0.06873152748816524493236
0.07046023534441417379703
0.07154228012323882168744
0.06872738031187766716279
0.06751866188579233596379
0.06567153637860613513144
0.06374088084628444506041
0.06174451098266355020261
0.05973945955220257703067
0.05843898025337421198167
0.05642141776406169040303
0.06048201679929919583056
0.06247151519919161982708
0.06442249531499993908668
0.06579352672204762109143
0.06272529923015648933848
0.06120182275535632210328
0.05921178218431939754840
0.05714044643476276497118
0.05510892913899152062429
0.05312217847152735095140
0.05180237088978287274266
0.04988203994227329018951
0.05381202792994522338121
0.05586607577836191079745
0.05794061608216917458325
0.05954708195430940403936
0.05631844563709027806642
0.05460383173473320334024
0.05252927923432405138415
0.05051811694202345409677
0.04856919326233223588307
0.04673691030493086484565
0.04544202871616088990070
0.04366992735476867004696
0.04728844735948702776573
0.04923007747329989636231
0.05127564093068457534708
0.05305895646043269631154
0.04982119973576865090692
0.04797120183471059728930
0.04600965123448470112111
0.04415408856137723048185
0.04237201813826989987843
0.04068749594122271495689
0.03939769362194747714945
0.03777469557055847249050
0.04111049318633838711712
0.04289415561820379002578
0.04476307920208648372107
0.04662850747787639082986
0.04350614016080654733454
0.04165058560586969160777
0.03986304382735899459744
0.03813174774790768079002
0.03648280545250041917438
0.03485372859845634052611
0.03357102664794362617551
0.03194770420231053675852
0.03521971435592704396944
0.03690015226813131432593
0.03864173137649417472117
0.04044531744279196427971
0.03743953519739029456304
0.03568874218734231079653
0.03400668443330841922423
0.03234055693011319426722
0.03069646445711201807049
0.02904396411548971351779
0.02779222417777825471230
0.02945989206835543730567
0.03111991531131411831135
0.03279739351347669279457
0.03451619020378467878052
0.03164130581231382882690
0.02993776290932555553259
0.02825736655471828423503
0.02659405620819098661767
0.02494457437058193033375
0.02377269017719956661905
0.02542193680630471311344
0.02710590845515942551303
0.02881553898110451872316
0.02599783663268282266068
0.02430013361286589498866
0.02263241780293611879471
0.01995413811809832252409
0.02156021884306870764481
0.02323896213863890780615
0.02054682744807537209120
0.01891340151108838671390
0.01645585448722540478084
0.01796079975075780266192
0.01599599546366568814104
0.01558015192397248921408
0.01387717802276634132541
0.01812765894927300530659
0.01915790429575243980498
0.02107392611184601832752
0.02218309742608338963610
0.02427536815189946031723
0.02335762590234620808549
0.02544434034563775384741
0.02761620341279520662869
0.02883925717430302002042
0.03097902862830950385109
0.02669363427899091797957
0.02462176313949140590842
0.02798562938852457160355
0.03012595047393661767954
0.03224570669041774279018
0.03428227951456480626646
0.03555756181173302249432
0.03748164595705960611127
0.03353281301100641959012
0.03144072017064956925392
0.02931082085989132612891
0.03069623265830178152069
0.03279379600139635531075
0.03487248170956180198798
0.03685699245552117447877
0.03877629031165132078574
0.04057281959555976424969
0.04184276398997991558426
0.04006716809870587009401
0.03819722532752692356617
0.03621612768453854463990
0.03417201280959999976083
0.03569564097095606625132
0.03759180714159384567585
0.03954194447272817852790
0.04139173450693871963990
0.04315178950342897501447
0.04483322479777932662026
0.04611801774914865703625
0.04780414808635950751903
0.04445295577784822566025
0.04271060684012113750629
0.04089929501304049447308
0.03903535521876275865560
0.04227312708674803298781
0.04405527732305626609222
0.04575668585553068629102
0.04741902401731281496700
0.04908745786665594246223
0.05080174076813982753098
0.05207879665401269481118
0.05390221253756932034973
0.05036692494103030964814
0.04872842920037420005874
0.04708974986333734624733
0.04540831810284338271311
0.04841244644526599555379
0.05003640577774652598020
0.05166426770989671068968
0.05337266013948640391851
0.05517999430810541228176
0.05711966782628127847765
0.05841388238664659005028
0.06047929546556712193661
0.05646665848814886451423
0.05466795540723268231886
0.05296082049708629446716
0.05134923656621356163887
0.05427785993643782086471
0.05596568028194575522560
0.05777131468545686210359
0.05971955853324632801371
0.06179322806721750105385
0.06396026415846980950342
0.06526754750889074419007
0.06748427515500317330766
0.06310984022928589620705
0.06104086853550212687924
0.05907691292330648213937
0.05728602143400116780692
0.06041206492753280199448
0.06235821524731787607321
0.06444393026089077769480
0.06659273502402898725627
0.06881163332380672847943
0.07102294773993091114850
0.07235463858139017101490
0.07452406511968528990408
0.07017239367085183199269
0.06795103419524738119772
0.06577391176463623367887
0.06368522999432203735015
0.06711554342698702879666
0.06929270609998039454069
0.07150890015454268444639
0.07370680554930306160877
0.07586383000301265278065
0.07794333180393382687345
0.07925615657546145054191
0.08122204338707753046300
0.07720386393912403999451
0.07504928588585516036069
0.07285195457818677278183
0.07065329165448901160840
0.07001196236655839177931
0.07350660953702742306248
0.07421791275725495018456
0.07640319046430854577068
0.07854787558961240367950
0.08059365591832390318672
0.08254350641535891652811
0.08437645099774339352283
0.08566012164656186533840
0.08737213366904120204204
0.08384779577892625956892
0.08191230823196000987441
0.07987599485817359346029
0.07774060077570028870486
0.07698024315897870895054
0.08037625318911821581391
0.08119745105539726004462
0.08322260600931621898901
0.08513310373473510772602
0.08692766209546905209482
0.08862704507866084324696
0.09021979668240730221296
0.09140783667346046026392
0.09290352289241364525108
0.08984600894577525476148
0.08816395330915194339383
0.08639663498641574068682
0.08451285037000738631363
0.08364408222989765107069
0.08677012261866137721178
0.08764078761002958017912
0.08937196164343837179178
0.09102424151756566272908
0.09257064187332936233688
0.09402398550663729204224
0.09541918416605491004567
0.09645745795993582172301
0.09772957557321856891797
0.09511337570880624980862
0.09369424280922379610903
0.09217091057186097002862
0.09057440923447669656188
0.08972314352112831237207
0.09245128106776245857645
0.09328370322153933802412
0.09475237338143391307987
0.09613861679415862393494
0.09745453539177165169782
0.09867537994608659157603
0.09980808673055030499910
0.10065149987700296174697
0.10161823803449364367335
0.09957087265289898958542
0.09837789677991599923690
0.09712736300039319370381
0.09577425426905343541772
0.09497382627502799767871
0.09726743472228659148637
0.09803307118245883911012
0.09925646797948753374818
0.10038332290511854660853
0.10141024788775868104018
0.10232765144705606441544
0.10310787852494777971923
0.10368195970272346684293
0.10423150007362991242843
0.10297300662179641184135
0.10211157727672952322262
0.10114237503571567311500
0.10006371406834232984373
0.09932513449964240626056
0.10114703484344098050052
0.10182473746959773419629
0.10274748358067739562038
0.10353647945035748811904
0.10419364373478048890753
0.10467767521662994789633
0.10496584539113609779726
0.10527795184985665188915
0.10529148475815811036860
0.10505399226947392810061
0.10463156539207914275114
0.10404124695334054928608
0.10330522802974553830957
0.10270737430110871146738
0.10398241215781919843941
0.10447328838744365797631
0.10500516527273001665677
0.10536595938089869661791
0.10553002947043152448536
0.10548373979000119637917
0.10522599625363240893883
0.10531549099442052974673
0.10482307890683269235854
0.10562420135139521937262
0.10572422563413404195121
0.10561632320404037987949
0.10531617505606039042476
0.10496524377428603780338
0.10562780894429490974318
0.10581178196876868391474
0.10586861186545359903022
0.10571991379052567139318
0.10536853443221269599483
0.10484030892515293353906
0.10417578969011802303424
0.10415047274931857335112
0.10483214255665103398218
0.10538932009462959049628
0.10577695817456382598731
0.10596766765314083458271
0.10597366634291915943322
0.10601366307239216968394
0.10580311713402862361377
0.10538711494306776672580
0.10480753515959777277811
0.10411905817046682165561
0.10339556723784042169267
0.10337806955260379904171
0.10274565943688296343339
0.10409036879254182639265
0.10477866272168227801398
0.10536895864897129204696
0.10577642763702294059769
0.10531932610831538921214
0.10475444952270406007155
0.10407270676945946930037
0.10338233286089749951575
0.10278764467598368315127
0.10237946991625451742536
0.10251186122755116814087
0.10244889951018089357948
0.10286326761301704812990
0.10341821063563955140907
0.10407709275216479871684
0.10472862619636788550359
0.10410620592954049346002
0.10348925394097421848194
0.10298681414427852953697
0.10269567879464899795572
0.10270600598267826120136
0.10306048553653501809180
0.10344806840135283010351
0.10423381881405083260184
0.10302053688046790280719
0.10293495857447522434658
0.10315638456769368747068
0.10360226164411957816558
0.10338101013132226790869
0.10323011493294657892061
0.10338940942535086719989
0.10389891439402880457532
0.10475494597301934773803
0.10590544943887003626060
0.10655498850239919494953
0.10795537035995794727938
0.10533999736564114702020
0.10441104151048652415312
0.10381927471883937996733
0.10358532255787486486831
0.10431546980776203181751
0.10497333221816582127239
0.10597589676005017556015
0.10724646206571146478392
0.10869541882260765064405
0.11022235795165018223951
0.11101435796898562191615
0.11252741916404325472900
0.10945635868908061560933
0.10797045440381236591776
0.10664894961496958203373
0.10559079447730340683975
0.10736494351066673547113
0.10872897196154251986400
0.11024750263604272959572
0.11181850628473355424575
0.11333375567143884332655
0.11471796446562607108000
0.11549202658807922183826
0.11666879285886747052992
0.11412792448551953294889
0.11261743431589812947102
0.11104382696534194352456
0.10950092039940383104035
0.11184455559482447961628
0.11340747207545218144809
0.11489212936703512013548
0.11622904806039825731379
0.11737654382485260273761
0.11831401472985082767853
0.11892683134780143716647
0.11961241157120887368404
0.11804560356297597034647
0.11694861886459731459276
0.11564452607165848219140
0.11418408732042059638978
0.11370509070626111380875
0.11589237983630597261797
0.11635364999364732063736
0.11761687730529452045047
0.11865964851226980247834
0.11948823226082602722009
0.12011408183687917461402
0.12056858636786031702126
0.12094237462926306359012
0.12118732136458459924810
0.12055395345435208909191
0.11998664385663106168867
0.11922270450123610696647
0.11823310674103700013138
0.11779977002151022225096
0.11937131385140097028508
0.11972171194298338037232
0.12041950890481890878991
0.12091928213392430513373
0.12124118645345795253210
0.12141946583375853863096
0.12148665289291739333155
0.12157162122988772468002
0.12146918243555439309578
0.12157491843776316309267
0.12146595904447390901204
0.12121348108814712640768
0.12078891114605305734386
0.12053074376306906201339
0.12128441788695781822227
0.12142963728331739037269
0.12161009534707686863264
0.12165009101767980392861
0.12157564058517791871772
0.12140023308205231955537
0.12112316286703485312959
0.12089313300494299030508
0.12042275322996739972403
0.12124486386348970468063
0.12149482544084919122263
0.12164212586772861490747
0.12167456127014623923355
0.12163997944712627574670
0.12162613429853186275409
0.12155238895993424053099
0.12133301632881145215581
0.12100884752417057077523
0.12057807135615723759248
0.12002776772789208736825
0.11933296185411025602807
0.11877668285900733202709
0.11783473910411886020899
0.11956006792132747862389
0.12018120288899993008958
0.12069028596598237179638
0.12108815561399609295190
0.12127139699761432800607
0.12059710729820734276263
0.12029374664982853126993
0.11971169689357122334350
0.11900506655098747055277
0.11814788652319697936921
0.11713301370964035452715
0.11590970522442274603936
0.11506900467839843715812
0.11359470221620952823383
0.11635423911636860738739
0.11745457997732812460701
0.11838556919519047094802
0.11916326694555211263005
0.11959910415320265664185
0.11829651726118825538769
0.11768615475602045572501
0.11668499022596669212337
0.11551572581240786286028
0.11416663159482676181966
0.11264192152785654221780
0.11094068619668184805249
0.10988564934722315491467
0.10805730215846154340653
0.11162862537234026494293
0.11321553782795600040512
0.11462232814870630670523
0.11587195073350062268780
0.11664509393379093871168
0.11468209368592306718337
0.11368411885284508688887
0.11221267446946815715680
0.11057799631134933304732
0.10881506103716669098258
0.10693651166764303606094
0.10581172435916909313480
0.10391624882356005621364
0.10770820360573521434766
0.10951559946054442717944
0.11117884885148768270291
0.11239091620666333271039
0.10982683652118278849752
0.10842197113319064494252
0.10659007090786368210367
0.10467841063986335625735
0.10277774628772991249992
0.10094838511725470753255
0.09984022558164569460804
0.09816362740809865539138
0.10165380136336844840717
0.10355553758919346096778
0.10546009495758924823239
0.10705324315589391515058
0.10413924099229911190978
0.10244897074033212924782
0.10054980990465473000839
0.09874544072037241826401
0.09710847959854383704137
0.09566412859048460670675
0.09470588470192282948279
0.09355173249177277383648
0.09610324609999797151882
0.09769536045339076435479
0.09948928405867388247152
0.10119917532989611275163
0.09837435518458424732469
0.09671187587096150006793
0.09514261415013530731599
0.09380177993987315332447
0.09269374922802056659954
0.09184194208117281432724
0.09111271880807453316109
0.09055053617047743863555
0.09190153081820334746155
0.09294204347008858113632
0.09422474034472040627097
0.09574632470515605231487
0.09338806593366252850608
0.09214126310514884898861
0.09115474784064588054111
0.09043341880971368651476
0.08993420633991017210107
0.08963905983503986374394
0.08912760240272264711248
0.08904597907950621837880
0.08936418647605778864396
0.08980750649183594225278
0.09048109838650005010141
0.09140539441470112158594
0.08986424144852525608407
0.08924686586555294343093
0.08886040303882282442860
0.08867021603474178892412
0.08863105249058278456431
0.08869912853752459636070
0.08835469504315915378889
0.08850228986966218736043
0.08825252504257392882625
0.08825102958028083199871
0.08839946955535568640094
0.08873785325474621565878
0.08798708802482757551644
0.08787720601297033251598
0.08790731899291021056442
0.08803317624460349488658
0.08820084248983457719806
0.08835797162925281000856
0.08806994506957041557449
0.08816956132712544524921
0.08790847249114891459598
0.08773030919316700260158
0.08758830220924063159060
0.08753027841936272812617
0.08728669857921149410895
0.08743867705383759347804
0.08761882480801122530245
0.08777730986529866386014
0.08786783589056666732287
0.08785383195748538986969
0.08751138773558739258895
0.08734307750365723210795
0.08754470564684574407366
0.08747178498778108990397
0.08732554545253064237631
0.08714986030165486341481
0.08702063655055614077583
0.08714910289678319543771
0.08719788335273040424944
0.08713712997697121986906
0.08693325466310442006801
0.08658528847731025712697
0.08609202715779568082510
0.08555215853517537938355
0.08648079174757872245038
0.08672571718799712559012
0.08682229375036008833799
0.08680185055593567233778
0.08677104449178069112136
0.08642292532692565087959
0.08641091000600914506791
0.08627377533145925980751
0.08598843356271067273067
0.08555193202111532890797
0.08496568561923809048686
0.08423101330770602079845
0.08354350984768590948626
0.08261667781662572485057
0.08432960469250436186250
0.08496086563335260299912
0.08545096142612433609553
0.08577917934303340430358
0.08586431324517163066190
0.08503594765153123236079
0.08486483039959390184404
0.08433456969017387450105
0.08363781750708941531425
0.08279968748927546418059
0.08182309210989351100363
0.08071581635020005918157
0.07982793246920708019054
0.07854163190092375290696
0.08097816469171281728023
0.08200617651454120138332
0.08289110304360321201944
0.08364102297230854854426
0.08391960983094677584138
0.08251169017622267398693
0.08210670027918169633363
0.08116086977222955467504
0.08008848080519834211621
0.07889139761338803680246
0.07755242844942801527797
0.07611262095754940670833
0.07503905239033314966690
0.07344394768759257563495
0.07652805267304126080052
0.07790384515221077110780
0.07914552484962758538423
0.08027991869491163390293
0.08081235065459202449034
0.07883722166077625215230
0.07816849664410839559903
0.07688425780091477645950
0.07547208348485280604567
0.07394191606607132538631
0.07230254248668276095824
0.07057393936449203597494
0.06937174522312077040720
0.06751488163419241961272
0.07115012743372509107509
0.07281484757606389301987
0.07436615001986275619306
0.07582434612429236886477
0.07662457960715220173231
0.07418664192914342647711
0.07324414386005552446424
0.07164728007713395963041
0.06996732225186878817436
0.06816218041662287785432
0.06627098649356098769569
0.06433095695784257772587
0.06303995346810438438201
0.06106115111391376137906
0.06502040695110873624873
0.06692478033803693493464
0.06874415298562012999195
0.07047295792869202879505
0.07155470145060886799637
0.06873930313786134893572
0.06753085934387384470234
0.06568360767054569337997
0.06375248374956624108911
0.06175594512829863519388
0.05975004215908052279671
0.05844978974867977988827
0.05643139956508515242550
0.06049302587408023068605
0.06248300534033871672657
0.06443413820933761859688
0.06580493219061588072716
0.06273616648451903199391
0.06121288832265250889897
0.05922267875070576226282
0.05715084630247900532307
0.05511911058065269847228
0.05313156438832743883038
0.05181192954920077475833
0.04989084167966367777680
0.05382182071806762557742
0.05587636203426692843577
0.05795109657354885479563
0.05955739404154158228577
0.05632819552125005457821
0.05461371306110227030750
0.05253895620389535670025
0.05052730942412727438429
0.04857814394888699399688
0.04674514569828168430998
0.04545039240060222418549
0.04367761158960636186377
0.04729705135096240464776
0.04923915120381973375974
0.05128492363878137810795
0.05306813986544347411245
0.04982982175462658674947
0.04797988972191677414791
0.04601813508447952227876
0.04416212134001540334793
0.04237980672803905168866
0.04069464539215740528366
0.03940492585070766440314
0.03778132371928197980049
0.04111797123428735656336
0.04290206806534187233826
0.04477118931345124008825
0.04663657710026618274934
0.04351367016851106356290
0.04165813513071724843995
0.03987039994620931310232
0.03813868303528841069427
0.03648949335214365929936
0.03485983527368804318902
0.03357717214339068362294
0.03195329328755159431497
0.03522611917311593149327
0.03690696409212045059345
0.03864873844093314608772
0.04045232025746391124610
0.03744602766015882322481
0.03569521639544004365519
0.03401296399108277163092
0.03234643745001321984978
0.03070207594486517796439
0.02904903749693630091167
0.02779729735526347000896
0.02946524795967096072014
0.03112566327786022227220
0.03280334549151005946177
0.03452218503889585565769
0.03164681002537414467035
0.02994319809955998945572
0.02826258688496496862541
0.02659889013451520109466
0.02494912091225658448690
0.02377701043868987382246
0.02542663425189219811307
0.02711083141553431719029
0.02882055918634645122478
0.02600237262926800504981
0.02430454853634270856455
0.02263660040945717280558
0.01995782598013508615797
0.02156413712468972093683
0.02324302264269578754963
0.02055042275918602528995
0.01891683974918886151917
0.01645884679675583064928
0.01796394689638952657518
0.01599877169255703446282
0.01558288548612202749355
0.01387958673860284312951
