0.90020232113227427461766
0.94165945960908437051273
0.92036956631388988636644
0.95569061536658861388815
0.93707505918708111636306
0.97061617732491789478644
0.96667167835385559016004
0.95018861790108266607291
0.97489238825770685448191
0.95985857676353547596193
0.97765082299376782071221
0.97580982774285329739428
0.98056573348008968515899
0.98284936866796579479910
0.98071167995245323023568
0.96655988083451205294949
0.98461068246230687428522
0.97094378463413999469367
0.98660164788383775125169
0.98437871481973127085752
0.98188617242342990376613
0.98285436571090945001572
0.98538392296910848333624
0.98742353252905967764264
0.98928000495783974255204
0.98716582719208623153406
0.97371934774487944874721
0.98879408965647797025156
0.99115397430425355995709
0.98978359198822707387677
0.98834792706270446771555
0.98639520362321275737116
0.98713346089199494048927
0.98936830303919343077013
0.99069253217550534706959
0.99150194537967928365418
0.99241446313308501192552
0.98989364013549729914843
0.99320683545435795025469
0.99070834070756363942678
0.99260650482153300888655
0.99230984539135380639863
0.99158580724516320881179
0.98980706463035272868467
0.99164914601195042198611
0.99296374973449619272259
0.99321679049317834753197
0.99317186146561464710203
0.99366918691682859510195
0.99137186341371952291723
0.99389783055886637974652
0.99194856270175391088628
0.99332735275806460784054
0.99352249635201794752959
0.99358173208456967984148
0.99268243403089828635899
0.99302621008701663640750
0.99364034729083816621653
0.99342944937794286364152
0.99323705835534703556533
0.99399247116821132230768
0.99244230112859799231018
0.99403505526015878412949
0.99285017725137503230570
0.99307312903263467163129
0.99317860565941806783030
0.99341672254439494782474
0.99294809844856868341623
0.99273636960008038165881
0.99317358724709747797021
0.99298220273630477539228
0.99297218581523927216637
0.99408892680925142748549
0.99317051471984396648907
0.99419235695991214907252
0.99341507374023618748282
0.99301461138749413937177
0.99297200164976484604296
0.99310067861889772533601
0.99261928334102200732758
0.99272030439813252478132
0.99327395797872197746869
0.99318452641737509090092
0.99321259699451436286921
0.99435776917249385498110
0.99361636772367145642448
0.99457481214714926753828
0.99380515020636839285118
0.99353022198090157335315
0.99357100861006464320724
0.99366172096666871560444
0.99304360746523989700307
0.99351339426331908288859
0.99416332034337351331033
0.99403605270062722620850
0.99389378401744510327376
0.99481961870483892607098
0.99400080226164189145521
0.99505833298762869087994
0.99419928278673974642032
0.99424229521614293503262
0.99448070213753037016602
0.99466100191442363698258
0.99401436870188164540707
0.99376028254048520693686
0.99416923862875961059871
0.99444654245057217956116
0.99506918421466372670636
0.99484096442849700991928
0.99452667903803482207792
0.99526279449289911660514
0.99438189236007423765784
0.99540738658962224505444
0.99451143433233624158163
0.99472905754267948452707
0.99508975368313956622046
0.99535207446707318901247
0.99476124496977236244533
0.99447184544955469220895
0.99467293486978658467734
0.99496851075712755552161
0.99552792590046190746023
0.99524790303617705067296
0.99485613586915044859182
0.99548201316336737409785
0.99455673953954137900269
0.99548865694477739474166
0.99450111020441789300151
0.99493166546964451057988
0.99535455280313578363405
0.99564531256171884265882
0.99510992251274321684917
0.99481299350980378903841
0.99494222391891873336078
0.99523905315878424815423
0.99575445188331068724352
0.99545011523613136095179
0.99498040757172667714059
0.99544196611619384373881
0.99435338689599739314673
0.99536497766584242086196
0.99414629174068358530292
0.99502220506830429958001
0.99555557431646179988860
0.99588389072604710516856
0.99538823163153500317435
0.99509259613855538528782
0.99526179994758334768079
0.99555540396650477052987
0.99602769230577958836648
0.99566774538878255462748
0.99506625670249337911599
0.99528463268104938599379
0.99392565919159447940245
0.99522402161239464923881
0.99373520376700208434073
0.99511369804378735359762
0.99577084373171498299371
0.99615729380660189562491
0.99570885081578985875694
0.99542144874639637563973
0.99552811203643842841160
0.99580657668073147004151
0.99623611333284067814731
0.99584329007384553289484
0.99516051589798970589129
0.99519739718913402537481
0.99360228488010970959721
0.99520528150478204665319
0.99352789138802855006816
0.99520488085818148427109
0.99587319966385434710787
0.99624329112575948919073
0.99581801012417647811503
0.99555021238073215794628
0.99548334938914029290657
0.99574271945658465732265
0.99618290788442998007213
0.99586531021099999883006
0.99524464025309378190087
0.99523675795924704257089
0.99348973258830741706049
0.99527145900718982929334
0.99344953327451257507619
0.99528067368711770068757
0.99583774047910988969079
0.99608430630024591412308
0.99561131195154750628262
0.99535543637521939341894
0.99521822027916850839091
0.99547641467424208272519
0.99598804270356988688206
0.99581234172288168871034
0.99531172371969200973751
0.99528755108750832647502
0.99337126294824074079770
0.99526800107537694017878
0.99323331465983433208322
0.99533386085022546030388
0.99580412763790837615829
0.99592831827935746069613
0.99538556697708713283390
0.99512430644458704787070
0.99510932617996528115611
0.99536652609298403859839
0.99591751652800541982913
0.99581210543833631465560
0.99533970476360777990266
0.99520766702423624217033
0.99303932584766030355894
0.99511314997696076467548
0.99532084892706063072865
0.99581946475463534174111
0.99593860872882034040998
0.99540929143884793184327
0.99517252178184512079184
0.99527982696773509285748
0.99547294909243932981013
0.99595249460107271310960
0.99579900385103858884150
0.99527118479940435147313
0.99500420472496808876883
0.99519147985738409811773
0.99490555941461411570970
0.99572639075610480663414
0.99591269935097004317726
0.99549880057310413672411
0.99537422532116071050012
0.99539713089461123729507
0.99543589726215708779478
0.99578652945530221618498
0.99558991522792639194961
0.99509248373860048619832
0.99484103599871320788850
0.99499075573647155490420
0.99482672666264160277194
0.99540206895114513585554
0.99556871061443596993001
0.99525995607040107504560
0.99531202013602448896989
0.99511361251716001774525
0.99498758315515445360688
0.99529029932044155160042
0.99519318977272297477299
0.99491064009922958177867
0.99486918351762909651370
0.99487541340527751998479
0.99496374955435373799162
0.99500627052412771167411
0.99500065812218929650612
0.99467052038181469342248
0.99483822769191476709238
0.99455345030519270999037
0.99438445396067065562562
0.99476865452701224157295
0.99488807979669791059507
0.99490021680694007422119
0.99509867392459128154769
0.99499085926766916987418
0.99526011916685763747381
0.99486488556619501189004
0.99464435195326428296170
0.99419360395457434531608
0.99433335303497372148485
0.99423356361405812453569
0.99414341858498678217160
0.99465424204778385419701
0.99494414043056644825214
0.99513829751943505552703
0.99543447985342792261321
0.99532356483805572988643
0.99560914150588708526612
0.99510575161512349051662
0.99478793491563011208711
0.99424097179099346632825
0.99427867090271859762396
0.99445399417811275455392
0.99445521336020936686850
0.99500663628881169664453
0.99531393900245257455595
0.99551939021434499021979
0.99577379367012197608489
0.99569631168106120799877
0.99591792721347527361786
0.99552094070720609231273
0.99525431059952063073126
0.99473023572540186787450
0.99471527970740347690537
0.99500828630499815741217
0.99500572646091411943559
0.99547616433394647827981
0.99568602006109896418451
0.99583030136988892611072
0.99603249605004307021261
0.99590770513069615255120
0.99610849560765035715093
0.99578700479459303362972
0.99563688056062993325668
0.99523435753753697330382
0.99527988603592210115067
0.99526927218252525531028
0.99549644395639946825582
0.99549964040999938674759
0.99539414937353254408947
0.99572301532760587594595
0.99581808864500731548475
0.99592672366852053045250
0.99614175064676679927089
0.99589767924751526617655
0.99613303630099947483245
0.99579502197405200814018
0.99574847927675214087628
0.99548925050929804037025
0.99566247310589883756649
0.99567006049518558263856
0.99580222123195860639555
0.99577905465131166806714
0.99554404652484040916249
0.99574221168273202575705
0.99574482585257795275169
0.99584049741284652590423
0.99609004970627290642682
0.99577491199722201198341
0.99602420905008348661624
0.99569612604765711516563
0.99573621647899612785437
0.99558905431634592275714
0.99587181020755499716302
0.99590591782598625325562
0.99599529615358894929500
0.99595746566263765320315
0.99564630950883326043765
0.99575344977518320810361
0.99566861116432969769363
0.99571794571937399798145
0.99594675558397705028568
0.99567318528423487400403
0.99586272123456376359485
0.99566770313716401741289
0.99580036509010927403551
0.99572333403517820915596
0.99604353507480969387444
0.99607257952983663251700
0.99613043716672045047034
0.99612442802766731908548
0.99581026951227635812813
0.99586485333552998699957
0.99568185540194964477934
0.99563222077107649266026
0.99576848461768885378831
0.99557598566116001226334
0.99565325490765443916530
0.99568761503913727484161
0.99592355000652521557214
0.99588697014669824714161
0.99618445990305359849515
0.99615726049668218422539
0.99614306482675474274657
0.99620891751230244981485
0.99593024270661756336409
0.99594924270057383353105
0.99565878168560661976016
0.99548351151996850028070
0.99550262315042115091046
0.99533809182846177954218
0.99530857700723596170889
0.99557682046770490380538
0.99592335733144676801487
0.99592481555554990269030
0.99619007787948732346450
0.99608542577220182678843
0.99599334464825128865328
0.99612942050962338669251
0.99586764159899254789110
0.99584096239325625710137
0.99543779519730135607603
0.99514086752148367409632
0.99507289892972317080222
0.99490584219417022016074
0.99481300379862569460698
0.99525648986231651793588
0.99571455603672598400067
0.99576952955840880576943
0.99603900874605588722233
0.99587818524585769441870
0.99575610411062720483955
0.99593118244745293399234
0.99564954737611544022258
0.99556746919387884009467
0.99506186289195275307407
0.99466658963026866047130
0.99488678040376521405364
0.99445723966220078704481
0.99542947414936089334248
0.99552839476369736626538
0.99581943974808084796280
0.99563209316298773021714
0.99550400777829672893660
0.99570802579205242022198
0.99541929891700275945254
0.99532149335155117864105
0.99475998796528608547618
0.99430396258939413023370
0.99469153771434415389763
0.99421737291595813079681
0.99525319995335537193171
0.99532574089252434657027
0.99559117544996955651015
0.99535994290075546775398
0.99518359998525118825796
0.99545931978263257899897
0.99523935432695120884006
0.99521570501464962088534
0.99467220709089065877606
0.99418807845565693170897
0.99467782984265495915821
0.99419175199875275961148
0.99518831015013764496047
0.99514344791370024090327
0.99529978584819256415273
0.99496409535601881835021
0.99470293594881242782435
0.99510544874642159474121
0.99502381431462239014252
0.99514710951828166951572
0.99467986765510429947312
0.99419998081215765761698
0.99465927877951443303317
0.99419406621732786533130
0.99507678443980462912322
0.99487147878895465513693
0.99487873365568357808542
0.99439929512248970144839
0.99416342645952315848490
0.99463760666083889105948
0.99469416889972739337367
0.99498031187915958462042
0.99461642469588162907002
0.99417395039791811583996
0.99457322211905674347321
0.99415962156726411791396
0.99487866664107149627938
0.99451660636234950896295
0.99440478008050103841953
0.99394481820727198506660
0.99377503403392775105374
0.99420913123573784186959
0.99437107482368469746348
0.99481094312441509242007
0.99456648391023461108773
0.99418332788386121201540
0.99463231496383253116278
0.99427549499763445695066
0.99481242663682045712648
0.99428989489594143957873
0.99407644514059789742078
0.99366583666968089083582
0.99362808194116025717335
0.99402378438861860310283
0.99429752788608727342989
0.99490766157650301071413
0.99479106435961539567359
0.99444805845918826658902
0.99503488996069466843153
0.99468860991288032824542
0.99509369231197608574035
0.99439526423937840693412
0.99405383365273825013730
0.99365803469690983096285
0.99375165072083349038223
0.99415481610060119077588
0.99456225113482399358134
0.99534092160914333646815
0.99532361905221888864759
0.99495517444952041863360
0.99560157227233558874246
0.99519256583978421559777
0.99559904032511314930787
0.99476048946495509994747
0.99430250470884362634649
0.99389760395959880767691
0.99408660890635514029157
0.99446865512952720145279
0.99494305483065514916774
0.99580722479802730173759
0.99581013288790198867417
0.99534943174624856965238
0.99590694182006567203302
0.99539365952663572123527
0.99592648250193416270548
0.99506995781021922997667
0.99462445109876607141075
0.99430684978332117829325
0.99359292243081798190474
0.99376766387584292150592
0.99454621490661820892853
0.99475095075033459490754
0.99512278879689908261952
0.99593778074949068646049
0.99588480331671724865572
0.99532609722036091692843
0.99577017593111594173649
0.99517764114529649877028
0.99585850215552695896548
0.99510328925750657358407
0.99484074340537242964189
0.99478893000771972943141
0.99396010401608536621865
0.99415148729593671994564
0.99501778449817179783565
0.99489521055712137886928
0.99503541693832209258375
0.99572645405966431209066
0.99561025003028480462319
0.99499544314294352531647
0.99545472060788264823117
0.99482228600948274799265
0.99558653583924505703351
0.99494764673011815148129
0.99492286588841183370135
0.99521318092660093768131
0.99430880452253744827829
0.99439945332284673806811
0.99535708242464548956008
0.99492772746854241106007
0.99486319236883491434753
0.99546924503262268491000
0.99532978269302463392165
0.99467672973420784288123
0.99522974482639592341826
0.99454411222912186829603
0.99537352605824169771154
0.99478549172316665938354
0.99490971540929673544440
0.99543461947919709142951
0.99439713396562190439454
0.99428798031945042623647
0.99544076947871684701852
0.99485995841261121164223
0.99469719297527425805328
0.99527151295929328078671
0.99511473244173054286676
0.99438371463676022976586
0.99493140847488581446356
0.99414632550571069291578
0.99511649927877632304529
0.99456708647922165145161
0.99476619343748773349745
0.99537970149172494416234
0.99407848682179855703822
0.99379029668686491572061
0.99526564518918125834546
0.99462012259873233688268
0.99436790715683143204728
0.99486700835443364621113
0.99463834234095771513751
0.99380375899131923045360
0.99423122628666782407691
0.99336446151256874159685
0.99451283491737596520466
0.99408830441408990719054
0.99442554046236542042436
0.99512027880364106735556
0.99345588322139866122029
0.99310063338693910228727
0.99496686352313923329405
0.99420129555975744750640
0.99375442543757130930970
0.99408520361543284415973
0.99375726458204849400602
0.99365926689672046112634
0.99329340777650620974981
0.99341884436400984537130
0.99397988248004121025758
0.99482149969751387796890
0.99273949169992725671818
0.99235049724003732141142
0.99468991158058683854648
0.99379803320454840331877
0.99314166390573366260952
0.99331251540441034553197
0.99292312038614483071797
0.99310071688624512731280
0.99269076284126533948893
0.99297327893265407983137
0.99367503772848497778369
0.99456164794171086906971
0.99188926194146487258507
0.99129859601245429168159
0.99440309736472642931915
0.99360247995694828127000
0.99290956616871972606475
0.99301419133184221088584
0.99256297249732827747692
0.99295573367318457069786
0.99241099281681921517873
0.99288165647733994667590
0.99352822227189252490831
0.99416818834404641069824
0.99051397904781035563815
0.98949353705731879493612
0.99379646479000283143534
0.99335825412502876119447
0.99275453211663100550055
0.99274791990685506970493
0.99203050671226089551880
0.99217635665669523525878
0.99119610377086631025634
0.99235307539353956318706
0.99297498141421058903688
0.99323058235659977821541
0.98821547597475845048365
0.98668060625820031006583
0.99241265959015989572833
0.99225466763540748349470
0.99150048871058371613429
0.99104734985424280946376
0.98969575402640719286040
0.98922540251945112466103
0.98744900360351794965652
0.99008216016561345629299
0.99109354589552323133717
0.99128858642901918063473
0.98494202373924388815851
0.98328732074814007013686
0.98977941389926726856174
0.98943897531133839784445
0.98805807690979463586700
0.98674068569644901582905
0.98448971254897976734810
0.98364078315840053345909
0.98544994162255983294330
0.98723297130579534819361
0.98780175526965297017057
0.98123657963998078823664
0.97854849705732838138772
0.98520849758158313136391
0.98446442093185682065126
0.98234754264686041658194
0.98016331699093772744646
0.97881692028041400455152
0.98106523208405982394709
0.98178683965529045529763
0.97486012691142476249695
0.96967135972241280672534
0.97722644558664673031245
0.97686887195532212668780
0.97163897585515812682644
0.97116586888766465168743
0.96253257252799551135780
0.95294104805469359575909
0.96311958721742518818587
0.95275214057688395463686
0.94039559930998450898443
0.91700452385853670200788
0.92488350602619262552651
0.89657558727934150155647
0.90058193207582892814145
0.94169666451156197606309
0.92075360844915576929992
0.95573473980280743145244
0.93746380817820951225627
0.97063788781469761968168
0.96672174080015604857863
0.95058230003457955259449
0.97494752610497914524501
0.96025740950045168631277
0.97767377402716748591160
0.97587466097630648498296
0.98063127092445234733731
0.98287297580562260623793
0.98077119388475075822953
0.96696404325589047079603
0.98467406694049730564444
0.97135342181194639366026
0.98662546608115520019311
0.98444465838553141256995
0.98191724188038864706840
0.98288245521074280031115
0.98541645498888097431944
0.98748963827485347621860
0.98930372085424700401290
0.98723271719981708915981
0.97413455039573615401594
0.98886430224372257047349
0.99117736882498008732512
0.98984964241012762808936
0.98838171860904189269803
0.98642411724149325902289
0.98720320071502154490872
0.98939786539013907518125
0.99072736602695987695455
0.99156773845511214648951
0.99243737954097788200869
0.98996706954592506022550
0.99322916207225386830970
0.99078495306591862767931
0.99267185013071401744611
0.99234546215585039963258
0.99161581270933829568293
0.98987726601510106494430
0.99171923776555992446902
0.99299392558978549772064
0.99325294197359426107141
0.99323659154601484644331
0.99369087449973236836342
0.99145169160217849757544
0.99391884946881770002136
0.99203162163396452211117
0.99339133784830924156495
0.99355895380161629582005
0.99361186608012697085712
0.99275131938289795652253
0.99309373158197755682153
0.99367026546622216898186
0.99346608616013376558129
0.99330021754289377078351
0.99401283112425853349947
0.99252863638890220787658
0.99405479532875673509551
0.99293980780920565454295
0.99313544509650208969020
0.99321535064519239632830
0.99344636622201021314282
0.99301421382014387617687
0.99280106847419025140056
0.99320296357648796270468
0.99301908075434464073794
0.99303367719242363609311
0.99410811202307969303149
0.99326346437184365179007
0.99421105829830391797941
0.99351139745854599727437
0.99307532362651229629336
0.99300905181558940526543
0.99312987600390678633033
0.99268266994206477704665
0.99278248082025721821253
0.99330307585340715803568
0.99322182679427728491106
0.99327258062679468775258
0.99437606643542708617645
0.99371609982947695094424
0.99459278247491456070861
0.99390832974713194669647
0.99358951943825113417574
0.99360860854773003225660
0.99369086425266117679200
0.99310471113993492586758
0.99357350149321821408677
0.99419253714024624635215
0.99407397932872709755969
0.99395241960771785194595
0.99483733601438917304449
0.99410747227011075910497
0.99507585427201594718838
0.99430952592373311738072
0.99430027200208814797122
0.99451893561876547611433
0.99469031468685320529488
0.99407355794472429533215
0.99382541419305803209738
0.99423360449152731188605
0.99450482940643758489330
0.99509857103933041511112
0.99487946734440257934295
0.99458398393118319091855
0.99528017422665304714258
0.99449571986914131471735
0.99542466365292070484827
0.99462889128951881279050
0.99478567652362070994343
0.99512848105852469426935
0.99538152079888309042843
0.99481866321917344908599
0.99453538836718435867112
0.99473559499545627371475
0.99502506241711541346007
0.99555740236271139664836
0.99528682208688545873798
0.99491205853399666825254
0.99549923178191535022563
0.99467784268726677776584
0.99550585767431332140376
0.99462589178430238501250
0.99498689240149318369077
0.99539363955570858699673
0.99567481562038639975043
0.99516564245259553356249
0.99487472709123558889388
0.99500300208933711854087
0.99529397503170691230423
0.99578398120711553165307
0.99548935725537457397394
0.99503494173106166176268
0.99545919687092621064295
0.99448185173844794171316
0.99538229595156946238887
0.99427848577870803215006
0.99507605977217872261775
0.99559495972475486880171
0.99591347705031907366902
0.99544242273385619146353
0.99515240143239569459155
0.99532062805772547608996
0.99560890359280762584859
0.99605734305037296749674
0.99570728708963351927252
0.99511945182727745695672
0.99530210550540876290881
0.99406162160834610208582
0.99524172594264492808236
0.99387496873659153528990
0.99516625511141432181006
0.99581052183423512946803
0.99618701998982128742455
0.99576170314165768360226
0.99547927783283962632765
0.99558492355362571135657
0.99585880205985000124258
0.99626589224884998241549
0.99588308484222842764666
0.99521245068868269267881
0.99521540930701768434830
0.99374590894081415992645
0.99522368131083960296479
0.99367544530411877623521
0.99525621317656232101001
0.99591308928590038807016
0.99627311157201603464273
0.99586963263537409130066
0.99560598188377902317825
0.99553804456709915626789
0.99579374728157499241377
0.99621274920549951481519
0.99590528511695297630979
0.99529539012479095738684
0.99525562479038354180005
0.99364122222118611560404
0.99529086352487694533409
0.99360501588412342144352
0.99533086416948390873216
0.99587777931720489199563
0.99611416025949828245700
0.99566177126256460994114
0.99540903899372756846731
0.99527073459233628138776
0.99552633576262461456707
0.99601790684816815524272
0.99585243962650238369605
0.99536137714261596620702
0.99530755890617594872083
0.99353075051789607741171
0.99528866846080865649071
0.99339684483738599496405
0.99538299616782710543816
0.99584428432410154741206
0.99595821137972084802215
0.99543500830518505395617
0.99517574740299985514014
0.99515973655127798469522
0.99541554310908997305063
0.99594745623899427755532
0.99585232269817203221152
0.99538834071638804257276
0.99522904717563731580299
0.99320689292445774043472
0.99513530738361388738866
0.99536900586720700179200
0.99585973202142930027492
0.99596860688667665506557
0.99545794233734441469608
0.99522194033776878452358
0.99532828039350085269632
0.99552126947780095189700
0.99598254450114309666020
0.99583930915327811828064
0.99531888183938510561433
0.99502720408035838506322
0.99523873320592459723599
0.99492947152434541013832
0.99576670808985379146350
0.99594278219384324568608
0.99554681757181717749461
0.99542172995890798592455
0.99544369452147485333171
0.99548361464998402770021
0.99581660951547479321277
0.99563021499358816956970
0.99513931164094271419884
0.99486593962836455951049
0.99503719170205429112031
0.99485270663840430493963
0.99544233471842347160674
0.99559875956998744594983
0.99530737669954971735820
0.99535763631435159037864
0.99515802883145609847304
0.99503470079211253640494
0.99532028319563969898098
0.99523341134182030653932
0.99495672187823747112390
0.99489633052715531480459
0.99492118006316143663526
0.99499214559661364187804
0.99504644031871380960297
0.99503057414769513489006
0.99471735477328671048980
0.99488128588604007873641
0.99459520717189087157806
0.99443104504837731560940
0.99479851298120947067360
0.99492822824335358511405
0.99494571827462374713491
0.99512839434678190819739
0.99503615030992687007227
0.99529123890998683066300
0.99490503297498833479295
0.99467419174214100063836
0.99424001388255622835288
0.99437390285040072601674
0.99427299987976269779466
0.99418971305429248985774
0.99468410195018530650657
0.99498432090275645833799
0.99518342809145687866135
0.99546707040988446912877
0.99536858011794104861281
0.99564326628930710505472
0.99514598951891020117699
0.99481785177578629930650
0.99428722726768881123860
0.99431711259700172877984
0.99449154886054025315190
0.99450149186726211070209
0.99503663078747728309992
0.99535424122946059011241
0.99556432579916165348521
0.99580950985270433317709
0.99574119516158066112155
0.99595529066809074247857
0.99556130813936449808210
0.99528439218243403008302
0.99477658381962008604660
0.99475204541282236103683
0.99504433714484941120304
0.99505216613745040010741
0.99550631732348082714168
0.99572644485102146383326
0.99587515439010487749982
0.99607155950032022495577
0.99595254686785084086154
0.99614931032165476842977
0.99582745629299795897538
0.99566707935047948918594
0.99528089782851947298070
0.99531528160591009601887
0.99530791081103409112529
0.99553475935927171480699
0.99553443953836784352518
0.99544078838417393573224
0.99575322175568614646579
0.99585855064292594374109
0.99597157081703047154519
0.99618435960706108733831
0.99594255461221836700503
0.99617748491679936062582
0.99583547282374151876638
0.99577867023615573849327
0.99553599370599854534447
0.99569671448027308180428
0.99570811259458447128878
0.99584006710623151903405
0.99581279927797949902413
0.99559089955795132542704
0.99577237168807208878007
0.99578526398808031583343
0.99588542422941050968888
0.99613638605733045849888
0.99581993433007998106632
0.99607248567984485454474
0.99573655878167366406473
0.99576634046784007203712
0.99563603415228918436242
0.99590510362117701248508
0.99594362325032015359483
0.99603293685465599249795
0.99599038625105773547830
0.99569343438252844169511
0.99578353392925234022215
0.99570904511755864430000
0.99576309670774665327997
0.99599702436523085413711
0.99571851024040214372945
0.99591503437611195170831
0.99570814494297965602243
0.99583041772005576053317
0.99577063312777125414499
0.99607614134465216615411
0.99611023788956765123714
0.99616819684276614044194
0.99615678296038423500391
0.99585776019405147785335
0.99589487535187004585424
0.99572232300817853367647
0.99567776084124282043319
0.99582289117875055772799
0.99562177661594863931072
0.99570980653252250114349
0.99572811741976829935652
0.99595353749585990854598
0.99593466549359277451003
0.99621661296396357698768
0.99619520244154657895308
0.99618126920547300784392
0.99624093362474230861636
0.99597814201726408978033
0.99597917257389600997897
0.99569930672184880915410
0.99552957703962219326854
0.99556136132586559028823
0.99538446198720886837208
0.99536954158106816237250
0.99561736484611218500618
0.99595320623594929543287
0.99597291921305031170419
0.99622199079026130252856
0.99612398531644241739258
0.99603234865144141263471
0.99616129110667928081568
0.99591594931070825946762
0.99587070915110698088313
0.99547835062263456684661
0.99518756364368599065529
0.99513612348232949322835
0.99495290526979585088441
0.99487853608224963153361
0.99529705419119696152563
0.99574418082979199162708
0.99581803834354576387966
0.99607088003943300424936
0.99591774131636368050380
0.99579631397683610050109
0.99596311148232063992225
0.99569825498098918359346
0.99559695822253713171079
0.99510244555238558383792
0.99471405984680050238467
0.99492739665764096113065
0.99450516400900279556652
0.99545882382184669445735
0.99557731189149178963049
0.99585147317117361787098
0.99567307973999974457513
0.99554589179815822230779
0.99574024298962526824397
0.99546843967843767764236
0.99535071173705425007228
0.99480067124921434107421
0.99435240216357012599246
0.99473232510972642295144
0.99426639660572735390787
0.99528229802727319341926
0.99537512097545755018757
0.99562360537844729613255
0.99540284305054915758859
0.99522763573273520520956
0.99549203358987681244940
0.99528897569136132172929
0.99524468920736786081704
0.99471313060157218188806
0.99423775252998269902349
0.99471891535776990611595
0.99424212277951884431104
0.99521717674722398605525
0.99519331485936168846251
0.99533281081436197901269
0.99500939095331897288332
0.99474961061225886105319
0.99513884165839960882494
0.99507391291669811117515
0.99517584906653500098628
0.99472113274086526590878
0.99425109932106570109767
0.99470074155572418828086
0.99424597217587273867423
0.99510538766865652693383
0.99492181297876891576948
0.99491251421692161738264
0.99444811406570743361755
0.99420974761702474165048
0.99467184337412306582848
0.99474472639751776448236
0.99500876498247081691773
0.99465809659894866001650
0.99422668834131167070467
0.99461512218032255283617
0.99421324723812165569115
0.99490696586264049106063
0.99456738097745778226511
0.99443950627657839991258
0.99398883107699953498582
0.99381674282273091414197
0.99424442668035140080462
0.99442207180677721911621
0.99483909148355276208520
0.99460864797792714053770
0.99423789388864280969216
0.99467479132969971455935
0.99433106859787412368235
0.99484045085116479256726
0.99434114612933854893129
0.99411235749667747896297
0.99370542976927200840009
0.99366558208968658316707
0.99406040325004008106902
0.99434904517959810110739
0.99493559049914148673111
0.99483390850066255595152
0.99450471128607043080905
0.99507815368773000486158
0.99474641415927333998326
0.99512155500300170096750
0.99444707246903119024495
0.99409120652452331867721
0.99369363188854942237072
0.99378536759712099435404
0.99419303063319885982452
0.99461435784571361473638
0.99536873354510468914214
0.99536734309782315399673
0.99501417887501664161221
0.99564578094481059888921
0.99525280733796339660557
0.99562680544530968163031
0.99481290743024342049239
0.99434159961743207034601
0.99392961711261662571815
0.99411695642320807575487
0.99450868735121322750103
0.99499576652689913913719
0.99583492380619154094035
0.99585483249600315058814
0.99541094074096836408216
0.99595212916271691483416
0.99545645444415087332857
0.99595408460978385178919
0.99512292834015070308595
0.99466543992964095988185
0.99433568744186107135619
0.99366567896466817533252
0.99384388187841832262848
0.99457358283362007345119
0.99479294238490112434192
0.99517598911796034677479
0.99596524350192261465509
0.99593046992526401695045
0.99539019259227490277198
0.99581632429451472088289
0.99524306347699675878715
0.99588579341159433333530
0.99515668791844003049363
0.99488374378343769066646
0.99481497003947105817190
0.99403994628059799687492
0.99423518106856856313414
0.99504253462140968000682
0.99493926109247987632500
0.99508897696379705610781
0.99575355546072563672766
0.99565689724521322379047
0.99506223170013974321790
0.99550190360071821871202
0.99489049713280774955848
0.99561344506146509658606
0.99500135394353073081675
0.99496796481079674556725
0.99523675786154874867151
0.99439650282408142967228
0.99449130300688382000374
0.99537952135913676521284
0.99497391967448056693257
0.99491702596569164818163
0.99549596862486400272729
0.99537753925025274082117
0.99474641780499906129620
0.99527811693733969633513
0.99461532680313691212604
0.99540006943449432785798
0.99483944400021839804538
0.99495700822044486066886
0.99545602002431421428952
0.99449330758185816581118
0.99438865662050335281208
0.99546117223504648752197
0.99490838830070971177122
0.99475124351968324809548
0.99529787411929060425564
0.99516375157337388923651
0.99445649306027272817943
0.99498108976332866326686
0.99422070432448916843526
0.99514266250082272780020
0.99462121078408682883776
0.99481575115386633445524
0.99539919510083163523007
0.99418380714564980049630
0.99390044190679993629800
0.99528427904721261665344
0.99467083331764738485248
0.99442205639470448996775
0.99489294157293051146240
0.99468868524795983621090
0.99387975608799172810848
0.99428223044678221143045
0.99344209937149519085153
0.99453849998144372435149
0.99414244503201798508485
0.99447740259950301311420
0.99513815191657872816222
0.99357102873340852333683
0.99322099752307302367171
0.99498404602675616370533
0.99425433854141043177322
0.99380851900345912319779
0.99411057685585768606273
0.99380894934372132620837
0.99368435343742722576366
0.99334581279502454087549
0.99347287213083845802686
0.99403411395151741736242
0.99483810365246805318407
0.99286519095981795590689
0.99248172701497927583603
0.99470601790947110742991
0.99385350033551289605782
0.99319562785016868300403
0.99333734534139417338139
0.99297631233408889528391
0.99312533714462769562914
0.99274481898034050431079
0.99302718403179790485069
0.99373176449589617487135
0.99457735450881545880009
0.99202621731399676097141
0.99144141428779619662492
0.99441848064384230632129
0.99366051719573755818260
0.99296342656943537008374
0.99303864844732769867619
0.99261796070783780976399
0.99298004314727095209747
0.99246694411773328514670
0.99293547103050083801890
0.99358757457458324324762
0.99418332151085753167763
0.99066280512037618866117
0.98964848245904535328776
0.99381138641426103319532
0.99341891688669425874991
0.99280824168241466054496
0.99277203416436909932941
0.99208739678044277621183
0.99220015617870660484812
0.99125383818658563406245
0.99240657808609089585161
0.99303689500673497647654
0.99324531702453711101697
0.98837666785968925076133
0.98684818139035934692060
0.99242720609627788075358
0.99231775761526652690492
0.99155362607440411526483
0.99107064949649159579792
0.98975417476455884724373
0.98924797004479136930399
0.98750794142333064851158
0.99013473449986688645907
0.99115768207823151669800
0.99130292928177743405627
0.98511438442744247989680
0.98345460619638613852800
0.98979351172094121036338
0.98950402817110927333744
0.98810987375183279013413
0.98676230724325875165448
0.98454900967368219610876
0.98366124979755387158775
0.98550076408835529662156
0.98729878119640357425624
0.98781553093212892679986
0.98139901319784494937437
0.97870580975872245588221
0.98522182822726112050304
0.98453084127411671921948
0.98239720566047084027161
0.98018250957819363922141
0.97886527043960980254411
0.98113208068604729206186
0.98179951898572559443323
0.97501239332253819558360
0.96981814266393184809090
0.97723816892145876078501
0.97693592835529385887128
0.97170593147471562289752
0.97117618659696758331989
0.96267367261991598770265
0.95307576103988478344320
0.96312788772503865608599
0.95275765995391858975694
0.94052354768291901443433
0.91723932968333232729208
0.92500375107970511656674
0.89681730057158015601004
