0.01174469880715733015319
0.01129917239496827825740
0.01350650563294505598910
0.01306094948732125678170
0.01519375653587237522124
0.01260726633113687378263
0.01476906776494692034862
0.01674285607293113375960
0.01636211398038897937846
0.01809509684041900323681
0.01434474113475137958817
0.01216298415202942372060
0.01390654065471668213161
0.01597460461854662699954
0.01777321582245734027383
0.01921165600704391115960
0.01894975969391552578225
0.02007112329102968273364
0.01742883662781077869219
0.01556830153757010788695
0.01345390567620658242576
0.01300493587747010744426
0.01515082571084560777996
0.01707658022899842184539
0.01866874943041400142230
0.01988006171306483382821
0.02067160254406553640538
0.02054151185550682351399
0.01966463320890593155510
0.01837580365451042807567
0.01669939279803208526110
0.01471952439498569811804
0.01440547384587941188994
0.01631200100398367755505
0.01806011092835842213322
0.01943497299919465584606
0.02039851426801749662010
0.02095796285031248720743
0.02087357793446939502324
0.02115737405365606879637
0.02023384201649857869199
0.01918101542679603171981
0.01772607845832390935370
0.01596141476324344082860
0.01737764093104095589060
0.01891308417429265684162
0.02004896553964583688634
0.02077430761389682453699
0.02112532590372719759619
0.02118407991324508868325
0.02119037160670163288945
0.02109405517615168743073
0.02108005548520264227363
0.02065889094532777359170
0.01985045059615220958138
0.01862655227945038058368
0.01962881100617014026866
0.02052496417665894412607
0.02102185934729188659942
0.02118841406433608076654
0.02112441326366246152624
0.02094600885332337930622
0.02098516433802614586379
0.02079261199983990782147
0.02115039524610050694631
0.02117662351851597526964
0.02094831580864242939755
0.02037234811283923988090
0.02086058243956842583877
0.02115386975152601031769
0.02117058616207810259335
0.02102379458472511397638
0.02082790191130214074722
0.02067469849262724632122
0.02069825125544659180643
0.02061724533666554198819
0.02086600163352999443012
0.02106064129932074327489
0.02118450083121841548417
0.02111961193785698992498
0.02119031409415400926677
0.02109573391836298481006
0.02090555882334187501326
0.02072576190428421227807
0.02062374299984860367974
0.02062456941471355054141
0.02061468418609243430373
0.02068807178286199630057
0.02063453086268890457333
0.02075639069708022990679
0.02094676469146833711066
0.02112735352566213684056
0.02098821225245414701099
0.02079132581599586748755
0.02065065248648575990664
0.02060892161381783563301
0.02066552915070186610680
0.02078983027739556704860
0.02075909206147052640801
0.02090896928538876764492
0.02064563041976472806960
0.02060742389188475673367
0.02067123609978235160289
0.02082891641649705152806
0.02088840476785740543630
0.02074623481387359233419
0.02069596953714447629125
0.02061037986054463019836
0.02062894259000155189332
0.02073058836080974090543
0.02087670098790292069757
0.02103015915763886689582
0.02099872468318015120148
0.02114175973530205837614
0.02084409730195012008802
0.02070329535077399321641
0.02061563389464907830595
0.02061833421606646191138
0.02064587869585536930583
0.02060347845505164712798
0.02060635534516819591944
0.02067812991161748631397
0.02081153544288974477361
0.02096649603466200703639
0.02111393730932365972452
0.02123953402233400705734
0.02121506257864877106889
0.02132234790965658807749
0.02108454796575135598014
0.02093320102209065072807
0.02077969026817317807487
0.02065548626944280208306
0.02062049849401960746609
0.02068765076713029865685
0.02074903292303409765851
0.02089960109308872798772
0.02105382516509882520617
0.02118979963345651168494
0.02130166932919926037204
0.02139014737452514525184
0.02137333150271577067447
0.02144031928383552040862
0.02128031314964687684133
0.02116345489516836819721
0.02102221192029897142706
0.02086694573977700833955
0.02078879991040624708454
0.02090500488660276476316
0.02099005673030266555523
0.02113511671013170931110
0.02125748704610482681110
0.02135590141294223601176
0.02142848491791315632127
0.02146726403684628969870
0.02146223240431403486705
0.02146196568929931852709
0.02141561995833371478959
0.02133685202474062958533
0.02123413889457857403609
0.02110620663851186379345
0.02102252349851143134463
0.02113096084274903099787
0.02120860230234901389057
0.02131715842838445215679
0.02140086411871745461499
0.02145508798445781156738
0.02146608210602492586294
0.02141427268047025808673
0.02143040388887446079380
0.02131711019134698362198
0.02146755739734454437873
0.02144619382781542266114
0.02138523647880640962682
0.02129629756101265522505
0.02122599754702804084050
0.02130727478279148892626
0.02136831252462150637639
0.02143584783753671799134
0.02146664120923114787987
0.02144295285463886785449
0.02134601437865451742382
0.02116769367865896020464
0.02121018047548879972841
0.02097384705345646874197
0.02137170137826715013429
0.02145265040337515291546
0.02146343267040660973688
0.02142383920162334309811
0.02137444038060472978335
0.02142599970222913360884
0.02145817484040809033918
0.02145939829008883595329
0.02139435575680362355833
0.02124905206940980867403
0.02102661033102374427139
0.02075090471879752207496
0.02080842693978530305587
0.02052481706233800357042
0.02107697672493014443007
0.02128564989704307200413
0.02141375499393857045893
0.02146344937626600349323
0.02145812296808636068790
0.02146325767608561058131
0.02142974145536517133204
0.02131811716732874562030
0.02112616355370412757342
0.02086709338660412693667
0.02058212510061053004962
0.02032406235290344989619
0.02037144919035744836111
0.02064022568993992279296
0.02092409923223036150031
0.02117201646831036107588
0.02134823276850007778283
0.02143325654447433142868
0.02136001821676658182780
0.02121515484152124847439
0.02097985923570997585097
0.02069850945920469892370
0.02042231806626477325084
0.02020981284780677331159
0.02024508143696380699228
0.02012188056020607074270
0.02047576833534720669450
0.02075807861342452917408
0.02103386150598985163129
0.02123947323199105660652
0.02107405602692263846265
0.02081889536723209588320
0.02053177099602732438854
0.02028495987833823024915
0.02013661679709446636344
0.02012273873699728030107
0.02011322540149344459404
0.02021258707156953216000
0.02015661077165709427761
0.02033010887054229401394
0.02059096964686087452567
0.02087383157764181873528
0.02065065663150972979922
0.02037956103720939618484
0.02018337226475713092055
0.02011004295208711212251
0.02018113191960901539601
0.02037986840336340060853
0.02032872579848316388351
0.02059820823040075035704
0.02015461965451019812900
0.02011334751528365966111
0.02021477706214471273261
0.02043268128061531685447
0.02025288028699597300819
0.02012320323150106060606
0.02013319051350875160677
0.02028241612624262849018
0.02053577642050555610020
0.02083712367266262951992
0.02077305666070859355155
0.02106755928327639845743
0.02047676910817117917896
0.02024092400329071880782
0.02011861065101427925583
0.02013953076785907764235
0.02011096849199401487285
0.02020387829386254691100
0.02042031053070612195421
0.02070868948649052729283
0.02100817071251461637393
0.02126534857909890413596
0.02121629760364478201051
0.02141410449340237082128
0.02094596752930685812366
0.02064427187828900278621
0.02036616662503492464209
0.02017278482301753869677
0.02031636702108305728154
0.02058141230344372879513
0.02088345318693494989670
0.02116405648210433962375
0.02137875804852681915769
0.02150888730344368074410
0.02148728731829860003066
0.02155425912804142044021
0.02133941597598744410735
0.02110850887584840226974
0.02081934471692603247361
0.02051931682861361447290
0.02075465422322165381930
0.02105017409055453397881
0.02129548259778911434292
0.02146153597851661876117
0.02154427802379173251257
0.02156343912278066085597
0.02156152524021926267239
0.02155451492172650446166
0.02153173509675927743690
0.02143283996273746480621
0.02124904659653951977116
0.02098955153192806274975
0.02089654382370398702506
0.02111075624977501799528
0.02119816866574724539829
0.02140007393857962583739
0.02151584716686677847819
0.02155791835116119617433
0.02155555667789339768792
0.02154600284535294202337
0.02154558429131648439325
0.02155363231545043972703
0.02155640242780074850026
0.02155215332602582883892
0.02149679682472256311843
0.02136296937495649195249
0.02128858569081868920558
0.02142155091476361308822
0.02147423498877583034061
0.02154439360281124732355
0.02155638008811415484711
0.02154596587878782054659
0.02154819685113076865868
0.02158578894270812495448
0.02157408737341690377343
0.02164198425714851034551
0.02154427004354019306587
0.02154664547418173869975
0.02155553218319137057102
0.02153412425922529224720
0.02150468248747276420185
0.02154454460608222488016
0.02155345366329077666512
0.02154787283515863932637
0.02154151865613912475439
0.02156364350985088065848
0.02162464899987861371988
0.02171149299310750832581
0.02169263695980873721258
0.02177630858304598765463
0.02160886308095580354838
0.02155507573095763462767
0.02154021856147974103846
0.02154915221892218096800
0.02155274082467896826221
0.02154514490075122232215
0.02153995839339596998774
0.02154810026828830882284
0.02159379225779405053753
0.02167369960697050623732
0.02176097779443998680993
0.02181346956038335282990
0.02180760915767296359569
0.02179986701250339123370
0.02174373519729948592283
0.02165503946784429548100
0.02158036580336794574286
0.02154279143541929994465
0.02153815308674597583938
0.02154550122156009134278
0.02156854235187253068795
0.02163663466739443666520
0.02172580033870248963912
0.02179864323768958625505
0.02180916015305311289607
0.02171630884529475447042
0.02174509371398668580722
0.02155304056753715863382
0.02181400913910904945658
0.02178683645722409231715
0.02170661821372861857715
0.02161923342577735246417
0.02157512008052677940362
0.02162668753837437840559
0.02168764686311710002120
0.02177289058237586935607
0.02181480656011812804818
0.02176852946403244615237
0.02160335027530387030925
0.02131096258293158074437
0.02137972420485905952758
0.02100663509961923219871
0.02164728577412980067840
0.02178709593795188914633
0.02181191439013096047828
0.02175651344875963524861
0.02169354935727567032511
0.02175936875358329414265
0.02180552266022388677169
0.02180069096595978195285
0.02168600798989551645124
0.02144524457899735572775
0.02108866613310127202663
0.02116907043063217738754
0.02075563209243066684073
0.02150506874023980219413
0.02172069505281373769101
0.02180967445695761175450
0.02180548580114339413116
0.02181083509216908203343
0.02174942039816080488479
0.02156042445084497757857
0.02124620627779683079694
0.02084334302483526260574
0.02041661214264948662200
0.02050191582159796577223
0.02011616812755467192941
0.02093073275511265693427
0.02132087628083684585634
0.02161019223706902442350
0.02175746274371910884970
0.02163309186627156502358
0.02139180031232642067995
0.02101735616939696960070
0.02058802543807912444063
0.02018632119833417559729
0.01989844662727183882689
0.01994369604570848941716
0.01980113601281032961743
0.02026256247002401755797
0.02067707448077214446580
0.02110372557200849291670
0.02143391134768826700174
0.02117035927481960774776
0.02077016382975167829716
0.02034363965872029375581
0.01999731429569600454910
0.01981254226287544953355
0.01984134015346698462490
0.01981596429225390351703
0.02001567563655476042483
0.01983354145892110564908
0.02005730050355923263505
0.02042764910054976901232
0.02085985930991953590796
0.02051820927938866404028
0.02012433649919988937205
0.01986300976546609420303
0.01980057351220083569632
0.01995691460224697025283
0.02029958703077166734530
0.02021732270792166857865
0.02065585680580615465796
0.01990780376672819651507
0.01979469546035652130489
0.01990272331591249818650
0.02019848895786820197618
0.01995090619704160961323
0.01979870962596855937798
0.01986486612270083745857
0.02013770135618216799989
0.02055829248491443037028
0.02103362680220249511520
0.02093403536972933756677
0.02138964818137947809795
0.02046390964126615016894
0.02006703244043901712690
0.01983217773324895752407
0.01981264331421100921560
0.01980856178989942248392
0.02000008878961500452531
0.02037108902858443190698
0.02083547867528611624577
0.02129949817016087848520
0.02168562948147867777693
0.02161468269261878835663
0.02190031007002019719510
0.02120658232066085710499
0.02073470687116444124976
0.02028092248435367506154
0.01994369619184148748059
0.02019669616106730541949
0.02063341772543216684488
0.02111002179022222410842
0.02153681427813007934202
0.02185099712229159746313
0.02202295377255620439927
0.02199724654039455704058
0.02205887578804621718120
0.02179679604779673207648
0.02145558265177537754509
0.02100998235594557159156
0.02053434249151693188895
0.02090866014902200906156
0.02136777744097354686525
0.02173550057165770515999
0.02196557694633314086752
0.02205479729706728495020
0.02202399920608937716748
0.02203609194289986999982
0.02194185031557871132235
0.02204564596965894948677
0.02192810403359373924714
0.02166700824313495810092
0.02127537409817212288310
0.02112938073537054886608
0.02145709440554784477873
0.02159266509489714269687
0.02188423804549294651722
0.02203107333337629702985
0.02204455208977816951799
0.02196385816620425104895
0.02183938912816827185304
0.02186424734997394550562
0.02174222268393501827921
0.02198394162267132412314
0.02204919555805250411251
0.02201053542529593162747
0.02183337145373126508829
0.02172290279047130179269
0.02191338037860071988328
0.02198371082011455965310
0.02204950490979330074426
0.02200178008645961233447
0.02188869486711518888566
0.02176360610634122880191
0.02167187309727545974081
0.02168504227388603350368
0.02164209551769907119434
0.02178609011758248989454
0.02191311043201103064826
0.02201695711428865859238
0.02204466437345214968602
0.02201866531321763909013
0.02204576073300088326357
0.02202920367931594791688
0.02193652566741261661365
0.02181021893167151351478
0.02170072991745423604537
0.02164438351347521688472
0.02165789011701169455848
0.02164899334813242051667
0.02171446477066769215059
0.02164942352572902725671
0.02171861794567207445961
0.02183500513197269773946
0.02195917324360072142575
0.02200966180055720367026
0.02193115912516731616511
0.02186037816722289153781
0.02173877874822589123527
0.02165762757409435065870
0.02164274341163886089534
0.02169656862627187057790
0.02179788966160978516684
0.02177515253339432077517
0.02188671065658160178047
0.02168018189239101500831
0.02163947197958632218118
0.02166843129785039206991
0.02176085002711913157780
0.02183428018793051594848
0.02174154633008939033201
0.02168216501829521927758
0.02163890141812481807126
0.02166624371224051132101
0.02175271893468009448691
0.02186517699909448775308
0.02195192463114976552663
0.02193944367537564027471
0.02196058366873573572398
0.02184235066464916205642
0.02173170233884435739724
0.02165495270838603894537
0.02164156709704449441101
0.02167222175683421181436
0.02163930454367219563538
0.02164601764164346062169
0.02171170560743791028147
0.02181922129339695579087
0.02192377283779522664786
0.02196545520388028943648
0.02196504264621787147482
0.02190812790632647513722
0.02190500541342096235686
0.02179581947097816024828
0.02169348865930974604166
0.02164801153671619751706
0.02169552129511343602219
0.02177267265967355175382
0.02188436620499574492005
0.02196008882187669083996
0.02193224246417134828957
0.02173128203728104043679
0.02178834725963869900500
0.02140011489866963309558
0.02194954322726981946201
0.02195074808518911527178
0.02186231822338408764539
0.02177162264906520525165
0.02185831905461032426130
0.02193761442369898326255
0.02196039764765188306850
0.02183787677675475685790
0.02149922929545147742836
0.02088776234717287100251
0.02103716314870661407976
0.02016964804101700065031
0.02158925360232928983284
0.02187767095270062508994
0.02196540478882253594195
0.02193243974126965131766
0.02196576445180840192473
0.02190957192832346245304
0.02166664815944505800838
0.02117235314689538960842
0.02037020225877903337186
0.01924036602747962107496
0.01949509455549978259592
0.01811003518983891544258
0.02056177251735052946557
0.02129646544708633723597
0.02173482126002845155055
0.02192797807437768531358
0.02178710458855072362727
0.02140737918272003770248
0.02073779192482985006540
0.01973793104601634373907
0.01841215018933851921279
0.01677509013974666507441
0.01712293729777724163310
0.01528398000423968061678
0.01870504804816959174008
0.01997031981086097238154
0.02090080555783919644131
0.02150867252697738485345
0.02104928251885343493122
0.02018715300343249668957
0.01899453799386090560586
0.01747290327377928539909
0.01567829067494055927945
0.01367507138458235772804
0.01408556171956479655116
0.01605752334243342946407
0.01780350818359708459093
0.01926200694954629741296
0.02039332096599635185674
0.01952346163679345714126
0.01812565094617403158028
0.01642942600887506432450
0.01450224323023607993222
0.01242996017345309768543
0.01285979727335766903407
0.01490778470630161646471
0.01679963843609880505547
0.01844600968888489289643
0.01716019630686817579179
0.01531081320056734522417
0.01328059502147192934285
0.01161553850221877862148
0.01370961757794476355843
0.01571376291317807746828
0.01413636096164964939259
0.01203596082302382450080
0.01037087991504071111948
0.01247214526585269621373
0.01142658174170244067547
0.01080037579578775261413
0.00985510063851470149987
0.01174664664593984102214
0.01130118430716761483701
0.01350874148149722175916
0.01306327153222747346206
0.01519626694093755524262
0.01260955998861816064471
0.01477168942392317364798
0.01674561723032488153029
0.01636501378835438294534
0.01809807541751204396085
0.01434734770562951650108
0.01216523241613087086277
0.01390911064415520717596
0.01597750378574068139126
0.01777636049977104892861
0.01921481237076558268306
0.01895310687043133893170
0.02007441448625712013265
0.01743199589344032393590
0.01557117801979532312195
0.01345643536777276806637
0.01300732761170630448488
0.01515367393682218004336
0.01707973460061645853969
0.01867212940563325873633
0.01988356722769157522435
0.02067498563736562544602
0.02054512774194725693855
0.01966818917764684079841
0.01837919695784997684007
0.01670253138841202439346
0.01472223407837040115576
0.01440801935477621122106
0.01631500684866916961457
0.01806350442490457786082
0.01943856070593883919595
0.02040219841274400203179
0.02096164546471755013579
0.02087734324661538048984
0.02116108490117725449142
0.02023757590497193489809
0.01918461872697653503028
0.01772934810053169996102
0.01596423362236428639127
0.01738070923825412936181
0.01891657615785870966141
0.02005273085110317876634
0.02077813979478349698526
0.02112913206131418822342
0.02118778860071264188991
0.02119418493276497422739
0.02109774124438555664707
0.02108394243889453317786
0.02066276952582535644809
0.01985411916698906834022
0.01862984501557450947584
0.01963228515619177411144
0.02052876121117996194299
0.02102580475434813120361
0.02119231916557264353007
0.02112821004315867598478
0.02094966209733500200896
0.02098893143187198148669
0.02079623141601649044530
0.02115429146309668467785
0.02118059669305010633833
0.02095219499158111967074
0.02037595790389137156984
0.02086428272264183661489
0.02115779072390579218510
0.02117455681065881847869
0.02102766558981786909621
0.02083163629286933354878
0.02067829028979002031763
0.02070195795335187660680
0.02062082007752920678745
0.02086984152445879939219
0.02106458976268759872297
0.02118843116410123322835
0.02112336205841149755491
0.02119408083701469075466
0.02109965148220220576558
0.02090947654688374984788
0.02072957370385308112359
0.02062743182385488871500
0.02062813828002805702222
0.02061836683732284902781
0.02069164430003026314275
0.02063832360224551742967
0.02076027893500468138321
0.02095065821993328386563
0.02113111278721205646414
0.02099195037697342697269
0.02079519403074528774433
0.02065451933167020137638
0.02061270726018675503166
0.02066921635262766038243
0.02079341289834597122921
0.02076279149164229204105
0.02091256494231600107647
0.02064942031667143032547
0.02061128092943804654413
0.02067508533551142696494
0.02083262956293184531287
0.02089205998605279945846
0.02074986112078584798990
0.02069966243038219577688
0.02061422106939899551170
0.02063280186443542871255
0.02073439112638526468646
0.02088041683413182150741
0.02103376808443750689559
0.02100245759404823289729
0.02114538006769656197648
0.02084791798419464645131
0.02070716675677513121667
0.02061947944700975518528
0.02062201651441400440667
0.02064948355368016394418
0.02060707196458633552738
0.02061003874496054877330
0.02068199043035736858775
0.02081542528666684849226
0.02097033614078984073426
0.02111768600748703192393
0.02124316319443737832717
0.02121882463900316012628
0.02132598329180840010522
0.02108840664864428809944
0.02093711179251772289134
0.02078357282516491572055
0.02065918127987664831835
0.02062409114256108164098
0.02069125161377844898669
0.02075274766630996747807
0.02090350916209276002644
0.02105775646942181084098
0.02119367427077185894735
0.02130544210745988556455
0.02139378636166684721776
0.02137711222030991981002
0.02144395876774584513980
0.02128420081546279762907
0.02116740455155402544918
0.02102614601364196159072
0.02087068450684816806051
0.02079241506641569398051
0.02090863714195075051538
0.02099382045690559653317
0.02113907503570981033514
0.02126145229080219842266
0.02135979932057797958667
0.02143227055952735826683
0.02147089990729120212443
0.02146601923346419180105
0.02146559243668196698129
0.02141952512798819818762
0.02134083007466294756860
0.02123811869800670479314
0.02110999370052983256651
0.02102617326688382623501
0.02113462705647426581601
0.02121241047091489140275
0.02132115657841385930604
0.02140485188116098697053
0.02145899653204351789637
0.02146986489587626723008
0.02141788320321917626909
0.02143417557617357388500
0.02132069618992581475081
0.02147146418097576822670
0.02145018778632711703436
0.02138925010747467700400
0.02130012405108584749858
0.02122967838725600686622
0.02131096820697263999334
0.02137215463199566151120
0.02143987374688787611587
0.02147063689989041693207
0.02144685101186154935204
0.02134976629413590579198
0.02117124633587958229541
0.02121390367304138574456
0.02097735897239064520314
0.02137558237560211252259
0.02145664135876708747408
0.02146746633715101298945
0.02142769363011584951573
0.02137814434714286129791
0.02142971204894005346486
0.02146203784700790109796
0.02146343359089990590616
0.02139833364981372221258
0.02125290656380271828163
0.02103029656695852567250
0.02075437121817369154342
0.02081207014957615897277
0.02052823782951514533512
0.02108079554573132410877
0.02128960530916664331547
0.02141778399453660511331
0.02146731563395581562914
0.02146184095564683536050
0.02146697708673511034716
0.02143360406406875223739
0.02132213045009053245527
0.02113008708457229586908
0.02087086959800039595581
0.02058572386753672323056
0.02032744169752154911324
0.02037500630560139247560
0.02064395630008198506689
0.02092798308026454223718
0.02117600444588306138338
0.02135208280516198708909
0.02143697175718248248977
0.02136372229204461931085
0.02121898299758535541559
0.02098381300063470802919
0.02070234926672901570877
0.02042600474409667077325
0.02021333700034340027929
0.02024873143454505863836
0.02012538464972854143631
0.02047956454767314860010
0.02076199235466099843328
0.02103765892797877443132
0.02124315856077767586396
0.02107771536402117118492
0.02082265608966550607395
0.02053564380278503562205
0.02028871841508659082387
0.02014024243024940125091
0.02012623813266791600318
0.02011684193243236731807
0.02021609710594375261539
0.02016034333743041070952
0.02033394538044048030501
0.02059469117179332786627
0.02087745914114265757822
0.02065424940181084800805
0.02038324620773023995723
0.02018718255044141263177
0.02011376469456462035001
0.02018475573852936133523
0.02038340249369581178018
0.02033237110524289265046
0.02060177516022703922416
0.02015834739324256011384
0.02011714586593580170182
0.02021843413751532592126
0.02043624073150652684094
0.02025641302774010971133
0.02012684566141772005143
0.02013699384539138423356
0.02028616508040508373267
0.02053945354849761456562
0.02084072677356850478159
0.02077677080270601620016
0.02107119682962081338995
0.02048055167153668351676
0.02024474889561962004381
0.02012225400083061943590
0.02014304826679938834055
0.02011448542770488678855
0.02020753865617868488824
0.02042417040987743945268
0.02071251258012758722504
0.02101192137106218035814
0.02126901480898934007624
0.02122007979774457805955
0.02141779087851117951979
0.02094983197457531143293
0.02064817501636262431219
0.02036985783276892489346
0.02017631702731698117859
0.02031992901419055197465
0.02058514408791375926988
0.02088740232266063368005
0.02116795857091084004376
0.02138256334223848087461
0.02151258441379344868438
0.02149110591890131954917
0.02155795828726157770117
0.02134334784332155357522
0.02111250135010248399348
0.02082312104395827104253
0.02052291902128148756712
0.02075830231828451263865
0.02105399371947682882200
0.02129951120973481298870
0.02146548775605290615420
0.02154810070199258964507
0.02156713400949909764659
0.02156534493822903977844
0.02155820243884959061531
0.02153569717813657788397
0.02143689506690124937927
0.02125290352809922414523
0.02099324549937545136835
0.02090022443698784718191
0.02111448048001416527564
0.02120190408375697069254
0.02140395948844371273867
0.02151991830112326767321
0.02156188252775695021746
0.02155936916282856496974
0.02154968303952100108778
0.02154938867087962187097
0.02155730780058650805642
0.02156036353833639535038
0.02155623163247059187464
0.02150070110501133696657
0.02136673863195721195796
0.02129234712849594618467
0.02142534151961247163021
0.02147802860914598682696
0.02154830779513062372077
0.02156045945212282238801
0.02154992226640247213187
0.02155199532332642206600
0.02158946375614667970155
0.02157788405272098933296
0.02164566244379302617507
0.02154822340140372105566
0.02155072306704450615933
0.02155944929604916224242
0.02153793308853332172381
0.02150849315577128134658
0.02154836762811400754924
0.02155727062396873769390
0.02155178948031311741973
0.02154559515144770232009
0.02156759761145617473876
0.02162844814102325013971
0.02171517678502429479770
0.02169644140533073112254
0.02177999703959111743590
0.02161282250706776306148
0.02155915449796972499508
0.02154413469529311772610
0.02155297322307224081039
0.02155657025924680517126
0.02154897746075033759805
0.02154378253117581951126
0.02155201879396897307606
0.02159787810418286810310
0.02167766797948058460355
0.02176478747627903775896
0.02181715780277922525632
0.02181142025707522719147
0.02180354637845867415979
0.02174771348998677522601
0.02165913655352365643769
0.02158429086287637355124
0.02154662066869096614941
0.02154198840091755759452
0.02154934144054267836088
0.02157238084470731662168
0.02164057058013244341788
0.02172991020169601564249
0.02180262858782454696294
0.02181296481570241599379
0.02171996757213065162850
0.02174888035263680685638
0.02155666523935376513443
0.02181799413155949274312
0.02179095708248205212620
0.02171056742286759863592
0.02162308575312490294129
0.02157896879087557381882
0.02163054796343942889902
0.02169151617289730160643
0.02177685250836412789166
0.02181893175351250213634
0.02177250300031040308735
0.02160710529135287730207
0.02131453990595279235354
0.02138343346429668820341
0.02101015468750905279549
0.02165123406648147494358
0.02179121503496337861061
0.02181588391325600673198
0.02176039967918134629410
0.02169742357765735984998
0.02176325594891342918302
0.02180942226471110217956
0.02180465886592660579302
0.02169010687545034135604
0.02144915293065825442897
0.02109231817355723681562
0.02117292529872375622668
0.02075921975042759395902
0.02150913214834269601705
0.02172464878586209680034
0.02181357953273349928325
0.02180938200359975112641
0.02181473235812895691832
0.02175331940644765343906
0.02156434944916089252454
0.02125021943594771617336
0.02084713536264788322216
0.02042013445835931181871
0.02050564290005241901982
0.02011963194121479253651
0.02093468494748276439998
0.02132475802795387107014
0.02161407087717405473004
0.02176134980169605256939
0.02163695547099179355977
0.02139564414348026077928
0.02102118295848606766008
0.02059191140798941749290
0.02018998789024432916062
0.01990186637643787115337
0.01994731555772060252463
0.01980453247807373653999
0.02026638529167600760728
0.02068083944166598103775
0.02110752211493788221830
0.02143773760046871479368
0.02117413623859756843792
0.02077390476213326897525
0.02034734409900978285846
0.02000108525008538126744
0.01981613477306694293123
0.01984473684149390057541
0.01981955418882356059762
0.02001909536788116020234
0.01983727972144080919925
0.02006095308023778112094
0.02043133268755846498888
0.02086357696763572674992
0.02052186917933269960646
0.02012796950134491252848
0.01986662710526936395650
0.01980430365625197516866
0.01996052685305252372139
0.02030304840731522730835
0.02022097882486155462356
0.02065937196883435231221
0.01991155197480333483018
0.01979830035348335154355
0.01990632034343788048236
0.02020209481652528865636
0.01995447088031341784098
0.01980229184262761316093
0.01986848385630897786958
0.02014149053801868663460
0.02056200676573869887132
0.02103719910133697995613
0.02093781389297757686285
0.02139327355016821738398
0.02046775779856614338459
0.02007068713569417142684
0.01983577004637286991806
0.01981618601427474410381
0.01981210647337470001639
0.02000371528748155075528
0.02037479916372232288668
0.02083939419959112901437
0.02130333900930314952604
0.02168929755037689657837
0.02161857668752021829905
0.02190400697686408285070
0.02121056487695544001681
0.02073848321101091907170
0.02028460367570268652049
0.01994726761064103889853
0.02020031565390326827591
0.02063716675640048237028
0.02111386646737619179892
0.02154085582461752815253
0.02185492973936446065020
0.02202666383317174528256
0.02200120139927398341118
0.02206258423328233408967
0.02180088324887502829186
0.02145949027275738385523
0.02101380368819684082982
0.02053802504904684786413
0.02091241234959470562949
0.02137166757934423275134
0.02173945920739674131372
0.02196969265596483353309
0.02205875844827282980520
0.02202769410289033211181
0.02204004570104744695214
0.02194552384180685142279
0.02204977329638799221634
0.02193209770463543095698
0.02167095655355812458542
0.02127919443542474614572
0.02113309785566007403812
0.02146086336571505562287
0.02159654498576482617445
0.02188822959980097140886
0.02203508555451260189639
0.02204867564808607807714
0.02196779478034494026417
0.02184303798217586065067
0.02186816180369670001293
0.02174584774348365875940
0.02198805021906480305915
0.02205321094636325182647
0.02201455363341593349236
0.02183729696842900275255
0.02172671264663895290825
0.02191721774729663355097
0.02198766570849509938146
0.02205353375557499856496
0.02200578683369209045950
0.02189278194412902847632
0.02176749820933567003411
0.02167547882068982315062
0.02168891602576027144433
0.02164568873834256390598
0.02179015427161540632839
0.02191710084625638627065
0.02202098342066638458903
0.02204863230610995192271
0.02202251531372716869539
0.02204961004555433881635
0.02203317107471820107678
0.02194054041956966516480
0.02181419035391790259282
0.02170477428732464630912
0.02164824565958541752186
0.02166147847667853829079
0.02165285179148594696397
0.02171805496865062551359
0.02165345422484802120899
0.02172257243758296541003
0.02183900445176924914881
0.02196313014734485244417
0.02201349975483940166199
0.02193497852980659176825
0.02186431941192983063882
0.02174276355115150119457
0.02166157080282850658226
0.02164676870543913791978
0.02170043088939103970159
0.02180148599776725315547
0.02177902412266914666805
0.02189031396584395147697
0.02168420999571046142718
0.02164341170933169189450
0.02167240605876020673182
0.02176477514294744911028
0.02183807826106912847175
0.02174532426822709321734
0.02168607785111540883771
0.02164287343550464620678
0.02167018807164619240146
0.02175675619341244093619
0.02186905989706789538163
0.02195553105981276967307
0.02194333491273588176984
0.02196418391698714070448
0.02184639994772279159019
0.02173565819659598746805
0.02165893028336653841626
0.02164547449746507395973
0.02167598424608827012428
0.02164305824581044465638
0.02164992778006883181185
0.02171569622376193567370
0.02182319281941919042467
0.02192783251315254255953
0.02196934602875810771394
0.02196910527603884027981
0.02191200353727201441401
0.02190899234720014923661
0.02179982802088409332697
0.02169740898870476178417
0.02165176399686363772901
0.02169927981399717709099
0.02177660899770520602781
0.02188839326392077663797
0.02196408542781582914905
0.02193629423518017595995
0.02173512141515033385675
0.02179236746815258612964
0.02140389077303374298911
0.02195353740902599576357
0.02195478949638022397872
0.02186627250831450069990
0.02177539270893046052802
0.02186210294870116060961
0.02194158411656603469009
0.02196444298754292659415
0.02184185028282448551296
0.02150319114263671629872
0.02089144275498219793796
0.02104103491242736989619
0.02017319697952580856426
0.02159318152485384043060
0.02188170309501335369928
0.02196938110217473358321
0.02193623558008695947907
0.02196956564049657237292
0.02191353971071547876437
0.02167064316833467937928
0.02117620479793444476790
0.02037394645990237701527
0.01924374674864616843739
0.01949867315716987889451
0.01811321277698970527714
0.02056551260393262720028
0.02130039374868098606131
0.02173875899036199765835
0.02193177280774247575601
0.02179087534248909732715
0.02141125932679513801937
0.02074161865795439568805
0.01974152082609042027639
0.01841552535997347667118
0.01677802921666568525261
0.01712607177104790573408
0.01528665383240511432827
0.01870844955933965644834
0.01997400628314003820374
0.02090459549125571470096
0.02151239648672347709590
0.02105293263795381120129
0.02019081504632194018489
0.01899804542011606506291
0.01747608037260455285389
0.01568115675820886886771
0.01367746016192133290401
0.01408813295189297390420
0.01606044268108781578053
0.01780679656946683800389
0.01926550254978244211546
0.02039686287796192709632
0.01952685788656694995669
0.01812894169630790627834
0.01643246129367913546671
0.01450487936705936210802
0.01243222586236554863537
0.01286213450150814827100
0.01491053951225180911055
0.01680268969793729735840
0.01844922341215214298127
0.01716319052090880745154
0.01531359513334944362495
0.01328304961231148439982
0.01161768562257518670744
0.01371210945146207442480
0.01571650883699160505813
0.01413883498186246749639
0.01203814929189661424302
0.01037276635823363574174
0.01247433125187585173377
0.01142856565245170021028
0.01080227148671907173860
0.00985681213682651317931
