0.18140870288729968318187
0.18847202934413534447522
0.20271323524014886463540
0.20906867666260334215345
0.22281526846975902023118
0.21507294514041741528843
0.22829521535793792508251
0.24074132766385392123709
0.24529432844496337762230
0.25568156103313993687820
0.23352775264323444304182
0.22088499925280016822349
0.23832968250236782892237
0.24953403685712696735699
0.25927130452235935820227
0.26721614825003114912505
0.26978862312497620123963
0.27530393199266500747768
0.26241821210163218669464
0.25332641287437590582599
0.24268901650326737962082
0.24675441321296640029281
0.25674196688652001219211
0.26525510124620865770595
0.27199030047335709392442
0.27700327192281842814126
0.28026987219064924961032
0.28118208639944147764211
0.27833726688649129688002
0.27388255527363020158660
0.26765435232901135798045
0.25976089091849025036751
0.26289110518998787258127
0.26973165091822287608991
0.27540958767905765469663
0.27939809560030537394226
0.28185197071353246256464
0.28307489098279475792097
0.28323079695506292452478
0.28347876701183516434668
0.28226741209041139590852
0.28015858369103918690257
0.27662377204135873975943
0.27162621035346551368050
0.27756042084832960314955
0.28068812414468186089422
0.28247184321809037932383
0.28322117384384942750941
0.28332979998668983423471
0.28320467781251518202268
0.28293173108222058331762
0.28290699852393924595972
0.28308661192009249019108
0.28307227755381003664326
0.28250554111534548207274
0.28099438249088110053364
0.28238345634596706545949
0.28281524009558584031865
0.28277216186197678959857
0.28262120674483992566195
0.28264345265023677056249
0.28297858104122769473676
0.28279978684480538975166
0.28352727229816482301672
0.28238626465912197716079
0.28229825776299555251114
0.28241703485024366448997
0.28247879379139617661565
0.28204118880242545763792
0.28198370115787785294970
0.28215302545217679774936
0.28265354529689257212510
0.28345789343137395288608
0.28444876415993630702772
0.28446582764092576134374
0.28552156428809555288595
0.28342732497693112758697
0.28255000942269475894264
0.28195726716425256741516
0.28169352683329013098401
0.28181298478783084471289
0.28249287268798750627496
0.28344255779470967082645
0.28452238597531476216318
0.28560162003706024425043
0.28655216295342500476551
0.28666212861040180071015
0.28742300730663411512111
0.28571793310749032945850
0.28462303971183910977771
0.28349966191731379439034
0.28248952127911830523033
0.28360228861967784474984
0.28474973213318088838264
0.28584904690928658599347
0.28679442922842368624003
0.28754701122831477499986
0.28811365247540993150821
0.28823920665603697255364
0.28866886751101611396919
0.28767965067999334838333
0.28693545761705746555137
0.28599903253654940238349
0.28490977650278437316445
0.28456671400135469252035
0.28582985316050751878336
0.28616896591816021189203
0.28708465352088330391211
0.28781430197323903952267
0.28836940345773059979351
0.28880227220866055981574
0.28915970616322123065700
0.28928960522773178309919
0.28961547526954128928267
0.28892486028400893305346
0.28849013234231163371746
0.28794152334563255513089
0.28722933103428488488262
0.28693052895280179992454
0.28780440994038875013317
0.28805867162280585080936
0.28859901617547834007382
0.28903314293997262041103
0.28940345208858403447394
0.28973445593856284041578
0.29002241244770587957902
0.29011015372464171724332
0.29032500353505352741479
0.28982995863823618476474
0.28949690530737287597063
0.28912287666275438002828
0.28868983401762804419377
0.28847035780617691358430
0.28899555724299941239508
0.28919337786772203457986
0.28956819741691408598427
0.28990059335311191279771
0.29017361273689340483983
0.29036657215363159689758
0.29046505353951707073534
0.29045112607035289409296
0.29041503521174977242580
0.29038330757216163080514
0.29021204174371112438635
0.28994901338716810856866
0.28962245039987344341625
0.28943629346880395125652
0.28980974631781686312593
0.28997774362374123535702
0.29022684254981023777020
0.29037766332357978216194
0.29041619416630320982264
0.29034947615936890219501
0.29020235405009620066608
0.29010426207009626375921
0.28990055913406714838132
0.29027210450615753556391
0.29036696229970337945758
0.29035420390131333467920
0.29022483210845501089281
0.29010092453687785774008
0.29026645502912740148815
0.29031817192714881592508
0.29030604778749075078892
0.29019100851213847080956
0.29000984388574191363830
0.28980454822823198401949
0.28960797708156776897326
0.28954478745483963608720
0.28940107355951955048212
0.28971859481785466883252
0.28991890652135732242556
0.29010766927511622004232
0.29024158475427291881132
0.29027638379764836296104
0.29013831474446638569731
0.29003136066775259127581
0.28983708029048066423528
0.28965007445522422679929
0.28949920574724108401909
0.28939290090328462223823
0.28930362772786138991776
0.28935912185176454469726
0.28927881439181979406072
0.28940717972040042038628
0.28947625211029792691164
0.28959778798665847254767
0.28977116347441633781301
0.28990861529538636265357
0.28967793125786639452102
0.28956696162227579804949
0.28947426184272961879884
0.28944377308176832963582
0.28943471131514197924872
0.28938704975674106600891
0.28924170416380956538660
0.28937692851617319300672
0.28909929913754389696479
0.28950733067626205352596
0.28952614015070476938263
0.28949952386866251163866
0.28949526094266508913222
0.28953633808329676257998
0.28954013432275993444875
0.28957413642754276095204
0.28963146747910023526273
0.28963437634603528270105
0.28951338483618416219656
0.28922979153469069446558
0.28878853353908212620027
0.28888385427980645125956
0.28935047049365630877915
0.28964668602444104683613
0.28976469038263391597710
0.28974647628820437983421
0.28967841083393225387610
0.28987668947152495091402
0.28989502496558605670884
0.28977243543548175663815
0.28945800858779929809472
0.28896328452246611284693
0.28835515952140855500119
0.28837740035236658631135
0.28772988370274110714320
0.28902448765686417075926
0.28955046442319831712098
0.28988828204020594681012
0.29001737900273605319512
0.28997811760008307402359
0.28962808725368560658353
0.28906501576274229448060
0.28838013976297721674413
0.28770113256833440562588
0.28714722776041712304362
0.28707063124183546110046
0.28674731357717436752708
0.28764962842864300052170
0.28836720791923325935002
0.28908932664209746610240
0.28967739304055439841790
0.28909145919864870366567
0.28833833358303534444289
0.28759235808981442605869
0.28698689914097269548776
0.28664611414536189659685
0.28663507937558102556252
0.28653391550052115244185
0.28684805834998600149177
0.28654678793678500792197
0.28689719644534383835577
0.28751738787246766682060
0.28829487787317947811161
0.28744466584158789856929
0.28681019885410324876673
0.28645307448759510515757
0.28644050772003176730252
0.28676112472096992878079
0.28733956125580095708472
0.28728098528135576072984
0.28801073150308492687444
0.28668905732508942474368
0.28635789520080645598199
0.28636781475749351066895
0.28672502561044332924922
0.28629255373485651414711
0.28629159942629622825905
0.28663306735965748961448
0.28723738419999000903715
0.28798147174133015280262
0.28873836592330159867004
0.28873678594415491671654
0.28941119504311618726433
0.28796617392890844211450
0.28720982520688603800707
0.28659498966232677119592
0.28624401427725393309842
0.28657921287558613121504
0.28720422445218224405394
0.28797000724691640405339
0.28874981845227049026548
0.28943257973832586804619
0.28995868080506576047739
0.28999394611542989030895
0.29035632081052425990109
0.28946295781004610647713
0.28877291660725057376169
0.28798943286653383433205
0.28721575105632451974103
0.28802523884966957368192
0.28880912449626439109096
0.28949704036468953960437
0.29003171115226156207001
0.29039829076629669613041
0.29062385963985204462290
0.29066644746320824399533
0.29080028735607738044067
0.29044174931844213283227
0.29007641466146494302336
0.28954293141057108051939
0.28885529130980386325334
0.28861455171482969239705
0.28937118084581725518944
0.28958920641681323848715
0.29012021849140628981800
0.29048129652822096691267
0.29070614513244891208288
0.29083880493428593272398
0.29093084829175835936965
0.29095958718039577339809
0.29104385077833067052566
0.29086929217586388052297
0.29073728612127497372697
0.29051839108763849450767
0.29016077962630482112161
0.28998030275098957142532
0.29042099191073450503708
0.29054759916397271402033
0.29076131183196268770175
0.29088773726646238726445
0.29097528336435635187840
0.29105661502416230179691
0.29114737241130533851319
0.29114188721210987331744
0.29122669445935284171512
0.29105562398735734808142
0.29097792418672230319032
0.29089665882355808523840
0.29077577548896704762171
0.29069485212874957014151
0.29084311581433858195922
0.29089185975935283323679
0.29096877934315606983873
0.29104078762547247460901
0.29112234896109401294240
0.29120182307627479056933
0.29125160784718701068030
0.29121066556573227401827
0.29118583284505972219591
0.29116585776164288779100
0.29108987993079771250393
0.29101438141532526282518
0.29094635429888082711614
0.29091086308717500896748
0.29093959568627264511420
0.29097653992353744722976
0.29104834577289734331984
0.29111859500497344610537
0.29116129376850541365940
0.29113497643076813314877
0.29099790482350346154661
0.29094585838693654000764
0.29067278612719010810750
0.29108099687191102411532
0.29110604487548280561171
0.29106709633901012290735
0.29099879620255408863017
0.29095600030604601426987
0.29096994501238854224923
0.29101177272757450253948
0.29105144579137692817383
0.29102590019902263573925
0.29089685067568532561566
0.29063292876586077628787
0.29021373603038447264169
0.29019577875251495457931
0.28965558168499294655618
0.29059863718163692070107
0.29085327571480762420819
0.29097693736413482445968
0.29099803297432119686405
0.29097419251114753357967
0.29095172571732758060037
0.29093339750246921537880
0.29081828772914941616534
0.29057340823241745164651
0.29018747439135467169891
0.28966791081547660358098
0.28904703219326438601300
0.28908890817565618958085
0.28845344125164101845016
0.28968897180640257316142
0.29019069519768680986971
0.29056216062337736349974
0.29079506400779714381244
0.29087968623939242096554
0.29073934849410310032880
0.29056292910366099402353
0.29020772519195703331718
0.28972233318036538785023
0.28914522886853216698810
0.28852233241161856502899
0.28860238454184977685557
0.28801855569286866076695
0.28920898992239274516436
0.28977247051819560175190
0.29023707686150507223388
0.29051488292265831292482
0.29020641116349543686681
0.28983050632206491803444
0.28928386550262430443325
0.28868740632693129510855
0.28811075756999987573792
0.28760788120938707290719
0.28769656061505410882262
0.28729860107914545475083
0.28820364711917223488058
0.28878011605261411087753
0.28936354632010891085869
0.28982485364769716706945
0.28938719287368075416822
0.28887407224508676595320
0.28829734161585440777031
0.28777761856608441437544
0.28736358671962669575350
0.28707435939879566433319
0.28710059971455570426713
0.28691106031395641196013
0.28741872353255865091270
0.28785492945430846134514
0.28838809166980489129273
0.28891864365750097309871
0.28844576802414351179848
0.28792579862024575421131
0.28746339111765778495666
0.28711274002224174139997
0.28688639505766155846089
0.28678611035113360516746
0.28671042687952297267628
0.28670200810770624100243
0.28684637892880288090325
0.28711120294595332547161
0.28749308220919733702914
0.28798001889732433022928
0.28751316520852282510035
0.28709511598108744534485
0.28679372745969644586950
0.28662119095376054067614
0.28658343628212440412639
0.28668750015432042932417
0.28654700754465001200089
0.28679469650364775024087
0.28645762764595988913996
0.28652458232529143256073
0.28673166255227439114250
0.28706643583553442811152
0.28665976700394418807960
0.28642323730842489393211
0.28633490347022499955543
0.28640898560228039704256
0.28665790605386326506121
0.28707516735842436572668
0.28696734410445901009012
0.28755752707589726790971
0.28653342254573527236872
0.28628053712896267546384
0.28621307262535944371251
0.28631943882138027879236
0.28609895196915763326828
0.28616340660913164306578
0.28642580113694954269121
0.28687946603947073187513
0.28749551134153650266967
0.28822095111004397693932
0.28821326074014491647191
0.28899930709448251597848
0.28745608696301017115360
0.28681344150212184640480
0.28633652223884142884458
0.28606233977644307531207
0.28626968649727374538472
0.28676908147821605910011
0.28744092216302569164910
0.28822159134568897664863
0.28903122350785453997801
0.28977885338615083643532
0.28983469122432453657368
0.29044064310099726444747
0.28908384757307992174447
0.28825630596679768791191
0.28744666004474556109116
0.28674983131375703093724
0.28747500357498317891114
0.28830363584659673970023
0.28914588428611537329616
0.28989823880413029266734
0.29050221740412679460874
0.29089283653806624618809
0.29093592312930743881694
0.29109148739124052207572
0.29056047496224562953770
0.28996742950562676144344
0.28921325212248361058442
0.28836522433906985884988
0.28809234396295002600397
0.28899374187325366225565
0.28928518425157245808066
0.29003506774789022948369
0.29061112964445900974653
0.29096634251833175532909
0.29110427398916960406439
0.29105554693945528965671
0.29103727235851861721017
0.29085222581502107042084
0.29109884687344872444825
0.29098357213045805691465
0.29064826466820653516621
0.29009317381955906922641
0.28982200132029500849740
0.29047064960108892606172
0.29066802014222392624987
0.29097777041205763470799
0.29107436540901093779965
0.29099620722725311194878
0.29080642907122750129290
0.29056110799654050191876
0.29049562902240810835508
0.29023783802300406886587
0.29073680173787280756059
0.29093397814489968533636
0.29102524183596284457209
0.29095139818174192702926
0.29085024476023035866490
0.29094821044146956801058
0.29095109260393969830005
0.29084725958956286762103
0.29064798487526960490968
0.29040722287944298329876
0.29015431214514003643856
0.28988491845637243127243
0.28978507288426330612552
0.28944765938646727088113
0.29005290217765955507190
0.29030135378724108985438
0.29053602557079816204322
0.29073767761340219006883
0.29081168906824400588462
0.29052398248101052313785
0.29040614959715227438863
0.29017941514853762274839
0.28994018736811894010330
0.28967348578267132497288
0.28933177003839155583265
0.28884668267658580864676
0.28871675421054476817773
0.28801118613939236112742
0.28921215827115670515823
0.28955615186613459233200
0.28981526366691956475563
0.29004516256282081299034
0.29017599340685540365570
0.28982616659037757633754
0.28968847472955217003943
0.28943497808799822923476
0.28909454087014252454679
0.28859356061198493392794
0.28788341141450368709798
0.28694570104368327667643
0.28684279580314425706078
0.28573302696050151272544
0.28777440218391625581518
0.28848200743464047501874
0.28898073250747213780443
0.28932047170185715145863
0.28948895076110153778970
0.28912791660122699743951
0.28888379921463253063862
0.28838854758835669178652
0.28768910401021685618872
0.28677547037427297826895
0.28569830409451091313144
0.28570834624825530712044
0.28459518463950511657501
0.28675081089291748481784
0.28763074647444480946845
0.28831758708551885606042
0.28869302703914151431164
0.28813655090586565155064
0.28760267058768435033400
0.28675729224235257941444
0.28575964271865322841037
0.28470808286707688372630
0.28367684155553651859094
0.28389463321902125292340
0.28298850313736495509787
0.28486209004918983112020
0.28585183361871507878860
0.28679552150333814664052
0.28745903917960341500404
0.28671923759187123437187
0.28597310286622246167099
0.28504355852019563899447
0.28413896067036820136664
0.28327180988958761131968
0.28239944467238764502781
0.28265641169476762861734
0.28155878422392643933847
0.28354644899536013413766
0.28438319264023886878689
0.28524254757567168994115
0.28599887872796786458807
0.28536109506820567238705
0.28461631973544176954505
0.28378255276561370479271
0.28284977436255231975082
0.28164126057619665033371
0.27994558522186369087237
0.27967997000998118251047
0.27696839767594289005714
0.28161030617717952573287
0.28295743072367618431429
0.28396433452334285396645
0.28477091230864204352002
0.28404442177629446453224
0.28294940329283124746951
0.28142672397663526240308
0.27922926246900336977319
0.27615752860832831760973
0.27198165792464562562358
0.27045803255398115361174
0.26459922872145102967778
0.27510171192083149316332
0.27857670184962607384804
0.28106967125907150739650
0.28280942790701468769754
0.28050577522357295068289
0.27767987334552535205745
0.27381749373887132037453
0.26869480713438659291725
0.26229986884865763574481
0.25459616988885697130840
0.25133667553639843506019
0.25961079913748863479128
0.26656078377917874489000
0.27219017789343336044539
0.27654193725261472236454
0.27030203420924203694398
0.26410773421444105890643
0.25656566254372165092335
0.24779421613298061033426
0.23792530245019311019306
0.23347706188063124810306
0.24382802996984070942332
0.25321428641044618768063
0.26139536285846065588601
0.24950890526324412399539
0.23952452806536264628967
0.22858695846530985296141
0.21149011706374398755770
0.22344205749363241220173
0.23492958239454250768397
0.21797620256254443549260
0.20541965450469512610709
0.18643938240732643718545
0.19920852893751220258345
0.18340125164648532485323
0.17969397914610082955811
0.16425059611208417398309
0.18143878717814795886731
0.18850558669022945967875
0.20274679063946549062436
0.20910584483582903003729
0.22285208239346934733227
0.21511207278666744091566
0.22833573934838219399168
0.24078102909676962761765
0.24533780085817497029765
0.25572364773533751147738
0.23357018629815823329565
0.22092582810739655463372
0.23837372662662448252746
0.24957932363123644381453
0.25931717822086230995637
0.26726005031009564261169
0.26983627713562913230660
0.27534907552593584911804
0.26246577981676405544320
0.25337321882574653786335
0.24273464847441295066943
0.24679979396027285076798
0.25679023237737802487501
0.26530409913563818280480
0.27203954448443867786267
0.27705211697267467796379
0.28031574102224360300895
0.28123158256291347356637
0.27838759903236742765387
0.27393313110884326411210
0.26770465730462289499769
0.25980871006063893657867
0.26293755967251541960650
0.26978135532671976282160
0.27546133751441465031817
0.27944967291630951056192
0.28190287576446682038522
0.28312463140857724308574
0.28328188807119281111824
0.28352848709560030115995
0.28231950100900171651830
0.28021121391825731805625
0.27667479675112338632914
0.27167418130417170241131
0.27760942914789443758394
0.28073994881763369990679
0.28252489324993290686905
0.28327341897037966456097
0.28338084758950904396002
0.28325425820974037272038
0.28298264608276657572361
0.28295643473188220040626
0.28313881023101405975950
0.28312542269299306729735
0.28255775127365673204949
0.28104405601817677995413
0.28243343622837346895693
0.28286755977747185530902
0.28282523276648779964049
0.28267329466991791830921
0.28269425310872337009371
0.28302793575165802186788
0.28285055258519414822516
0.28357662622445239941626
0.28243828414248106639661
0.28235122255487543618813
0.28246933234112614474753
0.28252884639266739874586
0.28209121753489874162568
0.28203596794761126576034
0.28220594436498108725786
0.28270558857711902689402
0.28350871630829826974818
0.28449818090111383961371
0.28451677027067512337766
0.28557106944476678966893
0.28347948274693041126326
0.28260298178881904096471
0.28200957801548326431273
0.28174354567363013579495
0.28186307890313133661664
0.28254533245696900056743
0.28349567495099553537941
0.28457471395230948818522
0.28565270334903691828998
0.28660174753800093938594
0.28671333832230538885000
0.28747264067127548115010
0.28577044941602169902950
0.28467635714409250669021
0.28355235781038407028021
0.28253978528352086119213
0.28365279961261830043995
0.28480270946957769728769
0.28590257211420910810062
0.28684711022529735258146
0.28759831596915330642616
0.28816330162112130386376
0.28829057290682441605512
0.28871850888170286220102
0.28773245956425008706958
0.28698916242661376418965
0.28605228889633366184952
0.28496056686302179139503
0.28461650954460415707814
0.28587981424319169887482
0.28622002847937233482867
0.28713815810488080293439
0.28786814630108814583309
0.28842230102841626138144
0.28885367597164690600664
0.28920932787572684041777
0.28934103163530500157918
0.28966506912632233872174
0.28897781948434947407733
0.28854407832520501120399
0.28799523462760256986570
0.28728062822332162129513
0.28698062816934760688170
0.28785460664740297742625
0.28811016223463453700404
0.28865289627076756717727
0.28908716542439572005918
0.28945645746063003445059
0.28978589704898322088056
0.29007196811204538633433
0.29016159877962416357988
0.29037450282109839028166
0.28988300029862001938596
0.28955098939930168366885
0.28917689736700780134271
0.28874147696576013544245
0.28852061708004639317693
0.28904585908338525923611
0.28924515266621969589167
0.28962234438174055961568
0.28995472532673827181782
0.29022667202688839926950
0.29041799945995683263078
0.29051446869972247233349
0.29050250377338904250735
0.29046433296461904305374
0.29043635716939864011010
0.29026620284663012805382
0.29000327429041516946739
0.28967434244641360185923
0.28948662611035463898546
0.28986010080034230185220
0.29002973941857507211850
0.29028119808179325689323
0.29043182857793886642028
0.29046920127189929106137
0.29040077039567169236989
0.29025150498329643777851
0.29015544841046031487863
0.28994954779198794936335
0.29032503599082437606427
0.29042109836220836305287
0.29040862340339784752885
0.29027690672030642682344
0.29015128951848251359635
0.29031681606065340428557
0.29037030072632735722138
0.29036049622089582511464
0.29024508162800694011096
0.29006267588206358087888
0.28985561792709102491017
0.28965680581703617813005
0.28959574626971473776393
0.28944975683429063906260
0.28977131923938748148117
0.28997289847351848113277
0.29016211725493923356822
0.29029373490518078915201
0.29032672109658547165978
0.29018860753196557000777
0.29008350938157023701791
0.28989151506421662052304
0.28970398828556320758310
0.28955183418266744466152
0.28944376625775813938191
0.28935218245190430508273
0.28940991519694708733468
0.28932725183294133453060
0.28945973442334577141466
0.28953010478215107648126
0.28965221253531986400631
0.28982329698284714503131
0.28995885332973053705174
0.28972812179220186479256
0.28961909074512298678528
0.28952869540603065612316
0.28949758967962824218745
0.28948721339211513914336
0.28943778283198728917824
0.28929002269681741710272
0.28942759346864388447784
0.28914748179684379714161
0.28955978470702858906805
0.28957994120446994834595
0.28955399301980261350664
0.28954740816544993764481
0.28958650506147598502338
0.28959030912152822212491
0.28962633057341485853797
0.28968599238518683014476
0.28968816677346259647052
0.28956577645691639055769
0.28928036306124238485893
0.28883655133471253240174
0.28893429712547918919441
0.28940276898221561907576
0.28970044895847119059695
0.28981927050341582674520
0.28979873026947833292155
0.28972862311280228597710
0.28992695727021766671783
0.28994733473101291787444
0.28982704445001161719375
0.28951170626587818812681
0.28901544878169810326440
0.28840544249923555364390
0.28842939217805446672216
0.28777999005390469955401
0.28907807289306053366573
0.28960505639710271141851
0.28994061791820191498203
0.29006770068949039309558
0.29002846981282914828881
0.28968040557450375205306
0.28911954069075118667342
0.28843357289946863764030
0.28775293378822125456296
0.28719716353143365239475
0.28712224913622724775664
0.28679710903028959867456
0.28770289499451362491556
0.28842162597995280037821
0.28914157543568824726421
0.28972773463829776252609
0.28914175489803284335721
0.28839047293268693650248
0.28764665085471291527952
0.28704001159270503551468
0.28669758576500881108728
0.28668478505699929170802
0.28658529623736800351352
0.28689773095499648825069
0.28659978686853776475019
0.28695137629717371030580
0.28756940301144373606235
0.28834509997640583867096
0.28749480531101939684291
0.28686211343766726544757
0.28650718799902741285024
0.28649345275181542502807
0.28681247204452409160780
0.28738924719463498913541
0.28733234994569734066516
0.28806045962335580234992
0.28674201584310637924702
0.28641200779384867747268
0.28641967417333114021005
0.28677510404919659414702
0.28634261962127277589829
0.28634346726956882989157
0.28668724718793475725320
0.28729041190450538278967
0.28803288593186615607067
0.28878814542298963941036
0.28878825844720606985661
0.28946101631762261030545
0.28801930241821444012018
0.28726412688617691815196
0.28664693274755292939915
0.28629413491220834231399
0.28662945773930204040880
0.28725629976287497813203
0.28802446332698100617264
0.28880305612116852209681
0.28948409690391324611269
0.29000852094675039216654
0.29004548207862163033965
0.29040615184792495373500
0.28951629231841563560934
0.28882753516730902410004
0.28804166990564666894770
0.28726617212160326930714
0.28807586568072912625027
0.28886152985567126183497
0.28955180638703492679298
0.29008511543835324708596
0.29044981703459710198345
0.29067365778448195356987
0.29071793988921929008384
0.29085003695131611545222
0.29049519373681464973203
0.29013129714870322661824
0.28959548648509181312249
0.28890612710931340423315
0.28866538678958642005767
0.28942222986992016675600
0.28964023606455729931142
0.29017289468355372816788
0.29053626000794890993362
0.29075960149232055185209
0.29089024485118558649432
0.29098054102395831677086
0.29101096283764860128684
0.29109348164591719587690
0.29092274093869791018463
0.29079230212208390105033
0.29057115536712502246175
0.29021197516500657487271
0.29003153871756331971810
0.29047238265509583987622
0.29059892696677652734749
0.29081413733519528852511
0.29094278522383237861604
0.29102871373338140559284
0.29110792180637046211444
0.29119693792547973743012
0.29119312325486840231648
0.29127619013985528440003
0.29110903239830887567763
0.29103299018110451168440
0.29094952102474158639467
0.29082720610227280610971
0.29074636368745265802005
0.29089472505720759265557
0.29094337450695106905840
0.29102166713582655610537
0.29109586380729890464636
0.29117573167441623827045
0.29125298300213314783846
0.29130102447849415270298
0.29126173790019088682968
0.29123515362210211643301
0.29121920847515680996764
0.29114496144543200450983
0.29106728939381676379838
0.29099794357661007415672
0.29096255127254277983440
0.29099134940647597424856
0.29102819891038439470421
0.29110127288520099009261
0.29117367862800064282069
0.29121460422848111093685
0.29118594517695595147444
0.29104710691959140289597
0.29099670399364163664302
0.29072184553500635129097
0.29113425374861134908855
0.29116112141816974379083
0.29112003584957973911784
0.29105052118081098377900
0.29100781095410527266054
0.29102180671313859772198
0.29106356318831927421087
0.29110439077425059872795
0.29108095338283440645100
0.29095003394947965835726
0.29068363026501581325434
0.29026263058446188924933
0.29024631258202882033714
0.28970429419329929432436
0.29065172371623532177054
0.29090828575154958901550
0.29102987635912613839650
0.29104988576784340814640
0.29102609828696363036826
0.29100366132129595886369
0.29098530304451525330123
0.29087120664446297624295
0.29062835569126527213157
0.29024044382353286763987
0.28971825965873215791291
0.28909555234191514072606
0.28913906326596244822369
0.28850177047581210265648
0.28974180857418962986571
0.29024555885346575712092
0.29061503951356826291885
0.29084700678587654953944
0.29093163391278176188592
0.29079128739063370145956
0.29061489195309997413119
0.29026054513722815419996
0.28977709358112752058290
0.28919792480436767867502
0.28857229726604616271146
0.28865493861107344164552
0.28806834026444494423203
0.28926363611442240664218
0.28982521647297598832438
0.29028904434409824597552
0.29056679193758794266245
0.29025826647505698074880
0.28988246390755112447124
0.28933652840855195176317
0.28874193581462609392574
0.28816317772190430668289
0.28765749989812178233350
0.28774886144153222211628
0.28734807124500383324062
0.28825806632657741124248
0.28883269212101486678179
0.28941548167188491103019
0.28987663183062079008678
0.28943887636521686834712
0.28892597902872996229462
0.28834983397990954223644
0.28783193627622138954791
0.28741578419187918669309
0.28712369617072103222810
0.28715270473869758394159
0.28696027401499374365201
0.28747294922244986947746
0.28790734313950494538403
0.28843997232954987630649
0.28897021950897333608665
0.28849722896243218395185
0.28797765712932998916074
0.28751573630016913352136
0.28716688186108008107311
0.28693841492791166691845
0.28683520615754948268616
0.28676236805564453424822
0.28675099204936088659323
0.28690044443473028401570
0.28716348803510732823341
0.28754492401046605198900
0.28803134281369108249393
0.28756444986313406397826
0.28714694471711960099825
0.28684595687879482772686
0.28667518645652212416763
0.28663530874253889679792
0.28673638463402406628688
0.28659882700977556968525
0.28684350248767848112763
0.28651156155437573769262
0.28657676265669473902875
0.28678348382298424201764
0.28711768334377574252159
0.28671098540454365011243
0.28647506053890753330293
0.28638705011364645747207
0.28646287741299797380279
0.28670969670467294498906
0.28712392336515218937976
0.28701914062025180029991
0.28760626549827700282336
0.28658730399771170649359
0.28633267585387972564703
0.28626491612652288365481
0.28637063575098886669679
0.28615014864109017400651
0.28621529499329534385055
0.28647796711721218443358
0.28693337797459206317541
0.28754735386003976715941
0.28826970269539858859886
0.28826518356364094763933
0.28904809167983513962241
0.28751007047261112337111
0.28686567770835758039993
0.28638849516913095216708
0.28611356646895352850990
0.28632098947313233683332
0.28682118645434634407465
0.28749327233894739208608
0.28827567805977166726095
0.28908324141639885063171
0.28982767024548883316726
0.28988680000431016337004
0.29048947053172391452591
0.28913805453092855657360
0.28830880470936953718919
0.28749894115098989511026
0.28680125592218053132143
0.28752659273292807684541
0.28835612309997932234396
0.28919854549007839583652
0.28995255704451999845261
0.29055439282312295334876
0.29094163852187537866456
0.29098812323142680957844
0.29114022206035583550943
0.29061487269930080801217
0.29002023978368707268771
0.28926595429064189124446
0.28841700475463410979771
0.28814302550145837189532
0.28904450369092588024600
0.28933716440194651164930
0.29008796818450210963647
0.29066405451047006014420
0.29102076924602587881807
0.29115644888334979434319
0.29110417541984551226264
0.29108937793437472674185
0.29090071920131543858901
0.29115325042913403619238
0.29103656310628311931765
0.29070132475475080058303
0.29014533069136572152047
0.28987283133432634185667
0.29052151527197389579982
0.29072031138349113676966
0.29103093718756467556119
0.29112737286936773983825
0.29105054218433912271990
0.29085843543601502814155
0.29060945086174949647528
0.29054752218441926014947
0.29028602587498619769235
0.29079103802597222605542
0.29098695759529324966763
0.29107846235885659336162
0.29100376787185600058194
0.29090110025378479452485
0.29099901148381407400834
0.29100349192147906274286
0.29090048940064494598090
0.29070090884395888286562
0.29046134601678552655812
0.29020608611636672380385
0.28993294755542209362176
0.28983672039128471897840
0.28949551560275149642010
0.29010690421998852617236
0.29035421127394039908509
0.29058924029706295621978
0.29079006657833905702404
0.29086239949127401516193
0.29057457833933147961503
0.29045850728325006695485
0.29023260602522377160639
0.28999297695780718031600
0.28972736147318273181028
0.28938327461754642655478
0.28889433809706854816568
0.28876808747996390858148
0.28805860262864046994480
0.28926589273945646496600
0.28960886892691728444760
0.28986842592561018472352
0.29009747933465218627802
0.29022646937081320039908
0.28987652829396987064214
0.28974075264724274969552
0.28948810631991966912935
0.28914717060928468717051
0.28864712280261828336592
0.28793453465539148306007
0.28699284251694767711172
0.28689367081451211394238
0.28577987022905332326062
0.28782775156910345160099
0.28853452009080682305608
0.28903381217997581309476
0.28937270849519503013170
0.28953920837970031909592
0.28917807045561250145482
0.28893598295464700820290
0.28844155322863757051621
0.28774146884385026767816
0.28682857302605035965115
0.28574891069490770956207
0.28576119028251534270879
0.28464553032664446918787
0.28680300220114957054918
0.28768364544692537343451
0.28836968999605727681512
0.28874306871944960262155
0.28818646719148721668802
0.28765466671920025820697
0.28681005968998923849611
0.28581164899080041541524
0.28476067965023688088877
0.28372695990030083468270
0.28394701484163054061582
0.28303843385387394970820
0.28491392639721158097643
0.28590446225444376970870
0.28684739450690466266991
0.28750881638047598443109
0.28676887121893374077430
0.28602485043015118959531
0.28509606627727518413096
0.28419066082118693561398
0.28332401056739497935411
0.28244920307513138313382
0.28270843281126811774584
0.28160832578411593152268
0.28359803688815132804990
0.28443560533213124719154
0.28529418363338970854315
0.28604837610176164774956
0.28541047667866076276155
0.28466786297697466157075
0.28383487791057204763234
0.28290123004814898832748
0.28169302856081990249493
0.27999477477075002118667
0.27973130971049997572919
0.27701699530624113165800
0.28166152995488030752469
0.28300962450612421328344
0.28401578067517013748144
0.28482019297392491274934
0.28409358209797108685279
0.28300068875285366853944
0.28147865582255071625895
0.27928004707421882901741
0.27620815250093810888643
0.27202931161468996146269
0.27050754308106877976670
0.26464552018399561950091
0.27515174011810022980384
0.27862812711688889066863
0.28112063792630737069089
0.28285839307070770320962
0.28055441777989637008872
0.27773024656168532331435
0.27386805645025097399881
0.26874366531818472125792
0.26234782051033345151581
0.25464064507301320539057
0.25138255756652805317231
0.25965799947598794394921
0.26661002021772423065116
0.27223957519844627084282
0.27658996797475776663333
0.27034905654563023968961
0.26415568511849107924405
0.25661306409712020260017
0.24783926088211361005165
0.23796867294849013974023
0.23351949789898338027960
0.24387308900868523431349
0.25326027877982904001897
0.26144090567003430702897
0.24955244302783963217252
0.23956805113437323884185
0.22862920937255615250194
0.21152921299328000803719
0.22348267271461086380668
0.23497063760418068767422
0.21801435291069198862957
0.20545700750114817556558
0.18647329711543114694194
0.19924344599552282208954
0.18343309576629421298044
0.17972552067058120139897
0.16427912189299970213696
