0.01972607619912610313340
0.01910676576367014919966
0.02385856247784132536105
0.02317917341365677633136
0.02803382341061708832308
0.02249392904466894840820
0.02736046961199746843652
0.03195868923687598950334
0.03136275450417198851216
0.03540180968752781875963
0.02670158720724522677381
0.02184405323288875211407
0.02602173849810151748385
0.03076408855746477419291
0.03492396073883979878971
0.03825199704208718382015
0.03788480944656920368363
0.04052839124808026161073
0.03440498967180228434559
0.03013061329987997902236
0.02531903625010187633415
0.02463740492703655679541
0.02948321123364885595897
0.03388226749058549647220
0.03748976075712643490911
0.04027407903323734772449
0.04236246277305614343911
0.04216270545416001686023
0.03998442946393705732522
0.03708371953026364659101
0.03331251366468547525646
0.02881488237110156613863
0.02841981210216002612379
0.03272993800296177674403
0.03664010871212879105752
0.03968597995326775262903
0.04196568999898434015883
0.04377328807320487319421
0.04359852909211542337786
0.04531254208499923413767
0.04174398306185717749672
0.03935030238264879132171
0.03616757372854000757156
0.03223930679537156951397
0.03567385135915930594042
0.03900185252969037147386
0.04150310519147071275370
0.04342437766768927898120
0.04512992091522895210520
0.04692306884534856725733
0.04670213246388586064706
0.04865846163247110334193
0.04494443676347269905902
0.04324492318164198378927
0.04125888332792584239916
0.03862915934406525864109
0.04098592887194772715898
0.04305412675670110267401
0.04476779185041241532206
0.04649233748087231582469
0.04839946349775851863750
0.05043975897068820463121
0.05016842616253056746922
0.05214175496812400306679
0.04814430365821072144161
0.04628555367212928983722
0.04458912775092961633394
0.04285386752587228009759
0.04441792515391792400825
0.04608286148288354144853
0.04789973400882607118545
0.04989704784030277173734
0.05188813726110916985101
0.05362187602307925265999
0.05340177442881455238677
0.05477122234432173913943
0.05162354577581675096898
0.04962852102114508751063
0.04765733694483485077820
0.04589380556699578644908
0.04743276098977884658314
0.04935473960639614326995
0.05135679466554763511477
0.05317329779679935697345
0.05461261396136875972962
0.05557446654413405323636
0.05547427241627953670156
0.05606902096707274546494
0.05444841730156954606734
0.05294363509255978900159
0.05107888383975521529035
0.04908427520412298600272
0.05079967604362521649275
0.05269396197183226493443
0.05426217463696361709147
0.05536586671490825728448
0.05601864876608596277574
0.05633385848301002835070
0.05631331736756258615761
0.05645541085288773713868
0.05595988431936893547913
0.05524284420187942912239
0.05406327862822644242380
0.05244044564814301367939
0.05188465729442988394471
0.05334188772365897057703
0.05385940927998963262402
0.05510984258318418066436
0.05589294687141019984944
0.05629044709023495185463
0.05645189974648316677541
0.05650611086491903745088
0.05650662111965188555418
0.05652304194277556897985
0.05644681475291895428326
0.05626197726931943948747
0.05581512721485289846290
0.05496087274592154070518
0.05453458285287317991452
0.05541381078477510685465
0.05572792381368998210212
0.05622808773941018883891
0.05643975970305321193665
0.05650785222408809954642
0.05652428813079495018012
0.05651651732023244695258
0.05651818941641163773770
0.05647790555764570924469
0.05652618118782477829587
0.05650934084701664250616
0.05643067963178974993932
0.05618746544737562159666
0.05598999059334596600790
0.05631946815333427336370
0.05641892686382429106251
0.05651034548569040111277
0.05652840327891330007848
0.05652017363819668294145
0.05648276757747427295753
0.05639592268915289557940
0.05640543406883369997873
0.05626234727341564156866
0.05648705904256771936911
0.05652258140545628889440
0.05653154696873147200264
0.05651169837999485412450
0.05647614949980860749035
0.05653178259523267135123
0.05653610084249825057379
0.05652577647595483090193
0.05649157310739905818453
0.05641439834241136763726
0.05627770947477706009465
0.05607347336695286260655
0.05609366176546326521191
0.05582096132181599279498
0.05629212704746310719228
0.05642412666419432260012
0.05649630197951636262355
0.05653023044322912776805
0.05654067652399991095180
0.05652607017135653083573
0.05650244585375463479693
0.05643307932340967808527
0.05630788924238486897744
0.05611610364869484141037
0.05585036014252013625292
0.05549016736177479064418
0.05553201961722210172612
0.05505427347335997700917
0.05587804844858927644236
0.05613739665695152009084
0.05632266942881429538925
0.05644260199378205861143
0.05649009517388552115147
0.05642147295275638102519
0.05633825685610628630773
0.05615793788091630323045
0.05590779094086416323162
0.05557016706895482466289
0.05511206735184256272353
0.05447501404395761054333
0.05456081390484090326565
0.05372409038272603354347
0.05516790538013670308626
0.05560893757576694518274
0.05593513312999141839921
0.05617972528871310877729
0.05630941134053488172917
0.05614665677028626150635
0.05596335040861097342990
0.05564574831570316681972
0.05522125570078057626988
0.05463992499906442784630
0.05384250364459440552078
0.05278771704028877020942
0.05293783128057168857472
0.05169743403797169567504
0.05395347691671063122820
0.05471815116685500857141
0.05527349931267644400634
0.05568145562767359835199
0.05592789984142385040222
0.05565060000685568414314
0.05532360501873333918921
0.05478872888224239900978
0.05406327172934594083031
0.05308930452447083864209
0.05188269438149798601367
0.05052428075570691151652
0.05071940997659277888809
0.05205948085186389712176
0.05323194696408650034014
0.05416538008113312707703
0.05486009063259783546940
0.05530191755020587990321
0.05485847132608056425651
0.05426301632084661735744
0.05336870774396868660761
0.05222943853742494785264
0.05091390755723222000251
0.04958311290018078965058
0.04976557744652760489901
0.04862769664613901532402
0.05110635043135202532083
0.05239875992288481332260
0.05349965503199068106444
0.05429249860701500229876
0.05357997349175240564545
0.05256804830201150524616
0.05129626033240579363603
0.04995221815816974775259
0.04877688404255453580305
0.04801919720237173005994
0.04809455361168916281978
0.04787501879517473690751
0.04892730608251426999145
0.05014747822250362196961
0.05148935877667881744202
0.05271017796104490726883
0.05167552666367430935779
0.05034522699850181581827
0.04909588980710268002472
0.04818519773016453205949
0.04786458561120426891122
0.04823974063879259144283
0.04813962416843064334726
0.04905298597684853989520
0.04786979084202006018423
0.04828946931770752848401
0.04926239548097056941689
0.05054464799688429543778
0.04944749587907512622387
0.04841059426958156663989
0.04789226241491612023893
0.04805628746410459117833
0.04888141321145666323700
0.05017841397404179670794
0.04997170157893936898175
0.05145723952357264541213
0.04872587716188771234105
0.04798943081362164880810
0.04793230022834493037065
0.04854291892513771383699
0.04798707292401400981152
0.04793794740820682409588
0.04858101796847194564499
0.04976785847496759118691
0.05124044435596309537972
0.05274470376507871954841
0.05254201276626721539564
0.05393424932633748836164
0.05101843754097399458169
0.04956694082482580865356
0.04844542114678419830742
0.04790363573796628526846
0.04832504947977668552372
0.04937558680008458100730
0.05080130321509741114783
0.05233489641927599467230
0.05376108989306417618170
0.05497344905051178981514
0.05483132716133522210900
0.05584672460773131008605
0.05357927649994107671683
0.05211914013970848219559
0.05058093263982794268729
0.04918697118539797075165
0.05036216374107865823007
0.05189866931031113933548
0.05338326487525532626499
0.05467627883143680311839
0.05573289716486028860798
0.05656728812254988719710
0.05647674434388746250724
0.05714874384437031856754
0.05561440459325857343931
0.05452185915323646409059
0.05318757813460342487311
0.05167471094955779914448
0.05118089312630141191063
0.05246252195529606254798
0.05297883351832902848466
0.05435574512992722567839
0.05548617878097714117835
0.05638268430831418903670
0.05707797290932098421834
0.05760699765825528367857
0.05755268119883999444752
0.05794484869306874841310
0.05700576314286487367156
0.05628190982933162916924
0.05535378845414674897629
0.05417881541630929081999
0.05366307962044433027549
0.05473956869854704893052
0.05521221812163486231118
0.05617663253779014292943
0.05692705100507574472735
0.05749435918409729479039
0.05790259455658122028643
0.05816300667219606590486
0.05813575783121006923526
0.05825457732240303665439
0.05785922854607334492316
0.05743509212633963328942
0.05684708385789116052988
0.05607112982655326066661
0.05564667442243448336470
0.05639893920309851926831
0.05676154397824981906462
0.05737247110569149849413
0.05781494309796985503480
0.05810614744141009979650
0.05824236756336011872071
0.05820438803869624339038
0.05821078466801834355726
0.05798822698541132580896
0.05822845692669079142867
0.05807644339295615215635
0.05776989737412117215110
0.05730498202964988407881
0.05700461599684679414590
0.05747731024933126764420
0.05772164334745853719877
0.05804378438316626365179
0.05821234901822032459240
0.05821435062482444022791
0.05801839464428356490933
0.05757274473724544733289
0.05763410457485599464045
0.05692607366839333438158
0.05804655043878082648634
0.05821580563082357634430
0.05819532181600504949781
0.05801083815633786139321
0.05783225254467393855462
0.05807158430880579591538
0.05817713471651209111712
0.05821597471786386229775
0.05806932357521301518721
0.05769177596964381732336
0.05702936398350967606152
0.05601951056430715114587
0.05616636181299075603057
0.05485749799247128383195
0.05712282084666820552998
0.05774665159401021208296
0.05809141549689567779469
0.05821435639704503756109
0.05819663173750976720155
0.05819961820264020480042
0.05810936817952733202119
0.05779472899747617464783
0.05721146789565969420499
0.05630476156904752615961
0.05505019724313803264337
0.05346991876972784912825
0.05369199896813885153346
0.05193486991252914408701
0.05522929347295093410741
0.05643779895461302487103
0.05729564462344265834970
0.05784191159338647469923
0.05806782974040826383888
0.05778235722165410426232
0.05737519416736591021388
0.05656166143912286226048
0.05540249998128883579529
0.05391718959375674247170
0.05217419456834039570570
0.05241771237537386218808
0.05059476002624436336008
0.05413122334911910082944
0.05557728099999498239114
0.05668054159384468965177
0.05731241501202163218798
0.05663244958795939087981
0.05574105567214929918274
0.05434182728199295903115
0.05265790272835257912476
0.05083944204146687712020
0.04907005164584796880201
0.04929918990563197933596
0.04773085604095919642909
0.05108823795775538356700
0.05290052528149068872265
0.05454405255933934132395
0.05572555575908748337621
0.05458611552027031049716
0.05314281644178225211261
0.05133958408407435225485
0.04952690478768640575113
0.04791762274407070087978
0.04669527774594734587099
0.04682934126984896611168
0.04607017805621578532271
0.04811821941224785764701
0.04976616943106878382386
0.05160074405023009486149
0.05324657833595447531394
0.05178191861977159138331
0.05002506170070915997306
0.04832798007188725264438
0.04697685623471763854964
0.04613211766543712927247
0.04590785311270581536824
0.04589435437238559983841
0.04622809100767390211306
0.04620924012886706844228
0.04713195789033856886174
0.04854132819979831148238
0.05027307393566556037445
0.04877831139811426158781
0.04729817601326310322341
0.04629563292987566580639
0.04589403189343711081394
0.04613819635807265423511
0.04699844171583490021193
0.04684659489813911004141
0.04815469879203627262543
0.04606382938080504085843
0.04590638498353126484286
0.04640000061177895068765
0.04747948285989473521385
0.04651706368362230198388
0.04593306295528083033064
0.04599661064780463659574
0.04669661174696251859650
0.04794738135633641595845
0.04957759691346486086161
0.04933642321572144495700
0.05114877498391692811630
0.04774986032638053184973
0.04656550683656940359256
0.04594536312006006206765
0.04597391907067938793263
0.04590588496763132325684
0.04643481727497009853289
0.04755414595968394941838
0.04910648593178391918546
0.05089640063177993528631
0.05273846360041673647645
0.05250159205768410719539
0.05425504768927619236862
0.05064688311654291785757
0.04887127815828467419790
0.04736272224771497646456
0.04632480116662477526157
0.04718306254626503798422
0.04863616656216757788700
0.05039343721542121484758
0.05225222555244238287209
0.05403422839132981936316
0.05561508324928389479513
0.05542433050822383189260
0.05677897255927679548426
0.05381707312389581721046
0.05200648025271411428738
0.05013678013715996972799
0.04840872797205896665984
0.04988207334372982831860
0.05174927721158386478839
0.05358562376054006731740
0.05522916962438188109852
0.05662825750387182055512
0.05773864942172982073210
0.05761884745688767434091
0.05849521529842496847529
0.05647257511644475369561
0.05502873878221792303123
0.05334226202635541924657
0.05148764735939626024930
0.05088244114304198151277
0.05243877557469071859497
0.05309394153365068480532
0.05482175710384250971741
0.05630425564347389666420
0.05749278990102412584262
0.05840068161082727360434
0.05906065922514740912375
0.05898881481173048196842
0.05944318323819937355257
0.05830090844764632129760
0.05736213120285965638701
0.05612679300296891798938
0.05460406718457858077365
0.05393267220927807498176
0.05531193958058234355635
0.05594124283027572530624
0.05721369781190598080567
0.05819979838277698769300
0.05891548163558468775847
0.05939340434752638647753
0.05963226260006657120094
0.05960580919385301962299
0.05959703651623519254921
0.05934103929323714804456
0.05883905528624260722337
0.05809568640697090891045
0.05707066198882508600843
0.05650614640496955803917
0.05749342079965590046609
0.05797950948310897495430
0.05875951388368019084885
0.05928629805022102988721
0.05957633602992754018324
0.05960135267560104366247
0.05928593180243343918612
0.05933112337913411249435
0.05863531921586764839027
0.05960100055478531611008
0.05954466794887924158131
0.05923008426068211013105
0.05867254216466414457054
0.05827943129046796871817
0.05887322615797847130681
0.05916949989888423133699
0.05950949763427018646134
0.05959750708105521210811
0.05937190012149946155562
0.05873581381476866009050
0.05758978083164503769531
0.05775464777240622155086
0.05610367292092469787557
0.05883172686055072875266
0.05940697353133109204215
0.05959004004977806745469
0.05947247787251229433902
0.05928362853101029616987
0.05951752387730242788155
0.05957926124797802841515
0.05943433760982823332863
0.05891797184645573837170
0.05791491444873620580980
0.05634240430666237475776
0.05418968277542456773999
0.05448842192545478441135
0.05189489736199242447823
0.05657363205318478860395
0.05806126395798065498166
0.05899172803974444406760
0.05945842648819707476626
0.05956321084351800382306
0.05938998922147121356518
0.05906263462184714596592
0.05819958097849712436167
0.05679064210431634257548
0.05478710430486907062564
0.05225023526563722653382
0.05260735990382447296865
0.04970398937599380256858
0.05508990422384597157590
0.05699816574021759896240
0.05832792761248705576405
0.05895699487451448728148
0.05820643345462882950470
0.05719409462006549982327
0.05537547963708932402538
0.05295624779355703054540
0.05009664618728829760252
0.04697035182002917697019
0.04737183165792130390415
0.04417327213416862713435
0.05049184528093898782775
0.05330886011857110390322
0.05564640695702802869471
0.05708350977315020807756
0.05556559254691335880683
0.05365277905125177826395
0.05088433801425899793980
0.04779329043616203920308
0.04456974955048818853864
0.04141574902861896306794
0.04180287278945409717990
0.03870884372693436659141
0.04498531530886124701896
0.04820008071482437955746
0.05128300791948083026117
0.05364805794429791663269
0.05138412866776811277481
0.04861579866432756691363
0.04539110384103024753433
0.04218607744671361292621
0.03906931676573205391989
0.03603080054308026997090
0.03639014119051452167408
0.03330682375627758151637
0.03944884682695765087956
0.04258247594202366897997
0.04581132085324456787445
0.04885204549176912908193
0.04616074684116654863741
0.04297888607158913132356
0.03982597877206123238025
0.03675124971973168369610
0.03367561146261004167979
0.03039830078720269848636
0.03080600613646190810702
0.02729559958918477413636
0.03404574466928521336850
0.03712270288034807269595
0.04021010958494214415637
0.04339389585787831182806
0.04059282220960499371065
0.03749083168955801709243
0.03443486947014993970750
0.03123218806689815815747
0.02776943756052175499294
0.02400598045678321162955
0.02450026569143759491709
0.02821965144962880478463
0.03163213579507936218382
0.03479824193831886069983
0.03787202715734053204422
0.03517905613453410629266
0.03203149133281512489502
0.02866287191707263953822
0.02501090324406866211016
0.02115120428444133490742
0.02167850029011049797778
0.02550103360962363910347
0.02911246906190091340849
0.03244848092911525178073
0.02955393424601933036189
0.02599088340750957404346
0.02218828250562146497948
0.01887510403139003312134
0.02271610548831326167885
0.02648738870987740051666
0.02324237350592421938456
0.01937241211672273422106
0.01617712433013628048339
0.01990282300959849218214
0.01776424388603361007033
0.01667327221705689963005
0.01483555299972327996827
0.01972934767143235193498
0.01911016781183230359153
0.02386251197727650569247
0.02318329430860019066407
0.02803845535867389646145
0.02249802136660633555820
0.02736532639523992990749
0.03196395977998924692320
0.03136831288470211948072
0.03540763713763517978039
0.02670643914664435833450
0.02184809095429833883384
0.02602654743843167695072
0.03076967186001806214835
0.03493014002720717936512
0.03825828168766895465147
0.03789150126859300998783
0.04053503700022389327762
0.03441122621595504166292
0.03013618043809931576482
0.02532379690410699671355
0.02464193598109932353823
0.02948875386705028869838
0.03388852626198079337483
0.03749654834436474265535
0.04028118073782995661736
0.04236939578307675341451
0.04217012730002259179862
0.03999165992834013971802
0.03709056753655107230294
0.03331877469638097610805
0.02882018687266771003741
0.02842483403693072535612
0.03273596927681397816823
0.03664699346504162597027
0.03969330606539674816124
0.04197326938444240901349
0.04378097965678257735833
0.04360639367421614842613
0.04532048953741184965649
0.04175168639432786515941
0.03935769469948418447514
0.03617424504810283492073
0.03224500046541974723757
0.03568015023608252234144
0.03900905363360940986128
0.04151089975175371177274
0.04343238804693862198381
0.04513805195919905199897
0.04693128360467233722852
0.04671053673295244568209
0.04866696439405917423704
0.04495272404701643881308
0.04325304215854321870927
0.04126650844491813047155
0.03863598814023280758612
0.04099318311879450449364
0.04306209160764746385341
0.04477619389896789897643
0.04650090614572846559049
0.04840816250046157953602
0.05044855627654662444392
0.05017743198943216270669
0.05215083140409524503633
0.04815317251531991971092
0.04629423776290056413707
0.04459738469224558410353
0.04286146085323744303608
0.04442580406409185611594
0.04609140312677149214915
0.04790871780057213286108
0.04990623510813398805430
0.05189744065223365898643
0.05363119172395127559616
0.05341133777833519807876
0.05478071893062802510954
0.05163304585674882707380
0.04963782538149431183827
0.04766617870539378853945
0.04590195470116030518337
0.04744119248785361869780
0.04936390494984464055728
0.05136641897360434000364
0.05318307723220074695325
0.05462238216073220242741
0.05558408314369490954565
0.05548418248173071082308
0.05607870325310625181370
0.05445842524248110244622
0.05295355288965416379332
0.05108837823188229487759
0.04909300889869366857354
0.05080872374732680468723
0.05270376566193415296402
0.05427233527988525180197
0.05537603687850088662881
0.05602864378735381012397
0.05634356625858933514950
0.05632335284310902717708
0.05646511933634799917936
0.05597015683569647043205
0.05525318388532109159517
0.05407334588997635832497
0.05244979414752271723588
0.05189373647641833814381
0.05335121155168801726498
0.05386901972318983156107
0.05512011356989835603182
0.05590340337618601718184
0.05630077287462963153697
0.05646194763080032014146
0.05651580772981433520297
0.05651666622274693907446
0.05653272101541997884944
0.05645716134919966100458
0.05627249797234692985093
0.05582553875297469048178
0.05497068842097214275144
0.05454410484613090442929
0.05542347568651236067172
0.05573788524152844398030
0.05623858529817531842765
0.05645030875582608687058
0.05651820189360859392202
0.05653432381846591747721
0.05652617425997474853716
0.05652821180143978441190
0.05648753488200643907424
0.05653652605990625024113
0.05651989800962853305322
0.05644122336402546818990
0.05619751670519359393330
0.05599974558516192246760
0.05632927100878259984995
0.05642902767321177764925
0.05652091250444109954421
0.05653895863694341494821
0.05653050860167507796206
0.05649277139221454274720
0.05640551707420855126474
0.05641541165522098721929
0.05627189784545832268448
0.05649737861606428379613
0.05653313003056640445587
0.05654212628632614145996
0.05652182368676181983824
0.05648597066643872011138
0.05654160502995720510855
0.05654623834115415220714
0.05653636302519834261338
0.05650211075005166783125
0.05642469523102233708300
0.05628765178475090419363
0.05608297049298770209358
0.05610355908404645458587
0.05583039428326694308957
0.05630239206500043530612
0.05643464645271140806004
0.05650689082519558953388
0.05654037361914268644547
0.05655049269498770708742
0.05653587744973447015706
0.05651259134193316324701
0.05644366371056658976402
0.05631838152286115090073
0.05612632658123145601436
0.05586020225273696793167
0.05549952325968079275276
0.05554179314596478789223
0.05506353484099545114727
0.05588821750726662845876
0.05614785128108686768078
0.05633324025619525221575
0.05645274357614568638830
0.05649989126854600141048
0.05643125316088530574188
0.05634838676137356172635
0.05616848508363263270393
0.05591819739793085775048
0.05558026934080506631375
0.05512175426055867383246
0.05448415683833258277291
0.05457039145285855208378
0.05373308611745254009806
0.05517792365568969376044
0.05561928287626376199437
0.05594564520104487043151
0.05618983282359092668035
0.05631916923549324521803
0.05615638501371595509015
0.05597342527567625986018
0.05565621220079883940679
0.05523152314629012349378
0.05464983650656932839818
0.05385194295503448885798
0.05279653538600855011698
0.05294709982056077651746
0.05170605016227966532760
0.05396325247562031024451
0.05472831922611754579266
0.05528389908310343131559
0.05569148571344244985637
0.05593759037747049467360
0.05566024387360948150194
0.05533357689039621746252
0.05479904328253863005083
0.05407331233732975278583
0.05309891183234523998058
0.05189176600520509219372
0.05053268152444268662693
0.05072826617942656490801
0.05206889030586264732747
0.05324182767644181774047
0.05417558274484812058658
0.05486998439399236315861
0.05531150356818555907656
0.05486798446793771100172
0.05427280781083665406328
0.05337876537009239585885
0.05223912767432165732417
0.05092309858810272621410
0.04959175902558301402001
0.04977454962474568700426
0.04863616470032666033729
0.05111582551645036526233
0.05240863920716450768955
0.05350931379417065564263
0.05430191910431628188327
0.05358927723034613566089
0.05257754417865322799086
0.05130593605266391132869
0.04996147356632914260377
0.04878566628083792766635
0.04802754770257384314691
0.04810320126895000630851
0.04788333239624564807713
0.04893636623488437087381
0.05015694151378781440176
0.05149866470960037800886
0.05271933820601831799380
0.05168451706221089542170
0.05035433069282905377273
0.04910515818229158752084
0.04819411515676241819506
0.04787318022599046374310
0.04824810575934713324786
0.04814825629429812792193
0.04906148018040772107451
0.04787864452321844571658
0.04829858850377149320776
0.04927130748129704418403
0.05055345300089717636149
0.04945612097782588201245
0.04841935675688002760353
0.04790130950171205687083
0.04806516989853783228259
0.04889016573919163083373
0.05018709056985317523703
0.04998063619593202944191
0.05146612409440017715800
0.04873487786866793208818
0.04799849911612609487666
0.04794098028854685417111
0.04855139712097359533383
0.04799546456998406152028
0.04794663220965866834433
0.04859020066391205039391
0.04977704613503236563687
0.05124959238895402530156
0.05275379710623098739042
0.05255137928523225671062
0.05394353395118407085151
0.05102785013430846672300
0.04957631212854558822034
0.04845420133055183126158
0.04791202336789154164753
0.04833352196026333147394
0.04938453934821226271046
0.05081090981871089207189
0.05234454551824838097751
0.05377065902558074428352
0.05498289830628778213084
0.05484107147908189039409
0.05585630909236938279605
0.05358914865201695743036
0.05212899791288987810800
0.05059010717713621069214
0.04919560587306686522124
0.05037101590305776560585
0.05190808643530325089399
0.05339336371788178797759
0.05468634653742440038249
0.05574278607477382851965
0.05657698094811114408742
0.05648674943385110364114
0.05715852083294824248494
0.05562463828932228543378
0.05453217471088815659908
0.05319723221592284612136
0.05168380514330314645655
0.05118990778206948533136
0.05247177701534641580672
0.05298816909687116549765
0.05436561433741513016393
0.05549667765035989908107
0.05639305227422638372436
0.05708806822499419564299
0.05761683737196106325218
0.05756284354918352746955
0.05795472996115014902019
0.05701623832916635770118
0.05629256007265415889806
0.05536384190739581517837
0.05418837464986221014174
0.05367256121796124684886
0.05474925502388170578394
0.05522197187844385402045
0.05618683876155079748305
0.05693782402545262411042
0.05750491668077342688470
0.05791280158951637307974
0.05817290856398719262055
0.05814598884368307740722
0.05826447813514046975003
0.05786984575246768153223
0.05744596149243457600120
0.05685741427151994736855
0.05608104739146646533499
0.05565653513611812375217
0.05640894708597780915493
0.05677159608712122745855
0.05738289946822634074453
0.05782588401835847546906
0.05811680239001076192507
0.05825260000656893449866
0.05821426367804058421562
0.05822099374419429512750
0.05799804908048594720427
0.05823912631168813580640
0.05808743301642156631193
0.05778040034634475408115
0.05731514316981294043796
0.05701474448405204065171
0.05748753467428993624289
0.05773189114572379460055
0.05805433974139616315480
0.05822336369802386113470
0.05822500954593413241556
0.05802855198033053663043
0.05758247927079247763249
0.05764417679554088846938
0.05693568167438162880289
0.05805717088276773907296
0.05822682002627006109252
0.05820590653376363915461
0.05802114967341025220104
0.05784255085379334804241
0.05808193493698415171833
0.05818748842854722103102
0.05822656485923811964245
0.05808030862193308552222
0.05770232358507376702050
0.05703931296525781291518
0.05602894867941773243691
0.05617614253549703395851
0.05486672364169944970946
0.05713325613657412038737
0.05775757351580825676995
0.05810198449142681131896
0.05822472969607843384932
0.05820701332323442028782
0.05821000709267740158559
0.05811973560835111823897
0.05780524575812710091904
0.05722228669044705090529
0.05631503925427589624109
0.05505976588987034070488
0.05347889437849112637124
0.05370131421172290309141
0.05194357136734686908319
0.05523936688020555929590
0.05644846921178958698562
0.05730607185931135827417
0.05785224361929173358954
0.05807820008314213550138
0.05779267981658250258326
0.05738545497159599356740
0.05657195616916097652416
0.05541297166992610601088
0.05392701588445873023270
0.05218322981554004286187
0.05242725755124470060631
0.05060350536354826095353
0.05414145150667307865300
0.05558739754738146326973
0.05669069044256313388841
0.05732265566335592588132
0.05664256900654775911397
0.05575104838098932785728
0.05435172002127548751549
0.05266784914987685667365
0.05084869193588087421531
0.04907851719446340577058
0.04930815197661062021517
0.04773907469266963632393
0.05109788449095747919770
0.05291015648989213365772
0.05455384224141732879554
0.05573551138881645272694
0.05459586444372006158732
0.05315236549572901342264
0.05134893180313369887013
0.04953625283354026048732
0.04792632647036323967349
0.04670330262641354118758
0.04683783999198062181213
0.04607808022780648937733
0.04812729745847701273709
0.04977523094151972693489
0.05161002691930433039502
0.05325608357045194529711
0.05179115687465264683542
0.05003407165828971381316
0.04833678013323050581818
0.04698571463283728738558
0.04614048238374655885874
0.04591571199279673165528
0.04590266848051249154450
0.04623598900623610702398
0.04621794954319260323450
0.04714054078661748109491
0.04855008121132451531787
0.05028203354022448695604
0.04878701201307986817790
0.04730671448459986688784
0.04630406384344192688429
0.04590267747361716221821
0.04614654729199992727606
0.04700645546087615228581
0.04685506649565761294607
0.04816289348983266577209
0.04607250200681293345051
0.04591474498591912450918
0.04640838631799477226325
0.04748795879282095844243
0.04652537483149738611887
0.04594137351146621028875
0.04600498722508215843074
0.04670539816731758553381
0.04795604388864210115839
0.04958601693340394800380
0.04934532815380385240012
0.05115744420133143399720
0.04775883934204408487467
0.04657398736608824030281
0.04595368526402441450296
0.04598213947419224623125
0.04591409949243811100539
0.04644323684084553788276
0.04756280671553635847060
0.04911571418369697211714
0.05090557845934247371833
0.05274738413754031379765
0.05251105044086543799375
0.05426420626944451069962
0.05065639441822332444954
0.04888017878385721853851
0.04737131889398123185675
0.04633309659705409089270
0.04719151815673337108104
0.04864500347608170099933
0.05040261506185338830077
0.05226203102892889446052
0.05404395315194345655874
0.05562445237674479986412
0.05543429520323222420286
0.05678851804630007799046
0.05382716455642343883481
0.05201595193389638854820
0.05014589900384281567769
0.04841740928745299349378
0.04989102491701931374468
0.05175869843280275772734
0.05359538316600656604471
0.05523951797942638908268
0.05663842826298589455680
0.05774833611166272501203
0.05762918559924518763227
0.05850500869118206714870
0.05648314780051429118135
0.05503876094196615692544
0.05335198239420788773879
0.05149689273341265249861
0.05089139239832765615468
0.05244798645527345287709
0.05310348172167504710028
0.05483175627367514737287
0.05631450961279024086670
0.05750354430906309821658
0.05841114891535533620859
0.05907052695588676377580
0.05899937591061019809269
0.05945309420972211267298
0.05831180441595788799258
0.05737257749934130540703
0.05613703945457795135843
0.05461388468641152627026
0.05394213114355698307500
0.05532162556760839705605
0.05595130673843059371242
0.05722415184799776316504
0.05821039722061876336978
0.05892648245623750141720
0.05940402605800430141381
0.05964218416475449563441
0.05961645706582628656545
0.05960693143373144847752
0.05935210932039613335176
0.05884977004548097578862
0.05810631060146943804856
0.05708093448147866233455
0.05651602664068484938031
0.05750345952747319688836
0.05798995148631191226540
0.05877026792862339449330
0.05929709355920338709200
0.05958743935153937992810
0.05961198779324153318449
0.05929575458402411985981
0.05934169787680015906162
0.05864501385542855022015
0.05961209716084778231782
0.05955550981551151201732
0.05924093296650603801545
0.05868311465256831338522
0.05828959388338078584368
0.05888347924963133195320
0.05918016773745537334461
0.05952040602407672464924
0.05960835813213007788880
0.05938294265769106239361
0.05874626959948523602373
0.05759928238006016554262
0.05776491652923582825752
0.05611290958724812066860
0.05884265766035105815757
0.05941778936089144036448
0.05960097104766828857159
0.05948320529487747393427
0.05929394098711930627399
0.05952786605669830449772
0.05959001317729850644156
0.05944524738863536661437
0.05892869798338157966144
0.05792566340232678523403
0.05635240985957083031943
0.05419858551563576376520
0.05449808618596008874535
0.05190340510998729672831
0.05658412012044362893182
0.05807183301310665790584
0.05900256368748441060390
0.05946916181374455045994
0.05957355160800546084454
0.05940029148014363408192
0.05907330376566137519756
0.05821027814088605006893
0.05680097917890305353472
0.05479724941161469992101
0.05225949058056605922573
0.05261709013759385822340
0.04971278220673967795928
0.05509993120203850180960
0.05700864854843482043556
0.05833846838434270792861
0.05896721452755004228008
0.05821651716624012817825
0.05720443495324437771510
0.05538566963144923860352
0.05296588555596045549967
0.05010590107243081958721
0.04697865029441481571348
0.04738057230709648293132
0.04418106610180651261377
0.05050103335187140773943
0.05331867499852160213747
0.05565647190145322359411
0.05709339464137471592542
0.05557521156593241140609
0.05366248776657684543823
0.05089371147421165031410
0.04780198664335461727903
0.04457796276081363306965
0.04142304639509479524673
0.04181056630274074259468
0.03871565465894571955729
0.04499349984752517433995
0.04820896417742590728261
0.05129229151198636676989
0.05365734283846373270377
0.05139302074870903680459
0.04862460289410339836502
0.04539947325753233842160
0.04219375183848557420152
0.03907649794887354394168
0.03603713145540931445110
0.03639682106307923908917
0.03331266773098403438658
0.03945602232055225172536
0.04259033056673554307192
0.04581962053359633912919
0.04886049955700930841340
0.04616873598693334301846
0.04298667606189129214433
0.03983332777810437430599
0.03675793369201617311059
0.03368178456734192277588
0.03040362668602040324695
0.03081164535856208835929
0.02730037474206081088424
0.03405193583817444497042
0.03712955558232228225890
0.04021740080691641600064
0.04340140892932606297983
0.04059986128245939018822
0.03749763264033825760357
0.03444122797340095493146
0.03123786698216845028608
0.02777451394940213050266
0.02401017381710900816527
0.02450473803300623129586
0.02822478189680397223094
0.03163797835174903677613
0.03480455694766754204394
0.03787860471105046478169
0.03518517573639720619205
0.03203730667783860619480
0.02866816726361649109167
0.02501544955681478388243
0.02115505960474154192874
0.02168244024728501612165
0.02550574591043203859231
0.02911775663140336173340
0.03245413416549403767819
0.02955909096176904601871
0.02599560585113042804339
0.02219238342275291556160
0.01887859301300587322459
0.02272023435206919558804
0.02649201725766766810088
0.02324644114379935400105
0.01937593449616467969343
0.01618006683154561003990
0.01990631131243688831112
0.01776732808569403757049
0.01667619864204456653356
0.01483812933375521989077
