0.08771536639326384110493
0.08711183478555097059459
0.09030651806561389161043
0.08992085551827072587017
0.09176895749265935597894
0.08948699737743855131544
0.09156927732360675697976
0.09241427477454278172075
0.09234072196869631821148
0.09259006442101903877617
0.09134383227592392240357
0.08902671063505539217342
0.09107853404546521758345
0.09225011648168528199943
0.09257705921674125315590
0.09258163704048472109065
0.09258306969319812784747
0.09254594735634247282263
0.09255590572511686320301
0.09213620730597021912800
0.09076819531393919004980
0.09042645938374413439043
0.09199690331459241254830
0.09252653709500389955789
0.09258444547470863483785
0.09254414254574783171847
0.09252731179199945310554
0.09252222265015114244235
0.09254409279267576671213
0.09258462460872668442491
0.09248389726589802128931
0.09182752621499402911898
0.09170369370932807129293
0.09242737070162973522791
0.09258111851183491169959
0.09254465651202757603411
0.09251780088129640811090
0.09250938175055634093980
0.09250552952296237085861
0.09248998717346949838269
0.09251360397725939821445
0.09254665955173840830028
0.09257404149267936532830
0.09236645993687730982202
0.09256176281927205873323
0.09254912498241768537000
0.09251031606735671264374
0.09250130622523737577989
0.09248896350093177565199
0.09247595947119550963134
0.09247298113942763186923
0.09249606915262748030315
0.09248823735595762540740
0.09249723468890046207402
0.09250815448953178532498
0.09255160687359527404983
0.09250774591425836579361
0.09249268926521066191970
0.09248671376387690434839
0.09247167499917569033485
0.09248519985564181145055
0.09257036839321025611937
0.09254880753263453052604
0.09268460976280565311036
0.09247659468993353615307
0.09247127847366060082734
0.09248516479236990051049
0.09248836216490342876373
0.09248336936704389110719
0.09247154860588058244986
0.09246982953180578335139
0.09252929413807031711059
0.09265808138837997032233
0.09279814651136898684403
0.09277429050950943001386
0.09286531997068639410209
0.09263133984642675511356
0.09251239920954761053462
0.09246573149857323370426
0.09247202102520234168193
0.09246338724525904328999
0.09249737885605679998946
0.09260544228308580094744
0.09274944096936216242355
0.09285342775567860529318
0.09286999062446162078732
0.09286964160471374019057
0.09282880446138525032396
0.09283903399130501166159
0.09272399671889906824784
0.09258062924711986385606
0.09248485022173949521296
0.09255770066722041056195
0.09269644812578486936516
0.09282122870061262909225
0.09286762647698054706780
0.09283498624499311735470
0.09278209316907744252934
0.09278541309986990115455
0.09276464517471245951885
0.09284013160288950849974
0.09286304128538222513178
0.09280147704433719391126
0.09266939881494562492037
0.09262634722462943781540
0.09273850169335670634574
0.09278039095891682519479
0.09285585565853859968399
0.09284454112092317690230
0.09278996023112996704985
0.09276026847901500116400
0.09278878325824989337089
0.09277594967774888123913
0.09283978942253202915058
0.09275738499345351217862
0.09279585749049926168830
0.09284853931064411536322
0.09284656045067718466157
0.09282425417482371987621
0.09285587456317476173773
0.09285116990800078295987
0.09280204290529552035860
0.09275677487939866516786
0.09276533693311386774560
0.09282444124234164040121
0.09289380270215974455539
0.09287953427527198546620
0.09293249231255612530234
0.09280895646842519941533
0.09275614344102706132489
0.09275829563918054632143
0.09280942643936473945843
0.09283495950645760663722
0.09278704024950573669983
0.09276192108877868991446
0.09274836962766808134973
0.09279366065554506270985
0.09286520794616262564070
0.09292270539121720573927
0.09295488048447189677326
0.09294749997951874675994
0.09296929417155615216206
0.09291146164191672884858
0.09285009640672564623642
0.09277983786564940327235
0.09274385635472566502546
0.09274961150074610694016
0.09274689031922581095024
0.09276778533933069392781
0.09283444484618966208167
0.09289974647002574581478
0.09294004313013012885669
0.09296270779923868077255
0.09298437166449842472549
0.09297688716221740035106
0.09299875111382964465445
0.09295613388091655826528
0.09293226337085906674229
0.09288800986192170816569
0.09281991527802779806677
0.09278119482749841440139
0.09283425616776914968131
0.09287515989897159041089
0.09292383118960427512700
0.09295016719205349831068
0.09297024178445002784432
0.09299177373518215106163
0.09300417449608137931971
0.09299929964103237356454
0.09299563859292069023521
0.09298473511505292443680
0.09296364617314734068998
0.09294405022451157627472
0.09291559654053219152736
0.09288474951848803284893
0.09291928875440928770058
0.09293821931542707581730
0.09295737566773858151503
0.09297794096327426094373
0.09299423731442599261321
0.09299333310237163641165
0.09297791236683769500182
0.09297613376264485252065
0.09296697124450947757879
0.09299025617001947796592
0.09298862546035836784686
0.09297148286084906676496
0.09295208605784319177978
0.09293857482515618939622
0.09295064168563026141268
0.09296502447094059928823
0.09298289655366932804359
0.09298761403622499144284
0.09297465787724239205669
0.09296243227961697996875
0.09297806712354168834356
0.09296881392805672605917
0.09301601594945876905207
0.09295876607031600125097
0.09297325030885263130731
0.09298431439443348434093
0.09297721766061049775143
0.09296305175526570208078
0.09297402802622417583578
0.09298049635766529597003
0.09297157153045582100859
0.09295611555040192430788
0.09296070075665255338926
0.09300233409215781510415
0.09306861315607727058730
0.09305454886398295544225
0.09298919719463839828055
0.09295303544265498540966
0.09295387970053263504422
0.09297060554320892011848
0.09297708147425959301913
0.09296795608095710650165
0.09295259819934831302390
0.09294684899335441119472
0.09297714638421364363730
0.09303987335610622300131
0.09310497681983001538875
0.09309276446475200916808
0.09313480784384219057781
0.09302497319925195906620
0.09296588746184965279529
0.09294247463659090213728
0.09295091286586440459949
0.09293934036903855888667
0.09295580288708923943908
0.09301057660731365528406
0.09308045550452780092510
0.09312829656003181189039
0.09313884342948501593451
0.09313697906148921124014
0.09312722222740581201617
0.09312081146770337380936
0.09306689136793451500029
0.09299680628167508733561
0.09294789041886794556113
0.09298402802303420977559
0.09305299115761718475870
0.09311176290274193745322
0.09313473706939566498786
0.09312673684272702867570
0.09311722021695374718053
0.09311380215710426955233
0.09312193915813424260897
0.09312613410686852721820
0.09313157618159666195634
0.09310281975015809174945
0.09303929669165636462402
0.09309274395350612685274
0.09312820680171761400512
0.09312624336172535544076
0.09311181970950113684360
0.09311426033115996481193
0.09314136245542616043824
0.09313074488349394608466
0.09316554008649664819774
0.09310795612228357776008
0.09311083429948639744733
0.09312705403215014443585
0.09312426001725740420945
0.09312764708459266016494
0.09311132503641340874001
0.09310313133998004975211
0.09312122657510410461690
0.09315518077028572818676
0.09318313395813611343943
0.09317523721687601123698
0.09319108451718419172671
0.09314462340075602142520
0.09311208151511604635964
0.09309997231391360650310
0.09311285819781402184336
0.09309851842756278195168
0.09310463032901292179666
0.09313404835198767217630
0.09316661628012190554671
0.09318560631648167835728
0.09319587860196630602072
0.09319088724438315263221
0.09320805497119336036072
0.09317917490636618005340
0.09315727468483686601886
0.09312442379152195692793
0.09309860337902682581035
0.09311526216444537817907
0.09314821538063849937217
0.09317243202407085589378
0.09318560715902129976129
0.09320136325361970397463
0.09323194161597454787671
0.09322326923591967018368
0.09326176577712033677336
0.09319500446458856002252
0.09318020866442312810651
0.09316564918680866891343
0.09313878245839077307799
0.09312781304097919599094
0.09314922054354615732485
0.09315828566034767277415
0.09317486556302925770900
0.09318869509967382669391
0.09321506716076176368713
0.09325265145862739191163
0.09328593069300779305753
0.09327859470500325655973
0.09329562238587385536448
0.09324361802970904111731
0.09320657825048220268549
0.09318305456628087068971
0.09316956087534973562914
0.09316405463225249650172
0.09317259768158786537029
0.09317822987083586305790
0.09319931950568566270121
0.09323405604750945041559
0.09327057591820084314627
0.09329060956415001493180
0.09329181471830907956821
0.09328809864104674332008
0.09328599485473448860162
0.09328502911401034825012
0.09326225722815208174499
0.09322583935399626764440
0.09319311341063345188740
0.09318323255349925116064
0.09320189540472527400805
0.09321801454515757368036
0.09325463025820653062414
0.09327937738075214868516
0.09328455007320747560673
0.09328108102920942834579
0.09328960750194358053644
0.09328203930063987125987
0.09330821540890883725172
0.09327678564109180558983
0.09328083822116564616245
0.09327408141671809926887
0.09324659486156358645381
0.09322895375463662037685
0.09325514723056883836794
0.09326869999347428552561
0.09327752456977489448064
0.09327268006904775032861
0.09327520128172388236276
0.09329851396336295843437
0.09333500354314611113793
0.09332539372947297462435
0.09335808834456797711265
0.09328860458546031630966
0.09326866902358256494754
0.09327002808864316707460
0.09327478179027916260768
0.09327147188391723964251
0.09327272643343216540490
0.09326839312536429338341
0.09326387031566141239125
0.09327920689748374349914
0.09331515451634478375276
0.09335115456374239173432
0.09336950044762044875757
0.09336547876173210969153
0.09337162205471283282776
0.09334311127992653278618
0.09330485006583143225978
0.09327149574927766362276
0.09326021016675994923517
0.09326398088890999749090
0.09325702848031046376942
0.09326455661978969025050
0.09329514714404442410345
0.09333455697102699399892
0.09336118247311915585573
0.09336915433882367332252
0.09337622235422768368629
0.09337175725942586934636
0.09339337745523527967162
0.09336688612607919879327
0.09335621065508897808982
0.09332604606889254028612
0.09328533725058300862809
0.09326292710475268810111
0.09328498734253851121245
0.09331698253697773282056
0.09335059916702535820487
0.09336403775357539347457
0.09336841510961053913764
0.09338544255478442579488
0.09337816733391075818549
0.09341287046554640205454
0.09336526133833043805677
0.09336174212920349269051
0.09334447033015355610353
0.09331533766057320544718
0.09334225777454321915094
0.09335901653401232347385
0.09336306740973240869685
0.09337144019768188474284
0.09340200053419835113377
0.09344477257428245031701
0.09343280024940328609695
0.09346441385826698144967
0.09339171824593067716691
0.09336688394466624574264
0.09336141785101088885757
0.09335649144175588165506
0.09335987361029859932238
0.09336299584205387525060
0.09338288793717978986120
0.09342107263820428886270
0.09345556547592008544978
0.09346053235307050233160
0.09345650096900279257817
0.09343516310982301342758
0.09344599298527936359626
0.09341043140177084092013
0.09337502254771617993256
0.09336017396610873930740
0.09336953774532638639094
0.09339973378069602039098
0.09343633572970477807473
0.09345145842588108153759
0.09343504714432385171996
0.09340530955839208837599
0.09340531709398870729988
0.09339035809855616987463
0.09343428302014641917417
0.09344661608377229089495
0.09342684452457314381313
0.09338996584357243946339
0.09341685983008261862093
0.09344056548115096949569
0.09343332435354545495443
0.09340508604798841707506
0.09338687345910590131837
0.09340210081014085896634
0.09339374171455970541356
0.09343599173592213869011
0.09338393258559014864506
0.09340626847086394568542
0.09343215915018363015854
0.09343350612072617855652
0.09343026388726181907796
0.09340706036308034365678
0.09338276587201470302357
0.09338642082535886235206
0.09342520483822214227843
0.09347847037668161052082
0.09346726784874881399645
0.09351432014890924404593
0.09341474061712057297413
0.09338126059547038892994
0.09338237399054499787709
0.09340789981610120307209
0.09338311654504062586657
0.09337667549795046484373
0.09340522651051826052981
0.09345621043544631578737
0.09350556445612911993237
0.09354012919725390728942
0.09353217272236309665079
0.09355932509820201470330
0.09349580817263257459526
0.09344623949420736985783
0.09339689207306581253398
0.09337318555296646171993
0.09338927775977649836658
0.09343602939729950263015
0.09348676217492542239729
0.09352398191016933481912
0.09355155701966297310257
0.09357981928913751412669
0.09357032813750952582321
0.09359883595718324067469
0.09354372088350133840340
0.09351735997885193829582
0.09347772698641215738391
0.09342562095999960847248
0.09346794614929199163100
0.09350969539695126730994
0.09353681731164754931118
0.09356136598048669927863
0.09359042179587616361314
0.09360780082833086712668
0.09360209927848935074213
0.09359520282803369950475
0.09358133051656181145006
0.09355370002350257840895
0.09353004369999225187104
0.09350165641795571414008
0.09348941094469488677365
0.09351486180548665427814
0.09352343531672253906795
0.09354575016891987504497
0.09357237692763160918918
0.09359536625917354302207
0.09359488373596898391771
0.09356364514584349090232
0.09356618845309072618477
0.09353063252915796987885
0.09359277856407843820818
0.09358879329441788241795
0.09356386736250643654245
0.09353847408470672419867
0.09353076194504673923635
0.09354523889697441418889
0.09355557288008703453741
0.09358122393030997299146
0.09359051733511290771528
0.09356815521978097127676
0.09353184308707707117492
0.09352402473809219574097
0.09351792645507936430072
0.09355968727054410349897
0.09353354726415416542373
0.09357094485170026898491
0.09358762658355831987045
0.09357353397366745262342
0.09356258116965497639850
0.09357811363509861701804
0.09358337113009275454178
0.09357246180538268676141
0.09353687012635228392732
0.09351379426982213416419
0.09354519583393344772659
0.09362976399679460992598
0.09361003432260860124270
0.09370034882828928712861
0.09353190028828647917258
0.09351222860555009896988
0.09354049147924120566344
0.09357346709714445265327
0.09358136372108531719771
0.09356488480396099594039
0.09354461614170890559894
0.09351200699908814029104
0.09352119438066656964548
0.09359066462432821809081
0.09368394395942843122516
0.09373258159626764174366
0.09372572235060454282074
0.09370475749190695924362
0.09366531563587622566391
0.09357293931159142708065
0.09351323863965761706840
0.09351380243005204262463
0.09353443407489454852755
0.09350828388834647730832
0.09350745189634390719391
0.09355673178763067310282
0.09364686674159228285674
0.09371650602877888702746
0.09371004384289095823224
0.09363040963665256177784
0.09364133403125808607914
0.09354653683971464461777
0.09371281078251754437236
0.09370629125603438525083
0.09362886398916533958747
0.09354187603780241000440
0.09350950090109381995784
0.09354930918113718574247
0.09360989310800467422258
0.09369347013980022786939
0.09371414299437792749803
0.09365250976145214623081
0.09355610543817259594501
0.09356699156241206349893
0.09349425620235735090446
0.09366397094685124935509
0.09371288996687195116397
0.09367881446108961007724
0.09361619467523060733605
0.09367949809272269057203
0.09370929684118156632877
0.09367320315087079851679
0.09357886240709112346536
0.09349758742529215571615
0.09347732841070807707773
0.09347153155476869978990
0.09349531780294989546931
0.09350323115087828818037
0.09359182568511791033838
0.09368074987994411129133
0.09370556942977781300641
0.09367675232814692831695
0.09360489541997840667875
0.09351087164722902966840
0.09346792671923701001369
0.09348488210767252892808
0.09352339408681292765024
0.09351379139173794652340
0.09354828725750674589534
0.09347584617044703281241
0.09346646739471047016234
0.09352038270212996440289
0.09360475990561423209613
0.09352293833358196750716
0.09346683266058421202249
0.09346769540175565993412
0.09350489658782736024367
0.09354073962488423932271
0.09358299585730757430557
0.09357321244501166923602
0.09364246816210332335917
0.09353383143414467637555
0.09349558728383194905476
0.09346048340403852183744
0.09346771530571063024695
0.09345559540101473772200
0.09348637072296116234948
0.09352638066916643677651
0.09356438796462476781279
0.09362837898093047395154
0.09369040784942042621175
0.09368474852688184195681
0.09357846078417970947516
0.09361475526051357687329
0.09355607042731271805192
0.09351881973100238665264
0.09347793977590196368155
0.09351190755851096492179
0.09354890655104593222280
0.09360154100236531271584
0.09367526618319316211725
0.09361908777571605055901
0.09303380246795373009761
0.09317747990890869191904
0.09364612128175626992732
0.09366336535168343080393
0.09358995766981262343087
0.09354271962443015675515
0.09357976717872021343858
0.09364988117668862632748
0.09366232558273240860203
0.09330053824756777414162
0.09202792837303253037362
0.09231275133731377258162
0.09339702239633673741537
0.09366965874019557436458
0.09363581728540100457270
0.09367011297985061712978
0.09347381069016777455083
0.09255405465660233865766
0.09079685656016389661005
0.09276878467289638441340
0.09353347376425613646234
0.09295130402068514652303
0.09119449406620189213513
0.08846971458702369839333
0.09156844283427519048946
0.09010224441499660452681
0.08908086965613787322482
0.08697266491495339590934
0.08772991397346914521638
0.08712734593207613342791
0.09032146735253723801584
0.08993684221212387697175
0.09178412013852614570464
0.08950327797627742609787
0.09158553182991704955107
0.09242951530806327309353
0.09235708722645333268453
0.09260530533774080641507
0.09136043033349440511959
0.08904316688088663445111
0.09109536581776510322239
0.09226685858840173726225
0.09259343916298780341467
0.09259684761304477762511
0.09259942298207013422484
0.09256112267376045976697
0.09257268298771134662495
0.09215323089364094166775
0.09078526222429428305105
0.09044308978606294124880
0.09201419797215221185738
0.09254362849584764350030
0.09260120783084882511993
0.09256046109283896927700
0.09254245466704046074735
0.09253850912211523949136
0.09256082754719235916596
0.09260172137850369855627
0.09250127926441174819328
0.09184443057171093327540
0.09171989819339244898178
0.09244440247131183174822
0.09259851447263048318526
0.09256174025270369476459
0.09253451032867342218591
0.09252563693517110166020
0.09252221623115576554230
0.09250620920932522972535
0.09253067608698760382335
0.09256404509487631271369
0.09259111709072956331035
0.09238277228165196752752
0.09257810608768073101782
0.09256621257508494682309
0.09252768998266350242154
0.09251836964761588066875
0.09250562724185848462177
0.09249214918609227620294
0.09248962215757193516819
0.09251223233240629673091
0.09250529124041129147571
0.09251460043117870624130
0.09252525090834939902606
0.09256796777286317723377
0.09252411902560925271999
0.09250979998446327845496
0.09250407174013206001995
0.09248871784622368641404
0.09250182261360573310327
0.09258651383606210372168
0.09256542119393940115657
0.09270074360400309965158
0.09249363025332285603852
0.09248862798347536051669
0.09250229103872713298795
0.09250475019211296112687
0.09249977417076712948862
0.09248868863068934742522
0.09248717270400506895722
0.09254633110545229524035
0.09267469473472229879452
0.09281426827608497964750
0.09279090480377388816535
0.09288142153151213165074
0.09264838646287694434722
0.09252974350874040854187
0.09248288653709151041493
0.09248844086293225852380
0.09247982331933929378565
0.09251455600424632330636
0.09262279666020550861205
0.09276649910358716888403
0.09287003581581178279780
0.09288606080745941129262
0.09288623204471453675968
0.09284483458745185213701
0.09285609833531756340808
0.09274136647725143844934
0.09259783790539855008461
0.09250130636839373754476
0.09257418575750828160231
0.09271369427654552186624
0.09283860954663449016611
0.09288468531561146213082
0.09285155012266815832689
0.09279808189017627051420
0.09280194816386277967268
0.09278059763464718834314
0.09285717417082982316767
0.09288042223211911974090
0.09281875783412726899080
0.09268591890547021872049
0.09264255573684908318111
0.09275471180617844701999
0.09279694628935462874519
0.09287316145695660718484
0.09286191053450926213841
0.09280698137201293107523
0.09277677887276389312454
0.09280470646741827145387
0.09279244229990739334379
0.09285568737632608760091
0.09277438722500401524496
0.09281320981510982059959
0.09286585888826492940495
0.09286314225480930828471
0.09284046170699178368579
0.09287206982870657712148
0.09286776712745122008830
0.09281936864620073113219
0.09277411185387167413818
0.09278232729705265802167
0.09284092185402836872044
0.09290967534571659136589
0.09289600457134740418841
0.09294833696505801212684
0.09282594142279732007950
0.09277347225934162722183
0.09277562694119713404550
0.09282602889322565109520
0.09285113387179166899443
0.09280319055002497763418
0.09277852844023315448396
0.09276571286229000345980
0.09281098766555435919390
0.09288218870609638022628
0.09293916310750395537443
0.09297069438829766441224
0.09296394142009722916242
0.09298507566700842108531
0.09292843548750531756930
0.09286742466566859366406
0.09279720065517041427405
0.09276047341706088189550
0.09276574057206823931132
0.09276300512262987407741
0.09278441951356106165427
0.09285183149173542593857
0.09291707543347339781636
0.09295700667681482121107
0.09297913096532603449695
0.09300012024861065151882
0.09299329214315983638262
0.09301446648158114005600
0.09297308457357374156249
0.09294958969844897833656
0.09290541937395324634252
0.09283656983710616983352
0.09279730276864357751965
0.09285036286707526453910
0.09289183634890109397819
0.09294125956787036013651
0.09296748720759487327747
0.09298717849381880895532
0.09300816089259529573230
0.09301985530940420909829
0.09301566722020014610361
0.09301128244105406894793
0.09300165697664233843689
0.09298095894021941865137
0.09296149417576975160227
0.09293229149303584846198
0.09290085683579216158101
0.09293539547939219658268
0.09295492998282105234775
0.09297483418019147904943
0.09299524739483989999034
0.09301114290443990295643
0.09300967819353520016357
0.09299351718828442747711
0.09299245459999712359878
0.09298253787210827847609
0.09300714272363994061799
0.09300592463386651853607
0.09298895517642551122872
0.09296880935587015226673
0.09295468011249521933514
0.09296674665627800704382
0.09298176049069195592267
0.09300038137102742408224
0.09300490337492586800927
0.09299152308474027683882
0.09297872976989689230987
0.09299359937498065387107
0.09298509121155378032153
0.09303151846786733569772
0.09297560872990540126182
0.09299052706278701507792
0.09300180938250136863932
0.09299396583763933077371
0.09297915919486393621085
0.09299013966905979311495
0.09299725562790135680036
0.09298907404309017521449
0.09297337924519290253134
0.09297752336433733055809
0.09301859547597678135045
0.09308408799270077860211
0.09307079740384956167976
0.09300600449288894122635
0.09297028899708799365431
0.09297138853873945785189
0.09298737225458408861556
0.09299319798027431971388
0.09298407777856214362355
0.09296937094793286671113
0.09296436529532155212951
0.09299439469176405681505
0.09305666912050893080366
0.09312121235114871609095
0.09310954825481215779703
0.09315102670122032968436
0.09304222006778301023999
0.09298341530066217552886
0.09295925430815377144000
0.09296704104734712648117
0.09295547849789587147029
0.09297259439701270611334
0.09302812074447583401415
0.09309770212545726009168
0.09314506452888161869286
0.09315504057938518711612
0.09315372595671229938308
0.09314339438179577990162
0.09313805546709774674241
0.09308445412011885633508
0.09301361413690287238687
0.09296404337362354497465
0.09300020524509175490202
0.09306981765489333313646
0.09312934090641800111143
0.09315197347204949573918
0.09314345918470441632042
0.09313336781269498931835
0.09313049919968728607156
0.09313806485129626222541
0.09314335850784796755342
0.09314916388640563649215
0.09311966311764152681718
0.09305550450987855326535
0.09310898230026644351032
0.09314506366780028745467
0.09314383577219643994827
0.09312903034235629762261
0.09313093338340906746087
0.09315746824734497111287
0.09314739633394919504639
0.09318162616040771839554
0.09312515550680358633606
0.09312842935776019515082
0.09314391880347901164772
0.09314052482526567755539
0.09314393298584808245089
0.09312819419939599718816
0.09312072989742294082394
0.09313841800426903017041
0.09317181209441026401574
0.09319919910099265514258
0.09319184741775975167055
0.09320712712445290704100
0.09316180822611666578759
0.09312968592362536046636
0.09311684601148841056162
0.09312916209318182481081
0.09311484110594400731564
0.09312151193826263828601
0.09315166036149361006302
0.09318379373427633505234
0.09320219280318672860908
0.09321189780025787574580
0.09320744859521100378341
0.09322405139339536017662
0.09319634351580811937321
0.09317489451330783489791
0.09314131524251162419503
0.09311494700868627738544
0.09313162929156112990192
0.09316511747243542973518
0.09319005809039872245680
0.09320276569560595469888
0.09321790028640154768258
0.09324791685254706086194
0.09323978403760620203844
0.09327772085572209881388
0.09321215337640273435049
0.09319783839793961688347
0.09318255976196516965349
0.09315517404512894950042
0.09314421613678300349015
0.09316565337115288725212
0.09317470147827239257410
0.09319178304829990600044
0.09320632783965200618415
0.09323220798859808977621
0.09326914483598795768682
0.09330186450785804552766
0.09329506521879828151445
0.09331153183537685413818
0.09326075205183685656873
0.09322421567987133894650
0.09319997859721713961978
0.09318599959809109600783
0.09318051560404345956545
0.09318908483098786721399
0.09319469064563173921201
0.09321625196932656343130
0.09325169979154480925931
0.09328770275290521052369
0.09330705463028839130590
0.09330769691827037193299
0.09330451577983492339463
0.09330184936748463220280
0.09330214683566989686270
0.09327990661814299089283
0.09324278051417944634949
0.09320959684311211357333
0.09319974477392131695375
0.09321843381466450584316
0.09323452276186848519668
0.09327158065110320583901
0.09329702946234545712922
0.09330165554850279596710
0.09329746917078446388771
0.09330543595154616731691
0.09329839905545259104436
0.09332401987730039316649
0.09329387688540230483270
0.09329848931088777219678
0.09329103915876973962540
0.09326312893331305253763
0.09324551841194975154714
0.09327173591288609455496
0.09328525861500547300409
0.09329448709200931222352
0.09329032855103513988126
0.09329227960931493757180
0.09331484766664314978168
0.09335078469529026201634
0.09334170326364904513028
0.09337384523065178631995
0.09330567290895173948595
0.09328631524108946249108
0.09328699212987306976785
0.09329136137953482343921
0.09328808078616078469647
0.09328935113122380218265
0.09328499182952224022536
0.09328083590532587621169
0.09329685248515599826913
0.09333221489895333899955
0.09336743988227656776413
0.09338523115350189085504
0.09338173717442933841060
0.09338732475233947616378
0.09336016321608452128711
0.09332249714284533703701
0.09328846515513905535144
0.09327682817849829166601
0.09328061791564837279545
0.09327367511602224769973
0.09328119601135541338888
0.09331212367511197702807
0.09335220657193549209651
0.09337822420461382166845
0.09338538339784888120398
0.09339189674992399992082
0.09338795669978486313489
0.09340902517977733854337
0.09338391547206827125738
0.09337386067640393583211
0.09334303033969097718181
0.09330200021601221804790
0.09327958278926980206780
0.09330165219473915416692
0.09333367092001142173441
0.09336758969620111148213
0.09338168451751299725672
0.09338543128465923159887
0.09340161461444704271706
0.09339517139563929815083
0.09342901709989304137594
0.09338290278728264559582
0.09337873637234758716907
0.09336118386232478139064
0.09333201121889038442969
0.09335893659823815693422
0.09337575293188710157111
0.09338006379446363303121
0.09338907694365165823580
0.09341899454388810641881
0.09346089389031597693958
0.09344978558402999846422
0.09348050760179967000330
0.09340935269521621897582
0.09338388259688505665945
0.09337817451337994401062
0.09337316992454804120971
0.09337654737120842929343
0.09337977194562332994288
0.09339989085844721539154
0.09343870579397893505469
0.09347254102105921613752
0.09347659456865647920054
0.09347346213884541454853
0.09345119002464040425249
0.09346362294981568064056
0.09342743994482317904104
0.09339182062515044568940
0.09337684003597614135206
0.09338619561187572193361
0.09341655609507770741118
0.09345334989582465556879
0.09346908091825037456779
0.09345198934806671353659
0.09342129993477608917996
0.09342223866690757549947
0.09340631416972906830853
0.09345189377287574372666
0.09346363343705403614603
0.09344369161988698435639
0.09340660986485907479882
0.09343352292271230041809
0.09345743415747993776410
0.09345033998861890234267
0.09342268232053305143658
0.09340377680096265122778
0.09341802729723780451820
0.09341063118365790229891
0.09345189248196598963414
0.09340151484516139024361
0.09342327916063290771387
0.09344904526204003691880
0.09345018603226287745578
0.09344695740240382964004
0.09342396076370348967366
0.09339977256883144618449
0.09340399282230565924934
0.09344208407903802082739
0.09349434654529074906204
0.09348413839965917515595
0.09353017005355487856200
0.09343230694194137875286
0.09339826767509530613953
0.09339928895486257487413
0.09342460217775573616539
0.09339982727038131926633
0.09339360702194766938877
0.09342223822557101098329
0.09347377329969186465775
0.09352242588211095997153
0.09355595125842153247930
0.09354902300698728079276
0.09357511846654267828605
0.09351336651816055667297
0.09346325856538602316892
0.09341384461078433565362
0.09338990645032621551458
0.09340601432087831945683
0.09345300648821097677654
0.09350378852897564541102
0.09354153238694865035718
0.09356839387293594545447
0.09359558403735940279589
0.09358715101404707636945
0.09361457137812205508975
0.09356126160920906487117
0.09353439192447547678722
0.09349472889655877083648
0.09344237563381356526104
0.09348471962996354744924
0.09352671942510179525776
0.09355385293768561649763
0.09357889663513074829382
0.09360723107958880684354
0.09362350509454669955645
0.09361889352867386326906
0.09361087261206009479952
0.09359885054051832187216
0.09357073853495180559836
0.09354708737095569770492
0.09351844615586366038507
0.09350585778889726473739
0.09353128778094547957078
0.09354024012104938945456
0.09356281233532864893832
0.09358941797603884116263
0.09361287378238072887093
0.09361165886535406654989
0.09357927743787548824361
0.09358294000799002865243
0.09354622678080791453592
0.09361027017505842151568
0.09360583676840851519163
0.09358094821045213895783
0.09355529174625143440380
0.09354716575754530583087
0.09356162008110674443984
0.09357240358573895577798
0.09359832290193730031103
0.09360756109901897936698
0.09358562633392188134795
0.09354856987210367902374
0.09353958505924264699161
0.09353463220037004643981
0.09357522089243298923922
0.09355099575268677192241
0.09358798426099229628150
0.09360474121241285638817
0.09359037673422090919395
0.09357894072171801802540
0.09359445287368098331804
0.09360022520321086003658
0.09358958711841916522367
0.09355390223467753563202
0.09353122243585088035900
0.09356188768096100616400
0.09364527690417077943064
0.09362671817300663446026
0.09371584091960016849043
0.09354931407633473861019
0.09352925514547513752284
0.09355762442474131745929
0.09359032842492134851575
0.09359768203594388824573
0.09358117950915410820922
0.09356148144191049620400
0.09352914809548230901104
0.09353822186858788689801
0.09360807135756624153267
0.09370062086721175909076
0.09374804610515313774144
0.09374238663121375880749
0.09372018453064816234654
0.09368271831132567173395
0.09358997538455050835271
0.09353039227188530979618
0.09353066997383478742289
0.09355070437195875387992
0.09352453241450611742813
0.09352432652906726706643
0.09357390495561350440834
0.09366391521997849411996
0.09373389960171413237688
0.09372668520972367300903
0.09364579194872163503405
0.09365794250178104130011
0.09356187298378935979226
0.09373018389159135099753
0.09372334875314665414425
0.09364606168957681497922
0.09355876506808311066088
0.09352573495551540216919
0.09356553686349065868111
0.09362680278579478543310
0.09371069100508395977034
0.09373120079748067934311
0.09366985160767032914109
0.09357267738564435666238
0.09358429760557664123244
0.09351079568542645936713
0.09368101873826086001262
0.09373012504241920450632
0.09369574357048908452850
0.09363242205919326821562
0.09369572705490729347400
0.09372623877674196579690
0.09369044045189008074193
0.09359589320315060689826
0.09351486020052242331690
0.09349384352021437860625
0.09348877814843087330487
0.09351181426106602856407
0.09352024602848990619819
0.09360905712527330113648
0.09369769411368242262306
0.09372179584269038632449
0.09369296870722503001172
0.09362183357087486279546
0.09352809734675363029233
0.09348493364440954578320
0.09350210934793677652888
0.09353987280604668386186
0.09353100201607554564642
0.09356474745012842431091
0.09349285303464921481620
0.09348369363026425016283
0.09353731233661814747915
0.09362096004192241305297
0.09353912253025757628233
0.09348375932093340445750
0.09348492944435105034273
0.09352190686858002921511
0.09355793309890628184355
0.09359943925989486213091
0.09359038909077135870440
0.09365889861977906571955
0.09355084474754911394445
0.09351283326057188705072
0.09347741576730621282376
0.09348389029961899632237
0.09347177000560875914648
0.09350331535421811668396
0.09354363900616285976142
0.09358140467608343227024
0.09364554214729670089667
0.09370682281627581988737
0.09370189812620088876116
0.09359483167314694429528
0.09363177904310356070017
0.09357334060652669482927
0.09353577742365745684161
0.09349412430162319653792
0.09352812326503937012667
0.09356587671405021400250
0.09361882489436042231734
0.09369229911064749782845
0.09363620186058420336028
0.09305005373406727287033
0.09319448888397842412079
0.09366314658064857356923
0.09368066533371595394630
0.09360694199217001187918
0.09355896608597080721381
0.09359604601978134541529
0.09366688345801960080550
0.09367962936102282311968
0.09331749788955932822798
0.09204470295341751762130
0.09232952893344555100885
0.09341428119199296498110
0.09368667159987524584164
0.09365213076688842785966
0.09368645705464656581185
0.09349079459956717574887
0.09257116102045219452332
0.09081364035717889859889
0.09278564643134178113737
0.09354981837131269573060
0.09296757153303582266179
0.09121107580812042037177
0.08848580721257393033596
0.09158449204041209379401
0.09011788828514136207026
0.08909650533551291551326
0.08698776931262534872769
