0.61709992302090299620687
0.62063807485575961386814
0.62393458131033208147187
0.62545854400361866609614
0.62814588619215050435685
0.62589830520730216356640
0.62861797821127696206389
0.63048545126856703202378
0.63054772111887846808287
0.63158073764642330694130
0.62874204434294966858943
0.62619785745601341808708
0.62890664238353854997854
0.63059239590805826747300
0.63157497742007251417817
0.63194499400614356776629
0.63199133155364128899834
0.63196087340529383258314
0.63162491724298142070637
0.63069312667920085502260
0.62909535630306012699009
0.62922147205912781764425
0.63075535545527017244893
0.63167566560288346266816
0.63205397816099151420133
0.63205811892731367240827
0.63188511103349853659239
0.63198529953750970378223
0.63210610966599578564029
0.63205538934594474032025
0.63163918418032227730663
0.63071781141833482831061
0.63067836236587182519031
0.63152993208712215889022
0.63197787409921746260011
0.63207693254130070670271
0.63200260013632902911240
0.63192371350077447544891
0.63191843312772277840850
0.63195151924954395816769
0.63197120043115551091262
0.63200991133638684260632
0.63187411758160527686101
0.63142039729958632232609
0.63179514471488873450511
0.63196238948614646968593
0.63194880378430418055302
0.63190861644404561214827
0.63194447555917432346462
0.63207673906149663967113
0.63208851239388308407285
0.63225894289884210230923
0.63196809312060175933823
0.63193752960721571998448
0.63196917198180024843879
0.63195572577549019577248
0.63202112338945115599387
0.63200524783467315614871
0.63203232667980069336977
0.63214188369169455050667
0.63229799073062242786847
0.63243968454200449880176
0.63249928420122902839040
0.63257607866937293206178
0.63236326537086695598333
0.63221435586937191342116
0.63211153675050546496550
0.63208115603644610125400
0.63217743901782974536019
0.63227444301720603370143
0.63241990439170525650781
0.63255803636434893011398
0.63263837450990678679119
0.63265370728053527127344
0.63269915011119715053667
0.63268583317093962659072
0.63267513114876605673231
0.63258664503113626320641
0.63244748984521248491575
0.63231118009168407745335
0.63245682076688891637417
0.63258675300653699480335
0.63267792350733786932437
0.63271004458688728799842
0.63270439787055587910203
0.63269913052686821419712
0.63269302966597118498271
0.63271560301371942980353
0.63269600747806575835597
0.63269959217262672357407
0.63266729878075977921981
0.63258278918080956820802
0.63266895249034427184398
0.63269547087127442352994
0.63268730351659141497578
0.63267922760306150031795
0.63269815381710781121427
0.63274281274377330852587
0.63273106883249230492083
0.63277532736158192960829
0.63269276633825299871461
0.63268262399370955861855
0.63269897906282424049351
0.63271324409432572188905
0.63271197313012517149389
0.63273972669602251972520
0.63273159599827732968436
0.63270942650540118457059
0.63271148564184498397367
0.63274269567557805959979
0.63278240140400465740811
0.63280416950312634583042
0.63283189917743531971439
0.63282496055471226803490
0.63281087585724105082363
0.63277263759072210902445
0.63274488423988051177815
0.63274708542241298037112
0.63275485124645258760978
0.63277466048703956413846
0.63277645377625113543019
0.63280305745329679112388
0.63284402335150358176463
0.63286999423439016521087
0.63286620512401359217591
0.63284275459184102796684
0.63288443657658211005668
0.63286714386304754320633
0.63290302701306488941668
0.63289874234647158779410
0.63286519059664037012425
0.63282262882960493843854
0.63280842651379687335833
0.63285504513781531965577
0.63287518019251187695318
0.63291119028515918643052
0.63292315406780907949269
0.63291134744504562448242
0.63289801175101823016433
0.63290489547173389706103
0.63292029555268203289131
0.63295368447763422636854
0.63291189075012632692108
0.63292361583878409270199
0.63293233160106243673226
0.63291989529540337855451
0.63290496933858719774690
0.63294701689093002539011
0.63294832945261481071952
0.63293587810133200566298
0.63292092865237725707317
0.63292513788181126166421
0.63295713517998219987959
0.63300362658698428042214
0.63300413499009089424163
0.63304305921247694399767
0.63296123921011171464812
0.63293649492361647723726
0.63294068302841621775912
0.63296403256963795769252
0.63297688780967198418637
0.63299750801222687268677
0.63297883199208682114545
0.63296386349224365019950
0.63297901916028420643556
0.63301430351827159270783
0.63304902921785854985615
0.63306656326650045940596
0.63308210638498707556465
0.63307763254478377490386
0.63306907430276226911303
0.63303897488111127156429
0.63301003686188250796363
0.63300466098686158922249
0.63301678493653257273621
0.63304185775462618046561
0.63304428509639520950003
0.63306755861254326855914
0.63309605365962440259864
0.63310829763568421402198
0.63310091630104203819229
0.63308656182134281920071
0.63311116493833874407926
0.63310272020734237319317
0.63312614421504720407796
0.63313194942887207616877
0.63311662545172908700408
0.63308928495992200513598
0.63307375414120681256236
0.63310661250275490630202
0.63312560887562185918398
0.63314186296455932101424
0.63314099282879143792968
0.63312886514614719057903
0.63312265504752440747893
0.63312842296096605299027
0.63314133099829661421865
0.63315777501462444654123
0.63313035439301512674604
0.63313365132160692727581
0.63314236360713171958281
0.63314321069278034492811
0.63313288368773357195352
0.63314824009596260001587
0.63314410987332725433419
0.63313227403527860825960
0.63312962154121144031649
0.63314262793695352815604
0.63316557083205582401320
0.63318079778041813643341
0.63318905737156760960005
0.63316885549165879965017
0.63314475111054535627630
0.63313325133714071224489
0.63314237693480690527537
0.63315672378879761517112
0.63316858963533917403765
0.63315584532166591102964
0.63316001508440600265004
0.63318237461072379712590
0.63320228641315401407752
0.63320509566755822650208
0.63323187123376190044155
0.63321275498056317498907
0.63323099348685618625865
0.63321176891971653333258
0.63319521386731070222709
0.63319517470860020580403
0.63324069779056935125539
0.63325470840911801673201
0.63327154029057242112799
0.63327278851823409766553
0.63324946657913483427649
0.63321833915203540321670
0.63325614809386243653222
0.63323094063634488559700
0.63329353591796355704702
0.63331640246378473335653
0.63331549305783807479742
0.63329785033900254376249
0.63335078838168279435905
0.63335401281073033796787
0.63333034855314418454242
0.63329187073707970956349
0.63326028055143557260465
0.63325782112738615570180
0.63327197523117451094521
0.63329865101121218806668
0.63327916920468829697910
0.63331403832462207503795
0.63335671751413313845802
0.63338022761669687810127
0.63337581660299469010766
0.63332826180787227254854
0.63328448781964330471794
0.63327295596914046083015
0.63329801140964103733921
0.63334605071236804718637
0.63333735224586951151338
0.63339083424335984595643
0.63328739022311320017167
0.63326602293975220447919
0.63328981229340841618836
0.63334377561827970293251
0.63330542956830637724153
0.63326872746603302122281
0.63327807085672072062721
0.63332655203828114309772
0.63338354797575535659604
0.63342635528153390378492
0.63342892250307103463314
0.63345224537715816293115
0.63338320172497908355780
0.63332499375113970874196
0.63328533448931523253123
0.63328775623398469996062
0.63330846935595208613279
0.63334201204021145503731
0.63339625427335743967916
0.63344486248093956337613
0.63346836459098188054639
0.63347270299813474014883
0.63350016154589161576638
0.63349232867011706638039
0.63349829142116886870895
0.63347179812004639209988
0.63342322829020702990022
0.63336824886357057096120
0.63345081546518400283929
0.63350466634499480456100
0.63353225538059554367010
0.63353620236570962198641
0.63352513241935559662465
0.63351303264258529424069
0.63354429713258064715831
0.63353308978621136748899
0.63355820787630245938260
0.63356847260692261691872
0.63356463039905108747263
0.63353077503385712976325
0.63351302827616950974488
0.63357739202871488082280
0.63358779214402249913007
0.63359427194127415639002
0.63358081569684943090692
0.63356791004062196215330
0.63355799413149904708575
0.63355090963898486045025
0.63356776220759336570865
0.63356746941464692213231
0.63357093316678303462908
0.63357934965574147501144
0.63359858200368068814612
0.63361454006319073428699
0.63361472560434228817883
0.63362756920664342619176
0.63361784372854368374561
0.63359178409716765401072
0.63357562614317664007046
0.63357413383873617540587
0.63357759214649067569525
0.63358833179514018052458
0.63359527900882872675226
0.63361995980658791793871
0.63358384185221294782053
0.63357950469093460288406
0.63358891715985066195316
0.63361297951332740119312
0.63362719582718418642742
0.63362717914110144867834
0.63361454279552664736741
0.63359897080539318015013
0.63359614615892612121684
0.63360629581252703168559
0.63362728769295417752261
0.63366453713405457293106
0.63367522003115883677538
0.63371587729088230123153
0.63364486491662397327218
0.63362707907149162789295
0.63362376868128689189064
0.63362933711665514469047
0.63363660149978995317355
0.63365668494966631563159
0.63365626235918337538777
0.63365909488151295203551
0.63366983913775365433452
0.63369635659839140817695
0.63373108973776837160585
0.63376066071256664802291
0.63377931276714016828322
0.63378434306212472204578
0.63375114875693228100317
0.63371913053834694196098
0.63369962168470284069599
0.63368856711127741210277
0.63368319082096813410487
0.63371068180598855157371
0.63372078291787414805469
0.63373956904257022770821
0.63376583792083795998451
0.63379557964099964006977
0.63380474274843390247725
0.63378014342810051751087
0.63380022640582900361750
0.63375446300950200040347
0.63381583914815475822024
0.63380018616316080581896
0.63377473284993990354508
0.63375052767240613871280
0.63373685690750070076405
0.63376236705144983751836
0.63377839214749542851024
0.63380133400439764290724
0.63381470312743415362888
0.63380816700220354853457
0.63377250759533387824973
0.63372423759902674067490
0.63373973641784431265478
0.63370989425283263951627
0.63378104777038468675698
0.63380869866879530061254
0.63381662647852421432759
0.63380466269531099410273
0.63379066196227851204270
0.63382193237519490747189
0.63382847039810286116079
0.63382077127710123587434
0.63379069488646777585927
0.63375342090820918627969
0.63372445750666628327963
0.63374540309678228933166
0.63373997208763577226875
0.63377582595067527559962
0.63381826234548699350313
0.63384703058017966004201
0.63385347693456062234674
0.63387955343692559129209
0.63385845473304736064080
0.63381727445388336139587
0.63377847223086880568133
0.63376785034219407233280
0.63378369699476388987591
0.63381491099772779840293
0.63383831533549528369775
0.63380484253664959304331
0.63382594824182525439227
0.63386482710069402823905
0.63389543666227610163588
0.63390036726911636044690
0.63387016171303245393176
0.63384750833264646985299
0.63384769333618085074278
0.63386791638705863860537
0.63388088467083247845579
0.63390324908518302926552
0.63389530742690103348735
0.63388922159343963347311
0.63387684500451790814424
0.63387893941057382729554
0.63389833169872600304728
0.63389621439718024653587
0.63389184836693668323448
0.63390191174119148165289
0.63391080633439322866707
0.63390711921990483546097
0.63388159385204345674936
0.63388247628103000508304
0.63385485391571183555470
0.63390325892229648641063
0.63391127251010892518224
0.63390448408672750435500
0.63389960049082672011167
0.63390873563722816008692
0.63391013076766034028964
0.63390008457109048300993
0.63387369526368331218436
0.63384828745718757581074
0.63383671067549440802935
0.63382978128919187366108
0.63384400636605731094164
0.63384215643316021981946
0.63387625393308466570375
0.63390533029366746831101
0.63391925724734909941560
0.63392471456823440423278
0.63389375902278044527804
0.63385661189369812973382
0.63383323142914094194822
0.63384466296666253093406
0.63388015287772125905263
0.63389382462308685450836
0.63393488687470267439750
0.63386031999285707971836
0.63385953268660710779869
0.63388605375751205794899
0.63392323208917722432432
0.63391995156495939411911
0.63389463688801539476003
0.63389398035859823021809
0.63391980567983352568007
0.63396174974691055226117
0.63399137414697237513650
0.63402626825182062386688
0.63403642307892449370144
0.63399215664647934342923
0.63395376164117345219040
0.63392623167906725356602
0.63392497563950922501164
0.63394689292076455977565
0.63397670422048535421311
0.63401988240833806464991
0.63405349830295554269810
0.63406985951794647693447
0.63406637546474764466353
0.63408953378180643589701
0.63408665652655304967311
0.63408806319950128393970
0.63407195495563073439627
0.63403254282278831421849
0.63398732642407273907281
0.63403852978959418518201
0.63407847248201631984443
0.63409799375035325041949
0.63409586229911796273484
0.63409529619615645490427
0.63410576597067980220146
0.63410219931708911023094
0.63412804642430131707442
0.63409260751725904370346
0.63410217431504511953477
0.63410549336970911671330
0.63408779397922132581300
0.63407901771888464104165
0.63412379101674776205044
0.63412426622646722584875
0.63411647033982543320008
0.63410111320928030931299
0.63409764864207618373371
0.63412058058885545364092
0.63415054225548850297400
0.63414924760415136706371
0.63416666004639010711941
0.63412182067819489184046
0.63411266296319490631817
0.63412388328065805165323
0.63414531440721211286160
0.63415339079847909964371
0.63416868936553394409117
0.63415681033808057875945
0.63414041130859821748800
0.63414418816951156898654
0.63416116358132967878447
0.63417789448919570371999
0.63417154384506757569540
0.63419485174788259307377
0.63416777763927456579296
0.63419941906719201618614
0.63418778838693856680919
0.63417097261713173406150
0.63416850599567664570344
0.63417571911837278264557
0.63418280177670915964683
0.63418608925407682352926
0.63420685712779956144658
0.63422442925829747295552
0.63421934720846606658995
0.63419601009780635081370
0.63416476186547365845314
0.63418836008218193445174
0.63417248086322175470997
0.63421494137249556644065
0.63423720276640782600452
0.63423272120610552082809
0.63420778226469842753232
0.63419528129927471571392
0.63421288055360813817884
0.63422582376060721021105
0.63423710964986312887959
0.63422303517376898973623
0.63419594365733344965008
0.63418530986816679106965
0.63419420508157675619998
0.63419704360012851829254
0.63422143397146146792664
0.63418254063550516530512
0.63419749387907875526338
0.63422185722236057436874
0.63423349941341111701831
0.63423130331475541243691
0.63424677814495566963160
0.63423269938372039966623
0.63420442688575395795425
0.63418572824264474174782
0.63419244029532662043636
0.63422214189950965046449
0.63423654155032793688918
0.63424543837728741824122
0.63422133666710744925865
0.63422752436504448159127
0.63420728377882795712139
0.63420787497245867392337
0.63423457425530604947284
0.63426022289827732603129
0.63427649947847986044991
0.63425318816653086795299
0.63424488469391793188379
0.63425958498832002430134
0.63426894273100264953769
0.63424436095908620636408
0.63428357624034203965380
0.63420120341691843535159
0.63431457782604161454998
0.63430585758228807957693
0.63429346748654524823507
0.63430027396478694257098
0.63433008790472078519684
0.63434250260193036918821
0.63435626914041887136619
0.63433078690473065908151
0.63424258098976904474142
0.63411284334228767978203
0.63413742484732482651566
0.63399499512965962200184
0.63427357659215666263464
0.63435413406941254521598
0.63436971334594682847552
0.63435466985764610292620
0.63435444474247049129190
0.63434254791181454713467
0.63427023785088199048232
0.63413920251081801193749
0.63398923284232577834985
0.63387634832012473840024
0.63384299879988059700509
0.63378170327014404783483
0.63396152748634282403373
0.63411182281771549806848
0.63424385744859101965432
0.63431138593873337416795
0.63421963873085396290463
0.63408804330473522714584
0.63392735110287112831884
0.63380297088655757065112
0.63374186805858878646092
0.63371676232326101807502
0.63370647466605223296909
0.63364960816903814766476
0.63372257604013770837525
0.63378683238168564972881
0.63392498456944135210023
0.63409206488025782189055
0.63395955701937889426034
0.63381458786011923844939
0.63374540824026948104830
0.63373849240520752079675
0.63370093922768266914147
0.63350050612286090689906
0.63362223032889408713686
0.63314486393529245678025
0.63379686915944910552412
0.63380689121698319254961
0.63379790203487573752028
0.63385915049790497732829
0.63382095387315195988975
0.63386415104695592592776
0.63389454433021774626411
0.63376291896982195339660
0.63330879135082540631885
0.63241719416414221566214
0.63254680331254242720007
0.63343761408245025101849
0.63385283508528178497698
0.63393139890485772358630
0.63384597949456511489785
0.63387686814534316415148
0.63385076893349578952552
0.63347270638776131956860
0.63259687890896976192323
0.63114277681406072417758
0.63104312439706866655342
0.63254184218361109159900
0.63343299348337656073937
0.63379389957294285373735
0.63341299145374474477421
0.63247667843492016981344
0.63087881949875279641304
0.62837471379698162099459
0.63079490360073764421145
0.63250025943612542267402
0.63074802787860784203389
0.62817441387706751676490
0.62440882242336859242471
0.62774513323834213451846
0.62396630992040902352613
0.62302050796998309500907
0.61702563928099629642077
0.61720226915828191316393
0.62074858600265525598871
0.62403786716415488022847
0.62556974206609905486687
0.62824967245781915270442
0.62601217661148977899899
0.62872956454039186091620
0.63058942801844775072340
0.63065947113384079880660
0.63168469987512620988923
0.62885629290644562416901
0.62631360785609324626222
0.62902286756195113781587
0.63070683963367180080439
0.63168672394528779800993
0.63204881854569183730064
0.63210296252361286573063
0.63206449985134627311822
0.63173940953708340728667
0.63080965699256907885939
0.62921364356243980608951
0.62933719276714039647658
0.63087393227213683921661
0.63179234804446915418907
0.63216841114933708389856
0.63216957137239671027373
0.63198852437281705096694
0.63209654645162549613246
0.63222041346401913752828
0.63217210533340673084268
0.63175789837691842532053
0.63083391910508290756354
0.63078980629041203620488
0.63164630533141530310814
0.63209662253362919326349
0.63219361392949779965278
0.63211674481893875832128
0.63203475129581154767777
0.63203242241498824860457
0.63206235872633886874183
0.63208782200414703744684
0.63212863886011638747675
0.63199066892124722283341
0.63153190906676193172586
0.63190669831183621241166
0.63207907039419330974539
0.63206748703847748238616
0.63202518262720475128447
0.63205833303708036652324
0.63218739640642562793715
0.63220226019122094385239
0.63236942668981976911624
0.63208462157738098952109
0.63205617169261407717329
0.63208596611859124703159
0.63206744035679240933945
0.63213298593963584970368
0.63212216588517045057216
0.63215094699351848106517
0.63225838962470259918547
0.63241163635029229439510
0.63254999003106249233497
0.63261282569699361921778
0.63268619277089377384016
0.63247975610017193037748
0.63233297227538021179072
0.63222859010232745902158
0.63219315459594882522509
0.63228957536470498101977
0.63239163799186393077889
0.63253851787738435419328
0.63267450620432952312910
0.63275180488604132467145
0.63276361781439705023189
0.63281245573686328853569
0.63279553212286621111105
0.63279156011618875599112
0.63270524290114549259556
0.63256482696362936746226
0.63242345673298172581411
0.63256924481413667749052
0.63270422701516970676039
0.63279648816679712197697
0.63282641027724328974813
0.63281756538613009865912
0.63280861249859021722131
0.63280605534816547486088
0.63282486339079035975175
0.63281230060346171928387
0.63281811423636191715758
0.63278489742461452305378
0.63269534682253636415084
0.63278163469711457000955
0.63281318370223305080913
0.63280577469228749265540
0.63279544432781920093589
0.63281104158142731375136
0.63285185047235470445770
0.63284382630581836881589
0.63288414385898505987171
0.63280890908992326604476
0.63280104162993167093987
0.63281679548021996239981
0.63282603731962905335706
0.63282269023235304672426
0.63285032566453913727145
0.63284449787813956689320
0.63282734627354841894231
0.63282985368356603483875
0.63285876429287613031960
0.63289503030494131952111
0.63291276316938038792870
0.63294439663421098174467
0.63293332597466556155297
0.63292686875222103903837
0.63289096265811761732323
0.63286291380953907381723
0.63286009000566945115196
0.63286533308038728229405
0.63288502455968109750017
0.63288956305121712997419
0.63292119905100341359372
0.63296230690800170393118
0.63298590706307267250708
0.63297856802011975840827
0.63295088761820461620289
0.63299666575972279858320
0.63297504541093907448612
0.63301885452067507831231
0.63301698129038730389340
0.63298343746700935774641
0.63293583293663135957985
0.63291867888085029392187
0.63296519844064169646458
0.63298848509974559028990
0.63302953984079790572537
0.63304133743291624014660
0.63302707772169819477881
0.63301010551325154196434
0.63301256809636341493785
0.63303225252333950034966
0.63306112806232994749678
0.63302751640514287601036
0.63304173596561741366173
0.63305077836980194749827
0.63303329655600149017403
0.63301503093077737815975
0.63305699165980711118351
0.63306182330936100477459
0.63305441850342214493708
0.63303898994232954411387
0.63304066025338767698116
0.63306895592040213216478
0.63311083717926253111585
0.63311582317035186573406
0.63315003380097434337870
0.63307666064234369152075
0.63305449984085893078145
0.63305931177689522826313
0.63307760450616845648852
0.63308678028772591428464
0.63310733278759301345673
0.63309248821654717787055
0.63308257935700718022076
0.63309696628783995731027
0.63312962190156352182413
0.63316058610000347517399
0.63317330038280994486399
0.63319352679474405487525
0.63318412968134685225863
0.63318428359647072056759
0.63315686671791493456141
0.63312884161654581216538
0.63311839842789885413055
0.63312655755783264766023
0.63315158987414321689613
0.63315810900428592944422
0.63318645629418213172102
0.63321389485817314302096
0.63322339151931039680221
0.63321219407443019022708
0.63319281503392221832627
0.63322229994722500912019
0.63320872853877852026727
0.63324111666380311636004
0.63324973435323850257106
0.63323560829907710179043
0.63320318600340763648404
0.63318345921501506534668
0.63321630687171948093095
0.63323958723917284086014
0.63326092108086640131148
0.63325871375504039217930
0.63324371202007578851578
0.63323364944890725425353
0.63323418885867288619096
0.63325218343966982459392
0.63326330026961674679598
0.63324506760339571709295
0.63325130337305723937646
0.63326148925978675841009
0.63325726006469817974676
0.63324258477976713699320
0.63325795951937280392485
0.63325823092468991326598
0.63325146536091747595520
0.63324720558610292364676
0.63325720441196930998728
0.63327627931702523689239
0.63328607890291477300337
0.63329962043573551078168
0.63328329735593358318368
0.63326227278906876971831
0.63325250861893067622077
0.63325656049333778341293
0.63326647419970616414986
0.63327838823862880879290
0.63327009455600735687852
0.63327933726958429705434
0.63329983706207260141241
0.63331659348321411862059
0.63331551317411594048679
0.63334603723925508855785
0.63332302509140459001458
0.63334839476238236066763
0.63333115500236158990077
0.63330952981570887150298
0.63330504222665318092567
0.63335065466517226351328
0.63336909935476848332314
0.63339099123910358457579
0.63339012587172316415263
0.63336348461753089189585
0.63332845787913172319605
0.63337001342380283563926
0.63334090534215781165273
0.63341080843475794370789
0.63343591625840611758491
0.63342995584923045271353
0.63340790803666813246764
0.63346097779653065540373
0.63346854033188348953587
0.63344991112233972607726
0.63340907375393873390834
0.63337399218974499426338
0.63336763530102413444212
0.63338553271045505699277
0.63340831774969963419153
0.63339629908845573869058
0.63343363834974852899506
0.63347129898909593226364
0.63349056497897793249763
0.63348629755491281390078
0.63344289869948122717602
0.63340412111725952204466
0.63339000907612175161887
0.63341140983712473921941
0.63345556746588005392340
0.63345059074517318098430
0.63350019626225806401720
0.63340437435289964618335
0.63338569055881321911983
0.63340449740514237486622
0.63345439355423693861269
0.63341618022977452806543
0.63338345800697726240003
0.63339777445788425502826
0.63344347262734579384613
0.63349662818311547329841
0.63353556050254122844478
0.63354184286686476834660
0.63356129256116922032760
0.63350005849389623424628
0.63344473451758287474433
0.63340011287967790121201
0.63339864378282872969805
0.63341950538894675748480
0.63345684878430419395556
0.63351603196206163204351
0.63356165292097332830679
0.63358111821147533593290
0.63358158897680028065480
0.63361274356446783961871
0.63360104900052305332281
0.63361501583651136382258
0.63359161339611369534452
0.63353812229204031769569
0.63347943781807014573815
0.63356215886987077290371
0.63361961813856204628337
0.63365210501140500909401
0.63365285722406039514709
0.63363754092328006262136
0.63362158471063279030489
0.63365653153773748851307
0.63364147364138956319835
0.63367478959138767713455
0.63368834401829365887693
0.63367962925040566268819
0.63364227074972945263909
0.63362461229437971876877
0.63368916396234187260461
0.63369943934948580466227
0.63370931178526124227801
0.63370069897197967012659
0.63368441350425541713776
0.63367005004350207553188
0.63365912405560809173011
0.63367963338800270545192
0.63367550995345367503830
0.63368735527171859978068
0.63369924152300460828968
0.63371365702756177196164
0.63372633423429425292284
0.63372667773675672719946
0.63373969136431917981156
0.63372977803835484067463
0.63370689512861033687585
0.63369552488185665328757
0.63369047405902101388619
0.63368927782572204154832
0.63369619523644238334725
0.63370678113460754410369
0.63372764729956432283586
0.63370010393166442685953
0.63369940626545351314292
0.63370405402722762566725
0.63372504913032601248091
0.63373947559671739426790
0.63373961446901960758993
0.63372675121468691195048
0.63371413668249709782998
0.63371604715696672194269
0.63372247942824289079766
0.63373860686872973690953
0.63377205099864475368321
0.63378635364753921344061
0.63382321554725484791248
0.63376096860140040956111
0.63374697730901907721801
0.63373896497027315533046
0.63374168945221376336718
0.63374918425903137286781
0.63376940289836625197495
0.63376875962551615373286
0.63377432581310511050532
0.63378973823434059386983
0.63381238393483085857838
0.63384203657068594051083
0.63386781742143705198345
0.63389007194584190418851
0.63389131254501751566721
0.63386710148793645736021
0.63383902873050967929913
0.63381487956832571750709
0.63380120522745508893081
0.63379603112870608327967
0.63382363280934139737610
0.63383356435411697393789
0.63385485232406202360522
0.63388572712240220941027
0.63391145356867573124049
0.63391531139596546395865
0.63388692142423885833580
0.63391059466102606112514
0.63386104415828037339509
0.63393162472806507956591
0.63392005902519477089641
0.63389003903053453559124
0.63386345550189504560734
0.63384990694556231360934
0.63387549536758291957028
0.63389146496549908516016
0.63391666419384529174152
0.63393455772244788892777
0.63392385949673046852126
0.63388266743861176877317
0.63383061634174975296219
0.63384968647224626536740
0.63381607007518336871499
0.63389664417667146434354
0.63392852718511161214110
0.63393197383005384093480
0.63391787517266307006025
0.63390384966872159733242
0.63393516118780735002503
0.63394182137967036716475
0.63393613154068328974233
0.63391048784825299033940
0.63386892099011693524346
0.63383420299143655718410
0.63386080744779793594290
0.63384951554281188101925
0.63389557846247901462533
0.63393363360204502132689
0.63396052227475996332373
0.63396673368762457290160
0.63399281794223416586220
0.63397208603950183647413
0.63393265843944268667087
0.63389818539760889315460
0.63388316112749543140836
0.63389303888239845186092
0.63393013347777427135554
0.63394745667660723498216
0.63392451910471925291546
0.63394134448651007218700
0.63397859421599467300013
0.63400868442630775589919
0.63401357975711081227388
0.63398405986013817159375
0.63396291770545720734020
0.63396733161038965054246
0.63398305402987309431495
0.63398982404065595819276
0.63401829448672553102284
0.63400403936194293930129
0.63400881414644505440492
0.63399226383318740829509
0.63399297364058659898234
0.63401149124260780531870
0.63400930652527986985945
0.63400601923837207607448
0.63401734127879305624731
0.63403034527935153708000
0.63402206306698583038184
0.63399011023254092656032
0.63399731223875754881902
0.63396315026039862239315
0.63402273876744852376675
0.63402671267199584015373
0.63401879223880930336321
0.63401257450827930295389
0.63402180817060682649355
0.63402456955742325650505
0.63401552745841560643214
0.63399310861900037838979
0.63396301616176320425922
0.63394478954568600492792
0.63394440406181162828148
0.63395187265834507250872
0.63396149578810379043858
0.63399169236309660391271
0.63401989680472659038912
0.63403242561854611381023
0.63403798013733003724468
0.63400845119855986364854
0.63397204870028733836307
0.63395249627151428750693
0.63395918043748844539209
0.63398780963738121663198
0.63400824049751580702150
0.63404233360866979474224
0.63397951528921014929807
0.63397497448661621621824
0.63400087371972868588443
0.63403658455120837089680
0.63403339030360239547690
0.63400957783228961694988
0.63400943027161049680984
0.63403893578901604488607
0.63407606914541081444270
0.63409861208827489331696
0.63414049123064319957166
0.63414345218453438413064
0.63411121925000912824544
0.63406922166977364163643
0.63404129610646298154109
0.63403849640362952566619
0.63406050438091343668390
0.63409189620315620228297
0.63413535381635766086106
0.63417248320644736825358
0.63418397564493722562418
0.63417319226534274445584
0.63420353584187871831546
0.63419325636322110284482
0.63420696337977566781063
0.63418743597320892391167
0.63414786190224881057276
0.63410102384439226419488
0.63415231248015069276391
0.63419391046518558407996
0.63421348043547665085384
0.63421467326168412537157
0.63420918271621606887578
0.63421214776652257150147
0.63421597102566928949585
0.63423421265468971075308
0.63421132048615869170050
0.63421766047615601991083
0.63422104432570758358878
0.63420165473307232861799
0.63419056618080316134467
0.63423517548030639012779
0.63423820916471462805220
0.63423212927012462269971
0.63421659331539059767380
0.63421626006349862691991
0.63423423482510177251470
0.63425649395344585457224
0.63426278206310771068388
0.63427239391989120864679
0.63424033209195829208227
0.63422814135085492370791
0.63423964777335950504522
0.63425932997092437926057
0.63426461125483968306327
0.63427974188449376402588
0.63427089554237281454618
0.63425628015853940944169
0.63425967213428169344525
0.63427957462023321077993
0.63429130782785181352779
0.63427705593049810151030
0.63430814231887822085554
0.63427306790729964802722
0.63431772766235638982835
0.63430327493758431600668
0.63428694522209627670861
0.63428265310470077764649
0.63428660565932715176274
0.63429353348270389734154
0.63430030418957961124704
0.63432292750667085279304
0.63433991505916609288107
0.63433754669008868276592
0.63430917363087191418458
0.63426983252109037092481
0.63430138968833149615278
0.63427733275205400165220
0.63433301966135724470064
0.63435268356614038509633
0.63434888774969722113894
0.63432206236613974947858
0.63430586953689149787294
0.63432333131066021003619
0.63434016930199521588918
0.63435336767010419567470
0.63433850875633090993233
0.63431389646419422678747
0.63429820275542281304837
0.63429883788237473307703
0.63430980280235904622543
0.63432584872237918194315
0.63430036945969092698761
0.63431295714276747510496
0.63433819594523921381324
0.63434789924327961152528
0.63434162774424063258039
0.63435698845970989179222
0.63434715492747106857507
0.63432084076015948781446
0.63430118221865028349526
0.63431014499626492408879
0.63433476935020738363136
0.63434073873841811952445
0.63435792981025285186547
0.63432531179120588138431
0.63434510172270131000971
0.63432272949596302247244
0.63432436596010310925209
0.63434908563626479782727
0.63437033595965397481109
0.63438652530609518365168
0.63436775959449831496784
0.63436145895297324504014
0.63437503261915162422468
0.63438639175366140499079
0.63435670709078462170538
0.63440089262841137252025
0.63431339601372227487985
0.63443002951377591713822
0.63442251506308422470681
0.63440809345717208422855
0.63441022327539076108849
0.63443997875898738847411
0.63445718696120256829829
0.63447300039564857865315
0.63444623135556044157823
0.63435975121212384575387
0.63422487529148185991801
0.63425443068951159464319
0.63410685823060752852598
0.63438899603529230741827
0.63447092671551930109786
0.63448445313581391946656
0.63446451713364127034112
0.63446425782311033358951
0.63445733455107511389315
0.63438707721860165822392
0.63425458714659099790367
0.63410606338257591296781
0.63398803667309189258106
0.63395965365054496309938
0.63389321970865852851063
0.63407686960684339627647
0.63422869215337018822254
0.63435867220245867326156
0.63442116595844078030808
0.63432939082593697843748
0.63420287545567322062823
0.63404423786039565413830
0.63391827148517176926390
0.63385835449747207626103
0.63382811227669488829406
0.63382280020696046829443
0.63376078801931678974313
0.63383784689024880165675
0.63390373926190235476241
0.63403983367660265990651
0.63420179731126280486819
0.63406927811447344467410
0.63392946833705321463270
0.63386235273690072489217
0.63385375151813316829674
0.63381710398663282379772
0.63361149818293693858351
0.63373821899967130999443
0.63325562812917057797790
0.63391212474330993487115
0.63392389016320527250770
0.63391282814465277350990
0.63396889526390964864078
0.63393086349964167247606
0.63397913669321881435792
0.63401159547961649654013
0.63387815579438278046354
0.63342456368413957434882
0.63252766555401862547114
0.63266227078856085430658
0.63355277598463521915306
0.63396991015805348457235
0.63404644221631289990881
0.63395606564430162510604
0.63398713540511864028559
0.63396584555561885654384
0.63358973820503050600195
0.63271186874316887038816
0.63125781953069926011324
0.63115781469033560568960
0.63265872929201860674908
0.63354804149798982226827
0.63390432086893877539069
0.63352351285295205318704
0.63259159752828864053953
0.63099542199180480572807
0.62849086867437842229833
0.63090955751399724338313
0.63261078637541479086082
0.63085841574209655657768
0.62828863361485787208949
0.62452240203421216513391
0.62785515803000602197415
0.62407464495592490649756
0.62312986173490414465448
0.61713279682005695025993
