0.76718113686127054062780
0.77087112272875535357031
0.77297193434769895237224
0.77488355109382012209096
0.77660473230516935405632
0.77550275128220369502685
0.77753121126154423059518
0.77868331601883733483760
0.77916309247190362885505
0.77971777005781550684560
0.77782357625692244429416
0.77579959335953041499323
0.77798271932341200862737
0.77933317114799161018368
0.78004577620082582445349
0.78012870049551508166985
0.78041801068840621624645
0.78023110243297011390240
0.78017417951843703871617
0.77942031772216402440989
0.77811239583260316532431
0.77820138090529222818503
0.77944724771071549618284
0.78020706939165129778502
0.78052119134028929980929
0.78049468199093685605305
0.78023717191611108301430
0.78044781909395066765711
0.78055863116906565313258
0.78050534897159051794802
0.78015573694544704252962
0.77940951750024844990605
0.77939201367027188815939
0.78006516183977681055950
0.78042374415546111876552
0.78051312426001495659023
0.78046674776813695917355
0.78040181403590214159749
0.78038826732010702080800
0.78042165296402410401555
0.78041773682161885705710
0.78044408128422049220063
0.78034254218044685202926
0.77999469937111298722954
0.78029989805281085857303
0.78041318648196233986880
0.78038979107940953383604
0.78035767312466353118339
0.78039762176627247569627
0.78051545659180521230525
0.78050229310921903636000
0.78065224014655310025290
0.78039745448279973505379
0.78037699189110953934545
0.78041858157739651957741
0.78043125782108846433260
0.78048583382537795039013
0.78044863269948139272714
0.78045163700186592770081
0.78053143578258832313566
0.78066072129894514830539
0.78078630426616946191842
0.78081413834630664094760
0.78088432283159547875329
0.78070598856243722529769
0.78059859147187593553241
0.78053653523704902283953
0.78053641199179679688314
0.78061624462087220166495
0.78067101161297591804811
0.78076611620871860797166
0.78086109978511952789404
0.78091920339463305467120
0.78093559000091872235316
0.78096306999727105324638
0.78095160588310119642586
0.78095516558131894413464
0.78090330905545513040522
0.78081385453128415718993
0.78072596007125805162019
0.78084420892832229199598
0.78092896263987043870003
0.78097980813563250279685
0.78098404850532199272806
0.78096387005691780824890
0.78095416595140976223632
0.78095281251830561686234
0.78096100443642491040208
0.78097404107949619511686
0.78099977556708077841563
0.78099554784788138839247
0.78094524428478795385900
0.78101258730941047758733
0.78101856180156259412684
0.78099162335939675827490
0.78096206228065434551411
0.78095618034066183188457
0.78097809381635896475160
0.78098283819409053396754
0.78100083423767308055119
0.78097458792847551656280
0.78098890509612062249545
0.78102042042099439900227
0.78104477912082681534400
0.78104641516482897767304
0.78106376122549803220352
0.78105505789679963157823
0.78102689136636560540694
0.78101263110745211548647
0.78101648616822172410679
0.78102497768871459449258
0.78102180632392015358079
0.78106625947116725683372
0.78103752631777501047594
0.78107303278315476369187
0.78106192204128266354246
0.78105290873349986213725
0.78106247296613173780599
0.78107031315305042173947
0.78108038275529834137956
0.78108080978135907557203
0.78109677007457456454631
0.78111904476024252019783
0.78112214826797154998417
0.78109576981845585397224
0.78105210575447681087269
0.78111273236582778878301
0.78107326759611872546429
0.78115000045413973683850
0.78116216860100906593800
0.78114339617359074274816
0.78111248820196754749645
0.78110161693043500541478
0.78113297538224812921470
0.78114903620161990627224
0.78117636670129431131215
0.78118018358277363510922
0.78115745244469947383692
0.78112615001842278239508
0.78110628589719621750476
0.78114648796429120292117
0.78114888912828528422239
0.78115800452554373656255
0.78117788031671331339112
0.78118843881358868141973
0.78117877596875195944648
0.78116671760680700398183
0.78119387376260240873904
0.78119491623637815624903
0.78118541835391530625543
0.78117200306603118420412
0.78116779486445753200030
0.78117807013635076618385
0.78119254724251285804115
0.78121684887512243822272
0.78122738185801965382637
0.78119485948884392900737
0.78117972925580159149206
0.78118256564342658521127
0.78120033936987154365994
0.78121101497781497702277
0.78122084032527316921346
0.78120488539871191235875
0.78119401287375500597676
0.78120823157842700368292
0.78123436387882072562405
0.78125268056058028154354
0.78124844807909388233469
0.78127766719379498905340
0.78125843724740118290129
0.78127407816728855483035
0.78125007345092944976983
0.78122374943639161237741
0.78121849438913293361963
0.78123012210443354419453
0.78124494844506542357010
0.78124384195159901622674
0.78126277904701324494852
0.78128916023472161356267
0.78130034699654338226082
0.78128998197439825101895
0.78126567139193048294743
0.78129454967989142577522
0.78127786136970378549904
0.78130872761190839348444
0.78131097744697586282570
0.78129536860810977483283
0.78127436955447959743282
0.78126632839397003316151
0.78128964662238786775816
0.78129872277630463273113
0.78130929861446474227193
0.78131120249134167199401
0.78130456866917052938248
0.78129945588752780505359
0.78129707177409168927795
0.78130968697703495617901
0.78131854363194808144044
0.78129932628746545653087
0.78129853946212135529237
0.78130378588541748996477
0.78130873929008848310929
0.78130856654792557591804
0.78131932835753625798958
0.78130588186830141061989
0.78129028000331324221861
0.78128879706231213475576
0.78130276946475007981974
0.78132403260133975742008
0.78133424724065470012846
0.78133723238531371801940
0.78131736463568413064706
0.78129483045866521262468
0.78128615852406979591649
0.78130132836162602405494
0.78132491794645964056087
0.78133353785251336010020
0.78130941973635614772320
0.78130326584758691410570
0.78131919546120831565617
0.78133760549537789596997
0.78134380468201147795781
0.78135452831883811519731
0.78134301318810728265163
0.78135268254739653759344
0.78134094326130987262502
0.78133871551244138409231
0.78135422212802285724109
0.78139041645961648807628
0.78138469921414777097368
0.78138552606136491007760
0.78138090723714836993707
0.78136182585987989934750
0.78134006006601341987050
0.78136047194682001215682
0.78134266605202362665494
0.78139263078128418094082
0.78141861302761839169762
0.78143219318256662564437
0.78143634554016661031284
0.78147882440325844299878
0.78146222071625026650565
0.78142740744514604944726
0.78138695212104380960483
0.78135756216731355738858
0.78135695356857803872686
0.78136169449048453738982
0.78138302034965312348191
0.78137317832616748347618
0.78141248471825675014912
0.78146375006885615555063
0.78150218189650655364886
0.78149807621761213649592
0.78144043734254897692892
0.78138755029175244182227
0.78136565840811378347297
0.78137831690415904262181
0.78141519158481853590814
0.78140667897632953842191
0.78144602898777093535898
0.78137565745158665819758
0.78137209989908507079548
0.78140912574088505770931
0.78147134272724205761307
0.78143892231158706973559
0.78139167450856328311914
0.78138154210911792141303
0.78140624272675585082482
0.78144134678157672890819
0.78147018023374836825923
0.78147589604142153607569
0.78148711295356021455660
0.78145124150497935477944
0.78141918876643623459444
0.78140425856768636059257
0.78142244808602756567240
0.78143622003969159806047
0.78144864645095690747212
0.78147617664696933381663
0.78150033645688787853345
0.78150592913077243650832
0.78150007812523358818879
0.78152994532660713389305
0.78151272285141148987719
0.78154264739878265277895
0.78153620182175154162962
0.78151227851371329879981
0.78148087453299031057696
0.78154347096846765730049
0.78157547489506751237087
0.78158362834879213654204
0.78157224547512316181752
0.78154859824549516300607
0.78152658937392782689813
0.78156274374824008521756
0.78154036793883041589481
0.78158889753877092143597
0.78161107376712413152831
0.78162093579712033086793
0.78160359964538272947721
0.78159150230429719208303
0.78163855349432664887388
0.78164490474570258449205
0.78164149738252319821186
0.78161904112488289619876
0.78159555615270837058972
0.78157274898375794780492
0.78155281559615163988752
0.78157984322002527211026
0.78156485208670256614738
0.78159690637824708048242
0.78161558448259649267698
0.78164128438562729961347
0.78166147838004829129233
0.78166349700406312361878
0.78166833335058127918415
0.78165880541356425048605
0.78163171773706019429540
0.78161002370363930058517
0.78159828506231709965846
0.78158729021903594613718
0.78158096010169109124632
0.78160112229065659139593
0.78160621762153303926368
0.78160465402355672193124
0.78161012533952967107354
0.78162477852737133332539
0.78164916079380009072963
0.78166218764873196533927
0.78165601372659276879773
0.78164430772325987906157
0.78162773607251245788774
0.78161989567292300407075
0.78162078213055874442716
0.78162631394914039439925
0.78164209024351105625783
0.78166384684801293314393
0.78168326994447978606217
0.78164918021897800137765
0.78164042064225502937092
0.78164195605244213282958
0.78164983361929873950658
0.78165728143849244613506
0.78166728270141350165545
0.78166491673178639665309
0.78166418755304822862939
0.78166974324086291314728
0.78168723966971898065026
0.78170705016403141396353
0.78171869337713817404989
0.78174333649401295254222
0.78173640215592155033875
0.78172716011485943177206
0.78170371118547388178399
0.78169027018659065220163
0.78168452922252673609194
0.78168286855611956998047
0.78169996722791590393342
0.78170444102667824282094
0.78171592657310240426227
0.78173522211628221345592
0.78175800756940294622410
0.78176040661175771884217
0.78173093661984538460530
0.78175265894067658134503
0.78170753090304367916019
0.78176891330321707229700
0.78175663897624392273400
0.78173798888349843583256
0.78172301675942756915560
0.78171692116686886109278
0.78173442279716043312732
0.78174082010074241733122
0.78175357492727748365269
0.78176210215514752022159
0.78175700801675052087347
0.78172575504887431563361
0.78168010637694929076957
0.78169452606255307447469
0.78166529152557306936444
0.78172930028564246995870
0.78175119333487796957627
0.78176053773274456482056
0.78175814442329849551783
0.78175511361912175534172
0.78177901369178104395985
0.78177410362439270219426
0.78175895968657282963932
0.78173074639085926573756
0.78170114469495999287574
0.78167728969140237715862
0.78168873244826619917092
0.78168467195601731845045
0.78171300248249342423890
0.78175241453520460943594
0.78178629787283349106275
0.78180377982842441664246
0.78182455983311316405349
0.78179314349814355011858
0.78174737467266430801516
0.78170955147022569420301
0.78170082678294738887104
0.78171447789173775788640
0.78173271924766773999238
0.78175259755658388360899
0.78172542826508117919104
0.78175049974572508038051
0.78179623895762007101951
0.78183745575631180546594
0.78184185421604468491097
0.78179897431820244424472
0.78176449900976108242645
0.78175491154309950658785
0.78176928154852398655805
0.78178048871424443699851
0.78179166947888667493771
0.78178531951382479459056
0.78178376964665641235541
0.78178544110085279594813
0.78180510782090384402920
0.78184110372017634471575
0.78184072166670048886772
0.78181522527511360109997
0.78180376245496940867952
0.78179719877594822108335
0.78178893617357314571592
0.78176731348361672147007
0.78176386958586319142483
0.78173913754270873965879
0.78178791874615738421994
0.78181021785624582598473
0.78182584115305742145097
0.78184522569087211429917
0.78185351296190475078873
0.78183130470625983310384
0.78180090950666103477573
0.78176176552332543590040
0.78173192550084291685408
0.78171855061762463012798
0.78171360051419280789986
0.78171931100049008023234
0.78173493394808912793081
0.78178198120462050191293
0.78182858737647209501631
0.78186274448251047441971
0.78186720937166864775492
0.78182027406146858972136
0.78176687700979030637427
0.78172710038630555118289
0.78172318350959191235461
0.78174418339470996830443
0.78176112763737559685495
0.78178474256994090474393
0.78174894648163462118617
0.78177012855677696645529
0.78181469356223798339300
0.78186515653934129943536
0.78186054137386873374993
0.78182162506667574053409
0.78179872329489608073771
0.78179723973927073288337
0.78181476213078349157826
0.78182713849686669149719
0.78186591952601747212981
0.78186067280034332593885
0.78185600136827249073690
0.78184747262131881750946
0.78184645541344310881726
0.78186160549497263350105
0.78187544441611656065305
0.78188584417452799968373
0.78190102173641173877172
0.78190584250532402244005
0.78190037889945107618672
0.78188230925036150686935
0.78191581178872837654126
0.78189661611218075343288
0.78193399984135480984548
0.78194286167605453474749
0.78192897313539089232393
0.78190353366242049126811
0.78193973686046758242441
0.78196354137373946802114
0.78196333733348954986297
0.78194061023483341088536
0.78192039753960929093779
0.78191062797507304704681
0.78192646825552947209559
0.78192798498614302094012
0.78193837658323128714244
0.78196579639010022066969
0.78198220697077180929568
0.78197385472285851903962
0.78196746080486623231565
0.78199657366175734374281
0.78199701768828278058976
0.78198724243182315962741
0.78196356715569370621211
0.78194282551457827690200
0.78194223244015337304091
0.78194633895274023860367
0.78196653732891896471102
0.78196014102436373072180
0.78196247344206293306001
0.78197089978807499122127
0.78198853268736312482901
0.78200698481491848212954
0.78201283385369935174936
0.78201677405169844892185
0.78200850195806337339377
0.78199627483490985468961
0.78199346487050969134458
0.78199380160754050628213
0.78199065866154926496279
0.78196518513333124200670
0.78200473762645883457623
0.78196318100756967428566
0.78202328287763056557935
0.78202461945037404777992
0.78201419819614881312475
0.78200952625962449893393
0.78201367934334065079582
0.78201076005119618539396
0.78201504330237847639751
0.78203551824354222699043
0.78204889926509080222417
0.78203671496250770633907
0.78200518679281405542980
0.78196138730789244153385
0.78199747993195534156996
0.78196773650693562895952
0.78202916756399520892273
0.78205270720905561976366
0.78204811235057547502691
0.78202402660832670555635
0.78201288537004221002036
0.78202044051427777038299
0.78203069314974604786528
0.78204318892739088653343
0.78203393835395706989999
0.78200877236633870026594
0.78199252021220200248308
0.78198473041984706277674
0.78199875919433237125844
0.78200564452067700127458
0.78199223297555886524890
0.78200555075798594550918
0.78202257928998075708904
0.78203018357407128036130
0.78203054216548506527573
0.78204045746806871708401
0.78202427952981212744277
0.78200095765633348410262
0.78198842761288644975792
0.78199410414895798027146
0.78201526181076452814978
0.78201625322768364423354
0.78202985233158561761968
0.78200192934596801652702
0.78201615844792382592487
0.78199846825845753528483
0.78199722592579934410395
0.78202224483359128459625
0.78205096434735399402172
0.78206591223974752935533
0.78203538759711066497005
0.78202180039186219850933
0.78203381759990742150279
0.78204308973950165118083
0.78202422728809206642353
0.78204808258471858462002
0.78198383010048233554556
0.78207170563002159635602
0.78206675965759142599154
0.78206761822950587870196
0.78208868268618869645792
0.78211778848600443936334
0.78210827134783300618182
0.78210416432680629483798
0.78207835551249316186073
0.78200754848247844286391
0.78190594724379769431266
0.78191454901401169497177
0.78180319462946301634076
0.78202591988979663906179
0.78209996166576356557698
0.78213247407209074424372
0.78214365767530535933361
0.78214996519270663100087
0.78211388369185386171267
0.78203078752907839721331
0.78191153401613022744243
0.78178655844649824757653
0.78169890101206673804768
0.78166045650256577026482
0.78161349039778194036643
0.78176320785183794903617
0.78190284852502456303114
0.78203854194498834129234
0.78212137911339474349859
0.78205208517742352825053
0.78191791371014329747879
0.78175562291504840928269
0.78163210583397424446872
0.78157179053250003253339
0.78155215090974250458089
0.78153798525105211414399
0.78148976050812846150251
0.78156641477619581692693
0.78164589336814993547620
0.78179182721852713555677
0.78195099478545537774465
0.78184100634227060577786
0.78170790859561911645415
0.78161799192475522879420
0.78158095108111058646472
0.78153025964381472867615
0.78136200511520481626349
0.78146510964611659577628
0.78106822636565198525460
0.78163168752138012518316
0.78167422867010205589366
0.78169796672715730068148
0.78174940075316690091256
0.78169913291349268913422
0.78175143264175284141260
0.78175108986116303988467
0.78160865420767111633182
0.78121115084596404187778
0.78047431879604733939715
0.78059467035180862826138
0.78134958923158293053746
0.78172112376634339536707
0.78179967307448883229171
0.78168801380230734654475
0.78166648891533307974555
0.78171986706910234765644
0.78141322559486359189407
0.78067198465321141487294
0.77945876920250301012061
0.77941561251687418998557
0.78065422579819498949405
0.78135646844111006359412
0.78153471721210976408400
0.78113994390088814512296
0.78054438493556221878578
0.77929655175997503135932
0.77725259957468972871197
0.77913088776766115106653
0.78029064790956936814581
0.77873456695467202504091
0.77694196100567769480705
0.77381145977906640176514
0.77613446895451154716739
0.77266471989519702745497
0.77211162704506131060356
0.76674829729777282949499
0.76730837396804729699795
0.77100838443793195953191
0.77309989176589510861959
0.77502131489768644190264
0.77673304788666508446937
0.77564384064121905115741
0.77766923126743825456231
0.77881173288299576640270
0.77930118113539215141117
0.77984611659854341514375
0.77796491439742487816744
0.77594299710388259239124
0.77812649453268478705326
0.77947460925702749534594
0.78018379213222599499744
0.78025687068178695149356
0.78055585881444156104436
0.78035904164758618239972
0.78031559878719758405197
0.77956432768856775972210
0.77825870240563410629164
0.77834450064929905366284
0.77959377738157265014252
0.78035118839176487171017
0.78066250422630290017878
0.78063230863661026148748
0.78036486432112128763805
0.78058519951547111759282
0.78069977964320369512308
0.78064947787441685278509
0.78030236426485721779045
0.77955299757000884319780
0.77952973601644737211558
0.78020890595496139585663
0.78057038551537949455650
0.78065720695832252484792
0.78060770624512398896400
0.78053894149033420379880
0.78052903848784827012253
0.78055853295851074236111
0.78056175214637291137620
0.78059069320736640396063
0.78048647902199885795227
0.78013245004466114096431
0.78043767254695939339371
0.78055727624961701582862
0.78053635230915963116871
0.78050162322405725046082
0.78053822604653200212255
0.78065210101423399002840
0.78064274876997463703532
0.78078865484413739750380
0.78054135178422368035456
0.78052350249133817250424
0.78056281061874832616354
0.78056921929923517300409
0.78062397340077849250406
0.78059301207856368609583
0.78059811275442125833024
0.78067529041052197147366
0.78080103277603385425465
0.78092248327576796462779
0.78095430419614952910479
0.78102025331352142867303
0.78084980621900501596144
0.78074504779889242200852
0.78068107366855832296437
0.78067471535097532342462
0.78075471120038542061081
0.78081571256274839853972
0.78091255275161530757799
0.78100487593893364035580
0.78105922012159734180159
0.78107126144823102453785
0.78110292715652396289272
0.78108701205952169033253
0.78109888199259103203076
0.78104971345011053873719
0.78095871784971226947647
0.78086459004642694292642
0.78098300996511438309966
0.78107398441206543626691
0.78112616475534801807612
0.78112768419743749959139
0.78110355572774314847351
0.78108930190237901847183
0.78109232365245606644066
0.78109586453730817101615
0.78111758854818846842250
0.78114607833867966135699
0.78114071737910129034077
0.78108420056746385995439
0.78115169042250920394821
0.78116387010399701562591
0.78113786463012102601056
0.78110551704794506377993
0.78109552070999943573781
0.78111267625808200598669
0.78112201525050750650081
0.78113514062767375190077
0.78111795061547040219807
0.78113508084901028816205
0.78116585613316891212321
0.78118401527505620940417
0.78118308903611355376029
0.78120028630993354479273
0.78119442596885746432633
0.78117245345750752072433
0.78115874341123292534661
0.78115975372408008592373
0.78116399226828814317258
0.78115583517378428535238
0.78120510828872535835643
0.78117127175762635094003
0.78121620180792161747263
0.78120797639629258046767
0.78119860305083310691998
0.78120196572365796505721
0.78120669152584421013330
0.78121661325235913775344
0.78122042856455464754362
0.78124259745695956436151
0.78126504207979585725496
0.78126521409588878253061
0.78123445027590299183373
0.78118556311074727194210
0.78125124680940483123948
0.78120643773912179508301
0.78129295860829728326280
0.78130810629117675158994
0.78128934787737946976449
0.78125221951043166690454
0.78123770597558184203280
0.78126893758853777072204
0.78128888685875008679460
0.78132244069608625114398
0.78132605041118385891252
0.78130029007831036658160
0.78126449673384790184372
0.78123917119876118420052
0.78128466458501177882567
0.78128148876977365766550
0.78130071301210590739572
0.78132366855899515467598
0.78133463017070259315489
0.78131874099308684655796
0.78130256176583057214913
0.78132960646127580517373
0.78133499214971724455836
0.78133172389367233634516
0.78131771821453244175615
0.78131037468109776344960
0.78131607617144016586508
0.78132485629666181825570
0.78135468791732587412469
0.78135939732222947640139
0.78133731153734953256418
0.78132537268890966952739
0.78132897857958139020695
0.78134050914837405166224
0.78134664268889819638275
0.78135638177063682086043
0.78134515674462101664233
0.78134053011405890654117
0.78135379922063386004538
0.78137668401301108023205
0.78139035411388035878844
0.78138016914461272399706
0.78141516953822165447718
0.78138986154312362053531
0.78141625859516483654232
0.78139556686784505945553
0.78137037127118147417093
0.78135886269047361007978
0.78136559666965399451044
0.78138037023336937014761
0.78138431273136088606179
0.78140950956494392709573
0.78143458532095833035669
0.78144238097136597964720
0.78142730637674329141618
0.78139679403389572520666
0.78143169648168808727462
0.78140868051569467578332
0.78145060924825049397668
0.78145632890299043804561
0.78144219897199973523527
0.78141493102871384390795
0.78140171368919131289488
0.78142501572081102256817
0.78143937598200086114275
0.78145621862551106762140
0.78145647293610576156198
0.78144629397506715218213
0.78143642754496556168675
0.78142758965580783048210
0.78144648120534909718771
0.78144876209552149859405
0.78144088536391309585127
0.78144372424259789244871
0.78145078808225920674602
0.78144947801267783393797
0.78144394160306185348475
0.78145472461359399840575
0.78144670832765095180861
0.78143736304142930038097
0.78143389703452936778660
0.78144415768799746491169
0.78146064646253621255312
0.78146416233118454197637
0.78147366404218376878532
0.78145858353661734607698
0.78143985112450997654321
0.78143332194839998372515
0.78144223151902092450172
0.78146035159473969944344
0.78146902992563738177267
0.78145040239877949783676
0.78145050636308543978714
0.78146413894890531803838
0.78147865427067375598824
0.78148005442038370738089
0.78149539949739454947064
0.78147907926428106240024
0.78149754563308648780406
0.78148825768757979037815
0.78147977701760351632032
0.78148979713892496867800
0.78152609826575858420483
0.78152584830792304337876
0.78153291502584443239954
0.78152568712266123895915
0.78150251186464403385656
0.78147593763285128076745
0.78150096779979671968164
0.78147835132142495773167
0.78153732809644793633197
0.78156607533469368842560
0.78157342595645418192873
0.78157214748357384248578
0.78161478490115632311586
0.78160353019415451658602
0.78157492834452668706291
0.78153156301219761648014
0.78149786694510370299582
0.78149244982225685163257
0.78150180721003537076541
0.78151833047746932514599
0.78151769933298054215953
0.78156005281445883881020
0.78160512579060292814859
0.78163832268539268355312
0.78163439440955140291578
0.78158188357552915714876
0.78153516161886815716286
0.78151008471087135554001
0.78151823060215375171822
0.78155031210656489282229
0.78154639174366469234201
0.78158095438406993693548
0.78151999720443054986418
0.78151975496063452730766
0.78155063439248961820738
0.78160783217513130072263
0.78157557813235367660809
0.78153324076752295201942
0.78152924054400974007706
0.78155050080742960449953
0.78158086026382100897081
0.78160490878927435520751
0.78161520849550769618475
0.78162164395245059544948
0.78159541625102113560075
0.78156692923058013189319
0.78154588243597467034363
0.78155927374734657231414
0.78157322685136265683070
0.78159033768960206600696
0.78162395681702068195307
0.78164442439380166227636
0.78164503255433182005163
0.78163440813597828693560
0.78166883434208433989454
0.78164684652055138602833
0.78168664952901745213154
0.78168402209045517725627
0.78165403376433895132891
0.78161806492316565631029
0.78168084502139756342132
0.78171729468214257163794
0.78173148586248664138054
0.78171615862957777309816
0.78168727104365565150346
0.78166050346365434364770
0.78170120008525878496641
0.78167407263770716241424
0.78173271852571990514491
0.78175895488797120247426
0.78176280846232271137808
0.78174115483606265719629
0.78172916816172377529881
0.78177644548107372290957
0.78178264171421640860160
0.78178341771144088667711
0.78176693550576736857494
0.78173927962600953112116
0.78171098390465598715338
0.78168630964216301304504
0.78171784937509092294761
0.78169813020367340250516
0.78174052904590751733593
0.78176348914983839755166
0.78178324710908808636844
0.78179939375808482626695
0.78180160756868455340651
0.78180665171985619377182
0.78179689248243633414859
0.78177372466676597895230
0.78175793666449655550110
0.78174180624188005506170
0.78172506671156649638021
0.78171401811302476669852
0.78173867094497251351015
0.78173905624851092177607
0.78174807777808530406816
0.78175804091369172077464
0.78176681671282122199074
0.78178741413991292841246
0.78180069944798780134931
0.78179471633694330723330
0.78178273110176055293863
0.78176980833055731423542
0.78176780850201266215294
0.78176410697015552564437
0.78176363440688023676017
0.78177471144743881925621
0.78180093461867006254806
0.78181567077978741941990
0.78179240294288443458015
0.78178832673095044469846
0.78178406285341239811970
0.78178843228261740705420
0.78179616408483887379788
0.78180632949108097573543
0.78180369096504265247205
0.78180633320906511851689
0.78181764595814484675174
0.78183036355184776233784
0.78184390302891371149485
0.78185086692534733199267
0.78187995383373820601491
0.78186834282727879497088
0.78187018690673948384529
0.78185160771026795956118
0.78183244474104729437869
0.78182347360774440137021
0.78182206323838654427050
0.78183929546166730517598
0.78184355867425658903613
0.78185812815900757044574
0.78188310261206506179832
0.78190093277694561191282
0.78189678644355786740761
0.78186264105530023371671
0.78188879122023813295073
0.78183899392871780698044
0.78191172696324040547466
0.78190449535281936199738
0.78188021483582237358689
0.78186231175563614126389
0.78185636882563580574157
0.78187396451755197812616
0.78188029098027234109480
0.78189582735687457315521
0.78190993364499217221919
0.78189970641455830424604
0.78186163152978038759500
0.78181132139777564926675
0.78183014537302930602181
0.78179625673073283032011
0.78187188121115824834817
0.78189899199441581512104
0.78190280916310639369726
0.78189778487207284296545
0.78189472605724985587727
0.78191867421160266005131
0.78191391251115482941003
0.78190124582441122846888
0.78187850152839299955332
0.78184360788791529284225
0.78181265695045809582808
0.78183107710326327222106
0.78181978798626705629005
0.78186070784091510343927
0.78189471360437534652732
0.78192627840218542623063
0.78194347228452920628428
0.78196425981811468197691
0.78193329492727758900372
0.78188968874766617833671
0.78185720703253913654862
0.78184305319389757471527
0.78184934113723236759341
0.78187483198823481966855
0.78188720841073011680322
0.78187303554402809435686
0.78189282756391420559083
0.78193655703801401291031
0.78197713389781919879340
0.78198148854866811330311
0.78193945332118719448999
0.78190684072887839395349
0.78190246718169476025651
0.78191128442059876224590
0.78191484623573137557884
0.78193355474177739239394
0.78191941897941663608407
0.78193126467712714688929
0.78192779170756654405494
0.78194575382077857739205
0.78198067306699314826801
0.78198020826094483126667
0.78195603875785624214956
0.78194612397538654224860
0.78194462520258811721874
0.78193069482864097086150
0.78190114691821677173067
0.78190549614639603959176
0.78187270042713563622527
0.78193527228975212572948
0.78195259155144036800067
0.78196682305428866222030
0.78198456666586158014809
0.78199297491226016365573
0.78197244745692517930991
0.78194328737937679463244
0.78190903900590413844185
0.78187342163566408981268
0.78185184559308029683677
0.78185496681422839149178
0.78185234239783674148327
0.78188211843570554204774
0.78192435548434069403356
0.78196988822942625763091
0.78200232396817359603602
0.78200690833420294367784
0.78196173098081023233874
0.78190925094774488268712
0.78187419357187659674224
0.78186441835321018878346
0.78187695302686321952024
0.78190223308587492034860
0.78191724861612232899688
0.78189595171878789603426
0.78191250858953686986297
0.78195630879962907400227
0.78200496263371266358888
0.78200045377866633788955
0.78196338885712501909353
0.78194111080413097880637
0.78194415986827914277768
0.78195574316333471553975
0.78195938244117357829310
0.78200677653352668183828
0.78199265549470864389292
0.78200283252222158036915
0.78198986805674319811033
0.78198836893740597542291
0.78200161814924684655637
0.78201556656737702954985
0.78202791086362999362080
0.78204342610657784362616
0.78205257299429309369998
0.78204110066702714476605
0.78201402756449767128544
0.78205639130824189386715
0.78202806508525457562797
0.78208062313741999460603
0.78208527382079096046397
0.78207119189080986920715
0.78204375792556568569580
0.78208006145119079999262
0.78210590274869806748370
0.78210575434750850831733
0.78208712294772408935017
0.78206083413171167961764
0.78204180648034515854761
0.78206676283445153430307
0.78205889598862288192294
0.78208476878858179670573
0.78210821226677951223394
0.78212470499540664992111
0.78211427080225370822575
0.78210502608433218885153
0.78213393210760429052897
0.78213753119937357016767
0.78212987206046857835418
0.78210597539896298258100
0.78208909216714295187245
0.78208238092673854069403
0.78207698385549428987673
0.78210653614228442531697
0.78209051632641390927603
0.78210861487354521592863
0.78211330465653794430381
0.78213129106353718178468
0.78214758501394654466310
0.78214998649752986992212
0.78215371699099200952787
0.78214918576070457945093
0.78213915959606672423376
0.78213587364965919679349
0.78213981605678095654355
0.78213050612091317148611
0.78209528679796913586131
0.78214443248498011218572
0.78209300959844829659318
0.78216916770421152094173
0.78216702730451781455656
0.78215720729371707165001
0.78215028399208175180490
0.78215041555552555774256
0.78214730330214743414530
0.78215588176555805866030
0.78217864371567602521651
0.78219130239097156565009
0.78218246316784945104672
0.78214472483033803396069
0.78209094542235413349829
0.78213685313502101514871
0.78209702434337213805549
0.78217476593571655385517
0.78219510199471120603931
0.78219135286971785969712
0.78216494222892862797636
0.78214924940036534284360
0.78215663255747691628983
0.78217168665437120100847
0.78218654034788304141301
0.78217632400182346419371
0.78215421657145156597579
0.78213172461501101473402
0.78211374649104170586611
0.78213779728770138621741
0.78213438964175796552780
0.78213752429522143128082
0.78214792424418089211713
0.78216602988696248832667
0.78217124221823386420738
0.78216657624422813999132
0.78217634924439150001518
0.78216540598027317621188
0.78214450089040044034050
0.78213078916599054757341
0.78213924049332828047909
0.78215413487962326399838
0.78214472877114560311895
0.78216855517735284220038
0.78213013180786694622526
0.78216113383656493684981
0.78214081661301515513429
0.78214086277294692095552
0.78216343934398835369137
0.78218673515069814250467
0.78220157459184902482008
0.78217665437181982390769
0.78216553604163674418004
0.78217616300784165161986
0.78218790241720592693042
0.78216275021470460515616
0.78219272931370464885248
0.78212216598697270608653
0.78221405059524096170520
0.78221059236108403389665
0.78220894910336902228210
0.78222424955636227217326
0.78225328195371779393952
0.78224967063343364692685
0.78224808343824447920412
0.78222068913101183706971
0.78215201684728252740086
0.78204409053947132601792
0.78205882146897776063810
0.78194113723633984491812
0.78216822597423196761213
0.78224395618145137198951
0.78227394001273775625549
0.78227909664442007997565
0.78228536314218344305260
0.78225541009510524137482
0.78217484596422681697447
0.78205380652186762269196
0.78193062483812814100759
0.78183663553602278373234
0.78180431622933821422805
0.78175101842620731140698
0.78190544081098600770474
0.78204695633192733428274
0.78218011140433096883839
0.78225674054304117355230
0.78218741976263439497075
0.78205951757048242090065
0.78189976700131058606758
0.78177429931132824680873
0.78171544919925306516006
0.78168947691406620581489
0.78168144729316824115273
0.78162688031010785216779
0.78170857765019818863550
0.78179007399271260858598
0.78193346557405973840105
0.78208631485354684897970
0.78197632167653008394836
0.78184959510363594148430
0.78176222321765143075112
0.78172309855008625945061
0.78167352322892869054272
0.78149890314531922363983
0.78160816190510751244602
0.78120486868674565705817
0.78177382676832685159951
0.78181852349732405826899
0.78183971144228270322429
0.78188475085841524503394
0.78183468579460813074888
0.78189324566024120954921
0.78189544329842730618907
0.78175077374160939491787
0.78135396052978967063041
0.78061065296516940481553
0.78073716302750062467908
0.78149164220294886629148
0.78186551067133358561279
0.78194155091326278395059
0.78182377709788508646227
0.78180246519023999240972
0.78186178955072582752450
0.78155758888025006481115
0.78081389071641127408441
0.77960084647605853991337
0.77955726907484934606885
0.78079848251075301135415
0.78149838321788633876963
0.78167087830164960760015
0.78127624149891516935895
0.78068620746770200913289
0.77944058562245188692685
0.77739627447379844316089
0.77927250336337028358002
0.78042700062052394738288
0.77887085407576195361656
0.77708323084435571015405
0.77395221563373606254999
0.77627050190580360045089
0.77279887241924016816341
0.77224714956460904780045
0.76688145686465303274559
