0.02199984429774724803419
0.02140573911426879583075
0.02629082394895425681125
0.02563294000144000425734
0.03066190601574834626031
0.02497038949186198078523
0.03000265602512778434496
0.03483373469527820120994
0.03424301647967575856768
0.03858239053214256031321
0.02936115449899250745558
0.02434540450407891853946
0.02869952726876561638347
0.03365271533128850328653
0.03810051807377218963113
0.04180027438133988859637
0.04141764281002311559599
0.04450367015680371796105
0.03757776869104412220679
0.03302867189462033864489
0.02801615961424708603489
0.02735642318666127448257
0.03239299196820842607902
0.03705538760703143419395
0.04100847263171992357345
0.04422673311614028213157
0.04681300074379771830602
0.04658141320855246902966
0.04391237439569913025839
0.04059234719161063098536
0.03648599218922685127886
0.03173771177659775316604
0.03136999496040027840538
0.03590692430505282306541
0.04013873913984497554530
0.04359276956298490518504
0.04635677911285022295695
0.04869133239826734654843
0.04848399643155990035304
0.05073830205256591591167
0.04610446817108870137814
0.04323494275168768968820
0.03965827138491084119520
0.03542906580980135361481
0.03915956807179472864977
0.04286849337947851168451
0.04583282644282484635800
0.04827753834369517826897
0.05052603103227377989715
0.05283755921024149704301
0.05259180786286012099229
0.05503160068426395795660
0.05030730233077783386531
0.04806560468129458807418
0.04556216323354375652421
0.04247951058493463355470
0.04526143182998625114077
0.04784076909813426981000
0.05009757136102204605477
0.05235647426840527723924
0.05475362006281842691680
0.05723806703990935024207
0.05695296414423006714500
0.05934354117807513068206
0.05447742906689068131953
0.05212064533761402024270
0.04988292283038726210309
0.04760637876085150460570
0.04967744569103220431128
0.05188618841224103966914
0.05421078520696864799788
0.05666643293587673296807
0.05907778864673599028556
0.06121747036288454485442
0.06098079542762080418328
0.06275527894841563536499
0.05879959937649743839660
0.05638220605156353537613
0.05394320600507417073910
0.05166575763071570154272
0.05369430906480459481100
0.05608967886483310488765
0.05851984561187092981349
0.06073699558369416440229
0.06257728554190043757099
0.06394526141795392470968
0.06382196033199918905332
0.06481851771609548062969
0.06239728563221887819301
0.06049490750333740007871
0.05822656166185277704095
0.05579854424009000196660
0.05793168893063526531106
0.06023024237460890273343
0.06219236822148389853826
0.06369266543284622661414
0.06474372972148215166222
0.06544182659320808836956
0.06539502199498749279716
0.06588505481825250587047
0.06466048855710558596055
0.06354777770160206784578
0.06197567914459099075453
0.05996329969318155150848
0.05928836846105123292716
0.06111110840342940525582
0.06175695494796395318415
0.06339504960265694710753
0.06457011167134209250751
0.06534828841313038150229
0.06585985048030050525991
0.06621233192084678698119
0.06619401417886426608472
0.06645165773368764960960
0.06583203492790579147709
0.06529500413417883841749
0.06446828434332839419252
0.06322555432582058210222
0.06265934514562018775585
0.06388918198079374111131
0.06435756426727724799353
0.06523657287502697410542
0.06580157822937815481623
0.06617615866030245042051
0.06643938236915539197192
0.06661314413983132620700
0.06660496808208259122974
0.06669040558001394780607
0.06642668882038575695059
0.06615697629717347261202
0.06576809945087620790094
0.06517106812242330626805
0.06480833461131683959078
0.06546725402552834582881
0.06573249407874220962000
0.06613666274175346304620
0.06641270537988404332186
0.06659699824945058965753
0.06668938035311822165596
0.06667702328867339267582
0.06668398754849542975354
0.06656986758869823384011
0.06668755922012822856537
0.06658898104264633632798
0.06639957442113973706821
0.06611888171408569769838
0.06592759697709169031121
0.06624613826758951606877
0.06638782698251387281996
0.06658022384229178580739
0.06668532431932615300862
0.06669014856169210025971
0.06658529656028627785602
0.06637145793181598030230
0.06639384836632551689650
0.06608076274803895144849
0.06659992329600698812708
0.06669668801225399346055
0.06668354307397973690374
0.06657263456739313800536
0.06647146364519400385529
0.06662188517345388194535
0.06668123137504676500864
0.06670221033965499646268
0.06661553501090539120000
0.06641895179032360208016
0.06611415105965254279674
0.06569304743838833005043
0.06573948049406264093619
0.06519419812198777586243
0.06614574620035963692377
0.06644226031821948152967
0.06662974970560800458408
0.06670796249728001836576
0.06670126651732634359693
0.06670296602235947780457
0.06664483793187458982032
0.06646486681727649392659
0.06617948945613938427357
0.06578171310667238480541
0.06525460066352682664270
0.06455900353103581623682
0.06464402851881079214991
0.06377329174580879944667
0.06531340503910137984533
0.06582523345884687404617
0.06621084467324811484445
0.06648883926969513524785
0.06662051073303315584795
0.06645294012792452020832
0.06624307992131886480003
0.06586703383101108477682
0.06537070948182878427080
0.06472306319170874344682
0.06388541182330982615145
0.06283371384586115826476
0.06297135407893818259684
0.06177685653435489171459
0.06399161035467938740684
0.06480256105168062663591
0.06542732715769537799044
0.06590755034275341817107
0.06620097445116975010126
0.06586945404600813569473
0.06548233567322267467681
0.06487457371130549155236
0.06409776232303941723156
0.06311180181601405703162
0.06194347291779490199959
0.06067033839844008374920
0.06084273544852794590732
0.06210280520678652244060
0.06324430119966280294808
0.06419718615514602433336
0.06494901404906494590819
0.06545408108482453357624
0.06494237871955522989342
0.06429357178392955396440
0.06337255694094016955642
0.06225628509080283895516
0.06101453572262918040314
0.05979128320074196534240
0.05994996074948690661932
0.05892097861017557558494
0.06118522290566115462429
0.06241039698301844435013
0.06349624803682267504268
0.06431832797304172510966
0.06356952037496141350026
0.06256530107082791669626
0.06135415105881525388298
0.06011293591033034511284
0.05904976122328374488202
0.05837054723033220648976
0.05843530324921830665375
0.05823521120345210438929
0.05917941865502109044517
0.06028356288399684681512
0.06152653400061774274787
0.06269497792227968213652
0.06169348709218624299266
0.06045699681178324375042
0.05932481012322152885696
0.05851274041682599097447
0.05822676001433144815644
0.05855035281933059637671
0.05846516694216451898169
0.05926547919534544406339
0.05823092035048529208074
0.05860168197278812357576
0.05946858819660234829474
0.06063260998958194814001
0.05962909101473739398314
0.05870541243482927523667
0.05824994665176405628237
0.05839400465921490424037
0.05911823979516445115578
0.06026657481114695846802
0.06008781322322417906001
0.06141872837176890614908
0.05898516992931218672069
0.05833701391035388955641
0.05828380980067014716095
0.05881844262242085646930
0.05832971392936095456072
0.05829260992432423738041
0.05886122748908099305831
0.05991209226365901141520
0.06122948794812600736837
0.06259556903636492863896
0.06241667400933531562046
0.06369948686002524507188
0.06103604250304637407476
0.05973862410430103714321
0.05874477441817618078579
0.05826279655465494561328
0.05864166704852544903526
0.05957380920545588681714
0.06084693113352385857029
0.06223405690904466880387
0.06354486972218480189678
0.06467788437417211488967
0.06454918321741531794800
0.06550940551761139096776
0.06338242093733965909497
0.06204414427060786496604
0.06065565376559776955556
0.05941152167702797026738
0.06046600142188064686000
0.06185076428571558565528
0.06320781758980914544210
0.06440887900536081123182
0.06540506587348424161199
0.06619886241479791544329
0.06611536197594300445779
0.06675212217543727288849
0.06529708084694055281183
0.06427012229709820612111
0.06303423823032316963832
0.06165443351745713423950
0.06120830717373877682963
0.06237721854989866643315
0.06284912314455405601965
0.06412074819295486560744
0.06518028555039132032611
0.06602921492849177231843
0.06668729678149026840472
0.06717925533315240171905
0.06713045445481091721973
0.06747955699531649198519
0.06662127141764503934773
0.06593661241100570724605
0.06506001874553982156080
0.06396225725561244246364
0.06348512319313397156417
0.06448983386481828283809
0.06493206092220790703884
0.06584040877756636156448
0.06654893284418084142828
0.06707756148882272617673
0.06744291915076398857831
0.06765221501116239211093
0.06763012883882207892938
0.06769090893407526954295
0.06740472981871742375048
0.06702397377824548252434
0.06647606845284977084010
0.06574455495007909544558
0.06534442464338897915699
0.06605658369793225570543
0.06639794328287958180557
0.06696755347094074384273
0.06736600522179482519736
0.06760602501290484400709
0.06768372080109195942921
0.06758360945069746827940
0.06759415005468989712245
0.06731181820382156621996
0.06767492675638955845763
0.06758175156008483508430
0.06732642969767684004712
0.06690631432081170504311
0.06662764283868317927162
0.06706496493986267848353
0.06728391945407483087926
0.06755470588498913020459
0.06766426570336990520271
0.06760234463165244733762
0.06734435029239004000257
0.06685015406739161503147
0.06691086364096329730522
0.06617638380667165143301
0.06737573074156308350346
0.06760827107475800290537
0.06765274915183777659777
0.06752754485349556079488
0.06737981373479304259000
0.06757250440543649538938
0.06764048813384357372591
0.06761391036888314554076
0.06740149297771066971841
0.06696826768846070310204
0.06627440068668320749534
0.06527087148495028245954
0.06540623185974643594154
0.06414551639199685129089
0.06636307724882435643554
0.06702396802875140724431
0.06742777995920121170137
0.06761775391485672082048
0.06764331941273819814864
0.06758721669183589964014
0.06744958073254310459976
0.06707343594785183937823
0.06644828905882313452302
0.06553434933639931680993
0.06431979591130608520100
0.06283384825159107900383
0.06303142284274941553601
0.06141235961296847428725
0.06448227110727360045228
0.06565829597821790097889
0.06652974582878910803085
0.06712276084477991622279
0.06739388609550947539795
0.06705161230099469793497
0.06660758181385401099917
0.06577394811468589841397
0.06463975773362018450996
0.06323289149298420841472
0.06162236725385432378754
0.06183663533173525822528
0.06018408417500766688368
0.06342419480440231183138
0.06479983151542600960937
0.06588610716587402216238
0.06653583426561951452705
0.06583057192236618782033
0.06495052239230852952900
0.06361352365213863990778
0.06204821158641293799008
0.06039600750727654177030
0.05882110582320837499637
0.05901660667858866365920
0.05764686214102345690469
0.06061222509511569878082
0.06226310918918338127570
0.06379581530079220241802
0.06492730856324073485109
0.06382704267759008176508
0.06247809921058686266626
0.06083138255364137908510
0.05921145402761191639529
0.05780353810140619746916
0.05675994688898736845184
0.05686998268817640422856
0.05624609078630614378280
0.05797251312376323906239
0.05941661982403908387473
0.06105958615119245341818
0.06256542689599413342716
0.06121590285418122140415
0.05963958920910725908238
0.05814932351920451547578
0.05699132183665008705153
0.05629392254201530387814
0.05614377188003492197277
0.05612688982884245919580
0.05646472200049931083887
0.05635393734520681430222
0.05711925608876506493816
0.05832974077640608323581
0.05985343718104888660614
0.05853104010337686208265
0.05725710442923667709003
0.05642236496885726093620
0.05612084188399803219571
0.05638284673192141271958
0.05717919250405045783481
0.05704472573303218108087
0.05823258661959700155375
0.05631460586851994021274
0.05612609583467245005783
0.05650584763494338746970
0.05740761798308433722093
0.05659973323222427382673
0.05614272381084639551574
0.05625172746509791987801
0.05691153989726051992681
0.05805003699331093280911
0.05952249889184633296901
0.05931000797647607153396
0.06094631731841381599990
0.05787642439373037045458
0.05679492316586023242797
0.05620222332242783697120
0.05617126743683185235989
0.05616246526820462686702
0.05667764652498462341068
0.05770373291130113935221
0.05910761369717782570676
0.06072306370035845252131
0.06238781859721419242870
0.06217729616912885670654
0.06376174595661933397484
0.06050229357611038721876
0.05890045004169264936111
0.05753478501017324220346
0.05657886623924435892663
0.05737613358207596658822
0.05869361017229442895049
0.06027854904028224353185
0.06195541948260863823750
0.06356427245648653412413
0.06498722262980050068393
0.06481616814125101821986
0.06602131453504486713335
0.06337051466045290348816
0.06173772101301367581927
0.06005221278249118360693
0.05849337700275854950993
0.05982751157664945723669
0.06150982323740438600934
0.06316451611346143857340
0.06464167073708275423893
0.06588656693498053107394
0.06684905333090401802210
0.06674339459377662264750
0.06746453614407428578392
0.06574773725694789405782
0.06446276916361526332366
0.06294780814891649811660
0.06127819181767162060037
0.06073341388124546547100
0.06213822425076734323746
0.06272726155641744627545
0.06427812119540916857563
0.06559764279823432353567
0.06663216977258891449143
0.06738373296752561691925
0.06787265316083472554975
0.06781482064765292916420
0.06807598225702950200944
0.06729798369454931261657
0.06651679795915454995736
0.06543973141320315323188
0.06408439782574837373375
0.06348295271072135204093
0.06471646485098553336357
0.06527482423451218263022
0.06638626837271921488082
0.06721103758521526638781
0.06775497387335104038097
0.06804052068615537574026
0.06806220012958853760043
0.06805115689537682976962
0.06780207237327014191397
0.06800262557132268070870
0.06769283796182055945589
0.06712132750753409260458
0.06625999856199667192858
0.06576991693336389777080
0.06661713086074635969958
0.06702113621316907465797
0.06762754294397184395837
0.06796312862873081506176
0.06803746097917744151129
0.06782097208005984090295
0.06724920691269604955398
0.06730782122223731567257
0.06634625895078791191217
0.06783669923301750837030
0.06802119336303415197964
0.06792141611562618752629
0.06755622417099109433547
0.06725646100822153805598
0.06769041380165866095275
0.06787659014607454188717
0.06800235085892032682597
0.06785004548439713123464
0.06736386179218303849048
0.06645798473149545915195
0.06504555750755888765546
0.06521776197825997212210
0.06330464119564201130874
0.06656745757319686151998
0.06741495211829010014704
0.06785855570866354546933
0.06798182728109705696973
0.06792341196270938741275
0.06795768086184761358481
0.06786544574415651065458
0.06745807814097197485648
0.06666790462831660712961
0.06538740028181089236625
0.06354648696513608141512
0.06113949838373174822115
0.06143615909270998265423
0.05859361927385722118578
0.06378277818079505778748
0.06554382403098323039980
0.06675508086488741998910
0.06749976768203395927070
0.06778120948105467724609
0.06736493931343004448742
0.06684221104147095027237
0.06569392244506397360304
0.06400576193197256291700
0.06173525914248598894796
0.05894415458198457025141
0.05929848767993661784459
0.05613893415891425819897
0.06204146539573818230906
0.06422048461081640569059
0.06583520326254639620789
0.06667652962167884556077
0.06566077268690852231092
0.06442522248367540949054
0.06233090758503693346038
0.05964506171145638607767
0.05652690486145372367188
0.05313166706847964604332
0.05352863081893061841798
0.05003671635343669155116
0.05691820022167528442258
0.05999787540579892830550
0.06260682462628253119874
0.06426854330174046336932
0.06248431931812533507431
0.06034319798891963487764
0.05730777600103784119590
0.05394758774089667557883
0.05043193965850887444669
0.04695262532736773491981
0.04734389876187510698413
0.04389019586285651530755
0.05084755737202523856455
0.05435021854077773384439
0.05770514699354935272968
0.06030345624410568539098
0.05777812633805284175947
0.05476250657435206142809
0.05125112582932431215532
0.04772959682222081834180
0.04425735711241642750258
0.04084072370042895333553
0.04120790164146694023461
0.03774726231504489659674
0.04464497233868478659469
0.04812829504162985383431
0.05166982621982851853204
0.05498037366510623996652
0.05201126383494010518849
0.04852600933014374062768
0.04502870699621656924716
0.04157708287283361919817
0.03812060322982992188745
0.03448203729582403898046
0.03488921407564889859421
0.03105320725783386470731
0.03849657066652373282878
0.04195832728791693000403
0.04541940742403664799109
0.04894306259372264295004
0.04580675692196103931941
0.04233532024015788930438
0.03889567802970243098892
0.03531956889203820282308
0.03152202887494064825757
0.02747269175443261407521
0.02795344079142413062922
0.03196776357974411703067
0.03572286024120371189516
0.03926612507356381370771
0.04272605329002224228141
0.03965702891174023581033
0.03612697202786731981439
0.03240786387085084485626
0.02845433364389451588727
0.02434228481189123008410
0.02485353029517649997571
0.02893466078664391066821
0.03285738045119843825370
0.03655324766315389689586
0.03330087188713873325163
0.02941734789327466945141
0.02534685317450513508675
0.02179113758762924249468
0.02586175468992022927206
0.02990983965936093100235
0.02637665014270892255288
0.02226884997629744247782
0.01884638528222917427946
0.02278221283134538796555
0.02047546220235305081125
0.01932408999422527418055
0.01733313695716272306857
0.02200349284517449932608
0.02140955048931229842690
0.02629517605731129803459
0.02563749711636527026104
0.03066697216949794413399
0.02497493233667048839752
0.03000798180135658133061
0.03483947935921288124872
0.03424908530135533507588
0.03858874151326596030342
0.02936648968466597925397
0.02434990456496761643268
0.02870483105513547961163
0.03365882286032181869295
0.03810725938683313940292
0.04180714198017000671204
0.04142495864252796616833
0.04451096776164403107101
0.03758458033901993650128
0.03303477447478260498048
0.02802142737870160979496
0.02736145427496697313252
0.03239908159705227885805
0.03706223249928301821665
0.04101589727185842720880
0.04423453180358160458097
0.04682066213377612112767
0.04658961287984909188653
0.04392031515073521741321
0.04059984309619475012498
0.03649284964937081487957
0.03174355431697108154143
0.03137553818744453354439
0.03591354099314041092850
0.04014628127515961625305
0.04360081686745538587235
0.04636515157314557988855
0.04869988817137594488971
0.04849274230335336860476
0.05074720117237062344540
0.04611297617903357959346
0.04324306482371367832407
0.03966558656586887526840
0.03543532279072395679842
0.03916648239782418577937
0.04287640838881755234180
0.04584143415397130827404
0.04828644398826434369631
0.05053513432320480558424
0.05284680945491576631312
0.05260127204929516964160
0.05504121716143555581580
0.05031657850018206312726
0.04807462872601726833199
0.04557058364476316431046
0.04248702002697944679621
0.04526944281023438654277
0.04784961947123870379395
0.05010697373374516788713
0.05236612375114677031540
0.05476346116941732677930
0.05724805010476875788417
0.05696318792825225824084
0.05935387129709263770438
0.05448746462387287631257
0.05213042424784192219178
0.04989216009350046221460
0.04761481420050420881873
0.04968625756529465586908
0.05189580576479797813239
0.05422095271110154157679
0.05667686666588220983920
0.05908838117354912183865
0.06122810569321406048982
0.06099171610228359269312
0.06276615991245043657543
0.05881042009175657669928
0.05639277664655965860430
0.05395321401729816224169
0.05167493169865394059270
0.05370385364344105322276
0.05610009496281401220052
0.05853081233572412361843
0.06074816615838282002349
0.06258847838071465718990
0.06395632655053515303045
0.06383336170124127850745
0.06482971096303211111511
0.06240875467348420968516
0.06050623991402148682539
0.05823738469779691367956
0.05580847267572114356327
0.05794200694061245326960
0.06024144824026826661179
0.06220401385243781722245
0.06370436519881543524502
0.06475528155149494480280
0.06545310396019253518229
0.06540667595521719446250
0.06589638494489044595603
0.06467235828969121469445
0.06355967185314501111115
0.06198721984716633326418
0.05997398933783801289188
0.05929874325732470419226
0.06112179029641762878500
0.06176797464860985659163
0.06340686478016450966511
0.06458219156058886412097
0.06536027579951635135824
0.06587157294049693356808
0.06622369449443167577218
0.06620578144628852523823
0.06646303703800540696456
0.06584410187053628404907
0.06530721402031341993322
0.06448031006019896982373
0.06323684607455098971585
0.06267028581298306200154
0.06390032515156882086949
0.06436906830508003218849
0.06524875233480093017491
0.06581387713548011997311
0.06618827917429807861094
0.06645117849119795694346
0.06662452631911108813512
0.06661677919473944775586
0.06670177613309942465936
0.06643884563217503091970
0.06616933589652823632932
0.06578038787646385554542
0.06518272649077924696392
0.06481962605293500878645
0.06547864917925050320946
0.06574426236999228456703
0.06614902986175201504704
0.06642510644596412439089
0.06660917584227771248706
0.06670119191564652383342
0.06668836676720774070404
0.06669578333055874164170
0.06658116787532783464876
0.06669974234260128698182
0.06660140836540720532533
0.06641200048830478430695
0.06613072840874904823050
0.06593906179645803167233
0.06625764862748870220877
0.06639973104273365345218
0.06659269349912252944357
0.06669776348021118350662
0.06670232102243443816914
0.06659705986856007120522
0.06638269921680098328842
0.06640556307501806199145
0.06609192945978850652899
0.06661206797513104238551
0.06670912304975826212505
0.06669604129825071336946
0.06658457968420629369266
0.06648300396996714711761
0.06663344411397523203711
0.06669320458082314551085
0.06671472078856655052448
0.06662794800281977847245
0.06643105163883929187296
0.06612580187262696862494
0.06570412356845052592735
0.06575105049651659705479
0.06520516522642136325594
0.06615778383185398625610
0.06645463404482024327713
0.06664225501018168629219
0.06671994857643306908734
0.06671283338628333781095
0.06671452846318334795050
0.06665682102375887485568
0.06647734979724448378668
0.06619180783668994483282
0.06579367174779510163418
0.06526607027337262556532
0.06456983873741055368622
0.06465537603308364744681
0.06378397011951945916319
0.06532526567181222432179
0.06583747934636050014312
0.06622328788269296606650
0.06650080156217900995141
0.06663205545385823824756
0.06646445408728460235714
0.06625500540002790539340
0.06587941975638600400345
0.06538286401888207532984
0.06473480371768117191955
0.06389661175766818412836
0.06284421037677549726208
0.06298237929340702589975
0.06178715251913220046776
0.06400320464001135745136
0.06481460302694980191163
0.06543963735735400244486
0.06591942247193405268746
0.06621244497618988811283
0.06588086875207004033950
0.06549413859363970025207
0.06488678681953025106921
0.06410966649971294728516
0.06312322281477945884465
0.06195430363313041144391
0.06068042616293892188573
0.06085335929129159077133
0.06211402990979150717799
0.06325604033574191986666
0.06420927839050480367966
0.06496072727099241883586
0.06546542685110687265215
0.06495364050655332011086
0.06430517320459271102262
0.06338449981511196096307
0.06226783429219911319974
0.06102555011554867958612
0.05980170939430526355629
0.05996076905946290391825
0.05893123916274165680074
0.06119656659127045011948
0.06242216383794838702181
0.06350771153871669072455
0.06432948805693020077889
0.06358055868595918758146
0.06257660281923758949230
0.06136572392317633101166
0.06012407394763910617463
0.05906039310232848171811
0.05838069785649536297401
0.05844581026086892450166
0.05824532391659370533787
0.05919037726513533270722
0.06029493894321023145233
0.06153765398263216085395
0.06270587334686686387109
0.06170422037174325829989
0.06046792896313388232521
0.05933600953670575134380
0.05852356914737412429961
0.05823721531354336677921
0.05856050591650951292477
0.05847565062888919473760
0.05927574186789377752582
0.05824169039869797614983
0.05861274858815379573684
0.05947934659560141779089
0.06064317233155034486680
0.05963949208892228154300
0.05871603834542993283208
0.05826095039622056215300
0.05840479789843601443611
0.05912882532830478904406
0.06027699582361650126883
0.06009855656131184165059
0.06142933289779783923024
0.05899606578433509718185
0.05834803758340102730617
0.05829436445377008529922
0.05882871549783316722504
0.05833991426088063619870
0.05830317069882298003369
0.05887235337116909772437
0.05992315268217581619714
0.06124041935384096774220
0.06260636069694203165170
0.06242780086010841361643
0.06371045253612815650879
0.06104730330028498158645
0.05974991853368876587593
0.05875542128483132731098
0.05827299805327949833167
0.05865194830986098645242
0.05958461088019362250634
0.06085843739943800484449
0.06224553114311658086333
0.06355618030058102219115
0.06468900169108812714391
0.06456065452800137383083
0.06552064830905032777331
0.06339409934660533707529
0.06205587925867047521811
0.06066665571058458411580
0.05942195130229207394867
0.06047662956024955904777
0.06186198724935020043514
0.06321977500212011547021
0.06442073879459755958443
0.06541667094080362565567
0.06621020559730000920595
0.06612707457060033877649
0.06676354208820295399462
0.06530909625441086441278
0.06428228222169474204151
0.06304567957959669732837
0.06166528404710400895761
0.06121908800673803857650
0.06238822269501063944031
0.06286019800180764338648
0.06413239039515429562588
0.06519261868651347879844
0.06604135673676060636073
0.06669909166887760809672
0.06719073004090216072459
0.06714230797786130411353
0.06749106418377238958417
0.06663351349911517118585
0.06594908960103650075180
0.06507183504950629637786
0.06397354265986211763195
0.06349634022066585892219
0.06450124551897637448228
0.06494353176929340554224
0.06585237071011858234204
0.06656152671619847138729
0.06708987869689121696926
0.06745480792395837366104
0.06766373235722679402304
0.06764203069228942599711
0.06770241349641847872221
0.06741709860893199679488
0.06703665778290081311841
0.06648814865542472529736
0.06575618348455787576246
0.06535600380683295740347
0.06606830529534811480286
0.06640970191969242097940
0.06697972587341342876055
0.06737875356692568651340
0.06761842193388399591125
0.06769561194289895611487
0.06759507644828671724113
0.06760600476641627498697
0.06732321950284032852085
0.06768732702124759248452
0.06759453981934583632896
0.06733867009301758299600
0.06691817792001177045424
0.06663948111159102849488
0.06707689485712728383326
0.06729586490071405580071
0.06756699079640313132522
0.06767706880600783680979
0.06761472244423956390325
0.06735614029891921761273
0.06686145720982943074784
0.06692255704484068035143
0.06618755304429417563039
0.06738805805893190170597
0.06762106248951590958818
0.06766505398510738733542
0.06753954795666299026902
0.06739181217601988849175
0.06758454844514776016506
0.06765252600117270531666
0.06762621007143870821565
0.06741424336977383524605
0.06698051126066682792182
0.06628596245953895238490
0.06528186822030812574980
0.06541762155802714751029
0.06415630401278388239561
0.06637520052442297258111
0.06703664458095871803156
0.06744004755407892459651
0.06762980278986784055117
0.06765538614830565733449
0.06759928128028019900242
0.06746161453848840972025
0.06708564109537809572181
0.06646085451435955471222
0.06554631171907099318474
0.06433097572966092747571
0.06284439568046003288249
0.06304235838468101593701
0.06142264895091730653176
0.06449403214734210354475
0.06567070944211372829358
0.06654185353986745432575
0.06713475062910218005285
0.06740592194725333885508
0.06706359077634242715771
0.06661949367115632680836
0.06578591952229111139427
0.06465197532546845815560
0.06324441551253826010459
0.06163303865530400660333
0.06184789564600075284506
0.06019448701339425583656
0.06343617884100805071057
0.06481162677122673243524
0.06589790426187701333216
0.06654772292925342780379
0.06584233487377429139276
0.06496216604167004415871
0.06362510423152289984472
0.06205993168720609631794
0.06040699613242501292421
0.05883125361262338259838
0.05902733526289934140596
0.05765678820929980019638
0.06062366993308559298681
0.06227444493952326992625
0.06380726546817733213501
0.06493890808640753742331
0.06383844196293701755973
0.06248932565391783489073
0.06084245847748266655675
0.05922262998876558909300
0.05781403750198646496194
0.05676970146414909990096
0.05688030362984407978244
0.05625573840364121031010
0.05798345029443403159108
0.05942743849022320140607
0.06107057061836346917305
0.06257659563397198476675
0.06122682416762138118971
0.05965033081086934529935
0.05815991195091740895151
0.05700206866991864435024
0.05630412983289829337297
0.05615338305706044780274
0.05613705766684137787870
0.05647436893794993001405
0.05636455883277795286812
0.05712965771848474427763
0.05834025883788906963190
0.05986410416609048296133
0.05854148031088890480333
0.05726744073824609204681
0.05643264008703358786123
0.05613141403328780060233
0.05639305195713030516291
0.05718894219569688880389
0.05705504154973620178914
0.05824249632225968198451
0.05632520847831688076690
0.05613631697482553833956
0.05651605975508350310221
0.05741786627128979414447
0.05660984585706158728202
0.05615288160353505003686
0.05626197166047852693538
0.05692224837708521195667
0.05806052475548346969436
0.05953260789943051745077
0.05932071308466357884015
0.06095664710547803871732
0.05788730764737628348149
0.05680526670420853185828
0.05621240333422714008371
0.05618131121223382540286
0.05617251516315979742444
0.05668792334656433395956
0.05771424216471147256025
0.05911872139218580374243
0.06073401349237757262944
0.06239837126427599800493
0.06218849764619721609549
0.06377250929329605910745
0.06051365567465330497221
0.05891117721956113523207
0.05754522796834266734622
0.05658899790194627660300
0.05738641589611052223896
0.05870427446971306778556
0.06028952718996136855845
0.06196704580450386468105
0.06357571234740423682386
0.06499817059036312738574
0.06482782135453725447238
0.06603241378196941790968
0.06338239746359665416353
0.06174896497517377846886
0.06006313505699407973015
0.05850386684128975472996
0.05983824789927059961681
0.06152102139660985818947
0.06317602006858021035374
0.06465378269165236724270
0.06589840050836348606111
0.06686026842717601725852
0.06675536986205782286063
0.06747583117883942938064
0.06576004638750400366209
0.06447450947350798211577
0.06295927887389794752604
0.06128919521238353901316
0.06074409810937810016984
0.06214913881901915765349
0.06273853268275772498974
0.06428984512050213429024
0.06560958922156448491769
0.06664463373492053588354
0.06739581030622383839290
0.06788399316690425788767
0.06782696190126991098168
0.06808733256887215812281
0.06731056112165208216158
0.06652891139690952915231
0.06545167799484057080672
0.06409591980755874329745
0.06349408658457225684835
0.06472779768737420280633
0.06528656723656960092494
0.06639839838480825207068
0.06722327744870942867195
0.06776762520699806946478
0.06805268880878558024339
0.06807352425807949858338
0.06806331342637426951026
0.06781332957852929943510
0.06801531140232722205674
0.06770516500416456917577
0.06713360223488203104569
0.06627192507063260629163
0.06578141693214642482523
0.06662876262199225740890
0.06703320657336872545606
0.06763991998076719636135
0.06797550410232951201284
0.06805014120926287934932
0.06783307388873036081200
0.06726034909488100288488
0.06731981740121614765648
0.06635722851040416758739
0.06784932917642939875780
0.06803357862850106796415
0.06793385673409021996427
0.06756839743513716467493
0.06726818896784519941079
0.06770220243974121865360
0.06788882780040733644356
0.06801481602778078339178
0.06786239909554395155489
0.06737639075368161145629
0.06646981517858333021742
0.06505628917269645761223
0.06522935768668329525877
0.06331506341435055862377
0.06657982566337750096608
0.06742722591293079381636
0.06787100345718223570746
0.06799408958385748380504
0.06793522731098622369217
0.06796948965944413223461
0.06787769303531461517753
0.06747046076512983048268
0.06668004166558245959795
0.06539953613392344988764
0.06355777186900801734026
0.06114954291871244757006
0.06144705564806114683751
0.05860322524787471565322
0.06379460275176224159921
0.06555575516958379866939
0.06676734250067499487624
0.06751195489190944809543
0.06779297697445450798792
0.06737662497698529429080
0.06685428550622175836171
0.06570599708952322426381
0.06401741232282502636064
0.06174669088049137416485
0.05895459564429506027494
0.05930945552467613290926
0.05614886538519360537070
0.06205275765387003455986
0.06423229572515876117933
0.06584710072869796870787
0.06668808739489714976223
0.06567214780421672115640
0.06443687017364709002099
0.06234237750951040352154
0.05965591682540195145323
0.05653734770404585108228
0.05314105412417746004961
0.05353850750018459420110
0.05004554490662416893487
0.05692855773180136719214
0.06000892184493696740466
0.06261814854088969262147
0.06427967238117458792512
0.06249513606253489367282
0.06035411738660245023480
0.05731833275507696584539
0.05395740378122682034956
0.05044123317383453208862
0.04696089831355943627900
0.04735261209444645291722
0.04389791849846001042801
0.05085680850883747550206
0.05436023552740924108528
0.05771559318908229402334
0.06031389301151109105792
0.05778812493152524210061
0.05477242399005172873716
0.05126057577590097807940
0.04773827971180027301967
0.04426549192001160565324
0.04084789977942433064628
0.04121546589914513308850
0.03775388541876480152926
0.04465309300525585611830
0.04813717266363028851606
0.05167918732311662516343
0.05498988829292252716874
0.05202026557423367059130
0.04853480477844269308507
0.04503701608228176389570
0.04158464454723685005400
0.03812759116581214413610
0.03448807868842784091212
0.03489560076140081623652
0.03105863977678193985077
0.03850357122869795672981
0.04196607265252211282913
0.04542764326949149528145
0.04895153646179419698603
0.04581470015834773756858
0.04234300002243434474236
0.03890286025299902195052
0.03532599102049207434595
0.03152779125792497250114
0.02747749067826565916306
0.02795854348299779343345
0.03197357545138329593115
0.03572945837778931932327
0.03927325091099295728547
0.04273347391055776212099
0.03966392750332559113957
0.03613353092195692450872
0.03241385109203161890568
0.02845950587836490811022
0.02434672178242153206540
0.02485804729512640365297
0.02894000758078794574568
0.03286334819601950674173
0.03655961605193332880637
0.03330668239129853241964
0.02942269291046948828661
0.02535153786616892168659
0.02179516558341171653113
0.02586645530029318615362
0.02991506626285686532007
0.02638126630404137584751
0.02227289899548618584690
0.01884981330328655557693
0.02278620579038937582483
0.02047901711575180264124
0.01932748167820546106310
0.01733614702127749679361
