0.28457644340532639581909
0.34368668381053507632217
0.32245698964956059917597
0.38344147235265457762665
0.36358934330154096814525
0.43965415140150276851472
0.42331655942928647640144
0.40568321850712474319067
0.46135447524115869022410
0.44626758230420654482984
0.47479208487534807492381
0.48646090025731802963804
0.51393467118609359456372
0.50566075908288588003359
0.49545622273724398976213
0.48324457522908209616830
0.52395010037199918340178
0.51497039128288246701004
0.53097344128697010479101
0.53617598256670662149048
0.53953248347661630912597
0.55298389595698849152683
0.55349812455811631117797
0.55271109117553940404122
0.55030257792136472172473
0.54636603445754394758893
0.54038226135934075422540
0.56213429191373587290315
0.56367670566139838062014
0.56374654009007596489056
0.56254469364251402652144
0.56036677793614919629306
0.56128943494945970904553
0.56459149075188952426885
0.56768647640713376656407
0.57011365563773230835665
0.57164858886274105831404
0.57202139569696519583175
0.57536524259093657640562
0.57702925051615061580179
0.57300588793820161903625
0.57010347751498446911000
0.56686647910619458734516
0.56355412349495903612251
0.56562535534815860938096
0.56837144822629492857402
0.57115711095784416073684
0.57387411152571388139876
0.57640076553474361986673
0.57860618974520428015040
0.57628363671087667885473
0.57842074849422753235473
0.57413151210747093156073
0.57204650483765817625681
0.57007333947366023441106
0.56824047069797689601955
0.57159208487904433759752
0.57253204137668944895267
0.57361398686866515994609
0.57489127580951193685621
0.57635850541067235042192
0.57799144408698799324497
0.57748987083764979910683
0.57841704214119848970199
0.57675472035605335197062
0.57623114109751494282818
0.57584296664177125890660
0.57557491470184596327186
0.57976060343112101325147
0.57975191473970311140107
0.57973935235838081059256
0.57979576309795366473310
0.57994910916981901038980
0.58020753205850761347051
0.58342219656148686102171
0.58321954612822146657436
0.58358446209343461941188
0.58368945808775363204290
0.58370052163047914106642
0.58365414781122715304207
0.58679158122530405972128
0.58718215239939053340379
0.58741358394853915303457
0.58743138171355968601972
0.58727231392648548968793
0.58688828317037822213109
0.59073672822667600001978
0.59044452837046879078997
0.59071885495551479383636
0.59036871715892247358681
0.58976514623919107371819
0.58895922038469872283883
0.59019559738646820701291
0.59131767082298614113256
0.59224890666664298244370
0.59290823537614101290671
0.59323859938856926543593
0.59319354159165960105327
0.59447838791249141277007
0.59471421873203633712279
0.59391174062423590651605
0.59305369031930299517086
0.59197132098279969802945
0.59074295408669919016376
0.59034782679736830246497
0.59060020375709332274283
0.59097812716668463028924
0.59206121944932632583658
0.59305594117170401524675
0.59390510556727482693873
0.59456242680432380698363
0.59499831029548355676440
0.59388158386779310582426
0.59435750265890185950468
0.59332013085006574115710
0.59268835546370157718599
0.59199659932815495988478
0.59126803244376591184306
0.59099920022718333001421
0.59175176720206112968015
0.59185747595064641668472
0.59213105420711797943767
0.59239816404420519990737
0.59267590168412931372899
0.59297817233362737354696
0.59332093847142608478151
0.59236680300943522770041
0.59244717671526525570869
0.59239194834898101227338
0.59249730745393758279960
0.59264515289526442654022
0.59279050007705125224788
0.59284546302412655105485
0.59408592436024121319349
0.59391359365019003035968
0.59350106486190523646940
0.59307383083848308480412
0.59267229507338281546680
0.59234665264236951998100
0.59213279994880563261717
0.59294896875613067876998
0.59250061433996503712507
0.59345301045752285595825
0.59398520551341893458641
0.59449809933504649261948
0.59496200948142252684647
0.59516325651491552850558
0.59577674868401342411772
0.59564652938986928365495
0.59532508492836033742179
0.59491855004874028001183
0.59445216179996296368415
0.59393255183159732180087
0.59337591192774463699777
0.59489893543548444387881
0.59438015794697118820977
0.59528659572220177231827
0.59555298686075774927673
0.59571870850165131727749
0.59578601386983098819883
0.59577919863197636995977
0.59520435179102848533006
0.59535509154024268685390
0.59553719114443148807680
0.59563677924090940862811
0.59561372338685047989060
0.59543319632024649390445
0.59506480957397300812772
0.59527422051939837821521
0.59508169995235538074496
0.59526182500000546227170
0.59509758689398462028208
0.59481938095155428847249
0.59449077959768326095968
0.59426637628397072088404
0.59326937922331746122495
0.59346596450081690043987
0.59376590528676198577074
0.59405850751107058815847
0.59426799504416882857782
0.59435985087049991726360
0.59428822162260930284106
0.59287137087907493260275
0.59279104181334341117093
0.59285073127528187253432
0.59277383462678812087177
0.59266225125683302810131
0.59256220615606824964061
0.59251514214668943303366
0.59217931263789846951795
0.59199032315558608452477
0.59176252148315355849917
0.59154965159513273054159
0.59134059884597911516124
0.59112783854096329072547
0.59088802118141270369733
0.58949282007371872627033
0.58899042656014688468247
0.59004722409628629353762
0.59062592465837193689282
0.59121126579480998142202
0.59179464900077771716269
0.59224403901484423684565
0.59250596938416033587771
0.59184871838040864489017
0.59098217226213489716713
0.59007430226361168301707
0.58915518083014051242685
0.58827168427007736628553
0.58745155163426898692336
0.58754669763486533362595
0.58866772870267158879187
0.58980055563831046416823
0.59089147663173691160665
0.59189547936303876785047
0.59265172213359473829541
0.59237187942223268333208
0.59164017217401898562912
0.59066832226115972837022
0.58958154878646296115363
0.58842460726205880749973
0.58725550845313279069160
0.58818207259998578351201
0.58717950126618834172376
0.58916265834036818382913
0.59006670835217001069850
0.59086353021298088084023
0.59147182981404611279430
0.58995927379738710705226
0.58951948361303219137142
0.58897110105661609757988
0.58836319934971215150910
0.58772344909713591931677
0.58706728848911660101351
0.58694280997627557017182
0.58674317438135514812814
0.58718200674347942324971
0.58744997785642616427992
0.58774787102452641374128
0.58804945900868732522326
0.58610185798185254757442
0.58587477049581671018075
0.58577501600938541859165
0.58578962175962678848862
0.58592448787770290419274
0.58617792123033263251841
0.58492639759789577524884
0.58552307006310178039143
0.58449933562893308103270
0.58429466150894859843845
0.58430527259341413781613
0.58454190656696125572012
0.58369235994217860685751
0.58341678554247955457157
0.58341781089224886702738
0.58370633770609892110315
0.58426142646935241842243
0.58504684494262126914776
0.58424175021516766559415
0.58503728071980376501671
0.58368306659418989212895
0.58339939801356011095379
0.58340866664831547705461
0.58370707798829868373502
0.58452672806323724419286
0.58429130436112075575039
0.58430362511883959797387
0.58455494708892197230909
0.58503000802256155399306
0.58570254562762980032886
0.58658599932184130043566
0.58707772421719728317413
0.58619905368679381396646
0.58595091159817891401929
0.58584810958446864592730
0.58589622895003556912741
0.58747994234105382904687
0.58771928529584882561210
0.58800605205553846399624
0.58833149968634501636444
0.58866669812730187949512
0.58900253336998786846124
0.59088709406671136026290
0.59115291614501197514642
0.59052127372734608545812
0.59005652337285297015512
0.58952411834213802599436
0.58894642236825012204804
0.59010043131163392171601
0.59097554958860909479768
0.59174565151481006708423
0.59237952411574545941164
0.59285460156072089521473
0.59316285072889418650277
0.59428632238024803324805
0.59470371257079401861034
0.59368576333184497340056
0.59289993225888792949263
0.59195552880180080101979
0.59089131228169922138704
0.59053457033737433157228
0.59104804718496528614935
0.59144421513977929460992
0.59253162286592131469121
0.59351478921911604569317
0.59436868541232823481835
0.59506912483928542378919
0.59561063878090036993740
0.59528699561561493336370
0.59588918808124846648866
0.59458108674111020963693
0.59378118623341780146774
0.59290747802170562508195
0.59197305108008113627704
0.59160188593437268433917
0.59240878955647335857293
0.59268174496762116021387
0.59333281658347780673779
0.59396886476281174349623
0.59458540049347841094374
0.59517387285147449471623
0.59572122135611571547287
0.59501389385623570937867
0.59537412379463439116023
0.59465956269005715295606
0.59432206113815944092948
0.59399933364077639463829
0.59368034341865205671951
0.59353234942612076441293
0.59489460194557630678958
0.59491103740290152135373
0.59493887775608988999210
0.59495270133167144077646
0.59498441320181627567365
0.59503572035776952642294
0.59510414084127416511905
0.59531888600823601453982
0.59505360514262695126320
0.59557472641483244490956
0.59581183760175104868750
0.59602294560799395917172
0.59617701168942016654029
0.59624749450586533860985
0.59727188162387578884704
0.59720135656993789119440
0.59698276941392491856675
0.59666203819386109952205
0.59625342971235573141797
0.59576169203190953993499
0.59520067815576094272245
0.59611612176518224970323
0.59536422918172948737237
0.59673023981780748403736
0.59719940690863126953047
0.59751658077847857875042
0.59768011757656547278117
0.59770260743760195154550
0.59739466210871672302574
0.59744220854016316657464
0.59737690281623900823149
0.59713293456291705041394
0.59670306667500361275103
0.59608229826331926570759
0.59527507603152163273563
0.59541544649683830758846
0.59467457393745826177422
0.59596171920024165746810
0.59631078511750679194137
0.59647891150938447957230
0.59647506469475153334514
0.59638580963516296673532
0.59492251171892651662176
0.59494960793282747335553
0.59491520411946430257899
0.59476103165809190986835
0.59447158350961748496388
0.59402852075849743584968
0.59341538424547879415627
0.59200562873430240262707
0.59153946949360547424845
0.59240435210269326571364
0.59272050669122544608314
0.59296997209447133148075
0.59318644979436963016184
0.59329540692458626605088
0.59186853104620706922390
0.59148685361905117829906
0.59099574156298484428618
0.59052639520022032204594
0.59009215642107348820389
0.58965862342774755244790
0.58791602210309867881932
0.58737502974091737595330
0.58857464693602368210890
0.58932612670312201075262
0.59014344463259738038374
0.59082921075050898185310
0.59021386562511191087310
0.58925996015591275423162
0.58814680207705627434933
0.58712232208408676736866
0.58624011829786204508252
0.58552223922382085063987
0.58523616059612559858749
0.58435503871003513509663
0.58628813530610668358634
0.58747793308466556005953
0.58874651100981623130792
0.58985803539281922436288
0.58948052233759762330578
0.58838650158240191068160
0.58715173553215493917889
0.58596286568875066702589
0.58487624812225591508508
0.58393171043966141109394
0.58495834170515093042297
0.58410771936759398048622
0.58589851555514138592429
0.58689280987113101595298
0.58790060705187163758723
0.58879759653456276158323
0.58764896901898744374648
0.58707188824477396504875
0.58643977610052433480092
0.58580047146018909831611
0.58517954736349409028406
0.58459736214942181753429
0.58526115914033571829833
0.58508262353898110585959
0.58544715725053164678826
0.58564139572555418133959
0.58583471526813313268178
0.58604412155416940599650
0.58423949683736475790852
0.58434645755605230110774
0.58453424202050285884980
0.58478136890591014829255
0.58505357686415726536922
0.58533476205968837380311
0.58458637959864523381270
0.58528431053549734297548
0.58392508546794408275105
0.58335666948941433673781
0.58290298020642106191502
0.58259913460941648022384
0.58154816597137870548551
0.58188811922893435291115
0.58244643327321765635674
0.58318791504137446057854
0.58407192780804118026339
0.58504670222493815323617
0.58381708127467946134459
0.58487808757105486101580
0.58288826421009509726190
0.58214878552633408936856
0.58163157764534223481689
0.58136368669332483261059
0.58213036721132438433557
0.58229571279299729980039
0.58269879027186499698132
0.58331211456018805527890
0.58411791450500916145216
0.58507803657825352416921
0.58514838067602459314998
0.58587883178110788939819
0.58454756575838839882664
0.58410899616428779701494
0.58382200273177087268550
0.58371339055234472414924
0.58572862369886657951668
0.58591393313672524012503
0.58616031940614155004710
0.58647448694371517863289
0.58686888419084859425112
0.58734375144821360237302
0.58905709261955141453626
0.58933689718728199391506
0.58879296307190576165169
0.58849214608307631735329
0.58815052203459106117123
0.58777936556062981843240
0.58947585025570214956048
0.59013303279905648945913
0.59066412582476102155482
0.59104978871604652024274
0.59135684669778221245195
0.59156857903145909638454
0.59336294427272151530417
0.59365300500356732449347
0.59292940396096915911528
0.59232390179038918454069
0.59156202139881752799511
0.59062898182018364057200
0.59029620671559857036925
0.59081288909793161501227
0.59125155128591100339719
0.59237479433076756230037
0.59334756287600942670224
0.59415054963804136978212
0.59478420293125322526606
0.59524817361740889332111
0.59551288048755168791359
0.59615402485640267560285
0.59471323292971733920353
0.59378052073698273094493
0.59272435641424003893718
0.59157032175729662437647
0.59109069126776114799782
0.59148461196196588929297
0.59191330015556054000569
0.59291068741198738045739
0.59387980250165595119682
0.59479388749021488980162
0.59563091590646266570985
0.59635091176839827298295
0.59537448481502652786190
0.59599998072041016072831
0.59468201053167357716944
0.59397021009013906134300
0.59326321395093550847832
0.59257441012387124246175
0.59227797733679832248299
0.59355158604640390063167
0.59367953344194679399237
0.59398315387622291350311
0.59431325691184733184258
0.59466827596069948835833
0.59503230698224707229116
0.59537135093062543145237
0.59483350920672872774730
0.59473232984781876364622
0.59491562530253894180987
0.59498984211181771275534
0.59506002522372292151687
0.59510362024054286322894
0.59513121991184758652338
0.59660544404743820479098
0.59650058205967082525234
0.59622457285589014475136
0.59584401335330161586512
0.59537304077296460125268
0.59483443045099060331182
0.59424302099048154079952
0.59488572383884641414653
0.59387500353951183651446
0.59577610306310868626412
0.59651195190806238777270
0.59705270976292035278732
0.59736588951564018046270
0.59744223445710820108445
0.59719227928437934593831
0.59724363690437942686629
0.59704644318869115604542
0.59653312419550441614291
0.59572277783546923046742
0.59466745992848968338507
0.59341665724671188719697
0.59378659043596149214039
0.59252859948670022482986
0.59479788092697671864073
0.59550000486593224202636
0.59585613518955082845707
0.59585281528151801122561
0.59563424597164182916487
0.59288143963517869750035
0.59322895409451803505618
0.59339383091420427884799
0.59322345101591256177898
0.59272051391110536222584
0.59193034035279412652386
0.58950293598877689937865
0.58896176312213177617139
0.58982725399087709838852
0.58988193764790708417678
0.58972778200120812286400
0.58945568107514445532757
0.58601523006042044450226
0.58597779978592845484542
0.58590389429079070549022
0.58568010497555123006208
0.58540021470735870146029
0.58500840628538575138862
0.58093130867257170013573
0.58045858624270796344291
0.58146513197342353240771
0.58206008949437315624920
0.58273074326662632760332
0.58327120841141444351763
0.58169760051599128658495
0.58044508938218675186960
0.57903439042651771995196
0.57779915238614343309109
0.57673667378368165259417
0.57588426358019229045482
0.57334439046439111820064
0.57180546853138924934257
0.57511925236827698970643
0.57712449516676533889381
0.57929842213920057503174
0.58123530793657418591636
0.58123188235703870940796
0.57887073307518510656422
0.57615406981733263691581
0.57346841112798840889297
0.57091532647567166947056
0.56859937036571828183895
0.56925632816979065964347
0.56624789247264772917845
0.57236317101597533607560
0.57539888713579567802725
0.57820495847765962516007
0.58048826158094746219263
0.57746767458953418561407
0.57595159229446224458115
0.57368932386112481136564
0.57084087323808740954689
0.56763926582274037979658
0.56425398340926058438072
0.56496408471438841480960
0.56178919389930281891310
0.56764846381353950555138
0.56961102924229345401130
0.57065730007370130127953
0.57053941267588237362673
0.55854685333396247859383
0.56089016077402598092760
0.56184461747133440656654
0.56147314853939200851585
0.56005311787970690762251
0.55773566457301348986419
0.55160280557867091832946
0.55111726531802673889615
0.54917133385987781935000
0.54571388594666636606689
0.54067191226214506016845
0.51656853504893174289236
0.52465401524985522119238
0.53107633010811694518338
0.53583661750637345821957
0.53888053850808759204227
0.51539697565113795629799
0.50753006132398015282092
0.49793115697539053199350
0.48675846387080046184792
0.45190255250537819664558
0.46626037267662912011446
0.47899599282892085794217
0.44671178783307785575829
0.43105076097989764027929
0.41401877223082012013933
0.37478655711437164343991
0.39369020275741856140783
0.35647661469266173073223
0.33602428997844846492171
0.29332017396401027786723
0.30031234351999736009731
0.26180430330242604464175
0.28462364046036325859745
0.34374788083629748136616
0.32251036902939023143233
0.38350964304274681726525
0.36364941783750942549958
0.43973413887692580637179
0.42339170257239888695011
0.40575012189492642988853
0.46143623964409158366706
0.44634104078435321572016
0.47487835921120419291341
0.48655082077097494552831
0.51402964893640723520463
0.50575252944005699706764
0.49554388532858417715232
0.48332396921744802398280
0.52404264760018315350010
0.51505483407349650359919
0.53106968884548744203045
0.53627504935932535090615
0.53963393043467222653931
0.55308559573273829990114
0.55360217764010211105585
0.55281318735308715428545
0.55040220985275489784527
0.54646237657886420624465
0.54047069946738479639947
0.56223324310341482590303
0.56377863535307015663278
0.56385064208607049707211
0.56265042178268953598774
0.56046993482418405729817
0.56138861751229318652889
0.56469552911646736514939
0.56779314450420681481546
0.57021889859980590120614
0.57175183312496180576545
0.57212190781292748820164
0.57546903046730257802466
0.57713045704316467965356
0.57311162827313899548187
0.57021057547607945092949
0.56697103956333205765361
0.56365364976317999801125
0.56572522560390858803459
0.56847638816853762744330
0.57126437721768885680262
0.57397997226816344085165
0.57650461570017419443701
0.57870748603045907287878
0.57638734211855868760921
0.57852182436002264065422
0.57423737609281311211618
0.57215390278159172776640
0.57017869465044990207048
0.56834092195342533759828
0.57169325198507126017944
0.57263795715990395418515
0.57372164318588325659931
0.57499723026165472372639
0.57646209679270410397578
0.57809225311988676754282
0.57759353746415398322966
0.57851772865009531976455
0.57686096716748713753020
0.57633925390476581362975
0.57594960027584407580292
0.57567690091168277621847
0.57986344202162531935585
0.57985937442443291622851
0.57984808534858633954912
0.57990251808070381045468
0.58005309250583370062060
0.58030833115718338799383
0.58352667752975162507312
0.58332066831737960921345
0.58369185708239190724100
0.58379888867595042256653
0.58380881479363400110572
0.58375778464559024971692
0.58689588793074032313513
0.58729119458794609709429
0.58752366601647054711322
0.58753941992416802708732
0.58737735531987911308249
0.58698983805892246401470
0.59084225874756679530719
0.59054648917998553425690
0.59082743244661350967561
0.59047930948906934833786
0.58987477034209467863235
0.58906401594020085799031
0.59030071483639057206005
0.59142768533167977551557
0.59235980572858781822987
0.59301714658135618041257
0.59334444667540742202050
0.59329576397706385026964
0.59458432847463416059952
0.59481648997930502975606
0.59402076439045603528655
0.59316469071375743649099
0.59208155341130774829139
0.59084826531349654565872
0.59045113068336529948965
0.59070343700665650654713
0.59108357874639727569388
0.59217156350861788194351
0.59316689043791814839324
0.59401404992899020651720
0.59466825294113556665820
0.59510041621536535760839
0.59398715719974692905936
0.59445928088947797007791
0.59342888518196112990211
0.59279918499386852204225
0.59210702789108715649036
0.59137362914023527959984
0.59110239134371889146990
0.59185497635789219295077
0.59196327093296130517075
0.59224160252354385303164
0.59250888795570555434011
0.59278445280043745579945
0.59308345327368128252488
0.59342231846332504918706
0.59247184722108481302882
0.59254818681323717655118
0.59250036193476796064772
0.59260799855611556719026
0.59275588491026964810260
0.59289654293855287292558
0.59294875276537228891982
0.59418932960315162805642
0.59401992319134111486534
0.59361204502997222398619
0.59318457329415630319147
0.59278066749019908687757
0.59245156428362077960514
0.59223353624914454318429
0.59305385522476716797513
0.59260119104329378458829
0.59356142743946516127096
0.59409605871850845737470
0.59460935353788046953127
0.59506860977238063004080
0.59526675486285085536764
0.59588026511124037032374
0.59575333467281765820189
0.59543658133939714183214
0.59502952260861841082829
0.59456066203807711456619
0.59403747834071063405048
0.59347641085895130874661
0.59500390028657257346367
0.59448059910480255396692
0.59539514713535202083960
0.59566402199101986525420
0.59583036093858454673722
0.59589291500852914484909
0.59588263314620393273913
0.59530761947958399371572
0.59546199214107287112085
0.59564888743967847606342
0.59574776815374952398940
0.59572222838769972597106
0.59553812449078213919762
0.59516513947658422623022
0.59537898687190171642669
0.59518180537176801347954
0.59537015393817804831400
0.59520841285734105152727
0.59493101800807157708562
0.59459759692549618570467
0.59436942913417489808836
0.59337221715121413190275
0.59357267207827946187138
0.59387742165732448906823
0.59416908247464839121221
0.59437602808966216727526
0.59446431928069798367176
0.59438796317678277425500
0.59297544228671883459469
0.59289030026203037859744
0.59295838992510840892436
0.59288411152473141640940
0.59277363144471473255237
0.59266881585834918499955
0.59261781884684294752219
0.59228191580293387819012
0.59209689615369787141219
0.59187379849865073833115
0.59165963938454024795277
0.59144786551432926291483
0.59123147072764947740353
0.59098673070745411095572
0.58959603039847530148165
0.58908859066949259553070
0.59015413133126159994646
0.59073567771920298952182
0.59132250212420345292230
0.59190125018064387862893
0.59234665542477249466913
0.59260864584140460209483
0.59195539615134407096519
0.59109342855932811566788
0.59018389013390093467137
0.58926179713498150203321
0.58837454310137482504928
0.58754922920547925091483
0.58764929095322748775487
0.58877412723284916484801
0.58991003195379398960085
0.59100277723782912442374
0.59200222428840032495856
0.59275445147643246457392
0.59247460341958890772673
0.59174693015547252805675
0.59077963667831168148581
0.58969092279904200548657
0.58853083097179759164419
0.58735791333352183052341
0.58828811653719192964473
0.58728175497336931876191
0.58927188933412288918134
0.59017795984724730207205
0.59097020367881536451193
0.59157445779966733034883
0.59006171522520445282822
0.58962597424570950543909
0.58908219583283583098421
0.58847221553548523242938
0.58782927007508423145055
0.58716938140294372416861
0.58704834774332026459120
0.58684506618593823557006
0.58729074038931183832091
0.58756083615606569114931
0.58785409812025579689987
0.58815165321789097951921
0.58620382710481722110529
0.58598071249242644764621
0.58588560090317010065064
0.58589803356370417919408
0.58602969964979467754063
0.58627957121301932374990
0.58503128581724950230125
0.58562446362755737894190
0.58460744330981029293071
0.58440500433299769067474
0.58441098010643643956286
0.58464373610437969652764
0.58379417451913517833617
0.58352238810914847100264
0.58352802391793534564357
0.58381422900687984789414
0.58436604440268913318590
0.58514800991013837805355
0.58434621059520619468231
0.58513829395790717402548
0.58379088755920149900192
0.58350964239230906915878
0.58351431857809865633158
0.58380902653140220870398
0.58462894844738377830851
0.58439716156935395119376
0.58441407146626100921338
0.58466286378650722532768
0.58513445550244658210914
0.58580352307469107930871
0.58669056907238170683883
0.58717878814576274226766
0.58630720516233625350111
0.58606169549721709444157
0.58595429032297940974416
0.58599881833053069080108
0.58758294340067973582364
0.58782584978795049401867
0.58811724628117778568281
0.58843997241775580775425
0.58877147731547485598469
0.58910377548549830439839
0.59099210313373029546113
0.59125437015883508529157
0.59063007946609580312014
0.59016812705404464445280
0.58963104966692148067864
0.58904981299022018959022
0.59020415489822430910039
0.59108278431326077839714
0.59185759608623433880581
0.59248860067366937443012
0.59295979375341012485023
0.59326448881680171609787
0.59439160210763142266899
0.59480545355532199458537
0.59379500807425633635006
0.59301210916370550307875
0.59206297514772765477886
0.59099530383369069941324
0.59063858432939742026946
0.59115231634339071575823
0.59154843604304152560047
0.59263920708317652241703
0.59362709138111513507141
0.59447798073540802921144
0.59517437331440203873711
0.59571237276384381154060
0.59539210743257842128884
0.59599080344530108721557
0.59469034424862809995460
0.59389354711452746471423
0.59301516267030762730172
0.59207749807520559937046
0.59170641489839459481459
0.59251361793422918644580
0.59278644754413256645620
0.59344061335944109369933
0.59408126826169405099165
0.59469458139711084410095
0.59527878880714069076419
0.59582263822048719958957
0.59511860630821444839711
0.59547531118208918421431
0.59476868219970135953645
0.59443453344916852287838
0.59410727622079717580306
0.59378534999224585888555
0.59363752432221517096878
0.59500016428849977767612
0.59501639171960574170583
0.59504701659698955307221
0.59506528949099690706248
0.59509351477231653415600
0.59514025955516702826031
0.59520511216708027468769
0.59542329271617422392637
0.59515439482123466685692
0.59568385445581251147473
0.59592458024414729500506
0.59613130586282492284766
0.59628272314672947640446
0.59635343407554763928147
0.59737812726832340004535
0.59730738175416642210536
0.59709133075800369105934
0.59677493490695021627346
0.59636260139945840297315
0.59586599159600539543646
0.59530131512112471892095
0.59622029893639816311435
0.59546471416304114221418
0.59683941911425864024210
0.59731239565864580054466
0.59762525766087282175221
0.59778635519592016045465
0.59780904066676832098182
0.59750114023967437759666
0.59754853358889536973919
0.59748557138629476703784
0.59724589394010452192418
0.59681215915537899618926
0.59618628615273028259480
0.59537536677845115384855
0.59551913053670502140591
0.59477458286365258999240
0.59607058958964087569399
0.59642356748294345081263
0.59658743225801991183488
0.59658135042466808872774
0.59649219675872788837268
0.59502870701951804388585
0.59505575328712734251013
0.59502345836745862417416
0.59487350119529724956635
0.59458009568700542768482
0.59413177246452220092721
0.59351499663624640579229
0.59210833817649577426323
0.59163857981797707275007
0.59251240174870423160769
0.59283256703799891429441
0.59307788582949882982831
0.59329240690547380143727
0.59340136265079757027507
0.59197426511970574480870
0.59159263242578408181771
0.59110330734719973566627
0.59063801077014910223539
0.59019969934511162801272
0.58976073779970417110263
0.58802308097916144991046
0.58747655891113359505340
0.58868585865021993974722
0.58943339925075088903128
0.59024911111110667238933
0.59093477994689269650053
0.59031932775172679672693
0.58936559633179363970612
0.58825387193585498835091
0.58723322246835807369791
0.58634678166334353033307
0.58562325493339517645808
0.58534255185296291124075
0.58445565947367628112374
0.58639883965968397916413
0.58758489107728073541637
0.58885218022079988120510
0.58996341571883714749447
0.58958580159557738564757
0.58849222691853775302206
0.58725864266055871620864
0.58607346574262253469101
0.58498248677764075331709
0.58403206550043895717295
0.58506450422963041102520
0.58420791125006032995515
0.58600905395728153379764
0.58699967366327754358934
0.58800636982744913794363
0.58890270498393659792669
0.58775381027461537364331
0.58717762633161252328051
0.58654656308573860368227
0.58591093806070437821631
0.58528565563634182833397
0.58469744139319423936740
0.58536718672190424239687
0.58518258697553227065669
0.58555750395603212155038
0.58574804556995230253591
0.58594035529246135673986
0.58614856673848525492332
0.58434370969529170203316
0.58445194869562899775417
0.58464069463422552175302
0.58489153392103920836576
0.58515947355862230061518
0.58543457060324266549856
0.58469209711521819006208
0.58538391303437287138678
0.58403502647061034114273
0.58346290753994123345905
0.58300832899809496012722
0.58270314122346256180407
0.58165207323722489807238
0.58199340187739956320456
0.58255250735039931786474
0.58329765023646806820778
0.58417745277647292745371
0.58514606521882761569486
0.58392245844787515896002
0.58497721957723403107821
0.58299787437994421424037
0.58225480949321473111979
0.58173693240794788206216
0.58146764092801106471597
0.58223453830273863562894
0.58240129755985181603251
0.58280491609831663879504
0.58342173415658393764716
0.58422324578929651917036
0.58517700095333358145666
0.58525379805444732728148
0.58597773159252330987812
0.58465734274988634400216
0.58421537811614010493599
0.58392797269902552148579
0.58381791962216544877862
0.58583359381876121130261
0.58602039222901192161430
0.58626707434484637282424
0.58658454328149123302438
0.58697450535920592251671
0.58744269720189246086761
0.58916299835248897576179
0.58943597388476087761688
0.58890336979362856162368
0.58859932582294405278844
0.58825749599561349967303
0.58788477617540735309376
0.58958163585151113217364
0.59024047022986325661265
0.59077170199921158477707
0.59116053409832780562994
0.59146305718110336879789
0.59166782449816568423273
0.59346940646578238975906
0.59375239486241149222678
0.59304041046583988450180
0.59243177905445276731911
0.59166981978908816941498
0.59073503883087796761941
0.59040005280898499862019
0.59091666595072755985285
0.59135779060998661105231
0.59248283982793847890491
0.59345562109005067785716
0.59426168872856321989673
0.59489080685118167490799
0.59534762563455967399051
0.59561949770589472930027
0.59625342092186672804388
0.59482437924138220619596
0.59388865422214498490661
0.59283256307704912391188
0.59167668258166483674643
0.59119435920048135635341
0.59158818984647931760179
0.59201978571869051659604
0.59301902284355600958321
0.59398795391530112564027
0.59490494783689285007711
0.59573743568323500596762
0.59645013133453761433600
0.59548084063431427903623
0.59609893402216551638872
0.59479294723166031833017
0.59407837295482435191474
0.59337170563541152823461
0.59268107050094986920641
0.59238153799096215923470
0.59365522331984310611119
0.59378645326847556695782
0.59409186264642810382242
0.59442147529204159006611
0.59477910430491010007614
0.59513848228959453923181
0.59546999415387513732156
0.59493952470586330960600
0.59483066083521918265831
0.59502638683282083054138
0.59509817681820409429605
0.59516901686388379300041
0.59521085402367424066483
0.59523499632307663720354
0.59670934531272745715569
0.59660812605663027241576
0.59633386303394397831568
0.59595249922843207546208
0.59548377298442356497787
0.59494031838817695856392
0.59434106242478323967049
0.59499149354824010238474
0.59397277587026708900453
0.59588679610617301118936
0.59662055406284608682910
0.59716223034573656658353
0.59747363934888075842622
0.59754615943070221728561
0.59729605079536551848207
0.59735141728617346945640
0.59715603637928516000954
0.59664172348236099718832
0.59583334264787657374995
0.59477306311100419655702
0.59351414822915993241281
0.59389190597493668466456
0.59262573943906282636362
0.59490814854612095174957
0.59560840463195607874525
0.59596558174282099340502
0.59596039681050061442846
0.59573765322428895441220
0.59298428479406017910236
0.59333611490308091340751
0.59350289673963463332740
0.59333142926195892030705
0.59283026930943938381802
0.59203519123269521262642
0.58961196979162733278201
0.58906595268274652976714
0.58993460852693402340918
0.58999042495797315854844
0.58983435430337061156081
0.58955785703851226742245
0.58611675087855941157500
0.58608374016272357653889
0.58601170956066617190316
0.58578669528271343214243
0.58550836176442022651401
0.58511176269581277598064
0.58103849735097490292191
0.58056100328647353148170
0.58157094179996060567817
0.58216725413569481162313
0.58283614299909192180138
0.58337220987211546585627
0.58179829816308681333936
0.58055012306794717691361
0.57914105475214150420271
0.57790428567556217931411
0.57684295390572937201057
0.57598573378234618758142
0.57344991091748742650935
0.57190607999693554575060
0.57522388879632213587456
0.57723086150316316178532
0.57940329032119752827867
0.58133590209095986622856
0.58133246487894518761408
0.57897556546648432096447
0.57626030403515615674337
0.57357273573672173938576
0.57102026492637403265462
0.56869927858020752342583
0.56936082299435941678212
0.56634724604572117545587
0.57246728090245802000879
0.57550502390113689177298
0.57830971269893494124403
0.58058871762824704187977
0.57756761847472593007780
0.57605598495266563396910
0.57379518625441683354893
0.57094469304743999948926
0.56774332070286837037543
0.56435284317053779901130
0.56506750506092939811964
0.56188747492102153469062
0.56775169034533845557888
0.56971617781156647097873
0.57076077694049376365371
0.57063819441904450879832
0.55864370982849886893007
0.56099190862825976111594
0.56194836431433670131952
0.56157524094593380681317
0.56015549866967551118080
0.55783309050014284746766
0.55170349723117451112842
0.55121746099857349410200
0.54927276793321067049902
0.54581291990270952574349
0.54076581597512118904092
0.51665839571918426020858
0.52474926703159907592777
0.53117444456503104532885
0.53593401881732194436125
0.53897876395545418759525
0.51549064758969886934636
0.50762384756967182664056
0.49802159431500941932924
0.48684326825953716522122
0.45198140296473060528726
0.46634509077654551223446
0.47908452350745711623148
0.44679436237551128918710
0.43112910919953306709829
0.41409112038790180099213
0.37485214889119783387983
0.39376178668144051764344
0.35654145757612304423745
0.33608318489016197894159
0.29337110113196196437002
0.30036505490157289210984
0.26184977027142131156268
