0.00428141845739616559025
0.00413730874908904092818
0.00510173978001523913128
0.00494308791569321968884
0.00592570711459241769581
0.00478339354237109198181
0.00577149196120163056334
0.00667208552895864979299
0.00654007603002438198808
0.00728224907860726151237
0.00561880283774431662364
0.00463072602500365446826
0.00546099923625973510122
0.00640576337507813529937
0.00718217733745033122539
0.00773450272131652807883
0.00766382056958728533069
0.00804621762381899779948
0.00707239699285372360599
0.00626312784550385557442
0.00529811587093425521294
0.00513869687886354172685
0.00611595759473118269489
0.00695962263221789993739
0.00758660453441219531645
0.00800129237139550301972
0.00827130892675045220619
0.00823558867901367716580
0.00795004433509302610439
0.00750533387646174984797
0.00683604443618948676153
0.00596295101084132455477
0.00586359217521343397544
0.00670790258844349614881
0.00741516228087847704270
0.00789558924600233802416
0.00820061963091994923503
0.00844433818623794435476
0.00840673356425310040752
0.00870434001249320576932
0.00816247185211099561541
0.00783389241734632098269
0.00731768001818015011162
0.00659549683175290283460
0.00721418274412640413151
0.00776819494538461257499
0.00812123775434509150017
0.00837077381171847170749
0.00865123536808527250630
0.00906788602618555442114
0.00899111976940164536742
0.00954864645731458294708
0.00860066358318528102755
0.00833576475417864212747
0.00807856758451203256499
0.00769649061707563825890
0.00803084208588584862187
0.00830053219337598298389
0.00855452109157040126164
0.00891926881007748702246
0.00944905992669336364242
0.01011466697244944694389
0.01000244478503656275770
0.01071908857291553433810
0.00935254087443223094955
0.00885085796746942418678
0.00851072487389408806335
0.00826467783527417773626
0.00847062814910591599382
0.00878630017426260123692
0.00926058742920286316613
0.00989113305365053527285
0.01060426852059723028254
0.01131183080607640195625
0.01119944098788512414078
0.01185231178535817338215
0.01048703033090139270789
0.00978174717187377251726
0.00917111868703359388311
0.00872758730848843811145
0.00908875557989708392215
0.00967220537998965922133
0.01037004351126105151926
0.01108544730871975809994
0.01175235222994704988031
0.01232834162325409550764
0.01224126609250757863334
0.01274090662089042043370
0.01165270810595881410821
0.01097281085504608032222
0.01025031776302317426675
0.00956507540413813715785
0.01013150444715690823294
0.01085421110230450937595
0.01154534588776227020668
0.01215270660740180863613
0.01266667141635797154409
0.01310092913973810897776
0.01303410254127233477983
0.01342127647662109089788
0.01258952246824129525549
0.01205923579971809531108
0.01143497857779209904427
0.01073567702785835006885
0.01051695389063403429653
0.01109350533209310825378
0.01132478230043446054687
0.01196377596959976620516
0.01251028710385227414592
0.01296812666848704345690
0.01336334591296526805304
0.01371798124086548616163
0.01366330511036793066149
0.01399653529106897886791
0.01330327596400898010343
0.01289872795628841523063
0.01242663776753362252225
0.01186286856055850102987
0.01163418945906593768291
0.01211860043088767643904
0.01234022407477798621844
0.01282726160547260560452
0.01324122308445613120653
0.01360779403284541333452
0.01394587714158209562632
0.01425950001598909507028
0.01421045183180925583488
0.01450371464015219082067
0.01389331947148087983979
0.01355008755203288353663
0.01317719492496392981462
0.01275276718570062146896
0.01254146474279917850003
0.01291211526235523827932
0.01311195044412605259510
0.01349109244881531964599
0.01383897188641167175227
0.01416159399907838088717
0.01445821999621565989713
0.01472580745835841767311
0.01468441334665551711858
0.01492259889765996071220
0.01441285500304066713451
0.01411188762896388622370
0.01378425410730184028085
0.01343361002520558275530
0.01324173755161642956901
0.01353946422984045848403
0.01372937790723408914284
0.01405927120295621078616
0.01436520748907063604882
0.01464329287187803724235
0.01488613457814088984754
0.01509537833887931654320
0.01506369164551577509437
0.01524703140174276869145
0.01484962943150706059237
0.01459952796629089728786
0.01431848357975400685971
0.01400706396384162992497
0.01381793247008189506886
0.01408020786374892738269
0.01426802059893307605964
0.01455630363843555055703
0.01481036626058170914411
0.01502966824219031244381
0.01521837167481124991619
0.01537707177844562997371
0.01535225967219684857501
0.01547727769419706723986
0.01518937888638065628055
0.01499571787561282919243
0.01477123744476856528896
0.01451113924135910560054
0.01432586411185730011775
0.01455420149477004536365
0.01473021629392364667543
0.01496130587766280120587
0.01515811385340787471876
0.01532716738586468660510
0.01546008318771443373896
0.01553163470030136106281
0.01552499943921131428382
0.01551495199092478398384
0.01544083333522792284009
0.01530041763855040544418
0.01512715487280060812358
0.01492487135914848626894
0.01476040832873703155526
0.01494333234664569666494
0.01509488189952472476929
0.01527301659965751672032
0.01541976848719408231536
0.01551571290802006113096
0.01552443047841548830201
0.01540585490877660092279
0.01543456516674481492080
0.01519749892227490600805
0.01553032506163944982680
0.01550380407125698592474
0.01539690329430385383469
0.01524489088439098978534
0.01510531766749102430825
0.01524730507489497656481
0.01537271814053486028440
0.01548991331646053584703
0.01553282491856812670694
0.01546017700048255873180
0.01524658116971136512241
0.01490887448738988443897
0.01497059520578599735308
0.01529150505826706515911
0.01548146098240904197652
0.01553172259854695286263
0.01547322755217363753066
0.01536967589573305127681
0.01546719682633238175662
0.01552748158648150494932
0.01549872533158025596223
0.01533246840129985633094
0.01503069382582938005866
0.01465602816556217311006
0.01471806562335887212656
0.01437928551855929132364
0.01508851325499634132843
0.01537018698579876822830
0.01551204185591507911379
0.01552384355408887792183
0.01551908245077004283585
0.01540465265121216884014
0.01514386727433881044136
0.01478113660951430215207
0.01442865856236402906376
0.01422896068926110535457
0.01424501886295035865682
0.01427260277918048110568
0.01447997424638936513064
0.01484608159849424777188
0.01519773112373350339166
0.01543189104886611220935
0.01524741555055638200789
0.01491074534422632928699
0.01453829078300214287800
0.01426908344169475900687
0.01424710739536935028005
0.01453268825629786160925
0.01446310904269219703433
0.01496903747908571134795
0.01422955426524881265837
0.01430046091641935974981
0.01459695473624604035445
0.01497461384656005763116
0.01466150210491112479416
0.01433954782136873107312
0.01422071883815925405492
0.01440257084698976126902
0.01486859397489736188402
0.01550226342567691088792
0.01539180976455877154774
0.01604863983771818644608
0.01477557335669975845105
0.01435073065610759264488
0.01422153107328431170808
0.01438441154597987388375
0.01423109840283096755309
0.01430666178423728625291
0.01468759604069079342803
0.01528176782707874048484
0.01594227330561145614118
0.01654181557815333908357
0.01645063180700387026056
0.01694416171202489315717
0.01583195255603995696414
0.01517211885292649338475
0.01460404271006353164875
0.01427203308727094041575
0.01452833904970576503479
0.01506614852736767005970
0.01572221549354957392808
0.01635575130955128561605
0.01687345984401727311264
0.01724896711033141807889
0.01719712014946339281862
0.01746713683642904871296
0.01679770411678402700084
0.01625578453321979005564
0.01560987905109763665412
0.01496113667615934193778
0.01549725567464115341676
0.01615218219469965674207
0.01671512261857374670448
0.01713952498837006954702
0.01743072494889838508492
0.01761763853191442366630
0.01759328236411063228761
0.01771572956255018996274
0.01739160507476441436259
0.01708012232546450917536
0.01663053817937106340641
0.01604554329305468013400
0.01583950281055444483935
0.01634367965214711740374
0.01653936850107706746371
0.01701531217716281338403
0.01734832344028966466531
0.01756672491941072000721
0.01770064665974230289081
0.01777208372883314763113
0.01776480867937675969803
0.01779386991288437261383
0.01768417952379155999587
0.01753709934174091725212
0.01730195890575573006154
0.01694502613167682761319
0.01677018945612231484721
0.01711016183631023507283
0.01725120180915875808814
0.01750495559595518363372
0.01766531999637347555288
0.01775588228402371487880
0.01779236294165331688788
0.01778782791287948292225
0.01779087597618249361187
0.01776154507072947794089
0.01778973585074861488153
0.01774537847857763153692
0.01764471584793231642707
0.01747114013021579606577
0.01736113063260319444581
0.01754121003649356316800
0.01762147004117715215488
0.01773328370561885747314
0.01778612442694619405481
0.01779333671079567566475
0.01776771056378503507722
0.01771837276800607152705
0.01772713088003879250421
0.01765278846088689027050
0.01777303821873388312014
0.01779481236807180927206
0.01778154660379099166745
0.01771926388028657525786
0.01766456476886646767555
0.01774305108173734879529
0.01777538414052406978705
0.01779568319878298623959
0.01777827264170471488480
0.01773537482237515228167
0.01766636826238038998627
0.01754669863583366642978
0.01756948748519165243165
0.01737392157978855447564
0.01767918351165107676559
0.01774322290697243759139
0.01778325560962029303069
0.01779568702999044169100
0.01778502319792180444424
0.01779627870259210820070
0.01778765714258684696447
0.01775099267599179742039
0.01769051058689522989975
0.01759061148321572343178
0.01741291335337548373818
0.01710760040012196045445
0.01716660056190735805792
0.01673505049322348767205
0.01744759311331788367849
0.01761017233191304598439
0.01770168765948923472742
0.01775830208147340105729
0.01778274419088350655205
0.01775132530852835746615
0.01771186796726263376622
0.01762731742893966155328
0.01747937059286084476861
0.01722112183812320174159
0.01681676056174061933968
0.01626299759722833401798
0.01636099984462088124948
0.01572410299965003310785
0.01689217940186032995697
0.01727211782942173270983
0.01750863550163402060367
0.01764379372103998602772
0.01770343232570071798082
0.01763446813945801494583
0.01753556273605226187295
0.01731856952914901867646
0.01696355803227067582384
0.01645869460320782684537
0.01583133916284303749356
0.01593971385617824754188
0.01527427544729942354707
0.01655124419529797191730
0.01703350913437850708276
0.01736175169012392840995
0.01752698783151133629654
0.01735845307806343010282
0.01709804342333490559391
0.01664106409392454924423
0.01604632239051122233331
0.01538299844741823976801
0.01474346692545255160800
0.01484318074046246313524
0.01429221023901717374516
0.01549386991575761249318
0.01615294794060516403444
0.01672633708105640895636
0.01710647626816553731888
0.01675673406352686661824
0.01625841972948570066104
0.01560586630850263785419
0.01494395016632928292755
0.01437116878653390932008
0.01395715643884694497079
0.01401202071955292768890
0.01376105037395873934014
0.01445677548322416537674
0.01504967938790820539130
0.01572120200043014212610
0.01631383171570453816113
0.01580714117605615254281
0.01516330324226511719332
0.01454733418157615025545
0.01407346802337430466401
0.01378750353373714779281
0.01370393501077494212426
0.01370324795401808154471
0.01377883930237873942592
0.01382032297027694679736
0.01413928150356574819924
0.01464090752870762963955
0.01527382138476787720727
0.01474432781161127102576
0.01421084297239247340450
0.01385797336602672541472
0.01370819448557043448989
0.01375320215080500646510
0.01396939654913330677855
0.01392355335402393340383
0.01425182145099547839640
0.01373278823154938828310
0.01371857890453361157601
0.01390361424487532825134
0.01428946385852675714234
0.01395522938672748639033
0.01373502269892519500605
0.01371624484763203297155
0.01387957844398903482774
0.01419020635385704297293
0.01458757644798242859852
0.01451817705737608842076
0.01493150830359116741641
0.01413150562587326374009
0.01384187179327039420029
0.01370562853662592867066
0.01375746760249000992526
0.01370020925130383156187
0.01380582877453736222184
0.01407402451458507341986
0.01445112179294329689261
0.01486454912421030644110
0.01523529407729866044785
0.01518107876051837806797
0.01546051819480781172600
0.01479706034542286642586
0.01438312434331960425193
0.01401858282359125067174
0.01377627056705223000665
0.01396733492386616724834
0.01431545557261312828778
0.01472751692846493987155
0.01512211771822671857457
0.01542326089840723168933
0.01558283010977464314029
0.01556680662622133420880
0.01560002283210690926518
0.01538349508915111754637
0.01506172193700401965022
0.01465640352671196931789
0.01425002865885949092373
0.01458530420625500471921
0.01499730943964009549640
0.01533846602934173589117
0.01554641364491623524435
0.01560356526458253449696
0.01552714652115463021820
0.01554629598998994582937
0.01539048136408986341972
0.01560385670673253809271
0.01552185575975309310415
0.01528850305632354668328
0.01493043384654888297569
0.01479902329235178830291
0.01511217996454163742248
0.01523476364844050627567
0.01549310021955710957309
0.01560052285998838467185
0.01556275502536403482212
0.01541920830345169281250
0.01521544786420002057237
0.01524966967893645608534
0.01501946897172609651783
0.01544693471614735913455
0.01557658623427904051595
0.01559293640866520058719
0.01545969604021168834762
0.01536447825335289160686
0.01553242105168175721253
0.01558088764097818185173
0.01558824278467683434324
0.01547303408771986792114
0.01528288316557663110984
0.01505589966960604528246
0.01480430821960466991616
0.01484490926542303412816
0.01455988838965911573442
0.01509204397475704013953
0.01531574512173874795529
0.01549727094253995109130
0.01559590396381838918460
0.01559982632364700222416
0.01557460023134864951500
0.01552040335425844928829
0.01534782149696560515917
0.01512870196869168550047
0.01488488450934635776157
0.01460626329671589444803
0.01426656443193754023047
0.01432320469387963340901
0.01390302386357977065812
0.01465187981459227864467
0.01492386404396885656032
0.01516456863408057430254
0.01538006288426661122282
0.01547433589286346250491
0.01532406688664508277731
0.01520103576568048592277
0.01496310806547269424416
0.01469716488041809474008
0.01437950128770337787643
0.01397495070945170038412
0.01345624820021009207527
0.01354421464489291397626
0.01291701681640331812739
0.01404634659645744368395
0.01443414481553802197755
0.01474009799777145288124
0.01500180025819169635226
0.01514490740377726941956
0.01494885508634580771614
0.01478355797114358320676
0.01448533149460104474393
0.01411412889035928985848
0.01363173957889103442287
0.01302319674702010626755
0.01229833446527407204985
0.01241627723472898958690
0.01162000635166888888594
0.01312801411818790078834
0.01371500149324215121760
0.01417711980926159888450
0.01453643700358722874733
0.01473414304389718439137
0.01448896579148636030998
0.01424068827622662798682
0.01379641158805453883540
0.01322849246072296640342
0.01253500419982460194201
0.01174774565655698280175
0.01187726786568275849643
0.01104686174557608334401
0.01265625765500987681689
0.01332672164402754280688
0.01387477240559450118729
0.01419770771861847413753
0.01384024398007866092641
0.01342220150625549751622
0.01277351650762134291361
0.01200531205246752400329
0.01117830128906935685529
0.01035351353694772234826
0.01047879896977218540377
0.00970902782348385777478
0.01131181791541123644873
0.01213530459694662187731
0.01288699867154423014948
0.01340117254829820657436
0.01288175521552255287094
0.01226388004744398060875
0.01144618132610416595674
0.01061095158446875852398
0.00982239936999810582530
0.00914105597060957397737
0.00924024657337657422118
0.00864749798968401581223
0.00994205711415670732867
0.01074060927975388490818
0.01158346084813696372229
0.01228553606193354304221
0.01163624710884954109591
0.01087377648218753982412
0.01006162549026121469375
0.00934155767452452684418
0.00873107467310069683408
0.00820384306215778645599
0.00828029160265564972976
0.00776360394138198798425
0.00881968181061614474314
0.00944772048862169665229
0.01018682914005557965664
0.01096067369704433608346
0.01029624561881305709610
0.00955589533918212337416
0.00890990354496150153973
0.00835836366984996949336
0.00784256506096896004177
0.00727064558177545859630
0.00736136538476917824669
0.00669607911295692394271
0.00792084770886478280183
0.00843953095758505356105
0.00900410845176182264571
0.00967030281543998330995
0.00910044199937965446467
0.00852121685724572738851
0.00800169713183600077311
0.00745403013914689490521
0.00680840774384453267104
0.00603354938781678912935
0.00615852319453005260519
0.00691456324935682629246
0.00754132305984165328405
0.00807873800100038404193
0.00860638423800421867305
0.00815913264683671562993
0.00762737340197001956188
0.00701722772649345741952
0.00628531096697146091784
0.00544404640848180319812
0.00558210727150941065505
0.00640668983301580750866
0.00711946344286356908732
0.00771506968697459067502
0.00721888837120849592710
0.00652653448755442441853
0.00571527255104597488311
0.00498398306925604966944
0.00585090876097354821439
0.00664588918109787051697
0.00598503490223678286802
0.00511826056855651297800
0.00439482663892537886441
0.00525958125403941986059
0.00478508876922944300508
0.00452944475043805857423
0.00411692327720232509325
0.00428212850764443479779
0.00413804541327586223459
0.00510258431435348623617
0.00494396672077028562914
0.00592668620906496284445
0.00478426378568382135864
0.00577251647030079494127
0.00667318588207334480178
0.00654123512909280183103
0.00728344781253908654661
0.00561982383426066611082
0.00463158198172869232934
0.00546200845886312888466
0.00640692595133672548879
0.00718344813108412385411
0.00773577347816452494389
0.00766517428687904164852
0.00804753702982755059203
0.00707367900773632658773
0.00626428507247738311503
0.00529911206098498781258
0.00513964193616863514874
0.00611710735895523109035
0.00696090823300676755231
0.00758797811351321922074
0.00800270328111720927189
0.00827266260323729352155
0.00823703838020501365180
0.00795148196530207941601
0.00750671984842665208915
0.00683732927039245545059
0.00596404873117880977851
0.00586462831007429716973
0.00670913869045997035556
0.00741655561698648449487
0.00789704679637777233470
0.00820210073982564728812
0.00844582197085247572688
0.00840825002117731937212
0.00870586667471268983720
0.00816397813831925243944
0.00783536409572188792538
0.00731902981863763370945
0.00659666164929375697240
0.00721545655305121796941
0.00776962923561609966616
0.00812276298188030140834
0.00837231794361663513027
0.00865279405050836496194
0.00906947352028319303541
0.00899273775485079883418
0.00955031501815779490516
0.00860224944808673022689
0.00833732974313426342117
0.00808006060282360182023
0.00769785120021221781067
0.00803226350052483294151
0.00830206776049876443713
0.00855612660314088342706
0.00892091264656659152510
0.00945075823267419075357
0.01011643109316547571586
0.01000424034145596177692
0.01072095447540995921676
0.00935426373681725459308
0.00885251855549201716045
0.00851230087024396411821
0.00826614226453961653540
0.00847213067557886154169
0.00878792874148824447456
0.00926232428269124774545
0.00989295425118710478052
0.01060616983987519926225
0.01131379601540926337078
0.01120144662740022063752
0.01185436682939570822437
0.01048896022232105075533
0.00978358105172815600836
0.00917282017621504769389
0.00872913701409549873389
0.00909037115967318253007
0.00967400153733482572049
0.01037198686919579490584
0.01108748611224494827476
0.01175445430960338731585
0.01233047493388526871794
0.01224345291907935097397
0.01274310680198391214357
0.01165484995573930378232
0.01097486637225273883867
0.01025222306351059042839
0.00956677733797333187948
0.01013330892469960914370
0.01085623053130189800963
0.01154750777709966959306
0.01215493895516452614591
0.01266893145925630792537
0.01310318678238044619311
0.01303642533592351722416
0.01342358450994506589848
0.01259183353409299918613
0.01206149291585843254249
0.01143710792639214719746
0.01073759087138190931876
0.01051879423361625279232
0.01109544441686013613313
0.01132680305746816551427
0.01196600570917724475073
0.01251262755611153368318
0.01297050552589015977312
0.01336572447066816486660
0.01372033535769260834125
0.01366573402765138695036
0.01399893208134445413138
0.01330571444343809500710
0.01290113996830223770662
0.01242895580052762356804
0.01186498721065413000653
0.01163622085622181313858
0.01212071409055719313497
0.01234242991937715624995
0.01282965641955318043810
0.01324369799135273299828
0.01361028637321901914314
0.01394835319026481966487
0.01426193653095118168972
0.01421297177893969532203
0.01450618748312221782670
0.01389586209971099307892
0.01355261901197711907341
0.01317965701865624061906
0.01275504851731715759422
0.01254364982593354077567
0.01291436273514145506580
0.01311429792119587871280
0.01349361519583209233220
0.01384155599946609339901
0.01416418351370689852897
0.01446078073113928920412
0.01472831269093474379495
0.01468701087766831510362
0.01492513201317325483020
0.01441548807666025340535
0.01411452128970125396989
0.01378683370257942873705
0.01343601696272959424017
0.01324404029530726334407
0.01354181673218079855203
0.01373183973399947840899
0.01406190432883828132782
0.01436788710152307919909
0.01464596559801671291079
0.01488876443385893019733
0.01509793502448874592814
0.01506634951631365994251
0.01524960792682326579661
0.01485233729533219117214
0.01460224991994647260329
0.01432116723037672907648
0.01400957724674914937901
0.01382033144498557783453
0.01408265078631576461277
0.01427058254447113871954
0.01455903376572553926949
0.01481312598492458623700
0.01503240625931518033298
0.01522105349017208869578
0.01537966441364728605035
0.01535496163042360945328
0.01547988131239019272967
0.01519214314102495209935
0.01499851056268385746106
0.01477400975586319435695
0.01451374659590515779628
0.01432834839913251119559
0.01455672434710019759463
0.01473286485786194643932
0.01496411580160151785779
0.01516093531599694253786
0.01532995374881658545707
0.01546280055891225899134
0.01553424144185652604200
0.01552772467606259969297
0.01551754986410323541857
0.01544363732132317777734
0.01530326406695677564362
0.01512999775913017978801
0.01492755655003060767660
0.01476296616525720785396
0.01494592149427594746092
0.01509759936441587742373
0.01527588859872229531955
0.01542263551962946149798
0.01551852740294679990074
0.01552715211765333565286
0.01540842850681350267861
0.01543726750781481554808
0.01520003181199472766516
0.01553313892160522804997
0.01550668507597379244811
0.01539980022948180850284
0.01524763698738837609803
0.01510793493233359395533
0.01524994731833978836577
0.01537548900571764250167
0.01549282940519994787587
0.01553570966613596233963
0.01546297475516271099916
0.01524924702220298994293
0.01491135342210600511770
0.01497320925506957257911
0.01529426891743798644363
0.01548433459518658295018
0.01553464817190754014564
0.01547601806939144508668
0.01537234006142835888997
0.01546987902354807729866
0.01553028343951302556181
0.01550164615352790133118
0.01533531275000124018126
0.01503340719065767404350
0.01465858383793156201336
0.01472071913393993569663
0.01438178953923609400267
0.01509131066465522336140
0.01537308489376241690816
0.01551484238243576452287
0.01552653715146197488384
0.01552177721778282004639
0.01540743534919027449281
0.01514672378443220925048
0.01478387534418153584359
0.01443125643544557017151
0.01423143509558916219859
0.01424758019517951938837
0.01427508124876670017600
0.01448265559280814337995
0.01484888319991114861984
0.01520047789581677535886
0.01543457288763917800711
0.01525006827267727863018
0.01491344159499022499482
0.01454103534403390629581
0.01427172416205357494134
0.01424966562170251922759
0.01453520833353892302564
0.01446570248869069770514
0.01497162958303603977339
0.01423218607086291706554
0.01430316147889239448976
0.01459959546137365969665
0.01497722247194974674878
0.01466405951113999850399
0.01434214333407971865564
0.01422340520390831183906
0.01440523293355820341755
0.01487125629790475057901
0.01550494400921758990364
0.01539456173080017142851
0.01605141079635903286760
0.01477830272533222841225
0.01435344243758112682541
0.01422410645180566257650
0.01438692384065953094874
0.01423358704057535624454
0.01430925368865424741893
0.01469037226812290250488
0.01528458900838442630077
0.01594511951495988441585
0.01654466744498595681678
0.01645356442524378848269
0.01694707860499029133949
0.01583487346660438291335
0.01517498735657091951667
0.01460668953111069791329
0.01427453203293290243114
0.01453088620092963731412
0.01506888025759997584707
0.01572518859893237697101
0.01635876686490222997605
0.01687646321790579190258
0.01725193199278214628567
0.01720017632499815790625
0.01747013456048837273804
0.01680079915299667256412
0.01625885914945310664614
0.01561271043268117053593
0.01496376308409936954635
0.01549997963781590132326
0.01615511305273044720399
0.01671828472815505006732
0.01714268094014386942248
0.01743381774482985827057
0.01762065730745913938460
0.01759639907453335039289
0.01771876034613181424837
0.01739480532568447868069
0.01708335389223569408812
0.01663355679642592940826
0.01604836714587146162536
0.01584229268295984233150
0.01634656289475924090260
0.01654228296603269671161
0.01701840159729137852418
0.01735160601417713374661
0.01756995517580946242209
0.01770377733564347869089
0.01777511931495873165332
0.01776794547532563328662
0.01779690425727024905012
0.01768742909204384580746
0.01754041788111963470764
0.01730510131360681394530
0.01694801589039153510985
0.01677315254431388166778
0.01711318952818110736280
0.01725424939216955652621
0.01750813590220969342970
0.01766866301026478319747
0.01775914271690553700167
0.01779549934479896650119
0.01779085615481334689547
0.01779400687535966085751
0.01776456375524055122939
0.01779300025592371603533
0.01774873670188024249450
0.01764792228007386679089
0.01747423032311887225454
0.01736420705645139173079
0.01754432267784892390816
0.01762459067639481069545
0.01773650699342658662583
0.01778949025667196301437
0.01779659945730889883397
0.01777083209811403108347
0.01772137904926936874395
0.01773023985921302198010
0.01765577848206789299268
0.01777629480261540967367
0.01779817959973829452625
0.01778477939103847299540
0.01772240578554428944158
0.01766770336288797649260
0.01774620730665141948856
0.01777853992856810380618
0.01779891934854277782407
0.01778163654064907409080
0.01773862210490969454346
0.01766946110686111112709
0.01754966545390234181068
0.01757255793533333068646
0.01737685394455614276699
0.01768241814625243560344
0.01774657988793026941465
0.01778649004874420860856
0.01779885021678447379334
0.01778819019087733710460
0.01779945067077328552108
0.01779082276387264696660
0.01775422175516750897262
0.01769385709843546150566
0.01759382750216760202266
0.01741595108623723159313
0.01711048266569248355040
0.01716958991911734372371
0.01673786490513984315243
0.01745078045345584485948
0.01761350301376512703100
0.01770490823164322727323
0.01776146643236539007793
0.01778591639454355638472
0.01775449397273794888141
0.01771502795802741905828
0.01763052500584139092865
0.01748267595879690952665
0.01722426531622789358522
0.01681968359399994492054
0.01626572755079408114098
0.01636383838265841744741
0.01572673750676008633254
0.01689526040506105983297
0.01727538332534077347713
0.01751182188226348829252
0.01764694532592773687507
0.01770659395967424942775
0.01763761844745940360335
0.01753869872518650646631
0.01732172165385703621610
0.01696676432965238748296
0.01646169416584429209816
0.01583408075347102206276
0.01594261645513101940952
0.01527691562180824233486
0.01655437157313395524216
0.01703660968286714594289
0.01736486036100507238111
0.01753011955799340174100
0.01736155477732113233680
0.01710110858731527655463
0.01664409354192327578081
0.01604935334509069444486
0.01538579728670015460412
0.01474601047103486599343
0.01484587908155359826934
0.01429467118727459178096
0.01549679549048228743846
0.01615588879289645007908
0.01672933915954770422996
0.01710953241457587384322
0.01675972676822370249772
0.01626134115430515406087
0.01560870777277030725660
0.01494677079755148303708
0.01437377916635087203578
0.01395955507732997598336
0.01401456367322839735579
0.01376341074818886178743
0.01445950292739219857074
0.01505241966804118057544
0.01572403021947612472564
0.01631674395945329272828
0.01580996128701967970431
0.01516603429637243712069
0.01454998312162415589899
0.01407612186117307775945
0.01379000351124283138549
0.01370628097802963941965
0.01370573041664063969336
0.01378119341190791290186
0.01382292780839540144444
0.01414185632895975479328
0.01464354759929844228272
0.01527654347500288604944
0.01474695777612447349092
0.01421340838748658651214
0.01386049706072156086079
0.01371077686985646207352
0.01375569147250102312874
0.01397177849758159291771
0.01392607126209354992397
0.01425424675911877471501
0.01373537377580295176793
0.01372107720805921908525
0.01390612700974321568059
0.01429201479453236396655
0.01395772276515931491214
0.01373750775867842166544
0.01371874276909446424555
0.01388219003584958456676
0.01419277007523514662346
0.01459005394264532677606
0.01452079751490369628752
0.01493403905796549836771
0.01413416296580946585060
0.01384439269544879454188
0.01370811107113023737114
0.01375992753338775402561
0.01370266082038584277980
0.01380833206361987627875
0.01407658774618205863027
0.01445383750569952455156
0.01486722956415352167592
0.01523787108540784057675
0.01518381370413738988556
0.01546312803054096171596
0.01479983918900507587624
0.01438574386385831072044
0.01402112730144452167058
0.01377873751313329203638
0.01396983800308173803706
0.01431805661955340772118
0.01473019916928055596250
0.01512495549182964714452
0.01542603669237516995916
0.01558545525664199044025
0.01556960537419388272695
0.01560264545598399540949
0.01538637971015050821821
0.01506446506106326466146
0.01465906923882144725912
0.01425258417921003439854
0.01458792161623755252731
0.01500003978414038083300
0.01534125958937429361206
0.01554932659960515765885
0.01560636775597498693280
0.01552975147562698186865
0.01554908535068490367526
0.01539305806695795419969
0.01560677803213549562356
0.01552468269684375949680
0.01529128903141359872853
0.01493311483545973171461
0.01480162674862348613780
0.01511483442805935939468
0.01523750111393526104897
0.01549592607581749652279
0.01560336398480734014516
0.01556566614116186575423
0.01542197192402525000865
0.01521799002437565148660
0.01525239990811575255258
0.01502197316671309047786
0.01544982161991485282437
0.01557942290732637277695
0.01559578304239139616427
0.01546247561078695036130
0.01536717294422111981800
0.01553514102578602146254
0.01558369066752028804512
0.01559109105457597704847
0.01547585189812765611717
0.01528573681240499339273
0.01505859221057847044389
0.01480677134740619391162
0.01484756113157909354627
0.01456230577734689453362
0.01509485938026590250149
0.01531853415775363304319
0.01550010498875182933520
0.01559871116503249582896
0.01560255399253865013498
0.01557731965777618167446
0.01552319854811173675813
0.01535063041903711629488
0.01513145676665698068086
0.01488765862358065912574
0.01460886960544917172189
0.01426892819472329841657
0.01432575750545724002638
0.01390532257331947817158
0.01465460772663212778155
0.01492658137227805340008
0.01516734620343702759360
0.01538283428764052399029
0.01547703425808758838367
0.01532673565136398984021
0.01520377639918813958420
0.01496585087545206776971
0.01469984082768287583787
0.01438217572788556657126
0.01397743845588235792055
0.01345846831847290377138
0.01354662281750298492844
0.01291914343590784206017
0.01404895638721276839023
0.01443677275004694345040
0.01474280187296811428510
0.01500450622337500157510
0.01514754187351059246114
0.01495145270094540984607
0.01478622587559506526556
0.01448799043051290230677
0.01411669840743031215102
0.01363426963227773805465
0.01302550948606198688573
0.01230035495729349566407
0.01241847944750927405788
0.01162191137315614179737
0.01313044791068487641972
0.01371749808840570274138
0.01417972388427204792627
0.01453906158800282420740
0.01473670103830838039316
0.01449147916798778322478
0.01424326074037376814452
0.01379894740168571484751
0.01323090033795634376523
0.01253732536523701271425
0.01174982660279092448741
0.01187946469643001365379
0.01104881599232301371549
0.01265856125331604221940
0.01332917264291248564401
0.01387727980841877394036
0.01420016877091186471849
0.01384264168495181329677
0.01342462817268927702252
0.01277586706175039797662
0.01200749697401986594569
0.01118036638946244207271
0.01035534275177168311854
0.01048073244016391181166
0.00971074090052841641663
0.01131387635731814431117
0.01213753888759053385649
0.01288932960244055896115
0.01340349317968208241181
0.01288398520808372443858
0.01226609927027891636109
0.01144828985521975997508
0.01061288230734103513186
0.00982420942786399638280
0.00914266661335232967700
0.00924194718145133868592
0.00864901955210641525118
0.00994386596146182993872
0.01074258882841180179346
0.01158555777951120017988
0.01228766234320375662359
0.01163826079063766220922
0.01087574571586348570751
0.01006348070794343615986
0.00934325707689880914641
0.00873267950878276605353
0.00820528456012878035231
0.00828181156889190063508
0.00776496615265753406532
0.00882128606394520960177
0.00944946319275788426673
0.01018867470789853665880
0.01096257050436262765747
0.01029802762437871666013
0.00955762736881653543475
0.00891154768028512046796
0.00835988382340106285506
0.00784400270620173520331
0.00727191944920901542360
0.00736271294824057242340
0.00669725056417381364726
0.00792228812067196329350
0.00844108887320631391671
0.00900574115842786744601
0.00967197710769704226130
0.00910202008705296092272
0.00852276264337557820649
0.00800317468590458318267
0.00745538551875309617178
0.00680965237812176851090
0.00603460335116710877568
0.00615964741146317069226
0.00691582036886145661014
0.00754271598693143693198
0.00808020410518608261929
0.00860787899209081164287
0.00816055199034238648581
0.00762875817811375749045
0.00701852415366612750885
0.00628645349268763461992
0.00544503874064783226217
0.00558312181422924210666
0.00640787374087473538681
0.00712075654270860960993
0.00771641384030946012734
0.00722014798096137083716
0.00652772035826762117572
0.00571632889158686825770
0.00498490435819875631757
0.00585197224206027415833
0.00664705054363444111654
0.00598608236490329789076
0.00511919121563551762083
0.00439562604509485463367
0.00526050310611591090404
0.00478591956955563141429
0.00453023976004692224134
0.00411763823843390615320
