0.99964403533121892753144
0.99970376957559703434697
0.99975674248359114315576
0.99978327888355777997020
0.99978744555352094813827
0.99977482398591788204101
0.99980479284900070080511
0.99979256690298079490731
0.99980629541862109377348
0.99979443613005058999477
0.99979994791332515990945
0.99977189362931595528750
0.99979940510322218294448
0.99980314493099575745561
0.99980423255362704804128
0.99979762339194944154031
0.99980319611874146623620
0.99980048970555168708074
0.99980132582995218104571
0.99980389595008611891558
0.99979705028495591268012
0.99979297713137971204134
0.99980381248394634141619
0.99980267891175067518361
0.99980049239922497150701
0.99980296969937365592074
0.99980147831557109050493
0.99980275574118682158087
0.99980121017945799977156
0.99980235677909823355236
0.99980370694860787317282
0.99980327077187514106527
0.99980284439394373485754
0.99980455102306486914188
0.99980359569218946180769
0.99980356824924254688369
0.99980247406289979306138
0.99980252581819950563613
0.99980362116811716255427
0.99980271078913551807688
0.99980505048906265219699
0.99980442327421237269647
0.99980432025500409753960
0.99980508165879089510497
0.99980466314927962656611
0.99980442035451144722202
0.99980521149017742565945
0.99980594971754088717830
0.99980465464182000090432
0.99980351696028435526387
0.99980572721990090823141
0.99980461606560389054010
0.99980632114726009085359
0.99980532496750129656249
0.99980454287551245862176
0.99980426098915753385654
0.99980422567132010147617
0.99980432211105574324961
0.99980502407195714908994
0.99980661951730676051397
0.99980680536573152128454
0.99980539996345185738136
0.99980760172868055057904
0.99980553578100828104880
0.99980710059091559838151
0.99980490554058087937506
0.99980399990415824706957
0.99980427405052874068048
0.99980437163648261389426
0.99980404441087278311073
0.99980527019469522809203
0.99980762548837720515849
0.99980792849151078893755
0.99980520411728734941903
0.99980788910308882044831
0.99980500372050162827264
0.99980790432316402061019
0.99980588960722160951633
0.99980463195013791199983
0.99980473841318640015885
0.99980546081818622017323
0.99980545703013745661991
0.99980632310219630376480
0.99980781457742717854842
0.99980786844384861300483
0.99980546436049344549701
0.99980822690221282655898
0.99980666863899181340258
0.99980754618523226540105
0.99980629473102788917771
0.99980602659011896804486
0.99980632631007027022463
0.99980695192634516654806
0.99980608077566157643190
0.99980592691262759608151
0.99980743324491561097034
0.99980901831176094418652
0.99980818738141885582138
0.99980992245116284689033
0.99980940083898084402847
0.99980763154012020077488
0.99980560211326008346333
0.99980576451160074746838
0.99980711610998462823829
0.99980750957876207696273
0.99980755417735955870029
0.99980692387840996993020
0.99980547203034475511885
0.99980561733666450940916
0.99980802130208767941610
0.99981050695474615874758
0.99980992629050524644896
0.99981050365010726288517
0.99980979272898340415310
0.99980828932814347353997
0.99980596701411172944063
0.99980552169254965910739
0.99980672517426938394891
0.99980745818604699337584
0.99980747334520270186431
0.99980677812528095937950
0.99980594754098739418424
0.99980636661291200084634
0.99980820540796511153303
0.99981000325028801523075
0.99980939342839791894590
0.99980937799261038190224
0.99980917623914966618770
0.99980779110214323956995
0.99980651870636116917979
0.99980646507854376014990
0.99980710709746667408382
0.99980771460326223198933
0.99980806486952200629048
0.99980747840708861229331
0.99980673138479569939108
0.99980635183376764807406
0.99980729683363867010826
0.99980900703059605305612
0.99980937567495542506180
0.99980904949966853401122
0.99980988357177980052626
0.99980701298133056731388
0.99980603613506913163178
0.99980662964961442007450
0.99980761440792786931553
0.99980830657288244367464
0.99980829223558476126499
0.99980742328322880219105
0.99980632517212209009472
0.99980584328250832193419
0.99980708257017858464621
0.99980936182780577592411
0.99981039649228009569271
0.99980964199358801636208
0.99981066840410559581898
0.99980739213740021931187
0.99980593865743339065943
0.99980610859486118702222
0.99980705619969956199355
0.99980806019102308468405
0.99980780511911726549101
0.99980678792207122729252
0.99980617177992459065905
0.99980626661773830399227
0.99980768370763839492099
0.99980968007342840842000
0.99981063807457259962064
0.99980948213931652990283
0.99981043506930433739655
0.99980776551792815975972
0.99980660119082331860341
0.99980646485612878482385
0.99980679139101302776993
0.99980771645236743427887
0.99980784150965285039803
0.99980699561532704322531
0.99980674451511342137877
0.99980673318109802849563
0.99980764466885918562156
0.99980922131042027078962
0.99981025042000826186239
0.99980910676123824210038
0.99981017843458608318485
0.99980748951056919171521
0.99980662457003988130566
0.99980678106552167694332
0.99980714555954230959856
0.99980803958685637855552
0.99980807806937654902413
0.99980700333380745359335
0.99980652084281718128267
0.99980642259430096974171
0.99980749242437227941593
0.99980919948803048669106
0.99981018585892056371733
0.99980941789681920806032
0.99981013597375445467463
0.99980768637554362499031
0.99980633532973950394762
0.99980611074434588836368
0.99980653967770127810155
0.99980782615934105095334
0.99980733581816549904175
0.99980595921798887104615
0.99980580308707633907517
0.99980643526468770954096
0.99980797682952071703255
0.99980956960511113695844
0.99980992262709156292999
0.99980952077390250476441
0.99980817701613555747997
0.99980664952942155387916
0.99980573953816742616141
0.99980555426749040393020
0.99980683898120004116095
0.99980661387217006907946
0.99980549690248965433170
0.99980587249160557394845
0.99980679971145203221994
0.99980815284637658546529
0.99980928948580849446870
0.99980791783437172881577
0.99980902214958722318272
0.99980673143177134498671
0.99980601065168828167629
0.99980572073266649191225
0.99980677364954173569345
0.99980720848290960400817
0.99980597410003413383350
0.99980593474784740237737
0.99980644199620882783819
0.99980763030465436003169
0.99980886847314442977819
0.99980744972297785899684
0.99980888970415526806335
0.99980605430061153526822
0.99980557540399084270888
0.99980599099150746500442
0.99980763683104056926965
0.99980780596222940115325
0.99980565933653464671949
0.99980504936391323411726
0.99980572940080081334457
0.99980744812188337977688
0.99980904569824013972124
0.99980757191931735050616
0.99980925139973353399370
0.99980555464249776242980
0.99980454635716364819586
0.99980508928342182173310
0.99980758839564964901570
0.99980709906752474047664
0.99980453658716039733179
0.99980422024882353859709
0.99980551649202464847832
0.99980770420807352216741
0.99980943265489485849429
0.99980777227794781492065
0.99980953720497589554128
0.99980552010073242552579
0.99980408749035742932421
0.99980421840062461136256
0.99980663718131135286882
0.99980644550279407223314
0.99980418946051019535304
0.99980408572553958190809
0.99980548960964887861280
0.99980775694549350873785
0.99980957717962970487946
0.99980770680352981649719
0.99980958251252982638135
0.99980540296806086342229
0.99980412033970766927382
0.99980435905113762551366
0.99980658127948518476558
0.99980692413583871491767
0.99980457049449555917420
0.99980412560903164642667
0.99980530401468281631594
0.99980766171829726918219
0.99980954564745949664228
0.99980762373438702983464
0.99980946148825577957098
0.99980523842846180659905
0.99980409176008244731548
0.99980471251363023377223
0.99980725789537827630227
0.99980743909444769190742
0.99980475385934364229712
0.99980405218095802499789
0.99980518285645092468883
0.99980755807599763773652
0.99980935081194188818188
0.99980743570601804393050
0.99980926131253045063829
0.99980508151893343615768
0.99980401594018675215381
0.99980473532270586201065
0.99980745631865042266639
0.99980759429275600780329
0.99980757469736269982263
0.99980739824855946462634
0.99980471361791711792932
0.99980395343755690262810
0.99980490115407139040116
0.99980726851407930588778
0.99980923993130133009544
0.99980711276960798628011
0.99980928788492706704716
0.99980466118815169984657
0.99980383181328247310660
0.99980471053641328804673
0.99980736825192728645106
0.99980757490994887071167
0.99980765671469495892154
0.99980741262635441923834
0.99980470290516521014723
0.99980367812822046325039
0.99980444215013752895516
0.99980701642544811402757
0.99980933901833990429253
0.99980697838711163338843
0.99980930690254798953731
0.99980430793155072866085
0.99980356887554522327122
0.99980468604911931773671
0.99980748206569258762499
0.99980778617201448987828
0.99980789166785211108390
0.99980749911069488611304
0.99980468772224162510298
0.99980356093004651985012
0.99980427612810851556446
0.99980694654801471887851
0.99980914384347352452664
0.99980684450339596391899
0.99980888708076176563111
0.99980429997004427455920
0.99980365848640317949503
0.99980473040799300310510
0.99980744404538723912879
0.99980788547364429774689
0.99980775050393710934316
0.99980732897814705850692
0.99980481565045120628810
0.99980379116632567271239
0.99980427934315396765186
0.99980666097658688062921
0.99980863129610353379206
0.99980644534528295697129
0.99980844785264288976379
0.99980414728100297505620
0.99980386035866375404879
0.99980490669893851141126
0.99980720032947090203379
0.99980754266746507674668
0.99980735873361670229542
0.99980708893560132910494
0.99980494458303970084501
0.99980380151492398432822
0.99980392321975386504818
0.99980625519502841491715
0.99980833341795027902066
0.99980610660687052604345
0.99980818668554560790795
0.99980369342379482588967
0.99980364950574351912138
0.99980489448364073812314
0.99980699821851437558706
0.99980725261141023541001
0.99980722191637749762805
0.99980691436364843571738
0.99980478770800362831039
0.99980350105720761089145
0.99980353102953012367493
0.99980595806986538587324
0.99980787788065283994143
0.99980574168918401323225
0.99980737492108884278963
0.99980344656063269148660
0.99980346025879873739228
0.99980471259179037879505
0.99980682226477290974742
0.99980723662004600260644
0.99980725358676503233823
0.99980673168205613787762
0.99980474571324473576084
0.99980354396345028078485
0.99980339253831873591594
0.99980545377371976556446
0.99980332027662210947483
0.99980515677356107673290
0.99980367917117618503653
0.99980486991502071081328
0.99980667356737840112402
0.99980722009063083266511
0.99980711513631570497296
0.99980662187778879257394
0.99980498668168271692025
0.99980377053200197856597
0.99980322740544236292948
0.99980497595483841521968
0.99980317692868447831955
0.99980501827021406313634
0.99980375706113966405297
0.99980498665403350067038
0.99980649819815359258257
0.99980693956648658549113
0.99980669958148704612455
0.99980623812134572503396
0.99980482550802951546842
0.99980366573339130020770
0.99980323908641077768067
0.99980524040343332625724
0.99980339913693394571226
0.99980545430218481506301
0.99980360089686137747833
0.99980455725065109362504
0.99980586409873473119347
0.99980642461222968275791
0.99980616118833065542049
0.99980546930523639392874
0.99980431783483869612184
0.99980362751454110448179
0.99980355875307258539664
0.99980544207550792190631
0.99980358698560201080596
0.99980511176115172133905
0.99980371536443224389501
0.99980422077881758724516
0.99980518286515174253282
0.99980598695654010477085
0.99980599119782653794175
0.99980508638712650704150
0.99980427413514161294472
0.99980376658224634489613
0.99980341534982897222505
0.99980458604813049472426
0.99980313264570730424907
0.99980413869963191686452
0.99980369222296150422125
0.99980434882501689752843
0.99980514951145915691910
0.99980614913574705759913
0.99980637952310758009844
0.99980522806564964266585
0.99980429353095479072522
0.99980351141022694161364
0.99980294373237788008169
0.99980403945537787979703
0.99980302821306366034548
0.99980435719021798490758
0.99980333007107080600662
0.99980407020196415679436
0.99980514730345693141800
0.99980654916603295401245
0.99980655832155940210271
0.99980486064768459009144
0.99980375733432602647355
0.99980328296574472179969
0.99980340324896577186564
0.99980489293629537517205
0.99980387385313806980491
0.99980530745210949294943
0.99980339527377004582576
0.99980351265703215624114
0.99980448692493040230289
0.99980642243791051360091
0.99980629062345327540129
0.99980424157094749393337
0.99980343840419938494790
0.99980355990936231602717
0.99980413503497667093711
0.99980533987551267749438
0.99980400945806380264003
0.99980497427272474464388
0.99980357117146934076146
0.99980349945802649003213
0.99980427525987780601469
0.99980636120009458434055
0.99980674540519420823159
0.99980454905969018408740
0.99980353969629998100999
0.99980329539615020451038
0.99980355750562199812492
0.99980444746878827100289
0.99980306172840205380936
0.99980409381253576572846
0.99980278541696465666178
0.99980340327761507701609
0.99980486871722218378267
0.99980734534441662031412
0.99980738604928687252027
0.99980793645151433413076
0.99980789129781744151160
0.99980500017842532933798
0.99980307081088448661887
0.99980229743567106126534
0.99980283863823593559772
0.99980408143147747601631
0.99980299953120588263289
0.99980432981610234399739
0.99980208150380578402405
0.99980270476447663519082
0.99980486506283583469923
0.99980812145496766873976
0.99980818233227919389350
0.99980801121569240486053
0.99980796187284426412845
0.99980460747016985934010
0.99980254718469097063860
0.99980220919007944946344
0.99980337820009257399079
0.99980455298448789314136
0.99980362276798229181907
0.99980449246794222961654
0.99980250954017990672185
0.99980271566636169655595
0.99980451109662238362574
0.99980763086027546471257
0.99980753991318338513850
0.99980708523498829087828
0.99980748880577696713345
0.99980478323346144708950
0.99980310904794400528317
0.99980265928583633705529
0.99980345408983350985466
0.99980411564125204471054
0.99980288430117303377642
0.99980360918700583727770
0.99980242269791641529508
0.99980345722805963326607
0.99980540441362908410383
0.99980781034227439452167
0.99980697547578523121103
0.99980731337615713627542
0.99980854655047646240007
0.99980610185218465879586
0.99980352543633421724678
0.99980185827936163267537
0.99980222047060518519856
0.99980320935261912662639
0.99980183091959473618004
0.99980301883742739299521
0.99980128079997454548788
0.99980331522254550780104
0.99980654115452016750254
0.99980932074192796488177
0.99980786388231757122469
0.99980816312550613300658
0.99980967444355794970789
0.99980654331477059049149
0.99980304535027786361212
0.99980105264005780796310
0.99980186461458242508371
0.99980292746182231056196
0.99980213805424233974861
0.99980268503013836056681
0.99980130174405978937813
0.99980300922362941307142
0.99980623653612521462009
0.99980935137561699477260
0.99980779914450856882269
0.99980670048885456058230
0.99980848169979397166429
0.99980593704372400232216
0.99980332318685682935211
0.99980178088840732097964
0.99980225126890498454912
0.99980203148946666935615
0.99980191366328485802484
0.99980380405782698360895
0.99980588347112231417668
0.99980752581553200553088
0.99980524507377810383701
0.99980399060121283305591
0.99980695031545940842932
0.99980606203847199875412
0.99980410162264354845263
0.99980175103526380819829
0.99980114331673142213930
0.99980103521472452055008
0.99980025132162153589377
0.99980395997701165811122
0.99980623873303564597137
0.99980689631366503888898
0.99980340898986996833742
0.99980355057950642816422
0.99980711128396315690026
0.99980614816536561573201
0.99980347351899978569634
0.99980031753152420748165
0.99979958473269470164979
0.99979999780981487766951
0.99979923589069519263006
0.99980301689052963887150
0.99980572861126448813707
0.99980715485655913266072
0.99980401323915879530091
0.99980423163239517947432
0.99980674232403454748663
0.99980514821077137721517
0.99980288830894514795489
0.99980007625874756094220
0.99979909002336686540957
0.99980019469174397084288
0.99979905836575566624447
0.99980296037811389187056
0.99980460721808706026081
0.99980595670572758315586
0.99980390232293814278819
0.99980321634187552248818
0.99980510981885317711715
0.99980403671368467399816
0.99980273264526609011682
0.99980001031655185705915
0.99979933253486297228818
0.99979969233954879559434
0.99979992900824055102049
0.99980186747383548162560
0.99980311755484063684918
0.99980442083638976225046
0.99980269400952193059595
0.99980281089287548201838
0.99980381251286964960912
0.99980169767303150862858
0.99980076021205810388182
0.99979975138712007254327
0.99979911024472101210847
0.99979952894543677732742
0.99980043748917291068778
0.99980030358037552673522
0.99980311120221565523991
0.99980314797598102138920
0.99980294168458849757286
0.99980253394751283924080
0.99980010162625754244203
0.99980098380514470512992
0.99979414013838630026498
0.99979821396545365264075
0.99980137056085260915950
0.99980290371003976979125
0.99980174645296115976123
0.99980029479468701669731
0.99980467717030785390619
0.99980030888285154055950
0.99978466570506219213144
0.99980500762975632600416
0.99980000780763789158812
0.99979965838846207581980
0.99979264016823499172659
0.99974133588680191842002
0.99978797292177778999189
0.99973626767444823126851
0.99973287612820616043763
0.99959766689174833764753
0.99966065418610272619304
0.99972063644538688986785
0.99977330586380908084010
0.99980017392361886230390
0.99980393677707601884919
0.99979169699967740392310
0.99982169544229426705328
0.99980898794637595994317
0.99982319733997160327021
0.99981079651762894133782
0.99981681054631921234943
0.99978802397086929953929
0.99981555893597073847445
0.99981999119641640216827
0.99982113071825529093672
0.99981393354662573269565
0.99982008896921770180199
0.99981675952905624260580
0.99981815589769995611391
0.99982006420768809729083
0.99981316973070066822515
0.99980935780959367953358
0.99981991991769969541082
0.99981885973604123218905
0.99981730707616156550444
0.99981985659901217999845
0.99981771681685283059693
0.99981963525090844502330
0.99981801048910601270592
0.99981855147206644129909
0.99981979966482792399063
0.99981967034824026363538
0.99981947054809294783695
0.99982096690812183314989
0.99981967411700523040707
0.99981977693331036682878
0.99981926208253457666331
0.99981939580618717222649
0.99982039958490598330343
0.99981956899820678685842
0.99982127267771270240360
0.99982048942189594153973
0.99982075241779588825608
0.99982171629791694034139
0.99982130558975945699984
0.99982086804939640511947
0.99982126696524986630976
0.99982218538996925349949
0.99982142514115723841428
0.99982036260261164528629
0.99982249122776167826743
0.99982144794484317795735
0.99982257053010303859963
0.99982137004999449558795
0.99982100640141235992076
0.99982091638259029675595
0.99982089417863773128659
0.99982080176156251649644
0.99982105908934204574479
0.99982288299627741778863
0.99982356433941954598765
0.99982221618622857395309
0.99982435865584817769047
0.99982233404991349701163
0.99982337793002518111507
0.99982093261350735158288
0.99982049546102214065968
0.99982095513934865493866
0.99982106679568472085151
0.99982055441769124293216
0.99982129185906831736474
0.99982391611319976210126
0.99982468558745596354242
0.99982198341171735211930
0.99982464682831184710210
0.99982176371515263380019
0.99982420799908733322070
0.99982190762745570822290
0.99982115573225649463041
0.99982144815470042065186
0.99982218506367848132044
0.99982199408199035062239
0.99982233799577813204706
0.99982413220137633658169
0.99982462791243853494905
0.99982220469238913818089
0.99982499054433926488628
0.99982338866814046696163
0.99982387711755027481786
0.99982230813181549589075
0.99982257648474415212547
0.99982306397592535240904
0.99982370365219952468294
0.99982264176904878105745
0.99982194100649401935499
0.99982377711054681856950
0.99982578779628272780400
0.99982488689487591937421
0.99982669903638066166707
0.99982608025027841502919
0.99982398818028683784576
0.99982161892877019493397
0.99982233467690750927659
0.99982388192482185562682
0.99982416591476686029694
0.99982421141928601304727
0.99982370344833160213938
0.99982205027870008073876
0.99982163749477548364553
0.99982439163079439570225
0.99982729118948554525304
0.99982658654276179710507
0.99982729617288890189286
0.99982643458719966389481
0.99982467334516356149976
0.99982199148086714490802
0.99982210850164776605453
0.99982351737886088205443
0.99982411547682981112217
0.99982413124794156100705
0.99982358318338238056810
0.99982254160835615230951
0.99982239726324317885542
0.99982460271947859453689
0.99982680598818340911293
0.99982601685590843931806
0.99982619247931514561145
0.99982578298454316545474
0.99982420092974344516534
0.99982255706818801144209
0.99982306485581928789941
0.99982392542758324882612
0.99982437357858078286199
0.99982472353961082678353
0.99982431019447348674589
0.99982333576951176734582
0.99982239842029863030604
0.99982371975705452982197
0.99982583289140469773315
0.99982596854506933237161
0.99982588758578272436495
0.99982646474830760841002
0.99982344974668857506828
0.99982209118848164308702
0.99982323841302855882418
0.99982445927273622121589
0.99982496414707167087244
0.99982494748134309592302
0.99982428029180037132306
0.99982293749494843826398
0.99982190739052845263046
0.99982353300142445817755
0.99982621412409822259093
0.99982696737862841729338
0.99982650964594366183036
0.99982723147382301931430
0.99982385594116607308024
0.99982201337815423958233
0.99982272360305468605901
0.99982392532175545785122
0.99982471302798403556267
0.99982445402453878902094
0.99982366951572321234210
0.99982278756669251684741
0.99982235284763032456823
0.99982416080917879686041
0.99982656323124585728834
0.99982719615935844448273
0.99982638084219610519199
0.99982699157989785021527
0.99982425697863142044497
0.99982269799432665902117
0.99982308085901505645410
0.99982368510280061890683
0.99982435887789433692774
0.99982447610807800852939
0.99982390002173249232698
0.99982336101752378176855
0.99982284048329483905349
0.99982415079019049120035
0.99982613669580533422021
0.99982680818368474540137
0.99982604030077171231028
0.99982673975008207190029
0.99982401006955867739379
0.99982274313592678360862
0.99982339693274036029891
0.99982406018545477710546
0.99982466563034833040291
0.99982469460809064720763
0.99982392788338447786600
0.99982313415079759888471
0.99982255260413654962548
0.99982402711245277338037
0.99982615215568282351910
0.99982675462672621069515
0.99982638930098111096356
0.99982671708812786981468
0.99982423648834561902277
0.99982247598130402632677
0.99982272101093672134198
0.99982347321892028890744
0.99982443015733468705264
0.99982392640670147976323
0.99982290043153210223892
0.99982241016787420928580
0.99982258606801177602819
0.99982454306676371569296
0.99982655993077695910642
0.99982652018101836333130
0.99982653123530773608962
0.99982475935298897873338
0.99982281013194640451047
0.99982234312612305870971
0.99982250219833568305461
0.99982341567864996267900
0.99982317591771041609405
0.99982245146898640619781
0.99982247115604228060448
0.99982297027662137001158
0.99982475046075136582147
0.99982632062565923725117
0.99982453094952272731888
0.99982607342416240925331
0.99982291139839851723536
0.99982260333683026232166
0.99982268143660524284400
0.99982331979159355661579
0.99982373795616152900578
0.99982294042710329051715
0.99982252080854605580384
0.99982262982545999641104
0.99982425977397748617648
0.99982593921466722530766
0.99982409534269212070257
0.99982598023434166023549
0.99982224894142690541088
0.99982215533923013417450
0.99982296170026230264227
0.99982415091722665057006
0.99982431368796487181072
0.99982263361217482700027
0.99982162163637355867252
0.99982193111479988889556
0.99982410918181330305998
0.99982615719944778476247
0.99982424830657168346448
0.99982638304254023431383
0.99982176297462421743489
0.99982111017494423865770
0.99982206674326157269661
0.99982409710810504765988
0.99982360940764714030138
0.99982151728618551267402
0.99982077494321153210421
0.99982173021766251874709
0.99982439689391033876831
0.99982658291775394765466
0.99982448161771020345157
0.99982670628637182463905
0.99982173851853006762980
0.99982063384504382685947
0.99982120085563297440245
0.99982314955294737668368
0.99982296200329312529931
0.99982117243365942194089
0.99982062366996571345368
0.99982171239504935567055
0.99982448310019600423715
0.99982676514818391577677
0.99982444923537605596664
0.99982678866839769238339
0.99982163024034653719951
0.99982064940188086765716
0.99982134217603235715188
0.99982310238759430909283
0.99982344963272706817037
0.99982155318931842380437
0.99982064488411370728471
0.99982153548161745160172
0.99982442125639481300681
0.99982676908443834928875
0.99982440129237304393683
0.99982670155478281515116
0.99982147298292012305154
0.99982060243668069432488
0.99982169336398385439679
0.99982378845485531115855
0.99982397668506328702875
0.99982173125107343114593
0.99982055523432444843479
0.99982142001764873207037
0.99982435387065338172619
0.99982660686001934013944
0.99982424900292654612599
0.99982653389559517087548
0.99982132165392045841656
0.99982051121066328747133
0.99982170812235104939703
0.99982400108017499551494
0.99982399495308915682301
0.99982396881304735902773
0.99982395032412030300151
0.99982168097231349790377
0.99982044037102357769697
0.99982114414667244695067
0.99982409914601677591861
0.99982652879784317256906
0.99982396130283957003115
0.99982659217333769152702
0.99982090641738707859076
0.99982031130071791213965
0.99982167196779947460072
0.99982392737882730404664
0.99982396309517485022411
0.99982403966019539609533
0.99982397967270142391527
0.99982165683411594603314
0.99982015129867451985746
0.99982068894983422424616
0.99982388325669624418168
0.99982665892575950383758
0.99982386227953545798641
0.99982664383904207294762
0.99982055646554390815339
0.99982003590932488901188
0.99982163095429776866752
0.99982405766537618685419
0.99982416404608798199405
0.99982426298355142613161
0.99982408316089022015660
0.99982162338137370305446
0.99982002136059733299334
0.99982052697913925687345
0.99982384653393907569807
0.99982649804459566844628
0.99982376057327659868434
0.99982625873850916597974
0.99982055292765348308848
0.99982011244680069061985
0.99982165695513824932306
0.99982403550275922299306
0.99982424961772908833524
0.99982410694582868337932
0.99982392855057189429147
0.99982173190472234391990
0.99982023969222755255259
0.99982053358104283624641
0.99982359317790481245680
0.99982602125051067698536
0.99982339269611852916597
0.99982585763791564925640
0.99982040313736664227662
0.99982030399484911331598
0.99982181172630624210740
0.99982380859919517401835
0.99982389009931038614809
0.99982369458566955344736
0.99982370592281355481390
0.99982183814011293954138
0.99982023950557263880512
0.99982018135403893932533
0.99982321673047314103400
0.99982576470549144875832
0.99982308212326975738193
0.99982564072439239488688
0.99981995411036972409846
0.99982008088844487314617
0.99982177674927386057391
0.99982362322176443480970
0.99982357466164262227437
0.99982352964646059589882
0.99982354730313471868897
0.99982165856003413217934
0.99981992648613504659494
0.99981979405440701835772
0.99982294768139767793258
0.99982535586503773483713
0.99982274524562719797416
0.99982487849909762456235
0.99981971216516352107817
0.99981988020608114631216
0.99982157139789384903139
0.99982346319361636854950
0.99982352795029083569744
0.99982352633600624081112
0.99982338093792344491106
0.99982159206263221395972
0.99981995810236301558405
0.99981966103206920681856
0.99982247062854834318557
0.99981959279428467279871
0.99982218635087538594064
0.99982008619514339820000
0.99982170474466081078191
0.99982332963768139055816
0.99982347186338282885032
0.99982334493388891338839
0.99982328354278549031875
0.99982181048571550086024
0.99982017022707259101821
0.99981950457029633572148
0.99982201881122956255155
0.99981945836125452053977
0.99982207532608879940739
0.99982014975056010541721
0.99982179879610821870983
0.99982316482223132503293
0.99982314651028070251471
0.99982288160513876906776
0.99982290952619568003001
0.99982162544076891297351
0.99982005123737049956389
0.99981952530507667287196
0.99982231084930728304272
0.99981969198804487852783
0.99982253774519225242301
0.99981997776502418151523
0.99982134512797338210532
0.99982253810040866426334
0.99982258035943638585508
0.99982229110270615102252
0.99982214448478756718686
0.99982109427282905844692
0.99981999471921256805729
0.99981985874616252640834
0.99982253895531880694136
0.99981989371470558758404
0.99982222278431276407673
0.99982007307106135485242
0.99982098568858668308224
0.99982185801975387295926
0.99982208868217592456773
0.99982208466923161438444
0.99982176115583731856873
0.99982102625340385504416
0.99982011413014448830694
0.99981972904689719872096
0.99982171128949992588986
0.99981945390060555922673
0.99982127811854526466817
0.99982002859932661564812
0.99982108778680323091237
0.99982182251251749960375
0.99982223367784517353840
0.99982245631724553369679
0.99982189805286147965546
0.99982101994580896420217
0.99981983482595593315523
0.99981927305615336809552
0.99982119305050354274300
0.99981936541385207917187
0.99982152607323226956026
0.99981963990157562971461
0.99982078390135242784709
0.99982181243877532583753
0.99982261873144406827407
0.99982262073895067366891
0.99982152054077266800647
0.99982045713912370832332
0.99981957887901762305205
0.99981974789119942848004
0.99982207846063031464467
0.99982022601019782115372
0.99982250908884495732565
0.99981967718804987121928
0.99982019807763555796498
0.99982114064387483942653
0.99982247660750578344135
0.99982233730098057922220
0.99982088802704471852678
0.99982010943702348537698
0.99981982616979070410679
0.99982049592445110253180
0.99982255700379873974981
0.99982037878301555089422
0.99982220798933640892869
0.99981982090970666909868
0.99982015619328024058632
0.99982091278444762405542
0.99982240078088768786557
0.99982277882515768752114
0.99982117673772630261908
0.99982018170245856580891
0.99981952855886802034036
0.99981993464793950110447
0.99982169841974388724282
0.99981944663969479769605
0.99982136149129607893826
0.99981900212979291087123
0.99982002946804549026183
0.99982148582975227668612
0.99982337175859525846278
0.99982327474131593714191
0.99982381059025171587962
0.99982391086601585250548
0.99982160591601088039937
0.99981968040368729422340
0.99981849654532040094779
0.99981923240297321253678
0.99982136584378489274627
0.99981940229357890714823
0.99982163147586755602703
0.99981826213675961678717
0.99981929874224750864897
0.99982145731839289215515
0.99982413449539853100845
0.99982404399294244612406
0.99982386087612928893265
0.99982396951939833673606
0.99982118497427086012408
0.99981912574408404736914
0.99981837132808137891260
0.99981978976910157452807
0.99982187242949560612715
0.99982004201383201102971
0.99982183053928852523029
0.99981865361543098558172
0.99981927756170196897045
0.99982107315801882485573
0.99982363209668245751516
0.99982337795093700894000
0.99982291302752057671199
0.99982348354980421500926
0.99982132950636093404739
0.99981965402483696792046
0.99981878486146691376035
0.99981988074876992911300
0.99982147240821783729103
0.99981931871528195721055
0.99982098443315492453110
0.99981852862839692974717
0.99981998612016864669272
0.99982193375117656142237
0.99982379845653845951148
0.99982279480306268659717
0.99982312566840925160960
0.99982452896337836723006
0.99982261338550271201342
0.99982003822164611239742
0.99981794408307556043525
0.99981866171071187565644
0.99982060469326661245049
0.99981827707007353556179
0.99982043612902304907664
0.99981734719649162368427
0.99981981123066576699898
0.99982303423586849078220
0.99982529713912726698766
0.99982367008187045254175
0.99982396438925780213225
0.99982564417824582037042
0.99982301786878857718932
0.99981952399133844355816
0.99981710043134763843398
0.99981831509029983617864
0.99982036706157029204434
0.99981859268431050313808
0.99982014729572377120803
0.99981733019466212386561
0.99981947028253126408259
0.99982269270305967889811
0.99982531360976756307224
0.99982359817026122961181
0.99982249970827863361222
0.99982443756041861071537
0.99982237439903254294649
0.99981976720911602818376
0.99981778952784061686998
0.99981870882817702739231
0.99981802101561267903662
0.99981837222834524236958
0.99982023079388071540308
0.99982230200503807715506
0.99982347554336981065859
0.99982104633203017218790
0.99981979708520296590279
0.99982289384370426343907
0.99982246313349076860533
0.99982050957269397173377
0.99981772240019850528370
0.99981760119414719856223
0.99981698775486571584281
0.99981670782195808389048
0.99982034837219391221197
0.99982262312417846672474
0.99982283351230949453026
0.99981922550940027782929
0.99981938276214621375004
0.99982304285873546678687
0.99982251622126694368120
0.99981984260729028779480
0.99981625090843662118090
0.99981603920307737798367
0.99981591257086044333136
0.99981568740653348204006
0.99981936602716414697056
0.99982208078366030523654
0.99982308099812300383746
0.99981986573336401047385
0.99982010948968247365798
0.99982266298314614871856
0.99982148622742850196943
0.99981921672065632300530
0.99981597344745942734789
0.99981553693074387556550
0.99981607490450263853177
0.99981550035121291575280
0.99981926726431891161440
0.99982093307214858768361
0.99982187088023599663700
0.99981981212174508844015
0.99981916592423580869564
0.99982101684136048813656
0.99982035197487584277098
0.99981901741079215462094
0.99981587373780989036476
0.99981576911359371084842
0.99981553878921181066630
0.99981636023226394538455
0.99981813026598620464114
0.99981942290349790081194
0.99982032092644068654863
0.99981869043890525539098
0.99981885661523695052466
0.99981970586490620522824
0.99981799494854595167226
0.99981700073754375956980
0.99981558252742941395041
0.99981553406781320525454
0.99981534586639242423445
0.99981665451157542001681
0.99981659506806974668791
0.99981899629562842601871
0.99981924667426091968281
0.99981909694859472104156
0.99981840976518754349200
0.99981639009716349875134
0.99981717700711947305336
0.99980994119329402725072
0.99981438311320347533950
0.99981765760446572599562
0.99981877057012291665217
0.99981796067910388980948
0.99981656946896291238147
0.99982053563282735630935
0.99981659581196025143868
0.99980094955519160926372
0.99982085629928540981837
0.99981634549849651705244
0.99981606099403474985365
0.99980847339621459202164
0.99975713934309706765191
0.99980444073036678354072
0.99975297249256389608973
0.99974939474702617658863
0.99961442723386229047833
