0.29698486662414708137092
0.29716802393289287742562
0.29900265372628270776900
0.29904867220655079185221
0.29998107184847916384385
0.29902955309171114217648
0.29997279799710768743992
0.30033787328278210848609
0.30031849677812966215029
0.30039898180281954243043
0.29993119741395624089364
0.29896710036097012830325
0.29985808479927339442739
0.30028294534706218010811
0.30038354093190183791151
0.30037580894594106961648
0.30036609075956399728113
0.30036446293384810868332
0.30036378254052098490945
0.30023487477390609079464
0.29975813154192804121934
0.29964259723552733039043
0.30017582124407232724295
0.30034281643149046692187
0.30035882936433011547450
0.30035910466015669495476
0.30038185380571702509656
0.30037931072224205442112
0.30035739423973478734453
0.30035394810124060871459
0.30031901518429754416317
0.30010896447949897414276
0.30006134921148591709894
0.30029510483712296142755
0.30035077023457279477014
0.30035844816312795568791
0.30037893134549181750614
0.30041098611655892014483
0.30041059334345820985845
0.30043816029254560850958
0.30038036604021456366098
0.30036155895063826326563
0.30035032633915598188068
0.30027464976562417975359
0.30035168698338948756188
0.30036716557087211887378
0.30038231393801406721167
0.30041088732296733487814
0.30043732315850951719582
0.30046141045195889907049
0.30045836934277386776060
0.30048990786870211078252
0.30043647781429355658744
0.30041023064104277473518
0.30038551541234725927865
0.30037507551444370124116
0.30039022261057529705752
0.30040976889394305215930
0.30043385837955305373015
0.30045505906679781382707
0.30048313642245283450194
0.30053199508352856916815
0.30052066912423597289106
0.30058336265311574875270
0.30047659399697501658721
0.30045138619677075331182
0.30043144619426626062975
0.30040941180562130696785
0.30042930205153794975814
0.30044773679670944144249
0.30047029324148089024504
0.30051051947054302493356
0.30057015287044874796152
0.30063177752918440743812
0.30061883699070413022980
0.30066380429107836258495
0.30055721913647265308711
0.30050070241231235934620
0.30046502527823409911534
0.30044516407099697286043
0.30046189077890189667031
0.30049237827690145063997
0.30054463793350189027009
0.30060593323201589832649
0.30065429171966051580256
0.30067602387124781060379
0.30067035515268769607644
0.30067713330376411029476
0.30064469029719476100837
0.30059360213589370047771
0.30053385699622131577158
0.30048672725709135722383
0.30052530445104946865698
0.30058230056779322580951
0.30063527113676441482326
0.30066534354703627895944
0.30067456371284556615464
0.30068143056951690539336
0.30067978229629066522222
0.30070055260112110717685
0.30067330512762097116664
0.30066069216589658141814
0.30062627683233272835039
0.30057319841935964399582
0.30055633747908117037184
0.30060296008456593996883
0.30061949192684983556134
0.30065669509734377351506
0.30067238544591562421360
0.30067957979020654146751
0.30069831680190822753573
0.30073575476922420612880
0.30073080377293454068521
0.30077761073374825739890
0.30069627334898751946923
0.30068035787171165651444
0.30067256117091850642353
0.30065416171267239642262
0.30064227522401110181960
0.30066855886210430703898
0.30067421962782037159201
0.30068227029302296848812
0.30069560693855507116368
0.30072645352216792469235
0.30077098423214576605744
0.30081473824012439077791
0.30080673052004230916268
0.30084006897717258111058
0.30076406100363661799690
0.30072286350218679906732
0.30069583146389855521363
0.30068567075463237259214
0.30068321754842769477634
0.30069409638579153165594
0.30069810412693387391414
0.30071928207313392000799
0.30075687378028831409082
0.30079865377345632593276
0.30083165146216150898084
0.30085505524310590663717
0.30084634841335977650800
0.30086634357824104668566
0.30082246837220544266600
0.30078967733001382711677
0.30075017614195653781195
0.30071828283689638894316
0.30070843799231017356988
0.30072934686160257555798
0.30074519561297752279216
0.30078074185741837665020
0.30081336241855399782352
0.30083717454478287045561
0.30085721474451632140301
0.30088126375508245091694
0.30087271423867639752459
0.30090147550270079923607
0.30084890220424509443831
0.30082879221569663874547
0.30080443247371368986620
0.30077350380135059459974
0.30075487866826594585135
0.30077991571432705075750
0.30079692137559144171632
0.30082069542541001183622
0.30084163906515554165466
0.30086543322390008059486
0.30089493433727521054522
0.30092547569491029380018
0.30092095765002241369857
0.30094771480299442600881
0.30088930782867984170537
0.30085928999492483892908
0.30083517580771451660482
0.30081485926487039339605
0.30080060378769596374227
0.30081759779443323354897
0.30083142088838898953185
0.30085438892648569408905
0.30088445968931271101710
0.30091699782163033871640
0.30094499296043564218195
0.30096625234129126269522
0.30096330941321441931890
0.30098254628273568567209
0.30094226233163279271565
0.30091389654905048578470
0.30088121036097731364478
0.30085195670958292391006
0.30083575653908634084388
0.30085854103844572593474
0.30087990666106040338335
0.30091134126635188383858
0.30094069737452322499394
0.30096126198730877021603
0.30097821557942355807924
0.30100032526066128335529
0.30099407539521039200991
0.30102357899138432184571
0.30097464285770481051685
0.30095900061333807906649
0.30093874813897630859927
0.30091113703493593822813
0.30088739701879768650983
0.30091772302401076366607
0.30093856767637733318210
0.30095708263850429187158
0.30097106391586703200147
0.30098759614239523063617
0.30101492842064214716657
0.30105076773251515653840
0.30104121205197370558793
0.30100617845955074391995
0.30098157707133083027529
0.30096761321271453537562
0.30095686657910958317075
0.30094315949539274246405
0.30095866761396811162044
0.30096568557149849798549
0.30097592749562912528560
0.30099804112263739419575
0.30103162146873452265083
0.30106983100938172759342
0.30106125735669353460366
0.30109561745909529939524
0.30102241565054660421552
0.30098986892736595555320
0.30097216516791430729327
0.30096566163461935250467
0.30097043171149445717205
0.30098395666034666318112
0.30101330482870264360074
0.30105252109694347062430
0.30108878337679828574025
0.30111618028221787124465
0.30111052394549575605964
0.30113179359777553223410
0.30108201302486659045599
0.30104392915371164241023
0.30100635884412041409774
0.30098014754103064039015
0.30100092040196413378794
0.30103718360311176871491
0.30107512528450514066591
0.30110571799737012588238
0.30112709876268861641790
0.30114639380171165372602
0.30114112320867342242892
0.30116381238455691704559
0.30112322727103940644966
0.30110108741713048630118
0.30107062703070919251758
0.30103227046805064448520
0.30106747404844025339798
0.30109856060884382378262
0.30111958869520466519631
0.30113708278486173153254
0.30115783821955433019468
0.30118430395125073140150
0.30117803287997463312919
0.30120733830299334377045
0.30115264383360407229873
0.30113365634018457450694
0.30111889863561741575992
0.30109797557978318360838
0.30111981327399517383014
0.30113321255063152381837
0.30114875448695355153461
0.30117268299873689585411
0.30120144987218455678857
0.30122981787970543043897
0.30122545338743084153421
0.30125199160565346856444
0.30119641257429591307826
0.30116776306088527404015
0.30114724934937331379814
0.30113479840994938907528
0.30114798205538695352601
0.30116553033367993164049
0.30119130387217829536439
0.30122124247481146808170
0.30124845436409286580925
0.30127467990600476088758
0.30127049801554411923021
0.30129878650059105371639
0.30124442840889475991872
0.30121638559846253269114
0.30118843714062465410919
0.30116514198669763757721
0.30118694392265976667034
0.30121374951760371274645
0.30123963942475484589778
0.30126573340460982564082
0.30129264949884460023100
0.30132420190150860372924
0.30131619375659374204801
0.30134801867302812850014
0.30128662686416030069836
0.30126087464429540663247
0.30123689801455033610011
0.30121152362077757702608
0.30120306029593191254889
0.30122598991693516623513
0.30123489887874166370807
0.30125737585121864503535
0.30128007754231345138862
0.30130890199640919524526
0.30133952003635416927452
0.30136837686950151971033
0.30136072692901916258990
0.30138385932239092346308
0.30133122125883821107450
0.30130063962462771964823
0.30127586425157232286054
0.30125502645784674182750
0.30124667382151087968722
0.30126421082952936636445
0.30127289128561840492182
0.30129513965456961033240
0.30132264931695662557587
0.30135277283362504885389
0.30137731034895792747719
0.30139670760794656789727
0.30139178820431694605375
0.30141115021733783096991
0.30137128710994348645968
0.30134510189433683091664
0.30131724145055704955354
0.30129133420514975227888
0.30128111085041731076473
0.30130012896897717666889
0.30131296880583907649154
0.30134037084706039033577
0.30136572131479782976626
0.30138758359377493256659
0.30140702768677679612708
0.30143090303327618739715
0.30142682512163354591195
0.30145628669868101967566
0.30140415485003685391874
0.30138355284142781531642
0.30136292221043964323357
0.30133708776478940194465
0.30132280434706060212591
0.30134727988350756833213
0.30136174247703728656944
0.30138260687523388270392
0.30140057332282294000336
0.30142313691753142013141
0.30145186644542570908456
0.30148402948564284598021
0.30147853095668197820345
0.30150943184059425528076
0.30144656861915697376730
0.30141926919961953279525
0.30140057005058346062398
0.30138314430513435393522
0.30137070869848936460755
0.30139110768688720520814
0.30140166646218968793391
0.30141838735940656990309
0.30144152596557832746171
0.30147283202240021671159
0.30150382528673874693581
0.30152960885541590929648
0.30152458487288941180182
0.30154692553738277061015
0.30149793717557121786044
0.30146628390238378036869
0.30143893631961571344391
0.30141860842510481699463
0.30140802910700298378188
0.30142352260488858295417
0.30143725126357251431486
0.30146214107998786646547
0.30149076556622911304828
0.30151898046563729849368
0.30154183176779636443854
0.30156467371288880885416
0.30155892176743975818809
0.30158620958285026203427
0.30153615341773115643420
0.30151208709999088863896
0.30148615092581693142293
0.30145844138867117223413
0.30144047780430016647557
0.30146035115808211823918
0.30148134184519326250751
0.30150804139631892653028
0.30152997152563776328549
0.30155275793277025453420
0.30157913003814107444356
0.30157234932942200700268
0.30160316550197224794161
0.30154669728459004840460
0.30152639015292459490070
0.30150376190416078303613
0.30148177935487641132539
0.30150319999102015433579
0.30152322968593081586874
0.30154346211050364612305
0.30156524353290081741363
0.30159560065817891949536
0.30162688972433254752659
0.30161899379588613667735
0.30164541191005689313442
0.30158765794057690312613
0.30156179207664407515566
0.30154126963785621295955
0.30152295372088566693947
0.30154128980966526940577
0.30155948870839227593521
0.30158346374661859634614
0.30161098117896140147209
0.30163855781555481971878
0.30165603371257893039470
0.30165113068904136905957
0.30166193402819629909573
0.30163176649091849590434
0.30160682172916114529571
0.30158007475745085557151
0.30155920420439907836396
0.30157865876264794424699
0.30160294026297518321655
0.30162781659724063887396
0.30164625448879056612839
0.30165929896463838932874
0.30167055817095367320491
0.30166831162548407574420
0.30168838880046339179231
0.30165563709065174036184
0.30164423208300661372050
0.30162472452246741339010
0.30160008213751465788732
0.30162184799887570285648
0.30164242053116679942448
0.30165530922799965729553
0.30166551783563499977703
0.30168513007376013268512
0.30171734810716277497278
0.30171269323728955313868
0.30175312740377358000643
0.30168183493630917890727
0.30166622487340449820792
0.30165522881902279150879
0.30164036337324323655551
0.30165484102077938510789
0.30166654509282453400232
0.30168155091494308628342
0.30170764355165535786085
0.30174666979595665683433
0.30178756322286504065744
0.30178013527894637091364
0.30181351686912211151892
0.30173984461207525864523
0.30170538070488595039365
0.30168135151210984101766
0.30166701390594585774352
0.30168147984307880360433
0.30170314916057466847477
0.30173528231954838130235
0.30177130628295295577956
0.30180526212130931451583
0.30183052346431393786474
0.30182144710723585179224
0.30184211072026922995093
0.30179594234189216495068
0.30176560084719417087484
0.30173102081287977993540
0.30170146379641110678804
0.30172680239817545322367
0.30175958195828395114191
0.30178974424307924984134
0.30181222308012733979155
0.30183349553686850130774
0.30185607077576476209302
0.30184806857886126163493
0.30187566786119507389330
0.30182507159219323922272
0.30180657357273321661495
0.30178344195467637911534
0.30175361639646924860614
0.30177760108661777493921
0.30180077888441264599706
0.30181977422437183955495
0.30184035013207261011203
0.30186985100823154892780
0.30189948810434263926084
0.30189580334901872094022
0.30192260237792656329958
0.30186352850068898234781
0.30183637984478567384272
0.30181564545385897169183
0.30179599362080566926636
0.30178941529652691944108
0.30180614777488046218679
0.30181223157871961415566
0.30183349625153355066942
0.30186114122475743437590
0.30189189872424759819580
0.30192100822488293632162
0.30194027675449769398952
0.30193969339981607813428
0.30195392493186673510408
0.30191910071198435616679
0.30189122899486731110841
0.30185918405288086896476
0.30183148346282517859862
0.30182313595647730641858
0.30184644662938164838550
0.30185796122438235400409
0.30189002291624006391046
0.30191960581701460242243
0.30193835270912144919109
0.30195174916560268973953
0.30196846007161898262083
0.30196263225053326939573
0.30198939206517905198268
0.30194867330811736572116
0.30193927963826922011847
0.30191987553549193279423
0.30189003615155785009705
0.30187600796723407237110
0.30190678066578618965465
0.30191981708552151353331
0.30193995195872497250278
0.30194827345193825385294
0.30195597155936626521111
0.30197951923164906284924
0.30201779508544207564213
0.30200561940444303754560
0.30204733409085499085123
0.30196912561902911065204
0.30195276728351133632700
0.30194748999106796327752
0.30193959113754148537723
0.30193153770792541257251
0.30194480894159081429962
0.30194625945360192842415
0.30194894250117132461497
0.30196174130582237316034
0.30199313274193761991171
0.30203652184004670111506
0.30207000510243176005787
0.30206272429035269100339
0.30207914827978615823767
0.30202446353368739284662
0.30198335028914757849350
0.30195492594226536198221
0.30194576342604145802184
0.30194682472357770031124
0.30194482453566390267596
0.30194932652024086827680
0.30197431603697083568605
0.30201510764526534602581
0.30205427719201816127992
0.30207622308947751355035
0.30207717040079207215797
0.30207646585161990193669
0.30207170051842091584859
0.30207226480358267961535
0.30204880148293727915032
0.30200706887927325494658
0.30196649195362801343379
0.30195067980796502782326
0.30197144243944873398533
0.30199913728863592154994
0.30204310475303103311617
0.30207166436109883500549
0.30207592207255662408727
0.30207080050937501480846
0.30207066154407008484739
0.30206985459350987888172
0.30207827524335023605673
0.30207037858084445636209
0.30203808956742944635820
0.30200621903903795972823
0.30204501955517659705919
0.30206981585658498890012
0.30208070567331218869711
0.30207375147462850462077
0.30206757580223919656959
0.30207977065217322953927
0.30207537285640695401412
0.30209876882570074752010
0.30206886218665224275171
0.30207747194950668179203
0.30208399359996057631506
0.30207577552743403170865
0.30208876955659824670164
0.30208163127551046489572
0.30207109533047482585744
0.30207396298250255295414
0.30209300056778926046874
0.30212032894366303015232
0.30211414001388686711991
0.30213909266921851193288
0.30208976534358367160849
0.30207263388980853946464
0.30207339520263859489191
0.30208587774200457154450
0.30207692744338460189013
0.30207180521413889984217
0.30208557743627734160086
0.30210924814627121426369
0.30213134895294541104604
0.30215760730133095490757
0.30214523829699074797261
0.30217931706174400163789
0.30212446809999915497968
0.30210325459815207116421
0.30208162282618500338316
0.30207301536128727814656
0.30207910092914880273440
0.30209685576990569222389
0.30211659319073225216101
0.30213476826293250709909
0.30216291785556698146209
0.30219723021844657750989
0.30218389577517618116431
0.30217335432115283166965
0.30214923212049477063701
0.30212409743304291520616
0.30210827927433114847844
0.30209122324940673731675
0.30210177939575089123281
0.30211402464295078473810
0.30213618781676093716371
0.30217365576712329477971
0.30218024966771689365785
0.30202587735306857252837
0.30207489415642030383680
0.30218828234775796381939
0.30216455602328862184436
0.30212604041017065981123
0.30210746863140608420295
0.30211982758235128576629
0.30215870472956563030920
0.30219633749663549204811
0.30212183824870025850018
0.30173823193970733536062
0.30183724875494871708881
0.30216225061216095415517
0.30220421950376047393050
0.30215642479749754700791
0.30221249702574448647852
0.30219605482003203400510
0.30191800576034233394296
0.30124423758090407288179
0.30198170630670778669113
0.30222189931173182309010
0.30202232703374032318777
0.30131182086228991412469
0.29986939176767574144478
0.30134239497338499713663
0.30037161542917750756132
0.29983330473128871895838
0.29810238313475667659702
0.29703412169234916229144
0.29722093789730819057837
0.29905215052156802757466
0.29910183903649129044666
0.30003063662721884963247
0.29908395638170431896086
0.30002604632829077413447
0.30038740358981924627457
0.30037172126386874060344
0.30044842935496307578802
0.29998569782665968075364
0.29902236335609089223908
0.29991350009740325166518
0.30033744248285249023311
0.30043668868533252025443
0.30042515873224656663965
0.30041914549006298873479
0.30041371546500905687083
0.30041822832351522398753
0.30029034778005758710151
0.29981449430827578073178
0.29969770476017193461260
0.30023225179484153146703
0.30039829539087153920107
0.30041320910570834534781
0.30041206771614153980821
0.30043101379297559860859
0.30043218576098584815526
0.30041170785208276550193
0.30040941172623697452693
0.30037545897043388398728
0.30016421095434492327669
0.30011437147165576089236
0.30035044076187389361365
0.30040720600945980400809
0.30041389429091930329818
0.30043318212891506613360
0.30046377247686478773048
0.30046478320281289065008
0.30049085482658172141512
0.30043579706549061736354
0.30041798395838076318753
0.30040572694988204593969
0.30032767962535428241111
0.30040471887488245927855
0.30042262313615603064321
0.30043872726287973451420
0.30046630314286770779830
0.30049145294600870803592
0.30051401204990646487403
0.30051243845332553661365
0.30054241681435367450348
0.30049187520719961019822
0.30046663064814549404247
0.30044102959352320114661
0.30042817458090859128461
0.30044338919081031713532
0.30046534329079055414269
0.30049024401589075061736
0.30051043395130072610755
0.30053714352004262666540
0.30058441164872023998456
0.30057461630591614243357
0.30063568593201245304769
0.30053194623977441679585
0.30050775703125698345985
0.30048707956401027319160
0.30046264137578893027580
0.30048259252042791578319
0.30050342614647457262222
0.30052664791389344101091
0.30056585099392346682734
0.30062404427910954796133
0.30068400608121781392157
0.30067267267756681015101
0.30071593520721784376093
0.30061252959933287831618
0.30055704051457937664438
0.30052077012480743478662
0.30049851274352018526415
0.30051530016464034211765
0.30054818095095703345265
0.30060096036713418454767
0.30066121954368729696228
0.30070806768051022705990
0.30072805269493690927263
0.30072406755022118574061
0.30072905565853919052088
0.30069995048209019472552
0.30064991157917259068100
0.30058971947264440105485
0.30054019388061198325701
0.30057882982573652652647
0.30063822380922661237079
0.30069156529890611606604
0.30072057268613688885139
0.30072821088438894676642
0.30073324562917763680403
0.30073336569188729994195
0.30075226316198133691415
0.30072849939267892738215
0.30071696606150766228893
0.30068225716368335298512
0.30062678131593095764984
0.30060893125943582981918
0.30065550359218429221642
0.30067313314415206049190
0.30071272927886943948650
0.30072863539442246105793
0.30073473562220137678125
0.30075183805545718795926
0.30078736312760545601463
0.30078426415788239722815
0.30082911609580587075641
0.30075139031829195568335
0.30073658345424586491035
0.30072864734500676098250
0.30070785660279159001718
0.30069476869237299343496
0.30072099932037810177121
0.30072796535322476874086
0.30073840635270610022189
0.30075180930562545045248
0.30078153282834968473836
0.30082438491183616235958
0.30086613804674372518733
0.30086007245584689417939
0.30089136109643832561744
0.30081910377747206331023
0.30077904490642559665048
0.30075201456236000385758
0.30073945966410686736481
0.30073560468697724257225
0.30074643449165139319490
0.30075193868749078296432
0.30077551425928117367903
0.30081303296153438786575
0.30085365594526053412139
0.30088493230508273068580
0.30090623803874605446396
0.30089956496281672349014
0.30091741547820660684920
0.30087742512595949673226
0.30084581254341252742890
0.30080645842018854940747
0.30077216298739822830655
0.30076073089237354007963
0.30078159867224552037612
0.30079912216272031155739
0.30083707403741771768679
0.30086947432770705379568
0.30089208374401121837138
0.30091036536635690223918
0.30093222341150305254587
0.30092580064541601947425
0.30095232322953580084146
0.30090376243593375260588
0.30088487883080172746730
0.30086081065068476236846
0.30082747119213826270112
0.30080709335000005433258
0.30083210087225803475164
0.30085093176133970160890
0.30087711598888006170327
0.30089769684146056016871
0.30092024289293339833762
0.30094795849256184006038
0.30097621270825714034913
0.30097391875156043195005
0.30099834059936525498813
0.30094406525614791902967
0.30091531947313110428865
0.30089163721628531256158
0.30086890926357195974461
0.30085276616320771880808
0.30086974180488917918197
0.30088551156993603719059
0.30091089297232609389710
0.30094046473662672269711
0.30097170204086681755129
0.30099788891621231945450
0.30101676458179221773648
0.30101613986569791814318
0.30103294354970450141806
0.30099691188008836917334
0.30096987715385969952564
0.30093775553855295346040
0.30090608389397310862279
0.30088788821789541616525
0.30091066887235112803367
0.30093407251287762615988
0.30096792562482166388804
0.30099665174606371476074
0.30101585505814248966416
0.30103098084625240504764
0.30105060820090495665724
0.30104677439790622495153
0.30107374907482103987277
0.30102917468651957388914
0.30101492629709813986238
0.30099536970666534996255
0.30096534075064829139023
0.30093953088409008955750
0.30096986959159188756985
0.30099281032605246233302
0.30101373977551532101771
0.30102695986858157839450
0.30104206425827623183622
0.30106756061719103234608
0.30110082444745234209194
0.30109377775310469660397
0.30106058368777521838666
0.30103744399311871404734
0.30102430359764015266322
0.30101114238751686125184
0.30099532450053961829539
0.30101085723624254608666
0.30101999303408705221941
0.30103264790226708091936
0.30105387962514906785572
0.30108596434007439679448
0.30112233116791514708765
0.30111553597194523623770
0.30114805139224470886816
0.30107822530573286057276
0.30104661769772883550544
0.30102650213341664020561
0.30101788303440646377140
0.30102269265426628841453
0.30103832629496812822723
0.30107008349370073529983
0.30110830226210233417916
0.30114299509357272954801
0.30116854534655346231631
0.30116466639323130616290
0.30118408709135785494837
0.30113776700256073004525
0.30110073944660459277500
0.30106076145413468436729
0.30103245337098705203260
0.30105328806838327349027
0.30109161924177479940923
0.30113196340040376819402
0.30116144346757450778185
0.30118117075479383659697
0.30119861602586928128744
0.30119512341327969728866
0.30121596415003537572375
0.30117892232532361695974
0.30115794970678300135347
0.30112509413232707577990
0.30108471147096393938369
0.30111998980352444599262
0.30115306155844384639053
0.30117647295346972047270
0.30119274443925214690410
0.30121176356607265445220
0.30123638403712565958514
0.30123188243992743418076
0.30125934510550139711071
0.30120827429425345300729
0.30119056123579540651392
0.30117342950429909498311
0.30115056443676324615666
0.30117247223762966257254
0.30118776942998021217690
0.30120567826400446165280
0.30122828350454095014399
0.30125522441613106217062
0.30128175108003379945032
0.30127915235056829112992
0.30130385134742754260628
0.30125198213833781490933
0.30122470388611199965112
0.30120183009495443693382
0.30118752655534836160101
0.30120078139082023804818
0.30122013725550000895481
0.30124826029798412729832
0.30127677966817045795977
0.30130207478763099127050
0.30132646520973210835237
0.30132403806257296308146
0.30135049555759990669301
0.30129993379558528410200
0.30127335784641301463793
0.30124306843844006476019
0.30121801205987058791536
0.30123988436678555968840
0.30126840586044612013694
0.30129662696835113333549
0.30132120631788134046403
0.30134610885079832209854
0.30137583359725311771271
0.30136957286597704230857
0.30139957280184825894054
0.30134206691372578124088
0.30131787330285403347929
0.30129157575765341814389
0.30126453411786779934545
0.30125611277199410009686
0.30127913038272380319427
0.30128798074264728779070
0.30131207424312395071198
0.30133708436401923647097
0.30136430808049669005655
0.30139281722650212991255
0.30141985243190383414458
0.30141393917914360844890
0.30143525347132649194748
0.30138659248738997042949
0.30135765455455965078357
0.30133058235550375103529
0.30130817950249544345809
0.30129990047801813446426
0.30131752034538528128849
0.30132611383787305525672
0.30134987896915860217106
0.30137967201468590650038
0.30140810879509383202191
0.30143043646378808730901
0.30144801801117410144926
0.30144482807526534751119
0.30146237682086479692245
0.30142658845539516132561
0.30140212984089193026804
0.30137199731533459434729
0.30134462476454221269151
0.30133449833055792055347
0.30135359379149256886521
0.30136632906741955828522
0.30139514384352367182274
0.30142275139226543112514
0.30144284864775466870057
0.30145998053461042776036
0.30148204679657847337992
0.30147968917575995728697
0.30150734708965604147224
0.30145938155918938772260
0.30144058219689401356689
0.30141771162759689595134
0.30139051949511003192228
0.30137634250887601616853
0.30140088498976536079965
0.30141524523734070095671
0.30143741329426138042535
0.30145760246006625404647
0.30147832630191129243968
0.30150464138198540542390
0.30153500460405857630519
0.30153121728133219781043
0.30156032027959417396445
0.30150172203565850370666
0.30147629700865241630936
0.30145538905064550583290
0.30143671512638758880342
0.30142437392292031894669
0.30144482686259882475710
0.30145530601668624193223
0.30147321822420797277076
0.30149854950596621794290
0.30152794889316081317077
0.30155642328018505970988
0.30158040993349549685476
0.30157709152634348814814
0.30159763792786525860024
0.30155301484684265966862
0.30152330126278914512739
0.30149377877097294220476
0.30147231810319508049645
0.30146179618126645038956
0.30147732750809375090739
0.30149103086059619860393
0.30151699686958916002411
0.30154777756004547129010
0.30157401836293945551759
0.30159424455942013265641
0.30161529518844648611875
0.30161124041246761828816
0.30163673924725725727924
0.30159115108714568131987
0.30156909125810960059511
0.30154101792250892488667
0.30151228896241660804023
0.30149431157751765963937
0.30151420537384299169759
0.30153525736454717121049
0.30156291815849617377054
0.30158696376750943057843
0.30160771519390089379087
0.30163135609851299268058
0.30162726530156147575212
0.30165529829799708760874
0.30160367477794108870270
0.30158127570031451059052
0.30155774678585145487375
0.30153564800630400233317
0.30155707393958824935609
0.30157728349192525207911
0.30159835690609182456967
0.30162220557131241838178
0.30165047439354664149391
0.30167892709591553890291
0.30167382569110406942414
0.30169735255305940579973
0.30164460442819351904120
0.30161669529058554584111
0.30159539074058161478575
0.30157682188488588170827
0.30159514404956072608499
0.30161367496334828830484
0.30163837528549475308637
0.30166790999946146989430
0.30169334831151356501877
0.30170787658137820930193
0.30170587652117880628211
0.30171367801663162566683
0.30168867374967212047210
0.30166173947956387291214
0.30163432870571288413331
0.30161303663049582324263
0.30163246276906874321355
0.30165726223424838003950
0.30168274109529052973144
0.30170313703437057206713
0.30171399761823392005056
0.30172220217342560211193
0.30172296269461484907737
0.30173993330609499841088
0.30171249395933874559717
0.30169916381513423031535
0.30167911465636143564240
0.30165383348422231124530
0.30167564932607532357522
0.30169687553532831270076
0.30171024524419004508857
0.30172234757525423498592
0.30173973608931375922637
0.30176879551409035995491
0.30176725541047699774566
0.30180447911731733690033
0.30173863535621248121998
0.30172116282124988861923
0.30170974732643451865499
0.30169421271359730951644
0.30170873873415482435689
0.30172112644343868081975
0.30173649258313139931431
0.30176441416161076114477
0.30180118670185751561519
0.30183881810999291239739
0.30183460563473546445223
0.30186467174541481428562
0.30179658574756018651897
0.30176032883569559039927
0.30173599702119224819086
0.30172095526987235958316
0.30173546513069665619966
0.30175785545858158087640
0.30179023677076649567752
0.30182801697727285050732
0.30185968524637840637581
0.30188157726189879248579
0.30187582171187610224905
0.30189306342988458942145
0.30185261905824439798707
0.30182056045166438806859
0.30178578821107032714721
0.30175549126913681075024
0.30178087570560446772916
0.30181441089252286635869
0.30184470792804274363874
0.30186886038370758233995
0.30188781770830569461950
0.30190692236287858252197
0.30190233738670951835203
0.30192641783044221748256
0.30188166789010473234356
0.30186154038153456546922
0.30183833088870820615668
0.30180773197293553344878
0.30183175717781929314754
0.30185572358884593668904
0.30187474387654711360796
0.30189690612889702459043
0.30192406823464001952573
0.30195013673930581887817
0.30194996998547291022774
0.30197315047709683000221
0.30192004248062159765809
0.30189135190919230700146
0.30187064429457582948046
0.30185018595849849587509
0.30184250666957485043085
0.30185916028868770011329
0.30186646283073781393824
0.30188854878775595036444
0.30191611500900022990734
0.30194836922103052145872
0.30197512188359054707831
0.30199072387566516795232
0.30199375093343278075864
0.30200426933736157497634
0.30197552653059644978129
0.30194620644077918569792
0.30191429088252735857267
0.30188575094189168401826
0.30187607092148671661391
0.30189930447347645969813
0.30191226563062611987220
0.30194518362184225024336
0.30197458835509310981493
0.30199473083672512263576
0.30200574874833202576596
0.30201870090691729231480
0.30201657388241448520816
0.30203953105225711528448
0.30200500118886575151578
0.30199426321222788693888
0.30197508843587017590693
0.30194437479764668630366
0.30192879139611739081062
0.30195949517768200243140
0.30197419187797230888393
0.30199521195748024737782
0.30200325513107806330027
0.30201224708208374014617
0.30203340329011929554781
0.30206783443587315041157
0.30205944499107134637583
0.30209727352842630221375
0.30202534627912441811404
0.30200774629212179256399
0.30200279489862941195710
0.30199399865747222904133
0.30198418720368258583164
0.30199739383705670459079
0.30200069778218213700782
0.30200429084144508884435
0.30201671973811639038132
0.30204929980081968166061
0.30209028807660526227963
0.30211984222164356417295
0.30211643052051240232458
0.30212888090846329314232
0.30208057855794107071645
0.30203832995340640366067
0.30201031513013382179267
0.30200022685000199595962
0.30199934829879254705176
0.30199729215236154056257
0.30200381717695568006832
0.30202974608341237594544
0.30207008968501108947535
0.30211033775873941120693
0.30212986683948567234737
0.30212679789542373764988
0.30213004289059713913801
0.30212122253646023217755
0.30212826495400774140521
0.30210378385155289837627
0.30206254135413118655507
0.30202101212803245111616
0.30200310102723992855545
0.30202382438350383608849
0.30205369034534340633158
0.30209862026342709784288
0.30212664726754517863228
0.30213185812276338593207
0.30212430743180751502308
0.30212653216436891057128
0.30212329186168868089268
0.30213325651856920428528
0.30212593339909982192992
0.30209267216631063845966
0.30205856861829000203912
0.30209734556401701688344
0.30212442777385450920491
0.30213629310829642760083
0.30212872707637383751234
0.30212337985086540337321
0.30213314059280105272620
0.30213110929757436284859
0.30215207159017976046300
0.30212382994914194211944
0.30213308821242418344966
0.30213863213534403184823
0.30212808408588615050050
0.30214106410181695849815
0.30213629403593417199758
0.30212674002890976820979
0.30212892674218044808399
0.30214866976223597738738
0.30217356220386282217305
0.30216974221002590450524
0.30219225523166792779506
0.30214472712656059716352
0.30212830705013171694873
0.30212807837025573709511
0.30213815959357542828556
0.30212920200995047048664
0.30212650981991540088956
0.30214127748670716044899
0.30216420743390348668811
0.30218688290129469553591
0.30221069918869980508447
0.30220070118343350662471
0.30223233726638826235344
0.30217942294593480578868
0.30215897985001910486247
0.30213635136194416652700
0.30212529040082120035393
0.30213138254616311861867
0.30215161154947534072335
0.30217234247621377329907
0.30218971800288008111579
0.30221830780114478098852
0.30225017645689961076627
0.30223921245937152013639
0.30222621735513710561349
0.30220417773981589348864
0.30217986864540441471760
0.30216306031427175859960
0.30214352652569798074467
0.30215416622567131677002
0.30216882936933353587250
0.30219197842227857320196
0.30222859981732558276590
0.30223548982853382094405
0.30207863554442471176742
0.30213003599251742059550
0.30224322152484450754173
0.30222036693279036301263
0.30218086897573614990620
0.30215993850772743245514
0.30217238335897544931896
0.30221356206748795081296
0.30225216712883162806236
0.30217675617001010790474
0.30179323180203521115317
0.30189210678988215308394
0.30221808697813773436636
0.30225910763820551530046
0.30220906724756757544270
0.30226522866727306704249
0.30225096287510488934913
0.30197380788932742801123
0.30129992255296039749268
0.30203659479908634422074
0.30227471135731842633021
0.30207518428522223130628
0.30136660790130170850531
0.29992393810027878631175
0.30139521133536162356137
0.30042376718149776948508
0.29988593236719995882567
0.29815415445226656210309
