0.20715336743476048253498
0.20708365821434046583072
0.20944946800394018127101
0.20934625108530102721716
0.21054825375122424024887
0.20920667417682511923793
0.21046767025626220148915
0.21093693034336519209759
0.21089444491394401803852
0.21099668805576896057907
0.21037084796024493882349
0.20904695760649408264875
0.21025137484314712632560
0.21084342190437385666790
0.21098270375136493615109
0.21097200353402059680441
0.21096990232334802972680
0.21096631180495320490031
0.21096602877143744159127
0.21078247437208430525857
0.21010867979005443118012
0.20995097688687630599347
0.21070999457125588749662
0.21094763296888460746281
0.21096949883383839252637
0.21096551243382669071913
0.21098950242367972562896
0.21098571636399612860835
0.21096616078675775596274
0.21096879758478037647507
0.21092360051253028485618
0.21062584724628949373049
0.21056573949529541756043
0.21089537871968877524864
0.21096721427388562264404
0.21096675878533915904356
0.21098163363023483829473
0.21101017449599596131904
0.21100274437990143572286
0.21102265279379148199546
0.21097761067408302149140
0.21096772809525485281590
0.21096524693981641429552
0.21086709454827362586471
0.21096159963195360020904
0.21096899490706857993594
0.21097351208552508894378
0.21099538902173070598067
0.21101457546072283077976
0.21103083552913814990859
0.21102233020932273377390
0.21105215982763364523933
0.21100704282871643457931
0.21098719022827519542496
0.21096944725300290079950
0.21097102682172289012108
0.21096689770987808731917
0.21097943081027473177791
0.21099874251664588187261
0.21101465302343244689887
0.21104210241078683041316
0.21110020597107179152196
0.21108701485112177365089
0.21116757192522250807798
0.21103358978336858586822
0.21100843110455491657973
0.21099158487288846575147
0.21097211714462740794751
0.21098524527280965168430
0.21100311958711590043514
0.21102690780404703696504
0.21107618300103739295004
0.21115359385039542128304
0.21123381750660433220368
0.21122054216494726142095
0.21127658298127025005009
0.21114007019502242790132
0.21106648816349674047110
0.21102200837353685125564
0.21099947877099986537353
0.21101965362949184901176
0.21105829219533853158275
0.21112659930617103110073
0.21120645652263669855841
0.21126684282891322608222
0.21128797001131166544141
0.21128153418361697579719
0.21127916192981627263592
0.21125553717385239793636
0.21119207675547896352342
0.21111435291887706289238
0.21105266230962518858583
0.21110331768104270699915
0.21117729956413727743225
0.21124319948766362431414
0.21127458150179001528102
0.21127492415656462521056
0.21127063975342968982218
0.21126615306369497804262
0.21128053031541640938151
0.21127136016569217358274
0.21126682866929596960048
0.21122965919739089546425
0.21116341445697692225103
0.21114158315662590048589
0.21119635460559371686884
0.21121671441930114920815
0.21125824246387170379791
0.21126705287956651369008
0.21126293837113802043248
0.21127443254180897080907
0.21131245935034734251268
0.21130304995720913807666
0.21135543953197383215681
0.21126862242563054783417
0.21126055882927757822998
0.21126352447485111096803
0.21124994194918977896691
0.21123700341176940287191
0.21125702409142899096395
0.21126056306145257757123
0.21125937385052157013732
0.21126466655801870442311
0.21129499710200302931007
0.21134490360779514817047
0.21139451012436072385725
0.21138382066897890010360
0.21142021551551942737390
0.21133471827141903087721
0.21128825774340648235849
0.21126211575964326527810
0.21125941400447292850551
0.21126060586807979269075
0.21126067894779435030195
0.21126191062972929368691
0.21128189686306000916183
0.21132469587978194858202
0.21137384465818020995442
0.21141068056336145830620
0.21143414134054289155173
0.21142523003496616063046
0.21144447099290342162448
0.21140028959716600231999
0.21136269008491997967170
0.21131569764475471862042
0.21127868842581917774304
0.21126863746669913290965
0.21128916630898042505748
0.21130841783744760964403
0.21135192940689476182037
0.21139004041782183396236
0.21141552878918046243228
0.21143508718995354667136
0.21145994679521609715955
0.21145086582916336470639
0.21148151142197957330637
0.21142647040496631571926
0.21140651536657703579714
0.21137993821360592794356
0.21134235938906320573238
0.21131905820516339034043
0.21134923910333738850120
0.21137039296806586774480
0.21139740226961825642071
0.21141839979671592231192
0.21144282696661187426201
0.21147402810316376364774
0.21150580932215640173055
0.21149982067781680772356
0.21152490246108315852247
0.21146684155923034520441
0.21143514380857303391892
0.21141066142156128560003
0.21138952403188074335993
0.21137306499174898788418
0.21138983413345568962427
0.21140466633104113003405
0.21142824508442858988388
0.21145975637571354233124
0.21149364740961354436344
0.21152021558759578900855
0.21153643266392879729310
0.21153076273663271034131
0.21154371327175636174900
0.21151471314141784274554
0.21148783047452152095147
0.21145391231710605750571
0.21142270708312296823017
0.21140570901562855121725
0.21142557440206496965907
0.21144872261336139507293
0.21148189113152834894827
0.21151030525775016410961
0.21152583990083193010712
0.21153602027781118199989
0.21155327883928448651218
0.21154357661818423697042
0.21157241634305262723004
0.21152936300149283166405
0.21152053881220220232784
0.21150510970064445581684
0.21147758398051211270463
0.21145202866092396853936
0.21147964225024082352000
0.21150079456270343136737
0.21151557224594524919681
0.21152275821845695213952
0.21153379120268250845882
0.21156051848554768834987
0.21159950091294477125814
0.21158756168240167028216
0.21154863506411078488689
0.21152489501509647018551
0.21151664912973577870048
0.21151197525764078855026
0.21150083879731743086161
0.21150950212410080109038
0.21151174373727033017900
0.21151695463139791320017
0.21153811437221967106659
0.21157592873583264125870
0.21162052708583664606401
0.21161109634901414944252
0.21165083990242056222186
0.21156501433220090135912
0.21152777330961189394820
0.21151077080140170960654
0.21150835974097781377878
0.21150648705188826448342
0.21151974915530186160950
0.21155425747419462356724
0.21160148049752430798875
0.21164430234918199524863
0.21167412918848407810124
0.21166886845957880169955
0.21168948592081424098232
0.21163748119824285498503
0.21159193470275311499407
0.21154531605213086620232
0.21151371742473093484627
0.21153756777939131117350
0.21158333229457262913975
0.21163005185115457695844
0.21166422656859562589915
0.21168467383871569786891
0.21170116340290678902392
0.21169442124669407556681
0.21171445955589887621962
0.21168013837989835268516
0.21165907269994202466457
0.21162386173668146227556
0.21157590894374300738434
0.21161820635737096929496
0.21165484032640177747275
0.21167531411340922975484
0.21168844631507591214081
0.21170555566349569254214
0.21172977160959252640460
0.21171937682632399613247
0.21174710047982076011053
0.21169676120781666384119
0.21168260155564860847122
0.21167242090691562594884
0.21165149314489009602092
0.21166985419154044079093
0.21167894618271101969675
0.21168923535404243763125
0.21170963756009500422728
0.21173677126280449067863
0.21176303550124306318558
0.21175510117414214628084
0.21177919295089875362237
0.21172755270168286401145
0.21170042189097931784048
0.21168339173837022459956
0.21167646475317009047146
0.21167939892515413857765
0.21169333777880480762512
0.21171811356317815633332
0.21174734503120593021031
0.21177314549278583588610
0.21179774532527023689354
0.21179179708249701308276
0.21182049766604088558708
0.21176657130686390995145
0.21173918593156285106183
0.21171058423034078144198
0.21168800341091081884670
0.21170433884943207214491
0.21173297196013463050690
0.21175966656339256788399
0.21178539677716215483549
0.21181303223155756310092
0.21184734890862211287299
0.21183798592430080898197
0.21187340830834072713529
0.21180578809006711527019
0.21177949624748457213563
0.21175441261751018484638
0.21172676227600964460329
0.21171761588067766757248
0.21173979733698242156059
0.21174973836948191019403
0.21177419969141575428750
0.21179837219095121181311
0.21182971989294097081569
0.21186381203261289707385
0.21189510086264601307349
0.21188664989570976660005
0.21190953506313786602888
0.21185428941511458278413
0.21182034895477902525229
0.21179279159117583852812
0.21176983931025844531959
0.21176085560253887773996
0.21177875011586613784864
0.21178812326598012161227
0.21181316110868067537076
0.21184441090239961025254
0.21187723748323633587987
0.21190194640849963070295
0.21191869821886266667121
0.21191233607855330944858
0.21192804617171925873897
0.21189440633466372077010
0.21186797293161124811078
0.21183679289605519824313
0.21180706971386167869476
0.21179589104598170457017
0.21181516903047159505746
0.21182964309508547917638
0.21186058207963520683137
0.21188729799883743165623
0.21190638430751213006076
0.21192183640736544925076
0.21194284793611625761223
0.21193574830396894048690
0.21196419093017176971117
0.21191661941158207449476
0.21190037588601171036906
0.21188141942186344834909
0.21185386950082685242336
0.21183825373732070862509
0.21186172303581987663712
0.21187661881940017538639
0.21189624336789175673701
0.21191038989682592363906
0.21192866795177728311828
0.21195611915862805352262
0.21198813692241363915159
0.21197867307333106978717
0.21200943610235878367121
0.21194681045437960276168
0.21192170806276341976648
0.21190693125604967428366
0.21189294848706818896744
0.21188172740772140412169
0.21189622823432358034168
0.21190416103527096036707
0.21191687818331583770259
0.21193812411483334279261
0.21196912895738923010569
0.21200050921878821341693
0.21202469563816289666036
0.21201744306735370582118
0.21203802834403132071550
0.21199149081582391307421
0.21195917802464797619066
0.21193125769212498021865
0.21191298892973395306960
0.21190533376590403591422
0.21191313317605386945530
0.21192532584001771978066
0.21195085332025925817234
0.21198166092761985823678
0.21201014676576038220368
0.21203188055382107823910
0.21205421708497385058223
0.21204797309420686524106
0.21207749531772535078744
0.21202542014109732049221
0.21200187283951008043736
0.21197375372058940845577
0.21194330318484952413449
0.21192448988257930886370
0.21194226674312957592328
0.21196574063274425947512
0.21199577038657116401232
0.21201909075010230698588
0.21204161526327464093455
0.21206978043401081279740
0.21206279105566219755907
0.21209714828138304110183
0.21203603358617342800052
0.21201448018613397450416
0.21198945502125482454048
0.21196418821622092787393
0.21198758471181949891715
0.21201033370168437253156
0.21203219926811811557599
0.21205559850433289281746
0.21208868749820558585739
0.21212304184690730646246
0.21211319262272965158189
0.21213949739575971298322
0.21207954916562180014417
0.21205097617248072627838
0.21202919438845163613294
0.21200935670303167057682
0.21202841051214238454747
0.21204737804019110902765
0.21207307758272908593256
0.21210284594034792271522
0.21212995787094293675956
0.21214223274418800291308
0.21213435159126009521557
0.21213604811999797750133
0.21212025332420500478570
0.21209512699668919832874
0.21206683370234843954982
0.21204528718601800552079
0.21206227791067730481522
0.21208713946429727514875
0.21211159917165492427849
0.21212622371230968609801
0.21213044481057435897142
0.21213214490437465320483
0.21212693380763128492283
0.21214112575261012683114
0.21212356548435698511135
0.21211946945590989810349
0.21210344428063085397973
0.21207960850544294029163
0.21209522997276916700393
0.21211264424517553561778
0.21211881845003074942291
0.21212111533152755438181
0.21213472474074071549843
0.21216695751039918449443
0.21215927218784785823757
0.21220410463472585971267
0.21212875543867229510830
0.21211828543098304455938
0.21211447699942828637454
0.21210518085165924739854
0.21210971485536170288988
0.21211508051752669956613
0.21212559388082011246901
0.21215211052082427745091
0.21219536310449926830302
0.21224217936254324845535
0.21223327065996883122878
0.21227042086791467201401
0.21218687535255770226783
0.21214727105002931240030
0.21212276581446837253608
0.21211248396343845845635
0.21212092918502786775825
0.21214301608646379815326
0.21218007449943887543498
0.21222304914424286459429
0.21226137610876102956858
0.21228771592537434842463
0.21227774845909702650104
0.21229754885500159988787
0.21225125033250993866751
0.21221560030574726507524
0.21217407625897435896611
0.21213967604879349626579
0.21216827535632482026884
0.21220794145831964327975
0.21224347665180090527492
0.21226789545580351803444
0.21228799366675871196364
0.21230973918223519647519
0.21229996529733383137106
0.21232773048169742424740
0.21227841796280264019536
0.21226045504532417562693
0.21223524698362217222325
0.21219984819792650498904
0.21222714538878414969325
0.21225227624779613444517
0.21227055848341824795256
0.21229024177707123133274
0.21231961083884917651510
0.21234887624395268335142
0.21234243756808557357374
0.21236642014374693121503
0.21231034927435532555506
0.21228293440987544560272
0.21226352686218777354732
0.21224463619952174675554
0.21223760916175371527004
0.21225084113732331503321
0.21225654237011656877421
0.21227616144060326708320
0.21230389451607678541478
0.21233526854137643735676
0.21236190075122704512545
0.21237441287240454990126
0.21237106974588357277689
0.21237649616452305978420
0.21235702504376643973139
0.21233025888091552890735
0.21229722617754950841906
0.21226965893971946885976
0.21226182843709506808949
0.21227922527938133945291
0.21229089552856780787060
0.21232417475283746344239
0.21235331479804570031789
0.21236707276375604847019
0.21237152767217193360949
0.21238138504902442926792
0.21237242880479276219141
0.21239819372130341879057
0.21236603537790157969489
0.21236457129933461462912
0.21234926279759785971990
0.21231923740602975936298
0.21230429511270373921228
0.21233151344746245547945
0.21234493982420993285487
0.21236213768029707504859
0.21236289956226708786069
0.21236346936613983982234
0.21238518449793655773483
0.21242903282840838730117
0.21241434193391861562361
0.21246454181134952210463
0.21237271280677458284991
0.21235824601413205714451
0.21236001654618133493990
0.21235870315399765773101
0.21235212963144370346136
0.21235904989153323030315
0.21235713971262001886764
0.21235275213350582323990
0.21236319215525928383315
0.21240038967187113705393
0.21245288675242077203187
0.21249191530609767841753
0.21248544414844039440737
0.21249977572848982587672
0.21244005095915863279288
0.21238851470262273823941
0.21235480419711297295216
0.21234867106522756219356
0.21235366002428468501506
0.21234515834992664928826
0.21234857377218940843733
0.21237775701399072558750
0.21242897650515052410114
0.21247735177524196270582
0.21249851996557320155112
0.21248931435410789436702
0.21248921316870797437737
0.21246988485743353858304
0.21249524789347279396523
0.21247070600085596336903
0.21241916023718412920296
0.21236828377799421563310
0.21234902684699227815024
0.21237330568548437592646
0.21240853023471401028743
0.21246275292630345532530
0.21249352844568214493393
0.21248857585159652838769
0.21246712745321519322239
0.21246499642330438084592
0.21244771031384965254141
0.21248895498680658855406
0.21248968013735827775612
0.21245422331174498853379
0.21241475599146728003852
0.21245790336445349866246
0.21248530521224401335090
0.21248823223837243201473
0.21246421911428858830817
0.21244101929700562325642
0.21244159360539111025545
0.21243182475051239355146
0.21244912443619862196797
0.21243710011809513460435
0.21246397173486553100474
0.21248745508416877481039
0.21248503268094262597110
0.21248429114831773878436
0.21246374189400413223794
0.21243465046117346317622
0.21242505347357415468323
0.21243931761335582697470
0.21246482441981959232713
0.21245749617220707761156
0.21248306285076482002872
0.21243261017224365772016
0.21241937497377053056802
0.21243273758358161007465
0.21246045321373932535103
0.21243093259092044045033
0.21241554161633052766334
0.21242610448042523185741
0.21245201695842547140458
0.21247734641670307231820
0.21250831667837272176413
0.21249886652573460321669
0.21254263505727771788045
0.21247265035724041681853
0.21244692335189582776955
0.21242154337456567447795
0.21241438459759434675966
0.21241933635569676397381
0.21244256443464140660105
0.21246788261571269984529
0.21249099426595116635319
0.21252801818294492219863
0.21257095241242923711056
0.21255754703738077848740
0.21253233441660465685707
0.21251424975638252834464
0.21248272819776206632447
0.21246265696996088911952
0.21243900602904641772284
0.21245868569136464043545
0.21247397713682833475524
0.21249973241795361289519
0.21254401267502323613634
0.21254141232847825748742
0.21230492511884804796018
0.21236630287094887536981
0.21254647469767345979719
0.21252875903506873722648
0.21248620044475671764239
0.21246693672665653562781
0.21247358791090867335960
0.21251404812594448801022
0.21254801926975216974647
0.21242037565361804318798
0.21185311129010714337184
0.21198216083017359934182
0.21246426935154322235277
0.21254648847248847065572
0.21249984920894671169833
0.21254361200627466810253
0.21250040103073875030759
0.21209118831178033759421
0.21115422688291302089070
0.21218725501075136330442
0.21253053751850811692314
0.21226814290305212606924
0.21130241748037228988188
0.20946788034703078817955
0.21143440375224265004306
0.21032435524134335258495
0.20961942438771269392461
0.20767114277705681080199
0.20718772384095435201701
0.20712053162824511920448
0.20948414016663191583589
0.20938347000822302157452
0.21058304187055906786519
0.20924473571960927609226
0.21050503048693425256488
0.21097171708657341815396
0.21093182108144972741748
0.21103141946143394447333
0.21040907439307929283068
0.20908559917430011299011
0.21029023037447366895059
0.21088168704457366242622
0.21102003357919793535835
0.21100666489435396244723
0.21100716672219935188259
0.21100090523213801962932
0.21100426979904415847322
0.21082141969538564785225
0.21014818600653087377061
0.20998958916206555969097
0.21074960631584191417254
0.21098659898895724684742
0.21100769473767552741883
0.21100271253484317868221
0.21102403264619876144259
0.21102285570050705043599
0.21100430982106399557807
0.21100775530194898488290
0.21096324280920183968924
0.21066462097146357312916
0.21060294748139071763227
0.21093424082310349709779
0.21100685495031043514835
0.21100570325227210877195
0.21101973859528760923965
0.21104725193074558298179
0.21104080634707447772236
0.21105966456767383254700
0.21101654369332767391398
0.21100735988135904674934
0.21100416020757975510413
0.21090433465793298473123
0.21099884830385925993390
0.21100794668710723400729
0.21101313401256843738096
0.21103431068412648041743
0.21105259398144030069666
0.21106778059754238707768
0.21106030484664264901262
0.21108904004824591282841
0.21104595038164924991619
0.21102680168646870129123
0.21100843649835998583342
0.21100832143786937833418
0.21100423712970595158112
0.21101846104089810873816
0.21103834293393264331939
0.21105354376372784108717
0.21108003392017568589090
0.21113702453027291539023
0.21112490760828173108621
0.21120433040311792360910
0.21107246532325654730933
0.21104802063313260473976
0.21103065595070283344548
0.21100949933832302551906
0.21102267008440209195008
0.21104222999590596665520
0.21106648695608021260028
0.21111504744358455809561
0.21119145313739468017289
0.21127051503618873851131
0.21125836817149257207404
0.21131321542223108211900
0.21117892556511735913105
0.21110605909397556212426
0.21106115900864561019112
0.21103694500640790554513
0.21105716400093635365387
0.21109748661386926182892
0.21116616471269392119048
0.21124530084244669270177
0.21130463069677851706274
0.21132453119681271491714
0.21131927799465721751204
0.21131564664339386183656
0.21129436715353264175654
0.21123163885909163051124
0.21115359434616981504362
0.21109021564938065806949
0.21114091648190141947694
0.21121658905690757213058
0.21128275494626314046087
0.21131339049936032070676
0.21131262042667794953665
0.21130704708422529125578
0.21130380230393816520795
0.21131686361148316333214
0.21131014303971246137692
0.21130637096747376113548
0.21126899279628452710256
0.21120105838005670539914
0.21117853044254242256272
0.21123327042381256912762
0.21125440302233447487090
0.21129761524398343874864
0.21130657685606960005664
0.21130169188623049159048
0.21131203727490391330868
0.21134872207043578495878
0.21134061295228748211805
0.21139163220479492699688
0.21130734752681798460650
0.21130006342323626178370
0.21130293269418737311938
0.21128766984767602399309
0.21127388634883589868529
0.21129387005411900957164
0.21129832605831008751629
0.21129881507272751939297
0.21130415360559329229773
0.21133369668750129344303
0.21138242706994767039497
0.21143063084105676030511
0.21142130529949015871338
0.21145626190313934755771
0.21137339462161322534151
0.21132773089183284898063
0.21130158876314589222467
0.21129720569864388068915
0.21129741319683895128811
0.21129745050833154129677
0.21129973328073586857911
0.21132140497183390936975
0.21136415575545475231678
0.21141249518811755514491
0.21144812391734957301992
0.21147011147636640693293
0.21146262895283612914810
0.21148036360023461655011
0.21143890998476097542458
0.21140213590815867816808
0.21135524321022061688957
0.21131654357218732087631
0.21130537689777004195513
0.21132587788553236496369
0.21134630752250077589949
0.21139151279760029500387
0.21142947186208063681256
0.21145411665317376259665
0.21147244016814290001882
0.21149576136447190144452
0.21148817454056659248529
0.21151724857071549368293
0.21146502434884303922580
0.21144593008588927207647
0.21141955605426285269566
0.21138028029024164000660
0.21135574576979390681863
0.21138590810715493506500
0.21140834615873663193675
0.21143705102783272309352
0.21145779478177609278511
0.21148134624020725746973
0.21151129439483806748967
0.21154146991144831546627
0.21153704397492631428257
0.21156048546392541842565
0.21150532543548672403944
0.21147451971531605607879
0.21145033946177826944535
0.21142750623109543561817
0.21140971959755713860396
0.21142647667098138364317
0.21144267774924699332395
0.21146795385471270356526
0.21149911640224616782291
0.21153209522634733308344
0.21155739371315826491404
0.21157193560093073836370
0.21156789441454260103370
0.21157913470010353274020
0.21155312313491583808833
0.21152717469726567411925
0.21149365127489147542228
0.21146074480284060559399
0.21144234342759835043601
0.21146220678023069927676
0.21148678865430603490694
0.21152165890443386242481
0.21154963172002455573661
0.21156420979552406635982
0.21157310522518149586979
0.21158861942424231350479
0.21158061436456337967016
0.21160767807414421204371
0.21156768878744822148796
0.21155984462298940695923
0.21154490436899170413554
0.21151567787674274701004
0.21148866634800003727612
0.21151628995633273144783
0.21153891653029135988540
0.21155539145695920200119
0.21156204197115516252303
0.21157207136411171344292
0.21159750967911827856938
0.21163468429000567572196
0.21162450763829854238907
0.21158687135068682261263
0.21156415739002923381840
0.21155649051633826362995
0.21155012022639063662410
0.21153750003663743251003
0.21154618027640892385932
0.21154990979223547986621
0.21155681607342388672599
0.21157735708040192879054
0.21161412289698317001907
0.21165742921613553417792
0.21164924793410005987582
0.21168769760571901072943
0.21160423857830468197250
0.21156765487715573081928
0.21154895659259914664219
0.21154505917488214405964
0.21154321336801232278368
0.21155795802988167086944
0.21159416193996907762376
0.21164068755664761090074
0.21168240940756077872464
0.21171094001772117199067
0.21170692849588670925165
0.21172624719860499986623
0.21167667197591250038968
0.21163186444551776443923
0.21158354987611216468935
0.21155047535524662549733
0.21157437077500029776189
0.21162159228778762432022
0.21167000420592016474153
0.21170339917350300407151
0.21172268509292643812181
0.21173787482438760632064
0.21173238201547936454539
0.21175112162755199696207
0.21171929026973165810510
0.21169904408072021118059
0.21166214692330312385771
0.21161276631978329088035
0.21165511933374236974714
0.21169315135793370652451
0.21171530154781836863265
0.21172757446064399688979
0.21174346369827898306504
0.21176638344789855405992
0.21175723151805408983606
0.21178366099699638680498
0.21173586694017873521823
0.21172260300522907638943
0.21171075356408605716574
0.21168845957311868688500
0.21170687042600952465499
0.21171729648300957604690
0.21172924932387321428351
0.21174872201213815192666
0.21177457338746447090827
0.21179954429977546070951
0.21179285042772341696171
0.21181565020718515213183
0.21176661563146986777539
0.21174044743346928654226
0.21172175783246402480664
0.21171352893118056126553
0.21171651203441610444855
0.21173172174638271725300
0.21175815028875177858936
0.21178638563761156832221
0.21181083986924242879013
0.21183415069971894828527
0.21182943551663549475172
0.21185685043504526303693
0.21180559009445762419510
0.21177923443080398646643
0.21174898554051271859500
0.21172516563567297942505
0.21174155071620567869495
0.21177139170950692870221
0.21179972659761597819639
0.21182439344599521269252
0.21185061494219542543860
0.21188364883010463168844
0.21187551371155957657955
0.21190965528934363470981
0.21184476270582675017096
0.21181956502305426814914
0.21179284834871214826535
0.21176402428952864620548
0.21175490683848574580139
0.21177715121399090514309
0.21178705170199729757030
0.21181265091710899106658
0.21183844772215623675216
0.21186867215161783728483
0.21190128389412415943482
0.21193129386482928433466
0.21192406343772313137563
0.21194567142778961144067
0.21189321880021147470607
0.21186043160913348160079
0.21183125768986874049027
0.21180720372902483994437
0.21179827121749314478016
0.21181622496163632352051
0.21182553755690572416803
0.21185164335661632595276
0.21188450064257047245064
0.21191614350470180938579
0.21193930002979080584602
0.21195477572213042294358
0.21194962909777745330153
0.21196406461644490271112
0.21193328877974304536025
0.21190806783322638229272
0.21187528824928383852644
0.21184453286983098707630
0.21183342162988932910750
0.21185275503266362551180
0.21186715655497290189402
0.21189909084503327774129
0.21192739531216023274318
0.21194524133146752653545
0.21195906802627828557917
0.21197880828912071815573
0.21197291748983834724918
0.21200009325401844573200
0.21195544921578504671267
0.21194047279403183114965
0.21191994063767544131949
0.21189143449352057513302
0.21187589256604816290164
0.21189941004211917952027
0.21191423471090400920680
0.21193477671644875282020
0.21195048628210938490568
0.21196747127534534826943
0.21199322616873333968712
0.21202398003838487938744
0.21201571844365324492898
0.21204521884957747146494
0.21198558879414761135784
0.21196180316859983272515
0.21194547309710087823476
0.21193061245796826486121
0.21191945730915442980269
0.21193399609537180716679
0.21194187300855288347279
0.21195542789683424755864
0.21197821636453398341793
0.21200788230601588790769
0.21203749318715586769102
0.21206041713710524487801
0.21205436321746351513440
0.21207368767562115308145
0.21203021746291639271220
0.21199926661888859880101
0.21196981553938459841291
0.21195074965499713370853
0.21194313480482951383976
0.21195096025867968259071
0.21196313558445106783878
0.21198942114212579457266
0.21202174674509433049963
0.21204884615134692027461
0.21206873510679316585659
0.21208981311139729619697
0.21208476215502364281562
0.21211302814850357956189
0.21206409182473026642235
0.21204195413482049281662
0.21201233051731444012589
0.21198116127033889144471
0.21196233716132575897184
0.21198012907341270971706
0.21200364762127510420697
0.21203435525548106066474
0.21205916454480566724072
0.21208025935833829667132
0.21210650570859773678123
0.21210140746614761231292
0.21213380978274556931673
0.21207609799045840093257
0.21205307229005632141394
0.21202741220115148279568
0.21200206192074758093646
0.21202546363057608869163
0.21204834063242594677234
0.21207079891593028087016
0.21209565327460266903614
0.21212727594583988266486
0.21215963783217700600048
0.21215175311213799180798
0.21217602594579848540590
0.21211959454762852050891
0.21208958281249321031758
0.21206724974697652164046
0.21204723296365732276847
0.21206627808334710394433
0.21208548017669370810978
0.21211169132642218593254
0.21214288020033200687919
0.21216848979222352467033
0.21217869171769210279166
0.21217285129413904209983
0.21217243578137803816652
0.21216027294728873053842
0.21213374613237651056252
0.21210498433467037115996
0.21208314018337556805527
0.21210011151498528447767
0.21212533869051145019036
0.21215022336285535575762
0.21216622515960423256409
0.21216890958428619162746
0.21216846054531035559165
0.21216536333408836378922
0.21217737081971946300207
0.21216354712930488024547
0.21215809806441388030152
0.21214169161590001877471
0.21211740548433735686906
0.21213306215253144304533
0.21215093661080841602740
0.21215744853298326710878
0.21216107612809262383813
0.21217312185562278714634
0.21220313523220943330294
0.21219763940872524154990
0.21224021710582596789152
0.21216869489638567891632
0.21215691537660538723564
0.21215281272280675506359
0.21214304624468086069022
0.21214761325363853949888
0.21215345909934796297946
0.21216422581090071952659
0.21219202999811531684671
0.21223370069907462887038
0.21227822609672009068760
0.21227157811516703111998
0.21230639896048655868022
0.21222677638475731520806
0.21218590842136858531930
0.21216118901559705145488
0.21215041201923545699515
0.21215888781680966590493
0.21218148292417365885498
0.21221871846125761607027
0.21226293141157198673952
0.21229965223091379344922
0.21232362383084110724063
0.21231599135640027986582
0.21233338594652212405478
0.21229111074810985693162
0.21225425047998625061041
0.21221258814099497325145
0.21217766518421912746994
0.21220629865386084200729
0.21224649911720400163873
0.21228213168142479050360
0.21230772912825382481294
0.21232620000578683594483
0.21234550554991127313542
0.21233813441368287744382
0.21236342608391892139430
0.21231822307441974850839
0.21229911320899161331077
0.21227384875189991841893
0.21223790350000576454548
0.21226523105418090842100
0.21229091811861364180736
0.21230921879612707492413
0.21233001874605902936644
0.21235774445297564416713
0.21238450130811592497793
0.21238053642001816778695
0.21240197470850127881015
0.21235009740428620328423
0.21232159654569479623198
0.21230220695096480021391
0.21228274817370404448091
0.21227494643623087688944
0.21228812320988829642765
0.21229468179869498412060
0.21231487930693285215433
0.21234255850669472853731
0.21237498701654422550433
0.21239996265111329987185
0.21240989566921550379952
0.21240909145736178165187
0.21241190546074162348589
0.21239671258466299996748
0.21236892639392263015807
0.21233598277493490047441
0.21230782376914258957612
0.21229905580292096622941
0.21231639858384451780005
0.21232908679789103123525
0.21236297020165523230517
0.21239198645629600581408
0.21240672610824248844885
0.21240950718843118472101
0.21241672061167540808135
0.21241036635546040045597
0.21243345799750484870216
0.21240565183319196074230
0.21240324321595077661229
0.21238809570390421166408
0.21235745379628684359474
0.21234141683117410681625
0.21236858767131339131851
0.21238318249287088668176
0.21240100348429419296892
0.21240156868952916879856
0.21240304756174147038372
0.21242308171311782838409
0.21246422882693724587533
0.21245219995054062667172
0.21249966997146663150176
0.21241225241629210773731
0.21239691184012896019162
0.21239891257591730910903
0.21239696881456884836048
0.21238915868830821054303
0.21239603309391960617170
0.21239542591399920845596
0.21239167719067317263715
0.21240185732745389679543
0.21243989359187182008881
0.21249070601914038514124
0.21252697338100043356057
0.21252322372053911170298
0.21253476053701891856917
0.21247952155821928088564
0.21242718258553094923258
0.21239375758610531952364
0.21238697345157683815664
0.21239059891589850970206
0.21238205665460094251351
0.21238689484126291318056
0.21241674084859529791913
0.21246764936052905947683
0.21251678710261709404072
0.21253625622439370479455
0.21252422371726031880002
0.21252690081947686606689
0.21250471747131552402443
0.21253464169572131026165
0.21250938237180802548032
0.21245817728732449558571
0.21240662698592954749088
0.21238589247992673003651
0.21241014537796401584480
0.21244689969289107245309
0.21250180360170028981415
0.21253220642376569049503
0.21252792285135821415132
0.21250476257581610295411
0.21250429372038354136620
0.21248529312471814423091
0.21252763013924291790602
0.21252875988828409670184
0.21249261685642753527681
0.21245157586933893778536
0.21249470941289705372412
0.21252372096549451696568
0.21252733333019196981795
0.21250288635196507014413
0.21248026573898301516685
0.21247912674803867694173
0.21247102093266989619735
0.21248660930418034054057
0.21247575752972100437965
0.21250308905493534017417
0.21252588814598560862379
0.21252182740686093032068
0.21252107430521952058378
0.21250218800322231982314
0.21247378320271154139576
0.21246370522151453164028
0.21247846559806612964927
0.21250226050216786122249
0.21249659765048237169971
0.21252045010299119853769
0.21247125988023354836720
0.21245852471252832383009
0.21247119347808007816525
0.21249722366566078934902
0.21246769389614048040293
0.21245400967172775597014
0.21246527268852699599222
0.21249066594926119266873
0.21251640132631782753592
0.21254565638010730621588
0.21253787362176942976610
0.21257992769118386200411
0.21251129803366136661325
0.21248611082951221473714
0.21246002809237379826968
0.21245114384466898260762
0.21245610034383893838239
0.21248107018063203121905
0.21250708913527413534972
0.21252964037567304012022
0.21256697704929114478567
0.21260819577958867121481
0.21259645708421417986678
0.21256951544199431669568
0.21255289535329782713013
0.21252195191057732248652
0.21250118267178161324260
0.21247578718063481195699
0.21249552773236632385867
0.21251252082459828884886
0.21253897134591981377127
0.21258265946081544850443
0.21258026607003413510633
0.21234201080094394775699
0.21240506901655062388379
0.21258511663349180520477
0.21256801392280258444778
0.21252476158939168082718
0.21250383791787655352046
0.21251054916523942628359
0.21255263039337338182300
0.21258728675310079037075
0.21245898820957098696027
0.21189172722324298159258
0.21202068799834439261076
0.21250353051879247723299
0.21258509247313270296154
0.21253687150991931731348
0.21258069778069041411150
0.21253901170067712733669
0.21213038818394006068679
0.21119325874093361483652
0.21222582238933929144054
0.21256767638472778836345
0.21230529217965990462780
0.21134083825680527457536
0.20950598261031871949456
0.21147146189806106941766
0.21036087258171734526435
0.20965621738150228003938
0.20770720888972818429785
