0.98689912040775606971721
0.99151392601642462931721
0.99160043391069108142943
0.99468188466023510496683
0.99460056425441401017906
0.99522484437486247177418
0.99678054515581038241834
0.99636580398181984197237
0.99807965861064540380454
0.99729331820365985095123
0.99702891641016466728331
0.99549490270720497608892
0.99719067226007129800536
0.99819986899618784459420
0.99878652193743988618735
0.99771292020811619405407
0.99908788343555510191862
0.99787264088623806035372
0.99884813194137622716084
0.99830594058603427942700
0.99729171340873501439006
0.99736634703715298932991
0.99832870007223006858510
0.99891352083744644474450
0.99910977693438418612004
0.99915248879141871363174
0.99794025027598265431550
0.99911555434808507758504
0.99912897500274400197640
0.99913973969761404880785
0.99887654896465138953943
0.99829993573114095273269
0.99825945877434596464894
0.99880196962864309373487
0.99907994676547573487113
0.99913898873802875488792
0.99904690904465798251266
0.99907510734703941501778
0.99897528888595321650001
0.99908270380988739578498
0.99905768903078540077445
0.99908935163544043689399
0.99900825536434201268321
0.99871603645300877083457
0.99894131776730588079261
0.99905269748965019882547
0.99903992927645302035700
0.99900396005326319581741
0.99897232734419583177754
0.99914527809543574043971
0.99904410706391344465516
0.99923928035503917222115
0.99902821856181800441732
0.99902234150358837361239
0.99904577918096482136434
0.99903427131105027036995
0.99906738079668200303018
0.99905779103840297583616
0.99907263072973162554291
0.99912606906640921700102
0.99915828448105492576303
0.99932953444427463640665
0.99926901868374351511903
0.99939052088078028646123
0.99925555216067696306936
0.99917884393998002146020
0.99911483094272413030268
0.99909735448624537035300
0.99915031815632271428029
0.99920803208611530532579
0.99930073991977108605056
0.99936974758229180082481
0.99934238288322818632992
0.99941416798415028122093
0.99936851815441019031283
0.99940994273341965392632
0.99943613332429570572657
0.99939843905177494498560
0.99930766815793470314588
0.99922672736228212997389
0.99930998669588710914269
0.99938552581645978545311
0.99944833026662605046653
0.99945148093890101570480
0.99936144417100269965459
0.99939507201434496508341
0.99934565198012847986320
0.99938359432778067770187
0.99943614556638826762480
0.99945366700729509901180
0.99942541330547896016867
0.99937996336186774026800
0.99942373125207251138846
0.99943133018803531619767
0.99943663898932977307510
0.99941913107049584752417
0.99934145595517898108540
0.99938041908589236861360
0.99935587989631546879110
0.99938211472939664226089
0.99942091967094870419430
0.99942357771644640962450
0.99942077377813531846584
0.99944010209073308459438
0.99940784196965781749356
0.99941007952079474740970
0.99943956696196034616975
0.99941383791279747583758
0.99943078961399844928337
0.99944539785818076182977
0.99938258034840521393249
0.99938279806478780287193
0.99940893500596372778233
0.99937995071130547586336
0.99948095544576365245604
0.99945775940518633007059
0.99942229679851968260351
0.99943688941292807559336
0.99940409329254176196144
0.99940102222225513095566
0.99944285457896187008231
0.99944480998104268110183
0.99949060074516149487778
0.99951038830656380174133
0.99942612687106346935906
0.99937673280628469552056
0.99943360749803322740092
0.99937917992987734816523
0.99952280912071833629540
0.99951232938583622900097
0.99946973254904691863487
0.99945925584255546070267
0.99940682489698973167691
0.99942043549007664182682
0.99947958983252882525505
0.99948415738359275284353
0.99951433234233699742788
0.99951891349730470626156
0.99943820923065962436027
0.99939131227031297033392
0.99944806878637204583526
0.99941135060009278490156
0.99950931625521277634761
0.99950024261394765368038
0.99948237119884397738900
0.99949456317367280089314
0.99943576684542867472061
0.99944591047675568340480
0.99949899704204414607744
0.99946902038988871819214
0.99948345267114924173057
0.99950649409505720743851
0.99946657094014335065424
0.99943251666100474395193
0.99949032206470445061086
0.99944708100631174385597
0.99951682304479150253940
0.99947715371844836340642
0.99945597786473516777050
0.99949497781702567600348
0.99944798156326730698140
0.99944407468872298316853
0.99949025304633154487277
0.99945436027188239158647
0.99948708836591326765131
0.99953658093751973634511
0.99951144841870742663303
0.99945089717248525307269
0.99952364154262385298466
0.99944605810589237648855
0.99955608585457933479290
0.99950754951674769532843
0.99946719297356512168307
0.99949242508957225616939
0.99943945856328353372078
0.99943879090139808862858
0.99950368488659480092906
0.99948749598805897154108
0.99952597119591179986031
0.99956485595663280285805
0.99952541150557816518329
0.99943890401335810924621
0.99952067220087736920675
0.99943536401918076084172
0.99955934880209840187604
0.99953091842386188048408
0.99950296144866002112650
0.99951887530005922855025
0.99944279099145394429371
0.99944799164234832122844
0.99952904386836771699620
0.99950404329386244306477
0.99951911077916655301578
0.99954377642507241663594
0.99951555629974708772068
0.99943697410061349550858
0.99951396290518668141800
0.99943976477568463590018
0.99952718381784788626021
0.99949754002897495119839
0.99948999139475813713318
0.99952779013618708869870
0.99944924590753503323981
0.99944380871367588525800
0.99951630205339903056938
0.99946984529167193223032
0.99947834867213614096215
0.99951726516046368598012
0.99951508225062402068772
0.99943745092904134885714
0.99951460031255900950953
0.99951593563778318163315
0.99947171746967844452314
0.99945715258591638630037
0.99950315652065446769825
0.99943395040273264040565
0.99942617019526203137048
0.99949972471610470936554
0.99946108932895783016903
0.99947957412075683070185
0.99951891687237715000691
0.99950829257114415238306
0.99951917677393742334147
0.99949561362848782231083
0.99949484241315755816970
0.99948114546094823928968
0.99951248940765125006180
0.99942749704996902693210
0.99944072647367721007328
0.99953808597070636920989
0.99950661555515007972161
0.99950614664373682582976
0.99951204700506257605497
0.99948059690166857205185
0.99949809772889575132382
0.99946938579740185470968
0.99950482251339933803536
0.99952307917327998243451
0.99956451107632648955814
0.99946148345946828062125
0.99948325246117819542491
0.99957704716549189427610
0.99952054998673478536375
0.99949010883549038730678
0.99948294081532906840692
0.99946664579897526170527
0.99947356288436284277310
0.99947257675169187685071
0.99946914232511219200461
0.99949933056225492844504
0.99956694069251961209943
0.99949294243518627123279
0.99948101312256298900394
0.99953726132335685150565
0.99947022129978324578303
0.99945343340510572893720
0.99947393459496092216199
0.99948288684455566244225
0.99948369737504105803083
0.99949162858879025961301
0.99945145603354446084410
0.99944837998647884091952
0.99950097529734749368657
0.99945109613479654608881
0.99941663739101105345952
0.99947525370940926148222
0.99944578509059101012468
0.99946572190543847558075
0.99949858075568054349702
0.99949477446235401867369
0.99951354438434270033298
0.99949186717241089716879
0.99949141211484604507831
0.99946517613157537240909
0.99947276979083010672866
0.99939444812774236304165
0.99939595049702611984088
0.99949495401426247109811
0.99949944172769400463352
0.99952033159220821101343
0.99952513156457178933323
0.99948550724629736663474
0.99953226426985464225794
0.99947865025378579417747
0.99954404433037424837494
0.99953588657296332797841
0.99953203078920582758116
0.99942145523313130617282
0.99946108639217212665784
0.99956859002191167373752
0.99956231916875837306691
0.99955791490710144131526
0.99953548423527571742397
0.99947249540485605390217
0.99953535455945552445911
0.99946617840018547873626
0.99956160514798564342698
0.99957277731971549972201
0.99959124102782681564605
0.99949876507811308279372
0.99944498574780915589599
0.99947124080001137347296
0.99952190107464211621391
0.99959426798266626246203
0.99956794721754738120012
0.99955745928153094670421
0.99953218583614888981259
0.99945857719678488084725
0.99952684646621581254777
0.99945059181941819925754
0.99954915843808089803701
0.99955391127845449883438
0.99958104391716717795902
0.99952564595790405199693
0.99948097482422426640625
0.99947570840218580290326
0.99951452591493950006196
0.99956056300988982421529
0.99953799553722588733251
0.99954079359466951881785
0.99952214667477234932846
0.99944568938442579497661
0.99952247068513311312188
0.99944790455493881520255
0.99953628688008500091655
0.99952625964277974635053
0.99954199264133269942079
0.99949802409233134969924
0.99946265167548753449722
0.99945026044045137680882
0.99948549877144732267453
0.99953135145591642807261
0.99952196211315036400435
0.99953919603815855055018
0.99953187897547324247682
0.99945842056083833426783
0.99955097102757861637912
0.99947307040461619287441
0.99955145401196543453182
0.99952581804703299894754
0.99952954328142407103286
0.99948120594451295151117
0.99944428250965144933105
0.99944570324656212267911
0.99948440491685464071026
0.99953419407423371723098
0.99953641691432604243772
0.99957123639430489614455
0.99957455539543749178932
0.99948318308629235939833
0.99959288756698427835801
0.99947948638130512666322
0.99959231199227438491306
0.99955045027072908503385
0.99954190650379359794897
0.99949133049434490949636
0.99945193517964658891373
0.99945968212851021839072
0.99949859007533969901260
0.99954952354161719085823
0.99956248415714232802287
0.99960596598145246005629
0.99959617056508665022818
0.99945768651838051699343
0.99957998694577776532810
0.99942181835297705383425
0.99960388016087298179713
0.99956654030490699192057
0.99955450887575714169486
0.99950488070463106016206
0.99946746823276344517950
0.99947579774311234857009
0.99951060241979861054062
0.99955461481188656591712
0.99955800665287453110608
0.99958371944469048830939
0.99954876103937961850932
0.99938279777062877240468
0.99951403026397023232619
0.99935363244738761867580
0.99955098874291081756382
0.99953666280958364254161
0.99954822680674804136203
0.99951603782245834750597
0.99948645546320469268409
0.99949939956092515025432
0.99952034620465013414758
0.99953541254393230008901
0.99950776330559731874814
0.99951769440635229724279
0.99949017078679081027559
0.99949639437966653066070
0.99948538681016485529796
0.99948103733758275613042
0.99951903143572740084721
0.99952163956258954780054
0.99951266145987072153645
0.99952224897746511089736
0.99951877896179552873690
0.99950399388664290523110
0.99946550103516074159415
0.99949407888930541510319
0.99949793715696533258352
0.99950714305065035958364
0.99951675136543127742073
0.99946514243104622732261
0.99949558570144758640197
0.99951271198215685398480
0.99952500514175424140006
0.99952028134015236116028
0.99950628079012626692190
0.99949590136209254254140
0.99947551298441372757964
0.99952358485468728588330
0.99952732393700727264729
0.99952878414711165966366
0.99951961833455893469136
0.99948552100556931065967
0.99950185021532955698120
0.99950227713013528596520
0.99951066981444536274637
0.99950043123788012700004
0.99950107489664785642702
0.99950606586811407971993
0.99948362480441643729279
0.99951410085429692742309
0.99949366154270180562236
0.99948197480448963680999
0.99945946990469647364108
0.99946408741490133653684
0.99950109015437982318275
0.99949990885690986885947
0.99949238151225128223842
0.99949003570262917595102
0.99949443479855992755745
0.99948395150927682450970
0.99943153120415872958660
0.99944426822569298884957
0.99943087619124904019685
0.99941704748526072332737
0.99941858226463975434228
0.99939851394902656789299
0.99945940840234126500974
0.99948217945703665687773
0.99948732363955039570413
0.99948006470118189170648
0.99946516020765019394645
0.99943800988888242819996
0.99938069335524293279605
0.99941165554426258932352
0.99942479133400830004774
0.99942835286537423655773
0.99944290753399378512967
0.99938615567885114021607
0.99943093586565590058512
0.99944979178332316038791
0.99946678022967627708084
0.99945080069872804795494
0.99944377852692289909697
0.99944375039369626190222
0.99941257503787550575680
0.99945737032480574946192
0.99946205560881762330894
0.99948442727882336189538
0.99947396200393001652884
0.99944738060200855045423
0.99947225740224221457453
0.99945119001065874098089
0.99943837760797682445713
0.99943554892488950525120
0.99946956958105792612201
0.99950451504043336115046
0.99947539336574642288014
0.99949850964639086470243
0.99947618455291897809900
0.99949777082161994634646
0.99947238206559962936382
0.99948651799388488203846
0.99952745867196191031923
0.99949040590950366524936
0.99944325674524503444474
0.99945694253252648220354
0.99950403883687499728694
0.99953358321496776905946
0.99948114239154439708557
0.99948854621037630518998
0.99946798717996476746350
0.99948073130856607271255
0.99946589177222300293124
0.99946880574307350730834
0.99952550000964135445969
0.99950473166370457089869
0.99946863660110307758799
0.99943009883976052787347
0.99943503320466198225347
0.99947162565576297410530
0.99949442758273365772226
0.99951338749031792829669
0.99946193920933368293191
0.99948060440397068493468
0.99946436573220864829636
0.99948731046937311361944
0.99945898351713058360701
0.99946707220328423471045
0.99950857465787934508228
0.99948071848020525465017
0.99946418408706083624793
0.99943048860350891526849
0.99941656416918667193983
0.99945023255526843630747
0.99947187822802596723903
0.99951548346492913310612
0.99948136461161873889125
0.99949398781251064249886
0.99944652914772380558617
0.99949302587295818511848
0.99942835047991951391566
0.99949425431044958134663
0.99952873782940288016619
0.99947038944540356197876
0.99943598068520511645829
0.99939789158936065405214
0.99938027452542033124416
0.99942557956927802198521
0.99947149600448959017029
0.99953627762088836927745
0.99949463431482410413764
0.99948151854572009344935
0.99941015453329029583074
0.99946383814690786806523
0.99939825350888222832424
0.99947846071100143738875
0.99952741783089438243337
0.99946557921859768836015
0.99941827103021618761147
0.99936744457064785596145
0.99935962155221014224793
0.99940954044617658080796
0.99944595595664165177396
0.99950060447401478658236
0.99945218785994660581906
0.99944847607250275611790
0.99939454275581107722815
0.99944208509308651855463
0.99939381139924388097739
0.99942888859963097125672
0.99946582567803321506261
0.99941379902996296813456
0.99939578469895840040493
0.99935458105327579225730
0.99934998635690652779573
0.99937827023475622745252
0.99938097019551463962017
0.99943958772389995814933
0.99941978745984061394125
0.99944387241951093692194
0.99938496130355491953168
0.99944428129537687954809
0.99935661486204674375244
0.99942631062387587981277
0.99943404949022174310613
0.99936220023133570666829
0.99936447541792727822241
0.99934607366819805385205
0.99934542127143854983728
0.99936312246541103565534
0.99936586183691189511080
0.99944805036106165729848
0.99943633047998681195878
0.99942905955886274238509
0.99942902453076054580805
0.99938671355714503441448
0.99946379242987293256562
0.99938559969813733907529
0.99937729926659391033184
0.99935027458186520554762
0.99935860385952590689840
0.99939848526966945652106
0.99939994635841888914740
0.99945461738018392949812
0.99938578919373888265199
0.99931511394083849531000
0.99930111173346591879607
0.99922409954268653908827
0.99939904146961022757267
0.99938179106493318926141
0.99940733894273259263485
0.99936190400181301729532
0.99934655516096615457400
0.99938286996328395961342
0.99931329073921038030903
0.99929465122611960126164
0.99918875501389936566454
0.99913190408710694789818
0.99907745225034760849780
0.99905445609059484457504
0.99916343745588409586134
0.99919923345118932811459
0.99931409329265097341022
0.99929914343502634910266
0.99921374954985819893949
0.99920957613982619438531
0.99907052012859953737944
0.99904551706176847325480
0.99899489535884222757289
0.99899572425504312711553
0.99895489155875927256290
0.99893615940372382233647
0.99897850564079071489232
0.99897158566007115965135
0.99910037742617308076376
0.99909559470552378179775
0.99896068306563001737430
0.99902334622389543650200
0.99893700486793957082909
0.99897401909773309025553
0.99893480855943095342298
0.99882517210071819491191
0.99886921233715142420806
0.99858412218340497634728
0.99899773740334385507822
0.99896849304880219744263
0.99900301811095548742969
0.99883289647559303503499
0.99875503326269787773839
0.99903047291359436954394
0.99901642634447540558540
0.99896363157616874239864
0.99865549216654903030843
0.99810814969587213774105
0.99815748841202622809732
0.99874463344854802482331
0.99898068874610457257290
0.99905153867951534962799
0.99869748228956312097182
0.99862128921529513814193
0.99896951416727952643981
0.99872736299824449446305
0.99819809256195735081008
0.99725313306409679725562
0.99719909014850116601991
0.99812096404234351698648
0.99866207836466558411814
0.99844601758684492498475
0.99805112347498825542402
0.99799937791548631871308
0.99704616857857708556168
0.99543529670628438932312
0.99686174665165738772998
0.99728536037774617728502
0.99595129283063354996841
0.99511290551554687500158
0.99262465950445255558066
0.99378143397193263730571
0.99017286273439553134779
0.99048586028134566472403
0.98521430311577873339957
0.98695930411599408493828
0.99153209659291008382098
0.99166318551140997250570
0.99470061454823743840592
0.99466545829977726089766
0.99524833981127169835190
0.99679950197489142205143
0.99643253894005945348056
0.99809860072128242514111
0.99736170957471970144326
0.99705273637660185581666
0.99551009609746476947123
0.99720650814893574409581
0.99822380191670001536863
0.99880527933630536274734
0.99778287729875625444720
0.99910635321996099644792
0.99794414023576427652529
0.99887200655270147464648
0.99832221351951733190333
0.99730974358313406735732
0.99738545411686174713140
0.99834704284283215525164
0.99893005323909100923174
0.99913346424037530191242
0.99917062372830489636044
0.99801330414862987616686
0.99913335888791865446734
0.99915239394803867511996
0.99915639884955631533359
0.99889503226158249393762
0.99831937698118844437545
0.99827992164752188397614
0.99882159974612860775522
0.99909845084848258878196
0.99915569627762024218498
0.99907003053922016633237
0.99909261408039484742005
0.99899812560665313121433
0.99909996335341655360196
0.99907441692874454641782
0.99910781384460090048805
0.99902797201317761199846
0.99873676626861696004056
0.99896213982818959919996
0.99907244594727373510068
0.99905833175572245075102
0.99902071929496305546792
0.99899490724942741071146
0.99916234786145352586573
0.99906646253998998563617
0.99925620899819311837575
0.99904503653531973039748
0.99904069901175629464518
0.99906554059194807582145
0.99905481431911513645616
0.99908763467960792770128
0.99907757667715657579066
0.99909096759515958474651
0.99914297227995063632733
0.99918043388124599957223
0.99934636048857239387644
0.99929096978345710589053
0.99940727280407593013933
0.99927255209554388670767
0.99919718608224450395738
0.99913465706123660847737
0.99911734545578911870223
0.99917006339911185186509
0.99922791091868967683354
0.99931909424366249794502
0.99938683774181125141212
0.99936413246387467701481
0.99943087352741954987323
0.99939005654814050405577
0.99942663590792679695340
0.99945329513984382252545
0.99941680022110102044053
0.99932760137734299998868
0.99924625915303233458786
0.99932931673670566397050
0.99940550723969878710307
0.99946667985834858338734
0.99946869712362995663568
0.99938276553418625702818
0.99941179085210518628912
0.99936676315001282677741
0.99940038162487665474032
0.99945340300091911611702
0.99947199272200160091728
0.99944542977428729724210
0.99939910897555761515321
0.99944269419260334252897
0.99945137116195181814504
0.99945493420159003949976
0.99943642880866223610070
0.99936236932954702893994
0.99939731981028667728850
0.99937661105981112630303
0.99939917515642007206367
0.99943826118803935631973
0.99944184555718673657054
0.99944083056657362362785
0.99945889285110900424058
0.99943028115905474528802
0.99943269581613181085089
0.99945818834099831029505
0.99943391237921352932005
0.99944903700993292794408
0.99946279005321692068264
0.99940314006960584425343
0.99940006044622409220324
0.99942933232569397539180
0.99939745860234852070647
0.99949839993324463005564
0.99947599403111608840078
0.99944239570103510228449
0.99945535861094991769704
0.99942688825484071735161
0.99942399991536146064419
0.99946118487616486536496
0.99946493911289080447347
0.99950882577200783618565
0.99952788141189241599704
0.99944636953514254251729
0.99939452899817182718323
0.99945370406032096877169
0.99939731091359962356080
0.99954034174548611613176
0.99953054222009485307865
0.99948988990004639099141
0.99947746620968369590798
0.99942998920158476749975
0.99944378922999710379571
0.99949769055244230830937
0.99950434111294883532395
0.99953252469363829124660
0.99953647820929558687197
0.99945816620586003242721
0.99940982470024852801771
0.99946789790213486082138
0.99943029194390020641947
0.99952690901705243398112
0.99951840851569806467580
0.99950257501288353179092
0.99951256772339780454217
0.99945931208484029006911
0.99946964376720159872747
0.99951691012436949534958
0.99948924237577863038950
0.99950159067615973462750
0.99952411563511078806954
0.99948628726773514063808
0.99945193116841646308046
0.99950993986825997783541
0.99946701028310691583556
0.99953447495631675412397
0.99949526981938008329820
0.99947621600774638750408
0.99951280890524407674036
0.99947189752716647515030
0.99946816570198504514622
0.99950801062389160733801
0.99947461807884674378499
0.99950518728129911227853
0.99955426475196107460874
0.99953097819290115388924
0.99947138149699898956868
0.99954309081287118221582
0.99946713942737186453513
0.99957379922870503996535
0.99952563342857358996696
0.99948747438611851290347
0.99951012293615704162875
0.99946371776317755042385
0.99946321472180543743491
0.99952133317973512749433
0.99950780684032791700844
0.99954403956325932334437
0.99958259476046129599069
0.99954478999170315312028
0.99946062322058770721611
0.99953999308782670585316
0.99945776689316034868682
0.99957710581157277474063
0.99954896791721681292842
0.99952329826794139577828
0.99953648484795254436364
0.99946737288407361265996
0.99947271988396879649486
0.99954661972031633165869
0.99952439931438652465090
0.99953713484878670136879
0.99956154639194594313523
0.99953483388756181327039
0.99946010459297662809064
0.99953321032426534209492
0.99946366620332716124153
0.99954496523492630810637
0.99951553379922353226306
0.99951036030980744406804
0.99954533646121435097598
0.99947410766484656718944
0.99946878949018658211401
0.99953382136117929768204
0.99949022631432427044018
0.99949631237639635639169
0.99953506029749572547871
0.99953431454754071427971
0.99946216306442259291742
0.99953383493545078231080
0.99953374734523448008616
0.99948965665195899088502
0.99947754868589178123273
0.99952065493162833842433
0.99945903579604966626704
0.99945134368591515006131
0.99951721114683511615340
0.99948150440999816712662
0.99949749402179988155837
0.99953674461597807887614
0.99952754350930939075681
0.99953701872456279797774
0.99951489363514778307973
0.99951274491435027069741
0.99950158288094714809091
0.99952997512835917159890
0.99945274370766312710401
0.99946603327774496960956
0.99955558077743522638059
0.99952707802713425255803
0.99952402930956962823217
0.99952990248408779550005
0.99949992071984472552515
0.99951596386524610426960
0.99948877202401320563041
0.99952268092451646008811
0.99954356473759686796399
0.99958202000251150654009
0.99948683595224185882699
0.99950833414920037256479
0.99959456894964038298212
0.99954104935182375157865
0.99950793915792279786814
0.99950081717873884290526
0.99948611803426934407923
0.99949145306225095630737
0.99949215490888421165039
0.99948694345009225781240
0.99951983423877066581298
0.99958447134671990497168
0.99951753002349430499152
0.99950511983182421804628
0.99955479881125397501052
0.99949072642588654424856
0.99947120411079881652228
0.99949184289775638845299
0.99950258797137614408257
0.99950162938179831773056
0.99951147264450346252573
0.99946920342892842104021
0.99946888948964485166471
0.99951851938184288481892
0.99947475712745192932829
0.99943987073439977120159
0.99949280947572138877888
0.99946630516525480913970
0.99948345233276314480975
0.99951654145511159565984
0.99951478148837791248837
0.99953153519495885337420
0.99951205504289108993987
0.99950912983536865930034
0.99948571261516983010864
0.99949034708159023576712
0.99941729258983513783932
0.99941843217689152467642
0.99951256361493701074750
0.99951999801963076208722
0.99953803821374098692587
0.99954315408316463109628
0.99950589435254488801519
0.99955032217846173647757
0.99949925774943726430877
0.99956173817455706842594
0.99955646446510515445993
0.99954967800793936838488
0.99944361659359792771085
0.99948295166271805545222
0.99958627526951215891415
0.99958291629574136383241
0.99957559211202651194839
0.99955358070541155957045
0.99949334662767863601829
0.99955349176119234755333
0.99948729669471880754372
0.99957926443496958324175
0.99959338477825199209548
0.99960895871927879507979
0.99952036218509199283488
0.99946952814296485811951
0.99949558968793816848830
0.99954324205804978564771
0.99961201145227562836482
0.99958855767686172200115
0.99957509732313476469301
0.99955036637214977890409
0.99947998467208287731722
0.99954507497330924437051
0.99947231051638296683848
0.99956677417980355215832
0.99957452183493711306284
0.99959880738080975071114
0.99954675209583321304763
0.99950510930120239905250
0.99949960362928058632548
0.99953541016138736097218
0.99957834343397844456547
0.99955860605561408505082
0.99955838646419747917093
0.99954043075825416142521
0.99946774627160006598814
0.99954081584555853901009
0.99947032954964576401125
0.99955385949870512174442
0.99954686951974969222334
0.99955978749515950187998
0.99951870842238033088023
0.99948628803970640532839
0.99947361938637691025633
0.99950599953441598977122
0.99954916304241736568770
0.99954257183040562395604
0.99955675204358784835534
0.99955029303167630683191
0.99948124015056627467146
0.99956946311004157834645
0.99949631156203699866580
0.99956899663702836189572
0.99954642851726593910655
0.99954737369710977556991
0.99950154761190279639749
0.99946735285425958306149
0.99946847819357620412717
0.99950460660734585793818
0.99955204410408970971957
0.99955703200354928394944
0.99958876764203974385481
0.99959313474014721556671
0.99950687212720257246445
0.99961155892597020056201
0.99950364715169837115383
0.99960983295538596848928
0.99957107013672996664866
0.99955977362868564384257
0.99951141305944302128950
0.99947440351171146222242
0.99948183482449104442225
0.99951856732015975648409
0.99956740596927096120794
0.99958310495568492015650
0.99962347541995866251341
0.99961493605883500190856
0.99948234322004991803112
0.99959884665260312353041
0.99944699349629384510507
0.99962137120470695439423
0.99958715649110518874920
0.99957240370484490288305
0.99952477002399620076289
0.99948929673384090399679
0.99949730424627103442248
0.99953041760909366875154
0.99957251903439670037699
0.99957861483429011340007
0.99960118609504244879815
0.99956771917964659657230
0.99940851870411873125732
0.99953309422545666418358
0.99937993297234439804555
0.99956842708886395332257
0.99955725715939747200167
0.99956613465689569952843
0.99953579455625973793076
0.99950763363245243020572
0.99952025230320284965302
0.99954005624820552178278
0.99955331903540634019834
0.99952833819355635380788
0.99953510435516379484255
0.99950935325020406896357
0.99951378098519561010704
0.99950470127768964445636
0.99950159060475785022248
0.99953693361581852361297
0.99954131515512734118545
0.99953318969861648657371
0.99954245986995360340188
0.99953842955225058464208
0.99952189075231190340531
0.99948603586812989618693
0.99951144830623150916438
0.99951739955781282453984
0.99952450016917981923115
0.99953637542869888665820
0.99948566398610527716784
0.99951347604042151129278
0.99953234951463609814226
0.99954490564450415579500
0.99953987591638626675206
0.99952591417798586359567
0.99951378527075340763020
0.99949602330738152033973
0.99954093189174908484773
0.99954711540660978741357
0.99954611768613399469530
0.99953957987408781349359
0.99950601659289939338038
0.99951972621137319396922
0.99952191738233486795195
0.99952996808000815764927
0.99951945151833820890630
0.99952073147211617509811
0.99952393230679792424098
0.99950409965288766755975
0.99953141375830989456830
0.99951379856652655675475
0.99949926001996702851216
0.99947979199232994673707
0.99948453568544293190712
0.99951894153624054606411
0.99951959248506039301674
0.99951116897136638161925
0.99950840997191769954355
0.99951415044778524343627
0.99950177943273443847971
0.99945194687811611533590
0.99946152488638617672478
0.99945139609732502883332
0.99943427953002650365733
0.99943931497404836505893
0.99941889419673335392957
0.99947720692369379502651
0.99950193250013763535122
0.99950533461029333892611
0.99949775983626476527633
0.99948495503409851004051
0.99945577925969897314928
0.99940104157977971421900
0.99942886962870081113408
0.99944575360533138841390
0.99944555607283225295845
0.99946411533246681813125
0.99940647991699549379518
0.99944867902712342111471
0.99946963699388846613658
0.99948420726405384773017
0.99946800410164582384454
0.99946368101742355527506
0.99946147133078766522374
0.99943288265746177412296
0.99947456706528936543066
0.99948352333370527045275
0.99950161736457754368956
0.99949569748544664360423
0.99946767392283897279981
0.99948995885951530393498
0.99947116129898816438981
0.99945539957074525094782
0.99945243887870982568700
0.99948961721600215746264
0.99952219723028035147649
0.99949566730884209508901
0.99951568856885220082376
0.99949819459452915459963
0.99951493379843237008231
0.99949467827852034318425
0.99950676696857210234981
0.99954511702461779076856
0.99951053541716650130411
0.99946005862475728598326
0.99947370114626754578069
0.99952425047775295130492
0.99955121091258547494363
0.99950136216332607919099
0.99950569134320210729072
0.99949058238163568379520
0.99949785987273165321909
0.99948879842522631022916
0.99948899345020858486777
0.99954309033093313718865
0.99952502473395199444894
0.99948538545333442950636
0.99944763881642229019775
0.99945263024143793373355
0.99948840190216947654278
0.99951479917144026021703
0.99953093661274550196794
0.99948209607345994687222
0.99949771994630653981773
0.99948759461207903331825
0.99950441644578891242645
0.99948254575886164019494
0.99948720350120923150428
0.99952608636295958710605
0.99950116972952351979131
0.99948101688677160048258
0.99944817739760349883937
0.99943438191838718243076
0.99946715855055678900953
0.99949240940903794072625
0.99953296330446272932591
0.99950147479623019375339
0.99951108591424153715366
0.99947043569250093586476
0.99951011435619263600927
0.99945261463062562423687
0.99951434471784839086439
0.99954618560260877213608
0.99949100756072628559679
0.99945302691359660940407
0.99941587521595132148633
0.99939846317590030899680
0.99944278201934300120968
0.99949219694767443833427
0.99955369153070572352249
0.99951470176368217845919
0.99949859559002107722847
0.99943478774981198142768
0.99948090379332699129122
0.99942326890431376629209
0.99949849950987079694187
0.99954479381943739380034
0.99948636146692781956347
0.99943565581034321532172
0.99938588165803587948233
0.99937835354277926303013
0.99942713983837971891688
0.99946681113491120385106
0.99951793818257539392391
0.99947219670660847334887
0.99946553297501783408308
0.99941995887824419675383
0.99945913774171080135034
0.99941964456432075269987
0.99944887217113265176494
0.99948311466621819754153
0.99943472325965687641514
0.99941361775681347712208
0.99937365036492886716246
0.99936943798390409643417
0.99939636456482361381859
0.99940195741901383108541
0.99945683611979119209678
0.99943975326468525999246
0.99946092604554814808893
0.99941122215448230381440
0.99946133841890383298079
0.99938331105135125298489
0.99944626444334583315054
0.99945126455121235942158
0.99938325357890978040132
0.99938285080907796054106
0.99936595234532654696835
0.99936577945833071634496
0.99938181088118416273147
0.99938698389379998499038
0.99946524251511825731598
0.99945627673103010213396
0.99944611757777113147938
0.99944896139761352227282
0.99940376630933580592853
0.99948096443641876174269
0.99940679389820563649494
0.99939632078131068748661
0.99937115750277383252609
0.99938006293727710271924
0.99941786603566751256977
0.99942120124479205678369
0.99947176035254226000859
0.99940570772822201472962
0.99933215515689421959422
0.99932099916853167620445
0.99924112663725284111393
0.99941614068981388108170
0.99940309473550204000247
0.99942708753123199461044
0.99938399188565452124777
0.99936931780229654176395
0.99940299696499224069157
0.99933461755962282868637
0.99931169366911243301388
0.99920860526500709930531
0.99914892074560623935753
0.99909726980829727249755
0.99907147274299001882270
0.99918041539567070685735
0.99922056333314390741407
0.99933459288815629228964
0.99932262876095367953866
0.99923800167742671263227
0.99923045486308137430598
0.99909183828470393695653
0.99906243663400573495892
0.99901469563029421383504
0.99901275209441264824051
0.99897469210432854325177
0.99895320255832165123877
0.99899538572034218830709
0.99899289534410140589671
0.99912164109339784978658
0.99912066393657417151530
0.99898663064685089274519
0.99904502157252461636006
0.99895831990356565022182
0.99899088381842393591370
0.99895461954274078486549
0.99884221980232290594159
0.99888902286644198902366
0.99860113843499775931889
0.99901459981754792138986
0.99898983122915541166265
0.99902512963336742579656
0.99885953448397013509918
0.99878095918718978740714
0.99905305069380734295237
0.99903778100975704212772
0.99898047451789484529883
0.99867525641061327679182
0.99812506306261405963909
0.99817711238604001078301
0.99876139280329578884476
0.99900202589468367619929
0.99907458314648966979377
0.99872280618092712511924
0.99864604726234851295175
0.99899300084329201165900
0.99874859433969376265594
0.99821465651187601952898
0.99727248016773406558144
0.99721530530818303095231
0.99814195831496999034016
0.99868593348768719408781
0.99847027596120452308526
0.99807486103744813554783
0.99802348832974396852791
0.99706675104183495328414
0.99545526914046889022103
0.99688594993543944156045
0.99730854321214457147704
0.99597378009512171903594
0.99513700207952826559676
0.99264839907940360941296
0.99380304528425111865175
0.99020978198039122375462
0.99050626676284925231641
0.98525161516585613163954
