0.68337214148390801327082
0.71399563881154237687809
0.70790662462206455085578
0.73149722249661930373321
0.72783356158650425182799
0.74504243590196905788758
0.74498410865245623391218
0.74311409713762888173960
0.75490217786794477916601
0.75403505881918508890749
0.75392789409336968819986
0.75159546698726953373182
0.75774816520699550537188
0.76044623703968305949985
0.76176496290748652029379
0.76125345142107392337749
0.76622091962515148644286
0.76561941586377502133587
0.76512007557558425752120
0.76267650936203867928498
0.75925578416189432040539
0.76031328994600821946648
0.76378706101614801671218
0.76661277584959797160025
0.76843640750008601614240
0.76900779915998007663092
0.76803748560760931596292
0.77067510387573723296128
0.77074470900158387198786
0.76966814522818560728723
0.76761827533472126727787
0.76484848700100516172284
0.76622996623914096936403
0.76864238272253915251753
0.77064320870990832279546
0.77190029652814118321658
0.77229072449985503023839
0.77172120228733032121227
0.77325997768923837583088
0.77245622228059473979300
0.77334605308055048844551
0.77272666772364873022383
0.77145810407073822645430
0.76964368899820301272996
0.77198378182693327964614
0.77319234852880502906203
0.77389324742528597944613
0.77410123159131760672835
0.77382665888270107945601
0.77305184575651264555773
0.77411217601675519350835
0.77358339944646281605145
0.77433136431043259051421
0.77428415563348984562708
0.77395039608492965932385
0.77327076556069329615895
0.77367702016052775082500
0.77399134784468803793800
0.77416021909473886619679
0.77424582079574311155312
0.77424169542875631577772
0.77405507423773733943761
0.77431780310573783410177
0.77445667201565082660153
0.77406416127785182546006
0.77383012748519375278988
0.77367146150888377320598
0.77354755097733396418391
0.77325148010342525939365
0.77332802549662826852028
0.77356698493427078489049
0.77396109098356458133594
0.77441961743968890097278
0.77478289443280179416007
0.77459328427063878219627
0.77504745566473198792323
0.77403875854898607222765
0.77353937821876028735346
0.77320554614638337120880
0.77308263556384126946597
0.77319857037972139490734
0.77340153699170743895053
0.77379526024702960373958
0.77431195010487463559201
0.77485311461726225079616
0.77528642402854242021704
0.77518340936694463128021
0.77553588498761816261151
0.77473461639417573465494
0.77427186259894031916673
0.77387593364851681165817
0.77360531975207358357238
0.77420440233433351906456
0.77449938383360950044931
0.77484745718015735072015
0.77521117385654170206521
0.77555245885815693451804
0.77581734430548132674943
0.77591420321443627106106
0.77612356851202390917166
0.77566373604120497642356
0.77539512616688732737913
0.77512105614380522045082
0.77484854052492024845122
0.77477156974440408720994
0.77532930556245149844585
0.77540791785702734006946
0.77563126797739101458973
0.77583312729197373425194
0.77602909491235760874872
0.77623238468743605000810
0.77642620155806474357973
0.77647160085669575391165
0.77667558507681866419858
0.77628455169750942843621
0.77612760928157775719427
0.77598444737411920169023
0.77582095780226356662723
0.77575312543205621196307
0.77604836280919797797395
0.77609952793619918498536
0.77620416109240009117087
0.77630575561766601566660
0.77643886932744687889851
0.77661890289443391566238
0.77682872168978023275088
0.77667509796066092064848
0.77686207113861949213884
0.77652269985437816224305
0.77641842568884444908406
0.77635284730882569981247
0.77629757163986967682945
0.77626597220146775768512
0.77646976553135338416922
0.77648210151359586816966
0.77649489562660223285206
0.77651744670559530447917
0.77656825616590308136722
0.77665908731455457481019
0.77678444853084938070964
0.77659971625097490299794
0.77663588673673233930828
0.77660106524951344475483
0.77663029687890305918785
0.77666711611856464880788
0.77669547460636811919699
0.77669965224042947227190
0.77695121027045543904421
0.77693317445164766787968
0.77686154387671491061695
0.77675399459702199056466
0.77663355736204653378962
0.77653078967831790091481
0.77647300415035558351917
0.77648194435366002519316
0.77634968669493953363769
0.77666753127857324212613
0.77686780519652620657922
0.77704178254666012026775
0.77715542481209021197230
0.77718755292587460292708
0.77735208806588473873234
0.77730689594983459755895
0.77716034521816801383665
0.77694470664325243625115
0.77669887235255929969213
0.77647090739468827003122
0.77629980079490057409686
0.77649875549825353449052
0.77632331806850884969862
0.77672501754814171626151
0.77696992937972286785708
0.77719082025518271272801
0.77734943460776040335958
0.77740364793863736547763
0.77733608738168513685451
0.77728056026499714459277
0.77713780281061939358977
0.77694989728760566194410
0.77674442393083353852745
0.77655156872293784608985
0.77638991087670250479391
0.77660328137818457339137
0.77645017711719277464510
0.77675843555596180145528
0.77690776709173081648885
0.77703879555227128861361
0.77714016594826818007391
0.77718462061661530704271
0.77701495548118337808319
0.77699430805563363122701
0.77694535582430912512564
0.77687197412001718355157
0.77676623897579843980310
0.77662645031521471139513
0.77645664885892817785873
0.77659951024085027704302
0.77638175987669899580368
0.77676329060771487355908
0.77686176337099277500187
0.77690139438334204768921
0.77690459415447821189815
0.77689431092966687586454
0.77686825538407988656076
0.77690501565250913440508
0.77692213782988805981233
0.77687611851882332203445
0.77674069925369404465698
0.77651658149131252972808
0.77622884206206776980252
0.77638626023318657587424
0.77668828386276123065812
0.77689322313782005480221
0.77698517367709862835312
0.77698373040839474601427
0.77693591586360644107856
0.77705366437982303917664
0.77708686867547671628387
0.77704034706563673839952
0.77687851561478482587120
0.77659841712836363836203
0.77623476089617149398237
0.77647281292509540140401
0.77609427171882483520449
0.77680048050158734262993
0.77702774816838104943173
0.77713997410635615725738
0.77714893638606141745839
0.77714730924168384795792
0.77707666124269003660174
0.77690464351539811893588
0.77664415093861260963592
0.77632577201821073575871
0.77599621630881965295146
0.77617841815929278226349
0.77596165022577989756059
0.77642524047248850926906
0.77666428202756976340027
0.77686646342737375459109
0.77700249136892629575613
0.77671028493541871551287
0.77652983610966996863567
0.77634540792622708238468
0.77618247486811076107927
0.77606267815775287211011
0.77599947224654708399783
0.77600858870160982494468
0.77610484222208808713361
0.77597088497606925283634
0.77601204328382000774411
0.77613350541594994247419
0.77631981166368302371694
0.77591712311292038162236
0.77577382440412623321180
0.77575103687503466076691
0.77584973287962610832835
0.77603574962806465276088
0.77626321608891635239758
0.77615164399766733982489
0.77645744797611970788864
0.77585290511673077329391
0.77562698056115797484722
0.77553376806054019620973
0.77559732509993228877221
0.77543231900779963083892
0.77547133103395582409689
0.77567323997284631786897
0.77598940941519689573624
0.77634487548099673226432
0.77667048352725276405550
0.77659112197505197894287
0.77688695105885408054291
0.77623293019514139068349
0.77587600342631057870335
0.77559590749979667734237
0.77545423450881623139708
0.77564470420118913907004
0.77586764353851278563923
0.77618549047780083238735
0.77653758034531406018175
0.77685546728347754097399
0.77709408641082833302249
0.77709993377851183105065
0.77727898694608987817389
0.77684138907431721232655
0.77652960922732561233062
0.77621514691617454761996
0.77594730383616894453525
0.77629287541162395047678
0.77656130265598666273519
0.77683764663723486876279
0.77709169516583742609583
0.77729354905166492262225
0.77743035721086528599955
0.77741883989887450301381
0.77753707379574554803270
0.77726017038654005020248
0.77706480599686955645922
0.77684567437746354645611
0.77661376656247749217243
0.77654046241615037882156
0.77681033029024348923741
0.77687178440692317149541
0.77704054519851883942039
0.77719306107469265931798
0.77733865600997709144337
0.77747327089496220953180
0.77759411250126875270183
0.77747003623462174193293
0.77760277915813169613557
0.77734711598250993969117
0.77724070994001803747153
0.77715158935073780366309
0.77706002074110702704246
0.77701959643501716801239
0.77718406869915102053170
0.77719337449252179350623
0.77721040527975027156771
0.77724470444901427867990
0.77731975371103956273799
0.77743351862794063400486
0.77757307281494625339491
0.77738982986510118955437
0.77751971889526905190593
0.77729283231264734155275
0.77724613510361040269458
0.77725639304173044230595
0.77730016170817450849029
0.77732118207179567992426
0.77744948561868953973431
0.77740285565510669485434
0.77731819827574610837218
0.77727433292452863256017
0.77729159251961654764074
0.77735946786168286237739
0.77745719743999164297321
0.77734742173519044694530
0.77739196191650827838515
0.77732264717064836201388
0.77733782345299262672711
0.77740590147348020977347
0.77751065544148889596698
0.77757222046867169318318
0.77767986156575796830026
0.77761696294120286054863
0.77750720940495510191681
0.77742119787416152920656
0.77737057010370824716716
0.77734214125754907964705
0.77731936346242247459770
0.77731861265496682289466
0.77722530206799111951455
0.77740529377157396861975
0.77749473252941558865103
0.77759674773170051054194
0.77770151397797471215512
0.77775772601553927465545
0.77779245634967342226673
0.77774595300732518587949
0.77764515268533906944270
0.77752386367933434829780
0.77739330699389530554555
0.77724939005113102830080
0.77709127710041736580848
0.77711353508609104512317
0.77690674354626165776239
0.77731050559229664109751
0.77748499181461938611903
0.77763334988128895997050
0.77773993990613410343116
0.77778120313348564351941
0.77773349078817155533017
0.77768580275135124058039
0.77755765448647184978626
0.77737211126742100653075
0.77715184457021591057924
0.77691134998771549380336
0.77667376192367909570891
0.77666108617284312920503
0.77641414113806783703353
0.77693615906813884297577
0.77720160788300329812728
0.77743235925020959253828
0.77759830658498241273691
0.77766501697881995625039
0.77759365659179524588041
0.77749374350075262096738
0.77728207434355678362436
0.77700363933110361269740
0.77670057759166044597521
0.77640456995275430873704
0.77648721310806112505531
0.77618541153270803611974
0.77681681660590584659332
0.77713355312408327613127
0.77738869328016979576290
0.77752590612255900737182
0.77745713891423340324849
0.77728826355455871155442
0.77700406703629076865525
0.77666808467011827499249
0.77633304899379329544473
0.77603698675538645979088
0.77625099067484892856328
0.77597259923265793357672
0.77657053201662529229310
0.77689828701795571319622
0.77718516002755688720782
0.77737085118865956179235
0.77724542308504274146230
0.77706622861385399314571
0.77680552212488873653484
0.77651294220580358018680
0.77622943662142740439691
0.77598001940819438804198
0.77623771098803540091637
0.77602744081169439116508
0.77646939825609984087151
0.77670467688057920341294
0.77691500047083250635183
0.77706533468511207463081
0.77683035213412388042542
0.77672207252843838976020
0.77657697688696303295330
0.77640940899309041078880
0.77623952349956315543977
0.77607880136576989915653
0.77621077253700387910129
0.77610962578515196863549
0.77631376712904842651852
0.77641168019214612527890
0.77648996722908703027599
0.77655208314452150997198
0.77626121695030481095756
0.77624058752677083106164
0.77621828084621147247901
0.77618667580953581985881
0.77615195569715511592079
0.77611991690176251879052
0.77609160799664367313966
0.77613538311019902860011
0.77605530107863429645221
0.77602817495935050295941
0.77600270113826341766838
0.77599054194100214321139
0.77577526192121515347111
0.77581278230954786589990
0.77588243363532682916883
0.77597006078880170765188
0.77607745416611606525947
0.77619708249029062407942
0.77615614024675716464685
0.77634409697098571978557
0.77597648903837990186361
0.77582313970700322869334
0.77570325438429510445104
0.77563401788836394690207
0.77557698233391225706157
0.77569520366377675557601
0.77588028768867967066569
0.77610618128432262707861
0.77635382117345907992956
0.77659182303972318361929
0.77666092895810245888555
0.77692434837307056127997
0.77635553999485129583746
0.77605580411159069686988
0.77579178903931067523558
0.77560280242411250295476
0.77570247149419357945987
0.77597699365461703102653
0.77632197322627682911644
0.77668671006089573527476
0.77702661813448214989108
0.77728818465747473442917
0.77737968039552951537985
0.77761283879403908514405
0.77703554111428785322602
0.77663057068419460993169
0.77621897578888165991629
0.77586476108092738979138
0.77607547239461527333049
0.77648151111395746770683
0.77692029961885611388794
0.77732343664518543935316
0.77764541941101539279657
0.77783292768815881501610
0.77777007311260626387650
0.77790772439055044795708
0.77750155857724834174149
0.77713914023641372796902
0.77672671846177099297392
0.77632191038688624917796
0.77620424391934672581073
0.77647376430235359734411
0.77658710097668937066828
0.77693015093639117285562
0.77726449756544491176413
0.77754450247191186917917
0.77774499891598336542842
0.77783858304534370109451
0.77760424862742250073921
0.77766546570095462787009
0.77747476696709527654860
0.77729696949225457469623
0.77708183656481155665574
0.77685322891747687901187
0.77676689617146699173844
0.77706383946458057465634
0.77709749725774712736381
0.77718341139826174757133
0.77726623343754430717212
0.77734100084047796919151
0.77740851177943171013140
0.77744902896559531235710
0.77722184243686975868570
0.77724446885237818971603
0.77720028364054571934361
0.77720953601330522442225
0.77724549760945171872351
0.77729724763787388930325
0.77732493141626879396000
0.77751230592784859041444
0.77742918996236454187709
0.77727338522669320308722
0.77715533350793775113630
0.77709115067892609030054
0.77707790642791918500620
0.77707598240657016486210
0.77696980067440890582731
0.77692507810383049093872
0.77701288107980159836075
0.77710785474336885325641
0.77726650937318197964743
0.77747695083661605419678
0.77759727461137750914588
0.77756755920663345182930
0.77743434641021835762587
0.77721431832482135160234
0.77704409692678977350511
0.77692856544439725663409
0.77684661582994463113749
0.77674030179094077919189
0.77664008329367317795544
0.77645887832623705637758
0.77677815390308124765539
0.77692408387435529792953
0.77710061872581714936814
0.77730968962591384663341
0.77743611021761527268836
0.77723747457293124174527
0.77712190662347779834818
0.77691596677936891612859
0.77671189814058583245071
0.77650862825577315895487
0.77629724172115865954424
0.77604528791477100924112
0.77581265231984597452453
0.77551057792461597362177
0.77610624089639346223635
0.77639370475982716346408
0.77666519447328952185927
0.77690176708309388597939
0.77701915612487226781013
0.77682201461017053034652
0.77668049173226949566384
0.77637356928163836489176
0.77600166272631909691881
0.77561083960262644509953
0.77524660924034205500277
0.77511745567693191016900
0.77469780196554283158150
0.77560305541500351722561
0.77608293151890450634056
0.77648197522836837070059
0.77666782722337968092319
0.77653999908067727897532
0.77631545767137566382843
0.77584244170905802828742
0.77527533950529736728186
0.77472576815270866035235
0.77427323626583866023054
0.77450694878655346187202
0.77402978617956685880586
0.77508242808643246224420
0.77567658962200425332156
0.77617035754536545244520
0.77639076516906413427677
0.77615142628736366603448
0.77600673044678325496193
0.77557717293058336949230
0.77501954572633602325027
0.77444788551634846651694
0.77392443813246036832254
0.77442351970398870530943
0.77379210173990686794099
0.77499872156727012129096
0.77547815398416342080878
0.77576910565778334216702
0.77575042911686209468058
0.77514015263799740385053
0.77538297857470273033442
0.77526158320393745437826
0.77484710863284067539070
0.77420699818914029410877
0.77337037302465805321816
0.77352187631652280508376
0.77236923372410792865139
0.77434098720443167440664
0.77477806970917517670472
0.77477774741615368370162
0.77430301766605769131502
0.77324895914258684470610
0.77388137746312846143582
0.77387114901791254073515
0.77325390683007200198773
0.77211918729733297617202
0.77051629760024342719049
0.76982369641383197045315
0.76770481894539721601234
0.77143853430407260951540
0.77240892984877818072675
0.77262860667853039409181
0.77198574720340051857903
0.77050619610856418972844
0.77092252034826558304559
0.77032543801543762462813
0.76884228511747376710872
0.76667017273373971875117
0.76397433504545031457411
0.76271698473154481145997
0.76549117376179032223860
0.76754668953856652890977
0.76865849045468992439822
0.76860630070620294951311
0.76596480238325248546261
0.76564775667885864862683
0.76405842318205785534957
0.76149822405850453588272
0.75826533576761379062958
0.75694615118305696999101
0.75977137942761607813935
0.76161836507805058538167
0.76213289101937875535953
0.75646140428789088172579
0.75616629770977994429160
0.75446836489646806889198
0.74783633329622234420242
0.74881723673654754236395
0.74836480959589357642159
0.73715960418038195545165
0.73892570819974745521819
0.72601489398919760720474
0.72218876856309122125310
0.70067132402946852298697
0.70330466697404636633451
0.67658936182190476671394
0.68348547878485432782725
0.71412277317192329739726
0.70802381108211276394826
0.73162727272302208181287
0.72795381880598430957008
0.74517798345721009134479
0.74511635112784024848054
0.74323664801367239629570
0.75503596677402029513360
0.75415917775131280365031
0.75406489008432853182740
0.75173439661619867457887
0.75788820090364972248409
0.76058424737152585670685
0.76189974429696405433532
0.76137852046498077918102
0.76635626001879009194795
0.76574495906628814445583
0.76525876599350328710614
0.76281742559947740556225
0.75939854511978444051579
0.76045311983271990374789
0.76393064666154486541672
0.76675438368997916871450
0.76857553240902631852549
0.76914340026180583187454
0.76816318140070483089232
0.77081076401206893855544
0.77088408280466058641878
0.76981027290040227040180
0.76776254626082118814878
0.76498928652869913058510
0.76636536276644184884077
0.76878402192349881705269
0.77078801229857940580104
0.77204278929082692517483
0.77243020631734071734797
0.77185680443362336689006
0.77339946301854356480732
0.77259170520478837040912
0.77348876342672967520997
0.77287182987488689533961
0.77160040214047997952918
0.76977961162288754959349
0.77212008797150388783592
0.77333510509420910761236
0.77403858857686591576908
0.77424402759531973927665
0.77396607928409433263539
0.77318718353872595283605
0.77425148175470537292853
0.77371857891376150107021
0.77447414310053741548501
0.77442952235447981568228
0.77409342974690042993302
0.77340746123516135313025
0.77381395463377655730142
0.77413453266270315644704
0.77430551408002301627675
0.77438851697597121948036
0.77438085319830840536071
0.77419007924352611915708
0.77445680278896433801350
0.77459148362346685878776
0.77420675541958061671721
0.77397531391758378482848
0.77381472868391820707501
0.77368461598156168523843
0.77338864031378873331590
0.77347136539325833659575
0.77371207124762420015429
0.77410359667431827279671
0.77455846880806922261087
0.77491749697409917363444
0.77473200070400360939260
0.77518183813721119879148
0.77418120215314556453734
0.77368440201390786814528
0.77334899790372191308307
0.77321990834680132120837
0.77333601233942339536753
0.77354516088142111218673
0.77394027046346847154012
0.77445435867863066103922
0.77499170728869659630078
0.77542057922754570320478
0.77532188982995808856913
0.77566980824397713245588
0.77487701700689415318379
0.77441690503269933198993
0.77401977979021918674363
0.77374297000587100026081
0.77434229285370048678772
0.77464347922860499195963
0.77499254793475835789707
0.77535357222988199321634
0.77569083506920233350712
0.77595103741124460405842
0.77605247699298451902195
0.77625703616760965974919
0.77580612380862312704721
0.77554025493139111535612
0.77526539330505894742629
0.77498667206571292265238
0.77490714557687889740833
0.77546482828564822220585
0.77554627826391342448886
0.77577582445894988083523
0.77597827060052926295697
0.77617144758691081207758
0.77637054622855894425726
0.77655944176642133225386
0.77660963288779394364525
0.77680858357255144763798
0.77642684300095088367755
0.77627274094184539610097
0.77612919623466969376580
0.77595951444908850547222
0.77588857538995159579542
0.77618371565219590468843
0.77623825630762999239209
0.77634907504460903826526
0.77645085329613106051028
0.77658107739448845041608
0.77675678850234697314647
0.77696145740051703043605
0.77681282548176810998086
0.77699452328606932738353
0.77666481117107144527267
0.77656347715207285631323
0.77649790393301698632200
0.77643644162190683655211
0.77640121874759016051826
0.77660491607594850371754
0.77662111664726918291990
0.77664009422969515483715
0.77666244288560448705283
0.77671025465171361634731
0.77679664286120331251340
0.77691659857925254861755
0.77673708859505141699486
0.77676772029423990506558
0.77674294123940945677731
0.77677523642915335955195
0.77681246136478643293799
0.77683463635935856572701
0.77683471958954108949058
0.77708620581292453532996
0.77707248620016500240126
0.77700703961830608346162
0.77689888563956988054571
0.77677530958347273948306
0.77666797470384962842616
0.77660451385979101246448
0.77661894795782981937293
0.77648087789830677607483
0.77680915775882364293636
0.77701264471149378287862
0.77718741939850388700251
0.77729486882049769747027
0.77732248212043086876832
0.77748695828489633452563
0.77744646738013589715166
0.77730610591762738792454
0.77708947982877907278976
0.77684036623408136978952
0.77660773829030094184134
0.77643068749651189541794
0.77663541676237002331362
0.77645391216703663062049
0.77686637010484538290456
0.77711462568928246774647
0.77733668517180154466928
0.77748910771443424660987
0.77753845894279116635062
0.77747083159530860907438
0.77742031842058056945177
0.77728375859684883941725
0.77709451467450774142520
0.77688562966621843575155
0.77668806026429804134636
0.77652021519674774285846
0.77673960467631231185948
0.77658018789800453696159
0.77689949087271858996218
0.77705229938303954639878
0.77718482595753712871556
0.77727998361339623034638
0.77731929858353843165730
0.77714958392077770898965
0.77713418634842357235470
0.77709145521337308348819
0.77701641916084851491320
0.77690714103869784601386
0.77676260272800068396037
0.77658635812871090742249
0.77673547978931234414546
0.77651115554557559317317
0.77690402781834122514226
0.77700612367901300547857
0.77704756826187826312946
0.77704453954110241920006
0.77702892113183796851672
0.77700288030191355659326
0.77704504887333403218008
0.77706839853129483497440
0.77702039896846175626166
0.77688126189742079397149
0.77665235476844662887430
0.77635790825517747570927
0.77652182738314257104406
0.77682866607935974201382
0.77703742679340315202552
0.77713152696460718882321
0.77712385491177715657329
0.77707058872954226647067
0.77718841427847795699790
0.77722708940689544387936
0.77718678421505038578232
0.77702263530770765420641
0.77673861037534808193783
0.77637011972674940807337
0.77661280397935883446081
0.77622942376391756980070
0.77694449961227929346563
0.77717424938874468676175
0.77728027758469186991874
0.77728378173261047923148
0.77728225427724018103959
0.77721703214293436090543
0.77705118728184041643203
0.77678805317263999175026
0.77646555127882588287491
0.77613116457350128651882
0.77631798224369807925882
0.77609640105982247160199
0.77656901794463450983130
0.77681084715154191666642
0.77700687102117715898686
0.77713752278451286858996
0.77684541582014732252759
0.77667025369071951423905
0.77649196943906884094133
0.77632612258369082525178
0.77620203217306382725837
0.77613403946750925133102
0.77614774152576337939990
0.77623923835724939479519
0.77611440680233922950748
0.77615859153226596234276
0.77627391684763025203608
0.77645504967318956790479
0.77605246781929981825243
0.77591424495258565219302
0.77589758342636760968247
0.77599313964264060583531
0.77617470670005594968188
0.77639744575721836294946
0.77629041719503477647635
0.77659151204893073217050
0.77599622469062212726243
0.77577354998586822709683
0.77567421273106129664399
0.77573278862057204463554
0.77556792442196020864742
0.77561182470345291228853
0.77581985942229869657183
0.77613266748465015165692
0.77648347907982084858958
0.77680438460209055850925
0.77672956363184031403080
0.77702069015324737311090
0.77637614218847217362196
0.77602269586544758706026
0.77573647865573480686407
0.77559001515743575261297
0.77578069561398832476584
0.77600832284470366850826
0.77633227016404626752433
0.77668075328399721612982
0.77699374295253242905801
0.77722765908526902922659
0.77723803551597059335876
0.77741238401500611931993
0.77698452498101933105801
0.77667648254921872741363
0.77635594134842433877708
0.77608352280672465717259
0.77642932656021279580472
0.77670221260797278617360
0.77698460632396748604123
0.77723478330415662895803
0.77743146686009156898223
0.77756356940916437903155
0.77755656212907442448312
0.77767009361353467422617
0.77740319484099640323649
0.77721182696468205097773
0.77698668028502937410451
0.77675044359277989336476
0.77667723861320736578051
0.77694737051415418971345
0.77700868028725433855897
0.77718163014983132619307
0.77734011799502411577123
0.77748159670667948972778
0.77761078075101019990711
0.77772693037408746619121
0.77760731670915084201567
0.77773538163308297832543
0.77748995773107898443754
0.77738778675567965503745
0.77729273665246012559038
0.77719712424563480723805
0.77715688647922276377500
0.77732159356444352482640
0.77733067270282485416999
0.77735160894661736730171
0.77739179131378743914382
0.77746248924732186402764
0.77757056290487458483085
0.77770544851559320065348
0.77752663740408090031764
0.77765186299815713955041
0.77743546485356329611704
0.77739322481718464707967
0.77739763739663381159062
0.77743764582800933826690
0.77745892463485255508004
0.77758744178853911321880
0.77754052790061412014921
0.77745948721036217676783
0.77742142340365094632659
0.77743412352058827163859
0.77749603869613204132349
0.77758910859250629510342
0.77748375249070877934798
0.77752363589133999255409
0.77746507713475176970519
0.77748491537841801779507
0.77754723813237436313983
0.77764852015967877996161
0.77771037728801861721450
0.77781819904884075267404
0.77775501850873018927501
0.77764859910860917313613
0.77756829670229554718475
0.77751290361462388478486
0.77747822995540838419970
0.77745079316326926033298
0.77745445672191482167079
0.77735648135107326961446
0.77754752981567343272928
0.77764183271775433325956
0.77773817774602971297782
0.77783975037713581901500
0.77789622174113315367094
0.77793108811444033889870
0.77788436616909972798339
0.77778661375131297184282
0.77767094750566589933527
0.77753543421331372531569
0.77738498291453284050334
0.77722219984229545808319
0.77724885950668032297273
0.77703739918662106944680
0.77745250477769578534293
0.77763204026986321171222
0.77777482904603856272985
0.77787852515335020875398
0.77791994870962211106047
0.77787231832588588087418
0.77782455016570439809698
0.77769914339280055148862
0.77751911259693828881723
0.77729370234812256157397
0.77704638963105465698789
0.77680413654582358695677
0.77679583219284720208009
0.77654422651054200166243
0.77707786574791404277107
0.77734854637948747058118
0.77757384299016218953682
0.77773720397911350055153
0.77780389896457746701230
0.77773256940798263237014
0.77763278689394843556926
0.77742354563845961212820
0.77715050097951765550874
0.77684212942436448035011
0.77653902408619002173396
0.77662861055052689884803
0.77631957698139009149685
0.77696359680455029383950
0.77727501142124999500282
0.77752788638960046441184
0.77766483419155640888221
0.77759605848485569001838
0.77742760737277794014233
0.77714551758536665193589
0.77681478793516334224734
0.77647429874185103226836
0.77617087048428790030385
0.77639210685601411920942
0.77610621479993879834325
0.77671716590807804436736
0.77703973139886139964716
0.77732465047465393315207
0.77750973132633327544738
0.77738423647914012271087
0.77720585717243451107095
0.77694696089491721568976
0.77665950839815500739149
0.77637043319428489240863
0.77611338003369911842100
0.77637858825367223047920
0.77616055260920113756384
0.77661589062431501950812
0.77684610233121742517426
0.77705476671298734370197
0.77720405145963866733183
0.77696894480907652269508
0.77686196864973677822519
0.77671838661556569238797
0.77655581939919959832963
0.77638027588008295953870
0.77621166094648041955395
0.77635139306497569222643
0.77624222683317134485748
0.77646008886900608203518
0.77655307074957413693284
0.77662998692100615460987
0.77669048074735136388824
0.77639968136444403867813
0.77638072097677957028594
0.77635964202092333508176
0.77633289900462831845118
0.77629244182557988196436
0.77625225721423118940834
0.77623195759964647155726
0.77626746424124115630860
0.77620141620001315008182
0.77616950137403994958163
0.77614294906041514376938
0.77612907309876688621841
0.77591387240732134777943
0.77595315227106831379444
0.77602373590502760070109
0.77611607070148902476348
0.77621766898764021913593
0.77632891001648973716698
0.77629623401641334456968
0.77647568087872231856750
0.77612240878666116650209
0.77596443664372438675514
0.77584376261552723264003
0.77577270978431456249780
0.77571577030956595510958
0.77583585658407716589835
0.77602159728914998915172
0.77625203192136471574969
0.77649381746846324325873
0.77672318145509233744406
0.77680084827257234181275
0.77705549779945093380462
0.77650133818228128657069
0.77619714473659628950486
0.77593260358259219522381
0.77574169428151196203913
0.77584148737635161285908
0.77611798672948384414383
0.77646336151863826202657
0.77683246115296500367009
0.77716646276471001986152
0.77741912904386845095672
0.77751944438292674988134
0.77774356760766993890144
0.77718124589589243633725
0.77677201533523931864522
0.77636015601071162173241
0.77600390237831273765323
0.77621474461401585021036
0.77662287446435718241133
0.77706179817011977739583
0.77746908424721028474380
0.77778508820631098164000
0.77796342209680591217591
0.77790962194853596756161
0.77803796231706667807515
0.77764712014359671510277
0.77728067706817560722499
0.77686825880978993552617
0.77646131158186248999442
0.77634079533589739341437
0.77661015267572497400295
0.77672664241842226395818
0.77707185819526913839184
0.77740605004090690410834
0.77768994639857391693027
0.77788439512578455570235
0.77796854163086681666073
0.77774346643389091759957
0.77779512494374436482047
0.77762006968688790475852
0.77743852319435868825082
0.77722369919263856186120
0.77699290251371977422679
0.77690312877462031071474
0.77719991508056640583391
0.77723729757643678084378
0.77732541676716959688775
0.77740778133964527629729
0.77748614650809000359288
0.77754753977723112257081
0.77757837922551220621870
0.77736068287912474250589
0.77737351398377518840732
0.77734526873516751610538
0.77735106702703893333251
0.77738763464064186692326
0.77743715718850314733146
0.77746084780041346817825
0.77764806372701278380788
0.77756920252743444432753
0.77741563914448474914565
0.77729684555589551031574
0.77723597716655645761819
0.77721656524626625550667
0.77720473107652665589740
0.77710827779795210723535
0.77705353219635142636434
0.77715754550746707352005
0.77724934916933041684217
0.77740887408353120946458
0.77761704710053669575842
0.77773286866541835316013
0.77770297575972069381578
0.77757451122850462787994
0.77735678458977530702612
0.77718557406333688142297
0.77707306478684778916488
0.77698490419394794503916
0.77686845260591164130659
0.77677816862682524945427
0.77658671026182823915462
0.77692247646725398624312
0.77706553221841379031076
0.77724316645968993810811
0.77744989680884024618734
0.77757134509377556774723
0.77737253175536236149412
0.77726214837862017681402
0.77705857662236177407777
0.77685329910451472734678
0.77665274651677096429125
0.77643509937273091914278
0.77617278251114085740880
0.77595025248004600992857
0.77563771619626409314918
0.77625012067892107392453
0.77653503288383063374312
0.77680785194545975969049
0.77704203709439045866247
0.77715405336545073655685
0.77695676732549345810952
0.77682079120799440996592
0.77651626679943563935637
0.77614291018038417124814
0.77575446122210844901446
0.77538393163609098390765
0.77526082053945466476819
0.77483484893889698064129
0.77574422303530210509592
0.77622566372829204794925
0.77662229670524907110263
0.77680245445015638772190
0.77667452625975685887028
0.77645580966645244558322
0.77598520857701336339574
0.77541643502583101899006
0.77486889128853297936672
0.77441003106102379582865
0.77464985445611544978561
0.77416635723956228609666
0.77522347065969776647165
0.77581940151604966704468
0.77631074510668851562656
0.77652520794461366016037
0.77628578582441742916842
0.77614715173261517033865
0.77572004253629223136102
0.77516056419900092322450
0.77459059954867282016266
0.77406080280789324454815
0.77456604751613433723634
0.77392825356836936201432
0.77513972379784468191843
0.77562107768453525391550
0.77590954017406854603678
0.77588468791822684522685
0.77527429109648071658967
0.77552339895713884310169
0.77540452987512742399900
0.77498806778632012282060
0.77434930315397698663560
0.77350626142408573926446
0.77366386690117816549161
0.77250475326161782696488
0.77448183581122120866524
0.77492098350429938768968
0.77491811501010277041246
0.77443701420627175657785
0.77338278742137112065080
0.77402164538949835836945
0.77401395079598289683531
0.77339453985746686726088
0.77226072574486648303349
0.77065129544507693371003
0.76996461767181800794901
0.76783912347632021777599
0.77157881995850807754778
0.77255151434489877093625
0.77276870686129339738102
0.77211940685628099867444
0.77063980805836984622204
0.77106236897818480890976
0.77046768169240553714161
0.76898208338899831648661
0.76681032429565565422536
0.76410778703289350399785
0.76285621400704539674109
0.76563034365287230276209
0.76768845841619848258119
0.76879798352108663639370
0.76873979200185627025377
0.76609804728440089593988
0.76578676129350253809491
0.76419958028694789931023
0.76163664488808191510572
0.75840355003588388882463
0.75708372404878521155780
0.75991177727522318807729
0.76175669496180709039379
0.76226567192900840375103
0.75659339591374452638206
0.75630369089226956447192
0.75460780995024756556688
0.74797457068599249030427
0.74895334257816514877959
0.74849558348414524378001
0.73728861533144951501129
0.73906006571220339562700
0.72614695577866295028713
0.72231534657892371154020
0.70079297695811393342780
0.70342811248748271513165
0.67670686380281019900451
