0.93175085386482225935367
0.93224156472147734486811
0.93264957513689783485944
0.93287168640105511130400
0.93303951420505981673159
0.93286512745392857759441
0.93316280986908051175988
0.93317387334864043690885
0.93327097796189462108885
0.93320890998877370492437
0.93315613430633570501982
0.93285789922182771327641
0.93315274830529393312872
0.93327445694968225176069
0.93329661110576012106321
0.93322335832747616013449
0.93329687281345075078320
0.93324213382873433264564
0.93330423115582727966455
0.93327783470425074163757
0.93314213779554211480871
0.93312159126670901621026
0.93327446096747845860619
0.93331121630951319190217
0.93330164473381616030423
0.93329561268917982097548
0.93326298574043731193228
0.93329716400492923611409
0.93329600695244585573107
0.93331042365117899972660
0.93331628321329251907201
0.93326746938269766751262
0.93327193659120055713174
0.93332462966097817780309
0.93332317051278479436149
0.93330744363156881160393
0.93329677892523876803210
0.93329913909308370723039
0.93330253982346300656303
0.93330034359053559711583
0.93331236094724523422173
0.93332554078659635266035
0.93334185184490836562077
0.93334134928484613347166
0.93336703346906368938818
0.93334792587775361472069
0.93333304443426401419970
0.93332251712368285989641
0.93330982990359234729993
0.93330305763377763295097
0.93331748724589858046130
0.93331061682668348122860
0.93333238589530165274510
0.93334322832689919913207
0.93335412086596125647020
0.93337384568329628820038
0.93337634158884286161850
0.93336066258631966707782
0.93335094296977305639018
0.93333967812813334319344
0.93332696344467769300479
0.93332390270690046563118
0.93333951326821151806001
0.93333996492316184667715
0.93334622285670265640078
0.93335489988675990336020
0.93336486086395842320940
0.93337900368937853912144
0.93338141481101699614698
0.93336648453151127569072
0.93335802573817727711969
0.93335513799617342289849
0.93335413933193278612777
0.93335355885929527364198
0.93336748392344581759517
0.93336051337079894985038
0.93336734463193982147544
0.93336451403400544357680
0.93336853912607375960420
0.93338327937571297088226
0.93338628383413768663246
0.93337476079260894845646
0.93337593284772268908966
0.93338054544559390102165
0.93337645526941381834973
0.93336083679654646694246
0.93338022567453815536709
0.93335846030828140129643
0.93339134809933899106227
0.93338995676942249080099
0.93338632639594598661148
0.93339287768205569939539
0.93340395803110409733705
0.93340070204191816216621
0.93340218275976483131018
0.93339726513465581803075
0.93338122959007729928516
0.93335875027073345044926
0.93338334722028570844543
0.93336512980290742280687
0.93339926464085476442989
0.93340925893415371827899
0.93341333927980862927853
0.93341756064568359718692
0.93342008292766420751718
0.93343328960708682462410
0.93342983139286994642703
0.93342077985490923275336
0.93341119613400891363852
0.93340039194351909213054
0.93338951624906774107160
0.93337720526518708208386
0.93339954955202664166336
0.93339115029232933018477
0.93340382971306090631458
0.93341100745336857968937
0.93342275862206580683278
0.93343773684194619733034
0.93344358300229723912622
0.93344971925594955042271
0.93344089995585555197266
0.93342233416784992083848
0.93341249273430493271775
0.93341061320555351876749
0.93341083911227085145867
0.93340267506499818850330
0.93341987880185584014470
0.93340944291290850465259
0.93341928127526418990101
0.93341763813028566509900
0.93342348379439454841844
0.93344172928214486084642
0.93345276622528572385562
0.93345526550631696682814
0.93344361185163060579129
0.93342841502359552574575
0.93342561520720013223951
0.93342705791068658616183
0.93342510538404033226811
0.93341232946114582880170
0.93342732361366065330088
0.93341417758709865903910
0.93343210604325477230958
0.93343379676742077588614
0.93343651414952921729906
0.93344861586928173924349
0.93345951137115590334759
0.93346605200205057251139
0.93345612091451690695010
0.93344494328357374701710
0.93343970993984715089908
0.93343469426267700050914
0.93342902098219793227685
0.93341768682511372379196
0.93343246860328432656928
0.93342361783475891190420
0.93343669771027548698328
0.93344307690860994775051
0.93345118411049421425218
0.93346379723712213927200
0.93347372521321980709530
0.93348057348078028461202
0.93346938968568216044019
0.93345458594855168499294
0.93344539206429089084338
0.93344003874661984898609
0.93343802571481504504192
0.93343073392790398834507
0.93344427804028307082973
0.93343695038778784489608
0.93344527974259083880071
0.93344873617620538475137
0.93345683865328266115569
0.93347261839612405420752
0.93348550984577594036296
0.93348914028272622633864
0.93347511308260411322379
0.93346027086959559859736
0.93345405873999476309422
0.93345119358885431104511
0.93344923392385670268823
0.93344120275987929602479
0.93345189467351019629859
0.93344396399775164674395
0.93345605706552658986652
0.93346060370468997291482
0.93346612951504548405524
0.93347922473909827889571
0.93349326213858341283469
0.93349943490216658048553
0.93348600248872393159161
0.93347361135982220847751
0.93346655422044311212204
0.93345897737964855789272
0.93345317861431464923072
0.93344687899342315695606
0.93345509960708272778618
0.93345140326861719692886
0.93346065887160012408685
0.93347056859761368130535
0.93348060682547373545503
0.93349438869477452396239
0.93350790128629168584951
0.93351686414696077864761
0.93350172655709229285748
0.93348521139378026756361
0.93347296705886906309502
0.93346296534047923376676
0.93345925491659043071735
0.93345772876109056603866
0.93346585234811962905610
0.93346749379011118019633
0.93347528387008682493331
0.93348723429028102049898
0.93350597025882664503627
0.93352387363930022790015
0.93352722686565026144478
0.93350676306569579931960
0.93348827968374470387403
0.93347927784579987076086
0.93347441693222887870718
0.93347340436942982666579
0.93348232556333687881533
0.93347994390693223021316
0.93348546595865122821323
0.93349058714810961845387
0.93350611489673185339200
0.93352722021027123577852
0.93352611625813508577920
0.93350683855618954432032
0.93349542830977805252246
0.93349295069187787632359
0.93348911739829254496925
0.93348429240477215351746
0.93349372044958223160194
0.93348669686560603597769
0.93349985831001924818651
0.93350237220639242785580
0.93351090482645315837829
0.93352684321549062040901
0.93353113854997316067852
0.93351811781075122453899
0.93350965021492293693939
0.93350494650478954561379
0.93349641252001136493277
0.93348854268846115367353
0.93349863806889754602736
0.93349131199483426080121
0.93350826574028167303965
0.93351565702954764081056
0.93352652113216461060574
0.93353898646309685371847
0.93354827086967606675216
0.93353359884700104487365
0.93351965056916075269555
0.93351091959872045666913
0.93350202709131435696577
0.93349560187802216315589
0.93350712302257232710900
0.93350111038897221060751
0.93351437504061185457260
0.93352237226779277712296
0.93353819993464171034248
0.93355606633175125530499
0.93356069324333601500143
0.93354065672045893897746
0.93352516556837039640726
0.93351920100958940551550
0.93351332122302865812458
0.93350696887249351441085
0.93351949541592793568867
0.93351264882454532134659
0.93352484350466113927070
0.93352887553159280553672
0.93354251767631379888002
0.93356253048607451550112
0.93356349589462406246554
0.93354524610394917782941
0.93353350803919321609925
0.93353029481878013751128
0.93352483914886252858167
0.93351811393789907445040
0.93352934847975677090659
0.93352356666473901292136
0.93353477382887295465963
0.93353828318507825478889
0.93354937549725258705280
0.93356564414662601691930
0.93356978884575214649999
0.93355439894278779977554
0.93354253854473789875357
0.93353845040258154330814
0.93353365698266843608621
0.93352900207292033307738
0.93353833200824021254505
0.93353390236357125520072
0.93354221550929827877496
0.93354639233027891798145
0.93355941736689806997873
0.93357535863703799972058
0.93357932529347220640403
0.93358564228212126412387
0.93358101523725478543270
0.93356403287868838791752
0.93355036906773025684458
0.93354675376242979289998
0.93354327261644043378652
0.93353777523326375575863
0.93354790237501061866965
0.93354050789799236653721
0.93355201548291366631105
0.93355514477272927287288
0.93356844323799537121999
0.93358585388036352537000
0.93359120023248076680744
0.93359558883768012371718
0.93358980782670930587130
0.93357313298936028811426
0.93356062503737369251411
0.93355720372871897616562
0.93355156857211074594716
0.93354282299453184013061
0.93355451784766463330101
0.93354586685527130018869
0.93356140440000889846317
0.93356602930775212101366
0.93357834022614882840685
0.93359356640363000412464
0.93359921806822210310628
0.93360305887802164104272
0.93359776954120821113037
0.93358349895716008504110
0.93357038203439823842444
0.93356445174994795443979
0.93355745376211141106637
0.93355042999722803731544
0.93356130469028419938127
0.93355634054951375233600
0.93356704748652274972187
0.93357349139748968536168
0.93358798902497430738379
0.93360249864975064504335
0.93360774750750341599570
0.93361315549935353086397
0.93360732379537636482780
0.93359150478347618928865
0.93357604368254021309781
0.93357025932727188965998
0.93356632660595983974616
0.93356247168706985029019
0.93357191135148365201957
0.93356749041348841000598
0.93357485078988600157857
0.93357930627261098699421
0.93359461795391074367956
0.93361157944175277023646
0.93361868480341170251080
0.93362362883973770699697
0.93361524827497810452570
0.93359825251525430100941
0.93358412740026019971395
0.93358068456311271710035
0.93357709531498056509946
0.93357096906024827909221
0.93358135316850066054428
0.93357374750555899289850
0.93358666528513389870625
0.93359033439939353993253
0.93360313616314061224699
0.93361881019503289991235
0.93362778103930321726978
0.93363132417492278314342
0.93362283561828174338615
0.93360907820019689573598
0.93359681406044670026745
0.93359186734341848001861
0.93358496623800968361451
0.93357728852947430286946
0.93358895373593819844160
0.93358252250247319992127
0.93359604719275934847644
0.93360223372376460737598
0.93361499092209188077618
0.93362733859343194353642
0.93363486411381146901078
0.93363866143668694519420
0.93363182117915877178405
0.93361968762869373961166
0.93360612811533261190533
0.93359983524831446910497
0.93359401131844688137562
0.93360408443306219794522
0.93359985620268592931836
0.93360905784923897687833
0.93362272718777050695138
0.93363552316967723943009
0.93364265419897674025407
0.93364659718263720566966
0.93363818321056102345068
0.93362487610833211348904
0.93361218464097162073045
0.93360895463422899354100
0.93360510481481762123934
0.93361368274677991596633
0.93360824394571373385787
0.93361625944494530671136
0.93362747543597846000551
0.93364051616515231213356
0.93365040244491115384307
0.93365440518031017624878
0.93364353977817471363920
0.93363147948374003437522
0.93362096360854951448971
0.93361718779175373317258
0.93360881848349597245118
0.93361888818046101512493
0.93360819319180166075967
0.93362521264142095400729
0.93363664786853062249605
0.93364798716725250216086
0.93365903711867392900103
0.93366442402225813257388
0.93365348289166893991364
0.93364157906985645318798
0.93362802593543658957742
0.93361957672054274315343
0.93360890953178099493925
0.93362103768491899735693
0.93361312115990091609063
0.93362945307535494254836
0.93364498741389212455033
0.93365861462372223833484
0.93367024288004951682041
0.93367471770687704424319
0.93366187812822809544144
0.93364642797089236747610
0.93363072807949976095188
0.93362503051647693919080
0.93362114700192166960591
0.93363195318159886149090
0.93363115685549746824989
0.93363350104982545385468
0.93364698781698618468283
0.93366296414921767787831
0.93367754261979196694909
0.93367858563507333258258
0.93366305453416287285506
0.93364847493268354750029
0.93363850623975830345103
0.93364024603148376701967
0.93364002004071944273988
0.93364753933010113939872
0.93364547224275173942232
0.93364514639856965860787
0.93365235100355048469822
0.93366424271916270694049
0.93367906010899204272135
0.93368081265505920018910
0.93366814402871889377877
0.93365847072822760743804
0.93365152620607216871207
0.93365202048863571437920
0.93364738912453648644885
0.93365382432745869234481
0.93364771830116244366593
0.93365615265553181245650
0.93366536311257186664392
0.93367482440020566070160
0.93368523141961889955098
0.93369195812759253616520
0.93368257293356138326601
0.93367120090063770998512
0.93365889401261892288630
0.93365487439881522657714
0.93364918489022652448028
0.93365751963255505518902
0.93365321546820845277637
0.93366116712207924965838
0.93367529707017260509616
0.93368924532247832281939
0.93369932024784896285041
0.93370512632896851545894
0.93369369327987949969128
0.93367842103243581242111
0.93366472429864455495618
0.93366287473942488617240
0.93365919639492689352522
0.93366975630604909230925
0.93366502039863819017995
0.93367055605738635826185
0.93368221033713993950443
0.93369657027716945751905
0.93370837939632056468042
0.93371199575388952318633
0.93371380544167192905292
0.93371002382092616045384
0.93369970787850897764315
0.93368783209581562854140
0.93367746900412929011992
0.93367574845487621981732
0.93366878833411082183602
0.93367886218921869456722
0.93367043773574465159726
0.93368325710338140321909
0.93369465493642911368966
0.93370478616290819573464
0.93371231825172040785787
0.93371554872638307109867
0.93371943824580827531179
0.93371711740375784582824
0.93371165985933446407330
0.93370078421099633736446
0.93368618035140338307087
0.93367923485053350152185
0.93367164630667176528078
0.93367921829551248080747
0.93367461007895435898263
0.93368645892037294142796
0.93370451588658620600825
0.93371865582260127336411
0.93372435180553825517791
0.93372604895559196958033
0.93373378138567197925823
0.93373163212153265089199
0.93372319434890338474275
0.93370560245379252695130
0.93368650981463796600934
0.93368174679259252624064
0.93368024031715590727032
0.93368815743859057132426
0.93368721443617919142355
0.93368933672559883962805
0.93370589637518774939196
0.93372426775878836213707
0.93373587178946637621380
0.93373967913742561552937
0.93374111138367832385399
0.93373537410294182858905
0.93372313450144872604142
0.93370802822004417276247
0.93369622655575856828847
0.93369692790847580443625
0.93369279802866722572929
0.93370448584302012662306
0.93369470120240738442163
0.93370551545749469468660
0.93371360703458861074466
0.93372256894275007521600
0.93373139762334500524332
0.93373776570221811432759
0.93373226410792908858127
0.93372753060566193727965
0.93372503290111319440570
0.93372151733826158626073
0.93371351696896043304008
0.93370756007872035553419
0.93369278120230903006416
0.93370539390298534776491
0.93368909932228494330531
0.93371668272264918275738
0.93372875073728689443442
0.93373076059709658736097
0.93372761307423202126188
0.93372905154624674661790
0.93373170372755276424925
0.93373306811222112067128
0.93373750729767834855011
0.93373196280783599121378
0.93371428485805174624090
0.93370040900043704823474
0.93370903835931962078121
0.93369653830452581377841
0.93373031031282383018777
0.93374207601587932980891
0.93374191810771867139351
0.93374064250712862644832
0.93375274817186815212722
0.93374993682240881032186
0.93374247129091092478603
0.93372596979408062356498
0.93370530273480145666554
0.93369663946394787501504
0.93370615033386794578973
0.93370082516289931717779
0.93372270437380588958831
0.93373940311983294471077
0.93375329007564211725168
0.93376293339114713187854
0.93376689440018501020546
0.93375116928018941919731
0.93373548641847647910907
0.93372301699692661358654
0.93371113024956997605841
0.93370690025221825258939
0.93371695347364747075147
0.93371256600921304080742
0.93372618676584884234160
0.93373317425524093859934
0.93374585125581854860854
0.93376397014804879415095
0.93375734803843535303258
0.93374104172240368626490
0.93373279466659253600369
0.93372894321530808259268
0.93372030123373006560428
0.93371725718563092222269
0.93372073913423880853202
0.93372137084299589027125
0.93372853168337632823182
0.93373263133362482957267
0.93373931333099369211936
0.93375193147275936667029
0.93375114965480965345535
0.93374060170992101426179
0.93373122995094570697461
0.93372575571319804677017
0.93372096631332601734954
0.93372246148231896611946
0.93372230581961757067688
0.93370920517976241370661
0.93372525048882104581338
0.93372992841445545675327
0.93374341424977436165733
0.93375455790144157308674
0.93375847854157612015769
0.93374713333921244284852
0.93373291886786635718209
0.93373029816888775123118
0.93371723270731032950920
0.93365683205136862365947
0.93368148839949149930817
0.93373437431215455806210
0.93374287334921646230868
0.93375315303233374919500
0.93375828611375288890173
0.93375320734142530643140
0.93376264513949358558875
0.93375256176447551936803
0.93371225280621250597335
0.93357205128499964885691
0.93361639686735242715798
0.93373671535923263853363
0.93377027152132208165369
0.93374662859659063318674
0.93374004789840459039851
0.93375560231547138911878
0.93364759403648789337637
0.93341759845720906341171
0.93367533828974291765235
0.93372032593327980443121
0.93364255535349949255419
0.93345558183798615914384
0.93299199576250946286393
0.93341014867760396800378
0.93294572148208287920568
0.93286488415700341558789
0.93193980534642029134318
0.93190539655533755070138
0.93240765059701435912842
0.93280396384455588343343
0.93303762617978702742505
0.93319366215288546140272
0.93303493729626152397572
0.93332854162210976411984
0.93332774047200528499957
0.93343646207756181265580
0.93336248203747895768601
0.93332579384041824965834
0.93303022335196961201120
0.93332508911675104990024
0.93344393349677889926141
0.93346182365741681152826
0.93337662873662519125162
0.93346180420236635200126
0.93339509920152741173638
0.93347351175636605891128
0.93345016276225378781817
0.93331752160889747127470
0.93329331271379123435850
0.93344983396571989953117
0.93348350874378172026269
0.93347072576126000065244
0.93346026114646629689986
0.93341564684777023064299
0.93346152654380132318579
0.93346488515417669340479
0.93348266402394297625023
0.93349161896687127271122
0.93343938083640476399694
0.93343693263520988168125
0.93349672110027481775063
0.93349846121070756410631
0.93347962906166637164773
0.93346545242416667509389
0.93346320752278089116771
0.93347100946158190204471
0.93346411049982280783155
0.93348449072900352430082
0.93350078902858646401342
0.93351411406143225413246
0.93350626111806378482072
0.93353191170854354918873
0.93352035487972573335469
0.93350824227116335762844
0.93349458735598944691958
0.93347810108049744659553
0.93346652196352697394843
0.93348556110914193695294
0.93347377742419135326912
0.93350438965147930492350
0.93351836685710765095791
0.93352671500381179114925
0.93353892357308243532543
0.93354162378644300890329
0.93353342979667064405191
0.93352602076055080093653
0.93351160657218912319877
0.93349483388373344361355
0.93348675397179703416839
0.93350718007072863713347
0.93350249945085861380534
0.93351807399154640432215
0.93352991836104259881779
0.93353779851858154081867
0.93354447346345648117705
0.93354706508998064329319
0.93353958602237785413536
0.93353297958037140258369
0.93352691136314869257973
0.93352160896036684434307
0.93351577327505108616634
0.93353475670112673334700
0.93352240618422033247015
0.93353903264532145378496
0.93353939587716983083965
0.93354180260056462969942
0.93354910345202757326888
0.93355228912924448358979
0.93354818848071652315213
0.93355073849302028232700
0.93355213771171863257337
0.93354352528993900239840
0.93352240351712023613828
0.93354709083322029439245
0.93351969263751410910146
0.93356284381816878603644
0.93356469213768655812657
0.93355991737586641043833
0.93355904915837395474654
0.93357029346559228244473
0.93357445570853492267105
0.93357684467257262550532
0.93356865856750514964801
0.93354789076551236703949
0.93351964416136479218977
0.93354980856088209950627
0.93352568678687997127952
0.93357055042765058061605
0.93358384049182185915328
0.93358724651936475513736
0.93358405111314968216618
0.93358343690656586666421
0.93359645739349050863609
0.93359647997475081471208
0.93359483736349979654534
0.93358569300671467861008
0.93357155984403117354731
0.93355577618278806628638
0.93353742467380329550508
0.93356560508405195264459
0.93355102622780761212340
0.93357487283261664234857
0.93358542025935931096825
0.93359696806448155825819
0.93360453445963087482085
0.93360656930590868451958
0.93361252183455478714791
0.93360784499254767521137
0.93359669196919603528784
0.93358682127994385702152
0.93358152817897921416090
0.93357668991367481758914
0.93356220149983526468418
0.93358553001751365396643
0.93356861846369898483289
0.93359006764883500917307
0.93359188334098486272694
0.93359797914776865290776
0.93360880208835916871379
0.93361539059942089124888
0.93361772769707229713276
0.93361081979248750073452
0.93360304901944057842655
0.93359976999610549963649
0.93359770454558221874919
0.93359055510941157951521
0.93357115364930287615408
0.93359256710553972791189
0.93357264707467380038253
0.93360260349126855672353
0.93360785672754198483148
0.93361128614889277166355
0.93361595480453996032111
0.93362182252121017622670
0.93362822263621125795652
0.93362359016719742577095
0.93361985266248703752012
0.93361368224805540982913
0.93360504048328740722695
0.93359405528185845923872
0.93357579558329106816927
0.93359729689902881677455
0.93358136428284788088661
0.93360688973139394075673
0.93361695999061278250508
0.93362622224128666292842
0.93363137867224876842442
0.93363576618105836857353
0.93364250932359660328785
0.93363709245905235345475
0.93362974508608853607683
0.93361917650813464053527
0.93361006903538934498243
0.93360265089212557398923
0.93358811988330414610715
0.93360869576064853259112
0.93359397490222162385720
0.93361513907637039277887
0.93362242139208895252978
0.93363211470137685843440
0.93364043452762435215675
0.93364736422670824289582
0.93365092928666271188121
0.93364304670474296266036
0.93363566653489249436149
0.93362765305875916599376
0.93362087680853211857368
0.93361343866631285592916
0.93359786006108957945315
0.93361588812534723746950
0.93360025048710315598299
0.93362556063302815090310
0.93363410520012313220661
0.93364163593208104874321
0.93364726092719396710606
0.93365500443309878964016
0.93366115502220070609951
0.93365414448737260588729
0.93364922052395560303495
0.93363995907609065305621
0.93362829871583263852131
0.93361696345216993453420
0.93360279584694472188033
0.93361867215046279167012
0.93360695241654656495456
0.93362978596668766417821
0.93364387407220084114101
0.93365631389847714149965
0.93366263247142133874235
0.93366962718316803826468
0.93367861579579469744061
0.93367007757781494969862
0.93366101580875260346204
0.93364617353469103733232
0.93363189073848784627074
0.93362261116876088529182
0.93361290686438624941701
0.93362899082689398966295
0.93363621715500066944315
0.93364839473447924778071
0.93366313266325484665487
0.93367441520171823299279
0.93368567093535070888777
0.93368909333252991800123
0.93367530215717708941270
0.93366426280975922669114
0.93365229218618339679381
0.93364293632741557349419
0.93363632694515008569880
0.93365063280427329495126
0.93364264982183731156340
0.93365837861516065565581
0.93366664660973530676102
0.93367474261704130888972
0.93368918154094815431421
0.93368819689688664631433
0.93367556221301095664700
0.93367156345611512779925
0.93366576003779588877052
0.93365720523810391551223
0.93364677586627176086864
0.93366158419832612214151
0.93364895178331852587661
0.93367256890642291722315
0.93367858437877393473769
0.93367972014784850198765
0.93368905661454959510337
0.93369353420481504546302
0.93368702100065203985935
0.93368592703639030627727
0.93367755752013215087004
0.93366405095200488695184
0.93365057041413179739209
0.93366604841257172520130
0.93365311358648228612367
0.93368077479226874171303
0.93369198981814749416230
0.93369550621890762265309
0.93370159707499555956645
0.93371109885707648246012
0.93370267624604641465424
0.93369603620757801731855
0.93368331958576900042601
0.93366919843855433747137
0.93365717204727627365202
0.93367405081706500435956
0.93366244290540689743096
0.93368667225288137778705
0.93369880881933964289487
0.93370736142520383005206
0.93371910845179062476973
0.93372394419116244712598
0.93370989334753617949758
0.93370164677140610187678
0.93369139717983040682725
0.93368000630422498531402
0.93366806298990867585275
0.93368593571133684516639
0.93367350497213197346724
0.93369693378985885168220
0.93370539344986547281025
0.93371182298651056452599
0.93372599022397462231737
0.93372717134662974736159
0.93371462516088543637238
0.93371005551427099788953
0.93370227433638419700657
0.93369102591399044666076
0.93367872860895118058977
0.93369527648285621790336
0.93368393330293497633932
0.93370664523172575144372
0.93371485992359615213587
0.93371882050133248043267
0.93372953154430515798623
0.93373388472390339565266
0.93372391086580308616760
0.93371914375360676174864
0.93371021265046150183764
0.93369932523637444443665
0.93368911634016449330176
0.93370374130433253512251
0.93369376415404869984371
0.93371386779614506945535
0.93372301409080915579608
0.93372898623274602769584
0.93373966033097033356825
0.93374368328176615694503
0.93375025322610716305149
0.93374552740595206934415
0.93373365784636508379890
0.93372699936350633809212
0.93371829208266454713794
0.93370841803026705107982
0.93369738289678705367436
0.93371277575925404335067
0.93369985472653171942881
0.93372343727006190672313
0.93373178277498625199371
0.93373812254759913642488
0.93375057710237485686378
0.93375605996161259447774
0.93376068891336427846284
0.93375473794347441103270
0.93374287087272300755814
0.93373726893633823831209
0.93372850815273633617863
0.93371616879808549960273
0.93370190281516574071219
0.93371884567837160062709
0.93370467850436700274486
0.93373259502764238693118
0.93374267106231279012007
0.93374812082340052921126
0.93375869798832999979510
0.93376454424463506409637
0.93376860890302482154368
0.93376310618484148484697
0.93375332340497896321807
0.93374701288796579934370
0.93373552444620944168463
0.93372150657336672185949
0.93370897360796778485792
0.93372507482005084877841
0.93371461144823653111047
0.93373799562704473675723
0.93375010399315339082449
0.93375785531607813361177
0.93376804421207904027824
0.93377350811999770829885
0.93377910718195500372474
0.93377307651704277713378
0.93376141603932505397268
0.93375264003516322830478
0.93374108474592576456530
0.93372981061823112636233
0.93372046250453244464751
0.93373511025880540081801
0.93372519752626526035044
0.93374555533463476919565
0.93375588224786698621216
0.93376456133709062612525
0.93377753155706655352475
0.93378480823226461815523
0.93378990780045734165782
0.93378140339044601869745
0.93376822582370078151826
0.93376067224204795103049
0.93375126498787974771432
0.93374001092807390467243
0.93372839253830064443207
0.93374397865289426867719
0.93373088429863526638286
0.93375711393651206204680
0.93376684119204000911196
0.93377313709467424374111
0.93378517318618137199593
0.93379419991141998647066
0.93379785377432988902058
0.93378940508238583717571
0.93377911070871000287497
0.93377328574166174046667
0.93376218447431036384643
0.93374729582000903782557
0.93373413133778815353736
0.93375098689352264980101
0.93373906655963689882327
0.93376623324973717643616
0.93377866455789826360956
0.93378504775388226910593
0.93379410709085797215323
0.93380147719975070685905
0.93380533149680000626347
0.93379878768118995679970
0.93378976503324795377381
0.93378250744345980827177
0.93376988976685348919915
0.93375575165696123036696
0.93377400290050149855858
0.93376129994088741259617
0.93378537769852099081902
0.93379282358235282668346
0.93380269209995203638641
0.93380936288506732889658
0.93381331705820735944457
0.93380555491189787264972
0.93379499320621828228894
0.93378844210230416145180
0.93377873199510907920029
0.93376624556974530122488
0.93378331994828189799307
0.93376908032609517995581
0.93379245247214393010893
0.93379760977111392339367
0.93380808618368005280530
0.93381710076007895526828
0.93382105804495596501624
0.93381130179275317892973
0.93380162878313366370264
0.93379708557632656873437
0.93378668793052188590309
0.93376935123621929157878
0.93378824457046705198593
0.93376842138266780146694
0.93380125324139795495171
0.93380680454252396049952
0.93381594795955180643432
0.93382562069749863731261
0.93383091709112098222079
0.93382164265432221483820
0.93381174565702207424067
0.93380397916726376461583
0.93378878367249418257501
0.93376882870137078995754
0.93379009345940178210554
0.93377272869836736024496
0.93380531907495600840718
0.93381516739828140938329
0.93382697434565897776082
0.93383656956776228685868
0.93384119217974026483375
0.93383042993555742672385
0.93381661447487418481472
0.93380650236155071652888
0.93379393881216765649356
0.93378044526102843558846
0.93380071206957637741652
0.93379014710184427006112
0.93380917381909422925190
0.93381717310879563953563
0.93383170626036404726733
0.93384416026841088331878
0.93384534924033779645924
0.93383198590756588686190
0.93381866182210548910092
0.93381407110850589425866
0.93380884765013938419997
0.93379869941015203327339
0.93381597969917395918316
0.93380383487503360040449
0.93382060149205625698698
0.93382254324244762244689
0.93383336581614240223814
0.93384595609184872788688
0.93384784056270353502782
0.93383744535944601672384
0.93382866444711953857194
0.93382686920038582290005
0.93382030152506878550867
0.93380543586333963901325
0.93382194642170446297058
0.93380545172701490130862
0.93383137659188353296713
0.93383555422457475980735
0.93384430216896396892423
0.93385238311959406498630
0.93385924204238779378073
0.93385222864066841363950
0.93384138898209345658330
0.93383398689851160323627
0.93382282757742973711146
0.93380660383378122357811
0.93382529982156547987415
0.93381031585614804324535
0.93383612631497070477593
0.93384548259321997765170
0.93385907686597413590590
0.93386672437826578896392
0.93387264623776622407547
0.93386369116074174900888
0.93384860462804841763074
0.93383955096748871849144
0.93383048383981770435014
0.93381597720358744396663
0.93383719536343512412913
0.93382148436572587346660
0.93384524118213940724331
0.93385238855882080066806
0.93386673077204673809604
0.93387600420848337900992
0.93387620193175213678671
0.93387775455879773467416
0.93387776239830222468896
0.93387002830522225504950
0.93385799817224879326716
0.93385200538469537168140
0.93384301038408323858420
0.93382493645597253184576
0.93384594039516666263978
0.93382626623961839662513
0.93385764172968288576726
0.93386481180619862474401
0.93387526451841074148774
0.93388016036015875087628
0.93387924403299804598788
0.93388287750139964416007
0.93388506133926263430567
0.93388229253985832745144
0.93387093687998434798914
0.93386040822947058437364
0.93384612689215051872793
0.93382715185953091285853
0.93384592488662621079243
0.93382979482982775287780
0.93386052699404265009520
0.93387465600255381570349
0.93388943841008187352060
0.93389238618777403733162
0.93388923746093721600658
0.93389673581562826498725
0.93389976383259531989012
0.93389411638923414127333
0.93387572626317849611155
0.93386041334068181640760
0.93384826629132033914971
0.93383510751686504836044
0.93385448287549832624421
0.93384176266771845575931
0.93386306532598295504499
0.93387600367987899652178
0.93389532912655870422469
0.93390409489047754298952
0.93390241485341496385786
0.93390363571801382480686
0.93390368882383634208111
0.93389433386238984713401
0.93387812313962526022948
0.93386977866922926683202
0.93386305455162710309480
0.93384702288442722473150
0.93387041426269490340673
0.93384860199033892236287
0.93387889221571118714138
0.93388368854220926706944
0.93389389601070649238324
0.93389978930712769233935
0.93390009493977343968396
0.93389441772557180154735
0.93389600335496192329288
0.93389648078084608329164
0.93389158359793078556521
0.93388671159216785078172
0.93387328901837385330964
0.93384636061977244203547
0.93387091685492407133751
0.93384235742562993198845
0.93388968269037608838090
0.93389879410981158081029
0.93390232721658217318605
0.93389616671680120152388
0.93389105661373450484319
0.93389357676988782319683
0.93390170516786219501171
0.93390919289266705050068
0.93390198929232492996988
0.93388708594568847765061
0.93386571847954547020976
0.93388164087839509175382
0.93386163360924867582469
0.93390032149864676824791
0.93391387364154188066578
0.93391062497127041996947
0.93390240003675084601298
0.93391441738374370018505
0.93391871649816504685759
0.93391436905692593040129
0.93389595897093791165844
0.93387770209258891274118
0.93386152284596601891309
0.93387833782298645957098
0.93386549318300415833960
0.93389266537589843419909
0.93391139636695053027893
0.93392214297809950096507
0.93392453877290626529373
0.93392845644110233926938
0.93392009609314752260900
0.93390757544782443400067
0.93389295684609618941607
0.93388310195502610699947
0.93387134503588853373657
0.93388870808974810966419
0.93387678567970988652291
0.93389610641065645690873
0.93390535478220881859812
0.93391484268841484794876
0.93392550150869757530359
0.93391886901701104406470
0.93391009728030272007970
0.93390505547815827469549
0.93389883913855131769566
0.93389183652722562722914
0.93388125221002071807419
0.93389204746834808545941
0.93388513673537909554057
0.93389839998388413100372
0.93390496427138625090691
0.93390843482087948501658
0.93391346423477328286822
0.93391270880015053723611
0.93390979696621034822357
0.93390363336021287032906
0.93389559699564017591911
0.93389203940796461367313
0.93388599311010211945216
0.93389314075192464414954
0.93387249454271270554528
0.93389506627325402643436
0.93390239877548875124802
0.93391267956746371048382
0.93391618726779390691206
0.93392036966508051865077
0.93391646731675459491839
0.93390544611672876573749
0.93390009216727298824168
0.93388783178301348897321
0.93381987254689213795444
0.93385183563628293423875
0.93390414211414496392649
0.93391545182394897217648
0.93392255317316419382934
0.93392043976751626388477
0.93391562834263486259090
0.93393211599157766045209
0.93392518404504465401317
0.93388198502066965822621
0.93374212801650369186746
0.93378608369658266941116
0.93390937665558204638927
0.93393981200961717625830
0.93390930629987067845832
0.93390297988148807117881
0.93392520520624144886312
0.93382027354235319638320
0.93359025846894438949164
0.93384498573567698009867
0.93388350792704433178670
0.93380598155222582779089
0.93362525174784238846115
0.93316164829444692152549
0.93357378629519638391088
0.93310764777464128005846
0.93302867203834216613956
0.93210157637421942045108
