0.52845736311868074519538
0.55905630384675986110921
0.55727913985853261280567
0.57953375933133777220263
0.58014184094261445068241
0.59181308818913824776331
0.59498595116113772718336
0.59721358633289267636712
0.60606986971255705221040
0.60898969551282655654489
0.60208458520188823381858
0.59741356338452600294175
0.60471624019511482917011
0.60950008848469794386915
0.61348553923191184722441
0.61634854993162535574669
0.61806442366799740906202
0.62035959420148245602178
0.61472725406516126600565
0.61055688005522068539932
0.60577629460689019769148
0.60702849507212153223890
0.61137027706182667241563
0.61522611158384366003560
0.61836753919695797154787
0.62070599164439121953052
0.62213425091413354639513
0.62209675316336410233475
0.62084820548732555511862
0.61885850848074797081466
0.61611756185474864100371
0.61274120318963798403900
0.61470485267989871669414
0.61752585866955500559783
0.61988362999756752014235
0.62152031210076597034231
0.62246800279018543733400
0.62283075361118933610527
0.62345047717822310584523
0.62328257579684520628405
0.62325241250547480653665
0.62249972460021940623420
0.62109138431850752226637
0.61902340069590566784541
0.62199122797333006307241
0.62331269432751279513383
0.62399534994663308218321
0.62416806054085738342252
0.62399799505901520912943
0.62365847207402047569502
0.62425594762057590170201
0.62403952590627509433574
0.62446605519069497969298
0.62454320431227361432036
0.62432254656304253526145
0.62363682517078000699939
0.62418059746017018341036
0.62444036668210678442392
0.62446138279148344363279
0.62439932864859337691144
0.62436935291562789540620
0.62442343411584988466245
0.62445710759967265612858
0.62478605498448314126136
0.62423264966118596763778
0.62412838027708739119248
0.62410494527843496381792
0.62405009219103935169670
0.62370138825630061507610
0.62373186549482129148458
0.62387706664085706975698
0.62417649984093970250143
0.62460878259088736808025
0.62511136659094534984149
0.62487293118131281843830
0.62540694925703199658074
0.62435081957170668331969
0.62391327141141783574341
0.62362149730771276878727
0.62349793353314353350214
0.62363519245278964397983
0.62389351778702850648273
0.62429216714297730561611
0.62476790878579513410784
0.62525998884193012550270
0.62570733025077862610175
0.62574349736932544097101
0.62604882297878017283210
0.62536752691044583674085
0.62493357703843865902371
0.62449730124230407035668
0.62412125704780807566863
0.62483540039296137091895
0.62527259473653362675805
0.62568517775481680143201
0.62602581982725868936512
0.62627930223423067257471
0.62645057724818775657383
0.62680501608946892488916
0.62689658634990230723361
0.62664558058541208751535
0.62638928284749295638534
0.62603360182933420752249
0.62559680024538266707168
0.62545772642766495064137
0.62609627910869825040407
0.62624732309659703055615
0.62664606135107059348144
0.62694525195375072623705
0.62714658961132208059297
0.62727353198350632723646
0.62734696057807715074972
0.62763711433570101849710
0.62773483033692456523056
0.62750019765423747930555
0.62731175483650913893285
0.62705523553120023905194
0.62671272461993932090252
0.62656637619993349463954
0.62687688516517448000798
0.62700909606015797770340
0.62729201495500575003206
0.62752335555248073273304
0.62771663963851986878240
0.62787851801688054909079
0.62800334994372009056463
0.62799632975915842258985
0.62811951876579807940715
0.62783384876078163205904
0.62764398582888147881675
0.62743502609621915055982
0.62720481020300788976840
0.62709267895050146979230
0.62729397951034393532410
0.62738443462063153699404
0.62756553440575546520819
0.62773830236921224212665
0.62789156336856433160420
0.62801316576137722336171
0.62809136522029818117119
0.62796351152866314304646
0.62796527970036741805870
0.62792152583873617199828
0.62784143485812426987991
0.62772957008112484356133
0.62760111556517350628326
0.62753172418067981741530
0.62780260814677224523450
0.62785113957168314779977
0.62791958117202928413292
0.62795150020755463593503
0.62793984812770820003180
0.62788847540845771355578
0.62780944284500395102810
0.62782496383599795120034
0.62768916549381759129034
0.62794980986170145786929
0.62804393174748107675498
0.62809178240547236526936
0.62808645385594441545862
0.62806224704777602330097
0.62824239435459328095845
0.62824050728277325283955
0.62819026492208784873128
0.62808746506358892336408
0.62794864385483029067814
0.62779587758559540766612
0.62764582645195121646253
0.62780397061389525692476
0.62767961699151497700910
0.62793434204207065896242
0.62806658848381458071231
0.62818373286647744002664
0.62826717986620828071409
0.62829324284549203927241
0.62820771328093727436936
0.62816492902341458659521
0.62808005941292310847501
0.62799141067047470343709
0.62790824734550587660209
0.62783368973274000790497
0.62775400118438706709156
0.62785530117584709142164
0.62780928391873236371623
0.62787377398108412673849
0.62789222415908374497207
0.62792692516801829061279
0.62798323965042468497444
0.62802938154385645752598
0.62783853691395274942977
0.62780391880433750184665
0.62778858252845293197453
0.62780590635050204095791
0.62783212592669779272825
0.62783666191456288796502
0.62778815768823337251092
0.62775266501062265689370
0.62765836816476161530431
0.62777917342504163666916
0.62775740538138513624489
0.62771972238244833075527
0.62770253148415455779485
0.62771740255430341637322
0.62772053988525911005780
0.62772027480945069566332
0.62773903120835883306938
0.62774591479544417094161
0.62770513675176276002787
0.62759853836890422407180
0.62742504524414954847344
0.62738481463749817823583
0.62759845923263846145801
0.62774468842492769926622
0.62781867219897347087709
0.62784194182168695519408
0.62784557434620802407466
0.62803725022705036984405
0.62799988208456059002316
0.62789627227733124659181
0.62771163999150192402965
0.62745032549583656944492
0.62714620594368308825750
0.62726422326366848558621
0.62692385394196958880997
0.62760813795925307623236
0.62789768613310892320101
0.62810174224431136735802
0.62820463339367871302699
0.62825425571329041041224
0.62806427165937528389605
0.62776983138110509230501
0.62741618351733607905629
0.62705918369952295954306
0.62675858347225366085098
0.62686193879669460660153
0.62667789111511695843149
0.62715549606345699640286
0.62750407146046849327092
0.62784943980242302608019
0.62812739742109635621148
0.62781535219633166633457
0.62748106779005863309351
0.62714722150438162451280
0.62687392379631745598090
0.62671320729728952070303
0.62669422093960269748436
0.62665025473300417502287
0.62680321234587721423992
0.62663939942351920553421
0.62677812538197863467815
0.62704042119951142186807
0.62737752154058923359514
0.62692059937838706673574
0.62664430533942439005557
0.62650199951693241740003
0.62652346191532981567462
0.62669714109611573960024
0.62698718714851309208314
0.62686225342810919514136
0.62722482022131043066793
0.62656751173342906113817
0.62639763276563009686271
0.62639458436304029653741
0.62656082796122403166805
0.62638617795182660596964
0.62636137679120085230977
0.62650440885928582179787
0.62678067023871153473635
0.62713016680285382786764
0.62749441085940083073780
0.62746956915498197648873
0.62777631485908425013065
0.62712855139872447640670
0.62680332517444126150252
0.62655487124089193073928
0.62643556119462262543607
0.62668598478449055733108
0.62692469205250278552199
0.62723186736428915288855
0.62755355063404283377793
0.62783610056606209415264
0.62805396632075294327535
0.62818157331498281070736
0.62831061988175307408966
0.62797730647175420415351
0.62769971109100897166400
0.62738193594143365494631
0.62706758649466498578562
0.62749490373029237488822
0.62783091780961575167908
0.62811838854092483241942
0.62833359933833099475464
0.62846675750971381368970
0.62853184725599642312943
0.62866939382888564757934
0.62870312511315507020271
0.62858732631836666815417
0.62843243173093021880504
0.62819661236573642870695
0.62788465719502539741370
0.62777349693044159906208
0.62808419196172105003484
0.62819009945930015526017
0.62844469825438642462956
0.62861828844011724548579
0.62872673968035341918181
0.62878532755727367664633
0.62881785437840542751786
0.62882986517299743756126
0.62887614813094327992360
0.62877581057013076648587
0.62869828984806697125265
0.62858194769047148753316
0.62840277246385567444520
0.62831349907888300876380
0.62848112381319409802671
0.62854177321980986281602
0.62864739587920615004890
0.62871731848863721126008
0.62877537195766430855315
0.62883082138399792881955
0.62888916107874426320024
0.62882002060376607222025
0.62887343503083314999458
0.62876913164492520547100
0.62872550759476641957235
0.62868955060564668535505
0.62864235743321095206682
0.62861031406355072359560
0.62872480147795384297638
0.62873364467250514309171
0.62874428631875223238978
0.62875880424637942134325
0.62878756061041229941111
0.62882045380882722884763
0.62884491197637626402894
0.62883765666284052731072
0.62881002664979346317153
0.62883805180105667442803
0.62882764916715383485268
0.62882463764144425066860
0.62882787556630925784873
0.62883060785504540923796
0.62891829098813789578060
0.62891802344143821201783
0.62891665540646390919477
0.62891366125005743192844
0.62890113226275157209955
0.62885620692657151487026
0.62876180309474460905506
0.62884466608532707532220
0.62868162941957517197977
0.62894011309647201990458
0.62898074398473891033490
0.62899010869405358459261
0.62898134694227814112111
0.62897146977781936971752
0.62897619762240497554018
0.62899686908370244786681
0.62901053390054173508616
0.62898776654083232706682
0.62891397756144096220510
0.62876920852866879929621
0.62854626440906335993475
0.62860419638692099919552
0.62834213079239265020703
0.62879397843799000877851
0.62890652155032655823419
0.62895593771941760152799
0.62895304058247292200434
0.62893032932334569373722
0.62884763713037183929799
0.62885432865358126264255
0.62882283709854069897460
0.62873074951223717476978
0.62857444788898830800861
0.62835023141690693471162
0.62807153183541308827387
0.62802993996697997758361
0.62776109667192747654241
0.62827947450604038071020
0.62848202725766422194198
0.62863043274726282394482
0.62871999605216777329275
0.62874781012566594018409
0.62865394903274118831860
0.62857032402511137103573
0.62840996540826021821147
0.62819824344325392306843
0.62795568709899973747213
0.62769543038164898884901
0.62765559974586804248275
0.62740103002657798825226
0.62792847280707153601043
0.62819535755065547544262
0.62842677994360318649569
0.62857418201712589311825
0.62850315288926716927875
0.62829617519836644667919
0.62800872026679122051007
0.62770646397055651632968
0.62742626208351193195512
0.62718836017879064925751
0.62728459603851649539763
0.62707463710372668419524
0.62755025280250653629821
0.62785698029214598303582
0.62817012242566505619834
0.62842064100176753260740
0.62830023422405212318864
0.62803304574849094787936
0.62772829760585158176411
0.62744705996360838895498
0.62721748492674056496554
0.62704567157950374944875
0.62718895374809735532295
0.62706412006864553632113
0.62736681109255354460430
0.62759768347841349278582
0.62786521133720341047990
0.62812242873700807610504
0.62788573792768009873555
0.62765528489611621676403
0.62744288889519106433568
0.62727294217902351824989
0.62715581254555341494950
0.62708663988656765386764
0.62709003594179724139224
0.62708503838252671602760
0.62714295272386955115707
0.62725117379028683117781
0.62740622941921553312739
0.62760459489747066896825
0.62730699419253910242844
0.62714351885903552030754
0.62703423528150503685197
0.62698288267191515377164
0.62699315534296928831282
0.62706077499987078471833
0.62690159568027581382665
0.62704670514232596634230
0.62682655176285373421763
0.62683011714306324790869
0.62690171045936582405744
0.62703769670597619967367
0.62683666753207123445435
0.62672403534620813037037
0.62668855058035433103214
0.62673591739225087415832
0.62687495429223072385128
0.62709505245081753610492
0.62697105411544029607285
0.62725455270609675739735
0.62676719422399196357532
0.62666098482051990625763
0.62664914980308972225487
0.62672581789353054571023
0.62671522588808004083916
0.62670094296410061573965
0.62678267018313849057165
0.62695843451249899658251
0.62722210243048903688390
0.62754490738859236564906
0.62761637308373019461527
0.62794662406225809636595
0.62730466426712938599053
0.62705521944371533926699
0.62688277177393048056331
0.62680278427442859268126
0.62697440309583085671363
0.62717266044432162797051
0.62744293399042772030327
0.62775864089756749919502
0.62809088163740367516397
0.62839438595678787091714
0.62855776149972208965977
0.62880166125775627250505
0.62824083040945999378835
0.62788565948777352865307
0.62752987373849311580898
0.62721597056663191960268
0.62750788738610618899827
0.62790824103879283590857
0.62830574929142157802886
0.62865205527823453390823
0.62892489884902946783996
0.62908844073627268045357
0.62912509839847619019793
0.62920484584690028473375
0.62893261056791205376726
0.62863672697308325965082
0.62825873014204713928876
0.62783316266946476158495
0.62769469966843427499725
0.62802300179265990731636
0.62816909891596262038860
0.62854899703841837776963
0.62884981793481609102514
0.62904772312415213608716
0.62914674907322876151738
0.62915234643750261867012
0.62903046338586388053216
0.62897973393061845648333
0.62902357925074892097683
0.62894239314628985759725
0.62876493168339808725875
0.62849253392116777305887
0.62836400550457771618795
0.62869279588344950671086
0.62877473945469342098136
0.62890655252809690711757
0.62894875196077970613828
0.62891844526890217093040
0.62884946065526958758340
0.62876057132213614142557
0.62868025820804496195393
0.62856138043456066810677
0.62880010584745127388828
0.62891359579104588739540
0.62898612391529096221632
0.62898769388298347848831
0.62896170201976675517841
0.62912629207333570224847
0.62910363373863109615058
0.62900955339898889651096
0.62887025905620352883574
0.62871399645321612847937
0.62856303236403099354845
0.62841028641843399427103
0.62848684376412544683177
0.62828293284365166471162
0.62865840627919611360852
0.62882319110623619007328
0.62897628461573806823992
0.62910417500983628613653
0.62915405350384578930800
0.62903401523222157720738
0.62898380497171035852233
0.62887450323218474501630
0.62874352862071014591550
0.62858590496852795315164
0.62838763599638969292727
0.62811422501424207798237
0.62817981560355717896016
0.62782579984674846684811
0.62842165358608037539767
0.62858195839451636022233
0.62868477209468187627550
0.62875651122291376093898
0.62878793427154633377540
0.62846392780451265647201
0.62844843980901432534125
0.62839788370965776742594
0.62829436196332466568748
0.62809958685728584093511
0.62779685487163638946129
0.62737214001516106165468
0.62723056887451045238180
0.62676557437872737477136
0.62760175882858226792393
0.62786372591004102616807
0.62802154531870479914346
0.62810193968568650557671
0.62812781264539974124261
0.62783738535208188924486
0.62776014885607567261872
0.62758943180720117016591
0.62733071891988578805410
0.62697659875650701977179
0.62655367402624317918480
0.62634122387750434945985
0.62588683795697963585525
0.62677968531292438392200
0.62715582432288941028276
0.62745708791261356473967
0.62762848882192845412220
0.62748940529580732317072
0.62721038478517388004008
0.62678644056588761479532
0.62630743272692168677196
0.62581881068171862914085
0.62536105579950540533929
0.62549828229116555267098
0.62504595097167092720980
0.62599677134426146007939
0.62651458952350003173137
0.62701386783931267743242
0.62737230242676522706802
0.62720365475990269565898
0.62682554373087995269742
0.62633733861161411393681
0.62584527433028136478299
0.62536536521338126348724
0.62488850188460476342556
0.62526856439529698850066
0.62468500286170725033230
0.62574869775653552128603
0.62617962622743950085180
0.62658613435040833028467
0.62690882381927248712117
0.62644190302615621046556
0.62621398616519841073824
0.62590366067761071811049
0.62549922692765702603168
0.62492936044258273753371
0.62411266221532435416464
0.62401102961675924962748
0.62281449694287416285476
0.62482617860397426934327
0.62533264766990648286793
0.62563078112942505093486
0.62579592208103151929066
0.62499720843313022466958
0.62475689551693946999222
0.62428132084295651083039
0.62345540862879800236840
0.62220864835823830318873
0.62045277645264051979979
0.61930636575728881254577
0.61689474338454874935422
0.62120990011071652858732
0.62259475870900460314772
0.62352030495900490070227
0.62406265498775270739173
0.62293289986823385806503
0.62181325492485095551842
0.62019641693594163012193
0.61802782231516562028162
0.61534846948669841282253
0.61218539344362832288482
0.61040536209946538726001
0.61394449686178653724511
0.61700374685270797936454
0.61951215341180065898641
0.62141046035448910256349
0.61910879572242150103989
0.61639080311504479414708
0.61300158774937552053075
0.60910286787224110494066
0.60485264327410837026378
0.60360936654531349709885
0.60808424630797275334260
0.61211901917753319679605
0.61547997098514894975807
0.60973840896494369001601
0.60620096864844907891268
0.60198671476697807047884
0.59431619662441115270468
0.59804458749830979868989
0.60114279107834733828497
0.58882832142273378028818
0.58683874548309877816621
0.57193518794962761031542
0.57193884043825671259498
0.54886139410421019846353
0.55014400314377931433540
0.52081570616782990601479
0.52854500782908730993626
0.55915584968353804207197
0.55737139156794623939817
0.57963679257035938263698
0.58023769565130856040724
0.59192075836761937068786
0.59509156743856284066396
0.59731207602556124491855
0.60617728158628114698558
0.60908993910245534664227
0.60219398983947869385958
0.59752399310988257852273
0.60482799485982086107327
0.60961070424584617999386
0.61359408513076141300502
0.61644981206877469404048
0.61817359467115962079475
0.62046131831089945674051
0.61483868337773017742620
0.61066968988119585404206
0.60589019723768644531958
0.60714013424641743998933
0.61148520963913743919704
0.61533975547615660239842
0.61847949425804427114883
0.62081544233379892805402
0.62223606843784340370007
0.62220625941354545940243
0.62096047351160799099290
0.61897278751299011911868
0.61623335881605956210194
0.61285400159152714216759
0.61481347400464825270205
0.61763965135162901542998
0.62000010592243715024097
0.62163504473136721450999
0.62258042544316360977774
0.62294019364038699659858
0.62356293895863090792631
0.62339189480081047545212
0.62336742514148912874816
0.62261666556375050429750
0.62120594674210005692316
0.61913272309279909766389
0.62210105052785424906148
0.62342777821561856654853
0.62411253949701994692134
0.62428319884392091676517
0.62411042081388290458932
0.62376765563063829578283
0.62436828589910409181840
0.62414857339200180419425
0.62458120034375996798559
0.62466045815805615326610
0.62443792752442839333327
0.62374706916734989903262
0.62429107229814850832383
0.62455588526054661713260
0.62457858217988415638899
0.62451440759656895451712
0.62448157348084931683729
0.62453234146216185518341
0.62456920541732185991890
0.62489481304955596385753
0.62434764260334807417507
0.62424547958199938513246
0.62422051597792627131156
0.62416066772050826649831
0.62381202110604005994787
0.62384747705703980091840
0.62399407786791183383457
0.62429142642184065614686
0.62472077327475450392313
0.62521996679146096820290
0.62498483525680570416228
0.62551538614445079122817
0.62446571663728389633974
0.62403024318199418196684
0.62373719694423912507375
0.62360864523913694945634
0.62374604838025604625074
0.62400937741727713348183
0.62440916029223858529917
0.62488281377974197461356
0.62537182481911690601351
0.62581560235776478862135
0.62585528156439795832711
0.62615693209745282299394
0.62548247301148307553120
0.62505064430532975006116
0.62461338125864440673496
0.62423230909176208314193
0.62494668738809788788302
0.62538892653530464560419
0.62580233776945293211469
0.62614081438173574412076
0.62639104472237483456354
0.62655853065733702056406
0.62691671748889110649117
0.62700439189131840223013
0.62676061325476528640621
0.62650652256768479819726
0.62615017706317555035156
0.62570832482076477187860
0.62556717411457207767000
0.62620571683626469194905
0.62635906794349072157502
0.62676285106629325838412
0.62706254123835059033354
0.62726163168781801093843
0.62738518035511314785424
0.62745461774297772716835
0.62774868831903807286920
0.62784232411493734460350
0.62761521710712997457193
0.62742905874181897907249
0.62717220377075977300052
0.62682465149749799770973
0.62667577749055292102298
0.62698622058189734662648
0.62712117440825754233202
0.62740912765804524031665
0.62764064462771107510974
0.62783160860297970717880
0.62798999536459343406847
0.62811065606476612632747
0.62810769213357753315563
0.62822661086051601042612
0.62794874855431004334605
0.62776124306679081943372
0.62755225836791650451119
0.62731700934483569653821
0.62720193547193348049262
0.62740316485974589877372
0.62749675650179426167341
0.62768288435875985165069
0.62785551758187807536160
0.62800637575572548776393
0.62812439435883860028298
0.62819821894715799359687
0.62807459169760804229554
0.62807187650869200634673
0.62803623981156764255473
0.62795860651442825250967
0.62784704320211892625281
0.62771356384588916643708
0.62764085136431346789720
0.62791168906798067173014
0.62796371944820250643460
0.62803718208680059387206
0.62806863452981831485999
0.62805446057889924293960
0.62799940070191251351162
0.62791577371155382625290
0.62793573819882864128772
0.62779523535871439854361
0.62806431745537050215233
0.62816102449528343765195
0.62820950235007932960229
0.62819915061277753487445
0.62817128628149743185816
0.62835139411910467810429
0.62835331270492489341706
0.62830808547423044885250
0.62820450071879052611479
0.62806303941276842017771
0.62790650875192577373696
0.62775164961541374264442
0.62791446209013068724403
0.62778520606714593998987
0.62804861689221147535989
0.62818355430862649058099
0.62830163181259590654548
0.62838006608499752392305
0.62840219634948712990052
0.62831660744698514253770
0.62827787560612857742370
0.62819802038525252019241
0.62810830171949727507297
0.62802239590387576306796
0.62794404170542561516299
0.62785935941356685319192
0.62796551358071694970420
0.62791440590296287993510
0.62798779262615667118297
0.62800903430997523368973
0.62804493270655592507268
0.62809622205192783273020
0.62813821248286028087193
0.62794731851876706141269
0.62791693913249368996787
0.62790663399654356169322
0.62792263531497127804215
0.62794601199361377297237
0.62794672961369080166349
0.62789303147934449889078
0.62786257398643530169835
0.62776297686134907571898
0.62789291708506411726631
0.62787405839099652560265
0.62783782776509666767595
0.62781560081570619846758
0.62782616532296398048629
0.62782931873267999733912
0.62783341824126215335866
0.62785720721955518008883
0.62786249898426049753652
0.62781872923244019801814
0.62770827346346347308526
0.62752936933913172623534
0.62749436420668747160789
0.62771189427888751666273
0.62786120776684350985875
0.62793692842393156183789
0.62795516947714147271142
0.62795440413043379646041
0.62814615899797165976537
0.62811320095638767391222
0.62801460248506146832881
0.62782808756177366227291
0.62756359421136764797922
0.62725556691070849524294
0.62737731335851032454798
0.62703302888107415036245
0.62772449675803854152178
0.62801607029836981066495
0.62821513862805311578796
0.62831363498949266421789
0.62836334673658056360068
0.62817772500892277154350
0.62788824457225489439338
0.62753243571987549209723
0.62717208716529204703960
0.62686757882767007998837
0.62697465438965260808857
0.62678671784047457204991
0.62727163194789836708765
0.62762248840717771436459
0.62796291468552789538649
0.62823655657428079113203
0.62792457856766192847431
0.62759453332686077065006
0.62726561680084991223794
0.62698993904775335295199
0.62682574330717832911120
0.62680289690784929401701
0.62676262481199385145914
0.62691175428242695844006
0.62675530122964906443173
0.62689649111408751736008
0.62715385998600015060589
0.62748681321023569434914
0.62702995433598363028693
0.62675773238787024776997
0.62662035153833484102393
0.62663926745461961953509
0.62680935756719213802768
0.62709560433745648033721
0.62697433419794190712082
0.62733311760394894207593
0.62668325452859663382554
0.62651600246937078075860
0.62650802078741052447697
0.62667026120787827636605
0.62649571859266972584379
0.62647485591082940903362
0.62662283208432134617993
0.62689638236534883652951
0.62724213056668731702814
0.62760259338421220398629
0.62758142714883469182041
0.62788438494060561101406
0.62724425420349882998039
0.62692183290490399727446
0.62666842977964376526501
0.62654524893345175939885
0.62679585971360862739488
0.62703836521200639886331
0.62735047933824905630473
0.62766925486681768298070
0.62794785167114441915004
0.62816192088097744239406
0.62829321013869532386309
0.62841845091835157877114
0.62809301361931080265322
0.62781843462504038910765
0.62749573413319403858424
0.62717766935143737239144
0.62760520024217325563143
0.62794484007436268679925
0.62823721398756882106085
0.62844929622026957094505
0.62857826848328079982764
0.62863954579543246392603
0.62878076462355225739742
0.62881068266046313830486
0.62870299333009549425100
0.62855133139476138115498
0.62831063685690202724743
0.62799515923846949139175
0.62788407000805745994398
0.62819499481085827596871
0.62830079550724093895298
0.62855880309859246679594
0.62873723272176118559429
0.62884235292059620370253
0.62889653933377942518490
0.62892526035582063670404
0.62894089976303590994178
0.62898338866864011986735
0.62889135153988806603564
0.62881725806881538787252
0.62869611157957749902891
0.62851364706994361508663
0.62842451454095005214384
0.62859233528624636200277
0.62865281078946233517257
0.62876160860760632598243
0.62883629782938221808308
0.62889083100005116477860
0.62894167031027736758375
0.62899622452229386748712
0.62893068236379134905434
0.62898031582465130373549
0.62888451022727620554065
0.62884449057254165893482
0.62880379714739176311156
0.62875354787133208578354
0.62872170482778622080389
0.62883636688879585019407
0.62884498871730054592177
0.62885856978360976654585
0.62887778983046038749904
0.62890286062078304407663
0.62893092849507570285539
0.62895160809812222790782
0.62894794187383429306948
0.62891653396191471436794
0.62895327472896689346982
0.62894663923260363258549
0.62893896142189131825972
0.62893937652656861647671
0.62894233669677601650250
0.62903016604819972368290
0.62902967949712984552235
0.62903102392739551618206
0.62903266041527372554043
0.62901628161658029725345
0.62896630032273170840540
0.62886811459936031720730
0.62895456289242113179228
0.62878773767879347911247
0.62905518559377604503879
0.62909974568968418662251
0.62910451001063172338235
0.62909314835253327125031
0.62908347106834661133234
0.62908830476614063798024
0.62910880982235162228733
0.62912495693001313501469
0.62910675188247033862154
0.62902895901483235618912
0.62887889872345181796476
0.62865216062003959063276
0.62871365982757265733483
0.62844780173557535096762
0.62890884663059454240397
0.62902546886245147561567
0.62907036719488840237346
0.62906511355349103986612
0.62904252194602394698819
0.62895988815806136429387
0.62896652297097666028947
0.62893726137728767078272
0.62884964273641252852087
0.62868918505154225417897
0.62845944879020354534305
0.62817696170875936267919
0.62813889941522504933857
0.62786627580446918717172
0.62839406747918402640352
0.62860084871501442638220
0.62874483627717681066827
0.62883230029336967259468
0.62886009724168068224515
0.62876625461883628442905
0.62868273466983159991628
0.62852434087038377974466
0.62831697938200248287899
0.62807013056635629943969
0.62780413179692229341811
0.62776989515968850685823
0.62750947779009735860711
0.62804712046495381194688
0.62830970530162311149525
0.62853930113732559004092
0.62868649547358701479283
0.62861545672171159626629
0.62840880936729570649391
0.62812304683648634284765
0.62782503021713909063806
0.62754041905921054134154
0.62729656423196500369954
0.62739863136849638447501
0.62718261380699846796460
0.62766874837335862036269
0.62797128981835548255930
0.62828286745474526409083
0.62853291068134398145162
0.62841244655566741439401
0.62814589505191065210710
0.62784259281769749794222
0.62756549013199425246512
0.62733141457310503952272
0.62715343624876607186991
0.62730278059594557493739
0.62717168025525238395090
0.62748517310408347125161
0.62771195898087994713421
0.62797816371209314034729
0.62823455721195287093650
0.62799775774764154956387
0.62776833250222474624991
0.62755714229250869617971
0.62739122940241476289458
0.62726953220894710039346
0.62719399301745915042972
0.62720364136369421981243
0.62719217808121796586818
0.62726115837113172180040
0.62736540110162630767832
0.62751936578709333058868
0.62771644702253148739857
0.62741888915661725434347
0.62725673608813692361252
0.62714842779639912162537
0.62710099789201712017217
0.62710664324625919885392
0.62716769846947906241752
0.62701496554927482751651
0.62715341468341267994191
0.62694457022588501171612
0.62694427236758898391855
0.62701501120117930643261
0.62714963657453393075514
0.62694866665943971284491
0.62683743028674854258497
0.62680268195459898361577
0.62685384677389699437100
0.62698821253770031791674
0.62720155684399503392967
0.62708422045122613752710
0.62736086717766514908590
0.62688505568294450309708
0.62677511558531417978912
0.62676265890000226743695
0.62683788338257151462329
0.62682737535867316669425
0.62681457951446628573677
0.62689682492842258021426
0.62707625639867592415300
0.62733520649901775012580
0.62765105492559813971098
0.62772944128675312036592
0.62805262517120230558731
0.62742247097133496680499
0.62716942306346479263368
0.62699655773976603612141
0.62691502962793232978100
0.62708676499804016923889
0.62728661615052372368950
0.62755720756620902989198
0.62787644452240520820396
0.62820392170106320595124
0.62850024723337272192225
0.62867076900705776143496
0.62890737260148965592776
0.62835863415084847183323
0.62800001381834569258444
0.62764401009931225505767
0.62732845363278033623544
0.62762049810573994346186
0.62802255569008080815507
0.62842018104598951211415
0.62876984622721032724968
0.62903785673788215060398
0.62919398079015942393255
0.62923797710451323528247
0.62931018783052661280664
0.62905035749314486270833
0.62875121773249931234062
0.62837321565762249697684
0.62794590029990871027366
0.62780512498580642866131
0.62813331464257049496780
0.62828197179264688720934
0.62866364049115575074467
0.62896434169028192506801
0.62916538992653825435042
0.62925951184240724867180
0.62925746305552787696058
0.62914308140823393955543
0.62908460299759194622737
0.62914113785003189516232
0.62905692997197515392571
0.62887971785139473723802
0.62860553314370104516229
0.62847421058958319317611
0.62880288948633233925278
0.62888785641696964834324
0.62902146505525091679800
0.62906328978418868391742
0.62903587738513344618241
0.62896192108602611003931
0.62886518314721562283864
0.62879256367537261773748
0.62866573988520590976492
0.62891740721593714091853
0.62902812190532020331091
0.62910114835242370023849
0.62910090846992028357221
0.62907167687942877609686
0.62923614088476653716242
0.62921693333986183915840
0.62912467258768112188250
0.62898476992182594802472
0.62883116990878840102397
0.62867519077749456357651
0.62851440366069610821143
0.62859885721365182931208
0.62838681098402371372202
0.62877545005869928118614
0.62893768613878664464067
0.62909148839123829599629
0.62921753547717529375660
0.62926376267555139687460
0.62914356407232596701817
0.62909720542620295447023
0.62898977827306634669213
0.62885800455166707134680
0.62870281438406139251640
0.62849949683447436932227
0.62821785471630309238833
0.62829150496127250669076
0.62792916166487633411464
0.62853841206679550435155
0.62869639929021947644117
0.62880009512723833431380
0.62886992314682244042956
0.62889731183270913827954
0.62857313326397712405225
0.62856185151383570097749
0.62851323174813888972068
0.62840874341920860413069
0.62821616074637864901575
0.62790834130553707659317
0.62747520947661039603105
0.62734181614036788054989
0.62686832720396612472769
0.62771810786526016645581
0.62797801690693710874314
0.62813690001101141202611
0.62821534382230970194883
0.62823686107306886405865
0.62794629421399061897091
0.62787354738846112844897
0.62770478280017583117001
0.62744490536903230193388
0.62709269744699691617740
0.62666465788549907678373
0.62645707126474892145751
0.62599755971911164031951
0.62689376558128528937885
0.62727116682225736443712
0.62757047845733604507501
0.62773728165445930038402
0.62759811108185226125045
0.62732377971802311122929
0.62690177886457065792314
0.62642141698277997718947
0.62593442470131099852892
0.62547154153333417436755
0.62561369411714684574122
0.62515623509578899241745
0.62611068465623520573615
0.62662993881804984752648
0.62712727716922778142816
0.62748094061646175756408
0.62731222997479252345698
0.62693897014803723344301
0.62645271666229007667681
0.62595914985423817267218
0.62548060656781556687633
0.62499860659439665511172
0.62538364118065103980371
0.62479491870392867003403
0.62586254565251187020891
0.62629503363501581869599
0.62669956286323136307459
0.62701732268756860122494
0.62655030918598753064686
0.62632739234567502695228
0.62601906799248951962511
0.62561301692558546339029
0.62504422708196916147472
0.62422232464195159806764
0.62412557542833890789069
0.62292377567133871973937
0.62493983124949503693557
0.62544799511520121626518
0.62574412756917274780477
0.62590421883392610702401
0.62510537839564928042080
0.62487013426898063706005
0.62439651894327807823970
0.62356879754213523359141
0.62232270644783194146754
0.62056148249347486967054
0.61941973381600501369348
0.61700266473396936373064
0.62132286676307946216014
0.62270968792989234152913
0.62363336744327013683176
0.62417070361816018309042
0.62304092142360389949829
0.62192605449050197830019
0.62031093867357867122081
0.61814019803461361934893
0.61546095857289206954022
0.61229233071530353438305
0.61051678779050944090301
0.61405611482385369370718
0.61711770983471769813633
0.61962457997955189270556
0.62151838671172998651571
0.61921649397763312006049
0.61650270985461430583996
0.61311483760078189231280
0.60921358709739459325050
0.60496289390306789979235
0.60371907082664055810284
0.60819661390722301597123
0.61223019601730488403746
0.61558720158129021093885
0.60984479949305780976943
0.60631111352376720891044
0.60209797725838531956555
0.59442605578861962278836
0.59815328867778516652720
0.60124783842191775740105
0.58893137287203622953768
0.58694544923067204500455
0.57203922262977713319998
0.57203908406599401903492
0.54895668918088924570498
0.55024056548069821825919
0.52090615513151727888896
