0.63263604937324169341650
0.63268399918309692342433
0.63281741901206844946870
0.63282930106439261308537
0.63287332483591141052415
0.63283647046826008164544
0.63288373097732109062719
0.63289289127438597137854
0.63290761901861336546915
0.63291065576921934354715
0.63289678576863706016553
0.63284633243894761189807
0.63291023334207963113585
0.63292296345713927596677
0.63292667317501660750878
0.63293351756092186555236
0.63294764635611844294516
0.63295810682439457295345
0.63294144741428981504328
0.63293832273896910578515
0.63292051560714890356962
0.63293289448298684085614
0.63295262410052977042341
0.63295743106640378616845
0.63296150157100028454948
0.63297029532874682367094
0.63298116286411010289470
0.63299244493427109237160
0.63298385885376839965488
0.63297763938357887170127
0.63297369466539654681014
0.63297053941756142858566
0.63299278289819471687849
0.63299389191136501420232
0.63299461303794790634214
0.63300022169519054582310
0.63300660304226463725996
0.63301425463336957744076
0.63302886425421622806908
0.63303619952579370799839
0.63302312306120955831545
0.63301696428888132306412
0.63301477168145381391184
0.63301742891293844017753
0.63303814073686648367101
0.63303622094247802287725
0.63303942031041438021077
0.63304526840666763831678
0.63305099442431711498358
0.63305892264335472674475
0.63307330784304938209317
0.63308191278400782753266
0.63306683761738380411543
0.63306119632258028850913
0.63305802388584853090947
0.63305882937489710293733
0.63308028654228909459789
0.63307953529697258421294
0.63308239177179026491160
0.63308852436446128031378
0.63309577084329593521517
0.63310441501840575284632
0.63311793493699930479579
0.63312573435380181674503
0.63311073435625331295995
0.63310418751523356295507
0.63310083071224276807243
0.63310189389329085685176
0.63312362702320734708650
0.63312271927328978016192
0.63312663803386171057497
0.63313324062180464935068
0.63313967535713855383506
0.63314637479489432880797
0.63316067094148931193587
0.63316703497888071616728
0.63315536793359705747264
0.63314952019271653060883
0.63314530825129733404566
0.63314550870555830197617
0.63316791832963381647659
0.63316813389254955612984
0.63317193645728220285918
0.63317666119483817510627
0.63318181821785335383623
0.63318856119022504103100
0.63320333407455886565174
0.63321122100666915599732
0.63319796859353305595874
0.63319347108901891107990
0.63319053884314402402822
0.63319029972859142141317
0.63321251122744093287054
0.63321193759940574974365
0.63321452852600246252734
0.63321919782539892729289
0.63322582628242907176741
0.63323426218615430638437
0.63324844173515038026068
0.63325680226137970318945
0.63324123853775915460318
0.63323556528292879175268
0.63323280153382377477556
0.63323415113407000021084
0.63323563389950210389401
0.63325721633555198675225
0.63325528841951261860288
0.63325392122398471705935
0.63325740103906247302490
0.63326357916060238562039
0.63327106560712631555532
0.63327859698280830613726
0.63329259395866177584367
0.63329943033365532212287
0.63328595595780001747954
0.63327975118653767605537
0.63327563610351544909349
0.63327647968606060047136
0.63327865228806501374237
0.63330023953860148377970
0.63329812627397452651223
0.63329801627529846985709
0.63330223287328257786299
0.63330773567807197022006
0.63331370827725963490451
0.63332004633885707889362
0.63333447089619443470809
0.63334105548097907600891
0.63332905695106400667527
0.63332426789497142660679
0.63332030856381316130665
0.63332026872132041184216
0.63332198379436543955734
0.63334409884555664671524
0.63334232845984139714801
0.63334212756393970522595
0.63334555177209117537984
0.63335014348061868805218
0.63335578064378506013554
0.63336289949896540374397
0.63337773855816315027312
0.63338518457060311028783
0.63337128911107287709825
0.63336671205171179988014
0.63336344040491898699230
0.63336409879161881253395
0.63336614559981740946171
0.63338762754358091111584
0.63338520008415022388704
0.63338435619852517799444
0.63338775939915914481304
0.63339308014934692092623
0.63339986607267417806355
0.63340750846101845361602
0.63342212184919899353730
0.63342931764837873132024
0.63341519416255998020659
0.63340945331113163163650
0.63340554925418135479021
0.63340618591069697274065
0.63340896098386301193983
0.63343037174814098566600
0.63342741598889740206602
0.63342718727165681080749
0.63343160146015453637602
0.63343721465397329062341
0.63344385478926557020429
0.63345095264948547697514
0.63346536927612651091124
0.63347233068610875328375
0.63345913970543066273677
0.63345378640788874147205
0.63344944102992972734256
0.63344939883838458083432
0.63345209612477204608183
0.63347424918670081073202
0.63347171560434856196764
0.63347172717845667833103
0.63347570763224059220420
0.63348067099327620699256
0.63348694399790361764246
0.63349400365098407217346
0.63350855268560890554141
0.63351590627877008010671
0.63350223592670640293534
0.63349742615559090364030
0.63349366757802128002908
0.63349385779398648121941
0.63349666552322903001482
0.63351855559419378849384
0.63351557333544827876892
0.63351499632885677204541
0.63351904027435801403101
0.63352408821498096269664
0.63353063470154935554746
0.63353791507097390045544
0.63355292030318599572070
0.63355994481399402484811
0.63354610307561209925353
0.63354048404843932296160
0.63353623959216531780214
0.63353672387941006860501
0.63354004505813998893160
0.63356098667115601230648
0.63355752352228666968159
0.63355751644073010631075
0.63356237771288625992838
0.63356808804882547292436
0.63357473920494322694452
0.63358163360803976260627
0.63359628179817506499205
0.63358992850612871894356
0.63358431963256456320721
0.63357915310244417028684
0.63357874841079153682699
0.63358194298973957714338
0.63360322662197232634895
0.63360037852351314136001
0.63360119469644160528077
0.63360635835755751976706
0.63361143457080071339504
0.63361752563267126348023
0.63363286679151653579822
0.63363870272312416975780
0.63362800103641270244026
0.63362335883209486286916
0.63362275749554197723512
0.63362527717970018592553
0.63364788997901744238561
0.63364507925044200042919
0.63364526304279156221355
0.63364954643620707841478
0.63365405767500226907885
0.63366024391614039767973
0.63367566446119305556550
0.63368199062802332832689
0.63367091860029700622903
0.63366680799689312220124
0.63366716743237971876113
0.63367037766756784122890
0.63369235198249540541582
0.63368857019471658276188
0.63368793762281083736809
0.63369240579466401541708
0.63369777345490085895818
0.63370414327900592699194
0.63371973315671525917026
0.63372644050876647536796
0.63371438110657773989942
0.63370925349697915240910
0.63370966208211587655796
0.63371350811662208180053
0.63373424087591923026253
0.63373041928050732884969
0.63373064265927980809323
0.63373612495926578969119
0.63374195847116565616375
0.63374846248298399853383
0.63376389161722290754852
0.63377043697813462141966
0.63375810216762451521078
0.63375232687285210086969
0.63375161678235603091025
0.63375485412785947936243
0.63377594844079510050250
0.63377326412183287995816
0.63377428641735045200534
0.63377998047760053523803
0.63378565122092478389959
0.63379209860864027525906
0.63380737592438973759812
0.63381379893628120303362
0.63380171709022481429940
0.63379603897531089362616
0.63379525502238531764476
0.63379759841105531847916
0.63381963018784348573575
0.63381735649117798558905
0.63381793641001338279750
0.63382361400068010226505
0.63382927733064720055012
0.63383553365382205857514
0.63385120576492626209841
0.63385723334384214133763
0.63384556325850327507254
0.63383983407450084079926
0.63383932427402045473031
0.63384177688632881153552
0.63386364165989483865360
0.63386128661765739344958
0.63386161993652334611937
0.63386747138018417757621
0.63387303425926078137564
0.63387898679733056805929
0.63389489833449619293759
0.63390067997795318532894
0.63388947974331788515201
0.63388370256598891572253
0.63388291864803292252617
0.63388521915237072690275
0.63388584807554138045305
0.63390723089733658213163
0.63390660013929700511426
0.63390463969789800913190
0.63390530284706847474752
0.63391135081398752859627
0.63391670950876932710827
0.63392269279763691081087
0.63393871816053026790883
0.63394471788746598051034
0.63393291090502212892233
0.63392685313451813122754
0.63392620325826776195299
0.63392804796235291409090
0.63392858997558920730597
0.63395011685305413529079
0.63394954464988229059230
0.63394759224123975460685
0.63394825492394257793194
0.63395445494350877169154
0.63396029869186754091004
0.63396671310905305940508
0.63398221067903515191233
0.63398849289161751663357
0.63397594926386235947291
0.63396973531264322332390
0.63396919464174517067079
0.63397103967608559038638
0.63397158584767243638680
0.63399309911661905214686
0.63399244746510152737073
0.63399059470914354008642
0.63399123054033446056366
0.63399776974922217309683
0.63400394074439470060156
0.63401003887470763764611
0.63402579042064732828266
0.63403148438800949193705
0.63401988477959525525307
0.63401303336107006636269
0.63401222260516598705493
0.63401374140939215084956
0.63401459863773512726226
0.63403586611220075219819
0.63403532084104408106384
0.63403385673514978115861
0.63403489342331742495418
0.63404167963504798333219
0.63404763093624616487887
0.63405307614698835916300
0.63406921464270316057821
0.63407484677569714293099
0.63406331628143586254254
0.63405675908217795644362
0.63405572461963288777298
0.63405669312827184214143
0.63405707377981901373687
0.63407826047478643705091
0.63407817953706901992206
0.63407737186099166759590
0.63407837466956651351069
0.63408505477462462351923
0.63409092822223334096066
0.63409676655193969452284
0.63411282328642015748699
0.63411878007143285262970
0.63410661666283751891626
0.63409974016177439448683
0.63409887004950016287097
0.63409958750846495689757
0.63409966214344848367546
0.63412083884716163861839
0.63412104112199352279333
0.63412023831791564099092
0.63412107339115997284296
0.63412821152370835164902
0.63413464275151820714882
0.63414051476534516460504
0.63415634652135888238433
0.63416187455114614301976
0.63414978768057772562372
0.63414240642971608785672
0.63414156531890175649835
0.63414221834142336930995
0.63414233533756148020188
0.63416370097685592632786
0.63416353689406967930609
0.63416299929562658377336
0.63416400178410847754407
0.63417130095170837211782
0.63417768333263202507055
0.63419289263479994289696
0.63419899895637721343178
0.63418559547631381256849
0.63418443341994967799025
0.63418496671223589800093
0.63418499139158335253796
0.63420624436640915533303
0.63420622869724196934982
0.63420608254587651497758
0.63420713464440736650829
0.63421441053998195425123
0.63422050429627008227840
0.63423581301776255081393
0.63424241502130429548600
0.63422861121584250820860
0.63422762460169357368045
0.63422774839364559618105
0.63422742521754127409395
0.63424866363680343361864
0.63424889587829513803996
0.63424901948491607672764
0.63424999528296599482502
0.63425758700914935950266
0.63426462567815644622016
0.63427948522681709686566
0.63428674494563619390419
0.63427146577430315588231
0.63427029969514081564341
0.63426985159517623724668
0.63426970273110516718162
0.63429053680351421551364
0.63429086895968100900944
0.63429133217931521482313
0.63429295950931596781430
0.63430150870279367047999
0.63430867287085002104163
0.63432293576109322064127
0.63432990842893621774579
0.63431452498781504267811
0.63431274006209059646011
0.63431202436887135220900
0.63431169107282958652405
0.63433268176614543421010
0.63433325908253013203364
0.63433427445475709660627
0.63433594966800188608147
0.63434405780339975233773
0.63435070767652323997510
0.63436504135277527183234
0.63437160332703901310936
0.63435730270698542643260
0.63435583026249919846862
0.63435465969165516497696
0.63435396228086537995239
0.63437532256529838292636
0.63437606412764646623970
0.63437701799513412925791
0.63437826723775281312356
0.63438602319769166193453
0.63439296854309101814096
0.63440760792441730497870
0.63441495085941601583812
0.63439949134300954725063
0.63439822494052322543467
0.63439729390177479473323
0.63439664143379614902329
0.63441770149652121357775
0.63441822311871753914403
0.63441925796995679576185
0.63442089380478339233349
0.63442955087290231475095
0.63443741851629398276202
0.63445179885317726231619
0.63445961598688516147604
0.63444263368187781004792
0.63444059563070320795219
0.63443916232942121347094
0.63443865083309836094827
0.63445929940156209347890
0.63446017308101776421836
0.63446204359952096396569
0.63446452000797259884735
0.63447372841566540557778
0.63448133547926255371152
0.63449504146301616280823
0.63450232962591079921566
0.63448639492096647884978
0.63448377876504957750825
0.63448144430538166993472
0.63448020477982425280317
0.63450151056421544293329
0.63450296895847424494264
0.63450528650999260538157
0.63450731194372511634327
0.63451596321406045220215
0.63452309506898019186849
0.63453646413926034774988
0.63454408755946412057369
0.63452816612382589855912
0.63452624888635400512982
0.63452449945472033654426
0.63452300273662853857815
0.63452399235382073161560
0.63454559612885308439445
0.63454433871223381302684
0.63454546953238322171131
0.63454708955479077747697
0.63454873486161422757590
0.63455741379024033221867
0.63456538916961557905694
0.63457892625451284285276
0.63458715761953432554776
0.63456968712592132231265
0.63456766453430535346314
0.63456605202127713827309
0.63456520267490801323618
0.63456642258418016755428
0.63458712924122850917996
0.63458548040713103066679
0.63458619826269935249030
0.63458840420723239272860
0.63459128898569261423290
0.63460090413693526212313
0.63460889247665563939194
0.63462269926391112750963
0.63463028594692960648871
0.63461319240323121881886
0.63460981049258169406357
0.63460699682533605603396
0.63460568926880678297664
0.63460743681778253311165
0.63462771116658900361074
0.63462610861335533307681
0.63462825206543982403673
0.63463156683721733131165
0.63463481850761693792151
0.63464399582537001087701
0.63465134081814744693162
0.63466468041995938165201
0.63467215098298124242859
0.63465607843852711589250
0.63465328985615976353785
0.63464991853763419449308
0.63464728899429734276794
0.63464862348779038647706
0.63467044062002209159346
0.63466919048354564214520
0.63467151986374936711854
0.63467430231526111850116
0.63467667224239054934998
0.63468523999179859984565
0.63469326783390389579154
0.63470608594782562672520
0.63471467494828703870269
0.63469693594600706809672
0.63469487498759802335258
0.63469282349120559327815
0.63469103640659640941379
0.63469256855515887583152
0.63471426572162903401164
0.63471239386599154208568
0.63471332392126778021435
0.63471498999756936765237
0.63471772704923978825065
0.63472747778905147519879
0.63473620545066189446715
0.63474916940175840629479
0.63475736357231193895956
0.63473908694294545185244
0.63473572162290992082490
0.63473336888903486574520
0.63473261515338263993868
0.63473511880608457502717
0.63475497229259214559960
0.63475213604102753706115
0.63475330790930173385789
0.63475681899403890717792
0.63476092615367796234693
0.63477044201138821399866
0.63478217173938356054919
0.63479106800178786151889
0.63477805494842332034722
0.63477392085216555184246
0.63477169381053255570180
0.63477422139833006298204
0.63479388002042180794149
0.63479214972412245643341
0.63479484115197204463499
0.63479932225817470303753
0.63480263601611119916868
0.63481105295204920402341
0.63482257583133749889726
0.63483088114052421691014
0.63481974030535881503567
0.63481626677369373812354
0.63481324207516454105615
0.63481478925593093354252
0.63483645337577609968349
0.63483490376955253875479
0.63483721271183957135520
0.63483980419597663136244
0.63484232178374255806119
0.63485104998842611934151
0.63486270026975544222836
0.63487161353211440939504
0.63485985997609983844114
0.63485753448191961645364
0.63485617003157024385018
0.63485837058641969576911
0.63487949459819215114464
0.63487674004383887194081
0.63487762032962968827832
0.63488025383845958504736
0.63488370958643924879539
0.63489242709297655231637
0.63490447657113435742104
0.63491297312392713791951
0.63490102177216733991827
0.63489768154393533272639
0.63489649482412768843886
0.63489942769527896171411
0.63491854131730707244685
0.63491591887806331229172
0.63491782493866844028219
0.63492141378448263555612
0.63492471415820672664410
0.63493409118417309944249
0.63494487635429464056358
0.63495570175491844455706
0.63494091578728095726092
0.63493760534480436774629
0.63493550523712261046683
0.63493786149229769488755
0.63495789527202617374968
0.63495531792773640678007
0.63495665252477129225639
0.63496018857267755297613
0.63496574681418505026187
0.63497514675634103564761
0.63498670514210842075187
0.63498101417971342108615
0.63497606327972833106799
0.63497505153226740937100
0.63497831448115404917587
0.63499799494277797684560
0.63499466960255313008332
0.63499741589474101299828
0.63500341595505382930043
0.63499950670508287231542
0.63502050468964288398865
0.63502066799619116821418
0.63501538861386397361031
0.63501630119519680839346
0.63503469175930515877582
0.63503794315332340314484
0.63503994489012982604947
0.63503574186524924805042
0.63505791969110259032050
0.63505598352189529531842
0.63507877012479507783382
0.63505850311560707588399
0.63499850869847596079865
0.63508690417053914600842
0.63506493659879326152407
0.63503043234124478821911
0.63489509186870862755825
0.63274097218112679286151
0.63279665523944428340286
0.63292217533206873714136
0.63294180955625478635085
0.63297789220703515322697
0.63295160416183415819091
0.63299607453200101847557
0.63299726505643905127840
0.63301978727898033927346
0.63301483691847615364878
0.63301178929782564441808
0.63296331179430431745914
0.63302719841174293069486
0.63303783015448100712774
0.63303865886561105913444
0.63303750451399021237364
0.63305944624661536490606
0.63306189679592606012193
0.63305617835501470924697
0.63305526789227006823069
0.63303952210811609280228
0.63304929776815288544611
0.63307161399051792294301
0.63307435027766323365483
0.63307609886798754672554
0.63308190862170754531491
0.63308475558307042430073
0.63310386913481619952648
0.63309832137655919215291
0.63309452567711721471255
0.63309265968199346374945
0.63308706181006990654225
0.63310463579791398380792
0.63311053492693558641946
0.63311355252063916676519
0.63311707352454726915880
0.63312092905742156645488
0.63312548405273205709420
0.63314305385001157233660
0.63314722924924382585488
0.63313993875464669169872
0.63313588099773621120647
0.63313153342266481615752
0.63312922272849092575342
0.63314991380893992367618
0.63315310011828873637540
0.63315830839102094085291
0.63316204426767308532931
0.63316505126713606976807
0.63316975194121116743418
0.63318723286308553621637
0.63319254038754746449769
0.63318356867495417805713
0.63318004937193428371955
0.63317501925597663436918
0.63317073896153341916460
0.63319233655803752736091
0.63319665208816544588188
0.63320120916540834077324
0.63320520476985509006340
0.63320955985442006763719
0.63321483644792220246700
0.63323158749048114035674
0.63323594413719819229414
0.63322736278300106871342
0.63322297087436940632443
0.63321806726215501548438
0.63321407331955847919147
0.63323593120800958367056
0.63324007148190286642375
0.63324538407283070817755
0.63324981637314803339933
0.63325319561640780463563
0.63325637092071318523523
0.63327405921805801636282
0.63327681736473129259224
0.63327188527795386097097
0.63326822359248080562821
0.63326277483690374126013
0.63325793349724524006206
0.63328046878253341223086
0.63328571586785398217501
0.63329059369620077646346
0.63329311270377564024869
0.63329507112587901662693
0.63329812785213213111035
0.63331645091780863765507
0.63332056696813354701447
0.63331435398202640119081
0.63331208567034424916642
0.63330823474691289032279
0.63330296546919973010858
0.63332529024695483066409
0.63332974651973095170376
0.63333309842491369856532
0.63333551373676189033546
0.63333880819436305653625
0.63334338460186578867450
0.63336129140644459312171
0.63336570155426386019570
0.63335748197083530097728
0.63335408641109292027238
0.63335071735545556137481
0.63334703722140761605885
0.63334644263691630694524
0.63336790575747670128948
0.63336828374399944951989
0.63337194246965777821856
0.63337587120935467943639
0.63337974332556679080142
0.63338378148312746152016
0.63338727206164435745706
0.63340517330962819997353
0.63340787699977318947475
0.63340203593137012205716
0.63339817107884188729372
0.63339376467492514155566
0.63338957881370117064534
0.63338922557791921263970
0.63341069527587623433362
0.63341132879509154385289
0.63341625027618242427252
0.63342060206920947074138
0.63342372867778551359663
0.63342615062288976091054
0.63342826091739601324093
0.63344677988160780213178
0.63344903782772488121111
0.63344496242291081777864
0.63344258633218464282777
0.63343864046607178952542
0.63343356184593646585057
0.63343232563304185944730
0.63345433726802480300933
0.63345571699749347871489
0.63346055769756393072356
0.63346381400630424884923
0.63346595399022409544898
0.63346795548074041892761
0.63347065004083613626307
0.63348977644529169683807
0.63349270140265445672156
0.63348699869132418793782
0.63348491486956171048206
0.63348196784798760372581
0.63347757963744844023068
0.63347628738671968307017
0.63349767886600150124110
0.63349877227373196930671
0.63350298059281562323974
0.63350590776797466308068
0.63350868793048364935316
0.63351176502844552818061
0.63351478745888789578800
0.63353388378104624756304
0.63353635750968484430246
0.63353069837562014932075
0.63352754640777797501272
0.63352426513000859031877
0.63351983718112292454094
0.63351892847353252768983
0.63354027162473069978432
0.63354115276031763848152
0.63354599003656764111270
0.63354963292217891801528
0.63355261008226537722265
0.63355548125003913195741
0.63355775457594865063271
0.63357685714027234258339
0.63357889422004010082645
0.63357441998721197862210
0.63357175549774080725030
0.63356832825476450121727
0.63356321619052280436080
0.63356194423459388787023
0.63358405625822089568544
0.63358561636757959600885
0.63359070076965007256575
0.63359361949906567446078
0.63359583257254570298755
0.63359828962253683659611
0.63360032524645615303882
0.63361975745115550751052
0.63362198379512391088753
0.63361727667193956659020
0.63361527907200432263579
0.63361272128483780985420
0.63360783162668821155705
0.63360644388438747132142
0.63362832133884250396250
0.63362962190290261776937
0.63363412461057699864853
0.63363683149118155135682
0.63363900677998796773238
0.63364170062644187275680
0.63364374937551071198527
0.63366384480615467467146
0.63366553709631523449985
0.63366089161199379287126
0.63365821169838798532226
0.63365543935162671473904
0.63365084413542394070618
0.63364981669826025978409
0.63367077762015922015593
0.63367171908868835661366
0.63367678781994662973176
0.63368004212748341164030
0.63368274151604597754783
0.63368551923198357389566
0.63368698137861190211595
0.63370691596898620634448
0.63370444647647417024672
0.63370192290132643098133
0.63369849437351621901371
0.63369301066568883840091
0.63369176710701102805956
0.63371310059559893268499
0.63371470797077555925370
0.63372060002408792112050
0.63372389946252805081883
0.63372581550133544325831
0.63372801505853804115986
0.63374710509369602817742
0.63374904701098655479541
0.63374547591801744239604
0.63374282251658931031102
0.63373715063199653751980
0.63373521932577581150525
0.63375791755908017499621
0.63375954071296669578572
0.63376478448600703785587
0.63376695359933599149826
0.63376814856219609861654
0.63377043949313360826636
0.63378960522554228518288
0.63379203366298431099324
0.63378826100158103251658
0.63378638791831565235668
0.63378169378484483509339
0.63378050010528008684219
0.63380260082278194744276
0.63380315821381461027784
0.63380756770027346647112
0.63380968293976991390082
0.63381156365330082458343
0.63381403485154907961885
0.63383337092838565318687
0.63383618132798957844898
0.63383159148718826170210
0.63382892815872127201260
0.63382430740973716432052
0.63382390353838069518844
0.63384478434938529289866
0.63384512896623323996437
0.63385036024042218372188
0.63385326367844629924519
0.63385543639279673389098
0.63385804882156460138276
0.63387720638076927581750
0.63387986454038203198991
0.63387517325044984151106
0.63387208638908010271962
0.63386638552496021858929
0.63386554386246551917594
0.63388678138627030378416
0.63388808607144986329018
0.63389408381521139546066
0.63389698477625089356735
0.63389880321749936253894
0.63390136688530751563064
0.63392036375448068685756
0.63392290836055076308497
0.63391865107392286748933
0.63391586880151107319392
0.63391012583322026152644
0.63390857523330712552934
0.63393075584217162266043
0.63393227942508045824610
0.63393779384087978190365
0.63394047427248867432326
0.63394209519114030904063
0.63394448199788855369263
0.63396385016843548321219
0.63396601629842941338921
0.63396235165969783142970
0.63395971896110370202848
0.63395429375008394146107
0.63395304897007409561382
0.63397505762810113516537
0.63397630312098895988271
0.63398153187509698192059
0.63398418723533589425045
0.63398550449175217202935
0.63398760157042144403050
0.63400719484875545095548
0.63400912671894327221622
0.63400612241507303679100
0.63400363361780154303204
0.63399797527094148286153
0.63399677724615222107474
0.63399749775960900777250
0.63401906101772409485307
0.63401830352144816771442
0.63401973589272020426222
0.63402524751840039218820
0.63402791742982467226852
0.63402882886475653290148
0.63403097071608305324020
0.63405065484085421090299
0.63405282275667185221124
0.63404939952390715340869
0.63404681075799451672736
0.63404133778305571400580
0.63403989744624822399999
0.63404059756201547326526
0.63406229608430286770471
0.63406153755560923368506
0.63406276791418170191150
0.63406822417817010340002
0.63407086499937459489473
0.63407205183320192176666
0.63407464096668231245957
0.63409378089832613145660
0.63409624301967693060789
0.63409228329439049076655
0.63408971073543307639397
0.63408440061304893742289
0.63408317262329449981451
0.63408392664219870304976
0.63410559937538524266643
0.63410472280791607690986
0.63410583176953883022264
0.63411120630408934761846
0.63411402514968406851636
0.63411532609388410186568
0.63411761136197086763389
0.63413698552184583068225
0.63413887610368646630121
0.63413605718149079759627
0.63413300463207555868195
0.63412748951827124788139
0.63412616190630199941580
0.63412724855899749165644
0.63414865151305910284663
0.63414788540593158838732
0.63414915581926367682541
0.63415486159535661148112
0.63415777020116781415027
0.63415863318824250427497
0.63416028230028553824837
0.63418002448738752807600
0.63418186529221332037309
0.63417932613025473909119
0.63417672115559009515806
0.63417104727399975505620
0.63416939668093685877892
0.63416998066725205340788
0.63419127699680410970018
0.63419102458058052018686
0.63419271659442988386957
0.63419832299643252859767
0.63420098162859916968159
0.63420154679809170872318
0.63420359789464597621844
0.63422324597862100858947
0.63422542249087565657817
0.63422245536434485035926
0.63421966968192611258104
0.63421423520444042409849
0.63421257753916293609109
0.63421277690320421172032
0.63423403115345988734219
0.63423417507410728699568
0.63423562653907450403779
0.63424098592269606555760
0.63424396243941161266378
0.63424486554134307247921
0.63424696338703545617221
0.63426636885601739290763
0.63426812610202043529739
0.63426545134304557205240
0.63426229803833933384993
0.63425697180685369769293
0.63425549111577206318202
0.63425558585035368697191
0.63427699084578381683031
0.63427694779845666950280
0.63427842184815730330882
0.63428386530543146015759
0.63428687719187071269999
0.63428750730547611702548
0.63430837847354271108458
0.63430862175552160664438
0.63430542541475409823448
0.63429987132982701414363
0.63429851891579192013637
0.63429830738072356943746
0.63431956724741200837059
0.63431992234964862387159
0.63432153731301865740022
0.63432692878077279186044
0.63432980257489435249596
0.63432992154296785614065
0.63435111201464244867765
0.63435162594468041952211
0.63434836780144199241960
0.63434309397726684753849
0.63434158064730972181877
0.63434073229340626198791
0.63436193832981491169676
0.63436286207959058369710
0.63436450196430127501657
0.63436970949168769440263
0.63437279543313063179255
0.63437363099792698495349
0.63439459891037597305541
0.63439554402374542796395
0.63439113044355510684369
0.63438579016586493786178
0.63438395614999942839773
0.63438292857001277180728
0.63440369928176243430329
0.63440511169898694543434
0.63440683262796560004659
0.63441257051816901668673
0.63441652406277715403604
0.63441726236428164220627
0.63443785151345954975710
0.63443828593841200547132
0.63443408234916065513431
0.63442825333389885056334
0.63442640600989885779626
0.63442473853321090793145
0.63444582991983566877536
0.63444777425852416641305
0.63444979641426990646380
0.63445545010561632537360
0.63445887624421060113633
0.63445887419145663432829
0.63447976092297675432263
0.63447955940524780604761
0.63447673905342893974080
0.63447135603032678297097
0.63446930741027696143419
0.63446720825604663307473
0.63448866864635389273275
0.63449084356847917920419
0.63449254957740031102276
0.63449763463696795540159
0.63450063847731341670766
0.63450071239888339302837
0.63452211653609646990759
0.63452247896074520649989
0.63451878802964756243199
0.63451376485092336743321
0.63451220646927330992781
0.63451007854741037217394
0.63453122930777539068004
0.63453325900375867618664
0.63453480355214175734346
0.63454011808280907924740
0.63454395462849511044823
0.63454473190490867651192
0.63456609849397660472192
0.63456671652980223274909
0.63456178088515968749306
0.63455614432633944410611
0.63455431986054344761783
0.63455226358548966203443
0.63457300269291261329840
0.63457545291021277833465
0.63457759553754577996898
0.63458358204318021655865
0.63458791722860885542445
0.63458822218490285038683
0.63460911642818829125900
0.63460899934339898287305
0.63460536979349391195626
0.63459933478661112449259
0.63459684503251456710871
0.63459399059255150454817
0.63461537634011744302143
0.63461848422370936706471
0.63462084737353430252682
0.63462619999903013834341
0.63462992528755135523966
0.63462954687882466853210
0.63465031376447522681872
0.63465032344478278236721
0.63464696063580749996191
0.63464181228111216093168
0.63464012676388725786580
0.63463694163879835752340
0.63463561909636034830129
0.63465705468210764639281
0.63465835713053897482183
0.63466120670823522598170
0.63466265087961049040644
0.63466743066097874859111
0.63467114632167243026828
0.63467141018087225301514
0.63469253764300681552868
0.63469296160531640804692
0.63468828224273166060954
0.63468322578252844845537
0.63468189723501200472100
0.63467929373126019676477
0.63467771547889229033501
0.63469825503523713550180
0.63469964272954670914118
0.63470214856665274627545
0.63470396906989823282430
0.63470978034056624306203
0.63471439312811916977353
0.63471447733131192148193
0.63473606626914824690999
0.63473565300970968827698
0.63473157819113301680858
0.63472537389758987291799
0.63472304916971178379015
0.63471991507000358190282
0.63471839884620617766586
0.63473852055821244899647
0.63474040279776577921922
0.63474439957058703676296
0.63474712677826017337424
0.63475309542586866307090
0.63475723930071570322298
0.63475649209724294141921
0.63477779492492236723677
0.63477708549068601051601
0.63477423886403239183807
0.63476884642180109175058
0.63476616150048126296923
0.63476164829599857064579
0.63475929078098725089063
0.63478097106745046129817
0.63478361596514620845966
0.63478785751867794484582
0.63478985806584053985802
0.63479471446435686843301
0.63479822187795131860355
0.63479798297714518096058
0.63481893566107827631129
0.63481917090713124718349
0.63481486034770695514595
0.63481042881054683402198
0.63480924861121379443318
0.63480551876947843847887
0.63480297322641399127008
0.63482455727437803183477
0.63482693598137285295735
0.63482983121254821234913
0.63483054033008701200202
0.63483552924555319840749
0.63484019498211774479302
0.63484048472960041831215
0.63486175017921808727550
0.63486142657414768031288
0.63485675913951711279992
0.63485126353511345254077
0.63484995640243024883631
0.63484721645979724780062
0.63484531431774260390455
0.63486508112301487383178
0.63486679760212438861089
0.63486997561897362540861
0.63487235713286283012025
0.63487846627884481076620
0.63488288133011983038756
0.63489958034728244395950
0.63490336494760546415250
0.63489359099462805424707
0.63489066441806307761198
0.63488640620596070718307
0.63488425286588068274796
0.63490385122412906770961
0.63490691537791432708104
0.63491165311247621527713
0.63491485198006814005822
0.63491990970303580077427
0.63492320825659920302542
0.63493970809147404210648
0.63494289172591122927258
0.63493525913458781495535
0.63493314450505267121372
0.63492806208805019352326
0.63492471620958146338864
0.63494634989792164692091
0.63494977950299580360394
0.63495415652280895457693
0.63495531630943458090144
0.63495930952945167646817
0.63496291008250249632283
0.63497954278992518872826
0.63498332174440430542006
0.63497536553805378201076
0.63497454125505659039419
0.63497109563003129029113
0.63496824527269413174224
0.63498936088119795062568
0.63499171502567752778390
0.63499468230220523778939
0.63499575041479883186213
0.63500040590381479077564
0.63500398362104204519341
0.63502102202091970095665
0.63502437464224703589366
0.63501650697482026064478
0.63501479332816224143698
0.63501151994054194638295
0.63500929984327991739690
0.63502842838602746589061
0.63503099897332193624067
0.63503498577956474235862
0.63503688803615354618870
0.63504110324759888150936
0.63504533441232491330908
0.63506110714147867568613
0.63506678273837180448425
0.63505637941380177480255
0.63505481301666588667132
0.63505063762724422993244
0.63504779302396696660793
0.63506800205411562121327
0.63507050151610100474642
0.63507389979575135097178
0.63507564309409991754052
0.63508182204444540985833
0.63508606496768793547858
0.63510261800237333140728
0.63509645667601910545841
0.63509334581561682764317
0.63509028424147706548553
0.63508859729527344928357
0.63510845723039266452759
0.63510995390049351794204
0.63511472939399926662674
0.63511884323132605789652
0.63511525240835975392173
0.63513591785458156646627
0.63513801316105256145050
0.63513072402988324238748
0.63512693545963205821181
0.63514549611717219246287
0.63515332761502385494623
0.63515731645847606223754
0.63515312802199730413122
0.63517334844563089202296
0.63516695705585524134307
0.63518991590530748947430
0.63517397456257129739754
0.63511401455469762566963
0.63519821574113999318456
0.63517519860200299941511
0.63514189409992283241735
0.63500535274930625107004
