0.78099915355286164686532
0.78105424003852075287568
0.78114833612688994168849
0.78116952455463029014737
0.78119457002382253207884
0.78117775605225892032735
0.78121084004226737373955
0.78120998581715439534889
0.78122683801273529180520
0.78122268217570445258957
0.78122332980922792877720
0.78118944594843098272463
0.78123783271412716722182
0.78124085078886040811597
0.78123841004230087925464
0.78123833488481697617800
0.78125124358578246219764
0.78125455624166684209797
0.78125194002590192532409
0.78125692637484667191217
0.78125044636068352588154
0.78126528713527243485970
0.78127283963902438568283
0.78126877317006715450987
0.78126434257310917175232
0.78126529707374214872573
0.78126911208277993736715
0.78127917673772706574908
0.78127880503299707015685
0.78128175316227943536518
0.78128643692309718282729
0.78129212924583679722446
0.78131495273158091396937
0.78130749265997090358127
0.78130007123048084149985
0.78129682358181051782253
0.78129388818272149652699
0.78129306305246748465265
0.78130877955853283989285
0.78130736951378743082586
0.78131225884941979398235
0.78131490760346755664045
0.78132089754134215198178
0.78133160097716214398389
0.78134482339786326399178
0.78133465890316700086515
0.78132973470504718527252
0.78132701757025802002943
0.78132363512455726972661
0.78132243544268720203405
0.78133853978081946323186
0.78133778888658289574209
0.78134117061219177102771
0.78134378877065657764689
0.78134851026859586387019
0.78135766225591329892097
0.78137098082422806744063
0.78136194243409295978608
0.78135720968028721244991
0.78135525188450305478227
0.78135345215805251939400
0.78135269221409719975213
0.78136801081664764012658
0.78136662981203874878133
0.78136958637683506800897
0.78137096683043461009532
0.78137515560760228972015
0.78138442404424801601692
0.78139800483341215198152
0.78138887182518756979732
0.78138525261541713629043
0.78138407994478797924387
0.78138211482233854709989
0.78137996299361245355897
0.78139565620366424614218
0.78139335165399415039644
0.78139828144212652993872
0.78139993071841229443919
0.78140325700774104777935
0.78141189109687758662659
0.78142627972497691324349
0.78141796109842887041452
0.78141432499832486069380
0.78141191751003036269907
0.78140932458376699543123
0.78140753268867568781531
0.78142339075305955464756
0.78142267545007038087590
0.78142554483507753460003
0.78142808571282262875002
0.78143236649965197582191
0.78144077214661100683202
0.78145507064845753930626
0.78144600512592177210536
0.78144144197012810337810
0.78143915942362507376373
0.78143818826159716639523
0.78143815707346531151956
0.78145304094343981393678
0.78145318113980455354550
0.78145332032081127326961
0.78145476460114349226416
0.78145915607571181382696
0.78146883398489019878497
0.78147294913524534276661
0.78148691081722609919069
0.78148210547675334147755
0.78147240638079362717860
0.78146861653063026675881
0.78146766999473860071390
0.78146770620768868376160
0.78146744380607036095654
0.78148144999625712703306
0.78148081041725969697609
0.78148192812863603862183
0.78148282973102223269990
0.78148609543814462341516
0.78149537611571107120767
0.78150071243165197820701
0.78151466489090126721351
0.78150903226382939514849
0.78150030344878396171282
0.78149713370512685628455
0.78149567110531270586193
0.78149472088429305927093
0.78149387340989895367471
0.78150772441560178993569
0.78150718903650029378838
0.78150904878032101397167
0.78151110881373386796156
0.78151454144047927119487
0.78152313464135780840536
0.78152884828859858767913
0.78154334880722764467009
0.78153725485107972126286
0.78152846791506125345705
0.78152461043043586208512
0.78152230154113710991481
0.78152117267554521706785
0.78152115107908748381504
0.78153520611803117823513
0.78153552237255430323870
0.78153574491576005556226
0.78153803807722532770441
0.78154204141698813135264
0.78155117346009228551651
0.78155784076598855403262
0.78157190901211692768413
0.78156459872834505020478
0.78155532242790304309210
0.78155146945828679605484
0.78154972657970289695584
0.78154949577179255726378
0.78154995733343834984908
0.78156386674554467752785
0.78156405202848477919986
0.78156399287022615407494
0.78156538625716009960342
0.78156878967743337316421
0.78157787528226396744913
0.78158578405981005143843
0.78159964786750479870392
0.78159126387624244802765
0.78158256174039064667625
0.78157962192108465515616
0.78157815220588622295850
0.78157781669214398956314
0.78157792060277941903479
0.78159150996246062881312
0.78159154905587546746659
0.78159215828861350328083
0.78159381468955169136592
0.78159673117341754711163
0.78160515925570694939495
0.78161371416525493582839
0.78162810649458913658805
0.78161929273479346935716
0.78161087704974807621738
0.78160773186628107467300
0.78160580319679151539702
0.78160518056355610116981
0.78160532388425996153103
0.78161889772705672729813
0.78161924679709582353127
0.78161942875630663341013
0.78162144595153193460391
0.78162472345850464439110
0.78163334336052625594959
0.78164269853775636409665
0.78165700062342158283002
0.78164706474089340471068
0.78163815965514749084520
0.78163508243231993866118
0.78163328649324081975891
0.78163296140018767577118
0.78163327724794429141042
0.78164722682963705402415
0.78164733223549165419541
0.78164735387034722791100
0.78164870409120901229016
0.78165154915097423415915
0.78166042018845405259242
0.78167105049272767036683
0.78168472770960584217192
0.78167356367976126296782
0.78166505213846304567227
0.78166269488951989341530
0.78166148615849451175563
0.78166122013411454272358
0.78166121041850666895101
0.78167504324074477128903
0.78167551450101735444065
0.78167679946233070698014
0.78167884895740358253136
0.78168706516677743945110
0.78169842180434645495524
0.78171241828555138031476
0.78170090338350617376051
0.78169296999911719314724
0.78169091650880373478572
0.78168927415473432596116
0.78168862325642096688938
0.78170287643067293270605
0.78170211785891330347198
0.78170469171748713232972
0.78170713958444493218991
0.78171524413457837976438
0.78172696633530391885358
0.78174190502255291868039
0.78172954083317525153518
0.78172102804785725815861
0.78171828900664652728381
0.78171626431103280463475
0.78171578646779471544193
0.78172989154987926330165
0.78172959547941089919476
0.78173171448721434639850
0.78173459213509932652642
0.78174362200298574965274
0.78175678106765522645816
0.78177110393634041685118
0.78175719880601513001039
0.78174786690652431353499
0.78174523631482761842904
0.78174384033012689343423
0.78174365658952971180895
0.78175776595416179848286
0.78175778929548467299782
0.78175912572440953152153
0.78176133115659984795798
0.78177057029762520024008
0.78178468678726120710820
0.78179797417992924479790
0.78178382233181242799702
0.78177495159382637268664
0.78177297820578695031202
0.78177189803669067114100
0.78177177210971926513139
0.78178589545557630735573
0.78178574340768125505718
0.78178707181627538069790
0.78178887936306384887075
0.78179748301592300041563
0.78181127362756031029534
0.78182498510189069040877
0.78181154449532630490438
0.78180305694484863998639
0.78180114017911217505485
0.78179979687485168238226
0.78179956821138740785671
0.78181370417144235851481
0.78181341121079817035877
0.78181510613861449066064
0.78181715050081324047682
0.78182587634362377126962
0.78183912155707535607263
0.78185351840464734074487
0.78184026523038874234572
0.78183128674386537237950
0.78182917493410064579962
0.78182771187293031989185
0.78182724278314141841406
0.78184170661918650502287
0.78184100590414218334701
0.78184325989860237182683
0.78184537768325734763408
0.78185453498126900040432
0.78186795652722496097198
0.78188220720696310905851
0.78186873055700023549264
0.78185938739514138084985
0.78185729063853437459386
0.78185560581763480225703
0.78185476951343213514178
0.78186950745517136418528
0.78186847911009449418884
0.78187137738574252754375
0.78187358752443225640150
0.78188275433555298743471
0.78189626622850927351038
0.78190053964475880743379
0.78191496569719043385760
0.78191022461884551741917
0.78189688057325124059815
0.78188753219450335407714
0.78188537147332348720141
0.78188339041266885498516
0.78188240221626570392033
0.78189743708637537977779
0.78189640066078847091546
0.78189925150096983852421
0.78190147326605330402316
0.78191099191110147170747
0.78192433364954572194705
0.78192944799980135250905
0.78194415575912556981564
0.78193856388280402747171
0.78192504294080245053067
0.78191539428265754985148
0.78191317849427555142228
0.78191131886624465341384
0.78191045884614318595141
0.78192549305510539170427
0.78192442407326046005522
0.78192714495633508509087
0.78192942555504540980138
0.78193927664637863372832
0.78195285898446875716417
0.78195887317538204097644
0.78197364146589598554726
0.78196706907088930904592
0.78195340647840749781494
0.78194349564008802655479
0.78194137198069668670541
0.78193958862032408863030
0.78193823858977395957481
0.78195373529922995725627
0.78195198294796208760005
0.78195580311889412161719
0.78195778991139575087033
0.78196768198114663395160
0.78198118982666497966960
0.78198836657562909024932
0.78200291118922227173726
0.78199547120801471411511
0.78198195370920553504135
0.78197210208849732282488
0.78197000109641179310671
0.78196782160342059864178
0.78196581384033669870348
0.78198173983837271361352
0.78197973995564284965809
0.78198403002032912390007
0.78198640269443076000755
0.78199637279308431558889
0.78200964835553488097020
0.78201743960600267335792
0.78203200702715480741034
0.78202393142779513812712
0.78201068282451313695702
0.78200050601986281773037
0.78199810849578110794056
0.78199571232875486614944
0.78199377458799501638964
0.78200983901686083044069
0.78200786329416960285243
0.78201210242692598129111
0.78201448387596950162504
0.78202493974481168681478
0.78203826502593210001635
0.78204683546908038138668
0.78206162061378592387229
0.78205270457042030951555
0.78203919441175073767880
0.78202852776220177499766
0.78202620779838161180209
0.78202395916002376274889
0.78202178904345920340546
0.78203808212871017691015
0.78203548405236389395867
0.78204040301673261037507
0.78204268758159012353559
0.78205350780032101276618
0.78206704419771910785641
0.78207670792474359711122
0.78209171798240417761150
0.78208153732011165271132
0.78206798201642957479862
0.78205711869072214170728
0.78205463457784141212414
0.78205202531017392608703
0.78206896357311128653578
0.78206597887898932075501
0.78207158792999142971070
0.78208251920250448918637
0.78209610431563458821103
0.78210668539574257351887
0.78212157764600176435010
0.78211054496800092028508
0.78209718651157367208526
0.78208604488263844256579
0.78208324146544394572800
0.78208010448613973775167
0.78209746022771542417473
0.78209454310162696000219
0.78210041080846115502112
0.78211174687581441755668
0.78212511120687966403864
0.78213636575361633607173
0.78215115242774491122191
0.78213938696696649888196
0.78212615313054112409219
0.78211470589642939632569
0.78211192922787198256174
0.78210921880654038496061
0.78212652085062894791179
0.78212381967559341244822
0.78212906131305159895817
0.78214049299713683804924
0.78215354226612354704429
0.78216585001545113620125
0.78218046427019327637709
0.78216775381740244466044
0.78215473066264407098203
0.78214352554159494168573
0.78214122428302890188689
0.78213826140280828802531
0.78215559557933778123129
0.78215224419583972981229
0.78215813988755533703312
0.78216931537411127361992
0.78218216715781552217379
0.78219544598547252611809
0.78220981556937285716913
0.78219672225430303402760
0.78218410785035552557076
0.78217273169091094953131
0.78216981748787239858700
0.78216599003087794450551
0.78218400482714545152163
0.78217992280465431509384
0.78218733923030725474490
0.78219894236765552530954
0.78221146612141290166420
0.78222447193494082373633
0.78223915716708924961154
0.78222619061972598064614
0.78221353860641518185304
0.78220165952060383141031
0.78219827127971375269055
0.78219430416775781456096
0.78221298737189548511139
0.78220923765300753860430
0.78221618086988020657202
0.78222808321212755622298
0.78224073983779229823909
0.78225377456990996538622
0.78226812461171679746741
0.78225498519343450443131
0.78224243722269737322250
0.78223081093755741921569
0.78222801766084704144788
0.78222451796476266672187
0.78224323857357058731310
0.78223960637737288692506
0.78224567067574268808272
0.78225695717480314694825
0.78226919981553477700942
0.78228240987193087274676
0.78229651792671750509811
0.78228349165631105854857
0.78227160664830408531856
0.78226062859052203357635
0.78225818312553363487183
0.78225425967227957269046
0.78227266010197193946141
0.78226836805827526521995
0.78227556005574605535458
0.78228651890697564752486
0.78229808740477890793841
0.78231093340272583880335
0.78232575340690224674489
0.78231300690927307872613
0.78230134449676347330183
0.78228987106537317686161
0.78228684655452329632652
0.78228235086522490693284
0.78230084276672218202009
0.78229660314238558260769
0.78230418139409385602789
0.78231583069005650177274
0.78232800330486906847938
0.78234087561710885516675
0.78234700795534783956953
0.78236280469760322020534
0.78235591295113182663812
0.78234264275155074308543
0.78233026896463542243509
0.78231835557417661597412
0.78231526004557638831471
0.78231123645808442468308
0.78233019012669446912156
0.78232628884047528128320
0.78233286717929251263826
0.78234455308202588419419
0.78235698415057131072103
0.78237058320294994295807
0.78237803904399083609889
0.78239307488779419319513
0.78238473457447765824213
0.78237100548085325435466
0.78235896257465753489413
0.78234790444071677928406
0.78234547467092407924127
0.78234133592381105426483
0.78236056023275613036105
0.78235606921527867108068
0.78236316110131365331171
0.78237387152264370460131
0.78238547681936587707696
0.78239877523639245193721
0.78240773460635948399755
0.78242234749844929986295
0.78241299630602034742566
0.78240028847722831173428
0.78238905468698816125794
0.78237815171987001860998
0.78237520573894225872635
0.78237045228108115235699
0.78238932930154558853530
0.78238462966226529626823
0.78239281111011782510190
0.78240420882883265907282
0.78241550705777185292789
0.78242783946804372874340
0.78243747313908251772574
0.78245332454416349765580
0.78244329660738931586650
0.78243075742466206001779
0.78241889643578965696236
0.78240699593934548428109
0.78240336292006495977347
0.78239901898957475712137
0.78241771589039910139718
0.78241373587665496991406
0.78242106691684609742765
0.78243330451319648144448
0.78244583759892349927867
0.78245878314408645604061
0.78246944932088757784783
0.78248523355881172136606
0.78247387162566517382345
0.78246032744395255242864
0.78244750662866591195410
0.78243566226449445810687
0.78243264211326712942451
0.78242862764257981034177
0.78244792750725122854050
0.78244332442917319259124
0.78245083570074380752146
0.78246221824540529432568
0.78247446778949014678517
0.78248804268530269823145
0.78250023889199249449433
0.78251433105554579761076
0.78250153686501888739002
0.78248853744835011880809
0.78247725741036433522169
0.78246641516665538240716
0.78246294026357832152030
0.78248154308225714714808
0.78247740977921387273142
0.78249239387614444307673
0.78250303004297383502319
0.78251496508462603518552
0.78252778452262383712679
0.78254144952172521865208
0.78252895813174860872863
0.78251767585391340809053
0.78250744970128327526737
0.78249598853914958951350
0.78249133030876072414372
0.78250992951137665620820
0.78250509965853221050480
0.78252179146582190316650
0.78253259194566016088146
0.78254341832250884358757
0.78255602772593235716414
0.78257131440962335311440
0.78255832345147635642491
0.78254711219727979276684
0.78253576841060334956524
0.78252376248837429706384
0.78251913254336968872593
0.78253812467685701648179
0.78253356505089843864198
0.78254979259189128004692
0.78256119216821407036377
0.78257299235084043509403
0.78258691683291636831399
0.78260204155995072294871
0.78258716942400285976333
0.78257511915891686538060
0.78256419873061699998829
0.78255310832245139618379
0.78254829875559372975857
0.78256801846196355487706
0.78256302472140826242963
0.78257894378287529146832
0.78258908307391605863046
0.78260076498406716538625
0.78261635497874759703762
0.78263011346816135915816
0.78261414915052152085906
0.78260308947464163331631
0.78259336510580534973514
0.78258253351597995006728
0.78257829316635207916875
0.78259693394194240756434
0.78259393393072695932489
0.78260695063430230078438
0.78261671409026500878525
0.78262764565184095300054
0.78264397726675061228718
0.78265794694953993992925
0.78264126823952406830642
0.78262961691497578975429
0.78262019280875805282705
0.78261170671554047828522
0.78260771613924995371292
0.78262631258213244400679
0.78263451031358322040887
0.78264269884428161461187
0.78265477897268587170743
0.78267225519749161755101
0.78268600267708565709768
0.78266832589915769080591
0.78265734501399053524295
0.78264999192468287514401
0.78263418320388200566384
0.78266125413934795052029
0.78267376550423328751549
0.78268299792988849095110
0.78269869507315470436026
0.78271140877287570525311
0.78269942573653106254739
0.78268725010171957823246
0.78268202597740654802294
0.78271391948896795742741
0.78272607619572820425446
0.78274113959580504662483
0.78271239241976908740384
0.78266104503915301382477
0.78274273322595055990547
0.78271676659196853798051
0.78268972435055483849453
0.78256629167676527991659
0.78112868240284705212417
0.78119331497510480222246
0.78127764707635471985725
0.78130840592631878305241
0.78132364397142117784512
0.78131987788210477408057
0.78134951322036916288027
0.78133881936481852648058
0.78136529242203267564548
0.78135127642782908896635
0.78136528571444241464405
0.78133384598547450661243
0.78138220948069525562119
0.78138263510898109398539
0.78137663698332993078566
0.78136668736956627068224
0.78138923888282174612385
0.78138266327265304411753
0.78139355465040993831138
0.78140127567811334952097
0.78139734296992213735678
0.78140897036326872893142
0.78141971250309028018677
0.78141308828334465896859
0.78140579000248877594714
0.78140305960095202131299
0.78139697337139257804495
0.78141670350167691250221
0.78142008373579507907181
0.78142602543560579775317
0.78143327675262830300795
0.78143595588159597831179
0.78145301487193585820989
0.78145146570319878875921
0.78144687725325945315547
0.78144105095285576467745
0.78143499605093980076020
0.78143034711529490987658
0.78144971677991581504585
0.78144440486204413964799
0.78145643925099173010551
0.78146168312151176316149
0.78146501484690067407257
0.78146958775630570581683
0.78148278239436708147991
0.78147891880961639632375
0.78147647246753293437393
0.78147114648890303456596
0.78146440625207391761364
0.78145922114875221442531
0.78147914593662282101150
0.78147432338596301004685
0.78148524193388746450495
0.78149048088852191007447
0.78149291117653862936976
0.78149578750523907011427
0.78150927706934392169558
0.78150649077844758227940
0.78150385539947686552864
0.78149925835267164409004
0.78149388814896103561125
0.78148897001274497675638
0.78150827609743456214630
0.78150264425171012128146
0.78151352628406800526761
0.78151756807808647753433
0.78151984934060780840781
0.78152287766925709888710
0.78153661008824204525780
0.78153370583940440230464
0.78153180528496524193116
0.78152795239541128502481
0.78152221454909931441790
0.78151571164076494291351
0.78153559082992718476390
0.78152883442051701567976
0.78154207939744479993749
0.78154642822121711542849
0.78154822968006665284690
0.78155064287368003483891
0.78156518423087117941606
0.78156307367917243755784
0.78156076304472787974476
0.78155563189043542049461
0.78154908992616012319843
0.78154274708653792558266
0.78156298594704043392056
0.78155761527114031572694
0.78156917528681124629486
0.78157446871358016160514
0.78157761722188634490038
0.78157981659881681224533
0.78159425256631653855521
0.78159139294836099676189
0.78158776746287517145362
0.78158270182263545056145
0.78157761462706909494358
0.78157281879303219795929
0.78159230178952254775027
0.78158756531642348264199
0.78159677088283119328338
0.78160102754118521151128
0.78160467347911710689345
0.78160814572936931909908
0.78160969763937160337264
0.78162350985963913174714
0.78162154974338482471552
0.78161805149812035864443
0.78161481413567179821200
0.78161102031096130193788
0.78160679958626455565707
0.78160154912958990092164
0.78162037262084771427340
0.78161463176541556840959
0.78162517210167925529873
0.78162896279080540384854
0.78163187055647753709309
0.78163494618250561885020
0.78163716594926258007803
0.78165097112920378652490
0.78164872758953118925263
0.78164620616755353665894
0.78164320169236223279086
0.78163880534631258178990
0.78163347217462952887246
0.78162740625114390802253
0.78164630890488895342827
0.78164043316243525527653
0.78165207264594438463234
0.78165711169547535952518
0.78166056249153448298728
0.78166293940900011261164
0.78166501176829217278907
0.78167938244356482968556
0.78167717501374900379574
0.78167460775256014660073
0.78167054157516002721451
0.78166520589145771502615
0.78165958935613766289663
0.78165410696049075767178
0.78167345150052025548604
0.78166818764547119080532
0.78167852241357493880969
0.78168389353751932535630
0.78168829895047531319818
0.78169120521048951477638
0.78169375294346699067916
0.78170770739702954976735
0.78170474093228770051667
0.78170169724827687218749
0.78169725539226819766014
0.78169237610861108667137
0.78168756742528966441341
0.78168232692147121554171
0.78170176701624449755457
0.78169612438456148595378
0.78170651223133447160762
0.78171110159334544764675
0.78171527500280402200872
0.78171811280346814587716
0.78172147683754278357782
0.78173525503666352332033
0.78173160460003499050430
0.78172915185503089041674
0.78172525876635068353693
0.78172053496849569498295
0.78171554754115812890802
0.78170969721789429485170
0.78172906754121429528936
0.78172302938792503912424
0.78173439660131482931149
0.78173937212027966303651
0.78174342300901367153187
0.78174559703145796163426
0.78174925524907556972920
0.78176359469814482583416
0.78175983102013257841634
0.78175767294233589055352
0.78175321624757254657112
0.78174789269951439063533
0.78174256036647504775061
0.78173650353156720615999
0.78175610146365115404876
0.78175012310590852315784
0.78176136681323205035454
0.78176685516336086312350
0.78177161571635300774119
0.78177396941615850955998
0.78177814905132714251579
0.78179243336854309376349
0.78178778065402876329415
0.78178514150379441183247
0.78178041309459023189277
0.78177507142630742187350
0.78176999152513304558454
0.78176385129426562148325
0.78178408015548994658417
0.78177760549704322645681
0.78178897600303309811665
0.78179395393933270863585
0.78179861677707951361782
0.78180122225762604948329
0.78180648835198274237968
0.78182018728485080938384
0.78181445641039015725937
0.78181220572839416060873
0.78180786430041582235617
0.78180293929610034098232
0.78179789295204971111275
0.78179117987412694024130
0.78181153388345470123255
0.78181679813502014120274
0.78182189102712185135857
0.78182608634860450980142
0.78182803788859389637622
0.78183392019433606279222
0.78184797606068601183438
0.78184195668679479229723
0.78184028395613025530508
0.78183592895447917570095
0.78183038641327973206074
0.78182493312325851420042
0.78184381041317119187539
0.78183824647037025723506
0.78184962006593639038954
0.78185452305433111863664
0.78185637361815096824103
0.78186260602259860519325
0.78187764786286073626087
0.78187075222023449949660
0.78186848029764444145684
0.78186313140521190856447
0.78185701413345964905233
0.78185172937436975271197
0.78187045382860909104039
0.78186534794188344843491
0.78187647459429587826207
0.78188211407232510730125
0.78188491106488000603747
0.78189263869901215464608
0.78190711528555190135137
0.78189856162496917946214
0.78189544830484747350852
0.78188991351476411217902
0.78188421447110678652592
0.78187921990263931082410
0.78189794969771042598694
0.78189316432182731642087
0.78190371811618586406212
0.78190896513250862653877
0.78191200152748219220911
0.78192087678978372533578
0.78193434468334177545046
0.78192533071981551451302
0.78192263610470413848219
0.78191747979710179983215
0.78191188220973828482130
0.78190695429063672428072
0.78192567602515217206616
0.78192072745909679820642
0.78193148756688712897045
0.78193661318230844869959
0.78193906199590546002298
0.78194782244556337857944
0.78196170843431467289975
0.78195318682082193273430
0.78195083505354501252071
0.78194547116138579667677
0.78193937435076221742491
0.78193435355314533374838
0.78195307684318360319509
0.78194799837853479207439
0.78195934801323674356865
0.78196496620347777373183
0.78196757662410365519179
0.78197602017486733672058
0.78199059837737272538050
0.78198202747346345908852
0.78197913406341013065060
0.78197332349642634241604
0.78196687256814056965482
0.78196162902658206128592
0.78198065103579028622960
0.78197518591035908297471
0.78198731741450933085957
0.78199325642639594402539
0.78199635230959951837093
0.78200521486801599646554
0.78201964079897312576151
0.78201060355457574502225
0.78200729707375804533598
0.78200125627674188510952
0.78199433308677712695101
0.78198873983433825340938
0.78200801813537357265460
0.78200223994045603426173
0.78201525035116281614478
0.78202151831208221999248
0.78202467452304402772967
0.78203387292528470098318
0.78203825993393427662426
0.78205290644683567169437
0.78204800834083409988295
0.78203884727203853977073
0.78203547737876566436910
0.78202914824027691675923
0.78202168027654250792580
0.78201595255764078107319
0.78203549932193594518282
0.78202973531724784272967
0.78204292972849831500071
0.78204943203397381257247
0.78205300362049390283659
0.78206229540640270769813
0.78206760555500021148134
0.78208252293604629823420
0.78207670037402243767843
0.78206710316347971545525
0.78206336503489048972426
0.78205675749913206029618
0.78204915248053286092045
0.78204357295443538422575
0.78206309879606195067936
0.78205731678446277488348
0.78207062789036863037495
0.78207740155730931519429
0.78208137198421501246060
0.78209116604728479149600
0.78209743754756533284933
0.78211240043791629972247
0.78210554960794831380611
0.78209553793251951336885
0.78209146970825449418641
0.78208475560838708329214
0.78207696411869120911575
0.78207091004456130711731
0.78209087391260601052068
0.78208442930129196124511
0.78209908202689171208277
0.78210575605491461370633
0.78210984800070226796720
0.78211984724387162426495
0.78212730804757923941395
0.78214201768158597705138
0.78213430412625151166850
0.78212415715025762619206
0.78212006201639761027167
0.78211317675179548025710
0.78210472012316278878075
0.78209802917519655185430
0.78211839884331380012839
0.78211172170025899941237
0.78212710381055350339352
0.78213435270396292064987
0.78213860302169446736542
0.78214865053058957311549
0.78215669386586161859753
0.78217139444452887797610
0.78216310593526450212210
0.78215293803023788754558
0.78214843670037892398028
0.78214107760159345961171
0.78213213321234509312063
0.78212552330842799452881
0.78214601608376232988462
0.78213937683064482797590
0.78215496051573774050070
0.78216238902247925413036
0.78216721790632159905243
0.78217761619902903547086
0.78218634198317815720003
0.78220122074463815931011
0.78219223109797042514657
0.78218149881903642484104
0.78217640963747503413117
0.78216895533873775914202
0.78215988747752185350492
0.78215306142298812730473
0.78217376104891778165751
0.78216651128546321736223
0.78218304068976762799537
0.78219054135683085959840
0.78219583255362978846392
0.78220673982906341326071
0.78221637780110431226177
0.78223143437044151404791
0.78222140119256100554423
0.78221032440462101575918
0.78220493552181691310210
0.78219716219940782497844
0.78218745746935369744790
0.78221137747319435806759
0.78220116082411184077472
0.78221936104877987094852
0.78222487836451237708246
0.78223614032138655272064
0.78224643197926391202657
0.78226133070658243617856
0.78225075330071414114741
0.78223956427196195129170
0.78223377156399642728957
0.78222553745928924406883
0.78221503081498366949376
0.78223963927852302457921
0.78222921283955126892096
0.78224808889493435692941
0.78225414046575436621822
0.78226548831560216434866
0.78227609729816272032821
0.78229084200076659527667
0.78227992713782190659089
0.78226856069915573499429
0.78226232944687668080519
0.78225399434096898332314
0.78224363282632281002549
0.78226846688533713258806
0.78225797720561418557850
0.78227662148765109151327
0.78228290825301771693745
0.78229425094868421108885
0.78230547733409816490990
0.78232001147781249361657
0.78230863079473256238572
0.78229715609233041462289
0.78229101727619243522582
0.78228304681741100967685
0.78227215834220864554283
0.78229729310688544963170
0.78228587766219115362532
0.78230556321221011994993
0.78231175446483514068774
0.78232321331473020364911
0.78233484937900787947740
0.78234934107804421365984
0.78233793097610815348020
0.78232655551202723298587
0.78232008259606045097456
0.78231139288472761883497
0.78229936130385380188557
0.78232545619953286486492
0.78231303259176143694020
0.78233460890020822819935
0.78234139258592283461269
0.78235283617694140190224
0.78236411600133370924937
0.78237892259210639611666
0.78236772098793350149748
0.78235599389463483799290
0.78234884200648036056691
0.78233959196331226415566
0.78232715025284316201493
0.78235417438615328933338
0.78234181565429616878049
0.78236327397520988302659
0.78237054665581218237946
0.78238243225321935092609
0.78239365015898176825004
0.78240810995786136405883
0.78239682756858941470313
0.78238490555081730004616
0.78237781255279825742832
0.78236907322105286866076
0.78235682913239412705764
0.78238416356441364829521
0.78237165304562117373877
0.78239257501593006960405
0.78239942719455435327092
0.78241119007759540870950
0.78242249788704976154463
0.78243671554436988735404
0.78242563060201208990918
0.78241407851732791556287
0.78240742566393506329803
0.78239896929514141099560
0.78238604065322525649151
0.78241330378421769520259
0.78239987953372713835876
0.78242224740470334154452
0.78242899364611573354011
0.78244037330099569516051
0.78245123073263012081213
0.78246614727634100638909
0.78245543191217692413630
0.78244382307588333791415
0.78243644922410904296584
0.78242734896674570599373
0.78241359173607105681469
0.78244120451883591993436
0.78242757586033717664975
0.78245064208805081840126
0.78245831032122981074650
0.78247056434793527124327
0.78248135760662917981278
0.78248464001137574275191
0.78250022747762382202552
0.78249649095589890457347
0.78248533720756019427256
0.78247274399329591609842
0.78246469247377847811009
0.78245547539109416845804
0.78244194232584995951640
0.78247025404562087214089
0.78245672518785458482427
0.78247907783440551199305
0.78248702599843455995909
0.78249980979415290072154
0.78251124877884281616502
0.78251525574379254823754
0.78253008372583687801693
0.78252548606409289000396
0.78251395871344064936181
0.78250143791500748058354
0.78249398500736988548709
0.78248538558221836236584
0.78247150016933952887399
0.78250031865278668607999
0.78248596303597850454281
0.78250910932985640044990
0.78251634297485928026816
0.78252855381321950734019
0.78253960303208858206858
0.78254453972036619457953
0.78255896261364876753674
0.78255390643785094351159
0.78254348070653845237388
0.78253151974957757541773
0.78252396355686892892578
0.78251480980044418878094
0.78250007817171296498060
0.78252877234386375437936
0.78251398642932212812440
0.78253847718442981484799
0.78254666761328106616702
0.78255881486670153535101
0.78256882785050208006794
0.78257391120494113057049
0.78258959197341593228003
0.78258436449862678330192
0.78257417988662780761189
0.78256135217288880223663
0.78255251421081006846237
0.78254264046138755084314
0.78252810341712475405984
0.78255682847978769167696
0.78254254818993429498875
0.78256643791660973619173
0.78257575587969319119708
0.78258936583735105863013
0.78259991909607817817118
0.78260555974620404917630
0.78262120262254897262721
0.78261507921288619993305
0.78260395500334622997940
0.78258995176338552735018
0.78258088056828378764607
0.78257158930945280861380
0.78255717094074428441530
0.78258670451195777584275
0.78257159925996644389556
0.78259589168152543514623
0.78260465102582410512611
0.78261819230365037292074
0.78262932130080431480934
0.78263608769692805111617
0.78265007119884555386591
0.78264288785264535253106
0.78263235889389359822843
0.78261968354308686368626
0.78261130624170360814418
0.78260154090812916738429
0.78262626999094619950625
0.78261583298677916964436
0.78263481542006385627275
0.78264694299196246873862
0.78265637680902877537648
0.78266342751319728510140
0.78267701639012698944242
0.78267043348136533520432
0.78266167106486939086807
0.78264986141850201306625
0.78264054714243680432872
0.78262957702898616751952
0.78265431182099454154866
0.78264316610938033935696
0.78266418778581070547773
0.78267666611680719590538
0.78268495859528597335952
0.78269153810662994708025
0.78270678529957882219037
0.78269993027691009412905
0.78269126574264324958108
0.78267815449461197729875
0.78266796472666200212842
0.78265701158732159381515
0.78268214592563922771262
0.78267125496428713304908
0.78269216865327706500466
0.78270542130318465634531
0.78271465855420296886535
0.78272235882964913411541
0.78273747130938187144267
0.78272889447647764349369
0.78271941433803482457421
0.78270656176314978846875
0.78269694735404349295038
0.78268579978590280266104
0.78271166957317883650092
0.78270033283203677143547
0.78272129082143726552800
0.78273343766675496091523
0.78274254988607250282939
0.78275179018258189689305
0.78276556536721353385389
0.78275599990794486604528
0.78274750253871550054185
0.78273569669773734869267
0.78272598998967912731217
0.78271540429105967984214
0.78274019338613176621777
0.78273084316006558136536
0.78274926722934778933194
0.78276118289308194153620
0.78276955893902766536741
0.78277948224988735947960
0.78279366609216916028657
0.78278324267554610926823
0.78277413257528305479127
0.78276249627022520538588
0.78275477242782531828169
0.78274442297038193672165
0.78276917612018714898170
0.78277679689009604935279
0.78278725596870557534857
0.78279681199243311695568
0.78280818943370134022075
0.78282215630318230381590
0.78281042057580163540109
0.78280193814635423699144
0.78279225753728620684768
0.78277683927808994202024
0.78280350057749958914144
0.78281839540350206529951
0.78282515363855831314055
0.78283505895471627855642
0.78284798056875970484469
0.78284163982931831426981
0.78283191064360679867207
0.78282670449049696070887
0.78285618633173537084247
0.78286285448617565219109
0.78287812790564359488599
0.78285471147201191044473
0.78280341061097724608686
0.78287992439586062687340
0.78285266436671629985966
0.78282710353924989110652
0.78270219828977427578565
