0.08225837775533266504890
0.08762227131135966184949
0.09403098819514503492467
0.09966601984038385431131
0.10664183977508349954189
0.10536405721913673361190
0.11238213201188163026245
0.11958949406480105792649
0.12532685019093472988949
0.13233941153813713609289
0.11822513282978637516596
0.11121466143588501496176
0.12401824128062172158948
0.13108576162869325920646
0.13795811634594842831625
0.14446860365210831278482
0.14978241340248338309138
0.15567381645288122515858
0.14342583733256517031229
0.13672659484936430795976
0.12972236667942022014799
0.13543282703192932592273
0.14228154206922882796249
0.14884917168341799120768
0.15494585462306062484394
0.16067579799379960725503
0.16579074036126578706174
0.17030713970074581875558
0.16541858703918763118246
0.16000607025606455868783
0.15405295847783867513314
0.14769920526284083250879
0.15334896392399591236178
0.15912842190370687922574
0.16483582476745978206978
0.17001786702602345036084
0.17468321930036104228101
0.17881557159926303457453
0.18268171451293166440699
0.18629256676809738402234
0.17877492642242431841737
0.17434741591683380890210
0.16945979793156876191951
0.16416692192775689251860
0.17388249354628998455397
0.17849636973136170925436
0.18261308747710078281834
0.18631970129905844890672
0.18970238751536533383657
0.19286000581722964608566
0.19580680060486702065425
0.19874346281677543468724
0.19283094130402458898921
0.18970554200274053480157
0.18626235151486053576164
0.18240750689124213268499
0.18962020322145983763917
0.19281871620343693507493
0.19572579486275462623546
0.19851300505747590530170
0.20125240099490407374994
0.20404829158506404551687
0.20616173304096460650037
0.20887852497824768716050
0.20351434352527283944134
0.20095468734786489650723
0.19835255693515499442192
0.19567533481034246611863
0.20075313642553535564694
0.20314297245438861505562
0.20554998861554005240571
0.20804317204268257812672
0.21061570267891926988568
0.21321908785800333663296
0.21456871788925463429010
0.21695383449293739741570
0.21212758056786418237039
0.20970768899784342220727
0.20734459237482610882708
0.20511488983994927148835
0.20894508453863339103584
0.21114616998798385605340
0.21344566601737058331167
0.21573560972903060850570
0.21797098374248516372553
0.22001427571015355622031
0.22071280142471574881036
0.22231835220392595631189
0.21884108399843324455070
0.21674701997835735256537
0.21456382161663703489474
0.21239078863893520732198
0.21551651828070117478120
0.21757635595303093101194
0.21953561372752250502316
0.22128142670199479891124
0.22273719225044644187683
0.22384185421456559428321
0.22401471517167576008589
0.22463621169504710550768
0.22304483030804114762624
0.22171970388613060354288
0.22009985906638376840228
0.21827284077631939340769
0.21770460674270558643073
0.22001809827447663114874
0.22056185612060705270032
0.22205861600128021238199
0.22326076037746414582053
0.22411501643257106253238
0.22463077123555844072378
0.22484831401566984787621
0.22471838352459702625730
0.22466420328860520205794
0.22457153975768032183602
0.22414669109043952599514
0.22339538631586086658842
0.22230314434674244838952
0.22183658428929156625209
0.22311444872525668103869
0.22347013584251787521318
0.22412832868875540159870
0.22447317641239439289791
0.22456121942728882179274
0.22446976167630192100511
0.22428677086511575322625
0.22408004976575446320908
0.22388745510265734006694
0.22426899706495559416730
0.22438798944522242440058
0.22434818925425270563778
0.22407259554305555826481
0.22385789388594057314208
0.22413559676755739902276
0.22420730896058696512974
0.22420720593524290364940
0.22406900784314187635715
0.22387664831910389362513
0.22369701214080192630540
0.22356639071727740786244
0.22340007006301118575031
0.22334001279483015056648
0.22351409534491736841311
0.22368139544583595657024
0.22387300742274315878966
0.22402325452844115694084
0.22406009479048072385865
0.22377903071648583277486
0.22368476905572154400659
0.22349907946498398514379
0.22334263287574340761665
0.22323884473979538345390
0.22318400586898931581281
0.22314112594711899006938
0.22296569227905718713068
0.22284706318126018542713
0.22302491271955968143992
0.22308356080229177487162
0.22317715282180361491271
0.22332591942408941410037
0.22342705214029323634861
0.22309986940011972134101
0.22302154511831723260329
0.22292712642915293863588
0.22286192738605126173468
0.22277955019626527466414
0.22261912895911314946851
0.22231601251766130999954
0.22200176177676969602182
0.22142359779438083866587
0.22236382220307066015508
0.22257374377725658298743
0.22268662178205689272659
0.22276858090458281913548
0.22282692682530763628179
0.22257000921075273391914
0.22249808305809004593812
0.22234376655718099402570
0.22208418544497129931692
0.22164763795818126501658
0.22098952241921468453434
0.22007492035729525614585
0.21952124537030334727739
0.21824928678481886334950
0.22051847941689656229514
0.22126091644095274846293
0.22176698933691363357923
0.22209033909955763763655
0.22223988230143926214666
0.22172238358566978555508
0.22141835330604470177818
0.22083374665353536214774
0.22000839312686101822969
0.21892218225627860239690
0.21757524209003883952640
0.21597041622901499979825
0.21519246488814328110983
0.21334563600086811629986
0.21686357786680413028968
0.21829599571534880064760
0.21946298823382459630693
0.22036588109454094408513
0.22089731527096506669139
0.21969338701001112079680
0.21888098592832894162541
0.21762336852503746942311
0.21613632071606389550844
0.21441043670311774049786
0.21252452408560948415861
0.21050638909787605657087
0.20966994084530116149168
0.21168601356561300708137
0.21360377882114855996321
0.21537667346241304300314
0.21693644888008620230657
0.21807004654147754685312
0.21603599733763295676070
0.21460072254698753235758
0.21278807448402281554678
0.21084076775658566749172
0.20884288958603755559373
0.20686976323016179057923
0.20610141703431858473117
0.20434633847851141341678
0.20803248855663400429528
0.21001243877845574004049
0.21196807629329433853016
0.21365907512812898350063
0.21106209037831991093270
0.20921339096332000617728
0.20724790443011240070881
0.20537306844672456596079
0.20371784071708598506945
0.20233871785324578085330
0.20187596754869285842204
0.20104629476643018359816
0.20312561756851335581509
0.20470220192575533380008
0.20651066771705334224052
0.20839658347488337897246
0.20580681579720308538306
0.20408700522277525846171
0.20262023003729404124762
0.20149113989069661334597
0.20080314535467880254771
0.20061831261200344100892
0.20063000445029413598697
0.20112343652522315928799
0.20065256035115686117365
0.20118480185136258797662
0.20216769391554723078741
0.20353334831418679051751
0.20181047689577968906605
0.20096795808894599155714
0.20059241433876343063680
0.20073210856605822050014
0.20138495697623473579263
0.20250624298410965784534
0.20300815556875742573517
0.20462516050733511874249
0.20174010327139207943148
0.20092592008350154686447
0.20062075400481005349462
0.20083557917530367453729
0.20074230294204345459441
0.20120744101328033592857
0.20218050245732913094976
0.20358544618775045731418
0.20532084854699261811106
0.20727029064470725572278
0.20810549672421729816563
0.21018966543772621413666
0.20607001690707704710803
0.20423041992340540407014
0.20269669800913497903494
0.20157950165318555546534
0.20329435428857578482820
0.20494993687288196038132
0.20688719659301424425024
0.20898713744881017295718
0.21111070747920709922418
0.21315136610134144401485
0.21409285892515131366487
0.21595522905687250525553
0.21205082012155329618253
0.20989681837862628199787
0.20774805814788818714156
0.20572079339449714230348
0.20865318129097956689755
0.21083582454932345284782
0.21298960841312838954131
0.21502335166280467371180
0.21686971348473504939136
0.21848574858093006145765
0.21933507502160415336689
0.22066632552607287620638
0.21777715391248297915894
0.21597678151763066711766
0.21396010510992927167173
0.21180070201824535702784
0.21110831166810964387714
0.21421294233630649994637
0.21491954775757557416505
0.21691122101017457080019
0.21865789938905044742512
0.22016436393767549462019
0.22143164988762367717534
0.22249223207362250898100
0.22315243239674931174932
0.22395237781329413451203
0.22216659089485249478635
0.22095900770179896510648
0.21952498657172428431217
0.21782570338390813691198
0.21711458567348709824962
0.21972169311104480793340
0.22035770754165590057383
0.22172051010538182391763
0.22284996498985373825086
0.22376033831673150520380
0.22448227373132073614315
0.22505509622764804933404
0.22544823259239518686847
0.22577926224741245997407
0.22495991345839061459344
0.22432278350129211674790
0.22349523881792204837993
0.22245499721135481019374
0.22190313862360597219059
0.22365615512514036566927
0.22408566456500236818705
0.22482731326976107544269
0.22537966512327675672189
0.22577376102186649808878
0.22601005104119153976683
0.22607574349517645106999
0.22612883939956376910807
0.22588204560752306315763
0.22617187225079013468410
0.22603687219433138411162
0.22573917409349819607201
0.22526940479339718770291
0.22496793224141076183997
0.22584675541106419283111
0.22602794838408832300836
0.22622598092409493264476
0.22625609478768174409602
0.22610236263597235928380
0.22573729153537006042463
0.22513143961537909754078
0.22477821401048492244712
0.22378620448441405299533
0.22551408199983896674112
0.22599355987677130497282
0.22626438908726390075721
0.22634243836097475699454
0.22630704761270081792901
0.22633151027002609834149
0.22619361558756523322700
0.22580786308908706860876
0.22519967748302766041846
0.22434296412238421969398
0.22323336034038476771713
0.22183366284455788286500
0.22108690774360423292322
0.21933546237767506670302
0.22259001166722416908961
0.22383053633622282396765
0.22481060520573720173942
0.22553689365217327589264
0.22588638978729441708637
0.22494599864886657969443
0.22432807432832846394888
0.22322877649350572615283
0.22187039481142714625328
0.22026220119100797800726
0.21842788914379387965603
0.21638316868619505983773
0.21533394451378382039586
0.21313799186748069725006
0.21744144571557749712198
0.21937103496217180698125
0.22107941733949806883963
0.22256417234878556055122
0.22345342402487841648728
0.22143915401586800051348
0.22022236510447668056401
0.21841026339616689821987
0.21640061774850230524869
0.21425647202876443864206
0.21200052518634623921479
0.21084944685535883523997
0.20860402424993393366570
0.21312661825410705862538
0.21533531229393129691196
0.21739813045227140975157
0.21891097645973250918061
0.21597192571733309085502
0.21421917936112000457882
0.21197464669382201640779
0.20968012196246660350241
0.20744185949954802028472
0.20531841492558230988230
0.20421296591002971454465
0.20232575152571904975041
0.20629147695563215814119
0.20851653881258980227642
0.21079679754356606125043
0.21274848310099714332466
0.20937632959303037472054
0.20736400815774461148244
0.20516319639524357998361
0.20312491366260260194920
0.20132333226373810841636
0.19978420641955388359357
0.19895490559798129082125
0.19785918585894804455627
0.20038590742893702678629
0.20209382637760417433803
0.20408263519184491330272
0.20603986943493679540040
0.20294499421305925435099
0.20114259341385806734159
0.19951426758475887535127
0.19820416523991271628979
0.19723263074345626089112
0.19663832602228806245570
0.19626159499524559182149
0.19620323227027100521092
0.19670509744341357905029
0.19753069235001821657427
0.19870895090910395408557
0.20022550577476191935311
0.19801093761601604170686
0.19695081965920760436184
0.19627065491856121592917
0.19598449138512952227842
0.19608719018320161509017
0.19657178625566920637802
0.19672951250788481281084
0.19772286194180282992150
0.19608519956533818073829
0.19581840998180100044124
0.19594911155316740991594
0.19647479888749991294716
0.19573518894717231719760
0.19576541128745095221575
0.19618975653785533652673
0.19698738865390960639523
0.19813310621942178957333
0.19955754629725416804398
0.20019122620777834997696
0.20194496289657903886905
0.19865220840551262027063
0.19736941779651487327563
0.19641163953521711960093
0.19582555810173229993154
0.19673766862304184477317
0.19783678537585921985986
0.19926238305646024051576
0.20092863730261825705448
0.20276175031461127207244
0.20470542834006974497463
0.20567302863133757329095
0.20768950529557977935369
0.20366029548163930296134
0.20173860549553893073416
0.19995941483591672671594
0.19843050767824496616321
0.20075217639378561962360
0.20261951945171471911600
0.20462126599351201927668
0.20668055621460929005551
0.20873255056719663969034
0.21072688214539989082219
0.21181327895570400965397
0.21370248989564899488869
0.20983669849322739153763
0.20775497153793656690546
0.20563717013788995746637
0.20357888259948864195792
0.20670951407797749643791
0.20885598933628354845204
0.21095593406250304213678
0.21292815499928113842643
0.21481411506967929003764
0.21655089553505726951421
0.21764056199020986870352
0.21920948344767440807423
0.21593751256475998689943
0.21406446781257584821567
0.21208786495650761017018
0.20998948610362352940051
0.20931888887799696141734
0.21252699110692982453763
0.21323889068339879626635
0.21521054331148908866922
0.21704603748214970626584
0.21871978878965758763542
0.22024429274847220905365
0.22163430650070536920282
0.22259233401768888094274
0.22378076040186750672589
0.22125410732255759715947
0.21978825306123123128899
0.21814254013308154167561
0.21634833268929573590889
0.21560376947388210089329
0.21851291141863238287613
0.21922123254710756956598
0.22080193604911349525288
0.22224271875151652144709
0.22351714689556223536471
0.22463360041740992878445
0.22556936920835732318658
0.22627238243093525382754
0.22689554275829579288448
0.22543071315027154999378
0.22439418687122480999818
0.22319537480701659437621
0.22181490117220867275272
0.22114819384933356860579
0.22346658157128163058047
0.22408039496894818776163
0.22521575007931218803670
0.22616048006722433427740
0.22690103832111332970989
0.22741335302619922198453
0.22763690744853626313215
0.22791697933579890822386
0.22767202979040890298279
0.22783100101224337818984
0.22744924731890675539958
0.22681914353357912617071
0.22595875769314868741766
0.22543681121382982968093
0.22699477862626357693721
0.22738430253048572127206
0.22789581741580286489146
0.22814184311898894064186
0.22807634152020245243975
0.22766760487400694579208
0.22690050397008529325937
0.22656967286424806173883
0.22525028192244125890831
0.22752617962358270831125
0.22810817826381465933672
0.22833481625122245550763
0.22823510338579330869457
0.22804126598078869325725
0.22847175952918552521709
0.22839568893573550245613
0.22799484154494872867325
0.22723390964996817431576
0.22608320957384261951084
0.22456238448584855960100
0.22271487843565956898928
0.22163112390462716416728
0.21931612639189820845864
0.22369854099369504418782
0.22541882316958225529469
0.22676716683596978563209
0.22773229216402607333336
0.22815985986188441758671
0.22698400396545734269971
0.22613916720934995607806
0.22457601454850240063621
0.22263807238391239429198
0.22036115741594455852415
0.21783453855016318700955
0.21615313599655525123033
0.21321385153311211979599
0.21891525331271080578865
0.22137912539431811587143
0.22354042028426734933788
0.22488184225427435003475
0.22178676076103367997838
0.21991157938706160090980
0.21724730456496724184667
0.21425117493087206255176
0.21110757340073896259902
0.20783053853259725318736
0.20529104847774345965483
0.20173330249516352452588
0.20878574300371227634443
0.21215149165028507338704
0.21535288306063585239691
0.21768584939479190820677
0.21265611712118454024179
0.20982972673821242981518
0.20623770203730365513373
0.20256317332064111003120
0.19877763632892705980559
0.19496773842496575857020
0.19162191124320276935933
0.18747550583008287805598
0.19562617473405935486497
0.19956441405394736987589
0.20348759474774708033706
0.20674891786668639359625
0.20007996444726355855792
0.19635879963689747973454
0.19220915391139031802581
0.18802359002373975060962
0.18369034234686487661037
0.17927465351623661504732
0.17509099362720417780714
0.17038128904588459300307
0.17973840585085260057596
0.18422500904541713739881
0.18859560914256229269270
0.19271038009000526769476
0.18469639436854742853278
0.18019794309757505845759
0.17556226287860013379749
0.17071908723203590985129
0.16578961685922269375659
0.16063786488081854830767
0.15570528941713379644796
0.15023016650832970997342
0.16104245410689840833918
0.16619795693689812243754
0.17119821222698447527044
0.17600681533434833769824
0.16663019268839401876292
0.16148970329514966692841
0.15622362342273873880849
0.15072434745989787829856
0.14508972970271527547226
0.13923845070467721907193
0.13383247039737450334584
0.13978534191930508390200
0.14554910552772248877318
0.15117675483795989244129
0.15666488915194326514424
0.14608985672086449714158
0.14029470266400442812760
0.13439664261766307018497
0.12843363399745680308861
0.12238209293324449344897
0.11691327607498427920696
0.12294063060208634818871
0.12900023335301993854252
0.13505427770239225582216
0.12357303287933582569558
0.11745532294326890832004
0.11138849030647482440948
0.10010364906368239557022
0.10596386681357154724292
0.11202886079423321485926
0.10060614692678153392347
0.09473055392672304064750
0.08419992991315268515695
0.08956206014452801345005
0.08077555700161906382384
0.07935747128386856641402
0.07162557457179949405024
0.08227201460327358828462
0.08763786817194592349001
0.09404654955692187678906
0.09968373512985173601209
0.10665945655435894734442
0.10538322291429717825206
0.11240207824026153538011
0.11960921408533928267381
0.12534905979099220107997
0.13236119432580426003021
0.11824661317797889592551
0.11123521608758142609208
0.12404115863496903426899
0.13110955060489934420609
0.13798252496712096193399
0.14449233862748142587229
0.14980887005450196913792
0.15569934357228706889309
0.14345183522653034979832
0.13675185634644684840033
0.12974675664173709876970
0.13545773361721263894353
0.14230828935598491269410
0.14887666691407100416633
0.15497390780750422423218
0.16070413097947816583044
0.16581787420407737010386
0.17033711945520152442057
0.16544850053512583087922
0.16003561774987845600648
0.15408191244024341259866
0.14772639482643779018645
0.15337606167470360651883
0.15915774539040400403778
0.16486679822557664953919
0.17004925336858031648113
0.17471476962536963695172
0.17884699316272723024213
0.18271466903103578127698
0.18632524228541869071307
0.17880791815903773755991
0.17438016953494969718541
0.16949105645146808618584
0.16419591542247372051300
0.17391319657036494183977
0.17852932736804599800351
0.18264738455630968871901
0.18635407245941809639689
0.18973656747281603118793
0.19289377087158438017767
0.19584203826206730836290
0.19877819316769446134074
0.19286649864168095569461
0.18974115936160754203321
0.18629677611149050853179
0.18243975364617162626679
0.18965376596797989261489
0.19285438819317710090750
0.19576253010547256527829
0.19854959280962694578854
0.20128857392434534867576
0.20408388104866043155639
0.20619874242827748722640
0.20891488568986371632263
0.20355183481220887053986
0.20099239164707330407289
0.19838928877161865482748
0.19571000796413798306084
0.20078874743258082191666
0.20318062694041721938376
0.20558854137164775388591
0.20808147873075630296391
0.21065346613594843061534
0.21325613085214936703871
0.21460714397840002787277
0.21699145175732315049544
0.21216661819132554001044
0.20974700578805396955495
0.20738306148230528647147
0.20515131208228756798384
0.20898222677726971396872
0.21118538123838392905895
0.21348566645432126565041
0.21577528743189672288949
0.21800997112401687694216
0.22005234728660350018714
0.22075223038921382157085
0.22235674355991863482274
0.21888130856177107075311
0.21678762299225023957305
0.21460370456623484303194
0.21242858048907473089706
0.21555490335496282905403
0.21761683622879596233801
0.21957672220020849063182
0.22132207413141849472460
0.22277693394703218521258
0.22388042818983028281465
0.22405463658444893515487
0.22467484200929252469159
0.22308577469090726252965
0.22176120285767844664271
0.22014084460595048642340
0.21831175226335616801343
0.21774270264904843630305
0.22005655622100112056572
0.22060121238846347457851
0.22210000188302977952581
0.22330252839315448132318
0.22415612777557319956756
0.22467075355023408134159
0.22488689986862497871556
0.22475833166216196978837
0.22470267529036688780586
0.22461270356739868048201
0.22418860561085390825653
0.22343705781129158394194
0.22234284647079663455038
0.22187531813258656865351
0.22315336301785967942912
0.22351008157701740541867
0.22417017280814027779812
0.22451513258775582237980
0.22460234915247762055301
0.22450961579852091176690
0.22432509488463592273177
0.22411978632524978682916
0.22392562767487761421492
0.22431004098977050387198
0.22442991034502057789979
0.22439010771798728605120
0.22411267972120885172416
0.22389689634312226473867
0.22417460976454545162895
0.22424744973394311609027
0.22424913150245029402896
0.22411084798192151823493
0.22391758564788002972001
0.22373663222556197660573
0.22360442560426577185417
0.22343958807872282834595
0.22337792563913583254731
0.22355492957358238936827
0.22372314098383030978034
0.22391490362532279201346
0.22406339375710476735648
0.22409905923791190174299
0.22381791315551161081210
0.22372487871467858222552
0.22354093868504271158670
0.22338429478702723218753
0.22327959159844484871016
0.22322343553960660722524
0.22317892011539200436410
0.22300503394704687676331
0.22288472227221811650111
0.22306558283486810356777
0.22312515368410590355097
0.22321898276351309631238
0.22336599146136185134459
0.22346584270638217284422
0.22313857820488153249627
0.22306159147406551257475
0.22296893883429411142849
0.22290345597664051879860
0.22282013604701400577568
0.22265836063911575992691
0.22235349715257010649871
0.22204083478503466864140
0.22146084733513163311791
0.22240429057218427666420
0.22261519541430116464475
0.22272841744168955790961
0.22280860893956103141456
0.22286556888957323452338
0.22260859106847974420162
0.22253809048135753112518
0.22238552678602732659563
0.22212552444525690553689
0.22168793305761538836585
0.22102836623270963323229
0.22011185753047174396002
0.21955978075058679710452
0.21828583188935124503871
0.22055852566123759772587
0.22130208011505009269015
0.22180866781900826500973
0.22213029745518422797268
0.22227839555071585153634
0.22176080137788664603526
0.22145821544024341109846
0.22087527420634209263106
0.22004930074911280279970
0.21896189473811572545614
0.21761338649098566078166
0.21600649514311365262387
0.21523014170344953455150
0.21338119314694742323368
0.21690287063123026012335
0.21833656132786957715375
0.21950428113186887246755
0.22040557717114661606672
0.22093559072099361317854
0.21973145903513888188563
0.21892043893015605826591
0.21766433812786226131841
0.21617646158159142810717
0.21444923740928689692709
0.21256168346234821653340
0.21054138996675042516671
0.20970655093468520968614
0.21172427404463384226219
0.21364342679212858233662
0.21541724197997091927448
0.21697557247093476884281
0.21810784704523686339250
0.21607346052333673003254
0.21463944579974703064096
0.21282817493753469761941
0.21087988018919012755958
0.20888058907495876681537
0.20690583523336694704575
0.20613857331499771396999
0.20438192181451023121674
0.20807105630273675656028
0.21005203346318881973964
0.21200634384316183189689
0.21369614726449923103324
0.21109873844275126031356
0.20925118177305623845541
0.20728699477804579665019
0.20541111925055133280438
0.20375451803595623356813
0.20237390234064739358288
0.20191226366539410941314
0.20108120448933353152654
0.20316322935425409901278
0.20474082905719187541749
0.20654798952032960013270
0.20843279798357616794391
0.20584261945131573923184
0.20412390702282307008986
0.20265847852307355969614
0.20152842654889346896141
0.20083919925058923983130
0.20065309861317923156854
0.20066597759758039720701
0.20115826102460152013940
0.20068966911043265022307
0.20122279184602634427570
0.20220426525122095484654
0.20356880180045225370300
0.20184567584124202266338
0.20100433128658193315808
0.20063030456838673587505
0.20076920799080164026229
0.20142101349138943899852
0.20254125653901208781171
0.20304444946637298374803
0.20466048832825453618334
0.20177736631958151369837
0.20096388531382181064089
0.20065708171177237817417
0.20087065303740378463537
0.20077740465888838095054
0.20124389069252610062755
0.20221871573174773906167
0.20362302768855813916993
0.20535750237533037521054
0.20730602235795339560731
0.20814259306959526085734
0.21022584712158598474474
0.20610803340004477113290
0.20426903018760572683377
0.20273343212929845202908
0.20161479448772079425822
0.20332999423404013450423
0.20498709537995787877129
0.20692631734862107495410
0.20902566708280731488934
0.21114828225341333856058
0.21318800281827471332363
0.21413090521955469025528
0.21599229070216777182090
0.21208988984576523928460
0.20993651659465883962952
0.20778573852069762151196
0.20575690552001751898459
0.20868985490317198960852
0.21087407994694379320677
0.21302989994284809993630
0.21506294372907705514386
0.21690819294229260472129
0.21852318581716545509153
0.21937393100655308564306
0.22070407711135708872519
0.21781722709618903111028
0.21601764386327912403907
0.21399894028014154745421
0.21183797574552742926102
0.21114549388584982758665
0.21425073172829164902531
0.21495741899613571290750
0.21695060464379367637378
0.21869927285882728718036
0.22020484910095183828105
0.22147081452790737254865
0.22253023588801779109048
0.22319183611493681462790
0.22399056892770954907412
0.22220741595921003619374
0.22100082016464395184840
0.21956485724355054300894
0.21786413622940187240218
0.21715294704141108184103
0.21976057383087452268278
0.22039663618717142412606
0.22176079302823914485288
0.22289213835679874686768
0.22380142747979953066206
0.22452184624860968553683
0.22509341150671999254307
0.22548790921894737437903
0.22581763641401109143914
0.22500119480468730448486
0.22436523666252580766489
0.22353585385217308867389
0.22249434460350900333303
0.22194246102513098817255
0.22369584343515575008965
0.22412534971238021186402
0.22486818030952998581640
0.22542231721822855727844
0.22581516249497965431736
0.22604975944876895543878
0.22611410353889929703008
0.22616849954737605621347
0.22592030713311345158090
0.22621331580522383020160
0.22607964575833233711322
0.22578021631695835425013
0.22530935005904342838257
0.22500790534593367864247
0.22588693176151511399219
0.22606807831578026868335
0.22626712185581679404045
0.22629890734153626508096
0.22614376289342194570331
0.22577681298780608032395
0.22516950675779082158279
0.22481749789887228718754
0.22382397647460261502772
0.22555534437699611971517
0.22603631910698102069901
0.22630554404049124661569
0.22638267247211327215517
0.22634734796236555265381
0.22637185278661417497936
0.22623387235629718872154
0.22584894142283795659409
0.22524228007814853236290
0.22438398129646469625342
0.22327230535205630501672
0.22187103821239120837738
0.22112540832743063368149
0.21937234980852168830801
0.22263067575408745923937
0.22387287165764532814727
0.22485150783519786132914
0.22557708366655720988447
0.22592668654101955016955
0.22498615366464957965320
0.22436809830983248104097
0.22326939782601978867760
0.22191235172493331551102
0.22030240777918430605808
0.21846585607111626559096
0.21641949172112623367425
0.21537130375914037561103
0.21317370211848113426001
0.21748110565005768224367
0.21941251017912014042999
0.22111965220955231981037
0.22260392872756695759051
0.22349333151450656576031
0.22147871383544553980371
0.22026174941487741687496
0.21845001622702833743439
0.21644151986404774890005
0.21429551960623602346878
0.21203723793101386663196
0.21088784150325370903012
0.20864008076112455780660
0.21316688828679772327312
0.21537450878951147625884
0.21743705630392334837708
0.21895009188266448263427
0.21601051650676914017701
0.21425758192186708517291
0.21201323515252187834612
0.20971972694045837304344
0.20747960100505938307869
0.20535383510810106821864
0.20425008808380015756789
0.20236058776998683272907
0.20633042766966377956628
0.20855450059320085332004
0.21083463072085883993623
0.21278649074040981159506
0.20941372220881762644673
0.20740126711497938738482
0.20520054999010742258214
0.20316325097147666656205
0.20135989853560112838871
0.19981853853344258564739
0.19899101021312687320730
0.19789312120670299322001
0.20042371027853733700397
0.20213062182664295884926
0.20411934720991820046976
0.20607664844995760011770
0.20298119870618314131150
0.20117881858491812319123
0.19955059477390388322782
0.19824153800614655041024
0.19726839062044423944720
0.19667198555646814295272
0.19629714658592206655285
0.19623675053569089588024
0.19674216933978072585631
0.19756666074830309121069
0.19874477962157757748862
0.20026118708928969391891
0.19804625412044613019802
0.19698637130009133411335
0.19630639510894212773628
0.19602140850368596214359
0.19612267889617443494821
0.19660530109244511720590
0.19676508580232823786282
0.19775650661282662134965
0.19612211465687032219130
0.19585406772712127265734
0.19598452195632362626831
0.19650987026065874774261
0.19577015791599969296577
0.19580082796818654156112
0.19622548264115285965303
0.19702445119805203632701
0.19816889990462036030827
0.19959143569346946001097
0.20022735729741106269763
0.20197918841254539068508
0.19868956119622491196530
0.19740536041757750229664
0.19644721336044992932024
0.19586057023437361546137
0.19677287106483376533106
0.19787265496552705612565
0.19929867143977644805553
0.20096639445456238037835
0.20279831114243787593132
0.20474005179891918704271
0.20571007997389176291669
0.20772456319132040492015
0.20369854049581656574297
0.20177534514982911617587
0.19999570692556067896817
0.19846603884516553217843
0.20078815129631508162866
0.20265633276998815115455
0.20465853102359982118585
0.20671933993699992404558
0.20877011592186098254409
0.21076238109505790463416
0.21185136002039917091366
0.21373841635905213576230
0.20987604488257366464055
0.20779280792859428084185
0.20567457027338509334413
0.20361538992900740652203
0.20674660823740922954705
0.20889401191122974887904
0.21099435429645255202225
0.21296805114605868447519
0.21485269663795933392514
0.21658722573401681388283
0.21767961176847513971033
0.21924618421145283808649
0.21597793986286759060356
0.21410345425131649399475
0.21212651258803746912029
0.21002719236574493577585
0.20935571181878664948073
0.21256432132689567771067
0.21327720636798683240265
0.21524979640453567597547
0.21708556534786471736709
0.21876070198648886466763
0.22028376806261021347844
0.22167133721174020477562
0.22263218657150368740005
0.22381807213208798623683
0.22129545838655723111188
0.21982827933103088469124
0.21818236422917899886009
0.21638723100909174057449
0.21564158303739774935615
0.21855117676341465071665
0.21926067109562674684042
0.22084228121504934083674
0.22228319219447206789297
0.22355888314427121987826
0.22467377389339074356123
0.22560690013303089096475
0.22631280423265598411575
0.22693321530819549058933
0.22547276790774212207324
0.22443505040888031554225
0.22323619206772238321435
0.22185482749732560181499
0.22118686263409303993654
0.22350560093389421068011
0.22412075210787979484550
0.22525696936218600474611
0.22620166274109101967049
0.22694332711753617548567
0.22745393312265588248167
0.22767462451944261991876
0.22795760173199389186927
0.22770967373823092216867
0.22787341997632881707148
0.22749066214237476102333
0.22686068908309467428985
0.22599947508400441975596
0.22547612296285673982865
0.22703431185345102072404
0.22742529919883097688782
0.22793759284537015719074
0.22818338246424654802702
0.22811876237586201088270
0.22770813399027048373746
0.22693794071692172109600
0.22660995805926770207961
0.22528736737848803484141
0.22756845461815847220244
0.22814970950697402440888
0.22837670229136985966534
0.22827627257232771529338
0.22808093497306042296557
0.22851146140864750377908
0.22843690728010240809098
0.22803669345343802188353
0.22727527921177947956011
0.22612517159711065239946
0.22460226457102772101848
0.22275146920183888643585
0.22167043447153786384085
0.21935208285167187569620
0.22374001323219558368116
0.22545985799797599313798
0.22680882079233455339562
0.22777341078454238498807
0.22819947179112951007873
0.22702337959159304969781
0.22618001845710528074918
0.22461729315101788828635
0.22267859837825396129851
0.22040196369944448084865
0.21787312590441518245221
0.21619311695117537919231
0.21325157136478320452078
0.21895509963669604336367
0.22141984156618663148741
0.22358081879417432413781
0.22492082468839433295749
0.22182518448875551686506
0.21995133930964236301797
0.21728728294155438827140
0.21429016890984645127283
0.21114657501326733468616
0.20786725852369805633835
0.20532892863241070102731
0.20176889818473092708118
0.20882373750870758533082
0.21219055298795755359897
0.21539183596543318155447
0.21772354629210941001638
0.21269293161069596775903
0.20986769778371461292465
0.20627569478911444988967
0.20260003220085970321307
0.19881426831391890708289
0.19500209311054786387452
0.19165717963311904026291
0.18750849449021747550326
0.19566176826213910189267
0.19960119613212362610355
0.20352443290764002381543
0.20678470141279337024542
0.20011458998813647092163
0.19639436141056762497037
0.19224459597250764808507
0.18805779658646235019681
0.18372410755576343288631
0.17930615531493734882140
0.17512313549699343173671
0.17041118553612763508731
0.17977110086049213899528
0.18425899230556835872719
0.18862977882405865259763
0.19274373102923786360563
0.18472836178599028045255
0.18023060591628900506400
0.17559466070042600849277
0.17075013763791418996973
0.16582000939618263268827
0.16066601060922458543700
0.15573379340040996443584
0.15025644914777708249787
0.16107174082725864150412
0.16622863793946024424386
0.17122925686523537969208
0.17603729014105817807234
0.16665908899285328259587
0.16151899942628006323631
0.15625247183725549104949
0.15075175454172654032625
0.14511625363450927905795
0.13926277349974797159504
0.13385690086472243343074
0.13981075603855383504559
0.14557598975095217830322
0.15120419071540805444620
0.15669209972915193462839
0.14611527079945368923219
0.14032017390671228107557
0.13442147214989086378978
0.12845697981827741696037
0.12240439983997465633880
0.11693452386321098734889
0.12296334831441273205410
0.12902366312344332177631
0.13507780749566533629036
0.12359459423059522553690
0.11747666344910642766131
0.11140907649511126720210
0.10012215100218674335153
0.10598312527468310706436
0.11204843626958017888118
0.10062375206627434398587
0.09474777596337405349836
0.08421524211845404783716
0.08957775458811137458959
0.08078957751456768143772
0.07937139607933055285294
0.07163800856686466933532
