0.12840481611081019930332
0.12799210587526754778764
0.13093053488402639494836
0.13066083631018582389416
0.13231936051275269838889
0.13035815238125081361176
0.13217696442154971969707
0.13290791629188886124879
0.13285386780233926495853
0.13304341083234993980966
0.13201837364453541945331
0.13004118527080740785884
0.13183144895224116477372
0.13278744441681997190408
0.13303128429769006668693
0.13300524313157360833948
0.13300264822573912293358
0.13295197532355898517586
0.13301340678189393917918
0.13270551464029597954486
0.13161287640178967461857
0.13137376876359369015645
0.13260525315439922189320
0.13299032797766494051750
0.13300107610690192760927
0.13294725616154418057491
0.13293546473315351330591
0.13292909714948841770621
0.13294469107351108982940
0.13299803681054594983735
0.13295732644042224102066
0.13248464313065153041826
0.13239977573044883762954
0.13291562988914074061597
0.13299290444953265621919
0.13294192734958024115777
0.13292288841485103145779
0.13294163636156136609756
0.13293561337677958777981
0.13296185731183154943302
0.13291733407567357660994
0.13294099793275904186629
0.13298566644856416041343
0.13287005742816868081313
0.13297452061442990856044
0.13293978079562684957438
0.13291235557724304094940
0.13293030118086893165419
0.13295835967996996740403
0.13298415016379769304500
0.13297946797499632376471
0.13301888124371005761581
0.13295495074938665225339
0.13292426714584854030576
0.13290804971137851198115
0.13293967672563722359769
0.13290596938469376175895
0.13291886007983014228451
0.13295082931155230432374
0.13297530653009723144997
0.13300824069754932366116
0.13307668731409655338283
0.13305812838527261710020
0.13315111704412294080235
0.13299914984167543474669
0.13297254050316478779514
0.13294737223743305354340
0.13291345476205956854798
0.13294347217861066101641
0.13296974968363320379616
0.13299187469581899567750
0.13304203654708765536263
0.13312935340955714402789
0.13322141908892837225409
0.13320216946106641642267
0.13326362985525599946790
0.13310811363531468987098
0.13302703503716448163452
0.13298590737814225404279
0.13296789057068919559512
0.13298250697686969656885
0.13301411316382999450170
0.13308680070198727896091
0.13318156366197977935606
0.13325262768729345674856
0.13327062135932624120649
0.13326697001440215850643
0.13325383707154095369596
0.13323922866483489668710
0.13316115609899117910864
0.13306737048518532673391
0.13300343120439500621544
0.13304888440391268722429
0.13313947406808906981368
0.13322441999155509861907
0.13326279460863571513229
0.13325462623502387637942
0.13323809691824911594082
0.13323733950378924273394
0.13324305016691564973463
0.13325571466668684195156
0.13325679168450549338942
0.13320762160356558467811
0.13311813442753789304973
0.13309014960014267647814
0.13316176250289871174637
0.13319101757800580476676
0.13324888984547139658687
0.13325549004759804083697
0.13323766457870625523618
0.13323741361906463187559
0.13327303418576116889049
0.13326113040596535008753
0.13331504314210432249332
0.13323198435083882795738
0.13323867477225970201715
0.13325591652382345886352
0.13324055373658985623742
0.13322200356924249198265
0.13325227725537339140693
0.13325526574647136857088
0.13324067545231529918759
0.13322904397350823768598
0.13325048977948134032445
0.13330083528425351602209
0.13335267354522434279929
0.13333926762295447709938
0.13337608215836069258664
0.13328743083130245583590
0.13324154565568813168852
0.13322704729455894789858
0.13324307521750283767048
0.13325205875758200368963
0.13323601439480450836506
0.13322731202205476130906
0.13323293887167642068903
0.13327352711061221657296
0.13332667501605066640025
0.13336649253701343686984
0.13338899204399334852411
0.13338117270078189702254
0.13340074662507356295649
0.13335525962238078956368
0.13331279639297591299574
0.13326124901103736375418
0.13322789423529146635161
0.13322521350167676468246
0.13323231556096148953117
0.13325082723882039625884
0.13329952499177558089549
0.13334432828063377818317
0.13337248954892183538945
0.13339271918204317901591
0.13341809271037344264421
0.13340940892735403400238
0.13343935502017234551175
0.13338525201182807600198
0.13336453928631578080832
0.13333350992327355766243
0.13328675091658470641676
0.13325939149426216379091
0.13329485620922926214504
0.13332198930257546654055
0.13335549946236013862944
0.13337822244751443290234
0.13340205133690297145677
0.13343140606948689086408
0.13345675132419396180516
0.13345057616390773591597
0.13346343863964346687645
0.13342358223292674623828
0.13339412389208640807858
0.13337096856284980095353
0.13334773741780756028952
0.13332635938866674307768
0.13334855442679280357332
0.13336490473234763332044
0.13338731482657309457274
0.13341568401196501891803
0.13344361163316631468945
0.13345889336537120062331
0.13346004768150956931727
0.13345527930559350493489
0.13345604908857985893000
0.13345352067454180344797
0.13343709623687605159148
0.13340874427294699411384
0.13338101083220416098740
0.13336495132968187449229
0.13338140408202328601739
0.13340136543155586834608
0.13342996314878158292672
0.13344909726462800270141
0.13345155441008196839370
0.13344948163418629549781
0.13346279630116250625171
0.13345353093316283943359
0.13348669582904548747138
0.13344420709742796371522
0.13344730969797166664215
0.13344342113767568291927
0.13342378032289403666510
0.13340145144182263825527
0.13342249550021445525516
0.13343873313941298497376
0.13344351657613082173803
0.13343893049555607954737
0.13344450694680171087825
0.13347441188333089567841
0.13352208087828421056997
0.13350889245564276364142
0.13346169685155603867877
0.13343644220493269814121
0.13343494534147659624779
0.13344059702805363687439
0.13343641408253334446066
0.13343741699636307851407
0.13343128347022309432290
0.13342935655049120713400
0.13345080625609412328103
0.13349574176741799136359
0.13354583891676513607294
0.13353469579964813429562
0.13357333161986789660247
0.13348250578663661825018
0.13343965290072798413057
0.13342366585741619045002
0.13342844422054692121726
0.13341980880174894585899
0.13343062709972999813068
0.13346935318668390335617
0.13352276694975939719257
0.13356583620324719019479
0.13358664386456395312130
0.13358192184992553896983
0.13359070783880697130819
0.13355743250903895358306
0.13351076782219861716072
0.13345779395561180313834
0.13342314982830671965530
0.13344638330353192356981
0.13349853973334585566235
0.13354860010570085426806
0.13357772786052735103368
0.13358703123656309741385
0.13359479173929256212716
0.13358957784285735437280
0.13360640386975583537854
0.13358411683987242435379
0.13357243619629174946617
0.13353946969158089763674
0.13348689343422215358714
0.13353075339256145759315
0.13356762544762981748114
0.13358062511178875331197
0.13358506051650201329473
0.13359840719465512770547
0.13362457397630084221518
0.13361392747067080133405
0.13364252013052996259646
0.13359052959957010142666
0.13358145166863760744391
0.13357912557667878106216
0.13356319279377881770188
0.13357731409176792913840
0.13357963775155318186805
0.13358459681101114702173
0.13360433889216002945055
0.13363170979042465758013
0.13365388914694872890543
0.13364526669471582520643
0.13365940902937473167000
0.13362172612467823618054
0.13359519424562216194374
0.13357968426561583896728
0.13357816877335851324382
0.13357674101166902569382
0.13358718476563988253325
0.13361108561610937628394
0.13363647171757997433872
0.13365284931542920077163
0.13366587137061583523412
0.13365960446043151366169
0.13368117495722250942514
0.13364508472760294743864
0.13362659607371848990987
0.13360213320963271188546
0.13358133254993082017492
0.13359363653547901007457
0.13361830330639337671705
0.13363756903228099504055
0.13365251055917715117261
0.13367319362674676130887
0.13370762725423482319975
0.13369805046398838821453
0.13373893664259423053053
0.13366598920515768145201
0.13364619249346598728323
0.13363034310785945613098
0.13360914672452861573504
0.13360145932049391492846
0.13361553447353693990785
0.13362293767161914637143
0.13363954172829878297435
0.13365843403777399878152
0.13368977574159884857963
0.13372972061195467774475
0.13376557674929756558413
0.13375787784076767494845
0.13377955137992239564859
0.13372034428433032804406
0.13368033536042078779360
0.13365198946343018193694
0.13363397910392937895097
0.13362755699929357300348
0.13363873987836141776775
0.13364684497698606224780
0.13367313208979758609729
0.13371053962987947127949
0.13374881052253370650185
0.13377295210791487201085
0.13378036451933081329990
0.13377431323810634600235
0.13377640548080435567435
0.13376591227691070340455
0.13374029400275597168068
0.13370270861378372173611
0.13366647044774815356050
0.13365388493042526518728
0.13367691394293593210030
0.13369457499378603615448
0.13373225961151255503090
0.13375926273044599912332
0.13376912819759492756511
0.13376976450069158475209
0.13377773095511902301524
0.13376971298173184754532
0.13379086858501615386885
0.13376407755226271678595
0.13376319182402240937080
0.13375271334375146703444
0.13372452451493987979347
0.13370644576767523603600
0.13373294770859633917581
0.13374715484669585929822
0.13375858091283099327029
0.13375772592903953372989
0.13376163437980442827424
0.13378147116979960395966
0.13381276628430063824204
0.13380286863595067248234
0.13383579401241210704576
0.13377105484943899171846
0.13375414066934143697551
0.13375385309632775721056
0.13375458659659550386678
0.13374907188024240389801
0.13375185998435742962265
0.13375003194327123035023
0.13374841357828828880550
0.13376184392189788274763
0.13379283899524985201879
0.13382739320962461215814
0.13385301666561374989151
0.13384729129008471337769
0.13386492724741874682515
0.13381925163407504264512
0.13378255333524191605932
0.13375352014475208606292
0.13374334792042508190946
0.13374553368601271863270
0.13373934565374037686247
0.13374669676886422053919
0.13377313770380533375359
0.13380967254248557485319
0.13384132890874020360705
0.13386065551239628712565
0.13387764317379230449845
0.13387169733656689718515
0.13389557941768601145860
0.13385561027276368650796
0.13383450667513582810209
0.13380158009119166862000
0.13376442302136071216268
0.13374415074188772400987
0.13376359933222303766343
0.13379292599790093554191
0.13382855376677660341755
0.13385079864497323454131
0.13386596615138438015613
0.13388670500965432763607
0.13387879486615811286399
0.13390746109049231349353
0.13386104077902330478089
0.13384663525267315176137
0.13382144416250232876742
0.13379179801967300278420
0.13381984183748182881679
0.13384233359161812337845
0.13385651220021349550038
0.13387087033986172501798
0.13389724853158774253714
0.13392821234411228514816
0.13391674806093564753517
0.13393921637553307668611
0.13388636813173795947485
0.13386518441582043181803
0.13385344554537798034133
0.13384005117367217541080
0.13385112430259551996592
0.13386036597961248340027
0.13387815257569918303560
0.13390530234536909826026
0.13392938426889855474400
0.13393480682151939764601
0.13392878701089694359894
0.13391912813329912013138
0.13391991984215378952427
0.13389557525196779663723
0.13387004133861191146337
0.13385610034631595377519
0.13386394048315741756028
0.13388538355865947648837
0.13391039590382741719665
0.13392227105834272893325
0.13391633007047590298022
0.13390547292859625305717
0.13390265094063108497480
0.13390622919671776869244
0.13391229954943564828262
0.13391598184258327042251
0.13390150522145907729943
0.13387666400354883422530
0.13389241007545543693524
0.13390982543750401534410
0.13390928935636062235837
0.13389881469452577511525
0.13390052569711269336850
0.13392726804489382685937
0.13391792787565692801621
0.13396218735162548907347
0.13389542373806909147937
0.13389766083603102386768
0.13390613330710357531395
0.13390210366066951364061
0.13390218315371091306609
0.13389533079301391138571
0.13389210647091201455972
0.13391003266775441948866
0.13395151135972255262985
0.13399932004646183947294
0.13398883215060181095524
0.13402718883109940306575
0.13394114132897633195896
0.13390353390231590768877
0.13388918854919548695470
0.13389375603614148135811
0.13388762030834402971813
0.13389806149064273355087
0.13393178759824114765209
0.13397742081298072425177
0.13401816633637134157375
0.13404398987101803775168
0.13403485725547795159862
0.13405408842096749877371
0.13400783521700559974832
0.13396824808386323391041
0.13392381150551418977912
0.13389329427525706317503
0.13391564068435349299513
0.13395853208491348418363
0.13399934717382941395947
0.13402616316934518048143
0.13404517039659180621669
0.13406604513350556251439
0.13405646227658060687382
0.13408145797723414194280
0.13403677217950396571844
0.13401887898568945467481
0.13399009498038774723661
0.13394876303648395321488
0.13398121383563171837849
0.13401099897089147061635
0.13402894711635623958834
0.13404690854784884201933
0.13407285886416173137370
0.13409525442165914910220
0.13408821018220828946710
0.13409828287977984540014
0.13406276545739276295777
0.13403893722433307678088
0.13402212591412013265035
0.13400334256175752689622
0.13399478985391966023855
0.13400960987698309900829
0.13401478163738952953388
0.13403123219322016224098
0.13405440479698846334422
0.13408014531439130245793
0.13409443444745391960105
0.13408907611332926412828
0.13408745839471783445340
0.13407608132016554658428
0.13409011531917214288256
0.13407337821707357439216
0.13404553813487965485685
0.13402327262713917277459
0.13401753536313151804471
0.13402791021511983871051
0.13403746293863624816645
0.13406501874983065003555
0.13408566602476254536747
0.13408594561146539025920
0.13407416739772470837266
0.13407654774590324620043
0.13406949360574549334757
0.13410003267060099929608
0.13407181448163235648607
0.13408488031756857217225
0.13408134090887019462812
0.13405764111485621303821
0.13404515752371595760373
0.13406512696377279048043
0.13407615887203497284652
0.13408382704573798549497
0.13407168418048354130434
0.13406282589094478674419
0.13408656345452976688115
0.13414274045239110710881
0.13412525538852848594473
0.13418471060287323615157
0.13407400023466203853317
0.13405958038985565927703
0.13407190230040272327372
0.13408164632449606767928
0.13407940418159033924006
0.13407993710363919070971
0.13407199250607212959174
0.13405645448752526172065
0.13406420630247636860410
0.13410882496839937605415
0.13416984858482883247177
0.13420393139992328745969
0.13419629327123430706514
0.13418925779360160732701
0.13415389689643009152320
0.13409345606893000035775
0.13405567770449738906891
0.13405550486928838327394
0.13406677901636052108181
0.13405031859411331573995
0.13404955856240388656353
0.13407977196220191573595
0.13413794891925431840285
0.13418621763929375334534
0.13419020276012225134643
0.13415041301796240547084
0.13415471107946300155511
0.13410957043627580453915
0.13418835915845636619359
0.13417663687014544371401
0.13412311400961474117111
0.13406694035191299430032
0.13404759650770584067381
0.13406863939827992626697
0.13410702962137519000940
0.13416501310369613464424
0.13418705138489495087839
0.13415939215509553594785
0.13411269808026252126076
0.13411738737654316233616
0.13408515469756956961511
0.13416466776835453411643
0.13418315665761729182925
0.13415210791101361831323
0.13410870503700025868632
0.13415135707447006785387
0.13417844379481935757070
0.13416819899163204277137
0.13412266217899687648085
0.13408432252552734964546
0.13407973866573144605674
0.13407200094343460494706
0.13408444446591866183738
0.13408533705921044099085
0.13412929127950859453655
0.13417143559270108821302
0.13417615716766986833086
0.13416973463040704483973
0.13413567866192102617795
0.13408849051064189450422
0.13406708170425810089377
0.13407341179877252379526
0.13408301038771353042023
0.13407324272536669251821
0.13407502378264557485466
0.13406490250237701467029
0.13406317656706168151004
0.13409215056473849925212
0.13413614827700470755190
0.13409332326019546277607
0.13406093102985885967549
0.13405598823445918910124
0.13406402349322030231882
0.13406678985252490354796
0.13408292520961467841900
0.13407259290268744300612
0.13412986517664082786183
0.13405878083003738843182
0.13405473034521545039333
0.13404875142326086456812
0.13405992374606731654119
0.13404284921926712392803
0.13404603524970604144784
0.13405111201773634022061
0.13406356349493428470332
0.13411643914407803124256
0.13419498873316129672340
0.13418793354204064383062
0.13416111400298105782447
0.13410455979992910724441
0.13405537059131134025591
0.13404289711927006023551
0.13403761784495982212206
0.13403597675129325095256
0.13404722546411063088811
0.13409213589651924891655
0.13417896086291777879573
0.13418675294669069053555
0.13379887617139493705132
0.13389643765399511510239
0.13420300844054963707030
0.13416754952672899081634
0.13408163827199753859176
0.13404109461723842655623
0.13407248094842541541460
0.13415602768493684049389
0.13421198571852363534695
0.13397921137691737314412
0.13301651795599905847567
0.13321180459440065679821
0.13404432146604725040184
0.13421475813469177507109
0.13414330020900799844696
0.13421251025413724611290
0.13409503904267380813842
0.13337643414612201930858
0.13188171903345990987333
0.13352324797879644435739
0.13413478643168275095121
0.13364902461566152691574
0.13215129764201533069112
0.12967568309350477329112
0.13240893053041391524971
0.13101512120642383463220
0.13009406960206307268813
0.12800823473212555314582
0.12842611200891868028506
0.12801489615031572122383
0.13095220903302487447384
0.13068406600104021109132
0.13234122314846996637527
0.13038186876038931893973
0.13220042721386712769593
0.13292983485299708634741
0.13287741308101663761931
0.13306531063606641396291
0.13204236265424340590613
0.13006522287038632668121
0.13185581206193452974418
0.13281154348395121655990
0.13305482194278009377975
0.13302709505380130861063
0.13302614098292539490664
0.13297377626924980487111
0.13303751763118870643510
0.13273003403408964451238
0.13163762322558839046316
0.13139792981028591833947
0.13263018184514396846652
0.13301489381105616183198
0.13302515587755461834440
0.13297069910174114104606
0.13295722075071764178844
0.13295249635697731216410
0.13296873147898302658376
0.13302259636956012545106
0.13298231527106049720821
0.13250903197777710862404
0.13242317140425335919574
0.13294012251206152597227
0.13301789377913417200539
0.13296646843318526975963
0.13294689534831388710856
0.13296499606300066220754
0.13295959311586158513308
0.13298517781258464842686
0.13294186214353043151704
0.13296597184508601730002
0.13301019611571152090335
0.13289352289773195825440
0.13299799941148912618694
0.13296432583066841726094
0.13293731721141149870746
0.13295482241868081252356
0.13298231480200867204999
0.13300743163470080121513
0.13300339836582214525507
0.13304212557097727653854
0.13297946628926948786642
0.13294922280222895571988
0.13293261243627621515095
0.13296317727208206704859
0.13292949265675166325984
0.13294344946040134725074
0.13297578163116988148040
0.13299981434418334247383
0.13303214684262115730107
0.13309989757870091531267
0.13308201398092600609147
0.13317429499713159812835
0.13302365027089846361008
0.13299748888985532535578
0.13297199121407368704872
0.13293700572403185922177
0.13296705384745469147312
0.13299439624364300938097
0.13301681798610359708235
0.13306653293613127098105
0.13315322315279598530680
0.13324456356802255596605
0.13322602370293556983682
0.13328673592695114424878
0.13313260905511645204591
0.13305197506111096639181
0.13301058007724467224797
0.13299150108440579987068
0.13300614564263196770710
0.13303881444652748688995
0.13311174134405906466228
0.13320605792707385095497
0.13327646168035245377581
0.13329368245367043122052
0.13329077712677844802514
0.13327684799218836309009
0.13326371879827791921969
0.13318610085600929293648
0.13309210472561266991320
0.13302709696956593887762
0.13307258122770820873981
0.13316424463802653543887
0.13324936636962980696097
0.13328727363186593235511
0.13327840190244311102674
0.13326105724694470300307
0.13326108341371808996279
0.13326596358432435396324
0.13328017628594163168643
0.13328173303321697029666
0.13323242652375000272258
0.13314186528281585220057
0.13311343880396797612065
0.13318503835446046656976
0.13321478360921534811467
0.13327372380682245278649
0.13328041957031405706502
0.13326210534342175506595
0.13326112854351590542024
0.13329590478425218380565
0.13328482001611616225567
0.13333787211380174198005
0.13325640549699060977140
0.13326358969107482410621
0.13328077352813155753708
0.13326434965295949619524
0.13324526473303860418795
0.13327551817889018992425
0.13327908523305639909573
0.13326555091675928998995
0.13325394554148581316433
0.13327489517711077482431
0.13332450232507578324892
0.13337545934844483030979
0.13336291263416630292760
0.13339882229973920590993
0.13331182375171363174715
0.13326643801406212741512
0.13325193993361511557438
0.13326691075412658293864
0.13327527488096441166121
0.13325920515689015921623
0.13325116397917735611145
0.13325785241736035069415
0.13329841277958351386523
0.13335105431541494080960
0.13339011333247668966706
0.13341168478366546845670
0.13340476643767298914334
0.13342339134320013727120
0.13337962208408454811703
0.13333767605631741126615
0.13328618748528650583829
0.13325176489288853565185
0.13324838124903587432968
0.13325546472737026526545
0.13327472042591007039825
0.13332449020880723922211
0.13336920153872910965731
0.13339683288478812461797
0.13341628487871889929828
0.13344068947836651428673
0.13343294788508872072974
0.13346190423468926034012
0.13340957501788450190183
0.13338940382570210752000
0.13335849992678180941930
0.13331066639356231595670
0.13328252694746925421931
0.13331798280854401106410
0.13334592829619143494746
0.13338051102636139244595
0.13340307569051032543506
0.13342635365071417452576
0.13345491956510160957983
0.13347925258003201509638
0.13347406304148382027996
0.13348589003826841214995
0.13344786337554470634359
0.13341896609333397938357
0.13339599993255002452486
0.13337169716721050671815
0.13334947976471572816948
0.13337166920488519039623
0.13338888428316650336392
0.13341236656962043860553
0.13344051731758527212790
0.13346787059096318350804
0.13348235094110352805252
0.13348244677183240813889
0.13347870577266135461159
0.13347839531568370108339
0.13347775515344864616374
0.13346192025984163209706
0.13343381604543089191672
0.13340500782561975912088
0.13338806208871484271228
0.13340451423742213932222
0.13342538100208484186382
0.13345505377186725470828
0.13347390967678104956029
0.13347576195898433470965
0.13347287702091856220754
0.13348509164575456109603
0.13347689641690807516028
0.13350894339773106134217
0.13346838508401331901965
0.13347210754851321357073
0.13346852850585796956828
0.13344781422509144341859
0.13342456552849440987174
0.13344561653602057815782
0.13346278480825968237866
0.13346863820431054126203
0.13346371261350209458385
0.13346865569951760210898
0.13349774978070991227064
0.13354428205321736133904
0.13353220485396508077081
0.13348581934017370032031
0.13346121012450498644064
0.13346007921764416193078
0.13346466227276093663434
0.13345954375126833912901
0.13346055656166608271995
0.13345536036374125443693
0.13345450198896566251783
0.13347556288654166545271
0.13351984071716374580241
0.13356912647696167484312
0.13355877090815618246644
0.13359659260027711980001
0.13350725350062095375669
0.13346481168873541856001
0.13344775393673100061243
0.13345159578018553347967
0.13344297602528112922649
0.13345472997418933447378
0.13349452887027138392462
0.13354750701660231260171
0.13358988504767299598797
0.13360987502177693042604
0.13360594112429277635634
0.13361390674724579752386
0.13358216451472232355613
0.13353596278258980656339
0.13348191456346925054532
0.13344633678200809590031
0.13346960010835368093396
0.13352267988133267873074
0.13357381193536366215113
0.13360244903086612722198
0.13361101885188833571227
0.13361795861570535670637
0.13361353295237918259453
0.13362954016199687923283
0.13360882426201287076495
0.13359766107551690472732
0.13356362851394204538380
0.13351014738767102985051
0.13355404542085078101188
0.13359180213716637108945
0.13360585973316113639342
0.13360975216016823807763
0.13362232934970830200427
0.13364768003909527349649
0.13363781717873252086193
0.13366559501457728198481
0.13361520714083105487724
0.13360669442219974545338
0.13360331598735353253460
0.13358652054802841457892
0.13360067372011943942489
0.13360383864326483283058
0.13360984726902266905846
0.13362900405397820646769
0.13365556753896251640512
0.13367693161508925614456
0.13366909142946467592417
0.13368241816101325558641
0.13364637882640037491733
0.13362045267531125203320
0.13360389462425892315167
0.13360155807684348516773
0.13360016061846857748918
0.13361140662495707420732
0.13363635199670295672369
0.13366111074643471923196
0.13367663873776070015964
0.13368884685609852547294
0.13368335768508474159511
0.13370411740506346620627
0.13366970933718333447437
0.13365187030265324175105
0.13362636675011174691718
0.13360478300298478382402
0.13361711866480871502283
0.13364254885332990663294
0.13366285017119258760054
0.13367712038923001971469
0.13369691171788777861451
0.13373053797885398052969
0.13372173550739382963393
0.13376181649687163277562
0.13369058523025184603839
0.13367147841264870322675
0.13365459846956612155466
0.13363266073736221328794
0.13362499126105684132959
0.13363910613199597721135
0.13364648394405190257039
0.13366380627084442633823
0.13368372428217994984934
0.13371435925457000881700
0.13375337307769177841443
0.13378842474293670128382
0.13378149592183424809733
0.13380236444902030013004
0.13374491612941377671753
0.13370563162053158978715
0.13367626352138883838450
0.13365755732404524525059
0.13365116739270674339757
0.13366238762895793490415
0.13367045490263557150357
0.13369741784493385794441
0.13373584320449952156373
0.13377337018856366723796
0.13379653331846674824135
0.13380313958268616469915
0.13379785527604087791431
0.13379914158563604997809
0.13379045821018512030243
0.13376560365194503643416
0.13372700530452635847567
0.13369011256623555827794
0.13367756862085572455712
0.13370063453327188374153
0.13371825131245040907402
0.13375656740996635929442
0.13378457518345918120239
0.13379365728613190622553
0.13379326592529919293106
0.13380042902937119841944
0.13379317344748259399623
0.13381352997430079332375
0.13378858734822038356604
0.13378850320237889448549
0.13377703032889365353242
0.13374823595775964246712
0.13373020235569979541346
0.13375673678455848869540
0.13377089988602938741558
0.13378290492217537188679
0.13378303474687353036288
0.13378612562047487166694
0.13380489219830432601199
0.13383539144851683277970
0.13382625201056455588322
0.13385838268765140601779
0.13379552994937268795006
0.13377944664912350125618
0.13377818037917407756332
0.13377836147470131833437
0.13377288865554606833719
0.13377569958666485350207
0.13377383505171452915405
0.13377274369803582310112
0.13378714759588722360562
0.13381729972932088212900
0.13385073970071645343971
0.13387556795561328382149
0.13387059909919055145089
0.13388743987848170102772
0.13384369776077353897392
0.13380785610575240962561
0.13377785467560382448582
0.13376717961598214023944
0.13376939207649449214976
0.13376321849832056853913
0.13377055860957454136440
0.13379747984918774483809
0.13383497600524776882658
0.13386575970733255447342
0.13388392264887855054312
0.13390011625780617876558
0.13389492327953178563149
0.13391801314695209179639
0.13388002443002325336785
0.13385980956694545906949
0.13382593044706778129260
0.13378831651016528936360
0.13376803591008179505906
0.13378749546948548454495
0.13381685291580516783405
0.13385291159830681184673
0.13387609782692552751193
0.13389036291553418900335
0.13390989089746258011715
0.13390317405406124140477
0.13393060731711037281144
0.13388633394682789012897
0.13387099879318123396565
0.13384540518780102535956
0.13381570390243449630852
0.13384375338408441291627
0.13386632740525897244943
0.13388088026489447512901
0.13389615694921339072998
0.13392161044878464482011
0.13395131796692369419155
0.13394109305981580226863
0.13396227952774630853838
0.13391164888539366928377
0.13388955631534962820162
0.13387746978895639915486
0.13386396219755064551649
0.13387502967021622235499
0.13388441893460500953239
0.13390252878018157889350
0.13393057687545120715278
0.13395371160445151970109
0.13395782499063543791173
0.13395309339364819267715
0.13394209926072872529623
0.13394518581640366128305
0.13391995549831148260012
0.13389412443860090884407
0.13387999549990467484939
0.13388782287965775297245
0.13390949778889729704368
0.13393478014721121871489
0.13394752529032649679408
0.13394061258982525863814
0.13392839667421965743621
0.13392690913218563419917
0.13392910755394274446850
0.13393753971707236805067
0.13394036898753744480040
0.13392565087321511851925
0.13390052359823154115581
0.13391629294090048873933
0.13393399997115240651624
0.13393367628884605968764
0.13392403945183081748205
0.13392476215425747065879
0.13395010469968263167040
0.13394214580792412894183
0.13398498476945133739413
0.13392063347865804101566
0.13392204562538714829323
0.13393033433728473990953
0.13392600810283675216716
0.13392610793549503123145
0.13391955685590312130628
0.13391649066082436658753
0.13393522977115568384221
0.13397571254240953075865
0.13402207818954101070652
0.13401301672429452582769
0.13404990533896998794461
0.13396632851262449404040
0.13392792111542048405504
0.13391344078598441114103
0.13391769772107584013376
0.13391157924161417591691
0.13392234056082955029332
0.13395618034522341344150
0.13400259867810049296821
0.13404233321906772191667
0.13406666305819675555355
0.13405900430608833073798
0.13407671755196726159909
0.13403300165552919920309
0.13399264730840815262880
0.13394812012087833896778
0.13391727135846520635454
0.13393964009831224593050
0.13398287201916542210611
0.13402375192281831828289
0.13405131419123253455616
0.13406929505647313671801
0.13408863032439499729520
0.13408056410448754292020
0.13410399916367671258044
0.13406190591246236465395
0.13404328731910855609932
0.13401446536523414776454
0.13397278501703521746968
0.13400525771417259868201
0.13403539652284840455465
0.13405335747943367130652
0.13407202501204518174660
0.13409693899168792508014
0.13411775113870991193998
0.13411226852646529472679
0.13412073372931820891552
0.13408786430380564835829
0.13406334913544828979504
0.13404654833019674642358
0.13402740504089608042371
0.13401836249224466368624
0.13403314880069155945463
0.13403886215595633979447
0.13405567866815099042910
0.13407881828614873209737
0.13410522574262667694356
0.13411846836965474194514
0.13411147926337940727848
0.13411146465428230856176
0.13409843567701956734695
0.13411517550897783523922
0.13409779435359914234738
0.13407000924858186730049
0.13404736922154181222311
0.13404103992048349569544
0.13405138053291329458538
0.13406157636768134544525
0.13408951484460948644362
0.13411008436490870487923
0.13411098224499801156995
0.13409814458717744800609
0.13409885511809063740607
0.13409344336540088282739
0.13412229717756274371965
0.13409682530964883717672
0.13410929738317156623140
0.13410586074232802578088
0.13408177081537284158763
0.13406859551911723404949
0.13408853545769711113067
0.13410030557653909721871
0.13410836661842048811444
0.13409609727420943037224
0.13408781119173224238850
0.13411048936008981846690
0.13416496570231370433213
0.13414916016251013375360
0.13420689624725054556187
0.13409896217115513383789
0.13408398973087989891617
0.13409645901862768391233
0.13410580696908183662153
0.13410278437692818576110
0.13410328767819051920540
0.13409616455754477803985
0.13408102754184658689240
0.13408861550524103778415
0.13413376760141645926971
0.13419373249674290682343
0.13422607309938738850974
0.13422015316088709013798
0.13421134998631162327243
0.13417882221256238750584
0.13411786939828571063593
0.13408026826476129866883
0.13407968513026213841499
0.13409009991738182754339
0.13407361194425573835964
0.13407374955646073066973
0.13410438350551645569908
0.13416236883752302722073
0.13421112230792242581146
0.13421403274599175148296
0.13417245227074989233351
0.13417850511589182738170
0.13413155654885333678550
0.13421323590339737097388
0.13420106125340505731636
0.13414774968263915022604
0.13409114621376466702785
0.13407086833675746495587
0.13409189584371769554672
0.13413125470662662364063
0.13418967264925998894576
0.13421147605442443340173
0.13418423475991747562119
0.13413645398043674838995
0.13414219358420759187212
0.13410887487388267746979
0.13418908710419050200890
0.13420783477250178283846
0.13417635113549619685358
0.13413195138237204995235
0.13417459735743839099875
0.13420270225475686154404
0.13419288799773904097279
0.13414707171470083291176
0.13410909331963893897921
0.13410342722089454992052
0.13409673881422545793640
0.13410810254681565512058
0.13410973671579690114086
0.13415398618914559092374
0.13419570346879916566962
0.13419939162845492819365
0.13419296075486158992263
0.13415995101600575178935
0.13411319105105418136858
0.13409147584947572751091
0.13409811864142789916698
0.13410663568092975883594
0.13409791807560303422697
0.13409861482862389658877
0.13408929409773967522668
0.13408788494891771270190
0.13411642476135646195878
0.13415936317198590144173
0.13411652819593125607334
0.13408520921609279330511
0.13408070616558717680356
0.13408841224872666830770
0.13409143232536641088259
0.13410648483722692470010
0.13409720377627237786200
0.13415339953972019171324
0.13408316543281945110166
0.13407945778156885041632
0.13407303723396213346319
0.13408312341191222505365
0.13406604838197042073311
0.13407033143357571791654
0.13407584835991331884131
0.13408794587096378725377
0.13414102425023688436312
0.13421850028345447269906
0.13421249751689490192774
0.13418458454133805335395
0.13412894663640839709728
0.13408011683536791291971
0.13406720302471991645987
0.13406082478299835569757
0.13405921966737707751172
0.13407154220370717800925
0.13411689654509900693213
0.13420335856319207112897
0.13421128302741780480289
0.13382224833582251344311
0.13392087962834200998152
0.13422740717385583941734
0.13419233079310788347982
0.13410597086851941406316
0.13406437483225988605007
0.13409580378435007053106
0.13418038392699146998943
0.13423678090554644337651
0.13400356536260379924919
0.13304076382552182389318
0.13323601549549596301247
0.13406909146465334492504
0.13423913505026163761613
0.13416667101943435813638
0.13423592839519060682107
0.13411940371414271533368
0.13340108554465629486785
0.13190609739348624351862
0.13354751732736716562933
0.13415822596719417791888
0.13367241469604143611072
0.13217532651789168363088
0.12969927113058762890851
0.13243213787994645436186
0.13103786855866134120063
0.13011690406532822050778
0.12803046578500337782103
