0.01173465494607814178785
0.01193310062437686995540
0.01401844502174617521084
0.01423788756367091491717
0.01646436157563357580158
0.01447162665845446588575
0.01669879766964216943892
0.01894496491914849853333
0.01919487980648553956953
0.02134153235595541778236
0.01696167928577036257409
0.01474161140374099197847
0.01722899391556969098116
0.01946357424314394679588
0.02160118563002247707439
0.02357666236801462394945
0.02382253876669291128843
0.02561860297770293670716
0.02185234599146887793375
0.01972929259337866808588
0.01749821049428089414501
0.01779289150418191314817
0.02000285607496973816488
0.02212011819816992602705
0.02406617787616148473884
0.02585827576821226464476
0.02748546183250891172811
0.02769454477313100168590
0.02608223065714816019112
0.02432071613829564146747
0.02237448544845796125080
0.02027833938319169651554
0.02068555704887588275742
0.02263750587359729740666
0.02456525719146444158847
0.02631508262838735262568
0.02791718928330864588072
0.02942605763692675985288
0.02962771059407875995362
0.03115082783605707672514
0.02812761486557479109760
0.02653507812501898835422
0.02480738945068395803761
0.02295302921051104588779
0.02505206395422150331131
0.02676341447874617737734
0.02833384521942280270812
0.02983474497574749653706
0.03135266055312786737108
0.03296429741363206961102
0.03317281884698134591938
0.03496384202693170184517
0.03155175717948470459628
0.03004438362193702014014
0.02855265433362332017087
0.02699072743729863388396
0.02876289974168292143397
0.03025239673667265080659
0.03176203634830655764265
0.03339340318441227917212
0.03519085521242475839143
0.03717911746147588986089
0.03743876974881075320178
0.03961415714429641216077
0.03542549567808258442758
0.03361690675824051399712
0.03197328611091028449653
0.03046301648159777109015
0.03219966537326453964729
0.03384533703118888792183
0.03567472549747632143413
0.03770726732805192854547
0.03990781134846133754168
0.04221592744522231765991
0.04251902666160965738040
0.04487448592980344125314
0.04020264628197935813381
0.03798821798159866813815
0.03592737219416851368603
0.03409163750936878428677
0.03620389929177820348416
0.03826812038294348516931
0.04050990009473720565580
0.04283281092079121304961
0.04519983886273445244930
0.04751676806020457832780
0.04784618185935295142652
0.05006158708681499036608
0.04554626808119700831501
0.04316910455470364393893
0.04081361853768365050010
0.03855642024565563569238
0.04112661881988795981036
0.04349132978644909552912
0.04587129248475170506527
0.04818643036096181136996
0.05039319345798156518645
0.05244922378437765625447
0.05275787044307207046545
0.05463072991621380908311
0.05072199623960268327627
0.04851665138042323549561
0.04619911454789615845584
0.04382689749628493336431
0.04311627920618517351148
0.04576433926304823707198
0.04654359141697311796904
0.04885418562622673155360
0.05105263430585064293732
0.05308267526882178011238
0.05494344721984013163452
0.05662695956057572227449
0.05692059433698926085299
0.05844171475632183032634
0.05524837985186274724736
0.05339673190549033832131
0.05137300260137680346650
0.04918026970332446679013
0.04836320081917825502993
0.05084201113911877151219
0.05169249246671659553387
0.05370976662610683211030
0.05554707377561857867265
0.05721215372219132233589
0.05873235517501489838521
0.06011837312207147371312
0.06039520929418022016089
0.06168744410028135366497
0.05901430682526320747883
0.05749492077594293287790
0.05584055933188137449408
0.05401671561503331581156
0.05315234033641760835742
0.05528984176182642068520
0.05613395726949967079467
0.05777398750642794705845
0.05928754239546368126623
0.06067516103857801407218
0.06196198028888066922093
0.06318166371432218375581
0.06345535733431563463203
0.06460287749550140679045
0.06224115622911677303541
0.06095295335983799689394
0.05956055204247647644200
0.05806708241661877323292
0.05725358812998539159711
0.05904209094188790640789
0.05983544134284276422298
0.06121517056696884617750
0.06250803743190161410048
0.06373252508536693394792
0.06487709367430405382748
0.06594338435767128914211
0.06621683200984768147279
0.06717359916650085527312
0.06515333431491934779167
0.06399475134107485141399
0.06278227104195230334760
0.06148268933488448134694
0.06070596806492085939500
0.06226543056250819635489
0.06303601320043777933577
0.06426314424546213099898
0.06541066202473391766326
0.06647078649340931733036
0.06742536815515898229734
0.06823806675169113988844
0.06846341333049209276762
0.06907337551539324826955
0.06767251685589707743684
0.06672468572794382213331
0.06567091643949944657077
0.06452160741001475297018
0.06374282364444862347685
0.06515310804815971357229
0.06591818822107257946907
0.06697400484532010922489
0.06790048411999519140103
0.06868370352095502784362
0.06927091835553976506556
0.06962533356201383583084
0.06977982593087055096515
0.06984155695257511509144
0.06945396197429719309380
0.06888835160654607769892
0.06812732823952658001154
0.06720779858324049671481
0.06647663404556630739606
0.06767791109945424377070
0.06833972880203942334987
0.06908296787109845238373
0.06962392672106997026926
0.06992165789107085416276
0.06995051684014752524376
0.06970284363656004122944
0.06976388736650887545387
0.06923053743065540888146
0.07004571570800297020121
0.07004813314441514504605
0.06977892731013196625511
0.06926678164445314311859
0.06872346644821086814048
0.06954588285447937945349
0.06992120626579514941490
0.07016213338395604903752
0.07012741255434981613170
0.06981492179005409359771
0.06925203455209656688840
0.06849347883193669661583
0.06848112919940360643345
0.06926127154864061830075
0.06985272057266432577105
0.07019578134059370477793
0.07026137581467702120097
0.07010169931673373988623
0.07035175011491902330452
0.07025197931300378173525
0.06987951511647745583833
0.06925989972828318352871
0.06846278796465114779846
0.06759085930839171807438
0.06755844052412704470179
0.06675742286780096679255
0.06843963457897880853231
0.06925291146717243995212
0.06989575559756550093837
0.07027290364927939181339
0.06987600364923979290310
0.06924278571685753280729
0.06841287426185788111965
0.06752807946198664812432
0.06673892677408832518893
0.06618046362852421371503
0.06618847392249148364751
0.06603595398022819862316
0.06672135252852144648994
0.06750441901915758824426
0.06838859510595185486892
0.06921239091907709084506
0.06836040398176880528158
0.06748565962311163513032
0.06672057868030141503102
0.06621104426725070435378
0.06609553061290315834064
0.06644465795674500685486
0.06656274017288919819801
0.06742465578246470414570
0.06617222813554358984423
0.06624837838456171246193
0.06672341985844527922911
0.06747242964605563997349
0.06674484218655407641307
0.06630271741869474266817
0.06626483712965103300974
0.06670161635001617406182
0.06760382171897322267640
0.06888702483432919410067
0.06912750872512829491967
0.07067383950145768312101
0.06780672014413642589847
0.06686073296608079086223
0.06637686059146465089587
0.06637276760468950598248
0.06651071157857424420712
0.06703491744640295568747
0.06802512771151288106797
0.06937768635730584554366
0.07094992593533024083374
0.07258810011658295424652
0.07287559274869248593376
0.07443009706916019208034
0.07122460866462201889426
0.06963403477794415097346
0.06825263028797046160889
0.06722886273986322658303
0.06849681311973854214159
0.06990373072657811437391
0.07151066616022823396737
0.07316223439953654927859
0.07470790005400990141382
0.07604525339744590273217
0.07628829824191911412878
0.07732991795767371612236
0.07497451171439441230948
0.07344009313686172824021
0.07179402634578467556903
0.07017358921320938913713
0.07207867948915254452391
0.07371281918088885831697
0.07522244786728145282684
0.07651152558125350056084
0.07752652627984345234946
0.07825283213140070415204
0.07839830138227422973163
0.07882681308535260944481
0.07771066320102729130248
0.07673344990304339918730
0.07547145166239778435457
0.07398102052291763430780
0.07347858666717839437599
0.07522658769044952842275
0.07570189865982511479015
0.07693620614162319237828
0.07787633749527859972073
0.07853087659483691529427
0.07892564461533981001740
0.07910896250476118218842
0.07916627299151969554547
0.07916554998813614407727
0.07901198997667267798217
0.07864751123011592959244
0.07803084163428405939378
0.07712252739251317101843
0.07669808947923401065694
0.07784505571853732319720
0.07816865351389856719777
0.07875103391761716087327
0.07908339208933277963975
0.07921105941082026702382
0.07918797233256050227546
0.07905821882738822692360
0.07904976368116226059790
0.07882068480923479225631
0.07919984609212719905980
0.07924469855439444931910
0.07914359259531066059790
0.07884406726213523397551
0.07862828253930040367514
0.07908731482682908320303
0.07919045287682902056758
0.07926747292306708658760
0.07920129370966887127903
0.07903277277015589852294
0.07878307216175299554362
0.07845106935792856006628
0.07837749502946800284064
0.07791177051589665003561
0.07873269812033233117088
0.07900365560829211708516
0.07919259748159077072494
0.07927940145088620271796
0.07927257246278854307953
0.07924780229981111256965
0.07917466994788470435740
0.07896763046327387458589
0.07867444484885063871182
0.07829188659537540673217
0.07779484425272689684938
0.07714151111736641808214
0.07697567345166163310655
0.07608368685197580694179
0.07767083380584917373657
0.07819555834425997997705
0.07860680150196872051360
0.07892117749053972897144
0.07906450236622016014554
0.07874932705056215953565
0.07852994387344090776448
0.07809282155307122053056
0.07752906560267197599856
0.07679889959878748173505
0.07587025828207039079842
0.07468779937148713188311
0.07442234343304107713202
0.07295748674022488333701
0.07563763397578841807256
0.07661388782836654753883
0.07738191126383406337474
0.07797721538906823846027
0.07829227186608953004132
0.07767302681576380984918
0.07721690423265011038456
0.07641129853878127209388
0.07539480750886901061492
0.07414250988768211758639
0.07265042811809765965769
0.07092703750190938738474
0.07057625575451013932859
0.06869415845616459737055
0.07232291054177643341294
0.07385360021751986858707
0.07514205238465605785070
0.07620650243734156115138
0.07682799877213865313852
0.07573164232360500569552
0.07488064638563649011438
0.07355009883654752000925
0.07198759359400824786590
0.07023124630764510101244
0.06831720670318972010726
0.06794709453727795778200
0.06599517017103870286654
0.06987161793391541420029
0.07165911588440085355778
0.07324083978600624822430
0.07433776537751482504923
0.07265554756802791724901
0.07131717199118303707195
0.06951192800388819592605
0.06757562652592888352565
0.06561985893329012886621
0.06374011012399395659234
0.06338161730594639442504
0.06168523111643307160756
0.06525274863498473076895
0.06721254993004466271600
0.06914519891761355951942
0.07071877937722581553004
0.06858092859993823731113
0.06685577233169834321380
0.06489342058277561275936
0.06302249977955895476889
0.06134869401910935521327
0.05993130523263209830098
0.05963709735815398566006
0.05855940714513635514393
0.06103141367859263310969
0.06268226177220347083985
0.06455396804461611959258
0.06634197610272463130343
0.06413476646150373383648
0.06237279622412755103467
0.06072648457703740121350
0.05935880469427020494910
0.05829975515793665158393
0.05757130324218138334169
0.05735592824508778386772
0.05695110871497865989710
0.05805911930516913233014
0.05908801545682689643213
0.06042814550765469167048
0.06205335955871230102510
0.06016369636708523288560
0.05883162635533708412217
0.05782393665183070685654
0.05714805107497394204286
0.05676568625654397626246
0.05663897305082923189223
0.05647808279991787389074
0.05655888476837208495018
0.05658630381700945066736
0.05695009731039523542817
0.05761105890766504006306
0.05859378234902166276976
0.05741019936939731338477
0.05676853113023931640679
0.05642321373416681745683
0.05632633095069523171405
0.05641730494682583446631
0.05662561103702234283075
0.05649402237322891096039
0.05674829343867740516494
0.05628020863680108926141
0.05618066601819293737208
0.05626632043297297852691
0.05659731157646709365228
0.05612029983701495583492
0.05604324180001923200178
0.05614758264042004481942
0.05636415837690188918030
0.05661892181639193583065
0.05684062717998370622974
0.05670676150222671296763
0.05682731584587292356092
0.05648804864352203330968
0.05623514885906057830800
0.05601813177925563103088
0.05591006814402231517303
0.05589183375163250810935
0.05610626761682172697343
0.05635525578979995453555
0.05656794143312583039718
0.05668215155869895521823
0.05664891934751139362936
0.05648722083344877298305
0.05626589208261432994984
0.05652939306691093235280
0.05642499232395801339601
0.05621953505675988255197
0.05597736422337942774341
0.05608082214629230705105
0.05627651146189247000073
0.05637062431400119422165
0.05631689408547423114637
0.05608062149726179140830
0.05565565179821047731012
0.05544579331157704210620
0.05481646385917095937179
0.05588553992797877512100
0.05613813062008311816076
0.05620501067314499776817
0.05612238355868077316346
0.05606989821837230630885
0.05602038128704741465347
0.05603202633498449714011
0.05595060348248270115645
0.05568544852657091731585
0.05522805305122276825491
0.05458361332829585882420
0.05375808437664418570900
0.05350331671162488617055
0.05249226565485743539741
0.05434460318261795375161
0.05500203295619954940721
0.05547776656958958163557
0.05575568770145943736649
0.05581282822541871330158
0.05540600845914272348791
0.05526178249137390224854
0.05477801820619232486820
0.05409662408233255337375
0.05323976466947554636588
0.05221641471896506375705
0.05103360890441899916370
0.05074754196692954355541
0.04939414213212005300147
0.05193627135075048334434
0.05297288719227859904448
0.05383983631478306275397
0.05453626071900376931501
0.05478574941785502999680
0.05395476515968730679695
0.05358546104890479777616
0.05269957542161241015322
0.05165567568239597812108
0.05045794886649054150629
0.04909275907597514948533
0.04758300870124879816681
0.04727572846014514024171
0.04560223433867783421336
0.04879529043591275538905
0.05016216733388482312828
0.05136716930347206416796
0.05243031853409099718455
0.05292054004197064426274
0.05170001230815337439628
0.05108244949212211588607
0.04987064087273687662538
0.04850232267105009098529
0.04697757009640510239556
0.04529650347037276342244
0.04346948162285472344601
0.04316436005181447516099
0.04118612540465536181467
0.04500477051476359929838
0.04668139637721040180462
0.04819839554951759613699
0.04957629828746442507414
0.05032039030264600504294
0.04878724875723262216498
0.04790434307246022732629
0.04637687954082653218890
0.04471066850865158120998
0.04287193232733799153067
0.04088917565230212880500
0.03879814506301026283408
0.03849929465026218772250
0.03634141122125105621832
0.04060180287498059426010
0.04257507506930007651347
0.04440417392984103567288
0.04608477453846523963499
0.04711232204441201387723
0.04529122360850595246928
0.04411727481174747278470
0.04228710086622522457134
0.04031320998403613298233
0.03821651227466860145654
0.03605526500870217393446
0.03578509230538549218403
0.03359660338232913628920
0.03795727793894929785745
0.04003162098092888365741
0.04200254037636427795199
0.04335395828193193412670
0.04128258656051636554807
0.03975546959362226406842
0.03769733896289968744231
0.03552124099195468759360
0.03333821155301976146834
0.03118155601903694479349
0.03093552561190739125241
0.02886355434023172433777
0.03309423759351372978932
0.03527795842565852740824
0.03743975620864452985570
0.03909111705182628793143
0.03682738481239693217884
0.03504364260038077272252
0.03286154830852913016903
0.03071662638920817298138
0.02863757836971734041520
0.02668539091845219257682
0.02648390483447357265923
0.02463922567084218459565
0.02843425581719747144427
0.03049480090357009273716
0.03264892816107589634811
0.03451928288806630634733
0.03222455168151533433374
0.03029121539914274297001
0.02823091127487661888829
0.02628629274866040727021
0.02444552005633761695980
0.02271559307081958897778
0.02253390887532940797811
0.02087530116653778244906
0.02427258583712073314320
0.02610468870636062713175
0.02804680214951987826666
0.02998248073446911285411
0.02783137712096888163882
0.02592970167403426534625
0.02410437987397680281720
0.02236250150603103295510
0.02069692101758351804319
0.01903575460750588782544
0.01886492654969104329488
0.01718159920267959758777
0.02052935985823171188835
0.02220673432312364470320
0.02394766460595162613223
0.02577472571373730023114
0.02379586812181395602539
0.02205589621004872685761
0.02038432759321972403965
0.01871748232942641726462
0.01703022688470719886444
0.01529006810823490929152
0.01513448227860973889503
0.01687657568225761281488
0.01856512297929290705722
0.02023139032886900681718
0.02191983207930515986650
0.02009873211890811015023
0.01842288707620855572888
0.01673020846882359788377
0.01499989473195372305381
0.01323443428796220074084
0.01310749799582614991134
0.01486533767068905741160
0.01659980934578379058175
0.01830292669219450718554
0.01647779509917592435930
0.01474387363009717691331
0.01298188108924670271238
0.01113738548802362116064
0.01287904585393553555384
0.01463957702637899531417
0.01278856917957832232957
0.01103419991857087709142
0.00929785442591293635750
0.01096071269665607229860
0.00971860049660362018686
0.00924189594358165895926
0.00817816348038383732211
0.01173660100463801148063
0.01193522531028459732205
0.01402076556498196152623
0.01424041881390476944891
0.01646708193417842011619
0.01447425947885200465948
0.01670176190548145617187
0.01894808931533274384829
0.01919828174549476421107
0.02134504543967034873031
0.01696476142345143892087
0.01474433630743191177281
0.01723217796950430105718
0.01946710671123350402945
0.02160500773320676859424
0.02358053602085980957059
0.02382674679036063045134
0.02562280397000025675136
0.02185630723021482826884
0.01973293799603234588425
0.01750150069862900850670
0.01779616388263658213753
0.02000661656711690342125
0.02212420435361560702714
0.02407053520599907250888
0.02586283557837342622632
0.02748996018533580998344
0.02769941989871797100031
0.02608694725969140301713
0.02432520739009273735842
0.02237869080495450899160
0.02028207251457321558252
0.02068921242625879758359
0.02264167749181483779708
0.02456987315949936759307
0.02631994053849833273273
0.02792223145989342070195
0.02943122826790044860301
0.02963305507241775077487
0.03115629145141495665028
0.02813280553173274842194
0.02654006306883760837878
0.02481196542170337193678
0.02295708298621101581261
0.02505648746003026963725
0.02676835601521860077967
0.02833916655601150316746
0.02984024853774274940732
0.03135830934977933831531
0.03297006839437228303824
0.03317878840631656445215
0.03496995166571271324019
0.03155757497579663589660
0.03005002428519703422394
0.02855793122905398578881
0.02699549887752290475151
0.02876799061176853883337
0.03025799330743189630155
0.03176799743476289156208
0.03339955762325055171891
0.03519718010816023229248
0.03718560185783793131664
0.03744549036098877847767
0.03962105278579892975177
0.03543202146960429399503
0.03362321389097504276133
0.03197920682236043282698
0.03046841423383419428239
0.03220537692761273745878
0.03385161032266142955294
0.03568141635230612229712
0.03771421007058257252043
0.03991496662296399600134
0.04222326154038093248833
0.04252664104963678470828
0.04488226654724759845383
0.04021004454734216498890
0.03799533993204236986818
0.03593403763112645865618
0.03409769090294894472448
0.03621033469069928623085
0.03827522682321935626470
0.04051749162293310363436
0.04284068853630193518534
0.04520792346185373289380
0.04752499040100510024898
0.04785472927649419422336
0.05007023207237324552432
0.04555463976695169059372
0.04317719129005982009462
0.04082120479982852268019
0.03856328061554025604662
0.04113394365599565283276
0.04349942131871697287293
0.04587988195121211337790
0.04819528179614376850459
0.05040218486879219361718
0.05245826226764596644792
0.05276727244482697087857
0.05464012476234175047507
0.05073130734843653288912
0.04852573220939315756794
0.04620771743902388206671
0.04383471046940589505025
0.04312382402057333280476
0.04577233862056447749600
0.04655189650524562544609
0.04886329080937760332981
0.05106218539443685422441
0.05309241276621593647045
0.05495322676520216637064
0.05663667731073950689646
0.05693071317967491468126
0.05845172251499646670636
0.05525850692962829685539
0.05340671696423666264808
0.05138258564313100823506
0.04918905309004319853505
0.04837164534115492853239
0.05085087877517726479004
0.05170173268323545456848
0.05371979416985001726248
0.05555745613151470696511
0.05722263253593543735898
0.05874278302811611340850
0.06012864561445400990447
0.06040591929875791660232
0.06169796171863935890789
0.05902510718067480177673
0.05750566221467844074677
0.05585099295816024073114
0.05402637869977765239238
0.05316160107339858165165
0.05529946555626737147993
0.05614400721443584679760
0.05778479096528505581931
0.05929861308954145759920
0.06068625586712400599154
0.06197295462525855003211
0.06319241259353913786612
0.06346658205410880826403
0.06461384394133184994047
0.06225252709935223671689
0.06096432891926949898531
0.05957169833929639585213
0.05807748655162481982162
0.05726354464494898960369
0.05905234968430146669238
0.05984617057735783229866
0.06122663548831376589821
0.06251969744212139412642
0.06374415776798043886675
0.06488855526239593884963
0.06595455321656172598122
0.06622851556555646446167
0.06718495065823654188719
0.06516521526797566798983
0.06400668268217868384085
0.06279403812795300576788
0.06149372123692711106235
0.06071650750467775387031
0.06227623372416894731440
0.06304733193813362446267
0.06427519729059856523623
0.06542285056942140353264
0.06648289586860711697369
0.06743725014416331042799
0.06824957212403390260924
0.06847546288222007559998
0.06908499535767433086253
0.06768483245176097617968
0.06673711213835539779460
0.06568324185670033898976
0.06453320070769852367931
0.06375387754387354388719
0.06516440189981212438575
0.06593004073084884897327
0.06698658353901250361861
0.06791312295479894067807
0.06869618986711853447780
0.06928309407517443951896
0.06963701927103238542571
0.06979207516803516420101
0.06985325162156796885427
0.06946657468519097655690
0.06890116749045883948188
0.06814013173777973275680
0.06721989032069534963920
0.06648815391457997547864
0.06768963740578544385773
0.06835203185178319318371
0.06909595867983142625235
0.06963687223756841182531
0.06993434160849856806585
0.06996278026041183317751
0.06971448786832412647385
0.06977610201207105899979
0.06924207583190911119431
0.07005840708416796736024
0.07006115005866490885733
0.06979205643056854424522
0.06927925902632571519835
0.06873537416769279206896
0.06955793480561808794782
0.06993380943334195909422
0.07017534208100829895560
0.07014043671787270617379
0.06982755596821557664278
0.06926414328377375473345
0.06850486744920877835163
0.06849308684328933582997
0.06927379019712123775498
0.06986568646406346450028
0.07020900362543822104122
0.07027404725100641624813
0.07011385085231945646367
0.07036395009621773666275
0.07026465602749981664843
0.06989268436410103757517
0.06927274823914997270435
0.06847514693479911374041
0.06760264551154181178472
0.06757062046433864876960
0.06676904789204059220697
0.06845232320111009627350
0.06926596844277711773064
0.06990837453525844402691
0.07028509704217249243197
0.06988813707919858120299
0.06925529368205578240048
0.06842577850830156016571
0.06754059128115146026783
0.06675094287093959188883
0.06619197209943719628633
0.06620037466985333185487
0.06604742090805144905108
0.06673370747289691928827
0.06751715754576456673952
0.06840095520053073030464
0.06922441893682371172325
0.06837229701680773430450
0.06749786252020616161840
0.06673317398835884595165
0.06622329733383855443485
0.06610739841617936651819
0.06645617950873571044834
0.06657467539397088351905
0.06743633083041342124453
0.06618446651850620754409
0.06626088864888469986969
0.06673549039612008959566
0.06748418324818462876724
0.06675648409861249799047
0.06631471805592331625334
0.06627735447485919029198
0.06671394464107568977873
0.06761592616459365101544
0.06889893598040892908063
0.06913986785830412984399
0.07068604160955202497796
0.06781924505823509752300
0.06687336684516347051765
0.06638888035093595818559
0.06638435943282380846675
0.06652234207119062103786
0.06704706157344018924160
0.06803798528708725201763
0.06939049380652660692359
0.07096259238047460116139
0.07260061421851779495107
0.07288858381763591021141
0.07444290979401065044829
0.07123774886127133554314
0.06964719968446783648908
0.06826499991619050522473
0.06724063367748911446142
0.06850882180503684026895
0.06991640502144079449831
0.07152418866272176878329
0.07317572325871243843487
0.07472119741993527020085
0.07605832452438229807079
0.07630185569081947283276
0.07734318937144933625571
0.07498832587648139591519
0.07345398335643714415877
0.07180704835156222209935
0.07018590778178342148852
0.07209134857397223039577
0.07372619438807959113547
0.07523667806778518152289
0.07652561382276922008483
0.07754028209901771273582
0.07826624078071053869365
0.07841218998039996279648
0.07884029876522168078790
0.07772496286519324504294
0.07674796787700938205390
0.07548515043086811981965
0.07399404028608613792528
0.07349152857237781222288
0.07523985858655977965181
0.07571523832058926761768
0.07695017521683168715274
0.07789107295932805319350
0.07854531732223249407276
0.07893960412771187928893
0.07912247493191244818167
0.07918025177665077851685
0.07917905000690102224059
0.07902650898518441546781
0.07866239376331242427742
0.07804501377365818948206
0.07713613481083200773547
0.07671164109797767860499
0.07785883068431628806216
0.07818246279826125688661
0.07876534153272604643625
0.07909835807289836151490
0.07922560469789285964026
0.07920193155192059575320
0.07907167800920589240121
0.07906367525575379306968
0.07883408101244875065827
0.07921437933370641115705
0.07925969533403037781127
0.07915797484188875909883
0.07885801284769301811028
0.07864221571492356621658
0.07910134878310129402657
0.07920447705763637713527
0.07928188108721982707561
0.07921628181307821536805
0.07904726506188151924359
0.07879691337345026691530
0.07846438033607321116403
0.07839124102245995096006
0.07792496736293200165768
0.07874712459662169816710
0.07901860524645555605705
0.07920699527708009723970
0.07929345906652016107152
0.07928665753444878727674
0.07926189943344405519632
0.07918872650915648181424
0.07898199088595019012882
0.07868933131403253733449
0.07830622173116132123116
0.07780846396114564356150
0.07715455450575571527683
0.07698912595744612785698
0.07609652843909592290217
0.07768504488672714480835
0.07821035296353283372550
0.07862109875803753589185
0.07893520588664797166256
0.07907858157878722149547
0.07876336330293844112393
0.07854391979986213856435
0.07810702758870130546498
0.07754373197128498762520
0.07681294063703565655477
0.07588349427413797199105
0.07470038286725257103971
0.07443530337645720695861
0.07296975650903526899871
0.07565145172340739798678
0.07662837833188626546210
0.07739599002026559260159
0.07799111033673110371378
0.07830623833652618215329
0.07768689188333231798733
0.07723068078542842662682
0.07642520303269709214256
0.07540906494250253222500
0.07415604375636276890393
0.07266305611712499390453
0.07093894363960086268950
0.07058850041726154322941
0.06870566793572635555520
0.07233610181257907334462
0.07386756327178328751515
0.07515572761697211778831
0.07622011496357972148985
0.07684171960675355295134
0.07574517160857324737933
0.07489403793122806352045
0.07356348572622131709586
0.07200120014501767973236
0.07024404587313862191600
0.06832903755828101388659
0.06795946760211145354358
0.06600657746422243510320
0.06988482030231130126552
0.07167215982770673565749
0.07325395391015850077299
0.07435104824748724194894
0.07266853016305717394285
0.07132995708403237766770
0.06952458242331814586290
0.06758839070133138005048
0.06563179797503436441186
0.06375110646645826273371
0.06339313929980577855261
0.06169585239736001536226
0.06526506964054634707395
0.06722478677265622537540
0.06915760923260629022824
0.07073141363833754247104
0.06859317691191489652081
0.06686778533823747872056
0.06490523601520281626875
0.06303439492962398249531
0.06135983718921168839078
0.05994160462329628513700
0.05964792026212695913445
0.05856945130984162611876
0.06104292775047052282966
0.06269367488945068456196
0.06456558102133690135727
0.06635381892540520576418
0.06414620836605938736241
0.06238402991030188304844
0.06073754206667465738168
0.05936999772409877473844
0.05831032589509202446187
0.05758115853066624045820
0.05736631846777806575943
0.05696083848244747754874
0.05807006192070011951767
0.05909877535024980754752
0.06043904171418147674988
0.06206441839421845269031
0.06017442753156555801386
0.05884224663517033382387
0.05783446674254075908772
0.05715881646760053585998
0.05677596051569153146055
0.05664863037278307367206
0.05648829590666063632520
0.05656850941844673158476
0.05659695733069781270475
0.05696046824767225097430
0.05762147049543173832342
0.05860424210763702512761
0.05742045652201469008169
0.05677880189100201896446
0.05643348892023700852372
0.05633692909415750210700
0.05642749751753377979169
0.05663522785557297684056
0.05650421904133660216951
0.05675791155109794622335
0.05629079154584227390190
0.05619089748236921755264
0.05627651182755450537387
0.05660743127769717747411
0.05613034197146671983036
0.05605340340389222686390
0.05615780831671045997266
0.05637475036742113643218
0.05662913140945600998233
0.05685024145910741455445
0.05671697736632697744996
0.05683690856628963172792
0.05649865678356642828550
0.05624539050261755102067
0.05602829931289322190624
0.05592007987591634393665
0.05590184994795445450055
0.05611646171496575963289
0.05636551934299932620220
0.05657855671219157167595
0.05669235282758453009500
0.05665846262030205249260
0.05649737662748416378022
0.05627535134920982201612
0.05653999307237320831598
0.05643526868410735780612
0.05622976019995045565691
0.05598740278868272884916
0.05609088609033016648020
0.05628675687448730924345
0.05638089094445949273071
0.05632744627237780410400
0.05609069395233974575365
0.05566498911664100046615
0.05545574165976609876116
0.05482564148029955147789
0.05589600277919817145067
0.05614835487299348060208
0.05621525273451325604990
0.05613246118158785741281
0.05607976206330182039617
0.05603022132288518197818
0.05604209450223369970434
0.05596080861223549918204
0.05569558988735275051329
0.05523838393841216248825
0.05459339663117325491815
0.05376706633196634554928
0.05351289588377649425466
0.05250101789204505292608
0.05435475989866071083734
0.05501204957708014792184
0.05548789463796204718404
0.05576571234250898151386
0.05582261698847185149575
0.05541571103026154965221
0.05527172428050702163160
0.05478802733249689416173
0.05410647584308789920238
0.05324970588646140562394
0.05222575311762123195791
0.05104210004327831839976
0.05075660762661912683846
0.04940234328137103197998
0.05194596022318008488039
0.05298253388802101615518
0.05384968238819187735800
0.05454607717512115205860
0.05479532897709019079180
0.05396418617739192485905
0.05359511186187997100472
0.05270922057480564859588
0.05166508192386638081972
0.05046735299601701890682
0.04910151928905887031007
0.04759089271429637474364
0.04728415457150291628663
0.04560977434738610475362
0.04880437544145465461609
0.05017130105320922323076
0.05137657802396335821049
0.05243976639483195756331
0.05292976834893452220410
0.05170901634277575570353
0.05109165949726400535180
0.04987978262638893128811
0.04851115381970452777871
0.04698630764802287640425
0.04530456710308782691810
0.04347665374101630092474
0.04317203488851337894738
0.04119290633735826073769
0.04501313252584124985356
0.04668989557277884033804
0.04820723712465738164390
0.04958524088871864299310
0.05032914380187646780085
0.04879572658606542295834
0.04791298831709164818271
0.04638539271558236865012
0.04471880840309323812409
0.04287988954146955411506
0.04089643716809521212241
0.03880451936844902388613
0.03850612323113366403105
0.03634736930391662540485
0.04060933017318758136982
0.04258282535033872107100
0.04441233034755803082971
0.04609309545045742889657
0.04712050143222211440186
0.04529908040507769212413
0.04412524442850535716376
0.04229487350910456772146
0.04032054803368902845540
0.03822358915197995171686
0.03606165182948045666578
0.03579171128346556735034
0.03360254692610313564938
0.03796418678111325439861
0.04003898359275002288848
0.04201013110618456725120
0.04336147350868270466950
0.04128973858169358163162
0.03976265733000015900611
0.03770427607531279257103
0.03552770584719272539687
0.03334437063786609145577
0.03118706516416526811075
0.03094123371615960238490
0.02886864718185210704204
0.03310025995061081915960
0.03528445373797056694443
0.03744652823564856986005
0.03909788645479687213546
0.03683376020787460652928
0.03504998406365504581839
0.03286760191441230605225
0.03072221555351340588347
0.02864285576249290740658
0.02669009294569503476513
0.02648877911848578070586
0.02464356112401198256601
0.02843942920900994000832
0.03050042134045604855230
0.03265483862304751488947
0.03452525730196578240827
0.03223012830155433383617
0.03029670119944216644114
0.02823611673216278039611
0.02629107480158205875642
0.02445001340568985284674
0.02271958450152784109166
0.02253804537488970916037
0.02087896404134169034417
0.02427700097771765333499
0.02610950400210423558156
0.02805188352374907850839
0.02998766944737729991943
0.02783619406463185355638
0.02593440158028251230071
0.02410882791800868577003
0.02236656870555334478134
0.02070071511146322554286
0.01903908987855608067608
0.01886838002289445773152
0.01718460513960224853025
0.02053309321948808968683
0.02221083371710171061597
0.02395200710311391062435
0.02577918836776691216550
0.02379999460223440263529
0.02205989733973739985728
0.02038809175125966960396
0.01872088584703094499284
0.01703334024233143714766
0.01529273913844952925700
0.01513724512421889267788
0.01687964405925076669113
0.01856855215652391741243
0.02023506195306365093578
0.02192363920661465417905
0.02010222854631274827519
0.01842623190865197088661
0.01673329945130179463586
0.01500262146358306153404
0.01323684674690026735755
0.01310988036896711117496
0.01486808476310916803109
0.01660282444010103414245
0.01830611560479103450128
0.01648067036756314940327
0.01474655267622428968244
0.01298428058908979339237
0.01113944431792043485152
0.01288138687271457583083
0.01464213535956565732932
0.01279080742499237588472
0.01103620632549904938269
0.00929954574086116342313
0.01096263385231933777664
0.00972028791541582060098
0.00924351813322056049815
0.00817958376920823078404
