0.77947424344944449270400
0.77989717251115775464854
0.78051974964255921296541
0.78065405954126909637836
0.78096371407208675652356
0.78065160744349781918316
0.78100739324779155925427
0.78110813910672116655576
0.78114350592553882801639
0.78113892392067585390691
0.78100761493423687120696
0.78064574554912657955441
0.78100572386304267791246
0.78115741791502835145167
0.78118208470685279731782
0.78114948639799530738514
0.78119109277178955252907
0.78116891250174913530202
0.78120150480643035795225
0.78116298066628042651161
0.78099219144692078042880
0.78097021062239591060461
0.78115852781437267182696
0.78121072761417309493481
0.78120699832605555723575
0.78119898334194604050396
0.78119390379149278302862
0.78121052353675146662226
0.78120887303724506622871
0.78121766418984073254705
0.78121679020592249553800
0.78115311030461820340776
0.78116035535547689860891
0.78123008011443173526089
0.78123339167663552462528
0.78122210201116693006895
0.78121830326371066721691
0.78122286420574427179275
0.78123361075122710328600
0.78123436496529874428774
0.78123600814584925888795
0.78124465278885824037758
0.78125933212759457457963
0.78125150008712695992585
0.78129052537529952715545
0.78127523763931228106827
0.78126212526647709211147
0.78125623816475231464551
0.78125074220735857277731
0.78124769783562653113762
0.78126823265798983619845
0.78126674231257253744332
0.78127619244776924656293
0.78128289707890241633237
0.78129133223827240684045
0.78130721090799448713682
0.78131875333273836936598
0.78130786869021695562054
0.78130069702393656339012
0.78129311214129104623538
0.78128779919868107661785
0.78129250977426578650409
0.78131096274331179873940
0.78132136374361005337619
0.78130919393101483372277
0.78131411277782369939615
0.78132154875964343609951
0.78133047451606141287073
0.78134194579464066876540
0.78133217045247416177034
0.78132651748863735097217
0.78132820309291006743990
0.78133663916741136201694
0.78134709242860822531185
0.78136066798391046184236
0.78136462368407799683467
0.78135119021719945386906
0.78134300526445288337385
0.78134329076193775875936
0.78135271481933066262116
0.78136488739164988714947
0.78135939840966284197776
0.78136538250329645727277
0.78137535056659324084194
0.78137948247019917147327
0.78137400024230130313185
0.78139199347673249373969
0.78137995342694610556578
0.78139683405406201721632
0.78139086451069728056495
0.78138190365717186125494
0.78138126781952355059957
0.78140307437410927438037
0.78140769129199560971699
0.78141423586853353544512
0.78141239552338492835304
0.78140129950342462894497
0.78138884324821267224337
0.78141188967686547872660
0.78140477885921211242959
0.78142340819792743822347
0.78143141096144275170587
0.78143138237326836836871
0.78142790403861828174570
0.78142764802777719967963
0.78145163921985794086567
0.78145112240174707807228
0.78144890394288069046524
0.78144251520294727431093
0.78143338878453894036369
0.78142745860922591116804
0.78142742344098292672783
0.78144755646066166310248
0.78145211996413599386813
0.78144621753516918527538
0.78145103788232816999226
0.78145989033250762290095
0.78146911131637808445305
0.78147215343352260941145
0.78148769038821053189992
0.78148146343748203790369
0.78146802176411045426363
0.78146157726437404100750
0.78146304317295856023406
0.78146929703870704475577
0.78147381128536497207904
0.78148834404431544164993
0.78148972676662276093396
0.78148219039775279615156
0.78147647985605728226943
0.78147795617848803129135
0.78149105769148197175866
0.78149948704228178186781
0.78151073591449926603048
0.78150189089142729770288
0.78149240760318505749638
0.78149470697669243257621
0.78150028933865622882138
0.78150296390590956452371
0.78150100047974146999508
0.78151408064744176673599
0.78151099988959182862658
0.78151510564793202906486
0.78151324087017004504929
0.78151069551487495346009
0.78151649647558796285551
0.78152413790909625035397
0.78154019990124112826635
0.78153403545500177429517
0.78152934959338182796529
0.78152895588196868992270
0.78152707057565928838727
0.78152458298761495747442
0.78152298692102661892278
0.78153733341329612027693
0.78153782592545262275507
0.78153833321691434932177
0.78154168345720576027702
0.78154541414250533470920
0.78155179986904876887621
0.78155765500019680480648
0.78157414153654725108566
0.78156706840255529833428
0.78155804639263692923379
0.78155314338635273330169
0.78155114790387647527581
0.78155260870515608218057
0.78155420257765517710880
0.78156880039924747638480
0.78156953551585151007686
0.78156630784837544112520
0.78156577855999687098887
0.78156935129411653218057
0.78157959510281993509295
0.78158833347932310520179
0.78160098457395743576370
0.78159123847675116003586
0.78158205441921513312309
0.78158074631163720891180
0.78158220496007790867310
0.78158353771401511966843
0.78158264161621460175411
0.78159550815831424497304
0.78159402875552141942705
0.78159685271531442740667
0.78159721367783452361522
0.78159764744658444257652
0.78160477750413115405337
0.78161429465138287930870
0.78163001623917482962867
0.78162153452572435963219
0.78161514646238439141257
0.78161296884641229265611
0.78160918645925892001003
0.78160594585938347744758
0.78160566835597089507814
0.78161720692142699906668
0.78161938173552991671045
0.78161998973158175463283
0.78162628523429611426820
0.78163214419128890231292
0.78164023114882730247643
0.78164856275910055138922
0.78166767922465374418550
0.78165765148734345224568
0.78164626169450535098093
0.78163773576131101439302
0.78163147842573732493321
0.78163104924742909940250
0.78163534464743311680479
0.78164788718890154672891
0.78164560810452787809055
0.78164903594031798217401
0.78165728266762746212493
0.78167144241941410864882
0.78168450571987146968667
0.78169697366068102706294
0.78168105009209043476659
0.78166717575160593600714
0.78166238235695018055083
0.78166257101285863129192
0.78166588383027080233489
0.78168074585484748073583
0.78168264935004649895944
0.78167829017261380997184
0.78167859189943134090583
0.78168902875364643101364
0.78170551299455015570317
0.78171281336576403653282
0.78169861475248847426656
0.78169302681927732567857
0.78169579286914137039588
0.78169746342060208998959
0.78169681330926643614276
0.78171159110657872925998
0.78170858804245713091774
0.78171256688008516899657
0.78170999931881401945333
0.78171224757828905449486
0.78172231577146378267429
0.78173630048536368875034
0.78172961079245961713013
0.78172732818608370308766
0.78172716658294727487544
0.78172346179105223207273
0.78171973024950558439627
0.78173462755638689625215
0.78173195925682759099828
0.78173974713510774314784
0.78174323456480665495150
0.78174846569986333744140
0.78175464928737459224806
0.78177478515228382427438
0.78176567772954574930822
0.78175670132511365650885
0.78175140284297361947807
0.78174726648018078023483
0.78174588970870417803383
0.78176187698624244326595
0.78176128850062254205255
0.78176413108808084917456
0.78176869457296394028134
0.78178000984081619240129
0.78179314139770983427269
0.78180779890665119680193
0.78179181180327139699671
0.78178084251031587648129
0.78177850730612619134519
0.78177779449213846696409
0.78177701949349642784881
0.78179368846732155695634
0.78179253791846836652013
0.78179384015942043895109
0.78179401495256461984695
0.78180292655374106214339
0.78181916008555840669203
0.78182951222997421059091
0.78181511446416906974122
0.78180835346137944608103
0.78180902841601029873431
0.78180862275074303191502
0.78180777467462414520583
0.78182253400239143381611
0.78182293870142705038973
0.78182305572108923286123
0.78182288036137659315017
0.78182897565040454512797
0.78184132574884313005015
0.78185555729549394143874
0.78184396950556145355904
0.78183676679393188102551
0.78183609616249816198774
0.78183615903863290519382
0.78183805366656622393151
0.78185026689974601588062
0.78185243321224295875993
0.78184932044200750045349
0.78185031289375572782774
0.78185890822216674855838
0.78187152340295518193614
0.78187553543619958684729
0.78189250148093225600832
0.78188761510411353139460
0.78187347013011365692847
0.78186388355257652182928
0.78186350041347907335876
0.78186471024454573530704
0.78186561958525158111399
0.78187887554443036286500
0.78187739616314844148803
0.78187853446584498762206
0.78187847375372165892315
0.78188779148478959601931
0.78190280575971293774984
0.78190860569833997573141
0.78192340527917847392558
0.78191696918543618366471
0.78190244260776931017887
0.78189394303640780137243
0.78189351810626017691419
0.78189175447165271126693
0.78188866883171703747735
0.78190393119942580568704
0.78190078481236346963357
0.78190729847876472291546
0.78190937804662841159598
0.78191784420044485592882
0.78193091889360788471208
0.78193726702747967660656
0.78195141900148901203949
0.78194539670915252926875
0.78193313475516978972024
0.78192352168462642136859
0.78191980273941552592731
0.78191605218550308542547
0.78191470424522269144774
0.78192936532309698094423
0.78193024424492141299936
0.78193187549898390820147
0.78193624599099509353550
0.78194770941635083350008
0.78196049059926286961542
0.78196662175145992268455
0.78198263252775590537169
0.78197583990027097478048
0.78196110621474046453727
0.78194831292038979864145
0.78194459606467492385207
0.78194413363116732629265
0.78194607797128035109324
0.78195951925298856632907
0.78196057481246517006923
0.78195896953647114901997
0.78196128766630113027247
0.78197411567143815247505
0.78199043141125068601127
0.78199879053580234611331
0.78201420203653748686179
0.78200436818842600228407
0.78198773283983769033512
0.78197612026464213830224
0.78197494436671788342608
0.78197447676684139761250
0.78197323904972038111083
0.78198840778551259589335
0.78198513511049061452951
0.78199107438210935239198
0.78199260840887518941855
0.78200288871644152433049
0.78201816269888724253434
0.78202870789944534113403
0.78204233368627418254704
0.78203254757023754617506
0.78201936336083488487958
0.78200947453993574498554
0.78200631287969302185559
0.78200159696647986162787
0.78199796850978908757668
0.78201531912027533177678
0.78201284457031772223701
0.78202033996505615487393
0.78202507371666518665165
0.78203580756635504567242
0.78204741051620429992397
0.78205604528899463900871
0.78206996036372911085266
0.78206231894838362794786
0.78205080707253071814478
0.78203893251403955311218
0.78203390854815124644261
0.78203030138625839740030
0.78204812227621045561676
0.78204625820140472036712
0.78205162404621786365055
0.78206378522978947653854
0.78207628322141709009685
0.78208406529936802531466
0.78209808115814294371404
0.78208888861151637517111
0.78207578674550781716590
0.78206457729289713398657
0.78206307888976867026543
0.78206153829896396523225
0.78207780052982378560245
0.78207434504521766704954
0.78207869505556648626055
0.78208833336920602352649
0.78210120340224464907664
0.78211189824035665107971
0.78212599199661048121612
0.78211424688597985799277
0.78210257259257021100751
0.78209358188596034278106
0.78209113208172054143574
0.78208411793541221523896
0.78210231224325665877473
0.78209243123064853264736
0.78210794063114275065374
0.78211822437031497390336
0.78212898319412471614953
0.78214081785138755975595
0.78215651286378362616603
0.78214500825982935516834
0.78213349210227656183037
0.78212057283143210373311
0.78211236551060014932091
0.78210243935219603272913
0.78212323824965357399464
0.78211659710608094631112
0.78213159271477827871877
0.78214703097282789467926
0.78216061634734146412740
0.78217287188632311778491
0.78218766492331182060838
0.78217392897855375633043
0.78215820513252376500191
0.78214244654921816213289
0.78213719463975683865442
0.78213533312802951957821
0.78215471395030689016892
0.78215649576648371699150
0.78215519307431402573627
0.78216831748372317445472
0.78218462294114621258245
0.78220059689330390106932
0.78221144352808880118033
0.78219410886340567934383
0.78217947713771174278463
0.78217050026522028094433
0.78217384481890939174065
0.78217628915283754498233
0.78219184884417580772009
0.78219201765406620729948
0.78218787523925159543836
0.78219358013181683464410
0.78220492818777265231489
0.78222168139365566563725
0.78223349522395946298303
0.78221897676340823579721
0.78221029977130374089000
0.78220489611994181711196
0.78220645377694886235531
0.78220357930347106378832
0.78221790182468009522410
0.78221321450400849162321
0.78221983439108011548768
0.78222798087527045662881
0.78223641519685982448351
0.78224865551711775246702
0.78226654096565184648426
0.78225511461050944994611
0.78224434480424787086150
0.78223252927772635167969
0.78222844319952300473631
0.78222422917462131053412
0.78224090426076642312836
0.78223826777315619285247
0.78224476488051652989242
0.78225868860375913360627
0.78227253105397198673643
0.78228529181854222773751
0.78230227591077161619637
0.78228734568934110704674
0.78227183872948014009552
0.78225836355570566027495
0.78225668094897105042662
0.78225467389892067160417
0.78227418424322225920520
0.78227091818802918510301
0.78227485869351154335050
0.78228571697380833160906
0.78230035042497014785567
0.78231630537095497857081
0.78232287086827778654907
0.78233586683251499227509
0.78232846787155330137153
0.78231365080411507939573
0.78230191993892150836842
0.78229253497877970779939
0.78229067278685693320739
0.78228465657328749571775
0.78230374234124600008045
0.78229590392070313953354
0.78230885823061746542351
0.78231950443180175991387
0.78232935438371642433708
0.78234147830713562932203
0.78234873025381612698936
0.78236441838072645627022
0.78235749681624933149493
0.78234715741070881556141
0.78233619851524538457710
0.78232181229449959669608
0.78231359198048566749861
0.78230662431013364699339
0.78232295862257017482477
0.78231946853961187304805
0.78233161090513159141580
0.78235010053788534012398
0.78236532490835763997694
0.78237651293206478264608
0.78238334224546446371562
0.78240348984903640428001
0.78239554340936556808828
0.78238053510304594873048
0.78236086485350286867657
0.78234109469803514436137
0.78233541889405244784683
0.78233551970021408816791
0.78235251210517198217076
0.78235312953023095072780
0.78235399615803602468844
0.78237073316372318654288
0.78239164760157708933264
0.78241093786276938448765
0.78242138246543591062476
0.78243388523520451816040
0.78242068824654209535652
0.78240013611331205023447
0.78238276345112034437790
0.78237171955249229515772
0.78237244932979055356270
0.78236911641615736190403
0.78239092640875573803072
0.78238074498504017739720
0.78239225244311605411696
0.78239899333877749310062
0.78240944599430017891706
0.78242620496685433284512
0.78244047491701895769012
0.78244422719485240413917
0.78243186012763066283782
0.78242239005395308737434
0.78241796207550695640975
0.78241130904811784230191
0.78240408001908290369641
0.78238784263015215270087
0.78241102447713106737837
0.78239282774281126986438
0.78242458286231819641898
0.78243629870690356575835
0.78243929261718681011928
0.78244208029261586023750
0.78245047794211886049709
0.78246344957876334813562
0.78245859171944753818195
0.78245737704383144794917
0.78244980673594144437999
0.78243130471358968147655
0.78241457913138712232382
0.78243454330812245434146
0.78241949999898596779246
0.78245747722151381964295
0.78247293951160878933138
0.78247903477739455535556
0.78248352005420385157919
0.78250707907118532968838
0.78249838361962220645296
0.78248341444659263999029
0.78246208186769039549802
0.78243959967253018383815
0.78242917741015138854976
0.78245017809920081042208
0.78244374571168728849102
0.78246790507747465692745
0.78248992577918952129323
0.78251187244797892894610
0.78252817951667297258211
0.78254161566357383073012
0.78251872610312223077500
0.78249536609547798438058
0.78247809039760252147744
0.78246564206683189013347
0.78246056792516205380394
0.78248215481651861580303
0.78247691371139815874614
0.78249172624635099371204
0.78250266766898746162440
0.78252159042530622379275
0.78254680830439105054808
0.78254770081028035555448
0.78252498667279846156219
0.78251225425029335980298
0.78250487826234094157485
0.78249581031776171968772
0.78249214638299935398180
0.78250594058640299266472
0.78250660466617671939815
0.78251433214109500369204
0.78252203443134471516629
0.78253188296852627114930
0.78255041563640392876522
0.78255935618333261061252
0.78254222152478747354110
0.78253034292978074226710
0.78252103170604725423942
0.78251584646325345051565
0.78251756988084852917353
0.78252714834733794191379
0.78251141485169417588708
0.78253045386022446194829
0.78253875577394071960668
0.78255429900311901381116
0.78257426992215139982534
0.78259004263714382343409
0.78256752739276969066395
0.78255217895303397224183
0.78254650587144947149199
0.78253076248522590585566
0.78245857473342794730087
0.78249794110731496488143
0.78256147059815461819454
0.78257397000384076868329
0.78258363809900854946022
0.78260220026478566346384
0.78261014800267014734914
0.78260405376626196449763
0.78259546104470456562296
0.78254523793706209922050
0.78237714090949317391477
0.78244107252385519668536
0.78258643601770083719771
0.78262254520284391112739
0.78261830874644600086754
0.78262893887620033073205
0.78261492494708650990987
0.78249005908247859508720
0.78222562235932679985950
0.78252965242201999451765
0.78262675841331097448261
0.78255857590016963953872
0.78227894336616288217812
0.78173824079639120387952
0.78231026680142246032545
0.78187329865470389655968
0.78169293644872617221608
0.78073991028946965187174
0.77960351939760419437420
0.78003604142046478742145
0.78064895653918697782103
0.78079284927063530297175
0.78109274987784260702028
0.78079363354969377741810
0.78114603031180152026280
0.78123695585843178079699
0.78128194556538665960232
0.78126750438359982009473
0.78114953164168243748833
0.78079004508522364957912
0.78115005773450674197989
0.78129918709270607113382
0.78132030168001675995981
0.78127782428190961638848
0.78132907744164148411414
0.78129700548494895873120
0.78134311028767389206706
0.78130731261154939826241
0.78113903949716811947468
0.78111383958290003803882
0.78130537918901488136925
0.78135503200525679989852
0.78134843537206055685829
0.78133673417364368773974
0.78132175276826365539762
0.78134803821439169357888
0.78135013909340922388935
0.78136192462818909731936
0.78136361694560274582244
0.78129691134880208114311
0.78129839017789415311910
0.78137403889263812306609
0.78138018517038987376111
0.78136631558853697487876
0.78135939748033755858359
0.78136013593400255317079
0.78137453441418069921554
0.78137138751064871833307
0.78138017447668717263554
0.78139141510897414111270
0.78140343807683398935637
0.78138947272018810519256
0.78142847478384669379636
0.78141948657397031219318
0.78140885033134721560089
0.78140035402765073424547
0.78139150020360459425461
0.78138447046016157315762
0.78140882616366602597680
0.78140326439991780738126
0.78142025178903717907986
0.78142957776481836162930
0.78143572257818760817827
0.78144532723735116164221
0.78145704033277063604856
0.78145240703066842780089
0.78144733213716910391611
0.78143710715813896605653
0.78142822339179829338462
0.78142877707909974560607
0.78145121778488269015384
0.78145737030537965051025
0.78145312271409295146185
0.78146070335876183232671
0.78146623256535852064530
0.78146891858085454352079
0.78148054110517206627406
0.78147699395686753831569
0.78147305914273690330418
0.78147206525582102454308
0.78147673074100376666706
0.78148283536557916484355
0.78150059634415558473819
0.78150010146913029274174
0.78149497950673352253403
0.78148949209502449608777
0.78148825230921192819267
0.78149145608893644254778
0.78150378098498096690605
0.78150450011523919791046
0.78151181137760283856863
0.78151905822126799261440
0.78151924247390658351264
0.78150920883687136075935
0.78153158306038317260089
0.78151488586927908563950
0.78154045922777026778050
0.78153724053819484396399
0.78152714499940767467479
0.78152030168413222366297
0.78154224703100461102423
0.78155307198521761780086
0.78156055626581555362264
0.78155593300454051508552
0.78154071928571300365007
0.78152349646822572015736
0.78155114318815965823717
0.78153915471083879040748
0.78156685326722263873478
0.78157766952885576738908
0.78157689460386536861591
0.78156720848576044513578
0.78156438860425669901133
0.78158823209612204863106
0.78159056113851477221033
0.78159454467867384153124
0.78158870792324908194360
0.78157673281074646620681
0.78156654482273713036022
0.78156152189597671853249
0.78158647305934869642385
0.78158593639871742908554
0.78158945496146492448730
0.78159716499616327389788
0.78160566056145241997655
0.78160867669121247836017
0.78160860196361903184936
0.78162399192102494094314
0.78162115383440033955509
0.78161391845550931556375
0.78160763860554016702054
0.78160617143743849055681
0.78160804381511750360545
0.78160734069852355609953
0.78162692509740017143827
0.78162296791600238687892
0.78162520934857104837334
0.78162247626838199376920
0.78162397039377251584114
0.78163085672068255416178
0.78163564540575891648189
0.78164676387407583391109
0.78164180472285593737070
0.78163854069818050618323
0.78164063253851012724738
0.78164318966479273687042
0.78164137736267558231873
0.78163395293431026100706
0.78165232229487902060328
0.78164366100168736206655
0.78165787937657937867186
0.78165909170350966750362
0.78165694718302769494755
0.78165652201306179414075
0.78166004422572299414895
0.78167599277730615003890
0.78167417217922940952946
0.78167571955046633025432
0.78167473761778627494579
0.78166971597098577895224
0.78166265024206116329708
0.78165535194348312320045
0.78167522900425367993194
0.78166989385208185403542
0.78168084790040359699503
0.78168739437535639247301
0.78169189508760672513432
0.78169203271235265795269
0.78169334289507674817798
0.78170974428085759910800
0.78170740478225497760434
0.78170463191022376836514
0.78169877529867726195789
0.78169352574812234202284
0.78169033511305752170983
0.78168597519550664376453
0.78170635398172305663422
0.78170101214534037925574
0.78170854145701351711750
0.78171133077009924416956
0.78171603799139366408610
0.78172002828581765854210
0.78172387016250266533746
0.78173646807701224759057
0.78173177171844321353689
0.78172884489913374572723
0.78172622567017935324429
0.78172429017268629802828
0.78172091371266749781910
0.78171381745653123473971
0.78173270778850389994830
0.78172490084088264161721
0.78173878667179974577550
0.78174261838171099636696
0.78174453461623427674709
0.78174539842142165557703
0.78174974024402088534913
0.78176544431003613944142
0.78176224584366482694975
0.78176212398388644775338
0.78175829539682994973049
0.78175096701975466118029
0.78174297124692704308302
0.78173623778890122260066
0.78175405498996985986793
0.78174965033752286114321
0.78176160690547924492222
0.78177153091636719661750
0.78177920816681467641729
0.78178102958221973306507
0.78178399672308696022327
0.78180313584627780798542
0.78179854135051995989159
0.78179341174736227682018
0.78178290053696330996758
0.78177292613244997454558
0.78176771678908452134493
0.78176530980115976898759
0.78178437308923498516577
0.78178688633277060304749
0.78179412235177458967428
0.78180451599639877446890
0.78181241232406040175817
0.78182000169796317390336
0.78183252875717845764569
0.78182209981254591202315
0.78181448484746463023498
0.78180738950925199315378
0.78180367845099463242065
0.78180218973178161601112
0.78182167584725503761689
0.78181877457110471318913
0.78182321362593754088266
0.78182596998638131946535
0.78183015350391593667467
0.78184114895867085071046
0.78184855115302975825387
0.78183982055220779816551
0.78184047378655874283027
0.78184063109915868938771
0.78183820985765950517532
0.78183275291623943736852
0.78185215009418307374744
0.78184433685640319922072
0.78185732344117586656296
0.78185751661435509696219
0.78185353096827581165229
0.78185816741205582669494
0.78187230577816058119112
0.78187096862166816091388
0.78187490570602991013516
0.78187184043782087528029
0.78186383227197409073739
0.78185528941253801260558
0.78187480714993851105277
0.78186732980905981893471
0.78188433594191197872902
0.78189086512239636128641
0.78188989292982769008233
0.78189083405632398005025
0.78191115161023627688763
0.78190718283278015654503
0.78190438238780879398604
0.78189590044586299022455
0.78188724624189209766456
0.78188106741324470139176
0.78190165326069904772055
0.78189626832893499575050
0.78190854260043585188811
0.78191642457737242644100
0.78192158565615998977449
0.78192968704873888619034
0.78194451923398533566001
0.78193345055392704523456
0.78192861641960065277601
0.78192283410983953739759
0.78191736803947242684387
0.78191180094759271668181
0.78193305757066422501111
0.78192712149305809710143
0.78193807811037352450967
0.78194182628088559905422
0.78194462267516018361135
0.78195605520811661826031
0.78196658799372176229525
0.78195687214710529744366
0.78195619644414349203032
0.78195317326418900538698
0.78194778004860832076872
0.78194215757170504321749
0.78196147501200230500729
0.78195711560691005814761
0.78196710951423886726275
0.78197075484942679679534
0.78197078834237299105325
0.78197857941443005280746
0.78199298620293167250139
0.78198583800998466841747
0.78198467219290779262053
0.78198005789826863232150
0.78197488285714278344329
0.78197202112302377496889
0.78198877417102385933845
0.78198619129705315700107
0.78199318934854444851368
0.78199823927756995090022
0.78200082408071713846454
0.78200912574459791049009
0.78201325132067278644854
0.78203043826713547481688
0.78202539484141164738418
0.78201543257792272001439
0.78201182426182846985085
0.78200727315841811471131
0.78200299680406160085511
0.78199916705955208051648
0.78201693450183984435142
0.78201072757822021053187
0.78202220888614137894734
0.78202642816911405176938
0.78202979898020041904516
0.78204076371777697662679
0.78204675957044444967181
0.78206176878410238462180
0.78205510186172577657970
0.78204449872434533830301
0.78204190972891352018337
0.78203709350055206073193
0.78202958463692828772196
0.78202177923005811166490
0.78204153314564173182788
0.78203367350586605599716
0.78205077777082165901845
0.78205735025477152166928
0.78205993564347719981811
0.78206922207576179406630
0.78207582757100335690836
0.78209017403012404123785
0.78208387340814711219394
0.78207526252435466407320
0.78207149197281045083230
0.78206318241213446107452
0.78205342354879814337210
0.78204737170676685842352
0.78206649966252372863096
0.78206268691631042333512
0.78207515002263605641275
0.78208420805764033989504
0.78208987180436029262864
0.78209914434620797507591
0.78210555935944114924752
0.78212173541276697186220
0.78211466933284023994588
0.78210330586443854716805
0.78209626834660428418289
0.78208776706836380387955
0.78208102800378820340654
0.78207828996919526165499
0.78209617437444978182981
0.78209255332228078128054
0.78210203874150407976629
0.78210923292387191096964
0.78211634185151246434486
0.78212943017003011547672
0.78213804147444987435733
0.78215358628001052654355
0.78214353921399304425677
0.78212998387045684633989
0.78212404633195087289010
0.78211790923728286006877
0.78211089394534338836706
0.78210498431002051233918
0.78212458111994986875715
0.78211664482410125920353
0.78213392862899278057398
0.78214050941765589364252
0.78214516286573276815375
0.78215751028950364354131
0.78216821117963641896154
0.78218193037384708965476
0.78217207050146542179903
0.78216166415905352682358
0.78215735281209586293727
0.78214905678799695465386
0.78213752139646552929975
0.78212923688999813620626
0.78215099409054977819267
0.78214386800961110957076
0.78216297397843603800283
0.78217292416160311141482
0.78217812909804873555686
0.78218710264037349944033
0.78219571147507671593502
0.78220967286460751921595
0.78220217938382341493764
0.78219314633472447617635
0.78218674590757575337818
0.78217643239175882463599
0.78216572978294229834262
0.78219053238065605615503
0.78218143673712148267185
0.78219939339234423325564
0.78220614098143748105230
0.78221631567796978679041
0.78222380784106271267575
0.78223783001977065243437
0.78222909306172894172704
0.78221816060974935780337
0.78221229991900176337083
0.78220537121454736251280
0.78219646142415155676275
0.78221997600604864508966
0.78220901130477626939097
0.78222636904114861700066
0.78223072269571936043775
0.78224157621933898543176
0.78225162541330506282833
0.78226567707543848140261
0.78225478253910296633222
0.78224497586696084550084
0.78224120144863307224625
0.78223319341677988170147
0.78221852764108212863192
0.78224425388431351180429
0.78222658337610029288811
0.78225549682059358769237
0.78226063557072389453850
0.78226968745790659287564
0.78228044070100222207031
0.78229605579783989544040
0.78228588113959296457267
0.78227591366395288208224
0.78226806023777517573592
0.78225418281193692671138
0.78223633015910865040610
0.78226492991523555176059
0.78225022448210601577756
0.78227901103548513894737
0.78228946600520765652931
0.78230165861766631785201
0.78231227125622071483235
0.78232718648059973443054
0.78231513358538951052878
0.78230064807686627847971
0.78228979174910751037686
0.78227876413202535044178
0.78226869917354358019423
0.78229616002596868984398
0.78228960156685212190553
0.78230245669186981860577
0.78231076212500194611010
0.78232598814506748574615
0.78234023669737107198330
0.78235120400140478746920
0.78233563342701406551072
0.78232192622261675918338
0.78231767688787023917740
0.78231516108907761530844
0.78230913217793884850693
0.78233303204209236891842
0.78232459273588206283279
0.78233496302125005161798
0.78233603729137712878838
0.78234661411630357363833
0.78236155124393469417754
0.78237347437323734311576
0.78236081260891809918689
0.78235276224572880554575
0.78235189286415829368337
0.78234750544745479405861
0.78233588692787936480499
0.78235882224868569245757
0.78234525671496379928271
0.78236673387753719044468
0.78237044561649848883889
0.78237839950723830906298
0.78238873748734272250971
0.78240673321038634036029
0.78239724839911539699955
0.78238681170649726492883
0.78237932107617724764026
0.78236922401441066909911
0.78235600509359726206782
0.78238154223111711083050
0.78236977418543285356378
0.78239144645276226253117
0.78240115827243827961723
0.78241481230023890436343
0.78242558454876376394793
0.78244266556554231684117
0.78242976601864777652651
0.78241431193286259393460
0.78240493580861414368854
0.78239717794065344325105
0.78238591012372904476280
0.78241454121009568201117
0.78240188660304432755055
0.78242131389556579534883
0.78242819111864869707773
0.78244290642682545744435
0.78245678294650833350943
0.78246049867621114692895
0.78247328487860956514055
0.78246904094252123229580
0.78245633997007357773867
0.78244438980308583797552
0.78243886704652010344319
0.78243088372380564798902
0.78241535799800787653879
0.78244380152379211512681
0.78242633520089333032388
0.78245506439726764114084
0.78246197278471696368030
0.78247217498090837484170
0.78248213864783000559555
0.78248594181066999375673
0.78250142219805995935644
0.78249824340338391959193
0.78249010628378878884348
0.78247866970821888799037
0.78246788798793964758715
0.78245349718908130398631
0.78243678277990147407195
0.78246271032472658468748
0.78244935628350098522077
0.78247755324686796285505
0.78249256765970143234767
0.78250839821492490511190
0.78251733671850254303592
0.78252014309227790889167
0.78254010166979981466540
0.78253645039641006597719
0.78252372371539358208992
0.78250332478168593830503
0.78248689962789941265697
0.78247501585578083105332
0.78246513980356935391569
0.78249194858595638724097
0.78248248109036511177550
0.78249965500542451035670
0.78251318585232487734515
0.78253495103947212641060
0.78255192319872979300754
0.78255781772445487387557
0.78257014927887202926371
0.78256175206165812241466
0.78254355296190247770483
0.78252521260974006178657
0.78251723126354455484233
0.78251172136910629451023
0.78249819591172853350258
0.78253003423631528612248
0.78250955186796966600582
0.78253761809062161169948
0.78254143845957324643337
0.78255296755824899079812
0.78256733504349129670885
0.78257658030327570397588
0.78258018913531801619143
0.78257306013554450707659
0.78256601065180741993998
0.78256040183365471740728
0.78255652283397569846102
0.78254302214452686747848
0.78251637922823924498061
0.78254979493759935227359
0.78252109429498317716423
0.78256963397829160111741
0.78257872677187290122447
0.78258301067321156541112
0.78258335061225714479605
0.78258631811049628179688
0.78259918089848568012457
0.78259993495210933289741
0.78260119276489037432043
0.78259222787452364933358
0.78257618928863192930834
0.78255317121015111059279
0.78257926152432100153078
0.78255791296158827563545
0.78259989241137273285887
0.78261684692873489943565
0.78262044001083796995744
0.78261915537449644464374
0.78264263998674066247219
0.78263985344265485366577
0.78262740335345870601458
0.78260448532772253216194
0.78258414785744134789525
0.78256741314820199573177
0.78259454938184447314597
0.78258180133521537680252
0.78261029158940875749551
0.78263399209365591691068
0.78265340701447283500158
0.78266368507499550766227
0.78267708141132774635196
0.78266032576156485678354
0.78263951010599230873055
0.78262046598434731325966
0.78260983359231373057696
0.78259843664882011715633
0.78262616576283916547396
0.78261459365640162477717
0.78263409174062070761124
0.78264688601488663355354
0.78266324732123149221508
0.78268224335726965801285
0.78268312115351290625398
0.78266670046144426464707
0.78265653783574606894291
0.78264723050172047003059
0.78263963881760123530995
0.78262963754759318213416
0.78264958030402154154359
0.78264390287894047837369
0.78265666742761663687844
0.78266637665582605709602
0.78267365538949162928617
0.78268583942647640405710
0.78269479583494339092198
0.78268405924512285398720
0.78267474257096292244995
0.78266335014472465658741
0.78265929071502648994851
0.78265467036816604995408
0.78267039501907342824438
0.78264830964600107243712
0.78267275654684720365140
0.78268321018812414546773
0.78269619899172027110978
0.78270976283642079707192
0.78272575000620903118431
0.78270948845422450013132
0.78269668031669403784889
0.78268879593637785685445
0.78267381340128228117692
0.78259525551166198020780
0.78264078121088287431917
0.78270374389594543629300
0.78271851443535878090074
0.78272565821121087292767
0.78273812233684048056404
0.78274628843696247848527
0.78274613677628923635865
0.78274004274423492066859
0.78268748450632064095345
0.78251975012797692077271
0.78258327894146428871380
0.78273104977821350569656
0.78276468993287906528167
0.78275465862636650626882
0.78276549628489255905350
0.78275712368623251435906
0.78263468317661100126514
0.78237021650530047534033
0.78267188577212143396622
0.78276351934970578305695
0.78269553225856425271445
0.78242118360543078114944
0.78188043851033173226028
0.78244738216993714452485
0.78200904997637088467144
0.78183014067322786910808
0.78087549970722269776502
