0.54598489580461972980885
0.64169869666173495748041
0.57685468854530552729187
0.67221353852410015150554
0.61043586177420139371463
0.75092770280950493777539
0.70355842249425704082455
0.64548683095957903876894
0.73444798529594057523440
0.68028681470495955263544
0.77785278611011476890269
0.80893440530643512254017
0.82958059162420250132186
0.80245449937970125819930
0.76324408792235409748628
0.71316762534496691561259
0.78847869187247798805629
0.74268340325801540657835
0.82360161872149528772269
0.84704064254104194375827
0.86003816724675097304953
0.87426034726731916002507
0.87087278377724264277759
0.86078236529682927713480
0.84080154234553372560868
0.80966063443756075557189
0.76780676466760389153876
0.82607941603312251555025
0.85391294268791206878433
0.87078676869666160609285
0.87839953580903673557856
0.87995581421508872743686
0.88169159382426920412712
0.88348330972048394471585
0.88322830447229272454734
0.87752632501248051255516
0.86318493155725017906832
0.83824525439496888612467
0.86930169773842902447569
0.84680235529758496326735
0.88174607689341910621295
0.88608884771351226206093
0.88560986756589343826818
0.88350744856553875550276
0.88508439545130357384295
0.88709182923012208643598
0.88787009216793844057491
0.88438674773941916562592
0.87339547283939034105771
0.85270320492485141006256
0.87641569250586270900527
0.85713566222161785557176
0.88638523466828511576665
0.88935275017031123478972
0.88856152406291688539142
0.88691632147383114848083
0.88914177009870787316004
0.89038898232236796115302
0.89107822661862134960842
0.88846941732343909237102
0.87929114314844736277621
0.86109614222192454313642
0.88257591890307252047165
0.86535101707933714809684
0.89102137948955961732622
0.89330888009585163178627
0.89265280629541454704423
0.89170990613876677244320
0.89436140102632677439942
0.89520969056614319026011
0.89595520085768853846275
0.89411992687630548193312
0.88645854472529239664880
0.87023039496394549718872
0.89072441496191834264806
0.87559404128009699075363
0.89749373224787898362109
0.89875138283827149532357
0.89771533379005941100104
0.89678796012710582097327
0.89869791619757366518684
0.89985463563034118195105
0.90127906433797733143365
0.90071034666439786509073
0.89498693297482390107689
0.88110341387693014159055
0.89875238897372822233223
0.88625552594369094716598
0.90339455186403871955747
0.90319924710996646322059
0.90135627662808015525542
0.89995740101155408119382
0.90059663839334092028110
0.90214370017034706261683
0.90432381051869803467724
0.90519310169630706752741
0.90166500570081775656206
0.89059820114089649489841
0.90352480866801576642189
0.89383955114736246549967
0.90607049930549621308273
0.90466354569644058525313
0.90231098201220094612296
0.90078069084458123327863
0.90054208099853028102189
0.90058426027313676076602
0.90076488055749714956022
0.90208724563734099533008
0.90440667893694881573907
0.90615215384094383033187
0.90443192094193702867955
0.89601832169873307787356
0.90464347518401500014562
0.89733519295627872658372
0.90573536830266609953810
0.90385265356151278659524
0.90175064664722859308910
0.90079638300976860865177
0.90074484696550516371616
0.90116477241239434370357
0.90104077190490805548961
0.90154400068101869791803
0.90330588714782755754840
0.90517560947860198350412
0.90453905263080291998534
0.89816606723120262500970
0.90446442455706743679400
0.89888469899253597983346
0.90476075480092355007855
0.90298653069613921129388
0.90159582981160890646777
0.90153439293624826333939
0.90184029926464648330153
0.90264674951124579393991
0.90218175557985746948475
0.90189180584940498164315
0.90296169629844769133342
0.90464187049487554403981
0.90463459180583605245829
0.89976869796798386591519
0.90508374902699206820955
0.90090285011508697277094
0.90479055493028215373386
0.90315149604317523923669
0.90230446004049735808650
0.90281304571863307817381
0.90338253239293497820483
0.90384900855003191821879
0.90323985787308092021419
0.90263964324345402623351
0.90336808951362057573675
0.90503799621538350006489
0.90566995999766164437972
0.90219035168538752600398
0.90614841944522994676703
0.90340029530134824398147
0.90514712921657702882072
0.90340335634175206180885
0.90272712710969182925425
0.90334489771695702930998
0.90394801046518025167131
0.90369902930013745745441
0.90311095334514401855586
0.90247943277130504569072
0.90310163351447803048444
0.90491184446984285205673
0.90626527883181906553034
0.90425041919739390650079
0.90586199421567392686683
0.90452691759887282607622
0.90422026624195572797049
0.90242525132116502284418
0.90192396927169260489876
0.90263078762061987880827
0.90323997463545269148710
0.90276786123354857416246
0.90208058324717588227770
0.90119593990758739554536
0.90146115882872523972225
0.90311686858003792366389
0.90491017003714957489535
0.90415521787893748939524
0.90354705145207370176053
0.90321881132275327885850
0.90175071629729741662373
0.90038097579260356617681
0.90048436330527958926240
0.90164572409819343512538
0.90247451103133558003577
0.90246750516616314197194
0.90145798754339401259728
0.89995564302295538716692
0.89939166147538507356529
0.90035050417313744475223
0.90199218316376794657430
0.90192958431605962932309
0.90049452628875314985635
0.90057079964764397139731
0.89912724930809462264847
0.89865446184254216266396
0.89970328340138983058694
0.90154561889676521069248
0.90272998821540417768716
0.90311822538118580183664
0.90181593406415005986787
0.89970732708537870525589
0.89821623232248837265246
0.89820851414594504724676
0.89927260005588594005133
0.89938578622902221049173
0.89837841806454177273622
0.89760135856173217661080
0.89801574403185813189054
0.89984141066081446691527
0.90210074363304648681350
0.90342150973823220905246
0.90343172241764990726409
0.90219738855750675199374
0.89992633550367617800703
0.89790586967638286175486
0.89720332307467132171297
0.89778709317088223329506
0.89685941594788620712109
0.89736272905681224720809
0.89771801768626324768974
0.89979650972866531688510
0.90196079064552892035067
0.90301563017804997723914
0.90217359168754684972669
0.90135297787649992784509
0.89936985977041916662245
0.89733265155638286536544
0.89643134601129026428623
0.89694928792650985283075
0.89584819981723851078925
0.89643658511921175957582
0.89674439408286088504241
0.89868926131967818982105
0.90046528428459526871563
0.90104320276025551272880
0.89986531145619830240889
0.89950373673584205214127
0.89792337543087996643010
0.89606283761544214261363
0.89516725727524981692795
0.89580829985312915297868
0.89455545880091313915017
0.89517051402915093216706
0.89549094113005966999452
0.89730086429029043415539
0.89872715875305342336787
0.89891955850281990425543
0.89840615012773461511841
0.89837021213312584499988
0.89707208085648337814177
0.89527222553097085544493
0.89421488669677473559716
0.89470014816264320511863
0.89434566399799031444218
0.89458489141861485816065
0.89558504427928964375383
0.89739881902503815247485
0.89855893262325436943172
0.89841950183068852719970
0.89891981965353118244622
0.89929383118952510578481
0.89831275076324790251903
0.89649905362027759725407
0.89504742589853536482991
0.89496072779176027989223
0.89629053389896407022519
0.89585003649581496087961
0.89792595213682957488999
0.89969040870993322034366
0.90043017047840778754875
0.89974041914954994147990
0.90066544217177890718773
0.90173237690880048145203
0.90131089396985009098984
0.89968022129294322741799
0.89791169437724571711357
0.89714698260571434929034
0.89965256819776473484751
0.89863691233388365287027
0.90146979912629998654694
0.90290088065268325756563
0.90295131110481985370342
0.90147907372751590049376
0.90205568966144378251215
0.90389833571000877121548
0.90422120035369135671033
0.90303204656623203838706
0.90124910297630445032979
0.90007626498795734182323
0.90250935585840141861524
0.90124306694379818782892
0.90422228557801698212160
0.90515658850231361931549
0.90449452451420320198139
0.90236316414634976101894
0.90151060567049956517849
0.90152097898962002542333
0.90248746680054492408374
0.90478317789197681975111
0.90569688351181310004279
0.90498047059496122823674
0.90335172077192593675932
0.90202424955234905556978
0.90382613032791481177952
0.90241633448276981077640
0.90540585307909937640147
0.90596539155945887689114
0.90489734698124901779437
0.90256611314635393217287
0.90154131483240562694448
0.90171141471623494911825
0.90274120791447631795279
0.90500274159472571255947
0.90613621759684315204453
0.90566190342115515665711
0.90407488521663570413267
0.90253520672014564407704
0.90428662179167096368815
0.90255208972720324389627
0.90592709216733302568514
0.90636697267244903386540
0.90522244415910380066492
0.90308504755229168647901
0.90208702237332150097870
0.90262096690887094752043
0.90357075236508155313686
0.90558506780290370929976
0.90673085907684680684326
0.90631771799186111593372
0.90459856461122201132241
0.90262861430867113998744
0.90506200844827722207242
0.90285285811790327858972
0.90683938885049331091182
0.90719505612306716724191
0.90600744283641176934907
0.90407112819558588245883
0.90316101832180528674598
0.90350724743679333705870
0.90440708744941034069598
0.90632054466621092547740
0.90760706301079019375777
0.90737193235860991169517
0.90560225638451552487851
0.90320516770616865454002
0.90605243165698146068365
0.90355900698125879433320
0.90772460783388941862881
0.90776797358614091937312
0.90632690526316017631814
0.90438875073432312134969
0.90348907395411037768440
0.90302051170315522643506
0.90390842846368091301201
0.90587261966277021763005
0.90749271667893527393289
0.90769961619670302965801
0.90621077376535408287594
0.90373533548671114434825
0.90591898364405909482855
0.90355821802434799216996
0.90715984401492744115814
0.90668360939918812846372
0.90490687911044254132520
0.90296113143147860302662
0.90213096395076719513639
0.90099470452723218194535
0.90166921276142419916511
0.90349554013144850461714
0.90536397963977932601409
0.90608521695855848143708
0.90511659360891250081238
0.90293024939146049323568
0.90386191910501301194358
0.90187675548690371396532
0.90459219332866147578187
0.90369772899385036879494
0.90183618370944529374356
0.90025201158681456004018
0.89980502034989462423198
0.89880915333682898094025
0.89890896588917201803781
0.90016725375108785911493
0.90190909513976258438106
0.90290228552198048550537
0.90235874719505193564117
0.90126597113376405445706
0.90086148638947227684781
0.90026645712620390060721
0.89871392373709668710546
0.89784045369204257269757
0.89813137068283310782135
0.89779632841469902970744
0.89711939054252798353417
0.89760098590600922996430
0.89893779708548793294653
0.89992561951247251883501
0.89960932812496752220000
0.89899553119931885358795
0.89876730211949551474504
0.89801090091147484084644
0.89684813911756489090976
0.89668736724261211001874
0.89769485431132511887853
0.89764124038844050890162
0.89640791718480772320987
0.89635374046586457907893
0.89741783996600488215734
0.89845958537992676173900
0.89837357251379923450685
0.89819455897248956510737
0.89833828719582187183335
0.89700784048204240672675
0.89594175432566192096573
0.89609963281961679815169
0.89744592025905778331918
0.89699627855018371214157
0.89562257041789439249158
0.89545040376370699242159
0.89659290537083780048278
0.89800896343278990840986
0.89847883231628133948732
0.89773102822074546391917
0.89859500783531820466976
0.89603445661790659393375
0.89478112231038264834382
0.89493655926837356595627
0.89630378717728564907929
0.89546028654364961951728
0.89414196053756278548263
0.89396382584674916049750
0.89530395993489031436496
0.89726448391989743758046
0.89854243751024409636585
0.89663620110274944163820
0.89827909130352490141291
0.89448205681551318235734
0.89315780900477725889886
0.89343275173205527472930
0.89475583915566414550113
0.89444867675445882682084
0.89305403110400238819722
0.89258437138486279582850
0.89378421245312089649104
0.89599316810157259016734
0.89788759374573978710998
0.89553922847049360900229
0.89753821924165710921528
0.89341273115810426741490
0.89246917805064296391748
0.89321695554891822332877
0.89471396961766058719689
0.89559008106556725614666
0.89401601389815732456867
0.89296333695055374324312
0.89356316970744464889265
0.89547142635913923314206
0.89743190102280578912541
0.89590845720935674556529
0.89772308276522683190279
0.89429408535782872746722
0.89407395710884796091733
0.89541295593845082745332
0.89698655257978621158088
0.89863211505536999545996
0.89720195755903131562548
0.89565525712578086814375
0.89552975980507876219150
0.89683199569649230120660
0.89846034489731108063637
0.89810028756148807538295
0.89956104210686960165333
0.89707651261683696297666
0.89747125312184028445017
0.89910146669528201446298
0.90026451456603417966562
0.90161233855391886837793
0.90084285892136484186210
0.89922624288205277309771
0.89863648814380103768684
0.89948358850508114414879
0.90084005064202044010813
0.90071883363261717736492
0.90204913522072216469638
0.90000198585059754119442
0.90067830771155232838510
0.90221564940605813998076
0.90253972670564941438442
0.90189126886467818611237
0.90202471992946930967605
0.90303881752267134430667
0.90316554293463280345122
0.90174525636107916160000
0.90098039308722954743303
0.90161314268242609415438
0.90296543169430820707788
0.90209337217990204216278
0.90345694458710790186728
0.90156681996602894280102
0.90244120625336055052657
0.90378245127463541219726
0.90324212734681641467915
0.90182983053666510020463
0.90150708349489550030853
0.90335106357954719769054
0.90424462047166653810848
0.90292271219012776306556
0.90187427522349672415203
0.90221162692272305339003
0.90351099154910885502545
0.90212111448103948774246
0.90323391668784569485950
0.90208567764782532361068
0.90339912590776760836775
0.90476159069652395405825
0.90353915948096474863860
0.90122580873648294730316
0.90102091405345641206281
0.90387712293970767785112
0.90544076606035062138034
0.90402603021653515913414
0.90238288018241430421540
0.90200975830984875258878
0.90280345190415078882040
0.90202268378430505713084
0.90239438436199914672642
0.90286905551827378868524
0.90484421700170825086929
0.90626444446428577883523
0.90426589624338871153952
0.90075262750469353711935
0.90012672036054608426525
0.90446299855148537538696
0.90703992010879885832253
0.90573707540037917684828
0.90349481509537743484373
0.90219121500635013344294
0.90210931720337306227719
0.90240981388011287656070
0.90192605663496283607827
0.90407643881405874708435
0.90645170101204064483369
0.90747243504842767247709
0.90412655067441871636902
0.89878254352248876379861
0.89638903079683274199851
0.90293370317594390250804
0.90722015050597692997769
0.90666946529124725628890
0.90433994705675491143637
0.90246068490249919946677
0.90170053016667450762611
0.90207722695959713377079
0.90120485314629317219470
0.90399973160646829306586
0.90611140732139194842176
0.90603799904844051216202
0.90068645347150133595449
0.89278498174921783192559
0.88801314341958714759784
0.89740403298689086497575
0.90385769431262408257766
0.90463930967748285016938
0.90286206191067819304408
0.90104515655030514853507
0.90092525731193406901554
0.89927093045592987330394
0.90232672705501204557521
0.90080921940784219881238
0.89329348301743827232002
0.88245259120501073901721
0.87648579198315790250717
0.88876874442036701839953
0.89727932620207406788637
0.89940378875540161196511
0.89835258739680412531925
0.89683461338717829214318
0.89547313606654610484981
0.89398508595018433275925
0.89630628718370686236483
0.89361924413346249806978
0.88434118210484657929271
0.87056883675320162474520
0.86504684035533008223950
0.88025014638277776501951
0.89027822913614795830028
0.89341604055174506093806
0.89268863536145670600774
0.89108483729562260045043
0.89032249253252049303597
0.88845622123879031128979
0.89099389487863855929817
0.88742361461929508692492
0.87662358894952308041582
0.85986053144538543424602
0.85459975004724442193549
0.87317022588299042507032
0.88493742049167167795787
0.88905141614166238728245
0.88845379740965324533164
0.88632289853369772281155
0.88694360897306201430013
0.88465560923456376674068
0.88725926247724640205661
0.88234285889026720095529
0.86928335098898823485314
0.84843872256256369634997
0.84031660922827300375104
0.86406193686212717786077
0.87885918264267948174506
0.88497944714078413674940
0.88531021986346647434374
0.88311634004058348068611
0.88282980700789381867111
0.88116525902396580782749
0.88140741967117419708444
0.87354467164707760851172
0.85652335009710423019413
0.82923129701962317028574
0.81527787179528321548361
0.84568377920471360376098
0.86557787433049704350907
0.87569719170853355105777
0.87875944582124299042647
0.87808099223837055014030
0.87225670667791610490838
0.86708915111633833028293
0.85414791044145887966010
0.83099065360366852761587
0.79702118072645311563917
0.77436943507025635113905
0.81225249072346306089543
0.83906108514853827706759
0.85518821009873724481309
0.86293004350492485965418
0.83997830193250022645657
0.82045065410588957632854
0.78979515872277550325720
0.74788260341173362633072
0.71824802597593806474663
0.76434030408874653605977
0.79882613394232793169181
0.77522340658338773078384
0.73704948635187672589808
0.68713985251574805079855
0.65584655739224606563198
0.70897682978945830711837
0.68164186809254545540426
0.62545630927485351691075
0.57711688663161031520588
0.59753959840725767715952
0.54941610486112624212041
0.54607555117939088340506
0.64181279605264518473007
0.57695028004180426428604
0.67233289270913687563080
0.61053681653574942700402
0.75106442831932229697856
0.70368316060074487250375
0.64559337187215226627757
0.73457800319429855662179
0.68039888038292795080508
0.77799423390124078370178
0.80908394604313482734170
0.82973391345392211171372
0.80260023560273541232135
0.76337898928745984150623
0.71328487679366381346568
0.78861782546627445800169
0.74280526511615452278647
0.82375100987191751666927
0.84719715650862204014970
0.86019978158817389513047
0.87442121367706537871101
0.87103640670063853246319
0.86094137739138532072758
0.84095386744850819660257
0.80980326840641803087806
0.76793249991870871085098
0.82622469527531938737752
0.85406745336277578584117
0.87094757772215991575848
0.87856453585544513895655
0.88011788158841119944498
0.88184740814781426010427
0.88364618650693349533043
0.88339417283346977072256
0.87768832448976186189071
0.86334092656007965782550
0.83839241352578297572506
0.86945860426604448800703
0.84695074666179892552975
0.88190879867128457725300
0.88625521749216373823543
0.88577329474196642156159
0.88366349205211114359315
0.88524068150459811477049
0.88725568656122844046763
0.88803675204891940886398
0.88454989513087323160789
0.87355292900661696275932
0.85285235653062807514857
0.87657350457152860556675
0.85728531177687183895131
0.88654868210045312260092
0.88951963509682918651578
0.88872580795560407462830
0.88707311864368854070761
0.88929915421605021386142
0.89055376679271069928490
0.89124538119107932221397
0.88863317209833680987430
0.87944927786454896168067
0.86124619857696449454210
0.88273444776335274752910
0.86550152180694128745131
0.89118552550399821043925
0.89347640107079451254890
0.89281817049097456084894
0.89186792325304298234556
0.89452006044224230407735
0.89537568360010888479650
0.89612316105736744553667
0.89428456328828376253881
0.88661757923566741901311
0.87038145125873578322739
0.89088402253883158810055
0.87574572979682197004792
0.89765890118957802901178
0.89891980238362878541380
0.89788194506223206747819
0.89694721693937684570130
0.89885768662770038073262
0.90002179933757775476266
0.90144788751691529160581
0.90087600834609338207315
0.89514710627859073177603
0.88125575330467986745475
0.89891303620908169502712
0.88640844358602122188273
0.90356060729457277069798
0.90336836489192229304734
0.90152387308140125021794
0.90011755527058001646878
0.90075706373362707246599
0.90231159598059318405205
0.90449307075938589761677
0.90535938301702523212100
0.90182597443121659264165
0.89075154976054105038230
0.90368591380897334008893
0.89399313889443254854683
0.90623683252731346282616
0.90483279540626959658312
0.90247905344793222237598
0.90094129760776009430145
0.90069966133607237690484
0.90074167197422050357147
0.90092563643909873150051
0.90225541768814410126254
0.90457580304824602990266
0.90631838309641221673729
0.90459298994091419388042
0.89617196251881292567987
0.90480438033412424747581
0.89748873194759481997096
0.90590139522021162488130
0.90402159733081410841748
0.90191890076545588872392
0.90095728866273760981898
0.90090211517938467711275
0.90132194014153133032607
0.90120186474042418556252
0.90171235810587402337291
0.90347465135957294446456
0.90534140429810217032269
0.90469973711684470440986
0.89831941526906511352735
0.90462489889262875930598
0.89903783609929466269506
0.90492634358165002783636
0.90315515793892442442115
0.90176432809753748198744
0.90169569922681569451584
0.90199741589717785661406
0.90280385224211723294019
0.90234330989999445016281
0.90206049122942755236210
0.90313023405553116695899
0.90480729704677442803984
0.90479489801943613347390
0.89992165226955100898465
0.90524393213503828725663
0.90105566071410181372414
0.90495585969670178094759
0.90331997982209855102553
0.90247335329942346415777
0.90297484096818647625327
0.90353961813193339747130
0.90400603900154863357130
0.90340185640592762794654
0.90280872958088276281075
0.90353653131727040825893
0.90520319584779629362714
0.90583004104927566935146
0.90234303792583636649738
0.90630838180545458815374
0.90355284144563197124000
0.90531219587261724246474
0.90357172094560378461381
0.90289635238733489952523
0.90350702440738472898119
0.90410493094585042683775
0.90385580228713002792773
0.90327315648516914858845
0.90264872748461932872033
0.90326984885683281323310
0.90507670808152329566809
0.90642506086424512457000
0.90440276544193620722467
0.90602149988937541458256
0.90467896619575727257256
0.90438483483511833416202
0.90259324655512718216244
0.90209327202845845938839
0.90279301564990710460279
0.90339658603312378293282
0.90292432378684506222299
0.90224282741732597656892
0.90136522085799564152353
0.90162888786788220052415
0.90328106269970165342897
0.90506929788575363193814
0.90430685470475791198908
0.90370573163285172757497
0.90336993899061968082975
0.90191448568495113935484
0.90054841477996394605299
0.90065361660354625872316
0.90180799027604952033954
0.90263087305584255304325
0.90262383917590482962368
0.90162032258808100237957
0.90012489517317917364636
0.89955882360130656749675
0.90051384129192624250493
0.90215038538596792339064
0.90208014586331286555065
0.90065225749306876412703
0.90072078621506523887774
0.89929017567692504098176
0.89882139152759410460902
0.89987258196232289275684
0.90170806809335379838899
0.90288636718909509593090
0.90327469027073326035548
0.90197853558852925104361
0.89987672047739530878374
0.89838298557750417838719
0.89837107833763596431709
0.89942990481928197787909
0.89953522440839384088918
0.89853535224434322170595
0.89776361680581928670364
0.89818236800759887472623
0.90001092088599943252802
0.90226348770352093886515
0.90357806550981489834840
0.90358834192832526710504
0.90236024189266472728121
0.90009594495882461195890
0.89807237972373410439531
0.89736531134904129469732
0.89794371158280250622141
0.89702113637057956374576
0.89751906046950280515517
0.89788439368002836982185
0.89996616989344313530808
0.90212368787002039649536
0.90317226534613492816561
0.90233019292731941884966
0.90151585851121951442622
0.89953951387414876617044
0.89749885479994573334039
0.89659277697414230257067
0.89710532925562713746359
0.89600930974944792417602
0.89659231383643500645775
0.89691039127019389631812
0.89885886255947000655908
0.90062809273588750880180
0.90119973322354673950230
0.90002180942814602460089
0.89966645505485343115026
0.89809289590650986934151
0.89622861083227667311490
0.89532802821095491818681
0.89596369758573513042421
0.89471590095625253002964
0.89532558037946152751374
0.89565650850888767209312
0.89747032311989471953240
0.89888981402757450744900
0.89907609434393431779853
0.89856280113227049444191
0.89853289019410609306249
0.89724154995889260355568
0.89543764562016181507431
0.89437503842477816817791
0.89485490716239268760290
0.89450560517634436497048
0.89473939853263584343068
0.89575042092974865859389
0.89756840195605536170120
0.89872172445905140758526
0.89857635724051743153495
0.89907696030391914820967
0.89945682728170139874635
0.89848255275570765299165
0.89666449898869082790753
0.89520725901584974337766
0.89511506707263377435879
0.89645035312935761329101
0.89600429672316395102172
0.89809155569220122661278
0.89986050991934407594641
0.90059343731431906743268
0.89989790213513587424643
0.90082329321066079153013
0.90189594927549165959135
0.90148133357270676668804
0.89984603818700703570244
0.89807155809914229749324
0.89730123022566621315832
0.89981249186585121613291
0.89879117370268490905261
0.90163583802624691632133
0.90307165286785273661252
0.90311516609361097707165
0.90163727019416406438523
0.90221418677796128005042
0.90406242481454857085055
0.90439225374599785389762
0.90319826422206894722677
0.90140905904684787142145
0.90023052670004055642039
0.90266928453098838058821
0.90139728185790679582112
0.90438861216665000775095
0.90532783900932822795937
0.90465877434709940363433
0.90252191231717493469233
0.90166931129715333081975
0.90167993703743065658784
0.90264643853976123111238
0.90494753185417997620732
0.90586824868343784888935
0.90514682229360232668114
0.90351154257121180091161
0.90217835002288182533192
0.90398577190940010428477
0.90257024775013650064182
0.90557216580891675139497
0.90613681909808307946008
0.90506177161494894001237
0.90272530152898033950493
0.90170052320878624207978
0.90187089197453240707603
0.90290062631400802573012
0.90516723934757248315464
0.90630768719629961616135
0.90582814517577558977024
0.90423430542386706854074
0.90268888046307305117466
0.90444581475443741602760
0.90270550561679885337441
0.90609326820594016105304
0.90653848790890700914957
0.90538702017362115981314
0.90324472104644815129149
0.90224679105143368307296
0.90278105264006192065551
0.90373070975214708777656
0.90574974921405326799828
0.90690243678579851582811
0.90648384744385901434782
0.90475754506914096708670
0.90278178267146669266907
0.90522079506059560660702
0.90300579953719095627207
0.90700548930611579745431
0.90736670838571698016750
0.90617223863883800127894
0.90423137623807692264677
0.90332140881105771335058
0.90366788856962165787934
0.90456759562722854894901
0.90648543831785399760292
0.90777878190994421014892
0.90753800745599233490424
0.90576085858887145363383
0.90335789689841017313654
0.90621083406972990914596
0.90371152104409202543422
0.90789062619461413650157
0.90793970738573293033369
0.90649182860536425820897
0.90454944900313682953907
0.90364988130062495752526
0.90318138830076555301218
0.90406923822549978275731
0.90603748683948448494618
0.90766437195527394088401
0.90786550536706100977824
0.90636892680560787738386
0.90388760499922549129792
0.90607680220351560773651
0.90371018098447275512797
0.90732550265561651148261
0.90685507806879761538710
0.90507159470550302415859
0.90312197420342421594341
0.90229181847506711999785
0.90115546347105912605713
0.90183002519039856537120
0.90366002681621304670756
0.90553516783657916899841
0.90625054810303717900410
0.90527398342477494175284
0.90308182342162546252240
0.90401880147730873105161
0.90202786517120592257868
0.90475712174500866336047
0.90386856566951467861770
0.90200038941319549135045
0.90041276354278199089975
0.89996564658961841765006
0.89896965475651136046054
0.89906966907287344525912
0.90033117346951296866564
0.90207954704046633409575
0.90306677555959391501261
0.90251508296739813008713
0.90143002880199707416153
0.90101727352306038021368
0.90043654421721908143184
0.89887759557494983919668
0.89800116114085792862198
0.89829178546120702630873
0.89795669067978611810332
0.89728016446877678635730
0.89776447377491719326059
0.89910757576262689827473
0.90008929441127194515104
0.89976460356441911869751
0.89915889951288097137194
0.89892213605098869599885
0.89818044474232139329217
0.89701150529462325700081
0.89684825507135268463088
0.89785517380596180370134
0.89780150230518984688644
0.89656893978730622940532
0.89651702984629655368565
0.89758720528949276218356
0.89862272243804142135559
0.89852804340696390550391
0.89835750824769244893275
0.89849245584234960215753
0.89717705175683459817293
0.89610497465724436860768
0.89626079112147283289858
0.89760607614464860137815
0.89715626265280989937168
0.89578383370466752033678
0.89561354345550969746625
0.89676195589113161243944
0.89817173436415875809047
0.89863272409183536648669
0.89789360255289285550617
0.89874861520665805247887
0.89620331942658237878163
0.89494415284532835563880
0.89509789056707633747578
0.89646348403762055045974
0.89561996868138216143507
0.89430333246606896757669
0.89412671438274782254041
0.89547259808883716836192
0.89742683095464692577536
0.89869573309850403486365
0.89679828961094298911405
0.89843204000782050933083
0.89465044320548625655931
0.89332055068527516095145
0.89359417791196038560741
0.89491552711637745165518
0.89460844436983866234669
0.89321556997843543079796
0.89274701144914880845960
0.89395236375618292168355
0.89615498804779747388238
0.89804017129965907351163
0.89570081077908469957549
0.89769042785025809916277
0.89358070643274944977463
0.89263180341123160577155
0.89337870705951882843721
0.89487390648071729604141
0.89575029604118094894716
0.89417807983085262346634
0.89312605483202001099841
0.89373106463759810491609
0.89563284337234849719067
0.89758378332591071124824
0.89606980096154542625442
0.89787470855074558162556
0.89446200225777661163562
0.89423687603581591964996
0.89557544269855837715255
0.89714713112341104572778
0.89879311003512363242862
0.89736493788469318122480
0.89581846292859768077221
0.89569778174712244567246
0.89699334431851562854376
0.89861178773422412113803
0.89826169867728444806687
0.89971235821383155339959
0.89724469479672674943060
0.89763478963152076861576
0.89926495925042615464662
0.90042591272761807186242
0.90177408537717085312835
0.90100682654740626986722
0.89939010013530074072463
0.89880483325753846024497
0.89964508381913876888802
0.90099126785038208264922
0.90088038688645433182955
0.90220024365781625874661
0.90017044756426511931124
0.90084242744222697840684
0.90238002192003052837066
0.90270173731619340884436
0.90204992836623620888759
0.90218316319594249463876
0.90320102418991576875840
0.90333024074694090455040
0.90190956196708560455022
0.90114889121942121086306
0.90177468566327501076074
0.90311638301218932767256
0.90225482456255834406988
0.90360766415414583985211
0.90173527800117903030497
0.90260563311179464740519
0.90394741132591238663707
0.90340446741322510959549
0.90198800383314814421709
0.90166496273566487662521
0.90351351822203296304536
0.90440981066271874944107
0.90308722649120365399966
0.90204263631443781790153
0.90237292192683815628129
0.90366140324945498640830
0.90228221547926013013097
0.90338396749065630331188
0.90225392110327329309172
0.90356371935712098686366
0.90492701655402263405392
0.90370173200029879634343
0.90138340630821900401060
0.90117825935028272876792
0.90403984724566777142485
0.90560644757886454847551
0.90419072727172289383191
0.90255101725757058694910
0.90217065960856424045033
0.90295311950545376067367
0.90218340009864217421409
0.90254367121200584911378
0.90303711056971569526297
0.90500905262170916465436
0.90643040854194989464077
0.90442877679803923562929
0.90090972448368322744727
0.90028351419696495128164
0.90462600214943200693796
0.90720615711396934699451
0.90590206701537878686281
0.90366281160180372822310
0.90235176896594426754206
0.90225824024423884051060
0.90257021495289024848319
0.90207463296913237282837
0.90424436893649640101245
0.90661681472660704539379
0.90763887189994785220648
0.90428956790197678738963
0.89893892521433338416159
0.89654483663928463688109
0.90309658354554911419143
0.90738665426751152764950
0.90683460858199271825697
0.90450774510962916874490
0.90262090262543281937724
0.90184875648298912231837
0.90223717869934139113042
0.90135268596588935530178
0.90416727424911236266070
0.90627643185591677532642
0.90620439608663605479677
0.90084900588945415744746
0.89294002676891659486813
0.88816723958623067236573
0.89756607162065771277071
0.90402380086282718707480
0.90480405573395916718482
0.90302919847955531729156
0.90120472057399092502550
0.90109184133546837980333
0.89942997482995168390119
0.90249104414329361922853
0.90097486881210597786662
0.89345484437116873266405
0.88260561619060284854754
0.87663770028731879957462
0.88892935609969225829730
0.89744441859804369165943
0.89956755992022885415338
0.89851849755731838520489
0.89699302317562934483419
0.89563830779684505678517
0.89414278510244327158318
0.89646947455983838626281
0.89378375086414085792796
0.88450106240706549698416
0.87071965973124865190158
0.86519666565193831253566
0.88040935728243840951990
0.89044220886590597086041
0.89357868797157202767067
0.89285308316226708047481
0.89124181008766800715648
0.89048629353441899336730
0.88861251489145010040716
0.89115608783583821761454
0.88758715207259220036917
0.87678220601885192841962
0.86000942903536814476695
0.85474772539469945353829
0.87332827948700975095875
0.88510057234307104589988
0.88921323846269928470321
0.88861704267706576043651
0.88647860166987524355164
0.88710635874570720194043
0.88481080019893998400704
0.88742073817760058762616
0.88250559719948040715565
0.86944076336215980749245
0.84858563914128104510581
0.84046213955345683288556
0.86421847207388236000725
0.87902134186892966205562
0.88514048837896353028043
0.88547244474000241787337
0.88327103741345436294097
0.88299135001255535382114
0.88131938597794312606482
0.88156779238303906165442
0.87370591019107524122234
0.85667858330888257967217
0.82937496595299253776545
0.81541934709212193777006
0.84583710857827121287755
0.86573769198187133788736
0.87585650964235717275130
0.87892002102299982002620
0.87823435163818241999678
0.87241586248733704600511
0.86724688360960811017719
0.85430566046616118747181
0.83114137512187913348072
0.79715970890561294037724
0.77450424659694871998283
0.81239987056120110953117
0.83921608456555674138144
0.85534375467843271056978
0.86308726378174127624732
0.84013106110066659848457
0.82060225080708293354803
0.78993851726096997456494
0.74801300964827166506410
0.71837346208204022612875
0.76447908988860890922012
0.79897376345570481070979
0.77536669244001621414952
0.73718335677071877842792
0.68726004444421262551401
0.65596145981657305590318
0.70910564098805661803482
0.68176575337964917533640
0.62556606042153983793241
0.57721722007606168780569
0.59764461261475732012372
0.54951165458615303105461
