0.92024089531944963660237
0.92453479632214585759442
0.92528890838969679588644
0.92792640829506889410538
0.92851230388985972474813
0.92852532226715156493668
0.93017113570165155245206
0.93041285105968563051704
0.93155904954091128811200
0.93141694230857374758870
0.93045925334752699331631
0.92873631981981163985296
0.93055795320898038180957
0.93171450743920292136835
0.93231273373244816227157
0.93187810114043523324057
0.93263246580872138924434
0.93206195841675576474472
0.93240974155001621337391
0.93175722461125654039193
0.93070067836438197250715
0.93080282865875152431556
0.93181540756401004532705
0.93241244148764079735514
0.93269087382238369254850
0.93269906244492073454921
0.93214807985587544436612
0.93265741766721821370822
0.93271240446777514687682
0.93265905854119279805303
0.93240599838724569359272
0.93180662859790708285601
0.93177594718348322189172
0.93234805051911917583851
0.93262759013835028198969
0.93266255836158207248587
0.93262555333776020471959
0.93261253141220423756863
0.93255002643406814666349
0.93261962052177493909255
0.93257977598871211188936
0.93264139608215890220322
0.93257263523174327435328
0.93227065404495768063953
0.93251676534436411802886
0.93262388518858319041982
0.93259221361307687025999
0.93252656216302998171130
0.93254815648886424384045
0.93268618184959095618325
0.93262649247740903035719
0.93278694376230542051331
0.93255691253430272880109
0.93257720875812510907821
0.93262015600120073965940
0.93261798257155836822108
0.93265514530764881406810
0.93263676424111030538455
0.93263489100692387179237
0.93266610327931231960719
0.93275035995402832966761
0.93288427061245582372351
0.93287065620143017063981
0.93295078068041892294104
0.93280917602863178128558
0.93275254689405961983084
0.93270161000752715985129
0.93268918240656495388663
0.93274792129341232982398
0.93280524812821341562596
0.93288696979616470006391
0.93293588951193728853184
0.93295106436699615226615
0.93297786635046320302678
0.93298097816592817643766
0.93297566941922238648033
0.93301138698545948990670
0.93299553029939252812852
0.93291579713939587481519
0.93283196647688937375165
0.93292341020371249982190
0.93300306006949007553430
0.93305286613243665350126
0.93303218048327574152268
0.93297546552555610244184
0.93296263500475795638067
0.93296071218616205555918
0.93295382394921355651007
0.93302014313237935372314
0.93306249162922028084211
0.93304968151392653208376
0.93300079388232248778223
0.93305020515286896110041
0.93305993400494779965726
0.93304817723620048219857
0.93300625078871668449665
0.93295854030003144696792
0.93295447942071263458530
0.93297641145403764628696
0.93296094174396659859383
0.93301253307276466042453
0.93303810833614375663814
0.93305256143880865860041
0.93307046040599672664939
0.93307643328082101596976
0.93308602840239085463026
0.93307264817276991397677
0.93304912715018706315107
0.93304980285469318879166
0.93304309698579923626482
0.93300761858198477671777
0.93296693620840931426841
0.93303854559735333040749
0.93296973531201843332639
0.93308553161864959957228
0.93308266275187279337189
0.93306219894782116419663
0.93307269448441954029505
0.93308689535772715295536
0.93309094612321419326406
0.93308208777586643112301
0.93309037318585574816154
0.93312182901414852942423
0.93312138213729856062173
0.93305982932607789415158
0.93297274553752773673665
0.93307080682055554277099
0.93298243215002107930900
0.93313901430904289124868
0.93314909894747977148199
0.93312112512220646287631
0.93310283195733734196153
0.93310452766400731050567
0.93312656872355770332206
0.93312782539337812970359
0.93314067466007277751316
0.93315523818850321102758
0.93313916135734931156520
0.93307886861865507732716
0.93300311897135790317748
0.93309272130779663534383
0.93303287909852161696733
0.93313316713669136603926
0.93314419818055527322542
0.93314290682687350830804
0.93314723512475361566487
0.93315052705183065828720
0.93316889080709941595160
0.93315538838960243595011
0.93313277799537430734489
0.93313021391738881771261
0.93313444344135743069302
0.93311595088274146281293
0.93306447256204894102893
0.93314498056657724234242
0.93308959737336483186709
0.93314979862675551114393
0.93312753019582017621758
0.93312301724102819644457
0.93315463037646173560802
0.93317862463758294300220
0.93318191188511268041594
0.93315315942349219557883
0.93312551489276107652415
0.93314225675690709582710
0.93317523803830915163360
0.93317131740759606817193
0.93310386819551360826352
0.93318826669007948204637
0.93310948172749585971530
0.93320043324099399839611
0.93316825629951516418714
0.93314353336308730746396
0.93315922910533410927769
0.93318437491167882669174
0.93319103405313552634937
0.93317506647032222311111
0.93316957654367005403628
0.93319206942991173026059
0.93321410664389725653223
0.93319424235814907309106
0.93311327129938093083439
0.93319337164108884241642
0.93312156808513957439999
0.93321249808853723450852
0.93320150370185883659246
0.93319045622111118643005
0.93319520590330062859152
0.93320263411014758858641
0.93321537018865896584430
0.93321001608472675670214
0.93319594551551166006220
0.93319301457608627714535
0.93320012351795622596029
0.93319229484585730638457
0.93313601252895772564244
0.93319519774658343802543
0.93315238287334612010682
0.93318666039071751505674
0.93317402780460778632943
0.93318527779436066804664
0.93321268141811675178587
0.93322381622019556779435
0.93322492091215558662753
0.93320439367989971302109
0.93316810078945289230745
0.93315763326484924000681
0.93318034004242034207266
0.93320113381717395562021
0.93316393555602361598034
0.93320559256147173066154
0.93318323137017156199136
0.93315470691991864171655
0.93315891185530486229283
0.93319444914117111178342
0.93322114738249928311831
0.93321941962281274030033
0.93319491090931916410511
0.93316757302714836708191
0.93316732795760470864366
0.93319076274108403445950
0.93320400525041369288459
0.93319543257299786276349
0.93319579953500153557400
0.93318787978184325471176
0.93319352179997372420672
0.93321281765429964227820
0.93322728614925165580019
0.93324771546327967008949
0.93324446442284869629447
0.93322528723465880684529
0.93320423323291734618579
0.93319216685342754047383
0.93318531712911811926148
0.93318164512681389677340
0.93317911520119178891974
0.93320704881600469171588
0.93324741891234608281991
0.93327707407028648312064
0.93327599263859506439900
0.93330146152603155051963
0.93329481777574629930427
0.93324920028731628285357
0.93319553282576728214792
0.93316988103858311554006
0.93318225159358580977909
0.93316428375248283710874
0.93319490496830626025115
0.93317739933656596029721
0.93323101252637885583141
0.93328837665911856813494
0.93331114891216293560916
0.93329779919475430727260
0.93326093735153992092535
0.93320436582336996345077
0.93316481269579343305054
0.93316921502089822393344
0.93321245484286963201015
0.93318421768990322817672
0.93322860429041165630792
0.93316701132499779713925
0.93318551732266308285091
0.93322648664098972748349
0.93326553316487514955213
0.93322852791511845538253
0.93320338505083877400637
0.93318730901290447565799
0.93318661474040487391335
0.93320473703567341505760
0.93323900126525605180916
0.93322539320930164574719
0.93324318935875372194033
0.93321844995345315521007
0.93321260713010323328831
0.93320519875719698532635
0.93320497351424303023038
0.93320690111593673776724
0.93323343464273789127361
0.93325386422365375072019
0.93325379026998289688777
0.93324250275673381604946
0.93324396504899953530554
0.93325487594749101383229
0.93324447953608780093049
0.93328354575906180556899
0.93329745160925414726449
0.93327762256842161647796
0.93323484795653877110766
0.93327803658262276087498
0.93332127334789105610469
0.93333028851893862221090
0.93330273313146050462308
0.93326308380382272389397
0.93324604075500294797507
0.93326776790696852614815
0.93324768190034235182395
0.93331107518179001747427
0.93334605806705439601245
0.93335001077462231844351
0.93331939857566670326605
0.93330539787179322974708
0.93333678581519474715122
0.93334528773579217286738
0.93335775189800396223205
0.93334538780393783152789
0.93331101115716696980940
0.93326925739557042849270
0.93324828336609233492283
0.93326851625833207037886
0.93324875981694055404603
0.93330649736604531785389
0.93333486821896727292369
0.93334806486612997833419
0.93335069965693917559690
0.93335024019670242978464
0.93334739629275598193914
0.93334030578154913992961
0.93333057641241645718821
0.93332232897901168389154
0.93330190946108881888676
0.93326844125397767637509
0.93325285969927984641714
0.93327385217937486316941
0.93326489561234693415059
0.93330143003076082575120
0.93331426453872945447898
0.93331519262642514966899
0.93332438392485628231299
0.93333595241878408721448
0.93332499696942738953709
0.93331281316680048121270
0.93330824399899292576066
0.93331413145732433633839
0.93330893793650948619955
0.93328902858484974469633
0.93328612777469910355421
0.93331467703649240164054
0.93331211777011091612621
0.93332650321152121897228
0.93332274616301036385124
0.93331076290889725122213
0.93331026739375411160893
0.93332070906645803187729
0.93332413893630461476647
0.93331593335166951330706
0.93332016186698463222626
0.93333856003263737655118
0.93335206095354161792699
0.93334520456707814606290
0.93333360510783769381504
0.93337012985013723120886
0.93334062786277349754727
0.93337898462173485292226
0.93335805346278377658820
0.93333286915284829898809
0.93332575055469035874012
0.93333253094032375685174
0.93334237266160713364371
0.93333604787390078705300
0.93334544186693990663883
0.93337538097260730474147
0.93339802375519098642798
0.93337900793949846178776
0.93332860845386089732045
0.93336713391311409981910
0.93330188348883924565058
0.93340015632348927177020
0.93338415021810217098164
0.93335518627115343637257
0.93334549329373894810402
0.93335211784260763145937
0.93336229852668028961205
0.93335446410601141664642
0.93335969858729872505876
0.93337943708026871458827
0.93338293170172481616476
0.93333921631623162351588
0.93327214581382844649227
0.93330763051696719045935
0.93325331182834225796086
0.93335223537955658290599
0.93336097698224040897230
0.93335724152353494176282
0.93336326069000219440852
0.93337487745110492287637
0.93338981568202328276129
0.93337100294554309343198
0.93334789105552040666680
0.93333443896186585320152
0.93332092595400084622526
0.93328772704525764236649
0.93330249099732476292246
0.93328833412495249000074
0.93331020636119521594054
0.93333468145022402406852
0.93337567624308648284170
0.93340501539589615376258
0.93341625583123744025471
0.93337596228844155188398
0.93332292624425561289314
0.93329795671715742866326
0.93330435923058630010019
0.93330758820997516966855
0.93332265420299276303950
0.93333362963997568151342
0.93330195524554548924812
0.93331826669595419065928
0.93337303466528098727650
0.93342017551826961252459
0.93341611315258388170690
0.93336977729017545080126
0.93332295139681165085932
0.93331743621505014463224
0.93334459758752652547287
0.93335091664002045597215
0.93335448722467984072892
0.93334869749692417340015
0.93333252389403276172430
0.93333367297578428978255
0.93336926166793399151089
0.93340685025345571101951
0.93339699392040420544703
0.93337186951534101275740
0.93334247919480683997051
0.93333485295224083433396
0.93334310360902927872218
0.93332705334779764161368
0.93331297317267225555071
0.93329665945745143851298
0.93331829636601626454251
0.93334147159520230996321
0.93337467237807825171103
0.93339000480764056089100
0.93338644926672409418700
0.93337291504306296729965
0.93332743668568929340523
0.93328779248171800375644
0.93327690273023400369112
0.93327233998175529450236
0.93325209050261781484892
0.93326558070661791433054
0.93325683412052795606684
0.93330546781131018541089
0.93336401728177331715841
0.93338305759951689655196
0.93337527115473750694008
0.93335009664830315134765
0.93328683626828967678790
0.93324210971421317495356
0.93325062649651924218119
0.93327873387344650879527
0.93327283893185442043006
0.93330473635226129935916
0.93325237234982527656513
0.93328358090696950100096
0.93333807487772824096339
0.93336155753442240357032
0.93334541763793654745029
0.93333614091578975813235
0.93330160307017040466349
0.93328506029928781639882
0.93330823106504423591900
0.93333195360062293222114
0.93334154885462317086109
0.93335149543866224863820
0.93332674002162108184422
0.93333645279224120017147
0.93334872562942350349147
0.93333358019615797473989
0.93333245227352701345325
0.93337309856637751259711
0.93337529393168894298327
0.93336116840852800802253
0.93336096430786530397938
0.93336079200254218335431
0.93336452161680816264067
0.93336373648952331016915
0.93337757281237909712246
0.93340418424733750946132
0.93340018501186705623951
0.93334306765664476479571
0.93336053420209275088837
0.93341964221451356742421
0.93341505029006210936160
0.93337625358371145711800
0.93335904158711147093896
0.93336616910489855758470
0.93335504348238729210863
0.93337118365608640058184
0.93336758119234697339550
0.93341067659908483200581
0.93342533024947571540508
0.93337628262247163135612
0.93334975354696048110981
0.93336012054713546337581
0.93338314376371056546589
0.93341925969666450502160
0.93340205433717293725948
0.93336474331619756483747
0.93335930786444498696852
0.93337690968473607799893
0.93337091061832011540389
0.93337864789075064564372
0.93337477848732963714440
0.93340122173951345363463
0.93340963482948524632121
0.93337923289105639845786
0.93336088965481256440881
0.93335239647235523907653
0.93336876812605473752171
0.93340520303305862803711
0.93341290811211297118177
0.93339467731332603772643
0.93338253022732731167821
0.93337294268580461853446
0.93338598569859687614780
0.93336123969261874933068
0.93341310503564045575331
0.93343142825329417089364
0.93340881576195500191062
0.93335836667517291243001
0.93333953635712596508256
0.93332855485324450750539
0.93335246928148485334731
0.93341517261746487221785
0.93344384055314089110311
0.93341815311718634440297
0.93337821511343699310004
0.93334966506767025329339
0.93336386065025378488968
0.93334495595933697487112
0.93340556492760051732205
0.93343871291782520849267
0.93341405012019884601671
0.93335022434072500985280
0.93332356420352835524312
0.93332490186323224801157
0.93334686391973831209867
0.93339823144397804366434
0.93341433945075935607605
0.93338218899108038595358
0.93335203369902686176829
0.93334919225692025701591
0.93334984560628864169729
0.93335676095604802604555
0.93336201228443083088848
0.93338147029479767713411
0.93336911121081855835513
0.93333841759283564520899
0.93333017044312238663650
0.93333698402377618386083
0.93332634733873787169500
0.93333924730275885650599
0.93335772078728840295270
0.93335710763234180920023
0.93335647412057565208698
0.93335580490967384736933
0.93336169206784136420652
0.93333413082824701056950
0.93336897380329553186584
0.93335620815545550232883
0.93332446710166527825692
0.93331853053978230949639
0.93334566291480003386027
0.93335910265191268653240
0.93332439095746078105975
0.93333366577128096253091
0.93337558887133631468913
0.93338466719021540018986
0.93335019311371725247994
0.93338180978803819698442
0.93330971560174935675036
0.93339680608309738563122
0.93336013705785680905080
0.93334716483527124797348
0.93337956156946000341179
0.93340514668190111002843
0.93337779913088059213777
0.93338073955710598728075
0.93339139395375692043189
0.93334053247211823389762
0.93323797604979019659766
0.93325495124444413086451
0.93314551413246793476475
0.93333626144180803496653
0.93336666331773487925716
0.93339540980516766399688
0.93342689448296922716253
0.93343012087336574289509
0.93337771155562709868292
0.93329861087918930540042
0.93322888232297340760368
0.93313975484991085185271
0.93305184500897664356955
0.93302574116716896490686
0.93297404506630443599136
0.93309278218104774182962
0.93318177340530217289682
0.93331281354531148153342
0.93340066960003376106414
0.93333221498857332765198
0.93320999375014623833380
0.93304921091502279750785
0.93297090328405862802441
0.93294260214237079154032
0.93291636473600347834179
0.93290504148438124776277
0.93285781322032212958817
0.93290355959059223511787
0.93294850288997011045211
0.93310235507805927568370
0.93323049909866595541530
0.93311275284418315756341
0.93302942111354469911788
0.93291667494730312615303
0.93290318333933464067798
0.93288885640461360893028
0.93274433748277574274255
0.93282400627376937940483
0.93249163760783049248460
0.93293299434859866536840
0.93295561304087293308385
0.93301740263256527363467
0.93300076908426643473859
0.93292090714095499137670
0.93305686670997189935406
0.93301206708530881606123
0.93290086851435294335033
0.93260054965772487545195
0.93198741120141370686270
0.93207276891215551373193
0.93267076677345406299224
0.93297899189585731249963
0.93308972121472699701172
0.93286417510857522206180
0.93278792395382426061445
0.93301244617824097282721
0.93271287016850812356950
0.93208990560210824849463
0.93110974905850163452214
0.93102439234335632178841
0.93206859849756273916910
0.93269401508539739875658
0.93260687319730928290795
0.93219125868244934185469
0.93199540207027820049035
0.93092259151366896219315
0.92920209622363136858780
0.93078826716552032216612
0.93137963222573405541738
0.92995969215291640619370
0.92892654067984492538557
0.92627219099183033534928
0.92764569200807489579574
0.92409798709029289387473
0.92412480973370181303039
0.91883820104482349933051
0.92039321290002784614614
0.92469958150306319488720
0.92544178846908975444308
0.92809153066251681707399
0.92866543856187311334338
0.92869428612499838049388
0.93033638849457767072693
0.93056602156047429907915
0.93172427270256552578331
0.93157000124097111282140
0.93062836740285415082496
0.92890796690578325556231
0.93072989948397288895166
0.93188364701112758048396
0.93247780507191913024201
0.93203095476729058699306
0.93279730327212162510619
0.93221455616420212386686
0.93257880818856264681926
0.93192935617971739414855
0.93087556939632765118375
0.93097413416972796262883
0.93199047279111213448743
0.93258465116360567126463
0.93285979492337112173317
0.93286361976943210638780
0.93230040534545510766407
0.93282167252638159560263
0.93288113065251543343237
0.93283126007858196970801
0.93258113036884215940603
0.93197828370815205545341
0.93194063401333837592944
0.93251997614299453331910
0.93280271878372500449217
0.93283470381519872915987
0.93279406229408490247579
0.93277647518271478155327
0.93271832035137847149997
0.93278325530635952667069
0.93275184678022382556151
0.93281648627416779984145
0.93274477080388051852822
0.93243532721275146357698
0.93268144081167858594483
0.93279619637410948751466
0.93276724509832587006741
0.93269855847837457307747
0.93271625403545999066779
0.93284951707918717378476
0.93279440922855372253508
0.93294998371078707855020
0.93272884254458199304594
0.93275217901268026032824
0.93279263052311478521261
0.93278287262739423280067
0.93282024456475798324107
0.93280941328834254822056
0.93280981309459598538325
0.93283797283496361352206
0.93291809770862688111492
0.93304700847218369208491
0.93303821350503901577156
0.93311320357022364824218
0.93298098927660466639367
0.93292743455118276596494
0.93287443989862739446295
0.93285447403669052857111
0.93291340311613124569590
0.93297825956879087971885
0.93306182126280501343274
0.93310764228673093167998
0.93311844008888744639307
0.93313996489656991784045
0.93314816365387864838254
0.93313743876455146342153
0.93318306150115426511604
0.93317033298791041140419
0.93308898916255877953319
0.93299763684829040144564
0.93308927807539265852910
0.93317642954602453286839
0.93322760546903560374687
0.93320375604075811448723
0.93314244919318567461630
0.93312407046028955637240
0.93312749102029812764414
0.93311491896691345360182
0.93319161320196675202254
0.93323716423700886490877
0.93322321871759050804229
0.93316684152660434037330
0.93321642493860545997109
0.93323363087079014288605
0.93322277587142665744580
0.93317761030149826151359
0.93312511774997886071503
0.93311523169252019727082
0.93314279474448347251325
0.93312135338467527834183
0.93318378109659716468371
0.93321262791136450065466
0.93322640568818437944998
0.93323683816049618489075
0.93323970325861294039527
0.93324911812901267804676
0.93323918424476326460848
0.93322311705638116841044
0.93322424412725191178453
0.93321422800469810976409
0.93317380757344692288058
0.93312700605684506527382
0.93320453620282328710545
0.93312945723255147356667
0.93325654060585039317743
0.93325703064058240787659
0.93323634011794454057309
0.93323938048772114850493
0.93324980827141101880073
0.93325368077466119842711
0.93324892483203270021619
0.93326466528755147589180
0.93329612411050544285018
0.93329226410416510351098
0.93322561898101741295619
0.93313211455522870885204
0.93323639885442255526016
0.93314144944127286329660
0.93330976528984466167316
0.93332331911535626467469
0.93329555749529458097413
0.93326980312480189994062
0.93326709107082550520573
0.93328897761282958445150
0.93329493870645396924601
0.93331524568747059600327
0.93332937171907870421705
0.93330976744458205018873
0.93324426095446333384587
0.93316178716898201539465
0.93325791041174921414125
0.93319119715604337272907
0.93330361850219134556284
0.93331823723957885174940
0.93331761199895446612373
0.93331448507820946591806
0.93331279156769453297926
0.93333101893499692547351
0.93332277185244838513256
0.93330761445949295129765
0.93330416526497128604234
0.93330474009989727868231
0.93328093516610033386627
0.93322243502165058703923
0.93330976355571648728215
0.93324720166984720393089
0.93331994057526801444880
0.93330139461990557769866
0.93329797689751325950880
0.93332212769322853151976
0.93334062433459674679170
0.93334380550232476370098
0.93332077994741957649438
0.93330059305794987878357
0.93331602801671520452942
0.93334521968675243641655
0.93333590073834205025349
0.93326111462381944328115
0.93335264389084271474673
0.93326636852300071112154
0.93337024526535561363971
0.93334193539303411668584
0.93331872919726976967070
0.93332696670446424480616
0.93334618512947953306025
0.93335277680697892321859
0.93334292703859500495156
0.93334489429626299461518
0.93336566357285222217399
0.93338374201917384542782
0.93335840586107154948081
0.93326979319097214116141
0.93335732198870202669383
0.93327772291846766705703
0.93338195102528487279159
0.93337500773676551624192
0.93336588583681801001291
0.93336317497570620016489
0.93336432785676926027207
0.93337703849402542388702
0.93337809529301829503112
0.93337147607498127666048
0.93336642110968703889284
0.93336939018318765270976
0.93335603459556515382189
0.93329180289386481916836
0.93335872349453630203442
0.93330781110926408494777
0.93335572915161579832244
0.93334733213726794875953
0.93336090176209196567214
0.93338086417035714958956
0.93338548521515274369875
0.93338660882051327494224
0.93337268341655010850388
0.93334381712190972457677
0.93333083620187817786018
0.93334920496106621445875
0.93336444143466434919532
0.93331899756778458066009
0.93336867960188862891613
0.93335189369271032155950
0.93332781400018105522065
0.93333471946629043003441
0.93336283265975483747212
0.93338287338650216540259
0.93338120823232917366852
0.93336339067503693023298
0.93334346657543487690845
0.93334034047754832474908
0.93335922125152426254147
0.93336687212874169805588
0.93336367869210445924466
0.93335844430926850900931
0.93336079328303855895399
0.93336949620123421667017
0.93338139134721420653307
0.93338916553275164122994
0.93340971290310337238338
0.93341314130143093752423
0.93340134280301145786041
0.93337704470789972788225
0.93336019235706435548394
0.93334773382786817563783
0.93334944470822922557574
0.93334129867160342541865
0.93337976008584122578071
0.93342355509497865195812
0.93344584919154216517967
0.93343812329530906346520
0.93346377486353515617878
0.93346368380886335369695
0.93342540113554339775703
0.93336814041721138934804
0.93333745383638144765825
0.93334420475481094658932
0.93333162835558514114354
0.93335663029130355727858
0.93334989963206738128321
0.93340726614418789708338
0.93345732276347237466041
0.93347367490553434521416
0.93346053628802005963649
0.93342997008856787299891
0.93338066817882503478643
0.93333719950738947002122
0.93333632241749509006468
0.93337394758076253076240
0.93335108499401053805400
0.93338985772834404119891
0.93333929321537989487467
0.93336186848997770848513
0.93339559667141258625378
0.93342847536585304979440
0.93339166993793043491934
0.93337256557741232754211
0.93336370690268377625642
0.93335879616085748455845
0.93337136597380898628273
0.93340001359605184738655
0.93339178184103166469043
0.93340396001077408083546
0.93339052795956678476585
0.93338904833583657971730
0.93337444764634547311744
0.93336831849063006671940
0.93337046089749242661071
0.93340276133121968804573
0.93343034468579078044570
0.93342576042185843032684
0.93340864193284434069398
0.93340449003091385815623
0.93342075976609995002775
0.93340475236560327410018
0.93345540968879858745311
0.93347397168205159534438
0.93344702161522608019339
0.93339862349443036837471
0.93344202707527101914309
0.93349074524760844440152
0.93350684565192920683074
0.93347448789155340609369
0.93342871056797338535915
0.93340605739982651645192
0.93343313770275671004129
0.93340744253410867781184
0.93348271777844293861648
0.93352263740392571467197
0.93351954259013913972609
0.93348360116395878716133
0.93346968092472271116833
0.93350133205013086090673
0.93350970464076965527056
0.93352733885973848693141
0.93352197830064220784863
0.93348253585500562401478
0.93343436464613471770235
0.93340778650460498599983
0.93343335242657143879796
0.93340799915803318587137
0.93347790056349877474418
0.93351146715038690881983
0.93351770187167704140307
0.93351532836340289644994
0.93351504257195316860418
0.93351244374168429462912
0.93350513975757698492686
0.93350026610587388820051
0.93349893411156392719619
0.93347319033779541097573
0.93343300533719208988970
0.93341182999282168442079
0.93343814596050778131797
0.93342359717070289004681
0.93347259311367658529690
0.93349086875863962475819
0.93348491921036458318639
0.93348941713708644130065
0.93350122902326837515119
0.93349050010373346708548
0.93347805009697504274868
0.93347801009204178779299
0.93349072767719487586646
0.93347998078006844124843
0.93345305096228536889669
0.93344456231688466285590
0.93347842187176011119476
0.93347028149200395041873
0.93349742115762590621841
0.93349932897456600056074
0.93348056821032221463952
0.93347571368627102472715
0.93348642585562691120771
0.93349005026973197463036
0.93348158891882759835568
0.93349001091345629177454
0.93351513283627562955758
0.93352285731548712011119
0.93350866885431782460358
0.93349149014266619150959
0.93353331328286992540910
0.93349822866081266781180
0.93354966139148465309461
0.93353461264721604440098
0.93350274969324076312915
0.93349160869337521884148
0.93349861741937811832059
0.93350861736663748313703
0.93350211250822812125705
0.93351535162507737197757
0.93355191492960654109368
0.93356857611906685079362
0.93354190932104041955597
0.93348592246705841546373
0.93352974273676481153927
0.93345890566874012428400
0.93357057373055263305162
0.93356065002908938943449
0.93352512221548145099348
0.93351176937579405379353
0.93351850415794979110018
0.93352879630988627734922
0.93352095013773717102623
0.93352966358741240604502
0.93355590292187262679846
0.93355321120102519039108
0.93350152386423201900101
0.93342886859452889325439
0.93346963532777749161795
0.93340973235603474922328
0.93352237537298876635106
0.93353740051110567499393
0.93352722715264313535499
0.93352994919673026874563
0.93354145875453842240432
0.93355645333254178019899
0.93353789278470533652410
0.93351789269137064319892
0.93351080807504804859320
0.93349092618760820538881
0.93344943428411142338774
0.93347234947476664945754
0.93344974314700412953982
0.93348651344130773033214
0.93350469725494567008184
0.93354277146258479724850
0.93357169009276397275698
0.93358293865694819135825
0.93354326253528663315251
0.93349295854112146475501
0.93347420083103083143783
0.93347407476717503271857
0.93346869566831436326737
0.93349223103969036774430
0.93349443537861287456536
0.93347813692900316606682
0.93348831341046389908911
0.93354053499858158371438
0.93358683184545976363466
0.93358271721175256629977
0.93353747104900131059679
0.93349301197304013211209
0.93349355058670413498589
0.93351403998721071975098
0.93351142003873555097471
0.93352378693254634001164
0.93350889420436589105634
0.93350856032126106054392
0.93350374094913557421194
0.93353715579281459913119
0.93357337699339881798011
0.93356342199125319503139
0.93353996440003028656207
0.93351255713651770662409
0.93351080296386657053631
0.93351225155621342377543
0.93348693508109303884623
0.93348196436976882406356
0.93345622128840943787509
0.93349415645162325816386
0.93351156174832083944892
0.93354296896994504173506
0.93355625903164873857776
0.93355284525088844116425
0.93354140472104341075266
0.93349753049575268093463
0.93346355520852408726995
0.93344573964917509911743
0.93343158443406482049909
0.93342077302863146748280
0.93342451147253457932607
0.93343248896551433979596
0.93347555660107595087993
0.93353269714797615375090
0.93354959118550140395598
0.93354194490226016789336
0.93351896465559636162368
0.93345692363841159533422
0.93341765260297626660702
0.93341915101613359695421
0.93343735148975415238937
0.93344120617958137309245
0.93346303752820436461235
0.93342780542049097469715
0.93345367331316897452353
0.93350713335429902350882
0.93352835715436310870530
0.93351234230586066509261
0.93350537740164929445541
0.93347170047382477253706
0.93346038516606211210558
0.93347644608638724594840
0.93348993983222283699064
0.93350961237108820434116
0.93350916811360129532460
0.93350195141020275713117
0.93350655438319529721980
0.93351814014375822381453
0.93350062237908326689961
0.93349962225777871616117
0.93354269423298230634600
0.93354540055563850486919
0.93353625299229425760217
0.93352886414581237595200
0.93351814793891263466463
0.93353225073852497128968
0.93352077005516909125049
0.93355252430834545496197
0.93357429524043411550593
0.93356996007640991042109
0.93351035583350949753623
0.93352793803239819681039
0.93358958586410611957263
0.93358516351704168290127
0.93355106936805432038540
0.93352659995876430265582
0.93352287881062823160505
0.93352243225068332055372
0.93352757269730468614455
0.93354225009544877789125
0.93358078601561100828832
0.93359543617982820862267
0.93354379185472302626891
0.93351387693998255645766
0.93352399510401817828154
0.93355076636898071118509
0.93358952271278794476927
0.93357215242106006414247
0.93353925885302813103550
0.93352652166761074248313
0.93353297955558445231361
0.93353794475824514176310
0.93353439455670961244493
0.93354914007094047523339
0.93357131290769468368040
0.93358005154697765171079
0.93354695710712565226430
0.93352451751522325107402
0.93351577381980133107930
0.93353659105398889561656
0.93357577019163562326298
0.93358299999641025657127
0.93356888211288635570639
0.93354938280840005226935
0.93352836173923992024726
0.93355265601468495617610
0.93351633212465501276967
0.93358715006037407135864
0.93360151446253758500404
0.93357952996423110292312
0.93352627706439839094799
0.93350266724553321306956
0.93349145574042369233325
0.93352047526689641010478
0.93358602414794911172891
0.93361391690506723151088
0.93359203108949806448891
0.93354469907039783205249
0.93350443387837800379714
0.93353014932380906643061
0.93349940083753535358113
0.93357926152924330942540
0.93360877635199568391755
0.93358503778345758306045
0.93351832174769899808098
0.93348625116781935862065
0.93348738313387336074101
0.93351505410437718435190
0.93356935142971586572003
0.93358439038529295039837
0.93355569990342024411234
0.93351812228599151399777
0.93350331074292458577446
0.93351573646715391152640
0.93351055374021230104375
0.93353533880894234986414
0.93355150564580502425827
0.93354035034650983959637
0.93350668613917275884262
0.93349246246557193718019
0.93349910529969715167198
0.93349469813712881993695
0.93351059785863854667554
0.93352773998115690101685
0.93353024609069212846890
0.93352216820110034412039
0.93350927420201990081239
0.93352718333450768195547
0.93348727388067098686975
0.93354191576447931311122
0.93352620779791539717962
0.93349592896631716776312
0.93348696399919073307672
0.93350763855118379375142
0.93352094690471376647878
0.93349291148536250872780
0.93350524330882111989638
0.93354557942746974052994
0.93355741026862859577307
0.93351547134486101420237
0.93355435158294175490568
0.93347477450092086748157
0.93356679026056055281657
0.93353182674666401741348
0.93351576180127560089517
0.93354128891461995998213
0.93356678241884893942881
0.93354647748360741754681
0.93355252927775311810876
0.93356136061060879249851
0.93351286119963872156546
0.93340281135075209295593
0.93342704943338083989346
0.93331011771581218194882
0.93350619496555464760235
0.93353854254165102855012
0.93356416878131764924831
0.93358846054289867932852
0.93359163358807650823223
0.93354654683068716281014
0.93347057024055934970619
0.93339877935718362778061
0.93331161270498508297777
0.93321620813273920003184
0.93319735784973556480537
0.93313816838252661156616
0.93326263767101003132609
0.93335379939505835888980
0.93348170821216858161762
0.93356213532310494684907
0.93349364644128463019968
0.93337894060777248927963
0.93322128925881808747533
0.93314071604006676441401
0.93311398195858907822497
0.93308025203932076774294
0.93307618618071108684831
0.93302145957603477288700
0.93307333582880780387114
0.93312063147128587736745
0.93327135468329225354012
0.93339191139145205600158
0.93327415641215571984191
0.93319848713243036542053
0.93308886531781898288074
0.93307293583960715377401
0.93305976213621955039912
0.93290772823130940771819
0.93299466150016296950298
0.93265474248889512765004
0.93310272919711012562516
0.93312787502599425781824
0.93318654223075303555390
0.93316220780153624758668
0.93308257686369111549851
0.93322608775035997830116
0.93318439352655524476887
0.93307057661267334136568
0.93277092937425909457971
0.93215018612894351424103
0.93224280785607016586169
0.93284040732050088617910
0.93315135976368035475303
0.93325901957737855685338
0.93302608068535985985648
0.93295006693586968182785
0.93318180570800723927505
0.93288522961328546045934
0.93225940961529574213529
0.93127936344402617585558
0.93119367470776392980980
0.93224088016708817061584
0.93286339106584947877820
0.93276922445122956162322
0.93235377407909925118190
0.93216472200279243409682
0.93109469605096006894485
0.92937390647271955756992
0.93095743228958871551271
0.93154224006021213444484
0.93012228931568885492709
0.92909543478736933419526
0.92644067368168547815799
0.92780811493191406302827
0.92425830479100890002542
0.92428683873041306284790
0.91899764913716297520807
