0.00726481438397712665084
0.00711863617427464876602
0.00848194017473675142271
0.00831718919331745840107
0.00975779438503284954343
0.00815186035577611031733
0.00958749262109312959390
0.01103646163358332384086
0.01087588687250719103605
0.01227377373942647835470
0.00942387191416756316020
0.00799709095648427209513
0.00925501046055462323059
0.01071782724925033833396
0.01213152970632794952488
0.01345356900111309948753
0.01332303560244395106149
0.01458501622776655487490
0.01197875303061916342495
0.01055169166356571992804
0.00908110449766962903040
0.00891462452080321252068
0.01038402457372060612439
0.01182981691461695503143
0.01318730189067864218277
0.01447073573056341724841
0.01569655999233370013979
0.01557891749820537394267
0.01434525945179033860899
0.01305416115954772214580
0.01166868931438463583006
0.01021181632978041854687
0.01012633929777669895833
0.01150773487037931239185
0.01291141575923788510638
0.01422260949329363921567
0.01546882004562078090359
0.01669700089026726272379
0.01657959777043679222563
0.01785437116593384734853
0.01534913363527905423578
0.01408950904085935068588
0.01276373661137945175748
0.01138114520428367727745
0.01261406623638969271006
0.01395876477679592990444
0.01522484372164867837129
0.01646359225812004528633
0.01773098892694635608791
0.01905845341415248958561
0.01892283200945792456804
0.02031267289323044483718
0.01760279399624248980460
0.01634701702257009350849
0.01510596128513248120884
0.01382395125112927114497
0.01497834005901283078999
0.01622625458385257291027
0.01747851885942891189685
0.01879040185228563614173
0.02016606055482224671427
0.02158974519096502203697
0.02143990676444693446734
0.02287071190772649656453
0.02001859656495534600662
0.01865483692009780800070
0.01735070618673702907975
0.01610372882003311550969
0.01722867136534275700477
0.01851773037101375404823
0.01987383682564512060731
0.02128866156546654203607
0.02272175636576162852109
0.02413027232268137242666
0.02397698431116822986864
0.02533783002848104259908
0.02256749351077494067375
0.02113825942714497863051
0.01972594536877368340266
0.01838652619173232471983
0.01958622665046127683808
0.02098225423126844416122
0.02241425880155414190886
0.02382380291225565105417
0.02519341059998772558437
0.02649214997389344114498
0.02635461984297968185409
0.02759062429007579433926
0.02505479055852745384758
0.02367648866667732346358
0.02225407630914914489106
0.02082525939880834620066
0.02209393175597616082451
0.02351822339632120631436
0.02490290378088928086031
0.02621915783465625371385
0.02746319529377106577472
0.02863325841189738249493
0.02850721355422800029622
0.02961193453068999489886
0.02733265501724818288820
0.02607649683865375517255
0.02474877843216648221070
0.02336218879504832479643
0.02293605437581571274142
0.02414083611452062100300
0.02459935184760383281022
0.02593495607225110299865
0.02720145026576899216497
0.02838724053308063627332
0.02950016440630757325048
0.03053367742686315458589
0.03042582355393325804771
0.03138366897026896584766
0.02938443780989492826183
0.02826190572654110541584
0.02706445939206891804218
0.02578614548948453266686
0.02530501517999699315209
0.02641853942935512913892
0.02692596695824041666545
0.02813551876833138287726
0.02926579593365309997499
0.03031704053277469931849
0.03128693175918186714091
0.03215534453767884132125
0.03206452456356022329143
0.03283365785131332759139
0.03118607489861366377504
0.03020394209450632735936
0.02914448961729610571014
0.02800602078362337057915
0.02747611729739851682552
0.02848423706495526244731
0.02902335107781212411582
0.03008905803357354510896
0.03108074162443606389128
0.03197470196387785373870
0.03275451555704997352869
0.03340821661524291663614
0.03334230863523839766271
0.03386616768886503703317
0.03267615765952250339588
0.03188320986152374386657
0.03097504698163047048842
0.02998085460473803171011
0.02944113707509793398387
0.03033374482922586781730
0.03086997761872963333407
0.03178406072611481003598
0.03259202810795579913217
0.03327662357347981741951
0.03381563956586049191078
0.03420390897541771696444
0.03416985162696295486029
0.03442144512820226320837
0.03376509575168636784204
0.03320482531346258259219
0.03251044790751821816910
0.03168647611153870002898
0.03116657334692742725712
0.03192645590543107675385
0.03241899554502807728751
0.03313443892772743870623
0.03370818564179977466777
0.03413107371913698395716
0.03440135038045891158198
0.03452121197592297741075
0.03451612315950557119404
0.03450839388319845713049
0.03437991005349822631887
0.03409140598456495557800
0.03365131807230590382796
0.03305976515536612064805
0.03260418370910738578017
0.03319321387480080737253
0.03359023542677905954656
0.03405045228524284511851
0.03435429004992701651489
0.03450907302419387728820
0.03451829664811435077754
0.03438824446878166463115
0.03441319033060718374228
0.03416769511160426542329
0.03452587745010919639821
0.03449974574027603324566
0.03432826047538917180191
0.03400524759849559569558
0.03368025732543523942386
0.03405779892560199112461
0.03429900396358587233436
0.03448854250826239448147
0.03453169304495741498418
0.03443532987152250063323
0.03420718700512046656081
0.03385697536682187591683
0.03390936717540101591473
0.03347800762114099687450
0.03424436216228154278296
0.03445635470376179343432
0.03453514583318720992944
0.03447498200373864257751
0.03432646888611416008397
0.03448405182177548961020
0.03453630969134485056982
0.03447406571952621456845
0.03428043627805880261272
0.03396228957803891501666
0.03354333223889068016366
0.03306263869285581274982
0.03313204371326830544042
0.03360585963355028349397
0.03401174256191107775349
0.03431329455688241630851
0.03449069600045527594911
0.03453727845390459905150
0.03449288634975668926819
0.03434447575507790922922
0.03405939912082354276146
0.03366585893924307903990
0.03320072482744307329483
0.03272550954424863906000
0.03279059290816752070263
0.03237730953386858123721
0.03326894603597956023844
0.03372582499783095127954
0.03410508909986205428044
0.03435602013537737003945
0.03413418833595568274708
0.03378590637829956971894
0.03333663496008244103708
0.03285750690343116481307
0.03243224485230188774976
0.03214155072973123861146
0.03217304224880625229677
0.03205431748051630613805
0.03248742222889459269064
0.03292718987564692556536
0.03340561822754841564409
0.03383716431837770904911
0.03347245996731035289073
0.03299796931730274857086
0.03254874053262874628034
0.03220934717270601543859
0.03205849847777607342092
0.03212613214919178561413
0.03210252730220664735272
0.03233513383976193561464
0.03206744634607915089841
0.03224988110262469453993
0.03260939619944765860415
0.03306966244940548471654
0.03267652353546558752218
0.03229637018116663510492
0.03208271439639618499706
0.03208411153468423981927
0.03228937279046619618361
0.03263382255639046825024
0.03257754394402689185339
0.03296658284201454264251
0.03224869595635344171614
0.03207119840875868183039
0.03210366021234811045870
0.03234632489202115407378
0.03212877509131822906241
0.03206317279396955072235
0.03221159689854474067472
0.03252278352606256806023
0.03290881203677164384969
0.03328173993090680071738
0.03323052330039515112059
0.03353988924005588817545
0.03284968976309849547635
0.03246877810822206694708
0.03217756636282433774232
0.03206078678724490899077
0.03214870003922210006664
0.03241784083937685606580
0.03279133041965214684366
0.03317744253576272728257
0.03350043825952753184794
0.03371952187173839904366
0.03369280275143787112269
0.03381234999564144971806
0.03345777186078363607535
0.03312188312688136432316
0.03273266179117333835036
0.03236836065808229578877
0.03267442623399874346291
0.03306505425892936056442
0.03341151319814763404059
0.03366257457057048735338
0.03379818898842984475905
0.03381894155284362324387
0.03381686743684740592553
0.03374357166428466892061
0.03378232860370462137256
0.03363127977112067429344
0.03336441791178539756357
0.03300666288992366165234
0.03288245148341947809989
0.03319407680756004258571
0.03331348799501537838452
0.03359649636258286997670
0.03376370863398650556952
0.03381325496312254791365
0.03375227916222812291069
0.03359133517609737273890
0.03360964358488906927880
0.03337105135289219343120
0.03375936004819987679149
0.03380714087985023375005
0.03374282570768054323462
0.03355881528052114676219
0.03345696224636585114354
0.03365084760797083102135
0.03371964420391329597670
0.03379954669900098185309
0.03376510430544889945770
0.03362705230220620206127
0.03339846823744206660844
0.03309182740676600703589
0.03312439440941479518177
0.03276547030818002109731
0.03342404187173942525790
0.03364266935795138385723
0.03376951711072390810431
0.03379024782330558585031
0.03376142891429022296901
0.03378936132764411709450
0.03377195366640830392901
0.03365790078455735412355
0.03344869399221157835189
0.03315806602317540596747
0.03280400678465980601750
0.03240369130097174588112
0.03244433801440534809180
0.03201179918638852317514
0.03283961931494785990715
0.03318847849196317201237
0.03347169300051328066914
0.03367174215032905926215
0.03373718329413318006704
0.03361121226880348783483
0.03349449029129819566108
0.03322050145434179979631
0.03287702300915185810171
0.03248427824548769798918
0.03205511054780452173674
0.03158733383265915212190
0.03163586629952116341391
0.03112463493602832254048
0.03210082364892474782181
0.03252412550267090585177
0.03291436808918144635294
0.03325138499489097704265
0.03341736070695365545813
0.03316560683883671561967
0.03295221965022911841947
0.03256688843430984026117
0.03214312468128587702010
0.03168439262452104471235
0.03118294444265944098671
0.03061178399085705270632
0.03067946763808265808748
0.03004953224644364012663
0.03123731387154364894099
0.03173438888083126435680
0.03218894367110063797766
0.03260850374069022145074
0.03286236125307433891818
0.03252546051809261651311
0.03223163485663545907434
0.03178172660589823755872
0.03129172272095881446319
0.03074477500378444694284
0.03012843849577492155722
0.02944598062794578571810
0.02952981759890274324198
0.02882797290613500762468
0.03020284999788791502340
0.03080930120651755380057
0.03134557601285923450485
0.03183201299715247151179
0.03215540160847830952751
0.03176558918882268350847
0.03139937121131755604075
0.03087065094272019652455
0.03027552536307223651768
0.02961623360890466502560
0.02891285557752578880275
0.02900007125917817771277
0.02830939460631607187957
0.02969847340242192865190
0.03035060682216993155347
0.03093194282761870320120
0.03134701682994407018201
0.03089646710931916520626
0.03042228919122081515214
0.02978086719170856822014
0.02908672368275361588830
0.02839157728697715502020
0.02775424180393790130061
0.02782674830883247532598
0.02728223232004845302812
0.02847651482311994858287
0.02917564322190751083252
0.02986075581051999411342
0.03040636772831480788559
0.02987092990254576821418
0.02926498788258798805506
0.02856334841162691540184
0.02790004386256098381502
0.02733777642101169538802
0.02691747208662792836820
0.02695534079120071729863
0.02667746148156465227363
0.02739874862903532784508
0.02797774877146840324937
0.02865436345683950586372
0.02929878776196066791915
0.02871564730449121041755
0.02806342431801650549872
0.02746300374213076281316
0.02699761132740778613037
0.02669391726330515995924
0.02656282767800509023171
0.02655920122861856955132
0.02657042986467123349414
0.02671455915732067615265
0.02704241809134777518864
0.02752936970596802854216
0.02814589187206763959415
0.02760455359547140871679
0.02709136329475154633672
0.02673802623448266399531
0.02655850524853677757653
0.02654701625534410663887
0.02668832584531320370469
0.02664899354300115374983
0.02689848418359038276226
0.02652721162996856535399
0.02656179054055436000725
0.02676768313999051615570
0.02714547785126853948756
0.02680124375293999744452
0.02656941142702827843292
0.02651074084395244750967
0.02661139160597187497403
0.02684637250899002750004
0.02717000234114581511125
0.02711073293623704125177
0.02746550428986992489766
0.02679677523886697665390
0.02657807647178890911310
0.02649782704175186395790
0.02658127791754879773456
0.02648913188035778576435
0.02654623220098209154805
0.02674788661687741223028
0.02705339695055730686590
0.02740618606661604159114
0.02774198390387397350487
0.02769061080840259925218
0.02796167326606002756506
0.02734652384268839581116
0.02699550947297496214516
0.02670083414193606674569
0.02651890466550240604837
0.02665665006249645987979
0.02693812731005951546792
0.02728603041730513420471
0.02763556244066589159813
0.02792159310893619836302
0.02809356090233673317047
0.02806960667793239119772
0.02812148590564842592920
0.02788033279469940770023
0.02758050285422442363115
0.02722448233922905580506
0.02688206768162787474452
0.02716276304727655716009
0.02752216841557322130063
0.02783543242228934608273
0.02804292803401106648487
0.02811463836101809471435
0.02804119993615332082082
0.02805036405859773207538
0.02785757172153763283617
0.02810539849078682803074
0.02801327245512267097305
0.02778662826945650643484
0.02746221702106530285215
0.02734636782465272447640
0.02762365708988605284002
0.02773569553030708068064
0.02798063353593931504304
0.02809315371923146176236
0.02805708969088211920950
0.02788048355040194034582
0.02757786496951744950601
0.02761258269390306357982
0.02720690261390763461935
0.02790168080801149613768
0.02806153681817342981919
0.02807799958334336598575
0.02794487329173567929930
0.02785406297289283114593
0.02801086464739726070161
0.02805938326811862823518
0.02806461061269887799496
0.02792107777844344759788
0.02764498416453482765309
0.02725107132294407943918
0.02674429426051225938687
0.02680001937742230652684
0.02618563693880300580208
0.02729415926618900326006
0.02767690032141112421726
0.02793812742058644771337
0.02806325913506857797075
0.02807040842891455126318
0.02802550779667238936566
0.02795366407515230411374
0.02770653525874308339971
0.02733719510469976438083
0.02685447074214055915298
0.02625108496014235195948
0.02552421732139595333955
0.02560289023854293508076
0.02475309121420560948268
0.02631725854687426077727
0.02690673221650578816888
0.02737780916166233577402
0.02773681879826083232499
0.02787641570384117098436
0.02762998183590313280855
0.02741981549076579621760
0.02696002737847637623081
0.02638389223082828957678
0.02568351146738588261509
0.02484799384627112833757
0.02387398597415228002072
0.02398347805074020622218
0.02288450128241473202628
0.02494586279974982112595
0.02576345605116774767351
0.02644670414350787021607
0.02701258702977251541233
0.02729489356372237496284
0.02687434668692699132886
0.02651179516164629129671
0.02583916152430514034943
0.02504087775372861035539
0.02409554529477848233698
0.02301013063223041055227
0.02180479352772403747740
0.02193818253962777353738
0.02065236296726665615742
0.02313701341835549749049
0.02420358286106376669022
0.02512911716123617314467
0.02591723039916602952526
0.02636857468856651856570
0.02577201170087009551857
0.02522198735202910158115
0.02431186525604842052495
0.02326016280529001958866
0.02207597355089658056060
0.02079514831719024223200
0.02094227691769653953990
0.01960137334902198671949
0.02222053620650180430496
0.02338251086138603412889
0.02441850619383564846565
0.02508752881503640771998
0.02430232475929205646081
0.02350379237181832864367
0.02236084827241893724370
0.02108803076748775109928
0.01975066610754603463329
0.01838734161654528506680
0.01853278642994613326089
0.01718432349436969583389
0.01990295101276614436747
0.02123954631563123099380
0.02249831663986048488346
0.02341268471508451548546
0.02243176322663191502027
0.02139079662457634561923
0.02005692551583960689388
0.01868839803331184476476
0.01732459361259680238887
0.01601947138337241061112
0.01615500707388837706158
0.01489473907180980001563
0.01747339046859580982685
0.01883813597500821890307
0.02021606835465623516757
0.02136513259428267710871
0.02023702968017302913917
0.01899231921107481443900
0.01761761178599419164215
0.01628914665210511036886
0.01501790968426749799114
0.01381064810383038875263
0.01392795600270036598944
0.01275029035685337416850
0.01514829653472119994073
0.01642754894200004062155
0.01776795458030238500369
0.01906862100482135252699
0.01788870594670620428612
0.01656568549247235122568
0.01527728734600176767333
0.01404650043283842998643
0.01286387895258758046202
0.01167213789720915675940
0.01179044644547049512651
0.01057256343575325302497
0.01297886472722237054256
0.01417079450306718557684
0.01541004678457782300915
0.01671154875783601237438
0.01554197413159325545651
0.01429436147857831261587
0.01310316045720892955129
0.01191774487404690004155
0.01070681591401691570842
0.00944651822870590934800
0.00958240051832730775627
0.01083500190107058482047
0.01203772178384151202157
0.01321875599305597989708
0.01442313132977869789830
0.01334261221751244924638
0.01215859950338808379011
0.01096144027166834171438
0.00972514748636121167946
0.00845536923594294824447
0.00860142340221321972937
0.00986155642320840110371
0.01109170544800225366444
0.01228814662242067208553
0.01122158411796711843800
0.00999963746997583821652
0.00874141359976607704163
0.00763459689991035760775
0.00888849150806890128673
0.01014134435817817640746
0.00903561575431072183662
0.00777156116878255451980
0.00670305604849798231104
0.00791905063885221631448
0.00719762270878261493923
0.00684207906000147692005
0.00621306428066799136534
0.00726601922605455557980
0.00711990369091477885710
0.00848334426220901001436
0.00831866786482386363910
0.00975940663916570125269
0.00815334343104118230983
0.00958919450875437770487
0.01103828173996581479832
0.01087781439433645712389
0.01227579411519471100367
0.00942558432744659488445
0.00799856917172739149968
0.00925672083497757793025
0.01071977240554937427230
0.01213367620879811890899
0.01345577937578813429442
0.01332538893854563061270
0.01458740786062593698669
0.01198092440651455682643
0.01055364126976405039771
0.00908281199347241510744
0.00891626401281615625638
0.01038597670040045280182
0.01183200213628535224508
0.01318968948247255072725
0.01447328743313932089554
0.01569912890465336927082
0.01558165985779342774253
0.01434785354711617250123
0.01305657179268649055459
0.01167088242968380117082
0.01021369621733997541668
0.01012812868259767642987
0.01150985545051485051116
0.01291384184807256758909
0.01422523502817673798915
0.01547161387691057231331
0.01669993482191321418351
0.01658258853621947387369
0.01785750272094487056673
0.01535196614706000294015
0.01409215589648968314229
0.01276609096356770729763
0.01138315519333308982464
0.01261629348918484778974
0.01396134206301651893567
0.01522770306779859181279
0.01646662928312654997076
0.01773418355555379105626
0.01906179000236225135057
0.01892623731180552090758
0.02031622245841985252568
0.01760603980741928809017
0.01635008610607411455584
0.01510875305838444739026
0.01382639503559358537532
0.01498099114561133454737
0.01622925640642379485623
0.01748179927806685005076
0.01879386502338010328517
0.02016968512354124984376
0.02159351075570020359051
0.02144375553393637959254
0.02287469311256735624016
0.02002228432475742364582
0.01865833698641045090838
0.01735391919902346674620
0.01610658228378848005891
0.01723172744515229920514
0.01852116275343452730939
0.01987756429832183632800
0.02129258138213733012045
0.02272583035845454277335
0.02413446450452289698818
0.02398127822445104626037
0.02534222330195988123758
0.02257164656854623169258
0.02114222248396888798050
0.01972960513262233747667
0.01838979104076142803703
0.01958970828859568982794
0.02098615076176728322377
0.02241845930379730150728
0.02382818454190055099118
0.02519791681825113774384
0.02649673420734079132277
0.02635932793448419325655
0.02759538881327551138045
0.02505939581638794849683
0.02368092396883128905594
0.02225821288295746352981
0.02082896494689242400389
0.02209786686047887985240
0.02352259899897207046093
0.02490756691307772358046
0.02622397407075242534158
0.02746809539509145747793
0.02863819269097213349173
0.02851229379433889085660
0.02961702684216932848771
0.02733767248618319475884
0.02608137755596225126897
0.02475338700687057524874
0.02336635359429340211279
0.02294006795557716055223
0.02414505582617706980209
0.02460374129330795966997
0.02593978968430875678419
0.02720653917141520328205
0.02839244785095220574567
0.02950541517391190929342
0.03053891725332840909046
0.03043123233301237365311
0.03138904316194025129194
0.02938982395061900607103
0.02826719058952174845611
0.02706950792483017384504
0.02579075077427716439216
0.02530943359332125247585
0.02642314720715341000434
0.02693078003793251615217
0.02814077158758559321639
0.02927126597824251247326
0.03032259325967266716528
0.03129248665914716176495
0.03216083890563152525299
0.03207021058054113082925
0.03283925589286322554994
0.03119178228734919774978
0.03020958486548477178735
0.02914993511741557907779
0.02801103075256583876951
0.02748090442237916333768
0.02848919500436901397489
0.02902854722266500972494
0.03009468449003604995085
0.03108654524371960020668
0.03198054868699658215281
0.03276031679345888653065
0.03341390018907287179362
0.03334820655854712351251
0.03387191646700492275723
0.03268212723662728552698
0.03188916012961520024538
0.03098084367196550850676
0.02998622635483958950853
0.02944625689661272555098
0.03033901535961197604152
0.03087551293859313802925
0.03179001348051618131008
0.03259810765282657868402
0.03328269728720106152009
0.03382161358491669184145
0.03420970203047383334516
0.03417588061198718191180
0.03442726182298058712483
0.03377125288078741682796
0.03321101605222032820963
0.03251654119276405768835
0.03169216160211997534990
0.03117198427092302340236
0.03193199515585921216543
0.03242481664828404663847
0.03314065349343285615813
0.03371446672251026538403
0.03413729150052258187742
0.03440741263801046917470
0.03452703235442704937652
0.03452219787490128782848
0.03451419890747980251389
0.03438616669218926696905
0.03409775488770467460897
0.03365763384178135225744
0.03306570530933898577342
0.03260983768310630331877
0.03319896763806744893754
0.03359627510047663578874
0.03405684737650304522161
0.03436068457803700265663
0.03451534647981865239208
0.03452436377836171077504
0.03439401593888499059082
0.03441923111763503517757
0.03417341619136970987114
0.03453214715149904162628
0.03450616390327521099124
0.03433471185299545591629
0.03401136559572012774133
0.03368609377547081978888
0.03406369991153484350077
0.03430517863881354934108
0.03449502784089813339774
0.03453811355907828589684
0.03444157626214544576371
0.03421318391262741925862
0.03386263121063025349766
0.03391530407944008673748
0.03348358715910674382465
0.03425056665609176737020
0.03446275752529321528828
0.03454164359807453121842
0.03448119204465553699901
0.03433241653326869063934
0.03449002761802579669626
0.03454253467084936191078
0.03448055566080242967386
0.03428680275622231904409
0.03396843549780260290705
0.03354919719056300569937
0.03306813603960730846287
0.03313782891190784896107
0.03361193364132402522371
0.03401805562463527943251
0.03431975778505932245244
0.03449691616991621551103
0.03454326507468296475478
0.03449886777889533268082
0.03435067297398152613708
0.03406581773279071523319
0.03367210426618126584142
0.03320671820965995918451
0.03273121607461365600855
0.03279650465646608697989
0.03238294772902716028851
0.03327511402832518394579
0.03373218361628214229109
0.03411124632137416123889
0.03436198130861920635448
0.03414011539787255300471
0.03379200939011062915229
0.03334292300730049007917
0.03286359488144588447689
0.03243808424088589353884
0.03214714012929847236633
0.03217882714056456705531
0.03205988380353729655381
0.03249343809914748831824
0.03293340350406839117658
0.03341165574039740848722
0.03384304464878176710307
0.03347828337883888144555
0.03300393614862176527858
0.03255488510210195057804
0.03221530802223501743775
0.03206425495523924917851
0.03213170307902926681187
0.03210828377235480646235
0.03234073313986649683693
0.03207337734857256678067
0.03225597130748655838595
0.03261529550575279629010
0.03307542322564523823436
0.03268222325959106028259
0.03230221593642810390401
0.03208877499803147737012
0.03209004179451994953620
0.03229515443328782875465
0.03263946544955063228111
0.03258336861860861022322
0.03297227484182901208198
0.03225465300354620618029
0.03207725875514601254768
0.03210947387938759001180
0.03235197429030945565076
0.03213439356155837339779
0.03206898162651253963995
0.03221768550342917619700
0.03252878758956596894070
0.03291468731048736995337
0.03328747780843867298817
0.03323644722310857557712
0.03354566304106435664645
0.03285575034836301505647
0.03247491679579154327806
0.03218339821056601796068
0.03206640045714912595765
0.03215433646663525685261
0.03242371871455562021280
0.03279753132785434566188
0.03318355954388841483338
0.03350640113155089333530
0.03372531784701678081451
0.03369879045526039118563
0.03381815292249329418794
0.03346393656920636228147
0.03312814778592947789759
0.03273859896951298448231
0.03237404289472224638846
0.03268016944214770930222
0.03307105399765759845554
0.03341783386933400157304
0.03366877296760497489947
0.03380418594459415337905
0.03382473645362906594647
0.03382285824772878618516
0.03374934452021063902016
0.03378854495299866284030
0.03363764283006256960995
0.03337047389920336226687
0.03301247172303542476435
0.03288824319326216077952
0.03319993267973202211163
0.03331935828736225929658
0.03360259638409555937866
0.03377009727434394231738
0.03381947274696033012287
0.03375824890532801852983
0.03359707285185861702637
0.03361557821895039960269
0.03337674210197406898804
0.03376556356968743455305
0.03381353822709283474257
0.03374895414805141602432
0.03356473635867057714322
0.03346287368388781852113
0.03365680223127722608956
0.03372560110426091328772
0.03380568744370224948392
0.03377149411505044052095
0.03363322714445925870619
0.03340435572043434775402
0.03309746110855529832584
0.03313022382398706638940
0.03277103907392121123765
0.03343017522717152412159
0.03364903612001758637096
0.03377565381798674354341
0.03379622447442439531207
0.03376741152363535447556
0.03379535719682015548759
0.03377793447902132512040
0.03366401866362279948763
0.03345502385649222476527
0.03316414625469753935105
0.03280977005408755586835
0.03240918931219836235380
0.03245002816179493737581
0.03201722139058979510473
0.03284563664547467815025
0.03319475866676599440375
0.03347777841007242016769
0.03367771273610518922847
0.03374317767750793090054
0.03361719126137348301331
0.03350043686461998126980
0.03322654268038260222395
0.03288324387511084440083
0.03249022606764379733635
0.03206072248559074799878
0.03159267470878076439211
0.03164139504639476574432
0.03112988817924551912530
0.03210669697139499623173
0.03253027906935857666015
0.03292035466386582232001
0.03325729550324298122721
0.03342331142730921994533
0.03317151827051693924187
0.03295808413882145293528
0.03257281273997944537335
0.03214920525589623490070
0.03169018540423751417734
0.03118838443628809201091
0.03061694144965389219326
0.03068481012628436824241
0.03005458583535443317647
0.03124302036952584724072
0.03174039098627110672135
0.03219480005996763066767
0.03261431431861261387439
0.03286822352987354978193
0.03253126647896495415857
0.03223738539839330480286
0.03178750986351348839509
0.03129764005853397784707
0.03075038706690388229381
0.03013367533722878868763
0.02945092352882990385798
0.02953494086331152554403
0.02883280292518925272405
0.03020835878379481836964
0.03081512609553173007160
0.03135128060988472825654
0.03183769901595361051516
0.03216114426632597084188
0.03177126400575308595720
0.03140498659382445073573
0.03087626969142806890312
0.03028124778711567544054
0.02962163111838617829408
0.02891786257090290385152
0.02900535214154211643978
0.02831428792981576653132
0.02970408497796859018103
0.03035613145472955756721
0.03093748131300590870074
0.03135261796732372041596
0.03090198788427245962795
0.03042774301268260511710
0.02978628870801290282055
0.02909221782012092263892
0.02839674296807899456230
0.02775902999007403421095
0.02783180694926350173812
0.02728693001838986692542
0.02848189181087919935598
0.02918095503276335600518
0.02986611529530651398812
0.03041179997938884757569
0.02987626477753770395940
0.02927024642551663904944
0.02856854914082221016947
0.02790530993758201516730
0.02734274207746802826113
0.02692209807393099174622
0.02696023277043146926246
0.02668203737561990890326
0.02740391775133449794866
0.02798284303727844798959
0.02865951833900612366612
0.02930401800694843253425
0.02872077039524551997363
0.02806847881685857817868
0.02746800452833976849409
0.02700270229699038362914
0.02669875748016146965735
0.02656737496834591510941
0.02656401267778825403543
0.02657496942289827579486
0.02671959430815346384080
0.02704734265582240532177
0.02753433385926223192497
0.02815090802326808763767
0.02760947746853418399704
0.02709625398779513111291
0.02674289555523158556927
0.02656350842593663968971
0.02655182126187847005405
0.02669287652266863139494
0.02665381269683366957657
0.02690306162919635368791
0.02653220606052596186597
0.02656662775296589340535
0.02677252081636402950005
0.02715032384367107795575
0.02680603234659154412989
0.02657421861548197802860
0.02651556883739773426423
0.02661639882941703796893
0.02685122278959059874404
0.02717461675892211131478
0.02711562626428451472371
0.02747015940582754264798
0.02680181419523604974264
0.02658291691615782131874
0.02650262667383793471765
0.02658603085426080800402
0.02649387196495090260329
0.02655104560251357950773
0.02675275807076572809340
0.02705848091413294229102
0.02741112803518176016526
0.02774667633952183909418
0.02769559936090754126425
0.02796639332910570013846
0.02735165940676043475066
0.02700042600227531980339
0.02670568054106013666793
0.02652365347107930523829
0.02666142718747872841778
0.02694302181971120271897
0.02729099984197608935732
0.02764074841102433233164
0.02792661823656367864332
0.02809829360994760619197
0.02807465325013454998659
0.02812621355359947936114
0.02788556070161973474142
0.02758552592940054573600
0.02722943391248363806389
0.02688688855000785291050
0.02716763752589788916136
0.02752717894491790717737
0.02784050198158440764251
0.02804818243194571319998
0.02811968787092744559430
0.02804590431072164977144
0.02805539689924780102914
0.02786223566228498635389
0.02811066028823729426311
0.02801837436014154025798
0.02779169169466213715203
0.02746714825064808934707
0.02735117859045091762149
0.02762850916362492512124
0.02774067919005528473630
0.02798573700362003494058
0.02809826992414463792125
0.02806233791781131969856
0.02788548060792117241902
0.02758247259479064406040
0.02761752630265206648330
0.02721143880628507094599
0.02790689537279532339564
0.02806664710513251392854
0.02808312543589555621004
0.02794989758521946449088
0.02785894809926304019343
0.02801576975068844482797
0.02806443115182265593543
0.02806973851534044078759
0.02792616248659169839175
0.02765014606557722812163
0.02725594479042252327172
0.02674874394215702097521
0.02680480687167216199973
0.02618998454601733846814
0.02729925095117400127287
0.02768194033538921849935
0.02794323654512414698003
0.02806831037224258654228
0.02807531656872872330433
0.02803040119711668401448
0.02795869844394114137054
0.02771160602279197984754
0.02734217294436026499116
0.02685947563330638027113
0.02625576913450555424645
0.02552844630124178823549
0.02560745340635144431940
0.02475718384748573988596
0.02632215832978660602359
0.02691163136905052113979
0.02738282371651683602676
0.02774181679981099421517
0.02788127667712203550110
0.02763479372020778701557
0.02742475906528530141260
0.02696496927279605493322
0.02638869599943053853575
0.02568828832712589591014
0.02485241714088535364136
0.02387792487983525502315
0.02398774231985581484317
0.02288826890870449340398
0.02495049769240365380996
0.02576814663269239372156
0.02645155543234659761831
0.02701745944401298671345
0.02729964152225756307546
0.02687901654813814114608
0.02651657958707677800736
0.02584390456705654495750
0.02504543650473035551474
0.02410001741964534413554
0.02301421690132569863874
0.02180837583040170710169
0.02194207359952313543539
0.02065574878674790101907
0.02314130276057927565470
0.02420798872122489203695
0.02513373290520725528152
0.02592190980205026293315
0.02637315252988806438261
0.02577648232062887054261
0.02522654348861592260578
0.02431633382350755281931
0.02326439665652056329459
0.02208006145597355557308
0.02079883188478457226034
0.02094615042219499095877
0.01960484094508121305500
0.02222458061679735696892
0.02338681127078511348683
0.02442291901408761428671
0.02509187751593619855606
0.02430653492007584307033
0.02350804172815048470602
0.02236496305816895735497
0.02109186870929876181369
0.01975431489308591276322
0.01839059023553032967691
0.01853620598233824551260
0.01718735555301369177794
0.01990657281481903254083
0.02124345683134140627679
0.02250238600587701684463
0.02341673899239849962473
0.02243564643666759450547
0.02139466741499432972384
0.02006062025797485104395
0.01869179851145527648804
0.01732778619102378833694
0.01602229402325512641614
0.01615798032810051090835
0.01489735988544347959628
0.01747656958435093305093
0.01884160795498904597545
0.02021972803527597936646
0.02136883029582943571700
0.02024053175350050068348
0.01899575872178966076675
0.01762086024212055485050
0.01629210997830087687133
0.01502067011125032824914
0.01381307478838634389406
0.01393051269480086347408
0.01275252754195090390543
0.01515105195530129164605
0.01643057915696672505179
0.01777117365824692693521
0.01907192095197962275477
0.01789180202609083614185
0.01656868809145446014286
0.01528010647464179451449
0.01404905511777284655983
0.01286623707620421219744
0.01167418293160364488326
0.01179260478795530163454
0.01057441305175152099216
0.01298122495035872181468
0.01417341041454565735147
0.01541284110108803208361
0.01671444218071964707417
0.01554466925845948872820
0.01429695455923907579376
0.01310558003165395238310
0.01191991189657307277650
0.01070877320058489373666
0.00944816837145499507922
0.00958414974077637440986
0.01083697177684684459509
0.01203994522166639685734
0.01322115490270305178389
0.01442563635675813728254
0.01334493327970916014269
0.01216080694020070691874
0.01096346538086140701140
0.00972691528406509527127
0.00845691045820203685102
0.00860298669259647146024
0.00986337875269383337895
0.01109372001446762984189
0.01229028751987349017682
0.01122354214432623280284
0.01000145439175475006732
0.00874302924379729423654
0.00763600814766949003570
0.00889010709870952792189
0.01014311653699138254803
0.00903719709782512502227
0.00777297425374124262981
0.00670427531224923167058
0.00792043860887531835091
0.00719887237293830375973
0.00684327997927875342904
0.00621414326483932244471
