0.07291629510380998047125
0.07220480515691364564734
0.07586907626346059418943
0.07542151278905113997997
0.07750314585570659831060
0.07491584846915352868812
0.07727527101811616783156
0.07819897798385114229269
0.07811792752501213465965
0.07836544904795954280541
0.07701623377927083180516
0.07437721327777188640162
0.07671035303262126181512
0.07801684788391434477450
0.07835404820711708295811
0.07833399037531268982448
0.07833857979529776360827
0.07828417958869166026759
0.07833351677129496426488
0.07788827812026478947249
0.07635099903412641275668
0.07595374375252580967377
0.07772975828025437128321
0.07830272765154762393269
0.07834294748871049873795
0.07828413151873445108286
0.07826335558028126027086
0.07825870547050460535043
0.07828568957493271807113
0.07834571746626430022165
0.07825701646122323884569
0.07753608352570914852286
0.07739168353963454816125
0.07819466098617978977448
0.07834470899163979706881
0.07828823701644689603274
0.07825456696648247501003
0.07824881611889292210016
0.07824525519629188519133
0.07823276593791894661933
0.07825102881016285372162
0.07829246894990367355849
0.07833907910603365998270
0.07812576002187274215594
0.07832729784203733280901
0.07829696701303555383955
0.07824817649810909825359
0.07824123453111472836774
0.07823273372813115134061
0.07822212927715317676292
0.07821983436562780778178
0.07824939589885715474082
0.07823256690414152891844
0.07823715975248374254747
0.07824670239711804808902
0.07830162702564050225540
0.07824722344004456098254
0.07823264947803568181151
0.07823157425948212839728
0.07821914873248363153646
0.07823779314488457647947
0.07833732743316887403573
0.07831330748614961922982
0.07846876192678425843141
0.07822884909114176388290
0.07821974733977644922422
0.07823043143388473674715
0.07822807324891414837431
0.07822870902826831174259
0.07822079254021563343713
0.07822206340217016662386
0.07829186618449163193034
0.07843929894158689630768
0.07859619268252560075894
0.07857026242634056190095
0.07866657423315909225536
0.07840956123148384859789
0.07827326849319167501040
0.07821815768500682553022
0.07822189615664230932790
0.07821632719597577942938
0.07825682178956680501436
0.07838060056635631767108
0.07854291527044249265899
0.07865492646511393348696
0.07866170397937831404445
0.07866364098233838419993
0.07860208590052804311643
0.07863997810526712761714
0.07851481686521451230920
0.07835304984157594188066
0.07824325032660027490206
0.07832741794943484658909
0.07848430720487382938888
0.07862128681432617449687
0.07866351651871901495827
0.07861164249667113024245
0.07853625430269445262255
0.07854244488028325199558
0.07850621427766461823960
0.07862015232311328483128
0.07866054111246047197969
0.07860008283033630138714
0.07845396155284189987356
0.07840540853672955945441
0.07853094392371127996366
0.07857692288244343126191
0.07865415304150562281205
0.07862765991481331095958
0.07855021138348518283667
0.07850326936591260629239
0.07852698494776289006580
0.07851402012386876627659
0.07858162624105352600523
0.07850203213018935866074
0.07855933563264688723748
0.07863450501634353106972
0.07864519078934791018742
0.07862337547827451256222
0.07865050453350963532984
0.07863985101012618827987
0.07856886442999799768927
0.07850334275459125432661
0.07850338516729558901996
0.07856541066570738029995
0.07864188127452419185826
0.07862666844950519373647
0.07868573819633088717307
0.07854884166267837863895
0.07849457358516161165074
0.07850741144779492530770
0.07857971264200011574097
0.07861521197229619228874
0.07854862600682177564693
0.07851354496618194456214
0.07848745854959643386550
0.07853281076793160175864
0.07861141898868626021191
0.07867560091439083913567
0.07871165770820930107643
0.07870433312281695237278
0.07872913399631709108206
0.07866409468104876290262
0.07859532682259809388547
0.07851816992704975517459
0.07848362983052072083812
0.07849544570732054638018
0.07848482372141725449399
0.07850532296712564583885
0.07857826643470053329388
0.07865169643866823379064
0.07869718229836038247971
0.07872293759626952658337
0.07874774525171182593120
0.07874061156503298075648
0.07876552762919117323115
0.07871653322380452177942
0.07868921981911421170697
0.07863909727751434985965
0.07856252523332032944303
0.07851984085960145298699
0.07857907336799761777169
0.07862536923996640836343
0.07868068593613976313694
0.07871064405706555688891
0.07873396164586972389987
0.07875883277816929373127
0.07877220996105531447551
0.07876782932662923508715
0.07876116295977952930230
0.07875176826420342279800
0.07872756909141674641628
0.07870490107037382554456
0.07867216736255838727132
0.07863685574589349136509
0.07867703430497784145015
0.07869899317577841446614
0.07872149753451528064740
0.07874528586474958957719
0.07876335048496818647124
0.07875988282591815659028
0.07873797363895818079982
0.07873755219865889720676
0.07872151652383344022645
0.07875802595130244887489
0.07875820240084631385091
0.07873887889074578094739
0.07871616482785000201705
0.07870032182270461640350
0.07871553259545799319241
0.07873236156408772168369
0.07875266862568994219451
0.07875632543033236898644
0.07873758118171057807100
0.07871813830783723486828
0.07872982045582706256415
0.07872094723690215012368
0.07876883685943435187138
0.07871549580878313412402
0.07873743295010889042818
0.07875394257109875895129
0.07874726219718472530751
0.07873092587135840925150
0.07874419660593567904527
0.07875076845412748438591
0.07873720025132638355991
0.07871412646482893460398
0.07871314119830158384516
0.07875466162300692740672
0.07882428386282511190153
0.07880958134737216236321
0.07874106744175554672971
0.07870610269681858894852
0.07871325171295176503783
0.07873738392675942721066
0.07874750499252247681881
0.07873505945475336997852
0.07871309242363948299737
0.07870053862363277086267
0.07872885093183548677054
0.07879442198993460988454
0.07886195171133088266391
0.07884972813104292044262
0.07888995678703303315871
0.07877873166464273435583
0.07871733306875339231112
0.07869688793599835530124
0.07871197647268562969103
0.07869438211486085021917
0.07870722673839512795180
0.07876363235173482191254
0.07883707187095098656293
0.07888434414645212333639
0.07888777683384336214534
0.07888747756003690325688
0.07886759982439736638149
0.07887740486049356347653
0.07882317914298060668177
0.07874924668304705832611
0.07869933468626384709399
0.07873561766734092637332
0.07880856103171608728619
0.07886891411143974461861
0.07888690194185890569578
0.07886885246499782120555
0.07885012086540320319639
0.07884806061410225275221
0.07885121013865779848739
0.07887022852429045882694
0.07888513010693382065952
0.07885997812874466494915
0.07879386679983321761789
0.07884960881667420207197
0.07888277383497251105116
0.07887222288537401593267
0.07884762307310030915453
0.07884413229223187491446
0.07887086638960663642628
0.07886018458985809276296
0.07889736910185610185842
0.07883834917790409624327
0.07884813268416447640252
0.07887476064088466687352
0.07887972701383948181952
0.07887714498394146622751
0.07885042285244132920230
0.07883426737847551435401
0.07885044805687166369346
0.07888671598973071019678
0.07891696876412628014474
0.07890904711761817513782
0.07892585377517158384819
0.07887567706588698157599
0.07884138510666797994286
0.07883226087568545592532
0.07885376826172070530152
0.07883186434706337952782
0.07883409630388221733810
0.07886496658005050230944
0.07890039800342958653534
0.07892070170393740424775
0.07893136131739900140936
0.07892690021106654740812
0.07894555151333133846681
0.07891474992841289448631
0.07889097807315124943894
0.07885487788931358488220
0.07882814914487144830613
0.07884520891561526412250
0.07888142741415421488327
0.07890819594050436924793
0.07892221943110160065071
0.07893925819820832301410
0.07897332110520327574932
0.07896474673806405664145
0.07900748106957593275279
0.07893317563501418832050
0.07891717091668773442770
0.07890135745239418296748
0.07887154333217726021044
0.07885936255861540622458
0.07888372588071142221811
0.07889388361486847356385
0.07891219186978704058788
0.07892715404976349824473
0.07895640122836369845238
0.07899831615234316484209
0.07903391844259562148967
0.07902677667426369345627
0.07904218157917339282470
0.07898913421029632453418
0.07894803374753374403117
0.07892182799045777130686
0.07890697242195933436282
0.07890081775364041205556
0.07891087802349304458627
0.07891708852279694097476
0.07894068561903930247858
0.07897957810545248868994
0.07901909711632634780720
0.07903787480152717204174
0.07903329956233921815834
0.07903080732939440911089
0.07902096134385885872753
0.07903320816770727230693
0.07901094086798930715698
0.07897104100847218699499
0.07893433214006277676145
0.07892349036079386592757
0.07894505166192915257550
0.07896304258277660192977
0.07900322721281492766021
0.07902816716439867161803
0.07902853686336470950824
0.07901729943036688019742
0.07901921637396615294424
0.07901234005020982276157
0.07903463236512811573853
0.07901400992357676678068
0.07902584522020712765045
0.07902345206273103661587
0.07899520008652857749887
0.07897581894979445460425
0.07900482036251117723413
0.07901850961101601622527
0.07902369184984690819729
0.07901119668374040339032
0.07900606283541759811140
0.07902506664182683271402
0.07905940204119230041435
0.07904984143093951587389
0.07908007798848309954920
0.07901543000238567260318
0.07900051502033149375404
0.07900978423412258200287
0.07902179048319746268447
0.07902112200716930601185
0.07901855528666104633295
0.07900924401828147980442
0.07899645589113245269797
0.07900643966555064012791
0.07903995639578136056524
0.07907372372000791294067
0.07908742214701822148548
0.07908471054611018735692
0.07908472700332916383026
0.07906634307008700290886
0.07902975931408544318924
0.07899891893034916012795
0.07899363684936734630870
0.07900314786675423361917
0.07898927305476248494909
0.07899241528428577185927
0.07901993404428357681279
0.07905806222291909823863
0.07908152565289267021953
0.07908385853811010501868
0.07908624699731620077969
0.07908280565339283196824
0.07910377703191324993970
0.07908285963368906490434
0.07907749088944696080894
0.07904978675230524276518
0.07901026581950260085918
0.07898993432031894967871
0.07900933501008061687898
0.07904083030290720568445
0.07907270046692642384567
0.07908139464832306120279
0.07908047916787290521068
0.07909599017728351222356
0.07908899893982665463277
0.07912653289779965348760
0.07907867828918314911935
0.07908042271225697306125
0.07906702737323863250385
0.07903880208384390926302
0.07906479208192349061868
0.07907867285555218728188
0.07907756230276419273650
0.07908289903229838435639
0.07911535579953070385084
0.07916348661626466942653
0.07915097653120206633304
0.07918678671176344885385
0.07910485506895119367510
0.07907885152119496774414
0.07907694575381683799176
0.07907638148316938064841
0.07907602839105803971265
0.07907564710642951688602
0.07909565822811921720348
0.07913858175460473931562
0.07917785873130182838775
0.07918280612299359588757
0.07917942739804574581175
0.07915355212936993345441
0.07916796470266061758192
0.07912731270045703091398
0.07908779246416709762801
0.07907343715041682818967
0.07908252862459921872507
0.07911596184759230043770
0.07915790936461718219075
0.07917494923355447578039
0.07915474293746363465551
0.07911868038681832415726
0.07912008769615169745393
0.07910068780998757986822
0.07915546475295938411154
0.07917053118743100359467
0.07914782603433796748238
0.07910550548050547525758
0.07913706354708177626023
0.07916439044464120000644
0.07915547836278273574617
0.07912149976226329206597
0.07909821395985951186791
0.07911324525811488928007
0.07910517096955110849521
0.07915079846305617117252
0.07909633351419363689327
0.07912396458069012594727
0.07915512960816548093668
0.07915724595385517647905
0.07915415414452736664330
0.07912615229648746473234
0.07909609286765426072741
0.07909809248273361181880
0.07913985005640175596220
0.07919709457181016432070
0.07918559140966079101798
0.07923402490001711651058
0.07912910856249838476018
0.07909342007953899800210
0.07909703754699254352190
0.07912829924454370389419
0.07909899464139832914178
0.07908936733752036651879
0.07911952021848879523791
0.07917448261571168044437
0.07922544388829184935918
0.07925787708014878085727
0.07925040620583849448888
0.07927291912946402008266
0.07921617502933482601879
0.07916434724787561882930
0.07911100076192061070213
0.07908631046916811402347
0.07910329080994937811511
0.07915364949055174459414
0.07920709225234441597241
0.07924305924854167793026
0.07926605674105446919242
0.07928901278513450501251
0.07928025098823980598706
0.07930361540716589219269
0.07925890969505221261837
0.07923680525515151840121
0.07919798685661662285273
0.07914293099541187814783
0.07918824907900180731790
0.07922957319941671683328
0.07925246920366382785694
0.07927174468809373986122
0.07929591909273860095286
0.07930691437720122083377
0.07930215395416456702904
0.07928566775079040618301
0.07928716274693733967460
0.07926459282508169224002
0.07924649767835620362000
0.07922189544482846623730
0.07921002601089069394824
0.07923335722442612083505
0.07924042765107200403385
0.07925714759540017362305
0.07927862032667076785941
0.07929630945062088320796
0.07928712632087331346753
0.07924365622748384685448
0.07924840779998013062801
0.07920180364995756117086
0.07928680357092922348361
0.07929044147390539032383
0.07927039278939271294000
0.07925030881544224692359
0.07924497182677253670491
0.07925449735699779951759
0.07926239317099718906245
0.07928329729725037966492
0.07928582327240937810409
0.07925274113782214413515
0.07920498416722214496399
0.07919313953459326815842
0.07918760465489427247121
0.07923649934426717222902
0.07920876704321620775939
0.07925752286759225884172
0.07928406670012386192603
0.07927599954467927367840
0.07926723620006341508581
0.07927846818868251876911
0.07928089426301732078883
0.07926093402463091353027
0.07921405112236934442649
0.07918427287209232889875
0.07922086599380062654774
0.07932206434325149435605
0.07930006621710326830677
0.07940901411797078590649
0.07920648789633462361071
0.07918369057137114586098
0.07921985968759300000830
0.07926375226897525161363
0.07927643781017390534060
0.07925254558907980639848
0.07922608365036215571919
0.07918478055998512399327
0.07919503209735048732121
0.07927845105683592463741
0.07939081487604222886478
0.07945086534113987575267
0.07944390305033123544920
0.07942091639344761588859
0.07937013650691020216765
0.07925861275855214382879
0.07918672915078509011444
0.07918803600558613209337
0.07921381601525021021182
0.07918196375359688732321
0.07918082676689802701375
0.07924035345470653579625
0.07934931346230567061895
0.07943441861383448987510
0.07942851625865983422603
0.07933420661891105174490
0.07934876408595267771595
0.07923371738935035268891
0.07943322373194708352351
0.07942319753495835632506
0.07932889404172159542039
0.07922379087648141748890
0.07918449902425050979105
0.07923407255508130297983
0.07930759105609229420164
0.07940904629631931332945
0.07943567081053445888550
0.07936343693455991110675
0.07924696160244175391352
0.07926139514555213816394
0.07916944335266543064655
0.07937814543897345198609
0.07943548114003529114768
0.07939277906236914816862
0.07931636874575767603979
0.07939478105184102907366
0.07943216340095157756984
0.07939047279898349407379
0.07927705837302147229284
0.07917523149494029577333
0.07914149137892545482487
0.07913697060061379573437
0.07915170721108409634947
0.07918392768405646542362
0.07929381956240127982127
0.07940035804896157511923
0.07942893404749272467935
0.07939663045249564787831
0.07931043267560058951382
0.07919451556519417623203
0.07913485664769642768945
0.07914211139375323944556
0.07917194152776160787077
0.07916345666831506311389
0.07918819612567676302639
0.07913363571677047014763
0.07913494114387160938140
0.07920735439534873356671
0.07931106815657459896407
0.07921121250787289957973
0.07913744853561396896957
0.07912615653819583816375
0.07915512139833780214104
0.07918181932808877887542
0.07921838931377654657862
0.07920892153249206590893
0.07928371863021187182508
0.07917596681197633379234
0.07914664130756055016036
0.07911995630578752547457
0.07913962030591199792173
0.07911573188372569842564
0.07913801297354111641269
0.07916967072744031386211
0.07920062731931805377616
0.07926855302738150532704
0.07934578753198809342173
0.07933976141560566963662
0.07923470355537093334775
0.07925405180604798427435
0.07919293550569724005062
0.07916292188832682596988
0.07913002995025773811388
0.07915672754219016393762
0.07918639201568794527830
0.07923984883785128996436
0.07932902966668316235843
0.07928190655426994859489
0.07863415837423760879066
0.07880153247545904071636
0.07931290308013438927759
0.07931542319065298940473
0.07922754371766008163469
0.07918100507656257447398
0.07921693231836943183133
0.07930010094679243448645
0.07933122225853354858582
0.07894381839912152643013
0.07750928286458816374171
0.07784151975010564217250
0.07905524629999979846495
0.07933913053487585964607
0.07928383683627954203743
0.07933867504513328339222
0.07914328590432398446985
0.07812267724313280703452
0.07613375263185687136236
0.07837153480820543971497
0.07921069423153798139126
0.07858195228823516842454
0.07659975907231447722623
0.07347984977000765471900
0.07703605438376573411041
0.07537625593837543602760
0.07420192307320669367066
0.07177610728299628484184
0.07292838825833174165592
0.07221766195212377115187
0.07588163558570867883724
0.07543492169849164152851
0.07751595141580910897083
0.07492947810125592800201
0.07728898818965745931564
0.07821187419854092048865
0.07813177212340283173120
0.07837834850426970978443
0.07703022837473605388681
0.07439096161981111066108
0.07672452949362712493198
0.07803100685309931339173
0.07836791163397219261988
0.07834686015231723255070
0.07835241702915492212345
0.07829701632001333233557
0.07834771599657103235970
0.07790266918501055626312
0.07636535511646808105368
0.07596771246623906792550
0.07774437083422310046377
0.07831719164808392807942
0.07835713143236419653270
0.07829793556339505189445
0.07827616404061094046440
0.07827248117076585076646
0.07829984598346746704767
0.07836018486717025166577
0.07827172457352785106544
0.07755035699903418955348
0.07740535902439543702869
0.07820907006895401469837
0.07835942993776914833326
0.07830268902453428603305
0.07826870036292010723855
0.07826256552582963599285
0.07825936955178437737235
0.07824648736796580017483
0.07826546896051626844848
0.07830717674484982682159
0.07835352901866805830355
0.07813955739527943256117
0.07834112778867534376825
0.07831142319369657767147
0.07826287191203158688513
0.07825566744542658548234
0.07824682892531978350981
0.07823582358323175056647
0.07823391045367820983980
0.07826306955215310556806
0.07824699219090508472974
0.07825184826237555069106
0.07826116316106393466789
0.07831546887307451465521
0.07826107255817400798481
0.07824712215803304726780
0.07824625682235783474816
0.07823356479166267141157
0.07825185515729565777221
0.07835099045502658121620
0.07832736569956526284653
0.07848242118122426835836
0.07824326000941753123108
0.07823442297140742462958
0.07824491801493528575495
0.07824193449561249458224
0.07824258532661208798142
0.07823529112397703544346
0.07823673433708534796782
0.07830628168497802410464
0.07845336289961250819669
0.07860984715222391061573
0.07858433302322376245996
0.07868021393012905595477
0.07842399066579648636566
0.07828794322996604493348
0.07823266939249784446275
0.07823578566617796214988
0.07823023074793246378622
0.07827135440833946078421
0.07839528919117637328906
0.07855736059463730436292
0.07866899493804999088375
0.07867531556881521281888
0.07867769363291716999687
0.07861565929048641709898
0.07865443258379926916302
0.07852952485421280104383
0.07836761391382877917078
0.07825717241784513333869
0.07834136854094241042556
0.07849890919209769057918
0.07863600871215933874048
0.07867796620917051619859
0.07862566860791954381771
0.07854978810458333737810
0.07855644174164644333302
0.07851971475999920679900
0.07863458454649357998179
0.07867526381443172567298
0.07861471914561714291469
0.07846794747163031435999
0.07841912855454503950003
0.07854467064535991527308
0.07859094380930559120557
0.07866881203202945316288
0.07864236962794957097600
0.07856462042547147917038
0.07851724215980314391938
0.07854046073423041895989
0.07852797742955949789057
0.07859508261904243897611
0.07851642138821844640884
0.07857402580683778281490
0.07864917316999324448101
0.07865923632174992574662
0.07863710347524617561010
0.07866422220119581587561
0.07865390794773741145463
0.07858353290028678717061
0.07851801565233344770700
0.07851776339680492655670
0.07857935964558275532266
0.07865531871325852353305
0.07864061129248753334586
0.07869915383149761467507
0.07856321687786678442666
0.07850923804161785701794
0.07852208006451688593330
0.07859376957919408934750
0.07862890887478445056669
0.07856229800404634922018
0.07852760140497391794234
0.07850213510549684803319
0.07854747490569374823721
0.07862579339117914400958
0.07868953530164848886308
0.07872504849327936760073
0.07871825509864208147981
0.07874249823327839070686
0.07867846570066977518465
0.07860999477077719455043
0.07853286379499888059108
0.07849769186815004629043
0.07850909599494512725038
0.07849846048836178757924
0.07851939974441655978321
0.07859298309192969123060
0.07866636765845980150402
0.07871154622069517770022
0.07873684510947381864909
0.07876108260755880496884
0.07875450467806648091607
0.07877883780114783296433
0.07873088730581474792292
0.07870389067071471844717
0.07865383619329263664710
0.07857662160964754005654
0.07853347285914344388935
0.07859270680225309557709
0.07863948703279072249828
0.07869544293625981012941
0.07872531073092137177127
0.07874830488482430224106
0.07877271178590959654908
0.07878549121902478358237
0.07878169221389559606639
0.07877441226693342180010
0.07876609993565934775273
0.07874223065316965364246
0.07871967258789984434042
0.07868630307687655978111
0.07865049231180952504783
0.07869067226536748116406
0.07871314357511084713881
0.07873628237992172373971
0.07875994310537015596907
0.07877766901777231989268
0.07877372615781400022605
0.07875118852076035125265
0.07875137362612370794945
0.07873469785727303660305
0.07877232800612928020900
0.07877285421365887163603
0.07875367644661594723754
0.07873032689909575942977
0.07871395977150953682244
0.07872917114069187538572
0.07874653535176465157797
0.07876747754444780869054
0.07877096872356673107340
0.07875186384520292681710
0.07873193859446725451079
0.07874297249857781233473
0.07873472995891626913245
0.07878196487295643923865
0.07872975781399588202092
0.07875206433439853326295
0.07876876011756515916229
0.07876144710461452369543
0.07874456735329579681881
0.07875784233632548980708
0.07876496288830298064809
0.07875202305067129093796
0.07872874515612793278052
0.07872738550167746041097
0.07876843181434463325719
0.07883739024811038664797
0.07882334253198526596851
0.07875529946862375174632
0.07872071179645409588765
0.07872807818068718044291
0.07875158376007387883710
0.07876115496673960492124
0.07874871300787475436600
0.07872729573845589634562
0.07871537013809043470403
0.07874345602174948055563
0.07880864613574464772050
0.07887570356375635249879
0.07886394403173405120988
0.07890369499297314459518
0.07879333727602182146921
0.07873217447892091880313
0.07871109573558623950795
0.07872563401630840174139
0.07870804672872792895344
0.07872144439099529322768
0.07877848915829667453270
0.07885167937670101157011
0.07889854746036636945483
0.07890149567868312563412
0.07890166226445086139485
0.07888129570340834950670
0.07889201128518229244602
0.07883805395134800553247
0.07876347949561383898764
0.07871301145643574970201
0.07874931597397932803162
0.07882281175283381569052
0.07888380329652321110157
0.07890150150643872317691
0.07888301458585741943175
0.07886379438394824914482
0.07886219954462359016389
0.07886486460711661372613
0.07888481618687534502321
0.07890002740218404753136
0.07887424480514665381392
0.07880759300905595954312
0.07886336270800479997245
0.07889705217891239408257
0.07888712258125446519230
0.07886219713745415416106
0.07885825013505631808641
0.07888450456175778724432
0.07887428451587989719496
0.07891099161846308607249
0.07885291260827183290605
0.07886303253626325560077
0.07888904440635780002111
0.07889350391606692047830
0.07889093879950673238177
0.07886470834140002494905
0.07884916880587020115989
0.07886500491039376281588
0.07890079991641307799455
0.07893057436585401709372
0.07892311410992383646779
0.07893944066209163112902
0.07889022932752152994507
0.07885629140121841462729
0.07884654865532060574740
0.07886757541774980229121
0.07884568569838011631301
0.07884839040031664525454
0.07887988025287002991082
0.07891494514749440580825
0.07893474912462201953378
0.07894492862761547102846
0.07894092665059647406789
0.07895910019887063258093
0.07892929026709211148827
0.07890589956712916464010
0.07886918104875106916296
0.07884198757189397888112
0.07885906775793390111051
0.07889574074610561371657
0.07892312354628791548627
0.07893675161153247687995
0.07895326466015208100035
0.07898685313850298261862
0.07897873559928350606363
0.07902099754965213884716
0.07894770021542724114383
0.07893210208048621889798
0.07891567890644861360538
0.07888542401542958382166
0.07887325247847667974987
0.07889764207753320601757
0.07890778584424348873760
0.07892651972615871702743
0.07894208828859584914373
0.07897092010787976068542
0.07901228840121050922551
0.07904741792749779560889
0.07904073069878495005902
0.07905566042987008379406
0.07900364889581472371827
0.07896297304315721965473
0.07893616188102303699026
0.07892089467390171753092
0.07891475858496796447206
0.07892484152476712810920
0.07893102994103314007379
0.07895502757500515167433
0.07899452431459040580020
0.07903360702141117022368
0.07905180742835273000058
0.07904675436350126760399
0.07904471542593660693399
0.07903439143054470650274
0.07904771069451262122119
0.07902589327375730832159
0.07898539176463033328890
0.07894829356861104985299
0.07893747573448153809217
0.07895906023843862753253
0.07897702635250829217295
0.07901758720694898596726
0.07904312236536817359855
0.07904302823244772902012
0.07903118163269801099702
0.07903262356782082831419
0.07902619719443729207065
0.07904801918802437099565
0.07902848777990194306664
0.07904079890696448507104
0.07903781896374290072416
0.07900920716648830721685
0.07898985115276785373695
0.07901887412911327845944
0.07903253830207136731989
0.07903806231360231693284
0.07902614669732259400359
0.07902052854080110488866
0.07903890150493989019687
0.07907276946652269655758
0.07906365617379979005008
0.07909342504874634915968
0.07902988687112143251223
0.07901546173762959146547
0.07902415461021911058381
0.07903583660544068190124
0.07903519334370801008305
0.07903263935830523445603
0.07902330506481251848339
0.07901082610324598742846
0.07902138528191057775807
0.07905440691178891587931
0.07908751831131709264522
0.07910074663982417930708
0.07909848214705697544424
0.07909802701641421851519
0.07908078692623822514296
0.07904470649496658785083
0.07901329164818342298826
0.07900771270588274886038
0.07901724095627556121446
0.07900337285866063097295
0.07900650837541678406239
0.07903431297626234419695
0.07907301213573027232062
0.07909596084255102188543
0.07909760458586351239418
0.07909952263989708520775
0.07909652604869538139454
0.07911703058767391438799
0.07909728369443824735896
0.07909244136413753900605
0.07906417291008810410702
0.07902437892215169457089
0.07900404101454513994263
0.07902344959719477535121
0.07905496560648683779249
0.07908709231111299420292
0.07909634184849459459521
0.07909489140266356965725
0.07910968765795366175464
0.07910340096213810956449
0.07914021010743252371178
0.07909362027808529427286
0.07909481738999341038365
0.07908118450063880700007
0.07905292471728105063722
0.07907891974519642985797
0.07909284923020254431947
0.07909195806919902538290
0.07909783684657584190703
0.07912975043060659074978
0.07917714409311996104357
0.07916536554719398599556
0.07920042197717094833997
0.07911979184066990355984
0.07909324885425993156840
0.07909113861814900947600
0.07909050877427378778428
0.07909015110774178514141
0.07908985596376293114584
0.07911005976882520829285
0.07915351910362165843704
0.07919224083436669781033
0.07919641455786892436652
0.07919379746293288280246
0.07916712932533669089263
0.07918290090926739799304
0.07914172051880387359635
0.07910202028486794378903
0.07908755284465168733377
0.07909663757775808878847
0.07913021150071578024843
0.07917232352212283386095
0.07918987955368278486290
0.07916909575360223105811
0.07913222498872621302191
0.07913442131921537281425
0.07911420244341740848348
0.07917038419739855226176
0.07918494875767843887981
0.07916209828357471944837
0.07911960371823330284702
0.07915117950486733056081
0.07917868186859301771197
0.07916989378700840795933
0.07913640520061124283835
0.07911253100871593058052
0.07912673527950342400317
0.07911947647423744900408
0.07916426818685443067558
0.07911122571777612355604
0.07913837425041442275031
0.07916943541743873269390
0.07917137724533739040478
0.07916829689964237359856
0.07914046881540030831115
0.07911049770477626696952
0.07911297592828142599686
0.07915414834823024381460
0.07921054522721092394644
0.07919988416524531560370
0.07924745441541493351512
0.07914398852546546125897
0.07910782498633089909745
0.07911136491720596741750
0.07914244825925106918696
0.07911314925407177123251
0.07910370821854476042212
0.07913393010790442660962
0.07918936157295769495690
0.07923973024902625228449
0.07927128333943590787758
0.07926468356223691225093
0.07928630087042555507626
0.07923105168806401921167
0.07917876520549912977565
0.07912536025983640808334
0.07910047293293182013585
0.07911746714108998379533
0.07916803151185664022549
0.07922151791245632401761
0.07925792980571702561754
0.07928032257752085087965
0.07930237006180063108474
0.07929450467435876503952
0.07931694758109822385173
0.07927377182604236627306
0.07925123634271047379229
0.07921239154279409444559
0.07915712425683398001386
0.07920245997030643525516
0.07924399744425569824813
0.07926690325971784412129
0.07928659788931267937695
0.07931016101829926889799
0.07932021943367696670268
0.07931638248565983650984
0.07929894182285060488802
0.07930200666077558135925
0.07927902892851307337097
0.07926093850853760391928
0.07923612102284198488444
0.07922396079988763828439
0.07924727464252913355924
0.07925466600872861644422
0.07927160361135830723978
0.07929305825219259973302
0.07931114225937976880410
0.07930133705474556871096
0.07925689598701081417520
0.07926259598333516842583
0.07921500887481172648030
0.07930162153149813986097
0.07930488107414056242472
0.07928486424918673725060
0.07926455755220521148807
0.07925887014070809311050
0.07926837601878257422161
0.07927665252708285259509
0.07929778378288220019865
0.07930026201126506857353
0.07926753926945431794060
0.07921914880769818922968
0.07920631551678108950298
0.07920175047931952982960
0.07924965490409174861952
0.07922354327575252541660
0.07927195578329461478351
0.07929856559935231918868
0.07929026882377754326114
0.07928109619254199158522
0.07929231063480290941925
0.07929517250675585660069
0.07927544009273000680249
0.07922847519365880386566
0.07919903044726885055216
0.07923500186475543327624
0.07933520670410514064042
0.07931419964576377767962
0.07942214333343743104532
0.07922123457869335860781
0.07919810819869330109633
0.07923436965762663264368
0.07927803508171710200614
0.07929026169589710459906
0.07926634774424073937027
0.07924036744275908539237
0.07919929542514950182586
0.07920945121041941816564
0.07929319589424549397094
0.07940494743277268230308
0.07946397357909271152998
0.07945802805102512855751
0.07943399182270044489584
0.07938488319378368684998
0.07927304274005163298167
0.07920125479734058115966
0.07920231954261484907942
0.07922759524548185494641
0.07919572285978264403195
0.07919511597661681168159
0.07925489872728051776729
0.07936375906464464280443
0.07944916146741753948390
0.07944262146463886009595
0.07934724024593894919910
0.07936283759247621250044
0.07924670707283043569191
0.07944794959942726164659
0.07943765506299915735156
0.07934346513471213224733
0.07923809477251009258936
0.07919824613751993980237
0.07924781702461865251497
0.07932191717146533371796
0.07942364168763518805783
0.07945012965709304098016
0.07937813284439934613523
0.07926099891959186016788
0.07927605524454690855141
0.07918344872464845585203
0.07939259306912817282242
0.07945009041017438156107
0.07940712648347005020444
0.07933011740859903515588
0.07940853534501905730547
0.07944652414234255888292
0.07940508186325173634046
0.07929148632862356715911
0.07918985835510398973991
0.07915547370520005510119
0.07915157230059945148160
0.07916567286148989968098
0.07919833686527168181701
0.07930841856164580483401
0.07941471936213280458094
0.07944268826808716099652
0.07941037480424793792988
0.07932478419396112034878
0.07920910404161514428711
0.07914925560487924560693
0.07915669557284127355601
0.07918589153831211147061
0.07917802620534257485030
0.07920212960500869203706
0.07914803318023951039795
0.07914952602430821992918
0.07922169299964264277403
0.07932479449299892348968
0.07922492005464457087704
0.07915178017378192432130
0.07914074621675690202061
0.07916952118916727176856
0.07919637352884280334653
0.07923230872344426412024
0.07922346141753243420336
0.07929762971110931868424
0.07919036850667189597619
0.07916124051243082770934
0.07913429057708051828079
0.07915331576213144315624
0.07912942465142386305743
0.07915235693131043859250
0.07918427983542394854588
0.07921503167128883526882
0.07928308387270864565632
0.07935968926092722142140
0.07935428507399218400753
0.07924856510840883050406
0.07926846410560109412735
0.07920755429367343225522
0.07917727643877822685248
0.07914373031728658136608
0.07917045394777981470735
0.07920075676001958608907
0.07925448078864466561200
0.07934345402674013170152
0.07929639972577470774517
0.07864789429609365944973
0.07881591721324694710393
0.07932732253547934708759
0.07933007305445770318553
0.07924192160944129592615
0.07919475720289065323598
0.07923071264736483709790
0.07931449800480450118556
0.07934587841895845983231
0.07895816836109995073834
0.07752341103507963404606
0.07785566724376820346709
0.07906985488788503824154
0.07935354059765861722830
0.07929764987902603035064
0.07935251849355409725639
0.07915766600295374988416
0.07813711632320473332580
0.07614782596143437887193
0.07838577971065444072174
0.07922453599112777578028
0.07859570500799183123686
0.07661368708484975198481
0.07349321575062545131019
0.07704955650308036030349
0.07538934303804115111269
0.07421494717400581309086
0.07178857252922690723729
