0.09819973713266173798164
0.10141183283825899730246
0.11815922008058167558264
0.12112548861232226571349
0.13708730923957618275111
0.12400981652456612158719
0.13962791363599086347236
0.15381781026415269897356
0.15586617771917923858105
0.16746274626964621767833
0.14218820550198565944022
0.12698128573528430496076
0.14459908532281576243328
0.15786599997540501361115
0.16896396302786767518178
0.17759085387987649795605
0.17847700310664801892635
0.18420165062592730453872
0.17028441563280741211095
0.15968955273319160315104
0.14684690174359033010276
0.14908271867484051975694
0.16140155351067356215289
0.17154400200570632528674
0.17923529940440663388301
0.18458816239928840796658
0.18771148575189319784862
0.18767503920923372939811
0.18484044745854891211856
0.17991215765180934571532
0.17261126109852220622543
0.16297360281112185931285
0.16503347650735838980651
0.17358799470963229283349
0.18044517177044375189077
0.18502073453925382828800
0.18758505087916982345675
0.18860414891003157711324
0.18830280492467710296012
0.18832776774158110910662
0.18742386796036300533608
0.18509191589702603253365
0.18086663405221203859696
0.17463992467458458457408
0.18119453930020656962085
0.18509939750231774180378
0.18720847158382469821447
0.18797993411564284382820
0.18798252380301119779382
0.18779077256304979592905
0.18753144569548896303246
0.18769601064401797430037
0.18765169944894197207041
0.18764063674754821731128
0.18695461352048386993729
0.18503234254963971117114
0.18665791971614198452301
0.18729261491819412799309
0.18733365289825729127493
0.18730250470739992496583
0.18758747764534311475160
0.18836933435335662112564
0.18840857119850404344241
0.18974984007062711821590
0.18751147149551372628196
0.18710700777867417254896
0.18703680712611084335784
0.18694144639459142620552
0.18676169579853227342703
0.18694505992961063522984
0.18747046460201441386850
0.18847170039091146187538
0.18988438546091113146019
0.19151548837696005800346
0.19165575505774948283921
0.19324459409061228720716
0.19002019754035440191053
0.18855686231635435112786
0.18745865262780528337494
0.18681803806626959274517
0.18748320214618280354912
0.18865332347031876780719
0.19016048125759391074219
0.19178757646841393391668
0.19334156989823486627600
0.19463732576314052291622
0.19465466256126515154357
0.19555950534563457110515
0.19342575196180750163322
0.19191602667639628965190
0.19029359548224439313557
0.18876542000510398988666
0.19042525450562119981868
0.19201767138947181678965
0.19347507081550682772608
0.19465327879917390663245
0.19550588010933436788896
0.19605608256553250234866
0.19596218510765120446315
0.19629029275040651980611
0.19543663202980418591714
0.19462636738352928622575
0.19350186817140171968710
0.19210786439055396734865
0.19165382881792333846782
0.19309858809326968520637
0.19351414146418532968852
0.19458062556431360290432
0.19535261189678507220968
0.19586561329245810725297
0.19620491216559826641586
0.19645289694290821169709
0.19640730779226162061590
0.19666886604952676931291
0.19612236561466256379305
0.19576364540966009752943
0.19525450334575716881957
0.19451262921754539081398
0.19417702331129563231293
0.19488660554269091051971
0.19514644588596113949919
0.19566039001347756975946
0.19604541101211842013541
0.19637167287263707082801
0.19667839636433862016140
0.19696601998191554105944
0.19701679517726070067773
0.19728241653582900827502
0.19669710278484847654212
0.19634547527258405796857
0.19597442367568423948754
0.19555589799044681420526
0.19534038515423612913935
0.19570043755725297085490
0.19591187437306134544457
0.19632804514132071171950
0.19672292878836150631372
0.19707435305170634132210
0.19734809669850666979940
0.19751941729261540681151
0.19756973071985514667226
0.19759802390098638036342
0.19741320992992092420160
0.19713497719603600977223
0.19675768359261300299856
0.19632583757547317215852
0.19609235811612268918225
0.19655376547036895740206
0.19680187307746688230026
0.19719598690077744240767
0.19747476950011003116181
0.19761350816916048445115
0.19761305069224674446637
0.19750395661007966174871
0.19748294936182106407152
0.19728647581671532318381
0.19762073252912543130932
0.19765072390157176207559
0.19753477948520975493452
0.19726108696509520035178
0.19704196614793559327872
0.19745135723701795482654
0.19758891722774787891304
0.19768104389913115914723
0.19762143227069770001769
0.19745901994306053195416
0.19724919947686225807360
0.19703466605877734130203
0.19700542471496806928855
0.19682139704461365514732
0.19720932761859563675522
0.19742869494569428856501
0.19761434307579206492989
0.19770505722651379731936
0.19768437072341571436596
0.19769759340999090713176
0.19760285987404596630412
0.19739417702833825241093
0.19717142495604247920404
0.19697732663752987036787
0.19682140206693840567276
0.19666349584379119730393
0.19670411435627085938727
0.19651011050847611016934
0.19682694142754189603473
0.19695513659077854007329
0.19713301947363121024992
0.19735868167436018683070
0.19752373884294927020022
0.19726068229356666372531
0.19709778012556913862063
0.19693669450985948343735
0.19683936461182655053292
0.19675020963140193996921
0.19658484826976801995713
0.19625919098852148692025
0.19634749788568262029997
0.19581250633965613383580
0.19666158435067526699669
0.19680075526291790355415
0.19685728395815577096428
0.19692494670374666165813
0.19702585794501090155073
0.19690799043631251885600
0.19688201798270821285541
0.19685543004679009748692
0.19673937709170444265716
0.19643468544654138496774
0.19589185578615617155940
0.19511867362533136249780
0.19516424269373613964440
0.19596232583175168806555
0.19651757218764009937928
0.19681691830085495942271
0.19691472677414711967003
0.19691576216624426254320
0.19697539320058982115214
0.19689440998159390971978
0.19659618674190909581867
0.19602491233116439706130
0.19520251360932761031108
0.19422881002536374062117
0.19422488135678059317790
0.19323695730911771839544
0.19523353513281219151487
0.19608208857305103878232
0.19667029716501971403630
0.19695594897149779067824
0.19671736515362825414854
0.19613639082503028787663
0.19525643596740924201605
0.19421653192824284150930
0.19320664187770908437614
0.19240480151047242851625
0.19235009187162846466812
0.19193291680162352652594
0.19316689638134942885728
0.19420954164645334860673
0.19527810497646236331803
0.19616886757606658009401
0.19529021063254442536206
0.19420090864727423962677
0.19313967442493862325392
0.19230385980817479851801
0.19187816427746973158008
0.19195450582190848320963
0.19191534800934403892647
0.19248572438691474717487
0.19183606295444516343096
0.19226431918713668411947
0.19310502531917805857375
0.19419113206320634534841
0.19308635957639447289225
0.19223729639982878314441
0.19180656852250682620209
0.19188910009049811589144
0.19246445047182419996190
0.19341262516512031099936
0.19341125513063081586829
0.19454876963202982764756
0.19245676697493580009635
0.19187488835165689149420
0.19178957968791066068803
0.19221834347027996758861
0.19178346954882677377618
0.19187309798934348847865
0.19245871119123159065367
0.19341363495272642647471
0.19455197633084178598928
0.19568262447941939252694
0.19567944887838986667283
0.19663739323568246719631
0.19455240459420675147584
0.19341864081396245578226
0.19246717755913098080178
0.19188424508120383027432
0.19248676054559157866386
0.19343141068192071241327
0.19455660253482751076426
0.19567298174019021050896
0.19662030228829174838268
0.19731426644112595725211
0.19727787077550840155737
0.19769813837955590996032
0.19659481517587476528952
0.19565824916334717542554
0.19455775992495111248459
0.19344413521190034765951
0.19455858693991354146924
0.19563988806137919129746
0.19655763391651401295057
0.19723136745910613276678
0.19764656241313308115970
0.19784870119735989413279
0.19779127125597267822243
0.19786137821620822241364
0.19759062045667730167509
0.19718289186123769129999
0.19652008177253460496914
0.19561655957409909700750
0.19529264660757997273954
0.19619215214810864500450
0.19647268830967185015979
0.19712650642088999641821
0.19752921362586717268783
0.19773300223854511914467
0.19780976484201470699809
0.19783840506952585225342
0.19780140293101786119756
0.19785442971309261106505
0.19775864178296992390571
0.19767149735315442393713
0.19746573228151395595908
0.19706397541809136941815
0.19684677108093531772148
0.19725860261730324141105
0.19739893735145050412960
0.19761062259796730034012
0.19770777015995139036519
0.19776523435600817935054
0.19783505046618526934665
0.19794003900393858375040
0.19793896861196019765217
0.19807924143486560497607
0.19781783777525840939404
0.19773136600907809112826
0.19765990609693576129935
0.19755003373213186890212
0.19746838500861468856939
0.19756112224528343812580
0.19761297704999919444546
0.19770121403883697541737
0.19780362305131135580716
0.19793908354127462412286
0.19809154370677484191532
0.19821748929055588162029
0.19823840672018019914979
0.19827842600909767467598
0.19810612001419020122839
0.19794162838599557718844
0.19779251202330933034901
0.19767320455758394248669
0.19761997675424122777876
0.19770621779683181240550
0.19778397436754988070184
0.19794546883322436392483
0.19811803780010861508742
0.19825773411679203928060
0.19830187537747634429763
0.19818428723305486771622
0.19820476051593485800062
0.19787697086376526689477
0.19832100061015453529301
0.19827502259626139657911
0.19813209715988150394494
0.19795150043998077649121
0.19784679017258433031401
0.19803092061494401154853
0.19814561019792764628988
0.19829135073296288993561
0.19833729201256256047259
0.19822189619995278508924
0.19789650932637933844482
0.19732977489911149304724
0.19734986349598934718408
0.19656842173572247611801
0.19791011116441764583485
0.19823563739643207393115
0.19835193104376283579349
0.19830647987725588676788
0.19821822657937021583407
0.19834648765746359933004
0.19836380759208335766708
0.19824584824293972618037
0.19791992081502207678767
0.19736542794419120738780
0.19659447694040807497196
0.19565302081033233982943
0.19568360396184675265019
0.19468323742256968267306
0.19661335668396498488342
0.19737822233622737133629
0.19792867854308357489224
0.19825500184255503977049
0.19835715205999079890908
0.19819913220592072500281
0.19793478119186364017068
0.19738883689918837460731
0.19663171488314401536002
0.19571917538117400425790
0.19472214934534726182846
0.19476755351185404130376
0.19380963577888055127119
0.19575152275607010654568
0.19665602969426598800595
0.19739845883983453411759
0.19784198232740082823433
0.19729115431683075243541
0.19667728662041014664474
0.19578731364786716717674
0.19481397309292070030295
0.19386401959300209041359
0.19302467076816279267781
0.19308358806500869331302
0.19241711153512724985504
0.19392243418618942962794
0.19486759082025256750725
0.19582272295497490932625
0.19658134096786583633332
0.19576406819311012452722
0.19492564747146295944802
0.19398697312527382607961
0.19314248168250200410334
0.19246750793767086751274
0.19199632257521126454947
0.19202927363814523142871
0.19175014354578404085494
0.19252277555955354948480
0.19320948179217545259689
0.19405890568981107313640
0.19491049915391467362014
0.19409429245083523185578
0.19328598973482921663525
0.19258096614019717951471
0.19206402424908827764050
0.19175305393111122254091
0.19165261002421909997118
0.19162194362332807262561
0.19169795709313136589103
0.19175567504627724635391
0.19209937220469483487584
0.19263949558849932652826
0.19335775241028121951281
0.19270588567837959592666
0.19213561416704094675367
0.19175902431822361426939
0.19159047099022080695718
0.19163653566009547501992
0.19190431395820217730375
0.19182716034601351995370
0.19231338068820508224732
0.19157737573081087822935
0.19156140134780141881521
0.19176505577183119988227
0.19217329452670214862131
0.19177084963393822847344
0.19153366600253940443821
0.19152204943558628902345
0.19175184951973595071095
0.19223496277466464721151
0.19295560195434649508606
0.19289242806771497718010
0.19383114918468488663272
0.19216453517137041528962
0.19168525586947601779819
0.19146973425895144615971
0.19150784790577779492793
0.19142150352618211850420
0.19162101526059763245691
0.19209937420803338548048
0.19283898609318511629951
0.19379064103090123949436
0.19487518747103854677150
0.19485912005193262164227
0.19597285005640710520147
0.19375669769441405954069
0.19279019412015491186096
0.19204008499172231516638
0.19156662694046136530268
0.19198985519325909021582
0.19274620895979058254888
0.19372745452724463022243
0.19483827125457053863755
0.19595887354669017099695
0.19696038972674420608477
0.19693484498404240090608
0.19768855315589509147323
0.19594874852467866754857
0.19482536771884975679292
0.19370007840679889787872
0.19271023753742777540054
0.19367800342315483197453
0.19480614838821019851878
0.19592937460365525415007
0.19690353269215504772305
0.19764191757372476243582
0.19806389265039525682255
0.19798765172222285158021
0.19807635011376767408819
0.19758550275888409064606
0.19686658987702027046041
0.19590167813771519611521
0.19478611682064461696484
0.19442098413243064092271
0.19548985974408572552363
0.19586923991976754044764
0.19682216521916587326224
0.19751968981853368356738
0.19790286248277669245432
0.19798198890925219894932
0.19780966300341107366734
0.19772199068263554555536
0.19741184341893652787192
0.19788483155184885542432
0.19781324146936979380129
0.19744366092997372996720
0.19676656183473095751424
0.19642432728871897507084
0.19711599081400446586976
0.19735851514722888011555
0.19771520397447905903476
0.19778643637192713788941
0.19763555336723245825503
0.19735619425800263182502
0.19703538461189776254123
0.19703188471795449188129
0.19677414837983095430296
0.19730652922811522942403
0.19755425987951791277908
0.19768631712937992372936
0.19761363925443853339914
0.19749158065347113821808
0.19757643651456366362673
0.19758730942863941826282
0.19747749572749198621047
0.19726712241602112340999
0.19703495517050095831024
0.19682231198597413546203
0.19661531434853912747585
0.19669763273441251416607
0.19643507476297245029073
0.19687545497693606511014
0.19704786388753528503237
0.19723430877594042009981
0.19740645612094839811412
0.19746639291618064970812
0.19728897939513398429590
0.19721009503221081926583
0.19706728370131648686581
0.19693354943452434646645
0.19677814902512041905780
0.19651923520699771108511
0.19604749465009593811793
0.19609745219821991812914
0.19527160306141169709981
0.19659284431867596332211
0.19685535053885780398808
0.19699335739884099583108
0.19709381484506854897987
0.19715465359572711956382
0.19710358791610538276018
0.19705543509827005976831
0.19692687768386371582885
0.19665566704953832410929
0.19613209739718157065269
0.19526833435685472806220
0.19402862270833973190598
0.19397083912956539220040
0.19237387760990459772970
0.19524961402857443637515
0.19614965668702419310243
0.19670361628453678082273
0.19699227565319490929063
0.19708828360190466799651
0.19697957571397947673653
0.19673943585520548005263
0.19615055788769775180214
0.19521410937202443580674
0.19390892628990805124367
0.19230204332788988774716
0.19223799734757948676211
0.19046282177665052603999
0.19384990373201563262917
0.19516292239135596409128
0.19613488249125801687889
0.19662482781422943589611
0.19590266803289235753027
0.19509836617819045767597
0.19377971483939701591304
0.19217714035412730710917
0.19044693776518087369176
0.18870465209385536842213
0.18878264825941279414501
0.18719629550931146666493
0.19045326719131769332982
0.19213125019377583213576
0.19370214294339235805431
0.19478407242488518513746
0.19337227527107592184308
0.19209266604891653273945
0.19047869019910876331458
0.18889727156014682329932
0.18738491666889259268380
0.18590495230038026064356
0.18616598463503164495592
0.18450653994763649423660
0.18760378435095761973095
0.18902767304223369593252
0.19052899690886615502450
0.19185517310712132954542
0.19045517095643602067945
0.18918726146654743502928
0.18783546275113605084073
0.18643075383761709140629
0.18473572609676686129276
0.18244974280961270829415
0.18251350508158417640381
0.17906404686805990622567
0.18495606477024542635412
0.18670130277985397260210
0.18808925917580870956769
0.18929812389255973315016
0.18832722131571486001711
0.18696671391297292608158
0.18514708711035970933878
0.18252957014079002062701
0.17879737767155753913606
0.17360586167463684659218
0.17287631648437429277010
0.16562260586002586215670
0.17845612895719548118834
0.18250013205718834674585
0.18530832944392708339088
0.18723034194641929861547
0.18542698145525940423006
0.18240094126719877398735
0.17807173538169790427688
0.17210765127848495770202
0.16440232019375178307286
0.15485338012836324939059
0.15299079294455936173236
0.16301618759302755057305
0.17118160603797055729913
0.17754944173726924794288
0.18224897980924181783990
0.17697534224987795936634
0.17016167253649810975347
0.16151254300590844881214
0.15109653407226530941188
0.13903145545732664700722
0.13660759922897863782865
0.14903313731833936484072
0.15994597426493423197869
0.16910797342823227773501
0.15827127339828955809864
0.14689012278162813518456
0.13401026150126715830169
0.11719475321998955308356
0.13142334803293051481710
0.14470900246988366300016
0.12877185154292566937606
0.11410857541200056242126
0.09614418676974220701048
0.11113329101240107532611
0.09743261477681187943123
0.09306656721731690340427
0.08037111781272630872675
0.09821602136027242357930
0.10142988816535621066084
0.11817877851862866600552
0.12114702159387581714700
0.13710995864835570645646
0.12403237657843940722202
0.13965269812387048897762
0.15384317662502405843483
0.15589380091406329631454
0.16749031150889814867355
0.14221404163667486497680
0.12700475647329231843052
0.14462580721707646302931
0.15789465004757657906609
0.16899385821145634922757
0.17762003097389325589894
0.17850852825294130643563
0.18423185546110459887004
0.17031528237817633586459
0.15971905751916878890562
0.14687451233513726389646
0.14911013603473508015718
0.16143189541932428943127
0.17157568941038467413840
0.17926774998010272521576
0.18462071151084813447341
0.18774220652057407865421
0.18770807541962833409066
0.18487387239659353044274
0.17994538058586062589939
0.17264370277070098524952
0.16300360413952158511464
0.16506263862318640289750
0.17361998219640414897746
0.18047907756707842752419
0.18505488960746074855734
0.18761893043922958645986
0.18863728941412105655218
0.18833677225215103567812
0.18836079900352356575333
0.18745845466637575671420
0.18512668698035258940671
0.18089999576030307837371
0.17467076703764294887122
0.18122653237815597448979
0.18513357317172848826026
0.18724363051796361068213
0.18801461029424662574350
0.18801639262349453818324
0.18782364888210695275106
0.18756519288642370391074
0.18772880929724716780882
0.18768630048980952662596
0.18767586513879694343210
0.18698916478837687704662
0.18506505210006227168940
0.18669095684076131291818
0.18732726327945875555159
0.18736881179580369694015
0.18733702507576671658640
0.18762119334564125727738
0.18840218812702377859658
0.18844239266711004798793
0.18978287010706546000804
0.18754601370228227152914
0.18714211276114206539134
0.18707144224910302043874
0.18697457065895822792001
0.18679482374795827737124
0.18697971091263393406123
0.18750562541970819396830
0.18850640256381201442792
0.18991843104715597223553
0.19154876011596178031482
0.19169007722339215238350
0.19327809996926462177136
0.19005516612226930339702
0.18859221291813563214923
0.18749343138239371597820
0.18685121035385227061809
0.18751652853430672562851
0.18868835699879041301052
0.19019611743009612325750
0.19182284923536943588296
0.19337615154381548876472
0.19467100571820963872405
0.19468943610912720076911
0.19559327552720059961722
0.19346130468803932056510
0.19195197775741712487019
0.19032896665762097376806
0.18879900751798264768588
0.19045917029278428000971
0.19205339616596300844620
0.19351129915335302245083
0.19468903463789691277164
0.19554076283857785290010
0.19608986804832281847233
0.19599710706978104579612
0.19632404820270230039192
0.19547250815562214332211
0.19466279513881240559314
0.19353790062079623268687
0.19214211124083135917573
0.19168736590629079086234
0.19313234051961905568540
0.19354867129277278370303
0.19461689010757760032178
0.19538915860600847285156
0.19590154236444876079126
0.19623983465300104400697
0.19648660961130123836504
0.19644222274628383995143
0.19670254371854684061205
0.19615831441083420028093
0.19580025216062899029446
0.19529092532391875702835
0.19454736795748747701928
0.19421092751522792130281
0.19492059631012459419708
0.19518132848375194243751
0.19569691896385715823570
0.19608205342671580773128
0.19640763913394526651857
0.19671331578113837590394
0.19699967525709438653791
0.19705173204649673035505
0.19731605243178573783069
0.19673310024169174403674
0.19638215673419778806164
0.19601104023124482633733
0.19559088050617398635289
0.19537441874568928223965
0.19573450070417233725983
0.19594694883219637704386
0.19636475693402627440420
0.19675966206623807241982
0.19711038880655229466043
0.19738304935846986976067
0.19755302016755027505468
0.19760467872511902620580
0.19763156607500861894344
0.19744927500275233356319
0.19717176770141314756657
0.19679450471194012695086
0.19636101353342325093188
0.19612645834903166819352
0.19658791670118946903756
0.19683716153428282291671
0.19723291902333714431528
0.19751160524076627478252
0.19764957685460340930383
0.19764796181221255810811
0.19753740748407710992041
0.19751779355784526703843
0.19731981422190159047858
0.19765676897724326899208
0.19768757397602593206543
0.19757180237382412912872
0.19729648123596968400939
0.19707617498140495015946
0.19748561493209429440476
0.19762439582704807716773
0.19771812007352754236855
0.19765825638017886500819
0.19749499174318532745964
0.19728395904545090178139
0.19706788675487793560670
0.19704009703166064371160
0.19685450658436123849704
0.19724521683245216374658
0.19746546241379861474918
0.19765143179762814651390
0.19774058061779836714678
0.19771865153757059441197
0.19773186252581326227684
0.19763838967915295374844
0.19743125003558115171387
0.19720812542095378372409
0.19701313549024881965899
0.19685599661469624366283
0.19669650258020418553961
0.19673864337399274426765
0.19654301466062279457603
0.19686268417333752100973
0.19699177719993643531637
0.19717006706910450430925
0.19739418909405986868322
0.19755796766129671282464
0.19729486040808416613679
0.19713326262840147329314
0.19697372713384361797573
0.19687596325732670266007
0.19678589926940925902699
0.19661931207935770538064
0.19629197665939476791230
0.19638187506497062351229
0.19584514146940978918110
0.19669721632546199874270
0.19683732575121096197712
0.19689432261410036439919
0.19696041917994996928165
0.19705999603458726476823
0.19694211296715172232474
0.19691750496271404058390
0.19689248937219328006165
0.19677591529235419209876
0.19647023321946019414064
0.19592610735655846543324
0.19515111671098739343222
0.19519832095893388523855
0.19599774501138081395091
0.19655404898799505586382
0.19685399084220941978707
0.19695023919871768036671
0.19694989522561251460431
0.19700955096374125896652
0.19692993843247458274348
0.19663323631701337679267
0.19606127720501967393041
0.19523775204363821855758
0.19426267943099309598587
0.19425989838471904858075
0.19327060833575726572775
0.19526973155648941204987
0.19611905804629406468997
0.19670580371514478912331
0.19699012338861238147203
0.19675152350163022108021
0.19617182090123369553325
0.19529326629578797058784
0.19425251779878460745010
0.19324142917757727855310
0.19243826128350424720104
0.19238467815027762708446
0.19196624711875412416795
0.19320266678030267870625
0.19424619115841201821837
0.19531339877572415075768
0.19620295885114416578610
0.19532418698103304333102
0.19423602544556370363971
0.19317613607176181700353
0.19233944933202459792732
0.19191261885956373278717
0.19198779281034170085540
0.19194976188223106250419
0.19251905651975087518935
0.19187154441601980692234
0.19230062783692047911899
0.19313996020942350573257
0.19422496095638347446410
0.19312003997616167261242
0.19227209264127431698199
0.19184280245007967469206
0.19192456841634292219467
0.19249891304425401084011
0.19344606951012324747019
0.19344583626244377105863
0.19458236056202879438182
0.19249231844834069349304
0.19191114661417876807725
0.19182431155684928625327
0.19225191568029129096651
0.19181700798407569363846
0.19190785987943673185363
0.19249509001843911892848
0.19344934158742776997286
0.19458671029441734767751
0.19571636088883129223071
0.19571433229299459166661
0.19667124384568185346822
0.19458829868016033759481
0.19345520975103305816312
0.19250206070745654041154
0.19191784353045415745243
0.19252050852440444339564
0.19346648329782231701124
0.19459339386160787177538
0.19570905860619888794183
0.19665529952746363395732
0.19734818229111653065111
0.19731292988251747377859
0.19773206747633895186134
0.19663103849317281612841
0.19569525605371318466297
0.19459304986965683670341
0.19347809457298281721194
0.19459278496869117369705
0.19567538761448463602299
0.19659481806278591986548
0.19726768425787111205238
0.19768163153428561229497
0.19788260247229941257707
0.19782631063398878334958
0.19789522804206613471045
0.19762697933830691843227
0.19722019895956133250792
0.19655575229452990071444
0.19565098629466010082822
0.19532704449535615021105
0.19622676318286991214990
0.19650730959691375954179
0.19716229811483196310284
0.19756658922497924435469
0.19776936233519640251366
0.19784475099611958937018
0.19787219708733608247719
0.19783632937805734064440
0.19788816927345437290953
0.19779498101245690522276
0.19770890263487320148705
0.19750159629201829991629
0.19709874515862096933105
0.19688155155750156066752
0.19729350809198933913713
0.19743380967248461144159
0.19764652453137443455233
0.19774518465598864280786
0.19780154903932739562933
0.19786992437924677545880
0.19797373672099877195407
0.19797380252417923207631
0.19811290616857479829349
0.19785413715493888053842
0.19776878561272329126730
0.19769582519308262491542
0.19758497519172982248570
0.19750337674025769674202
0.19759617890155667385699
0.19764797283301366315200
0.19773714911062403865039
0.19784105515819516707410
0.19797537936941542180413
0.19812634551973914986966
0.19825112085059906630313
0.19827317366385369123982
0.19831201025441899665758
0.19814241927837986101402
0.19797908391833032859530
0.19782847176954329593279
0.19770825507496642137184
0.19765508930126732267674
0.19774138672542632133577
0.19781908826790242650340
0.19798146520501316847351
0.19815552446099859995599
0.19829403433729722583401
0.19833659195570713107415
0.19821779640418965562354
0.19823939878039700812629
0.19791036837824185767865
0.19835728594435822480513
0.19831253577393206932733
0.19816813360194049375984
0.19798668629192855972221
0.19788202083603145808866
0.19806621713450056621042
0.19818087358415018006674
0.19832742182753318460620
0.19837481140767151965854
0.19825813622688501225433
0.19793103285120502987660
0.19736302066073629912779
0.19738422950633344177263
0.19660147950623085844057
0.19794626545358107172490
0.19827313043135444403653
0.19838801833801950058600
0.19834181605831940897744
0.19825358601197365371327
0.19838189305801112727323
0.19839919782800349845608
0.19828192224478938254784
0.19795734758275940201599
0.19740145418087426398834
0.19662864825132844726063
0.19568586369975235483842
0.19571755391576242666396
0.19471585590332998738639
0.19664921736064130963761
0.19741553890059973519477
0.19796469932751933895609
0.19829041489705678813493
0.19839257638373986036839
0.19823453942596436228030
0.19797017897768767746847
0.19742476322429092228106
0.19666888033004223390598
0.19575484476196364225231
0.19475587043218806071465
0.19480302047307376800411
0.19384313621613649680775
0.19578851019910031849847
0.19669182618801545059384
0.19743380349971309528634
0.19787733271014526503784
0.19732640723801034288165
0.19671254483045066963065
0.19582295598792573421143
0.19485077112105286811783
0.19389929213266546281780
0.19305797181436407106148
0.19311868908334547945138
0.19245024400828469879343
0.19395905107429128877428
0.19490306899624471048682
0.19585786955900924555252
0.19661646097665758103901
0.19579903101505563567386
0.19496067305203262920443
0.19402229377356070005867
0.19317893714796874338191
0.19250246825776340386938
0.19202931918540280809005
0.19206412445706746994212
0.19178303433954285717178
0.19255909777507568270138
0.19324466211526367120932
0.19409381669073044740514
0.19494529334984783686124
0.19412892040161830453648
0.19332080263026976685303
0.19261603387336889703363
0.19210024242568132790687
0.19178782367634911176779
0.19168541961648460913992
0.19165665831910844163488
0.19173070927588126144414
0.19179181761685409890461
0.19213435493235525575173
0.19267423305603850747225
0.19339221273085183128160
0.19274025926186802437634
0.19217030004589438774154
0.19179394649320297139283
0.19162656399699318221508
0.19167122243272441406425
0.19193703648119653237814
0.19186185056419499672664
0.19234610807993740566602
0.19161344568614707695176
0.19159628748277071630390
0.19179971363931980210538
0.19220760157969110637488
0.19180511393493912541963
0.19156832063704190560749
0.19155692897962339760198
0.19178793027887161559697
0.19226969398020563040141
0.19298837298208093571361
0.19292724444034681230420
0.19386400186371990916889
0.19220067094672435570324
0.19172016647286763135760
0.19150441633036582866900
0.19154209152870027565996
0.19145575792284014182698
0.19165576082355001430457
0.19213436078353582359135
0.19287522546589014327267
0.19382558630127311172231
0.19490815000612229934696
0.19489422481084722749145
0.19600593138480137955781
0.19379308475688358792688
0.19282530628194030630773
0.19207494220868509549049
0.19160093180936024759298
0.19202426212578080355620
0.19278123034585639694605
0.19376273720247486065382
0.19487483404356170657579
0.19599414101362255813399
0.19699357027173114431662
0.19697025160677361643735
0.19772178768906603640865
0.19598549154971664498781
0.19486085041819770080629
0.19373530885527459610707
0.19274479750482484408103
0.19371276020869848677464
0.19484161400349334081206
0.19596505869051245030121
0.19694042662586005998371
0.19767741501018096239584
0.19809712118969591276851
0.19802317503095337447583
0.19810951223925196695852
0.19762249415266416874282
0.19690244428899408846156
0.19593737661707180675030
0.19482109375959766328634
0.19445518698575009475249
0.19552419768263432087174
0.19590443474736715656626
0.19685806435960176430378
0.19755566137262176029665
0.19793988131303522082227
0.19801747349066733949741
0.19784271236957892692310
0.19775738969821576862529
0.19744475764950109031304
0.19792181438222278266892
0.19784926529798435579366
0.19747970589442104261124
0.19680193928874989417466
0.19645877698766125996066
0.19715050880795254029110
0.19739402007788101056640
0.19775133011093404267200
0.19782245525775710159877
0.19767245601644964358989
0.19739148847109513895681
0.19706816689489045635320
0.19706708183255822186553
0.19680681856287410291806
0.19734333632480910436513
0.19759023479439730142104
0.19772246857718520085534
0.19764920871703572924361
0.19752611235391770438952
0.19761093441897764622084
0.19762289428297094562303
0.19751363736630614398315
0.19730304271172210972551
0.19707167653776602733728
0.19685743217315701536485
0.19664789024545406559419
0.19673268958127498873267
0.19646755267437215897175
0.19691210925609531345870
0.19708374197064462696183
0.19727043431968380171604
0.19744202744901523383092
0.19750082623649614643746
0.19732333803499832458606
0.19724565029503149382606
0.19710340681773633186857
0.19696940527145026522682
0.19681474737619863990545
0.19655421809958883994085
0.19607983968662698326391
0.19613231806827152725603
0.19530375160131893674809
0.19662937058420851266227
0.19689119040729416432178
0.19702949291149157717840
0.19712936557911397983389
0.19718894856234872592360
0.19713783770515805326973
0.19709099628067058840308
0.19696302536179802200600
0.19669146838865450566125
0.19616849914292208700850
0.19530301090160764876380
0.19406049929978583246104
0.19400524239817959482046
0.19240541572296337990977
0.19528581080394574742698
0.19618536217750470740384
0.19673974674376243365614
0.19702784271017687034444
0.19712249981035590007394
0.19701374512007202577379
0.19677497488765882671657
0.19618661044823104688817
0.19524964224134236379093
0.19394483293196559947624
0.19233610658569372242610
0.19227355352175545810667
0.19049651537634246234454
0.19388518645783961447115
0.19519881559555593564248
0.19617032696582564765819
0.19665891072462829414214
0.19593660613878008391886
0.19513363857936999457010
0.19381537333777845710792
0.19221211548909547528474
0.19048212099409561615104
0.18873799145374509089734
0.18881748081797000704540
0.18722932464583619260878
0.19048792414628826219491
0.19216662401165685025717
0.19373717831496062302676
0.19481780205247936632595
0.19340574997695930692387
0.19212742592978590550068
0.19051377836442878743739
0.18893164223071107210572
0.18741944757861420112199
0.18593770851381777320377
0.18620024728124842661181
0.18453900468341374874193
0.18763791663974840884244
0.18906251149698877211947
0.19056348758221100525567
0.19188837738061104154497
0.19048812925113359217910
0.18922152281128096218410
0.18787009671138629740561
0.18646466903778180501661
0.18476968197434950891278
0.18248180119157933476437
0.18254700823305797241503
0.17909546585561392229025
0.18498970742372805586839
0.18673574125021649705580
0.18812333547577572701037
0.18933088264398725830695
0.18835981551419073154463
0.18700060207935143008484
0.18518125226910928105006
0.18256276742527496881330
0.17883015384484196586001
0.17363627893072691721343
0.17290796340106215356336
0.16565158131986684741932
0.17848858166542291847634
0.18253382140838761427126
0.18534193141636834400998
0.18726275852830220891576
0.18545913615234235760632
0.18243402995064486593613
0.17810461763607865481873
0.17213894634701068508953
0.16443237482628714207777
0.15488043118752403692895
0.15301872155040421863426
0.16304582569686743021009
0.17121322478554501511638
0.17758166332810595977598
0.18228063315954579071132
0.17700612900030068819213
0.17019256653065706341721
0.16154238289110828263873
0.15112400062488867691357
0.13905679872849949219038
0.13663242830346325473734
0.14906067816931595215735
0.15997502567531596273653
0.16913743677325179803894
0.15829889048941508944424
0.14691681335244927142369
0.13403503101795230523230
0.11721641736812832279568
0.13144723664340204893897
0.14473429087120801006527
0.12879438897271769381980
0.11412932422197967496924
0.09616167549285720150820
0.11115276993015174578083
0.09744953155245959786068
0.09308290249486612932817
0.08038507521429281987846
