0.13263828713405925729951
0.13255329630496803794415
0.13302433705835345345569
0.13298446905803953943526
0.13315611626432399816622
0.13293755439751031577345
0.13314060181918996317307
0.13318079629685786180460
0.13317372946912706122014
0.13318032060477613676142
0.13312257076706510150466
0.13288375942717306488206
0.13309994754799719940408
0.13316525724085936932539
0.13317370399783806655947
0.13318711751312373170464
0.13317835215758830336163
0.13320268523263734117279
0.13316700589459498638156
0.13315714851742194158035
0.13307239105773127629817
0.13303928983286039677836
0.13314641683217912082604
0.13316148733808552684366
0.13317132785598648214709
0.13319397330534840651062
0.13322170126407673063085
0.13321348324440152044446
0.13318631537065778180917
0.13316462236032877708425
0.13315507531477074887327
0.13313399300604508712631
0.13312385003341478673100
0.13314952927126824655524
0.13315787108800991589419
0.13317821541452182221299
0.13320547967084325757803
0.13323237046609023859212
0.13322387685049708050400
0.13324939894155732322822
0.13319785366346920119085
0.13317113867745863919900
0.13315231494782261978393
0.13314376391044491221294
0.13314738940652853793623
0.13316409442983742628108
0.13319029678978014374913
0.13321661735394507708463
0.13324109697910660465858
0.13326708263710695945292
0.13325830405293698222025
0.13328515043830435615746
0.13323331323849699203699
0.13320911178884908832032
0.13318318790661964889921
0.13315853114973685844546
0.13317760028115893655709
0.13320264197799802641242
0.13322538742359826824391
0.13324950500793295016244
0.13327627537893854681172
0.13330255770823332128749
0.13329359270069557341643
0.13331678327810700390721
0.13326736198625854790123
0.13324178894104990455993
0.13321884878696113596597
0.13319638684330839528691
0.13321256852680390947441
0.13323392112606427528654
0.13325887669977859451009
0.13328564727479882967565
0.13330927611537049526369
0.13332892251462977184495
0.13332222117056430343851
0.13334083406018037987195
0.13330204164916559239629
0.13327711799488387023338
0.13325048300857997296553
0.13322717028366784508542
0.13324356081455496214616
0.13326904410153894708913
0.13329397984439042557092
0.13331520169086175098272
0.13333435417751707263712
0.13335516439730873972103
0.13334699565641572327479
0.13337155555612270618759
0.13332722852602216234708
0.13330879073396639800109
0.13328704134008331760874
0.13326147687316236556399
0.13327966893899095834897
0.13330203817696875678855
0.13332086134512088904103
0.13334000519343075508161
0.13336293788610051325172
0.13338924534587121017992
0.13338022366607943380856
0.13340581943336421444357
0.13335507063006007966166
0.13333300898244193621878
0.13331431712291408331339
0.13329560989036326468238
0.13328979953888162035547
0.13330341711652185510140
0.13330926134407092287226
0.13332608611101035012148
0.13334668868650664808051
0.13337174577388757890084
0.13339776182511930979757
0.13342078108338931152765
0.13341238491009307920443
0.13343338777551475016203
0.13338857544900800666809
0.13336327144912932252119
0.13333992025759708321964
0.13332087512711851551295
0.13331529673740219466005
0.13332647768571284641048
0.13333348727141358658344
0.13335552808986209094577
0.13338050186103961314288
0.13340424380262322356927
0.13342540259720039874658
0.13344546673955959281699
0.13343747008731918213265
0.13345815876580119363481
0.13341814002037946651491
0.13339664775986881384284
0.13337210266121363178016
0.13334813130149505977506
0.13333932410679885660620
0.13335434906003965083165
0.13336490199471268125464
0.13338807336786193125100
0.13341006498549543013432
0.13343067082565937542249
0.13345107796601354821497
0.13347285481543122442893
0.13346528073624827626098
0.13348838010043145851924
0.13344296054825988129267
0.13342296322078736614536
0.13340294619291301336794
0.13338167952358706558336
0.13337080324369801620499
0.13338555740723262443836
0.13339683540279273499252
0.13341627460047317255132
0.13343589209275849571945
0.13345720219089302061022
0.13348008962849189362743
0.13350318113172629508334
0.13349473767802688684014
0.13351668904805449877848
0.13347239472400485027492
0.13345028126655530953393
0.13342945347160156677191
0.13341002211914565478423
0.13339972028996546771218
0.13341251799210065986934
0.13342311956206659440127
0.13344281171920180373291
0.13346516083171863775725
0.13348756161874900105779
0.13350886848926798999848
0.13352992541285405025953
0.13352242478102241407534
0.13354411470329502487076
0.13350127336739062156035
0.13347967495765458711965
0.13345785614779293037913
0.13343719687722835343102
0.13342487139648323557495
0.13343775469036980863002
0.13345193982631062268318
0.13347282295988877054427
0.13349372774612125458482
0.13351445835273895168527
0.13353637256418179890538
0.13355945843029637387644
0.13355085460131230212788
0.13357530363263109274286
0.13352802921820550174914
0.13350725131732882333679
0.13348708999704342326176
0.13346641801585368281025
0.13345184764634560048435
0.13346559239941471752822
0.13348004059779483565507
0.13349971063771368107176
0.13352093140767148926606
0.13354323560245370816624
0.13356676767150665874340
0.13359024000651578689691
0.13358264406266104340482
0.13360441397468539315163
0.13355899662380030235020
0.13353494919958133757554
0.13351290610303184758223
0.13349335313919669099292
0.13347825849823047317244
0.13349071837123918649048
0.13350627671156969911159
0.13352726495472747036963
0.13355054881026012791878
0.13357454086558884220892
0.13359706499075021945977
0.13361717544260776069365
0.13360957761784914010761
0.13358883076691149827120
0.13356663642460503416132
0.13354300936001622934768
0.13352045439553125727450
0.13350321480936136464557
0.13351631400323937803876
0.13353543136115739176084
0.13355892620346274113352
0.13358190361582858440848
0.13360225327397826089459
0.13362142145538238868774
0.13361410093952866273703
0.13363376116032180118687
0.13359495998564002716691
0.13357411765432219974414
0.13355183113440791120574
0.13353104296147966234543
0.13354694125896107714802
0.13356771295264471821618
0.13358768341356588860158
0.13360673429707467518845
0.13362613855567570531058
0.13364712214314111715652
0.13363858507794393326584
0.13366134662387280096496
0.13361841401727594935700
0.13360004793983087933995
0.13358190218043253238989
0.13356204074476038523578
0.13357586359541895326686
0.13359367150345433095104
0.13361136476053678268094
0.13363112064336518658436
0.13365291583990612789279
0.13367557274299290970276
0.13366737607620901573391
0.13368983748951943080208
0.13364502656620438902912
0.13362325110243750136974
0.13360476978713384244024
0.13358832581588864218958
0.13359980791107398112594
0.13361670439874492877230
0.13363645624776782083742
0.13365919274220450230217
0.13368215970607411069437
0.13370407363954608936929
0.13369606573080974887269
0.13371835219460517785173
0.13367382590072002246373
0.13365136299843194400694
0.13363012948512498212494
0.13361144612795086694668
0.13362392070186282500011
0.13364473642793314733801
0.13366660256473622547801
0.13368875915697933653981
0.13371034454920754930285
0.13373290610971463876488
0.13372540147656097886397
0.13374819392117728855673
0.13370332605055595953658
0.13368139446463597752590
0.13365954491767581546746
0.13363810262096009751076
0.13365369662446568987946
0.13367452231079815505588
0.13369565323681711910275
0.13371819362189055202528
0.13374094181632709132934
0.13376359728092215850559
0.13375614587525885834651
0.13377811256140148543636
0.13373286085649654930663
0.13371034770790213297431
0.13368960468400969965330
0.13366907436003327980245
0.13368377798197803030256
0.13370443069784648804088
0.13372544221436019618032
0.13374791084896228698931
0.13376998075890281225675
0.13379114893069926628399
0.13378287304541847113626
0.13380278295476541461362
0.13376242450492695224007
0.13374063444378378462396
0.13371880880197770102846
0.13369792545901518221463
0.13369162595746858501755
0.13370508143822998348149
0.13371243437930785402656
0.13373321294872586584290
0.13375440536564414673038
0.13377567738409310016401
0.13379518475204693617187
0.13381496293021438726001
0.13380768732199049830811
0.13382872811698010018233
0.13378741520161641087583
0.13376714449677948315376
0.13374736106334583762845
0.13372715241826185761376
0.13371933467437374654097
0.13373327834131223945668
0.13374155668712173206103
0.13376063150199207774094
0.13377935775959157171933
0.13379935138190013343973
0.13382075527721590257890
0.13384353489602812681269
0.13383518021822629617823
0.13385889496167130419124
0.13381255164306860017120
0.13379176312415741456618
0.13377315812602008637811
0.13375441368435891931199
0.13374609486901528621061
0.13375805018509720478725
0.13376663656319395800942
0.13378493559151452552136
0.13380503280744943106484
0.13382753739737210385563
0.13385071061443173934258
0.13387337310240726706567
0.13386593818430933544583
0.13388732329331759496327
0.13384324491207524876479
0.13381932051464753841152
0.13379790284988274384759
0.13377868188898109358398
0.13377027869116098202085
0.13378176939323627170353
0.13379204412582185179659
0.13381233246983839646482
0.13383463317278798676568
0.13385805818326060312451
0.13388025314865428794242
0.13390044976442927460170
0.13389275166631073310519
0.13391358694993327205225
0.13387203303360828421376
0.13385027364395088445015
0.13382824051883643323713
0.13380617521217391674426
0.13379419723077221049401
0.13380831276322296963244
0.13382164423338749337233
0.13384366137340056313043
0.13386475217347959532077
0.13388529707756230413551
0.13390543437797583492532
0.13392660809819217915262
0.13391863605445328277987
0.13394003103569723789334
0.13389810693162740307116
0.13387788207049231004042
0.13385806112922615795924
0.13383725908348342859000
0.13382360380997540549863
0.13383773932826290020692
0.13385245525086750251198
0.13387139272769116304929
0.13388998684669875527398
0.13391092398611970093469
0.13393255082499053165712
0.13395395495698775301108
0.13394627317390922494056
0.13396700331105376724494
0.13392427779954246824801
0.13390296346516877834532
0.13388396527659848778136
0.13386573573460325281559
0.13385137334722321811320
0.13386400787784549781811
0.13387792567501308194089
0.13389650903498914735756
0.13391638558316718010666
0.13393821234024153032927
0.13395935932338515206297
0.13395195113108776530098
0.13397218700164342797265
0.13393051562974497836755
0.13390941572914175083930
0.13388960378899400494035
0.13387504868240507338584
0.13388613447085301322304
0.13390269742935925756377
0.13392289833701581658332
0.13394375768276386984290
0.13396515167815514768535
0.13398538581186020257618
0.13397761527679316606587
0.13399923379749653640225
0.13395688400586089339406
0.13393706600567098496946
0.13391655073855168733843
0.13389830278650008410501
0.13391191864639193087605
0.13393053407402991106245
0.13395067001766114422878
0.13396987580137431628202
0.13399086239200208581224
0.13401386511284943403588
0.13400550479515199731040
0.13402865804092067847364
0.13398339827611674412999
0.13396374664978283330896
0.13394384056532973592546
0.13392477398491178797180
0.13393832934245480936752
0.13395694721912954072707
0.13397638498372119175706
0.13399738541383285350683
0.13402084479781245507368
0.13404374829016621473166
0.13403563286140168786531
0.13405719225939891070531
0.13401205763166773587969
0.13399036194618366146791
0.13397040932233134080676
0.13395118086754834174634
0.13396442771866001741898
0.13398421645816122049766
0.13400507368044592415579
0.13402653029735708822834
0.13404891579410305180176
0.13406955293076480706382
0.13406098413948971947995
0.13408081155041740029077
0.13404073988710812903591
0.13402019059374614684543
0.13399834597621948506507
0.13397716237462489741183
0.13399154163830340191765
0.13401260224404556997690
0.13403370407070658298920
0.13405341584894667206207
0.13407317495318041289387
0.13409341896928314574744
0.13408600872185924557378
0.13410735358881653578322
0.13406545970632843811643
0.13404652357799570761010
0.13402676842556376923810
0.13400602307860370876469
0.13402072977736717573904
0.13404016895366108186316
0.13405857118726982601942
0.13407765721289433002994
0.13410009769881309216188
0.13412285643307936267021
0.13411448496044747757949
0.13413735325796422026556
0.13409171048069870590957
0.13407169802185131546324
0.13405276731600376804998
0.13403384684646973967759
0.13404624727743280621084
0.13406527410694571433858
0.13408539116714415784237
0.13410656568795623067025
0.13412932338058516923418
0.13415092566170297438966
0.13414297320314436112731
0.13416339515298097984086
0.13412170220604585635371
0.13410009527570204701519
0.13407856322908234814051
0.13405871186065318467762
0.13407230084258545121934
0.13409314718959805534659
0.13411442649056293241472
0.13413492580010516475042
0.13415602432993378734238
0.13417656231642299813345
0.13416828169390512814907
0.13419040591383546434656
0.13414744798893027399878
0.13412825976737260957883
0.13410796423573309588129
0.13408660796292237726846
0.13407973090915137337475
0.13409408980462653171450
0.13410091515938515893680
0.13412166728049923491994
0.13414078128347278751065
0.13415967860143915291182
0.13418161572633824363265
0.13420521864825396551879
0.13419628389642271337756
0.13421911311630393970340
0.13417311446291227405858
0.13415304412846301707063
0.13413370599147825257269
0.13411455225542787128568
0.13410732537907910089103
0.13412004443001671050162
0.13412739748579097232017
0.13414548726926769917078
0.13416536197737660707219
0.13418777780912419239634
0.13421145065681158725646
0.13423244749335225267650
0.13422504412569497000973
0.13424383073697568335980
0.13420264865255598918381
0.13418007095497735958745
0.13415859559488557684048
0.13413930832417320093697
0.13413192199233664458902
0.13414297410774897456598
0.13415183781954359565347
0.13417294879275581953593
0.13419548997547497970473
0.13421666838292256596077
0.13423656265904873596817
0.13425480388040522683468
0.13424684886035012643113
0.13426639219264568936296
0.13422902396443586736652
0.13421044005178678348855
0.13418849823638137608306
0.13416530026568218580962
0.13415515981128850464543
0.13416941344734290009200
0.13418115346861025916070
0.13420305274138696893793
0.13422291717247650244538
0.13423992041861337876085
0.13425854640917381233045
0.13428050744265629390384
0.13427222103051805746077
0.13429625642999673540423
0.13425084268617548666214
0.13423351636236935391366
0.13421656389335814840713
0.13419686713640449626794
0.13418470298542012342224
0.13419887869875746222448
0.13421114696740399363506
0.13422785991232613622692
0.13424390804384542241756
0.13426329142245041481374
0.13428800134132004573395
0.13431183722797185309261
0.13430283491106512205882
0.13432432574787922519022
0.13427841081353775187779
0.13425662929250919974677
0.13423836436114705561451
0.13422225697791081988619
0.13421150829809405657933
0.13422203860860368318519
0.13423209151169493424938
0.13424956222584707998813
0.13427113567712206654292
0.13429432938674035202808
0.13431624142588499681850
0.13430863943390070058825
0.13432693982154930711914
0.13428668243889163580462
0.13426304778080810908847
0.13424272240471729622513
0.13423096084946095629675
0.13424069038485822447093
0.13425603657628773501820
0.13427842581989163361911
0.13430091837038132807081
0.13431984324816756415366
0.13433674991309957347241
0.13432927247265979975310
0.13434696583918348533615
0.13431307717554252789682
0.13429381863343292646817
0.13427116315170331550810
0.13425337646361132359907
0.13426792929617781258145
0.13428630472823560593199
0.13430700017736799112278
0.13432338349602798710514
0.13433907645003931308203
0.13435793603889112368677
0.13435016739251873230110
0.13436824351544737754516
0.13433344130588381615254
0.13431728755967509147951
0.13429999055614710856688
0.13428273700557127878774
0.13429623471090931796645
0.13431142812314419976438
0.13432700184592191727795
0.13434349612651616534542
0.13436065359244980799147
0.13437623402896683999508
0.13436827669777356986103
0.13438349656648657104441
0.13435344557136871812553
0.13433699570727353211907
0.13432159538022875322483
0.13430784252769559228291
0.13431711464223977658961
0.13433132045846996049931
0.13434687300653705421816
0.13436127527802504966203
0.13437486399408218873397
0.13439646937411897642534
0.13438703110285102337862
0.13441943175478163197134
0.13436796436324657810779
0.13435474871478486624810
0.13434014381257189385543
0.13432604742230114247548
0.13433506751588872307757
0.13434794699073002166578
0.13436078467452469697996
0.13437932468978205924337
0.13441000768571079171387
0.13443800460514612749030
0.13443382641010731548548
0.13440110768699964349793
0.13437119029346761278632
0.13435461247711733001609
0.13434303425105842411114
0.13434951440188067084414
0.13436462155351477920640
0.13439264680171578159040
0.13442777673901223911557
0.13440949415936367938862
0.13441847735383621875727
0.13442128662960631246825
0.13438444176532948759473
0.13435839336213836747724
0.13437678091257029833194
0.13441342949494422542855
0.13442297585169957208073
0.13431300376285840170176
0.13442360035482464608592
0.13440607164743270662832
0.13442269720990868142607
0.13433806421425487087618
0.13401966492070474523679
0.13435819558992023736721
0.13421055125820413600479
0.13408381728220913897687
0.13373025109943031951687
0.13266028521312345223038
0.13257689881102752149644
0.13304635785190174757098
0.13300811190035957687350
0.13317811717433458706950
0.13296174009689540329582
0.13316423569018132067043
0.13320275986790983124841
0.13319733144467704732961
0.13320224294706753398465
0.13314676044433471080453
0.13290832250879314191394
0.13312454510890436853998
0.13318942488592652728663
0.13319726684450208797905
0.13320899931725882492373
0.13320187595122215395982
0.13322452729082046030129
0.13319114458969458225646
0.13318175136940182956558
0.13309741233968422347012
0.13306375721794036492973
0.13317144727065099996111
0.13318608479206922590166
0.13319543845177797547485
0.13321745975168033937486
0.13324350412988850145268
0.13323693251484242106031
0.13321039947049223561848
0.13318921268256034284860
0.13318010131669968942880
0.13315850140625529185456
0.13314737367118711919289
0.13317406500172590533282
0.13318289141661443508724
0.13320280011801541308891
0.13322953764464071091389
0.13325578125624271130789
0.13324790859076177107490
0.13327276987785746653614
0.13322243349966766956527
0.13319615582452440372130
0.13317687535558994649243
0.13316727772494918458079
0.13317089872862836186229
0.13318868088129787174978
0.13321531062465982730991
0.13324119141007953470712
0.13326510304478150770180
0.13329041364327953722579
0.13328228462419619559931
0.13330844129715199719577
0.13325788010835304397972
0.13323412092494463232484
0.13320780148124947150912
0.13318207038529958352591
0.13320117163101760637822
0.13322728385855864274845
0.13325039127507617986446
0.13327406336034999800866
0.13330022970104099533373
0.13332580737059490649798
0.13331752056769499703570
0.13333999007203423126100
0.13329191182664917869616
0.13326678784650058950945
0.13324351803772283009408
0.13321998794006978394933
0.13323619793042773551406
0.13325861665319332916013
0.13328387006977765461002
0.13331018852230702709249
0.13333317812119141465566
0.13335208567272632818046
0.13334609691443480294915
0.13336395351981619739057
0.13332657275995965506787
0.13330210490734881179087
0.13327520479557222743416
0.13325082683834993391159
0.13326724588678542926523
0.13329379272845576220874
0.13331895931552562029054
0.13333972053704384874706
0.13335820279041202263137
0.13337824012190344080686
0.13337081706585621199146
0.13339458680591390060677
0.13335173483657045134798
0.13333376315020467606232
0.13331181641526085313032
0.13328518855641693918734
0.13330340687008734867902
0.13332683899512681735544
0.13334582578436704469738
0.13336449840094577456995
0.13338673287955032931151
0.13341223172205265989909
0.13340399303981440026767
0.13342876084354132748544
0.13337955048903654686754
0.13335796459794568846746
0.13333914191388290815254
0.13331937238733410078240
0.13331312368236172827274
0.13332671773169160744921
0.13333304847720733876670
0.13335093446113122084284
0.13337163527146506103449
0.13339621113483454695192
0.13342150529157292826454
0.13344367703897463961482
0.13343610141064327079263
0.13345623701520520354435
0.13341302529930401665759
0.13338820966730682848755
0.13336479293248423849683
0.13334468539047009127962
0.13333857419303987712489
0.13334973155220794516218
0.13335732074126868673680
0.13338042499707150612132
0.13340543173871294291288
0.13342867736351515794979
0.13344909175721167415851
0.13346826840101025379859
0.13346113251594943216460
0.13348091290350214133120
0.13344255686463532550867
0.13342156909664934505422
0.13339702240371084651649
0.13337198563155294728233
0.13336255543462852135583
0.13337756041974205278855
0.13338877858544362364768
0.13341301592406579201722
0.13343497615208085860239
0.13345506914428273415041
0.13347471374557770551483
0.13349556182494570766295
0.13348888935369243591289
0.13351103969695515827354
0.13346733903496779682918
0.13344786344716499937313
0.13342791118671717964794
0.13340557773692848786418
0.13339399631021345293824
0.13340873320119897571523
0.13342075477319453868930
0.13344126168649544927902
0.13346078243368467153296
0.13348156099164562582438
0.13350367076299016200203
0.13352579231325029107680
0.13351829169362108840069
0.13353925133273938929968
0.13349673362344233185084
0.13347516179467017183313
0.13345446146060285785850
0.13343395971780955266972
0.13342288010862055069872
0.13343566500890619019870
0.13344707671782790603388
0.13346783966220596151508
0.13349003027724182235403
0.13351187951250723107144
0.13353239563776597709222
0.13355243900740720874865
0.13354592430524814261616
0.13356657967430876632342
0.13352556865068945790576
0.13350453309351972830399
0.13348290382758049021916
0.13346117270398469289994
0.13344800885936272671906
0.13346088493363247873269
0.13347593502965837686247
0.13349789076479826044341
0.13351857558037041884269
0.13353873019133091770705
0.13355984375899432325951
0.13358187420556910662839
0.13357429784621294155400
0.13359766982840590165971
0.13355227722846207960572
0.13353208839285457543156
0.13351217649543928311928
0.13349043037761335050995
0.13347497346665881945427
0.13348871714409135669221
0.13350407033379055321554
0.13352481437772878436476
0.13354575717682704016909
0.13356745978280348818856
0.13359018362072525021311
0.13361255664231003192910
0.13360603215330554838225
0.13362668116489115344159
0.13358319540904256550462
0.13355976333600219629894
0.13353802654548693751302
0.13351739957503516720294
0.13350138589490179175101
0.13351385123108561181482
0.13353034055582654882066
0.13355240234955459421862
0.13357535165822290168514
0.13359871315121316093233
0.13362042433577189792793
0.13363939243160410930145
0.13363290759969020937703
0.13361297623625981167983
0.13359142851149977127001
0.13356816359167622554338
0.13354453404280211548105
0.13352635605817725350519
0.13353946725056264899223
0.13355952704798665364727
0.13358409606132320979199
0.13360668456828597716601
0.13362637145386707659966
0.13364472219836334709875
0.13363819036691890196344
0.13365703266682474326110
0.13361972855108292246307
0.13359930179625589818926
0.13357594235366787582819
0.13355421232370418005431
0.13357013055922001276699
0.13359184059225684415573
0.13361288141974139720425
0.13363148992471335363419
0.13365019826017432436061
0.13367036381997499105978
0.13366261454296424204813
0.13368455780083690620508
0.13364315731785544882904
0.13362525975141001377544
0.13360604522169947094845
0.13358525183751782106079
0.13359910292950907817477
0.13361782885667197739998
0.13363658844182732532424
0.13365585169729093939495
0.13367691528755687446761
0.13369875362958721920492
0.13369134513759711735403
0.13371298823143451528495
0.13366974525569344511844
0.13364848558007230705513
0.13362894042578957187750
0.13361159744220921230529
0.13362311198733681227857
0.13364088997408835046699
0.13366170141763222822817
0.13368389808955097319831
0.13370609685905390784377
0.13372719345032224591563
0.13371997012557623740747
0.13374144017283054464151
0.13369851882995520409025
0.13367661896444926750149
0.13365432913377620072204
0.13363478231222086778374
0.13364728848209217471066
0.13366894911475463159078
0.13369186852524622688421
0.13371343990481318608765
0.13373421633763754590163
0.13375596220165977823235
0.13374924049773498357929
0.13377121833801558503652
0.13372799380802255497791
0.13370666919298002106586
0.13368376975141663121072
0.13366150241957672206716
0.13367712972444451002829
0.13369876000677291538743
0.13372093561050263366141
0.13374284771902683610634
0.13376474691964362895291
0.13378658956587535788785
0.13377991625824106614040
0.13380107164776941508499
0.13375750164029481803496
0.13373563777896629867215
0.13371385409170516433974
0.13369254021683060762449
0.13370727595671902387942
0.13372869187419064718192
0.13375073997820849380780
0.13377253824698950857019
0.13379371602513950856306
0.13381407396935146580930
0.13380657311769517114897
0.13382567373422751821899
0.13378703827725660358006
0.13376593823307691977220
0.13374308022240852245055
0.13372145509714919442423
0.13371517378052386049170
0.13372866889555623526320
0.13373599642367225981410
0.13375749450041232724296
0.13377971377102804151349
0.13380027669533589573803
0.13381884879834518575770
0.13383781936112459920452
0.13383131419951693752424
0.13385154957323847080275
0.13381199937326490601031
0.13379245718600701886558
0.13377165244452884906856
0.13375074707949194396939
0.13374296128548152085003
0.13375694282246136657122
0.13376518334616591121566
0.13378493315604109148431
0.13380467435964560340977
0.13382392033007634024599
0.13384434491557697932684
0.13386632071426177170714
0.13385873296838052270985
0.13388164508700117760753
0.13383710613596605520925
0.13381708251531748699037
0.13379746762091906941983
0.13377807135976546581979
0.13376979490108692472106
0.13378178517483502174557
0.13379032564518009151833
0.13380925296619605724402
0.13383035392334016733251
0.13385207719727659769759
0.13387422626085229704351
0.13389608740551123267082
0.13388941552718372496322
0.13391000102214245526255
0.13386776921479523472236
0.13384464251459421424428
0.13382222805192039993827
0.13380240293622344682767
0.13379404662262378566950
0.13380556715551789048746
0.13381579713599647818434
0.13383666625473378264388
0.13385995654360713369435
0.13388256708006385231613
0.13390369147268410543461
0.13392308975707870044580
0.13391615075156587666427
0.13393618875802171253042
0.13389652661077913742282
0.13387559781328833841130
0.13385258133210306552563
0.13382995926109589324149
0.13381802204292564395516
0.13383216242866552425639
0.13384546008738221201106
0.13386800882078506158557
0.13389007531656418881205
0.13390977471820239563804
0.13392879448670644282338
0.13394917179005433327532
0.13394195629053870510994
0.13396255630022166349669
0.13392256746660394228776
0.13390320287366341833746
0.13388241468174555404147
0.13386110751452781619797
0.13384747612821906725955
0.13386162973814011434293
0.13387633596191983453849
0.13389575275486698124894
0.13391530549998609256335
0.13393536749145731890032
0.13395583046088854750622
0.13397644085341953168466
0.13396951205760912473330
0.13398944900930628842950
0.13394870448425477693633
0.13392827930260373103799
0.13390833062873572223417
0.13388964732307270799616
0.13387527766634949033531
0.13388792195520077266124
0.13390186779688800777777
0.13392087923792506121146
0.13394169716458145802385
0.13396262227390190457932
0.13398255779517054264716
0.13397634364289867647813
0.13399534441756635883003
0.13395582192711982805200
0.13393379069991920293781
0.13391357702146094998952
0.13389896944345705542823
0.13391005786601292704141
0.13392670206715362457572
0.13394727848904974809585
0.13396905806162631713541
0.13398952595128560405513
0.13400850129918084885361
0.13400197134191027537042
0.13402230728461642095262
0.13398217807599424600262
0.13396145099402637090868
0.13394058631084651556087
0.13392222422001137660530
0.13393583487389409958368
0.13395459963937753067320
0.13397505942712134574535
0.13399516252073156996616
0.13401520089538807023466
0.13403689686936420821795
0.13402982510178279573765
0.13405164795704474500759
0.13400867622726458927573
0.13398813931011077649202
0.13396793694291653231687
0.13394868139940194207149
0.13396222501199991916643
0.13398107434007969218648
0.13400078124421066494421
0.13402265381088923623665
0.13404514626936622767595
0.13406669570930879187287
0.13405991514606388492759
0.13408009641180818061201
0.13403731660295378769199
0.13401476263700631830211
0.13399456740025478262979
0.13397505374398582800310
0.13398832343118724508280
0.13400840442238157179666
0.13402947805772974509964
0.13405177911619028940926
0.13407317911332267135194
0.13409241385065276408461
0.13408522794563462743334
0.13410362915883033974040
0.13406597699029670911486
0.13404459769899332299836
0.13402256367323572838757
0.13400108021740908537112
0.13401548238730828788157
0.13403684952666033991520
0.13405811405035142347408
0.13407863993513313705108
0.13409739812018905968927
0.13411619309678490807869
0.13411021083849558599432
0.13413008368558912430935
0.13409067027056925658357
0.13407093683585921684021
0.13405104558544275739074
0.13402998483960099074253
0.13404471253241995176708
0.13406447379441427392166
0.13408298702817328384995
0.13410285391790385811639
0.13412427935776805032475
0.13414554296097228047735
0.13413864635765412880453
0.13415999644498041720730
0.13411689267268003811218
0.13409611609039762125661
0.13407709934105932481074
0.13405784910186957503697
0.13407027010061298155641
0.13408963343881424856718
0.13410981158894649811764
0.13413173179892121100742
0.13415346318643431300366
0.13417352515213626373836
0.13416709058510042917867
0.13418595011483491763471
0.13414685186512079195786
0.13412451840195990793170
0.13410294970713229623094
0.13408275356213192330834
0.13409636106937616872870
0.13411755969872227178818
0.13413885242242662432233
0.13416005875658912338544
0.13418011939514520869388
0.13419907267487560242891
0.13419235440546947724094
0.13421287218765645676832
0.13417256269010588431989
0.13415268794691384557360
0.13413240229490927535316
0.13411068539508219643608
0.13410331849243228852231
0.13411764356870808923006
0.13412501115596842105049
0.13414613025078372943177
0.13416521050388302560563
0.13418477390739994015156
0.13420566527515967458761
0.13422764120407179588845
0.13422030964030526312136
0.13424149132136953266325
0.13419819016502149144898
0.13417747477363747843349
0.13415819320186492258351
0.13413866526214932028971
0.13413084568509370253508
0.13414353088283850756746
0.13415152709508226802626
0.13416999806798923788875
0.13418979483178375411434
0.13421283345728221569892
0.13423545239807946338750
0.13425478080464284258433
0.13424902167350497017573
0.13426611911942729071789
0.13422768388766750935481
0.13420450535572153727415
0.13418312955702746402942
0.13416345272511612241040
0.13415537515945294422259
0.13416639619485193346549
0.13417599815428860043909
0.13419750467688618122963
0.13421992561334658566885
0.13424168235604788668169
0.13426051533081731492736
0.13427704769860010491911
0.13427077530694572771175
0.13428859134333478997370
0.13425401476420831259340
0.13423487686147256292557
0.13421307631084508638075
0.13418947598433877965718
0.13417855321722302330834
0.13419277960476908018173
0.13420534520105739662021
0.13422765266862637933976
0.13424735527257716793947
0.13426488743499689904048
0.13428244611177309053573
0.13430266177740848854150
0.13429609442160603260952
0.13431836624054355189273
0.13427578601613657238723
0.13425795519288027946025
0.13424118396661471885878
0.13422107289574727873038
0.13420804439935085650148
0.13422219786388556173051
0.13423536712279260374459
0.13425249863985605491834
0.13426834725398348324710
0.13428821039740598819456
0.13431184869679277382737
0.13433390300354977608954
0.13432665522177286709926
0.13434634707156795085936
0.13430330425481842859803
0.13428106823874433328747
0.13426302120524508110222
0.13424649088389706275137
0.13423480858470027143881
0.13424532166540700806046
0.13425633919012930350689
0.13427423731370022319531
0.13429557565373043126478
0.13431919698045230449068
0.13434003338375483105338
0.13433348101820505315906
0.13435070277392316406839
0.13431112398496650173207
0.13428774059114748085086
0.13426698200673006788897
0.13425422838908734890495
0.13426394614658346271518
0.13428030906666998944843
0.13430313511174674090398
0.13432536035067429991408
0.13434465755564148348178
0.13436048387834764739068
0.13435405781595333163381
0.13437067024180968100033
0.13433751827728560024333
0.13431854383722446888427
0.13429544906779486423964
0.13427662429828854384617
0.13429117242159843703675
0.13431060434093891609031
0.13433174097234468202799
0.13434782427921296288353
0.13436383225059950197178
0.13438160977425522846218
0.13437489370932670373904
0.13439188615516298175301
0.13435788176122409609548
0.13434204277754860368255
0.13432430237963796648692
0.13430597727268772656473
0.13431947476249106454560
0.13433575167605618649880
0.13435176975001850152580
0.13436793572467353730104
0.13438535008028393291646
0.13439984519624476044797
0.13439294185070030374085
0.13440707543661628564635
0.13437788377322329447239
0.13436177521093473075098
0.13434593062444202815620
0.13433108509881999670377
0.13434036127519707881639
0.13435566835216142256293
0.13437166392675814474700
0.13438571180180086672706
0.13439949647732810089629
0.13442001623068181026532
0.13441163152986174145198
0.13444294748482921164623
0.13439239910477446260373
0.13437955022628481072111
0.13436450361899762717677
0.13434930430009497936972
0.13435836229863071245028
0.13437231828538628852776
0.13438559493532259425663
0.13440375882871508084193
0.13443457858067314747430
0.13446148840215457753722
0.13445836647285355769377
0.13442554243869744845519
0.13439600917946289970750
0.13437899461680777313255
0.13436636690989320341849
0.13437288543476327840054
0.13438901567260105873736
0.13441747536847414856709
0.13445221225504336293177
0.13443399390657229108825
0.13444290753761634071850
0.13444612628067048598624
0.13440884950353826354785
0.13438180165359026041472
0.13440022772099571857218
0.13443785201179581090258
0.13444782065224231137890
0.13433783149320849270580
0.13444803332840643550483
0.13442955858481378528246
0.13444622267003944471320
0.13436249065466732144358
0.13404404304410660886404
0.13438174453965581744974
0.13423385334162291071536
0.13410735195435752320492
0.13375347578182508745392
