0.01420224343769424697748
0.01360575413109767033137
0.01762061052397316529561
0.01697099136131099972324
0.02100472970659713473074
0.01631474030329231952874
0.02038140360079138124760
0.02401384475422318684479
0.02349396383944105104469
0.02639046824730474291587
0.01976303700885622544048
0.01568662710208771834952
0.01912239030674610026916
0.02296126241521326272199
0.02601712073252357773634
0.02801126560853566330178
0.02778495549476559661750
0.02890901967483223283795
0.02560161245577359523384
0.02239175856661725083629
0.01845806622390258958100
0.01780607818798928682069
0.02180197490998203938006
0.02516952499164569478918
0.02752596120737326249039
0.02881770861448329154597
0.02926613860762361865597
0.02925459141623010239641
0.02869751307134430981516
0.02724271285121756397407
0.02469011779018836366673
0.02118662511473647092064
0.02078729623177034621651
0.02418799747878550010505
0.02692057856398440834900
0.02855641065517705579069
0.02923403051484426556916
0.02939121397071178462546
0.02939807103439769087050
0.02956483784080181018150
0.02919703593213486894631
0.02838094814158498638279
0.02656408134083010699755
0.02374535487300823144441
0.02617763976822736621264
0.02818013367770234867127
0.02914238131357326302973
0.02940655720040833212559
0.02953403940052642950853
0.03005182434399084404064
0.02993778344520391793138
0.03095972322768326262521
0.02951473942413635961901
0.02941251808601031900170
0.02907132451576571047225
0.02794913882878604510784
0.02897463176817915292416
0.02941205039314904665093
0.02950813933761985488613
0.02984359982681360212720
0.03075866691692847806894
0.03218525273738602476836
0.03193393270766325953147
0.03350892822633244616526
0.03057104942684567977507
0.02976588798814437664131
0.02951044597606925640187
0.02940359671147944192748
0.02951946192653473466372
0.02970499920985449071598
0.03040247480912899522010
0.03168778348645637232828
0.03325864470457121774283
0.03468903180790623014262
0.03447544898354827636044
0.03554538672935603910163
0.03299880608553474453659
0.03144996557712959051045
0.03024950099636607506182
0.02966350423611530118251
0.03012012506906717665411
0.03121633787581920907450
0.03273797159705851139710
0.03425087903172515518824
0.03540509689390608505377
0.03602411718164780229934
0.03595771308712686353815
0.03615882454450365657284
0.03525369452790104440876
0.03402168951887262621225
0.03247025620100769255361
0.03099522637364424820783
0.03220482465291271689800
0.03377312064850806344607
0.03507945459400736709643
0.03587866130990769591991
0.03615412794595580098234
0.03604847615059310339536
0.03608149343488618182585
0.03581339197490975012617
0.03613900477247754261523
0.03578284254615263920707
0.03488929287794714090287
0.03351928442448887102145
0.03304830151644288366297
0.03424976793681400871749
0.03468935080234379630948
0.03567220082869242830936
0.03611268274408525186248
0.03610863149737358196445
0.03585945504487091789469
0.03555293936420569206325
0.03559670832304909215971
0.03532810585838182942942
0.03590540553270832324628
0.03613048057244901134499
0.03607362179405254609676
0.03554246889866857772589
0.03521185573777652760841
0.03583694069732441811471
0.03602117088719406640118
0.03614476570363189811275
0.03595013034858143829986
0.03564278153431557627506
0.03536142265685197211278
0.03516055920621857788788
0.03518302651904823413753
0.03504894299218394571049
0.03539785781889814852974
0.03569137753554240538589
0.03599323695757364327541
0.03615075946293228037476
0.03611988968588621812250
0.03612294517054934900324
0.03603313700335356722926
0.03574113517943434958912
0.03543741627500911900439
0.03520754751633192042304
0.03506215153329352712808
0.03498972392610141812774
0.03499349481248757026686
0.03498307100216405812754
0.03507650192738533817538
0.03523449773241699861659
0.03547966670270685796140
0.03578925491751500792548
0.03594537656741986220155
0.03569340929626064334856
0.03552404207959141552164
0.03526517715026175614490
0.03509308374293072102512
0.03499899914329156896953
0.03497755072734147485658
0.03503288929579436578043
0.03501698666841858431642
0.03513107051283757831239
0.03497378647392123535154
0.03500669279745859119313
0.03511108747248389144735
0.03529783358621984418191
0.03544537264619534999710
0.03524384254796809889942
0.03513286551434497556601
0.03501547273623835387912
0.03497168601509789004345
0.03500256452185570438251
0.03510727183386645050556
0.03524842679515224203035
0.03522353430857668582510
0.03532565677250100455442
0.03508478399694723443014
0.03499059942142777879237
0.03497143857417221030071
0.03502634313039090091513
0.03510083443143598852521
0.03501011557967580872797
0.03497332136585453582489
0.03498046371421359435061
0.03506260364431826315190
0.03519878862926170692838
0.03531453892030343016950
0.03528672797728966969988
0.03530385259008864129449
0.03505054525193097153535
0.03529936129082522633382
0.03517324870637605210844
0.03504286625356667350673
0.03497226215948539412848
0.03496817663446716295539
0.03497380590622390511557
0.03502470468859748137236
0.03514775470929416834043
0.03528097809659021949491
0.03531427310245518341736
0.03511168834529147797507
0.03456034358297034592145
0.03467144833706505696602
0.03380875232253155449058
0.03516288996541431371989
0.03531895368608615332073
0.03526003201463777381175
0.03512309726278207977490
0.03502905547264744540170
0.03512434337702609321585
0.03523720469096744412063
0.03531743812167770918409
0.03520670190949647809786
0.03477707749340497311863
0.03397414804605337207422
0.03285049020764111565862
0.03304700642873487081985
0.03412782823758624822785
0.03487107168332248541276
0.03524150152666397778356
0.03531105116418169903580
0.03523347165039698164479
0.03530677442416392530777
0.03526834020813584408272
0.03495468355780396302324
0.03427121314449381450640
0.03323987331179670268178
0.03202007214636233556337
0.03221833486064711038477
0.03107188072706710060822
0.03342720767211217886006
0.03440850799142323307445
0.03502845691730479410486
0.03527729675286798288747
0.03507475387168468988763
0.03453898464896902609222
0.03360782636644622095590
0.03241881617983365104774
0.03124522884922909318761
0.03041268333795547895715
0.03050846938960061205393
0.03020174371349626518679
0.03141995119299886840558
0.03262520435283882552779
0.03378618783796453334256
0.03464589078649765035989
0.03395417722333714943828
0.03283103081686594704180
0.03161298452212667198236
0.03062283463852425932639
0.03019995569804405019521
0.03050054880611512836408
0.03039795056781026405535
0.03122781232362734776808
0.03021865806402440624012
0.03075367149753183496075
0.03180315867743949836965
0.03303461453809391351610
0.03201060227194190560551
0.03090357287651066681144
0.03025940264116062580757
0.03031537724919601550777
0.03104993172896244185699
0.03220399249355235249404
0.03199750836837478296104
0.03322915590305870053855
0.03088870650884238677758
0.03025296234068201167711
0.03032126556060601302311
0.03106545128451814602455
0.03040068752687448416783
0.03021021895044562546873
0.03073964202566318443255
0.03179255471245309716544
0.03302875646948253557378
0.03413902628017075058242
0.03397339323180376124967
0.03483572462855297202644
0.03282089669576675194929
0.03158997646686401844507
0.03060245149262686564784
0.03018858910754920049646
0.03048329847015848748093
0.03139635445976469985130
0.03261390765814931730349
0.03379908339959558638554
0.03471801197323172438747
0.03529716066483709613344
0.03522529099904365967877
0.03555643669300887627083
0.03458935603121587182285
0.03361361466230109590336
0.03240187236934304743086
0.03120658532591281605906
0.03218966931424850630439
0.03342028557282863965305
0.03444610533724996870308
0.03514167731830775825985
0.03551959975980477357549
0.03567675898802926542919
0.03566233926171365198332
0.03572568756253800131839
0.03547708184127853353607
0.03505171709993168405184
0.03429665438106718755584
0.03322012787754375501281
0.03283247594276822445281
0.03377554874500222209521
0.03413297807867509553459
0.03495041820561527179390
0.03542663367634164145459
0.03564452694895277329312
0.03572010035889616741400
0.03575809358383079394894
0.03575235554673324156472
0.03581191294688199078244
0.03571397916069928707428
0.03562203407815459771379
0.03536913447366427792895
0.03483699662681059155966
0.03454173156682259493433
0.03509876325895631282714
0.03530226982545406344549
0.03559536462182191773884
0.03570637157111176962498
0.03574716387764850095143
0.03579912641506571846506
0.03590501527880251425584
0.03588376609490660090751
0.03603829249866923045698
0.03578805201994664925147
0.03574223433073345224109
0.03569716436071803528085
0.03556457527246628669282
0.03544399857171460360705
0.03562866084704271324446
0.03568520543525397631379
0.03573783754022968189856
0.03577882937842384591942
0.03586377732717868638268
0.03600890281074065751854
0.03619007430823076992832
0.03615927927674811998005
0.03631708371863432566196
0.03598164173447775115999
0.03584634810277433775161
0.03577139239582998592182
0.03573339920178818934771
0.03570957835992337459086
0.03574474204499440699312
0.03576497055390191054380
0.03583023902907415958463
0.03595494935475444103767
0.03612870563972728210622
0.03629552284425353880781
0.03635655602696950816632
0.03635649796187079979548
0.03623668969766161152002
0.03627012793582559679884
0.03609807294111526398961
0.03593031737323004737306
0.03581657013728645200246
0.03577756124696524625550
0.03583612996307757037062
0.03590747028343631297442
0.03606682649475392160587
0.03624343575793787658457
0.03635131462751861608496
0.03627337161633857609555
0.03589657056741866331118
0.03597937608220702632167
0.03530586590365650256906
0.03630116593592296048154
0.03634124746369905151200
0.03621452725369145309031
0.03603708454821789169964
0.03593271284207456145454
0.03606132041770245683088
0.03618581302609214650490
0.03632668451823151123392
0.03632165252256946974541
0.03605244510513445910238
0.03544000284104658476947
0.03447540758970169677555
0.03464936223372563905976
0.03346638095210712621208
0.03556128330250062086204
0.03611726083600197423351
0.03633571671719539736278
0.03630772828654968420459
0.03620355158634223219360
0.03631452079235078511665
0.03634359310610953824883
0.03617208163719659586022
0.03567356143586965927517
0.03482122320499808632022
0.03366671420065436848290
0.03386775046191673604890
0.03258191380717990331961
0.03498218293629278691226
0.03578087503984120343326
0.03621875782257093917549
0.03633964192299792700380
0.03621460859106895996407
0.03587699650792858935278
0.03513624979675554482750
0.03406377481928002382006
0.03279225119090625750751
0.03150556072130326901171
0.03170567970772766169807
0.03055787379778078863279
0.03300509849463358763577
0.03425854217030746551309
0.03528031717028314029339
0.03588864130633997312492
0.03533026630324565681152
0.03444970394782707889814
0.03321856753162984177141
0.03190580063008198463681
0.03072090491686369287394
0.02984113710293354385095
0.02995501031783895373728
0.02943868142710118901428
0.03089659891145898201747
0.03211488836340356534116
0.03343698553849768634327
0.03454826354864503484832
0.03359771896650860095734
0.03233831225420756572131
0.03108139084458498915819
0.03008215212433514376689
0.02948685916095893089217
0.02938241804012085497955
0.02936265108785791541623
0.02967390422894626220152
0.02954963357253346037390
0.03021804214070576005691
0.03127061709276983403338
0.03255395888174706514606
0.03147878375367444553357
0.03036546083366120987734
0.02962384505771399612062
0.02935693320264797304131
0.02958871242647107338564
0.03027128639065568976863
0.03013509843385642206215
0.03110758311534320488811
0.02951795931877020107148
0.02936418149578322658866
0.02971484121578376810802
0.03052706397618361669477
0.02981863299779699549852
0.02938542131879795168969
0.02945565217032710889078
0.03000242395903745390440
0.03093076280113986331610
0.03207521905868628009362
0.03187931823326344699110
0.03307124015514720932751
0.03076114910036183147657
0.02988564623216959093011
0.02940859192866439666969
0.02942118900797718525353
0.02937341581718959371283
0.02977133170919116916808
0.03059426701398903700180
0.03169048957967601082286
0.03287884099600470177993
0.03399379573817491728693
0.03382629944205797767331
0.03477889364162342622500
0.03268553167937789799558
0.03149753714364571244300
0.03043183043069766155475
0.02967532765707755690321
0.03027948333797433888570
0.03130454541275139862533
0.03248809222979837790790
0.03364846945561485169751
0.03464038053125489263762
0.03538832110472191205819
0.03528499920102312614745
0.03582994945021989591227
0.03449897084244334805048
0.03346908225514960699698
0.03228721897662225476244
0.03111764170558843980996
0.03208630962237572076257
0.03327989153074344813588
0.03434628839899696306492
0.03517550577081540036373
0.03576074246818686935834
0.03614516797861613145448
0.03609680078575797784746
0.03639036938065991211300
0.03568592228790010145723
0.03505892498051432076833
0.03418320844284628012844
0.03308571988418795156717
0.03270398411834107843532
0.03363074266468718542811
0.03401305704697889925603
0.03493458511443656155926
0.03560300691902485575868
0.03604485952827878730842
0.03635033498888649849956
0.03662276332052436661479
0.03658045845529494383142
0.03687947274283751020185
0.03630866256901768562848
0.03598914491086568911982
0.03551231360060336933460
0.03480087188094716649234
0.03444851242416550884951
0.03512408871993685094415
0.03541347155272557556405
0.03592451436183174973138
0.03626698984747465243084
0.03653996258691208365299
0.03683046959548650495231
0.03715852632757445789258
0.03710465452941463099235
0.03741372555415216349939
0.03678251780166554713025
0.03649988884026142410555
0.03622386014439447216029
0.03585889960435875017941
0.03563539220769131043998
0.03600268922473574134679
0.03617557552083478650262
0.03646004439831802834693
0.03673638579050112623614
0.03705151310095088773577
0.03736918828579655765809
0.03755866554596672818311
0.03754061652818858202396
0.03748629810117663774260
0.03732059178668084564734
0.03699977181854199881350
0.03669274057875087508007
0.03641905691818441564989
0.03627260812673417655905
0.03649633065639191348284
0.03664906611575730749353
0.03694754069237292382066
0.03727010792600116834139
0.03751593936524037081748
0.03751670186543778345856
0.03709536027976392813521
0.03719121936134136413576
0.03631336098249922372805
0.03753673945388094623787
0.03748525925089835758586
0.03721994126299724842122
0.03689735458608427859373
0.03671887874019656716751
0.03696408741054725555220
0.03716725181909677488967
0.03744957917762010979335
0.03754687199068549446901
0.03727654480948856124956
0.03648721213821581182968
0.03513554211593246379142
0.03537718775606739363138
0.03362075294524138197039
0.03664836176409631829376
0.03734740793332985697717
0.03754777498792129936112
0.03740907486541476811848
0.03722069721562588917596
0.03743999373270694847049
0.03754005367100746171083
0.03740582471383500917650
0.03679372343442372655931
0.03561303254974652887643
0.03391913812486044288441
0.03421520312955887710427
0.03222025896336911526818
0.03584454787760046889922
0.03692590254086298984237
0.03745236238854183358216
0.03754022483162805512436
0.03742922844756779027220
0.03704360416392919047590
0.03605811207120608596899
0.03450201555384585505593
0.03254721830308208302407
0.03044356388540488123073
0.03076521485704941660799
0.02875237283828854795154
0.03287561854227688540320
0.03478696541468543484976
0.03625547077446586441418
0.03701627834357872764981
0.03624564994094930936441
0.03506091437815155725799
0.03320096645493868237065
0.03110299095155066514962
0.02904357706086119900180
0.02725917831184253986576
0.02750998546214508330698
0.02595388775546317652876
0.02935278535472331945533
0.03143435572531212002234
0.03352838588927786050986
0.03510550568893554962413
0.03365256292415659544748
0.03177336819711844284608
0.02966211530817256664116
0.02776580441317157837977
0.02616307861638588957987
0.02473505658734558715350
0.02493819794615521195924
0.02343631338938256467030
0.02638618912080228223749
0.02803614027208234035782
0.02998561337808881843703
0.03199200456476302550923
0.03026834299374762254908
0.02831420600246488741836
0.02661389930474543016881
0.02514148173266238586732
0.02366384990093572948666
0.02187023113829303366806
0.02215681784676793927846
0.01996498896192674607497
0.02388687702202283574815
0.02534992201830534724882
0.02685099219926737057484
0.02860989488218913801010
0.02709390146454339343141
0.02555850823312895772621
0.02411418718716510853350
0.02244535666002988455459
0.02033388755022681737561
0.01772114872253356676612
0.01814009245078327531298
0.02067973166734014822676
0.02271114590994195714391
0.02432511872798423166464
0.02577566743997498910357
0.02454116968319807953747
0.02296909326926414862680
0.02101331816500521046387
0.01856445774517012300975
0.01571295225025538117025
0.01617502887609245654232
0.01896796114447933667702
0.02134219891465629487248
0.02322895042625170228257
0.02165765812012740432202
0.01936446530077085351196
0.01662101124889462169798
0.01413795413527600859649
0.01707606474958867776026
0.01975815942094599764189
0.01752511586198130313918
0.01458636722854930387050
0.01213574489858356385275
0.01505882045643261446521
0.01344584961231997874420
0.01258334168667204697178
0.01118921810239162026313
0.01420459881586432111800
0.01360817669927162111565
0.01762352743252038750343
0.01697400856138808061813
0.02100820030039404762157
0.01631770846307836753120
0.02038502156310735557998
0.02401780510561699402694
0.02349812769429408115807
0.02639481240310060858323
0.01976662818243026323306
0.01568952667902525147103
0.01912592424782030148256
0.02296542964944220041601
0.02602172413721365665240
0.02801586778789100923293
0.02778986336503319956592
0.02891376013488058255296
0.02560625327673979670373
0.02239589586747090660390
0.01846153686134856600209
0.01780935292011974827031
0.02180607356971164464965
0.02517417438763764128695
0.02753094487951082344757
0.02882279019718755885826
0.02927092828136882568524
0.02925974106833889587520
0.02870270253428585174871
0.02724774363361256654392
0.02469475830863068419041
0.02119052537953876325094
0.02079096949860961829337
0.02419245474650450269949
0.02692563704817057743113
0.02856168226423789341384
0.02923931045702881509341
0.02939637839535301847005
0.02940337402715345604953
0.02957002322088606721673
0.02920242389756821585478
0.02838627980552614962773
0.02656898129243072045891
0.02374954850569184830467
0.02618226196627939858508
0.02818533675868686860788
0.02914785446864595619409
0.02941198173616685687670
0.02953936049106235459116
0.03005708541101397013318
0.02994317082579596445147
0.03096513318442586579216
0.02952018158989151708216
0.02941804010395025759106
0.02907669725763686180420
0.02795407967609550570209
0.02897976012320487015916
0.02941749151051522778721
0.02951367740694444893879
0.02984910002094340666923
0.03076419521491147862635
0.03219086619383070696498
0.03193966518042633956354
0.03351476118557870226278
0.03057668097844958715603
0.02977147260077575574577
0.02951591064025925470471
0.02940880677474358440016
0.02952469810216631559974
0.02971050509432209690841
0.03040817685185122007385
0.03169361793225906887006
0.03326460786007080089322
0.03469505832030812808586
0.03448162295108608138561
0.03555154983656180073259
0.03300487870079574226345
0.03145586176535176275992
0.03025511305301041564686
0.02966877138400358243642
0.03012547906149387264008
0.03122213479802654623185
0.03274410668946381441913
0.03425717832304626259132
0.03541142958855109795779
0.03603035081715214721365
0.03596413669041222810341
0.03616506866087312865865
0.03526017438055312203105
0.03402806270844378061513
0.03247629163936716079064
0.03100074137477301997046
0.03221056046864419902809
0.03377940411176007240446
0.03508602326700389906211
0.03588525189107749646666
0.03616057870366697069020
0.03605468825083111422680
0.03608792346078554952316
0.03581955071661868661437
0.03614563881052338528699
0.03578953996710099172418
0.03489578971170197163598
0.03352525985280965792334
0.03305408453995622997112
0.03425575457907322624029
0.03469554062760601270687
0.03567884918618399042733
0.03611943876543868836571
0.03611525519969614739235
0.03586583768771846314483
0.03555904051181761615918
0.03560303630281482639708
0.03533415547877039736280
0.03591198694015719505845
0.03613723681122625597251
0.03608035085505725825250
0.03554881658633945312742
0.03521800390752711368281
0.03584319115884468387456
0.03602760973806762995197
0.03615151381084087678364
0.03595684973700770392657
0.03564930967558406493811
0.03536770094718694884550
0.03516656705504594276901
0.03518926552230752791139
0.03505491872082339838146
0.03540433598642234169773
0.03569804545966672598700
0.03599996209354921344881
0.03615722642174143408589
0.03612618278820967782083
0.03612923268189869446809
0.03603958811655218197334
0.03574781851600487836418
0.03544403338114505280787
0.03521398536086834535341
0.03506836146795062891801
0.03499567654866233418209
0.03499968480826599892541
0.03498900937767619734320
0.03508291000749529792158
0.03524107342160923139751
0.03548630636822105305361
0.03579566735425525336733
0.03595162746040350687515
0.03569961105526747030536
0.03553041190172311070139
0.03527178185399578586035
0.03509962980725393755232
0.03500538722170000449641
0.03498373001694834311115
0.03503882276739238993413
0.03502316513568555500502
0.03513700715050965123210
0.03498016401147868714716
0.03501321947068765372268
0.03511766816897785720153
0.03530416704108149672514
0.03545152640444360764294
0.03524995734743494729679
0.03513917390041802757406
0.03502204009323248851127
0.03497820253315419430917
0.03500894107689721951315
0.03511345851515150495725
0.03525436982791853995911
0.03522973356699564406735
0.03533159933913057604293
0.03509116893577055723563
0.03499711579281455930968
0.03497800210709519491692
0.03503263662886711010680
0.03510692134242695411350
0.03501618428060537802082
0.03497960972342387814260
0.03498703348177168576116
0.03506913003582393800750
0.03520518750815875008708
0.03532074606188902871073
0.03529265032137921670463
0.03531004979819633848859
0.03505641424901592001495
0.03530577150911534678457
0.03517979220108131965805
0.03504945194846740413874
0.03497855414318710304267
0.03497423626864241963386
0.03497986561242143882522
0.03503101002651527740017
0.03515436403651982927299
0.03528753798011203396401
0.03532067900348719730053
0.03511784391290358880999
0.03456611702173185279863
0.03467751876466830529555
0.03381438707397672882582
0.03516926097024867386986
0.03532551687144456359357
0.03526666621775011167816
0.03512942408205899091911
0.03503512487498093574967
0.03513043016375635985149
0.03524355605163215221509
0.03532408690228965031377
0.03521324049924728916139
0.03478337095718354171625
0.03398008841801272023053
0.03285595235363869548451
0.03305277685708054441482
0.03413399668305619472086
0.03487754434719167462298
0.03524813967722723734299
0.03531741934618264078249
0.03523957899711322588887
0.03531289705667158690394
0.03527470421577432596605
0.03496127098626054807706
0.03427757086789749024769
0.03324587384363849457136
0.03202565571847172665176
0.03222414349641100628219
0.03107729161696667907755
0.03343340509249317915597
0.03441499542119305643517
0.03503478093688584121823
0.03528341786158989412669
0.03508084434913598392836
0.03454522379558690181600
0.03361416565687193325207
0.03242482293978085627906
0.03125085454574456911292
0.03041797208381902609120
0.03051395498181548593397
0.03020698831145947338417
0.03142576942879737184056
0.03263136106418625809189
0.03379229422617884004421
0.03465191176108788073673
0.03396008453881579208788
0.03283696753705114823596
0.03161895248043324752052
0.03062850188373153134669
0.03020537843344426459646
0.03050583782560380846638
0.03040340135850506941839
0.03123321986522123450136
0.03022424710882637421960
0.03075947916216145369694
0.03180891217635782586282
0.03304036928937850031707
0.03201618589432499162317
0.03090916654692982962205
0.03026511879521479389532
0.03032098056122438031745
0.03105549142728616582310
0.03220956106904563492899
0.03200322933810341441419
0.03323489325883069445133
0.03089441231852207633835
0.03025867907865969347325
0.03032675644262263631168
0.03107087699628703278409
0.03040600379421887211606
0.03021569206184710962293
0.03074545238240134620300
0.03179842396525660308537
0.03303465317369441017759
0.03414491198288584217213
0.03397944960844114653531
0.03484172152751136702920
0.03282695198156544008627
0.03159594899743960877414
0.03060799784372625342854
0.03019387494218018358483
0.03048864288746795658813
0.03140204711171557666605
0.03262007502396822161694
0.03380531504328351810607
0.03472419158915134029808
0.03530322782961043542871
0.03523155106235345557231
0.03556253893916056646463
0.03459572926063029379984
0.03361997234665221878647
0.03240774955213593377934
0.03121206359833386331792
0.03219532731622589544207
0.03342634978558259306602
0.03445262175082171307583
0.03514814808228842318849
0.03552590215191039901832
0.03568287220533307435577
0.03566865698702979814438
0.03573179947975520243109
0.03548361004610346008947
0.03505834892228574389828
0.03430287959977179612636
0.03322597429135665941802
0.03283825885847028308584
0.03378150721359308300551
0.03413899279548038984133
0.03495676407120525824856
0.03543333697188227188191
0.03565108146137026257083
0.03572641811218409124695
0.03576420130561790838852
0.03575866847863596459378
0.03581801987069554299437
0.03572054182272568073619
0.03562877484469365724218
0.03537555829212004482320
0.03484314324228070941514
0.03454783468808222957058
0.03510497410708869614471
0.03530850631805785427852
0.03560183162140292262299
0.03571312871995441229345
0.03575372797988128625857
0.03580543702311353437828
0.03591112784144372821471
0.03589008105029205947245
0.03604441743996153468821
0.03579461911254831762985
0.03574899838031578985786
0.03570365133692025155776
0.03557086574849713939139
0.03545027933563901778591
0.03563498308001804976142
0.03569152504662556624204
0.03574433343630040865735
0.03578560013946859019729
0.03587035363970574736170
0.03601522907321637323452
0.03619621470242582322863
0.03616562089430698512249
0.03632323510708522495971
0.03598823472079101110088
0.03585313115200199074462
0.03577789584948045525925
0.03573973531181364599041
0.03571592316235830399940
0.03575110051558503393432
0.03577132016855101570574
0.03583675477497198780252
0.03596175254479292565657
0.03613532068668031532743
0.03630187710470778039706
0.03636270325879920051193
0.03636285165583342388063
0.03624280573323030579802
0.03627676403965827967024
0.03610490263334201199719
0.03593685242909331473138
0.03582293654691691420222
0.03578393219404394504091
0.03584251732052796957095
0.03591386064661105520512
0.03607338741427664613459
0.03625029193942978095189
0.03635796060720664774069
0.03627969962965786610010
0.03590261839103963542597
0.03598564147610227442753
0.03531180347187623524974
0.03630779748090431913177
0.03634812084645093477331
0.03622111599039809504141
0.03604350600455445696735
0.03593912276535472100081
0.03606775748103924900123
0.03619226898449775381428
0.03633329476666750934566
0.03632852100156364755223
0.03605902599962317045534
0.03544616291780293415581
0.03448119474351936386558
0.03465537370922026905173
0.03347198811323782302596
0.03556776942252294626545
0.03612408924528568571199
0.03634232944042600776946
0.03631421373523040230236
0.03621001714797613540986
0.03632100821415657626590
0.03635009266639012415201
0.03617866527787973185415
0.03568030414459701787910
0.03482756931381880693976
0.03367254444136563024115
0.03387391774178611508761
0.03258754563288474709326
0.03498879287679818733681
0.03578738812120105250436
0.03622524291297452014859
0.03634613511822772785598
0.03622107962603132030877
0.03588342819001643507759
0.03514264624400162406737
0.03407020906268775489734
0.03279821754209204937025
0.03151099607025709126162
0.03171144348634385989882
0.03056313549840023249815
0.03301133057375005980250
0.03426477939165860353565
0.03528664937191793721238
0.03589505298601860378005
0.03533657620317857961378
0.03445589412078865071409
0.03322461586762683050100
0.03191182277136520722971
0.03072648506340044244345
0.02984626551247257508770
0.02996044665938254331072
0.02944373090872381623639
0.03090242792643033142852
0.03212073592204914979087
0.03344300080884930748137
0.03455443090300601427511
0.03360371305888423809627
0.03234413669652989181680
0.03108705049096791364627
0.03008782471987427389881
0.02949220576754667949571
0.02938744798593875828807
0.02936797037721711189917
0.02967897399722574380831
0.02955520304373010845311
0.03022354497582635871056
0.03127625586037983962395
0.03255976063415626231556
0.03148439866807138665106
0.03037094256177720608125
0.02962923988902143451751
0.02936246352530519007629
0.02959406795865734962625
0.03027644800394057797432
0.03014054800337980302705
0.03111287686229012930395
0.02952351681158302612595
0.02936952902444266155779
0.02972021149614472237954
0.03053251362545184380282
0.02982396068121586849009
0.02939073797448683855738
0.02946101645030212851095
0.03000806923381908394854
0.03093635101479523183410
0.03208066659200340536851
0.03188507229690051153481
0.03307684543854181452582
0.03076693354144190845068
0.02989108904531976446117
0.02941391877011208938475
0.02942644971117871002808
0.02937867200096869538251
0.02977672987603807719381
0.03059983899564483120215
0.03169644499094322054322
0.03288476986115232425512
0.03399954570405439718828
0.03383239341988909104630
0.03478476454985553190102
0.03269166993404425125558
0.03150327362588927621045
0.03043735403578198481234
0.02968064167410919620971
0.03028490970791475681012
0.03131023329816803174586
0.03249400911497854482768
0.03365478384103269549055
0.03464661492314581592300
0.03539428276633568848375
0.03529134307447983481820
0.03583597305851386055631
0.03450543988984867277425
0.03347517783903634219778
0.03229309139701587449967
0.03112322217380262059927
0.03209206768892695210704
0.03328595033175876100051
0.03435254381791153638348
0.03518209666049316314274
0.03576716530342838318290
0.03615123196356549023500
0.03610327736865571318647
0.03639646190960790783642
0.03569260333867208673242
0.03506531013387615552945
0.03418943754748721836068
0.03309166094352769538212
0.03270973743957065332788
0.03363664993414199749777
0.03401916870704958101301
0.03494095699481321315449
0.03560949084073322667976
0.03605160194960582015211
0.03635685013097752354971
0.03662888214333921699239
0.03658700762985811483219
0.03688562162898970792080
0.03631544834416546713163
0.03599569893633147027456
0.03551879669912288289835
0.03480712889625420247697
0.03445455416483676064354
0.03513023950952820495530
0.03541984249311984356279
0.03593107845199448174833
0.03627359445571216173265
0.03654678537512820457600
0.03683705619477156689712
0.03716470869972243740165
0.03711128280407603036162
0.03741993734443800623257
0.03678937951939102724008
0.03650653554586567872686
0.03623048453234511273591
0.03586535406046953422532
0.03564162314398593850440
0.03600897552174632532118
0.03618209066077790470040
0.03646671721388742432035
0.03674307512709161505082
0.03705841840795447844625
0.03737585632544423303036
0.03756488843463557519842
0.03754730732062137171789
0.03749249600302672486007
0.03732754016471642732888
0.03700650868687121314293
0.03669946126491900606492
0.03642561941853621892973
0.03627893321677150284543
0.03650268666261577421572
0.03665567364892059754045
0.03695431332813411962057
0.03727689374906100611140
0.03752291690966203657753
0.03752338035060241716590
0.03710148052558789877331
0.03719783195098612382790
0.03631933946464426660183
0.03754371368698145028375
0.03749208392129387695801
0.03722676873480758319435
0.03690400995830180747026
0.03672526599877309894104
0.03697051051395519594145
0.03717395914996386718787
0.03745645340840933479321
0.03755370746646936874757
0.03728346330331794994395
0.03649369171878107803719
0.03514131448453176181923
0.03538346238539387400568
0.03362626479032651549694
0.03665515593441491526416
0.03735420638787526059765
0.03755467178247408333025
0.03741582911774247316439
0.03722715906834481169874
0.03744648834951906646307
0.03754683493767184410128
0.03741269995479385573889
0.03680042066196968081337
0.03561962713755804227356
0.03392514636899175012319
0.03422153155784709438469
0.03222595883885069623087
0.03585107199318620513351
0.03693269376837721162943
0.03745913061582800684945
0.03754673207313190264056
0.03743571270432783509863
0.03705030142038320123410
0.03606474736175858952780
0.03450829474333190483026
0.03255323108422308181487
0.03044894246653778030476
0.03077089136909288286104
0.02875744589453559443837
0.03288160095492931311867
0.03479337016755510575416
0.03626202842620201288737
0.03702268827462891487290
0.03625192447250065452824
0.03506725881575725040085
0.03320708243511975160667
0.03110865026057363716405
0.02904892910986276235996
0.02726398128601857651088
0.02751504843853501761086
0.02595845439219338773862
0.02935812570950668831671
0.03144014918026936944440
0.03353445541774834059989
0.03511158142051662434113
0.03365838653512673306345
0.03177912227803712796881
0.02966758451223713496936
0.02777085546723033135375
0.02616788752610075749483
0.02473940273625062358231
0.02494277565871223095728
0.02344042550792458171061
0.02639098857139213563650
0.02804131169169184548129
0.02999104587169100499811
0.03199754091003129824466
0.03027358157867926155560
0.02831933796172714581929
0.02661881028217669489799
0.02514605421557685252520
0.02366818774949632636639
0.02187406291345968256667
0.02216087380812232707217
0.01996848171747519010144
0.02389122082055069803963
0.02535460149514910319080
0.02685586100596720759981
0.02861484826814547285934
0.02709859969908133200955
0.02556314460414609024408
0.02411863994632657687278
0.02244943789690911212231
0.02033760471908400632723
0.01772424428792554462753
0.01814340382858843983560
0.02068349135997626930816
0.02271534075015096618144
0.02432953312554327063300
0.02578014409422467456690
0.02454543875689957355135
0.02297326334392072941237
0.02101720032009030125764
0.01856783230529659989294
0.01571581635296434922844
0.01617796864252554409069
0.01897146624616007429265
0.02134607523408409146537
0.02323299743091261290728
0.02166143708243751381248
0.01936798378741869802733
0.01662408324145895135993
0.01414056750745483481690
0.01707916852244547450956
0.01976161210407678670009
0.01752818296456541691253
0.01458901942200022290586
0.01213795232731960938022
0.01506145980285952465372
0.01344818409054536825775
0.01258555029135982605837
0.01119116123740443446977
