0.10945403156984638559646
0.13266023894749306988317
0.11733981876081978068527
0.14305616061607856481785
0.12646775582880523391971
0.17466104690829717394074
0.15479526708048166327991
0.13700274340394510974583
0.16800631008028890645001
0.14900860373771276923272
0.18888773400372990685092
0.21137894756754371794472
0.22742429542803455078115
0.20432762964589817888950
0.18260116555902561330527
0.16248634617238910671233
0.19830919064914989680126
0.17733898713189696905168
0.22073133027578675791069
0.24440276354446158202371
0.26890289557170560241772
0.31190013582378667278405
0.28669955639619071341428
0.26199187581961835835642
0.23794528388352764736169
0.21512517526862975913993
0.19337951003130060545487
0.23243694147617860457089
0.25572851637309529371223
0.27984869835847941965667
0.30451445948559935361644
0.32959356529910399657979
0.37016060626718128023782
0.34694499849833565496837
0.32224165798122045289986
0.29774124958461528622777
0.27370157710122566818711
0.25017727763019009801226
0.29138575900297730703059
0.26804834674362237878498
0.31536533494596885596195
0.33949842258741186329374
0.36383239775113718206256
0.38732336746156281748199
0.40354720407359984113427
0.38002160880636481898875
0.35624762073506222037622
0.33249717321527083591093
0.30893476240727701931377
0.28567642193292636099144
0.32588828649286294414367
0.30300406826752052102947
0.34909758196269718988347
0.37243315272349680755681
0.39557665481675252650007
0.41837158078907693559145
0.43244120841753042050470
0.41039910676939939104813
0.38785916135174308694289
0.36515232723723223262624
0.34236954713742090428141
0.31981801843596613377230
0.35832838857616622352253
0.33621742717096658736864
0.38054701309508459639019
0.40276503471788055454894
0.42455860326277455873978
0.44593944815988367791348
0.45884784184922788874417
0.43826693631921226357306
0.41708434987167747332037
0.39556051093485639080782
0.37388097053507141076523
0.35225092133924318371641
0.38899576610744140969800
0.36783262377564729384005
0.41017120548422908443698
0.43109212594208518032346
0.45147321098898618441098
0.47134380813042109359401
0.48333879344282876244776
0.46435634098467509778274
0.44469080013575990051322
0.42437738715493505958776
0.40384539027511190401043
0.38316154023789067428751
0.41839152622652431290362
0.39827997429429801146128
0.43842807443070530570850
0.45791278750078651116340
0.47679784122425061809736
0.49486672093751482570667
0.50587605544097835608142
0.48872321828544884603218
0.47068318081342269687539
0.45191656391368451028967
0.43269131891833267911096
0.41317155569316893481968
0.44647896276369192225530
0.42762173608598963436833
0.46499624468427103174406
0.48286002982572645558790
0.50000269140268982503983
0.51622542925943726288551
0.52114649193233764101763
0.53074449380767585449092
0.52566060830839245188173
0.51050068436155260354070
0.49438510180015371453521
0.47739890327531925295901
0.45978514686526728016958
0.44164646067028612286265
0.47221567035708750248446
0.45493156543383789225388
0.48895424921827684849873
0.50492248190436772592449
0.52002505268102261481999
0.53405761395696527138455
0.53920464493024966579071
0.54641930593577814345707
0.54135021056677234962962
0.52840631291162054594679
0.51437355162651665629880
0.49940155363295529733492
0.48370066373768766387897
0.46733876447247779672978
0.49393559375120404952852
0.47862000941917770546752
0.50866941171686430589460
0.52253276754425548311644
0.53551891304283116834739
0.54740798873423812676009
0.55232658244126797697504
0.55695758492541080908467
0.55216792407785564300582
0.54129338353670775063620
0.52940176042863618111056
0.51655954732653563965528
0.50289678875255217072038
0.48864711184777992469819
0.51047855971897970750462
0.49724116261787659754035
0.52308661557816271692190
0.53492411733343714352884
0.54581794154562279786091
0.55571093511484970228764
0.56034335475654661884448
0.56255814816652671694897
0.55809262286133554109568
0.54908459357499683761716
0.53908460618169640188313
0.52823718594888779964691
0.51661806024443690521508
0.50437027126526368103754
0.52136169754978856083483
0.51004679363705307526544
0.53206902107709019844606
0.54204870530062931877069
0.55124531982714353173236
0.55948053086245652654185
0.56378812679139300723108
0.56421212307105372829596
0.56002865315324601436231
0.55242107204778623241737
0.54392415848705799596985
0.53465637857052383807854
0.52474520467554131020194
0.51429445968502029984393
0.52694205816432382327719
0.51720500623872422973903
0.53620387848390493878981
0.54486243722831484426194
0.55281593246009264053242
0.55993414315334966158133
0.56403906883319676612842
0.56347672636578849392208
0.55938295009178606864708
0.55261299480964332087041
0.54505846205587504815782
0.53684748976230323158632
0.52810599138952230013899
0.51894552308904018378399
0.52841032166768309163984
0.51967322588849684805723
0.53679959321654702186777
0.54471702401106081303794
0.55202396691369470804744
0.55858258476761080135731
0.56273284210471319344293
0.56200819677553803810355
0.55772468598050295440771
0.55124816500677575881184
0.54404586475007243873137
0.53627162518773074939560
0.52807777480715900608743
0.51960460880297720809295
0.52733858776830833114957
0.51897623214725518980828
0.53549126699800708717447
0.54326552342505973758335
0.55048809763865746980116
0.55699255152729498785646
0.56147436734544187153517
0.56128665368193153550891
0.55654447001551110574269
0.54992478579630044155380
0.54257876747072819600959
0.53468696290818151783952
0.52644847832566543655020
0.51804528335380151116141
0.52563948726823928048191
0.53407695012295541836522
0.54217709381047385353014
0.54972260969330621893647
0.55651187063447182801212
0.56154720467712915255021
0.56231986764326857830554
0.55697711501443469828132
0.55000019495322349794009
0.54222064657931667852608
0.53385661259790218036159
0.52515120098920120561559
0.53418919430329192543638
0.52517899037322979260978
0.54282788341081522620613
0.55084427993126727773898
0.55799492902189984366856
0.56362059926889840344444
0.56541528922974859661110
0.55954933531827300008388
0.55228067009979275869824
0.54407926248977189764844
0.53517023613356129452256
0.52586472425135266650642
0.53688191790965555938442
0.52729338198199682263834
0.54597916756303088714475
0.55431267986670529346327
0.56162816034943241483290
0.56764478625414938051108
0.57014465276253234460313
0.56416694743072570705777
0.55687779148169869181118
0.54852058060300945552257
0.53931680920240909760111
0.52950794145049806527226
0.54239569075088445160304
0.53245324633855173335206
0.55168870671444969477903
0.55998107697403809446257
0.56711985687107702158727
0.57286045563049459161675
0.57583614754865153351204
0.57039645117679005359435
0.56351121421540284472940
0.55534162079149618218565
0.54610810036810097933824
0.53605696230364952015179
0.55037559852718864750187
0.54025661627260623820490
0.55951203322061326961290
0.56746030621300436180832
0.57400918688032898096196
0.57904672211206686949225
0.58248799317240407269480
0.57793084483635959180958
0.57177286147333894472666
0.56410118348121496278935
0.55509776608712080303576
0.54498879376132647323061
0.56025132405968991466949
0.55018652048417815425552
0.56903752146481179075010
0.57638721219105093496182
0.58211329380620913109823
0.58610936956822923260546
0.58988158840018711792652
0.58649667436102026485401
0.58127853653042249604255
0.57433720757856887573212
0.56578673059829986957681
0.55581487878499402643939
0.57162454057388156769548
0.56181104698749029235927
0.57986708138901144060640
0.58635600365918383314323
0.59099470106885765297022
0.59369255206891868859032
0.59741983700110812272044
0.59546374378006328154100
0.59146509065782926217736
0.58549723932145780747049
0.57767612608832197285125
0.56814343804715705665842
0.58383504067491476252627
0.57467952563864233006541
0.59116717101522753274878
0.59648992636754949447919
0.59971688424474034473377
0.60082481276445232065697
0.60074501079798514613373
0.60323449676957341392125
0.60367344107825271493084
0.60351922770075172586246
0.60113744867545981787060
0.59658185103470429133665
0.58992065968786833174420
0.58131403991731067648630
0.59572673383191698803785
0.58778234980584620483768
0.60156637225017350889544
0.60519568337578100170049
0.60659960966762227485560
0.60572749959179872369930
0.60479301944564034521079
0.60521222144553454835858
0.60672960708435352827905
0.60871444713970279671855
0.60841860677593717632305
0.60581524765213368155514
0.60091368560713553925723
0.59386191300361046430112
0.60532541691734453870311
0.59927440731269288054506
0.60909358830598947509571
0.61055924472827038940181
0.60967142767109994139219
0.60649204693738800742153
0.60430050955580827398705
0.60194959031631323220779
0.60491494492783715042350
0.60930424911049740899216
0.61143049042922636981956
0.61121469451345844525747
0.60863415286090516431727
0.60372618473758754564784
0.61069660721350538246099
0.60700218372430136959395
0.61200592356302074836805
0.61093477507376492408042
0.60755098685155395354940
0.60197741885844857634424
0.59815706244794097923290
0.59305469195085180889038
0.59769918988018433392284
0.60444997563937030715664
0.60904955676509298090338
0.61138850511836106971231
0.61137033860356693182325
0.60894911678103491592395
0.61063563172524448763312
0.60949069286425971991861
0.60940815406288051381267
0.60582431280205750745438
0.60008639604063318540028
0.59229908772900208280277
0.58678430670431114268837
0.57965694231470532571393
0.58598990596112843221022
0.59467780046511697911171
0.60145630798897053992391
0.60613320274381055074997
0.60858710065401755429093
0.60866175530777977265018
0.60534467384594980998713
0.60658729491438323488950
0.60181901157264006130276
0.59613547447623749242496
0.58847537751016976148577
0.57900968046939405020623
0.57188377912731969132665
0.56394237691613091634224
0.57167535197551921921644
0.58170934038568578028361
0.59011184781086312156617
0.59666368030118710485965
0.60117093163125534527325
0.60345883251492693499785
0.59627144803285980767527
0.59954410396851109954497
0.59095711333911649099093
0.58370857843336798609357
0.57472409912808553045238
0.56433179568448210705611
0.55591010717873123869737
0.54823676513931096643262
0.55707633369033704440199
0.56776425809187469617711
0.57714187722066445651592
0.58498178359363406375593
0.59099049736284392508878
0.57894896319449884458663
0.58558174458367351356003
0.57071700528895596971068
0.56106199486129171294380
0.55021129858454731476058
0.54098399690067699996376
0.53433743658872923099068
0.54389376821498103264929
0.55472475849163671579589
0.56453774233251940994904
0.57313148767854371623542
0.58024247280605756316163
0.56765459402221141171907
0.57513532083654828053199
0.55880586291413292254759
0.54886999129616664827580
0.53808011639507158374585
0.52833823763980802823426
0.52294133528910136110568
0.53289096060772500607072
0.54355967147064965239167
0.55353336662068497453504
0.56256247049353902411895
0.57034240445296735533276
0.55791450358833682976467
0.56595076349989292818776
0.54877414471268404216886
0.53875405721130353864368
0.52822536515241591548175
0.51811810509174716088410
0.51384130300856278861232
0.52404911463996106668617
0.53447254178488234899191
0.54445183463704727166999
0.55366901392363288003651
0.56189482704631144027729
0.54980653463639006517383
0.55816570062228121340553
0.54050941850143785494254
0.53058144612002411388829
0.52028515345615455878203
0.50993952977050849284524
0.50688954629923466121966
0.51696175475487726735935
0.52705880098112678489031
0.53692591214136242694366
0.54622148984414720107594
0.55469817981073643586853
0.54290582425498867813474
0.55143615639547738371817
0.53362887723465790568156
0.52392555929970496819692
0.51402919398708701859135
0.50421962333234571218554
0.50204398364008140376313
0.51154099526976792855493
0.52119279628396131265333
0.53073928701820061171190
0.53989731181352895728054
0.54842175523383973612113
0.53724019150103219377712
0.54568388159027703121495
0.52821208002737474185295
0.51890440393649950312494
0.50955419209415975245747
0.50039282245222238554305
0.49936571715444705299447
0.50817675480708524027307
0.51719464521696290049135
0.52621990977485533225178
0.53502190293116669295159
0.54332742637754971593012
0.53336086592276632512011
0.54145235877614428243731
0.52484415224741298722222
0.51613330423767966870230
0.50744967469402368909215
0.49897641301409401126676
0.49922118336406523519955
0.50740360524426764143868
0.51576972438229307105217
0.52415412515624204559117
0.53236884179552890206111
0.54019515423785668950529
0.53208301776673327943001
0.53963582945310395455607
0.52416105917419464343965
0.51606211109973187944888
0.50794416675955400553022
0.49995161294725792844318
0.50093197523935406589857
0.50888573904805767256221
0.51687376255077932540871
0.52477545912713430276142
0.53247080609135044593216
0.53978332420297547855625
0.53338574525358739553127
0.54054964364724233938375
0.52580275810243637391039
0.51793439233355531570169
0.50990915683413173820071
0.50180792684942632231326
0.49912147383300509151383
0.49902260366422701576283
0.50216033246538116507907
0.51062455524175864862713
0.51890258335609351636464
0.52691345838095304809912
0.53456176746484584949570
0.54172610441563118222064
0.53564615850120711471050
0.54300346781401476192741
0.52772065760551922775079
0.51933801524438527597027
0.51058505173310009261911
0.50152956568272355486471
0.49783603281206689761262
0.49510292232115704624817
0.49951835782417775000397
0.50937843530338633435406
0.51882007391931428408327
0.52780048753928243687739
0.53622808396036558686859
0.54399440946300903210187
0.53589135174634272562599
0.54428592577353351877889
0.52673873546908478449069
0.51694927543852131623936
0.50658703620754597096720
0.49577820492144608621743
0.49051970837909175671143
0.48393064648309319641939
0.49012938236774244993299
0.50203689634368076077919
0.51344073576760340671399
0.52422118195969469311990
0.53426031208106206094044
0.54349722791619192729939
0.53109029993137568670392
0.54132543298125324060521
0.51998303266496903596305
0.50813125018281168898682
0.49557930537002492510368
0.48253712448319047156886
0.47528761045605605328745
0.46471421297986409415515
0.47306685842208928693964
0.48733946471695921420775
0.50101250937413799313447
0.51401623560982168115174
0.52625526206808204143783
0.53760832890585574794784
0.51978388232133165836046
0.53227656958321867275430
0.50639982624327173343914
0.49221214378284072754610
0.47735901472258163158457
0.46207126932624731363575
0.45256675896986903184782
0.43913750549272806411594
0.44976650750483859741990
0.46608303868631817401535
0.48203576434737060996127
0.49728664816004713999931
0.51180774442375842614439
0.52547319828068572711288
0.50257221589534584182957
0.51739475690007474817378
0.48699231137396270518991
0.47067784046630395389244
0.45381980172101205051050
0.43660236985915995555629
0.42485542766952227866639
0.40999505972463801128924
0.42292280903927226276551
0.44092228962726370822267
0.45860493378911215689442
0.47580452196057337888035
0.49245470990685480394689
0.46413911981303229703499
0.48167749893926281590240
0.44610800781191339847709
0.42757960324619753711417
0.40889881727179466786026
0.39501416522760030014538
0.37980158728145674285059
0.39467596614236644114726
0.41414095251849414314194
0.43320321820060875284142
0.45207728133851760032869
0.47045273477316135180004
0.43970229016813267008956
0.45888797013151710890710
0.42013423237148111999417
0.40030257817987863200315
0.38043077899657790075238
0.36430088448737241169084
0.34848824655186044774169
0.36570266430706438454123
0.38619197850594910725874
0.40673406392564281919277
0.42701528323651016805229
0.44701503971908362888854
0.41392430842652283562444
0.43461877616038319116498
0.39280607839572084794000
0.37154785418597285895359
0.35045979770846263923190
0.33207878836679827205813
0.31496619858205338049473
0.33440930599764362440851
0.35622265342988584935213
0.37820077748360292346774
0.39998532592915297945169
0.42159363795538457031498
0.38525369337693965432479
0.40780255801367520929190
0.36270210921220774613616
0.34009205957032406786311
0.31760293791856875067481
0.29700027304191378707543
0.27820563057537989193335
0.29996995195505599118846
0.32299795247415469257035
0.34615047435288009980425
0.36956352105430834154021
0.39282643670609107555691
0.35271944578410924231449
0.37681911288877262267150
0.32872409052250434191578
0.30496819794619406396308
0.28165236911891272653108
0.25879530435041270264307
0.23985264870919897894908
0.26271477104108253985970
0.28640193688908122116032
0.31055517604421756239219
0.33514989706716230566386
0.35976882266909393504051
0.31664945154437657004465
0.29179763775240191714389
0.26735462720719305185213
0.24369533540641641344848
0.22103261952544137058929
0.20276676619363420694953
0.22502653819132537038605
0.24848721071619003786246
0.27293088447821034492335
0.29797002997315680250523
0.25440102146878523781126
0.23022085757952231999113
0.20720288271007436531335
0.18561809030055356761757
0.16983405420307537414537
0.19060394351614748376100
0.21291845634602232784083
0.19698855475191776043253
0.17556069245586378158031
0.15588299926431187225617
0.14374252493919673079326
0.16209642600781631882612
0.15031435031480552821925
0.13322581095882304880185
0.11972787996207011340655
0.12426750781031896397888
0.11198223145565185110417
0.10947218451646842374281
0.13268386048359617768178
0.11735924311630006877660
0.14308159404645964807301
0.12648865160990951928000
0.17469282346126449589896
0.15482274485446320677617
0.13702533723519166874993
0.16803608529418892492124
0.14903313147675800731662
0.18892205673196721393836
0.21141802018702132714978
0.22746632459090973532589
0.20436471224204574848038
0.18263347372582386385353
0.16251304161308147144815
0.19834421870832374956706
0.17736806644491692752652
0.22077134139889895148023
0.24444792071735638172569
0.26895345670860798525936
0.31195749765069147318997
0.28675345353372572176909
0.26204027065102447613398
0.23798836370720752309005
0.21516310881785571940128
0.19341115818799117787030
0.23247785678239765716491
0.25577475975294300392093
0.27990037547598506373348
0.30457169180337995140206
0.32965423955283790213855
0.37022601541638333610962
0.34700893069962845949306
0.32230220705571538397649
0.29779621258370958525319
0.27375100974643906681649
0.25022123722669886713987
0.29143832090372329135519
0.26809536034246417290916
0.31542353123891847532789
0.33956219973280959978368
0.36389950785066155214409
0.38739177053460821520403
0.40361845679358931970881
0.38009177318108494647575
0.35631452584776490688512
0.33255850788171764653711
0.30899042316783531525459
0.28572643511542789029889
0.32594693183963346916343
0.30305701652798616718698
0.34916195195045807153633
0.37250307454497216808065
0.39564976124915179900299
0.41844553879396673146118
0.43251774692551925305395
0.41047502867023655248602
0.38793195501923116719212
0.36521962603152868798162
0.34243108263666988122509
0.31987379870232773848571
0.35839271293777535953851
0.33627595333164983504304
0.38061711547762910878845
0.40284060167528662477210
0.42463722227217237659147
0.44601846420423940653421
0.45892923276018504630258
0.43834817107114576462124
0.41716257606600620766457
0.39563334352611179145498
0.37394800635065422733661
0.35231211762183339830656
0.38906542856663139939855
0.36789640080238039665517
0.41024668779568573828698
0.43117294741117628831262
0.45155697215813567213516
0.47142750248730286299903
0.48342471058518354798395
0.46444257386471266002559
0.44477413572640284167292
0.42445543703031402005266
0.40391762329685798604828
0.38322784228845069298686
0.41846626857183782943750
0.39834875115202955653260
0.43850865996463445073417
0.45799856714480785546684
0.47688646720233451858917
0.49495477425347911282216
0.50596615503127517765591
0.48881414508542825325677
0.47077131656282689142756
0.45199957634434079212227
0.43276852086936162811170
0.41324275565141321830964
0.44655852866800854750196
0.42769527289342984532894
0.46508160353000188580452
0.48295040551185020039071
0.50009579809499293823194
0.51631745628221437094396
0.52123768637334566555808
0.53083726462287006420127
0.52575440488472269251474
0.51059582773289957646767
0.49447759163698112860885
0.47748647602081145668862
0.45986698396993713755521
0.44172225029493061843056
0.47229961531881248237852
0.45500946823440158173213
0.48904387347829231247331
0.50501689966435936440803
0.52012205594757598969835
0.53415299321241815899697
0.53929879245896172879071
0.54651460850054389695174
0.54144697731317414923780
0.52850496407069347259977
0.51446969209920623278265
0.49949302113454585594354
0.48378654286661443295614
0.46741861803041756528998
0.49402318317343235642980
0.47870161238206970777398
0.50876250323387184337776
0.52263038776463621726265
0.53561897135932245994638
0.54750591320628061442477
0.55242281267299331304343
0.55705452767158436522266
0.55226677978750482456149
0.54139460124830218745728
0.52950061362186062741131
0.51665400221986701456700
0.50298585774648008062115
0.48873024268494169586319
0.51056885802505880267432
0.49732556906435732013705
0.52318217742362183031446
0.53502394817747467303803
0.54592008573981853913892
0.55581050270788023848212
0.56044079793259904409553
0.56265589282628658551744
0.55819269433866203211636
0.54918742974319423311158
0.53918516379599290555547
0.52833360052486899594015
0.51670932805514613317399
0.50445569547477031591143
0.52145368737049146989904
0.51013298373708815258709
0.53216604465621286657040
0.54214976505606771173262
0.55134863683021606561852
0.55958091773188167739050
0.56388600724183768342357
0.56431001359588073285067
0.56012921059605713658414
0.55252468165491586127303
0.54402551142999100441955
0.53475377874681384593458
0.52483767608480091926282
0.51438117142833250650114
0.52703479826071020220013
0.51729201112740275103619
0.53630145972286780153837
0.54496390780047898605432
0.55291968619058529110788
0.56003475136489444530241
0.56413687988157124042488
0.56357439997565650369182
0.55948352937911483007127
0.55271678214417951924275
0.54515991638359939663872
0.53694508421182129964677
0.52819881458957496089823
0.51903261959060731367543
0.52850307769857751694076
0.51976024128819786618294
0.53689707324662050424990
0.54481836061924793224165
0.55212770984219439185381
0.55868308106338104845889
0.56283035781281331999537
0.56210557235155045319175
0.55782509028230109482394
0.55135182353941114552498
0.54414702005854376221095
0.53636890255699087859398
0.52817035350109109437255
0.51969141021630016474830
0.52743091590762991582864
0.51906272732202929365286
0.53558828953373172065966
0.54336647571464435912958
0.55059167188172553064618
0.55709288370519327582286
0.56157165235238515332838
0.56138392005475279411542
0.55664478434305086906875
0.55002831274201047229155
0.54267953450417227845293
0.53478372236504756465081
0.52654052739913304037600
0.51813142049107629993898
0.52573127075915004891016
0.53417348164077727012966
0.54227773043252958107274
0.54982615568422488205869
0.55661223430131656630948
0.56164454237912087020135
0.56241738024978149557143
0.55707761822195023260207
0.55010384522954325348110
0.54232123458547853989131
0.53395298554959136350107
0.52524277617584047561650
0.53428550378527728259570
0.52527044704760150750644
0.54292852389133328117055
0.55094813638020068147227
0.55809566841803159853441
0.56371839467585904692726
0.56551346877175823202322
0.55965041212136967807567
0.55238484410764843168806
0.54418007339866447669152
0.53526659475609239535743
0.52595617381340464824291
0.53697845423442536194614
0.52738494991094264641163
0.54608027128663072513604
0.55441728476165397232478
0.56172966664690826554818
0.56774343440604724264631
0.57024384564577235146032
0.56426896403524806622443
0.55698292101356383643207
0.54862209501105585474079
0.53941365181672740192198
0.52959976417708398699347
0.54249295238913386452140
0.53254544990262220327537
0.55179074578215159263550
0.56008682819717781065094
0.56722245531516823913165
0.57296025018490071012423
0.57593659172570688120629
0.57049969694142010911975
0.56361766667011325981917
0.55544426917287459399830
0.54620588652994450651335
0.53614965602043640480190
0.55047400372782240296488
0.54034989759692353405995
0.55961538915582831332785
0.56756753856929131885067
0.57411313659126916864039
0.57914785666731094515569
0.58258985700687504483142
0.57803554968226822374788
0.57188093920218652232990
0.56420532411032353614644
0.55519686963018655134761
0.54508275196741562407254
0.56035119914513054073524
0.55028123366097414503884
0.56914250667760191149114
0.57649618788824985582409
0.58221879761367889560830
0.58621199625009123845842
0.58998501051643503778621
0.58660301715107721065579
0.58138845853647080907933
0.57444310011099719570637
0.56588743726621915097752
0.55591041633881255190630
0.57172612639199771322751
0.56190746531337454339194
0.57997392403393388526922
0.58646690740443607747778
0.59110189911934207795952
0.59379677586838508496214
0.59752484712799269761518
0.59557179288976258568766
0.59157698213913356699578
0.58560504860770046242635
0.57777862509729716045115
0.56824078905790953442079
0.58393846891095713136366
0.57477784090253902782308
0.59127595229471696658408
0.59660278248846521087501
0.59982573934845706542518
0.60093055251330573796054
0.60085082319985660959105
0.60334091578121318288908
0.60377981693796967110899
0.60362880689493703112447
0.60125119315231789762777
0.59669155331314882584337
0.59002499755479143050962
0.58141333194080657698066
0.59583192328552025962551
0.58788258272281501692902
0.60167691333206330117633
0.60531020420811421089979
0.60670978109163353764188
0.60583437339971957236173
0.60489987911988563062948
0.60531931542327066519960
0.60683679133948520423303
0.60882503844666713277434
0.60853374475882060501419
0.60592649063187398184027
0.60101961335728915081233
0.59396301332741019418648
0.60543194401908240198651
0.59937625757098300649517
0.60920535644151685428227
0.61067478983758594068831
0.60978221820809130893082
0.60659931956694279620024
0.60440759258692877686769
0.60205640454848918796671
0.60502207086402992608498
0.60941499906739193814786
0.61154619682585442674849
0.61132677220868314460489
0.60874108110407643135176
0.60382861896275685786861
0.61080371085794304963912
0.60710499724283106814937
0.61211806231706789027669
0.61105037935990347275350
0.60766144296999202722986
0.60208415882238353056266
0.59826334130795710830597
0.59316018742633414007059
0.59780530345391480473438
0.60455989489951356130604
0.60916479737251849613244
0.61150044798215896779681
0.61147737076483443807717
0.60905207834515973086553
0.61074234632950463730339
0.60959356210170934087245
0.60951965294874754786036
0.60593893337091320194787
0.60019554032977107116409
0.59240436887783720631973
0.58688879571217111852377
0.57976025892633453739933
0.58609419288532493830246
0.59478597805037358714486
0.60157008522490829083296
0.60624401930043925190716
0.60869327004214912602009
0.60876430142419912794338
0.60545008694468760435115
0.60668930726431835598333
0.60192895198292595271283
0.59624822369402841193420
0.58858244213995070115431
0.57911285405677492832410
0.57198579542989835822198
0.56404304218681500238119
0.57177734496490095761345
0.58181519162770345410252
0.59022343819668365849651
0.59677259262576587417470
0.60127542481486839776039
0.60356013084094395360069
0.59637489758275141760180
0.59964455545601236252651
0.59106489903427783527690
0.58381893498843906442630
0.57482869233533462338670
0.56443259868476847174179
0.55600938633166174795974
0.54833470464971556523892
0.55717595869096403493614
0.56786759558108190759640
0.57725096299340228345187
0.58508839517969901677930
0.59109284239779247283053
0.57905438919633134275955
0.58568296379719642086314
0.57082484280256851061353
0.56116412262521220277733
0.55030981514151133815460
0.54108065978424513264855
0.53443291447763419110828
0.54399127164910754395066
0.55482574401653839135662
0.56464437677970313878006
0.57323576601648362771613
0.58034257765632824010993
0.56775778911356622469242
0.57523435406697742688920
0.55891137802101398257548
0.54896992023511426150861
0.53817669194076134253635
0.52843262724948181219276
0.52303473089811858276477
0.53298671415115972394005
0.54365864149191278631434
0.55363784565660456582492
0.56266465603357274094520
0.57044042406533035372007
0.55801575802685132732250
0.56604784094792415238828
0.54887767908279849748965
0.53885215573747968775820
0.52832039243868977873575
0.51821059631441757087345
0.51393297642491808652210
0.52414350166869294600502
0.53456986589791777308989
0.54455450400033489355422
0.55376940854719280959984
0.56199101979134491458012
0.54990613918887443212213
0.55826106523593044261844
0.54061129525015938490640
0.53067806915606696716026
0.52037897336272476156438
0.51003041158206563476796
0.50697996201655082249005
0.51705508108045639126260
0.52715478647720082072681
0.53702706186072302063650
0.54632035783201882139792
0.55479276437809343924812
0.54300400422975547698456
0.55152999871579699853186
0.53372934853866438320580
0.52402097408801751043939
0.51412209517413931525454
0.50430963754442970081726
0.50213368566040350593482
0.51163354985955666887065
0.52128771500253212600740
0.53083915328686059886820
0.53999485573818628569853
0.54851489796372510099332
0.53733716172803147603787
0.54577637053657812593599
0.52831140856474356759520
0.51899890955079697185681
0.50964649105037618248559
0.50048229825409407123260
0.49945507772600922224981
0.50826890000216062848182
0.51728884094305094265565
0.52631880029459909842160
0.53511838099818609393310
0.54341932878512833049456
0.53345695356513711526958
0.54154375917344266255782
0.52494271708737849646553
0.51622730603608535382421
0.50754178231320512537650
0.49906576777810912615152
0.49931065029166932234261
0.50749579925872811969612
0.51586365942454603938927
0.52425248665568724426578
0.53246465441372192728409
0.54028615723112205504464
0.53217868025687575794791
0.53972655066866148665383
0.52425934657814454720182
0.51615609949590901539551
0.50803655268615766082974
0.50004127284969368538725
0.50102187107042817082458
0.50897838495229130728603
0.51696789952405342027930
0.52487378669361783867231
0.53256644041001466316487
0.53987388187446538889702
0.53348144628299509761860
0.54064014294334117316509
0.52590119740308594042943
0.51802872142715961079062
0.51000207594758428797377
0.50189803465689408756845
0.49920928034238243320431
0.49911025752225790519390
0.50225056344735241609101
0.51071769005572431598949
0.51899708398577693024833
0.52701202045876993640405
0.53465757769131305732202
0.54181661419578286409404
0.53574205757472392885887
0.54309400219707026913341
0.52781928368652242244963
0.51943259204479663715404
0.51067826325098630846355
0.50161973777138446628499
0.49792334541339766662560
0.49518962237351771271676
0.49960822153760420238910
0.50947150794728046641069
0.51891455626541016510345
0.52789903888268896459124
0.53632398047140528163368
0.54408491811829140516465
0.53598708174028086848040
0.54437629309253687814874
0.52683699754639068402184
0.51704341273218157315483
0.50667967723632501009234
0.49586744253208869803728
0.49060547651118574519202
0.48401514341504725535970
0.49021765319592436327412
0.50212877748230355656744
0.51353422814576532573483
0.52431888113413893659498
0.53435564352038000812684
0.54358727650633498207355
0.53118495471723947698450
0.54141493391421124936613
0.52007984328808820606582
0.50822376989137596492441
0.49567007610907953818469
0.48262407458238404389661
0.47537048911871010448138
0.46479514491676365839368
0.47315214843202868522098
0.48742879591640692060750
0.50110372925476809324863
0.51411183650013825285896
0.52634894212180916017729
0.53769702650227457763066
0.51987629911264288118389
0.53236420074935497659396
0.50649391356612105674628
0.49230175697695877090609
0.47744657931896627989232
0.46215461547228198213588
0.45264548294968065533794
0.43921381258536412728333
0.44984767379550416599443
0.46616859245262187716463
0.48212351938139397233840
0.49737894352027434141661
0.51189863315105021968066
0.52555952706545383534831
0.50266135348946527905412
0.51747957937929822680445
0.48708259335051468097433
0.47076351874319749546416
0.45390315919069956773768
0.43668119871748983795712
0.42492918632022780300872
0.41006618027386515512589
0.42299920584594380423837
0.44100333125407953360764
0.45868840891847323382180
0.47589262783998148576003
0.49254194036606557816071
0.46422496654630257539864
0.48176270958760836204959
0.44618920407117002024933
0.42765824103154209678834
0.40897271125666645463781
0.39508263687076988768254
0.37986738388666729804299
0.39474732066643453132215
0.41421716086326121342154
0.43328205869991015530829
0.45216079834803080128580
0.47053585213017290467263
0.43978342050709900989958
0.45896893713946734782994
0.42021068472296424500811
0.40037627903768485682079
0.38049958838608527456060
0.36436396828701039796172
0.34854857340554507016961
0.36576883962844047859519
0.38626311927197498619080
0.40680807118893735907506
0.42709397301477064479158
0.44709380337561338558672
0.41400048868249167410838
0.43469524914965679274204
0.39287754507965910732992
0.37161633200000931953610
0.35052324017365388275635
0.33213626116738492743963
0.31502070372450535762354
0.33446986694719244015417
0.35628833563686462815312
0.37826957932972821163631
0.40005884625144044752787
0.42166771595868512978456
0.38532441204912948329309
0.40787411090916414480034
0.36276808289846140809232
0.34015479223012634601986
0.31766047854913487258344
0.29705167029299772707418
0.27825378041186998867573
0.30002432229700137789052
0.32305755505232103264035
0.34621342938298016456145
0.36963126639969057229962
0.39289526166777938298580
0.35278401341510501332266
0.37688503475832874078932
0.32878386884099120024416
0.30502449424154171042645
0.28170344096830185476321
0.25884011154186620240480
0.23989424110010074131516
0.26276242863874266220137
0.28645482217309425898577
0.31061164418079173499265
0.33521116434697506569762
0.35983166755184187168837
0.31670725395264504031800
0.29185068793982982260360
0.26740400866058744444587
0.24373956026829890486596
0.22107100840940474562046
0.20280203888243805709912
0.22506739212830581542413
0.24853311785014514656567
0.27298049630152038114161
0.29802434302677660582503
0.25444725813401020131366
0.23026339998557079913333
0.20724051617991359752757
0.18565042919283439304401
0.16986368778751367858426
0.19063857567051345487386
0.21295780910160647114715
0.19702496801722779729005
0.17559260253530531437072
0.15591023920488678022878
0.14376768146445575990988
0.16212589967732354834240
0.15034169239998074196762
0.13324916142484050096684
0.11974866750591595110365
0.12428931948484010783229
0.11200167918037480518922
