0.10474435599616167824610
0.10405023675147584416578
0.11342803062368975175467
0.11273930579406681029564
0.12034531403039390451415
0.11202665421578875126762
0.11974561891188331697045
0.12533577018254921098261
0.12489850233324788220113
0.12844117142144126364478
0.11915927140070260714655
0.11136679907043024739810
0.11853197557468678202675
0.12444797669911612791882
0.12818038164793052469115
0.12995793630449387068282
0.12983547456231503414159
0.13036331093631767230612
0.12787530329435323195320
0.12395021784950331633635
0.11786068649348052650438
0.11720979222491992310928
0.12342457693717334699102
0.12755368191423219204061
0.12968815954011941871116
0.13033697489893800169902
0.13020863829598489092021
0.13021909919635704655505
0.13029791881879693171697
0.12951992574834839122566
0.12717989159374920582479
0.12286340824884926792304
0.12260118771592676267801
0.12678220794384292835488
0.12931766483489692820541
0.13024324040295864879369
0.13022616404157771885508
0.12997988341850705285019
0.12998423096463854187199
0.12994048300529639772272
0.13023138905834524825522
0.13016933970280045174128
0.12908450112354469263565
0.12644616332588773377488
0.12882249766894796061401
0.13007587239261331202300
0.13023121970017345616633
0.12999387049100319391215
0.12991736005896967198758
0.13019587427778170352077
0.13014850029066593606331
0.13065091807690645819839
0.12990067048238956859407
0.13000632237735418317293
0.13022153018331433793620
0.12996049453178945554122
0.13020302980430481509799
0.13002239494063549951619
0.12989021603276937333327
0.13010441043354720180858
0.13059892596400848874261
0.13112544191325561926398
0.13108953588915225885181
0.13147647571659612508732
0.13054417794618811132779
0.13006411128961553602679
0.12988780955330694877325
0.13003911003433354931502
0.12989127864666033529417
0.13002807054970758060541
0.13049006013642930335017
0.13104944581361913091833
0.13146368679939715584659
0.13165529008515930442513
0.13165513235759368493305
0.13170627666952108847376
0.13144604444212540372838
0.13100436397216722039794
0.13043405960457477021919
0.12999961144006488833469
0.13038362198924879908901
0.13095328811261658374931
0.13142281890052251447365
0.13165328532576950348876
0.13170292132482250280212
0.13171553153406695413352
0.13169524647599123445829
0.13174617924563353232870
0.13170116482547494785038
0.13165030608338576523231
0.13139379640895990086769
0.13089876545186077128058
0.13135895530264030117706
0.13164319157768147872112
0.13170178678062346988575
0.13168000762891154953316
0.13171038467848986130981
0.13180991620568938138547
0.13177061405018777873188
0.13187447223441001176170
0.13167815908635513433289
0.13166854957294155115122
0.13170273754276762279147
0.13163285033454810712961
0.13156822228528144980153
0.13169975233420602722667
0.13170526015367287064883
0.13166068797042501659078
0.13164866922779364100116
0.13173174757614905527880
0.13184849727875441738334
0.13190358998378723387468
0.13189768317862085589276
0.13188784133978243007235
0.13181826200474233701243
0.13169334023806078537433
0.13162430555392537478987
0.13165793341811579675316
0.13168294513442124760161
0.13161661071054020499815
0.13160415599591496205178
0.13165659201829071900391
0.13178642853018168734636
0.13188809651542704459715
0.13189889398170420720113
0.13185567796366481907455
0.13187044877896447747645
0.13185045524775362846270
0.13190848628317669577470
0.13187473832218590819032
0.13175163620963153965349
0.13162177672698102681714
0.13159214144851288930127
0.13164787294397004013824
0.13171683668619807439093
0.13185635119468877562987
0.13191428916382882952085
0.13188640624915634602665
0.13185479828988749817498
0.13189785086318894791191
0.13188369653350798249569
0.13198483282670583904839
0.13186082705510424051276
0.13190160603653525162038
0.13191776055293355507381
0.13183681740509448077070
0.13176218806626896484779
0.13187426525444931324493
0.13191830703146231740241
0.13191751731568737704414
0.13187070216648014153726
0.13187226111122557492550
0.13195654577743154423075
0.13206976338967332806895
0.13204001179320379311122
0.13211314382639297027033
0.13193055577199599981419
0.13186527473926892839451
0.13188304188628849344944
0.13193207915668678231746
0.13193629409968113397333
0.13193314852580420581951
0.13189782841721653383615
0.13186129939681601186408
0.13190617573806767692801
0.13200966640626887738108
0.13209344723831600854069
0.13210700102245906406573
0.13210151602246072988223
0.13208200867017483304267
0.13207131002889879733964
0.13197826679605681454710
0.13188457104542467002162
0.13186253423687219199500
0.13189175317897161576752
0.13185706366644012188516
0.13186706147415688805680
0.13194789589057107082049
0.13204581909800819361500
0.13209260061878924652490
0.13208530078890820536053
0.13208521384975174806087
0.13208792944477748543264
0.13214511667240785852684
0.13208677636948731870525
0.13208149567834664983579
0.13201930802926883923298
0.13191793677999569256443
0.13186329373243377283131
0.13191304784958821083585
0.13198997261244246881340
0.13206695791498809788855
0.13208797690361914756174
0.13209229032566724426623
0.13214221952212334976196
0.13224655203344826137624
0.13224049202636353750329
0.13233489804000672651618
0.13214182419315662064818
0.13209653234194471127516
0.13208626474319778987265
0.13205010677908746163922
0.13198313404472075682783
0.13204457927558074792351
0.13208356271542134874331
0.13210111638180843662838
0.13214156399157167554037
0.13223402789164584447690
0.13233142365838687637414
0.13234784850505884601368
0.13235378782780479745007
0.13232617794735898608671
0.13222875325979613347904
0.13214386016985776861610
0.13210638265943638880451
0.13208458233146128102398
0.13211426549966659438340
0.13214739691061577753217
0.13222472526127568293042
0.13232157000839869787079
0.13235795899393842933733
0.13227216957278928322062
0.13228690176349983120829
0.13210738216926554144948
0.13236024026752055138267
0.13231558267005477658174
0.13222261953817032731351
0.13215723624724434737132
0.13222705584998856176426
0.13231059375843307046594
0.13236044933661678113523
0.13229976560854384004529
0.13212728487723263137710
0.13193223993340741362346
0.13194185757820051096978
0.13183342602066944193595
0.13214534235465424938383
0.13231197535664002140621
0.13236074625682275884841
0.13230779410011891950028
0.13235941231897863090694
0.13232241123612251132435
0.13216572322634467795410
0.13195578863536194802464
0.13182380698366313875880
0.13186866615267806013279
0.13183766168196839330129
0.13203401963759109349894
0.13181953349545363907147
0.13197141197947526158885
0.13218387433631931249245
0.13233165184341480480334
0.13220465131131739489057
0.13199122464508281082907
0.13181974326635523264706
0.13181102176431611083807
0.13198937437572583197820
0.13226646251399887255218
0.13222322817103271397343
0.13248134446565026922649
0.13194694600187648059197
0.13178942116037895004865
0.13182632952698486450416
0.13201309766207888762857
0.13183566770276597401867
0.13177323289069978184962
0.13190780665314938424615
0.13217941534870528141887
0.13245191997659575000590
0.13261476039451422503923
0.13260365710373511749509
0.13264870632944975037404
0.13241957092488657043994
0.13213419391568259619874
0.13187092489339588552433
0.13176208705744651972225
0.13183925477005004056608
0.13208966583101641734110
0.13238408993792222245744
0.13258965000354375196601
0.13265048525829731262959
0.13261001285109519365335
0.13261335353587022645172
0.13254400508308120110179
0.13264972283167283939598
0.13257123745973478645688
0.13234701198894815998841
0.13204620821464310709281
0.13230766799017160129104
0.13255068867875785532107
0.13264759395225861338119
0.13261701808881845576771
0.13254030279297074335076
0.13248583924621834539970
0.13247381274653358129711
0.13244697399032620555026
0.13253864582070373767664
0.13262118072256656731156
0.13264363681379626180856
0.13252592567416396351909
0.13245619952854212342253
0.13260736275452353338800
0.13263684537142719777059
0.13262504450458653670886
0.13253864050662841900241
0.13246415141832107442710
0.13243255599559616841887
0.13242351855599579502076
0.13241310955710003383068
0.13241353666464189542396
0.13241758362903557899592
0.13245491541562770532181
0.13254079760846232405314
0.13262981963425846121396
0.13264497218215984264411
0.13258854317325460825394
0.13254557430656740968367
0.13244924936142399296557
0.13240283703496244505082
0.13240040851451403969286
0.13240930766420755393398
0.13242899184193529515952
0.13242719561611937528767
0.13249167056815175369522
0.13240308271937079043212
0.13238714452720412584341
0.13239036745084190038746
0.13244519544195781923790
0.13248979173798886010971
0.13240178070835631474189
0.13237833181710814689502
0.13237360559465707887661
0.13239617596340086391749
0.13242583077904987454154
0.13248533459794104016893
0.13261136856848459997238
0.13259592335637004900661
0.13276795545766426065448
0.13248153457521241738171
0.13242362032871285437707
0.13238806893567417466429
0.13235981150028261477125
0.13235760121689907342635
0.13235839342402794249764
0.13237926909954211840414
0.13242148754347060624070
0.13247737214980762066041
0.13258252554323510241652
0.13274490115275316970411
0.13290820351329676873853
0.13288453176715450676504
0.13296857194677896840673
0.13272072164527226600939
0.13257092510959309072938
0.13247629832041898922945
0.13241919530714088559797
0.13238966776632130062374
0.13243747903901981199937
0.13247529413495484629237
0.13256204110281363806045
0.13270000923947322668539
0.13285993170459470258393
0.13295529666627939335832
0.13291009785612151183898
0.13291484499438024902140
0.13274561496935685656062
0.13293979216682808019989
0.13283417111436479629560
0.13268078862893220581931
0.13255566962906198402727
0.13249993259785841637211
0.13258106955903126156215
0.13266532890514223796963
0.13281005157295061591682
0.13292090553325516810723
0.13291608471783450395876
0.13276688800068534024312
0.13253644300715861081841
0.13256244149007498367432
0.13236485351709884050742
0.13278361919148168324156
0.13291330158250744264414
0.13290182368627287412544
0.13278631958660030987218
0.13268602885811661695747
0.13279563907409200340659
0.13288062906515918371042
0.13290841628939795149300
0.13279826805329833505631
0.13258902840834405068016
0.13238463815469161954930
0.13240711927750473120291
0.13229756392160962885640
0.13261429638640720440890
0.13281177379330755261577
0.13289975145260557454208
0.13287513293821948123785
0.13288568742871559313912
0.13282143117773398399706
0.13263888086273320499053
0.13243050136044270947977
0.13230844269596633844266
0.13231641320309214804318
0.13231450395007193776564
0.13240219932140895320316
0.13232057576053726788423
0.13245698149866350079584
0.13266287321805525500906
0.13280990611818607738392
0.13266414490758351996114
0.13248497529309663511832
0.13233757570560275573790
0.13231468389089678927562
0.13239450824329088152176
0.13248780734211487719598
0.13248224239104716692950
0.13251758341561808984821
0.13238767555378255780241
0.13231842811541180693347
0.13235703836400383726080
0.13249739966228529786108
0.13237412524374994604592
0.13232389197282115600451
0.13238205755110044048450
0.13247610806515935921723
0.13251782340537923698953
0.13248076724874174869839
0.13248181003414721823574
0.13240923412439767337112
0.13251645944547663091839
0.13247023507103072859081
0.13237872208884504665605
0.13233321928385366472725
0.13237591829721603864378
0.13246498452929172939818
0.13251603814776319323343
0.13248240148282744432784
0.13240199762142174089163
0.13235504237269929417309
0.13233327372816494627017
0.13235456733881112434403
0.13239660325254301587172
0.13248577533067537603806
0.13251504935982724719956
0.13245832455644704350739
0.13251283600267119155980
0.13248891833919054783486
0.13239643559413397100322
0.13231644362617384080849
0.13232162153345322641584
0.13240924353934072077443
0.13237375259644088010269
0.13248679642188943006431
0.13229077259240554220732
0.13230279772811459615411
0.13239761821308332345737
0.13249283614840334788454
0.13240221568560395226655
0.13229450504882889205760
0.13226352433183694023988
0.13233738973811914885204
0.13246050967880260151865
0.13254915491103874680690
0.13253839156147345645920
0.13257910109733739290050
0.13243075332388568043918
0.13230316711369760618311
0.13224027130158388931847
0.13228829007122755445636
0.13221981746974448279630
0.13226914589619623296990
0.13240040728806584668931
0.13252427334251143387078
0.13258214406832141696313
0.13259153334529841239409
0.13259776058178629476458
0.13261720755302577878787
0.13258325001128906661663
0.13250792142614725710459
0.13236728461558164293699
0.13223678862376192499895
0.13233367287873415429900
0.13248732146040989587910
0.13258182406387997165353
0.13260369891175063927768
0.13261481283551140863963
0.13267520918043435029787
0.13265767131822756019766
0.13275192877498762089594
0.13261334764611218406394
0.13261044988712217262972
0.13257753561540169817690
0.13246350123461869685570
0.13241226504676878450439
0.13253205423844643950915
0.13256915791623952172174
0.13261604974974194881554
0.13261545927784759713042
0.13264201909843156834690
0.13272396163506425259548
0.13280795289030036809841
0.13278221619556765387138
0.13280477196136925011061
0.13269717566235716965650
0.13263074795334897637566
0.13261823867725353043312
0.13261951773983246538613
0.13260673554626214998287
0.13262846484142160052855
0.13262298004695474706871
0.13262092879007358892096
0.13267242729046754834421
0.13275534217003662207368
0.13279369623370784747607
0.13273892870349587869150
0.13274517778017208557984
0.13264940808715333653289
0.13277862750712682293752
0.13272807204287015436783
0.13265006629311015817763
0.13261501964902877581665
0.13261898211941069991582
0.13261319675478855373285
0.13262957958839172167842
0.13270077595876125786667
0.13276212737573167554928
0.13274756302267742835710
0.13266494381619367559644
0.13259992960379016202488
0.13261174442336276513288
0.13263165905417684253820
0.13267996341248963765302
0.13274918861062209862745
0.13274306783671493970012
0.13267220932271039934847
0.13263491270882751815741
0.13268059042087509968866
0.13272087832405526919288
0.13274675313339831528303
0.13269605511318777191221
0.13262675026489453844469
0.13263110548243528530321
0.13272586684417519986567
0.13271368362516750005753
0.13279750354700406433928
0.13263381251496170198934
0.13264433731915745151575
0.13270973417418119311151
0.13274171504493845197281
0.13272427738323844259583
0.13273902371963985924452
0.13272286227256585577905
0.13266362536917328251995
0.13264051879733335104206
0.13270214004697666876353
0.13278528211109502654708
0.13273364711548496508442
0.13273519067804492865825
0.13246047896220550232904
0.13277020631878597156650
0.13269531306861670483244
0.13265195086083003683797
0.13268409424628030413018
0.13272057009977797359390
0.13268978548608861833813
0.13266559826415677547651
0.13269084499930794418532
0.13275668628319847730523
0.13273342719574976467101
0.13248570774492579582571
0.13250769465669037794342
0.13204299751929327033650
0.13272950281118783832923
0.13274242429813870591815
0.13268940201990733762649
0.13267826548006106390787
0.13269850502359467614433
0.13272990012154220473839
0.13272120301695000677000
0.13252399202426209945394
0.13208496426868387985110
0.13151777169178383020132
0.13156335102715474572044
0.13107961457083935896684
0.13212496804781048709287
0.13253740274789393982502
0.13271074557718895436942
0.13272355525555551425398
0.13268613391428221714996
0.13254506503588556198814
0.13216172501000955641359
0.13161439986588066575202
0.13111120589533237223989
0.13086225438224030614975
0.13087280703932094305664
0.13085505029315125380407
0.13115091551998128704959
0.13166159717074615853605
0.13219464272906916724182
0.13251397286095745187140
0.13217865111601551086906
0.13170968309380223781879
0.13119136588223431760802
0.13088785296493174459265
0.13085869534463151486747
0.13085007494875663947020
0.13088687588279043771955
0.13047278845756929421817
0.13086199271430776214231
0.13090852224753413146630
0.13123719531720001718611
0.13172608212007366756957
0.13127482964372225171523
0.13093437940022367715898
0.13086711180838192514209
0.13091516842498684969343
0.13059130547694694501892
0.12925940894597884311956
0.12950320777502480340537
0.12680682721638283916299
0.13069425831870809529001
0.13093630862299104888891
0.13087382807292369246710
0.13096597967872131151879
0.13088555520119043995564
0.13095140063669780117195
0.13078289221080585669199
0.12973730830716451167817
0.12721261370739245233352
0.12283329250975277835423
0.12335133758989712260412
0.12757803259998021228050
0.12993577647817261544461
0.13085287339494128255879
0.13096400244078232333322
0.13091220206473580534023
0.13011449188944312904681
0.12791847769809605583902
0.12387954792851445240398
0.11786208764016439798361
0.11849465523956836943142
0.12436797828901544060720
0.12824580056576329045726
0.13027940356376502273328
0.12854605441130817489181
0.12484202875954279743365
0.11908558985142919661726
0.11212525269610461309266
0.11970031428720354083062
0.12531031727032732048244
0.12030405117733414255277
0.11275058267226610586587
0.10423652327751661839095
0.11344280541979349929971
0.10784465480322767694243
0.10495897441952402318055
0.09878965461579898577060
0.10476172759829885383631
0.10406876372368796535017
0.11344680724606755195527
0.11275934911188374709656
0.12036519811006542168830
0.11204703532794342557555
0.11976687488136399106775
0.12535643989602987535825
0.12492063762101567048202
0.12846231362168547551761
0.11918092365815180500022
0.11138738461205835439394
0.11855388074559231048610
0.12447056218220935164265
0.12820306096078412649852
0.12997928755783799692480
0.12985840787296648590754
0.13038468740238690068978
0.12789848273001416800732
0.12397311947785936980804
0.11788284740022518526370
0.11723134823606697063614
0.12344777964701028616368
0.12757724344499699054012
0.12971163949042660568090
0.13035995756044971294330
0.13022994804661999768136
0.13024202137110249544172
0.13032148060649123566535
0.12954384301496432718714
0.12720379452410762732839
0.12288602585101383868338
0.12262285184315240005315
0.12680557029470107544000
0.12934196356565988428322
0.13026728330646381026625
0.13024968392766300695484
0.13000272269445720119130
0.13000767831228457471759
0.12996327356720208112684
0.13025542147450752672455
0.13019379293557781229751
0.12910831118252677485181
0.12646849425014269896472
0.12884524333258970396621
0.13009988865124549883845
0.13025567780581284726971
0.13001785005250995896908
0.12994076727182002350958
0.13021866758821543097469
0.13017192121500339996309
0.13067374859633751338350
0.12992462283296601910365
0.13003073020773320278565
0.13024559641545307986377
0.12998346842359784214516
0.13022607468010147235837
0.13004644848822538572009
0.12991459392439355657878
0.13012838911378879491743
0.13062239905336858747376
0.13114831184131928165648
0.13111306808299982851196
0.13149936215268254180444
0.13056822611378471332699
0.13008851397854420683942
0.12991186195654397250721
0.13006215169069687553893
0.12991431890624760558950
0.13005217183980455342152
0.13051453417987063376771
0.13107357530144153612284
0.13148725788471582465178
0.13167816247848815325305
0.13167870954773622238498
0.13172911271614290429355
0.13147023398877855093758
0.13102892476856550785236
0.13045825884401773819832
0.13002269487463422037443
0.13040679866445087364824
0.13097760667569385839570
0.13144744770186866933415
0.13167749851240539982200
0.13172647813144849893163
0.13173832353399883565714
0.13171877281027749573283
0.13176892981229518242436
0.13172537225334082777728
0.13167496781394186222691
0.13141821956028029716457
0.13092205671063023020295
0.13138235113000795717397
0.13166768376104959203943
0.13172644804445254873571
0.13170419590847692870028
0.13173388481382239389994
0.13183263041725853947916
0.13179409657285609536181
0.13189715029633480858351
0.13170233111111578905295
0.13169319365333900795356
0.13172726223494499175892
0.13165631640603264740363
0.13159124516495956935813
0.13172277263533746505253
0.13172876107329031802884
0.13168522593407880338923
0.13167329814175585123159
0.13175591209350301369341
0.13187196498415418299821
0.13192622557195918253647
0.13192113040657349465334
0.13191042591344681600418
0.13184242401224988139319
0.13171796618154524294297
0.13164885820083585543649
0.13168144668806822106255
0.13170593757215837138475
0.13163956635100093617297
0.13162768034203589651021
0.13168117173501403538438
0.13181106045504345503083
0.13191225237999767982977
0.13192231211040911231791
0.13187820797507329717568
0.13189383332271958915172
0.13187293527282387128885
0.13193262684004355977940
0.13189937532637824313397
0.13177625317003022198392
0.13164532222726624266507
0.13161506836449968216307
0.13167078727014847050469
0.13174041821213786085387
0.13188100732293236982962
0.13193892102418633416328
0.13191052218807533535916
0.13187815134420671769888
0.13192028991985380037555
0.13190702537993456711085
0.13200723719054441307463
0.13188491649984476761226
0.13192622233347003901649
0.13194244760351719891744
0.13186043881453221593425
0.13178510138700977316617
0.13189717845334805734758
0.13194196128042354199117
0.13194222369973931940912
0.13189530054256670688062
0.13189633062113298445084
0.13197985775069312475161
0.13209213179031140117381
0.13206330912880920314123
0.13213546892753541550647
0.13195461350901988017981
0.13188985975350070445344
0.13190776003566728746819
0.13195575156513417169890
0.13195919984411108583089
0.13195603886920220793044
0.13192151169190302617551
0.13188603071455443083160
0.13193075468238418812561
0.13203371506094940812659
0.13211672495215950884351
0.13212927470092938886381
0.13212476546433529756008
0.13210422767621446404895
0.13209534507304995787358
0.13200284531644773666770
0.13190932344257172426083
0.13188622712670944325808
0.13191462477804960506944
0.13187991990789699192632
0.13189077170493088142500
0.13197267728979727996474
0.13207039741913831343290
0.13211661396814697311264
0.13210851692661940148810
0.13210738218887008166291
0.13211111588221577384239
0.13216724338575058794731
0.13211076264761190124375
0.13210606750570877410134
0.13204411867681412062758
0.13194167054378080905508
0.13188614426752345853977
0.13193590358808857110340
0.13201373409184435914199
0.13209179222754147131624
0.13211253623328245154767
0.13211625130187301668805
0.13216538572135419493669
0.13226864419479988921324
0.13226364512109906046433
0.13235695364146005115202
0.13216576620083386739424
0.13212107917637011533785
0.13211111675520187391797
0.13207389323185894647317
0.13200600237778001289080
0.13206746152220016909951
0.13210737011368606230732
0.13212598528615995818747
0.13216610515648108403752
0.13225795758435729410074
0.13235456170254414343113
0.13236985443725543531990
0.13237689853016068597391
0.13235009519437698766176
0.13225329700703325475075
0.13216875084870391421354
0.13213020727797233910827
0.13210747766743066722306
0.13213717560712964771419
0.13217124212655026460617
0.13224964367452382574264
0.13234611714990804354208
0.13238185254943357627155
0.13229523503462509159689
0.13231075190856586565324
0.13213038786550515557572
0.13238477991348712725639
0.13234052952232319699810
0.13224649077659875184843
0.13218016722815401076119
0.13225001595605839765923
0.13233449430745811148391
0.13238541585337657013888
0.13232427907181534831871
0.13215107470953738055819
0.13195518338291170601373
0.13196558195285615355807
0.13185631975910697133436
0.13216981287413254175789
0.13233694409417209869595
0.13238466858900713174485
0.13233078721841834424211
0.13238244001458199239352
0.13234633871121748160959
0.13219067399389242134511
0.13198020963362910862315
0.13184747797859244777818
0.13189153368725051174160
0.13186130262893053233242
0.13205688362903769683676
0.13184391453848828823503
0.13199633450847514382076
0.13220778791892218162474
0.13235470455211936768869
0.13222771202850919225469
0.13201511599507503857964
0.13184464523569325300478
0.13183538548654535893512
0.13201300840228036292956
0.13228933372032386506234
0.13224686921193792854545
0.13250421884725144261452
0.13197131991701907538506
0.13181432526483313760757
0.13185020251155460391246
0.13203615468190815773752
0.13185872275265753117424
0.13179710650204154442910
0.13193274014549322137313
0.13220381743503772931092
0.13247556708041519080155
0.13263762370465750906057
0.13262729614413432122078
0.13267154146758636246162
0.13244400182039819946489
0.13215917610286795347285
0.13189482553701625811016
0.13178515835832116387394
0.13186236973415807471888
0.13211361614636718542215
0.13240912427543849450018
0.13261409601757501164343
0.13267409626212528506173
0.13263280684743380954949
0.13263692082661332483084
0.13256675237058387906153
0.13267416403835241567322
0.13259631206846494988483
0.13237101785439170376080
0.13206938915790586430710
0.13233092406698254706043
0.13257474049378414893141
0.13267268780679131179312
0.13264143725034160947729
0.13256381987313670123285
0.13250854061908898251509
0.13249728091347545699819
0.13246963281664564382467
0.13256303440356481671003
0.13264627270882015097619
0.13266771307356242659559
0.13254924904021861409298
0.13247952973715720892400
0.13263075655094253013644
0.13266021787588061497942
0.13264912484785565394141
0.13256371887089002381543
0.13248850955886903868475
0.13245597903418698804145
0.13244613731419885294116
0.13243649018446687626316
0.13243611678406169707145
0.13244191608411362559572
0.13247997979137338120381
0.13256486985238166709244
0.13265322068137194722048
0.13266840896305742703021
0.13261200509019022142354
0.13256898968498942448235
0.13247331276299778579641
0.13242789313710495724408
0.13242472057630769177727
0.13243264848759375706955
0.13245153683489596652123
0.13245050057439722301922
0.13251418831292599564975
0.13242737856767924919943
0.13241219809617596481210
0.13241442565997968427993
0.13246862155021860152360
0.13251326915131672601333
0.13242527503048473480618
0.13240177503841615846980
0.13239766643423500624976
0.13242123046053566604030
0.13245011353907135132069
0.13250861035543995414265
0.13263386873483287708986
0.13261917795259589580859
0.13279044357819030919288
0.13250580935776906654766
0.13244867821696942877807
0.13241213781403582405716
0.13238328095462803535298
0.13238111814400288501758
0.13238193798217001706519
0.13240277128194122280291
0.13244556839297844108572
0.13250243869606256885696
0.13260680088294654610515
0.13276814070153838964750
0.13293067572927524944149
0.13290775464917270465293
0.13299101425439396884087
0.13274500456508692147750
0.13259600721717201832206
0.13250039322980791678397
0.13244273281014359855412
0.13241324246358848748528
0.13246108435932624214360
0.13249887037157451197267
0.13258615539999865640119
0.13272511203835010706875
0.13288422187484374981103
0.13297849101911990432612
0.13293249029042317199689
0.13293799043500284517982
0.13276793936826830622167
0.13296407763451889572082
0.13285929450939917839669
0.13270492798365388087412
0.13257928968242790879195
0.13252356877961435355218
0.13260473563852029355026
0.13268899781037052365562
0.13283421846498541518677
0.13294604093006023859402
0.13294034663141965357802
0.13278996502984077854315
0.13255869095948399905005
0.13258544029100186034675
0.13238703078053976058825
0.13280783783300550981998
0.13293843031444185776024
0.13292601029667736045603
0.13281003835821456049437
0.13270972505099767890790
0.13281936228726501370012
0.13290439283183269614241
0.13293260665272638165746
0.13282336830247634673619
0.13261319245931024735086
0.13240756392364558258201
0.13243123047722119012271
0.13232043187112502158342
0.13263935398670739784777
0.13283594896841766086482
0.13292354745030324214561
0.13289887503187691741857
0.13290943205992361564327
0.13284524198061728461617
0.13266302726816495138884
0.13245551590393553342828
0.13233251553599573169251
0.13233924074761582723170
0.13233855766732430248034
0.13242499780414326848721
0.13234556085562459992744
0.13248109701940938287557
0.13268668378113826489262
0.13283363310831153292213
0.13268783828987507078523
0.13250878111132194381305
0.13236167140443294565344
0.13233965818699289229698
0.13241855677061842300191
0.13251057682028591355738
0.13250628623600302358199
0.13254031413022515639710
0.13241265243923200367604
0.13234252118294259625841
0.13238084927519991329525
0.13252105227188720748543
0.13239774184442720805777
0.13234772495619120946664
0.13240616348585113049019
0.13250108958095649369646
0.13254185233316195802189
0.13250344709135788989762
0.13250581081889054035905
0.13243185671405219294705
0.13254143651519634250491
0.13249435892646027612685
0.13240259313866217794065
0.13235680380011047296840
0.13239953065364948314730
0.13248889822028719898128
0.13254017134188919579962
0.13250735940340840901541
0.13242596283848256932814
0.13237761093861258321347
0.13235720508838760833825
0.13237709117414306336791
0.13242153079515173175196
0.13250990299128745375512
0.13253899897151458220357
0.13248197124514743405754
0.13253651253881029714599
0.13251288993264162541230
0.13242054739418590569855
0.13234134087212831576430
0.13234552824079565125359
0.13243173162476204463012
0.13239764565031994503208
0.13250925184176981508344
0.13231564942834000975225
0.13232689340619038786961
0.13242160027043609060726
0.13251652732985860771997
0.13242590880728721813853
0.13231849335321002603116
0.13228761323972951235994
0.13236225939511508942203
0.13248439567185821275075
0.13257157524590895691929
0.13256226901082562852352
0.13260148123622192417592
0.13245562358446871797923
0.13232726307882311522768
0.13226427433473589290180
0.13231197973560615555044
0.13224351296827449586679
0.13229317886950012206349
0.13242452082364367105249
0.13254914251800034574735
0.13260600541585654266186
0.13261387013016445735047
0.13262160014691581899626
0.13263950257170720181676
0.13260811118358817317642
0.13253205456904870729318
0.13239135983499805693242
0.13226050357971025350778
0.13235742108875031552984
0.13251144161110278707483
0.13260597086062095306680
0.13262854495613790595243
0.13263863108638840326847
0.13269746765752557515761
0.13268147298882509987905
0.13277415421380775462090
0.13263817513252759705544
0.13263460162981874357335
0.13260169478273969856374
0.13248728720395708258195
0.13243555927768774216347
0.13255533362173654854388
0.13259297867131711323729
0.13264023809978503498641
0.13263961070806862263538
0.13266683051401562121185
0.13274774992262328154879
0.13283014199192963444851
0.13280598876915450379244
0.13282691435159471593508
0.13272197552198108927435
0.13265490136939098175795
0.13264244922221646305616
0.13264336194304129912247
0.13262999266664543540628
0.13265169009165203584111
0.13264683900632531776687
0.13264516102080428638921
0.13269658826296867881744
0.13278013034906432920934
0.13281744442656640003975
0.13276101352131078336960
0.13276889096331090378555
0.13267143174147127959728
0.13280339709020239080672
0.13275224202837693221468
0.13267432438264378791182
0.13263888968275541757613
0.13264217074377621097270
0.13263635173187601767886
0.13265346576594835847906
0.13272506240659995291331
0.13278630200856453291713
0.13277230319295646454592
0.13268861604631670969567
0.13262189922563544230982
0.13263537943892536596913
0.13265358791133258220540
0.13270466579977757692888
0.13277335935253484211493
0.13276738116017061663854
0.13269611599226227571791
0.13265804101689851468571
0.13270369728943254283848
0.13274480677631614322642
0.13277108610836083069096
0.13272021520811988493094
0.13265141724062701200637
0.13265471546833751403938
0.13274776467623197739876
0.13273727990032055390479
0.13281936660586460274835
0.13265845539445164646963
0.13266848680992859854655
0.13273407783316701347154
0.13276565832490588858761
0.13274736475091736265242
0.13276208920463505869236
0.13274681383914191390438
0.13268797695714759643515
0.13266466609719196334538
0.13272676926577051115252
0.13280886260246260732742
0.13275545361587118287083
0.13275873294896503584717
0.13248219473229988496499
0.13279482015378415993290
0.13271946779608501110204
0.13267631630156684341415
0.13270805042533398432347
0.13274361153690858450283
0.13271280273701979712797
0.13268956295991765625963
0.13271523358453843344229
0.13278085059473271334340
0.13275800575537211045685
0.13250917546072868424822
0.13253220314791239187180
0.13206635644265696249988
0.13275366093558113589346
0.13276683743856798614047
0.13271338090468473569494
0.13270126386455100009343
0.13272149360842044885089
0.13275389669206211218366
0.13274562575607434800062
0.13254811062105101293618
0.13210936571302606123979
0.13154100761925691109866
0.13158762603109952493696
0.13110274247269013137007
0.13214901098618803132467
0.13256180457935526351143
0.13273474925749192965263
0.13274653817552836687632
0.13270910321536044662594
0.13256904957055551386169
0.13218607063032994375362
0.13163834774264571159108
0.13113536686554824739481
0.13088531216846546745280
0.13089689335600129815873
0.13087807475434115600521
0.13117477694705839685874
0.13168586293997064373684
0.13221857343790044403420
0.13253690701458278877745
0.13220152472687918265848
0.13173353548147212488395
0.13121555561848152748894
0.13091166390255618012795
0.13088274812754885356725
0.13087306652558300390510
0.13091090196330737449593
0.13049568116881385404504
0.13088579581837966880897
0.13093266932851102546387
0.13126097175302631203664
0.13174887791149106353039
0.13129754973654933492000
0.13095811157544043346057
0.13089126058946196073940
0.13093897818394986676260
0.13061524439939872777039
0.12928205581862256545733
0.12952691423435358508698
0.12682901128029505644079
0.13071802500437562644109
0.13096047908158298112014
0.13089755931280805389960
0.13098865478844393117619
0.13090825178798048966655
0.13097515576359439193332
0.13080704180120106272511
0.12976089843365901099759
0.12723586898030259106918
0.12285474934680515324281
0.12337385477592009708214
0.12760122698228382187580
0.12995977616576567803541
0.13087662005227482242553
0.13098674820885006231386
0.13093497514949925530914
0.13013811442639058868487
0.12794211027858157225801
0.12390206620742144627556
0.11788357140176028425849
0.11851619153552457597289
0.12439096035039023946389
0.12826909345525405736765
0.13030210123364452390327
0.12856848392714689821581
0.12486471233473589448337
0.11910760013198490314679
0.11214597930383815582722
0.11972207135980390824148
0.12533221490933552089153
0.12032510593343219429396
0.11277108417940184814654
0.10425548418155301810817
0.11346268880739779350009
0.10786337946294878575859
0.10497739736089899131866
0.09880681157267683090151
