0.00167527893677061278342
0.00160870407214546567998
0.00195305051575507104128
0.00188317724894351422489
0.00223333640673994233625
0.00181292490662899197923
0.00216328662941422077137
0.00250702272503339554377
0.00244012476059388356067
0.00276676292019481127535
0.00209409610218527081349
0.00174474158234317082081
0.00202351940804296973747
0.00237295389684635555511
0.00270475382283535872169
0.00300937651397970712397
0.00295118858642347400498
0.00323559710796815589579
0.00263987348926133982147
0.00230377315132108918469
0.00195167396062379309117
0.00188117455416069497692
0.00223386093393300282084
0.00257539122534525830380
0.00289133201850356059276
0.00318245034502807368215
0.00345028846790961657431
0.00339823887531579991658
0.00312660357217598057489
0.00283146255806612963390
0.00250760444722951392205
0.00216245960863650386538
0.00211147029553418593903
0.00243920503601751650566
0.00276865300648247714133
0.00307053475276010488099
0.00334728766570150564411
0.00360836007471339488550
0.00355739450485370199348
0.00382167253240857504246
0.00329374215924156492352
0.00301150698103427177932
0.00270419657327688979162
0.00237871506876888381271
0.00263890744596686870060
0.00295231040525802471142
0.00323867005952652598638
0.00350617101552811675363
0.00376959330011534350310
0.00404521071223549154305
0.00398916286931811671368
0.00428659726312435873652
0.00371661702672984421703
0.00345459065066529161583
0.00318407673992535155197
0.00289166819033072428763
0.00312703918706535135066
0.00340186289900210828835
0.00366465524307773172358
0.00393436605596739815555
0.00422537223506159499709
0.00454653215573690323847
0.00448076371126409668533
0.00482397302328156814266
0.00416508547773893240962
0.00387971300812849301601
0.00361185931006571163751
0.00334796039810408493920
0.00355968562965772996817
0.00382484149367587171475
0.00410612664006617875123
0.00441594208192218774106
0.00475473201935782980448
0.00511227827778248933299
0.00503957513803801864655
0.00539923435590612416785
0.00468516834430776369508
0.00435196019361870894276
0.00404720394277952207063
0.00377128937212350360403
0.00399064321734701136363
0.00428795463984243431510
0.00461644840835967983084
0.00496701185357891882716
0.00532794843373957105470
0.00567654895419260948491
0.00560839997831823026953
0.00593526520257786453783
0.00525733150575418816536
0.00489613142536035952923
0.00454731764776701401221
0.00422490878292613829259
0.00447940312238452424676
0.00482364715714580366557
0.00518368969349052455958
0.00553965574468065491409
0.00587325857953572769143
0.00616895774018308678394
0.00611261875138232983751
0.00637334057265217125005
0.00580917298659987344639
0.00546868163593707337644
0.00510961464930112258670
0.00475224741534516215147
0.00464715733408551864847
0.00491619562528224779419
0.00503658516815251762477
0.00539721447502859198730
0.00574372166831763064643
0.00605611001407448373141
0.00632591727474080510463
0.00655194063377704475487
0.00651050790886078482173
0.00670811028396655663342
0.00627620219686445945245
0.00599665767215759332870
0.00567540432652011150871
0.00532339287938237391840
0.00519139440145408026517
0.00546430546407982754842
0.00560557387649483589154
0.00593517252747862659318
0.00622385747609858260704
0.00646752116956438201367
0.00667224599138845509555
0.00684927764751269620852
0.00681573704558351665950
0.00698197999738514422929
0.00663450648840431273651
0.00642183239076174992854
0.00616906969781339225428
0.00587127333637276448142
0.00572603414448437809253
0.00597106827202276927574
0.00611254752848188875197
0.00637419567274960519043
0.00659480975825026041054
0.00678184587126167467280
0.00694974185672013727161
0.00711181083332758107868
0.00707972577891124391775
0.00723970134144554227501
0.00691768753960246996632
0.00674720710123603850672
0.00655388296805226901187
0.00632638896251677251142
0.00619344044922170901962
0.00638829669649754183780
0.00651170826189515460081
0.00671046537646256390647
0.00688456639540211898232
0.00704810611072634578961
0.00720801299446412364891
0.00736330706186889144549
0.00733362035147055914969
0.00747659068383426349269
0.00717691317215322140827
0.00701558903846155254569
0.00685191023705525835419
0.00667324576397150884266
0.00655916595606314406508
0.00670896710782475404200
0.00681696946096532491871
0.00698369517149319881527
0.00714446167516008968229
0.00730223311894599193261
0.00744957977715739790708
0.00756990702212229429890
0.00754858555232837836330
0.00763391965286738891777
0.00742197297422643193637
0.00727097218598205061874
0.00711249720179992373642
0.00695095495449134757882
0.00684373615809014557848
0.00697062739878711971897
0.00707991634220690984475
0.00723966835281262058310
0.00739217763908423582814
0.00752608315243209931300
0.00762129715523309197306
0.00766178079088254432999
0.00765874365324601454746
0.00765036406576160600557
0.00760612706191522800619
0.00750127087901210527765
0.00736240336151668464670
0.00720735060452554632954
0.00709383972843402165614
0.00721521337874303243104
0.00733153147776518208933
0.00747516569928933366507
0.00758860955738244972318
0.00765304540235436404905
0.00765726332570750272549
0.00760282152096925650797
0.00761811435321853649971
0.00752961646251950646180
0.00766163704473191327360
0.00764471969148119295800
0.00756884577377404596521
0.00744794244505858193256
0.00733455469722813814537
0.00744532413611963261868
0.00754697790340362432981
0.00763404356584056632135
0.00766360699076529868629
0.00763189233223200789308
0.00755054181353827930101
0.00744671420722768911266
0.00746818241042250703654
0.00757042178865974853957
0.00764345352651033243391
0.00766277528511785481491
0.00762036254396257495269
0.00754107164399754441308
0.00761388587482474381990
0.00765928100104633011180
0.00765267607202429166191
0.00758904542949973958538
0.00749019370801634609691
0.00739238485288589049216
0.00741051183988334413039
0.00734533602231670842975
0.00751206760617555494020
0.00760627092232295937135
0.00765943311297024535117
0.00765604203027899984924
0.00766303880888101907748
0.00762210899521439597115
0.00753370410137454808719
0.00743005871481253622052
0.00735429714449276333149
0.00734730192720614572188
0.00734185110800328766950
0.00741098807021654468197
0.00736576174965251559423
0.00745129944964959337050
0.00755523198480023347456
0.00763495968863968973300
0.00757544533655844700565
0.00747347764682175595002
0.00738050345818059422287
0.00734035547800653866146
0.00738938491732635260867
0.00754003419638223353755
0.00750102999008899710282
0.00772448322323442907594
0.00737161091799837676214
0.00734278611789850564617
0.00739707672677113875492
0.00749612636043210395914
0.00741627448438956712873
0.00734895268302781633912
0.00735775885035641011994
0.00746654482831173114260
0.00767216984134630637648
0.00794605987677611709519
0.00788710859101940560401
0.00818335427250639797780
0.00762389148141589655799
0.00743631725455490971699
0.00734848953294909169182
0.00735842626599679614646
0.00734383276219045637301
0.00740991125848277244065
0.00757862506078650546154
0.00782928016530085382763
0.00812268360572884762227
0.00841447827398033622315
0.00835755783437345384224
0.00862022227079832677188
0.00806091516672558655587
0.00777259938612081310166
0.00753611257756595272206
0.00738823637480671632782
0.00749780501400615535801
0.00771855669321538668398
0.00800028541614749601207
0.00829909005889628570429
0.00857163939982565764586
0.00878804871045782247385
0.00874990594353968094421
0.00891164790605002664348
0.00852011861598993801292
0.00823871056308378077460
0.00793963444327482753549
0.00766627498009275331475
0.00787994753738704110935
0.00817727911102547611044
0.00846501526757126657174
0.00870768764133220130041
0.00888465878764805282175
0.00899196189567341708226
0.00897555809579884955607
0.00903418336996562529317
0.00885489282469170517487
0.00866390258179535778515
0.00840907514371340425452
0.00811524804339307931356
0.00801993063779783167677
0.00824907746342494127556
0.00835006091093369595679
0.00861647019874191982813
0.00882154950990388445065
0.00895670767288689502472
0.00902666747931357010826
0.00904684633272916614855
0.00904588214563748806152
0.00903856075256915907079
0.00901734610734599394133
0.00893478792228888721305
0.00878528256777560620505
0.00856555492568127768704
0.00846496653880079649723
0.00865635089249440665971
0.00874557284413027616332
0.00890986244946083937035
0.00900549415031463330872
0.00904360360401010310305
0.00904200650538356312524
0.00901610670576876750693
0.00902231921317481200262
0.00898217550891465370266
0.00904449002900081615308
0.00903968598694165903495
0.00899138484887077212016
0.00888259391576784115840
0.00880995215473768557291
0.00892351535430654929648
0.00897454297933953856758
0.00903401990973769566939
0.00904595570960614603351
0.00902805993195006720176
0.00899117107438216801862
0.00893518763553253179965
0.00894746538352704859354
0.00886934369587288364001
0.00899910629567132226703
0.00903303219726429677816
0.00904651760820397027318
0.00902631544525197594686
0.00899707784066809505841
0.00903544527820753472225
0.00904573201002019898487
0.00903761572879615768250
0.00900684734075121902486
0.00895863108204011243663
0.00888657754785873547909
0.00877615051156000955390
0.00880087864963607566238
0.00864800918851848371416
0.00890298656737256374760
0.00896913075335875435712
0.00901417955098722696594
0.00904134575949819621621
0.00904647754075788013139
0.00903789757194402472440
0.00902089005357998956203
0.00897926601503230316370
0.00891763229409956413585
0.00882403563579653091309
0.00868272241766066855961
0.00847782936841370848846
0.00852348884866882192113
0.00826531236972648068739
0.00871461446355978504308
0.00884558028794473968914
0.00893150767671009766790
0.00898856975266853347462
0.00901555170107964758131
0.00898305767637299149020
0.00894407123340946672019
0.00886493997520732684992
0.00874432574629608813654
0.00856634857152055624596
0.00832226670569566340241
0.00801424098587252310699
0.00807925073023800337235
0.00773707016292821212616
0.00837551408545410269735
0.00860671652193865412139
0.00877197268208109760812
0.00888352235056273122071
0.00893864804149115642351
0.00887895874530601932062
0.00879780209460621041850
0.00864416416845314138084
0.00842631572508161993951
0.00814368064782610735775
0.00780701453322664874063
0.00787706163645793266959
0.00752132468906305511752
0.00820504555354780937271
0.00847608679913983836807
0.00867955205764889270448
0.00879627548495526094541
0.00868379080070396172641
0.00852247144214751325975
0.00826463598882683225799
0.00794596808202663318355
0.00759269005892381203954
0.00724202503119794529368
0.00730990324046503544414
0.00699262038455029325684
0.00766494212616730934834
0.00801452766377559397415
0.00832144645344114718133
0.00853558864375883984132
0.00834791436415322635201
0.00808186799052208748595
0.00773742553651173784607
0.00737851792349194374188
0.00705010498479300730390
0.00679418392744591571886
0.00683747988621410517779
0.00666385859471563864881
0.00711177867649784040821
0.00744965260686874120727
0.00781105814473715374946
0.00812246822716004325537
0.00786883667896296455646
0.00752464630777320911403
0.00717646767847955006220
0.00688569433757910652483
0.00668879178554482745761
0.00660533857123349419510
0.00661231552007076998911
0.00661283884627219663982
0.00671909174959266480148
0.00693714947687123183184
0.00724301209034538574782
0.00759764751087112222283
0.00731492628138278883770
0.00699279950250507494058
0.00675322589263693644213
0.00662374151955771959394
0.00660399414992387905066
0.00667104092139731222333
0.00665144876933687449749
0.00676006860485554687823
0.00659876372474046003075
0.00663964072056888454654
0.00679365770110604630383
0.00705310689615099104671
0.00683864564320417651910
0.00666099372654937928878
0.00659743917295824676417
0.00663332579849258609922
0.00673447345278094591792
0.00685830204708593252350
0.00683212727058260353707
0.00694840891515064503631
0.00670997062279531791829
0.00661871363374884249392
0.00660046535738705898722
0.00668737636369847072981
0.00660818641804662189332
0.00660643195019263405887
0.00668636311345366472075
0.00680606118898526447208
0.00692576467467151315333
0.00701729933034758290161
0.00700126763066107569988
0.00705831943868432103856
0.00690210571823076084880
0.00677937227389370511421
0.00666393599777587251204
0.00659787656792380251825
0.00664379299854426196015
0.00675257343968953347574
0.00687715144647762458702
0.00698323607198317406614
0.00704973202038484438037
0.00706864328864946055847
0.00706781998751387832008
0.00704909327532059204469
0.00703937578739175558867
0.00696361800584262106983
0.00685096103501397525604
0.00672638777426127956044
0.00682421378091342505090
0.00694195303105607681993
0.00702667797670323505260
0.00706517657186891013393
0.00705560135254376837033
0.00700211553148787687467
0.00701514117661828414535
0.00693010818663364509817
0.00706034190877658385938
0.00706040382917784946348
0.00701197414541680601185
0.00691882378730885542334
0.00688160750308254489521
0.00696341725975690561262
0.00699518475463161218397
0.00705362619822877835035
0.00706329080659694793359
0.00702656404466454453245
0.00694914976330725589482
0.00683472889155638686082
0.00685961161261775236725
0.00671573643848731235972
0.00696688171566815696995
0.00703654907435909745400
0.00706452166746218430254
0.00704485698203341330348
0.00702346681398096066989
0.00705706813999731116110
0.00706373266966449277898
0.00704537197344047745606
0.00698316956767935578809
0.00688269199815361772815
0.00674613409579934326932
0.00657157224519262003065
0.00660868818953522663834
0.00640039174429167783548
0.00677512509939361042693
0.00690488669198070174199
0.00699788375226463588152
0.00705194495195400963827
0.00706192330619054807472
0.00703941800467075030900
0.00701166648154371956181
0.00692576924941504506322
0.00680334230666439655072
0.00664425287358468962678
0.00644370235589297735146
0.00620041677377783199965
0.00625073860726275097599
0.00597061088636572680211
0.00648602939877927862217
0.00667805545631199818507
0.00682974622062254912991
0.00694561285224582890957
0.00699172326097318927451
0.00692085753083452725337
0.00685527626089105744656
0.00671097586887687419521
0.00652734864190342416873
0.00630076317799886046617
0.00602862593150318894913
0.00571357978759975786154
0.00577804393013068434692
0.00543086376801427735822
0.00608662233858136073050
0.00634916367905703684510
0.00656615017341403116313
0.00674236445896059244376
0.00682878403020740262080
0.00671484098914720481388
0.00660424214168969011401
0.00639485528291418910823
0.00614238572401592988065
0.00584265910818698112200
0.00550161748210584600899
0.00513059618584371917444
0.00520432359032966650875
0.00481910768439294031479
0.00557210056238644987903
0.00590488527705176988875
0.00619518072586744579511
0.00644033510123928100433
0.00657838184940796617123
0.00641672262648026580506
0.00624814117280179676800
0.00596624125479528703148
0.00564064951426830520770
0.00527867920422725196011
0.00489525271581822338240
0.00497231232705425997553
0.00458045879652050919734
0.00535453508528915995968
0.00570849354140874794272
0.00602626195405771541286
0.00623071468654664423203
0.00601736404446244314836
0.00577508989112029448576
0.00542882763142159534969
0.00504913781344265739925
0.00465777767001625438159
0.00426684827988018777062
0.00434253544893195564391
0.00396039634010529086050
0.00473611523020212032975
0.00512712880476660047557
0.00550158729461221879253
0.00577660790674017644158
0.00551329995552801710446
0.00520474467733231596633
0.00481490157514209617812
0.00442117043111807123817
0.00403416935862835508708
0.00366550603344159174266
0.00373743364057619242499
0.00338046672170940571897
0.00411038344977231271532
0.00449849473971048342130
0.00489484319346934412809
0.00523040498610383153277
0.00493527210662824539211
0.00457707893011596693433
0.00418579670060734154724
0.00380935627754272606790
0.00344882810335826956241
0.00310563292697329986630
0.00317199502348928553952
0.00283835901393662479175
0.00351956143966395719469
0.00388292797371773187182
0.00426311588284677533273
0.00463374310586974879483
0.00433213082815800312048
0.00395670044941787233533
0.00359020663449137380357
0.00323899157376046674742
0.00290263913435838752375
0.00257116538772108335978
0.00263512364608067947355
0.00230565356688449763292
0.00296773145693617068641
0.00330770748421625564173
0.00366214415938333074166
0.00403283438347602166824
0.00373421638131110969483
0.00337671141133407629736
0.00303533981579718389193
0.00270144150407542306749
0.00237127443995989971304
0.00204108847268655605942
0.00210499361896338910496
0.00243564854258004111903
0.00276629156816575200867
0.00310129976806104105252
0.00344738021055468642218
0.00316978887413137773096
0.00283209179218930863151
0.00250038274695455007418
0.00217088612083028925995
0.00184436145160591789989
0.00190886638282206674670
0.00223584265286659675948
0.00256641328322100613704
0.00290032931929040584812
0.00263270384435973503479
0.00230150732988468201615
0.00197289554430020571893
0.00171701737381558714422
0.00203877062061330995360
0.00236856889347988397790
0.00210503449522240820499
0.00177876651703964675823
0.00153070224490643573036
0.00184365378457818822680
0.00168467951248813495313
0.00159209708160068259125
0.00145376378094683829031
0.00167555677716410078917
0.00160899051316403516633
0.00195337382018266050507
0.00188351204892614563363
0.00223370541195671472659
0.00181325473316996835065
0.00216367063421540493581
0.00250743617219777907915
0.00244055721662303016020
0.00276721834847008796299
0.00209447661802047990776
0.00174506408716496074288
0.00202389336249056677602
0.00237338455470945423539
0.00270523238452972719301
0.00300987093648727313880
0.00295170986705020231208
0.00323612766872738042909
0.00264035201022137528543
0.00230419880866354447047
0.00195204092608603700480
0.00188152051919605119330
0.00223428088048241609009
0.00257586694969761786228
0.00289185549366232719573
0.00318301151540049303071
0.00345085313595228614092
0.00339883705907372121388
0.00312716895697136331236
0.00283198542013957978158
0.00250807574259271845452
0.00216285769038498942862
0.00211184340089522930642
0.00243965451320908143645
0.00276917323670847507697
0.00307110157435863586478
0.00334789221214769816201
0.00360899411186421832654
0.00355803620770210387789
0.00382234282151455110471
0.00329434997409396154375
0.00301207271511126292718
0.00270469537264728370624
0.00237913516083237052898
0.00263937338843646049358
0.00295285549942918409613
0.00323927829903706675924
0.00350681778656581786754
0.00377027246506755507258
0.00404591890133663371204
0.00398988073729306461090
0.00428734631857021711993
0.00371730233018990408392
0.00345523922630633579037
0.00318466518941965806219
0.00289217936902241845587
0.00312759264824191739532
0.00340249222742399892033
0.00366534302622271296324
0.00393509116953574995812
0.00422613167531467846805
0.00454732512522318214898
0.00448156806072922027362
0.00482481274249352103112
0.00416585274438465488073
0.00388044091873825927261
0.00361252814622088636032
0.00334855362352841877394
0.00356031704907432263937
0.00382555044252581421399
0.00410689676042218232421
0.00441675516394831203099
0.00475558452796865250428
0.00511316643057589236693
0.00504047763960834005470
0.00540017050992327302117
0.00468603053667154042378
0.00435277609884246810545
0.00404795481116339457561
0.00377195902012427992239
0.00399135258083534952972
0.00428875092699657935180
0.00461731353368573932405
0.00496792536705676929937
0.00532890140870527148631
0.00567753122461437699509
0.00560940187796350655386
0.00593629013656691087442
0.00525829783398952359252
0.00489704860414255042228
0.00454816288884095452222
0.00422566053133485372562
0.00448020092792901676593
0.00482454459370893623538
0.00518466034353182864125
0.00554067332543819058427
0.00587430650630732520412
0.00617002081275286155815
0.00611370807020820972166
0.00637443658034538007673
0.00581023937402729874491
0.00546970519749368725565
0.00511056612291335265325
0.00475309459203035380298
0.00464797052878230913808
0.00491705494429925827476
0.00503748387385762053103
0.00539822037000882958002
0.00574479621040286606709
0.00605722093444098410447
0.00632704322765613707408
0.00655306499534966720860
0.00651166527332688090807
0.00670925898695916896747
0.00627735261502766327818
0.00599777901863316614817
0.00567646299556054476781
0.00532434360462687161775
0.00519230084257515586699
0.00546525851153172644720
0.00560657587985239833084
0.00593628060217805605947
0.00622502076797940440828
0.00646870572644751840041
0.00667343062370687797186
0.00685044797511922404221
0.00681694567823371878890
0.00698317039948244833863
0.00663572067035578944116
0.00642303212870843753118
0.00617022235323331537382
0.00587232363773613173785
0.00572703177781072429731
0.00597210758634721290694
0.00611364187386020246917
0.00637538760187873754237
0.00659604118437101885619
0.00678308595850306110531
0.00695097273842250167053
0.00711302072645370389581
0.00708097810811587381752
0.00724093027777354941027
0.00691895132075458392518
0.00674846630783311474122
0.00655510946204565167483
0.00632752247521491291427
0.00619451748679652157425
0.00638940666862110231289
0.00651287587769959572942
0.00671172215776000627430
0.00688585060151701219833
0.00704939254046919264868
0.00720928639120851314642
0.00736455417225039682405
0.00733491430743437883982
0.00747785411543413700008
0.00717822189299221168068
0.00701689702732844877014
0.00685319445486104808496
0.00667444313743188917532
0.00656030470922915227849
0.00671013111187301804911
0.00681819350086160149566
0.00698500500190333759032
0.00714579294947042913122
0.00730356339265012498296
0.00745089255589943127989
0.00757118333619301829562
0.00754991408177482694469
0.00763520384328400959079
0.00742332366642296705844
0.00727232627116398792910
0.00711383209123197385315
0.00695220389272799624281
0.00684492294351139729525
0.00697183569438972368382
0.00708118933923645044876
0.00724102804985253360737
0.00739355358199694084886
0.00752745133502254019919
0.00762263672470856520208
0.00766306669688839991322
0.00766008805505766481730
0.00765164506186640207969
0.00760750829825897374736
0.00750266638287579168409
0.00736378699387093930973
0.00720864730140567157302
0.00709506901665960757614
0.00721646351324816553996
0.00733285133700202311491
0.00747657135668481839796
0.00759002052248594800965
0.00765443363443207326624
0.00765860574097550206307
0.00760409159098902973778
0.00761944815524717017352
0.00753087138040763309083
0.00766302521301637576401
0.00764614027370551056773
0.00757026985373174515076
0.00744928405998004482952
0.00733582553523034856802
0.00744661435211812616081
0.00754833821101760608918
0.00763548072741284267889
0.00766503026748058171463
0.00763327343407915227813
0.00755186201472205203417
0.00744795238897661294325
0.00746948644430159899160
0.00757179009756325273328
0.00764487227151690838800
0.00766421865063251269573
0.00762173683495677954658
0.00754237880437762416019
0.00761520621150470634203
0.00766066307494506822801
0.00765411825694498147016
0.00759045327934051040214
0.00749154584707855189518
0.00739367391670747893528
0.00741184787828048224911
0.00734661515454170226808
0.00751346034002435721189
0.00760770500999023713273
0.00766081593390808678751
0.00765737045419504110122
0.00766436943130268527602
0.00762348584888341163773
0.00753512514184944987711
0.00743143540031031626936
0.00735562129037353219785
0.00734857963295656394648
0.00734317122702422830915
0.00741227502285213019767
0.00736712572045691762440
0.00745270558322173176657
0.00755659748085750395535
0.00763628652901558648697
0.00757676329703965700801
0.00747482904564922365914
0.00738189676702413755116
0.00734171394057485035556
0.00739071178099700264175
0.00754134171195734639287
0.00750237505124537636114
0.00772582084144068058362
0.00737297434036869678980
0.00734417277438375454279
0.00739841493183423636743
0.00749743220845111753292
0.00741756810933129340224
0.00735028288246051316607
0.00735914878492180315334
0.00746792491821618702880
0.00767354360929922360568
0.00794743388208959955499
0.00788851876850317490497
0.00818476721312260194208
0.00762529979384868935449
0.00743772247388939551638
0.00734982028761667609967
0.00735971145448005743817
0.00734511701715150934489
0.00741125371260373255744
0.00758005757651200769154
0.00783072554516302254957
0.00812413376959970207070
0.00841592895856548353639
0.00835904771744429113400
0.00862170621692734742703
0.00806240236628594578172
0.00777406891617409522011
0.00753747843037886732648
0.00738953002759461068105
0.00749911956769174024157
0.00771995620029204080575
0.00800179829236075980392
0.00830062018501889417599
0.00857316509735936253811
0.00878955926381129980240
0.00875146092482159167203
0.00891317732825512056005
0.00852168847550149356762
0.00824026883176886756899
0.00794107457119144592717
0.00766762079657927735771
0.00788133260756453644935
0.00817876290189080423776
0.00846661664791471119118
0.00870929101076510329971
0.00888623522226704778970
0.00899350266370273383754
0.00897714814540438894863
0.00903572892558972967647
0.00885652222201750195796
0.00866554179287985781865
0.00841060147699013334333
0.00811667624623650142690
0.00802134322216047079834
0.00825053270984401655730
0.00835153230510466207392
0.00861803466274201415698
0.00882321868228511801968
0.00895835467507893716543
0.00902826400630535839953
0.00904839159232733065974
0.00904747940945889450592
0.00904010207642733966404
0.00901900309501063070228
0.00893647864729779466131
0.00878687816112236515231
0.00856706621796220375853
0.00846646219255041236618
0.00865788265506631758706
0.00874711782662284352552
0.00891148119419446840817
0.00900719836359363708322
0.00904526424020991003105
0.00904360041315968934961
0.00901764162997366856833
0.00902390699252793478113
0.00898370208620430030222
0.00904614968762166432592
0.00904139670159467313815
0.00899301877963240570146
0.00888416501451526167965
0.00881151329130730291694
0.00892509880642321749844
0.00897613230474818800386
0.00903566197671948172221
0.00904766755815938038265
0.00902971539916013268834
0.00899275069629619852596
0.00893670367178055202739
0.00894903458799784119748
0.00887084598052781912736
0.00900075521803843023316
0.00903474147759546555858
0.00904816231713639722301
0.00902791595295875104465
0.00899867641702622664268
0.00903705254924978135245
0.00904733796211560151179
0.00903925922217388780333
0.00900855156377314107707
0.00896027137549530727778
0.00888813331729699368511
0.00877763439222087674119
0.00880241669278289742828
0.00864946879365374038384
0.00890461548340789124656
0.00897082769510949319669
0.00901581906121196909043
0.00904295286099629676280
0.00904808845432847515255
0.00903950846680209169071
0.00902249547782022973119
0.00898089943211023526703
0.00891931924140039293636
0.00882564889633427954174
0.00868423714071499437683
0.00847925769847814557456
0.00852497310862529618369
0.00826670238413057360816
0.00871620645366554328004
0.00884725328657226875451
0.00893313263863462422854
0.00899017142633287691389
0.00901715995575783253735
0.00898466117968558554419
0.00894566695377461973404
0.00886655309426666315975
0.00874597930440692422627
0.00856791223705584241432
0.00832371325159830810492
0.00801558628022510863409
0.00808065243335818160497
0.00773836648088660310207
0.00837704171204793623939
0.00860834371920152913171
0.00877356908324072870542
0.00888510916013576616812
0.00894024438382800927527
0.00888054492536854631068
0.00879937545608701354727
0.00864573747570264450335
0.00842790838788597986009
0.00814516481630150543380
0.00780836651609113051309
0.00787849604128283698135
0.00752262476584699291832
0.00820659590625731280578
0.00847762966793397416965
0.00868110615316189382362
0.00879784720367393115181
0.00868534246297745886334
0.00852399926150385241208
0.00826614053598196188433
0.00794746898101602108899
0.00759407150813616940721
0.00724327443817878412202
0.00731123211854701766238
0.00699382444437327780579
0.00766638943811688306634
0.00801598681373393538718
0.00832294000274561539265
0.00853711356084405591227
0.00834940527610221992771
0.00808332019751174281341
0.00773883434721115391619
0.00737991060995501265557
0.00705138558008451109965
0.00679535157213662695946
0.00683872079253737032156
0.00666500163292749539523
0.00711312041249839276807
0.00745100906688119912075
0.00781246334682524860155
0.00812391820061809238895
0.00787024054240154959106
0.00752600157718478959129
0.00717777446269901586717
0.00688699278996797881885
0.00669000462565423267836
0.00660646934912639642590
0.00661351341318948578174
0.00661396866105512949013
0.00672035817145452771953
0.00693841277743476557427
0.00724431817432546597962
0.00759900156742683401123
0.00731623106664602059629
0.00699406189405655208391
0.00675445574747861061243
0.00662498933152463193030
0.00660518948270452828375
0.00667217842582492042663
0.00665265161680429675112
0.00676121901241966746093
0.00660000612250587204155
0.00664084988694292784051
0.00679488551735196819742
0.00705436602242695987713
0.00683986751882918134898
0.00666219890669696168661
0.00659864067362933570671
0.00663457394268371445506
0.00673569017004166901985
0.00685946684150854843476
0.00683336044358281210348
0.00694958661229118541958
0.00671123240127030791513
0.00661991905653169787627
0.00660166093018827501021
0.00668857212864805948660
0.00660936892720455360095
0.00660762984908401605072
0.00668758087856565625051
0.00680734021999938269248
0.00692701356419781269502
0.00701848628952714097273
0.00700252894519585045857
0.00705951092876697713224
0.00690340191899999674335
0.00678060697337201732232
0.00666514556357430260070
0.00659905807685220655023
0.00664498364094861203311
0.00675380035795053370457
0.00687840395020449836549
0.00698454652933026397948
0.00705100079281339043452
0.00706983409937746599266
0.00706909070568004661156
0.00705027834322386869753
0.00704069576953153183907
0.00696488626189690953477
0.00685220709708745951555
0.00672759405642782068457
0.00682543842918079384646
0.00694321685653639941727
0.00702795773042533267194
0.00706650038322029043492
0.00705686857766980001061
0.00700329025886715743343
0.00701639985136312711866
0.00693126843706027423453
0.00706166373098829520949
0.00706168971276632112533
0.00701325191630652444025
0.00692006617274020224134
0.00688281812637882555589
0.00696464039068422652995
0.00699644168907182038147
0.00705491273988605692435
0.00706457715178287343205
0.00702787840770523024314
0.00695039527425821319906
0.00683587082116452696839
0.00686083972475398391061
0.00671685615298358434933
0.00696818376660502444148
0.00703783050756708310897
0.00706581135876844113747
0.00704612360891697722676
0.00702469862121057626175
0.00705830394348431512663
0.00706500344454687786294
0.00704665929532068482932
0.00698444127829037780808
0.00688397714595460029352
0.00674734054932396489640
0.00657266561778397078591
0.00660986875289846457365
0.00640145440518611209130
0.00677638899215004825854
0.00690614408845759142341
0.00699916348058317490388
0.00705321427191774302096
0.00706315809891518327224
0.00704064713055450527857
0.00701292926679675156926
0.00692703678628443786369
0.00680458113278327881429
0.00664549117126439665981
0.00644485215533337468113
0.00620144409204145125036
0.00625185266976225392094
0.00597159805868966234166
0.00648723697857150199964
0.00667927139276550466129
0.00683099716871085876208
0.00694686441267658178617
0.00699294245359047706573
0.00692206283263734414857
0.00685651221565209204045
0.00671220602293345122019
0.00652853709133393179248
0.00630193505462132378542
0.00602969911388453669310
0.00571452245723025331614
0.00577907126927090092350
0.00543175788769559991787
0.00608775322260799670732
0.00635031963091618658485
0.00656735464617317146740
0.00674358061980975202060
0.00682997190273689457063
0.00671600780538898246841
0.00660543397138694393655
0.00639602912554601641532
0.00614350396131727472665
0.00584374350486251484260
0.00550259449134573100371
0.00513143908999844251817
0.00520524665393241534050
0.00481989774477157868066
0.00557313356792883945329
0.00590596016440654396351
0.00619631866467068928572
0.00644149791655057590845
0.00657952392175509964689
0.00641783572366151633393
0.00624926984705921791108
0.00596733786243433192431
0.00564167623490668436459
0.00527965668060888584923
0.00489611984043865095667
0.00497323201048176753714
0.00458126910524424713761
0.00535550967668151686046
0.00570954342351381004261
0.00602735099821307025725
0.00623179472671151965524
0.00601840649980482124415
0.00577613399621968674064
0.00542982663069945057505
0.00505005673710479281724
0.00465863815819857370049
0.00426760213233554931700
0.00434333670482284044112
0.00396109512414553454479
0.00473697707503580381361
0.00512807278512747172911
0.00550258239033223767178
0.00577760821838936653588
0.00551425437493301834335
0.00520568650639335970404
0.00481578854106869212043
0.00442197489128627954647
0.00403491277471012144834
0.00366615189673713277180
0.00373812149700334175884
0.00338106153347931788836
0.00411113129326982386369
0.00449932383795314302238
0.00489572929807673661029
0.00523131022155501942267
0.00493612616846094646311
0.00457790783860283472667
0.00418656850530680496592
0.00381004927562070402555
0.00344946202851341377979
0.00310617862114166394874
0.00317257729221378679749
0.00283885703716917894499
0.00352020163455196754068
0.00388364421504373662219
0.00426388824426612508822
0.00463454500401825220807
0.00433288060849782927231
0.00395741761674673828142
0.00359086913707186731679
0.00323958066003162238958
0.00290317122790938577162
0.00257161587364567465266
0.00263560602900389647982
0.00230605693063616178778
0.00296827114303365585668
0.00330831808258521360352
0.00366280821829182215432
0.00403353262381941479048
0.00373486392932073424031
0.00337732396613528440543
0.00303590030906981207456
0.00270193271242591794359
0.00237170792816758643426
0.00204144501750505320131
0.00210537787776352144573
0.00243609136113981427155
0.00276680251915474920144
0.00310186258492041759191
0.00344797895520485746593
0.00317034028624607611135
0.00283260596908703867272
0.00250084469008197540080
0.00217128073771244477566
0.00184469763982796791137
0.00190921331815920350926
0.00223625581905378262304
0.00256687941735782255634
0.00290083462859219883001
0.00263316321943301255570
0.00230192551287637008420
0.00197326019049718151543
0.00171733476670122404105
0.00203914119467023041352
0.00236898279778438840965
0.00210540290501007960541
0.00177908995006601888637
0.00153098067992038619663
0.00184397692531757689295
0.00168497201459152771454
0.00159237653134614584940
0.00145401625350512946414
