0.17910888148454806589882
0.18015186811621963780539
0.19080401307639402452843
0.19138283610014944491340
0.19930806953520990854045
0.19186454152739867984323
0.19953555848786022619556
0.20481690125143689473752
0.20483511146615387965575
0.20778082147160614745474
0.19972441120138270664874
0.19233780034316433349417
0.19981730333478303629491
0.20480319823532783241049
0.20769989209064643187475
0.20888792036414252639709
0.20878280264204834848485
0.20891054715403803432316
0.20756047609068739578930
0.20469263886682831365960
0.19981727144566777121248
0.19978675408972848548395
0.20452518096663663271784
0.20738715184499814658814
0.20865077192285824692064
0.20883604560598870159005
0.20855420915205846732476
0.20852674445135616076996
0.20875662274314968347433
0.20849523417325105389963
0.20715859162301725193700
0.20429922811786313530114
0.20424244986919307121020
0.20689760216074934429109
0.20831324555978869561557
0.20866809884992321144637
0.20850222092976145038534
0.20832394437595008751529
0.20833764199509796632981
0.20843505755770097565005
0.20848452708608014583014
0.20857224989249090185695
0.20810907653775606585000
0.20665759137946201895453
0.20788549028219008296681
0.20846832989783414813445
0.20847051565407631601445
0.20836071110240739212571
0.20845841449068658324251
0.20882581937409921968296
0.20883747314550651918985
0.20932087198136437034002
0.20848705032470338238682
0.20839085594058967543241
0.20845723940932686657490
0.20835694302938162492111
0.20844603451768972668390
0.20842781594780690479496
0.20852095719454222244593
0.20884948163933075848675
0.20931412133997709390520
0.20972929645229013151386
0.20970959920668807985322
0.20994783977846875888673
0.20930124880683628751932
0.20886062325004242645754
0.20856004793160648480566
0.20846957719508998896352
0.20860444634876734726348
0.20887132699036092819966
0.20928476956656671958967
0.20968356301417007125920
0.20992462491266436486193
0.20998723241941774642072
0.20996641485813852257003
0.20994294606708363559733
0.20989656841609463655551
0.20965069032164185269806
0.20926292967461546101759
0.20888464559034192191689
0.20924112322566457145001
0.20961077780085868305093
0.20986339627842656718748
0.20994502589989230689760
0.20992615137048062368130
0.20992223258186260004265
0.20990798005749483623461
0.20998546403229617629549
0.20991251383188161416804
0.20992304912545972639393
0.20982607135088218730523
0.20956680652904027817307
0.20978522337674701536692
0.20990105363762970314134
0.20990327592693208691443
0.20989948860950555231675
0.20997349553904443020258
0.21011976373448684740630
0.21011004484094331079547
0.21026140085042527294590
0.20996562990535538872905
0.20989610335738878577061
0.20989693248623444987722
0.20987923250174789213673
0.20985361766745722067462
0.20989176813323445758286
0.20989471049698468774203
0.20989775492419876501415
0.20996077734950574500417
0.21010159432607378171554
0.21025705749112957865243
0.21034583020678210285581
0.21034348842961439474131
0.21034532994962196195132
0.21024811798631737325138
0.21009273120790888933485
0.20995993638829243965738
0.20990493302263979469302
0.20990119956380631771609
0.20993698038865482580206
0.20996341726707318242617
0.21008449799059164542214
0.21023635669848358964451
0.21033715182481466099418
0.21034306324032925328282
0.21028634117043029649885
0.21028066783740512191159
0.21022718149206681692576
0.21033832763577406388400
0.21032652613178390299531
0.21022141441035982478702
0.21007703036044467204135
0.21002197751793577618074
0.21014012893635602985398
0.21020530140508494887364
0.21031090464469184841967
0.21033061338148817398519
0.21027556141156061864095
0.21021585366310083231589
0.21022019219418558444445
0.21020441287735402990933
0.21028093372749204204020
0.21020661929626716091235
0.21026970752869400538287
0.21032039863025783765771
0.21029334626972276400814
0.21024684585553857218976
0.21029969545862897684074
0.21030794748383468961705
0.21026525501571594056749
0.21020142341322670120896
0.21019179031934678847371
0.21026494213773247454746
0.21038448609132956446111
0.21037438931769550376494
0.21048468880691012516948
0.21025246660667654130528
0.21018393538917976015590
0.21019901532878498828794
0.21026115461226002611994
0.21028812520574183264621
0.21023642021035476856738
0.21020104517446663860980
0.21018030509108495684778
0.21024210603923684792527
0.21036390345498956477854
0.21048167281805382766713
0.21054681228697588735166
0.21054764224818184326082
0.21056393328268918629931
0.21047683668676958612664
0.21035402317341431177589
0.21023531364781120056584
0.21018197684677902836725
0.21019116131207410402837
0.21019359016182811994433
0.21023263903370231764356
0.21034501134563754476403
0.21046864916540822254554
0.21054538464866212610360
0.21056288123539185219713
0.21055845712388077117794
0.21055001220285451957182
0.21056045461708694510605
0.21055898199258715752791
0.21054022239454281417714
0.21045979775448597770549
0.21033663876609035026100
0.21025767181595467203437
0.21036011165142090573177
0.21044872823398491634705
0.21053173105549508048462
0.21055409135145855548110
0.21054179484680907163963
0.21054564349071561157878
0.21058459701748022396828
0.21057045701815829685799
0.21062286290048637393824
0.21053279448823278285907
0.21053318145591631838087
0.21054627260923336473653
0.21052136604129528807405
0.21045982767074736252688
0.21051824921020362291202
0.21053710074069312274680
0.21052424616355344677565
0.21052077554813009019341
0.21055706444955155087762
0.21061621056515530958642
0.21064734157534512060117
0.21065302353347861719080
0.21060995262707124520141
0.21054571972016386527393
0.21051049254728640414136
0.21051676254795517739815
0.21052701842720381031349
0.21050733339182270409395
0.21050275264433579436307
0.21053664168401672873721
0.21060554103657797009319
0.21065870935307440259265
0.21065124160400960917627
0.21066660733317166265266
0.21060205448876365141864
0.21066469781936017491297
0.21060170330835031871075
0.21053081390659778016072
0.21049864168751555859593
0.21053099944464248594045
0.21060040505720495351838
0.21067003356272279157579
0.21068095845319653736105
0.21061870427844978093113
0.21052883878991929256230
0.21053340432794565018071
0.21047156447741935392237
0.21063396067332373906567
0.21069455201994258253251
0.21067640877174959035401
0.21060288787334477400570
0.21068323512789483009655
0.21070769502954594942778
0.21064910278044668423547
0.21053983612088408849949
0.21045805597959441057831
0.21046879525941661337463
0.21043808421034540523387
0.21053601149298625805351
0.21044697446096319315423
0.21054641486805333872034
0.21066348875691703890212
0.21072032694438194710962
0.21067858261163832644947
0.21055522561248893320673
0.21043832400180884079077
0.21041017103930156895153
0.21049715470222779556408
0.21065580078607099023813
0.21062215735458511556288
0.21079399668568021830595
0.21046009125194720112972
0.21038487980501466290129
0.21043366999756507595976
0.21056493274796911352453
0.21043048869157740532465
0.21036434153644417710538
0.21042587652476252291223
0.21058923187724590264658
0.21077498418137799451877
0.21091294985958886076816
0.21091103759899387792842
0.21099082409230854318061
0.21075569184184828053219
0.21055676490360164532234
0.21039507793701081594939
0.21034813259111923011702
0.21036902330301482377806
0.21052726618763178967342
0.21073570664222018855583
0.21090815157660022793884
0.21099891365142786625597
0.21102314549440054358698
0.21102949747127641710875
0.21101718943250166726777
0.21100532757070272760203
0.21090303903024282261569
0.21071640018106352343352
0.21049989607996547058555
0.21069745522606628251872
0.21089773775729431237735
0.21100979240550993276671
0.21103512799593163173917
0.21101359555613855012446
0.21098543125468177672488
0.21097062894151163980894
0.21093912850186372076600
0.21100996201525815121336
0.21104036281053592527535
0.21101436581281340920668
0.21089046094608776549251
0.21083055176005052744337
0.21098268759232258195979
0.21101705016626828848025
0.21104512874176981074292
0.21100640210848764510843
0.21095677580709965015515
0.21091948386148723360023
0.21089345945683579675034
0.21087719437768823182999
0.21086786956675881987699
0.21089943633572605374837
0.21094220684733497317431
0.21100431713117112630940
0.21104970330621405927296
0.21104968451939262741313
0.21103019530935979153341
0.21100308300223999391498
0.21093013709065161487288
0.21087965365287278385331
0.21086004887929415962944
0.21085950892958901792262
0.21088447273501467749135
0.21088342800867196369374
0.21095792716725308979520
0.21085111250751498168654
0.21084288662274561221288
0.21086233869585702116467
0.21091919838906370010534
0.21095599194135064569089
0.21087155612732294551748
0.21084633089441850994916
0.21082793538937619204354
0.21084339945685515171903
0.21088324403456162881021
0.21095800721803920074748
0.21108209565796362539025
0.21107706200212633662616
0.21122390417648986837840
0.21096071443023103886283
0.21088390315352928405801
0.21083705525838949967898
0.21081414300199768918631
0.21081705008953474655975
0.21081076653322591840656
0.21083162886762771282001
0.21088614227627952568689
0.21096258879522852835997
0.21107311562440428387433
0.21121118455887730180898
0.21133265178279159179908
0.21131351311209689569637
0.21136217515553124002281
0.21119620746068398786655
0.21106957444486304509290
0.21096769518488181494043
0.21088940978351192190310
0.21085051699377183043183
0.21092238287468037527539
0.21097342734642049455474
0.21106801597822918981073
0.21118244562135232711420
0.21129284945616658153433
0.21134475210311595705370
0.21129550757953824424717
0.21128738515913075834973
0.21116069712325891138960
0.21132488677938876531215
0.21127035058817295043454
0.21116988967372712915349
0.21106801761279728180121
0.21100913927398912139921
0.21109474313877360507341
0.21115877719567874293283
0.21124899477946978976206
0.21130252328607404543881
0.21127712051906222257003
0.21116472761537058433490
0.21101469705435790813475
0.21102686412413965144630
0.21092141298411215544206
0.21116655002963521936543
0.21126410707170659164511
0.21128069666496906986453
0.21122762885184237502401
0.21116970933866219262143
0.21122144368939083092229
0.21125758016924275906057
0.21125159300006837725938
0.21116785180628044882312
0.21104015832581840550475
0.21093511641934709066604
0.21095138014728778697027
0.21092353497643337445488
0.21105386153379818159337
0.21117069744729322078314
0.21123771759842591144718
0.21123918797174931483163
0.21121779171560842169875
0.21117246349372051361648
0.21106958394525807132247
0.21096872986360046264842
0.21093513596564170131664
0.21098275938800276074758
0.21098454201866564949874
0.21106705715305645876256
0.21094727979050398314342
0.21098972459533099632623
0.21108577994782595776968
0.21116310333063320614500
0.21109198507184362414435
0.21101257051120594909754
0.21096335549818343024775
0.21098661591209960652904
0.21106005736267849370869
0.21111980050389506091690
0.21110758275633656477765
0.21110752191071671668432
0.21105207718547328021863
0.21099158440216037035952
0.21098074579259809557819
0.21102952817233489035686
0.21099792301077441303292
0.21099665221190633257464
0.21104486330772539992573
0.21109414956468094959341
0.21109478347401541831196
0.21103907513826514197319
0.21102704494157403791732
0.21095934389830214850114
0.21108036589974404906300
0.21108105728850443116862
0.21103803816253002834102
0.21100293216079313296518
0.21103070374874680070754
0.21106737496757865812924
0.21106738492495683012784
0.21101491271940758798209
0.21094628517628422059715
0.21092096054027589802082
0.21090632913088119826384
0.21095431440610687423565
0.21093533521848684131328
0.21100623864652898187266
0.21105484687448705649615
0.21105260294685332378428
0.21104163544104836969240
0.21099881716778276508073
0.21093086217074280552808
0.21089571173334303866298
0.21093883461703560877609
0.21104937166894663369554
0.21103511630828128420312
0.21116119671630451115618
0.21092580426700263673823
0.21088997382197433028139
0.21092845279524399804139
0.21099279590995395627928
0.21092966685336603238632
0.21088849444765780938305
0.21091668194513218947961
0.21101993621299214298759
0.21114984195675484679455
0.21124043910932793766122
0.21123211222012741594689
0.21126024671339788119084
0.21113533034483181194396
0.21100700789842807836294
0.21091045065504807065615
0.21089031128005528148428
0.21090690451232579905039
0.21099388968535134902815
0.21112051201320850002396
0.21122000301620671991465
0.21125335524989380386884
0.21123442461188282615048
0.21122452260644250521260
0.21120281409676358586047
0.21124338364596695338804
0.21120656205182275488852
0.21110276688300100289553
0.21098103855619187996240
0.21108342058452680967129
0.21118866454969645318762
0.21123214966591896679660
0.21121385078262278067740
0.21118790143978480311482
0.21120572058496606127065
0.21118707563192926079942
0.21125776807045137939411
0.21117386616135866428401
0.21120472665859918448561
0.21121844416993049153852
0.21116771838540426831088
0.21113790981380270439516
0.21118941020118026097308
0.21120164250016781881669
0.21119508021609031955812
0.21116487205062614562756
0.21117098083922580809002
0.21124057836434279034066
0.21133638629795259422650
0.21132728685269261403867
0.21140097383157432919809
0.21122560234427636971510
0.21116047797588927137369
0.21115738606345599293057
0.21118479756478827913391
0.21119091446572615944355
0.21116311620535710424917
0.21115205041608953173693
0.21115242052166777186883
0.21121467008157945866031
0.21131770537621755168267
0.21140169338712674895753
0.21141620961557075486503
0.21142220695469285396406
0.21137730119542152973366
0.21139922557169055217230
0.21130965340876378677493
0.21120625063795223086416
0.21114884193200492146225
0.21114435512462617627882
0.21116739473537080029608
0.21120011137908711873479
0.21130208157218635656172
0.21139600285425114156723
0.21142398642612691972431
0.21137952185123251580556
0.21131259741963503984152
0.21130333875644027874507
0.21126186329552190668046
0.21137936676136018232519
0.21142518077417365995885
0.21139047047386705369121
0.21129313437424648847163
0.21123890525394950490323
0.21133160034897852108671
0.21138171859897916804449
0.21142154105503874195193
0.21137922010709411790863
0.21129506369482994876385
0.21124168460606390640422
0.21125023279347890370339
0.21122727568714808055184
0.21126315103533885308984
0.21122369218766673393262
0.21128869239031547455632
0.21137572962220868566519
0.21141440936996216959365
0.21139881005373811762027
0.21140193048391711649892
0.21137100652458473692974
0.21128213027839137794217
0.21121013339500460670450
0.21120665311624911564259
0.21125149134283424667835
0.21125307268101503610502
0.21126250310256231013106
0.21116200323915754188953
0.21124033004298115034914
0.21119186595200478695489
0.21120020636055475415915
0.21127691172733492619429
0.21133868693505494795737
0.21124456063787647175367
0.21119333697051873022232
0.21118077656630973581997
0.21123395094035260499687
0.21127091757731650267793
0.21119158674052568303026
0.21121849410225165821764
0.21099436378619051968286
0.21127973738852715013259
0.21122911878126268692135
0.21117409290509286945436
0.21117883548619456601791
0.21118071776668187466974
0.21122777446853346905442
0.21128733282048681174636
0.21124244914822276619759
0.21102529281314008624548
0.21068048191813296132757
0.21069557858735196709254
0.21031809232600603976060
0.21105350510745213288288
0.21126289969651787514771
0.21129486405364819590069
0.21124518413708159858544
0.21130784240045769051264
0.21127847683000741674242
0.21107644271087483422988
0.21071118992404253011941
0.21030384038043703487375
0.21000433453194022881405
0.20996638978887832704956
0.20980032326895964311930
0.21029315091931022330130
0.21071976658877039634277
0.21109346221631714035638
0.21127537183702829737264
0.21107475686364499112280
0.21072537326863258200227
0.21027890054502743066855
0.20993114766350634559089
0.20976568834278813691085
0.20968327541615905396100
0.20969751300739541965967
0.20950038739337542570418
0.20973632961853622136417
0.20990040967371773050765
0.21026654821646023618698
0.21070194352772647627958
0.21024442254049971468000
0.20987357014284754863631
0.20971172023329626155075
0.20971432182036642277723
0.20960368842230525654458
0.20896345992815418268762
0.20916620162681190397969
0.20768725924120726156197
0.20970324256070382862305
0.20973271432218409948689
0.20969307146994708990206
0.20985339815781262062799
0.20968342014570054421263
0.20975393994458266244685
0.20979677434439639172048
0.20936048255541037099725
0.20796123301349975220909
0.20521812825196292240371
0.20545204973233777145936
0.20819825519390994239544
0.20953094958580903428569
0.20988453352830016562791
0.20978040104410825006376
0.20996619515824616053479
0.20968323700184357538667
0.20840243163973101725439
0.20566514717189307570600
0.20118450717142755124200
0.20123593573469308881663
0.20581640860383632052333
0.20857804444382480046905
0.20981789011390367116761
0.20871420943246676849014
0.20592232595512657833403
0.20119956804508210002069
0.19414428483891854604337
0.20113385649576520641801
0.20598859605035557684971
0.20100649703019771163959
0.19369851155369591233502
0.18343104438629720398524
0.19325558785894331181865
0.18581247687929630663106
0.18258737126004040418614
0.17344491005242773651318
0.17913858639260998861786
0.18018394576165508436105
0.19083559848948822290637
0.19141686121088727356998
0.19934100037930371773776
0.19189944783509968462276
0.19957097807369331143867
0.20485067866099654354528
0.20487141372280556761432
0.20781502350099148590523
0.19976070301286585895184
0.19237335317837464532253
0.19985423055488391042012
0.20484036713730904843977
0.20773664106343017743406
0.20892223929883743660518
0.20881968070502557321966
0.20894480344806148908177
0.20759809979541132829439
0.20473045898717753821039
0.19985484257067445690303
0.19982349704662211165029
0.20456363001522451239289
0.20742546017012539194546
0.20868854800465810872545
0.20887287017815311940261
0.20858834076723109518525
0.20856345089316519203493
0.20879437219415958315594
0.20853373510305209248550
0.20719752629730814330600
0.20433683719402695455614
0.20427854051212374075774
0.20693572758587774895744
0.20835238754080900869248
0.20870661895321027112793
0.20853987804883408752055
0.20836054974993811761408
0.20837522316661305499252
0.20847161543919720538831
0.20852299999932957796922
0.20861143164088552515167
0.20814746295950711796330
0.20669408807200365107981
0.20792219580129697731330
0.20850681994354172688055
0.20850966746631544035395
0.20839914671015155600564
0.20849597242471465396996
0.20886237837570392761322
0.20887505457425573074381
0.20935744964669045220518
0.20852549317862120736855
0.20842997991451941985908
0.20849576433714780976381
0.20839377550867946298219
0.20848292773059395877056
0.20846637410588608751993
0.20856009254605720193432
0.20888797330375424854410
0.20935174225263433744892
0.20976587589599915428806
0.20974724469045150088142
0.20998438592760615417632
0.20933980520713441064728
0.20889980978268254951935
0.20859866871296298129757
0.20850651593157093488529
0.20864144882753496434979
0.20891004224225168117712
0.20932402195790070220660
0.20972217103126564174964
0.20996226384176308599194
0.21002371337140213203298
0.21000401626167003454881
0.20997934725855019189034
0.20993519494176277051523
0.20968999580874744803616
0.20930175393845623643685
0.20892173628884155855978
0.20927831743969269040484
0.20964970340199839959894
0.20990272495158762700029
0.20998363821156601494167
0.20996369942232681604644
0.20995855741985749998157
0.20994547847310060517678
0.21002172532114901648548
0.20995109694010938294895
0.20996237349421695284057
0.20986507330712100838355
0.20960409547766689630777
0.20982258740766843163605
0.20994010567271059741756
0.20994258046766278713591
0.20993804499601961821575
0.21001095958276347341886
0.21015597272061892208939
0.21014748803558763734500
0.21029755887648915457788
0.21000417306678048623425
0.20993538908042361224027
0.20993601789828422732320
0.20991664748171426357892
0.20989033956267183489430
0.20992845590217948381628
0.20993216319075930220706
0.20993687412748632259429
0.21000005692736256612818
0.21014013479014873042594
0.21029448112938103898628
0.21038192703923069837302
0.21038088083849693088467
0.21038134964627261402903
0.21028665601994650513618
0.21013201740858869492889
0.20999910142322064654508
0.20994242069231539016272
0.20993784924538844149922
0.20997359610099541882278
0.21000094838083138704121
0.21012371985412697794615
0.21027565153658506202916
0.21037567597098025262703
0.21038040882579034374089
0.21032227253094087915386
0.21031795684102660981551
0.21026302446326489148376
0.21037682163293172643570
0.21036581960282102476967
0.21026069295609514653300
0.21011461052785820879940
0.21005856902972189215184
0.21017670544640262852987
0.21024293488081829961445
0.21035023118015250265245
0.21036988763229766408180
0.21031401111108935508831
0.21025308539030287957594
0.21025595579467418194675
0.21024159583269680373618
0.21031662880992038622274
0.21024502160531263750265
0.21030894936756924784582
0.21035975793187797200368
0.21033102486581553569600
0.21028340759179969809978
0.21033623510993298966198
0.21034565777040889478222
0.21030463488110281988774
0.21024063313110477602130
0.21023015481206880350484
0.21030208837861469328701
0.21042011849789946098532
0.21041150808048755815882
0.21052025749714353697328
0.21029080645476591615584
0.21022312215737934404380
0.21023841182593266951883
0.21029888150799466717267
0.21032463378280499832762
0.21027289613311195282108
0.21023878839032428267330
0.21021972556356149919310
0.21028128182375677157623
0.21040222616444489989185
0.21051876422505519381723
0.21058231117927264652856
0.21058469795855536133011
0.21059935462538967310131
0.21051514038717797361322
0.21039319772906761585318
0.21027477108268258221280
0.21021974206330462653369
0.21022761095130468311787
0.21023002532881338022541
0.21027043970381695259242
0.21038451666009938545443
0.21050782470360299147849
0.21058366007315285073354
0.21059989108952895109361
0.21059379591888160998536
0.21058697171689438887299
0.21059571139907096171129
0.21059721842608167263755
0.21057939032340458607173
0.21049934987812632392057
0.21037448107724648904693
0.21029410727289604698953
0.21039655941420132290176
0.21048661424368428352061
0.21057132015216983855765
0.21059324001930981862252
0.21057998623475024380092
0.21058255480497126144179
0.21061977577158599861384
0.21060732437708851172431
0.21065796636279054965257
0.21057093970368800928128
0.21057230378564861794644
0.21058588686843346393651
0.21055928768735876488449
0.21049629343591916286194
0.21055473031031818331726
0.21057504900303944395112
0.21056387874494855716456
0.21055987320527000394854
0.21059516784691173496569
0.21065303663553974766742
0.21068236662255088176288
0.21068980629551825600743
0.21064801923969878050258
0.21058480033291923638750
0.21055014440447317181082
0.21055472802942454269015
0.21056351086124613924966
0.21054383774946167084963
0.21054073662293643076637
0.21057631836877596653856
0.21064461072935813934492
0.21069673792477683349489
0.21068797470274397420908
0.21070458862720289894277
0.21063872954678275473128
0.21070375513539402190233
0.21064141026136820600279
0.21056882276536467712980
0.21053516591154131099017
0.21056755636234444906130
0.21063844784882562732875
0.21070977123079984161258
0.21071999494400667218841
0.21065662667083803749613
0.21056545044547542167024
0.21057126019428706875658
0.21050811425063348236719
0.21067296561664791698654
0.21073431240970891265007
0.21071448554243252249130
0.21063948750207758808806
0.21071988947795255997519
0.21074579667783729930441
0.21068886994485644392761
0.21057880063323339281389
0.21049584697153778112266
0.21050529296619502339638
0.21047581968668430119074
0.21057246948331267977217
0.21048589826393282464778
0.21058617612431448917754
0.21070160019896574943310
0.21075703526928679654162
0.21071533168642503364154
0.21059333760521989353798
0.21047807775400431684609
0.21044906290253026504011
0.21053484634767885563811
0.21069222689953406857377
0.21065981585034526668565
0.21083039262066227692571
0.21049896852670257896278
0.21042463601711888787626
0.21047177832098765137836
0.21060170940058822730556
0.21046728818641746716622
0.21040245365864573834358
0.21046565167736672186116
0.21062810946944671153247
0.21081261457610195320100
0.21094931208299852465338
0.21094863636564958886410
0.21102714561960581041156
0.21079457544766647125734
0.21059657419977326209271
0.21043321051861449411113
0.21038496417174964991936
0.21040590665261402203434
0.21056543870536570395302
0.21077555757109836531704
0.21094703744083634355810
0.21103647020638122144831
0.21105941771663733197428
0.21106700042658591010003
0.21105340433389421783694
0.21104420608400592529463
0.21094292936295191975837
0.21075462114022530668578
0.21053684971052108454437
0.21073449008966166351442
0.21093600593334030368631
0.21104971056900317938343
0.21107398650888034574713
0.21105103641745670550733
0.21102158348593086367728
0.21100800307297523650263
0.21097521564567778273869
0.21104879018797872980429
0.21108029173579961890184
0.21105266720630394550184
0.21092757576126175411702
0.21086768645630590834905
0.21101990789159499883887
0.21105423437789047613755
0.21108344758714742139816
0.21104632778543630511336
0.21099556754417564397031
0.21095678869986717041130
0.21092948136655872981571
0.21091442967041820755192
0.21090382828752340937939
0.21093819025903637331965
0.21098212333090657355505
0.21104264002524317223042
0.21108694066045655124420
0.21108697447244109679509
0.21106753769477321069914
0.21104035860835501647870
0.21096845891044141430015
0.21091956081802815115012
0.21089876811220464869479
0.21089667878022352875966
0.21092037415313225068303
0.21092053994074166922701
0.21099378071564872660915
0.21088980349642266753918
0.21088278752437647489693
0.21090065696632998015758
0.21095650450335140524416
0.21099337369391948926456
0.21090897468613983845032
0.21088367021339263218671
0.21086625644773662746623
0.21088329921071410910649
0.21092191342955227129075
0.21099506948751364787675
0.21111790994976997737353
0.21111408057530403614699
0.21125968109839940445305
0.21099936906427516070117
0.21092380770223706498712
0.21087538658926816004247
0.21085152362600523279212
0.21085450746718875647545
0.21084826657819349948753
0.21086905922071866315015
0.21092449192078244202264
0.21100250582550134081927
0.21111176228357625417331
0.21124816114199962413522
0.21136838406241434396016
0.21135044223318302791803
0.21139784865780211764452
0.21123484845687601207942
0.21110950831360617008237
0.21100606617933190256586
0.21092689535823874735776
0.21088806325087683379849
0.21095997714256964350454
0.21101097366271470701093
0.21110641126106655107719
0.21122239490905311831703
0.21133147915794692206504
0.21138162167221694054398
0.21133110622792183885821
0.21132417818002435794256
0.21119620891062010348271
0.21136349165005866024281
0.21131030889663579563909
0.21120830899114231837821
0.21110562775888355724341
0.21104678042829014272819
0.21113242412439958695103
0.21119645017045138302159
0.21128743488198700739567
0.21134248067688363170724
0.21131568610175283096098
0.21120143144253653022524
0.21105011857955710552481
0.21106347602347935721312
0.21095675210732095505861
0.21120506506072733721169
0.21130404888359041737367
0.21131914733137921458273
0.21126535909594232331976
0.21120742181482288213346
0.21125917724475271053386
0.21129536051138977925667
0.21129004242160284721130
0.21120776470533614288527
0.21107861990166457144547
0.21097164518769651042618
0.21098979416044960633059
0.21095999360214404139136
0.21109374034922903651257
0.21120913595728249556593
0.21127554017575522760097
0.21127693213087905821368
0.21125553308069403013469
0.21121032021538671541450
0.21110800834538595571743
0.21100857932669878080922
0.21097351451721418902352
0.21101915863458767241845
0.21102289731477549827865
0.21110340102616395596691
0.21098711136176978575563
0.21102813801004000060502
0.21112366597272552715125
0.21120082839889398051980
0.21112968539176216187236
0.21105048669560005913937
0.21100176717425486727642
0.21102643947185370509878
0.21109839493256221665263
0.21115608375251937456341
0.21114589610531542263061
0.21114373314294099248656
0.21109189527075650216759
0.21103000258864093585665
0.21101870102718089938776
0.21106719983207741786480
0.21103556671473785999460
0.21103465501860443898074
0.21108329324330576959312
0.21113395638203077964157
0.21113306044908417002937
0.21107520364704215887208
0.21106527520221005089773
0.21099538704533588040491
0.21112015091284469514576
0.21111949678642488725799
0.21107609337048954811777
0.21104053724376695133635
0.21106834603695695529169
0.21110547862493908577441
0.21110582351880088913809
0.21105466511445272748126
0.21098446716972749093166
0.21095692578797670124757
0.21094446975399441801535
0.21099021417498151076408
0.21097504996923838183065
0.21104466606335442468989
0.21109299108209483852860
0.21109028042450803108743
0.21107934299367894781518
0.21103699377157145167239
0.21096927650694638489703
0.21093539478676842646721
0.21097694517723702967160
0.21108521580347694435176
0.21107320748464056259230
0.21119698679131085339300
0.21096546814279720782892
0.21092838219289380963239
0.21096665964982780350212
0.21103052374280584224664
0.21096741229749202406474
0.21092673379362089636224
0.21095509579138588263092
0.21105959236840629578147
0.21118791762842464843075
0.21127616986175176694296
0.21127016673239032429343
0.21129590869640862971224
0.21117498118068261936386
0.21104543794055949379462
0.21094873315925524726033
0.21092807666794327614568
0.21094470173960860881479
0.21103222673967175770926
0.21115896251070023770247
0.21125964003611094610413
0.21129137537537023838752
0.21127000982349991575759
0.21126249836497695833160
0.21123832057481825574818
0.21128299466930555716715
0.21124502826691685108962
0.21114116266297361379500
0.21101887526662049809900
0.21112130099057682675046
0.21122711277645403460390
0.21127062085067854768639
0.21125342606164218550724
0.21122583178412920879019
0.21124115385224337404502
0.21122496717187988490849
0.21129313700533927655734
0.21121340151192813383574
0.21124319241879438435738
0.21125693381136337323234
0.21120563697512367840048
0.21117505361967736643436
0.21122650582664212470796
0.21123959237287900925217
0.21123360089267628758591
0.21120332859557436333553
0.21121048151216509358719
0.21127843926878048241846
0.21137169564455776660239
0.21136512167078852497681
0.21143622046277871229236
0.21126507841272140764133
0.21119893244299747792070
0.21119593456129401309873
0.21122276733435507711789
0.21122795400308247426580
0.21120009405067094454544
0.21119003679289660713181
0.21119100185191691521069
0.21125313436053680393734
0.21135716276142027525431
0.21143949944594822576427
0.21145138458297030314981
0.21145997475008798671681
0.21141239596822636315210
0.21143866165451077887560
0.21134813320286685578431
0.21124487449716877751626
0.21118684763822487271412
0.21118127400901742785067
0.21120426567699313036286
0.21123814784620587037267
0.21134075334810115132100
0.21143449590417193184599
0.21146338952094922980507
0.21141723961505073936529
0.21134760843973687816089
0.21134099875871029117214
0.21129679260230693760292
0.21141872142548376323212
0.21146367670096469226770
0.21142918890629519568236
0.21133120800655502691257
0.21127574017029923658662
0.21136840460006670050497
0.21141982892661168036419
0.21146029541000854745647
0.21141770612317339894659
0.21133436203401270714330
0.21127928825606059892728
0.21128508599584716609598
0.21126483154330494285134
0.21129793223256981837821
0.21126293678250493424109
0.21132716003336959875725
0.21141450341116985178758
0.21145254323228165893589
0.21143558283950641962790
0.21143866488354548516249
0.21140915117579317517027
0.21132091299620986424301
0.21124858434841492504930
0.21124585258709546731204
0.21128900612687892546226
0.21128777892231812018942
0.21129997315667173318765
0.21119662141975906188840
0.21127949117522584754347
0.21123030951374793806607
0.21123899950139848891162
0.21131505788158275183086
0.21137537716051005287632
0.21128120452163437481552
0.21123148690187060205758
0.21121959159186093346605
0.21127239962359206648657
0.21131003907517256767967
0.21122899590412477777157
0.21125756083072388946675
0.21103168949023046185864
0.21131819242446536755153
0.21126796666835032101339
0.21121225508709171037047
0.21121544111121814957244
0.21121730252780174241778
0.21126596283880350046758
0.21132621290093467347759
0.21128089401458219342977
0.21106427771114272262665
0.21071770392614150302357
0.21073445442402441440954
0.21035520120722808745661
0.21109191074478506067180
0.21130179586829145321758
0.21133308138134543341380
0.21128176413394308963412
0.21134442187619778552587
0.21131670844663777431016
0.21111532525729836962114
0.21074952984050310256237
0.21034259485887740748211
0.21004133708580180472936
0.21000503279810681100948
0.20983723846710636284918
0.21033141139258945684354
0.21075860309817889826078
0.21113167567045545980342
0.21131193717639662477126
0.21111128348854352188013
0.21076353525399738053636
0.21031767285515001741913
0.20996933806045967041420
0.20980424480657688945939
0.20972011869056947364065
0.20973600582505058653737
0.20953714618477736753022
0.20977447954094685655946
0.20993912742137255111885
0.21030464252308489481180
0.21073840644597768845259
0.21028081011979041226034
0.20991161024010812630181
0.20975041812004255326052
0.20975246286999080225222
0.20964211116489347985770
0.20900007122249725233232
0.20920449083843928317350
0.20772359271290377624730
0.20974137690841571091127
0.20977143031751324664391
0.20973109491507566093382
0.20988973162520074833282
0.20971978087366693888072
0.20979199012323843098748
0.20983551408294723317205
0.20939855045133043409677
0.20799924953736706467744
0.20525397620670829401668
0.20548955394582776867729
0.20823610667587949540902
0.20956965073566014012840
0.20992262244845238949864
0.20981683554567429061954
0.21000272014354570693229
0.20972130530044871821183
0.20844093332260169026959
0.20570253204098659649546
0.20122117889169235938063
0.20127251025981779397611
0.20585444157546353705079
0.20861592776359283440968
0.20985444512723974708202
0.20875062713603487196679
0.20595974168889066846511
0.20123675534725110614076
0.19418017311495888721495
0.20117041530246410063754
0.20602459203852921398870
0.20104167592436120171051
0.19373373217179060135074
0.18346441144968911318713
0.19328946055475060283868
0.18584473925478658951072
0.18261942043114845479757
0.17347503309468445542585
