0.99829695206663093820509
0.99878046585219915076692
0.99913339929932809546642
0.99936571264037665773827
0.99949475506140428304747
0.99936192399606549319202
0.99963451757141330578094
0.99961724254099260100759
0.99973247608859105994839
0.99964674843851097918446
0.99962955201074654709714
0.99934387025515558633515
0.99961530483733329610629
0.99973599333706508751618
0.99975333616814265891293
0.99965674388580127995851
0.99975048439997415972158
0.99967050003024238158389
0.99975979149325500117129
0.99972824508515112373885
0.99959709966446674833662
0.99956564274189196872555
0.99971678093967819567212
0.99975557350542465506749
0.99975337591321566943492
0.99974611656466627618300
0.99968592468882622181781
0.99974435708714981529965
0.99974408808317827279666
0.99975101704655533474408
0.99975198423169531203314
0.99969812352740017313835
0.99967837283840144113611
0.99974775926193371056172
0.99975455901564824756633
0.99974440274681475315788
0.99974080477186877402573
0.99974291682023441740768
0.99974220203214803071035
0.99974070642801948771705
0.99974516613090291805577
0.99975291826068013456563
0.99976008725589238235187
0.99973908337466765861024
0.99975913763954127322364
0.99976200641714041417174
0.99975605962143909710704
0.99975080857536113843054
0.99974500867853033359012
0.99973983271333732858466
0.99974816895383178394496
0.99974342555422990308500
0.99975617018862239504529
0.99976167236162916118758
0.99976399035286789285237
0.99976223183461065957545
0.99976125527053227859398
0.99976627714226318222046
0.99976499971707333269677
0.99975912722525828169040
0.99975302868685733681531
0.99975229684320776613049
0.99976076610039721348500
0.99976370841964490310261
0.99976138851168083743204
0.99976478351748931938658
0.99976637169883375566570
0.99976035424466558332313
0.99975916261532904449894
0.99976402552356502528852
0.99976380522876528988974
0.99976583118753847845284
0.99977041919935505376316
0.99977273138436062449586
0.99977891120134720903678
0.99977550628015732225862
0.99977333075314012145185
0.99976593048261330753945
0.99976206438886816574296
0.99975741148420427251153
0.99975668865519085048987
0.99976397120159310460963
0.99977265631114964339332
0.99978178087596925038838
0.99978329499347240449936
0.99977202360823291815706
0.99978285368616670591990
0.99976593458820472992699
0.99978792777813318970459
0.99978180895440882380854
0.99977083860576720919511
0.99975928242997613715204
0.99976600695310513522429
0.99978034553935302142236
0.99978925826622166983526
0.99978956511508143556455
0.99977979406521277905284
0.99976226655512356877864
0.99977781356262518386302
0.99976422553902921652735
0.99978748773627335033609
0.99979190890001612412874
0.99978821437506915081883
0.99977502900662973406298
0.99977044892484256966014
0.99977845736096238038471
0.99978280440377986781897
0.99979120434255619453978
0.99978971802606431129590
0.99978460209624397947437
0.99977955679013130740884
0.99977138989294300763788
0.99978495571081571480221
0.99978023722666709005580
0.99978384633630890121481
0.99978554199877756047954
0.99978908197356697318270
0.99978646955950056796070
0.99978373163464717698901
0.99978511070040343433618
0.99978566965513004927146
0.99978470045475353877862
0.99978290467026298404818
0.99978622025712371446104
0.99979149016768142921308
0.99978672902537302213943
0.99979596459708419686763
0.99978869016912930156593
0.99979032020759017740374
0.99978367579577598345253
0.99978179761363927813278
0.99978263203107353707111
0.99978361501076151718337
0.99978155690377701336757
0.99978058555390159067855
0.99978242510135184595299
0.99978708724592313394908
0.99979357860842388294742
0.99979684482601571815508
0.99978691188697743630343
0.99979489495017026534640
0.99978407750460474012755
0.99979429477735692888274
0.99979064200810030538236
0.99978596436759292753749
0.99978140479361099490774
0.99978108494195216948697
0.99978277158360429055506
0.99978457329079983839648
0.99978982770219904097075
0.99979211156790470660383
0.99979268089913730932494
0.99979247835917894882130
0.99978268401314651647738
0.99979166467507152304961
0.99978345773290744347150
0.99979050649280443163747
0.99979115844432864257385
0.99979161851011300043979
0.99978785890928334456618
0.99978548634686281726403
0.99978743250964563493710
0.99978920643877255969301
0.99979078314982605668604
0.99978920357142408992246
0.99978959090745300741787
0.99979284777223587088457
0.99978519921033082162865
0.99979465208426065991887
0.99978601103103825753493
0.99979039888601295427151
0.99978821665582684463658
0.99978884304984938502514
0.99978828916501683021778
0.99978759275922279847748
0.99978650390052148377862
0.99978669648553175619554
0.99978801772578296258587
0.99978907687019813455009
0.99979185277938065201653
0.99979521529838166760129
0.99978484306114578927804
0.99979366564243143944424
0.99978216988294721367936
0.99979230253670370309749
0.99979104230607784842277
0.99978945694812182409805
0.99978659860521490454488
0.99978583884451110996849
0.99978711220599347786475
0.99978898137133964674206
0.99979242567148696174684
0.99979243368724934892811
0.99979091809893194664483
0.99979079790454816745182
0.99977951913054241561696
0.99978848940119680044347
0.99977823118891073761461
0.99978836804310966535070
0.99979206107042006834718
0.99979490341761256821940
0.99979284613976504569877
0.99979048145207072284535
0.99979432246192967426168
0.99979575812289100955610
0.99979515889678338691482
0.99979014486384776283501
0.99978640782091943162158
0.99978829746420416757502
0.99977848526984147703445
0.99979033764040048382071
0.99978651542111718342198
0.99978815568986156847586
0.99979302074248754816921
0.99979572727154475408895
0.99979632190862166574163
0.99979491214696425416264
0.99979250510251027606046
0.99978995728837893874896
0.99978771179383396638940
0.99978883935881890376862
0.99979325609466973556749
0.99979204456321024707677
0.99979521376659230558204
0.99978933847928241895886
0.99978806345800053101414
0.99978789312269189526461
0.99979033985305987286551
0.99978471765896559375619
0.99978459201110614351649
0.99978854682458251357247
0.99979214871933519415137
0.99979425217873230113952
0.99979509282726741759006
0.99979437910415036583345
0.99979315339541330320827
0.99979444187259791654299
0.99979099194509424286537
0.99978437732886171751545
0.99978080266517932450654
0.99978085531037086397532
0.99978711141675580265087
0.99979378113901418156928
0.99979503879139630662110
0.99979269603707909830348
0.99979064639605774722497
0.99979063419252123257053
0.99978897842278824370510
0.99979393593344167978643
0.99979533576876977729597
0.99979091901989691759667
0.99978473077909479904690
0.99978991100891878573975
0.99979353324795150470550
0.99979503803801050842992
0.99979228188324442694324
0.99978959884062967855556
0.99978873322798544887036
0.99979017258503466436537
0.99978957296969117596319
0.99979133107059703355901
0.99979353835181672405241
0.99979379141019275589741
0.99979364435107331843255
0.99979438455267966023854
0.99979202532395428093537
0.99979209100807753252127
0.99979166057323187732919
0.99979178438853744115278
0.99979073109267646568554
0.99979336259699713718163
0.99979168545599672590640
0.99979276537775252364781
0.99979153884613569669426
0.99978968654410815819489
0.99979247846416374745360
0.99978974343503690391799
0.99978816075433118992777
0.99979182766935603687841
0.99979366779771694506707
0.99979414014696266210791
0.99979239988071055833529
0.99979415478922140092521
0.99979307849384613238186
0.99979368128725609743412
0.99979224860171223010497
0.99978794345013144440060
0.99978805385369051705879
0.99978821317344357400003
0.99978854427171170993205
0.99979221383280014734396
0.99979296988646226829189
0.99979400838131426976219
0.99979370815654722282062
0.99979419396718727242046
0.99979384000652060660030
0.99979230991918177640088
0.99979175185060720210117
0.99978915168003401614527
0.99978967207361779667707
0.99978344822305575956278
0.99978471845072847123959
0.99979120944550670113671
0.99978935721952233439680
0.99979146637493498950278
0.99979238002218651093500
0.99979462113619987917446
0.99979295300127835055548
0.99979472006020964069961
0.99979098032539237550509
0.99979313760563681690030
0.99979190335873924233567
0.99978938233784542255478
0.99979191720938487275561
0.99978529811329119869612
0.99978477222713835192991
0.99979179042641386221391
0.99978968729433470574719
0.99979299318621106529292
0.99979382548262529795124
0.99979400000855567220981
0.99978857572191226488201
0.99979255812243195133959
0.99978682207514013580152
0.99979361162590263401029
0.99979399533442259162541
0.99979040600545632244689
0.99979145353599030432434
0.99978358912907061561981
0.99978261079326236071552
0.99979154745270970572335
0.99979112338605780063716
0.99979404114240910672606
0.99979228423485932975012
0.99979113282998532952206
0.99978646018543493312336
0.99979052143353563941730
0.99978731654883667978595
0.99979049999541780291423
0.99979288714712577501587
0.99979119471856725542835
0.99979211843398763104318
0.99978243506090336278902
0.99978297854049413828648
0.99979271243719414208329
0.99979038162399913591827
0.99979122406910925224821
0.99978934201523761426955
0.99979100128977227424087
0.99978832334535339132486
0.99979204758098283445378
0.99978826081842642192754
0.99978948004516288161625
0.99979019925589884820738
0.99978914774133109677479
0.99979279519751684812690
0.99978365803898172625708
0.99978383964792938431998
0.99979232321389932547362
0.99978841941817686578275
0.99979064004355477912611
0.99979072460180917758521
0.99979272393679119446119
0.99978672623556841259074
0.99979249945341208682947
0.99978448108997997056946
0.99979213286090762302649
0.99979236568775953220012
0.99978884973151938009295
0.99979174030842832276988
0.99978328171929753409586
0.99978224777576485404751
0.99979157299537002590029
0.99979026037252527459032
0.99979432592033901094908
0.99979280740994436182945
0.99979167776006938606059
0.99978289666844299965476
0.99979117871207179302218
0.99978284894604541044316
0.99979252607278745745845
0.99979530254123794019705
0.99979164210073623308972
0.99979187970298744048137
0.99978119163266165880799
0.99978045702736384470199
0.99979213763658147939850
0.99979188993601475488049
0.99979482164758093354351
0.99979187325233576100203
0.99979170958498664312231
0.99979161793842474814653
0.99979296105547665884927
0.99979344463911501428299
0.99979061595087770353274
0.99979166582940892649134
0.99977994965253691450613
0.99977944591810530283738
0.99979027233339812230639
0.99978848889090687901415
0.99979223360242008844523
0.99979195168180534647462
0.99979364054076746981536
0.99979218027057603634944
0.99979233949991064278606
0.99979190126106098901460
0.99978677686442118943688
0.99978851549820579869277
0.99977887073684390539796
0.99977851084694890904103
0.99978745235397226132079
0.99978637390632185688588
0.99979215037665358778440
0.99979123050906604230903
0.99978863554587593664991
0.99978859403445097253638
0.99978381812791483618241
0.99979197093101834781237
0.99978704679242169639508
0.99978772339095700605327
0.99977880122044104904688
0.99977986930288564870750
0.99978896308036124818130
0.99978755785027073610394
0.99979045201645466711682
0.99978498287856965021092
0.99978020182926929937395
0.99978213645849733914872
0.99977985139327507635443
0.99978762171430646255033
0.99978661260285295320216
0.99978984926357317153389
0.99978116450371057322144
0.99978261681759061918484
0.99978903223835657865237
0.99978383259641023794728
0.99978465256979742736831
0.99978161574986901261042
0.99978305123211341776113
0.99978379674848938396536
0.99978805947653170971279
0.99978303319473316168597
0.99978023684732841847023
0.99978618917053474479673
0.99978241005338819302750
0.99978050153010900036321
0.99978243464663174577822
0.99977754273336827406382
0.99978355006030328322453
0.99978727039053294500803
0.99979197484938431284007
0.99978978463743450877388
0.99979267671143456919225
0.99978553590983909593604
0.99977704723697402577898
0.99977970019741557727855
0.99977796725080181339251
0.99977659085222492230116
0.99977951347218174671383
0.99977868016055615463245
0.99978731029074929814726
0.99978968523982258975735
0.99979004917790881279416
0.99978706518002025127601
0.99978592565292656590970
0.99978744933681162887495
0.99978102217672792928482
0.99978190365459951305382
0.99977759732563675765249
0.99978075386375964139773
0.99978532531595354360121
0.99978241783197652203796
0.99978582236598978472131
0.99978374629027588760266
0.99978282409936580776844
0.99978191115533732169496
0.99978210147401158636171
0.99978371588310610551531
0.99978217409600345089160
0.99978775610059322787038
0.99978441321038880040817
0.99978657317246855118498
0.99978810450367239237579
0.99978104977438375655652
0.99978288907545431740687
0.99978257257665603674468
0.99978315189430300158335
0.99978469192255692288285
0.99978402162320045842847
0.99978410494019254173281
0.99978058467440311662955
0.99978698351738770622177
0.99978627935233221890599
0.99978317927638893358733
0.99978126299581460134647
0.99978444035621105712153
0.99978614248531672004106
0.99978177988849969981544
0.99978638491591831360950
0.99978596246898654431590
0.99978295680779627474521
0.99978454125320859180448
0.99977985710614925007889
0.99978762285145039712120
0.99978413611779470837604
0.99978710475805565582874
0.99978313815690944554859
0.99977933400314511480644
0.99977932756438459005466
0.99978413781126196369087
0.99978979205686080433679
0.99978589425173669535951
0.99978616417887189449232
0.99978054016223838473820
0.99977630577054232841050
0.99977618171919457878971
0.99977435921083868120007
0.99978224341272214914511
0.99978538962279051016679
0.99979252699099807610850
0.99978733413260945095402
0.99978185211489667416629
0.99978541922533692432040
0.99979055225832913489370
0.99979300634268597480769
0.99978242142199236219824
0.99977813797129977402278
0.99977417451922534485931
0.99977485990944336968766
0.99977579823704043615606
0.99977658948600622856873
0.99977658081786680011049
0.99977870700968074491044
0.99979026731730047394819
0.99979087362143792550029
0.99978722311162093738801
0.99978477373653640292162
0.99978670788946200076452
0.99978548833622993274872
0.99977674345408673595159
0.99977884013678020025395
0.99977961956512384489315
0.99977696775778934767942
0.99978231716633736425592
0.99977386247198796187519
0.99978337146050999528768
0.99977797748211638673155
0.99978118935292548119520
0.99977925889280827576044
0.99977780223754197930219
0.99976874440168095325987
0.99977184212366310145370
0.99977973269201048100996
0.99978142505686362628836
0.99978668166937512129522
0.99978081720206435356602
0.99976714660416921010011
0.99977440886298385436248
0.99975874799297470563175
0.99978548401313716009753
0.99978417943259934030920
0.99978131854426866009788
0.99976808566288599688932
0.99976171373895206251348
0.99976004267359608324028
0.99976930498351623821662
0.99978388136275553321752
0.99978321487265808809042
0.99977906185508547132201
0.99976539041850376321463
0.99977002822343141730244
0.99975740434399318345982
0.99977773980396988928732
0.99978438060738639148184
0.99977364240591048982765
0.99976416070003704117397
0.99977109345708059517932
0.99977715304469261248244
0.99978102095138365879023
0.99976971145565007859091
0.99976240777403202475426
0.99975312596712517798636
0.99975905385980856632244
0.99975265974350513431546
0.99976272535010179964843
0.99977435660137103923262
0.99977632414017436612852
0.99977604080021220678276
0.99977503934193101553518
0.99977031145930461697446
0.99976692166696345953625
0.99975906268209513427792
0.99975959004991232781379
0.99975396245754999391409
0.99976091270108868869215
0.99975488079883356729027
0.99975806358444774257777
0.99976098734066198847614
0.99976126969533674060386
0.99976741478535080531742
0.99975614482539543192985
0.99975264296218946391548
0.99975683476866283871942
0.99975668783135673844953
0.99975988825006090188197
0.99975487636625937071244
0.99975617965475294113276
0.99975436578294563094715
0.99975232559657567499301
0.99975288234296844080973
0.99974687859790278832151
0.99974577897108263258019
0.99973951348773504310685
0.99974392438851145126222
0.99974775393734471862217
0.99974573430895274928076
0.99975227748951456252513
0.99975097989117289731809
0.99974939574931487307197
0.99973419946358943466436
0.99974126997929579907520
0.99974269291673556470101
0.99974236863440490985511
0.99973709906208974018682
0.99973618291999943874515
0.99974161568982922165816
0.99974164729144110452808
0.99974200234305543588675
0.99974055660601579553770
0.99968089118590919284202
0.99970301455575416582633
0.99974180354841568618696
0.99974705633844174190727
0.99974296262728212791870
0.99973123276340158938069
0.99972157126128546877908
0.99974754954419731145521
0.99975219982373431104605
0.99971711876770341653753
0.99959668706451831887705
0.99962356251239636861783
0.99973351325056103444666
0.99975037377251396719657
0.99971034252034729483682
0.99969895603728198274496
0.99973236423054001598132
0.99964635880926233646449
0.99942763481247498535964
0.99965309201049723508703
0.99967515014371277626282
0.99959704654051761973932
0.99944347860263016425364
0.99900616979104706061321
0.99937430478165822922421
0.99891459880316835207026
0.99885932877892502634865
0.99796577707766165321601
0.99831529679895425477554
0.99879745525877738909770
0.99915203599076762852604
0.99938283731017107935912
0.99951354891505583832867
0.99937865106611056820185
0.99965167270266019894365
0.99963613482561108902757
0.99974960460565565067981
0.99966572796532549016746
0.99964637242554643670189
0.99936015986054382853609
0.99963168274949820713005
0.99975285127906277082843
0.99977041349322304242264
0.99967582209313476937496
0.99976750518982770987719
0.99968969432513554718156
0.99977665839626661536954
0.99974465550050617412836
0.99961308581863594913131
0.99958229808567189422774
0.99973280372415584960066
0.99977198713977832866817
0.99977023978287948846599
0.99976308319452755757339
0.99970525046444225214515
0.99976127280628557247866
0.99976094653657088251464
0.99976742401496720979992
0.99976801154473271537881
0.99971481842027465347655
0.99969570442111244101824
0.99976446603921698130790
0.99977057854712758633298
0.99976080273681622312409
0.99975766000049559600882
0.99975978311989432967266
0.99975905637929862734836
0.99975752474043111384105
0.99976156220977052679899
0.99976892907430159329607
0.99977679521602857981577
0.99975640612812588514657
0.99977643524841319777607
0.99977871206351121013967
0.99977206349783676042620
0.99976720365139326585080
0.99976186220506113588868
0.99975660719898262751570
0.99976502103901732088076
0.99976016028861902640301
0.99977256524113600200110
0.99977766927314637435131
0.99978069546268233391828
0.99977948918257142363331
0.99977847632414806877676
0.99978298331217407834970
0.99978098854242292148342
0.99977552237140565605245
0.99976987947323270322642
0.99976899570314903265000
0.99977761783264540440541
0.99978037457737500837140
0.99977778441027942424313
0.99978076407083515952934
0.99978308001177063069065
0.99977754429723286744291
0.99977632722647191698684
0.99978073504581943531377
0.99977977848123222859300
0.99978222921427317704257
0.99978727291997793180656
0.99978936798410322772668
0.99979576516898682747581
0.99979211522300115433382
0.99978973255970526867742
0.99978189802589079171469
0.99977877606107801167212
0.99977455503910839240689
0.99977381520867780739792
0.99978068707329270647932
0.99978861975387534055670
0.99979818838815315285018
0.99980014721664978161186
0.99978860673376279688540
0.99979970343493917983579
0.99978249484730885576766
0.99980434077000690518133
0.99979777064552388665675
0.99978756212767649902418
0.99977639613692959041913
0.99978311311449008513819
0.99979707759071723138788
0.99980521922982801275026
0.99980598265203068919504
0.99979664044837890379824
0.99977880955220488345958
0.99979465687838198206805
0.99978075860142245900875
0.99980390913523364826432
0.99980786870784221775921
0.99980495424519499891858
0.99979213120911403223090
0.99978758412363988306026
0.99979558625124342885471
0.99979990453556433216420
0.99980795021337287575847
0.99980567516502660829758
0.99980102845322371685199
0.99979639768058536919426
0.99978792069741373449432
0.99980179559183746107465
0.99979677227521557281165
0.99980027917104552503957
0.99980149661428252549911
0.99980583408888412666471
0.99980356785161661470340
0.99980085481993596907557
0.99980222965114950994803
0.99980276698908143728772
0.99980145781991258679966
0.99979885899463072362892
0.99980266136531192877612
0.99980833078460873419857
0.99980327329429496963087
0.99981280639379832564373
0.99980524935004988495990
0.99980677066203127445476
0.99979963258834225747762
0.99979856048467219409304
0.99979972922869519980082
0.99980073088511189904892
0.99979866962771479776961
0.99979768474044072856799
0.99979919424015883944179
0.99980304797613328560146
0.99981003904275600469020
0.99981368568901662907678
0.99980349271067991967499
0.99981173458519323471450
0.99980068737115534993620
0.99981076547943992238743
0.99980660711438007481888
0.99980274198469354374197
0.99979850808108439164101
0.99979819644542633483297
0.99979988380615336662771
0.99980168229699117876663
0.99980661378205681888431
0.99980808161949596968299
0.99980916182096657429668
0.99980931877716328060046
0.99979933094269302085166
0.99980850783237895651467
0.99980015135256450342638
0.99980699785849147520622
0.99980713402015053414829
0.99980841238956019711992
0.99980497419970515426968
0.99980260147691990546548
0.99980455008085522550232
0.99980632868505603383369
0.99980758172697037355903
0.99980518517578043091731
0.99980609336262138420182
0.99980969526813956438360
0.99980194870082228497665
0.99981150505642424342057
0.99980282555856103687830
0.99980691448411751487413
0.99980420434019934283754
0.99980564571220742475788
0.99980541754509422158748
0.99980471111042212850606
0.99980362309952719446215
0.99980383047491849790589
0.99980482520928493084256
0.99980507228479231773832
0.99980838260289206509412
0.99981207551837780744819
0.99980173193758303806788
0.99981053513156870060641
0.99979914207033671047498
0.99980884655734325594523
0.99980704688655186451740
0.99980626912562808872309
0.99980373838100111694160
0.99980295959006737493979
0.99980423472585000510549
0.99980612812408931056041
0.99980924078891886264131
0.99980844784108224843067
0.99980747577206197096444
0.99980767838467965447080
0.99979658542656568709361
0.99980538217219649954615
0.99979540331785055062852
0.99980493986705398778980
0.99980808399176335221625
0.99981172051188493821172
0.99980999960533267767460
0.99980760396294576786147
0.99981144482853756549900
0.99981291763569080099927
0.99981197647741737455362
0.99980617624483147931613
0.99980299473597200599073
0.99980520551396889761264
0.99979577571272615355014
0.99980726473097514261923
0.99980311857090709004581
0.99980419568232825611176
0.99980983706349779716049
0.99981289080158519677610
0.99981344311895981036287
0.99981202936132518299672
0.99980967170917389719165
0.99980676964293091479874
0.99980376155878369903718
0.99980545888728011849622
0.99981020508416007519514
0.99980868065280570355924
0.99981218588497533517057
0.99980539865677209299122
0.99980487027511144582093
0.99980506167118587956821
0.99980744940129595565992
0.99980181697287140440977
0.99980176320018210311957
0.99980534726647940502176
0.99980821889936788426922
0.99981090502836156286293
0.99981208905915985862833
0.99981104777608897915542
0.99981017587385057066030
0.99981052153919691694028
0.99980778666124769937795
0.99980155144823767976447
0.99979789245594785640492
0.99979790353912645350931
0.99980428902671769630928
0.99981056741395468723255
0.99981112784545222993415
0.99980937902303690378858
0.99980769827906412761109
0.99980733074572147867087
0.99980606143336936408872
0.99981003351644026633238
0.99981211134908276605415
0.99980810030542044408719
0.99980171762070746410700
0.99980684222697913110522
0.99981071883393268784346
0.99981180018389381736199
0.99980838686712691920633
0.99980630946461468422370
0.99980584892868695767731
0.99980689788738452694616
0.99980672462056108251716
0.99980744355424222558071
0.99981028652187997618483
0.99981097942281860202485
0.99981052693607086467864
0.99981122395016719384131
0.99980921407121203792201
0.99980882399814219319012
0.99980778088959632032839
0.99980852470218672944924
0.99980792128025375298250
0.99981011683199516593135
0.99980891568667595858955
0.99980889379310466935635
0.99980825542747753242878
0.99980687580016025517438
0.99980927977072531209757
0.99980650972824958166996
0.99980535101343059878332
0.99980852603217096330468
0.99980980399518304402307
0.99981090794704297053386
0.99980967164228518040403
0.99981093639283347140889
0.99981039378929881245028
0.99980982419080455247951
0.99980892928242892647717
0.99980513441707419275417
0.99980479137094357966475
0.99980492817726407395185
0.99980573557764429448724
0.99980887695432618667013
0.99980911868962096811231
0.99981080361207785855981
0.99981106880633130451486
0.99981100184454574364423
0.99981124852661551472011
0.99980846471263717933908
0.99980839628294804199982
0.99980634264430945368218
0.99980636931630284536254
0.99980036997501320339410
0.99980161841878867345912
0.99980789210405718314689
0.99980654740850471995373
0.99980809082322685821254
0.99980854084715808927086
0.99981144088419249271737
0.99981041089949551636806
0.99981155156981316167730
0.99980848885066386788623
0.99980930400721035322675
0.99980850865653647652209
0.99980657208373269195789
0.99980858819087103928069
0.99980217653150926793160
0.99980162990892584851110
0.99980845316369726383243
0.99980687609546226024548
0.99980958043994017092615
0.99980999660819602770090
0.99981084325726521377931
0.99980613739519208493789
0.99980941148754942648935
0.99980444056066941627137
0.99980978713741841534812
0.99981056448212579645940
0.99980759274385955226450
0.99980811133096669784948
0.99980042712231609325357
0.99979942820023082195036
0.99980820271404735599674
0.99980830819674926246421
0.99981059113841375118881
0.99980846387040123168788
0.99980799489283478376223
0.99980413797310430101817
0.99980739218074687890692
0.99980505643463568610230
0.99980668295423158475899
0.99980941764406716654179
0.99980837817817758139682
0.99980877250112187848430
0.99979923335244347271100
0.99979975995919023734615
0.99980936798500708029280
0.99980756288481020810366
0.99980773632038144604905
0.99980552777208242520857
0.99980788130113784628605
0.99980612868474028065435
0.99980893629788347709564
0.99980613495861891948380
0.99980566914937418765419
0.99980669452303427835460
0.99980632588800089077807
0.99980945432621626256520
0.99980042389462420171498
0.99980058931984716608099
0.99980898742284440849915
0.99980559436714644405697
0.99980711849772818666793
0.99980691749866457129770
0.99980962053730693117615
0.99980467192881683491379
0.99980940351891078865521
0.99980250135311199422006
0.99980832949986442326207
0.99980882743782406585353
0.99980602221634140569506
0.99980841003077902673368
0.99980001489927805558011
0.99979896683847357952146
0.99980824963771985913752
0.99980743108628433724050
0.99981077263472328819915
0.99980900731077715359874
0.99980858969440034034193
0.99980099546077139116562
0.99980809928606884096070
0.99980103106105955301786
0.99980872883516425098094
0.99981173521740640541822
0.99980881024501433440577
0.99980856430692444103414
0.99979789736710311665036
0.99979714946863429414492
0.99980883134636600040324
0.99980905414596910052438
0.99981124020687861531087
0.99980807869656018738169
0.99980863942328257465419
0.99980782692201330963400
0.99980990038439010447746
0.99980984841556208575497
0.99980777619474126005628
0.99980836746635337597411
0.99979662752173203976724
0.99979610961286446979557
0.99980698127767453353698
0.99980564510450076198822
0.99980862361916988945154
0.99980816496950208893679
0.99981059073693556715767
0.99980839748211458584137
0.99980930220679242736992
0.99980827943724914774748
0.99980392824516117755707
0.99980523087486949940228
0.99979552072874811052827
0.99979514485743647966842
0.99980417479514360756809
0.99980351947818280056168
0.99980851792983482795307
0.99980745158919503978723
0.99980561040896576141535
0.99980481977732404974546
0.99980080552095451640326
0.99980832731322188955403
0.99980418596373410444755
0.99980445128897532658385
0.99979541724843312699988
0.99979646637011576615350
0.99980569566846178020114
0.99980469000874228058251
0.99980679685935802680774
0.99980121349236206196309
0.99979720433217145192373
0.99979837212556899039839
0.99979687267519090632106
0.99980395603889848921142
0.99980373676082801015497
0.99980658484073281488946
0.99979775041674723290441
0.99979912782565516504718
0.99980576993813996544702
0.99980094535537644695466
0.99980097676031420839138
0.99979785755665118163193
0.99980009438994887904784
0.99980004604999639372664
0.99980512683597899670218
0.99979934793995195452254
0.99979733583165242283286
0.99980292654391145212855
0.99979885385063249625404
0.99979688529334875823906
0.99979917026633291499138
0.99979462756680648194418
0.99979985508499413793260
0.99980352809966677174458
0.99980906779837452891257
0.99980605047558235298766
0.99980979729147456680494
0.99980183238535269563130
0.99979411777559534790782
0.99979643226410230827383
0.99979429997846280819829
0.99979287920644954734684
0.99979624217125684371155
0.99979573434729374081797
0.99980359845952015973580
0.99980595810018890734483
0.99980719986521637832055
0.99980334432715300962968
0.99980310755707135772496
0.99980372911255455115054
0.99979805814289424148456
0.99979862842912103904069
0.99979384784767477700740
0.99979697310392401377044
0.99980204557666896292289
0.99979943350263700274638
0.99980209192898816805695
0.99980003259082417255144
0.99980003890543467370833
0.99979820546959197180570
0.99979935341276304772151
0.99979997488192795529471
0.99979916770985577390007
0.99980446936622746623158
0.99980060790005353954513
0.99980274876205255107919
0.99980480859568099383239
0.99979801934714263023096
0.99979913813025655944244
0.99979887581311188693434
0.99980044458894612446898
0.99980100475563793427369
0.99980135651297585841490
0.99980034539732187681693
0.99979752793420417766868
0.99980367688210081134059
0.99980243903546672790128
0.99979938096750453624395
0.99979741030805169277329
0.99980058772434587943678
0.99980282449511226339212
0.99979869478461858012253
0.99980261576446138871432
0.99980228550113947605382
0.99980033489234465537976
0.99980087414936402723242
0.99979728024953873344316
0.99980384262534849337811
0.99980102306588747307359
0.99980377371157502786048
0.99979927826899905873859
0.99979542672839560868425
0.99979536461290274829139
0.99980027672874538513526
0.99980644727111522840346
0.99980275256274697692760
0.99980237160845075727877
0.99979688235490826730967
0.99979377646943901059018
0.99979253242234966680968
0.99979188097457327710771
0.99979843758575581702530
0.99980221580803163572426
0.99980916721074941655445
0.99980347523221413386096
0.99979783356244378289546
0.99980134586757951620228
0.99980669852325121382819
0.99980963024370117508965
0.99979921320212805646577
0.99979431781187455552384
0.99979053444621435176032
0.99979243506480397485348
0.99979216954011562723537
0.99979421975144988632422
0.99979274567323794808971
0.99979546434773536311980
0.99980687248232436026285
0.99980702689168410302045
0.99980309577967096945628
0.99980059306712343314416
0.99980287064881767644664
0.99980207323538927699502
0.99979346691344228581499
0.99979499017077455569336
0.99979600288607772817784
0.99979465611099127553274
0.99979871074844794964775
0.99979161135863048315287
0.99979950732766398324713
0.99979466740031730509486
0.99979775306622975517001
0.99979543218449107300216
0.99979356904055283195021
0.99978446099709217254059
0.99978802790121024113290
0.99979627630578016272977
0.99979808143774584472396
0.99980280265453613797177
0.99979721912501040570476
0.99978495613462980973196
0.99979081769619981834296
0.99977661911077853051921
0.99980158656960382845824
0.99980080125944792435178
0.99979784344688393815659
0.99978428692270449040791
0.99977738605572752383921
0.99977567801480338172126
0.99978552720144708843009
0.99980038759234068912463
0.99979980221871134205003
0.99979514252331480594904
0.99978180510246594803192
0.99978608572957816669202
0.99977382428043648499028
0.99979429173590872448329
0.99980086709473159345407
0.99978988896850529144444
0.99977976684671465701371
0.99978667808713594933323
0.99979342519313063597508
0.99979748755654407332827
0.99978622593477883828683
0.99977844262294435218053
0.99976955155470847991239
0.99977506593423026703960
0.99976909219394505257128
0.99977920268442921347685
0.99979080283671184492533
0.99979262133688762137496
0.99979161172091612908019
0.99979060397930419323842
0.99978663475847540098584
0.99978334787682010542653
0.99977550611789622880821
0.99977557929487492760501
0.99977040256414551055997
0.99977687879985566166141
0.99977132872450991118995
0.99977447492478388468840
0.99977739437011914347408
0.99977762003241621435734
0.99978297973303020818037
0.99977171892558192034528
0.99976902182098359439522
0.99977322475147523128669
0.99977306741725968652901
0.99977583014419935114603
0.99977133125192807483472
0.99977209616086593069184
0.99977082742994238806489
0.99976867305341710068234
0.99976925721740694807949
0.99976328708194328598324
0.99976137418267474465949
0.99975514345559224338444
0.99976036386470590322517
0.99976411482690841214804
0.99976205041166288367549
0.99976816810372581834088
0.99976744818994178753968
0.99976525986246089772180
0.99975067163710906736895
0.99975755807156929666490
0.99975904018837336018066
0.99975884121204694476859
0.99975278108082232808584
0.99975195686381512771845
0.99975812260366503370079
0.99975798394543968772297
0.99975826643457721409902
0.99975639327532683786615
0.99969735518050817368874
0.99971881429516484818265
0.99975804378342925105017
0.99976338645586970699242
0.99975950373921140812428
0.99974711687095774159673
0.99973758380412047763741
0.99976412506420131443008
0.99976852536001115101527
0.99973332797833724949754
0.99961242599776078954221
0.99963972050600924390551
0.99974982625412944781118
0.99976698461619817326351
0.99972649762340026757812
0.99971526980814373608553
0.99974900312593373286063
0.99966263642685992962811
0.99944383196341934905149
0.99966973695882832551263
0.99969163154494133927130
0.99961369205602534915300
0.99946008312138401308289
0.99902265540388757170120
0.99939107756391398762474
0.99893109128031698507044
0.99887614067469554512968
0.99798215958514679968516
