0.03903639244985774442442
0.04088579875762494292291
0.04698918494705733861494
0.04899264034941821360780
0.05559490506561044070866
0.05100239227762783100761
0.05762664374906854847236
0.06423394028125010979391
0.06621327677801083777531
0.07233647191124793762729
0.05970837516031368003011
0.05309398092953247771941
0.06175319634802172580335
0.06820481867249117424734
0.07418409333753775425357
0.07948952442561527109710
0.08109694209933594744033
0.08545099495211064266620
0.07595302477340055979926
0.07013304688253053920111
0.06375050464435529085083
0.06577920520671436122040
0.07203331791955737417599
0.07772103927824548785797
0.08264512794246130222842
0.08682988401246719001314
0.09017340570838726365732
0.09127276439915783801116
0.08811258200333381418456
0.08417080570746837686613
0.07939453950785403668622
0.07388474151081400598251
0.07603375659326529201198
0.08104011435776942162690
0.08561456686772081492443
0.08936475822864461959760
0.09234846418382559873894
0.09468402634847662702189
0.09554421638238974612278
0.09740378358983615980637
0.09334704022067522033446
0.09053389744590255305834
0.08699942823367524946665
0.08275838054460610271335
0.08833780342223229720133
0.09167147521134380583341
0.09428914386753124710072
0.09636914995222366220329
0.09814079442331956337764
0.09985681158960262038260
0.10054050680806561612890
0.10248377945353027984599
0.09884007322690795127595
0.09715541412458227055193
0.09520749689561626427636
0.09275555399037933856921
0.09606396862584709595012
0.09789904219200508406207
0.09952252675029642225990
0.10121567685160035021674
0.10317858987113498470123
0.10555329213238023866595
0.10630051809376050986344
0.10915264492812844221437
0.10386583115755207429309
0.10187241855344610075296
0.10017719422743391610719
0.09860973106389515907555
0.10082426235088866317557
0.10251497149812571763050
0.10455573400613715762120
0.10704372557587876757523
0.10994462573062865895501
0.11312799483204573347539
0.11389156225432296720701
0.11712002937524626511312
0.11071738619160695349386
0.10778708688966542883492
0.10523356190580153424197
0.10316114653628659370010
0.10592678668313199041862
0.10851034173255071080266
0.11148628243037615737077
0.11464369167954832628986
0.11782743015952699960902
0.12078479256088284210513
0.12136607380444544568299
0.12379758327699551256895
0.11853039184793424942743
0.11540058803324401703883
0.11222685234753454475154
0.10922740228334508472141
0.11295771487901819229993
0.11610810633823391568864
0.11916968570890139333951
0.12192279291485873249368
0.12421990762808185482236
0.12595390898647490507400
0.12618591011579879945792
0.12719851681686833444473
0.12460013547636324127144
0.12243004937202459081469
0.11977918983546220754732
0.11680507086840169472808
0.11588336201397106406397
0.11945462625674729828518
0.12037526833494702205307
0.12290763638091621590132
0.12494293896497123130818
0.12639216172107009539261
0.12727368063126898167781
0.12765774594123288632197
0.12760233793437547600291
0.12755379632032246006723
0.12731471142969424947822
0.12655546008356480247592
0.12523929361445751418103
0.12333606095316292095010
0.12252456673254064067891
0.12486565211483256765401
0.12549922909543229088136
0.12668419297915556320788
0.12732553111712030524671
0.12752582212168450670475
0.12742333974981862043663
0.12717206605098718696922
0.12702538710808361499538
0.12677997014236716544211
0.12728437559809058221560
0.12743095402612111821661
0.12730937150074206343220
0.12677840442155716149664
0.12638123830142980463798
0.12711995546671009393869
0.12726932387624678710836
0.12732053948596441794727
0.12713969612874517767231
0.12687749857261595987090
0.12665853063480955742470
0.12655857589573754617973
0.12648306953461363466573
0.12656678390099232456301
0.12654152551912550839219
0.12673109807489149614135
0.12698904732350990709477
0.12719442853246790137156
0.12723410265265236440690
0.12696651775735506850751
0.12683458578363066004968
0.12659101919803217306537
0.12643291695448607980801
0.12641424429263814488422
0.12653339068304764181150
0.12673596020613306367686
0.12672146488562255339794
0.12690778068681937695850
0.12650463609741205428527
0.12635257328925980635503
0.12633031506189437709331
0.12645419926982592873088
0.12657501351329633609843
0.12627179048446268705419
0.12623763301715051898810
0.12629755714027582347292
0.12647681605194122100855
0.12670196216699344815559
0.12687362706903937414893
0.12688138788934524847640
0.12679143719691085556711
0.12646980856074355181740
0.12682852596868318673096
0.12667882663366952789019
0.12645110605650866641980
0.12624806531091553596369
0.12616979596686248021875
0.12626843945817514680563
0.12642462408208507418372
0.12664961062065108188257
0.12677065491900130211889
0.12668163393366027591469
0.12628965560021229719290
0.12552843438663935371480
0.12524607050216737813564
0.12399142299998390515103
0.12608851669846754539606
0.12655482089613054319521
0.12669909468371096106232
0.12661229086050954095732
0.12646609070091938131775
0.12659653780214069618282
0.12661379331164190897852
0.12640797814718604530349
0.12586559991766310684369
0.12493512568197120971014
0.12359877693348743366020
0.12185570599580104744764
0.12135745446590626150929
0.11921429000414175691791
0.12318030303345131604154
0.12460925287072528722110
0.12562322296053690662276
0.12624064941877510825918
0.12647690815292803034886
0.12595120271342852280583
0.12535931946870670916638
0.12425142291470167577039
0.12275315790650200009626
0.12085932623729502000121
0.11865769972691657396791
0.11620284812442327471160
0.11560223342624804943046
0.11807970681159982162534
0.12033737703118142781111
0.12229990120513735407659
0.12388575569565082878931
0.12491442005729806730141
0.12331771940446992208429
0.12183119445298987160164
0.11980313033528737498568
0.11748641965143233334423
0.11499847719686559499586
0.11246390364743849565876
0.11186955673055791471437
0.10952771348285544883439
0.11439358972005587988807
0.11689742714085205044228
0.11925611012844150593537
0.12118003504321177288272
0.11859107593668682945065
0.11632004997022052372735
0.11379177368875818820992
0.11128920790415264274742
0.10902313835990544432786
0.10712632461478510670361
0.10673285556830870712819
0.10556229464122827976791
0.10851753739708679125098
0.11073800074716223795779
0.11321100855313341593256
0.11569174533248703651278
0.11262926125289762779857
0.11020747712329345691096
0.10806848720795057816613
0.10638137421970239593350
0.10534125778325838240779
0.10507040335104066153260
0.10506510813548830540753
0.10575257137676045970931
0.10517507871359230153807
0.10606900001066763006285
0.10762568241392056478389
0.10969988176808788404859
0.10724317012877961075024
0.10580702984818730894023
0.10506208890990179072311
0.10511084392476495452673
0.10595604074674334904582
0.10750865986351330894077
0.10790742103346968872035
0.11009352156679735879052
0.10621460876781378679379
0.10520836084463103254905
0.10499545217741927671806
0.10558519443212718846858
0.10497789542581796584653
0.10535369820370654725394
0.10651906377444893270212
0.10834141462821389456650
0.11062920329326235424627
0.11316622136446799484766
0.11377510604593808751783
0.11635361060138277311538
0.11117942498966043585185
0.10880500891710433164494
0.10686039035611140379789
0.10555054639092283086388
0.10724738747714453179771
0.10930771708846385992242
0.11176399125295466419061
0.11439632400965558944872
0.11697877988165562845868
0.11934443268306341168206
0.11992473474292617008352
0.12191169079102759376099
0.11759435746031279834689
0.11501449879833666734008
0.11235855856226092952532
0.10982748180549795069538
0.11296871942446953807071
0.11563454779331071298198
0.11818514612689365317344
0.12047546648398289870219
0.12241433331832891895363
0.12396240364827806890169
0.12437154627965249509280
0.12548594185466790951189
0.12289972461690798488654
0.12103248289356287326068
0.11878753138720123117000
0.11625776777217160240507
0.11542441635362808705079
0.11854818471057178286276
0.11936462352221076377301
0.12156099857248191253856
0.12335610165527612080982
0.12476164356211216777126
0.12580750662152317964626
0.12656051623268202432904
0.12680191605802088039567
0.12727387443167229030827
0.12611054495684853593573
0.12512561656052098579828
0.12379754161027872738643
0.12206502983710268428474
0.12129822429391357019313
0.12357927916401409418334
0.12421171816175177737840
0.12546814281721099804123
0.12638495730667301253369
0.12701895359765624782256
0.12744063006764883017041
0.12771007668379960597882
0.12781206037687334320374
0.12790091345106799347597
0.12758904249862107471714
0.12721828072262003628268
0.12664213425161441328726
0.12579723629219974334603
0.12530519025985450976002
0.12653627368624928428709
0.12687552798970810896684
0.12739636639916643301440
0.12771889192834048887271
0.12789339846368275033228
0.12793252157491716292093
0.12781853813633142769035
0.12776930184744669793950
0.12738874537472899550750
0.12794325521959043490128
0.12795673699177886883938
0.12783099557873417451148
0.12755267147807025640560
0.12734423292008970052258
0.12781729272356401327926
0.12792231474793600010109
0.12799977719228172734489
0.12793255734447883664728
0.12769577294970399505836
0.12724229605050488278728
0.12651541608034558294982
0.12626074051992863811478
0.12512731176711969216520
0.12707595292498249928137
0.12759852973610122384152
0.12790155369177827471283
0.12802355960580716343067
0.12802455352573702263008
0.12798003135606100810762
0.12785021777504532169978
0.12748275487169377639951
0.12687809214821427206132
0.12598318112841425109316
0.12476944788510907491386
0.12318529844287248731227
0.12272588807886711248507
0.12073980703891323829069
0.12437926926136333438677
0.12568689166799437706423
0.12666399653400994829155
0.12734214365299650895125
0.12764875686811080757188
0.12697479313048173898970
0.12641769340180278313746
0.12535948032649407712924
0.12396954540412791212489
0.12224343624878246383769
0.12020581540442683288195
0.11788841035287583869362
0.11729165961178554533628
0.11480994611786361769834
0.11964257683149207012185
0.12174574927817818914555
0.12354154304525562235728
0.12502271069965631422605
0.12586671086580294987023
0.12430046283875406665231
0.12309786606757369686882
0.12122635668549179566167
0.11906983213134000876288
0.11670606726085770710188
0.11419170064036796019558
0.11358895706390721713763
0.11110144071645146335303
0.11610421556176218904621
0.11850902419522336972424
0.12069877048622576487524
0.12224979320393061787975
0.11978307117749530108508
0.11793161652770471625740
0.11550728543332042241865
0.11299109405384430426800
0.11052430624566950134735
0.10821110865773912734777
0.10770255141443665913847
0.10570873035764766223465
0.10996657447702583298987
0.11241144901984048698473
0.11490598432583168375665
0.11700808641459441161725
0.11405351277654127151173
0.11184828568537931448024
0.10942909030756554911168
0.10720529320018748475896
0.10528980254108021019643
0.10374885404815357980990
0.10345832512193151031532
0.10247469480348982140416
0.10490894453692026222491
0.10674474692740111569922
0.10892730257481075817338
0.11109806280472168948936
0.10834281966662498430942
0.10633388597070689285395
0.10455909805907186160834
0.10320422277444783742961
0.10232026717811598670593
0.10195739434523611033345
0.10195718981945138537082
0.10224302278075292349513
0.10220657412344462400267
0.10297965354407206950427
0.10423418972623439693326
0.10592573785419322207613
0.10396242800345738277468
0.10279161237830773678592
0.10212687878989877565683
0.10199434136092788705241
0.10239738082570186417097
0.10331330766410394550459
0.10362469533464641058274
0.10510179660362664599838
0.10259797148780612496832
0.10207246312457275705388
0.10208929939865027392010
0.10264358274711805896207
0.10208833400410149971904
0.10218633959964772139895
0.10282092344245234716293
0.10395525178654489717456
0.10553509638430080830318
0.10744538232477206241011
0.10797115000022015907089
0.11015766045579281073863
0.10600212699604856514402
0.10433601535948011651556
0.10308760633935944162065
0.10233756861824852557596
0.10338013004905112490750
0.10472183600244784618116
0.10648256361958109705856
0.10852931904538871965560
0.11073906618169948590236
0.11301127557541720825007
0.11362463768480324244337
0.11583136570993929348461
0.11133649399390752043892
0.10908834134054901099375
0.10697759046838635488275
0.10516172474434544448219
0.10750058523633239382367
0.10965338658475592970021
0.11193399197278625090135
0.11422176395323721531661
0.11641716184648420728820
0.11845030748587385971415
0.11899627667667887764846
0.12078422219895713907167
0.11701449315408682383399
0.11483156117772176652014
0.11253013764675001695537
0.11023571936454068520561
0.11313176418566646408426
0.11542352679417247629523
0.11758796197537774164132
0.11953533799182719521426
0.12129138297382398292701
0.12281580221975123279332
0.12326698605933418539937
0.12454836822813129815213
0.12178761043182745327229
0.12006598018868583355179
0.11814235906243616969213
0.11600871225466037606200
0.11530197008107372080854
0.11797440148351065469789
0.11868875936503103796227
0.12058503713862940565082
0.12225849157329643501768
0.12370087567019705243609
0.12493947742522243382624
0.12600022822056008986458
0.12633302123556164331397
0.12717138964855825844502
0.12531313629888934935153
0.12412215209613380872966
0.12271163137205438886657
0.12108400433414441554891
0.12038083539645909325611
0.12251115123572235698912
0.12314823671130381566030
0.12450708136536142722761
0.12567580638001255022296
0.12665046219418649164901
0.12743779563918317121463
0.12800926077968416416653
0.12818757312851902785411
0.12841472481819754536403
0.12768263735468632358305
0.12694892845530938996212
0.12602342631588431265399
0.12489600910948998879757
0.12432392986054280337171
0.12583725399164863434365
0.12634213548847170183187
0.12722887206307403884509
0.12790427912551741163050
0.12833980006827611086706
0.12848207088239627093884
0.12825892732568205945043
0.12818410556690831847426
0.12741231339336203665091
0.12851650026832375783847
0.12846706887939518537678
0.12810533751616054454203
0.12748186813935571959355
0.12706944853057580702149
0.12799708008266555414600
0.12827857974838718924104
0.12856382632295904056008
0.12851919221132154791398
0.12807373029188112711907
0.12717204549345512143432
0.12578798928993120687103
0.12536591736385260809072
0.12334677942122340699171
0.12689831729841208329823
0.12792649894253138587175
0.12848546238425434529162
0.12863114425757243841630
0.12854838753493252889726
0.12862303966769694785199
0.12841860483338590759317
0.12773480182712912411880
0.12658113384025554415402
0.12491068664186627534818
0.12274900215846147599752
0.12016326041836841720389
0.11938886636926890338906
0.11636661198483300161399
0.12211646977153105264602
0.12440535142717754069075
0.12620897751389539842570
0.12750986154252005877474
0.12809706729124115121010
0.12685471346003873716057
0.12581005121172178506939
0.12386355170239063405724
0.12143649412638923834606
0.11859196265095034439341
0.11546065889616845268062
0.11453647705710549853375
0.11113728365219983917900
0.11778738587193576803358
0.12071942664355352070604
0.12327989230575452095362
0.12485471801934398816680
0.12207612092696464023422
0.11996373907908781941689
0.11693804078659388034911
0.11358027167378197119785
0.11011493751843655364286
0.10661533794833488730802
0.10552239233028902487543
0.10204941112853267715099
0.10907795403822913293812
0.11261776343227866692409
0.11604878181280570137446
0.11858147217370128279068
0.11453912093926657544962
0.11163005225034010325924
0.10802101478107380139182
0.10444168446091568747125
0.10091800773326380091799
0.09752519473652944415054
0.09637038258935613777023
0.09297843399849985146499
0.09979233700531006667767
0.10331442885134672904357
0.10696243657717498243276
0.11011081539389130923290
0.10550168777860227664611
0.10218501613889600931895
0.09862601107767730856946
0.09518141915041251899243
0.09175430159672440244556
0.08831923363503668689134
0.08701929869211140478047
0.08340706972504235983124
0.09053628107233725741398
0.09398606119478443432502
0.09745973785674734435336
0.10084356391987463197335
0.09620821208327239026925
0.09276301045185947335980
0.08928586026627741145667
0.08570050510170808266697
0.08198913209639656363148
0.07800498280308494625235
0.07646971532579610597580
0.07209739425972486182026
0.08055533880778062427730
0.08437574343342017779701
0.08801675720277847558837
0.09154162397038015375195
0.08671367003867359868341
0.08301708611618303923496
0.07914106998578292195834
0.07496151782711746314192
0.07048986629528725122995
0.06567406499458906810052
0.06394067228885624842860
0.06882944736381196859654
0.07339098708913771584861
0.07765489578504738976683
0.08165279203972138077905
0.07618474829323172714535
0.07180959982891427229035
0.06715011683308143297655
0.06223723811477286510518
0.05710289739845518519612
0.05536050406885446861782
0.06049278024555043709043
0.06548416370188009372200
0.07025825808852749487787
0.06380673981855210230574
0.05875496883849414681000
0.05358331895376181042145
0.04674497498575449355718
0.05185330195481052673045
0.05704249994874920071108
0.05013632672737498852111
0.04501312516038096650517
0.03866430519041378494061
0.04336341192142038891699
0.03844639850877852593758
0.03716516427710169628851
0.03305862325234879689484
0.03904286503464167445987
0.04089307738865950031526
0.04699696240569514044116
0.04900134956408096209568
0.05560409020094997378791
0.05101167036491925654840
0.05763687256672761494158
0.06424453328109669403290
0.06622501146088961843095
0.07234837913445438251081
0.05971922432375830619433
0.05310379433874800464421
0.06176460831079246677211
0.06821719687766029938114
0.07419721919070511317873
0.07950258443521823759070
0.08111126696599597896142
0.08546500731425335506408
0.07596679277377513250791
0.07014600509729763955225
0.06376249123159340170819
0.06579130253858166132996
0.07204685970355560742373
0.07773539614750876736160
0.08266009122791127816665
0.08684519539522773945439
0.09018816370257871917193
0.09128883126105452605614
0.08812851584738308485800
0.08418634922600896908218
0.07940946177354636648094
0.07389834298985162308604
0.07604719236693117945247
0.08105504817340787593327
0.08563065428090983755016
0.08938125538899346911315
0.09236514334494121125640
0.09470066374067595549313
0.09556145127050773291355
0.09742086725388697521222
0.09336426639174555397460
0.09055090529067588711598
0.08701547604641167443784
0.08277299648682526211907
0.08835340135514534176675
0.09168840115408687096998
0.09430685208073549818941
0.09638692685484978595056
0.09815847618436987498391
0.09987429294931257639512
0.10055859905644133622804
0.10250168718770513720528
0.09885829799998499534119
0.09717365434756705666608
0.09522509236198449522615
0.09277195131052219656542
0.09608097129716450246484
0.09791715294657525603395
0.09954120483486414427965
0.10123433063779631313484
0.10319713382760273279182
0.10557170112939061323853
0.10631959952723470108626
0.10917164463710990474077
0.10388496399594927821486
0.10189153125925255738427
0.10019574444038528704404
0.09862720356779375308065
0.10084214618977584143611
0.10253397242909718933834
0.10457534314048574919376
0.10706343419071301381607
0.10996433777258574071567
0.11314764792655152003675
0.11391195777586314574759
0.11714033608549069553906
0.11073776041655260249374
0.10780729408713880801418
0.10525308492142501637368
0.10317946367177785460534
0.10594561515131983853166
0.10853049175851614549515
0.11150717443614503732174
0.11466477605834325681489
0.11784850492424685242110
0.12080569312539835014064
0.12138775497976078687756
0.12381896151393537164331
0.11855217824314938368513
0.11542220533135230664534
0.11224771217161033654008
0.10924683671465691692237
0.11297783275357362042790
0.11612970786398052469579
0.11919200021294144853368
0.12194518901277416611517
0.12424207160537384386778
0.12597561450646402314568
0.12620839787443546842205
0.12722039129359533071728
0.12462300854801657001847
0.12245296447363537839514
0.11980149415532574674881
0.11682589330144836636816
0.11590363985427544479823
0.11947550610348441069153
0.12039674757621296463661
0.12293054323080021550396
0.12496631375523541140904
0.12641534725412617579110
0.12729633459888486934908
0.12767965342542988982366
0.12762502209399845254367
0.12757563916820460758750
0.12733804848530450026800
0.12657912578509886158962
0.12526265564877583913450
0.12335808825057634208200
0.12254596026632540162193
0.12488743070032273796421
0.12552166263124478473578
0.12670784489997194421917
0.12734932980741875407915
0.12754917951857511204672
0.12744596368839605782242
0.12719379612350489860972
0.12704791281064203856133
0.12680158593460255644914
0.12730767031143580547692
0.12745476133035185672959
0.12733315899500205481409
0.12680108404478102057666
0.12640325785848599560168
0.12714208222711512186187
0.12729210969633605876616
0.12734434793629628712708
0.12716343684937336799834
0.12690069893419772539822
0.12668096362945802102473
0.12658010684696407999184
0.12650544330733753950469
0.12658826881715404266693
0.12656464344641188413121
0.12675474973009723256290
0.12701281240591263954620
0.12721721863093501947439
0.12725622905329747602821
0.12698857865700921565555
0.12685732884880140947104
0.12661472830247930132508
0.12645650125382187911605
0.12643731784499898096463
0.12655574485818504859580
0.12675742557134667132246
0.12674382417086485497215
0.12692922660536418155708
0.12652770470426630278205
0.12637613076858555949400
0.12635399274773706501662
0.12647688908397783369431
0.12659698880681552468630
0.12629369885644700644001
0.12626030021689951809982
0.12632124521266105410255
0.12650038361898485739232
0.12672504428147524091486
0.12689598540365809586916
0.12690278105692395782533
0.12681375264268293645564
0.12649108408895709532160
0.12685160738941522740042
0.12670241863464767884118
0.12647483901748160506351
0.12627074967690699036638
0.12619167557203481155881
0.12629032726652358875619
0.12644735608760820921859
0.12667339736314445208798
0.12679425185395210018413
0.12670466418869572033934
0.12631185367873926095328
0.12554950290670696677608
0.12526805655508146952748
0.12401218501370894764513
0.12611141434612263556581
0.12657836515353584894150
0.12672290601665728293490
0.12663507051394082281170
0.12648800634466608738826
0.12661847286704197568241
0.12663658748469655557223
0.12643174892276265453006
0.12588900293357221937818
0.12495778898894503716743
0.12362044591164231266411
0.12187606278313402319302
0.12137870253046860458124
0.11923415910228810088434
0.12320262188098773936673
0.12463240897741452439806
0.12564685957211862987748
0.12626339000598801876052
0.12649882300614925800808
0.12597302964001788616599
0.12538191547025828720408
0.12427481464069417560481
0.12277595596511299558262
0.12088119787724596609912
0.11867844712336345081027
0.11622216954557450241392
0.11562241899904524000675
0.11810104922259927195949
0.12035971387375246632878
0.12232293813540205673629
0.12390809832984515936882
0.12493607312978081969046
0.12333910461586311546611
0.12185317859994891642739
0.11982570811264872667756
0.11750821478486908611139
0.11501923682588920117009
0.11248351455298612189271
0.11188972532492862110853
0.10954678630990366539066
0.11441479812084880129941
0.11691946706594194549389
0.11927764064280055311684
0.12120106171673172834602
0.11861166843610099208561
0.11634106195262072791508
0.11381323739703946840152
0.11130982782076050130460
0.10904276741014060081447
0.10714495315677742548477
0.10675204599147293527128
0.10558062489495585734023
0.10853763165179179661646
0.11075889760904915337658
0.11323146948566399638825
0.11571185072433130824887
0.11264885590131600012764
0.11022740492306899728892
0.10808888784416380290931
0.10640106097791021677601
0.10536017205506446881014
0.10508862228623830348262
0.10508394677593718702369
0.10577088279818948335365
0.10519453024869268586983
0.10608902967482458645776
0.10764515211170189168399
0.10971899116663816342587
0.10726187568105835512533
0.10582618037737445693125
0.10508193467115718722216
0.10513027093370673481498
0.10597501177690081541893
0.10752724866093391065114
0.10792671318707421079797
0.11011252933335442805163
0.10623422782792901752913
0.10522824045347695109953
0.10501446478140186169270
0.10560363429308734783962
0.10499625218062061393631
0.10537278383887314914258
0.10653919681276029229888
0.10836141463760301517638
0.11064895326166040989690
0.11318573086500281765776
0.11379538781261834545777
0.11637364009152995070195
0.11119993617128016982765
0.10882557911527171445876
0.10687975663319905506032
0.10556902661034361923242
0.10726618947285138094827
0.10932753545030042541253
0.11178512532514985056142
0.11441741498607070626203
0.11699960099107742372837
0.11936494629035765413505
0.11994604693864791000735
0.12193261337985096537384
0.11761602430034691357807
0.11503625211023643659658
0.11237893794577920314470
0.10984676110558881656498
0.11298857544769659588813
0.11565552957445943138559
0.11820750372271897343790
0.12049764989314735996739
0.12243605378309907472101
0.12398364472244405298795
0.12439357932215658331110
0.12550741008485477578915
0.12292233964300668114245
0.12105538225309586675138
0.11880909237658153487782
0.11627822761869262280232
0.11544474611487245963026
0.11856909801978754437357
0.11938565709334304776323
0.12158307005857493798828
0.12337944269126192853303
0.12478458557624294567034
0.12582975821085876089178
0.12658213389688144356882
0.12682430625589663497621
0.12729557847815348159415
0.12613371878634654921214
0.12514929429076723788050
0.12382002607857912901412
0.12208656690121255650183
0.12131965623397267250994
0.12360114704253762074604
0.12423366150900835847004
0.12549093818833512159472
0.12640887492121299917613
0.12704227785933569494503
0.12746309541465930537107
0.12773181873538400066259
0.12783455357726741796753
0.12792265143489928158615
0.12761245537715848463733
0.12724235649467971476234
0.12666514824213884193860
0.12581948687022226351928
0.12532739484345595259995
0.12655872755141681085256
0.12689799707975832343543
0.12741952294724451233421
0.12774306171457469605279
0.12791685055636300982762
0.12795499794596926212975
0.12784022562671265577094
0.12779171048747314798355
0.12741032294660864510050
0.12796669893504253323613
0.12798095008312185272281
0.12785423637916903949474
0.12757528895640626864783
0.12736685948247816746459
0.12784002991023690753991
0.12794502608979915758702
0.12802305441387556994570
0.12795676444789969017357
0.12771915408749109910325
0.12726457284573566841601
0.12653680800632186032040
0.12628280643396441740300
0.12514843122761604155002
0.12709920365085380922210
0.12762267162956122956707
0.12792481705100100519701
0.12804631625493148594508
0.12804735137692693780487
0.12800284268515177421577
0.12787297141791906240904
0.12750594575620838311281
0.12690209420727563416342
0.12600621465396077969245
0.12479121477754517854919
0.12320605298305319086349
0.12274725973546896096167
0.12076011275567101466155
0.12440199145370911537611
0.12571066386556759009174
0.12668704180981482654289
0.12736483527288219863571
0.12767152820538701929465
0.12699745904962880804767
0.12644024824993008171425
0.12538229205177645053659
0.12399298863822140470692
0.12226575048852160454427
0.12022670946270334890738
0.11790819963558717142771
0.11731200916252139399010
0.11482918207006875821463
0.11966439895803751558567
0.12176876709221953754003
0.12356402671245483859686
0.12504504327776497230040
0.12588918978992058583799
0.12432266897942824412926
0.12311988082524900900427
0.12124842121929642335676
0.11909233782174016846866
0.11672733676640281719195
0.11421147573153529741763
0.11360964132890866151726
0.11112064448645900260892
0.11612615360021366628374
0.11853059611223815128511
0.12072038222921023520318
0.12227163721282915953559
0.11980447486565330705854
0.11795275820757528117966
0.11552831307537622662629
0.11301243649842926397575
0.11054441513383811424021
0.10822977684269896592184
0.10772213016285868414368
0.10572693154710106899774
0.10998733813397777725474
0.11243191470417968069739
0.11492660777335933497412
0.11702899043727375827384
0.11407388220367933873156
0.11186838301551886576402
0.10944901432550625808293
0.10722552734678383878908
0.10530892672285305233792
0.10376668328051961986969
0.10347710031060156077309
0.10249227094876924015754
0.10492873613862294113197
0.10676418261048004065827
0.10894689788012910935944
0.11111789491704585075560
0.10836214820708781059189
0.10635303699130252419458
0.10457813654579298234815
0.10322368315922454684586
0.10233881915599676859507
0.10197484735513408227181
0.10197565923290219380704
0.10226048990052509501947
0.10222583692945724775925
0.10299840567836539284574
0.10425298453547550414644
0.10594461508151128970034
0.10398097099772339590995
0.10281016789252681031819
0.10214547625936598596041
0.10201355428368757971569
0.10241591364238786243668
0.10333092275191280151603
0.10364343359450524373333
0.10511968133044909123885
0.10261728711051236462293
0.10209105060272585796532
0.10210774871398425878155
0.10266190553713995525786
0.10210657306062753679754
0.10220482700150558541541
0.10283964756115468452968
0.10397481109437108071081
0.10555416228784993137868
0.10746362951550009201540
0.10799063741859296627901
0.11017633042470402482405
0.10602205913079408572397
0.10435501623865944820224
0.10310627785319416427345
0.10235586624665239663390
0.10339862831613634563954
0.10474082338027164429395
0.10650195592178444969900
0.10854971355359611939750
0.11075903445487068899045
0.11303039054279707953388
0.11364510719600906529791
0.11585091839460134877093
0.11135740205368668820363
0.10910820832343480490945
0.10699700692908316324026
0.10518055541462492663563
0.10751984965201190347361
0.10967330944518610680305
0.11195437736428183461701
0.11424319804801445765730
0.11643811362948318366417
0.11847026187753489923082
0.11901767077402100603045
0.12080452796738863630033
0.11703643473489591664283
0.11485247457230993162192
0.11255060422121622443203
0.11025548788137516653673
0.11315206590692467036874
0.11544454000306919594365
0.11760937778805939657456
0.11955773537286921992528
0.12131316757537524697597
0.12283640681128463190142
0.12328910305627927002092
0.12456922051636670767394
0.12181041127934580381442
0.12008784726666769937520
0.11816388761068605250948
0.11602954318032586422671
0.11532225385488126256917
0.11799512364388418939054
0.11871008591270833243403
0.12060703114585272222037
0.12228075698465128151593
0.12372401483888952056223
0.12496187080517270895363
0.12602128029052991897707
0.12635563957801457246610
0.12719259325013862471643
0.12533655648421712647256
0.12414475627461016293829
0.12273403356499273941793
0.12110577459443586101351
0.12040194831267765629423
0.12253260495787200723417
0.12317039136357468831484
0.12452983133418189798380
0.12569869354871679445473
0.12667411087711033523817
0.12746058648243205335682
0.12803055922653372444842
0.12821047271092253505564
0.12843604601627328642977
0.12770645678027023328660
0.12697204647671911370566
0.12604647294012696900900
0.12491849006333866078933
0.12434566835413381202802
0.12585922620489509160535
0.12636488969834905327083
0.12725215750286916760459
0.12792756969723809157280
0.12836371933328913352845
0.12850499737361698038285
0.12828017841118327657668
0.12820695216173669250814
0.12743338004113552441865
0.12854042815025049084632
0.12849046052417778529531
0.12812880190717679251833
0.12750483999803363666103
0.12709160678036565683691
0.12801937179432543167934
0.12830170782340172275227
0.12858739314885114790599
0.12854259248126373438303
0.12809755117297191850945
0.12719468443948930835852
0.12580874320893808970823
0.12538820794643995570894
0.12336708723969298795442
0.12692189528447328505933
0.12794979021244137773472
0.12850903183351061742634
0.12865434670344463863323
0.12857074907845245093085
0.12864539058122187453748
0.12844178032141134737643
0.12775824940897020920438
0.12660417876394802760842
0.12493387050367719959265
0.12277080102961171470533
0.12018300232074101419055
0.11941004203649835391232
0.11638568971196032453275
0.12213910918559862939237
0.12442799782879952752435
0.12623216024863503914588
0.12753288423802505713311
0.12811930675286856140538
0.12687671925392862704030
0.12583277825362765289796
0.12388631852648714082310
0.12145859856246950247982
0.11861392311316347469852
0.11548111127843573020524
0.11455766196156705327702
0.11115694449269118704304
0.11780882486396708486165
0.12074162919050582254421
0.12330217143863961282158
0.12487636099127012723198
0.12209726994737619965026
0.11998542820062219060873
0.11695955964068753540896
0.11360094294653365343262
0.11013528040166736809979
0.10663417432089405956219
0.10554186253543992868309
0.10206741690531906385786
0.10909780325151303970177
0.11263849809876548546672
0.11606977223951642219646
0.11860200672782954256501
0.11455894919164270884249
0.11165025240208654999652
0.10804091356498914111572
0.10446068818208964490424
0.10093660475186372327272
0.09754237857533216982109
0.09638811896375575061224
0.09299479398490186066173
0.09981049309285969228789
0.10333347015820053271806
0.10698179971451120262582
0.11012987246367268723279
0.10551994501319769681480
0.10220352168613595911228
0.09864419624377603057486
0.09519873444253568184337
0.09177116678853941555971
0.08833475231040764652501
0.08703527246299178066202
0.08342170456616003482164
0.09055274924174711026481
0.09400339767393800505246
0.09747739477772779381759
0.10086101536388804300604
0.09622486310022337896442
0.09277982401455980854266
0.08930233621676442190562
0.08571609180192595045522
0.08200416195403854857648
0.07801864998519583704883
0.07648371398015969824247
0.07211000758089221307490
0.08056998805986105571808
0.08439131917632890222958
0.08803271734273954152172
0.09155747330341826306643
0.08672870702836776857225
0.08303214600801245293127
0.07915568402472837605810
0.07497514842642585830568
0.07050275261748355226654
0.06568553735021992467935
0.06395234456458913363530
0.06884196125259910148397
0.07340454307128806143989
0.07766898862029572581100
0.08166697372660886022899
0.07619800150476983835457
0.07182263735867450149541
0.06716252293732567768547
0.06224855151774983524904
0.05711330605546234562286
0.05537056575479572945175
0.06050395891801035180846
0.06549605768231793467837
0.07027049905110591132562
0.06381787349092901684422
0.05876564464012794253289
0.05359322253533996271990
0.04675361548730999627921
0.05186272682493016372707
0.05705246806306821238941
0.05014510104096393805495
0.04502130944359967329449
0.03867133745909771130878
0.04337101178130291223578
0.03845307296375278377498
0.03717168675479650546967
0.03306436337168600775316
