0.06619692160687366822014
0.06506911636666026788056
0.07301255748603711903666
0.07194012515853602518501
0.07887909717136865062059
0.07083339917195616286527
0.07797401426617271702479
0.08342738817340519807964
0.08277555547855489082032
0.08650411571690679035651
0.07706148058495135289014
0.06975918587312587848537
0.07609367948729636732530
0.08209293979722018241851
0.08611943591317407220576
0.08823696493444477262358
0.08806266857468697528688
0.08897058859115523909988
0.08567346192207653254869
0.08134445635116535622267
0.07506778946262934737454
0.07404556591040208080035
0.08055050966103352583225
0.08519557937157842819609
0.08785053934420623822366
0.08893916258855170953179
0.08916002313686059721487
0.08917871050464895588128
0.08888518051092761385057
0.08760760643621792742586
0.08464635643230340733556
0.07970181142558604991954
0.07917399094167368311936
0.08405542492860813841293
0.08731442965219465834892
0.08881102897388494510356
0.08919611708093633239969
0.08922476821546081182657
0.08923619669491733574773
0.08936428161289734772854
0.08920695512764094392555
0.08870551088212455526083
0.08697476528165150322369
0.08353086365702866444849
0.08659205137361984661037
0.08857376565298588633190
0.08920857794756159586669
0.08925409427499013392815
0.08933475107019407668307
0.08967631690035510194647
0.08961036115726163375772
0.09007148401373066270992
0.08931386759967187283227
0.08927722214079228391093
0.08919983902655742591392
0.08840827154308154856022
0.08917405344588727467148
0.08930314504436623335160
0.08930307323502979788277
0.08955027152546160551516
0.08999966864408948108434
0.09040317573126385730653
0.09035514602035676912095
0.09058583589089956589202
0.08992497596262152836921
0.08949523096576569858307
0.08930220368266439390226
0.08932971695996291816577
0.08931117350607388483130
0.08944747819288041690289
0.08984976587621250343485
0.09030011021827959172281
0.09057104595586913664551
0.09064002124445716401802
0.09064407857328751760839
0.09066554047230636348420
0.09054920335246055551615
0.09023884381804875287614
0.08977437862384798905602
0.08940957678744682057825
0.08970337992473036148322
0.09016999784393718575526
0.09052025865363728940327
0.09064653924151684638577
0.09066474884928113486815
0.09076305559907865694314
0.09073855028716314163884
0.09096097362652905138347
0.09066738710135469059281
0.09064579795225072289533
0.09048268600586317766954
0.09009574126609136424104
0.09043738089053666995287
0.09063982172891274502469
0.09067182728279039871655
0.09072075964541011228182
0.09091436437734008724210
0.09119805787773084537751
0.09114483426334046844985
0.09136314087537222849988
0.09087126684783086716379
0.09070796842851609753655
0.09067769084375885968452
0.09062901003980201874999
0.09058165223382452779788
0.09067712380759936074970
0.09068428586155299897520
0.09070070505110616743139
0.09083340046832315273218
0.09109326916779163230142
0.09132939001520812283275
0.09137702087234861325626
0.09137273356027648951727
0.09123857283246442073654
0.09129057687382567676249
0.09104183360601801611178
0.09080075824617102331349
0.09069869019989673653015
0.09069386763991008071351
0.09072858241604751794451
0.09077456127099615967868
0.09099188419819333184524
0.09124795669071324166755
0.09136322893804567357723
0.09125890254506328902462
0.09103195674916061963522
0.09105829286957611845565
0.09087625642858912500266
0.09127629266529864449087
0.09134777540780854299118
0.09120200850075577125864
0.09094494934979147071630
0.09084483931668045630925
0.09103306994109487682021
0.09115461066701885384234
0.09132595378292429622036
0.09128992619567627420096
0.09108480475246581720139
0.09088665526774367120488
0.09085601550935062942216
0.09083946229392143856263
0.09097549851545182197921
0.09089996387048775161599
0.09111121982941813857160
0.09129893293041421720169
0.09130007113255131367957
0.09122023222753650184558
0.09131263795209891565019
0.09130282476769431554420
0.09113868426464524774566
0.09091863960505916497645
0.09082780130073317415018
0.09093951202752678653063
0.09116613535062431661338
0.09112877843698423407925
0.09133636018506852138898
0.09090626510714422403581
0.09082161283912827676179
0.09094005823695025525488
0.09116395891183425026494
0.09126529839295614843220
0.09110423465559300271188
0.09096633220139302422602
0.09082041855606880209617
0.09087485537684494851796
0.09108827698140284367945
0.09131255033537945264843
0.09142711556461642630200
0.09142302006962595151141
0.09144156356094983173488
0.09128510945456662362130
0.09104764971194420630773
0.09084792461450472145224
0.09082531148824085631688
0.09091871752099527081992
0.09080847903758181016709
0.09082520372068718372827
0.09100744837170603174226
0.09125217365122247070719
0.09141540842547439538190
0.09145049697404127042599
0.09142669017926439989363
0.09143556264561827906512
0.09142962360707464208875
0.09145750797980646551455
0.09140299243018062957944
0.09121737722003842030460
0.09096719592161180145684
0.09083501423816056630223
0.09098655700044570859841
0.09117856981391091186762
0.09138621892195036844342
0.09146282522309730211862
0.09144567871035660933110
0.09143025939065467511124
0.09145762746285300559546
0.09145237402679387561655
0.09147278251547034944036
0.09143314898002219415218
0.09145647257877981273211
0.09146514385385610956813
0.09136512023806671323189
0.09119532369099424273795
0.09137334570496648267213
0.09146402751525258001397
0.09146698730312065317438
0.09143816531513636325368
0.09144810479286967497270
0.09147180432581847320250
0.09142301146709055914563
0.09143651015562935524539
0.09146920484922552163631
0.09144460428357752135309
0.09144517422724474098317
0.09147799219791769020915
0.09146953449532010949063
0.09148568633727019450141
0.09145452626381785077303
0.09144292166095115137470
0.09146580998403558426801
0.09144684785372482471733
0.09131772854851752385663
0.09134302626376412936882
0.09114281121155365372744
0.09145425875886030453454
0.09146197202149837501839
0.09144411339601758725859
0.09146258126376415054093
0.09144736808483164280936
0.09145835459354059726600
0.09145913619980247655228
0.09136666586174613247096
0.09117558285250058902616
0.09099232238858737109588
0.09101159493237248598874
0.09095346989044153507287
0.09120696482383999770249
0.09138795818102649071157
0.09146260023499523661439
0.09145589664543998797974
0.09146439351488289126735
0.09140666229740503079260
0.09123962619986555888651
0.09103552575448041472850
0.09094521685957153434021
0.09107130619673167726269
0.09103026802545714779580
0.09131235577956048343751
0.09094285364992474307577
0.09106285148985679422928
0.09127066695106192395492
0.09142292802301582588242
0.09130249678708465821408
0.09109449764492925927239
0.09094758164298462344011
0.09099640398862025858495
0.09125175158256171314974
0.09158324500898573639063
0.09152554719920498460528
0.09178245908285073695332
0.09119545460389279212254
0.09096934209667903448171
0.09095959476928844322785
0.09112834941864619842100
0.09097685576218725311826
0.09094897297360801657895
0.09114245426670258831692
0.09146645018797475157335
0.09174509101438071967394
0.09185303021307272830498
0.09184133779910443051708
0.09180634752582379765062
0.09170237208323561706180
0.09140539131794882254933
0.09109324780059918635899
0.09093645265412160505480
0.09105014622748769381744
0.09134511356734414944114
0.09165572691618620315701
0.09182496244790208650421
0.09181262910679614808185
0.09170827466298372976361
0.09171713235481322723519
0.09163277876450613701476
0.09181623833999998096633
0.09180338722783118465820
0.09160544547309620866393
0.09128504547500856936004
0.09155186082198923935849
0.09177678169343517211587
0.09181756152170006402002
0.09172739466132547037081
0.09163233203913298541288
0.09161715423552928283524
0.09160491687473461264180
0.09164793894623099457242
0.09163413041623237609290
0.09173709014615907819667
0.09181543635047696716445
0.09174501927457288930068
0.09168230804066206107716
0.09179576652731011310316
0.09180921896737154197510
0.09174692621915865597959
0.09163855226627276584495
0.09159478427045779358462
0.09163151669831048895531
0.09168315241652277847173
0.09167208346205442393018
0.09169095332923325736285
0.09161467813503459955982
0.09158635127585869339928
0.09164533271376738843284
0.09175653076941746311146
0.09178867754613441454214
0.09170267609130210162416
0.09165461174186831372346
0.09158106289087888929323
0.09159771614741625544998
0.09165866171013430097059
0.09168924308970646808170
0.09167849094409090404678
0.09168066677882928672272
0.09168771698826576332930
0.09168483114943733192082
0.09164356875150464487589
0.09158272390178406885397
0.09157884708323799083374
0.09160922120274456181832
0.09156238472055658328408
0.09156880842223531768997
0.09162769372471950279913
0.09167873650031789500847
0.09168283518440700774477
0.09168342640630645912214
0.09176059804957795162927
0.09174211840359647318621
0.09190238359267734191693
0.09168120952712653648486
0.09168408499017875745718
0.09167114745266108366550
0.09161043378262175018723
0.09157763520460129869072
0.09162714688490720960079
0.09166107546899114610905
0.09168461048481198194526
0.09168037120724005506478
0.09172714066494143392294
0.09187261589221934476868
0.09206584470349928051025
0.09203631456289029788564
0.09217276116594180779273
0.09184297499252375152068
0.09171447418143745256014
0.09168190573924336894684
0.09168430946969328976248
0.09167120273067469460315
0.09168681108627833864499
0.09168457260826420873734
0.09170555010746798962895
0.09181667524302984662032
0.09200501831592594603748
0.09215886573644951895723
0.09216051816455733680655
0.09217174962835554541396
0.09201974570375268114297
0.09214045401770860899138
0.09197234239183584014743
0.09179341787741768232678
0.09170016999067355512043
0.09168724457080111578389
0.09171011902929764036951
0.09177380696134521120833
0.09194138008769339731607
0.09211860816930984852124
0.09217802863412619118755
0.09205399254560760191612
0.09180287110804566386157
0.09184464598712556437921
0.09159626814170314379471
0.09208364302535246292969
0.09217892923925448400713
0.09209423172796209200452
0.09190986406552616172494
0.09179035818054959161572
0.09192549702514603293668
0.09206690047725187009409
0.09217503610791503987354
0.09210920676239975346533
0.09188779169389063583573
0.09162974329950403229450
0.09166635359733878163357
0.09148414571121529781372
0.09192822940479827842353
0.09213188855716911151994
0.09216659262331244883981
0.09207296226058442334406
0.09216491705555808489070
0.09214914540434880618758
0.09196802957212052431757
0.09170474858336916113011
0.09150343444318646823898
0.09143492318358371895304
0.09143636225367314518397
0.09145148507266449844355
0.09152630625606029968200
0.09174661367075503948243
0.09200543883795532507097
0.09214881601814896294744
0.09201695944319131237332
0.09178987882568231948532
0.09155380130775729596859
0.09144078182685991262879
0.09144511798431688431865
0.09147492082843503014011
0.09147146251999714594572
0.09146123420164184447678
0.09143920319706042021402
0.09144925652636379242999
0.09158601991338218006877
0.09181227620317691795471
0.09161208290079461691313
0.09146205837535564819873
0.09143505619623477909119
0.09146698502294806076840
0.09146543033649344456304
0.09141507254193308174006
0.09142054392415319141740
0.09138199366276585078328
0.09146854914382933354755
0.09146252985099351251463
0.09143318385714276075316
0.09147818138596675030527
0.09143317306318748949323
0.09145755556894728799389
0.09147121553534305615774
0.09142685229533149826597
0.09137635128494520087017
0.09141322332375818870975
0.09138769061649147651405
0.09152294915390904450625
0.09137405610410627432305
0.09143491849780693847549
0.09147320869879273230740
0.09145215306210516259533
0.09147387474443197108442
0.09144356619225367521775
0.09137684566705966959788
0.09136707886832923231069
0.09148008372242937003005
0.09166975628782414453610
0.09162243390534714759799
0.09177951145204304994607
0.09144062427698258777031
0.09135257332921084549859
0.09138259309857067747007
0.09145231612235900364727
0.09139178995792822390865
0.09134298950019754947949
0.09140509638849342310962
0.09157561948822159902939
0.09174590729573350866843
0.09179432496392804508023
0.09178351316561286776796
0.09171246703322104287803
0.09170790167060241526720
0.09152935512452636812597
0.09137426640298518254468
0.09133831316037199776758
0.09134875210412511659097
0.09148398181420011598952
0.09166731078855361314339
0.09176748083219549156908
0.09172185656065398595693
0.09159858313080410097129
0.09161193578444232210600
0.09154346458072926129290
0.09172675826880573313193
0.09174746001041961251943
0.09162385775611028848608
0.09144076837826956016819
0.09157833302690066012985
0.09172151748926207770474
0.09172897101049613810542
0.09162527456850318163806
0.09154374371431953094636
0.09161015684006829085106
0.09158941783768048683356
0.09178826522248671737625
0.09154680349992934396131
0.09163860937664725092588
0.09172629589902570046434
0.09169046386819523775102
0.09164874394469639529159
0.09171327956586744489798
0.09171867613105473548973
0.09164965264834025460150
0.09155297225043075581841
0.09157185191619308939348
0.09175341583874274675736
0.09199862514087994713741
0.09196689359283712061899
0.09213931074582829006125
0.09171899304698900856625
0.09155885232059943201754
0.09156142526289433314357
0.09165900789059468201092
0.09169179875660019019001
0.09161237079467174360126
0.09157181265008096371361
0.09154878444602339293557
0.09168773300571479711873
0.09193288740947073989229
0.09212807227496268291933
0.09214858917231401325143
0.09216173799876357930483
0.09203924512419522918627
0.09211187738394745194714
0.09189830927674404181804
0.09165937438225676969772
0.09154327126777743461883
0.09154715304001798115152
0.09156689838617326770986
0.09163228685646176985280
0.09186239261994719185189
0.09209196451856978271611
0.09217081684916694772625
0.09206611036728332142509
0.09188914338485550115099
0.09191066972192320216895
0.09178327996969352919887
0.09209269181954274352542
0.09217665234974770083198
0.09206820650182935550365
0.09182444324396445145542
0.09169819667281245423318
0.09190320879408167553670
0.09204015044386908150909
0.09217737738151562942868
0.09211918876887731366665
0.09193647984097291780969
0.09178653792850155479499
0.09175479434481970120174
0.09174035195413145216126
0.09175403983532924578892
0.09179486713341360182294
0.09196615356749042458073
0.09214326556682479740790
0.09217352920236190905179
0.09209567240714076896690
0.09219027550730674036572
0.09216535253047115905378
0.09199709647201573248232
0.09180907719411547651678
0.09172868061883777957011
0.09174001552502111800358
0.09168190765678632669911
0.09168978822138164341826
0.09145615189288960888980
0.09172349171668436884630
0.09172180886100249341819
0.09182777551314574848718
0.09203046444424259342476
0.09214849750484312151944
0.09199959368331454834244
0.09185214395517188323836
0.09171901144845681641549
0.09170691158305498136283
0.09169194149956372275057
0.09149939054204700439321
0.09153603946349826714357
0.09114827825819800388718
0.09168960849369808818743
0.09169046821714257888836
0.09172089352132752060331
0.09182638701751423548902
0.09170423024211857288002
0.09167539085600705239809
0.09168141846685043394594
0.09156480937816099952009
0.09121503181418548489301
0.09071345430027434597609
0.09078666910795982203375
0.09032519005394132327602
0.09127763936937124955584
0.09158698042233860692196
0.09166904222419569592262
0.09166152926386131327696
0.09165436411527819182687
0.09160139544575292280815
0.09133440154990442316763
0.09086361476803996028995
0.09037690421950377028804
0.09006869959501748179598
0.09008804186391840274073
0.08987651779079612601731
0.09043769380024305193366
0.09093790491664807684735
0.09138529401092711224042
0.09159248934536409758600
0.09139701743794588495451
0.09101158458781219429135
0.09050192227072671735666
0.09011403821997195084936
0.08988438475723986575971
0.08949486057102790104167
0.08955126546197732240184
0.08854179082392514554822
0.08989410239204564945226
0.09014790606605772860238
0.09057182644331078502642
0.09105514273017439874636
0.09063377225200806852623
0.09018866541182793405973
0.08990457225708237132267
0.08959470960848678333655
0.08871779182176592337683
0.08659130701198981816535
0.08695835137305321649315
0.08337159425137256885119
0.08886970390795186081068
0.08962890257112357539349
0.08991866598112077668681
0.09023861833590536563054
0.08993770633954026316736
0.08965458890250461998495
0.08900451601833647696793
0.08730776418185559606400
0.08398965275511313666179
0.07879466944346472101479
0.07961353491420986028260
0.08454905507795407171301
0.08760607188546511159277
0.08910829506093273510992
0.08967634551961999045400
0.08919827949035734337979
0.08787301736110603167518
0.08506872625787979813605
0.08043049201718460716748
0.07402787301332390546005
0.07503103968999604023171
0.08119020040522316461473
0.08556218045261569649096
0.08811919335127658958751
0.08601404914378303623312
0.08192060975544118717195
0.07598070969111582473321
0.06973523725295921460443
0.07693918819984191248551
0.08262844620651885185758
0.07787001134349091913123
0.07078020843657543970107
0.06392031433686942709649
0.07187118329100636304752
0.06749520185129810612157
0.06507631560140612891896
0.06074124528745296347498
0.06620790026137378381232
0.06508070248455354034345
0.07302464387559852443399
0.07195291505523038200209
0.07889213003971479176712
0.07084628599655393155210
0.07798785543212100046517
0.08344114662498297585458
0.08279022552068525386826
0.08651835485871117725765
0.07707548335625427626816
0.06977208050720003218448
0.07610774193157666955845
0.08210783850329668454027
0.08613467330178743719404
0.08825146172347848871897
0.08807822342772585189064
0.08898517764980337640957
0.08568899163734577939522
0.08135948597496446554889
0.07508190420919466645522
0.07405918362622711248466
0.08056565246509798938757
0.08521131660952761810446
0.08786644464855192238062
0.08895484547667001362647
0.08917461493183763410197
0.08919440843358418524733
0.08890125364242094929690
0.08762378416278515658178
0.08466226539465808442753
0.07971648355090359128194
0.07918798133063724431491
0.08407091398026200756988
0.08733083602129376732393
0.08882742350697811484217
0.08921222661616297344711
0.08924044624620917909308
0.08925229366144825371432
0.08937995541797971732478
0.08922341705342029527515
0.08872217485924913105144
0.08699080808935867603626
0.08354561558647889685236
0.08660734060646066434508
0.08859011928614417274996
0.08922533179468489228370
0.08927055869701013002260
0.08935084651093919139164
0.08969201647860852721905
0.08962648702568619396569
0.09008722350907485965088
0.08933033615794254422848
0.08929398335214602799859
0.08921632405389406939022
0.08842390002247003943925
0.08918983654079053191577
0.08931966572051286412659
0.08931983370018745094221
0.08956677594191972402449
0.09001584466469754464146
0.09041894319053574158307
0.09037136589403291231370
0.09060160439702254209227
0.08994154147696115098043
0.08951202210262616809633
0.08931874051203897435514
0.08934554531638029539753
0.08932701562215454582638
0.08946405768683113324258
0.08986661763899832233715
0.09031673673840977245586
0.09058728510601753158848
0.09065576808105256512160
0.09066031138412762591106
0.09068126062016849953107
0.09056586680468264871635
0.09025576187007172679344
0.08979103433528766442517
0.08942545283581701531794
0.08971932538135761470155
0.09018674278793174792224
0.09053722226919706794757
0.09066321062051921342295
0.09068096543444978396842
0.09077876119588859649134
0.09075476002135680897442
0.09097668120456725571188
0.09068405228404670392894
0.09066277841062221620749
0.09049950470724661688582
0.09011177230982339581011
0.09045348834213114141978
0.09065668524800205019254
0.09068880565272162408430
0.09073742412334627471804
0.09093058556996036490006
0.09121377363107964486577
0.09116107696470394927690
0.09137885232787310019198
0.09088794799025962101169
0.09072494601343766840174
0.09069457615963774643753
0.09064516639596111036159
0.09059750295332029412787
0.09069297360812751673809
0.09070046717462813823385
0.09071760918698555664630
0.09085039363361416264731
0.09110997907231761783198
0.09134564573131524756189
0.09139270181942554804877
0.09138897674133582282874
0.09125419659682960926705
0.09130731024642882442954
0.09105885793715169651552
0.09081769583623398867100
0.09071488840632682681964
0.09070970319721399777180
0.09074440665171007447398
0.09079078729177361695157
0.09100887198918752862831
0.09126501165828065920138
0.09137996250618551918876
0.09127510520619065703674
0.09104751126156673812773
0.09107444020572713627715
0.09089175049582932930381
0.09129299713241810498854
0.09136484111901059523841
0.09121904902260388747770
0.09096121827022203565338
0.09086066694649404251738
0.09104891494874910173873
0.09117093025999489785960
0.09134303104224400504663
0.09130697242491736531633
0.09110145996022965542149
0.09090275237116035578211
0.09087147233723900929814
0.09085553083760194992280
0.09099094155789490268038
0.09091657023547873583968
0.09112822357111476090363
0.09131601858988593056754
0.09131642951457558110562
0.09123609534416110555810
0.09132850355955549059850
0.09131919626609631690517
0.09115575332008925280025
0.09093559902272844996940
0.09084437931114680564448
0.09095557776044287112693
0.09118157597901993538514
0.09114485732965244002557
0.09135179463184327219860
0.09092284199559987067918
0.09083854564955756716316
0.09095710265292453189367
0.09118031634856993417060
0.09128114316184529619669
0.09112004120021620356962
0.09098266590620637805920
0.09083745242195295777066
0.09089178867838890174546
0.09110487084122870227176
0.09132864157423457862617
0.09144253047958818270136
0.09143911022732402471558
0.09145694597955253413168
0.09130172200572896079596
0.09106460565392625328140
0.09086497515262709212536
0.09084163085597514453173
0.09093448390369977818448
0.09082421986694561022446
0.09084153445162565509996
0.09102454065766935054071
0.09126915885345303347531
0.09143202699585803450155
0.09146657088575259331176
0.09144203465198307012596
0.09145161305297574982909
0.09144493281551137331409
0.09147411619335246713014
0.09141999661824889988893
0.09123451987822571440656
0.09098356210491044537836
0.09085075499204073312676
0.09100232165926901151121
0.09119498422239874502182
0.09140340349255000884643
0.09147983105456741759198
0.09146226656635837726217
0.09144628826986805902877
0.09147290571886712573502
0.09146838580540882224224
0.09148802782975890002248
0.09144971522044617606717
0.09147346747661229404702
0.09148235300939426550837
0.09138157802210584990110
0.09121112483653316671539
0.09138917995969994545469
0.09148051344836133358385
0.09148420656702475894928
0.09145514709676169640140
0.09146465367272857416303
0.09148779809711139743289
0.09143821268252232126184
0.09145247616315178851298
0.09148573741650604940201
0.09146157784780717392437
0.09146239888357082792325
0.09149448972430793136645
0.09148538968421288108956
0.09150155099187130824934
0.09147102869300717531420
0.09146015453843470144335
0.09148277792089759552496
0.09146335604096478277825
0.09133365241816623902871
0.09135949458881004181521
0.09115868316799267956352
0.09147121441550203069237
0.09147921631052963187258
0.09146062255474168845026
0.09147845119954543802177
0.09146324714402392919155
0.09147487560420719532317
0.09147638769552861315315
0.09138359493740706718246
0.09119199922484332032635
0.09100814624122351148561
0.09102795965426235813567
0.09096926454668992356734
0.09122385441471932143731
0.09140520409793295719680
0.09147913080351374737198
0.09147179031279797922771
0.09148030635289321199632
0.09142319109291441314724
0.09125685076986142507671
0.09105237364821577861207
0.09096154746410300973025
0.09108709899626993289345
0.09104659144027656136888
0.09132816810380189886942
0.09095967422481969488768
0.09108004851220237452214
0.09128717885740741944112
0.09143885426271111671603
0.09131842285504179757005
0.09111098638787185066690
0.09096476247310787688338
0.09101322359996763533552
0.09126809112531696077664
0.09159908137146492712599
0.09154191164216196607839
0.09179830635238762914785
0.09121230069209380897366
0.09098653246738984401443
0.09097606701557123254354
0.09114426562033514644945
0.09099276552924016880919
0.09096545036711882470382
0.09115968220240837360802
0.09148333611823571132060
0.09176147058995841321316
0.09186886604257513133653
0.09185771020973521050479
0.09182215175541030838247
0.09171929081772046965515
0.09142267304199862276715
0.09110975778336991015571
0.09095237545310522198072
0.09106610976006739022193
0.09136167613677069476719
0.09167305936776887209660
0.09184189253822276632899
0.09182897121333567780344
0.09172403816029314760350
0.09173343179828219451366
0.09164850483514072609914
0.09183315582516390906953
0.09182075098241121446918
0.09162206140059925285613
0.09130107072385609812137
0.09156795314238956595698
0.09179343493455008329285
0.09183493127981597059506
0.09174428469308286426820
0.09164859067201602815800
0.09163285277680049967231
0.09162114497784679123527
0.09166361793178760819512
0.09165099210821059383392
0.09175444684146648322010
0.09183210184962779798479
0.09176116557219771152631
0.09169845653158860410148
0.09181196058827789663326
0.09182539706263224965621
0.09176358443890866856130
0.09165589169453232376572
0.09161162715055355676430
0.09164772334763623962139
0.09169881246557110010542
0.09168827030765468177886
0.09170658913687002034010
0.09163151282865117375209
0.09160368210797523169653
0.09166197746105281263240
0.09177272018000406927918
0.09180489550734785564323
0.09171890313465880240074
0.09167080335551562597640
0.09159770134728725810014
0.09161505022548273313721
0.09167549255532671248492
0.09170540586864660281829
0.09169409848469797785775
0.09169680103339589161138
0.09170329985817668450032
0.09170165523436851762185
0.09166091181147562050313
0.09159936646968433460181
0.09159504499172868574597
0.09162545450438493166434
0.09157863220118943325954
0.09158502457437008026364
0.09164434839633943397086
0.09169608567675099908278
0.09169964695205687355006
0.09169953385764735565022
0.09177616706530312973289
0.09175820808131342209979
0.09191794993606904051742
0.09169800840661231078332
0.09170143393138342757798
0.09168781377083901062974
0.09162667773563150375171
0.09159390645777333583855
0.09164344596839368861652
0.09167734867638731299788
0.09170128333319486901853
0.09169771839771349852821
0.09174393554224848090772
0.09188869995859660910753
0.09208141126122196262749
0.09205239881338848906278
0.09218831799288443318297
0.09185977881332788030910
0.09173182634259574586011
0.09169858092729266108023
0.09170060635036340890291
0.09168752667015592217048
0.09170315311183581397092
0.09170088944082406545721
0.09172223221820208216570
0.09183404415759102712435
0.09202183916701384136516
0.09217494305623238903813
0.09217604518494355858582
0.09218780016973338042874
0.09203522105294896504812
0.09215728625067642898472
0.09198973744151632547794
0.09181011836183752827800
0.09171651001366973310347
0.09170360032511086501028
0.09172648953144556249750
0.09179018038090541731222
0.09195811027372274848446
0.09213602783145044550217
0.09219485439930716341728
0.09206999301069149210797
0.09181828139754159845420
0.09186058048428442923683
0.09161161476551163418414
0.09210043832048338263707
0.09219635668282488705216
0.09211099181967084825740
0.09192628133276699309295
0.09180675087493571362440
0.09194191900668699513055
0.09208336529803583248022
0.09219181267575513039070
0.09212661635248459157665
0.09190453803025186441111
0.09164561131434527385675
0.09168304593911440203424
0.09149995895797620459877
0.09194559932744264529880
0.09214865893733908963625
0.09218309525350934507948
0.09208941382841537293125
0.09218138550615723181281
0.09216566491132542615627
0.09198477199797282233273
0.09172207051127924393175
0.09152008301611003204812
0.09145069775111136500811
0.09145298464761247858590
0.09146723220282264310566
0.09154358847157607892431
0.09176331733236178789248
0.09202195212921560063535
0.09216527874706147149819
0.09203339336656574110052
0.09180637226165946906953
0.09157047119209704710840
0.09145804120042581863981
0.09146172834072591184551
0.09149064178992867557572
0.09148806342540909131156
0.09147692252296590886829
0.09145645454641863902889
0.09146590796740430850953
0.09160249614998312861491
0.09182866595322368430399
0.09162842722262709571623
0.09147853169000771944575
0.09145170593762566579876
0.09148423329122955249826
0.09148201539214639854691
0.09143072219701951774962
0.09143710592374587609044
0.09139760659145351739951
0.09148578938419241191049
0.09147918588221198854527
0.09144967144337255715580
0.09149448468502016651449
0.09144948231486871303986
0.09147406625095973187189
0.09148787383530453121150
0.09144407588890787752511
0.09139289070821474125772
0.09142881067056650434832
0.09140421730123661492318
0.09153852433797145249361
0.09139125993887924070957
0.09145157016959810925005
0.09148974076195644233866
0.09146847925463925943479
0.09149021869965438813477
0.09146011132694058243242
0.09139348704311413273960
0.09138427089001795178280
0.09149661153102303656759
0.09168532526663089599062
0.09163897146686199313148
0.09179506732117438672081
0.09145781937032609887339
0.09136921092687680379107
0.09139914582277679222511
0.09146866879866930033494
0.09140814433310040509895
0.09135955225881234320617
0.09142174381784803904871
0.09159282893669297431760
0.09176245141046925068995
0.09180985172770862734470
0.09180004842075925597378
0.09172794863942183851702
0.09172512424972315003835
0.09154602507562861757329
0.09139085180622116832971
0.09135466965351875245904
0.09136512296969158397619
0.09150060421827764522984
0.09168400577209927237998
0.09178470168889564517745
0.09173836411414552916010
0.09161401410915205600904
0.09162840656034516861883
0.09155885445438290137776
0.09174395828860748558498
0.09176416961136499295115
0.09164052247870348166803
0.09145716708880893830447
0.09159476740039385056491
0.09173821596808176548343
0.09174567737773173248250
0.09164244245298047708559
0.09156018539716478943369
0.09162552596006769134451
0.09160585096010269434696
0.09180363248100568973609
0.09156394261846689808237
0.09165529909846002742935
0.09174301087852750058449
0.09170692837666283292464
0.09166486697364077673722
0.09172938909136674201505
0.09173515664606902986211
0.09166636897601454503359
0.09156964552615139141256
0.09158898092151754322110
0.09176986091225572406138
0.09201399595136047770971
0.09198335881521620127632
0.09215467302467685029033
0.09173613445750035400028
0.09157552611340470660739
0.09157814054250026924997
0.09167548763328629835012
0.09170788004317187436243
0.09162841350074141244519
0.09158828647045196003074
0.09156551204585987313589
0.09170443024560029354753
0.09195005318033228070007
0.09214454801616606127723
0.09216392065363995800276
0.09217820148045684225391
0.09205452630968927185684
0.09212906066230018564678
0.09191504409113311624413
0.09167613637774683910120
0.09155974858341199562606
0.09156316018508260656805
0.09158288644726314542410
0.09164878953661513560913
0.09187920495560188138828
0.09210873352309056905085
0.09218799472649123749601
0.09208253829338189366815
0.09190436789823455687731
0.09192705069801958284170
0.09179845509493962663061
0.09210983765732430605944
0.09219343571207545828816
0.09208506978032453271776
0.09184098940193699545098
0.09171418660042084114448
0.09191921410597543584675
0.09205674449868800346408
0.09219427383602595005296
0.09213596099455120813637
0.09195357891529626348515
0.09180287707042342204566
0.09176993254367059316134
0.09175666323396337864526
0.09176914571588400126867
0.09181192228247388176232
0.09198289710596764534589
0.09216016789979923629073
0.09219015499525926027324
0.09211169243037069243041
0.09220629501038667130697
0.09218198496629295690674
0.09201398335583030330120
0.09182579109828437058383
0.09174570525116472474725
0.09175630704328083253607
0.09169696985384681586773
0.09170605056004586808083
0.09147114533800498881178
0.09174049602886122367629
0.09173850511502795734842
0.09184464238792898471697
0.09204708058948010696021
0.09216449527956187270927
0.09201555254254208116027
0.09186873611142895579285
0.09173586940318760596380
0.09172360402648917221402
0.09170892030194466304494
0.09151559817639731697625
0.09155296986507183154558
0.09116440272794884558394
0.09170629692899119611571
0.09170733133627352595685
0.09173746880181435359169
0.09184230415460736818289
0.09172011700512482101910
0.09169196507149024455430
0.09169828924587972163174
0.09158147362875218577827
0.09123188290922067122946
0.09072948109830730745173
0.09080342031049769280227
0.09034112716362141526361
0.09129424925424126091578
0.09160384274448733765706
0.09168562259270267300604
0.09167740171752364330970
0.09167023039463734201959
0.09161797105481499225998
0.09135122631963975281533
0.09088014782460386575824
0.09039355872070432840193
0.09008456959647058448493
0.09010462199502042301980
0.08989233192581061460125
0.09045414790172882912866
0.09095466512630145938800
0.09140183713868531290014
0.09160834121722276346400
0.09141283374285234797352
0.09102806660643501801555
0.09051860946412543240669
0.09013043163445179362103
0.08990090616897969399979
0.08951058567003439270238
0.08956770384104285886995
0.08855732635667214192043
0.08991045365792463273102
0.09016453453100752024607
0.09058823546002467419491
0.09107090021682941183290
0.09064945847230569675457
0.09020501231893840454745
0.08992116226318458416245
0.08961100436155700066365
0.08873405485550456273103
0.08660647823404349354703
0.08697426970889454711511
0.08338617956780375317649
0.08888586483679505878541
0.08964544781624138314324
0.08993497085758725417826
0.09025424200757707626774
0.08995330224673332708551
0.08967085262719155791533
0.08902095107842414312138
0.08732363935441636582091
0.08400500657466118681338
0.07880843342701947251694
0.07962806790840912252172
0.08456442653742629600444
0.08762225310455766524864
0.08912446609299308486474
0.08969192047500863795850
0.08921379616165375781023
0.08788897088331414086948
0.08508444244833762715174
0.08044511225312328539516
0.07404136659668415776370
0.07504467638923621730651
0.08120520354804819374017
0.08557772083054436540461
0.08813454574807766395139
0.08602905739424793196690
0.08193549452680617961597
0.07599475288943245698814
0.06974812778440127314372
0.07695317277346211404243
0.08264288524893295684315
0.07788363948776523548734
0.07079307826480669973979
0.06393194136552966810871
0.07188378014824947648265
0.06750692056749381386727
0.06508773789000213416678
0.06075179403249503923279
