0.05398366256344216268515
0.05268686657344859997076
0.06116270179054684313913
0.05995977854705891729736
0.06719597591790131552170
0.05871277444552072677375
0.06620320798888600088983
0.07171833736365509914812
0.07102069043852311802656
0.07459544581178412236966
0.06519423161451767811947
0.05749256498636264728352
0.06412075990660727475845
0.07028362039049058929141
0.07420117531925499165801
0.07599082066880900876438
0.07583615475184041221368
0.07630136080611077398217
0.07373987913020771389760
0.06947217203510164251767
0.06297889558145494670605
0.06183298747230468739300
0.06860614109508492153289
0.07323770128492967934619
0.07563905107153108542395
0.07630462878209505472871
0.07604848659764283647089
0.07610798337262905666201
0.07628607264256179187889
0.07540376459584106905165
0.07265766793507388854323
0.06767634303248445948320
0.06707096854569925825640
0.07202706966160608847982
0.07511389424739702003198
0.07624235114868817275724
0.07616313911464249464256
0.07575225318982342637142
0.07579717360340650078587
0.07557478343279167010138
0.07621480978732440847434
0.07616616569496548194707
0.07477088237266579784368
0.07145396551271049334630
0.07437730111643665875665
0.07605735290708033613516
0.07625732549621333511425
0.07584990050349728341050
0.07556538342407544128765
0.07567099213641238775185
0.07561349159248142992595
0.07593036716397330576633
0.07556815596539427637435
0.07590943045647717546398
0.07628529757807776812140
0.07591017096840481370723
0.07629657431358236041596
0.07597424809780092824774
0.07558278413258019690080
0.07556283220869061678648
0.07586098693300320772170
0.07617441769462189593565
0.07612851279688416517022
0.07629330268014321292380
0.07578893585897762685821
0.07551986252583224590307
0.07561099674606508447283
0.07604072849893209196104
0.07564987139112881731062
0.07548663797185727053485
0.07571657920666818863964
0.07607497107341275321968
0.07628308757486078339749
0.07630407437396032055421
0.07631346219067121350310
0.07631748923557565844611
0.07626510494976400378331
0.07601423289558430218538
0.07564506481866831166805
0.07546458645242382079488
0.07557818335730343006773
0.07594553610528942400038
0.07623875884360832577702
0.07632098918310986634950
0.07631843148376259156063
0.07644449280841845995038
0.07641515612727062256582
0.07671043620528796014302
0.07632334036704951918395
0.07632473335884830401010
0.07620306221149042436025
0.07587103983853017707961
0.07615831715688679837140
0.07632289570267043743446
0.07633083031090712178290
0.07639394004326188758469
0.07665360943645647961997
0.07703470726975908400291
0.07696920950763318225452
0.07727842784905818163121
0.07660113203501378587035
0.07637882550137503612220
0.07634002360357221295128
0.07631512711177367014326
0.07627737796379041590455
0.07634883848660445337941
0.07634993761153810454267
0.07637013904488444693275
0.07655478024920690793831
0.07690621733256444714222
0.07723639098170582972802
0.07734287790836560927410
0.07733584974879334494879
0.07722195864796246866923
0.07718803795328585404256
0.07684288092230236177915
0.07651436632200560306050
0.07636765598298042578840
0.07635897353639396756275
0.07641476668436052166467
0.07648179358880843881074
0.07678143607108045554099
0.07713492387112248771519
0.07732225329281691705852
0.07724458627072695870996
0.07701150967332451302561
0.07704173912374284727278
0.07684931966542546399879
0.07726331751354495458450
0.07730156936939075462689
0.07707798822923792037010
0.07672331798229206634154
0.07658449388060613316487
0.07685035934680350955261
0.07701890646708602072845
0.07727321230267701623884
0.07727768593917737349752
0.07707227562434430800931
0.07686165762776379917209
0.07683397747732384486241
0.07681564759064096747920
0.07697028217002374606004
0.07687779880553319289405
0.07710263036578864082049
0.07728616907658329704400
0.07723993779388704794542
0.07711927492619137514129
0.07727465493582735822642
0.07728839687369745692358
0.07713355453306676434710
0.07689969672924595878172
0.07680324658556035577472
0.07693028801759196899646
0.07717764179451400141652
0.07713700091525139967974
0.07734941198385657246117
0.07689313543378765991587
0.07679678313530237387941
0.07692475972334784917184
0.07716196239104188003832
0.07725997147791752173163
0.07710259674854544331701
0.07695533848341512550562
0.07679638022598443691802
0.07685804655009761954254
0.07709235193181067369306
0.07732554301455364653695
0.07741807138225971496315
0.07741803471076133535966
0.07738982475072103683900
0.07729700939019774896810
0.07704757216137535225098
0.07682837061000667711053
0.07680279362884925853372
0.07690537345500832178136
0.07678491529220424216540
0.07680314012856140348795
0.07700306796320727231731
0.07726248848745703723395
0.07741374571983890284788
0.07740533210934813501680
0.07732279048170380419958
0.07733874076096663996438
0.07727605916698931931563
0.07741899929431732274576
0.07740390088356199904673
0.07722517981866858227669
0.07695821520283621652858
0.07681375222171120398240
0.07697815232402481500085
0.07718315821055692083075
0.07738865555613218261133
0.07743037721680764984278
0.07735606254575605467139
0.07728234873929985815355
0.07726085569212964854202
0.07725975401289508770475
0.07723519802998611571976
0.07729096897221833517566
0.07737429871004436465753
0.07743850730368545542959
0.07736831571212772484802
0.07719870541951336095909
0.07737398376167532731973
0.07744238698687852529012
0.07739220588481940388270
0.07730256710722153978832
0.07725994144124534446227
0.07723881600129035851499
0.07713912268533951177574
0.07715914638818427429001
0.07724044840181736037987
0.07726122546540763191825
0.07731640603435872838300
0.07741066920527156502985
0.07744597382415019382051
0.07741857725830134095979
0.07733271699066625315400
0.07726445678343374368069
0.07724118624864345639125
0.07717577733014825691615
0.07698886977565293221470
0.07702248372863783332232
0.07676126829097486281572
0.07718867312911857625490
0.07724136255653855920311
0.07727095347147777681940
0.07734279337934128750742
0.07727741912201792351400
0.07724212283719611438215
0.07719865040155185487158
0.07705386060297217398762
0.07680296817910829687559
0.07657234773999184451743
0.07659706067367884341213
0.07652566554118558905806
0.07684281897655156901017
0.07708289615206755096555
0.07720715743114069107289
0.07724319286782801996516
0.07721320736992352828931
0.07710857766690050463243
0.07688467088566477980471
0.07662758844962368198761
0.07651696634616518555294
0.07667422645542298909049
0.07662602469251471315470
0.07697669230224488123859
0.07651554898524530468062
0.07666205882140883498543
0.07692393526540769466138
0.07713114147371682993715
0.07696427275843968629498
0.07670137569621640616369
0.07652227570494911368382
0.07658634317735762975232
0.07690485810772561270365
0.07732003327998805686239
0.07725139436099730250174
0.07758205737402384949419
0.07683788783974805636223
0.07655456368087906748876
0.07653750549981275241862
0.07674341846711804637771
0.07655918541883316441599
0.07653080145144822155068
0.07677484117261938745269
0.07718069092052684543326
0.07753711766084984968739
0.07769331337102970691522
0.07767859686273106967214
0.07766535427854273643256
0.07748562217318394340637
0.07710789208381080284127
0.07671631139990391090588
0.07651619842442411445482
0.07666463670773317196083
0.07703577485125991108905
0.07742994201798200637477
0.07765854331267264820671
0.07767204515636653983091
0.07757405349319791698637
0.07758420709662366965276
0.07750488682904466131163
0.07767584316517893439080
0.07763225707976577349978
0.07736931306595308532881
0.07696346096476257281349
0.07730468166884572889241
0.07759953186095340516015
0.07767646842679906682427
0.07759592880154811411764
0.07750460194531710866883
0.07750064979238115159266
0.07748691853620844061101
0.07754414277881781225599
0.07750671214911425410676
0.07760689440314423592771
0.07767296113319793748886
0.07756083321851858780605
0.07747745863503360808089
0.07763870797458255479384
0.07766447872832292487200
0.07761790391629967700293
0.07751183522883829668526
0.07747530253814848000271
0.07752592598044499849763
0.07758492463327083810132
0.07757350550616913531510
0.07758528070264009146584
0.07750708283688746702556
0.07746594380865093332211
0.07751963716622142785972
0.07762822284835962927119
0.07765606200429833738674
0.07757776939171512342597
0.07752992322338614350485
0.07745980208325409233083
0.07748825006323110942130
0.07755953858767170028266
0.07758557821600871318157
0.07755391202061218125507
0.07755952717826322673211
0.07754124442126697491773
0.07758292649895419390571
0.07754341397494238230514
0.07747115873527193885550
0.07745709703340668272897
0.07748621087279693175898
0.07744393294217680190350
0.07745534053444540212308
0.07752596818806482825703
0.07757795405084058626421
0.07756519906289695287516
0.07753996994018494404166
0.07759860181328524786348
0.07758072640889829285626
0.07773362262872690608972
0.07754059628474815890620
0.07756941632462237279366
0.07757107289109910208680
0.07750700467605468879650
0.07746827957308217993404
0.07752595762598765705143
0.07756113339151843311114
0.07757294698795902387900
0.07754322272655804482167
0.07756665147740068877447
0.07770235143414973288944
0.07789224709839562277303
0.07786122059177376375505
0.07798448901329907423374
0.07767158047567514211895
0.07755571879258148226821
0.07754833795006510488435
0.07757499526509441245548
0.07756967488521192277684
0.07757259576542080425909
0.07755444199656254256059
0.07754879942640932610765
0.07764465464225284163646
0.07782861596786530555825
0.07797201518196035519015
0.07793812972827887652905
0.07795534073727194979142
0.07774433512605778695548
0.07795445266031425513020
0.07779430783449869934998
0.07762097377920541829699
0.07754583278068685747719
0.07755097604118085796721
0.07755107160620017259234
0.07760151759238546886888
0.07776148967406604217700
0.07793258538018445202855
0.07796661507926404277580
0.07778854272289333071644
0.07746678462626477301711
0.07751924427508659343200
0.07720924173868008721922
0.07782687199582040415979
0.07797146918027508810667
0.07790772735750454980330
0.07772861628261074073976
0.07761473399901284986324
0.07774142879927785354521
0.07787947397909004976224
0.07797068893563655067602
0.07786057830528703149753
0.07757315281487488223267
0.07725105351090666427893
0.07729659862971108297280
0.07707401786582247782409
0.07762415743644579535498
0.07789096568582670743197
0.07796434586966238811101
0.07788254776792372102712
0.07796003680295994497929
0.07791458974247790492118
0.07767403421792450080030
0.07734461674675184583716
0.07709845159336507769421
0.07702126897073008349182
0.07702380447179561773208
0.07705668738395128614105
0.07712720176370124747223
0.07739625649037962240584
0.07772091253547926126277
0.07791336102100111793423
0.07773495895043332215568
0.07744968522490586204654
0.07716103266624212142499
0.07702977334529428898868
0.07704916853541327048660
0.07710987332705782071329
0.07710487274934765822287
0.07712713622410453939704
0.07704199639070723193424
0.07704039253601258074866
0.07720075443562945949338
0.07747736363914220492077
0.07723293662242496082637
0.07705613116425397146614
0.07703693875358011422527
0.07709871280796135040170
0.07713064724804340188680
0.07711261423850586382844
0.07711691671345610732402
0.07711783318950612975407
0.07713301278286147089069
0.07709259029033224686067
0.07703446377417677570776
0.07707573323592370462265
0.07703394560117246547826
0.07708556429330255810317
0.07713467979060566193095
0.07712277572721379370613
0.07710901211884296779786
0.07720107061812679638546
0.07716904191856924222215
0.07737654129422057158738
0.07710459347319993661518
0.07713026408762505004013
0.07713513350516908173571
0.07707816433630450270176
0.07713433913263345598210
0.07713833639387697449497
0.07710502621887183050120
0.07714218913373491193219
0.07732392249240768733465
0.07759155008546324283625
0.07753390887473862735924
0.07775580241929286318125
0.07727525210509604558506
0.07712284658315256280492
0.07710961301306318294024
0.07714655031925342354437
0.07711771397077643586115
0.07710866890978358700881
0.07723098337392422796377
0.07747721660041352598203
0.07771492519503345186571
0.07779857804640114005146
0.07778559231874544732666
0.07771598383889728733909
0.07766933164589051585835
0.07742060440840647927985
0.07719178853851385579965
0.07710058335375788440835
0.07715889159500737004560
0.07736457853606877599351
0.07761993899536286101171
0.07776664428614601942691
0.07772796315855198812095
0.07758260893328185192619
0.07760047044265848403821
0.07750501506180700050930
0.07773457365426053589097
0.07774231992845823113747
0.07756691006200261417902
0.07731128676195719862108
0.07751166867076647593038
0.07771096909228474014508
0.07773737183017585816724
0.07761792560368227511525
0.07750838306442164871157
0.07755755217874693574487
0.07753691599953821400604
0.07772886340163737139974
0.07751463772698931331551
0.07763503101373603332291
0.07773458840046347517738
0.07767354414040719690071
0.07761549050214316958218
0.07771360666803679706494
0.07772563975175084127756
0.07764950031719614065295
0.07752460075736181122075
0.07752000100642365831849
0.07769246912455468612180
0.07792782639380388398642
0.07789583646434981856199
0.07803714169426316515921
0.07765683744828412449213
0.07750831922806450391406
0.07753703255253976966976
0.07766162867578463302465
0.07769948573655519052927
0.07760498089303012603235
0.07755153564778093089327
0.07750014098257809735948
0.07762444074848391661892
0.07786136845628281732967
0.07802980588673108508502
0.07798812972816371313911
0.07800993701862284079862
0.07780100055795211022591
0.07801681162251621060033
0.07782574970799113756037
0.07759519963404168385601
0.07749693452719273734086
0.07751408428370536174423
0.07751087783925950103203
0.07756794595950630699654
0.07778852289767765326722
0.07799904278263081192080
0.07802691488227042615478
0.07783849625118877124663
0.07757358327685992538392
0.07760387824426499825403
0.07741314830596929263962
0.07787571449994236394421
0.07803954158359772963482
0.07797673928287901512491
0.07774930264894883147342
0.07762793383373813027593
0.07782228684604743096376
0.07794951070268242576677
0.07804657591082325707177
0.07791289382536863150630
0.07763944255906106428622
0.07742038406761900248831
0.07736679380403169159486
0.07735102135805127510082
0.07738321156683670987153
0.07743405450724821781350
0.07767962499086386585212
0.07794691874187524571749
0.07804797971131900713448
0.07799508308453141636196
0.07804904072466271880426
0.07797878402565951161396
0.07772099034439618192582
0.07745451126334992886235
0.07733898821330123518614
0.07736547579634210636268
0.07735253146952809910619
0.07735802407297737159908
0.07718494478543075354438
0.07734506383350575609015
0.07733229611079600607226
0.07748004464158905757465
0.07776565958985130755377
0.07794366570987447395691
0.07771811028275933674880
0.07751296774902297070931
0.07733072192709893044604
0.07732427550770414048653
0.07735651092281639606973
0.07722871108877540913262
0.07726417123199075254192
0.07696065222548360840182
0.07734911175192195342820
0.07730420970468020180899
0.07733498829852576694766
0.07747653708938828653885
0.07731441562540684875326
0.07728568932787362177894
0.07733552833947765492439
0.07729067925927252113993
0.07702761803222726855189
0.07665195796936082051065
0.07672239865280164328176
0.07646259907038981118443
0.07708984683493272371813
0.07730896502822473537186
0.07731693784843848837873
0.07727296652599552340135
0.07730657698922527298890
0.07731806864283778668590
0.07714498405179597007031
0.07679591512216274451497
0.07650237586091157560020
0.07649534024680142152430
0.07649024438554284655023
0.07667363157408185747599
0.07655133486017706712090
0.07686771568848799196516
0.07719280597383056108374
0.07731516177727838778910
0.07721156028677851612674
0.07693865923504070170047
0.07660629666483217969919
0.07649418699831808665657
0.07665077385270159526787
0.07669747078598226908142
0.07672590085476153898281
0.07612151429516854361790
0.07662791482536648879353
0.07650720527577699325850
0.07666745712882062913085
0.07698694437319442140932
0.07672585425015435167673
0.07652931314168559540079
0.07660760339842899446783
0.07673913940353344065315
0.07628565490939419324601
0.07446522942688568735825
0.07484596798040406284702
0.07140450904207856774875
0.07642095591254384479019
0.07674010539709345823933
0.07659146480959033720382
0.07656092829464464233347
0.07658261068245905689444
0.07673245054612951032702
0.07653194673834472216978
0.07520047779624423889278
0.07206856701157948741354
0.06682198720902558786161
0.06772513759721764114996
0.07266702942967583067624
0.07549985602135889095621
0.07661191315304703708389
0.07671885628958763359009
0.07667228405525410017685
0.07576189115171949595151
0.07321881211030170644172
0.06861865927880689275398
0.06199364237603491312179
0.06311356952457321256578
0.06944726483515743786779
0.07373655709970082516858
0.07599471001160812422270
0.07420546632932706332397
0.07023858059883703042203
0.06417147765512416779377
0.05767830259356330341314
0.06523095012808215187317
0.07099879047568601053708
0.06625435368208934527878
0.05886183780867722259433
0.05161336509178667680819
0.06008673775943019351731
0.05553015609728093049391
0.05294075361937096435572
0.04834489843387892310522
0.05399261564888801351314
0.05269624790134185693402
0.06117282657026533454481
0.05997043850883140847507
0.06720707844044918055637
0.05872345613845896677985
0.06621495972555554998529
0.07173016482765515178244
0.07103327721717245246680
0.07460772472422616541365
0.06520607800317571034476
0.05750319218552236988362
0.06413260970513502690071
0.07029637588418763405329
0.07421430398696257646485
0.07600330550536855966914
0.07584955000196609564700
0.07631387242204722143324
0.07375324570349910124900
0.06948500808464037892254
0.06299073729308572733299
0.06184435917040789765231
0.06861903846952550900529
0.07325122969072479783836
0.07565274550527116559362
0.07631808379796695129826
0.07606093258189883243858
0.07612138049533931360990
0.07629986748481422387247
0.07541768876084845030228
0.07267132368268700015612
0.06768880142402990129913
0.06708282028402538788026
0.07204034223863489683204
0.07512800815235518014923
0.07625642551309892713807
0.07617689479496904392253
0.07576556391223883413222
0.07581084635786633496579
0.07558803866305668917036
0.07622887419673317344060
0.07618047407708901375134
0.07478467414509168409431
0.07146658461941272910689
0.07439043365132519403105
0.07607139561139304728687
0.07627164703675844148467
0.07586389229741932749285
0.07557899803508966174448
0.07568423980717157995013
0.07562709864472717813388
0.07594363557434671840873
0.07558208995333064172950
0.07592368195514874462670
0.07629939587701793646257
0.07592359009441577988309
0.07631007820729114599079
0.07598830299188769066276
0.07559696956204689510805
0.07557675868904226157419
0.07587462174556455773988
0.07618770347680409171787
0.07614217881111984276288
0.07630658324806509351657
0.07580289730168843220781
0.07553403159371305242153
0.07562499825989060786569
0.07605420218034451840250
0.07566329024960193050386
0.07550062975731450243266
0.07573078021756704525380
0.07608897838589248618923
0.07629676493088298483425
0.07631733063417441009779
0.07632712863132087854900
0.07633072162863621668016
0.07627913974858728518580
0.07602848410370532938884
0.07565909913497248506786
0.07547798634936991879485
0.07559161794900370878736
0.07595963950496079086783
0.07625304608628685754113
0.07633502585874137047472
0.07633208203954794379698
0.07645772072581258349544
0.07642880709687546736397
0.07672368293037712394522
0.07633736903086177361111
0.07633903108609088605796
0.07621722664995615736938
0.07588453982951760823372
0.07617188141826602976181
0.07633709556010501162682
0.07634512331688297903654
0.07640797282871970852458
0.07666728618389817562218
0.07704798231560446020172
0.07698292600418926712180
0.07729171719507677007499
0.07661519362200770733029
0.07639312113447176144643
0.07635423906615454447966
0.07632873174351872957999
0.07629072560332153529750
0.07636218379075149220725
0.07636356116443170083397
0.07638437235275843950610
0.07656910216002263402935
0.07692032480135820027289
0.07725013828553130290633
0.07735615049771769891063
0.07734959761707785319551
0.07723518219729824663133
0.07720218635998248035701
0.07685725012471386619062
0.07652863898690465127572
0.07638129475679149293921
0.07637230615548687429062
0.07642809440406558851855
0.07649546476475165002196
0.07679577083148178551220
0.07714934100068462918820
0.07733641519689254950620
0.07725830074587713980350
0.07702466853045575323478
0.07705540090966853106202
0.07686242219146498244609
0.07727745746831916895392
0.07731601095085904873372
0.07709238976638410623110
0.07673704282815083099756
0.07659783697041842864817
0.07686373574315315260197
0.07703269531599631070318
0.07728766180686860720606
0.07729211571598820773588
0.07708636858780443246175
0.07687527073791769471889
0.07684704881411079380182
0.07682923546935302439032
0.07698334783554412752427
0.07689184348433972249204
0.07711701973833731682539
0.07730063239216328208059
0.07725377699956688382077
0.07713268589887874171485
0.07728808143900507687807
0.07730225544794307179775
0.07714800061617947679604
0.07691404113762720373693
0.07681726481573350473475
0.07694387882664013855738
0.07719071322173216842533
0.07715061108073587026190
0.07736248285376995381668
0.07690715700855081660148
0.07681110115205495858515
0.07693917732614814763981
0.07717580746791191659284
0.07727338475254426353178
0.07711597401617706348809
0.07696915640706987471464
0.07681078380692211993175
0.07687236800925985324984
0.07710639610849175096252
0.07733916944450859587423
0.07743112432945074841140
0.07743166003961177157322
0.07740284337070432729710
0.07731107631529514356838
0.07706192084934415653663
0.07684278992786860995601
0.07681659344986441206871
0.07691870975830569778786
0.07679822526365395751746
0.07681694963732270398094
0.07701753006069664286848
0.07727686972567335277340
0.07742781890646223408314
0.07741893735820601363251
0.07733576784819033711482
0.07735231664421340913584
0.07728899846839383525055
0.07743305819017635982515
0.07741830074912775527807
0.07723969289874973997989
0.07697206098929595952107
0.07682706323861397679220
0.07699148983753349717585
0.07719705309957385075403
0.07740320798143440761407
0.07744477397587354317032
0.07737009460812246941508
0.07729589731293015630875
0.07727376233874592992290
0.07727328090307857000330
0.07724807043842010778611
0.07730497287524543126302
0.07738867679086053330550
0.07745307735273400384646
0.07738225222670869207775
0.07721208141465554786187
0.07738739204459130216485
0.07745634559297605303829
0.07740677548114265060786
0.07731692364525355465332
0.07727392276582215058234
0.07725232114763143365099
0.07715194887137483137352
0.07717261938323252690175
0.07725440919942877515680
0.07727556637189496313578
0.07733096939134520564352
0.07742462977442035598763
0.07745939819403356574323
0.07743200251984955206908
0.07734667122502221492386
0.07727901765968334113488
0.07725551535930519353457
0.07718970927371150703156
0.07700229499796351628760
0.07703637018986032869439
0.07677463579041897412392
0.07720298394195158897535
0.07725592568578554253378
0.07728490383462170709716
0.07735621335237766182935
0.07729083769157633898583
0.07725607583339580419768
0.07721321201218406260480
0.07706813769991080476096
0.07681679672925510737880
0.07658566391184573607376
0.07661083352835267035186
0.07653895471381405579692
0.07685704863321152213729
0.07709744254710353128512
0.07722111153198554789334
0.07725661658126892206155
0.07722664080946455011922
0.07712252098359610730238
0.07689918547205060184169
0.07664176987335456769923
0.07653070613534672383960
0.07668752263539233005041
0.07663976515703972702820
0.07699002215546427163595
0.07652970111783508055936
0.07667653628439165258701
0.07693785168474574776010
0.07714457802851373835473
0.07697769778362517634207
0.07671525918256699716480
0.07653673146081151068554
0.07660049925657476388441
0.07691862869355411969075
0.07733340328108354033709
0.07726520663595638771515
0.07759545278651787392210
0.07685208172341545518336
0.07656903010518517627148
0.07655136598896729316355
0.07675682224001795228574
0.07657257386418311884135
0.07654466667572536187070
0.07678935331030885269588
0.07719493950807847226780
0.07755096063785732463103
0.07770670801066496824472
0.07769244450570819693347
0.07767872417379780014546
0.07749991797300213869359
0.07712247062480885595459
0.07673021566627069578459
0.07652959626207166132783
0.07667807807235665906731
0.07704974287018818979167
0.07744458431944463427943
0.07767286149241038606394
0.07768587032416543469715
0.07758738749717961069585
0.07759799491892137301985
0.07751818826364670345086
0.07769015523156498626012
0.07764694049891604499258
0.07738334676151441271497
0.07697697203318844272335
0.07731826972382062346245
0.07761361258846470601025
0.07769116301924158807246
0.07761021676691445825291
0.07751835384852127919242
0.07751392948076146760528
0.07750064559202540781513
0.07755740891086004840105
0.07752097424116556612095
0.07762157766117214197088
0.07768705962138074128109
0.07757448322842254440079
0.07749110515148466271640
0.07765240453360845729325
0.07767816432030909268303
0.07763199677269611020947
0.07752650166536978471044
0.07748954906255138552762
0.07753963780901507174548
0.07759817662025143836235
0.07758720292113292782421
0.07759851111106071119838
0.07752132518496739066460
0.07748060264530166885155
0.07753371638709116719923
0.07764191947927280568198
0.07766978290333367840326
0.07759149699514346354423
0.07754361958476610472424
0.07747387498865951349636
0.07750291404795268956907
0.07757378047998336745295
0.07759925483438777360501
0.07756711496525653393164
0.07757317635229316055145
0.07755442301622630929536
0.07759716289954207701918
0.07755808865744130697895
0.07748523692699264830974
0.07747079717383777153206
0.07749994155540021467665
0.07745767514541218590196
0.07746905729807786189500
0.07754005966713216346786
0.07759263481434801323910
0.07757942209963450408416
0.07755359259273304772808
0.07761176796518404197300
0.07759433247153316171030
0.07774678908139781574604
0.07755480416138124666325
0.07758409441710790999114
0.07758517574083141632446
0.07752074787391399768310
0.07748204391766233545269
0.07753974832334593891847
0.07757490334385057362265
0.07758705363269498278544
0.07755789497569334778326
0.07758085362646116589502
0.07771595472475972821158
0.07790541717601272286853
0.07787482760689366789730
0.07799765116006047993569
0.07768579146384239908496
0.07757039215230089601594
0.07756244251422945990004
0.07758878421867519692423
0.07758348776079183883869
0.07758642211155358792141
0.07756824413387643224471
0.07756290629132842062710
0.07765934264395367436773
0.07784284501450365600927
0.07798561757618281686799
0.07795126059152768238647
0.07796891567381744603260
0.07775740972132946793316
0.07796869339430996526108
0.07780902134446382456545
0.07763509579366184576443
0.07755965064876095549362
0.07756481008016928579973
0.07756491468205821415705
0.07761536252658754464484
0.07777563960639008455722
0.07794732246217908611108
0.07798084675902323958940
0.07780206362555069921072
0.07747978842109883024225
0.07753269340217860960962
0.07722217786862040078688
0.07784106697615938985635
0.07798621054917269368456
0.07792190567020194913450
0.07774250044605196530156
0.07762859509237129973513
0.07775531687667847080547
0.07789340158741941966269
0.07798488020497632011718
0.07787529476004256823174
0.07758729034330272278375
0.07726443149140710398015
0.07731067425576057527969
0.07708734028848138186696
0.07763882459351632847611
0.07790514385313752898643
0.07797830555865666035675
0.07789646379855744151577
0.07797396706248425901631
0.07792855743396817636004
0.07768817447893659744462
0.07735922621885168992684
0.07711247925479736142762
0.07703455686051838280370
0.07703780677860137815482
0.07706995585819882699230
0.07714176510612501258546
0.07741034748439364066019
0.07773486201800998418587
0.07792728053531751408745
0.07774884215811514454053
0.07746360191775372716627
0.07717508195201787379869
0.07704431265247284332798
0.07706316396966431114812
0.07712312549866665034592
0.07711886630169730028062
0.07714036582124324248344
0.07705653149528481071773
0.07705442035411184942273
0.07721464277732434378088
0.07749119441224086579645
0.07724671559121187858210
0.07707000981414918738821
0.07705096668934198478329
0.07711325159795992534306
0.07714463303553555084680
0.07712581540692026171868
0.07713088742778687056934
0.07713100903626358972875
0.07714755102244209850060
0.07710662944489653225499
0.07704835492719531997441
0.07708946972162265820483
0.07704768641265781481398
0.07709948042337749773978
0.07714872718934953632619
0.07713730462415785416042
0.07712296910542013050893
0.07721423457550427582596
0.07718299728090621814047
0.07738970907189574033325
0.07711911066408927428739
0.07714431066684616922213
0.07714907423082142945425
0.07709192446013796162774
0.07714812099331368189237
0.07715229324409464406465
0.07711906843785329424001
0.07715670453808495810044
0.07733789269109295205773
0.07760472805523779826764
0.07754790350231402507042
0.07776898138763772838633
0.07728978344849207759992
0.07713689258924488756364
0.07712358037884570194365
0.07716034496785310892175
0.07713151402860703165221
0.07712265063063801495691
0.07724504929932000940607
0.07749177659141122387343
0.07772893916956014059849
0.07781173747000566520704
0.07779960578181360775218
0.07772910275906287635994
0.07768391780838036775325
0.07743470477759696601883
0.07720579966995455567513
0.07711439021130082893674
0.07717271945494741380855
0.07737863548075255004655
0.07763407559121439371896
0.07778123778340681471200
0.07774195217750833053483
0.07759567874027194223086
0.07761442212049370070748
0.07751804485708077563366
0.07774914995146166296625
0.07775647883130684667741
0.07758101808113744557449
0.07732515153365808469044
0.07752557868357697057338
0.07772511686501544503347
0.07775152994564255015675
0.07763246892543632093897
0.07752230393350489912052
0.07757056374409428134431
0.07755082780155071742190
0.07774187682764142903746
0.07752914978795968914405
0.07764917033073347185645
0.07774875372045561561229
0.07768749168591326803579
0.07762914477491054954239
0.07772725714024328325102
0.07773960592418499571110
0.07766366310710880183077
0.07753871924255383019098
0.07753450154012207773402
0.07770639404064554056628
0.07794084630763176146928
0.07790978248915225723437
0.07805015273889585880607
0.07767135077781343877046
0.07752243427910997242147
0.07755118756846580974074
0.07767559177642525958252
0.07771311299663044569463
0.07761857069723271385087
0.07756548721536163371049
0.07751430164649623921758
0.07763857692678913235973
0.07787590678686262535280
0.07804376036560405072162
0.07800110522661574119496
0.07802387247092250344149
0.07781391778417039162274
0.07803136549954484135760
0.07783992189214883339332
0.07760938967870240068336
0.07751088357731952815932
0.07752763773018346571408
0.07752441164784605598381
0.07758191569958801381279
0.07780275948564090160442
0.07801324561396040524475
0.07804145676395131403513
0.07785238545873704452127
0.07758643593962277762444
0.07761770936325498859709
0.07742594752444054151397
0.07789021342067120601271
0.07805375088949931261517
0.07799102156176478117811
0.07776331256248253387398
0.07764147025348329400618
0.07783583991207164431980
0.07796356433870657576257
0.07806088214090076138341
0.07792707950095262292578
0.07765388255892162472360
0.07743416585643987659626
0.07737955819339593921402
0.07736477423924745244754
0.07739595151370533276936
0.07744844147065380046691
0.07769376749783057922727
0.07796121696617083762781
0.07806205761317489000284
0.07800865031677878258520
0.07806260297068244591312
0.07799285631425738329892
0.07773525672436859546011
0.07746861190986516210177
0.07735334215180630912378
0.07737921463302721569733
0.07736523952899247713599
0.07737174449341910342781
0.07719759858975136501691
0.07735940257708909251200
0.07734637302094800326291
0.07749427613403800374492
0.07777970022004246364311
0.07795719740644076189984
0.07773159178343796993360
0.07752696967996344779017
0.07734493531419558975948
0.07733835003140412944767
0.07737083520193924202069
0.07724239090382074846008
0.07727846192549039927577
0.07697426685050103023489
0.07736319007234689071328
0.07731842699596039314436
0.07734896383979397715969
0.07748996683207309832397
0.07732780950918653750659
0.07729966199431155537969
0.07734975925626781656508
0.07730474570353874919082
0.07704184813916242768883
0.07666550045028355797605
0.07673655483073936467431
0.07647609024052770543278
0.07710387495240692001808
0.07732319858749986396518
0.07733092232243231334277
0.07728634740208323306021
0.07731995952446454878348
0.07733205963185277309613
0.07715919497948499350404
0.07680988849359016157337
0.07651647358430277434671
0.07650881863481530376081
0.07650432192510224493898
0.07668712260741512853901
0.07656526249455657129328
0.07688188270596478524066
0.07720677989012840469751
0.07732854267869999909113
0.07722492179044822269152
0.07695259267333896813224
0.07662042171073114860125
0.07650810270570476689933
0.07666486282790928308284
0.07671094726492252990901
0.07673998496215472808757
0.07613487057492202003672
0.07664185303924404835119
0.07652131760631324108868
0.07668134706983655013435
0.07700026729612531595226
0.07673913338864296607156
0.07654318425539970160987
0.07662173972480554318132
0.07675309609191080517654
0.07629963898997979554473
0.07447827611138913006528
0.07485966906968505307773
0.07141700080735080558014
0.07643485304581366934773
0.07675427140666038483552
0.07660535307279175976092
0.07657418384414763079526
0.07659589070741372462958
0.07674637013939716867483
0.07654607869030223554763
0.07521415151008777055797
0.07208174159632302346878
0.06683365979578778648396
0.06773750044444541706934
0.07268024068682842064870
0.07551380117881004161440
0.07662581639312028569666
0.07673218079173080297117
0.07668562174365321781888
0.07577564588248046628660
0.07323233907646505003175
0.06863113243351770531575
0.06200494240325308409334
0.06312504026351239971859
0.06946009801255917381901
0.07374994963957053062398
0.07600795005048371910661
0.07421841415747545966930
0.07025134278708050628026
0.06418333821268373817759
0.05768896440985004508972
0.06524280660743084214737
0.07101119728747364023835
0.06626594896520406063889
0.05887254054905666222908
0.05162275349745273217428
0.06009726916581976940979
0.05553979741014628684903
0.05295004585595836782419
0.04835329433477256882989
