0.42754706445234846867720
0.49366736238958675020427
0.46054159621466111973476
0.52794160272161472224894
0.49659028564063711908005
0.58893888338746591681883
0.56291113768431577657481
0.53407584902704774432181
0.59697664545956707904395
0.57095722667968573649233
0.61993879399207663105642
0.63961113429436422528340
0.66404328956874225653451
0.64783626958099915782441
0.62825556253935987971460
0.60534389960388479412501
0.65514494779226195575461
0.63566048238698380501432
0.67138739356408494440842
0.68440456195604959521717
0.69413271736608328499329
0.71147343410603136604209
0.70717058398444787581383
0.70016243146794487905993
0.69010150727547114879457
0.67712774244287166069967
0.66082717632821985631608
0.69353411527248576273763
0.70389722154809419851773
0.71138224263634552979596
0.71615684556109338032570
0.71855748443731526364786
0.72246829576971993702728
0.72298924249864016111644
0.72187745276835812990868
0.71869056098811001653814
0.71314842361493357980606
0.70497580595155573401911
0.71873421988030672391545
0.71224724472861122848144
0.72302164695925985604674
0.72524361310044749284742
0.72571953344249295891899
0.72479968250689419395627
0.72680371525056253201313
0.72767067209559721518985
0.72734369727312742082148
0.72553013219240003461863
0.72198250220240900443258
0.71651000482565430083071
0.72407797215734370777085
0.71914901703733580262679
0.72735101742192564966416
0.72912843403796012697882
0.72961409344572414337193
0.72907150176040225186824
0.73179861086946496051553
0.73199321522245230919879
0.73125266288548051996088
0.72936734438558270543496
0.72612007874031336829290
0.72137138099018505155158
0.72878423772070122232947
0.72407071497445407715077
0.73204365701430307300512
0.73402966732031982299844
0.73489951943624931551824
0.73492203605479489159080
0.73812485894563140131908
0.73815407628509388526794
0.73734130889279170251172
0.73546209889022651218227
0.73229035125375918635626
0.72764462216053038545738
0.73638415258729439383245
0.73195368812636263378124
0.73928807007883790003433
0.74085941030140600727094
0.74133472751157036828573
0.74103383598456529224308
0.74329793489739626188850
0.74405885254651493720957
0.74406912619266485364733
0.74299050029618896040517
0.74058276591876714967100
0.73656977537281109746914
0.74428936893751340697634
0.74088865977843454402318
0.74610596358635838942774
0.74655763319952705980853
0.74599782475172971007993
0.74475738375396505208670
0.74545076089730999413518
0.74705852504134984126694
0.74809492438645641687600
0.74820739725925144991692
0.74706423058327564579173
0.74436673838666955749233
0.74867231552775936886945
0.74666916910362757242581
0.74924601170861604426676
0.74869217446633884449625
0.74735529213983165064406
0.74557809311891409809192
0.74498622135353398387991
0.74484278875566212185788
0.74545062880207180189274
0.74716356535592931553680
0.74857582431395752742276
0.74937002488605253258669
0.74921895560717921558336
0.74781472269903559446647
0.74901916994323369802800
0.74805483380020432182533
0.74893406546457619299417
0.74810166864707627887299
0.74681838713846360189308
0.74536720231356745625106
0.74482808754162155295830
0.74511685073107092325273
0.74552887717018756497112
0.74661158561735219141298
0.74763508535539435762018
0.74836188338919407136984
0.74851930176106584724494
0.74782595549225983067032
0.74813665243066918009163
0.74757893819641996202563
0.74799758255953252561454
0.74743743918022265138035
0.74669797423889561205357
0.74598066230061410575303
0.74570905350181726500836
0.74645679920126351003518
0.74661118143451032924673
0.74706006275224312584982
0.74758852225216287923359
0.74801717262282862996869
0.74812173620815214380997
0.74763948020583148590390
0.74851170292903801417594
0.74811432555948254030653
0.74838260902393016760215
0.74798867595225360105360
0.74754386781221349167481
0.74721425182977441181720
0.74712109458072128997941
0.74746910006548050731112
0.74756734926664647478134
0.74791554133846460672430
0.74840587532757452127186
0.74888462513279763221874
0.74913043455235817091875
0.74887979519052183530192
0.74967619873926738538472
0.74965081061138361118168
0.74923223749916467717469
0.74859023817248249166312
0.74796960746346530246598
0.74752780376024419162206
0.74738434919397001010566
0.74689559726732346334188
0.74707887679539208836133
0.74760248718019894909048
0.74835135774263206176471
0.74916903779613019942474
0.74983667702474632310583
0.75008627565019025951187
0.74941432659785311987122
0.74992500756043134479967
0.74856156638826765181705
0.74764144086671491251650
0.74684662360808196091000
0.74633061862813554476759
0.74617312580350725337297
0.74545774862547298234006
0.74550215326634428070207
0.74586722898166557538246
0.74656435084273409241717
0.74745477195886167454120
0.74837000889251981128325
0.74906535187226452876530
0.74686254426645026782694
0.74760652517383519022331
0.74602756055618091313164
0.74532671295201946559672
0.74489370035459068208894
0.74481645997864343033967
0.74498588092757567213908
0.74489104828541918834617
0.74443825300305666026190
0.74412860428313454264071
0.74417735301467258235419
0.74455160772718798067871
0.74515283449120273129296
0.74579552346399735629490
0.74353773689854241180086
0.74397142064924959292682
0.74327905061644361506268
0.74331085038408428733447
0.74368652844818383673697
0.74440042753611601611397
0.74515441237344159919331
0.74560414490012894006554
0.74459632412586373995111
0.74354550496272697746036
0.74278463203581501783646
0.74236148744604002480685
0.74227294441674396274777
0.74242184603976524304159
0.74142304295445504713769
0.74180535603112529585701
0.74252483551546166751223
0.74355644953787380924126
0.74482010142867793867083
0.74598532332370992570247
0.74604632968527595515695
0.74483062236280817014489
0.74350249029241632925391
0.74235447457853909192238
0.74148584049664445494443
0.74094977708170539631993
0.74121274952469318186843
0.74068478642506352382924
0.74207046327209436054062
0.74318520665029952354530
0.74445150592297459901658
0.74562585003064119071325
0.74472301670505192117133
0.74363939976423865108046
0.74250866668675663540000
0.74152858636144880488672
0.74081579528734753381514
0.74043388195254267181156
0.74021070790119558591158
0.74006046927923818667949
0.74072464784285740879710
0.74152482489908611018592
0.74250394674502873115784
0.74350275021005618469871
0.74223000820210272010513
0.74129642294329944895992
0.74044213482573639772966
0.73979181200445898181073
0.73946433049482429566979
0.73954311657147797642864
0.73877768647496511178474
0.73900377082847712451041
0.73897586780279844731467
0.73953549125026429855723
0.74033121015145197940654
0.74123593098804929635293
0.74077908701475758679322
0.73989424534253278586959
0.73911511380579142382885
0.73857805966678713449625
0.73839647786619133640329
0.73865376291427564670045
0.73856265347341465421493
0.73871894125141857045946
0.73881227307566543771600
0.73937698367929627352169
0.74013872805236868845924
0.74097418973317674684154
0.74176963727879707821700
0.74106519825412719981728
0.74036255135376638492062
0.73976725238471396917106
0.73939738831430579235615
0.73936131991755082992768
0.74086467104535469463400
0.74060469482211022107521
0.74133819009708257219415
0.74192296637660526403835
0.74249712660684752396634
0.74296093640289062598470
0.74428304505462494766732
0.74414707873009378058526
0.74379041006091650700682
0.74329903105285388686951
0.74276686041461170706413
0.74231841409135068676761
0.74479255484040085555364
0.74424030822126496786950
0.74530013422531105060642
0.74563434637339276456203
0.74571261713700165429941
0.74547391158437281699634
0.74637915317231806611176
0.74696417281193616677371
0.74716713616210239656823
0.74702705718041151339293
0.74662437225661559825340
0.74607563557750011806746
0.74803242920776102931057
0.74755595617508785455385
0.74830382626581803950927
0.74824961602763540025052
0.74780654905765309159449
0.74695848990300106606810
0.74660606079640956522780
0.74687904493638856973092
0.74731156008732790851923
0.74829095587431160296887
0.74887170453557749816298
0.74906421532973554988644
0.74892063160364730212137
0.74854590132223752796392
0.74935083802200797009618
0.74904161867314222877923
0.74942760652724405012748
0.74918275675694168125318
0.74857722232176771015588
0.74760717292334033512446
0.74714296675190594587690
0.74756644132320104745304
0.74800973163500195095565
0.74886276445359667430779
0.74939374297921934608979
0.74959553770606046629865
0.74949959850917147186067
0.74918337978509985664033
0.74959219413267397236211
0.74917782131657184585549
0.74978479676519993457617
0.74969547161450367234181
0.74929847980585206901338
0.74860791872410892278111
0.74820853161225908678489
0.74901094597451078893613
0.74936264210649450312474
0.74991265618841707052411
0.75017567555529196532405
0.75013612176495358951911
0.74980017112079089258714
0.74922074471231780989910
0.75018445084091422980777
0.74941920475140677559978
0.75065791177230278830024
0.75079524966606636660060
0.75060544347994540004265
0.75012166904625399155293
0.74978576718761702490923
0.75028917539644590650738
0.75066779430950769658182
0.75116865283950484677433
0.75136821738875891885101
0.75120788807292482314182
0.75065884336510524388331
0.74975038497977264384531
0.75102419372848294720768
0.75006427444526635461841
0.75155650858656719570661
0.75165478003764008008147
0.75136509009285135096690
0.75076908628969241110696
0.75031488921544653436513
0.74975772477094848600387
0.75029409782680656082476
0.75100464310544778889778
0.75142904482813333011393
0.75146432074121094490948
0.75104111380034199729749
0.75014533242081660180389
0.75051626023838124979193
0.74978477534531251524896
0.75076811190019421271558
0.75057306237503806922717
0.75002496044515454265422
0.74923699049441194741661
0.74865193439015575993523
0.74720804410369778825185
0.74774175693009048426774
0.74850371671445681265311
0.74911350971707990620274
0.74944255947744697898827
0.74938147687415146425138
0.74886558139484704632594
0.74770499289273473220163
0.74742076244788413497133
0.74762816416278154996178
0.74724537027379034359598
0.74667535700476972415629
0.74607174329156122905005
0.74565750681646725261942
0.74430328440649073939994
0.74446697393564609246397
0.74482520309365962685177
0.74523909597673276827834
0.74559231438212247855546
0.74573703701423144085680
0.74363836244571035472006
0.74378602474186461535055
0.74341598811324771656217
0.74322379333143040458509
0.74316887301373957264161
0.74329656395127774448639
0.74267336185201404674672
0.74226578717935220996793
0.74202146704509408525752
0.74198053358292948011865
0.74206002075244714699664
0.74214287827438951694603
0.74099617596702282984467
0.74101014418337785016888
0.74103546159813826754714
0.74124061345577629822401
0.74168745258476342918641
0.74230718907039083820365
0.74197791751847219643423
0.74127028893612800786173
0.74075563107727659950541
0.74049836777187394432076
0.74042800203470660047600
0.74043599464828746548051
0.74020479646483083868702
0.74031448901324825584425
0.74018270097374128102530
0.74035321690796718208105
0.74079481163130378451598
0.74146330656812176052028
0.74063675712606791279313
0.74009303632895651059442
0.73983435688375476235734
0.73986004837645735765506
0.74009361791499583826948
0.74042392740205265067033
0.73988354951861001751467
0.74052273566380022451483
0.73936104116650225304141
0.73908080862989167236776
0.73911596463298845360868
0.73950935294439068545813
0.73825963017366269536268
0.73798974552817719896325
0.73812669996654944881698
0.73864743646630648399309
0.73945874979695791484602
0.74043590461893282750339
0.73884996455792961711495
0.74011270613643542759519
0.73781820543395526534880
0.73716408587296677890066
0.73694881120339617019965
0.73718675467817595947650
0.73661590674572507975171
0.73629435954649902207336
0.73646095395726229870803
0.73712642296384600637538
0.73823245825643613038380
0.73965373769306785867172
0.73785260782252881650578
0.73926554505531305583332
0.73682262311523150088988
0.73629074437663943886179
0.73628393190240060128815
0.73676151406568779478334
0.73767823384684105825215
0.73703866083630331651477
0.73683723041907600581624
0.73713719187337811700189
0.73794830993234383775814
0.73919165591534630177506
0.73866144880871997813188
0.73961944337862073339807
0.73814044727233441012260
0.73810897707898537323246
0.73851074175015085643281
0.73925783354781604561623
0.74117896299761110157078
0.74045729207384092251942
0.73992984862709709759088
0.73973864748227580179218
0.73996528543028494695477
0.74060631801417531328013
0.74168646276472505185495
0.74205016865374795465016
0.74169555088461824876589
0.74201325534723627797007
0.74253916916659323810279
0.74312650180286077272740
0.74477716544793515218714
0.74443444263093938584319
0.74400368923011128696743
0.74364728084637365945753
0.74354477984752287422765
0.74372545818208035672825
0.74521815701909521756363
0.74532939289018296236122
0.74534482005444435692709
0.74561226657114298976836
0.74589418727076928217201
0.74597393708950576751704
0.74593042849955293327469
0.74655191288576150387968
0.74671136467919996260179
0.74685837699965151870174
0.74673897896773866467157
0.74655394455317192203836
0.74647237809274180619923
0.74659091970780755431747
0.74721888457452312337637
0.74735032674127221952176
0.74727010256599557536106
0.74740639393765695430716
0.74743921344288977159920
0.74715855218714710694883
0.74690769866670281285082
0.74726254543495773674522
0.74756020479132290201818
0.74785963476859296239496
0.74780785132727922714935
0.74762995373537977084055
0.74752016426707301732790
0.74759120256110134228322
0.74755838486962733480112
0.74744067509660583326081
0.74785441090593085533555
0.74819564473355271161381
0.74837417661801342028127
0.74813622124567946691798
0.74782073313200736475181
0.74863018032483075181460
0.74897191813348307221077
0.74912183384118402607044
0.74876291434149544468113
0.74816378530213489828071
0.74756069826168547454159
0.74711165622855246759570
0.74769895489577731240161
0.74681403835064441576463
0.74868211039944765339271
0.74956168442975024124308
0.75008412773186583510920
0.74995526376950516489472
0.74953591210580317039103
0.75019461230270856333391
0.75079804389269799713702
0.75103348696313088073140
0.75045516117108346243469
0.74935218088909760769667
0.74801030892294984031565
0.74666887257910530273364
0.74836633386622219976658
0.74664923719950937464063
0.74995362561379053101263
0.75114163495279051563358
0.75162003727942972020060
0.75109014089472159181327
0.75017195056014540632816
0.74909078077844282184117
0.75045272836641241376299
0.75143572852718920618287
0.75124219892007415566582
0.75015709117923567994524
0.74850393636839496203095
0.74657723066872105910363
0.74810102009084233909419
0.74617652420241786792587
0.74962046534719928292390
0.75042171902307253095188
0.75019063464122071049900
0.74865291700087266413277
0.74676224029967708251121
0.74325686690230807762703
0.74571059630251224081832
0.74780529253913374798657
0.74851909815597394981523
0.74811105099684938046778
0.74689815175691687265669
0.74562912175713802476196
0.74478149800314197293005
0.74562473188726952066929
0.74444305137268862448963
0.74189269792523648838767
0.73899954200040329777011
0.73448378304354333678816
0.73769081055965524118534
0.74056697497396684060078
0.74201759144821177738294
0.74236968083424637043777
0.74184538407960787242956
0.73873134094443881902947
0.73838826038355520609002
0.73823003278238219504459
0.73662039388905264925000
0.73370972333848683000213
0.73026146979610440101993
0.72672093099026413565156
0.73027136265450798280341
0.73314373600927207341726
0.73473036341082675892977
0.73520407000684706577687
0.73484807170534283127239
0.73218631210167017808743
0.73161623784863727415484
0.73184316020159823068525
0.73035261543230334257970
0.72752441676323764685463
0.72380393428248601672692
0.72100414506522092494833
0.72512212701254485924807
0.72810466380327465429900
0.72959023260821742606907
0.72977700004137358025247
0.72896778692252650611039
0.72781683399115104649013
0.72687125848127709382140
0.72757765452612765955109
0.72582530161076808106202
0.72232259371529161651182
0.71735077301877159250409
0.71159416485313908840027
0.71803881023945070882775
0.72257299247789019691623
0.72503402568192920618628
0.72572330694273490259150
0.72491630481683466680209
0.72261498204124885447186
0.72244886196924462673508
0.72097774450397644763200
0.71721079058428294228378
0.71109886671810018654583
0.70243156258472738695531
0.68920969467999249058465
0.70032509126630015927617
0.70871354367971450827213
0.71437019467008200379610
0.71758487403331161491593
0.71858750794167081110686
0.70958692238333009871809
0.70426549484182476845717
0.69609253909787482950122
0.68501211053666544170682
0.67102024007784633052864
0.64766614082350915104769
0.66485251535759304353235
0.67903055988895366645863
0.69013110590884840789272
0.69810988951860053486342
0.67187214388094951278418
0.65760767569431777257449
0.64015301930861212564849
0.61972795741373987166156
0.58790751726996393067282
0.61165974191626015787904
0.63233828711291117929960
0.60438590102813516402591
0.58068798356742756805460
0.55407642558415981515196
0.51971254546092082726716
0.54846976950108905501935
0.51688020417886371138394
0.48623889011627602352306
0.44496976090888051835748
0.45556818873118481993956
0.41677537159045552339620
0.42761797326092637616668
0.49375526507905620476890
0.46061783409389517318644
0.52803546357811159683848
0.49667233545152322804483
0.58904603061174221068086
0.56301106031351100256188
0.53416392632152454034156
0.59708244571303037417920
0.57105120983850454763342
0.62005144284858759728962
0.63972936401532221051269
0.66416600809645687242266
0.64795384274752609865544
0.62836672167290408275164
0.60544335368551149834104
0.65526066839004637465393
0.63576471540684931227361
0.67150909337040409763375
0.68453101620370881974509
0.69426323336061224189564
0.71160428177637224944618
0.70730352615900327073462
0.70029176463069031655095
0.69022644965466661837183
0.67724714205410607714697
0.66093532621002881732863
0.69365619641368492231948
0.70402450726783105672268
0.71151360712882516512678
0.71629144446241477250936
0.71868976229966041735508
0.72259595935567244584519
0.72312246906103017085599
0.72201309323854190314051
0.71882323118469815259601
0.71327722381455049838195
0.70509967995662248263500
0.71886386946928759744679
0.71237216740958186900201
0.72315507057538663815421
0.72537985516988645606773
0.72585339482401289856739
0.72492768542303909207192
0.72693204407284961465763
0.72780502381353717744616
0.72748029611756126477928
0.72566396837840896338889
0.72211258178073967073374
0.71663544380516719378704
0.72420827390114439481295
0.71927468433522101509681
0.72748513344968079863406
0.72926532300569169020577
0.72974893325930556553516
0.72920038401047826415180
0.73192813315282168051823
0.73212863051785082024736
0.73138990488007271650872
0.72950176923689868946354
0.72625058733591263404605
0.72149719722594596316156
0.72891506348870716003319
0.72419675569948549487265
0.73217851028303282401311
0.73416738630353417516261
0.73503560683075852555390
0.73505225694915443668265
0.73825578831762461717858
0.73829089648081225316645
0.73747960084404895475529
0.73559751588328148308449
0.73242164888525007615527
0.72777103532322195977855
0.73651602635147217501554
0.73208059866330033038651
0.73942411858108658684330
0.74099830718333870027692
0.74147226628319728991556
0.74116541797949953007674
0.74343006177302806136709
0.74419702735271464622002
0.74420856566013515731584
0.74312714830102444274473
0.74071522883191276420689
0.73669723099431150270533
0.74442233037722316257856
0.74101659992948087918307
0.74624310205755262082050
0.74669748397167534648133
0.74613648896334916482687
0.74488990098385432503392
0.74558353020674372757526
0.74719751505894538290420
0.74823500569198930776338
0.74834483528951123432194
0.74719752381176940403407
0.74449501170643683778394
0.74880573456766064133205
0.74679757153885439890928
0.74938354997986666994336
0.74883230528738942144429
0.74749445895431110287177
0.74571100662645584122856
0.74511658508513645138294
0.74497298259614441739984
0.74558364373251051482328
0.74730281620858685087683
0.74871586828476477393224
0.74950748726672600241727
0.74935230900229921058298
0.74794305294548724116765
0.74915232176968005184392
0.74818293122635182168523
0.74907134344692771765750
0.74824155957068727573755
0.74695769544517121030225
0.74550032007248034915392
0.74495813780603370446443
0.74524680866286163727352
0.74566214095909411074814
0.74675097471013673899876
0.74777482420823582209835
0.74849894899033186934645
0.74865219835384511082310
0.74795373550050980870907
0.74826931918588113212820
0.74770639762867341371333
0.74813447343995320704124
0.74757707631725267560796
0.74683748997333898600459
0.74611410889973051041579
0.74583897614085115090887
0.74658672569112227712651
0.74674484865010426482002
0.74719975719794651247696
0.74772811657451476730074
0.74815395036732579292504
0.74825423738799001771582
0.74776667192263124306351
0.74864410672893899612035
0.74824131752789102556278
0.74851932976045087997363
0.74812827015749894243868
0.74768376287592075435384
0.74734813132135435864711
0.74725101818354278115919
0.74759897302761979531738
0.74770139537896695980379
0.74805561582334789694215
0.74854547841915786143829
0.74902131251473691442300
0.74926277885171399528730
0.74900663141899226360465
0.74980847263243888267681
0.74977749004059590642868
0.74936886105364430843423
0.74872980555489365706023
0.74810979542290656496561
0.74766193167833405741618
0.74751410414805041781960
0.74702518326694611339178
0.74721302051922566800357
0.74774270410453302915244
0.74849080290071079435421
0.74930551642435583303836
0.74996881433674589256810
0.75021274259771042469680
0.74954622104103463264835
0.75005116084214540350672
0.74869779357012511411540
0.74778067525343039356756
0.74698679342975871087162
0.74646471828926630465162
0.74630252103875571734193
0.74558696698990567508503
0.74563619751251453138252
0.74600731175484558121980
0.74670331239524223576609
0.74759065304372274152200
0.74850154702685611773916
0.74919107016376562668825
0.74699364690383540654750
0.74773170625964868740709
0.74616303527481764312768
0.74546537002413792993849
0.74503368964308702704358
0.74495046215839377801160
0.74511497915856605978036
0.74502011078035856872503
0.74457227036002437969842
0.74426853266822101673483
0.74431571906151672290974
0.74468666616337553243454
0.74528346914936993705680
0.74592011067036734228708
0.74366791785055397223658
0.74409541461349570923289
0.74341372097755031855826
0.74344897605709303611832
0.74382645291352278427155
0.74453451783644297723441
0.74528352304736678046737
0.74573335194654344348919
0.74473053381406528750119
0.74368548224432140525408
0.74292258101257124813799
0.74249582862493013202254
0.74240273018291780271483
0.74254529099070898379154
0.74155250502598457629233
0.74193943329926570484645
0.74266265980432277782342
0.74369650612035931303012
0.74495442534977329707147
0.74611463120143217686575
0.74617570250058151692940
0.74496502258573626953364
0.74364260700736595222082
0.74249218961933161065048
0.74161969509197089855945
0.74107898291026852444219
0.74134638345186787411478
0.74081377207094378789520
0.74220804336852608251718
0.74332532712385857021076
0.74458590782596045798414
0.74575522565879381886589
0.74485233148513674272806
0.74377373051445183627095
0.74264872245296320585339
0.74166598207616662996600
0.74094918083939520503378
0.74056264575547980921755
0.74034380460513016242174
0.74018898558358758865694
0.74086181427215513917162
0.74166475877001980521186
0.74263814375257442002010
0.74363195982407337414344
0.74235914021558335740281
0.74143046932563050344100
0.74058191833248443458615
0.73992872487035421524837
0.73959711266467953461046
0.73967136179254455718990
0.73891016306033197036385
0.73913174222127342449795
0.73911254707035256572567
0.73967515093426894345896
0.74046514449419753578496
0.74136505720137579888984
0.74090830248113925815545
0.74002817138904919413989
0.73925473944963404626662
0.73871457715564403656572
0.73852869520684882864714
0.73878148920614072903135
0.73869470585755636626857
0.73884648932017249478577
0.73894875027395656719165
0.73951670293814086853956
0.74027276284137066841851
0.74110360603322977812724
0.74189935581106192241663
0.74119945845222934277530
0.74050249625980069101416
0.73990382332280113519829
0.73952939551888374758448
0.73948878872184187205363
0.74099674378021007647988
0.74073218800140183670777
0.74147496411372559865782
0.74206323938469687107045
0.74263169880599877448191
0.74309102748851718622802
0.74441353788410646874496
0.74428200646815589891503
0.74393106367936234768479
0.74343607565747937826472
0.74289906849285214374135
0.74244600925176928996052
0.74492491507909286418965
0.74436803516155369830898
0.74543745851654308332002
0.74577537611831345998326
0.74584787881214664739815
0.74560478086240722372935
0.74651034627824153222519
0.74709971223054183475654
0.74730848285442585954286
0.74716460941239826176741
0.74675684831604716151787
0.74620347515447071895522
0.74816494552989110111696
0.74768384686234035108043
0.74844152241902572875176
0.74839118513413016575697
0.74794228403228335544384
0.74708994785403004534885
0.74673756447031536254144
0.74701080484959492267194
0.74744324702200182208855
0.74842682083460221331705
0.74901340260522342173743
0.74920195677706002967966
0.74905309141172193854175
0.74867375757313403550341
0.74948315338518589623362
0.74916935068244094875212
0.74956531790280001015248
0.74932452417012218592873
0.74871317989762176114965
0.74773907979363196663058
0.74727497794432240496576
0.74769872525890090919631
0.74814187428214529163029
0.74899881790648681345601
0.74953555927661263957873
0.74973318236290553695511
0.74963171864302291513837
0.74931092235260898792859
0.74972410973992731353377
0.74930514853156138244117
0.74992238159067603486818
0.74983734749625885473989
0.74943464358833633554013
0.74874032792460576413163
0.74834111535826630667856
0.74914385579891318300838
0.74949534862916589172954
0.75004896375210872161432
0.75031763790035232997155
0.75027367328339455987418
0.74993190016726363200661
0.74934786497013972095260
0.75031601775192047210084
0.74954614070815150927984
0.75079545590024709955657
0.75093731905124860848133
0.75074190765547177406347
0.75025467726203332041734
0.74991898698141368218018
0.75042264048465290304790
0.75080106540248403579341
0.75130525286521099292969
0.75151038661986413469407
0.75134543128393360689188
0.75079026062252762763194
0.74987715328355897259627
0.75115544257674116135348
0.75019086950886670894789
0.75169401526109469457992
0.75179699135854660685396
0.75150174906227240612111
0.75090253544683283060124
0.75044849817764558430611
0.74989135969541464987742
0.75042762546190056038853
0.75114125800722775228024
0.75157119230743074655976
0.75160170748146060137884
0.75117213457004916588033
0.75027171536466619183869
0.75064695309023199421006
0.74991086978162890819277
0.75090526232384802174380
0.75071502088783548245488
0.75016141666571900525895
0.74937049681277290158476
0.74878548370352160379326
0.74734142277142334709339
0.74787516201557990846993
0.74863991880754399144138
0.74925516734812946939570
0.74957935934328534521853
0.74951173140271432071557
0.74899128807993797796172
0.74783471523269695602210
0.74754599011652955731222
0.74776452533227510954816
0.74738664523416753482365
0.74681124333987003449664
0.74620500930943478579138
0.74579067263916565266868
0.74443625009447100815407
0.74460011099065059880786
0.74496076701089919414045
0.74537995382732435967199
0.74572819683857904937696
0.74586618032149643031659
0.74377377818584267110680
0.74391458992069114941614
0.74355645722949859077744
0.74335907920857213770915
0.74330193901542374046443
0.74342937595335156775178
0.74280606613002053695283
0.74239885258125326572554
0.74215654918555251651213
0.74212068482558346538269
0.74219503474256431907463
0.74227091455430849187280
0.74113088315264230576673
0.74113773957259587721325
0.74117538572006746999676
0.74137556594264475418044
0.74182057189138539410322
0.74243980500004580491691
0.74211043231271978104502
0.74140348549441859038467
0.74089050603228667757350
0.74063813629737529353747
0.74056249558267683852364
0.74056324669403661431488
0.74033913427410358298886
0.74044147503013379996162
0.74032234738685509523037
0.74048802340955088840957
0.74092807995712706148339
0.74159566796391096499264
0.74076889265628809155828
0.74022633524011838268564
0.73996907609166295838321
0.73999956660645549444411
0.74022781617082111793593
0.74055068316261141170287
0.74001758897801483971790
0.74064925663328406990615
0.73950039803462652709953
0.73921540103018912315491
0.73924924498344768419855
0.73964114885156018175394
0.73839131619441356058076
0.73812297369949420033919
0.73826112416789591019750
0.73878658785245188145296
0.73959259440889801862085
0.74056216033360522388307
0.73898357940312919822645
0.74023865707621427922902
0.73795712138354674358709
0.73729833463236049695411
0.73708200094697595705640
0.73731835859334216021210
0.73674752055909764614228
0.73642757940043601649904
0.73659507693317161081126
0.73726512396247212421940
0.73836583565267654982733
0.73977935885392165360486
0.73798578798951852686372
0.73939084452043657424980
0.73696118017646616848992
0.73642484153114473599544
0.73641729991217652617763
0.73689325518670589776349
0.73781023996439476508868
0.73717230440988146256132
0.73697142923421166127440
0.73727571927291346565170
0.73808138079452223490051
0.73931668824929819283653
0.73879452237378995249628
0.73974429556236975802364
0.73827906877767901505649
0.73824340661059251189613
0.73864478942620959145415
0.73939021693676254542993
0.74131179186526996449658
0.74059183134868566966702
0.74006460901240012084656
0.73987746503091944560992
0.74009846002016477228835
0.74073108289744948873334
0.74181980955481541251118
0.74217491886495678965474
0.74183462897158503057682
0.74214839532292975476935
0.74267422368168400925725
0.74325977196363635091103
0.74491082101639860546527
0.74456997165733695975831
0.74413919280475582240797
0.74378661856567462873357
0.74367832404579459204541
0.74385023053457255404197
0.74535186538239006637241
0.74545417657383550302796
0.74548436137900375708654
0.74574806160643170027669
0.74603010916071132996308
0.74610788886877277281684
0.74606165414200442675963
0.74668304551403275048926
0.74684553794155361661211
0.74699459940996426610127
0.74687497230860533381502
0.74669359158573489487765
0.74660616933060641731146
0.74671565760048719262443
0.74735266242937881120412
0.74747493164773048945904
0.74740976038484385757243
0.74754250432473501319919
0.74757566462710789423340
0.74729288691219586393544
0.74703869449361870458404
0.74739340244056340356593
0.74769469138241384520427
0.74799628221385605630900
0.74794403463024028422268
0.74776955180655602095641
0.74765384725335903848276
0.74771558522093373166939
0.74769192640473824962299
0.74756477201611526428593
0.74799392166032419027033
0.74833189233648367277851
0.74851103392242468448359
0.74827088200119151739642
0.74795149070146738079501
0.74876089517863897437877
0.74910680566613474518078
0.74925893560198020271201
0.74889925647508182038337
0.74830322066157095584060
0.74769409021575428120343
0.74723544038364964059440
0.74783221522444942586105
0.74693751405959907252452
0.74882150025426208461710
0.74969816334404426605431
0.75022151373304535315611
0.75009040083265632326004
0.74966661296362724353770
0.75032526176849290155957
0.75093340643662309652484
0.75117115421582891787722
0.75059179727367031365048
0.74949155140268797214986
0.74814346411925169988422
0.74679206210785331609969
0.74849939221713168713279
0.74677216148976210963184
0.75009296431619609801800
0.75127838932620583101141
0.75175791100330335847701
0.75122561875678550702418
0.75030244286904557160511
0.74922094707132902424718
0.75058815735780004541056
0.75157366127899039032201
0.75137896313973762119076
0.75029631868900970026459
0.74863685842375105039537
0.74669988407353571346903
0.74823370528212251873157
0.74629885345151913966788
0.74975943505591557958212
0.75055831946499063089817
0.75032842932067511654282
0.74878808671484131664897
0.74689188473040790672286
0.74338579724814635163455
0.74584530143817051595079
0.74794273925683685266819
0.74865534329288530024371
0.74824958046188083660155
0.74703045272606127813475
0.74576703254333576165180
0.74491325272137498547664
0.74576044320478918070449
0.74457996463842668344313
0.74202676868909600571556
0.73912763989818797139009
0.73461102451464521667646
0.73782417958238255550896
0.74070325068526066125685
0.74215263431977718244781
0.74250682655595467984710
0.74197644974186138799865
0.73886764565993889863904
0.73851854286173190811127
0.73836436935551252869203
0.73675601511425059531035
0.73384243103117052786644
0.73038792472630142960099
0.72684673369401542331047
0.73040350803144471480977
0.73327878899457055172917
0.73486405114643782443551
0.73533955231950842712507
0.73497755123315156033925
0.73232106648457284681086
0.73174496872728234109218
0.73197631083479941516146
0.73048722238753038826786
0.72765611780201877589747
0.72392920280302708313513
0.72112891533574297042719
0.72525344532534219421649
0.72823891551138975053448
0.72972295875494652683813
0.72991113850314870425962
0.72909587342751192018397
0.72795043483850274679270
0.72699879501114672564199
0.72770999718626849794845
0.72595918575967410824035
0.72245345801300708821202
0.71747491380960437545866
0.71171732246727736903580
0.71816895664731050796803
0.72270632832433034931086
0.72516588893620625988490
0.72585634053283143440893
0.72504331338003613627308
0.72274726148241041912001
0.72257524932351080426685
0.72110885395509505269018
0.71734318573863398160739
0.71122780985139277820650
0.70255317990893928481455
0.68932920927610263905905
0.70045213332008304796261
0.70884441055595426295355
0.71450008836948386559129
0.71771605257821480261526
0.71871303173395639785070
0.70971645314287190586811
0.70439353368255641640872
0.69622111019594623559925
0.68513642388876005995257
0.67113678276423993640520
0.64777880693837541770108
0.66497322051180340896082
0.67915600846759283104603
0.69025655408825781211846
0.69823713888360516843790
0.67199425482539465459553
0.65772919480249170121056
0.64026928795168480679223
0.61983592819440336274539
0.58801009867350695348165
0.61177087869544555243095
0.63245515941845398266707
0.60449762160176156999825
0.58079353000800526540814
0.55417324826528169268158
0.51980350083380777448383
0.54856949665350751565995
0.51697422429913364450016
0.48632411302606831648987
0.44504701785437145167279
0.45564815080664083923878
0.41684775195601786457189
