0.03423103352429195805895
0.03282805735040416478254
0.04085512589108655084891
0.03956789745467764046749
0.04636509638158291257692
0.03822562824239603140875
0.04532676011442768326809
0.05034709778764834275933
0.04964500367437404970694
0.05266478320301827553696
0.04425536744299381902712
0.03689531226310337891361
0.04310729139312601682077
0.04888793781539284288851
0.05230098618916722424954
0.05351991237291507663709
0.05341918397689023045860
0.05338722120756354827531
0.05186163252881348384449
0.04804455684885596683520
0.04187850979315236449319
0.04062946260127743569601
0.04713190715411996745132
0.05136656400467742855653
0.05326983618756188365584
0.05344196060890438887414
0.05288746218158325157477
0.05297396727875984534517
0.05347656733333231576788
0.05307179630973547779238
0.05078415284648175181959
0.04614151102433577261719
0.04544787371923100782745
0.05013642431398161736222
0.05281235934613971033658
0.05348194757693758988326
0.05305964167084357280268
0.05259608608065663437614
0.05263322686856512083731
0.05264878472266279474390
0.05314653741306526318899
0.05345380515233888463200
0.05248997639079708288357
0.04952431525345966228935
0.05210495668690284798430
0.05338578861237593120581
0.05322726631823196385973
0.05268487966324959109743
0.05259405641755572624607
0.05312263267305630809467
0.05300220824040947215083
0.05374541380678187624254
0.05255522859881232161650
0.05274959655008855385905
0.05329279560476631733001
0.05327271945858225860038
0.05334234833687485216602
0.05282502945060735949356
0.05253498116018618518952
0.05288999369212401407969
0.05362381959654970164930
0.05419777198490282471566
0.05413071109636068828364
0.05431261072980875237448
0.05349494691250453876075
0.05278597310925354363365
0.05253397917662021993079
0.05290699079877385357928
0.05255110397992857756977
0.05269342094006977672560
0.05336312450605238538737
0.05404975607017888095118
0.05431593682996525146445
0.05413722474777292459347
0.05418491148040939509034
0.05388154470081166214079
0.05430614862543944182383
0.05395566857796069148989
0.05322865782246513632892
0.05261710242161709433217
0.05309961719732874535493
0.05384672781528947876906
0.05428205375066035009990
0.05422813026558066795690
0.05392475009141653452538
0.05376805507512437409812
0.05376722351760861856595
0.05389772114099338623516
0.05397152142034911809221
0.05426325314655706250067
0.05424252646629807578238
0.05372629059131231454849
0.05418737584134385165680
0.05429038613226745690898
0.05402433603607778578315
0.05377791687300819550854
0.05384803579463698364194
0.05420183226480603660979
0.05412681438338935724364
0.05450201688699783664216
0.05380654361846895494814
0.05379946022247322073850
0.05407908397828763147341
0.05430656015848801115853
0.05430442129828605413167
0.05422619046072920528934
0.05413221093367959202425
0.05382994632875635898639
0.05377526712860212360079
0.05405647656984445548201
0.05444516427530322194572
0.05464915578322711298132
0.05462991637551135870599
0.05460454257558682716889
0.05438119717989309959139
0.05398809160441690041532
0.05375475028250691761356
0.05387066904864816485610
0.05398072338277897647130
0.05377711848194014626623
0.05374635936434622035529
0.05392410313678219768718
0.05431228473280710206117
0.05460250196915020920452
0.05462056515938857464976
0.05446054997042613227132
0.05448557339589253645240
0.05436556735550605173879
0.05463087911067174978763
0.05456599918711280139405
0.05423973778231466064126
0.05386693148965086830326
0.05377044391039090959206
0.05397804576240534252252
0.05416604892092274914361
0.05452030078566142551333
0.05463524828853461023925
0.05451126026786722034156
0.05437025747295968353123
0.05442163857417171846098
0.05439236518369684747487
0.05461491090530667252834
0.05437995888008165940031
0.05453646701296253201940
0.05463211958042300114835
0.05446921655434032449872
0.05429049728093995191847
0.05454026071496077820999
0.05462070851957910588848
0.05456082139702058547703
0.05439590027711552200351
0.05437022998475951607311
0.05456566420965166391843
0.05483250891674427973665
0.05479097153388288315989
0.05494412182645593695218
0.05451879364411674894209
0.05435425082568010046735
0.05441593625757552149524
0.05458164411022193435175
0.05462452883850302948199
0.05454563973908031770943
0.05444059991734277043074
0.05434560521857640519316
0.05447324914883229507456
0.05474358555940091880521
0.05493227510974980909442
0.05488800407228810324112
0.05491086135316673028095
0.05470994337340683022486
0.05491284489265205875919
0.05469413391507083055387
0.05443352006673109894086
0.05434431511200035758158
0.05440776181725840571213
0.05433912563105122717211
0.05439804935990181361527
0.05464360777048597739292
0.05488543278289101379208
0.05492700105256918124974
0.05475000236526456759423
0.05452298152367485856162
0.05455657760470303263567
0.05443173379874449019367
0.05478855720426267089662
0.05493611143163163595959
0.05485252445385993547156
0.05459146887894869570879
0.05441621849887788575639
0.05461157255853392455958
0.05481272229290094083476
0.05493768005633903328544
0.05482475298115775663721
0.05459307903056638544559
0.05444232665168284579504
0.05445531104455799548125
0.05444710269708705890901
0.05451965111608806507926
0.05445753942748519232930
0.05463249685584612574951
0.05485774286684651918078
0.05493195479705745981613
0.05482224641618670124554
0.05493108414561218011407
0.05488554220903399394338
0.05467239769745790151090
0.05447844949338716269427
0.05444131744813655859883
0.05451185632658996776945
0.05451284811841663330290
0.05452666477983660747730
0.05450219151563196612331
0.05443838786925628281388
0.05450401967845124734380
0.05471501168023928940443
0.05488773897615779190362
0.05472880903014311348986
0.05453419730512933799593
0.05443943259714349031109
0.05449200603247245783267
0.05453569971394227333672
0.05441221871240756180477
0.05444754401148078903905
0.05418371977824871371654
0.05453940995106264927328
0.05448123047971480115148
0.05444580011635451188834
0.05455197895021508813773
0.05445419757495870843877
0.05447089487047911127160
0.05453886383553665367918
0.05447891164362105714813
0.05423578389757311574160
0.05395309708885191735117
0.05398971404979643895494
0.05385820291056683806197
0.05428465244177829718275
0.05450561396826560794926
0.05453522272664464154435
0.05446347265104346802023
0.05452861189836905736472
0.05452682849584336577387
0.05433464157523830440066
0.05403338232541038399503
0.05385578589024368062477
0.05398106172493585819261
0.05393037524447568537012
0.05428450295008675763331
0.05386306463877905958970
0.05408146256274794227981
0.05438048389508905178236
0.05454271140477990470474
0.05442521605265998596579
0.05413434970728404210805
0.05388093609052529986414
0.05389048811297871000026
0.05420389325271646879800
0.05463731702811115698015
0.05455983669837088240184
0.05489626171899986833980
0.05412887897252965235806
0.05386057364390239854401
0.05390871453269251156737
0.05418925805592399169708
0.05394374093010567694506
0.05384086409859233091080
0.05405895922494255434465
0.05447961023697564519885
0.05484773856544480213904
0.05498693842554884525509
0.05497402157209750617195
0.05493829594914123592986
0.05479077427581653669808
0.05439675943725051643352
0.05399502683971021260723
0.05383274505983918351015
0.05393991104236078859557
0.05431429687433107084127
0.05472822008585561531779
0.05495445227921836456320
0.05494791739433213528798
0.05485589914665182226239
0.05486377532303580994988
0.05484480513132336532145
0.05495434276428119019231
0.05492726531932229372401
0.05465926929689660096479
0.05423222963979520278022
0.05458536571376465529326
0.05489185376341777083953
0.05495744428721625884915
0.05487425149986813882608
0.05483401967082104921936
0.05494058745139655114409
0.05491055901446668940924
0.05509018520369901583678
0.05482706498883319068405
0.05488513408384552982877
0.05495567314884987342172
0.05484912327903237322380
0.05476296998890391870551
0.05492442739027143805419
0.05494809207899505054673
0.05489650356690517485347
0.05482460936713802468478
0.05488353908413323017923
0.05505748619120554021578
0.05519872915933977941538
0.05518172595395207102875
0.05519895239806894143841
0.05502345819042506885888
0.05485941950620763091218
0.05482628663274356078938
0.05490763403830732636290
0.05493561792146910843782
0.05486415023190575196432
0.05483145804531146250138
0.05483923146414727139986
0.05498844176205564676652
0.05516014192258109766209
0.05520554541461113184919
0.05510240351611497139350
0.05512260101360183517372
0.05499211152440319078094
0.05520688329605623334562
0.05513461291002275110884
0.05495489052458638751242
0.05482398007506619069806
0.05481328455447975062098
0.05485120753399153753493
0.05492193895502892747595
0.05510543858410755363453
0.05520382309309403157105
0.05514238247366249484616
0.05500701835923214183532
0.05496407454479007581583
0.05495580863738674937125
0.05505738567012582324045
0.05502348837172366807780
0.05515893392807325046334
0.05519678603991633181192
0.05507300796593861402783
0.05497636416620896304686
0.05511834323141834302007
0.05518427841096104624619
0.05517386297539297879133
0.05504328695319708752987
0.05495296682615172928488
0.05502688613080141538658
0.05522084913828532309887
0.05518473898916148590033
0.05534360818744839261019
0.05499840574866676073951
0.05495483173094686119020
0.05506546287952377577435
0.05518517824542558403156
0.05519571593909116530297
0.05516639170291481181208
0.05508808423664166009637
0.05496236832201151223387
0.05497516161744138429857
0.05514732764795889086162
0.05532614425368748145573
0.05532742698578351631111
0.05534452786365898907528
0.05514958813280456534356
0.05530252888728468679824
0.05510849456806179991197
0.05495692786583294270342
0.05497463612874433497302
0.05505959902956312351785
0.05495964176603106154939
0.05494421129370608003484
0.05507171673134549777506
0.05527371822486582680911
0.05535412317238667251340
0.05519930921726887151912
0.05487784829711488815418
0.05493811471743556551495
0.05462949056188923929733
0.05524178926809054229752
0.05535538158779994971637
0.05524106704896546149453
0.05503609503980748385299
0.05494651755542363097407
0.05504703364081120486873
0.05520462480533258609050
0.05534929952050623297444
0.05527824548343410887563
0.05499971253437348217563
0.05467734763775540518527
0.05472959547643291983166
0.05451578973493794583183
0.05505801558186833311037
0.05530955327722553854786
0.05533628486666403861749
0.05521013355600810218471
0.05533566829070084985842
0.05533249387962618087711
0.05511425587852828572588
0.05478513111318800837823
0.05454387444695877468215
0.05447861245384229972322
0.05448353658183585634944
0.05450466149818792432891
0.05457732281903091703379
0.05484463027230772336207
0.05516671966312860359016
0.05533575923600766999222
0.05518709049874803013180
0.05490605468034025909985
0.05461658376433323885957
0.05449247223165998299521
0.05450346935952054411301
0.05449898102310665737313
0.05450820741701145610847
0.05440567493180233082928
0.05450205599156498353919
0.05450634156077734104873
0.05466266423108307598300
0.05494133813947728317562
0.05470167245641928410738
0.05452570469397282487689
0.05450189005995133284532
0.05451533109203300642154
0.05442990836350387190423
0.05425771035873089287449
0.05428323603055552892815
0.05416072466277908198373
0.05445299214422555378334
0.05452065601138101486045
0.05450399897983163738369
0.05454969430850432204894
0.05450827038302637206346
0.05452411774084599954682
0.05447353049666817798036
0.05431101166162154159078
0.05416269966375104188971
0.05422431173844654422878
0.05418520752712895072190
0.05448265136489847254575
0.05417091501831734073891
0.05434035872138941181131
0.05449301925014423536586
0.05452631179450564968825
0.05450977089246152040847
0.05437133343013005742916
0.05418758865467896562729
0.05415483400689250631510
0.05440570312147331027974
0.05485850520287055553936
0.05476696468653125676740
0.05520575406655332806327
0.05433548419184296845996
0.05413509543155757552935
0.05420974652702986729125
0.05440206248657262350088
0.05423787922575939307590
0.05412400605844441131564
0.05427163260780742959355
0.05467795392980487334533
0.05513356711982102253966
0.05539556970626941662106
0.05536333158639124285560
0.05539116924758967497322
0.05505535169768482200991
0.05458853225864401803591
0.05421585996860626283089
0.05412198450125506321573
0.05417036215777934482496
0.05450056876735411004464
0.05497110901152586770468
0.05532171637348409776180
0.05539778380971704246916
0.05526656414488009816388
0.05528938745724083780875
0.05515256197890355815971
0.05539691812272835858000
0.05527245756865201836705
0.05488205575985150713736
0.05441786582090103047138
0.05479082219466593905999
0.05521270068147455384322
0.05538887304546883522116
0.05531080348150245462602
0.05516471519423347263933
0.05515195382723669936809
0.05513891546280447197859
0.05526621690615107079791
0.05517997934825132066994
0.05533028993807859868825
0.05537216034977538586803
0.05514444741702299174202
0.05501573376757949024318
0.05527960361401984545893
0.05534632941054421634286
0.05534517208688047307241
0.05519900031607603840822
0.05513058586194941046443
0.05523658597848487422644
0.05540051487434340116156
0.05537739042601499961371
0.05543081389635644284919
0.05520807200084518195915
0.05512810836981214823727
0.05522024392456332392287
0.05535538434735168961121
0.05536962524377609523585
0.05530543390665355885094
0.05524270071705830731368
0.05513034592572998993099
0.05518265288188069911390
0.05535089470974325492891
0.05543671439073659390484
0.05530003585377398639400
0.05533694813905719322999
0.05506437440931355453699
0.05543567545955358638610
0.05532249749372433050842
0.05516067533025337948915
0.05513711688869527699497
0.05518477595606272045892
0.05512179716204351070941
0.05514211168148724917515
0.05529200165782222758937
0.05542865000878128417527
0.05536882718931077085323
0.05511103664945740665537
0.05487069217787801655994
0.05489500263384234496344
0.05485481305886773933933
0.05515881575781985540763
0.05539543606204855308306
0.05541593990041582956652
0.05525981624846455081412
0.05517440666673160271083
0.05530838881162026404725
0.05539741777560158036975
0.05541569604204100302214
0.05520745673864518865415
0.05492729747702904119500
0.05483736134518525651149
0.05504114931689828293937
0.05498885118153509776739
0.05530142141201731947886
0.05482811560391651767299
0.05496679027722903287945
0.05525328565043922945943
0.05542899294477000166070
0.05542127524258205067964
0.05541238509596940059465
0.05529727408328249937952
0.05500986683294772916497
0.05482892099902337418316
0.05494011249966394144773
0.05525116827816942827178
0.05542117609323667093424
0.05541633635014259207097
0.05522984584352921832995
0.05519529254231338166736
0.05489889668688834045707
0.05483917250314524621801
0.05505817968968548109521
0.05525458803931777157503
0.05501831166539420531203
0.05485903249759568889310
0.05486417502301809551168
0.05513767909785689119717
0.05539912770214772130828
0.05529526651526495834021
0.05534683220702967670901
0.05483932760774872655629
0.05537019718316526367685
0.05507984789556639310115
0.05483782273279811519950
0.05484426837846071572935
0.05484317945157404089462
0.05502333334488992977462
0.05533129709086226366566
0.05538319475738231328910
0.05495411670170032708560
0.05419201775820182281906
0.05432743561852772934406
0.05363001492802831754458
0.05505982225044654676527
0.05540572498170432541587
0.05528394414005707163673
0.05502915220135650570255
0.05528173993599966307144
0.05541304865471852886261
0.05515336646129107706082
0.05446682396555697913687
0.05372885244785647468335
0.05340009192606891968991
0.05342716514028118812707
0.05352318283141292015737
0.05384180735915749388409
0.05460051547635075969156
0.05523438290565137881449
0.05541206615789658757043
0.05526410685758061797079
0.05473149472115549502016
0.05396119987084509184161
0.05346786802999575066719
0.05349685212195113420686
0.05371091618307408804833
0.05371273919359471210599
0.05345391486247153683964
0.05347484512976435899745
0.05352387313754050635062
0.05408953941181474101008
0.05481552063303514465975
0.05420567590757656428746
0.05359399658247539222078
0.05346104955804194258651
0.05369908468967198034161
0.05359114113867709944250
0.05219590184331322074707
0.05256906015896827683020
0.04954484000038356095175
0.05369372541940824888895
0.05367399448743410961260
0.05345735715879667421246
0.05367964600572876221474
0.05346665608763882110432
0.05364320588765385949825
0.05376475339209463299994
0.05290244792101966159192
0.05023099313914969332728
0.04535753925891831961348
0.04632314603117763246454
0.05084186334168454279858
0.05317503785432289159507
0.05380488121307403642790
0.05360901979965286556773
0.05382082213574439222281
0.05340152493866207744633
0.05139456298069399603490
0.04726343936080940055788
0.04101757311650816584248
0.04221935468461502499737
0.04812845535867221052895
0.05189955114398052404834
0.05358726843822004398676
0.05234484134870194538269
0.04894273057636334967047
0.04335028956041056535931
0.03737114186908435664591
0.04446783146276441639477
0.04971088772475485556557
0.04553672029952837707611
0.03864572131928569603820
0.03201936664563612838785
0.03994717910707349523003
0.03584975249312248590794
0.03343377494035378733050
0.02937240992981809267759
0.03423671059218068996044
0.03283390256145005819954
0.04086188894342755034694
0.03957493199099307995548
0.04637275708738377438811
0.03823258262225782272425
0.04533480605189946222033
0.05035540080770888743400
0.04965380210701809959861
0.05267345219342903228643
0.04426340902317538877897
0.03690213209952037526351
0.04311525777841836853943
0.04889681028978255794559
0.05231023999309998562257
0.05352870538654197485329
0.05342861963903997729597
0.05339597545449972088027
0.05187103331798505190253
0.04805343381145169012747
0.04188638403034924267976
0.04063693471416814084751
0.04714076754313471090407
0.05137605240096425329721
0.05327948069333927894053
0.05345138419307558785842
0.05289611766606983761507
0.05298329217231752263917
0.05348623753333759528461
0.05308159663565748670466
0.05079369755149851228815
0.04615000509891073465774
0.04545590454034523913984
0.05014566305963505388199
0.05282228280454166757796
0.05349182037425214558679
0.05306922467513629226854
0.05260532793810967361336
0.05264272116580030747013
0.05265801890412428326593
0.05315634489037505960862
0.05346384686056165902457
0.05249965837806305074542
0.04953306148097876004943
0.05211415668447196003488
0.05339564540875468834358
0.05323726269480853062754
0.05269459827569027837724
0.05260353227919544599755
0.05313193281380609173103
0.05301174626681383339477
0.05375480552133767020440
0.05256491923406335364799
0.05275949994045223134798
0.05330264466345175505824
0.05328213683121896249162
0.05335178952262305263066
0.05283480184389799383382
0.05254484095618534855721
0.05289974148806188963823
0.05363345763063431803630
0.05420722476811948298270
0.05414042823724384001505
0.05432206507072368656397
0.05350480147233280941999
0.05279587682979040158537
0.05254370732313658198809
0.05291636540792725440507
0.05256042554919313630757
0.05270318789494619210467
0.05337313301684259297941
0.05405970799211031602161
0.05432567554142702509479
0.05414662998050601833144
0.05419461508094054746909
0.05389088701503713663143
0.05431614240220448280860
0.05396578423287059361746
0.05323853325365920236001
0.05262644539058462800352
0.05310905605104206811395
0.05385672737780433649846
0.05429222628530276650860
0.05423810371054572920801
0.05393439524569113019403
0.05377735907294679817969
0.05377682861161630495372
0.05390702845708857104956
0.05398144169647705464810
0.05427341815723861484511
0.05425260894084076718213
0.05373585029382312028279
0.05419702694995470054762
0.05430048685351407389277
0.05403445213838269783890
0.05378779532694751702726
0.05385764350860136606691
0.05421117262502447853301
0.05413646019292770589226
0.05451138944340855330140
0.05381642082695675677328
0.05380952973357899793427
0.05408915418179561368506
0.05431624134939817133416
0.05431392393746500846241
0.05423566886960318883526
0.05414187005700450000534
0.05383997876207038957297
0.05378532743490753442739
0.05406639254442413555779
0.05445485497215857284559
0.05465853397245123285186
0.05463962785127359639281
0.05461389310454463352773
0.05439116514275738056838
0.05399818708511987253029
0.05376477746481697628234
0.05388029000703293408536
0.05399014866278803448374
0.05378649790486032117309
0.05375596656466746087188
0.05393417053223810431195
0.05432243613212044824889
0.05461250265702791845124
0.05463026283190761805963
0.05446985557653512971532
0.05449523530714565910937
0.05437483648550599929505
0.05464087710866436659041
0.05457619328326125673900
0.05424987213774076777462
0.05387656761216789297331
0.05377981217504245597949
0.05398744105660061715080
0.05417574637822703681467
0.05453049567179225898261
0.05464545013106756471410
0.05452122786554851330276
0.05437988709084620730927
0.05443089702534447543725
0.05440198662073651714177
0.05462418176022264260094
0.05438989346691564669145
0.05454664495117770434129
0.05464234342701541208287
0.05447897589609337898331
0.05429993835172351734908
0.05454973711167733496641
0.05463050255756508877258
0.05457103991290707806217
0.05440604696403969486873
0.05438015371173858525378
0.05457530399750757515998
0.05484179579608843696503
0.05480063893670029939731
0.05495340654919252110222
0.05452873522657798732727
0.05436438465031332573085
0.05442613515223737596926
0.05459143763220428158256
0.05463401232841352817005
0.05455510338809062970133
0.05445037514887158397459
0.05435579803480639071722
0.05448339950438305795410
0.05475355838816420989135
0.05494195536727209533412
0.05489725837880685826997
0.05492052549542945916183
0.05471914675633212515882
0.05492283823175596324528
0.05470431969050802700760
0.05444373627063021914285
0.05435407962536561998768
0.05441719677025294577000
0.05434854482858555296820
0.05440783034535413148491
0.05465387049611078462696
0.05489564887643293839004
0.05493698633737213038453
0.05475962557390227913867
0.05453213231632675350724
0.05456615435567566119168
0.05444084798861033303030
0.05479850653069050225863
0.05494633149772846364423
0.05486283300075534691276
0.05460129059798151524019
0.05442564825918135007488
0.05462103475943263369841
0.05482258995041765919920
0.05494801072874880981667
0.05483494664264921408803
0.05460298198604505992559
0.05445187108137403836361
0.05446440796142192758422
0.05445663547520158270787
0.05452873763954615982108
0.05446740627464208284181
0.05464264894301114339203
0.05486806435086838407145
0.05494184980815228908080
0.05483174531099752752050
0.05494060326091490531475
0.05489543506003034117890
0.05468269014164010149992
0.05448856716533174993078
0.05445116940789356679842
0.05452138768457116813071
0.05452191215983388794530
0.05453618585144402036713
0.05451204249757828773637
0.05444849249698240079010
0.05451428608414986970443
0.05472487922089961515093
0.05489725313940148343494
0.05473829963079029914397
0.05454403768199302116049
0.05444969198366438750680
0.05450211491611504227572
0.05454554462374475165554
0.05442170704988337492924
0.05445736041750877387546
0.05419315553880157954048
0.05454952158430639852504
0.05449150240315127347035
0.05445562966720125797071
0.05456144442428113167098
0.05446365308640912367144
0.05448073448012957092912
0.05454915124280890204034
0.05448900589434986507786
0.05424554917645896257028
0.05396247970083999090374
0.05399942189544759685305
0.05386755573014662124010
0.05429470480792548264803
0.05451589978431518185298
0.05454507919943034355281
0.05447293759096187570901
0.05453809870855496483300
0.05453668842540695255172
0.05434489908247855383117
0.05404338225237507314924
0.05386545651600593148656
0.05399042265027210324435
0.05394004595611848196235
0.05429390325533386268964
0.05387302701987234376801
0.05409167572983934746400
0.05439032194960752297774
0.05455221296829586286048
0.05443470955077701206593
0.05414414840501061837452
0.05389111468895127488032
0.05390044912896674311753
0.05421359900197363079766
0.05464676478841458406865
0.05456959180480884519238
0.05490574017819492558257
0.05413887793136545889539
0.05387075160898804893073
0.05391847708034867847626
0.05419872258925755026393
0.05395317445209903833847
0.05385061854273284764894
0.05406917755787463836237
0.05448966790228969986343
0.05485753073048091343900
0.05499641839891775130233
0.05498382170974409899333
0.05494775344160409552563
0.05480088296641864170633
0.05440704405763897855142
0.05400481303802891902555
0.05384217106607670777496
0.05394936815091522924748
0.05432414506621986022283
0.05473856940653561847787
0.05496458442961354995404
0.05495769780419516165049
0.05486532818747478362775
0.05487352540191641619982
0.05485421763047620274945
0.05496446831222928652849
0.05493765430442076186379
0.05466918371484968258711
0.05424175020029944893629
0.05459496033408878928883
0.05490181410085192420523
0.05496784096907431083068
0.05488435565857022191416
0.05484374905728812976680
0.05495000148879176232741
0.05492028659743175555974
0.05509960995036740361019
0.05483715377636029508768
0.05489551837746731166590
0.05496564820570902509811
0.05485877623544030412539
0.05477261568461075369463
0.05493411683484222124418
0.05495777472258582541098
0.05490647096764494222709
0.05483498303152135877614
0.05489363132984879933840
0.05506722408228095777538
0.05520815744907711652978
0.05519146958088793492037
0.05520836533030710341352
0.05503356905264297077585
0.05486980052438536481496
0.05483624425829786847020
0.05491732187862907038634
0.05494532439272614698922
0.05487385859917401353947
0.05484114451952313423755
0.05484919466302933671598
0.05499884785383973156980
0.05517027072302720797081
0.05521527693315185503220
0.05511178427038224136858
0.05513230166849881347391
0.05500145776121044549622
0.05521701371604179064967
0.05514504684850817656239
0.05496487702344759335160
0.05483367700860897892001
0.05482299755906411276030
0.05486094072439348656722
0.05493166522292827064211
0.05511545480715381722936
0.05521426980576758097863
0.05515249386897062150448
0.05501668229893765665883
0.05497340029696357044386
0.05496544675490633996562
0.05506671124145212647960
0.05503357040737934940955
0.05516937139492081310088
0.05520682112479328995658
0.05508277327016764673973
0.05498613221317188298753
0.05512814795598344058680
0.05519407565304774998527
0.05518389634926734038656
0.05505370190557402204634
0.05496302849839590498604
0.05503651964479594482782
0.05523018592038881485751
0.05519438306635515018028
0.05535294903041194231053
0.05500846839509610647356
0.05496522905615867926610
0.05507547823969825839807
0.05519498741357631993454
0.05520554467546109900233
0.05517622442689500833479
0.05509788810464785052678
0.05497236650058055090762
0.05498556124155089264161
0.05515740997962002151178
0.05533579602650356282778
0.05533674844500775791278
0.05535416541590670175266
0.05515886287574140595114
0.05531263156523924529040
0.05511891743066459764533
0.05496692648409963466438
0.05498443204306725784480
0.05506942091522541021797
0.05496945221115259044842
0.05495401392354996861211
0.05508173790051219820274
0.05528417050764800749763
0.05536422727092196738319
0.05520890374951228918299
0.05488706024980328362917
0.05494764615437841559498
0.05463864353556374675591
0.05525186491807287936240
0.05536584713762440074225
0.05525112029049130540903
0.05504592578345861297873
0.05495633036703504586962
0.05505686748923525886124
0.05521449734815947474331
0.05535937352404130679107
0.05528869364643799327874
0.05500973610699067678498
0.05468681640807593336007
0.05473956167614433404589
0.05452521291450105472842
0.05506841884728626984602
0.05531962104708991467827
0.05534619295319875842409
0.05521999848705054503295
0.05534555592555290975953
0.05534241329807849246736
0.05512428922032550776544
0.05479547936913220507194
0.05455379841979117461204
0.05448801123051376371631
0.05449344124849751086481
0.05451404671390971956590
0.05458762823890909998692
0.05485461545070760558396
0.05517662108292733375015
0.05534564517979521230950
0.05519694673388032823969
0.05491592057967584206146
0.05462652821346390685786
0.05450275764051917826158
0.05451336952677956343427
0.05450834726567723581558
0.05451809996157060134170
0.05441500712071124096214
0.05451233860438118444813
0.05451626628910836297459
0.05467249799190606468491
0.05495114592410384191101
0.05471143166909131494435
0.05453552536743508372119
0.05451181450612303802661
0.05452561124940055042876
0.05443977791637791274759
0.05426699891530090136271
0.05429307012853319680534
0.05416997820326822921100
0.05446325559054509407586
0.05453058464221988144160
0.05451382735128408596470
0.05455941618872621468039
0.05451799321111282931041
0.05453396088949193087903
0.05448345095419121486557
0.05432124312496232343417
0.05417250328647561785633
0.05423355780313057761255
0.05419500645338589522870
0.05449192310441191428039
0.05418111426962993887324
0.05435025491397437596985
0.05450286783824144498656
0.05453604592307025739073
0.05451951034208488144905
0.05438117098190493881038
0.05419745718936691547540
0.05416502400620121226993
0.05441553265559167379406
0.05486782224371927751960
0.05477684995029744735584
0.05521511098912285780971
0.05434570178635257653443
0.05414495478525026272987
0.05421956588666468346283
0.05441179016953807262569
0.05424758497981487653794
0.05413382008196495481789
0.05428151698696044580306
0.05468822934186223089226
0.05514350910328105065394
0.05540493972378487952390
0.05537330557052135698859
0.05540051961002478986273
0.05506569099554601415258
0.05459847429186780870536
0.05422570071868242774782
0.05413167643942030926585
0.05418007017329497243541
0.05451047137659595365200
0.05498112067039755829212
0.05533209791375130748303
0.05540775397894234094442
0.05527587452442381948936
0.05529932786031283020733
0.05516183398162185363978
0.05540730580742603272881
0.05528252412648852753829
0.05489203781329863446325
0.05442762495154539192921
0.05480065479072019490880
0.05522275250455319084431
0.05539896088789018901988
0.05532116710637861173305
0.05517462303756783675857
0.05516120648315130797767
0.05514880857964184202036
0.05527546962055524676360
0.05519030998265399973191
0.05534036699697517797114
0.05538225064135732234050
0.05515434949920317714289
0.05502541224636372380052
0.05528931353422256861352
0.05535627434839903576735
0.05535526670859591824581
0.05520905295020712283405
0.05514089833620499508937
0.05524648610093447348435
0.05540977100526669335556
0.05538730487989696610329
0.05544005581677224209214
0.05521838986965756784775
0.05513814775880376828354
0.05523032483184295293732
0.05536533692129572137297
0.05537933620366494724685
0.05531511872693890136121
0.05525263891484154255007
0.05514041922891264879691
0.05519270219007512551235
0.05536122987107897075454
0.05544662843205653418588
0.05530923655789313914122
0.05534683336178014556594
0.05507351669535777427544
0.05544601687499483427812
0.05533257180467596181295
0.05517076271387693492398
0.05514704128820926976040
0.05519442509396806778588
0.05513142172031731264026
0.05515204260146439052548
0.05530212101190724871547
0.05543874300464058518800
0.05537914628439639941337
0.05512087045557157588549
0.05487978334477048442119
0.05490478641323016245623
0.05486388255992639961800
0.05516908524154159193520
0.05540552237104649779820
0.05542608992917466559369
0.05526977370616169976669
0.05518402773992706761286
0.05531802099341663614407
0.05540740546331598265217
0.05542585395009897580865
0.05521750841492501643559
0.05493751329100391572746
0.05484712307429834982075
0.05505023030218311047568
0.05499862810684647690396
0.05531052593831773528388
0.05483830246523112295076
0.05497679763986384332553
0.05526342106091741007701
0.05543899095078268224324
0.05543091576761925709516
0.05542201387078011382004
0.05530725319979219040123
0.05501996438381551862706
0.05483890263989128072142
0.05495030925809005900584
0.05526097998086611229329
0.05543028111055203072111
0.05542616514234737640221
0.05523890030678813012344
0.05520552501648986337690
0.05490889001218146603378
0.05484924533110824285131
0.05506812047291626682766
0.05526418071703449730325
0.05502785550793388991142
0.05486894222382947272632
0.05487425905777409962383
0.05514771523125960167588
0.05540938608943463822287
0.05530506118369369478183
0.05535706910223602006393
0.05484902889425626038022
0.05538027512456503848037
0.05508997782733279779954
0.05484773271252812304466
0.05485377505414817250751
0.05485268043651660846427
0.05503328114732734810399
0.05534147889857762847576
0.05539327417746325171732
0.05496426894951528946409
0.05420159213170200329657
0.05433745966690407824817
0.05363947748082604355391
0.05506984154924391555719
0.05541592588482869424782
0.05529394346555995681802
0.05503868125661305621410
0.05529130975803765724041
0.05542307585716553519628
0.05516352630643951704403
0.05447673445924978985477
0.05373875350358069818979
0.05340950095268054420572
0.05343699806170300325991
0.05353260044592434568900
0.05385160325452078428077
0.05461057856712885072437
0.05524438178123574488820
0.05542165630750250232550
0.05527367035036671177872
0.05474140649150929099909
0.05397114950157690799193
0.05347759481821006549707
0.05350668523097089346319
0.05372035370496657663564
0.05372259891371101991897
0.05346329389071844545578
0.05348457191618915390618
0.05353374601383512759734
0.05409933888295131998447
0.05482500670141998017071
0.05421505742284991880009
0.05360371061254330660173
0.05347091466677007798314
0.05370885103856164882741
0.05360096504516351917369
0.05220504683616251917488
0.05257868330779041921019
0.04955350755939619961099
0.05370348961377639784853
0.05368390255356240287066
0.05346705052758492920928
0.05368893994863008917173
0.05347592761782545001115
0.05365293698880441164434
0.05377468128561287141753
0.05291206718696245259181
0.05024017568368053382466
0.04536546239072615505084
0.04633160206045455059565
0.05085110667154117691791
0.05318485952444493986002
0.05381464551929106970851
0.05361833058818832320469
0.05383018464862196483800
0.05341122010231020428295
0.05140405798491094746527
0.04727203066988641677604
0.04102504966432138355792
0.04222702793463227466386
0.04813734902854469727140
0.05190897750255874659731
0.05359660458503661545349
0.05235397480542312853569
0.04895162335970197620139
0.04335830180912818299088
0.03737804987826925939842
0.04447591399673815615312
0.04971957454658774977485
0.04554468975001990660445
0.03865274817142617252985
0.03202519086551658400452
0.03995418062849505347334
0.03585597679458826098076
0.03343964323106190378310
0.02937751086248274398627
