0.05141433158192666719177
0.05063486461433613222693
0.05414533542270778820882
0.05367844976893797886985
0.05551116837483382332463
0.05314099821194667033764
0.05529444482903122376483
0.05596527853819268510938
0.05590471897718359700624
0.05598129782480889410357
0.05503715716433865701163
0.05255566002217196969193
0.05472470923154377359099
0.05582006997838646206178
0.05598331980278297564935
0.05591845435795355506725
0.05592265876154459136593
0.05593293948135994592130
0.05597695171490355697808
0.05570456382239604570250
0.05434906102697265040113
0.05392285013430047485583
0.05555338263788420910538
0.05595911385637435814244
0.05592824728367008085828
0.05592226382203415585570
0.05601264819892209229080
0.05599508481807480286818
0.05591312410699433854688
0.05593354752747006775060
0.05592619758420199621574
0.05536078263609862243344
0.05520245304834428545782
0.05587417390352846652268
0.05593633702768375376424
0.05590661834342929015218
0.05597838777126179499177
0.05606715400436734081380
0.05605615064531390551172
0.05607811409037948696676
0.05596131363877867442858
0.05590287606755204447007
0.05593518737985329197793
0.05580908093739626874008
0.05592790008739589868725
0.05590054985044259211469
0.05594444696890825408087
0.05604340090228755733026
0.05607968289438505088418
0.05603926573463410137910
0.05604462256777092282745
0.05600947634583890166748
0.05607967638518900066469
0.05602940876144809484449
0.05592956194644429362972
0.05589916899670367006481
0.05591622141457051192726
0.05601314184177334787318
0.05607726332881786401874
0.05605110394529901757243
0.05600626961956230859263
0.05604475721379228309038
0.05602511658502619396049
0.05614611098711401460104
0.05600623755119365360100
0.05605844026907429861195
0.05607293184572632871454
0.05599539249639735177810
0.05606655167106234377572
0.05606517728900185792984
0.05600863331905667902300
0.05600907330699796127238
0.05611677490394447603839
0.05626605983966422031006
0.05623803673010240727903
0.05634017484189896701752
0.05608755398910979239613
0.05599697752351697616069
0.05601465871878113372828
0.05607084154406186821129
0.05602262213167990417828
0.05598826928431597377278
0.05605984673049695804492
0.05620860619144912861955
0.05632754468653649454479
0.05634172851984596552821
0.05634427300359610979452
0.05628970393891463003255
0.05631084100375132600602
0.05617855872001586980957
0.05603501277452207357532
0.05598376208987587698829
0.05601327947348701263852
0.05614632763186231528829
0.05628982617119929893201
0.05634445718734343300227
0.05630084628937069568533
0.05623716535251373216386
0.05624338472239067548974
0.05622783051907556672866
0.05631070141067037737592
0.05634120237985847795548
0.05626609916283389911662
0.05611468549427208601932
0.05607006659638662238176
0.05618911482721359457182
0.05623980429320203644483
0.05633365367874686863159
0.05631942418150653190123
0.05625195756360430038301
0.05622314668749876093168
0.05627193950895007651392
0.05625601042107569033091
0.05634099683507511752145
0.05622048715218683212491
0.05626209745531741274194
0.05632711629560067240208
0.05632260884082138097106
0.05629292871336016162997
0.05633589040187835655926
0.05633244730254498289224
0.05627249101797296426675
0.05622088011565028881078
0.05624274855424048202845
0.05632329194118695925297
0.05639766843459256134841
0.05638370624224366828292
0.05641931005982338959148
0.05630464671210905214238
0.05623135848139227538356
0.05622450318959393289475
0.05628431446733750398437
0.05631406679974556434010
0.05625865478089070448320
0.05623065195784390096767
0.05622203356013167480087
0.05628651647143829983566
0.05636939782153835287737
0.05641349061724090091507
0.05641421384126120430746
0.05641204839109754259896
0.05640661957859138819771
0.05640562564624567593041
0.05635364624213647782858
0.05626978376382814339696
0.05621658057001573810529
0.05621853928156728130716
0.05622337795259944870363
0.05625448534734002470348
0.05633623161143091334635
0.05639658496355424988078
0.05641004486266894268898
0.05640414370290320472678
0.05641648795538301008889
0.05641018287282081877798
0.05644323269677781890197
0.05640137012382481773720
0.05640699795796064175413
0.05638652147884953141910
0.05631954396206470536690
0.05627190372480614377615
0.05633435247208525703533
0.05637445924602074026621
0.05640266465357107739109
0.05639957913467698313870
0.05640475527687453805026
0.05643512438865350144823
0.05646959366470131330695
0.05646282157231826553945
0.05647928437738689716463
0.05642666465691099919599
0.05639970801913357645319
0.05639781069406772651131
0.05639803210813625067299
0.05638060700103495609392
0.05639653916538377165235
0.05639576878029260026404
0.05639524764447419180602
0.05641892678663564669739
0.05645611679941185678810
0.05647639441159412604376
0.05647159828495677824645
0.05647045331945109436500
0.05646445122496970142612
0.05647254157636403398834
0.05644833528451861232034
0.05641162033456453145375
0.05639191019030263818390
0.05639301631024284944260
0.05639055407320718582564
0.05640430107009443416732
0.05644036923717156428726
0.05646884640929508702989
0.05646986224156577693911
0.05646079877475429498190
0.05647779913048832367561
0.05646864932662577774014
0.05651897267367055055498
0.05645802780106425056150
0.05646870480330214853160
0.05646429425482164116135
0.05643274821917007577632
0.05640474148640953200307
0.05643214307262638812501
0.05645869086196188268989
0.05646763403176405932138
0.05645682356937583440404
0.05646085499289103110110
0.05650457922242425878867
0.05657092738252824520861
0.05655720506602105596139
0.05649077748019090683407
0.05645389132468148218891
0.05645626655112202796349
0.05646678209737962528258
0.05645734707459992146594
0.05646543720599085658396
0.05645616667919744341431
0.05644882884955611940248
0.05647861426821949165644
0.05654277435153093334108
0.05659969610176775883792
0.05658968981753459415174
0.05660914003834736224485
0.05652733927123654300573
0.05646722259039302360684
0.05644564930543413683317
0.05645563491464587052571
0.05644350517407667466863
0.05645696878830307879893
0.05651237265419704197678
0.05657891489522545724888
0.05660789261355508861229
0.05658459757914312271421
0.05658900148310656852413
0.05654763764157349353878
0.05660435860474429675682
0.05656629847610271377700
0.05649784067362949302460
0.05644910539235083873910
0.05648395631471139072266
0.05655249171022366100336
0.05659929943446889016867
0.05659331086507382591044
0.05655240087844356361435
0.05652857118818849224695
0.05652708597315979355269
0.05654657652894520825093
0.05655763852592044643730
0.05659617823674126246836
0.05659293184974637652696
0.05653814428453576845790
0.05658439789055344504298
0.05659790847058623897148
0.05656391278825082663539
0.05652788534689581062542
0.05653673185605787021579
0.05659544837516845144920
0.05658022359663403277885
0.05665189183699274183548
0.05652857345132456662329
0.05652991870859405687533
0.05657043381522192798672
0.05659822363721914856294
0.05657643809511032906290
0.05653394495892439391982
0.05652270150749997418282
0.05656598562807883118220
0.05663719145895267786939
0.05668996369201704382812
0.05668037335500294288115
0.05670037634287280331469
0.05662145653835629760531
0.05655243174439773118367
0.05651916944602892317606
0.05653934100587336419874
0.05651779835375479732473
0.05654093030478962722540
0.05660614877214372592240
0.05666945807217978886561
0.05669645309274359834539
0.05669313462069996978343
0.05669181083738004250927
0.05668813627141874866844
0.05669112845721415577804
0.05665723245628744020319
0.05659114414569495904450
0.05653115678598884946693
0.05657668845938206014790
0.05664439842993466978083
0.05668486027514691577567
0.05669012198977972649683
0.05668539026300301042482
0.05669799070741284724440
0.05669246131990601789141
0.05671990639595687194729
0.05668294241188154974909
0.05668780056172331716091
0.05667781828895028517490
0.05663101626302462221485
0.05660988167311923474623
0.05665500811909063294536
0.05666970591314419991580
0.05668530860000388360564
0.05668087248044567649785
0.05668740494530079276903
0.05671288565774870032987
0.05673999962686371995035
0.05673442587672376802299
0.05674753073443764006534
0.05670598926249603710659
0.05668257059998151048408
0.05667930889909004316118
0.05668224448025512007820
0.05667825987271354198915
0.05667966553627261372394
0.05667824211150334495768
0.05667874494248464206647
0.05669899182314731833632
0.05672845250942653433368
0.05674422031916746822500
0.05674389149250278624459
0.05674142969567523564489
0.05674465676983073136874
0.05674051684607344520073
0.05672186384563623201549
0.05669288343385005257691
0.05667568855386548309916
0.05667486635450967591421
0.05667759905253730301489
0.05668742458341442802539
0.05671552574287980208467
0.05673639120705538385625
0.05673921868058277862001
0.05673943858583937321916
0.05676337784486664567174
0.05675369971835643456703
0.05680259459613837963454
0.05673499775833466818309
0.05673686710647778130845
0.05673261889242262046018
0.05670913912314490268329
0.05669435068106706832047
0.05671586570053882558895
0.05672861747086537648199
0.05673499662343994137670
0.05673132784416826113194
0.05674497053063019130770
0.05679008956040797195808
0.05684538231227537208312
0.05683430733032081988432
0.05686935464784665522631
0.05677723309523008410338
0.05673717127502482526769
0.05672905535315314606848
0.05673326278010979578648
0.05673052605343224114032
0.05673109629936988473897
0.05672756616806462481861
0.05673052585067013542375
0.05676511176553471205164
0.05682245075760023605982
0.05686431936104473922056
0.05686193027017474171947
0.05686340826066559744900
0.05683184556108001467267
0.05685757858951383941770
0.05680972155525034622547
0.05675392702772749653484
0.05672521529635698306349
0.05672404109520276516143
0.05672464331409207000112
0.05674389970196359878063
0.05679665964526584009953
0.05684929053844199609014
0.05686398048908267166546
0.05683660752997311826906
0.05680514750693323178243
0.05680615071243471508877
0.05680606422635497282370
0.05684101886419463262046
0.05686318138650782449961
0.05684015861924785611992
0.05678327692411139215878
0.05674521650742164746717
0.05678553664792527350125
0.05682977110914386870144
0.05686069005577536195073
0.05684486965444262435154
0.05680895654822117751825
0.05680000361159955740709
0.05679540807175776501170
0.05682899984272910681726
0.05681274896874607960306
0.05684918310035806665592
0.05685691401551919155199
0.05682914820676595452076
0.05685559514603014119594
0.05685244465743715530648
0.05681726968457297827220
0.05679253242582815025541
0.05681704205220904774221
0.05688162799618481924036
0.05686605143271238754776
0.05692980318632410996482
0.05680658989325696600625
0.05679246881993363360586
0.05682261961867105665158
0.05685134555229180708391
0.05682430958583817998120
0.05679388149338877173067
0.05679782406347259893220
0.05685104197565531841674
0.05691761197543756395367
0.05695038981930684168775
0.05694483549502000335751
0.05693866137528751092400
0.05690424667029395783269
0.05683737221928121530201
0.05679116921066133111262
0.05679419722356886940373
0.05678724632370094754785
0.05682355563828232758450
0.05689020402898112283019
0.05693775930734032431069
0.05693951163241756097122
0.05691374582858946262753
0.05691571584613269729758
0.05689960740252671123063
0.05693940667180095310806
0.05693023557014603719395
0.05687612578151327730192
0.05681118793712412740060
0.05686144555319117693815
0.05692049851061183746159
0.05693806417902812916365
0.05691786987557889004874
0.05689845342539345818267
0.05691161519456048450971
0.05690481373368028866766
0.05694149292758848845963
0.05689791596508790572084
0.05692082829125165444051
0.05693586873869229542100
0.05690926054437901032701
0.05693239438318522388505
0.05692276794934661432457
0.05689858039111855142478
0.05689916727256016243386
0.05693263364193758974130
0.05697181105645707233087
0.05696317603536255741448
0.05698531184018664624835
0.05692374519808232613549
0.05689575230295275398706
0.05690028015939935929213
0.05692403934150708916251
0.05690264621338018968810
0.05689253002851417384544
0.05691556554800559358798
0.05695477266810801408869
0.05698050097421837600908
0.05698632330981114046953
0.05698170773728331722774
0.05698914055126049621469
0.05697477743808244954327
0.05694711685121536803855
0.05690843122320360381039
0.05689032168090108615432
0.05690214610834804648265
0.05693861444116244535651
0.05696889200933519942227
0.05697767071860430909691
0.05698323267772695960298
0.05701216843665367350891
0.05700113669315804570958
0.05705141546498920801511
0.05697737661375432138833
0.05697481325668784374328
0.05696328899419499103285
0.05693015175855654225190
0.05695713488804801660770
0.05697118824511507306774
0.05697248311128755987598
0.05699111433709660307079
0.05704003473006075131124
0.05708773306523113461042
0.05707943550755228273585
0.05709276111792672275813
0.05702765911211919030999
0.05698297994528943311021
0.05696897293612690482689
0.05696749210514197997446
0.05696467324490114836344
0.05696590622591159863708
0.05696579003545756275662
0.05697496076392659369869
0.05701532104069120809875
0.05706988374098460187200
0.05709343321407633897735
0.05706059691984582959989
0.05706757679289361367969
0.05701119872261747184572
0.05709163075551872829072
0.05705991950032717613395
0.05700371340329993957718
0.05696806027530533500514
0.05696351041705598888809
0.05697517412331106617662
0.05699240927397486444761
0.05704779893134330481796
0.05708824702699379083359
0.05707377225736584569482
0.05701856759981815958582
0.05698577351243930971814
0.05698382622521686730055
0.05701241360782643291527
0.05702637573657910047276
0.05707951231983078577148
0.05708345707181180367362
0.05703564096328950228099
0.05700878136462622647329
0.05705300101514544641734
0.05707653872154190566324
0.05708318686472666630971
0.05703534851433221530836
0.05698479596913414574333
0.05699868667440223524157
0.05708671699239402375081
0.05706482578493687202181
0.05716535785675493086533
0.05698673642977280379140
0.05698866107050886559149
0.05704482325165946554613
0.05708553564659535339842
0.05708370726705404296641
0.05707904122960778120488
0.05705412035424737432487
0.05699436364617350286865
0.05697807928497686941194
0.05704373244394957132020
0.05714753892672989887824
0.05719848666549823268390
0.05719314729468463753825
0.05716035322334599155791
0.05712674557943984987585
0.05702445313221595618591
0.05697305188208205001255
0.05700218982899508957107
0.05703966358919015239293
0.05699035161321684000990
0.05697089412523018842061
0.05700687670445177268608
0.05710515168410582043101
0.05718476695744505178265
0.05717100323466070554979
0.05707662113743625087459
0.05709294148860166728809
0.05700186047606484868178
0.05717814046880724532240
0.05717370986200737137395
0.05708397135447689646481
0.05699159919808619717552
0.05696882666444740700440
0.05699790999250724243819
0.05706202731789900700621
0.05715910498564979319580
0.05718218309818281358536
0.05710952741140910837725
0.05701324659647535875173
0.05702637558384480997997
0.05698287063583235001474
0.05712595029354991527093
0.05718322112349428359979
0.05714211968755909809570
0.05706905143537658459119
0.05714386144402685413501
0.05718062477294262591077
0.05714006866502154002863
0.05704127697863812379575
0.05698344682460857596462
0.05701510926516337868231
0.05700391748553357285090
0.05706938107707012347580
0.05698751944575426026107
0.05705793393126150359063
0.05715165421967397657577
0.05717862187732361545223
0.05715058697192893638617
0.05707491144999479737443
0.05699435625998568177852
0.05699483222445408947543
0.05705649464003374055077
0.05708752677198113828494
0.05708353510729764768161
0.05704481436308597025464
0.05704384841130852312752
0.05698871691278428047722
0.05700394073725226912197
0.05707885422282787252213
0.05700931359209437943036
0.05698511051593710408092
0.05703172948403534975315
0.05707804134161960363247
0.05705027249845874559586
0.05698225867685691170550
0.05698650228002662826432
0.05697118809567428693308
0.05705547849276936672736
0.05707119944599146205144
0.05702010352687942457139
0.05698499002294807325164
0.05701155162981358381913
0.05706324698223519398255
0.05705921165225749658312
0.05699209193377684917747
0.05696372663931149188388
0.05702410118035415587112
0.05701594257078498872993
0.05699273696701868952008
0.05695798076575305651792
0.05699882564020716801956
0.05706135307040390014510
0.05705474984244330444172
0.05706242095050548940316
0.05700619649708772718188
0.05695415966937945884130
0.05700316457386753188352
0.05703192045997710485361
0.05653541012539167048834
0.05670432413662807036303
0.05705320571763190795611
0.05698840753598815450642
0.05695237920239854673143
0.05701434106526927225733
0.05695356955146977512294
0.05697306844666560898816
0.05706037298248899103381
0.05684032109681337596729
0.05558552095671127901699
0.05593462187519761957821
0.05694098656755237908289
0.05705577975738798657268
0.05695822885445619987443
0.05704288188278359983396
0.05701365692840825588616
0.05622401668677450004008
0.05444014370398279206720
0.05647066371907384640938
0.05706145228004232822228
0.05667077606068320755339
0.05493958238946950595194
0.05199850551660770148210
0.05539497119721913109824
0.05391525480950356413734
0.05278720949521837485507
0.05048974128453939669292
0.05142285862971099352769
0.05064388065067537691988
0.05415429860505040909890
0.05368799305315816172701
0.05552034027901791429782
0.05315066628279144222979
0.05530426016959928692263
0.05597450807394084570934
0.05591462679740481778179
0.05599051270859830425897
0.05504715794470097650626
0.05256537472666108351538
0.05473482262996372943453
0.05583020054093416201235
0.05599322510836953620261
0.05592764140754517832033
0.05593253659023668389327
0.05594211114769499088029
0.05598709844960739895336
0.05571485610174563285479
0.05435928013519459450764
0.05393276712189573607326
0.05556382621392692844342
0.05596945056552068281652
0.05593837306130198389065
0.05593212474356403646203
0.05602181514600949180371
0.05600494150765873008213
0.05592323488544393567112
0.05594387627610721003268
0.05593670870359112451409
0.05537097389622923360175
0.05521220758604443445972
0.05588446994602889322801
0.05594684744909696888504
0.05591693870759060353004
0.05598849791594649044635
0.05607700578720263562271
0.05606626239804769068487
0.05608794976549405508770
0.05597164053244464004822
0.05591337782169455289383
0.05594550481889492415943
0.05581893708098024931008
0.05593777506033983243361
0.05591087092259172663944
0.05595495362976143916001
0.05605373905528029249146
0.05608978677718126637508
0.05604907649975910538531
0.05605470810634891054569
0.05601926369649673498330
0.05609001690785572064035
0.05603992791595088091006
0.05593989828514371598356
0.05590905062967388428063
0.05592611813110195256860
0.05602350401820849201684
0.05608778795596239263865
0.05606143435899119120691
0.05601633586684737209360
0.05605453213099207548931
0.05603517379249669388974
0.05615588448381350628047
0.05601655473509382227038
0.05606895798571419342604
0.05608331534085048836191
0.05600531433379279944162
0.05607649682371150523519
0.05607556922959647943694
0.05601913801670763137786
0.05601938598665190394144
0.05612683649492374721168
0.05627583491154107553367
0.05624810800904032209724
0.05634994345316506753063
0.05609787558527055961743
0.05600747588435370238891
0.05602505104304341537746
0.05608079779292454714046
0.05603258058423211951382
0.05599866654117741093799
0.05607035241879784054353
0.05621894387451389918375
0.05633761961555068531471
0.05635147787312718564712
0.05635433847526699624453
0.05629942432157457321562
0.05632119126229209737922
0.05618908251452396640513
0.05604542842663622764787
0.05599372347489519480268
0.05602325578229032376765
0.05615677364614483219052
0.05630036648837224294573
0.05635480709670649679399
0.05631089164858354284560
0.05624685645436259401331
0.05625340772418829793367
0.05623749985562441489062
0.05632103831387342413040
0.05635174762902870476688
0.05627657661497188767985
0.05612468901249374753082
0.05607987819568013843075
0.05619893633821537032302
0.05624983948377699355392
0.05634415273969543141996
0.05632996045898303050237
0.05626227627605244474562
0.05623315384569580605012
0.05628159617409211196160
0.05626601095978318173296
0.05635064471273609765234
0.05623079225209233478200
0.05627261816846844399986
0.05633762332527203486876
0.05633266770569175796446
0.05630275771680209873082
0.05634571611541171892723
0.05634251677739478963991
0.05628299685389794720924
0.05623138824681427755392
0.05625304965532214318547
0.05633329192242988309181
0.05640730503480517743498
0.05639370475010548749983
0.05642892935153298594741
0.05631495102153512982701
0.05624186369764639509272
0.05623500838756630149096
0.05629438303707615109950
0.05632387824121674879674
0.05626844703910138800751
0.05624071904800459487106
0.05623254665357804021886
0.05629702664383143956295
0.05637970518654273482939
0.05642348212185031158805
0.05642381128707000398359
0.05642202709716419295471
0.05641619458167473205590
0.05641593030366912758788
0.05636416331162318743564
0.05628031407713166706097
0.05622665298710139564209
0.05622831563774296353975
0.05623314678719794346140
0.05626457233257817908134
0.05634678263553402621788
0.05640710484921325484908
0.05642034090775323307287
0.05641410829077518618302
0.05642604311178656129044
0.05642013597439720501425
0.05645277074463702499107
0.05641165500436234186976
0.05641751450569611192609
0.05639708971291255285019
0.05632964931009701303743
0.05628167321388338056876
0.05634412645900287869294
0.05638458171813431896169
0.05641324328958089578956
0.05641008844357101731370
0.05641503072990797923447
0.05644506948026944276320
0.05647911462967328960483
0.05647275885217405838601
0.05648878539986018632035
0.05643693348900011980129
0.05641021143049387148727
0.05640839556831406947923
0.05640816563695082858088
0.05639038407077826692282
0.05640631500378803786511
0.05640590897215322363500
0.05640583935447938263019
0.05642942831749655357987
0.05646638006262378467470
0.05648632106009630893251
0.05648107612179503050909
0.05648036602860538601956
0.05647390578026894453201
0.05648279670382135020379
0.05645883667548709516915
0.05642222188757683998261
0.05640205583819057205686
0.05640278863809958936892
0.05640032451325745210813
0.05641445525367463215138
0.05645098247871755542393
0.05647934575752931035675
0.05648010563760755969875
0.05647069707015752587642
0.05648723391188181092160
0.05647853604588392445462
0.05652839241513501339353
0.05646825710651256352568
0.05647919810317263145105
0.05647491800887934759734
0.05644291357027307609595
0.05641451457777879596733
0.05644192230878812555073
0.05646886726317835308864
0.05647826444021158964759
0.05646730866364296774762
0.05647107241931521859346
0.05651445900679469280803
0.05658033362866483895193
0.05656708069791955423300
0.05650098788859822529496
0.05646437006368680566748
0.05646690068415650964884
0.05647696555863435802225
0.05646713330947755044020
0.05647522895628771799625
0.05646635386480384349861
0.05645946691935067873747
0.05648909169078416420140
0.05655298158287733190086
0.05660956589231262020556
0.05659989243590795443550
0.05661899817889492342315
0.05653781946769114580276
0.05647786895460552708537
0.05645583990718122668895
0.05646543069799273700804
0.05645330611357771144476
0.05646716716236836047793
0.05652303231520974108326
0.05658939825097558662392
0.05661808500246567205094
0.05659443783025645130502
0.05659917671633051677871
0.05655745751419963968099
0.05661484053594208198934
0.05657697316772062473555
0.05650805186219366726963
0.05645891540708578709706
0.05649378331264172381498
0.05656271793453751528524
0.05660998447701356267592
0.05660378456738106994761
0.05656255573824174598396
0.05653837389555604886482
0.05653722233806184049865
0.05655636856191424699514
0.05656809930385644363815
0.05660686631209202457349
0.05660317016485830188266
0.05654799346008510668726
0.05659426802058466210443
0.05660815309833334973977
0.05657459823958729122628
0.05653833387010385319593
0.05654685533455823531757
0.05660523473501472002667
0.05659033994565099839891
0.05666167342541772455888
0.05653901570604016185717
0.05654060111281335176958
0.05658067839823927025478
0.05660810892043709879884
0.05658633202784255078477
0.05654418732932463970142
0.05653338555605452037112
0.05657642847254889389985
0.05664730310161386617196
0.05669973727239073502115
0.05669047767967202999806
0.05671013717349580179894
0.05663190298415687190525
0.05656312393862530235600
0.05652941314087475688233
0.05654924094735304385129
0.05652770745003803110063
0.05655118223547214717506
0.05661685321847195057066
0.05667990642286254571180
0.05670654473145086277297
0.05670287946281359764411
0.05670188578711692767298
0.05669786512894840063703
0.05670157401375564704127
0.05666794864743249920958
0.05660140898142269200166
0.05654108093710873139681
0.05658663310448387717688
0.05665467677216664416084
0.05669558374325683186568
0.05670056051261052054713
0.05669544814873782312414
0.05670770587949273966455
0.05670250457709957031538
0.05672960995512791454454
0.05669337270643716453211
0.05669852592266456936532
0.05668810593229615252264
0.05664098281608079266114
0.05661985267589926540399
0.05666500286119634938187
0.05667969192817354229241
0.05669560078951690895721
0.05669159738197054876352
0.05669782889939393305534
0.05672291633749505096462
0.05674969117456371558994
0.05674444366829980990197
0.05675720774061506629371
0.05671640930152634096917
0.05669329661746410481404
0.05668960307631906031522
0.05669224543150686718151
0.05668827424702040790327
0.05668969516562754468181
0.05668825483968024242509
0.05668904234928612978495
0.05670972162585062592566
0.05673886929110859289604
0.05675422307084942996624
0.05675355169826393902932
0.05675141523758117645393
0.05675430086729237044718
0.05675092868545378310685
0.05673259816372425157205
0.05670318576770789348318
0.05668571301171879128766
0.05668490923882033016845
0.05668765633639728102056
0.05669746350973554199770
0.05672583462377044777325
0.05674712794021977146919
0.05674962288608228350162
0.05674940689081262035209
0.05677300889235274011790
0.05676365315603443262304
0.05681221577768101604899
0.05674539339983150632030
0.05674760315738826277343
0.05674293319923130740623
0.05671919454029451107546
0.05670442397847551968537
0.05672595460138480510937
0.05673868888921936720626
0.05674531388860284270015
0.05674206219994702010689
0.05675536031829851030261
0.05680003176444049090010
0.05685499377766378009680
0.05684423969210566224275
0.05687895300687696026332
0.05678762120862436424407
0.05674790582087341217488
0.05673937329064523277244
0.05674334711912707579495
0.05674062809354690761765
0.05674120791180842227064
0.05673766181091124960467
0.05674084567882784618797
0.05677585000176647161974
0.05683283935190246854985
0.05687423947467062229633
0.05687151025908206147808
0.05687331030615975363540
0.05684140321508755061553
0.05686796534718804169151
0.05682046618452819136680
0.05676425259164628173147
0.05673532315061019515312
0.05673415989644348816912
0.05673476882239978508204
0.05675402342265382232833
0.05680699470286743740788
0.05686004076671440088386
0.05687436018986340852122
0.05684648664965322867326
0.05681468298223446566908
0.05681600624246414127372
0.05681558188151142330113
0.05685138619949974686518
0.05687393200361107181706
0.05685050288206712487682
0.05679341976413727899331
0.05675535055329754968723
0.05679568107736472637459
0.05683993429091987320545
0.05687103914517439851029
0.05685561392450055873127
0.05681930985142342321881
0.05680983997717386352333
0.05680575045665749861490
0.05683882287239996888850
0.05682348379160234719265
0.05685953112154035898884
0.05686709437596996347120
0.05683930242816552513840
0.05686575437054497417222
0.05686263655571920094811
0.05682761305218042569010
0.05680325985798941046401
0.05682737962173107365560
0.05689144135511013666839
0.05687638922946807590320
0.05693960599857289528458
0.05681731625387848039210
0.05680280862889525161918
0.05683281824114097546818
0.05686150226061207485495
0.05683445822151728110683
0.05680408661136580883433
0.05680816567141221823389
0.05686177257012455660279
0.05692795066372635659491
0.05696017737230411881466
0.05695517026577539415610
0.05694842805790784751041
0.05691498250018575677522
0.05684772139787275246903
0.05680138589091356798866
0.05680433576943853118957
0.05679737762250600119351
0.05683379018635031226792
0.05690056337995264695850
0.05694849627907483391454
0.05694983625165602608709
0.05692348909299980302956
0.05692602686412960577567
0.05690932890468776428339
0.05695013877439528138247
0.05694060301221370162805
0.05688638191218158696172
0.05682131286806600678485
0.05687158813249072047968
0.05693077428236643228177
0.05694843347519007448199
0.05692859244838303217628
0.05690875224406665572330
0.05692131949972260851478
0.05691510449298962937004
0.05695118311829718699135
0.05690862866839583450451
0.05693119443705622201302
0.05694615883535800865412
0.05691942008895662513668
0.05694256670044059442937
0.05693306714997272560685
0.05690894265994347889226
0.05690987367300286842164
0.05694291973120597233349
0.05698148702200558218811
0.05697345771535562708454
0.05699497038368984969114
0.05693444951909585466376
0.05690611445684113506305
0.05691058688685007860286
0.05693421799220690221466
0.05691282883504417133835
0.05690284607022008667165
0.05692593147483483023708
0.05696547596254217249445
0.05699077600854150077447
0.05699596239679509401821
0.05699197327871986101799
0.05699876065998205065810
0.05698547720324522586344
0.05695748845539005261740
0.05691876071779527340722
0.05690050937751493786987
0.05691234371004857267584
0.05694896004788858878687
0.05697926751994297073223
0.05698836300966357570896
0.05699348818548952838592
0.05702177288846555641699
0.05701138485065479488689
0.05706100669997872520955
0.05698806065415823463027
0.05698518985711490542068
0.05697364959171851567232
0.05694036144753079203840
0.05696735625061567082073
0.05698156021221351813510
0.05698285937051830729594
0.05700179280357699218573
0.05705027939591890417947
0.05709731048678359788262
0.05708967680351507978376
0.05710231963822601924941
0.05703833566906151703035
0.05699335800102913601739
0.05697935420793528993322
0.05697772154533582017466
0.05697469458812565168415
0.05697591234605569460170
0.05697602596512948286422
0.05698535264814297285341
0.05702570446023497163779
0.05708055897832449432361
0.05710366614689686703965
0.05707013041242073314585
0.05707779384948333950556
0.05702070413551529187712
0.05710230064940613470270
0.05707031069814870460899
0.05701411990127999707134
0.05697830279765873917608
0.05697350091726512827384
0.05698515134085170574796
0.05700266224835059958309
0.05705822259453023626019
0.05709864336915670968153
0.05708442911830693966557
0.05702876452992357986238
0.05699525468300324637649
0.05699400563859688406687
0.05702187932569645345549
0.05703701389184326342452
0.05708990658912870691521
0.05709389608680181388278
0.05704590709334193127100
0.05701874943627539826796
0.05706296277860285065531
0.05708681803300044016458
0.05709363403993758523391
0.05704573407225746461968
0.05699541622881283686741
0.05700885730560108222154
0.05709617532439545395384
0.05707499629127217588564
0.05717480938520454886165
0.05699734623520343740344
0.05699903746751218414079
0.05705527162767864285398
0.05709582209250341211515
0.05709366128319376398892
0.05708898178140496548760
0.05706440673205879360319
0.05700481092766607194022
0.05698845333831666776225
0.05705434189331418798341
0.05715771190536014789707
0.05720792358719127557176
0.05720331614964910965648
0.05716976379697569221605
0.05713735952696494257985
0.05703483511995457305721
0.05698350275626715838451
0.05701247159740953363016
0.05704958563157914996911
0.05700025458111186715815
0.05698117526542510052900
0.05701734082597414987603
0.05711554772276839636591
0.05719538032751941836196
0.05718115587359023227476
0.05708599812104236947974
0.05710306764557940284455
0.05701120543909592164322
0.05718874054146257795983
0.05718411728418266309903
0.05709445651326423842864
0.05700188906227757895673
0.05697871694671628739481
0.05700779723093878093021
0.05707233499909480228807
0.05716961083838195678553
0.05719259137758753858138
0.05712010251571195823539
0.05702334557196481190644
0.05703692311940487119637
0.05699295112101428889551
0.05713634780029323151362
0.05719373790274228513963
0.05715244609605736603175
0.05707894376088500781874
0.05715376100767021599891
0.05719096260562748362810
0.05715058331673523311922
0.05705165815497481585084
0.05699397396747727523314
0.05702518241351117039839
0.05701443537818788598326
0.05707945049005656856789
0.05699788952422810139886
0.05706843902345541674759
0.05716199136484675230596
0.05718852315139343056583
0.05716048031403289653163
0.05708523936998400466480
0.05700485523149728672720
0.05700520270135814304702
0.05706700892010337089477
0.05709758553648788120816
0.05709404097737396516221
0.05705485163028121281537
0.05705422689167116007125
0.05699922015820249598939
0.05701425994368580080218
0.05708873284079138410441
0.05701917908848782440279
0.05699543040954805489529
0.05704224528288828754974
0.05708842490396690005916
0.05706075876228851317951
0.05699227099463873708052
0.05699696293837928917636
0.05698118423219537820312
0.05706585659051978398626
0.05708172666961237179395
0.05703043393919261100367
0.05699485152485232741792
0.05702141877040092093898
0.05707358983829458748405
0.05706974074149374215326
0.05700245718542544526297
0.05697416875169940969625
0.05703409205058149189504
0.05702637970779099452212
0.05700270744194330108101
0.05696833854027782972906
0.05700934746368174071973
0.05707169996473013956484
0.05706462815579716602032
0.05707231603167003952670
0.05701653766478053525502
0.05696467648189640353706
0.05701352943147287161141
0.05704234620754753543048
0.05654528580476622656725
0.05671467515976306994485
0.05706357825284223000972
0.05699893351361140503286
0.05696271469043298618651
0.05702424329832536664675
0.05696347701830091481146
0.05698341199679472779405
0.05707091468028518271849
0.05685065320522171561368
0.05559565292352089405092
0.05594478784329665749242
0.05695150866613604007105
0.05706614257794109107413
0.05696815227036184509091
0.05705283503603744699184
0.05702401613521179690736
0.05623440832785936427385
0.05445020696377161212309
0.05648092788959081095301
0.05707142354153044855325
0.05668069407581873692115
0.05494957196277999028622
0.05200796403585739025033
0.05540468027626285762999
0.05392461576763619979236
0.05279647482830231858264
0.05049850975286630794248
