0.00524489373602048634948
0.00508462855963947440996
0.00629303214598245144046
0.00611564907824981972978
0.00737942698680492566166
0.00593708991492231628884
0.00720081854221636674662
0.00843780819805628815033
0.00827415217198481864336
0.00942086408342145305295
0.00702633148297086406603
0.00576759133177710565238
0.00684660183477283149078
0.00811090143874537532198
0.00928078013926002948208
0.01031462336737813678678
0.01019251905008199295122
0.01113660202231618948088
0.00913059277639908552227
0.00793920450688279100149
0.00666136690749279981871
0.00648177037428611726999
0.00776436441323244061485
0.00898115010723201344367
0.01006475976315998957511
0.01103314684496911612932
0.01192920187879512039508
0.01182532404580871610023
0.01092025679043396799162
0.00993685158609178970091
0.00882007967844073738350
0.00758453569393885678601
0.00747854961658777836475
0.00865718925476718220713
0.00979989585325282373807
0.01080817857563324754788
0.01172651793982138271333
0.01263080877950372923890
0.01252486796682053017682
0.01349485259224345208573
0.01162079281277770756442
0.01068693548615475517882
0.00965673150563558894965
0.00852108830321988454382
0.00950966451286923593333
0.01056535742625033455488
0.01151083744451076792958
0.01242052137896174773823
0.01337869988371554776097
0.01443768343247767496629
0.01430481948449231592579
0.01546438340827294664892
0.01325980910406721578754
0.01231588737369610810080
0.01140377250941566715514
0.01043901647409726900217
0.01128951159334547552082
0.01220865655873206584436
0.01314494234776244704910
0.01417529015957479099352
0.01531608765437532208853
0.01654639982990058211243
0.01639121802277831996264
0.01765849077189601823434
0.01516794881427536295648
0.01404479787300092451241
0.01302859956729769501382
0.01210004021869535463518
0.01291720074774186516331
0.01391422535648208398673
0.01502317665663130408227
0.01623547611531889894865
0.01750221244848743432088
0.01877070752048718219052
0.01861050629296230260468
0.01985125263351004629153
0.01734152392877743795174
0.01608069458879561250408
0.01487659316596804705279
0.01378939568863556293377
0.01473794328249966069377
0.01592165941627514402779
0.01718142434729476655808
0.01844992389100976598604
0.01969937201943902996271
0.02089722191863215353114
0.02075189142958044907772
0.02190640521940057094952
0.01955196154384622811429
0.01829414040596174378939
0.01701557984413970547877
0.01576276060708127133014
0.01684994159021044324298
0.01812868648927538212101
0.01939244174701325665322
0.02060787812156593748480
0.02177038061558103990145
0.02287959751784552492326
0.02274464370295860293769
0.02380906647806540696322
0.02163135801086318518727
0.02045718186910485542063
0.01923039424413064413244
0.01796471596118651148366
0.01757968956094703438797
0.01865143369464058314966
0.01907199931031042239304
0.02030677487525306065819
0.02149132035296870413266
0.02261549892190233695954
0.02368747712535499219677
0.02469958723557114099734
0.02458161707131321926934
0.02553362806059574635631
0.02356187110445389504276
0.02248075202065034569610
0.02134539025807393949896
0.02014935612489508406919
0.01970280789667099366480
0.02072136761749812997047
0.02119813521869922876006
0.02234494116160969795493
0.02343315906691961075792
0.02446230078194288129478
0.02542644177112397818608
0.02629983388687508541470
0.02619878947211430955666
0.02697780340914304048061
0.02531480475704644267365
0.02433884976308999317784
0.02330217251132935332714
0.02220616438278251447702
0.02170148017898686221283
0.02264969669038142952022
0.02317094503362880641983
0.02421365358722804908553
0.02519902798470691901445
0.02609869677095591825045
0.02688929579037385372842
0.02755161523270831594457
0.02747786206813181489328
0.02800309964425656827913
0.02680163494276958241480
0.02599677944409565719108
0.02508242369658459855475
0.02409440531666420803880
0.02356435147232910018444
0.02443141455708828374549
0.02496613426353040676720
0.02588670177868289748457
0.02670762272914914761679
0.02740421144038251641262
0.02794684858322169646039
0.02832377446386095953823
0.02828622221486939980473
0.02850922204047747279820
0.02788994063206170007096
0.02732376027843886473478
0.02661586973786575147094
0.02577815718540595740782
0.02525278075847063596893
0.02601193945308237151504
0.02651415449468616167272
0.02724468535134400709596
0.02782634470422700595504
0.02824343453046487470437
0.02848824756767067561958
0.02855737631612610336052
0.02855445863914899198854
0.02846914658065449743596
0.02846527531698432936236
0.02819956272171999026033
0.02776264264340366771933
0.02716080277586926938760
0.02669453211267667006035
0.02728930293242021881683
0.02769402273201635594768
0.02815381910002816984173
0.02843834956696346741301
0.02854907503523468337292
0.02848427172198662524205
0.02824439671749054067695
0.02827916575937478027569
0.02788567352303905969024
0.02849721617894843128660
0.02854116810193871311974
0.02841000409814718741242
0.02810335998467275789303
0.02777822689383753831938
0.02814884557839562526094
0.02837826790016926420401
0.02853072833190865159603
0.02850761569669595443810
0.02831021781714939192232
0.02793973613014991835835
0.02739829867059651730132
0.02746983956211124580649
0.02680306602863273893189
0.02799028113748738486044
0.02834006782275240096669
0.02851561664480635124863
0.02851774064762547036822
0.02839717814551310018367
0.02851783849007213239579
0.02852086419763256650017
0.02836583907164827098035
0.02804013835432091206190
0.02754228731847297925728
0.02689379562651636468296
0.02613214367466157317388
0.02623096986780531006400
0.02698033642705574206011
0.02761042083101410138379
0.02808580377540001796199
0.02839048518128362355584
0.02851390330992649782549
0.02838771957504950677054
0.02812903909287070569611
0.02767592999921947988229
0.02706347979651347115948
0.02632897303964422744404
0.02554151085660073469685
0.02563814640813105033557
0.02489227490025213915259
0.02642564644377907653872
0.02714646135235007293196
0.02773874958965693096613
0.02814039006484979690836
0.02777599247906360063753
0.02723025907304100351469
0.02652129469701436717544
0.02573632547579227103363
0.02498060409913272633675
0.02435698855623033565188
0.02441624549674331623450
0.02399032518411679110182
0.02506652646108681325998
0.02583895402873679844613
0.02661928351965155842285
0.02730034296233604940163
0.02671337683928140874223
0.02594251686573060405872
0.02516290232034656612625
0.02448236767051837486919
0.02401397695352706918026
0.02381482302988335852945
0.02380578981903592669656
0.02381466720349677268498
0.02404614554443914101189
0.02455359832108581705223
0.02525536542066860595801
0.02604669051430104007028
0.02535808350891244691838
0.02463306812477867105415
0.02408836088516554466143
0.02380306421177858650085
0.02377682633734098244238
0.02393509353345915635636
0.02388141304226025149471
0.02410735617512769699000
0.02374389881374289537619
0.02380679616232814904686
0.02413701989980995485374
0.02471652499155843965561
0.02418943259096757378290
0.02381845222958640234667
0.02371581309666212847298
0.02382959534101125945171
0.02405072795581872716064
0.02426755675703845191449
0.02421845568315387706160
0.02436922223861481134888
0.02399298560420100312474
0.02377990056034202590030
0.02369348355284018464717
0.02383700467946206491554
0.02367712736116847974110
0.02373352082565961113092
0.02393570135987698604962
0.02416708628941502054466
0.02433400519526194780151
0.02438866221808407702687
0.02436925600782230416641
0.02432048727854476885546
0.02429557645667837148529
0.02411316702308927834020
0.02387823757266827051637
0.02369011679197549624654
0.02382143615007126929983
0.02405736545439954993109
0.02425341949083686596267
0.02434662527753907179662
0.02431621643023166093323
0.02416939646009947859073
0.02417910583041896557810
0.02394573962803552696910
0.02430923965759862123703
0.02432069189497483921447
0.02420880908807729325893
0.02399989741995675954223
0.02392306733428386372742
0.02409135489517932882109
0.02416060113305000534023
0.02429164250372402994449
0.02429966205602627007942
0.02418625181887732247810
0.02396672800332769887044
0.02365856423740269470768
0.02368925779351860327893
0.02332309875593338577282
0.02398543716387072435858
0.02419123801270061172031
0.02428691727732280522534
0.02425908440362293735926
0.02421476846348640660223
0.02426668361920086142147
0.02427125291536616144561
0.02419399259322499787239
0.02400363978912984849745
0.02371982160008406087526
0.02336323141301575520568
0.02295330864014177504884
0.02299754144468441757754
0.02256684046926893047469
0.02340167867529512751856
0.02374768063719040131487
0.02401923495293850283061
0.02419349659230263932530
0.02423565153454148440870
0.02412358755059053685987
0.02403304091981455642424
0.02377513769190441744739
0.02343847777549296421129
0.02304326483332234248858
0.02261569684131779084391
0.02217990379887066140774
0.02222830335236865295645
0.02179811368058480122722
0.02266080620351088731335
0.02308463294355090830723
0.02347331791500014905316
0.02380177323584596951744
0.02393881542132564668734
0.02369352248372177255353
0.02350820914513395559764
0.02312861046398096906418
0.02270832877261522164680
0.02227571287743317432484
0.02184712099274727439835
0.02141488774310659065625
0.02146825987174916586242
0.02101573775898803175810
0.02189833506860832529339
0.02232364406237220474938
0.02275591612221041296071
0.02317083605943180343867
0.02339650266012200177657
0.02306320932414111790631
0.02280386999563560612714
0.02237430247012020881336
0.02194657891942470781532
0.02152165609267129436910
0.02107970995676718140022
0.02057909035317308232838
0.02065523400250316235494
0.02009688775843996785819
0.02113974836095608780817
0.02157574198335794266046
0.02199781914637083737873
0.02242392676838441192833
0.02270407273348005669500
0.02234234632758245672757
0.02204644726000730067805
0.02162705623609651600647
0.02119857478507901002440
0.02072804940408957616316
0.02018760215885603143127
0.01957476298443766582480
0.01967336143276037299654
0.01904226077758609803059
0.02027283582934619535210
0.02079891647778877791786
0.02125640923445071273079
0.02168104868559370124181
0.02198010903827516196452
0.02163027786028684507080
0.02131339227096805052919
0.02086614031153095558113
0.02035545363821897324463
0.01977304407824178808517
0.01914279409212663041195
0.01924527368422553758043
0.01863629546098255138076
0.01986855759533137644191
0.02043868088538372887464
0.02093172797977144172776
0.02127976292316513876046
0.02091593883913707083155
0.02051738960762831270879
0.01996263108410498837708
0.01934695888757655482526
0.01873276917620892573213
0.01820065810157464950003
0.01828301134722476808947
0.01788171180863021292318
0.01883185405416300597925
0.01944966216116597243491
0.02005332209508027541123
0.02052114338732004966692
0.02008263502436297837095
0.01955235578783241084944
0.01893279448116376786904
0.01836717579958216384206
0.01794027648100967112232
0.01771005293866829977123
0.01774175346029206040699
0.01770080782088635437677
0.01800486499783672880715
0.01845631001329615245021
0.01903767734228884248027
0.01960549126883040504943
0.01911624596771750381197
0.01855288226550504820933
0.01807453010977902105316
0.01777939593226311384977
0.01770352105094219474779
0.01785086170017353285333
0.01782433801630509823122
0.01814581103816441387533
0.01771107437218174401883
0.01782190189435372412730
0.01814765235771805679255
0.01864765811755221547319
0.01822905382328838738704
0.01786967151305325976485
0.01772434274806417020542
0.01780383794389388957269
0.01809489859130524250230
0.01856346908796305261724
0.01849489856477260635303
0.01907597714780361747300
0.01805113902667418446235
0.01778925782936800412126
0.01774357440407786992709
0.01792399897316246382140
0.01776907034262310142170
0.01777906701826647423159
0.01800742592433145564113
0.01842575947686467957576
0.01899186353411375441369
0.01963713160800244217352
0.01954627893314080447351
0.02020003822128940348946
0.01891125180522067183997
0.01836487936367719314701
0.01797120161786889408484
0.01777498049777112912317
0.01793849796190589637734
0.01830233670180069285860
0.01883045862306082646187
0.01945892183630013386186
0.02011219379698568968107
0.02071272895594364338301
0.02063870648758252962507
0.02113511916052331768290
0.02002447078325368320928
0.01936915363713844623339
0.01875057546409631195616
0.01824858275855919392816
0.01867492296300295520628
0.01927876194838933771036
0.01993421008764569360427
0.02055909541390419856266
0.02107716203629268411635
0.02143541443336815371934
0.02139912846481070371474
0.02160223012591238819780
0.02101813249265121336107
0.02047914640932511909366
0.01984175369049486284401
0.01919048522456664671032
0.01974923180546564113746
0.02039422363032733498400
0.02095305599058567766479
0.02135894980175722518423
0.02158844768678818207275
0.02163906714317688842475
0.02164484143158302426047
0.02155857444103022324544
0.02157142984098166932361
0.02131505115190675259118
0.02088253699119121259420
0.02030657291750019577403
0.02010120551203764538428
0.02060976291946068489347
0.02080862913635864869244
0.02126724128993036366797
0.02155003115299138766181
0.02164748510163348391155
0.02158021588522723160919
0.02137588565103691953806
0.02141089861708172017996
0.02110257822848902661828
0.02159998655476203649473
0.02164727835367938335587
0.02152418242257736480383
0.02121444721581011716438
0.02104177264705716851600
0.02137279841706353142317
0.02149364593594958738887
0.02164320492580058472032
0.02161744674927983111967
0.02144380417689193199515
0.02114820106021363457782
0.02074187255414592159775
0.02079951775555744994395
0.02029107480389587964131
0.02119232367635121710991
0.02147525212003336889111
0.02163207534392496203535
0.02163537209247326509320
0.02157812560933362877602
0.02165658162374697187635
0.02164376238930535573113
0.02150430584426568647594
0.02123560914093211918208
0.02085518564673405697563
0.02035954683310162161014
0.01974305627862434076025
0.01982589139278496601082
0.01909019062396827975947
0.02042769271951072954097
0.02090886219193753212120
0.02127693665090142974283
0.02153283879526257313386
0.02161619679917767961053
0.02147111430939023166142
0.02131867442515701649430
0.02096295871645588101972
0.02049602534035583137340
0.01990981759277380552797
0.01919087744875249204601
0.01833312213599727277802
0.01845053401584121829937
0.01747029504517068343450
0.01929358071652980538557
0.01999262674546411003296
0.02056062030313590693886
0.02101599034045041267116
0.02123563513631457344566
0.02091888551481747848815
0.02062664453822805540884
0.02007098500647012603859
0.01939271569419581675575
0.01856967101709491516082
0.01760602900119363767306
0.01652278681608203639297
0.01666846176107257201937
0.01551192171175921029336
0.01774187137950372986084
0.01868409306517767112799
0.01948536396019473829200
0.02015084742112185911544
0.02052347134040448731196
0.02004495661499399936090
0.01958134334550546210019
0.01879809109127375532644
0.01787338637671509120053
0.01681690165030188394146
0.01566749462988183821954
0.01582624108244884419960
0.01462973874116205857954
0.01697082643375795105167
0.01800365416681705757473
0.01890963952822724905567
0.01948377863265950485361
0.01882815044032928528117
0.01813178403642629749060
0.01712034859023318922322
0.01598370326251517120619
0.01479058938721431251673
0.01359274825377943668459
0.01374845045292516672319
0.01259569226134483500845
0.01495421541125804137939
0.01614532363495942493548
0.01726627282918565334247
0.01807342576080997118004
0.01723131629798557024058
0.01630619811781749972646
0.01511897357978463432571
0.01391303869805590731623
0.01274244614664458812026
0.01166974363603666235700
0.01180606244067421324584
0.01081817802381821944091
0.01289675255917263792249
0.01407295021028134862640
0.01528830246052690494674
0.01630929463065593915116
0.01533438738391179959053
0.01423710876547870131381
0.01304844081099667228718
0.01194242327895770304502
0.01093833433859065992766
0.01003201722205885465522
0.01014323464346300433803
0.00927930827148141200433
0.01106483599543391094233
0.01208345590299188601624
0.01320577604438820211452
0.01433221717091728852900
0.01333768401665551793511
0.01222471730463174470482
0.01119122200546107843977
0.01025607874202485655935
0.00938776390657222042924
0.00850885739853053137127
0.00862434675996021256339
0.00769989732749586531374
0.00949692970141689796204
0.01037345654838049344160
0.01132166652494162074893
0.01237351325207198225742
0.01145329457808346752812
0.01049122697669869173909
0.00961206079720222823781
0.00874507376029374366988
0.00783339985324403575984
0.00684218875673942451138
0.00698276127962957782885
0.00796061530810056143526
0.00885976482206979852607
0.00972159082341068035704
0.01061412718036134142374
0.00983727858717756663276
0.00897470923256136338120
0.00808536544228170839244
0.00712707434576936079557
0.00610344938087992519571
0.00625511340254317812354
0.00726589553995840489037
0.00821172508350831789614
0.00909458543300731801773
0.00833622612481425134812
0.00740432156537770575638
0.00640157871718417294249
0.00552747054266992422777
0.00655209981367807330066
0.00754402700730695888187
0.00670193905415133843462
0.00567252309044586223302
0.00482575252421560147581
0.00582626674584874135882
0.00526403937915305517731
0.00497113856820734223430
0.00448736675911048325111
0.00524576358750197205977
0.00508553391335877548463
0.00629407389199287004705
0.00611673635509547061057
0.00738064627680502967355
0.00593817006025967007721
0.00720209677503081454469
0.00843919974609923240205
0.00827561859637051394634
0.00942241484530054011770
0.00702760824481275022529
0.00576865744137920570533
0.00684786712803343161626
0.00811237347450779501534
0.00928242224352947634114
0.01031631801904892009603
0.01019431941799333989074
0.01113842817512335908736
0.00913224787121568945536
0.00794067141605131823767
0.00666261943107667072017
0.00648296244289189253079
0.00776582406591759966813
0.00898280912099797164416
0.01006658200788082893617
0.01103509236678482455241
0.01193115419944999061608
0.01182740563831840077680
0.01092223152136949718138
0.00993868656163112568214
0.00882173740345098926496
0.00758593193088594273249
0.00747987112462345730274
0.00865878455481008599270
0.00980173727708473323250
0.01081017378659861194468
0.01172863585190051481655
0.01263302818519731682279
0.01252712727726682136187
0.01349721947393847307217
0.01162293728187420958908
0.01068894312518832087622
0.00965851274927103861656
0.00852259318859927179901
0.00951134362328784864482
0.01056730816025660234236
0.01151299925330904680432
0.01242281255385646425438
0.01338111031370507568450
0.01444021101199536270820
0.01430739369756814892420
0.01546708570446940489429
0.01326225406752400658161
0.01231819960261808059865
0.01140588005484262194844
0.01044086186588768713768
0.01129150976173874318387
0.01221091510851657346848
0.01314740939250309999242
0.01417790269744128792140
0.01531884045987572107173
0.01654928571197165909634
0.01639416043031266534413
0.01766156461175349620674
0.01517074295577587779438
0.01404743294950847737335
0.01303101217504879470732
0.01210218423354880376563
0.01291949201077964917705
0.01391680440690384011615
0.01502599430736053197355
0.01623846545386923440057
0.01750535053003766938762
0.01877396852747789321447
0.01861383910033806779460
0.01985469454980230349928
0.01734471520883199696650
0.01608370938950632114683
0.01487935317974702596755
0.01379184419534000387297
0.01474056304495629382556
0.01592461611342804034264
0.01718464414836961065558
0.01845331711524459544771
0.01970289549558032482501
0.02090083794848893866680
0.02075559857728185436665
0.02191018810627176974237
0.01955555528921048419333
0.01829756738427396403623
0.01701874263766832429123
0.01576556530753480886431
0.01685294264641260669757
0.01813205930796293191554
0.01939607297953282322167
0.02061166356251997733295
0.02177426493076517477476
0.02288354023899671560449
0.02274869695370786495947
0.02381316083576676470579
0.02163532884005883380474
0.02046101077263405565443
0.01923397516533185275245
0.01796791849550544162284
0.01758276577806184431951
0.01865469383062222027969
0.01907540241716899204194
0.02031055948712477340901
0.02149534094523840657698
0.02261964743095879262769
0.02369169324092378764446
0.02470382584376360282641
0.02458598688801010359595
0.02553800044508013761257
0.02356618992844677559773
0.02248495578269088177037
0.02134937192055556126613
0.02015295465406538588660
0.01970624807786791957143
0.02072498167461795173794
0.02120192438461511452719
0.02234911284830313690786
0.02343753889252322974990
0.02446678114021635583319
0.02543095612191311957750
0.02630432769553120442296
0.02620343528391222767682
0.02698240301948900965456
0.02531943760245593255664
0.02434339676145610281699
0.02330652635792654706060
0.02221013677237660549624
0.02170526114738967685125
0.02265363902736846832275
0.02317509335673286971491
0.02421818133880310197625
0.02520373329023672601124
0.02610346900698506944494
0.02689405819671608632859
0.02755630243254304084788
0.02748272260902213243172
0.02800785315340233519454
0.02680653128225334025370
0.02600163111255014355971
0.02508711759914204406097
0.02409872233270565419772
0.02356844927415663662473
0.02443565950780764162165
0.02497061092168332413488
0.02589154999866752696058
0.02671260460105073092363
0.02740921328947988275249
0.02795178578159939267178
0.02832857160243243410669
0.02829121307363366075172
0.02851403965667223885938
0.02789502640068816999297
0.02732885452473072379620
0.02662085820153517121134
0.02578278251501870191320
0.02525716493370013665531
0.02601645250092201461234
0.02651891530581387823595
0.02724979523619234719756
0.02783152976526024474646
0.02824857972985205314953
0.02849326780525070906824
0.02856219117462671652774
0.02855948412279236958700
0.02847393568254899531844
0.02847045557456200082225
0.02820481436655522533563
0.02776785319463421358721
0.02716568298635059150459
0.02669916125248839033901
0.02729403328179126619890
0.02769900222400947104040
0.02815910672119382660017
0.02844364292793663540060
0.02855426501379158474303
0.02848927828157570354972
0.02824913705538972807929
0.02828412980435780765820
0.02789034274056091319838
0.02850239111340210559908
0.02854647776000981962419
0.02841534324095879374128
0.02810841614286284026458
0.02778304056618677991830
0.02815372274642313071835
0.02838337668977695960049
0.02853609333790747132342
0.02851291615096263748486
0.02831535315016282111644
0.02794463428966431975398
0.02740287559166885988926
0.02747464903034349537059
0.02680753310530806926559
0.02799535250592392193747
0.02834533409662470804236
0.02852098184225489857502
0.02852287759882185524951
0.02840209843688562552089
0.02852278039119547983771
0.02852600492901215256669
0.02837117910997004679996
0.02804534590719240036427
0.02754727146200687537547
0.02689849793040709549641
0.02613648868115548210000
0.02623555006617349014131
0.02698521292570685639611
0.02761554572485823422223
0.02809109400531738590101
0.02839560522374529050182
0.02851884585437328145652
0.02839264231001701124790
0.02813411478758282013857
0.02768114563200547995070
0.02706850032661567082015
0.02633372593577419651378
0.02554596466473180518819
0.02564276864975853151285
0.02489660963303387195000
0.02643054570380681464470
0.02715157951302487118750
0.02774375746103440940060
0.02814527276098539171345
0.02778081551183961966922
0.02723517789374654135548
0.02652629721807046522808
0.02574109400558670726622
0.02498510181364639939905
0.02436122420132805568849
0.02442063565123313295668
0.02399449114474220406956
0.02507116815087388761452
0.02584383004514807444241
0.02662409451768917717507
0.02730508731014298987039
0.02671802433500621368201
0.02594720789752659115268
0.02516765257514651590864
0.02448689849915570634908
0.02401828891624595285759
0.02381895268428895276469
0.02381005853021671975212
0.02381879103667053701465
0.02405059294863429869560
0.02455823510721078656305
0.02525993431204928002520
0.02605122787834981967769
0.02536250667770683156488
0.02463752677702462159925
0.02409291128331082776359
0.02380746381759843433024
0.02378108372291059743886
0.02393923226439130177989
0.02388568288065865199976
0.02411151853419372589893
0.02374828481082279230119
0.02381129479413399141485
0.02414139085883307625502
0.02472084180133790956568
0.02419366265635745569251
0.02382276735090456051824
0.02372029580978455773344
0.02383399452616852265407
0.02405502176777611286762
0.02427174055932145371739
0.02422277304417234586320
0.02437341734001231829954
0.02399741216426428541686
0.02378439646954877070839
0.02369777772141084051793
0.02384117838110886428149
0.02368127849304023369026
0.02373782407117637494043
0.02394022763636494480211
0.02417154203139403392808
0.02433833650329667724899
0.02439285434468417557152
0.02437358679258089591557
0.02432466121613725829054
0.02430005300294114586879
0.02411772777170244005940
0.02388256868531905482977
0.02369427554638197166992
0.02382562324443983706179
0.02406173071775861288524
0.02425800766870696290045
0.02435110830968114856154
0.02432053097753305442863
0.02417353792862357922400
0.02418338929196302625191
0.02394983629926284232625
0.02431371286302988141137
0.02432529339441457175153
0.02421320323864878734654
0.02400412114625116027922
0.02392728098213393536642
0.02409560492364115624753
0.02416485856108072788340
0.02429605307747059045331
0.02430425996157068238568
0.02419069935459898859631
0.02397096701186731890210
0.02366260534969598025579
0.02369344076685012123740
0.02332707607262007182269
0.02398984468643146350519
0.02419581575843278778426
0.02429132833153217763122
0.02426336465536688136169
0.02421904692194491032220
0.02427097769609036503891
0.02427554068038491330572
0.02419838820982897487077
0.02400818233772020887651
0.02372417723909805986615
0.02336734992367509727851
0.02295721635891612849578
0.02300158872319903527459
0.02257067594010994660003
0.02340597295293598070764
0.02375217483924768613335
0.02402359983405219154284
0.02419777583811773963296
0.02423994616955809505709
0.02412786826639052445431
0.02403729705503517694032
0.02377945924828885754243
0.02344291333482423703161
0.02304749034573939578396
0.02261967019440346698955
0.02218366716628306090087
0.02223220184307782634758
0.02180180592923710095055
0.02266495847757457951510
0.02308900123510837162910
0.02347758558134089082459
0.02380599373627904219441
0.02394306887077342696490
0.02369773728367090617764
0.02351238280276258044155
0.02313281649829058983503
0.02271262560323395601758
0.02227979157665846074443
0.02185094585484982296353
0.02141850868840292423934
0.02147201176259450061679
0.02101928487027658956632
0.02190234174680753820308
0.02232786774693723552687
0.02276005509001735940822
0.02317495476941268395255
0.02340066897784932528626
0.02306732014944035125126
0.02280792843370867128971
0.02237837267208090882842
0.02195073064680910790436
0.02152559089902008129802
0.02108338745588831178446
0.02058255756504493230730
0.02065883093861901886878
0.02010026761296135680568
0.02114361027098587975104
0.02157982278074995277639
0.02200182143544059110152
0.02242792258414413528178
0.02270812293225036096467
0.02234633460029327237106
0.02205038068394917644133
0.02163099172291567048876
0.02120258354124366848015
0.02073183309976106905581
0.02019111116690390506090
0.01957804892000587423939
0.01967677470638278663939
0.01904545128126331268725
0.02027653350662804443427
0.02080284883368752751887
0.02126027775519252413505
0.02168492153439285224925
0.02198403453511707864032
0.02163414209201233034952
0.02131720395909839083082
0.02086993820235761784576
0.02035930111020666302690
0.01977664773501163972269
0.01914610919725594911922
0.01924877827493679666171
0.01863951681207661956186
0.01987231184519851201475
0.02044240133544195092696
0.02093547594468473174723
0.02128356528301746791731
0.02091967628776685017566
0.02052106782879572349776
0.01996626527427205338716
0.01935061334671422592080
0.01873617753327337653868
0.01820379812527264315469
0.01828633505796870700744
0.01788479086446862972859
0.01883540996033020512024
0.01945320327791632761261
0.02005692137119640880427
0.02052480965007267080247
0.02008622178869455890404
0.01955586914558597039226
0.01893624175028658582209
0.01837064259881638142446
0.01794353519206326116886
0.01771309657328394918108
0.01774497333367698950757
0.01770384399409570541639
0.01800826187018565727183
0.01845967062390793320126
0.01904110223919365865730
0.01960899117507042960229
0.01911965649690204258060
0.01855622385843155169871
0.01807782135946587806496
0.01778274863207077866045
0.01770673111807418570463
0.01785391760168838007350
0.01782756707547124286339
0.01814891126327569659260
0.01771441256436210795466
0.01782514737545101007887
0.01815092480861981924511
0.01865098153458797161641
0.01823230540179427913716
0.01787289747331550354703
0.01772757058274742475446
0.01780719190146432678867
0.01809817377836973190108
0.01856663439559966960468
0.01849824316191355649819
0.01907922341758155546088
0.01805453763087333171611
0.01779249747411370749517
0.01774678118552936584296
0.01792719877612527698552
0.01777224516991208341787
0.01778228378805370851756
0.01801070535221653903801
0.01842922649832749379395
0.01899529477357224382938
0.01964046670198344932134
0.01954980694221680401212
0.02020346194082083338128
0.01891480795762043309871
0.01836822402014181079832
0.01797445680861901873282
0.01777815881458697996886
0.01794170796982154023058
0.01830565532119617089268
0.01883388813267802830431
0.01946257864070264492762
0.02011582051354720429570
0.02071623244938560620687
0.02064242464194995449467
0.02113868689435103795371
0.02002823131857421612434
0.01937268124305955435682
0.01875397884750824167854
0.01825185058989958405973
0.01867826970109680295717
0.01928226481140166148620
0.01993784059546682349562
0.02056295346943328231082
0.02108095537762705654061
0.02143902551748296664291
0.02140297579013365758538
0.02160586180835121980492
0.02102207367705041102246
0.02048287617988678310788
0.01984536251813439483582
0.01919392674789560312987
0.01975277591290590037398
0.02039793650967809332530
0.02095687211379099537667
0.02136295184754017154050
0.02159232508522340721058
0.02164269746993836146531
0.02164872499937317215646
0.02156218380858775443554
0.02157546839157602550086
0.02131893316970959878498
0.02088634234064014327803
0.02031021927225739112655
0.02010474173219885946073
0.02061338303114550185580
0.02081236813680064842713
0.02127112030605495668345
0.02155395577317837513265
0.02165153439462422918504
0.02158408374832539861066
0.02137945707463234992773
0.02141473191599028644272
0.02110609665191574488285
0.02160402340316350949800
0.02165122055670651649018
0.02152811184681383688266
0.02121826144863072499680
0.02104546303743332416603
0.02137654112194176808659
0.02149751266431739957219
0.02164715954078069021227
0.02162138351513764530920
0.02144780819377722913543
0.02115198311797690869374
0.02074532355878902847857
0.02080323333230259946758
0.02029444373109152294221
0.02119627707529739973902
0.02147916280976387704005
0.02163603127534170778024
0.02163926636166613182155
0.02158189858606750569092
0.02166036299175670004624
0.02164766037719074304180
0.02150824150316054533816
0.02123947594326001941933
0.02085907244448655453728
0.02036317973245826626338
0.01974632740004058847894
0.01982942492726284117177
0.01909334695424065586611
0.02043149597063471933911
0.02091266925671700707690
0.02128083376503414961278
0.02153671888644301951610
0.02161996615245694378094
0.02147485360568901491263
0.02132251801583665701267
0.02096680132005837235432
0.02049975708879643240823
0.01991352060013522329296
0.01919429368777602826213
0.01833614685834114577112
0.01845381451523804214321
0.01747317128187537288442
0.01929716541745096769489
0.01999626666365152127813
0.02056439186555293271996
0.02101978111360639639438
0.02123932908602467126147
0.02092252051440448082364
0.02063036690153703320294
0.02007466923462066996087
0.01939624617525177383004
0.01857311753099706586045
0.01760915556652901947654
0.01652550132380072728244
0.01667141814301801444609
0.01551446477095907473809
0.01774516051042557274187
0.01868749418339677240142
0.01948894304466091201289
0.02015448568643073493090
0.02052703440987538666129
0.02004843376654812450721
0.01958488053923538793621
0.01880154620604247012183
0.01787663970607832400472
0.01682001569495199244653
0.01567026988775455445535
0.01582916830225304660740
0.01463232680544311603565
0.01697391531787745266868
0.01800696530814523826924
0.01891305679650289589544
0.01948715596397000010542
0.01883141223856653681534
0.01813506215114223801832
0.01712349901849824843070
0.01598661221891874151257
0.01479332181588618663759
0.01359514975542960857346
0.01375098720709484224900
0.01259791466221396247227
0.01495693665667116589724
0.01614829621204976958793
0.01726939583927191920742
0.01807655544852205739548
0.01723429923358202678352
0.01630914880405621991688
0.01512175866881274206854
0.01391557024554894266000
0.01274479430207490354698
0.01167179982759849327101
0.01180823526785841799669
0.01082008152260133422573
0.01289909897561845354697
0.01407554391656867798233
0.01529107005732676868859
0.01631211729317849634668
0.01533704102310797998121
0.01423968708594923644750
0.01305084674846848473428
0.01194459582405699854535
0.01094034488156597241526
0.01003377994314297132206
0.01014509657460003176632
0.00928093642277705473120
0.01106684862748239656094
0.01208568478553829865507
0.01320816855453540474008
0.01433469743219986831939
0.01333999240731278783378
0.01222693306146304705051
0.01119328710747165278594
0.01025794403261446469111
0.00938948480023289906715
0.00851034820131457356296
0.00862592551572726427833
0.00770124438540198581749
0.00949865671850981703461
0.01037537145771791173565
0.01132371946973976910289
0.01237565556777317846149
0.01145528066631670491282
0.01049313012779403905816
0.00961383570727505909481
0.00874666388523129105514
0.00783483185752711225325
0.00684338397119248730005
0.00698403595296596783892
0.00796206260054820383343
0.00886140126607695872984
0.00972335506208875897938
0.01061597063553035291683
0.00983898985219829221027
0.00897633861547775767364
0.00808685919993651705640
0.00712836987918065868169
0.00610456190535564689054
0.00625625026042193714548
0.00726723821672730415505
0.00821321656258345439428
0.00909616992531675841449
0.00833768068983247942483
0.00740566692397477775028
0.00640276190263085794724
0.00552849229479916107893
0.00655329074180573990793
0.00754534531248827848582
0.00670311198063608306569
0.00567355451744161898980
0.00482663031672809356154
0.00582728792000013900987
0.00526495333672493456140
0.00497201110565991411666
0.00448814605636841269104
