0.11271320384603192299444
0.13381286972879988250718
0.11994193227732717621503
0.14416725470117242036139
0.12847842596674272086510
0.18372883140694201697940
0.15595616490749603100241
0.13849562374480164916868
0.16930052387585062256825
0.15006507831442372769004
0.19870241706280955540365
0.24094778541310005182119
0.25802710220332292223588
0.21490597243335593513613
0.18410264533488784888249
0.16318971134551618629160
0.20008024768609486421234
0.17777051374292962560020
0.23208900168811166797589
0.27603528391808790365403
0.33057614571993293450802
0.41040424665943608939500
0.34933573698191555667592
0.29466842564308626251091
0.25011283375359788516690
0.21722743576327499526180
0.19361548541547693447207
0.23491876142177567365898
0.26875132046252159234712
0.31361265258383397291908
0.36817341171513506825619
0.42876649101464270330553
0.50377055958733463203458
0.44689794360733686717779
0.38702540881303026942817
0.33266407886867416232590
0.28763120600577668506403
0.25309223727507290657712
0.30626823552584814258637
0.27145058297600166419272
0.35153730867319871178367
0.40553058546956416430262
0.46474574357853426498366
0.52246779195591508404561
0.54010513159584150333359
0.48204309652735216618069
0.42366731093253684470312
0.37001236010336419068878
0.32485379489383808815361
0.28961633413860715657862
0.34290547021214606848716
0.30753875926847118460472
0.38806640378357304399515
0.44139798861123447082377
0.49889389080186036240505
0.55565225967660358818989
0.57056286177983162044569
0.51513412895756793830060
0.45847142339475432937235
0.40568012319867391424211
0.36056371206996473688378
0.32500017779177842180971
0.37777089663839596989092
0.34210655955553892493270
0.42271100542214373740890
0.47515024887275753018301
0.53082952080234369063305
0.58504164473285780179168
0.59897712406886116642823
0.54615601249766432268018
0.49130380105788679090395
0.43945227921886881317093
0.39464543372980259716698
0.35890746041097848495482
0.41113662753721674780749
0.37530576361419437647626
0.45585715876313265271236
0.50723568855793621512618
0.56103555099449653464916
0.61257126342950707353907
0.62566145342115353500390
0.57563251134727122515500
0.52279239287542500491668
0.47189842817517141382311
0.42742561590360106382747
0.39150770965768771914028
0.44346451320562185749452
0.40755612099349708410401
0.48787101756182910117232
0.53802062444047393796609
0.58982876938392425625324
0.63832576639700844278735
0.65049690824467665262176
0.60353602182723942171094
0.55283939556512029511737
0.50330017146640804170943
0.45932640359134774277194
0.42343650465045340469672
0.47472728387054902166042
0.43892512248704346200512
0.51840769948533249600331
0.56712916159463100385096
0.61666860223512187655359
0.66209156790356749056059
0.67475650831195899126413
0.68618033008069900802184
0.67283455873658370993695
0.62910440807373946281444
0.58087433526966469887753
0.53291794088141142271553
0.48973890611164072605987
0.45405884230497828291107
0.50394639271983332484695
0.46851802773549655611873
0.54669040995156747975159
0.59373536102543589265679
0.64069855967038269461966
0.68266563315429018565794
0.69650838334910136762090
0.70565352851315854554315
0.69153240044185027013413
0.65128369018393061917749
0.60564976050578078758946
0.55946172531193005816874
0.51731955686051733778186
0.48218166236330994856019
0.52954066726429205314020
0.49480600090727622220044
0.57120956724240912194546
0.61641462078494302367915
0.66076510892332696034401
0.69933618205280145829761
0.71356323669830290512550
0.72028106997642182829367
0.70597547258700221739502
0.66904999021898081679183
0.62607259640799406419376
0.58171740050081299777673
0.54062801019690931436656
0.50628112291490035001829
0.55048961373577820488379
0.51642811308918668000700
0.59104112357367766250604
0.63457322040776964477971
0.67629207005616442938134
0.71156513866345727503671
0.72582118436564690977519
0.73020285440760834827501
0.71609336999895989439580
0.68240993286289008956658
0.64184476456230099561395
0.59916767665359593753038
0.55906255189970210928152
0.52523073617880966512672
0.56641225299764830225513
0.53271876363314230040658
0.60616078399732520320953
0.64811236358914958710642
0.68758844432893961862163
0.71973891295742842277861
0.73359549108332466893501
0.73612011232672536209520
0.72258885511801806966758
0.69185693627376354530867
0.65345376093503926284711
0.61203805542060307764984
0.57254023210005045019244
0.53891672494895348499711
0.57765623413277944475652
0.54391314649778566003846
0.61708420900557348076632
0.65797299087910621206987
0.69544794969651846372471
0.72484695241089325268291
0.73793619589263903524312
0.73921152462282790907011
0.72659812897675735143821
0.69846484941844944049905
0.66183922104684644871497
0.62134204499058565129843
0.58192471395775013931484
0.54790436917000018279822
0.58546692226739549536063
0.55102682210934317286188
0.62504790035700930062035
0.66525527079207691372176
0.70108312091763080875495
0.72804109857965315644179
0.74009182279914431656920
0.74072039485262264335574
0.72928474130899423322205
0.70346402691174003685148
0.66837039740245685059961
0.62836560162884469438183
0.58852066276901404684452
0.55351218608450458713577
0.59130900261006968943178
0.55557020972395065872007
0.63149015461960111839090
0.67133761872368979961578
0.70577125481483538038674
0.73050393165312854648619
0.74123336221633517872931
0.74173046571811207527958
0.73177193059354073145784
0.70813408638905228631444
0.67433642597561749276736
0.63460597677315011555521
0.59398223069166011800490
0.55747020523815637993437
0.59685053380300046033113
0.63788845786071590726607
0.67752503543345210523796
0.71064224880144233331691
0.73322598596518229197017
0.74229354482241993729019
0.74297016549437999710648
0.73489087727166890751107
0.71341432190678943925377
0.68099715393332826973705
0.64152148997526081686260
0.60005109507160503401479
0.64560761786550990848355
0.60375666912270720132483
0.68483449486479464063393
0.71650366812537169547426
0.73682580818703191649632
0.74377105511680585703260
0.74467383095507100332355
0.73899504297689400100779
0.71989946442137664472938
0.68911558274676754098920
0.65015918158388519287882
0.60805923190702881875325
0.65532626872844412790897
0.61303045542330325545777
0.69378331679442351020981
0.72361862188239911564125
0.74140647487315547436992
0.74563838151269679066502
0.74669539421414743429750
0.74399970296152562188041
0.72757832675640343733647
0.69885106672773256164533
0.66103502485523013554314
0.61872380758201162009868
0.66715711701349478257583
0.62502153689247286205699
0.70433068112228958135290
0.73183111619564722438724
0.74674659781054086860053
0.74786700891768531640480
0.74909609084062622752498
0.74957288528914822745008
0.73623987988415751093640
0.71001474486667970342779
0.67375262474068298157448
0.63184794383873665868379
0.68072968822185775383815
0.63915946244868382386528
0.71601696381059842799743
0.74082719486023540511610
0.75249938232127899784274
0.75035676903111270252822
0.75165852258620535764067
0.75550501914414891491134
0.74553615268932416082492
0.72221037565611134745325
0.68796556549505261113353
0.64689697708670701459255
0.69546412569038507101027
0.65498241016695990523999
0.72852719345291039321211
0.75031771233938804321895
0.75855516486392027264429
0.75296714337425940666293
0.75427250325536832065154
0.76161014740241284037836
0.75516052290664725799019
0.73501590529234794857416
0.70317764740834631798094
0.66338333299732310521790
0.71102085653807467480192
0.67202235152813549756701
0.74153740349889663008298
0.75999595215477055987208
0.76460519867119125514421
0.75548359692574185153546
0.75651192962558966303988
0.76743662876420071228267
0.76469834847552287104833
0.74797892110758357198108
0.71891793514525681452199
0.68088761834522593119345
0.72679228386815475371208
0.68983935744928048805491
0.75433492225877230019648
0.76919110693058045935544
0.76995628856107667381536
0.75717173868855025542501
0.75052073509456129762896
0.74925118672732193836339
0.75729985635076546568456
0.77198571794195380846304
0.77323423003294100563920
0.76033050237044819130716
0.73449404341934909634659
0.69881712740979784470596
0.74186522877142080378832
0.70756025436581149179460
0.76585478943877427493447
0.77666862740988007463017
0.77331126817390094529969
0.75665659628096748612336
0.74710471743017725643199
0.74384573381752350229590
0.75508301344674144672808
0.77375040898527791544126
0.77929968002407656868513
0.77064472630323521684659
0.74858226848419162635651
0.71590275639788980566180
0.75458637498177372204822
0.72361294930026209826224
0.77451878215660363569128
0.78093046176685709802712
0.77311821795199697771039
0.75238096093673800801582
0.73937773515841054283726
0.73355902507894210629047
0.74852031674021080043246
0.77131357901110664254674
0.78141491263506424047591
0.77734168867522901447131
0.75955593560551204479481
0.73042866504518366710386
0.76341781568662336887598
0.73618118365041762540812
0.77897454129053156357543
0.78066928329658358265419
0.76826380127675442111013
0.74344085540865023631341
0.72640473957057449805319
0.71804721094066326081418
0.73713880869127390571549
0.76401692771787255153981
0.77868277575018451930333
0.77934114339680149452505
0.76603761333044750880816
0.74075595599224797194182
0.76740328715768446610213
0.74407182160761964340168
0.77848394344625648777480
0.77548809241110805423602
0.75861435157691015085391
0.72982503934338138762428
0.70856430275236603755218
0.69825350497306737374004
0.72168094297806595349698
0.75225556411784533228371
0.77125519311882695383531
0.77647395149908848832609
0.76757965145310258492373
0.74619515191227203665392
0.76670882463930867256607
0.74720904925051634393185
0.77350090507922641958061
0.76612764120843990234277
0.74513360115408866501951
0.71285915816822498225491
0.68724041444032157865962
0.67602684300109017190294
0.70365983741827131670021
0.73742182657861021777279
0.76030253080851106783911
0.76973248466030874670452
0.76497207401649658375931
0.74729430195536084013952
0.76256275063871570285556
0.74665510558076320091203
0.76539525637227112664362
0.75404235576726008627446
0.72941234054144010734433
0.69437801368861296058554
0.66455992094297333672159
0.65334533789043358620319
0.68503750522079520646201
0.72130349798582682474546
0.74750408031999759916886
0.76070920998957047842737
0.75972563994102837447997
0.75583438492243137929449
0.75666384770824601790906
0.74094057188241924105654
0.71327848261159876308568
0.67592485145253522471620
0.64237187483776425622750
0.63185637731195998245681
0.66721910353892621703409
0.70540669403463096553963
0.73440725270872930785515
0.75098026846564502889692
0.75353245697411419534717
0.74623938959287339223181
0.75045046444245688821439
0.72808287815527195085963
0.69778051705532861959114
0.65878880582619148142953
0.62184967826495007869880
0.61230262032566806773559
0.65084566914338470855483
0.69047737896439553839656
0.72195940533414304507431
0.74163616211574734382594
0.74747650590488934341238
0.73721811685908478217755
0.74466106641088014583829
0.71610224983637149609450
0.68344051705973984933706
0.64323705453139212728786
0.60322235824442460572214
0.59464857734711695780305
0.63598067678654690570994
0.67675820249016860330471
0.71043719797837001639351
0.73294836545739872057936
0.74195650110116606601451
0.72882247836927349649017
0.73934698566789169849045
0.70491502436546527032846
0.67025236528392384549591
0.62897364729028826246804
0.58621372527135617858107
0.57987329814947696782212
0.62235054001052525496362
0.66393634848770899381520
0.69954590778282543794830
0.72473949491367695152633
0.73678142851084871267631
0.72069729461258991154438
0.73421317371834793341634
0.69422506025467189960665
0.65786610599664918641594
0.61600385982369321169472
0.57382447880477172041935
0.56830983850256722167416
0.61002868529708043077164
0.65204799366966414986280
0.68915650617597534743908
0.71674038504644221880824
0.73167183258974721749013
0.71289866209490804216387
0.72917636212010750185186
0.68418292251965673322900
0.64647007531367106647480
0.60443952039305315349083
0.56327453495258117399658
0.55889960654255654848299
0.59940745926936689347286
0.64132765492097998372145
0.67954116160719202355267
0.70923338901714261250930
0.72680719390409898039707
0.70583738732432876883394
0.72463234493690842352720
0.67527915644943614648099
0.63665255514127838676330
0.59489411252096047189042
0.55509902671440713994855
0.55202923425809746760251
0.59101830939495680894424
0.63252854723351081833727
0.67145073840872770976063
0.70282192435129153817996
0.72276000071765433840909
0.70020480051891542672138
0.72125266906588991755456
0.66805199344086718671321
0.62888556721128707760471
0.58768904428680623919234
0.54945101730727008426669
0.54723899421588151348317
0.58475243830507250830664
0.62566980843729957939559
0.66511560878763353876764
0.69795964723611048086127
0.72011350221512104852195
0.69600878210612382446243
0.71928765781713377425177
0.66237126681295888097623
0.62270046156193448183558
0.58195462331747060957809
0.54500263507669832740987
0.53418327401435439227839
0.53071639563819994478422
0.54242142346118071838390
0.57897566907558306592563
0.61961256127329500387191
0.65969162723069363352124
0.69416068726113355769058
0.71862717640605822122524
0.69214059221215074035882
0.71789870333400418456193
0.65673645107240075091681
0.61611079750388875186928
0.57538204002716897278447
0.53901126615509142858684
0.52642719280577254803433
0.52080984987059875113147
0.53443999108533402075949
0.57086137678185144839205
0.61186345701880173741927
0.65312716112940549795240
0.68962165370966466149127
0.71681466930658488401207
0.68630709165671222038441
0.71506411089749433163121
0.64855306748409147221679
0.60644840650037079576862
0.56491309923688370897565
0.52831870635585120865585
0.51360297318570224955891
0.50463547460570046254702
0.52049592187008364430056
0.55749360043559248456546
0.59965295350027214560384
0.64277563545357530028213
0.68185879336092081182130
0.71235851807095629251165
0.67612346623007935075833
0.70845814946568907988222
0.63549909402366433486264
0.59131021259367000375562
0.54837771090122700012870
0.51090350242665705238210
0.49382342361644365746898
0.48126531447857606726970
0.49959239743210887008118
0.53771716890584686510124
0.58140938715491630173204
0.62678401697190755381683
0.66898471310276019785590
0.70325153094801640119016
0.66046601648472191836703
0.69666383800781894741760
0.61667370756752071248030
0.57004146849040782107920
0.52545846815160524023725
0.48689797819674679457691
0.46730666194805098312415
0.45220518622310312828461
0.47300391230373234341400
0.51207563965990054999367
0.55749725116735382446365
0.60526305871136842906566
0.65065911754243643816409
0.68883417497723031797108
0.63976204578564288549813
0.67991022000768397415271
0.59282980783326966189861
0.54388259598022359320169
0.49781475541390191041913
0.45833592496300790131158
0.43637797235409891971614
0.42007931250455238236796
0.44323619672885944398288
0.48301393695598043853678
0.52966564765654111646143
0.57960209502746773413406
0.62811318637454505164897
0.56598147079938054826442
0.61586311645465929842658
0.51509723775574334236893
0.46781328393287263667233
0.42783852168235203539126
0.40378004540192591331760
0.38734612727745620919251
0.41230290387059498335987
0.45260035914045315674770
0.50014156522031461005184
0.55198775125125287832617
0.60318451507168135972137
0.53769798375276789403898
0.59016856842865295096345
0.48507947984378646522075
0.43700189889400009590759
0.39681679473845071770555
0.37072165631298892307655
0.35389346275913052819462
0.38089864275074503119356
0.42121059523239973154674
0.46974199133747329693023
0.52313840785755771900511
0.57686713852761772880484
0.50826218914833842799084
0.56308438082247591616181
0.45394879695718526324555
0.40495813371924999080065
0.36453139107112042527348
0.33657151292412179621749
0.31865222708556534270130
0.34743261314667761574526
0.38813419154363237861816
0.43760002165429601195257
0.49262229052985606614357
0.54878660573529247646007
0.47637272401758185003118
0.53390467384967799091555
0.42049870972957997805608
0.37062246579845015137522
0.32966264758093094533464
0.29997979020013387785326
0.28057492001705525153099
0.31115552186849404492364
0.35227067843715792472281
0.40250757332485875839012
0.45937788811077234774061
0.51803724540210938087625
0.44144242476545858533399
0.50140835235335423636371
0.38383238997965773986465
0.33309492006135421604540
0.29203916111922967324688
0.26066841383235506146576
0.24143247200892264947569
0.27236903988903365947394
0.31351314100657012851059
0.36459793345065183434173
0.42303756274680537341482
0.48401162292690219635105
0.40388934713082697003372
0.34491710600519975837841
0.29352834893240681291005
0.25267354836782057736499
0.22236833282353268836928
0.20391386273784692373390
0.23338159117997028801916
0.27380370064303044541631
0.32524530933304396373984
0.38474320288641455922729
0.30597163608648858534877
0.25471528941183418925931
0.21496853151152320315909
0.18663357589412429837772
0.17078349069017989547703
0.19781118488324778148524
0.23659360337938559193383
0.21981395491477428993932
0.18222947002727443721604
0.15683834534415100336879
0.14478410276443184900863
0.16824890622440666354542
0.15598163137251558341134
0.13443937894856955450607
0.12152216379002764301553
0.12574165871319550880081
0.11435144879641573334439
0.11273190871512869803972
0.13383669696397268444876
0.11996179705045323382606
0.14419288793634763012896
0.12849966201465798376624
0.18376223246717224291125
0.15598385259455535556405
0.13851847034037248485028
0.16933053365451788963014
0.15008978518868942853004
0.19873849752469657792275
0.24099235698581816800257
0.25807481965865419759609
0.21494494883794329487259
0.18413522550374800124118
0.16321652640973807746327
0.20011559587416458128040
0.17779966688042617151133
0.23213104534350875729487
0.27608631795196375557921
0.33063829643558467763498
0.41047968820719721305679
0.34940140236831596087796
0.29472288830164056205874
0.25015809011984135867834
0.21726574812191828955932
0.19364717441608411685472
0.23496012240052263631007
0.26879989224357170307655
0.31367059611169750832360
0.36824260147375525997759
0.42884538647618125617456
0.50385963259946975334458
0.44698025979551375685972
0.38709812351335864955004
0.33272551991458387821154
0.28768312780743493517477
0.25313671847535362813275
0.30632345521976089841587
0.27149820323932394305899
0.35160221117419693248607
0.40560675976208210302687
0.46483143377389762873619
0.52256011640680755103716
0.54020054962922547936444
0.48213206441092598675269
0.42374687008569711377248
0.37008064621435898811086
0.32491229679776917338430
0.28966704750215582775397
0.34296715067383831687664
0.30759251080840116499004
0.38813799042944963080259
0.44148085005597387242560
0.49898605902217713081725
0.55575053894052506286982
0.57066389960141428172591
0.51522939475006235277021
0.45855746122938417785875
0.40575492276116409406939
0.36062849019283499396593
0.32505687317315018480812
0.37783868337733439446424
0.34216612251554767709649
0.42278890660229606623943
0.47523938798705817054824
0.53092778792935357845550
0.58514536085161039657976
0.59908342346170095904512
0.54625721464781917813269
0.49139593829575128891562
0.43953322521629362151785
0.39471616443586199363125
0.35896982514476388770319
0.41121022658366018776022
0.37537084872027681736739
0.45594108063493388183218
0.50733077584521435454690
0.56113960939799900629055
0.61268008677367047365436
0.62577272107477588392044
0.57573937955792331422344
0.52289035471844802493990
0.47198525040391381413230
0.42750203774782608023841
0.39157546856118730094209
0.44354370548326960133068
0.40762651260119697749218
0.48796072382890393059895
0.53812139991954055506795
0.58993837677447802381181
0.63843939715781783394988
0.65061281671471604681756
0.60364828159452776912275
0.55294290407977564338893
0.50339265575875025149344
0.45940832833417211134019
0.42350948665823773264805
0.47481185396854747038375
0.43900061646264337822387
0.51850289666301485613786
0.56723529816901874234247
0.61678340624189442742420
0.66220964913181179500867
0.67487461636898704586685
0.68630029998827546400264
0.67295466697860750748816
0.62922162917047519403724
0.58098299346716864022255
0.53301573200379270822680
0.48982604444276189870067
0.45413677554074999287437
0.50403594776754989670309
0.46859827084510147221508
0.54679065176660157643340
0.59384637365093073668731
0.64081804667686126375514
0.68278760327361465165552
0.69663002266771945070190
0.70577662522175588222240
0.69165606268094415032266
0.65140525636488666449964
0.60576294797460927821220
0.55956422829790386508364
0.51741137384153079725735
0.48226406604915622589047
0.52963453901775270349361
0.49489037765440058169730
0.57131414007945147126577
0.61652976626899524958958
0.66088854359516990832901
0.69946133482413730408922
0.71368757597908683010246
0.72040645312969942004599
0.70610191498529739639878
0.66917507281133103980153
0.62618948607059987665480
0.58182380630903685059252
0.54072372983652805533694
0.50636726805183696065171
0.55058695703232862772580
0.51651579103461264796948
0.59114913724184814380891
0.63469163316182031220336
0.67641860704410061710945
0.71169268112217820565490
0.72594741196045575737372
0.73032973058086436690672
0.71622182284298896437491
0.68253771545847274904162
0.64196447452631910657317
0.59927707572348687392605
0.55916128498787043277218
0.52531970821523255033014
0.56651215783282404814258
0.53280879988733764740516
0.60627135739127113733815
0.64823318120887218896087
0.68771729231432987550221
0.71986810513010657253119
0.73372285046648677564463
0.73624782221977336238439
0.72271865193980722175127
0.69198667522243229033307
0.65357550575771516943036
0.61214959248999700758276
0.57264109157478293443688
0.53900760323683682972984
0.57775786460041833603185
0.54400465963010669057098
0.61719655029880160501676
0.65809550788202475501976
0.69557845083168046151911
0.72497724245419614685915
0.73806415129701574695531
0.73933964396140572361560
0.72672882483151923782572
0.69859600789117437535936
0.66196239316588700862809
0.62145504190661560173226
0.58202696077391669060574
0.54799634150655396336305
0.58556965724037612908148
0.55111910319651069567470
0.62516144894198311110500
0.66537901170279034612776
0.70121485577624709240041
0.72817213332992658525455
0.74022005189568462757421
0.74084870910518885178675
0.72941608138174462983017
0.70359628811678476267844
0.66849464758335574998682
0.62847962864333051236088
0.58862380044854267779897
0.55360466778501649098843
0.59141249272872065123607
0.55566281991331256673305
0.63160461589737459942029
0.67146234809958715850087
0.70590402565868326512089
0.73063556944994878517008
0.74136176348200455432647
0.74185896736340772861240
0.73190387940774392916410
0.70826737799234418258010
0.67446164004466091501655
0.63472086435499208700861
0.59408604908138107347781
0.55756291387138112725097
0.59695471207053152351563
0.63800380006946566524562
0.67765077099183612663325
0.71077608704861339194991
0.73335826947712912105004
0.74242217485716976987931
0.74309896351047521889654
0.73502353427849076439315
0.71354875042085208480813
0.68112346183038463554027
0.64163734712067010956815
0.60015569096221754730180
0.64572406429489637158525
0.60386176879269271022821
0.68496143779547657981510
0.71663874084190881674772
0.73695888344640791967066
0.74390006451205537008065
0.74480309019527279890127
0.73912858456706209686615
0.72003523903134636352519
0.68924324048008100973561
0.65027629427002719975093
0.60816493402832905168509
0.65544415326031701951592
0.61313687039595499150835
0.69391176327839587667512
0.72375516093550396057310
0.74154052294169181536176
0.74576791314013646250203
0.74682525305271363347259
0.74413428717805263357121
0.72771566679800181454141
0.69898037444489202751896
0.66115377536761610333116
0.61883105926460402201883
0.66727680283396206828428
0.62512972791551668638732
0.70446092334829935044382
0.73196930677566551803892
0.74688174129687168179004
0.74799724003358114554629
0.74922670667151081147495
0.74970861128865651235031
0.73637894901672951153415
0.71014595283272985426493
0.67387331963742491680591
0.63195715896309190284796
0.68085145346604525329326
0.63926977778739324520529
0.71614919940335397541276
0.74096717567033942852817
0.75263570304985460968084
0.75048777356782703229499
0.75178991991319932264304
0.75564194235068915528331
0.74567706387240362264635
0.72234367384962550051597
0.68808844402180835420069
0.64700846194952055245864
0.69558815895582060129243
0.65509512097996380752818
0.72866157164674882906752
0.75045956172775540871100
0.75869269374021031104860
0.75309893595695354129305
0.75440469696551759604120
0.76174828714909015303647
0.75530331672307970958258
0.73515138972789517701756
0.70330286319225265856403
0.66349731757526941855474
0.71114726970385266913155
0.67213764186298652347773
0.74167400080427114961168
0.76013968921491126273793
0.76474393211965152605814
0.75561617293193417133068
0.75664485340068488028464
0.76757592722472289814561
0.76484300346524702884921
0.74811661426814302089383
0.71904555004388526207038
0.68100424565201156390515
0.72692109253041814476148
0.68995733193394082061189
0.75447369318164581031283
0.76933663088271586616429
0.77009608746521285294051
0.75730494378442636538296
0.75065288502521365643361
0.74938332484638159325385
0.75743325319842202958398
0.77212592790301637357686
0.77338053142782536841793
0.76047027986514281749919
0.73462400692567664250987
0.69893644779495145424875
0.74199627786130750717319
0.70768087105385424351311
0.76599548309739695639564
0.77681559039266079302877
0.77345176009097238445378
0.75679004976331865073291
0.74723668483983873844778
0.74397732587725162733960
0.75521635570103573531497
0.77389102550522592682825
0.77944715106625450662392
0.77078619919173307906135
0.74871428259281569417283
0.71602459186579914263149
0.75471922538433722227325
0.72373589056559572973981
0.77466086808014955611412
0.78107824490144084350618
0.77325875111698683106454
0.75251398760516430286316
0.73950872431384384597663
0.73368916717876053734670
0.74865282424756618429029
0.77145381674748036981981
0.78156278368121967492499
0.77748419060047591067075
0.75968943475770744910847
0.73055255607130276107597
0.76355175992032486842476
0.73630583682513606191833
0.77911723493493634240536
0.78081700352445826407433
0.76840351550859053997300
0.74357262915848509887695
0.72653378335463314474651
0.71817492313302999651370
0.73726962799124862169009
0.76415590336887495581664
0.77883011204323138176875
0.77948379796495803617518
0.76617177975184747040771
0.74088116319260854947260
0.76753745562853070705245
0.74419736512399259353856
0.77862633632723221577265
0.77563481260183397836272
0.75875236769767173683476
0.72995471571295322821271
0.70869046394687551515545
0.69837795107343092482211
0.72180932832602584525716
0.75239244475743138895751
0.77140109160556857847979
0.77661586927792269907656
0.76771361506399371510412
0.74632082934616184033416
0.76684239536000742276656
0.74733467064646685873441
0.77364216612911562709343
0.76627254298465863335821
0.74526920517267569721298
0.71298613212945649575403
0.68736300439118080962686
0.67614751565334874072732
0.70378532751158251468127
0.73755604939019037136205
0.76044630653519806884333
0.76987294507394843368075
0.76510509708770235715036
0.74741970512762256895201
0.76269510987914068689264
0.74678016531812674294599
0.76553481413618462703141
0.75418491889712613307495
0.72954512196233656240452
0.69450199559399006243865
0.66467860812641610390727
0.65346206318908439669713
0.68515996373986942646894
0.72143481704958067890487
0.74764537029314781513278
0.76084780260458695355652
0.75985726541578080261985
0.75597197579142350054582
0.75679469903316809453742
0.74108057816487393765215
0.71340835342881991909536
0.67604582682255098813329
0.64248666656722919210409
0.63196929717955752092706
0.66733866498372174103082
0.70553514580661247368454
0.73454597925370190836247
0.75111685884051004880035
0.75366251886091284450941
0.74637500252429056502024
0.75057974644165570410337
0.72822036322853622714035
0.69790759165671145680676
0.65890699605930957982736
0.62196079458383057847470
0.61241199951608760176924
0.65096256745939118371069
0.69060313333911360622608
0.72209568221756115224963
0.74177082688764761631006
0.74760502937791439848070
0.73735186363662563735488
0.74478885974695963057002
0.71623736154071981907521
0.68356499392276071080943
0.64335272241106411517109
0.60333006877199757411745
0.59475469713271789107267
0.63609517430591833164755
0.67688146850677388677298
0.71057117708758876784003
0.73308121838443784934469
0.74208358123742412804091
0.72895446360339632985159
0.73947336797319718204591
0.70504789885754426403963
0.67037445531738182324943
0.62908701708462078094897
0.58631823304021057907676
0.57997676450261781422313
0.62246284315793476427103
0.66405729255831491553153
0.69967770387452277169871
0.72487062427634374461860
0.73690712346033393487232
0.72082757507516659334357
0.73433818318180077433510
0.69435578029527500465434
0.65798594368806995191790
0.61611514264012590125219
0.57392695121134640334759
0.56841141251977400639106
0.61013901167623385557448
0.65216677303936188003775
0.68928619347522679383644
0.71686982726756343087260
0.73179616069515784904098
0.71302728547819360649385
0.72930001416099277111726
0.68431159422681142601164
0.64658784255124590600872
0.60454895928558660678220
0.56337528654332980071473
0.55899965212125091174045
0.59951610025077750609768
0.64144448663539466171102
0.67966887933241959540709
0.70936122873046292269805
0.72693019404125769344915
0.70596449396413341048628
0.72475472974196197828434
0.67540598757385417183485
0.63676853375037956173088
0.59500204637037912291930
0.55519846288972951597884
0.55212819581065331053793
0.59112565092136448718918
0.63264377323754517057353
0.67157675677348660503441
0.70294836028646656700403
0.72288182155375446669154
0.70033063532932504635653
0.72137398508889571946412
0.66817727860512865500908
0.62900012894972989752063
0.58779589017604250145155
0.54954958454554325708585
0.54733722986328259274558
0.58485885295708484044042
0.62578378451701199836066
0.66524024881344057114063
0.69808494990049085870965
0.72023437517774802074655
0.69613360690327663604648
0.71940814312653744710957
0.66249529153871866693493
0.62281389470407655384321
0.58206062874104846915913
0.54510052832526978416894
0.53427728029033239032231
0.53080964630730653741608
0.54251891730886370179832
0.57908122936625205934291
0.61972542540556818657649
0.65981504420256431586722
0.69428504822125480799855
0.71874730336030145938508
0.69226445475671316565069
0.71801845851175838397751
0.65685920752379078901839
0.61622301933000855900247
0.57548704036251230320431
0.53910820520131452759927
0.52651954764186015278682
0.52090107733409507506650
0.53453616464254738449569
0.57096564392679727273361
0.61197490442858459847031
0.65324913261778128070745
0.68974492797822484213555
0.71693399169261762260419
0.68642963700236725443915
0.71518289220321029642236
0.64867407335534910117758
0.60655886189635188632252
0.56501636780620934086272
0.52841382802980219057787
0.51369280112396209503345
0.50472360831447293794128
0.52058968811520878183785
0.55759559306861850025427
0.59976216373535073955736
0.64289544971412582174963
0.68198040718881824950870
0.71247660366898735162522
0.67624391520544291367401
0.70857534270480126981084
0.63561743211030308220444
0.59141789623696738864567
0.54847811485738162673442
0.51099559009468398240728
0.49390955403943404000700
0.48134914641707704507922
0.49968249558312910485469
0.53781569765223324885994
0.58151526326318025983397
0.62690061252918261036626
0.66910374590379484427416
0.70336761619017773572438
0.66058339117143316521208
0.69677859176953749198447
0.61678830517539751099321
0.57014526921623243094217
0.52555481945880411220884
0.48698582800439393913905
0.46738796554112149728155
0.45228377773864780753144
0.47308929738862515179676
0.51216959969512176886752
0.55759876134191865837408
0.60537541666552063812645
0.65077460847414392297594
0.68894740064457427042299
0.63987545977659920914959
0.68002174419593997001243
0.59293973373016750638698
0.54398161670565947645173
0.49790615806956406430572
0.45841870291184172447885
0.43645374329310049343889
0.42015219244788282182412
0.44331628780251880472818
0.48310267948716489883054
0.52976207371106442955977
0.57970944505981936156758
0.62822439012262587532121
0.56608617854318776796418
0.61597200813091546045541
0.51519100688752583749874
0.46789928592373530857884
0.42791586297790579207501
0.40385004498686888352310
0.38741323783234693500788
0.41237746959476967445468
0.45268360946578189984990
0.50023260388535484288752
0.55208975077798072561563
0.60329102539077994471484
0.53779722113570360697565
0.59027264082030628244979
0.48516776582592491262602
0.43708232160479842942635
0.39688859202262050107635
0.37078585750954762279008
0.35395472964879698407614
0.38096759169113381116034
0.42128815196922114738598
0.46982747839624616759124
0.52323483739625020749742
0.57696872345765815026652
0.50835575869354743261397
0.56318339872456923966837
0.45403140281930387534004
0.40503273442360715472788
0.36459740445830302046915
0.33662976659421783853787
0.31870737259722337064716
0.34749555594717762563306
0.38820572298134675692793
0.43767964409696852312592
0.49271286592255542080565
0.54888297295801580233388
0.47646019728509503288194
0.53399829207211313431003
0.42057521093542937773435
0.37069079511298785867268
0.32972239624107330113745
0.30003170497252412696199
0.28062348145042315117337
0.31121194261104484501956
0.35233564749130513726882
0.40258079264783769302127
0.45946212668702224313222
0.51812794651576410398519
0.44152326378971967768550
0.50149600793567938872286
0.38390220423155585471875
0.33315637284765731163105
0.29209213926686561357826
0.26071354686731840200054
0.24147434074404416914916
0.27241847158753679236654
0.31357099624552942085387
0.36466424276180620100973
0.42311492733078059913510
0.48409610730349061924471
0.40396310659787931784948
0.34497982829384127301253
0.29358252776511767345724
0.25271942525475132867996
0.22240695706163796097066
0.20394933949769186720680
0.23342398456559496078278
0.27385424695516308313259
0.32530444551956483323352
0.38481336566100166063364
0.30602726078284564481535
0.25476231911177404931834
0.21500759780504105633803
0.18666609755653032487466
0.17081329731914524083791
0.19784714860096558330937
0.23663729171661612715738
0.21985454605605422861991
0.18226261371118435139493
0.15686576130648602345197
0.14480945252593180327949
0.16827951924887341039749
0.15601002388658530284360
0.13446295507732772267495
0.12154327612846031747562
0.12576374422086805671128
0.11437132344370268266509
