0.59954684278326553226179
0.71331084797290411625426
0.62774851804144982114764
0.74082224525228246303499
0.65870088589773490017620
0.82769459173246218153253
0.76931788817118773593506
0.69127274206379196730410
0.79761044122200608352813
0.72384036998401413143256
0.85217859704941500975650
0.88378073985386296218536
0.90274380669603859761452
0.87467212570013264105739
0.82415012845534263430380
0.75479370015228020029951
0.84751840321547566858840
0.78271084144617941724675
0.89409101764844811643940
0.91883996319280536457796
0.92825709790456512049417
0.94046136948487191187240
0.93834733973441775134461
0.93154715507970875520982
0.90993743573186713913259
0.86720970044214895633417
0.80656051642476189744713
0.88250399395671863533863
0.92204467917257304510059
0.94082206382900879226838
0.94537844110210855763654
0.94579720405884282197206
0.94903559141382687336375
0.94911745277195425085637
0.94990759573316629893469
0.94708496388342511274061
0.93061599470407996292920
0.89385024754530373325423
0.93626723931311273130262
0.90183014647421899656621
0.95101654371613020266807
0.95260736182700034291315
0.95113428969770286158791
0.95082067806230008422119
0.95236946164430325012518
0.95254989765206632412742
0.95430332631013448096979
0.95348479499979099660578
0.94004611571893059718263
0.90732147364254400745409
0.94282705909356567808288
0.91143843472197416666347
0.95535697802725993987849
0.95571999016451225639202
0.95395400697112442411907
0.95411463757055092749226
0.95622383364825946916454
0.95569024914015709981641
0.95736279406651625389912
0.95730823086358440843213
0.94547455745934649851137
0.91511180987912110751381
0.94850321233836798473504
0.91906613415631988051047
0.95969325105467673253656
0.95947444505803480829798
0.95783273384885980750170
0.95865287718736658106877
0.96115792096795249488395
0.96024806499891779409950
0.96197366932808359152318
0.96258577478415974226778
0.95208998023154445267124
0.92361257643313110499150
0.95603409446228393431255
0.92861544962226283406181
0.96573427665442768130788
0.96461147300394667336576
0.96261544873362880903045
0.96345486195070240142968
0.96526895597589112973935
0.96464087691138478142250
0.96699965746350813322607
0.96873722467532075164343
0.95997735295549813105964
0.93376015416246294087443
0.96345845865833346088891
0.93857224163034913555492
0.97124513760685304841758
0.96882078541834271145916
0.96607107138095293930036
0.96647773975643103128164
0.96710725321534585230410
0.96683373376276893207404
0.96990001343833087688040
0.97292909381964687298705
0.96614608099775867167125
0.94262402672834966210758
0.96784994765029175312065
0.94563377642404655709640
0.97375516597419753406228
0.97024627123118611926600
0.96701705775642299300898
0.96731322872183134187196
0.96745441420012379118987
0.96754929540793710440738
0.96733058833991425462528
0.96683441286416316184926
0.97003534456775541983120
0.97383991480716736166556
0.96866579716577150271917
0.94764290533376061009818
0.96883008166751494183444
0.94883582914333841618060
0.97345982285206356099394
0.96954621506207461223426
0.96654588042766442779197
0.96739181353278880237667
0.96774918587789837687296
0.96818513558995278334152
0.96764976892837828437166
0.96637740456901610741625
0.96906326181483026793728
0.97294579349384846533866
0.96869952664612823944879
0.94957038263021509294504
0.96859445037475755402312
0.95019803380295708716829
0.97256553744270124450821
0.96879122007784645997930
0.96644930538818030196779
0.96813994289737392850981
0.96885355035994347172590
0.96963847378017287148566
0.96877090892546324774059
0.96674748032421475851805
0.96879287975789063480647
0.97245965470653283890812
0.96871789702331834170934
0.95098350241728091258864
0.96910199590599599428486
0.95200417961207772776788
0.97260165681289867389836
0.96899305874975716346142
0.96715418871205505180200
0.96938721506480018952345
0.97035196594862815899774
0.97080855829223411390672
0.96981059170928496371289
0.96748721092746603478219
0.96921813205472540087015
0.97283449489244011587630
0.96961333535886817802663
0.95316991627414493493120
0.97002393443259427030512
0.95426396956253234371559
0.97293762771389347143725
0.96927251574046602300427
0.96758863822103235996508
0.96993436386039000307591
0.97091692073915325522648
0.97069490258886170774844
0.96974023088561200900415
0.96737583643666591459720
0.96901193467103063916568
0.97271938111427080908555
0.97009421440602783270890
0.95501714006816984525727
0.96967833854563478812594
0.95522501580683927269178
0.97207560161802675224862
0.96840113746665246186041
0.96687539469876537800985
0.96931745431895244280440
0.97027082499165195894619
0.96982793231122377264342
0.96882706237933469139989
0.96621278601518223450029
0.96752176100604492248181
0.97104788459292834534864
0.96875069044668227213890
0.95482179481316209468389
0.96743716014715763762410
0.95388214057518061483876
0.96977495486742770758326
0.96653283269021339485505
0.96556469781725617895773
0.96844431900605298935147
0.96954454884054130925364
0.96952074751453987122574
0.96828929303058253186265
0.96508611473209393594175
0.96562791529263503065295
0.96846957330964000831841
0.96594420052401075427184
0.95260993400021365395958
0.96450553632571167650411
0.95127013761392131829808
0.96732789858104228919444
0.96495701432232072747297
0.96486449891519532329198
0.96839103727198949655985
0.96974040357916280186146
0.97007000762572603846934
0.96866025701213021026348
0.96488093639013372548874
0.96456370808664859684001
0.96646840104480380428953
0.96332050318525275223180
0.95009699685952975212189
0.96244362876005751239461
0.96589750447720024162379
0.96439036901438102145079
0.96501750524143425913337
0.96894345410684468156148
0.97031311941778186636043
0.97027571674663093403979
0.96904923717487578826990
0.96510725489633908402709
0.96430067552042020295744
0.96551989761660150790590
0.96184818327162424633769
0.96519151490486998490326
0.96140816783074900531147
0.96413728042015811592336
0.96499597655277169483412
0.96884494884027494432388
0.96983344362063095278614
0.96898675275289802844014
0.96829277638855526522121
0.96460667882812556328531
0.96378877732601286876246
0.96478395672356886958454
0.96097680221401005074000
0.96423123045292147281771
0.96045216833857038896127
0.96325065853035696239459
0.96397986417319747598498
0.96748038714236339608021
0.96786348016038581398846
0.96675230988112870189610
0.96659742407241400208306
0.96327226284337819084413
0.96262488206356289222043
0.96358660920854510845146
0.95982069714707307639401
0.96300529005855195485708
0.95917884921803664433071
0.96209936116663818950201
0.96269787319209698672751
0.96588667061080968334608
0.96590718528753582994284
0.96546620825313023139813
0.96556385198715610762576
0.96248916052968380707711
0.96190284164616501882961
0.96267481939437260507475
0.95869159173251350392064
0.96278114530660618974878
0.95853526708640968134745
0.96219904807304457161621
0.96279750406079644964308
0.96574890803304125341811
0.96551231924888691882103
0.96601277687116204884177
0.96644063896124587920156
0.96365206588508323104492
0.96305410555602855016133
0.96341687373630902069266
0.95883718375964333002770
0.96455463091780857531887
0.95961778955840104643471
0.96438594204429328726746
0.96493817598505671195852
0.96750581762072496161409
0.96680851606890727545363
0.96770278543656285119567
0.96872356763966105397401
0.96644992872732948807624
0.96602143944150664633952
0.96604295333827083780420
0.96077882914637957600945
0.96764196285422954257882
0.96211912502310314998510
0.96768928394173059359673
0.96793276559944552150938
0.96986385911281369764936
0.96849057044990294329523
0.96905876366715948400099
0.97074922555782328092988
0.96916318578867344246675
0.96914540187290332262648
0.96910621663378715417991
0.96341250718579407585906
0.97025702712801342730842
0.96445023346817271292508
0.97025326959471236420995
0.97003395619876653377389
0.97130791920857728616312
0.96937376410285591710192
0.96711981295842808226126
0.96696168537366189443816
0.96951969818408312296043
0.97157856789103658190498
0.97053496704605768385932
0.97095825216786846301176
0.97101831029820162566324
0.96512840545892131238759
0.97143629820566534949222
0.96544134678821025286055
0.97135162249011541835131
0.97078153394392829866888
0.97168637458672046935959
0.96961982910633714993764
0.96680525768510661155375
0.96677746458155311426452
0.96981105357403230016189
0.97178390377049095327777
0.97093597497751860103676
0.97158666307873409184737
0.97164345091114090458007
0.96549871415611110414545
0.97181509836153190384778
0.96546067130670221168032
0.97182942578108955089533
0.97114552527559017125469
0.97198829443338063960312
0.97015637484581240812531
0.96693358226958747714264
0.96722702998457998901927
0.97063519627010852452997
0.97232366526980629206633
0.97147817698502969552266
0.97218775889228770115125
0.97207905325056920275983
0.96547718057129838786778
0.97248297879962852796609
0.96563108855207813174815
0.97266676328286527652978
0.97190380737533044186449
0.97271453207986480204994
0.97112520933168089420917
0.96751675636162237648108
0.96761733292087692692718
0.97146215042378425419400
0.97300173188119976064314
0.97227964348222684076717
0.97315552515332781613466
0.97295744954624052702741
0.96590475568815881146634
0.97334720326858792383007
0.96617821246965684967023
0.97347602960449142184274
0.97242033508777181438631
0.97300323214700557006296
0.97146718435317336304280
0.96736708005278204680621
0.96668740064761271568727
0.97104291145816323815865
0.97257387212266299680863
0.97215277276761880020928
0.97344257121953203792941
0.97346436276284997735075
0.96628638554591084197654
0.97316149120461858945674
0.96606258673471934184107
0.97292894140037211592187
0.97138608507478718667727
0.97166772735484041589871
0.97018136480937444687811
0.96560231359894999059179
0.96428001102421134760334
0.96899985556708256861924
0.97034553837239490015065
0.97014206774933098298419
0.97191552023324723208475
0.97238238103616148055863
0.96541715064388733402723
0.97118139489688670717982
0.96437229374782407198552
0.97051126411446275721318
0.96857396646269311446531
0.96879207553139101705142
0.96770032319520182806372
0.96289366141570142954009
0.96168102113122500007591
0.96646973036829753045396
0.96722833174808975353898
0.96689108742682605690533
0.96892300246740037383830
0.96974839472208562707323
0.96738357319304124626314
0.96832021679750335252379
0.96534385794947796810561
0.96586494568768310742257
0.96549264854756378095857
0.96075386566187492842772
0.96013806603699525243911
0.96483970313743172564358
0.96481718455960241431768
0.96408877848906471275114
0.96611958334817038540621
0.96711930275010782320777
0.96523714191548615204397
0.96629905153979112064633
0.96320754874077341156635
0.96410421982101213167482
0.96445261771786872095902
0.95973145864645936775617
0.95935882311132791855357
0.96420819713854966082067
0.96362997648117942883772
0.96263668102820520999785
0.96472054790654004907680
0.96589487970782439418826
0.96445555868888599437838
0.96582323081575749412764
0.96223560378684025451435
0.96323215671964201867183
0.96393456074177064074604
0.95884307028467696820684
0.95808185766405740135809
0.96350408966297995672079
0.96275828989273759539458
0.96182899210760741670612
0.96426356793201384309810
0.96591418479210677805469
0.96398531166505274647704
0.96598165633086086057091
0.96128777012600807871934
0.96211892227735007487865
0.96287688616548672282391
0.95702037175125087564709
0.95627483860120765513102
0.96214953343628895066075
0.96134053597893220910464
0.96058525188242038783670
0.96352989369691022236708
0.96589130817097346159983
0.96292265577772973017545
0.96560399114211448168277
0.95979670626554258738850
0.96057178730505377028948
0.96149942281744016359113
0.95564695364374008246244
0.95540182449608035408772
0.96115656351663025791510
0.96001769208195775195946
0.95912291291003071158627
0.96230123055370497819894
0.96519662474995016054891
0.96185505826412120988778
0.96482760259166577831991
0.95875234664037656262536
0.95988966350462179288883
0.96131469698567362236474
0.95568269244254500094371
0.95654493153664876814446
0.96206422035929983760383
0.96032631727395589837926
0.95886721953379827620978
0.96176734951085496305723
0.96468384197216205944159
0.96214858087603194469750
0.96490909974712169017153
0.95952223573761663555359
0.96133577046090756823560
0.96336695891402901459344
0.95788178812698909769807
0.95946406372173198562336
0.96503448786772294543113
0.96278158982288408740402
0.96064693646925369829859
0.96298255749066452580109
0.96554864678104990183272
0.96413683529139970751487
0.96652579540569061311572
0.96206100859929266633230
0.96444594136615691137848
0.96680338551741928920791
0.96102375977302800791335
0.96232548669404871510835
0.96842512775421640824902
0.96605252661578877582116
0.96348704135483975719012
0.96539720948774221387367
0.96766843015390524573860
0.96651937715525482186507
0.96874551668404096371745
0.96473099591646371830933
0.96737642601915685425240
0.96970258757047789188732
0.96322350457189231942579
0.95830156583676873172095
0.95797823058902553672311
0.96372802267198043324470
0.97058655827688655737262
0.96834130160718090429839
0.96561328151810965625401
0.96732341182309422578101
0.96954948613106683996676
0.96774071218583290754367
0.96995722561378039383584
0.96612910985278144249122
0.96895998257640902906473
0.97115883199327701635895
0.96394674175841099650341
0.95734063081048415000396
0.95656873896813543467488
0.96408485213617511888629
0.97158722938847874583956
0.96937711284710148529342
0.96638366068990477764089
0.96781938781836573948425
0.96995680308519238721487
0.96770295881205803389946
0.96964719197169380038304
0.96654771014244145188599
0.96978919217443393385736
0.97206388201613391775169
0.96428917380184786534159
0.95582958046760868597858
0.95515665527805804213557
0.96463991435191154266704
0.97269185184291517831667
0.97034003010293734536873
0.96679102604276878629719
0.96756556917358804703611
0.96919393854100321927802
0.96754355676730896540505
0.96875990228619679456301
0.96720971134416011683044
0.97106848872042506037872
0.97345255344867598346070
0.96503184681512532705483
0.95441548300721057440654
0.95332736793096317651219
0.96524831603605276697522
0.97416834127161211487334
0.97186526798061456666744
0.96775794634997691634481
0.96766585684065020700473
0.96844059399627846485004
0.96783409725009394986017
0.96821541497270391385399
0.96826422727832806014447
0.97249541174760667505694
0.97456254993521418406033
0.96496040021324280822057
0.95155500616440180650102
0.94878143757422794823952
0.96387379190669686401804
0.97431885070303991813745
0.97266092306881080098435
0.96847253357773022131028
0.96784485105370543500669
0.96795011330807112504004
0.96744954516736714200675
0.96743242835411646929344
0.96811620734684400435555
0.97210285109631355826565
0.97320785934406472961200
0.96179429516814718414963
0.94485590151216469756434
0.93981507295882715791180
0.95875215148330883430106
0.97116748573535149891001
0.97069136618369078473023
0.96701426536931833766175
0.96644917237009642096979
0.96516571305492238064261
0.96475600902359315291790
0.96849597954980415348558
0.96831823513729398111849
0.95492976557346598287523
0.93402596403102289279730
0.92784209691752628224037
0.95072696170713644203687
0.96502257648361722264241
0.96573175595964766415591
0.96272318384928146084434
0.96244515390267060261920
0.95999419302757682537219
0.95974902888412283452624
0.96280482361119024137253
0.96160522161575057165095
0.94661641885838987420243
0.92169393642311781000842
0.91591218824638997997312
0.94282371588913893578621
0.95848559448391390525046
0.96007051350435579362141
0.95735378041718699471119
0.95700596642481872144970
0.95510338659337090660983
0.95451533482101902361450
0.95777190602759865178939
0.95581750183164093659371
0.93946118692396030080971
0.91043787276277532427571
0.90488580362870130180397
0.93626502399752342675754
0.95349178359244846081566
0.95591857024162807388024
0.95331588050169024928238
0.95248574277619479921952
0.95186201966419803355279
0.95089003739283328719978
0.95420463369783692364479
0.95106514573083356101080
0.93266301899009751430469
0.89847470175419064108979
0.89020332076148878108768
0.92782542804797130120420
0.94781399716783454323377
0.95203649157646041967240
0.95029273854225160267362
0.94941157308747359255818
0.94793364697501381055389
0.94754984016501964116941
0.94866710415604416084534
0.94286638056162064280841
0.92083182483242187466033
0.87922620463867795503887
0.86612444223180062863321
0.91078276356045673178841
0.93546773724487297663188
0.94331257255995260013748
0.94409455586231194601510
0.94463402869687895790918
0.93799369710388036391890
0.93527451097926694867368
0.92487733950055128762102
0.89717654484435505057860
0.84899488323456928640098
0.82781310087222148563768
0.87987399528276410975991
0.91093717443582511439359
0.92419751553552687006743
0.92927480701608733415497
0.91008541271731380195575
0.89379743463558170013528
0.85920675282749736645371
0.80312623002075389511134
0.77565261264649354444600
0.83589392886572788654576
0.87396092763063482067309
0.85241065582865238603461
0.81103597141947103565940
0.74697847009371232118724
0.71835378570944186105152
0.78563549255197939746864
0.76107853628014399127721
0.69075626020445912711665
0.63890466200947981789682
0.66564333915740170333208
0.61306614427732231131785
0.60002414388570635139786
0.71360793676255962481036
0.62821366655514043753072
0.74112219516376509620414
0.65915420082573361604261
0.82774731267697820857876
0.76962074538083979913239
0.69171512163906923031931
0.79791626599275466968919
0.72427316746946301950771
0.85224150124803932371265
0.88381471704153569124429
0.90278350278858532362847
0.87474436743315442388536
0.82445902031678508503632
0.75521846018345539786054
0.84783046991946298120979
0.78312910694455628579647
0.89417153044513386639380
0.91888442508394196917010
0.92841126737699608550969
0.94061464370452119165833
0.93850239791625078566994
0.93159527962071841944436
0.91002508772015078264417
0.86752494518768885622961
0.80697369881188529827654
0.88282243906266222310819
0.92213836082717925979324
0.94087277403748981186027
0.94553376990483029018719
0.94595174421686778476470
0.94912625349020884879536
0.94927288997919767599143
0.95006267027255186796708
0.94713733516143761015371
0.93071473019181027996893
0.89417183094094021544862
0.93637028596073956787649
0.90215480170829698280954
0.95106988535730008216262
0.95276182426941902203765
0.95129032190393902901349
0.95091068217170915399805
0.95245893809132320395605
0.95270643718569136826346
0.95445695627411530903572
0.95353868056808543940406
0.94015297543324094498018
0.90764917237659337168054
0.94293751163047911934001
0.91176911133971672018816
0.95541127002555970015862
0.95587275708934216211787
0.95411101478311799439780
0.95420401917788244539054
0.95631325308154790931781
0.95584783624278013558495
0.95751472902547363208470
0.95736299220383846986238
0.94558857077725189110851
0.91544541295507719791402
0.94862089067166910361095
0.91940257548365267314949
0.95974865203764248011709
0.95962569190789293038790
0.95799096401772820819076
0.95874242090862860088407
0.96124764340238777471370
0.96040700681807422700587
0.96212429581692393565362
0.96264201871024857037895
0.95221145475877611019655
0.92395177206027612193395
0.95615945708896699084534
0.92895734088013237617076
0.96579148003311476866628
0.96476154674621705797932
0.96277507898863445845450
0.96354471775226913088375
0.96535886834485484797597
0.96480114594203070232936
0.96714910988902713651072
0.96879536434856661220039
0.96010658860709563455771
0.93410466037132133809706
0.96359146678212237446814
0.93891928616970066201475
0.97130411748557965445627
0.96896952580406381372313
0.96623183921500022108830
0.96656755471214506059141
0.96719685492624607459078
0.96699489329403520709860
0.97004787181330487388919
0.97298867516267717459044
0.96628267277306456595198
0.94297355291599338489306
0.96798993429360269402650
0.94598577675025929956121
0.97381513324811663778746
0.97039310376478982167470
0.96717846618470426633962
0.96740250796610849359780
0.96754314271854668927375
0.96763811895788953698627
0.96741954796685236672715
0.96699601717718053350836
0.97018103285301449112410
0.97390007232883457621853
0.96880897312138580801388
0.94799733037250411005203
0.96897634282325184607032
0.94919265138100128442744
0.97352006836272619860750
0.96969071613049495628189
0.96670764484843929587043
0.96748047456193708715233
0.96783826232734715411254
0.96827465066123263870423
0.96773822284827992756817
0.96653937599450479023488
0.96920657808235632924010
0.97300611687035698516013
0.96884881640976883154792
0.94992955421068347998670
0.96874681579945531861853
0.95055951518726122806413
0.97262602409123544155989
0.96893341695837187366180
0.96661151232796571619588
0.96822824745123392542467
0.96894369391841383976072
0.96972941700895765038126
0.96885916335048227754356
0.96691000491603806832330
0.96893402031872288837633
0.97252041497281271897890
0.96887338236815412351177
0.95134722682370742585789
0.96926064524496180485613
0.95237008733371353308428
0.97266280385505987648997
0.96913321505316263326790
0.96731702835608157631242
0.96947541785372470801718
0.97044383249543553215943
0.97090141489629644411252
0.96989875176667250666895
0.96765038171527062438315
0.96935729961177474756084
0.97289609451116254579262
0.96977518090839609499199
0.95353793543071563298952
0.97018895879092426071111
0.95463403823732384534395
0.97299967844282819751101
0.96941069352146602700060
0.96775206774455346803165
0.97002239638188814119246
0.97101081803893907196112
0.97078990183095870136754
0.96982811591704676246195
0.96753948795462429988135
0.96914905307793264288563
0.97278181101195093649636
0.97026238738024273011717
0.95538922608881560183391
0.96984956801569166540133
0.95559910412239290611325
0.97213832504410058188427
0.96853713200354107915047
0.96703919235818847077724
0.96940512068248474442100
0.97036701728987129200732
0.96992546060157691645287
0.96891455845073193309247
0.96637672507453864501059
0.96765657565592744226990
0.97111081829389267472408
0.96892487309962760377857
0.95519784299834287200071
0.96761426201858724560623
0.95426013674846354994941
0.96983806466088773312606
0.96666647492715107592431
0.96572877197517004166372
0.96853166622094788440478
0.96964359362906649142388
0.96962150566833316123194
0.96837662061332796525903
0.96525037025169224680354
0.96576040971322207884242
0.96853288675041337985050
0.96612420709480573144390
0.95298984770669392663223
0.96468843550517158202950
0.95165193632908484655530
0.96739149698721338399565
0.96508842826802854197865
0.96502898068318232471796
0.96847840883270142064987
0.96984308884296999142549
0.97017476468799279665234
0.96874779328763360730647
0.96504571084598034236279
0.96469411808885130454883
0.96653240364008441432020
0.96350639580544039652921
0.95048060369058207097481
0.96263252836110568821937
0.96596203493196752809524
0.96451986303244374720833
0.96518260268370448251574
0.96903114388052613570324
0.97042005609611214911325
0.97038489805386218822747
0.96913709959232252622030
0.96527267032195973595066
0.96442928063548860606602
0.96558505044964892949366
0.96204014457175901497976
0.96525733719807316202122
0.96160320405201915594517
0.96426499719262370735606
0.96516165925026853322777
0.96893289535644011589710
0.96994490872027794292620
0.96910053052792732852794
0.96838078727009080370891
0.96477259322972330757295
0.96391558280263678337718
0.96485045754372789073017
0.96117492203911103487712
0.96429840505807440376174
0.96065335067211798936171
0.96337652236102355729486
0.96414596346844105845264
0.96756838417958523912432
0.96797962812201887583541
0.96686827974509537142467
0.96668544753535212699092
0.96343854195824363273459
0.96274979744582389606933
0.96365446703049140175779
0.96002490277988095090933
0.96307388458002463060836
0.95938608518340662278945
0.96222339829774372610416
0.96286434340418036725850
0.96597476499650958281507
0.96602091853191074388718
0.96557771319130447640333
0.96565220799148776542609
0.96265591722229348903284
0.96202605303217969545670
0.96274425435656907357185
0.95890188071379911516345
0.96285157946974431197873
0.95874863602244453364420
0.96232160998865678980252
0.96296465053461544059132
0.96583765202447913189587
0.96562182457037748495310
0.96612032129844893635351
0.96652995293074983607085
0.96381972330492726719342
0.96317616791257809616411
0.96348849407059111715768
0.95905367189267043404044
0.96462760972000494152923
0.95983743788215469816549
0.96450763566687569561253
0.96510642909918020748705
0.96759580112019971664949
0.96691427531267015726968
0.96780672680133938978742
0.96881432783746435077887
0.96661882847692948139695
0.96614287076757221495171
0.96611741308998955179987
0.96100165065672549236098
0.96771796402216347932068
0.96234512374321679040179
0.96781048458455887217866
0.96810230839500355237703
0.96995536802192128256195
0.96859277542663890780972
0.96915912732840947541035
0.97084147466646508739530
0.96933333397422549726485
0.96926632071946072777280
0.96918375113438071100092
0.96364164281396613720432
0.97033603747459840072054
0.96468247163713272129826
0.97037387277276010433269
0.97020462358388770418571
0.97140081122519905676427
0.96947231856634163982278
0.96726734345120324309875
0.96711275246544259331927
0.96961634280294406451617
0.97167207943083555576891
0.97070608529882718151782
0.97107844029759016191150
0.97109871433291450326664
0.96536366283669494681163
0.97151802840182721610063
0.96567957948794813649585
0.97147135540648421603294
0.97095305407424770116620
0.97178046462824396733993
0.96971466486217150482219
0.96695988046676195626361
0.96693574365117462843244
0.96990404935671670205721
0.97187863755338865789923
0.97110788552893068104055
0.97170590728863370788559
0.97172648916632686777461
0.96573986950662171757642
0.97189945993612159025332
0.96570471687291137286024
0.97194820437274864755040
0.97131783178610298090661
0.97208366852527205992374
0.97024766731413980558330
0.96709555357607179804091
0.96739277582732574600755
0.97072477160954984132246
0.97241978303768006330898
0.97165090583675195468061
0.97230613043631397562905
0.97216479373010422637691
0.96572411242234212913615
0.97257015548479175404140
0.96588089573936763976292
0.97278478982719984724525
0.97207697081469013333788
0.97281140332321625052714
0.97121316052194306411849
0.96768630580161496546054
0.96779065521112528358572
0.97154842499305893444017
0.97309938989513700136058
0.97245324212587302969979
0.97327321540474487360228
0.97304610883505837648499
0.96615740930930471552784
0.97343735176166745759474
0.96643370970933595298646
0.97359335451712269993152
0.97259431927895756420099
0.97310158044867856030891
0.97155176533003118066745
0.96754414761427653957071
0.96686814349252003797375
0.97112565812799689357604
0.97267285224422694867030
0.97232705566188115664517
0.97355948670923042609360
0.97355596740285799128856
0.96654467326447990327409
0.97325445926826237297291
0.96632363235444873605928
0.97304532190183756767965
0.97156056229366971610517
0.97176721791043030318491
0.97026224419807560739315
0.96578672259470921268587
0.96446801457684150360450
0.96907875833889789429776
0.97044547178036932866263
0.97031665307513859097810
0.97203126913966431121850
0.97247662411098467760695
0.96568088692339570933143
0.97127682889164257407089
0.96463869364933874095414
0.97062630709846431376064
0.96874859239433874780190
0.96889239486618761176828
0.96777727582127914818244
0.96308531913478567787479
0.96187633282238316212442
0.96654474829333592023062
0.96732908570510023338329
0.96706572551803848813989
0.96903730903084717152041
0.96984500399423090311046
0.96749718530047579267972
0.96841802810423893710379
0.96551852812381422364041
0.96596619616999346291664
0.96556587081964595498107
0.96095291647228620046661
0.96034090021305296147602
0.96491120858296619555716
0.96491905411863021502228
0.96426354049551066260904
0.96623257397677098090583
0.96721839780978313694249
0.96534962041517402564494
0.96639955252046916278630
0.96338247443319868779099
0.96420678861635367162819
0.96452256033791405887001
0.95993809945856856113977
0.95956928733636903672277
0.96427661085765559167982
0.96373335549440874991944
0.96281182681793453514985
0.96483263543039532450507
0.96599690558981210486422
0.96456732681860735123536
0.96592688853842323393195
0.96241099016870212956576
0.96333635486212243481674
0.96400151219554319759197
0.95905735096119748561705
0.95829990306116541454173
0.96356954289688445669526
0.96286336045675902095553
0.96200461271213322245188
0.96437504933000117723907
0.96601952730172180316970
0.96409648493252264600528
0.96608870020230352970714
0.96146360080379011936458
0.96222481056274966615405
0.96294085591060951667686
0.95724329187874701574401
0.95649407111105733125811
0.96221199542416224748109
0.96144724096734246465701
0.96076125424965619359341
0.96364075051062603183283
0.96600003725508531982058
0.96303318184745523300450
0.96571436799005816453700
0.95997285969855494780489
0.96067932254012966541978
0.96156046574940368110163
0.95586271204510075971683
0.95561396978223689391285
0.96121629814337927744106
0.96012616465213240779519
0.95929922078741647339939
0.96241142239428356663922
0.96530864283480910525981
0.96196497001686043226698
0.96494128120147837357479
0.95892887554893901924657
0.95999916545832353342860
0.96137334436301269402492
0.95589146643912747958183
0.95675024484883508524291
0.96212198035678919705305
0.96043704016968733938597
0.95904405301539485950713
0.96187709133186061194465
0.96479925741251515436403
0.96225829004812879485797
0.96502633727461939461278
0.95969946736361821937322
0.96144785386809727967261
0.96342406998419438668435
0.95808391663395742199327
0.95966286716829796166195
0.96509109845015539352886
0.96289518918872329944492
0.96082464096371922313011
0.96309234158843859407995
0.96566780646707783830607
0.96424678667402241583062
0.96664695751620210995014
0.96223924151309958574529
0.96456109995935346290707
0.96685959521294295715421
0.96121942471340326985541
0.96251783180931516081813
0.96848093030452442331324
0.96616926756035492740438
0.96366579076305314277562
0.96550737941546227460776
0.96779162578381194848021
0.96662973939281482405050
0.96887073901714870771684
0.96491022970317608109525
0.96749469841176316542430
0.96975794302258822021656
0.96341263918690600576156
0.95856187635399547897208
0.95824226558971914435858
0.96391375843055160377304
0.97064139069915167379321
0.96846102176981696540992
0.96579290976269283053313
0.96743389194936102448708
0.96967668393781614177840
0.96785122557679803545483
0.97008631409946977086634
0.96630905602378169838573
0.96908108442119800240988
0.97121310660262094582862
0.96412919133232699575586
0.95760832345270296972473
0.95684010092103266575947
0.96426387006019964598380
0.97164095021148133568545
0.96949960772700882749575
0.96656387462321347037175
0.96792987241290784350412
0.97008769948609752109547
0.96781337306863368663556
0.96977984508809178532118
0.96672817091258944621757
0.96991306441103219970756
0.97211712166056940542802
0.96446491136741985261693
0.95610456512864760991732
0.95543522534987768146664
0.96481229819042468864865
0.97274470738527130109219
0.97046534972763454085509
0.96697173553351412067514
0.96767593391499950872259
0.96932832840217086900481
0.96765390104905402157698
0.96889602840870836519827
0.96739070048863962103525
0.97119530602006409747418
0.97350512697399071981863
0.96520101830258009378838
0.95469761442619027747014
0.95361301530386621827518
0.96541416632347853976626
0.97422067634164810634445
0.97199363814834194297276
0.96793922747376115456319
0.96777622293393628094549
0.96857848847594507635250
0.96794450802003240141858
0.96835508635199452065478
0.96844578933486957783572
0.97262529771656969224125
0.97461459587940069138057
0.96512293204872112717396
0.95184408336720582877177
0.94907387960350142463994
0.96403277452966273930457
0.97437046382341285788442
0.97279225915766653898231
0.96865431853407724105409
0.96795528683551523840833
0.96809156677647278943510
0.96755992165315529707215
0.96757561910152967143972
0.96829809978854586294261
0.97223546239911207145212
0.97325882288771103922898
0.96194964336929500436923
0.94515164181370925344794
0.94011407147294578923180
0.95890357174862728140141
0.97121756454536778413456
0.97082511002575944125681
0.96719613004118665244846
0.96655934308294666479355
0.96534740642418026546068
0.96486582513877883204856
0.96863070538309892221207
0.96836721932911939969557
0.95507719802994595070800
0.93432813064586162088432
0.92814742328393629033911
0.95087022628239969979091
0.96507038346889484348168
0.96586735266853374071161
0.96290460010771050658462
0.96255448618577632569071
0.96017527622939158327142
0.95985780006723486756925
0.96294128489513031166069
0.96165185245574735795060
0.94675557794790576870980
0.92200242089091333230755
0.91622379408034115844117
0.94295878068892491352671
0.95853120711871486747668
0.96020792971825219552784
0.95753454321838027407665
0.95711417150825051081142
0.95528389209968589401711
0.95462305827499394084157
0.95791038756651936125763
0.95586228786740301544000
0.93959233878460957090084
0.91075255426127654789781
0.90520350288122464199603
0.93639222138986610843858
0.95353591350365751733165
0.95605825298557822744527
0.95349623247789694335808
0.95259310723577617086022
0.95204226311038087082750
0.95099714922139788608746
0.95434555952897126562817
0.95110863858611127685805
0.93278623772758495480417
0.89879537782075746843446
0.89052695874922993546363
0.92794428805228645895653
0.94785664910177680475556
0.95217859586923081494092
0.95047284143184140869920
0.94951849321202996812019
0.94811348340693946123992
0.94765648655376111264559
0.94881016119890659865632
0.94290768011262360293046
0.92094587567163566088624
0.87955194863654140302600
0.86644721316503314767488
0.91089116961166294306196
0.93550694421209346085533
0.94345620838054677914641
0.94427385415208575647483
0.94474017208276939161493
0.93817208306026711461811
0.93541817732189658229913
0.92491342372601859089798
0.89727843231866177831080
0.84931484394545209148930
0.82813020564888351060517
0.87996823500154430774955
0.91096905682039464036137
0.92434063102915720033792
0.92945181526489673018432
0.91022740401914969954333
0.89382402465785082412708
0.85929237818219905697958
0.80344072157407209200386
0.77596452780046798469726
0.83596992427292482474854
0.87398127077321707822932
0.85242407287935695325842
0.81110168740530796949173
0.74728808653164879860498
0.71866107295525516462931
0.78569036991137775061134
0.76112252218859555163988
0.69106145058603030140176
0.63928165592949215412233
0.66594610420007371853757
0.61345191773164153836717
