0.04647066441868843295060
0.04630617600584446130751
0.05579509803852585048123
0.05556878814620477141650
0.06509900035124191464142
0.05533093878101012080828
0.06484285902455180772286
0.07392686628386507807775
0.07370037063526080345355
0.08186562240054819084012
0.06464065817053817053495
0.05516879356758962876794
0.06440943426082264278154
0.07350423797884182708362
0.08169685891280920042590
0.08863466703316011385816
0.08848590733527270102421
0.09408621850005324804833
0.08148068896214044620763
0.07326804428631648880010
0.06414261128005670220542
0.06392963316750457924975
0.07303121095426226561109
0.08129945913846042815365
0.08831879743248306768866
0.09399269629908919843064
0.09820918812432555267122
0.09810545178330500049046
0.09385248884419104820065
0.08817148342335594246588
0.08105806299537680892353
0.07277725772540631632435
0.07304073996365258170105
0.08083176359331090132798
0.08798582160540481533761
0.09372627411945552711181
0.09802142177856924820656
0.10100543857711712092406
0.10090759835866251747927
0.10289996667110960781866
0.09790610922511780445099
0.09355999999990052828913
0.08778433098840540682595
0.08079876058753134027146
0.08758226958733558720205
0.09340619032569170976377
0.09777479689632902204455
0.10081259611744480819695
0.10279083633404942355050
0.10406350816626616651028
0.10392774794431786089532
0.10480952473594515317323
0.10267691634381313769975
0.10071259316055332366791
0.09765883463635133265868
0.09324236754369387425445
0.09751664890701669530237
0.10060259237309060464938
0.10256724363899179242043
0.10379656964223639425970
0.10464902355921709697917
0.10540680606411750863671
0.10523366171170776828259
0.10606416009939924338656
0.10448974526713818156143
0.10366670241451976519631
0.10245502717790157254374
0.10048677400211486476778
0.10234822671626997436789
0.10353863166490491487526
0.10433675242908709013268
0.10506164413233121113223
0.10589649504165846161108
0.10689951871684344464342
0.10674868327954863123086
0.10793223768670837103834
0.10572551090045285981933
0.10489115031645769582358
0.10418473195635923056468
0.10341703178908791260771
0.10404146707603929844499
0.10471981986066479508590
0.10555216684328824761074
0.10659381999821450348609
0.10781556458613007765113
0.10912003092536184944983
0.10903520076306363884022
0.11036351312425088377900
0.10769827120944011622505
0.10643988240623962482356
0.10537535803821493352039
0.10455214107444879556574
0.10519797199607523741083
0.10627480868198789509815
0.10756485454059797057802
0.10894891159877459485550
0.11031012413406336702959
0.11153994396730398941386
0.11150115534989087084927
0.11252378402330805162723
0.11025208245542164608999
0.10885119071236966370453
0.10742375460565840861182
0.10610758614085002982108
0.10575267709004407268303
0.10681530892743100469300
0.10728414537394677374937
0.10874927862925047594711
0.11018927140439244150016
0.11146869613097665219215
0.11250532880333284635466
0.11323904958347406901620
0.11322293018069334857856
0.11363969037180958465694
0.11248231559515269040173
0.11142824708605306160969
0.11011741189672091811858
0.10863617614927675858461
0.10808500141395881166684
0.10944488333801320745220
0.11004020322867959225110
0.11138617925851215795241
0.11245740435003316604057
0.11320648200536718996911
0.11362709600912515583993
0.11374618545640759192938
0.11373608400804369189530
0.11362819794330626665957
0.11361489100802361906783
0.11318874221039729177640
0.11242897796342940508474
0.11133721902301488282383
0.11075806507020247160256
0.11190983128567330573411
0.11240044294083223475056
0.11316885656860622977327
0.11360046510703024347233
0.11372668921849440892835
0.11362383382171212242717
0.11339092746601486805247
0.11339182044506375401927
0.11314475631496379026686
0.11361685860366228795204
0.11371630623337630749958
0.11358741912274092356050
0.11315537190293561975452
0.11280311083290542328861
0.11338005700905223749331
0.11357602257046819915765
0.11370748607235098281976
0.11361208804349104406484
0.11339028152674415772516
0.11315009807400558394797
0.11297031686985813114799
0.11298127388113286817539
0.11289500602182178656818
0.11315542714661022682954
0.11339194002928829063670
0.11360599229060490411580
0.11369829753835079821922
0.11365560232775091809021
0.11367795657560819666543
0.11360223866801612280231
0.11339044878283674466779
0.11316217846057126383830
0.11299461991718631748149
0.11291447606754322074973
0.11288415100140992974875
0.11291217785977954168875
0.11284582391264040557299
0.11293304478690335823643
0.11300593583124252106131
0.11316749326751725235329
0.11339166998288417731455
0.11353289026554620744225
0.11331918970721698014525
0.11317501956563293108449
0.11301813249384157211708
0.11295136742146169583911
0.11293803727181112028788
0.11288407409495548883172
0.11266068262691314449953
0.11271224249739797418357
0.11221935529445251078506
0.11292052126791092547808
0.11296444453205620184200
0.11296991534609694685098
0.11303030629031292353393
0.11312884091135691488894
0.11302053220085618578938
0.11298757633657818821860
0.11298898075911401051030
0.11295629915061605741400
0.11276176468417038745162
0.11228636631706932769159
0.11145631531812186243435
0.11153636309033009010871
0.11038605326934188000099
0.11235069462143429386281
0.11280999504734681715412
0.11298990607766903893072
0.11301405278997646297601
0.11300480513852656505591
0.11304146570877926514243
0.11302380923803199974653
0.11285531551250649329177
0.11241501284570680485597
0.11162020607197667421140
0.11048387809340488863175
0.10909634756527387955405
0.10919460360094714046486
0.11057512466618088509129
0.11169964069646864945895
0.11247641916219779101294
0.11290130834526065917167
0.11304565239742375704068
0.11291264675184486954151
0.11253590055355378041213
0.11177720445154136486021
0.11066341720507717749644
0.10929302165098014887334
0.10785126698220218188773
0.10793944461335908124866
0.10666335161708423440174
0.10939097872406378098020
0.11075393789766074803538
0.11185262156243994113858
0.11254560210306317757922
0.11188331534264961408809
0.11084966057508037484691
0.10948791863126540457873
0.10802996214326801571737
0.10673806476622016425893
0.10584556676867570845779
0.10587927386795556450316
0.10554880275052686000592
0.10680644831090332913526
0.10812935935148770827396
0.10959216283630542065897
0.11092048733980516828090
0.10969093077503237754211
0.10823146172307300527660
0.10689188278096972695153
0.10592148230476104708853
0.10554058089972617739960
0.10583339198403471370646
0.10578154439204676129371
0.10664041184187050825827
0.10554101281876522577807
0.10596968503818070261868
0.10696947621272977213547
0.10833614379222052115370
0.10706526587270172312660
0.10602861096729783441095
0.10554913037186963720160
0.10573841448100257389697
0.10655183069487406122278
0.10781151293178603545186
0.10770621287577700209148
0.10914766615262289084498
0.10647330147929208454816
0.10570346617322293192309
0.10556680159457432210957
0.10609316384434244739943
0.10559075616427586463697
0.10567569209401385388336
0.10640074989639948521702
0.10760198424690915752766
0.10903444340255684374963
0.11045235694719737762348
0.11034380022069160964815
0.11157041631582474694451
0.10891785578809011492130
0.10749841832198409052879
0.10633018424379057920159
0.10565572422788069295585
0.10626853765776746174598
0.10740083471507753942742
0.10880628756787652511306
0.11023453631422761023195
0.11147570469686278460397
0.11241992736679096154262
0.11233864921473384057560
0.11298656320579723855158
0.11137535568770311200648
0.11011854046472788204447
0.10869259462186725562205
0.10730321282227786583441
0.10858053809905791886603
0.11000211082631981829305
0.11126616523600658947846
0.11224858268760123936048
0.11291768616126143798262
0.11331636607090554702548
0.11325910642198398770031
0.11348359959472820168713
0.11284720131865380587932
0.11216210196558359935004
0.11116063697614651795131
0.10988368306002403718136
0.10944199626784213708053
0.11063017507904784886286
0.11104650196210551216236
0.11206811822252397969901
0.11277150269398933390974
0.11320156383997828641874
0.11343817522436747124992
0.11357237559539831717181
0.11353758536053022709655
0.11364694272314486422903
0.11339162261432481071388
0.11313932037193293045352
0.11269417567351339148907
0.11196964521018540339448
0.11160841326677313489757
0.11234231851456638606734
0.11261367102833536035789
0.11307672489624769063266
0.11334217163717290322023
0.11349976597952135537462
0.11362055079494674802998
0.11373809397022506539887
0.11372117245357768466896
0.11383679752132301599143
0.11359278915397370834928
0.11346214645307840795940
0.11329340174205843050359
0.11301344518665643046340
0.11282502064946951791935
0.11311804050696362688999
0.11324120878305624082749
0.11342341223288976426176
0.11356539610719693089713
0.11370381575421079078936
0.11383029025767328612506
0.11389700105518929529325
0.11390384449701901337093
0.11384893978757712473815
0.11382452876868304203484
0.11368584284307094167676
0.11353680089712978040772
0.11338299205828179794242
0.11329293284213236281399
0.11341967535953069445842
0.11350816877322658648986
0.11366687326280827674552
0.11381559098373793259551
0.11390880326214010420660
0.11387071770552360805429
0.11361452972429461616422
0.11365308206671086155293
0.11313100581250809528733
0.11388996208310132873809
0.11391257070086957536859
0.11380796096801318317837
0.11364832349594736204956
0.11354861214620090570371
0.11369602655900730436844
0.11379871115741214959716
0.11391584719689801241671
0.11390761033712959449105
0.11369016235392727376396
0.11319217282506079114146
0.11236151812754491263746
0.11244575826702260523682
0.11132231908623746452491
0.11324850215835852162982
0.11372606883478739159266
0.11392430685307909643544
0.11391814187180074324779
0.11384403859334071840159
0.11394205718724059739344
0.11394009935004648093049
0.11375865509719504387043
0.11330191585541765642020
0.11252534875653957824326
0.11143042643875361585870
0.11006716681473296959304
0.11018540648934034564821
0.10869744040688728015098
0.11152827559492500819616
0.11260292400634187848230
0.11335522152383051275315
0.11379222398472263466651
0.11393129860609613190903
0.11374658004933291266525
0.11340644160082016811408
0.11267649023882540804120
0.11162486504188939839821
0.11030880770414826230752
0.10881967056183856901175
0.10894765148416890587768
0.10744836515374137086987
0.11042509236280712014988
0.11172651130537554486910
0.11274815175077912421386
0.11333261812861408768249
0.11266482060833306333425
0.11182200411170506448855
0.11054117150882702969028
0.10907361772805143629306
0.10757217900734819537867
0.10618523951198320653955
0.10629742400802449919794
0.10513502197461004061818
0.10769860217632624965756
0.10920483262422091275123
0.11065398859515834795175
0.11175080150513795607115
0.11062238194528022094953
0.10933800188696325694782
0.10782951140933513811682
0.10640785525071105865891
0.10522180973554523530922
0.10437195449643744959989
0.10443240331887583549619
0.10394813659854887366585
0.10531819231009252602060
0.10652719171763702643574
0.10796844143794750991994
0.10935143158074575597816
0.10804333108863585499737
0.10666119855270420058169
0.10541888998773414620747
0.10449978774704000994422
0.10397246426109693628881
0.10387324935446740070688
0.10386016773076250929719
0.10414086243141357224218
0.10400287347196139620120
0.10457027806641816525257
0.10552175374789893314009
0.10678706812808455572927
0.10564063597810625927398
0.10464759063176236331127
0.10403879278522840112764
0.10385219394080326404950
0.10408988586009057519810
0.10472516948605468944944
0.10464454868503278439640
0.10559321130072432670666
0.10404786176644015283088
0.10385236773667798348963
0.10408369855722704455658
0.10473183414132911095429
0.10413409331778666899737
0.10385746890660856045496
0.10400753098047171851803
0.10456363201375395988180
0.10548363885975303722020
0.10668197277421673230258
0.10655420254244001021515
0.10792574603642922370650
0.10538064709587344203179
0.10449386413442150745023
0.10397518057259753920807
0.10387010377506826486194
0.10394812274789104467043
0.10442153328918774013445
0.10527659548987151894028
0.10643340920858593290355
0.10779005709501628118563
0.10923338038387493675874
0.10910511028890614027009
0.11052066213836589381181
0.10765604657766277008069
0.10630919145061980268796
0.10517460238331684252433
0.10436216904332197563665
0.10507842873867404009935
0.10618408222294971332555
0.10752113385752852525723
0.10896807438721871352794
0.11039639276973957360273
0.11168540715138947083673
0.11157612039522567248806
0.11264673303438449414315
0.11027868950107501400115
0.10883660654418766955409
0.10738291650639351926255
0.10606326595921068689510
0.10724725056143190327074
0.10869656583039158381787
0.11015066995027883445246
0.11146569252802514260470
0.11256055660283081909512
0.11334500682404351212806
0.11327486529153363292721
0.11373998208088338668365
0.11247110907184412753601
0.11135330918390014265373
0.11001572246236515639772
0.10855511225340155889718
0.10808384025695094710073
0.10936429591920522608195
0.10987851142136281779038
0.11123881469836087443337
0.11237508566328850700966
0.11320050899887701412183
0.11368333696359202156234
0.11382599267299797762831
0.11378365321877352556168
0.11362836554930307031430
0.11362473054221308710332
0.11312541760149499858734
0.11227320077835302447600
0.11111665887677878161721
0.11059397789515117149772
0.11170163370358751619982
0.11216732378858904062291
0.11303868652065175715027
0.11356516010078276934792
0.11374032225484627389722
0.11360069586435073141217
0.11319635575797094839690
0.11318610759535227550110
0.11259084508662983714622
0.11357061042490330937671
0.11369574400581886064465
0.11350433856693417644657
0.11295702716942966625790
0.11258983435318925536706
0.11320335810271943410843
0.11343830078235145331078
0.11365029981399740743875
0.11354198796708338259354
0.11317308564129695269695
0.11259877037247736919490
0.11187036065554242791897
0.11190564070603667423676
0.11107390936270268577690
0.11260697255122414928152
0.11315945276683975206922
0.11351100140369417557107
0.11360214464976482739988
0.11352361258611297356591
0.11355871444821465099384
0.11347959411431407517057
0.11314498384847987422219
0.11261569667620105472672
0.11194232730463342384564
0.11114642426406680375539
0.11021780580591952758418
0.11033033451613938336067
0.10927388492844071488097
0.11121858543071100333677
0.11197574710529711872198
0.11261880421615765024423
0.11313054004293643384216
0.11334797810655324046269
0.11295113661212342892615
0.11262444751971047163241
0.11200437945677220452634
0.11128536962827081935323
0.11043971723215591229650
0.10942790609182348471329
0.10819414650191627735865
0.10837718627317861896930
0.10689470548497782831365
0.10957782096724867637594
0.11054353709396229354933
0.11134403605574738627126
0.11203335049214231677883
0.11243918278983482117450
0.11186754007925669984758
0.11140302398687867979632
0.11064249558062304312767
0.10972199248054914644257
0.10856253204066020068286
0.10710167165430524438552
0.10731201946562869686819
0.10549082831301268003976
0.10875074516969972238112
0.10986013397635359389870
0.11073694548185415709174
0.11127571788195646240727
0.11065067815275199392122
0.10999402563432435220303
0.10893065117405402453254
0.10751821827191021530012
0.10570885320952336239309
0.10343277625300796584984
0.10364048940093389949979
0.10081396600531082607954
0.10593078054607618643246
0.10772960950777533961631
0.10910394803511798411666
0.10994323848272280486071
0.10907361457512111668766
0.10793627088168711303240
0.10615327872722930824256
0.10386723090937034774672
0.10100584199244747041213
0.09754221313408666105271
0.09772331255359698043428
0.09350666235777427282017
0.10121693544177623458324
0.10408100551412440004651
0.10638117941385097364737
0.10792985835742630040812
0.10640357965177789367761
0.10430408083664900742438
0.10141463866471064902974
0.09789444964962357165206
0.09365106303286802047481
0.08867439068192015105829
0.08880040823459454946143
0.08306357953989246256654
0.09382201609401918940279
0.09807830988759461132709
0.10162700433018150014686
0.10438184205950265526219
0.10176942817266494689665
0.09825826126463375886910
0.09398490326187398935520
0.08893221404233336846445
0.08315778818366159619302
0.07662121393362063270782
0.07671028798304235785110
0.06954797306866868089603
0.08326446859557971869048
0.08908502372128035418086
0.09415318014086186682032
0.09845748599174025672554
0.09431246732371396934713
0.08922781373113759795235
0.08342153098068255667741
0.07686038028735914240386
0.06968531777847714048235
0.06200390420510528549647
0.06210075091155045634572
0.06978653461274134106596
0.07696539120245905751805
0.08352725672303673576380
0.08939257331693188646238
0.08367733417048980881781
0.07708450224731863698047
0.06988879809349145266761
0.06224861448717339956760
0.05435799209202924614504
0.05449679483061672935484
0.06236445230823582652757
0.07002689450209680088744
0.07726074453190794055768
0.07016645255690270865934
0.06249759205710676834844
0.05460020537173455867919
0.04692507931367015383550
0.05475391698323271022497
0.06266518291210811109071
0.05491630636668221737695
0.04700223260939953573434
0.03963815752565338912383
0.04715304431065869134043
0.04193934440525755313889
0.03976902374082449259651
0.03523987854729803553822
0.04647837106778648225136
0.04631442078627263925217
0.05580433389963009027657
0.05557866708711352993211
0.06510975607535603171261
0.05534100485086258791600
0.06485436896664784067745
0.07393905769932468396988
0.07371343205917080254608
0.08187909782296631799881
0.06465240365638397213033
0.05517899087611140979126
0.06442133710030900628496
0.07351757770717343154487
0.08171131360852144920326
0.08864922903145174004624
0.08850153681523854898305
0.09410164632901238390694
0.08149545847774121443141
0.07328158142326735013938
0.06415467150058046241767
0.06394139016640865147423
0.07304493995127657457456
0.08131447649994517912209
0.08833478738303762733963
0.09400927021821842144433
0.09822526087129561378486
0.09812272104426514318654
0.09386946014131175575201
0.08818776514460484328151
0.08107329736435325839849
0.07279065488582506238124
0.07305364634827911374249
0.08084665843025516662745
0.08800235399796409174744
0.09374357593254394049875
0.09803912521123221701647
0.10102318664839077255735
0.10092580069589852931333
0.10291801455893315186962
0.09792417643573721186545
0.09357757585166949498845
0.08780052299320775799352
0.08081302983508127646406
0.08759773353052885402903
0.09342343610632539152583
0.09779315949785995221166
0.10083119271151733120639
0.10280935618636249939684
0.10408172652484484754787
0.10394645032913861493196
0.10482783962874710204094
0.10269584894014781306648
0.10073150129799049445900
0.09767688294239836033217
0.09325885049863229248057
0.09753390854409958732329
0.10062120340454361322458
0.10258649356252472206741
0.10381569972620288688780
0.10466783257804207485364
0.10542519033127445426956
0.10525255244956532862943
0.10608262292368898782602
0.10450899383756150073932
0.10368615243756308663681
0.10247399965366496554786
0.10050457928757099146377
0.10236638138799453168204
0.10355782304712898844734
0.10435632130829937402883
0.10508098860832221221884
0.10591548197104330708562
0.10691809026413907901532
0.10676780010756907468572
0.10795095159853601574085
0.10574496716172179788806
0.10491081538236278480891
0.10420406121303442403825
0.10343539510718463558803
0.10405996125130616281051
0.10473926675610902015112
0.10557194742455515423796
0.10661342429814743559824
0.10783484877733061357841
0.10913891296951434839446
0.10905467901519054485515
0.11038257120165161084824
0.10771806672086164935465
0.10645982148673717448961
0.10539494491989055691139
0.10457074438537071470190
0.10521670836657516512336
0.10629458104064651302600
0.10758499609661692497653
0.10896892436533507642071
0.11032980594740765534212
0.11155916513434152581574
0.11152102569002762810779
0.11254313440901415888096
0.11027232128905012364939
0.10887156408088013992419
0.10744375819938203897586
0.10612650180238061836668
0.10577118251549905147968
0.10683397953249539058529
0.10730328864502507169032
0.10876954648703653083519
0.11020988565215593391056
0.11148914363738618438227
0.11252535362393953355387
0.11325848222093151673739
0.11324305764590050782381
0.11365915014177868647138
0.11250293336948030686884
0.11144908355508641173426
0.11013795270810794457716
0.10865557783505218336639
0.10810387349582138705184
0.10946397190484168093771
0.11005987297082142628568
0.11140697456498808992631
0.11247842353243892032921
0.11322721626970289054981
0.11364727007550581849848
0.11376562114735117026143
0.11375625281578113923153
0.11364757116243688617185
0.11363568367948455317684
0.11320988829030650957286
0.11244998461223763841499
0.11135713585575918171955
0.11077736210488162149623
0.11192931005074166495028
0.11242056621955548445513
0.11319001829556017690859
0.11362167731911405887946
0.11374748460762686141923
0.11364395797756722539251
0.11341021805909491659836
0.11341187828915194613089
0.11316396259659140810516
0.11363761510858984282724
0.11373752870103748247033
0.11360867586213849178556
0.11317564614593655925034
0.11282272719992091081220
0.11339975685412689854203
0.11359638789113411794229
0.11372878198552949235989
0.11363328058755162164317
0.11341097769642251302802
0.11317008763647003199981
0.11298945044297779849440
0.11300120847360517473135
0.11291408356179943872633
0.11317606122191505024777
0.11341308088364909778534
0.11362728488873842513929
0.11371869830602311657319
0.11367533434627886956836
0.11369767967386502915961
0.11362263684834222887687
0.11341171580552265873987
0.11318326472384800107651
0.11301520454438036822342
0.11293437404351998332164
0.11290318366051052545451
0.11293205005692720510613
0.11286480701017127803443
0.11295359695769092989170
0.11302698111338607689369
0.11318873281150189369360
0.11341204406649871283541
0.11355257823738319766793
0.11333883258691369866344
0.11319536890197634537714
0.11303935866489574213478
0.11297239161161845566461
0.11295856849627994300533
0.11290391533254140465914
0.11267959091495126366933
0.11273202780577774861914
0.11223814563297154767163
0.11294102708046427352429
0.11298545992965700057731
0.11299114601482776465424
0.11305064193064534583399
0.11314844496997956968531
0.11304011456138225721890
0.11300791692281123013153
0.11301022760278253698196
0.11297730132447376949489
0.11278221922413109168382
0.11230605157993439613406
0.11147493445538766976277
0.11155589128335680060289
0.11040445079796255833937
0.11237105083513847236798
0.11283095800002676534213
0.11301116514040790428375
0.11303441025788625584614
0.11302438516412277591527
0.11306105489100169714245
0.11304418123961681996725
0.11287656130684675659381
0.11243589046610608095378
0.11164040543530164006913
0.11050319614495029973966
0.10911448740100755661064
0.10921367041882697190847
0.11059511056118938310266
0.11172037396125400476876
0.11249760531859925860587
0.11292166947893617079401
0.11306524758483597892234
0.11293222712145831176933
0.11255620703698272777604
0.11179826947264427661199
0.11068394655035418416844
0.10931275148552586917727
0.10787007393975060753899
0.10795890511443259618396
0.10668192634257396556041
0.10941125987351268955550
0.11077481954146560505503
0.11187281528354146853399
0.11256513025959288820665
0.11190274297708631412451
0.11086968446372630348051
0.10950857082794081265309
0.10804997870681920524305
0.10675728316274339657621
0.10586397358471685836712
0.10589831187290181524485
0.10556713189717861767214
0.10682622655864168481621
0.10814976454872129996154
0.10961197008609460668005
0.11093976370077150706006
0.10971001465962788856690
0.10825103289129689443371
0.10691206220963171691363
0.10594108507235203142649
0.10555953224235992138347
0.10585174460198497337071
0.10580051288981576207426
0.10665887838955108446459
0.10556053335240656032568
0.10598969712245567831310
0.10698882817869148631473
0.10835501637705760580310
0.10708394143701739642527
0.10604780282876187513796
0.10556906948650018884805
0.10575795888525198196195
0.10657090977471166126644
0.10783015536162499081740
0.10772547027744536207727
0.10916651165067213502535
0.10649296967388477419547
0.10572344074105299860378
0.10558591903879843698633
0.10611169369515449645291
0.10560922148691241628793
0.10569483746183927497242
0.10642086189228834591791
0.10762184892605994313008
0.10905390963812477966854
0.11047139932982029397746
0.11036347099011120653778
0.11158962285943410663869
0.10893795064350883516902
0.10751874261688566802864
0.10634945571551193688187
0.10567422425103849270567
0.10628716928909046068874
0.10742030839991796586919
0.10882686318713374884481
0.11025486059540544336866
0.11149554669338500312303
0.11243925093741929943647
0.11235861339596271701868
0.11300595404039280589270
0.11139587699065468806570
0.11013936831226023294050
0.10871230984616972459200
0.10732205000303159103670
0.10859962352713783961811
0.11002207107362368954107
0.11128721419597362163323
0.11226925134382130522237
0.11293772154033365762160
0.11333578277895219044158
0.11327917065398622475936
0.11350301421030718762584
0.11286796646315032377483
0.11218332307873907227602
0.11118081381425949649699
0.10990302155060453770385
0.10946127281119556740041
0.11064969175981873017456
0.11106606991511241977477
0.11208846609726857979084
0.11279284081473046896793
0.11322237989602998431415
0.11345823878496048842113
0.11359177447441592967436
0.11355763308586123983002
0.11366632263807119329613
0.11341245895852269942594
0.11316072967886363354051
0.11271464335065695117066
0.11198940099250695445754
0.11162813312473225668686
0.11236219780363121412137
0.11263356525849592404409
0.11309726870490441341666
0.11336362068471347863685
0.11352060741792084630486
0.11364057958864058617277
0.11375745699759635953807
0.11374118547872663631537
0.11385614477668011546019
0.11361363334112734024828
0.11348361857796845919566
0.11331398962961305998398
0.11303343433372975423978
0.11284501343936736983409
0.11313811299471356053292
0.11326126297354323357869
0.11344402860916427688842
0.11358688710037138924758
0.11372466549347949593685
0.11385028861003529399021
0.11391632597936848791953
0.11392382091082725592557
0.11386822345396088729252
0.11384538501717313130346
0.11370735508285521875305
0.11355744252187220666439
0.11340309663844662380061
0.11331306242389149741001
0.11343985101637724111079
0.11352832065241759418317
0.11368754359666707887122
0.11383712647916720273056
0.11392965953980666027334
0.11389065299746428672201
0.11363373979157162518838
0.11367294410307943186567
0.11315009999914847627078
0.11391079971114932700704
0.11393412271438509153487
0.11382866047845960344453
0.11366852448874960324066
0.11356883181688290362921
0.11371629146223216633160
0.11381896359256199469101
0.11393656959618221613528
0.11392915821812658883072
0.11371094784314687842208
0.11321191950074542542648
0.11238044862178218907811
0.11246533931986259224889
0.11134104067725206221873
0.11326919046209069086295
0.11374757828675377546723
0.11394503376775012848388
0.11393844093178308318759
0.11386434683461607586530
0.11396239617680781197606
0.11396042750603212201366
0.11377935532550287334175
0.11332334133842070222897
0.11254588868093022557826
0.11144979488648769361259
0.11008564303791303073954
0.11020452303623701206803
0.10871565229127364005102
0.11154861747700797747207
0.11262421288228320614966
0.11337585092160926136806
0.11381255000176612734997
0.11395164545375160991547
0.11376690029353038469129
0.11342672273778597880067
0.11269699828084762949221
0.11164596333960066787405
0.11032891126531829684154
0.10883851547009527893639
0.10896749075288408858952
0.10746693785194534609406
0.11044595732217882266823
0.11174684845957884304912
0.11276833960608968754347
0.11335286841697361781556
0.11268495212779353065180
0.11184205040466028979740
0.11056129514146430248278
0.10909422044920043248784
0.10759175120443978390661
0.10620355881139938170055
0.10631674799726544000666
0.10515312523401110222920
0.10771893808393988301031
0.10922471480349031647261
0.11067384899740782822075
0.11177076624855410147408
0.11064213877202153102353
0.10935764851289106469601
0.10784914473521017841406
0.10642793962239908978074
0.10524092247792561638509
0.10438989187769068256451
0.10445135639535048366344
0.10396596670435716280867
0.10533806208389995262564
0.10654658858497349782635
0.10798786485858496986268
0.10937095233203956989865
0.10806260687731990277616
0.10668040937608522233937
0.10543808604686558116903
0.10451949358592539651713
0.10399131707671235846924
0.10389103166987899429241
0.10387898323060452965283
0.10415865516074475360941
0.10402247612697662626502
0.10458932104765672477242
0.10554078179185664987383
0.10680609976540576810944
0.10565947941790862496525
0.10466648241870925295505
0.10405773974433625561620
0.10387175820617512711497
0.10410872637957542530263
0.10474302663232044896535
0.10466347266967541973504
0.10561118085124050758328
0.10406745171959259910199
0.10387128071684902097527
0.10410250964268571993721
0.10475053097598363560650
0.10415269923273998142754
0.10387626002769589916852
0.10402647253717953179653
0.10458330706566647261280
0.10550269662507059942325
0.10670009132229672788039
0.10657343517048134540204
0.10794403850089881458096
0.10540046348135244380639
0.10451289500138738475243
0.10399401417882529752301
0.10388867679361160623053
0.10396672395816797251911
0.10444046742366829005899
0.10529576922689713736059
0.10645341075278751119537
0.10780949431840931851401
0.10925185687439907533669
0.10912476607182132470886
0.11053931865448403393248
0.10767626413080999547844
0.10632855313567414479170
0.10519369261362385148395
0.10438085770578811595222
0.10509726005706053475475
0.10620337552673810022075
0.10754071617222511758616
0.10898852301960254562729
0.11041626122882504390521
0.11170422201278311369332
0.11159618049591342459070
0.11266567070759543611747
0.11029936823366018328052
0.10885642847796113408254
0.10740244745717539287533
0.10608228695351411274839
0.10726649677230352952773
0.10871635467695314747338
0.11017073138616484406782
0.11148657791537519567981
0.11258077301522152746660
0.11336402235314618769380
0.11329518927990116228255
0.11375902455053603368196
0.11249216558688927836140
0.11137358944374141367373
0.11003577023292912540064
0.10857460503561670861483
0.10810285452910139980531
0.10938350582463179927473
0.10989825496334068577475
0.11125910395553538501101
0.11239555099144028782465
0.11322168378723702908406
0.11370371260152917214370
0.11384501036929987882740
0.11380402443334990125745
0.11364731072227568509092
0.11364596596592792254743
0.11314601890993536414953
0.11229369716770201681477
0.11113663697523254447752
0.11061337430212872523505
0.11172119433877958361023
0.11218750275850661313193
0.11305934073459970867770
0.11358584147410079323581
0.11376155997018266852194
0.11362101171541330590919
0.11321518917328340925188
0.11320632685566532626975
0.11260953848916989417095
0.11359179683427167439902
0.11371644821010666592809
0.11352509544754925407961
0.11297735887399434906442
0.11260952085490642804455
0.11322312403398743230198
0.11345873069292414236919
0.11367109974244075931704
0.11356266285059408993607
0.11319417776305995548825
0.11261886212200890311497
0.11188889578298666371836
0.11192558538358315933792
0.11109227398828926125507
0.11262793779488761147789
0.11318005669109189315069
0.11353179220911616131851
0.11362261505146348250506
0.11354340837549976861443
0.11357849120112757657086
0.11350005356758295638198
0.11316572379308156848232
0.11263620077139012420897
0.11196314727829292934302
0.11116620976016365618388
0.11023599018417966355354
0.11034995111557578673089
0.10929187523025800377052
0.11123924948836969028854
0.11199613368164164362017
0.11263946253727015467394
0.11315094600494673970914
0.11336769501395660419973
0.11297076368928690714988
0.11264477211463014283410
0.11202493890552085720191
0.11130562925637750570917
0.11046021464138104650754
0.10944733873886255959285
0.10821192150686233246493
0.10839640838449168813717
0.10691223000978102020131
0.10959813528413535343997
0.11056365954530714135196
0.11136448771684130665260
0.11205357821725291100901
0.11245870325128000388748
0.11188694541216236133518
0.11142314785988731429267
0.11066283172175231386269
0.10974196406948906468148
0.10858263486055054480861
0.10712064304203496034607
0.10733186783637714556416
0.10550949011379645581243
0.10877053895675578565339
0.10988033879291951577795
0.11075695728446921517474
0.11129500640362578745002
0.11066984723042662397408
0.11001391176946409555804
0.10895069612744207043775
0.10753778600986128866079
0.10572838197795687842362
0.10345105034265210386391
0.10365961238903313723636
0.10083175390284841721478
0.10595005695758714925336
0.10774944395391682083751
0.10912368194343768923460
0.10996227671494486488601
0.10909249635313363058220
0.10795580240809772576416
0.10617283337129167219981
0.10388613013911410232204
0.10102445530934399398060
0.09755940011641593689884
0.09774129806579333334948
0.09352311540407726164759
0.10123535083613438567696
0.10410018815288378524198
0.10640043726782522082175
0.10794853779397561854836
0.10642199293134320392529
0.10432297020420189248568
0.10143333813252672359617
0.09791225862471489294059
0.09366827696350069065723
0.08868997179733367763887
0.08881670896767544787220
0.08307815404819055005170
0.09383908200512584840691
0.09809640133641021886302
0.10164541636152056580666
0.10439990589438878643147
0.10178704180366897336096
0.09827607096665805230806
0.09400224638840438962095
0.08894838849389292978476
0.08317303218719673818526
0.07663463852443858081998
0.07672433051899275879837
0.06956014020256309771106
0.08327961040243334056576
0.08910146875894105200633
0.09417025304124002071937
0.09847453281841835048827
0.09432882203390388631270
0.08924400023128163661479
0.08343693531072478297705
0.07687435599418143694628
0.06969805684879548657307
0.06201473530583636456504
0.06211208720216722378726
0.06979922233991922575491
0.07697960722677640865719
0.08354241512482449283361
0.08940809918416516011153
0.08369189063293222541340
0.07709849728054667117316
0.06990171001003181450173
0.06225992986995972783282
0.05436790043773741948341
0.05450669961183713524422
0.06237597679306379483410
0.07003961343044559639814
0.07727420532697470978434
0.07017869579825027070985
0.06250894786756762411262
0.05461029702692207776771
0.04693375348439400573941
0.05476386925626746532414
0.06267613359504799197541
0.05492591747360269643918
0.04701077901988136992228
0.03964536769032338953123
0.04716130890507034406633
0.04194662608438319562065
0.03977600408632468026449
0.03524599853201308696793
