0.78088803495589198533366
0.78094059703217388879182
0.78103248636742084176632
0.78105298046211624196644
0.78107678134820723858667
0.78106080470001471027786
0.78109274812090367934303
0.78109133091640181589810
0.78110791715086935749213
0.78110349668559231339771
0.78110516280334840732991
0.78107247451906269830602
0.78112008132912813529458
0.78112212689900184514613
0.78111905797709135779172
0.78111871873863669701876
0.78113165463684508527109
0.78113456881638876350138
0.78113294185215276232981
0.78113871016115576928485
0.78113325132622724034093
0.78114825536562237928706
0.78115484600489792921252
0.78115010048654498486798
0.78114508978568375496820
0.78114549380452413807063
0.78114878485418370868132
0.78115909266331817750739
0.78115919829015689757057
0.78116253570425597807514
0.78116759553926184977968
0.78117384737649409043314
0.78119609692145053347900
0.78118812778869295421202
0.78118042452637292960560
0.78117701438369924193950
0.78117383496801040543289
0.78117260681872280336790
0.78118827749559627271481
0.78118650596573013800139
0.78119192621367272710842
0.78119463490059892762929
0.78120076161283402704782
0.78121179828796272204272
0.78122450771602702790375
0.78121409842413502833125
0.78120907061407363070060
0.78120630495624177047631
0.78120275320723986389737
0.78120121673646358839704
0.78121739170717352518380
0.78121631137774638631299
0.78122021745302394624133
0.78122293281241905749113
0.78122777380493590992927
0.78123712659663357982254
0.78125032520021298054758
0.78124111427706111054903
0.78123622986436791482134
0.78123413351639459101250
0.78123211978801843091702
0.78123104960538525265434
0.78124650506514314862727
0.78124485628479345411534
0.78124828204478968807223
0.78124980655113940297696
0.78125416158658023135786
0.78126357996289297336290
0.78127682555912991713143
0.78126755562017669021202
0.78126378554436248791149
0.78126249311988782420002
0.78126038013016707584057
0.78125802445792724704177
0.78127359926900408204631
0.78127116455141976114618
0.78127630732353670062196
0.78127803388013516983079
0.78128149640966670919084
0.78129025472071034208454
0.78130416283027459556365
0.78129570903135114878779
0.78129195264626527528407
0.78128950194065038825642
0.78128687131731588966232
0.78128501372790859491602
0.78130052417517037444128
0.78129977282044094089031
0.78130269215459813292313
0.78130527772485069970543
0.78130968435384262615884
0.78131824692468088144892
0.78133225412497664397193
0.78132301111308977148440
0.78131830104570354489368
0.78131595294007316621077
0.78131494722262051499939
0.78131488419312378201909
0.78132949935358619875103
0.78132959673120605526009
0.78132984680373507302420
0.78133139659935735288343
0.78133595819867629472810
0.78134582858707135599730
0.78135000804882104308291
0.78136381177482228110875
0.78135893703468584092775
0.78134905442928870300534
0.78134507911242701005960
0.78134399057065995197746
0.78134392620523640538011
0.78134360427497540069197
0.78135744845215038267838
0.78135674733640458899941
0.78135804520893070712617
0.78135910224408600122104
0.78136255438368784620451
0.78137199444450922136696
0.78137739203260403453299
0.78139101741165883918683
0.78138533713274971326257
0.78137647913512897623889
0.78137314195095353142051
0.78137152329645986892359
0.78137045673932636891124
0.78136955968611854217443
0.78138312957746003384329
0.78138256234467728944537
0.78138455337661727462262
0.78138675911962141018563
0.78139033732948304233901
0.78139902844451070151877
0.78140478111957523132958
0.78141883088258079492761
0.78141269957738901386080
0.78140383305709648631421
0.78139983957083591903370
0.78139739777743522086695
0.78139617597971611218099
0.78139613391389284302591
0.78140978283035300577808
0.78141007137595419607123
0.78141041964297830446640
0.78141284637958552394821
0.78141698105017054487575
0.78142619901357102119022
0.78143291550244109444634
0.78144667329985317838492
0.78143929512744336740582
0.78142991064484057517348
0.78142591358706470217044
0.78142402012245903986098
0.78142367265159529132745
0.78142407292741922208990
0.78143770255915578903938
0.78143778179028533514838
0.78143798046281554015025
0.78143954921782643463501
0.78144311454478065925855
0.78145233546451620121331
0.78146033127294811659880
0.78147402735297466502828
0.78146554105538035273071
0.78145668788225186585095
0.78145356563495327328894
0.78145189895988276251870
0.78145137813658349656976
0.78145132651573179227711
0.78146483113828046906946
0.78146467627524962562546
0.78146568791318016256042
0.78146755867423955965734
0.78147066062139736164482
0.78147923657908935357597
0.78148790121041644685107
0.78150201894842452610135
0.78149309802355559906317
0.78148454250529819642423
0.78148122636256778239527
0.78147908933399179431945
0.78147824876121940729234
0.78147818216850351014102
0.78149166341945563996063
0.78149180305611753993844
0.78149239573876283504461
0.78149460206453036370533
0.78149803291767305779558
0.78150677479462449248615
0.78151623646725421057369
0.78153008431943582490220
0.78152004518755924244999
0.78151102546959139161231
0.78150781226341858864970
0.78150585820606299769508
0.78150536062332631725980
0.78150548543521258793021
0.78151921150980108166095
0.78151915052569476127786
0.78151948267816384596784
0.78152097028497480302178
0.78152393831535860169168
0.78153292371846683206371
0.78154365914392398551058
0.78155691604894295121397
0.78154563069242888317945
0.78153699290802525201372
0.78153452298163739175862
0.78153319147249222798024
0.78153280296303462293395
0.78153263175980214327865
0.78154627174404345257841
0.78154686686426377839609
0.78154826439271385396523
0.78155043110452893095896
0.78155878361769437479012
0.78157028033461040106289
0.78158403257289776888683
0.78157236778226579776430
0.78156429084754697189652
0.78156212165847016581921
0.78156036438554576939453
0.78155958355120669356353
0.78157377630868030138345
0.78157287906540195976390
0.78157570852292257423954
0.78157827183660200098814
0.78158651838541004508443
0.78159838370676160135275
0.78161310905440029017655
0.78160062785867789880712
0.78159198639975402400637
0.78158913733644685972735
0.78158699543004372944921
0.78158637111004702902051
0.78160040552488219134375
0.78159996732102332561709
0.78160234462695643564700
0.78160532141137950556953
0.78161446118423361095751
0.78162770822402183323874
0.78164166877652818676836
0.78162770191818098375336
0.78161827905355230061701
0.78161555204622368275835
0.78161404314938909276833
0.78161372612912616286707
0.78162755713701870252663
0.78162746187504039685479
0.78162902385093324664211
0.78163132294956072509962
0.78164065521498438116055
0.78165482670979979928916
0.78166767012146254334226
0.78165345101415939499390
0.78164447248353863262338
0.78164239433582960447922
0.78164120098653344648199
0.78164097391714892903991
0.78165470167779727006518
0.78165445925948107142034
0.78165599733214452538022
0.78165792939101874647889
0.78166666497617354192329
0.78168055713611073187508
0.78169392048132102512881
0.78168034258127427893470
0.78167169045021722695310
0.78166963190678373507581
0.78166815768279129805762
0.78166784114394016746985
0.78168171369727490471746
0.78168133076121049107599
0.78168325946830674588739
0.78168546065526833821480
0.78169436463839769846373
0.78170777845342664935657
0.78172193793732447364420
0.78170850658163559820935
0.78169934828577014584994
0.78169707507651287059502
0.78169546387310739898879
0.78169489912110479146179
0.78170925707699789874994
0.78170845628033958085723
0.78171096035274700852824
0.78171322745289506528366
0.78172254851375266859748
0.78173613681292952737323
0.78175011356567025710973
0.78173648822867003449488
0.78172700825019736381449
0.78172477975986731646429
0.78172295148196868641577
0.78172201309209554676016
0.78173658754787933578001
0.78173545501827645942683
0.78173859414281809954161
0.78174092191553445907459
0.78175020785959015157118
0.78176384545684374227648
0.78176818391427316257136
0.78178224914782923349321
0.78177744035917728915308
0.78176397400763464329287
0.78175451306342658153170
0.78175223818871997227831
0.78175011543830885685225
0.78174902291857928382512
0.78176372824502016189996
0.78176258262662312592539
0.78176569856775313116515
0.78176805689135686616709
0.78177769934270180396396
0.78179118033636318951807
0.78179637991002237651372
0.78181077753333105828659
0.78180507296098311620369
0.78179137591160396958401
0.78178156539375831535210
0.78177919003781948248388
0.78177715321397633907452
0.78177616454301190884735
0.78179088774937743888671
0.78178967263774756801809
0.78179274491274186598133
0.78179521256477835233767
0.78180527236653118983156
0.78181908983621350994753
0.78182525132540248158364
0.78183982436608623345364
0.78183307163066939615703
0.78181911658159830569303
0.78180895925561577630702
0.78180661715769428354861
0.78180461675465473536661
0.78180310213868098312417
0.78181846986533354293414
0.78181654585943771706980
0.78182075647250925953813
0.78182297322413851770051
0.78183314510108936623567
0.78184698023450294179781
0.78185436021411536255954
0.78186867660251047063014
0.78186101832185006532683
0.78184716754013727779693
0.78183703521713221462619
0.78183471010675587020700
0.78183231708551947924946
0.78183013911932286443829
0.78184601170299439232281
0.78184384497987735596070
0.78184849609857920427203
0.78185106770626777716870
0.78186130081914129164034
0.78187489306032753599851
0.78188290090060263981542
0.78189708062194762661079
0.78188880675298833011766
0.78187527587603866674471
0.78186486462043736089811
0.78186229291445663580618
0.78185972455313734741367
0.78185762157491800472542
0.78187352937466392255317
0.78187139060636623444367
0.78187595366166118271423
0.78187848972767615141066
0.78188915798553759728406
0.78190273409250121705583
0.78191147463144761164955
0.78192585342898135447598
0.78191677952549198948873
0.78190303945946759700547
0.78189216168265252004943
0.78188968232366173882752
0.78188727185399309327352
0.78188492646349627701596
0.78190099368310239658086
0.78189820262584297516639
0.78190350190085833315123
0.78190597066554379246384
0.78191702184244049611550
0.78193079413708832525742
0.78194060540285315052955
0.78195539213830422831109
0.78194505460016217046615
0.78193124090682075699732
0.78192010607033368696506
0.78191739439674790013157
0.78191456219525368176448
0.78193145040732225936608
0.78192820840420862449349
0.78193435161802604671522
0.78194559771282590165953
0.78195947097670226444421
0.78197022864386256379987
0.78198502151144166916197
0.78197379666377764273477
0.78196012321636321207308
0.78194862854706759236478
0.78194551514866017516425
0.78194208979586354857361
0.78195954386736310492978
0.78195632807938775243883
0.78196282322554078181298
0.78197452290745483871603
0.78198820782787936689573
0.78199966454970815110670
0.78201419944563244079916
0.78200223564991744318320
0.78198869165934847824673
0.78197689299655637196196
0.78197379473691575046956
0.78197079221432641560341
0.78198809724091822292991
0.78198512186608770679896
0.78199093919012385711653
0.78200269093635910166995
0.78201602048905960451464
0.78202851717304433520894
0.78204266058381910475816
0.78202976107736255073632
0.78201649695811636942011
0.78200500744531287189432
0.78200242401253694524144
0.78199920867773287103120
0.78201635984178230476260
0.78201276050725210264858
0.78201917336266246749688
0.78203060838094706763712
0.78204367051604395388864
0.78205714467584031002190
0.78207108721772511383818
0.78205777423050260033222
0.78204495222104564167154
0.78203333163937449601377
0.78203013814106492329614
0.78202605418402937331734
0.78204393682203954263343
0.78203957380438482438478
0.78204757157302229320095
0.78205943869702387871712
0.78207218393777666598510
0.78208544940606450346365
0.78209998206005626464332
0.78208670940513036473618
0.78207380652577862534258
0.78206164022334312413420
0.78205791864119189593652
0.78205364122794196468647
0.78207244932792496783236
0.78206837340516854872874
0.78207600446050418163679
0.78208821844310383308851
0.78210115824884141044748
0.78211454230874422055564
0.78212884204985910763241
0.78211531915769860745513
0.78210247406242816570199
0.78209052729610784027159
0.78208736414390267466246
0.78208353665172702928743
0.78210246670699545834538
0.78209852240012445179218
0.78210525043202638872941
0.78211684120184210566862
0.78212938762961292660236
0.78214300251221191562223
0.78215686996451871948466
0.78214341973398371354875
0.78213123632201042578771
0.78211998364359847091265
0.78211722133581473848096
0.78211301499108232260227
0.78213139774009399207699
0.78212685107486046298675
0.78213457380401352203592
0.78214578089210595734926
0.78215764929731990129369
0.78217094091998817795286
0.78218537318052527851364
0.78217215406195450544402
0.78216017513129920679660
0.78214846525206782601458
0.78214517699871111133803
0.78214043615109796192542
0.78215872002122432959936
0.78215421920242889086694
0.78216233336583729229829
0.78217424520607270466144
0.78218676559736177722471
0.78220015434897549599924
0.78220648821523408589229
0.78222208909469614912524
0.78221496214484820264090
0.78220112681237452534333
0.78218834726910779764353
0.78217612505078903950562
0.78217271399304211243475
0.78216838075020744813770
0.78218731042246059104173
0.78218304503555380335911
0.78219036222974969163602
0.78220241509774879329342
0.78221531951268141735767
0.78222952622770380859407
0.78223724916068548829173
0.78225227221692794632446
0.78224364941087698444022
0.78222928621259868453564
0.78221671089975619572954
0.78220522380371282356037
0.78220237067314335455137
0.78219783164143030784743
0.78221731859892384974842
0.78221241471086722096828
0.78222035975487225201164
0.78223154248555115675146
0.78224371483129151449987
0.78225764260089059032310
0.78226688500757757260828
0.78228133030356472588096
0.78227171555551089365821
0.78225840797955059624513
0.78224659243010341569402
0.78223521449013044826160
0.78223183631802040149950
0.78222670083047773914586
0.78224577821725382875684
0.78224074707794910565894
0.78224965448635930265198
0.78226151446858194216105
0.78227338038350102689122
0.78228626755255425972990
0.78229614115464018997415
0.78231156889691988443047
0.78230132022269582847684
0.78228827339157613884879
0.78227586433572526836144
0.78226352194238402137927
0.78225953808355286334120
0.78225490997339697241131
0.78227353479615113762691
0.78226929039521697628601
0.78227722296928237089020
0.78228989123311820641504
0.78230296171842683694564
0.78231638391447966274228
0.78232725815803871860510
0.78234270827902541167731
0.78233113061273729105238
0.78231712308403089650710
0.78230376309126070655253
0.78229146885064293481804
0.78228809163074997101717
0.78228378144700838614511
0.78230306008463523781415
0.78229808096767472491706
0.78230638567448818054828
0.78231826010342531141362
0.78233107171060300988330
0.78234510682261126923720
0.78235753210208636154732
0.78237155659039414601352
0.78235852730201638216556
0.78234507864484992278875
0.78233321650465803553942
0.78232182647914905171405
0.78231785014647525766662
0.78233687766599413482282
0.78233216731016741452009
0.78234832855089864178666
0.78235955069443674503304
0.78237190718008364775926
0.78238495240943572994752
0.78239844098962962881672
0.78238573567901881222753
0.78237408668228869412786
0.78236329309876295745596
0.78235120946042813194765
0.78234592470921515694471
0.78236488759217948096847
0.78235942676549996566138
0.78237735954254961079357
0.78238868474648304296437
0.78239983117725497852035
0.78241263340692301930801
0.78242734485773401953423
0.78241415553056081755301
0.78240266429515148427498
0.78239084704643035994565
0.78237826141770094867667
0.78237304090282777657706
0.78239204110007587456010
0.78238694666390773413411
0.78240423970667716258021
0.78241607626730802493853
0.78242814770909696608925
0.78244230356952415572636
0.78245690576578053043733
0.78244173534761540800275
0.78242940359666535155014
0.78241806597049312621550
0.78240647724616818603494
0.78240119140702224509454
0.78242109543599225318644
0.78241566340970747361894
0.78243248502693185653101
0.78244301908704005921180
0.78245499869357271194303
0.78247096838725083145505
0.78248476567908320511435
0.78246836440300859827346
0.78245701259926103698916
0.78244694277111204172570
0.78243569308500582337729
0.78243104521874340395726
0.78245050667132787225455
0.78244716188381302490740
0.78246085257952424640848
0.78247086899257078940195
0.78248204293170986467487
0.78249883743062464969142
0.78251294596691933769250
0.78249582275698581490531
0.78248399973139015628476
0.78247443924813764315473
0.78246575913237359500840
0.78246155857235755171075
0.78248056853749270445064
0.78248879869303211709308
0.78249700909316000085880
0.78250921649186377937468
0.78252714405844892020525
0.78254047348567268294062
0.78252226568840754783452
0.78251111932000705362356
0.78250379450787344026708
0.78248808621236709548441
0.78251413677328884865858
0.78252667069858583559494
0.78253618850823403185757
0.78255255805191514806296
0.78256471919389913871612
0.78255197170651502602823
0.78253938760464725188370
0.78253416209330561859048
0.78256635735435120526660
0.78257911422261272615941
0.78259421979604704144862
0.78256556528977228026633
0.78251583644870703615481
0.78259601292685476714439
0.78256950584594109354697
0.78254328726463329157781
0.78241963743814835208212
0.78101754537740097905640
0.78107965173407611914058
0.78116177813956988451594
0.78119184111462403041770
0.78120583583479441536213
0.78120290525316338214878
0.78123140033718518893124
0.78122014489696101069427
0.78124635048505819412412
0.78123207131965155536335
0.78124709723730012544962
0.78121685293491749391137
0.78126443633513198427920
0.78126388967305038235622
0.78125726380129911774475
0.78124705157185403425757
0.78126962881106376546114
0.78126265617292933729487
0.78127453490694331872390
0.78128303762269069032698
0.78128012590027695605244
0.78129191707086087514966
0.78130169668773552515972
0.78129439367923658732451
0.78128651562524098483919
0.78128323520699693993663
0.78127662645087214698947
0.78129659828989628245210
0.78130045536508363479555
0.78130678596342184594192
0.78131441303357218597370
0.78131765223847382539901
0.78133413805984364142176
0.78133207883671640381351
0.78132720806819366821117
0.78132121963851697277192
0.78131492115411682597426
0.78130986971636262605756
0.78132919298066350055620
0.78132352011620298526395
0.78133608441010848899566
0.78134138782535933476225
0.78134485675945641869333
0.78134976391003163609383
0.78136244546937372312811
0.78135833607193594385620
0.78135578571577024575845
0.78135041160826601558398
0.78134350255617590619295
0.78133798122164810351364
0.78135797606215295907361
0.78135282465017263930918
0.78136426647291723490696
0.78136960224077101067053
0.78137215240003210503517
0.78137523053875335143914
0.78138860009085930879991
0.78138564026922441296819
0.78138285287859254868437
0.78137811766273779223724
0.78137253397184203151937
0.78136730618876926168781
0.78138674853473133463666
0.78138084952765751722836
0.78139219960650996288365
0.78139638506691022623585
0.78139883291470990656080
0.78140201217604232653002
0.78141540931925157487115
0.78141236714822670528235
0.78141031543282601923295
0.78140634318378698885965
0.78140045803068924890056
0.78139375192135618330980
0.78141351203772591027530
0.78140662613309963546726
0.78142008283317776484722
0.78142450853007705546815
0.78142644649234116460690
0.78142898489980383569531
0.78144304562930688717870
0.78144079890988660253015
0.78143836776048081205204
0.78143319380748821334493
0.78142661475762242861975
0.78142020692585234531435
0.78144009742065900780972
0.78143469141856347626174
0.78144630002595816264943
0.78145163772070524998981
0.78145491227275964973842
0.78145726957591321593100
0.78147141416877241582029
0.78146837605279428906613
0.78146460348070834189826
0.78145947270781346283286
0.78145435159973453131954
0.78144952467014838770609
0.78146873818431183966737
0.78146395965589743326518
0.78147327470026861639951
0.78147763644946444117068
0.78148145266153778987217
0.78148511840373324766063
0.78148673504021037850009
0.78150038930081378030224
0.78149835932423006301661
0.78149467655762328011093
0.78149125360623361569168
0.78148731820000050252162
0.78148299755269068356256
0.78147768834727127096329
0.78149634903385267747922
0.78149054744033763508781
0.78150126647478357355681
0.78150521216786850153824
0.78150830645764823856325
0.78151154247649734507775
0.78151382401838842550745
0.78152730208475729156703
0.78152501034820243130952
0.78152235873670694576987
0.78151918676374632077852
0.78151463479959148994425
0.78150918596770746482605
0.78150307128652707344685
0.78152169197291532221072
0.78151578522250386704684
0.78152755445881816331877
0.78153273877056250729112
0.78153633517420417753385
0.78153881101157707256277
0.78154092298382182857353
0.78155484284598508715192
0.78155259744108274144736
0.78154994958933388105038
0.78154574741804005988399
0.78154027928921787626848
0.78153457052231678492404
0.78152906852732084708180
0.78154800602706853140944
0.78154271535393793346458
0.78155317424586079333437
0.78155867847613147425534
0.78156321518008864401850
0.78156620837241541632778
0.78156880595573718917279
0.78158244992556302754849
0.78157941486346638182425
0.78157626197769847209429
0.78157167610096023313559
0.78156664670759123936250
0.78156172207721341660402
0.78155642119513246690587
0.78157558056958509329348
0.78156983280927516677394
0.78158047684588982662035
0.78158524109328797457863
0.78158957631587244740956
0.78159255046074327388794
0.78159600227085501700230
0.78160961272728968207701
0.78160585920482517074959
0.78160325438897015892792
0.78159917899172759447879
0.78159425872272925150952
0.78158908670437976518031
0.78158308178700663937377
0.78160236642244163007831
0.78159613526491034107835
0.78160790321051032414346
0.78161309259257205628302
0.78161732879589862488245
0.78161965172939673607289
0.78162342047729971294956
0.78163748529600496350866
0.78163361361915062452965
0.78163131467101909510831
0.78162668719721883903162
0.78162115580156132921275
0.78161560625426906856461
0.78160934047745378450145
0.78162884482203554004087
0.78162265802577157725040
0.78163431072756295314718
0.78163998767934761424669
0.78164490136654651841752
0.78164737807941397917944
0.78165166506665162415857
0.78166549507466209778528
0.78166073823435255896186
0.78165798341170211749329
0.78165311926251790364262
0.78164762002447252253745
0.78164236837855383122076
0.78163603813400528430577
0.78165604242256991884830
0.78164940242434111095093
0.78166108164291903115384
0.78166619639739143288182
0.78167098193185780008463
0.78167370282167170092436
0.78167907493084920478310
0.78169235347576782046985
0.78168650036410136650034
0.78168412239025941712356
0.78167966858891002601695
0.78167462139339682902772
0.78166945332753889896793
0.78166257983667353226309
0.78168273990190861866267
0.78168812724608549569183
0.78169333209969360520830
0.78169764430688071232822
0.78169973320510277581263
0.78170575651298612740447
0.78171956808478948453001
0.78171339789208815762578
0.78171158055455847168957
0.78170711021162220255576
0.78170145337327134882344
0.78169587091670178491398
0.78171468701579904791998
0.78170898517092013424445
0.78172061295795169932887
0.78172563100982350725587
0.78172762462938127914214
0.78173400108352364412667
0.78174882953064972479496
0.78174181595934155719618
0.78173941430905380389760
0.78173395580510574021105
0.78172772197735740373759
0.78172229151122418766562
0.78174094452099240903920
0.78173569727281688734877
0.78174708077789079041509
0.78175281895407044974178
0.78175572690221284410939
0.78176354342468457048199
0.78177765760672102146600
0.78176904132087365884018
0.78176583598781979045356
0.78176020524579492576578
0.78175439398339718888309
0.78174926691094237529711
0.78176771753165363865179
0.78176281433308625334888
0.78177359217949193848085
0.78177893237401274717513
0.78178206294183250069096
0.78179099409047303481657
0.78180401789590137084929
0.78179493580420633680461
0.78179213234593125658733
0.78178687179036832066714
0.78178116175725775871541
0.78177613348110619462261
0.78179445879053122148150
0.78178942064354128849146
0.78180038887029945637863
0.78180563846498818403319
0.78180822026591623163938
0.78181708312361797297285
0.78183062089372590275360
0.78182196113686541760757
0.78181944372787193220375
0.78181393861083448015847
0.78180771165686180346199
0.78180260377569243956941
0.78182106283928243239956
0.78181589519201877269694
0.78182747701795296535465
0.78183325145987370152767
0.78183604108365645224410
0.78184465407310532736318
0.78185899484064835807118
0.78185024493472699003149
0.78184717065533604340999
0.78184119928335482629933
0.78183460102933766133759
0.78182926261664698053266
0.78184817795562866482584
0.78184261353852502196560
0.78185499349194542695329
0.78186108120125785703181
0.78186434190163078827851
0.78187337201275353137930
0.78188752393927507533533
0.78187833723050115253272
0.78187489288586053959307
0.78186872099901238986064
0.78186165521408423906280
0.78185596066550366867176
0.78187507468092498630341
0.78186919309131064359519
0.78188244267501649797936
0.78188882760294153850822
0.78189210398840447435731
0.78190142884873781170540
0.78190588089121182413521
0.78192016648449103044527
0.78191520068246389563171
0.78190591657497598987447
0.78190243307826745589040
0.78189599047459401592874
0.78188838173027785938274
0.78188255047793997487560
0.78190176687124524068651
0.78189589446361196234392
0.78190935225414304188263
0.78191599041304282735609
0.78191968684346879747693
0.78192911859978775357405
0.78193451395365676237503
0.78194912110865610888055
0.78194318587009870036297
0.78193341184988196523875
0.78192951082002459806120
0.78192274443905496195129
0.78191496317812148042492
0.78190925578877390478283
0.78192846980226116127000
0.78192254244759551440325
0.78193620318470768992825
0.78194316316790146714766
0.78194734335295712490677
0.78195737323894021209014
0.78196379201966481620190
0.78197855959252993152120
0.78197152843778994224522
0.78196122362650877235524
0.78195690786440963382375
0.78194997607565441821720
0.78194196854056108314523
0.78193575066497100767293
0.78195558475590665192811
0.78194896927254764484871
0.78196401063571385758877
0.78197091385704620147834
0.78197528666111415507345
0.78198561385439702142719
0.78199327787592343153023
0.78200775921666798584653
0.78199982736970974350754
0.78198934647038886858184
0.78198496958833918490939
0.78197786099097066347952
0.78196919188271696299353
0.78196233151418681472933
0.78198264698821606799584
0.78197580378856590410663
0.78199154509128021572906
0.78199899211082934957773
0.78200350648059469005347
0.78201387128251254043931
0.78202213120313801564265
0.78203644399019744959389
0.78202795721273865581225
0.78201750644987233496153
0.78201276964182642181811
0.78200523718972159148421
0.78199612171346755129520
0.78198934735702563258997
0.78200968270483472988275
0.78200288119194871772066
0.78201878687869963435730
0.78202636915311984910915
0.78203141144353960356739
0.78204206111539276147226
0.78205095699888949045686
0.78206542932475942020432
0.78205628180271902216703
0.78204531909115393428777
0.78204001777111331605852
0.78203240494329129273154
0.78202317641295993055905
0.78201617586907257173579
0.78203664881913503847954
0.78202920685790189292419
0.78204611460433126612912
0.78205379859300339084882
0.78205932175684100826629
0.78207046543083758027848
0.78208025097296518524104
0.78209508417237671995537
0.78208489406466430438059
0.78207355840731507257146
0.78206789700475609627972
0.78205989700655520469041
0.78204997054915659226992
0.78207383926636586668479
0.78206336653526131730274
0.78208209880583168249757
0.78208793195138981424464
0.78209948251772332117326
0.78210995084522105802449
0.78212475017146421141234
0.78211398048174429753487
0.78210247602477012129896
0.78209632927248340372728
0.78208778608394435849505
0.78207699231412741713854
0.78210169784590632957588
0.78209097401799931859046
0.78211047533235444895183
0.78211689151377017381606
0.78212856036473055176828
0.78213937167210412226837
0.78215386455911528607032
0.78214275117637999112929
0.78213107419915905982322
0.78212449053482546723615
0.78211583475902524131840
0.78210518244398541387596
0.78213001815357829915598
0.78211925560515138666773
0.78213847330601293794672
0.78214508110037572752304
0.78215670443155527191692
0.78216811997592938787704
0.78218218320612176164275
0.78217061320038649974151
0.78215889721589282324032
0.78215247305908297548172
0.78214422137863370831923
0.78213308181212271019689
0.78215803214502233053906
0.78214637014242716084311
0.78216657049420179603771
0.78217302221195328382208
0.78218469169865989520929
0.78219652342096990249587
0.78221058798067688577760
0.78219895786818260940976
0.78218737454012032817019
0.78218065628332678063117
0.78217168825524574504726
0.78215940159552288513112
0.78218536286414397373790
0.78217265970693039545125
0.78219481492744968864628
0.78220186350967024768721
0.78221352882034334008665
0.78222506865382612772919
0.78223972261794827431913
0.78222821453636126598497
0.78221623636618176078628
0.78220879636237472531946
0.78219921396672731361832
0.78218646342317132980071
0.78221361097552999375182
0.78220092753104886185156
0.78222307120583578488038
0.78223065641382094614897
0.78224282538088185656733
0.78225439300122656671732
0.78226880247156205250292
0.78225713620764425471066
0.78224491689915653935827
0.78223750254838986251116
0.78222839434083279996912
0.78221582397244804329972
0.78224336633684377062536
0.78223054525241586532047
0.78225212840116098433896
0.78225928570260705452455
0.78227135251411250571607
0.78228306556249160852445
0.78229704255533372148079
0.78228553322886151821791
0.78227368262575913693269
0.78226675432388159681096
0.78225798213600605812701
0.78224477217702959030987
0.78227201602493967591556
0.78225833875892425428589
0.78228123471605159888753
0.78228822999893166123542
0.78229990965008133763092
0.78231121314376383946154
0.78232574185768721797274
0.78231455342132338870442
0.78230262799953886876381
0.78229501691507130622938
0.78228565396608384929777
0.78227165321349012572227
0.78229905627324780592602
0.78228516808213055533372
0.78230876750286382215194
0.78231669905058343061910
0.78232930090299146463906
0.78234061106922259121177
0.78234409555047035311759
0.78235948715765757377483
0.78235551482251586286054
0.78234379545645360565231
0.78233079645143510649774
0.78232243534487055924842
0.78231290378953588504629
0.78229906274967497825656
0.78232734876058029893642
0.78231345749980918391486
0.78233654625157789119783
0.78234486212927756287883
0.78235811929379395213147
0.78237016644223567052308
0.78237444116795251680685
0.78238925639793810429268
0.78238437551894013388676
0.78237221355043429227294
0.78235916033425600968343
0.78235127772881840613195
0.78234225599227946723602
0.78232797201060444436393
0.78235705143041911480140
0.78234228468029876069068
0.78236628134361141384545
0.78237398801919522117743
0.78238676590049294201634
0.78239844499311028691579
0.78240366549363460357824
0.78241792079612493271412
0.78241260024298264763587
0.78240157424204881397856
0.78238903155148997736745
0.78238099968765628666745
0.78237141479700622603843
0.78235630290357305316462
0.78238519567458342240940
0.78237008005577657332452
0.78239529390737383440779
0.78240394727113371509120
0.78241666216036465097972
0.78242723042446105097270
0.78243255457532845387192
0.78244781163852072936038
0.78244236251657017788830
0.78243166973540934083786
0.78241829403033791301425
0.78240901352920388944767
0.78239879002216117243051
0.78238397062463183040393
0.78241262175010961588129
0.78239807892760326879511
0.78242256724313397064918
0.78243231648904387753873
0.78244646374818493939074
0.78245749418083287984871
0.78246334384915006143757
0.78247865257651594284027
0.78247231244003612182780
0.78246072435675506628883
0.78244618205693250434507
0.78243666039212800278335
0.78242701315676932427579
0.78241230094835045871804
0.78244181139487578580116
0.78242633198690969553724
0.78245141487578351302545
0.78246066667864833110713
0.78247476988533293251749
0.78248635963061052844836
0.78249335613130543976013
0.78250727196668812268854
0.78249985245587150295421
0.78248887372205688794935
0.78247561641893992323560
0.78246669077986630291832
0.78245642509029678102195
0.78248157781737404103950
0.78247056482354526707468
0.78249072387319140720052
0.78250343725523163751490
0.78251329305143391135147
0.78252057064114666218302
0.78253398308302224428701
0.78252718513478014550344
0.78251805547024988474192
0.78250567857975938945714
0.78249574131673593768710
0.78248414573944480299161
0.78250924313909375751308
0.78249746751306747949428
0.78251972957950410858530
0.78253273242205545479067
0.78254134547858422710220
0.78254811895628018092452
0.78256279082467516960975
0.78255573626774743711820
0.78254679123102632853914
0.78253320676096804753286
0.78252243684245281762912
0.78251089420513397776347
0.78253603546267436197326
0.78252461077877766282285
0.78254658928578835208612
0.78256027865629662620961
0.78256978769150775665508
0.78257772053758500874210
0.78259231039887622305429
0.78258343406180053136723
0.78257367190758753139335
0.78256040241818003444507
0.78255028932546077946597
0.78253866658891368945916
0.78256471957722850696371
0.78255294566390465327288
0.78257480542475432727656
0.78258734673684005045402
0.78259675718656507292792
0.78260637843067359931126
0.78262019242210634217827
0.78261018873623156011377
0.78260139870744349632758
0.78258924773249105566464
0.78257912264084905640260
0.78256813054454466005438
0.78259373931051023909333
0.78258404543597293034907
0.78260314260617269699338
0.78261531087237823367531
0.78262392981641659694958
0.78263431728413346277762
0.78264863996457900707782
0.78263777080789542761607
0.78262848850216759633014
0.78261671620660888670784
0.78260879816407424858227
0.78259823987184351512525
0.78262340547037589910673
0.78263105877794392206681
0.78264153930757607291469
0.78265122309505130715479
0.78266305309108352705749
0.78267660179557196897804
0.78266433384704570119794
0.78265568543717645155766
0.78264603354495609899288
0.78263071565574937604737
0.78265635647287556952989
0.78267127341596332001927
0.78267831755192074361105
0.78268889647245654117569
0.78270126539373530150101
0.78269415900674887964783
0.78268402081738130959820
0.78267881327324007045831
0.78270859737564568714419
0.78271586683153049346373
0.78273118239278083319022
0.78270785764427075470451
0.78265817560650063899885
0.78273317838046674310704
0.78270537805224993377351
0.78268064074957610642969
0.78255551858162619716097
