0.99964717973241856707745
0.99970486639149136465221
0.99975875222667343056315
0.99978389863144379035020
0.99978885117111915281640
0.99977535489166680093831
0.99980513515181745898275
0.99979361674473576915290
0.99980650205484888903840
0.99979527531730683076461
0.99980024601714934107122
0.99977213779137585891732
0.99979950910507453532006
0.99980334782617141797800
0.99980441858587321135587
0.99979836098678731559630
0.99980343943840899179065
0.99980121108248676264907
0.99980151371266068327515
0.99980392863389433433241
0.99979709216918977165989
0.99979306869343997909994
0.99980373838299296807008
0.99980265339652996114950
0.99980068952484768551869
0.99980329916926169442348
0.99980223366781373339762
0.99980315709583489347523
0.99980140332246902890034
0.99980226354505496999536
0.99980350060076972340539
0.99980315918945650288663
0.99980274826558279688271
0.99980425955672291848941
0.99980326841094757650552
0.99980340171706738594537
0.99980263959868143075482
0.99980296275969915420490
0.99980374486129852673599
0.99980315061981872570840
0.99980482616525734318458
0.99980402019630509879988
0.99980392201779455518817
0.99980482442611062765536
0.99980435446885074224355
0.99980400677435432577056
0.99980479422288925928086
0.99980569833185073402859
0.99980473802535463345720
0.99980394696967822554257
0.99980578626502880634774
0.99980504207483344991658
0.99980607309598357179681
0.99980494580118473013641
0.99980418410952964780591
0.99980398694175598439671
0.99980402237815202415305
0.99980404360827668241996
0.99980469897931800726809
0.99980639168779161796152
0.99980685514518563561381
0.99980583682764723185699
0.99980764666550026031899
0.99980599166843719949327
0.99980688547982954350601
0.99980461704180767501526
0.99980377926662122867185
0.99980412604032620205174
0.99980422976656768696557
0.99980383262025485091584
0.99980498025205932766113
0.99980739913042748767680
0.99980795728969218405524
0.99980567102314299443577
0.99980788082287774809487
0.99980545676096610474559
0.99980764108517683474986
0.99980556107795992559772
0.99980438164673146594907
0.99980455003407864289500
0.99980519845630877462384
0.99980514218141436355580
0.99980593815858254114204
0.99980750089519110357372
0.99980780503675414916387
0.99980587421204070164293
0.99980810370184847180042
0.99980701232232882524897
0.99980718432788107108422
0.99980586028374907048288
0.99980565451814806809949
0.99980599608320397386763
0.99980658613281803148709
0.99980568341873776727624
0.99980546954006954685212
0.99980704315213420052544
0.99980884359611421619007
0.99980845952580099655904
0.99980971465326062830314
0.99980961183835015404497
0.99980723774619795207741
0.99980515442890816046884
0.99980537959492277177986
0.99980675383868056194103
0.99980712726926490585555
0.99980719763359515717127
0.99980659018641027113716
0.99980512404246069113611
0.99980520194649946663645
0.99980764334579697028005
0.99981028527372584058242
0.99981009188640190821218
0.99981027910576791839503
0.99980992806325563737602
0.99980793269317913551930
0.99980558315887790854504
0.99980521142341105544915
0.99980642294867616559628
0.99980712854304765180302
0.99980715471523384785257
0.99980649148284028715494
0.99980565409604049698089
0.99980599570440942258642
0.99980785653326320616685
0.99980977476039900597726
0.99980950350615460653358
0.99980913354927325453758
0.99980925610343129861235
0.99980742830348123817430
0.99980613269120666153356
0.99980616031782620911628
0.99980681035422314106853
0.99980738392190282581851
0.99980770407192587345691
0.99980715061277691813046
0.99980639325596454280998
0.99980592921940092399069
0.99980690180634435026974
0.99980873267966763329184
0.99980941239023835009903
0.99980873988870988533506
0.99980986657871684375465
0.99980658086530049821761
0.99980557198807140650842
0.99980625138890999448193
0.99980725087047628285575
0.99980791332758944811587
0.99980788279104471083514
0.99980703816259908212061
0.99980592097369114235050
0.99980535025686911865250
0.99980662397067399105310
0.99980902408947158743757
0.99981032349821796767486
0.99980929191640088848914
0.99981054786274681234204
0.99980692779067026343398
0.99980544263806825355800
0.99980570575008442801845
0.99980667509217457933346
0.99980765679082583829995
0.99980742643435061012269
0.99980643476639852185173
0.99980579894561749654258
0.99980579382813172806266
0.99980723452352426861012
0.99980933416834483207225
0.99981048388841831098262
0.99980914985879898448928
0.99981025843217741222446
0.99980734261040349331040
0.99980616761244034407241
0.99980613791693395686622
0.99980647818793821901551
0.99980737054024282350895
0.99980752306776976556790
0.99980671825731060042841
0.99980645946474189234010
0.99980633419742614975689
0.99980724350104754893920
0.99980890017418555526518
0.99981005643903608781642
0.99980878329210609578581
0.99980996365696517269583
0.99980708948271412861430
0.99980623921356492900259
0.99980651862182101652365
0.99980688615144819308966
0.99980772871394152367941
0.99980775069163985158127
0.99980673855401480665250
0.99980625414223300850836
0.99980602316207090041189
0.99980706731648216756270
0.99980885447198142301772
0.99980994289008218167680
0.99980903558244604845129
0.99980985648987208413985
0.99980721655301296735274
0.99980590126113066951064
0.99980581821566572031657
0.99980624858353306372294
0.99980746561873801159237
0.99980693494176109403782
0.99980563266956534729246
0.99980547542838971164514
0.99980596180503544800899
0.99980746019096944365856
0.99980914841545343030305
0.99980960515969674595738
0.99980907311234523682231
0.99980762851691440395996
0.99980614939366418969513
0.99980538583420797138501
0.99980519758320884893266
0.99980640091279571191052
0.99980614897650343930735
0.99980512532933585312378
0.99980551422237096126366
0.99980630031884887287674
0.99980759879446423621374
0.99980883989336621908706
0.99980738690537163115835
0.99980859348266248876058
0.99980626140053796557794
0.99980567255730945497305
0.99980535069145792803624
0.99980629125869835416296
0.99980670691173179065458
0.99980561381765442607872
0.99980563143324274744117
0.99980602186147737864275
0.99980714045777729914732
0.99980847519606186324381
0.99980700280961476433816
0.99980853109848144555372
0.99980568409983328059809
0.99980530557187829998611
0.99980563687686330176518
0.99980710840360331737031
0.99980724451002978003800
0.99980529833593978494832
0.99980479739301952868402
0.99980539142523972007126
0.99980702701943324761658
0.99980870540717137195941
0.99980714796184777526378
0.99980890410013756319785
0.99980522236767366273114
0.99980428718324654280281
0.99980470349442007726992
0.99980698568762804701038
0.99980644792934336706480
0.99980410868059033102639
0.99980393129529043783066
0.99980516320888102033138
0.99980725173813700390468
0.99980905284578691638586
0.99980727825579629453046
0.99980911166734265371758
0.99980513077065813476452
0.99980375303337909453916
0.99980373869054839364168
0.99980593826731878337455
0.99980570857127826212007
0.99980366062070979982224
0.99980370346887947885506
0.99980506415079295479131
0.99980722490295970139584
0.99980911018455820293838
0.99980715521832974612693
0.99980909340215651237571
0.99980495555382531414068
0.99980370282478991939001
0.99980379215690373673198
0.99980582002352402781753
0.99980614900850561799217
0.99980398063969377897564
0.99980369083610676206320
0.99980485651824169135438
0.99980711597765548059868
0.99980905860503610504963
0.99980710588059584775777
0.99980899687863344915684
0.99980481201554949333143
0.99980365547357619160351
0.99980410997931645766812
0.99980647412068712753808
0.99980664691043263925252
0.99980414194644717795768
0.99980362069392636481524
0.99980478525553750923649
0.99980707822121250849534
0.99980891566184992846900
0.99980698645745069708113
0.99980884562920058211688
0.99980470613142125024808
0.99980358474624719811175
0.99980411212230690942704
0.99980665152530256989394
0.99980671900047901612396
0.99980667939816203482195
0.99980657766536806807522
0.99980407350224231866065
0.99980351051095783798672
0.99980452970267363888013
0.99980682736857595660496
0.99980882193589659667765
0.99980665317338546227433
0.99980883914220597397104
0.99980427066042731887308
0.99980336414214898699271
0.99980404733829553176605
0.99980653241299266564823
0.99980666354132619044748
0.99980673898353678019646
0.99980656874130213740415
0.99980401532020302113324
0.99980317366970239412183
0.99980401596787005225053
0.99980651887095084440205
0.99980883901745831732200
0.99980643589049722486095
0.99980875049052542191674
0.99980383849270171303658
0.99980302366150686221857
0.99980397784722008225344
0.99980664335834756872856
0.99980687904428899859255
0.99980701114114534089339
0.99980667812854018272617
0.99980396717493702496427
0.99980298106905385324694
0.99980376718955066284167
0.99980636827185376258598
0.99980854304339028537640
0.99980624847611898609046
0.99980826406899103719894
0.99980376539810489333604
0.99980305350909381978397
0.99980400656008050486179
0.99980664599083357568787
0.99980703758498212785355
0.99980693090854533267020
0.99980655120428174598146
0.99980409144339021931813
0.99980317257004447384361
0.99980373637561947841590
0.99980606852786546578926
0.99980800918374446162318
0.99980587225757044933516
0.99980784199430805525566
0.99980360679279056679292
0.99980323283988192795135
0.99980418005631299660507
0.99980643234101773675349
0.99980673931367269879900
0.99980655015743924440841
0.99980631705863642899601
0.99980421024946697361457
0.99980316450411410578170
0.99980338644553845561802
0.99980570379092070787408
0.99980774598110966344677
0.99980556692962663234425
0.99980760771367604977655
0.99980315290511390102779
0.99980299778822345757590
0.99980414679544182821047
0.99980621171313233119804
0.99980642103743377901992
0.99980636346929585567267
0.99980610936345215566945
0.99980402523120659452616
0.99980283024514360334933
0.99980297516630156628992
0.99980541374356757255981
0.99980728804025675859890
0.99980517925710532534112
0.99980675839044763630881
0.99980286791224826092872
0.99980276909492049597361
0.99980393940663381258105
0.99980600803886243710394
0.99980636120537191846580
0.99980638048072245638309
0.99980592688656133582015
0.99980397477543958562052
0.99980283723753837765713
0.99980279018839701699051
0.99980486940609480939202
0.99980270169689400283630
0.99980455942320767270814
0.99980296903685661469297
0.99980411772223654054415
0.99980589947073361667407
0.99980637117244453015985
0.99980630650453095054075
0.99980589227043592526201
0.99980426806152378205184
0.99980307074206764550439
0.99980260701710110815554
0.99980438135919758035897
0.99980256927953803369746
0.99980444554054015426914
0.99980307865308515324898
0.99980430639286843597091
0.99980581385239808422938
0.99980617057226628396904
0.99980595479243483669762
0.99980558713085720956570
0.99980417660703024829161
0.99980300953523992824046
0.99980265263430323496863
0.99980470220246142609710
0.99980283053064344933603
0.99980495127838897584382
0.99980295854740153238538
0.99980392551718011429074
0.99980522510641778310969
0.99980567810511589144085
0.99980538808085284152583
0.99980481945983534775024
0.99980368633109228948541
0.99980298558987157342415
0.99980299419903040369917
0.99980496096733673105916
0.99980300925847909176980
0.99980462892784149886438
0.99980306098010296445011
0.99980357705132028023343
0.99980450656743158344142
0.99980516785230810761220
0.99980513599607290231575
0.99980438218334244382390
0.99980361381582727453576
0.99980309336224093552659
0.99980280977671887043812
0.99980407922211955717984
0.99980249321841097032149
0.99980359335970669931726
0.99980300020356605017469
0.99980368029014510256047
0.99980443078607439399974
0.99980527641937411154061
0.99980551612184165310993
0.99980451672255710171555
0.99980363220005563640314
0.99980281031904894017970
0.99980227367485419165405
0.99980345603205678095549
0.99980233744812896379273
0.99980374747192013451524
0.99980263291765958388879
0.99980343180444009032470
0.99980446197632544258482
0.99980571773596549345342
0.99980576776325535970358
0.99980420577546091909227
0.99980314853788532225565
0.99980259965486972806303
0.99980270645275892693604
0.99980427447605002555520
0.99980318061290429643151
0.99980469591841714116498
0.99980272690258176204736
0.99980292485451338624358
0.99980385231515411792458
0.99980566394573500144105
0.99980554191695558685637
0.99980360355802078142773
0.99980285375442412565405
0.99980289744613048963373
0.99980344547845645397643
0.99980474187360035553951
0.99980331477616535273967
0.99980438217887246388216
0.99980289952392420449456
0.99980289698724300606614
0.99980360789490163586635
0.99980559555593728759959
0.99980594446823367604793
0.99980383457818822190433
0.99980290464745424916515
0.99980260315654723157763
0.99980284403733277187598
0.99980384280326228818581
0.99980231986314793690696
0.99980345721507868361755
0.99980206897361789675216
0.99980273366796668099710
0.99980410536944874788645
0.99980651102801276763898
0.99980659806430138836220
0.99980715799193997650463
0.99980704500605332984975
0.99980420629914779073744
0.99980237917111369760903
0.99980156317369295315700
0.99980206824393935693962
0.99980339941888640709067
0.99980220841045808199965
0.99980360326466877207707
0.99980134546482291035829
0.99980201416092018273929
0.99980407124298198429102
0.99980729647669208670635
0.99980745012335370258683
0.99980736026472205590920
0.99980718962663439608463
0.99980384232576813285931
0.99980188139515313583416
0.99980148893893305839242
0.99980258001910260468037
0.99980379437173394485683
0.99980283273368275587245
0.99980371826934921752894
0.99980181731280204360246
0.99980208789318314455130
0.99980378961444416052728
0.99980692826029371467200
0.99980698929920541750960
0.99980663310799022802655
0.99980685374932742881526
0.99980410078044590349577
0.99980251252065988065709
0.99980199576317019261040
0.99980267925033294851289
0.99980334132966175442192
0.99980212191342032745922
0.99980284016304432626043
0.99980177385674451340236
0.99980287290559399782097
0.99980474074419223295962
0.99980722443665814846980
0.99980660537408050370090
0.99980700211361750451289
0.99980798570814410908270
0.99980543260551069106867
0.99980292957823069244228
0.99980120358969037930308
0.99980145858978253237126
0.99980243959127579334023
0.99980105529779705886284
0.99980223418365821164144
0.99980060698431583166013
0.99980269259855703012363
0.99980585168985447452883
0.99980876841724175552173
0.99980759619322434605948
0.99980794404191075663846
0.99980913392078962775855
0.99980583671485678820545
0.99980239968003203898661
0.99980036032236296872355
0.99980107076110025232651
0.99980211314210543083192
0.99980133345624999652301
0.99980183393336752306624
0.99980060790797664616036
0.99980236243686282371357
0.99980553867520316480011
0.99980884555314897266243
0.99980764652984699392135
0.99980663753371190605179
0.99980804288606028862318
0.99980528525522827099081
0.99980270873390530983471
0.99980111113507286191293
0.99980145134574727183718
0.99980140498704950235975
0.99980113159648342779917
0.99980324986452262514547
0.99980530969338432534244
0.99980718034825966089585
0.99980528558182435450163
0.99980413109286547790333
0.99980670086580580857571
0.99980557435030514845664
0.99980361410053764092964
0.99980116984505440491660
0.99980037910967878289625
0.99980047550249229182384
0.99979948806623442081332
0.99980351363026909172760
0.99980581501210552541892
0.99980671913481267143453
0.99980361891956548436866
0.99980378406768999344223
0.99980696290671955406282
0.99980574215983331054503
0.99980302088632821977399
0.99979973569756586115886
0.99979879266654880787257
0.99979935192380708919302
0.99979838734403547739760
0.99980250753176180822379
0.99980528950913494234953
0.99980698568432846418119
0.99980422226284404452201
0.99980437904477537092163
0.99980651359813421663603
0.99980464414336567280372
0.99980229687107124991741
0.99979934920387503183292
0.99979817797729741979396
0.99979941511228143102841
0.99979811381534200442900
0.99980230404705239255492
0.99980403920080285207206
0.99980565429985968073368
0.99980397051579161793455
0.99980320433762082110718
0.99980474549706277453964
0.99980344077654692558355
0.99980206909517355118311
0.99979924775613171483712
0.99979842388541029229998
0.99979903575668127579945
0.99979914504660238883105
0.99980127328709578193866
0.99980254787962608009622
0.99980401845922828307778
0.99980260752850169669870
0.99980264076751401702836
0.99980339180215027639065
0.99980119804300604524627
0.99980029500780487339284
0.99979926736037205703411
0.99979852278930636533261
0.99979923512117230277596
0.99980011596473450374845
0.99979988365262817406887
0.99980267322260074625007
0.99980290018966755383190
0.99980262944829079163611
0.99980206278906125216821
0.99979972999787070087052
0.99980076266344763968874
0.99979398386801798803702
0.99979801479969132582681
0.99980099744036743381059
0.99980238194951553953871
0.99980139818066160461996
0.99979995797342113839079
0.99980410523989260429545
0.99979990008026542458452
0.99978424259763531978251
0.99980441655753526930539
0.99979974413716155012821
0.99979953749134908846941
0.99979209765578291868593
0.99974095560012765648850
0.99978809515565858490049
0.99973768088221837135876
0.99973343730544506069435
0.99960032340361859581890
0.99966329565511280463852
0.99972124399416439910482
0.99977481296180259473516
0.99980030389620244690718
0.99980484047729367702573
0.99979175802013442453386
0.99982154760570873808234
0.99980953684068685216602
0.99982291353440033709887
0.99981113584328129562095
0.99981664042240059320221
0.99978781905802882601364
0.99981521404716378054189
0.99981972735722290934746
0.99982082604321342866882
0.99981417240713543748143
0.99981984136040569222104
0.99981698331115653743950
0.99981787840060409866538
0.99981964791521837909727
0.99981278931074557547731
0.99980903143193744497808
0.99981942331808026924733
0.99981838499072717141303
0.99981704009900518315135
0.99981969499657130651116
0.99981797572361330583846
0.99981954547655194076583
0.99981774077507368225781
0.99981800867074832606107
0.99981917058080360671823
0.99981914023977391803299
0.99981889836599879828327
0.99982025635521420969809
0.99981892387332571559000
0.99981916046718655177727
0.99981896599169528538908
0.99981934167618669029309
0.99982006284573121668302
0.99981951793205092737793
0.99982059805613165970328
0.99981966319565407363967
0.99981993455426265704489
0.99982098090341109397627
0.99982051729351795188450
0.99982003437111333088438
0.99982042637971435539157
0.99982148335104648051441
0.99982104927313331099725
0.99982030198575222446067
0.99982209213294936933636
0.99982138367814177293269
0.99982187146686385403882
0.99982056740010405437857
0.99982022706308593118507
0.99982016290599862173849
0.99982021174738755497913
0.99982010222495931728304
0.99982031029423457102467
0.99982220377762531793309
0.99982315701973867305696
0.99982216316808469880328
0.99982394743616309629175
0.99982230048545717160380
0.99982271103220909935771
0.99982022014465476988931
0.99981985329209810409168
0.99982032825800437603192
0.99982044638114098145110
0.99981992057956781128070
0.99982057759761711057678
0.99982323755402136011838
0.99982425906988281472110
0.99982196132229284035731
0.99982418396815830874402
0.99982172822688797353408
0.99982349215193877522978
0.99982115437935781265821
0.99982048284955749029024
0.99982078151811704103125
0.99982144479731893671470
0.99982125613915939776888
0.99982152787586342501669
0.99982336552668793494547
0.99982411058344922150098
0.99982212650784108021185
0.99982441401192334584636
0.99982324484140916442954
0.99982306192715508785795
0.99982144802481753842471
0.99982178082123829288008
0.99982225618380615728142
0.99982286069726322708107
0.99982182037855926726166
0.99982105745859750633997
0.99982293340249195345848
0.99982516028527201878973
0.99982467209926628726180
0.99982603892136290291148
0.99982580490879335854970
0.99982314055524745821657
0.99982074452839708733620
0.99982152531783086146788
0.99982304286505963020204
0.99982328749722593208560
0.99982335669343569417578
0.99982289338823504554199
0.99982127748504912023719
0.99982079480891028477885
0.99982355968503677789982
0.99982661762420055318046
0.99982626643533900612226
0.99982662011696588066911
0.99982608486600765829166
0.99982386261242295333318
0.99982117970556383390601
0.99982137307430940520447
0.99982273915472674730154
0.99982328547895693571235
0.99982330999477675437248
0.99982282091503515975006
0.99982182267522956564676
0.99982159775052781292004
0.99982379967737655679372
0.99982612630112854823494
0.99982564253892869388096
0.99982549708814283384584
0.99982537911282798326340
0.99982338393541347887350
0.99982174170797799561683
0.99982233428344680081779
0.99982315335468807671049
0.99982353791511757723498
0.99982385531303730186181
0.99982350737816783059486
0.99982257153796361137665
0.99982154565954328706567
0.99982287054956175964548
0.99982510778969557740936
0.99982552218230502649732
0.99982512738146478437073
0.99982596532112077980514
0.99982256351237719371738
0.99982119605189323507943
0.99982243376409452029208
0.99982362094027810162089
0.99982406097189013838289
0.99982402561512984107139
0.99982342063360440942432
0.99982210666268611642948
0.99982098249255102473398
0.99982262039672342712748
0.99982542592039835849249
0.99982641258965432307093
0.99982570921007118958102
0.99982662977878355992090
0.99982293775698138915686
0.99982108457955654046145
0.99982189389957298875089
0.99982306987080749038910
0.99982379472918436746909
0.99982355801980349330194
0.99982284223275574852607
0.99982198769293373352696
0.99982144633453107207544
0.99982325800233640133996
0.99982576705273573658417
0.99982656145449366746902
0.99982559836048057189117
0.99982633503647533323999
0.99982338070529652718221
0.99982182971802446846965
0.99982232671613469054961
0.99982289790127487627558
0.99982349330980935242508
0.99982363577151045497260
0.99982314881306133536043
0.99982264861838987535236
0.99982200578740698659885
0.99982329653487711507154
0.99982536541923550110766
0.99982613489566063424974
0.99982526673320970544978
0.99982604623075355121387
0.99982315724462922368332
0.99982192101275801920934
0.99982270699707742611650
0.99982332699496812011830
0.99982383074932190680784
0.99982384126028533977149
0.99982318940757575198575
0.99982243981755780648513
0.99982171530440999696054
0.99982314950668205177919
0.99982535706908282069350
0.99982603345373544101449
0.99982555694013719449487
0.99982595989267519787091
0.99982331447156380654917
0.99982160291277666352983
0.99982200070778692868601
0.99982270843044618313655
0.99982354184019683884799
0.99982299615129432979188
0.99982210022539819149756
0.99982165459846705779512
0.99982167244906983150088
0.99982357454082082526270
0.99982568872291954775733
0.99982572546023984472185
0.99982563360112064465568
0.99982375927494593348399
0.99982186866691702409327
0.99982156137906308401853
0.99982167182789172255042
0.99982244683067256207920
0.99982217903973902295434
0.99982160622445792608204
0.99982168471649646157573
0.99982202837877387491261
0.99982374514605443227566
0.99982542112884775775683
0.99982354907740156324536
0.99982519494705046625427
0.99982199768851087728905
0.99982183694991566547117
0.99982183768995258610346
0.99982230441388986186269
0.99982270258722028000165
0.99982210645336444532205
0.99982178907884056151545
0.99982176483413631729036
0.99982331929186774033269
0.99982509624634374745256
0.99982319808268171890120
0.99982517208040389000701
0.99982143271362677872105
0.99982145695125768103395
0.99982213386274310096269
0.99982308805503117277169
0.99982321764712700495892
0.99982179889691258356521
0.99982094094795748162596
0.99982114593985793593589
0.99982323799225347737973
0.99982536752427941806332
0.99982337448912361743680
0.99982558653591424580043
0.99982098232315941288562
0.99982042208870269828225
0.99982120721526590578776
0.99982295998041292861558
0.99982242406441712567755
0.99982061567759317188830
0.99982005685215247225983
0.99982092739089289956667
0.99982349475585552411872
0.99982575409317597792125
0.99982353808635260339344
0.99982583194959784300693
0.99982089848800348441671
0.99981986998843175307172
0.99982024744972097796136
0.99982191666712649791293
0.99982169137500587208223
0.99982016994843403434601
0.99981981171517519957348
0.99982083510490338262855
0.99982350167885181146943
0.99982584959896991794182
0.99982344838253711660769
0.99982585127729117768780
0.99982072989909176463641
0.99981980185558483320563
0.99982030168385715995782
0.99982180772274098501384
0.99982214142189862471355
0.99982048984823967963109
0.99981977971205626687379
0.99982063399488196875353
0.99982342634219079080538
0.99982583406547820281673
0.99982343433989040448751
0.99982578929949761370466
0.99982059156010438805140
0.99981973534498802536064
0.99982061745258976603878
0.99982247192900475241117
0.99982265210926601906039
0.99982064613456789192725
0.99981969248966628960318
0.99982056642858807560259
0.99982342496874110349125
0.99982572441813089003659
0.99982335073457651031248
0.99982567128216104368477
0.99982048933482658981120
0.99981964825236435689959
0.99982061189246707044731
0.99982266424552923567148
0.99982258417986435983238
0.99982253809778209863168
0.99982259807372453330743
0.99982056805441532620904
0.99981956512146019644405
0.99982031485533562342738
0.99982320898199783520965
0.99982566424420182826793
0.99982305266287430089989
0.99982569724070324834742
0.99982005717163813240944
0.99981941069610147376778
0.99982053620058630727385
0.99982256023364435293388
0.99982251638434405105471
0.99982258667709300592463
0.99982260486873730798152
0.99982049697754060701982
0.99981921323880806884432
0.99981980320908392378954
0.99982293661924381833472
0.99982571310945278497684
0.99982287064047214997231
0.99982564199086343403877
0.99981962666937140848944
0.99981905637409285159123
0.99982045076956049811656
0.99982268840896248995875
0.99982272178162900910792
0.99982284748011041042304
0.99982273202510052456660
0.99982043120761998622470
0.99981900641561949338865
0.99981955692423329917773
0.99982281906213044120335
0.99982545218735907610608
0.99982271529716748581507
0.99982519105000455805765
0.99981955651948306584842
0.99981907157685734333086
0.99982046184081063699978
0.99982270767460768023938
0.99982286697430788890983
0.99982275289039390653301
0.99982262139588673477419
0.99982053684383775937761
0.99981918435578265302865
0.99981952809647223201495
0.99982255143446907563742
0.99982495484777011984789
0.99982237027657305805661
0.99982480786661231952905
0.99981939948729481315581
0.99981923884444090511181
0.99982061463972360382257
0.99982251160598045736094
0.99982255266991726383452
0.99982235242403638686426
0.99982240543357481232789
0.99982063382037511534151
0.99981916393476355509051
0.99981918080009390958907
0.99982221597564990833718
0.99982473372426017288461
0.99982209307518932206449
0.99982461855171922415764
0.99981894921005043386231
0.99981898964655879780139
0.99982055953659387803611
0.99982230847662068029535
0.99982221012545291483065
0.99982213899618777031009
0.99982221446538388498482
0.99982042704693707690922
0.99981881515237780444494
0.99981877321922929535702
0.99982195397787387847188
0.99982432314692004649004
0.99982173342806834881458
0.99982381938373809937559
0.99981866796775065164837
0.99981874749944998903572
0.99982032967566702996720
0.99982212153648863939281
0.99982212126214464742446
0.99982212304542206204871
0.99982204914720940180928
0.99982035312785022540538
0.99981880878588624828041
0.99981859256539729052804
0.99982143689110436479694
0.99981850753618328742078
0.99982113967298469336953
0.99981893241586772269613
0.99982048510388388251613
0.99982202898933847379226
0.99982209403015720461383
0.99982200882057326030150
0.99982202788351504096909
0.99982062498951262963232
0.99981902572428260622672
0.99981841694797468633737
0.99982097496003863312808
0.99981838292522851041610
0.99982105344065397289910
0.99981902556235113799232
0.99982065222599969533945
0.99982195492608672005019
0.99982185161669367978732
0.99982161263693947184095
0.99982173354259851194570
0.99982051081986744733854
0.99981894818267158520086
0.99981847051206662602141
0.99982132361685438493026
0.99981865447964113347012
0.99982158584986546845386
0.99981888748404756928068
0.99982024825279491864194
0.99982137467888387849513
0.99982131151315589701056
0.99982099757707987297550
0.99982097082670084997602
0.99981999822565592594970
0.99981890378661320006870
0.99981882471011729318633
0.99982160915812390289403
0.99981884590788472344514
0.99982129146802090069457
0.99981896860921470882033
0.99981987799462390675842
0.99982065854672685922822
0.99982075147428550732087
0.99982071135454009258581
0.99982053449096996988743
0.99981990255343078377592
0.99981898977243921500246
0.99981865277788051216135
0.99982075620678378946593
0.99981834314467632474077
0.99982028476516215942382
0.99981888439353105990648
0.99981995645981369680300
0.99982058207520718706718
0.99982084290551664906843
0.99982107486203208868147
0.99982066582699702372850
0.99981989642507096416324
0.99981868053067468604667
0.99981813102461913889130
0.99982016189174327536193
0.99981820202003690578607
0.99982046892925124925711
0.99981848855331934000645
0.99981968389959030574232
0.99982060709929743147484
0.99982126928568060275637
0.99982131213416403081595
0.99982034660835772399423
0.99981938733493613824521
0.99981844041694400981868
0.99981857780722283024488
0.99982101291843050727692
0.99981905882196886459212
0.99982145084092377551599
0.99981855274068998085113
0.99981914984891517850230
0.99981998795513271627300
0.99982120006356489660959
0.99982107044210877244694
0.99981973298104809266817
0.99981906494031802523637
0.99981870673632045054546
0.99981933176330695101086
0.99982151268477548189395
0.99981920883868835581154
0.99982117000120629413118
0.99981869143194235238781
0.99981909442625105377545
0.99981972945862229718017
0.99982111688255947967718
0.99982145944810341120501
0.99981994743015922821883
0.99981908789870665987820
0.99981837766491199470664
0.99981874525812519660661
0.99982064829252481619193
0.99981822821087318331479
0.99982027987499721977116
0.99981782624871429199231
0.99981890163211584177105
0.99982020882062638822418
0.99982201881016297129179
0.99982198761181761970107
0.99982253449461344629867
0.99982254568304052000371
0.99982029960186413752865
0.99981853105371165657544
0.99981730209948926901831
0.99981798482519435022908
0.99982023926950125414237
0.99981813339781744343071
0.99982046083471920461250
0.99981706521332136539115
0.99981815093328840760023
0.99982015231618681649906
0.99982279036146270989605
0.99982281557932128901456
0.99982271511487175175148
0.99982267778825317794400
0.99981990995796243826277
0.99981800325069414281387
0.99981718953950182715573
0.99981851325174175837418
0.99982067021130749395752
0.99981877313191047651486
0.99982061323187709778182
0.99981749923878104890917
0.99981819356199486126258
0.99981984312354588162464
0.99982240966498969747533
0.99982233387270769142674
0.99982196874653928020393
0.99982232825096950534771
0.99982013985344475592854
0.99981860173235104216616
0.99981765860551508051657
0.99981862659205944510177
0.99982025549577491219111
0.99981807659658905595990
0.99981977332248628265177
0.99981741650214062122615
0.99981894646273239413148
0.99982076421518117914644
0.99982269187149630518263
0.99982193384258932766784
0.99982232484074207157221
0.99982344694799740736357
0.99982143961870162396366
0.99981898743071340174282
0.99981682557257711696508
0.99981741973775317688933
0.99981939336630021308849
0.99981702105663106117106
0.99981921042590471415679
0.99981620904202528343774
0.99981873404325094512046
0.99982184157243614297528
0.99982422312388274932005
0.99982291412760160298490
0.99982325837488372766160
0.99982458141142471763629
0.99982180939531095642536
0.99981842411345522858568
0.99981594327436218438976
0.99981704061391452054153
0.99981911220744790202986
0.99981730730948903396182
0.99981885617985366554450
0.99981617103280373548557
0.99981836962700199045173
0.99982149426319033569399
0.99982428499527087328858
0.99982295999090564642131
0.99982195259301909207039
0.99982347540025351406712
0.99982122332478273740719
0.99981869922122212912541
0.99981665397628816105424
0.99981742805894846526371
0.99981692823969803285422
0.99981710932820566650747
0.99981922338725126575554
0.99982123019444602007866
0.99982260619559604197804
0.99982060408206119284102
0.99981945621681389546609
0.99982211998388437201868
0.99982147864792880742613
0.99981956914402625447025
0.99981667444850352843844
0.99981635625072917683553
0.99981596076062162481435
0.99981546400643139804743
0.99981944940800349108656
0.99982170376177581516686
0.99982213142362030833254
0.99981895543504628598441
0.99981913750612538827056
0.99982236909722410622692
0.99982161567920391220810
0.99981893762344498099992
0.99981520122671607708753
0.99981476682956726964591
0.99981479822119379008427
0.99981435887579006571713
0.99981840456009773987489
0.99982114816490352815492
0.99982238601965989222009
0.99981959713589663163447
0.99981978021626971564473
0.99982190808571225204560
0.99982048961592728808512
0.99981817341227086082256
0.99981477727153444945429
0.99981414530843149002237
0.99981482550274602960627
0.99981407672611199988211
0.99981815931325834778676
0.99981987341410016867371
0.99982104203083588256362
0.99981940432433313858951
0.99981867831468151930352
0.99982012590753877034899
0.99981926525934472493873
0.99981790252006641495086
0.99981464061910629848029
0.99981438198619843049642
0.99981441088119005211610
0.99981509848248761862521
0.99981708505038657808228
0.99981836324237438606843
0.99981939189834512227151
0.99981812801766878351373
0.99981820809948518391508
0.99981875859302116182903
0.99981700609061752160756
0.99981608484224127053608
0.99981462635864015719989
0.99981446959415931630133
0.99981457900950798656226
0.99981588265054532893572
0.99981568657420483159370
0.99981803198581165048608
0.99981851796951215494147
0.99981830108606384310832
0.99981741265009915764495
0.99981553050191551701431
0.99981650589152060160103
0.99980931090237623592998
0.99981373434665499200236
0.99981679703053683017089
0.99981772340123387099453
0.99981712595483152039577
0.99981574316691812498448
0.99981943903390091410444
0.99981570003003394919716
0.99980003992530530609883
0.99981974152719399473455
0.99981558917912660700011
0.99981544406658973134228
0.99980740841107096361640
0.99975623808230096312144
0.99980406330557058947051
0.99975388217464888906960
0.99974945237693035871018
0.99961657341895160389100
