0.02340129111197504149788
0.02329065761213315599587
0.02370771279766659828114
0.02364309158757282522401
0.02386380637065449103473
0.02356629854016564773467
0.02383264759801947615947
0.02392132448585364279392
0.02391147645747148525741
0.02392517756618302293692
0.02379528671085654259465
0.02348084994199269373572
0.02374839530739899715051
0.02389744594046969497492
0.02392527621370703003190
0.02391248028828833749326
0.02391424912115216322439
0.02390433759645807856864
0.02392428120908613592421
0.02387928453655040195169
0.02369076823066654235994
0.02362420971681369538664
0.02385386814015624801222
0.02392071241800207068162
0.02391633093758250422356
0.02390383695513746339922
0.02391193748725964698942
0.02390692252978845327993
0.02390414012296199555707
0.02391897352660471778862
0.02391424276909361046339
0.02382110454455122622308
0.02379347277776076158284
0.02390412589347947619478
0.02392019549527167956993
0.02390505587576769938596
0.02390298042571530057199
0.02392497611514486643980
0.02391750633490689198490
0.02395182324082052033321
0.02390076330542562077497
0.02390756076834436166800
0.02392034057293584287107
0.02389118407307341818147
0.02391949237203477504621
0.02390984295414791405143
0.02389925772135314402389
0.02391077074006164523978
0.02394280095304949021462
0.02398012310723789120015
0.02397148631501091683993
0.02400223735789407120134
0.02393441547475441688597
0.02390602334835287626214
0.02389878307328984277658
0.02391216843323379012687
0.02390001640716817032928
0.02390127967387477639361
0.02392609019145291310293
0.02396268666114775153231
0.02399591362210018799517
0.02401673498847281540414
0.02401237071835039121881
0.02402288429190212182274
0.02398887175133129073812
0.02395446586210422251773
0.02391823084617592659606
0.02389761196767857878709
0.02391162446509998568134
0.02394525775178401108545
0.02398108421318923683119
0.02400732554622186237792
0.02402084710328567657145
0.02402640973237432642229
0.02402427279027246134757
0.02402968783068449437623
0.02401770219214729648605
0.02400242010122640573533
0.02397339775169077258354
0.02393633916450531307074
0.02396512195703954378745
0.02399641621645120723172
0.02401408045722833867197
0.02402190004233989081839
0.02402769208455555680071
0.02403805970678225475967
0.02403400940547292113925
0.02405078477077635112913
0.02402506060451478631101
0.02402009619409098753473
0.02401111861301060204643
0.02398971112216049389465
0.02400671385028587540011
0.02401784006338939653213
0.02402250539482658764356
0.02403048755245730874752
0.02404622866989388971226
0.02406822479789284471852
0.02406192025228287914573
0.02408621450000091729349
0.02404113803502705079551
0.02402735843664305717682
0.02402125464355702247343
0.02401522174041176294068
0.02401241099635822301428
0.02401748887413219374354
0.02401916860545623769174
0.02402446111092106095786
0.02403620313718654935564
0.02405645498220287947788
0.02408071763843264503913
0.02410294736863646467007
0.02409733022206069288917
0.02411566979478268687997
0.02407452931261424775022
0.02405056412150919850634
0.02403259473512344215895
0.02402217961660874090413
0.02402010543617472126954
0.02402444834277000368372
0.02402883521620477122460
0.02404487341589554502685
0.02406803856275736494541
0.02409237436806335036499
0.02411165883418619690359
0.02412462821127289713807
0.02412086647727736121727
0.02413059523243600915099
0.02410701934062366852407
0.02408625148778358732171
0.02406231729226931265186
0.02404041285020042106879
0.02403259392303435867944
0.02404579448992637952243
0.02405645769633666872234
0.02407995568245843015509
0.02410202735590982400793
0.02411812595322918029161
0.02412785322879169511157
0.02413653730415186993152
0.02413303843201337894886
0.02414393808678903102782
0.02412486559953591624961
0.02411421021152549901134
0.02409708583272464690883
0.02407486705654028960599
0.02406219350018256111778
0.02407977490434990916479
0.02409185483386304740816
0.02410969677660874249669
0.02412205950960094602564
0.02413087014336987370933
0.02414023014672402739356
0.02415486606916481329699
0.02415012729234219251984
0.02416890545141507640192
0.02413663823679134193267
0.02412801757837413144103
0.02411899338735954897994
0.02410625437820622385399
0.02409562542973299123505
0.02410814524327557079042
0.02411565810951325425360
0.02412489477873334259295
0.02413391576501529994792
0.02414609620782561666408
0.02416346633664589321766
0.02418470394724491628891
0.02417886189673816577095
0.02420055222491996824163
0.02415798096546622336644
0.02414202913722525781215
0.02413073641576988712099
0.02412280762266746231282
0.02411692165662104869739
0.02412283050014707441733
0.02412773316806718360006
0.02413807206480864456233
0.02415374278301980412453
0.02417354094450545332062
0.02419510319531829184436
0.02421387543874605613459
0.02420914176410599374933
0.02422473899876930250596
0.02418912061959212211892
0.02416799937213450627516
0.02414890912551670085207
0.02413497266635560023484
0.02412832250361892499901
0.02413458805293169223694
0.02414414835534021974706
0.02416258378133513337604
0.02418436582056034470090
0.02420438425558349773703
0.02422073300237448725825
0.02423194071913687547282
0.02422904464848755698436
0.02423853590747503811142
0.02421638492869384803874
0.02419923020107813543822
0.02417866575759213335073
0.02415769637641936376515
0.02414427971485298696219
0.02415621808386254204537
0.02417266511710109561095
0.02419432918912407803891
0.02421264974314835463631
0.02422564543243335352662
0.02423543210447455867329
0.02424439458294449720177
0.02424178969716845113980
0.02423222652815423816541
0.02422191768823236945885
0.02420810340371577079610
0.02418902689800111333041
0.02417128224060651961458
0.02418604541170746302647
0.02420323598882116039599
0.02421883067706794359641
0.02422960409567564629696
0.02423855421214875932590
0.02424954927918406694110
0.02424562278500800097114
0.02426048685199653359712
0.02423503095129481144099
0.02422653819651699597104
0.02421501877373873415356
0.02420060783998837991571
0.02421165827755644012198
0.02422329874742805769228
0.02423290804762233061065
0.02424238944972563827851
0.02425577397956631478526
0.02427355179300052373526
0.02426839025330322641150
0.02428906111537589354588
0.02425112410706694449081
0.02423905545635766239920
0.02423003373618390354771
0.02422078152445454601871
0.02422692355918845685814
0.02423599512733333807835
0.02424780098060023286743
0.02426352928979797624054
0.02428358524719647498769
0.02430370797260286361285
0.02429877991436608236642
0.02431784655033624245601
0.02427795362777905585627
0.02425864273721296468511
0.02424408220575442751699
0.02423342978351218299227
0.02424016041298647505808
0.02425435692550890684482
0.02427299775270655088355
0.02429341768661152228814
0.02431303225845044338471
0.02432822771561646973959
0.02432493870134063915223
0.02433745647114895355179
0.02430784605124776051599
0.02428765986278499586226
0.02426781976242492477880
0.02425022538557997792141
0.02426277219820222735835
0.02428296811285409612102
0.02430318754673490427853
0.02432059576070685902316
0.02433402383961852377681
0.02434423628994923996527
0.02434184052910154730243
0.02435221869540553016331
0.02433010267389266317872
0.02431565706623774539286
0.02429817893573942358398
0.02427771955318716243233
0.02429292749619873376110
0.02431206938652355140085
0.02432667217102906301318
0.02433837283584274618908
0.02434867951168092486958
0.02436103889634045824297
0.02435774396189813520430
0.02437283768255221749754
0.02434541179873287580770
0.02433462821188608904421
0.02432302949997272589755
0.02430739670354982798206
0.02431909239301813935308
0.02433214367190243698769
0.02434215175463224495322
0.02435379620122448546260
0.02436790635770739663069
0.02438614134099516272958
0.02438154727013501499311
0.02440085950699860325996
0.02436398550320215475318
0.02434978066888066755569
0.02433897125811740336232
0.02432874744568920902243
0.02432483482571418803575
0.02433239804955085808236
0.02433612368690112742753
0.02434690802608258791695
0.02435958509986780110013
0.02437658974536962078195
0.02439527092567238958365
0.02441452049397240670059
0.02441005192993710160021
0.02442688916348153410629
0.02439093126869588262773
0.02437126303993648532287
0.02435522993429036289759
0.02434366095406328978079
0.02433960208200831518144
0.02434671936368679526219
0.02435215851609174100845
0.02436711793263957731570
0.02438544222356532967244
0.02440508521796435834061
0.02442214426832857096517
0.02443628327112584014413
0.02443292356409346860469
0.02444447267080318911270
0.02441848498071947856647
0.02439970431076733323184
0.02438002334626339015489
0.02436286736375256264941
0.02435599860200668778654
0.02436696475624722593722
0.02437599271800143171940
0.02439496459897844138354
0.02441359492278500145646
0.02442894815231855254467
0.02444070804937739996299
0.02445131229940883388352
0.02444818370266940016355
0.02445957816242078086688
0.02443806261380043406972
0.02442503701898651041757
0.02440860144148487495541
0.02439003112709453927054
0.02438021752566695010689
0.02439393957159759901421
0.02440467983581300071005
0.02442110766506155883349
0.02443447081586739774717
0.02444465036898653062525
0.02445553868714112413785
0.02446958496399366869700
0.02446524442768856916208
0.02448215527369226179877
0.02445249961956793768869
0.02444195061896004342317
0.02443067916911517700740
0.02441687938869588000990
0.02440725939300947278099
0.02441901858821408574651
0.02442776698478373725854
0.02443874648685148004423
0.02444911401207463391705
0.02446080793379564605194
0.02447684176269275535542
0.02449652339557713970342
0.02449109304034425768637
0.02451077959525156321763
0.02447256309053714995461
0.02445759277318248353650
0.02444556432448183672101
0.02443532948105078123069
0.02442834204347002144408
0.02443616068630489329694
0.02444299775865167029254
0.02445375947994743448533
0.02446795071293486611985
0.02448553931066164979224
0.02450539795498709802479
0.02452421586219162216724
0.02451947467777061337446
0.02453430203674124288060
0.02450058357637203629298
0.02448120644040089818882
0.02446345178091312647095
0.02444988106459482918309
0.02444263344833864579075
0.02445023870491475070921
0.02445978024064129549564
0.02447620350410315004375
0.02449514207023696307775
0.02451418761974329812992
0.02453057573747382050233
0.02452653444473326671549
0.02453931854093260520044
0.02450994684701400527782
0.02449010996103876888763
0.02447112078077022870315
0.02445872253395339410154
0.02447035494173627548364
0.02448530644314474494228
0.02450493165372729167939
0.02452196603650627637627
0.02453553892010674683521
0.02454561395808834908805
0.02454251337420331954831
0.02455149868690402817362
0.02453245718244284265253
0.02451811726194954785263
0.02449963220226324470130
0.02448279814664516829126
0.02449730696799561069366
0.02451358424164561816694
0.02452892111175447587001
0.02453921520943255774050
0.02454816086198006314101
0.02455884906197411052253
0.02455510766374448955451
0.02456852215804557898471
0.02454561442539278035002
0.02453702895264996824976
0.02452481367710316120800
0.02450990674966124077683
0.02452189952567148528706
0.02453361678957101041365
0.02454283062054348624192
0.02455132061012570837688
0.02456398830226180426961
0.02458197533696713024676
0.02457655819743502501051
0.02459683385137076058746
0.02456016818657514103053
0.02454912068914019002142
0.02453989130384337177815
0.02453006403555066383682
0.02453754517426420811432
0.02454602950319251589151
0.02455631407243635822013
0.02457113830785912639287
0.02459125109778516338199
0.02461308288677235833752
0.02460751293017704802168
0.02462680881858517537020
0.02458592665427057274985
0.02456746118798035574682
0.02455283262349328143870
0.02454283901877416657067
0.02454987103412476986963
0.02456293319339909048127
0.02458049441389097491961
0.02460138955594944054628
0.02462225646808347337413
0.02463852354905416222608
0.02463435481730456844129
0.02464596825436464813674
0.02461704863663109754679
0.02459672384784876084107
0.02457573561575481999042
0.02455843170909112471723
0.02457087215433511467877
0.02459116509006877004939
0.02461173475274459551687
0.02462978971328121449713
0.02464324479696475278523
0.02465244932039699354842
0.02464939369573678276670
0.02465782420824734477716
0.02463958167714921584923
0.02462593445783161499874
0.02460705008570288065961
0.02458551525482650934595
0.02460151815540957687123
0.02462131953547612092659
0.02463580470825111820576
0.02464615235713797994355
0.02465543987664288796968
0.02466650607698128369605
0.02466250298511657793044
0.02467751012931066606493
0.02465219201799746448489
0.02464375200252249403787
0.02463286627585759003267
0.02461628112862881273548
0.02462871637293708934613
0.02464070571522976316192
0.02464900876217885478114
0.02465868726921044765121
0.02467357559306473241412
0.02469266898940495127968
0.02468714879782324400637
0.02470847869931124679566
0.02466884166478385334575
0.02465567820129437731635
0.02464710638713863907756
0.02463745816105163133347
0.02463388824693612741412
0.02464104976350331432933
0.02464416060518725623552
0.02465253398517636487797
0.02466424416085915422014
0.02468192927506657891046
0.02470360202836704294205
0.02472377120248457973983
0.02471856002337656163514
0.02473512643259512602811
0.02469768092807424555990
0.02467687543200770133867
0.02466102138796004081267
0.02464968170833684371623
0.02464629304438481147144
0.02465248614125774284656
0.02465727502578096350105
0.02467182878221944528074
0.02469187776424745101034
0.02471360189982553523524
0.02473170480897641035356
0.02474258223236821055413
0.02473935769992313335464
0.02474634800679925347722
0.02472715314189279436907
0.02470820744420982109646
0.02468705855472599908218
0.02466758014951539457194
0.02466039153220504764885
0.02467192673584801126951
0.02468162455640753386032
0.02470254639999022380770
0.02472240814188937652052
0.02473671560559371693233
0.02474443048498119537837
0.02474994461750263177735
0.02474706488152481412279
0.02475588538694017265440
0.02474192798636737009033
0.02473326382955279290066
0.02471817370285477391545
0.02469753726312158559342
0.02468586083749144469146
0.02470155247662468578351
0.02471313311241032928400
0.02472924408726519251989
0.02473934175485916625581
0.02474544976554567815574
0.02475266081038359974875
0.02476759189146393938530
0.02476220409695311860943
0.02478398076105564964977
0.02474943989612033920511
0.02474322108745164242039
0.02473709909090790817765
0.02472606114233830143512
0.02471576360694198448709
0.02472736148982405263164
0.02473432706272751108179
0.02474068869535549566874
0.02474662327235350317567
0.02475830776014118980721
0.02477802466294257155432
0.02480335926045375630200
0.02479666372924789474741
0.02481987884175835060163
0.02477196668112584959642
0.02475415362743181926786
0.02474434246457833316835
0.02473935774386024424865
0.02473462498942606904717
0.02473896058704832048858
0.02474212965330073107917
0.02475010662300450650641
0.02476666048864731295431
0.02479081555109607579168
0.02481475206186652474050
0.02480880647301601446553
0.02482626388655975735453
0.02478424252231713545425
0.02476152940641230745800
0.02474752424462074718026
0.02474186293262917515912
0.02474685444672536371868
0.02475670456326053633922
0.02477766292963019117979
0.02480336849168499058216
0.02482306367849843042883
0.02482894484810879709435
0.02482739042393048919943
0.02482264523844749173898
0.02481882994202032344244
0.02479703139216113752519
0.02477224892898282834763
0.02475610232572479293967
0.02477037690775312633873
0.02479049858194574268433
0.02481378823555919696520
0.02482642136903078985966
0.02482359924599019870839
0.02481412186585694318319
0.02481426018918361092735
0.02481159253773051673320
0.02482423627739857585617
0.02482401792178547117462
0.02480904240201016464074
0.02478832859930614473942
0.02480568766917734188637
0.02482067416875197857218
0.02482404829440044286004
0.02481606526898128342595
0.02480975041961108740196
0.02482477564275279921513
0.02481774908282459446429
0.02485444310486658453518
0.02480888601702361390133
0.02481709757691755169340
0.02482393887273159210904
0.02481875449359626992218
0.02482318817158999865735
0.02481772114663488570940
0.02480859386140719935465
0.02481337361753618853122
0.02484414348792705895530
0.02489182924128257104468
0.02488107505026144333771
0.02490820932374532628573
0.02483446311972985209859
0.02480922079339444377699
0.02480926570052349039441
0.02481958573452043570473
0.02481039854285402301848
0.02480610924665999778016
0.02482571419249299596310
0.02487051702807969999487
0.02490671215712600763958
0.02486042440221980856507
0.02488020843400594317441
0.02490165003978391661255
0.02485912414134804765409
0.02481845251544028893576
0.02480535447566570989020
0.02481232139899960248419
0.02484781365504586461701
0.02489461817574381216622
0.02489430686944332782318
0.02474822538884443104412
0.02479530927100924778128
0.02490148628064572586260
0.02488515826289845744856
0.02483788130270945040956
0.02487439434796499121427
0.02490337561792383899717
0.02483230157062434398374
0.02462903561153635331737
0.02486013256317171071785
0.02490189084915654660346
0.02487942473370155158086
0.02469665777994110508753
0.02435222754459649696646
0.02475471307138640830736
0.02459721891695907866615
0.02446439151776251194614
0.02419945971770092948971
0.02340517220986670574034
0.02329480475182595447525
0.02371163736854662099085
0.02364729501423853616493
0.02386774931351281700542
0.02357058602618386858318
0.02383687815718505201290
0.02392526949264403915429
0.02391571422633993401763
0.02392911581983859364842
0.02379961055592079086085
0.02348519028657230015011
0.02375278414161318893405
0.02390178300231018265753
0.02392950940116662927881
0.02391640896798093510189
0.02391847319395002183229
0.02390825734683040687534
0.02392861788647677317998
0.02388369661697349599638
0.02369522275534989910750
0.02362855447141446602055
0.02385835248004255018661
0.02392513104181794719727
0.02392066098569052903788
0.02390805199278158571508
0.02391585089074866471437
0.02391113082411400539429
0.02390846272171233063975
0.02392339044197773836875
0.02391873737547976080942
0.02382548973450297757903
0.02379767721016248088750
0.02390853076574717475666
0.02392469010501248327660
0.02390946875874682894803
0.02390729750238367035120
0.02392918007612136396811
0.02392182072923238270179
0.02395602421958304556471
0.02390517387505363550160
0.02391205198558241790119
0.02392475277335170610882
0.02389540338059294860562
0.02392371575520287063643
0.02391425750392302262970
0.02390374613708207487961
0.02391518149528471318122
0.02394711474199327436163
0.02398432130473968082462
0.02397580012718132300154
0.02400643163076817548918
0.02393882875095188281223
0.02391051155456947255318
0.02390319981369089935574
0.02391639554148174834358
0.02390424652534848745655
0.02390570130736769521862
0.02393058067103159824995
0.02396710308097723535203
0.02400022652129961062140
0.02402092382641892939765
0.02401668125014038562837
0.02402706602701451879534
0.02399329087256408393758
0.02395896022281076773175
0.02392265999780623930704
0.02390184640164950274910
0.02391586594901715101535
0.02394969612556398577685
0.02398558199679374711155
0.02401174591598381410917
0.02402515398940706370379
0.02403058383642939568881
0.02402857514354353463126
0.02403385425752388795950
0.02402212209699587305844
0.02400692010828456637861
0.02397784551284535062288
0.02394058944342789679860
0.02396938195605792173981
0.02400087246393439038838
0.02401858073867802270684
0.02402631807405968683566
0.02403198976530980870980
0.02404221925272781792970
0.02403830290520772572371
0.02405493798952370795852
0.02402947655950129698943
0.02402459583082797167641
0.02401558175205829870347
0.02399397971045215058328
0.02401098960607818758040
0.02402230859143000135658
0.02402700363804194383377
0.02403490172265468002855
0.02405051907719573875410
0.02407237237650608138728
0.02406620828033680450919
0.02409035654838607640182
0.02404555125692531269976
0.02403185558914349220783
0.02402572771219325942216
0.02401950292628498087599
0.02401661289525080372753
0.02402168699325677586609
0.02402345449328778873022
0.02402893862439383840246
0.02404069985662390246395
0.02406086784616187287944
0.02408500377857736296505
0.02410708361946710051593
0.02410161397654409301539
0.02411979939229614774976
0.02407894213618234566243
0.02405506145837932666098
0.02403707768748386194857
0.02402646984048297310044
0.02402429946795655787972
0.02402863853133275356955
0.02403313040410683110171
0.02404936250072094855446
0.02407253708250090690202
0.02409678700445430296617
0.02411593977749673656241
0.02412875036625879848762
0.02412514383815834301261
0.02413470942198406646306
0.02411143117662820425928
0.02409075132546653619237
0.02406681319740684374398
0.02404471339222982381734
0.02403678106385871010575
0.02404997986081003347181
0.02406076458490528577339
0.02408445846240294188623
0.02410652784818564237090
0.02412253605968649877722
0.02413212657210142900177
0.02414064353487379785412
0.02413730732644069065795
0.02414803652305236303377
0.02412927294553212156925
0.02411871056663005344345
0.02410159536647781680641
0.02407918060386217071200
0.02406637790856152800401
0.02408395878598768025114
0.02409617475543401193816
0.02411421221471680975679
0.02412655910519509797063
0.02413527455752792483246
0.02414449486963127569639
0.02415895714345274447599
0.02415438838894060080698
0.02417298963891212695843
0.02414103960257893768948
0.02413251602925068836636
0.02412351389752021360580
0.02411057974801573619561
0.02409980873627427105932
0.02411232800676806065088
0.02411998827451990526360
0.02412941954855332346574
0.02413841280839473107944
0.02415049499581673614346
0.02416772447704234813570
0.02418878158083973689552
0.02418311731324713012570
0.02420462328745061342250
0.02416237737825646658685
0.02414652515613779568127
0.02413526533944950272503
0.02412714199071558721088
0.02412110382987458362392
0.02412701198798612722829
0.02413207144650505314720
0.02414260549688690415948
0.02415823864821859193186
0.02417793550945786587580
0.02419935589202463002700
0.02421793935437588710102
0.02421339140130336631263
0.02422879526259221621975
0.02419351325447833406246
0.02417249548652971105622
0.02415344749391792195103
0.02413931487539659748176
0.02413250370635647637507
0.02413876971426372544660
0.02414849491573260037436
0.02416712740829964414790
0.02418886247197560984690
0.02420877484381221689258
0.02422497921749460977892
0.02423598874905786432210
0.02423328676390875541236
0.02424257563870346743329
0.02422077256771200740038
0.02420372703461531188607
0.02418321498293569613014
0.02416204796494792264583
0.02414846313735886929042
0.02416040417638987830573
0.02417702213483812964667
0.02419888394499543002314
0.02421714649835240984466
0.02423002943396497521622
0.02423966966250426166574
0.02424842579380939375233
0.02424602264586570715688
0.02423660638561584562689
0.02422641367360215888804
0.02421266326730817791679
0.02419338926464269234895
0.02417547206953333735480
0.02419023955911818110631
0.02420760333315495962947
0.02422339485415292772985
0.02423409897355009029463
0.02424292982174854754751
0.02425377790095614369270
0.02424999406819817668324
0.02426471168260299626773
0.02423952414863392995636
0.02423110589373702813965
0.02421939052523365207281
0.02420480696990770508314
0.02421586244180630800860
0.02422767445034340605403
0.02423747899778787295855
0.02424688126774270438557
0.02426014130191421827587
0.02427777305788646547424
0.02427275394908789962756
0.02429327908347704914616
0.02425561491213032438985
0.02424362965043583284519
0.02423441298592435635961
0.02422499074865504253840
0.02423113853488388994006
0.02424037766313359709702
0.02425237858925624601092
0.02426801974427979236015
0.02428794575415680126462
0.02430792253213920339761
0.02430313715178042399678
0.02432205762885255792560
0.02428244403736860845822
0.02426322394534113913167
0.02424846825203526290426
0.02423765135646651497359
0.02424438868219012596650
0.02425874715035689771492
0.02427758315977120509577
0.02429790805482459278841
0.02431738576816321051322
0.02433243451255074490946
0.02432928792668206594008
0.02434165862157814871902
0.02431233633673674648934
0.02429224949262052263288
0.02427221453840402651259
0.02425446087207197565228
0.02426701521651409773628
0.02428736751975205110377
0.02430778140746731388888
0.02432508568320147432362
0.02433836829389247891076
0.02434843334854394983346
0.02434617992465661767687
0.02435641088244141008734
0.02433459149908119567574
0.02432025436608998072985
0.02430258281959780941595
0.02428197055110600452443
0.02429718671490729842155
0.02431647763151893390510
0.02433127245361824814163
0.02434286020110578915854
0.02435301344659027492079
0.02436522626785556783213
0.02436207269525852980863
0.02437702057771006999842
0.02434989754551594373644
0.02433923089511033990839
0.02432744136753401537065
0.02431166392274897863901
0.02432336704163460747163
0.02433655884473430452974
0.02434675674117220758874
0.02435828055238402692351
0.02437223005028775479897
0.02439031990914202266407
0.02438586655451877027723
0.02440503398626420877848
0.02436846876252343752078
0.02435438767343273136490
0.02434338905848122680542
0.02433302909891928156316
0.02432911929991931829220
0.02433669064103056306481
0.02434041207266349551852
0.02435132863603397743169
0.02436419432149897201789
0.02438107224404037487453
0.02439958567413882950525
0.02441869066105310792647
0.02441436210709753071302
0.02443105463045993491766
0.02439541324831347862689
0.02437587481717877133103
0.02435965337632329391626
0.02434795613573870892710
0.02434390261264630928029
0.02435102759691219753702
0.02435646055778068266862
0.02437154496773524109399
0.02439005697606758463203
0.02440956662184241496294
0.02442644936639476460627
0.02444044337115946000094
0.02443722336233232483860
0.02444862717163011692212
0.02442296576807172908685
0.02440432184134960422184
0.02438445374080000505046
0.02436717653595814672696
0.02436031453952481468095
0.02437128862059672121387
0.02438030953820784565989
0.02439939875449833456278
0.02441821493954940761051
0.02443342767562580938878
0.02444500194415003338499
0.02445546096871460337030
0.02445247142620688915460
0.02446372112153123723477
0.02444254045155057689098
0.02442965886594823665678
0.02441303907437654407975
0.02439435587216925646614
0.02438454934841591953409
0.02439827890193262474594
0.02440901257872778520874
0.02442554865911258574207
0.02443909417240226755741
0.02444912610439093497705
0.02445982011282218926418
0.02447372231658701338675
0.02446951998599763283826
0.02448628736289464036258
0.02445697352686312595060
0.02444657499535389175160
0.02443512265797317256633
0.02442121950306634994843
0.02441160562412878279326
0.02442337098973186224060
0.02443211433807507965144
0.02444319214130212872260
0.02445373905519213769688
0.02446528000931547444652
0.02448111181826213497703
0.02450065053778586673938
0.02449535786881760698885
0.02451490169133597671336
0.02447703375601312583698
0.02446221854052744656971
0.02445001185669102780618
0.02443968362164232813183
0.02443269974309297473680
0.02444052262507189279828
0.02444735866386640518733
0.02445820924439987692489
0.02447257762651795093278
0.02449000880579553507399
0.02450965740205801254858
0.02452833258115664702426
0.02452372867357976993219
0.02453841268800214386880
0.02450505229759248129739
0.02448583489877128802070
0.02446790386376439946359
0.02445424840764381588243
0.02444699863490090718798
0.02445460661805000726621
0.02446415452939636886454
0.02448065837647879494643
0.02449977192051525781702
0.02451865529173735333557
0.02453482384555440848350
0.02453100071778184509963
0.02454356023453796095679
0.02451457803740409932547
0.02449456780687915904982
0.02447550240317825087644
0.02446309282568428014604
0.02447472743263054417717
0.02448969592063047345798
0.02450939269507955431404
0.02452659795895141547906
0.02454000304906006277306
0.02454984864194375074331
0.02454697502324493935122
0.02455572625293495417353
0.02453708947663038250631
0.02452258111911883448064
0.02450402945465505674671
0.02448717210529342130920
0.02450168212110905713308
0.02451798902880842831453
0.02453338728950950342611
0.02454384698365114775287
0.02455261988039464035594
0.02456306978413054856181
0.02455956412069535549358
0.02457273640930750929767
0.02455024533394854768797
0.02454149676800907245444
0.02452922568182924409341
0.02451428212028015224400
0.02452627444386489344308
0.02453803557952340813619
0.02454729973091473310687
0.02455595035830140243638
0.02456844240794582578946
0.02458618362391825837299
0.02458101057335403821780
0.02460103632121266384325
0.02456479737179458056051
0.02455359128898070356084
0.02454431645039902021299
0.02453443581640143977829
0.02454192203735169539036
0.02455046077474163160326
0.02456078616839973277619
0.02457576719960682248844
0.02459570221791590113880
0.02461727981010189761357
0.02461196300924403321253
0.02463099977456162034684
0.02459055569213342701262
0.02457193530735964082101
0.02455727010484731048789
0.02454722046452128755845
0.02455425746327696487348
0.02456737744936023093434
0.02458497098345896123006
0.02460601867890835001140
0.02462670501543276838086
0.02464270811693402424281
0.02463880125890989189474
0.02465014555844276256114
0.02462167780371507172510
0.02460120354622506375075
0.02458018719887874667385
0.02456282304393220261574
0.02457526908033114132479
0.02459562410110011088094
0.02461621725631642568222
0.02463441831208653537422
0.02464768861690553106158
0.02465661923066879770983
0.02465383442581644407587
0.02466198661260611893487
0.02464420896195321925015
0.02463041951956886771447
0.02461151654372429123385
0.02458991794848702089338
0.02460592708129451591792
0.02462579318408713788258
0.02464029154051852396612
0.02465077740766970573749
0.02465987723423183203275
0.02467066148966468031034
0.02466693703735892487239
0.02468165881796820573801
0.02465681465699984947770
0.02464824028729211899402
0.02463734656791815441634
0.02462069575858644165933
0.02463313618453679548770
0.02464519172863997159562
0.02465349804001736033765
0.02466330759936773489582
0.02467800710376874540053
0.02469681161037690780846
0.02469157822658550952011
0.02471261542966969940172
0.02467346011182351001034
0.02466016864390753460246
0.02465159776641882502513
0.02464188223088836088293
0.02463822190723997593298
0.02464537800540539738692
0.02464858882014939883698
0.02465703047007061776696
0.02466873593656444124678
0.02468654617993387354047
0.02470802970373914969615
0.02472790198452424342834
0.02472298551072969405307
0.02473925050716891532732
0.02470229670718186720801
0.02468136935753664426563
0.02466552347787456453410
0.02465411359104193941838
0.02465061563013212081463
0.02465680318146554195202
0.02466171090398277046529
0.02467633678690562409885
0.02469637441741069291967
0.02471821645825592397849
0.02473612772612636401259
0.02474669886571775889728
0.02474377708102454970218
0.02475045663442112034436
0.02473176595604642188930
0.02471270686387794582317
0.02469157316333719931478
0.02467202020466171055735
0.02466470345286149792874
0.02467623460175997346377
0.02468606965672331607364
0.02470706739449579289469
0.02472690985603269442361
0.02474132580478184337269
0.02474884580384051693813
0.02475404529302892633891
0.02475147549947993505515
0.02475997845832202462479
0.02474653446088219410637
0.02473776723419513628999
0.02472270111954389532061
0.02470198761468453754753
0.02469016547011880502449
0.02470585436886401156653
0.02471758869712177911215
0.02473377707109976342270
0.02474384608548476499612
0.02475005213695746428271
0.02475706710919022349171
0.02477167819747954150000
0.02476660679515193391742
0.02478806107892462737285
0.02475403827133296902341
0.02474772590523291806996
0.02474163676678683976284
0.02473052111973191372063
0.02472006292476919969703
0.02473165827242040579192
0.02473879070984919686937
0.02474523008536941987012
0.02475112843244754029515
0.02476290286197970619275
0.02478242485417570667439
0.02480743416334216938646
0.02480106174792163012399
0.02482394786411476483856
0.02477655909022890776128
0.02475865967924056193494
0.02474888751119675919798
0.02474382446656769873883
0.02473891915254411780212
0.02474325198945140358298
0.02474659908656056533927
0.02475465571186323196495
0.02477116852145253012019
0.02479540613744591476264
0.02481914761243741648911
0.02481339509735764475851
0.02483065576612819222446
0.02478875352297182921291
0.02476608340924935786065
0.02475199649454989589414
0.02474615169516242857428
0.02475114159304775060533
0.02476118040566148773007
0.02478222241707070394590
0.02480788257613739111740
0.02482764951832466468473
0.02483333152140259486584
0.02483197138629212458172
0.02482702500534604561633
0.02482334626754838236007
0.02480159685833253219167
0.02477672955347854852337
0.02476038920364039691568
0.02477466492646271042921
0.02479498453198109714224
0.02481835922208897732277
0.02483093866940639868335
0.02482817371643105883172
0.02481849410600449681863
0.02481882711473814770442
0.02481595825449327621937
0.02482875278547335903823
0.02482859310367225777472
0.02481353350557659667719
0.02479261872322685578141
0.02480998032377451992248
0.02482516916112461474730
0.02482862549678222993665
0.02482057979397504429708
0.02481431065115258932652
0.02482913760830148322545
0.02482230473999032238641
0.02485880407199102248850
0.02481339864260156263809
0.02482167529968667615825
0.02482843627907211150885
0.02482304950415115119000
0.02482748440708079304406
0.02482221943812347800251
0.02481317178913263268858
0.02481788648467265004371
0.02484869772200548262986
0.02489619041845473473851
0.02488562971112612959290
0.02491256685512202237454
0.02483897926946616180333
0.02481380052632461280515
0.02481376436273811589284
0.02482388295260583299662
0.02481470088200661561206
0.02481060919777317366752
0.02483029837811413093052
0.02487503924348766215502
0.02491126525782473219439
0.02486476706949036080685
0.02488475017964408494975
0.02490617729264186716587
0.02486371573627767922465
0.02482295648397653958783
0.02480966267913668060752
0.02481663768930234686971
0.02485232483397166111661
0.02489921738539160878112
0.02489883203204652090124
0.02475273643851802138349
0.02479981577077123786057
0.02490608783187028829609
0.02488967807591631331565
0.02484220864585772250988
0.02487873458686352609592
0.02490790050327203533631
0.02483689123506872126201
0.02463358830308038510681
0.02486465118432687124161
0.02490624237278287259056
0.02488377892932540705329
0.02470114834508463710905
0.02435665722563465709904
0.02475905184841013795261
0.02460148958686476580726
0.02446868557972149693658
0.02420366240877525401687
