0.21051541505606327642219
0.21048711316963067408103
0.21085759645346385804388
0.21083505135555363763089
0.21095819814546470927219
0.21080604759448948182232
0.21094491470727649851113
0.21097562758853422026917
0.21096726792122494353876
0.21098161696347603188961
0.21092971493349058076383
0.21077143204785556140912
0.21091172646014585967400
0.21095877312654229274180
0.21097483628922236720271
0.21099771691944088636284
0.21098967710978305811764
0.21101961749925066125222
0.21096827630361120187175
0.21095091810814539656782
0.21089088179993462079942
0.21086706767678822793677
0.21094159074225798944369
0.21096332665448147558607
0.21098318188504325276789
0.21101101453619455772248
0.21104043824269899665147
0.21103157752378862155318
0.21100346787095436429382
0.21097689438485969781745
0.21095749253242965237654
0.21093201601613123519208
0.21092569708701341957280
0.21095260464822149226727
0.21097063364606197244377
0.21099580734834558204405
0.21102299109133976218189
0.21104992507448727678820
0.21104121041733756025671
0.21106721691252841588415
0.21101512548134132574162
0.21098846824888181639146
0.21096573141110075422233
0.21094884447919803882598
0.21096174041428739087678
0.21098190287758958327835
0.21100756048390226227163
0.21103353892572943029116
0.21105891264772649873471
0.21108727438801086484510
0.21107898295486640649621
0.21110845471902286996091
0.21105152709231095320419
0.21102588844106423549007
0.21100053662216161631804
0.21097680729265944066242
0.21099528306558945622839
0.21101938101845263417999
0.21104387586239120588871
0.21107091490612517326042
0.21110033246167697607021
0.21112979085367700182729
0.21112113776221089200824
0.21114783023202254863548
0.21109230067671941322160
0.21106373704421399484232
0.21103776095319051742116
0.21101382596660966939339
0.21103287698912928660455
0.21105699052776122348618
0.21108475873123719313007
0.21111362042439790753789
0.21114016201582658238678
0.21116348245959840057573
0.21115604349207264811561
0.21117881818780481761877
0.21113281086950025366988
0.21110589908760865607285
0.21107781477590031871117
0.21105166570415820337381
0.21107228847995238019131
0.21109850865141749354237
0.21112508678574995468757
0.21114870098400892461932
0.21117145718031557488636
0.21119551559566884790797
0.21118734408573713867696
0.21121494034216184432218
0.21116397884804927187474
0.21114156833118777334413
0.21111828224620560190417
0.21109245798897793844340
0.21111197352550101213886
0.21113501031987091938191
0.21115717635154834797007
0.21117996472586897382939
0.21120652645434861982565
0.21123542895754229831162
0.21122684186529114280795
0.21125556157885708175037
0.21119901961014225788560
0.21117306873890348550837
0.21115061129226617153698
0.21112964525866717568903
0.21112317360683005573740
0.21113930104227049411314
0.21114575407959601527352
0.21116673304943037181580
0.21119122152765160138621
0.21121902164745365304555
0.21124777257296942223341
0.21127403466114727526026
0.21126556686876382662454
0.21129015850260438047492
0.21123918958684781421731
0.21121135142331748379974
0.21118465691467686040639
0.21116205889080932878166
0.21115490027779817983067
0.21117105765211297008221
0.21117940568348217422745
0.21120446003222692610279
0.21123135651733643269878
0.21125768974116723719625
0.21128196480150090996730
0.21130535410087250558497
0.21129721485390626223300
0.21132135128477699814731
0.21127417000683121339755
0.21125033612474522493052
0.21122392358973904324948
0.21119851720669952088727
0.21118811006245832850858
0.21120678937709225220232
0.21121798588536647156566
0.21124250082435833131278
0.21126647095092732087096
0.21129020474075235758171
0.21131365759674183846251
0.21133927792871695650057
0.21133167674644895428493
0.21135815620864603636697
0.21130571757084545825300
0.21128249040472835140747
0.21125949764903437233521
0.21123683280290353470043
0.21122528971011833576199
0.21124230569047880434752
0.21125383269310621381365
0.21127565240621393183318
0.21129856748303793567700
0.21132364159317926222137
0.21134992108785280451322
0.21137720447299773729455
0.21136896437270066839709
0.21139462595377883635805
0.21134243317953979590662
0.21131656874002793800038
0.21129208843107241677650
0.21127017989730975666696
0.21125849756877235208208
0.21127424640660119603552
0.21128678715156043455003
0.21130981136052773283751
0.21133534291666056237347
0.21136150443008486221608
0.21138687986646531591362
0.21141198356236493016702
0.21140406617541043776676
0.21142884353167415434349
0.21137929450081940907502
0.21135414266658636428531
0.21132860713209752900887
0.21130462383973799833647
0.21129059627410140542736
0.21130758969627150278825
0.21132355735801613971780
0.21134730440797827588639
0.21137177191028910794302
0.21139606903235830248633
0.21142094547963527495504
0.21144642410203701166083
0.21143780494336283926060
0.21146469481622998110026
0.21141248064327264333251
0.21138861762442257008487
0.21136527450637157543589
0.21134160933215537236940
0.21132568603865659051522
0.21134275175022265713665
0.21135935355430524040798
0.21138119907148680831632
0.21140539984107004078950
0.21143007700763044587333
0.21145619875759347205957
0.21148262323371838644626
0.21147512104325855153419
0.21150123427176872881184
0.21144856035266509919346
0.21142205737365202256051
0.21139788848637228180216
0.21137558230480010812435
0.21135916300915380539038
0.21137460160190393865243
0.21139164395738049839757
0.21141465761745689699858
0.21144069947124205510747
0.21146708180148321432057
0.21149361298784460916345
0.21151848696605077271293
0.21151062199628739568524
0.21148566108786584494261
0.21145950875783361966320
0.21143322306015308043037
0.21140880094161645930129
0.21139025594454449730186
0.21140624698664980951612
0.21142682582645203059890
0.21145239778356608728593
0.21147865587107303464443
0.21150306662309203975525
0.21152728587446606445255
0.21151974945339935274546
0.21154332587294250034304
0.21149611669396639612728
0.21147131165205138025875
0.21144653641990998615974
0.21142389715253584459020
0.21144296524759265132332
0.21146566821712839412406
0.21148911589666216648276
0.21151234729147688762296
0.21153565562937701183266
0.21156020820662990722383
0.21155151836869090509197
0.21157720396285953357030
0.21152810869378999014678
0.21150537423549622961794
0.21148369608011899356548
0.21146139165673968896009
0.21147904523542079835430
0.21149958657557821339879
0.21152071070127950735973
0.21154389039272264438907
0.21156901859110341379555
0.21159455312551370131935
0.21158643186380149403547
0.21161290859051992696571
0.21156115538485678606584
0.21153629172964186211381
0.21151496137933112340335
0.21149517255098831958193
0.21151062249811466986493
0.21153029720077470843265
0.21155310922443204546539
0.21157879056896977676416
0.21160526307065649631589
0.21163089072821250624656
0.21162322651760062663939
0.21164961723547928706957
0.21159732403364475694652
0.21157107565257940451353
0.21154730386314024581651
0.21152587808736811325616
0.21154227446645706978146
0.21156526396858413296975
0.21159013577892329949215
0.21161590080304726324556
0.21164150887993474214888
0.21166742986770006873520
0.21165981866879574058160
0.21168561735235572052183
0.21163445252915819017048
0.21160867634520694191558
0.21158407073839036183216
0.21156051181536797423099
0.21157936333517166072049
0.21160308022393869986644
0.21162702043904149662445
0.21165252509164361738314
0.21167814285904276716543
0.21170373466847228205445
0.21169604066826355759368
0.21172112373892398862196
0.21167034607283199965089
0.21164500972699179515146
0.21162130124719186197169
0.21159861711078081780713
0.21161654877841362676349
0.21163952067483704500006
0.21166248612773094772699
0.21168803352664136707695
0.21171312954235155245897
0.21173821889220423297928
0.21173004868648820364641
0.21175444946381188904283
0.21170537842364897662684
0.21168067699475087706240
0.21165654258291807798820
0.21163412155283836679764
0.21162722296869182492252
0.21164333883233960031944
0.21165151156879027927182
0.21167417732954832421122
0.21169753566724164306478
0.21172297289094071937043
0.21174684290598577707243
0.21177160991614540908046
0.21176443763781710449834
0.21178945229137166594846
0.21173935420695386144807
0.21171481265964672835445
0.21169160873085993146425
0.21166891811301816184177
0.21166036036929819497132
0.21167728756014525526297
0.21168669175199694709733
0.21170880436353417541895
0.21173162145861296190574
0.21175642932004370977417
0.21178148453934297901213
0.21180760220420496997562
0.21179949814383738915247
0.21182548065201819986747
0.21177356870673519351200
0.21174861512884454728400
0.21172608629964026483172
0.21170385627190468902370
0.21169413099642694908731
0.21171045548166489425057
0.21172098774719219638207
0.21174273922410036252728
0.21176612062603084041257
0.21179159279237566582133
0.21181745847081265288203
0.21184295803865232921126
0.21183530411986470354258
0.21186018882516416406148
0.21181016368158139817623
0.21178357755693860697832
0.21175993677407675686020
0.21173760457912185750651
0.21172693977895867822880
0.21174288108790981222107
0.21175485648801908866723
0.21177731020856566113153
0.21180157299464405507017
0.21182747053430986405864
0.21185315103286275761896
0.21187738634035865881167
0.21186967084302132935392
0.21189511095738536305966
0.21184496176042658110994
0.21181954007135533890605
0.21179555963259130701992
0.21177189006440244600782
0.21175878044095436392169
0.21177563810919777798070
0.21179009226074513305704
0.21181348553099432763247
0.21183736126870716942605
0.21186225931253080401184
0.21188729806492839768950
0.21191251603044333751136
0.21190489051283081800570
0.21193068459340141940217
0.21187983904965931869491
0.21185473999870987893424
0.21183154041410659496059
0.21180818629113040696410
0.21179286558320814526368
0.21181011500075902498352
0.21182655452668361362178
0.21184902068403840824651
0.21187199722290722680995
0.21189746907727166624902
0.21192304192558092390541
0.21194802779585247831662
0.21194042954034919556960
0.21196458733434264676276
0.21191495163066850770939
0.21188938325603423606935
0.21186647526540036690079
0.21184421787252716296024
0.21182734881407228044736
0.21184444895023549215729
0.21186117734348208774264
0.21188378255935336191840
0.21190692343178887946387
0.21193220943618432117184
0.21195674455116111922770
0.21194912798854168012319
0.21197313767334671763543
0.21192434888039926588199
0.21190063658329730267305
0.21187829350699804997760
0.21186031850596642733819
0.21187602564505073066137
0.21189490586162890162214
0.21191790807434798815656
0.21194076844528447756133
0.21196576176572393124253
0.21198980120604751786750
0.21198199698369990517932
0.21200761009912966192914
0.21195744894703180682960
0.21193452310164098695289
0.21191205545904348572783
0.21189208135875040039942
0.21190846187761586127962
0.21192886638067295890231
0.21195150860079872701114
0.21197386393321360209541
0.21199958469918345205230
0.21202621882379826812048
0.21201806708909989862555
0.21204516406406753725733
0.21199187522164447683437
0.21196846071511929454623
0.21194549465154580158988
0.21192448726298415695446
0.21194074014088548629786
0.21196282533229232614147
0.21198567699426887345204
0.21201016532709698880765
0.21203762518898056077532
0.21206392236729953992835
0.21205592667406272799902
0.21208119629083066470798
0.21202886503709283960717
0.21200425245567100507316
0.21198037978978973017163
0.21195753253398619264658
0.21197517466055595947161
0.21199872399670335876287
0.21202266482666293212489
0.21204720218668046682886
0.21207281309682482484114
0.21209711361680008701036
0.21208880371901719930072
0.21211225059487739952324
0.21206433339561156503628
0.21204131629210609677472
0.21201695428921246699971
0.21199294021542899879584
0.21201114982774652006903
0.21203483040490386790644
0.21205814824573829269205
0.21208071265279312966889
0.21210426137421456438403
0.21212884965393094538477
0.21212132034193945107070
0.21214643675865713090545
0.21209631055281780165345
0.21207437109079735337858
0.21205194049059361560694
0.21202893902929342839769
0.21204633880514289767660
0.21206838644832723406175
0.21209007625396872342982
0.21211263620455031442269
0.21213890491029924190158
0.21216591698201592297579
0.21215760594227844881843
0.21218430736371565736853
0.21213059911382087241449
0.21210701883221405594782
0.21208457581885475917716
0.21206279229928215457335
0.21207906608224394440221
0.21210142291236833145263
0.21212494035041654094620
0.21214947938135766958290
0.21217656730248851681964
0.21220226305868650218400
0.21219414772670527891130
0.21221890702446299936668
0.21216869939934546174243
0.21214385564154208951848
0.21211912649874484215751
0.21209553667509800645163
0.21211370385216202216760
0.21213757913772532393004
0.21216227487271907548028
0.21218581322968171898324
0.21221117189510443901135
0.21223521327777297718065
0.21222682582062826761593
0.21225256469502451484033
0.21220228433416524205235
0.21217958409394907515200
0.21215642235037779350648
0.21213193216173001354186
0.21212449262071605970981
0.21214270312662195094866
0.21215044870105312369013
0.21217356759132174892635
0.21219616626157553063159
0.21221808200977682057342
0.21224373724764458715164
0.21227023504751846294525
0.21226186478114336675382
0.21228874240133571715816
0.21223514727433143156610
0.21221188046603542409763
0.21218976006586279248189
0.21216746063353342233171
0.21215911319748168017973
0.21217525991880020752589
0.21218355310024170079508
0.21220510896740604755983
0.21222837127257895839527
0.21225324823055669032357
0.21228087772906195640488
0.21230662219686155522957
0.21229898036544306294537
0.21232306154878333170899
0.21227225202032445894318
0.21224658002435248249640
0.21222194908076241759431
0.21219966710860002634398
0.21219064435811535451748
0.21220579213867113432812
0.21221601236058093564729
0.21224055699425595222785
0.21226579544652768305468
0.21229054387356419142385
0.21231546439932322267730
0.21233875852935552019929
0.21233058759188644382121
0.21235390876349019562142
0.21230752170494054942296
0.21228508703800619272783
0.21225966076037752761074
0.21223412692084550612570
0.21222221483488973303722
0.21224031796406664374111
0.21225349610609017814156
0.21227851012481219195038
0.21230150189714511177463
0.21232287802852820024491
0.21234585627143651165305
0.21237090637961139605316
0.21236236902991845187927
0.21238900116273110030285
0.21233720958743626527898
0.21231666139122049030696
0.21229551363188531309945
0.21227270740317649710960
0.21225942971817329807394
0.21227698238423128862529
0.21229050743279762047955
0.21231070289994077859852
0.21233062244493400294587
0.21235337168267737206762
0.21238063919773103593869
0.21240822788955510125319
0.21239986883724198962753
0.21242611221435470092445
0.21237140983619892664613
0.21234691457074075793265
0.21232524115268078257479
0.21230529626422434130717
0.21229299138703339178136
0.21230672012068577125810
0.21231932626608085445952
0.21234027599251470430630
0.21236508378471358193806
0.21239140213452339933653
0.21241814826049276732078
0.21241035352450859940987
0.21243458876509957455880
0.21238442319938163893589
0.21235804385378753700309
0.21233413261007616501530
0.21232008542120275884635
0.21233442819470949025629
0.21235198241327749024698
0.21237741530491799357705
0.21240371386875761539059
0.21242659712321734777341
0.21244904014051102514316
0.21244098745594555688321
0.21246231802895784723795
0.21242033488041708877425
0.21239724994913258826479
0.21237148082793705361482
0.21235175109229315060233
0.21237045169706819658373
0.21239080757994222015128
0.21241447790960368835478
0.21243475139491999059693
0.21245377226895836852982
0.21247647265976185582126
0.21246780734488351916056
0.21249058829621533805998
0.21244773147701517812536
0.21242843755496884639022
0.21240801729785757645530
0.21238906482038677481228
0.21240566605644009556819
0.21242265915027638834012
0.21244118090877109339409
0.21246107363061469963661
0.21248263391607719041687
0.21250585932947313461128
0.21249777276287715177538
0.21252131695603279637474
0.21247617174244429194552
0.21245482453391317800850
0.21243579389800876233707
0.21241956259697697406708
0.21243191600534744312156
0.21244938542308980378159
0.21247017705868476156184
0.21249175949292528620127
0.21251327873133243895332
0.21253945576168981057563
0.21253005189601265056965
0.21256103549648555639529
0.21250687690343192381981
0.21248584359877448202170
0.21246445131946409268231
0.21244497161087841363702
0.21246078242498786514680
0.21248002574689150989684
0.21250028145599103579499
0.21252259446309124113483
0.21255078373711161487947
0.21257704072262628702816
0.21257041672048926361782
0.21254198158407522356583
0.21251476214637549100317
0.21249484050131983714493
0.21247658019948242880126
0.21249041403416457640674
0.21250825030554559846863
0.21253358836440114365551
0.21256366524570508014236
0.21256339784837491313496
0.21256734741113991749017
0.21255662870577443634978
0.21252524006672465772816
0.21250268886852938243770
0.21251813823771756317704
0.21254949508999693152944
0.21256869189476212955725
0.21251538398092167936326
0.21256800006718154505414
0.21254357751642849461149
0.21256725745814217254370
0.21253011703718391323115
0.21231857623549912905681
0.21254097322938794722980
0.21243744527735064497875
0.21234659840215192039281
0.21203704428882530486078
0.21055032925815794775382
0.21052459280162508226120
0.21089250190658012651390
0.21087253515546763860122
0.21099305418242969567544
0.21084440030234249952024
0.21098235983751123523433
0.21101042089390026346152
0.21100465717431118872760
0.21101634606668667748508
0.21096804310065511711691
0.21081039256291286831946
0.21095070421039496810778
0.21099705938044172048862
0.21101216490245938706138
0.21103238268107954445085
0.21102694517740824831087
0.21105421984269687185609
0.21100651791539282164933
0.21098989473313861653381
0.21093053527536023694644
0.21090584861480252132360
0.21098124620426195185985
0.21100229574991974379472
0.21102138044114074344471
0.21104822283523977377584
0.21107497697550198223482
0.21106872510670623976914
0.21104162382508795392511
0.21101585377146275801508
0.21099714137519093304363
0.21097084628333240274856
0.21096296885977006141388
0.21099147747328736435257
0.21101027513901612908676
0.21103475735039431415707
0.21106110369832348228059
0.21108700966610452476324
0.21107927949495416952708
0.21110423667443486972495
0.21105406559559383716795
0.21102810410346703462459
0.21100464494157586403666
0.21098609920265706807463
0.21099898928421229049590
0.21102085721240873561477
0.21104718897690608048201
0.21107246779695687521894
0.21109693932820763895286
0.21112422950876652549823
0.21111696795858495012688
0.21114534494874917514018
0.21109044301910279139989
0.21106550733545167974903
0.21103953178399936785326
0.21101410310185653163018
0.21103262767984926062681
0.21105841881003775672987
0.21108348492145093122652
0.21110981618716651020407
0.21113827460854611706154
0.21116661474555184496715
0.21115903681717310136357
0.21118458544639176488467
0.21113118720378626358425
0.21110333712046272514051
0.21107684075280694346866
0.21105121572107213290259
0.21107031042025339862001
0.21109611109258064054472
0.21112434890504225282193
0.21115249193301294239333
0.21117801906738944972552
0.21120016794307600038749
0.21119385812131108437484
0.21121543385096075429175
0.21117166507667062269604
0.21114547757919685522232
0.21111697593577727349867
0.21108914137694320678484
0.21110980837909187890489
0.21113771071048825778149
0.21116465208201939951493
0.21118753485499033861750
0.21120922816051224124578
0.21123206095612442889653
0.21122507124376113663011
0.21125141413927223110747
0.21120279217222767687012
0.21118112114669240764186
0.21115752457660991181498
0.21113001858220831197244
0.21114957404095488491258
0.21117429211818328216310
0.21119671587590688188740
0.21121875651683680308324
0.21124421069418944374441
0.21127183039436689404589
0.21126448427370653204704
0.21129189075564991373568
0.21123778937826975798941
0.21121259366173389393495
0.21118993034521951757121
0.21116728333533113515230
0.21116011784470722911777
0.21117620706176262745934
0.21118343019468968635444
0.21120608894808748368099
0.21123073149083496091727
0.21125776728016645855668
0.21128537273521535988507
0.21131029096249259735529
0.21130312337537332512127
0.21132634017200899179123
0.21127790946708333019721
0.21125084698914162184558
0.21122405059571561225518
0.21119977126769379216498
0.21119176905314071546194
0.21120788879467294885117
0.21121715434682880596640
0.21124389117551323202804
0.21127083751288411317404
0.21129638266872194374280
0.21131947726457336877992
0.21134145975960985652797
0.21133468430287069561579
0.21135738099293940872592
0.21131283545162388159966
0.21128980236329966690967
0.21126338963088278632974
0.21123629818028494264937
0.21122490493363635377655
0.21124355173107023375678
0.21125580084596032315325
0.21128200174079764250834
0.21130592012984852900992
0.21132884015312450309843
0.21135108394365687001226
0.21137523210325875888671
0.21136905929301672002474
0.21139403434197656661553
0.21134432085820051283598
0.21132192143693465102849
0.21129903287262657984868
0.21127468062451515429245
0.21126202177710334817462
0.21127900929970008792047
0.21129171276607175422591
0.21131522168782856940794
0.21133798204145540222676
0.21136221286340423075600
0.21138725919808754039053
0.21141300520640757265589
0.21140625881130870045155
0.21143034859812259718126
0.21138097197704916463401
0.21135596686718519099379
0.21133168998377535596767
0.21130808802401132573401
0.21129517479520570910623
0.21131090257611032101615
0.21132472550749040185458
0.21134944386827148044006
0.21137472260305781301959
0.21140000906675338043783
0.21142413097883722139514
0.21144762850991732916484
0.21144127279768637484025
0.21146441055287407140284
0.21141776262268655028898
0.21139350366613018916695
0.21136826995007218510381
0.21134259096207033690185
0.21132723675659939588378
0.21134421815527032473270
0.21136155437063161577349
0.21138699815445075036457
0.21141111573757681574293
0.21143449928771754220413
0.21145810633422759683420
0.21148191211009281786914
0.21147492048134100550705
0.21150010319145393089535
0.21145087224936051639723
0.21142794356738187078193
0.21140499698403103501221
0.21137963263911155320507
0.21136230676144321383170
0.21137936995598446965339
0.21139740368412870963333
0.21142094808732958544084
0.21144470697539741177451
0.21146842970914181414344
0.21149326988939989857563
0.21151795219446115070561
0.21151214698327108765241
0.21153648431907456917145
0.21148687167656587959641
0.21146134506156613608319
0.21143766315829451429842
0.21141365800449810063988
0.21139578478306850217727
0.21141123128275698950240
0.21142974642859349576618
0.21145445800815268477812
0.21147996816213809889717
0.21150535006992740583165
0.21153059266281865058446
0.21155365705287149102887
0.21154755469790686994713
0.21152388617199918696699
0.21149875917498525690341
0.21147304891069948484805
0.21144692748120713643445
0.21142689819308244092433
0.21144290741098512032003
0.21146497673665515248942
0.21149224723866963393526
0.21151788772883953204662
0.21154124781122052301185
0.21156417192594975662523
0.21155788474987782810111
0.21158016503377902184369
0.21153532834650695670931
0.21151118275398270163201
0.21148471079338793110480
0.21146058210931403809063
0.21147968071281475488377
0.21150386750232691435158
0.21152900825524556527313
0.21155153801564829940673
0.21157374330602798928602
0.21159699940507231685771
0.21158955748470664737226
0.21161394592279739179652
0.21156727939817773775921
0.21154528782379150575466
0.21152191894730870691532
0.21149814067342800893989
0.21151583822929254097289
0.21153783160555950093595
0.21156064259453596920757
0.21158304090750004733401
0.21160700925843903275059
0.21163124624114645899731
0.21162437344931658844693
0.21164955325916529060848
0.21160028544861156363233
0.21157624010389053381687
0.21155322704497120378520
0.21153201604269331048691
0.21154751688866102465880
0.21156858586962681845201
0.21159307375389130312371
0.21161789862723165422942
0.21164315332919261813949
0.21166748565082732502773
0.21166106420026387091582
0.21168616110369511962297
0.21163641157948376303466
0.21161105620878825628317
0.21158561404316045262419
0.21156282275654800240083
0.21157926857101896911395
0.21160359385419824640451
0.21163013119919799054358
0.21165496813241954643381
0.21167929417963901594923
0.21170392236597063151393
0.21169755111890367627048
0.21172205868215093760298
0.21167349846474026175969
0.21164868472416165090522
0.21162241901329750803917
0.21159755587156250933312
0.21161645908744927679912
0.21164144800833037396437
0.21166704012099091247734
0.21169154839808454471317
0.21171582050772752570111
0.21174012406624045934400
0.21173366226769216313919
0.21175745963663075710492
0.21170934731274312912142
0.21168504059611364942484
0.21165968654514996649674
0.21163576382566953726361
0.21165374539629738803725
0.21167792364942780714010
0.21170252795983321436601
0.21172701245025321581394
0.21175069471012397670506
0.21177450029886490945330
0.21176755753673628945855
0.21179067627912376292620
0.21174433474631129681320
0.21172072725620344479935
0.21169496073172228145509
0.21167136744447018203985
0.21166449818714413999565
0.21168067587492983561148
0.21168880777440499119102
0.21171261057697304819314
0.21173759230184593937985
0.21176190570506772670178
0.21178429426493591836156
0.21180778201151628792331
0.21180182978647241198722
0.21182556836507440700679
0.21177826265761579005442
0.21175487552804783675242
0.21173005663589519742551
0.21170626490796071172973
0.21169775841038107611070
0.21171474463487216510771
0.21172408830756203612644
0.21174726783652628170351
0.21177169004010243380520
0.21179531334423712385373
0.21181881711233582765708
0.21184366098032067493584
0.21183677149149762741764
0.21186148185103748087244
0.21181242916467754588972
0.21178868762895711186367
0.21176456172072080641477
0.21174130135685365061704
0.21173164373247990721616
0.21174802308807966211290
0.21175848215067399893385
0.21178122675607355396288
0.21180619519429497166207
0.21183042895321671506004
0.21185467193764237481268
0.21187890162908806779285
0.21187245587539088598206
0.21189607371929719548120
0.21184897416529890890047
0.21182365254954291233780
0.21179843608991671954911
0.21177514914240094801023
0.21176455901580798490969
0.21178054714041216755049
0.21179245094843557328801
0.21181582211485761035874
0.21184164897580534669963
0.21186625551453541760338
0.21189024020243094059701
0.21191321091765882855817
0.21190669735126160810879
0.21193087459728071619836
0.21188372165180938133666
0.21185961603274494624571
0.21183408140246459683276
0.21180953270281605016478
0.21179648863517838708326
0.21181338466210142268409
0.21182778411875299862110
0.21185201662166958103128
0.21187743464322064679273
0.21190099331005637917080
0.21192426247194001698304
0.21194821881937528362805
0.21194179125323736601061
0.21196632606326298864374
0.21191854548877558928055
0.21189480902766213987753
0.21187008030532145097524
0.21184592852706354837444
0.21183064674457613429936
0.21184792388000051044372
0.21186434683543428625363
0.21188757016341572270157
0.21191206249174898701426
0.21193614808514316116828
0.21195987775133964814422
0.21198360618793479770439
0.21197720013363008373375
0.21200010143825442909815
0.21195360335661897477344
0.21192944347403627758375
0.21190503272769628528849
0.21188205844676369360435
0.21186517893112735699823
0.21188229399389285623201
0.21189906582146303404279
0.21192234723577746402512
0.21194697621644562057774
0.21197083378316994295432
0.21199345044096276624579
0.21198772389126629978051
0.21200977792834418966805
0.21196439237219091844544
0.21193920815521180567309
0.21191623097340683834489
0.21189817384053941107247
0.21191388482030984463655
0.21193289229026154862900
0.21195648710601000530573
0.21198080171539759875010
0.21200432803674137960392
0.21202637439283891773734
0.21202053381127405895512
0.21204411612775644901951
0.21199747146281147647251
0.21197310872944827297992
0.21195008998357758867037
0.21192993685816044480141
0.21194630821630364159169
0.21196694741169649911505
0.21199010039820567752322
0.21201387403648799812039
0.21203809312779184348408
0.21206265804819560139016
0.21205654587725161763778
0.21208153632688003797924
0.21203187081306032468753
0.21200705697542529537536
0.21198362364368250609914
0.21196231888502914397776
0.21197855225051634442401
0.21200100235685520599915
0.21202427844471896656309
0.21205014507830857728443
0.21207607332291586454964
0.21210022652127319409132
0.21209434352910361276656
0.21211743131233989911877
0.21206882902370452481655
0.21204286027204469200491
0.21201860512276649028962
0.21199530794507531750170
0.21201298561486978111468
0.21203699598667599679480
0.21206127758982706854596
0.21208714925147278962392
0.21211119919927171051377
0.21213327962318875852255
0.21212715839020845898233
0.21214834762808432166992
0.21210426091752859756312
0.21207993241290826191836
0.21205527257865905421674
0.21203078576149245182414
0.21204903080665560288764
0.21207319465932480961889
0.21209676808591348962096
0.21212061888916181051634
0.21214258270267263850606
0.21216487733328573406233
0.21215960778311027112863
0.21218239402897165479800
0.21213619474762857031180
0.21211299537843428253403
0.21209035105582543789815
0.21206685233884792207704
0.21208428428200457038777
0.21210683994693671494680
0.21212870401743993964416
0.21215249791497992060130
0.21217715913997731158602
0.21220180447752909347336
0.21219582738786094133765
0.21222012553238175924797
0.21217043706341626174705
0.21214564942337224562330
0.21212307164812027604484
0.21210076785937684307193
0.21211707358474549134364
0.21213996140947971591473
0.21216357398378446474929
0.21218929102460681868081
0.21221475378090184915614
0.21223801151463711489598
0.21223229801242582404086
0.21225458452667267383873
0.21220848413061116355394
0.21218249276216369358927
0.21215770733947433845934
0.21213357346274899772887
0.21215176935213678199865
0.21217620032039158362025
0.21220091565763363194996
0.21222557082615714496576
0.21224928622810257383691
0.21227081946804626788605
0.21226490412426590737027
0.21228810039266440834460
0.21224201242743273576608
0.21221822760153166709252
0.21219508311598231364847
0.21217002409129684381561
0.21216181018872920516216
0.21217996639871822273093
0.21218856926035276067033
0.21221226693967021326159
0.21223481082800013663991
0.21225777875925641580146
0.21228177816339249828204
0.21230570063278073056345
0.21229986713503809503401
0.21232413726046028834560
0.21227481223136662746853
0.21225052661561852329619
0.21222849723934719690099
0.21220560728301859909628
0.21219632274338490196541
0.21221241521222719561557
0.21222172525346169602578
0.21224388285525080943827
0.21226702037129557831818
0.21229288051513575674711
0.21231884122791749858195
0.21234194551564497532858
0.21233690499090215886291
0.21235831354752704447364
0.21231185117435888431991
0.21228523064815421617091
0.21226075889861820145121
0.21223786217094012251927
0.21222774639894781412153
0.21224284460450773548423
0.21225423200326801187465
0.21227940074037437989674
0.21230444708605572534665
0.21233010867341353677951
0.21235334937094063612051
0.21237393976945878604212
0.21236843088007154034536
0.21238901883131447445585
0.21234704937445850192468
0.21232373973876342287959
0.21229853860289593647792
0.21227237032670592808969
0.21225922143101250139097
0.21227728068228093882830
0.21229176381540706963769
0.21231742176914819575373
0.21234015603481495859661
0.21236236773124519960909
0.21238365668483882853224
0.21240594468892934343351
0.21240012691852880322152
0.21242396793219198158909
0.21237666127861354326001
0.21235531639163629513689
0.21233445634268352519847
0.21231099628334429429977
0.21229635241322639127581
0.21231386903905605234577
0.21232881822096533186439
0.21234967462551629369116
0.21236927759466769916052
0.21239278419848986456664
0.21241835472078374191796
0.21244312412861954264542
0.21243754083880181382504
0.21246093784989020236686
0.21241078087811671171181
0.21238556860647822555066
0.21236424115155974612357
0.21234362829939662509204
0.21232984749055702766718
0.21234354846254233084579
0.21235767981009029403694
0.21237930435529650541326
0.21240373858080874303056
0.21243073133712431221909
0.21245577490484404692417
0.21244964091240053916110
0.21247216945425673184644
0.21242307952266564763377
0.21239709959230801405994
0.21237250465103124641431
0.21235688908839550625984
0.21237121305049952435517
0.21239037425976448059117
0.21241649620131672349110
0.21244237029262103000349
0.21246584110074262508050
0.21248657480106744599446
0.21248018553176661882276
0.21249980542953506024162
0.21245898944156305088171
0.21243635518264625261509
0.21240989310968783065903
0.21238852293528587278360
0.21240721534402942638486
0.21242924068940025050800
0.21245360713578781419741
0.21247340511084689129717
0.21249292312210851796372
0.21251391099896255187929
0.21250691092504123136386
0.21252797707496223766910
0.21248638414166723387133
0.21246758916773642034137
0.21244646891835133883930
0.21242582311563940056232
0.21244242319077874525668
0.21246112869868874484247
0.21248035210224258673151
0.21249972447366261008028
0.21252168999954659800444
0.21254319879931471426460
0.21253677985738161915208
0.21255860604812076841696
0.21251482026102769262721
0.21249401367324341483034
0.21247428140321356071496
0.21245632294460631284139
0.21246868237654858990737
0.21248789260933531597431
0.21250938420289283703468
0.21253040594049349421013
0.21255223509417103811003
0.21257669381065372182782
0.21256895711074794141915
0.21259822174571066377702
0.21254552135810816926309
0.21252506808519980308070
0.21250297754719099652121
0.21248175399913662997342
0.21249762502977376232849
0.21251857072994687070100
0.21253952068409881492883
0.21256123755682262976840
0.21258963939699668244110
0.21261417414102112832808
0.21260922033168758171762
0.21258062291067950089207
0.21255401465236808955517
0.21253340341300119842316
0.21251348326344385308850
0.21252737841522037487429
0.21254683172542712665809
0.21257285339135226220897
0.21260230405623822824701
0.21260214344229128036190
0.21260598112844733553750
0.21259590715000398208900
0.21256384042006690182625
0.21253971187114464869161
0.21255521978196573185116
0.21258811489232795621795
0.21260798021444138328206
0.21255466759560162626208
0.21260663684258146455264
0.21258071887512142161825
0.21260445927484372674598
0.21256876118528481023340
0.21235719709465963878081
0.21257822546047838718764
0.21247432957197517899850
0.21238387012035805923027
0.21207386858116092365201
