0.21064821803397257293788
0.21061957366442279893093
0.21099385806971707180146
0.21097103123168101102003
0.21109710841350126653282
0.21094174804291263014555
0.21108361641513831430395
0.21111639493484010698943
0.21110789029979395992065
0.21112354363191149220214
0.21106821953683913006827
0.21090686005950257109198
0.21105000972226153899136
0.21109924979623409524443
0.21111667674019615748016
0.21114030986023388236639
0.21113219567854096814230
0.21116258581124269788631
0.21110999977466785026969
0.21109123309827471093314
0.21102893557337176755340
0.21100488547786983017929
0.21108174588864167531277
0.21110495287883770942905
0.21112563109644352787875
0.21115392867545063060319
0.21118368490075978272102
0.21117478212884813193462
0.21114633405706045854444
0.21111927289372645066834
0.21109899335813483989277
0.21107198869710541710987
0.21106560671670362983043
0.21109398664223708030896
0.21111292982087800917945
0.21113862131714866698928
0.21116616565993417964364
0.21119348163960435793562
0.21118472702690732623054
0.21121125171371710194101
0.21115825271957847086846
0.21113122523644431427492
0.21110795255986386509406
0.21109013369924903291697
0.21110387414311454490345
0.21112460782112801860322
0.21115065697249116305478
0.21117702160821733015084
0.21120290365417457301156
0.21123189091858574073513
0.21122355887885863046094
0.21125371236569451260934
0.21119548560831352679301
0.21116933454597844321832
0.21114358663597274090584
0.21111945340755849942482
0.21113829190315647199583
0.21116279254190734038232
0.21118779128523115784510
0.21121545213689224551601
0.21124554724128766225455
0.21127565661559666310154
0.21126696305910497297731
0.21129422201935860181621
0.21123746494508524595979
0.21120823034326488554235
0.21118163519972280028902
0.21115720334103729727282
0.21117671663250109359566
0.21120144516073208196261
0.21122988020016822408031
0.21125939468380169894424
0.21128650226825257396612
0.21131028694762135633489
0.21130280314385466167160
0.21132594929515008397303
0.21127911177756594773847
0.21125162991431920000984
0.21122288607804512450272
0.21119607527206199493186
0.21121732003311882719387
0.21124418997352098492648
0.21127133694128363838871
0.21129541392137068944734
0.21131854873367827973851
0.21134293067553319711571
0.21133472640593836677780
0.21136267391594665276955
0.21131103211273830067007
0.21128824136564858249265
0.21126448700950159476086
0.21123809036403845551533
0.21125813240006885429523
0.21128163676608788246192
0.21130418673578157950921
0.21132730823499570882440
0.21135422143591717225597
0.21138353678556742742956
0.21137491285788465034123
0.21140411565499786505917
0.21134668385779456500906
0.21132037945409667956120
0.21129758042714763544012
0.21127622370079104929808
0.21126962784097616521173
0.21128610434197031553438
0.21129268241331000677263
0.21131400206245323780685
0.21133884574806505174394
0.21136706277941055831526
0.21139629828152683987952
0.21142311354844756099425
0.21141460851680379806616
0.21143978495711454601569
0.21138767567250418832892
0.21135935766608185404358
0.21133224857622304182492
0.21130929733415723670298
0.21130201053723807191886
0.21131846730382575216822
0.21132696366975450841252
0.21135243463059197321918
0.21137981029422414636088
0.21140669337008058392691
0.21143155255339726728003
0.21145552823554111809834
0.21144733618860583890253
0.21147202085002844706985
0.21142371884492530687005
0.21139930396804085255269
0.21137234542097518841253
0.21134645336651733393829
0.21133585593295781124290
0.21135493753248424386726
0.21136636834717870137013
0.21139142227587573441561
0.21141598070883513282858
0.21144029115297671705953
0.21146428763020891361535
0.21149039984499973243715
0.21148275648857542408088
0.21150969253018750415585
0.21145630059440748138577
0.21143252664222889070089
0.21140896338889994532373
0.21138572986207707082862
0.21137390287341159544887
0.21139142289866152957245
0.21140326491986283219404
0.21142564990066434194027
0.21144910420908455406241
0.21147467238260012067919
0.21150141268088901158606
0.21152915160469182298542
0.21152086157791349929624
0.21154699820154204692457
0.21149387589149193367177
0.21146755195853145226081
0.21144258580246377832168
0.21142013504448500804678
0.21140812983964538118720
0.21142437200766639460170
0.21143722671858972139702
0.21146075167541739103783
0.21148674777572415428573
0.21151335768440412965496
0.21153920402695128299975
0.21156482988824884539092
0.21155687251651025815313
0.21158222127490330932709
0.21153158371798022607813
0.21150594606310563206009
0.21147995192116306184538
0.21145551528613523717404
0.21144117725725827816596
0.21145858619853077908779
0.21147486112453917073140
0.21149906554474079412032
0.21152400635552709440290
0.21154883177398403626412
0.21157428698878924522297
0.21160036396411316395039
0.21159170836094282064366
0.21161921041628867223849
0.21156577656345099125446
0.21154133479870554368496
0.21151746809644439428766
0.21149332516749805299661
0.21147707114945132889083
0.21149453854450517287233
0.21151150331194157327985
0.21153387896998729345022
0.21155865763113010369345
0.21158393362590360853304
0.21161066270735476302356
0.21163766753285340183055
0.21163012510094172946573
0.21165675841661160672125
0.21160299275198718449431
0.21157587928008755873144
0.21155109631648646995039
0.21152821131825302880536
0.21151138178121753341543
0.21152729251726168357983
0.21154481073474803998202
0.21156843438769584730963
0.21159507939337618420694
0.21162204423884678483603
0.21164909266476486515707
0.21167443978129063530957
0.21166653864353768277340
0.21164109860608676383364
0.21161442775080488432060
0.21158756274277260023275
0.21156253408356484602137
0.21154347105963719477550
0.21156001161894408268971
0.21158112769169606925956
0.21160727443176058359953
0.21163405023762693613065
0.21165893137396254997107
0.21168358728937083923505
0.21167600992980711849256
0.21170001214378278420192
0.21165194488898167457513
0.21162666862035461878833
0.21160136867770990010129
0.21157820084407491512124
0.21159778261971562418609
0.21162097688222786251444
0.21164489431182131884412
0.21166856497409200499327
0.21169230094712276901703
0.21171730829086937708539
0.21170857776121992932516
0.21173475965710195079161
0.21168471167776373165204
0.21166155057301760944455
0.21163943439679008817755
0.21161666938487788680590
0.21163474062925732854801
0.21165571947026876054032
0.21167726820162618972532
0.21170090902900470797299
0.21172653677890856949162
0.21175262329690594520493
0.21174445622535301159139
0.21177151828894386076385
0.21171863245553473875660
0.21169327094278789225257
0.21167148154885898070354
0.21165125988551991564890
0.21166710036050828680487
0.21168722672900783243755
0.21171054226688143518054
0.21173677647080910158017
0.21176383624079297973708
0.21179006023127017188656
0.21178235054236810297468
0.21180932551215189696414
0.21175585178217579129800
0.21172901613230321604675
0.21170470014972153638411
0.21168277207004387863165
0.21169962695136387842432
0.21172316593798798378678
0.21174862881160219640897
0.21177498485898671454208
0.21180117424647887380829
0.21182764518843399947912
0.21181998582908140305037
0.21184629494505355373768
0.21179407236871025665970
0.21176771844252464949143
0.21174251844460678650961
0.21171837051238800997410
0.21173776617363546104222
0.21176207725837634110455
0.21178659925216394843694
0.21181265610810098842798
0.21183877910062598459717
0.21186485565171364608972
0.21185712033947629029385
0.21188268911967170216037
0.21183093405622710481140
0.21180508538536652052287
0.21178083382397200340463
0.21175757963713576215170
0.21177604432797772493480
0.21179956197572755161040
0.21182302703263281018486
0.21184905818929308796150
0.21187464640028405571393
0.21190025482450203231366
0.21189203178658280735114
0.21191700686496553474036
0.21186684598354069142268
0.21184165919226458085767
0.21181704110759597137204
0.21179411608965900692958
0.21178705229983890712120
0.21180362462348834018400
0.21181196001440971699026
0.21183511138340638257915
0.21185896117447966524594
0.21188491081904381463374
0.21190934504309658081844
0.21193472763448170659295
0.21192751881679530723268
0.21195317563697924079236
0.21190182030088186571071
0.21187669739373743427180
0.21185297811457010075387
0.21182980106208762483000
0.21182106343016801619505
0.21183841282277618423002
0.21184802060528681866280
0.21187064295835944527369
0.21189402740295745775079
0.21191945593548114357141
0.21194516398269228063533
0.21197193000595412892828
0.21196378624277170676926
0.21199038598744401884488
0.21193719689890250235109
0.21191160048030943663377
0.21188844984722984832182
0.21186565311317567816829
0.21185568717761504853314
0.21187248272716410757432
0.21188330192789120443031
0.21190568082840258168353
0.21192970520139969847762
0.21195582998111250905282
0.21198230914159180149348
0.21200837764848948219232
0.21200067766070837538273
0.21202605963353757245748
0.21197498305159712117529
0.21194778107571746184057
0.21192347776540437775949
0.21190048708004233235513
0.21188950124172481470630
0.21190601569933920078626
0.21191835314963261560628
0.21194145855982177151233
0.21196634060716892933307
0.21199280557273630920534
0.21201898759595971810654
0.21204367122948900026280
0.21203591747286859581223
0.21206180005619043593690
0.21201075015136233714586
0.21198482936708867852005
0.21196028784482406903678
0.21193599868170062694439
0.21192249882352939827079
0.21193993572675098868707
0.21195477919778410447194
0.21197873024258095941974
0.21200310453252049769368
0.21202845951804383251016
0.21205394464206750448909
0.21207963962307666005991
0.21207196070329936699039
0.21209827763728039684565
0.21204643854798890800772
0.21202089824831124587057
0.21199724603134181832864
0.21197338532662685084418
0.21195770903795324580088
0.21197542884989470368673
0.21199221313319457915547
0.21201513040665975751153
0.21203855525217329969223
0.21206450081839267607364
0.21209059183073414311949
0.21211616403193661595239
0.21210851892971008259003
0.21213330375352723589089
0.21208245596676586486318
0.21205636535644861728755
0.21203298933744649246158
0.21201028751274886285927
0.21199309017920942022073
0.21201058072087430872443
0.21202764541052376845442
0.21205072287205908865282
0.21207438611366183356388
0.21210025450299974103530
0.21212542313133586624474
0.21211775806927737897389
0.21214241125320879022276
0.21209234514203445520764
0.21206805285464047639010
0.21204518970559169122048
0.21202683883959427824095
0.21204296135911321341538
0.21206227297466850867380
0.21208585930783102613262
0.21210935810717937433090
0.21213499538952285128346
0.21215966814476219792773
0.21215181755698347965122
0.21217801746957704045471
0.21212663152825808610125
0.21210305973106602372980
0.21207996725720468234044
0.21205948531320573113845
0.21207639244950671209011
0.21209736082685573532736
0.21212065435585963912857
0.21214363845065931091227
0.21216994711908923609833
0.21219712230143977782504
0.21218891959203289854230
0.21221652455388020919180
0.21216219341799491537870
0.21213819289692412151105
0.21211458842577338157476
0.21209298709899759849407
0.21210981203336332079346
0.21213250606704325829099
0.21215595166834003149070
0.21218097458901796770192
0.21220893818011790643574
0.21223572601722326402829
0.21222769028213170350305
0.21225348921875072938370
0.21220013084035099781843
0.21217500993585947099973
0.21215060565526805413938
0.21212717215368454004576
0.21214535969330858278248
0.21216944594764539089304
0.21219388407760930714829
0.21221890770322782149293
0.21224505530187531832098
0.21226994961998849054119
0.21226158935298414243142
0.21228570529684795409331
0.21223652815677759853052
0.21221298336549940244389
0.21218812893703697941561
0.21216361295096375361169
0.21218227080149851260238
0.21220645054682088503917
0.21223029436211138243351
0.21225344664640735659056
0.21227765500100564954877
0.21230296701241962997742
0.21229539238994588057352
0.21232123666860694410907
0.21226966663056739959003
0.21224706135039733689851
0.21222403001367035058067
0.21220050354525976654685
0.21221838411391771850312
0.21224101737493336616858
0.21226336999074574274360
0.21228665586052561375929
0.21231366079726990414578
0.21234136865075128874913
0.21233301344815833089363
0.21236034840560966130418
0.21230530048387452612957
0.21228098609876785984873
0.21225782361656783669979
0.21223538327454047336396
0.21225226520308990152408
0.21227534256574337456769
0.21229959302295978162967
0.21232483002519650372442
0.21235255356809870641577
0.21237879921903954349993
0.21237062807977280520788
0.21239586216591721523628
0.21234464209249850896732
0.21231916885885018797531
0.21229373115872837707307
0.21226939705622532850171
0.21228825323725925011686
0.21231283247540966296896
0.21233817051118736296544
0.21236225461015642568263
0.21238808575775047771117
0.21241256907728123248802
0.21240413934967544706822
0.21243033310098280441736
0.21237915397902576430944
0.21235597491667887459776
0.21233226644584710096630
0.21230713939870810014199
0.21229947862691792015433
0.21231828464302243686390
0.21232624312028056112744
0.21234991483052179095381
0.21237298851459779358564
0.21239535014265442658399
0.21242146705754255675558
0.21244849616723832097520
0.21244007519688146157222
0.21246757688377054806850
0.21241282556655580182614
0.21238910541378691609893
0.21236653961546209101741
0.21234376279376751539552
0.21233520633939934052492
0.21235179372090143279372
0.21236028284226543538793
0.21238228483943638602582
0.21240601434487732523948
0.21243141521939462590396
0.21245966508617314394414
0.21248610991818994708780
0.21247841751398474641199
0.21250325823261051461088
0.21245099384179144674789
0.21242469735894306537283
0.21239954767469906848909
0.21237680325430399741471
0.21236757373629444600738
0.21238311593178668679194
0.21239356482884477750339
0.21241863670113833584274
0.21244449182502658790561
0.21246993245439441122535
0.21249561278912718065293
0.21251965231693539792879
0.21251143353954238257586
0.21253545316556549105158
0.21248761450038225473413
0.21246442978584645366880
0.21243830895972776184877
0.21241215976100039086738
0.21239995796347491130440
0.21241855548481325399734
0.21243209526351414240253
0.21245780638340613921677
0.21248154415087860957811
0.21250367251783344735294
0.21252734309242993226974
0.21255301290368877609183
0.21254442951569671449441
0.21257159686320209468491
0.21251864550073168436128
0.21249739915387541588920
0.21247550159405051428685
0.21245195237335040561177
0.21243825538049238010885
0.21245645090839374025116
0.21247044981629115145694
0.21249139233295902262633
0.21251199908295928531210
0.21253537132773733797642
0.21256318549497454917230
0.21259128038954214212630
0.21258287409262568989909
0.21260966113525317511268
0.21255390078408276099964
0.21252886451870875439418
0.21250657294403574315567
0.21248593046790786864619
0.21247312726817479955344
0.21248751803589602249467
0.21250060244670429532299
0.21252217332153874873590
0.21254752787444247674742
0.21257435184750930745601
0.21260163971652357162156
0.21259380298305285972305
0.21261866159834208467316
0.21256732705487715873183
0.21254043436429109759089
0.21251596637415595680842
0.21250148222045259216451
0.21251634585004258726215
0.21253432030701635557790
0.21256025596151462142558
0.21258710721035870006013
0.21261062745256176231834
0.21263382841539157919186
0.21262572353227798815922
0.21264793069109544365602
0.21260431193580345277105
0.21258059214635638412005
0.21255427608687951779309
0.21253413833024162316043
0.21255328657259792146661
0.21257410218990485661905
0.21259840786966016645820
0.21261942913235029606334
0.21263932614175945490231
0.21266295079930308542515
0.21265421709750542689221
0.21267788675255469565961
0.21263323499138564454114
0.21261308060582906342972
0.21259189683529058911837
0.21257238910682160759613
0.21258956850538662797234
0.21260724157013402568772
0.21262663070379556051748
0.21264743857467238719039
0.21266987574938847616046
0.21269385640430518713551
0.21268571078285533615393
0.21270982790476541945957
0.21266334845655418539501
0.21264112812063498680892
0.21262119435164381076042
0.21260414979585698369569
0.21261729087114447644957
0.21263563716222524946353
0.21265728943616915569415
0.21267963218995811214285
0.21270174232760924448726
0.21272831219824711590505
0.21271886008640475407283
0.21275004479864870199357
0.21269527426431322769673
0.21267365541741614642923
0.21265151071822321893201
0.21263117177191956375104
0.21264777926731742718758
0.21266777185583460307861
0.21268862324217463477538
0.21271136515242128339764
0.21273978628905645948954
0.21276604349139524585688
0.21275946505836254574184
0.21273097513486063925292
0.21270348253661208737242
0.21268312175164905131197
0.21266426292444506884749
0.21267863067080877703674
0.21269692183118937833797
0.21272256767007574618233
0.21275275644532395946662
0.21275234304924095507516
0.21275640214530852634134
0.21274575058825767603921
0.21271419759114004732758
0.21269131170467567293336
0.21270706688269355733034
0.21273864773204206879420
0.21275785259206783650576
0.21270440498074019708419
0.21275724926313513418741
0.21273274605414591031938
0.21275659376917652187977
0.21271932383111180620006
0.21250749540785171531887
0.21273035614674665194634
0.21262681438257455268648
0.21253580974140645620807
0.21222611871678162542842
0.21068315409082299938248
0.21065707671154509927902
0.21102878591014564979567
0.21100853903749858253569
0.21113198723323678418495
0.21098012526949644351859
0.21112108599743784065339
0.21115121128605651712462
0.21114530430612515887745
0.21115829592817733639798
0.21110657270265117957386
0.21094584543819785982244
0.21108901285894635102558
0.21113756137580086402750
0.21115403028066656587747
0.21117499887974441885596
0.21116948875044164180004
0.21119721142843780881115
0.21114826690716653745383
0.21113023547969930748813
0.21106861483758154740542
0.21104369159286634483053
0.21112142752966964187600
0.21114394796633681461451
0.21116385527361652973966
0.21119116200533244454007
0.21121824690714469108244
0.21121195474981738215980
0.21118451567614521247052
0.21115825840282612113619
0.21113866862642549637741
0.21111084456260728603461
0.21110290304319306864400
0.21113288535098317932892
0.21115259788195983592374
0.21117759751306414139904
0.21120430395547235002951
0.21123059128589613542282
0.21122282182270304962124
0.21124829656765636842763
0.21119721907605804034347
0.21117088773938183510204
0.21114689215425425095063
0.21112741320601965955284
0.21114114793980653939087
0.21116358833443729658974
0.21119031216988967680770
0.21121597677704137541177
0.21124095610699911151897
0.21126887118644846474957
0.21126156972899948205402
0.21129062780729165882398
0.21123442790907553945345
0.21120898020118911153631
0.21118260806501198967311
0.21115677426364326541020
0.21117566165896714536210
0.21120185669377294912508
0.21122742718393530680920
0.21125437988580031412056
0.21128351531710165556177
0.21131250577685894986857
0.21130488812009157184590
0.21133100254468875633940
0.21127637804244162045286
0.21124785735864876068391
0.21122074147125319276697
0.21119461833044275711480
0.21121417540764861331404
0.21124059233011308056582
0.21126949742113088070994
0.21129829286171894486834
0.21132438538650308301747
0.21134699776322457553945
0.21134064388312479021437
0.21136259029633905348611
0.21131799273621243440147
0.21129123555624801378272
0.21126207398175475549174
0.21123357641625559177889
0.21125486554169259356684
0.21128341891489552106798
0.21131092947330656905969
0.21133427460319215152040
0.21135634585073209690265
0.21137950137180269716275
0.21137247971980108185441
0.21139917305119984569650
0.21134987229366780647766
0.21132782148493109430909
0.21130375634437828513690
0.21127567669878566380959
0.21129575877562137287136
0.21132094567219453229434
0.21134375361547685923114
0.21136612691867345814600
0.21139193185472066049968
0.21141996357159426045413
0.21141258148016270346226
0.21144047020431327998935
0.21138548055931749569680
0.21135993177590503555585
0.21133692667518519381353
0.21131388773582246431992
0.21130659753472022521770
0.21132303584951650510249
0.21133038457322464442889
0.21135338523525523668489
0.21137838315570176006553
0.21140583539494367526501
0.21143392470600871901887
0.21145939525859941410246
0.21145219134412115979949
0.21147599207417899780381
0.21142642259613370070426
0.21139888073475068819285
0.21137166961522352304215
0.21134703583412950411713
0.21133890482604061888949
0.21135532398354639482818
0.21136473853607107287189
0.21139189322658721859050
0.21141931886309478505481
0.21144541341414910262664
0.21146909140074607313942
0.21149165937946595716923
0.21148483208379129094645
0.21150807607168839452605
0.21146241148413164046005
0.21143879786281774557644
0.21141183902003041206186
0.21138426063059176374104
0.21137267637216849980319
0.21139172549915388743536
0.21140420969920567517697
0.21143095086538560289924
0.21145545763070594524891
0.21147895383449169526280
0.21150174048040798480130
0.21152637955363134958375
0.21152016558414843405700
0.21154559621096641341964
0.21149493121649101667892
0.21147198550035958830584
0.21144852640903571971975
0.21142360418773845087692
0.21141066061013427668236
0.21142815224283806330163
0.21144117161310801988883
0.21146524710009864667093
0.21148854667266334117492
0.21151327104374831322708
0.21153877737848908457963
0.21156497789696782074742
0.21155818264138814832620
0.21158274641803997973000
0.21153244212908248189642
0.21150697805974852383493
0.21148221538703035338180
0.21145806990275531345169
0.21144483286958085099805
0.21146105404904100288910
0.21147519191203306698768
0.21150041231746088965515
0.21152615549867317956689
0.21155188980862799086324
0.21157648180569629814407
0.21160050042939473891046
0.21159410585546215011199
0.21161781392040243665598
0.21157007937785782258899
0.21154533515721954395339
0.21151964296818803745737
0.21149350934510810495759
0.21147784367713004516354
0.21149524065594266231116
0.21151288516647001602955
0.21153878761773958760983
0.21156337834254310137361
0.21158728962361511571899
0.21161147461862975238667
0.21163587763104399486203
0.21162885073742337960212
0.21165464448632140270767
0.21160419583023290512891
0.21158068897577617106798
0.21155721899977603106535
0.21153137559402301892675
0.21151371792994783094244
0.21153118287326577728891
0.21154958065614035134239
0.21157365651951878793291
0.21159799308388296812389
0.21162231405898193625781
0.21164776074096153246629
0.21167302221618733426567
0.21166717800152515249756
0.21169203420603205367811
0.21164133187891290277527
0.21161519537459189121975
0.21159089963742952478221
0.21156631433467398828441
0.21154802975320635693990
0.21156394848149787102365
0.21158294063651969518780
0.21160826355059336734143
0.21163437657787576018364
0.21166034037201961193198
0.21168609934683066398087
0.21170963562019889936394
0.21170349839151736404119
0.21167935160640818925692
0.21165370674542408058194
0.21162741748721797252486
0.21160068817075294855812
0.21158013968921479674989
0.21159669853047335941199
0.21161930626714484104944
0.21164715289618693527807
0.21167331074449186045783
0.21169714052044974472722
0.21172050041741954928831
0.21171417321965496638470
0.21173687841116356489479
0.21169118525344307601976
0.21166656883509396558374
0.21163957082639203721719
0.21161491239682181375592
0.21163452478969418946164
0.21165920404399404808338
0.21168481587548709788038
0.21170778446438756614789
0.21173041664874181488898
0.21175412662981277223118
0.21174664493823253108573
0.21177152879754579384297
0.21172391120231914829475
0.21170149345450969824434
0.21167768523284044568378
0.21165344520830114971588
0.21167156053219010614086
0.21169399255429818818008
0.21171722947108762014068
0.21174008842343908232131
0.21176455555099207850311
0.21178934364336990392452
0.21178242596719795698412
0.21180819024292626973072
0.21175779146583850742758
0.21173324878256341574634
0.21170977535143428727160
0.21168813038924111369354
0.21170402186643158537471
0.21172554362351578283175
0.21175053635690252451518
0.21177591355057323596611
0.21180175471273407494799
0.21182668249604674759468
0.21182021649481552749705
0.21184589677442977606603
0.21179496843142167628038
0.21176902635402569674561
0.21174303865323998441461
0.21171974396220810676894
0.21173664839324871089765
0.21176152425066621654004
0.21178865400994839607307
0.21181408137642382394361
0.21183898787046503975340
0.21186416512673414414003
0.21185774665027287677610
0.21188276375304354592899
0.21183314757220411683747
0.21180775671008628124881
0.21178089525635881984478
0.21175544202905285939842
0.21177488951755599200233
0.21180047369100155063570
0.21182664892979533033390
0.21185170875679684709958
0.21187648515960963435667
0.21190127256178342696202
0.21189477038265433495035
0.21191905256254225942136
0.21186996470303096073984
0.21184514634962012258335
0.21181924787756165051711
0.21179475407721148894069
0.21181326879958453646147
0.21183799380877571527648
0.21186309905336758729888
0.21188806658050884923483
0.21191224004381470358283
0.21193656381280626121999
0.21192956914961599834690
0.21195326130690378407806
0.21190583183529845823223
0.21188173972927332178173
0.21185548820662689073480
0.21183138995727732178942
0.21182435548840194972087
0.21184098976089871246842
0.21184928431136787474465
0.21187357366879072673171
0.21189904817058172192823
0.21192387322805422700256
0.21194682496001071569935
0.21197092740761208640166
0.21196493957752390868698
0.21198931944590582165944
0.21194075842216769656190
0.21191679071246941057360
0.21189145514504972855896
0.21186717606070334940505
0.21185848968338455433624
0.21187589822659386173953
0.21188544547838791820560
0.21190913565115995775834
0.21193412653499710263105
0.21195836971175832652570
0.21198252522471011660699
0.21200801657326906468626
0.21200108831799172048882
0.21202641502844044030240
0.21197608719850680181196
0.21195170364080609393120
0.21192695458999102897657
0.21190312663277929838834
0.21189322835883764306608
0.21191007890173044203586
0.21192082489266345080026
0.21194419779373113721377
0.21196981054221536444615
0.21199469607365140078059
0.21201955138560935054670
0.21204434912059944018381
0.21203785823433241031211
0.21206197243739044466793
0.21201382355072792562645
0.21198788695542775117886
0.21196200662986025564649
0.21193806034126266846229
0.21192714917855667855484
0.21194371058724922884942
0.21195597645273858700143
0.21198000013219447934532
0.21200644757996958689183
0.21203162064017488930290
0.21205610561298873784075
0.21207952373659141875883
0.21207297284860945896234
0.21209759164356323246636
0.21204954019048702362760
0.21202493641585798411775
0.21199883939100966356861
0.21197367030614058802662
0.21196023598705787671648
0.21197771137924645290518
0.21199250018000673212448
0.21201729120789794547086
0.21204320907529658479795
0.21206722371549829864179
0.21209093793484173895436
0.21211537038221064954691
0.21210889035043628547683
0.21213394710516647601040
0.21208517523547612548818
0.21206099851765683461657
0.21203581588498496279804
0.21201115681438814641879
0.21199551942042479946160
0.21201326705309747611139
0.21203003481188187340223
0.21205370992659838824679
0.21207865183111682116923
0.21210321012905980486707
0.21212745659251250329724
0.21215177046072974942348
0.21214531849835552290706
0.21216884593782817103325
0.21212113805735158256205
0.21209645695779621998867
0.21207157691729017212623
0.21204815756528588854835
0.21203094971032385163134
0.21204845525731982891493
0.21206556347283866958975
0.21208931774647030166214
0.21211447036367539475954
0.21213890928868017748954
0.21216215804465574090720
0.21215638449195831083394
0.21217908057976167524039
0.21213242018975916880485
0.21210665471390449665634
0.21208315686873230321297
0.21206472374189885843343
0.21208085017680597395007
0.21210028922037160725722
0.21212446872733314862103
0.21214942303445408211537
0.21217359226397256022345
0.21219627044930003401113
0.21219038506848109104652
0.21221455265238625687019
0.21216668580178088543420
0.21214167585573903695995
0.21211803173177465331456
0.21209737053320976141180
0.21211426859297558000783
0.21213547194676643514732
0.21215927676315360361770
0.21218368041069421425782
0.21220848630442834537035
0.21223359070872205300873
0.21222742919893614055304
0.21225292602093656646467
0.21220222095405569251447
0.21217681987469794169243
0.21215274765006264523493
0.21213084861319325691298
0.21214765411907265946212
0.21217071346495133821186
0.21219458393636816961880
0.21222098636159400508738
0.21224741718838444071160
0.21227205939332394191155
0.21226613806484267987784
0.21228975348719722471280
0.21224012691845120515133
0.21221364865971084623375
0.21218886149567739440869
0.21216497761008668021532
0.21218320081575028912546
0.21220774856905386118733
0.21223252783329299431259
0.21225888692548941505400
0.21228347239088543596530
0.21230614490732616084223
0.21229997508079337387166
0.21232183165766296828458
0.21227648790952213797567
0.21225163055990164950870
0.21222647797400970293147
0.21220148877709840706807
0.21222018216613455776631
0.21224484566345805380827
0.21226894536337256869096
0.21229338519498031079280
0.21231600746613973895727
0.21233902407256952105108
0.21233371105977494330830
0.21235722337487375477316
0.21230958323381357577553
0.21228571689909248032535
0.21226247156079716682520
0.21223844734298819014739
0.21225636018813723304710
0.21227950198567327455557
0.21230202912534856807270
0.21232655008292461440433
0.21235194634869000718247
0.21237728563193444819568
0.21237126630277500249910
0.21239619609921778220496
0.21234517105095157551986
0.21231964818320761545500
0.21229635070164867838294
0.21227338955136151876779
0.21229030355458097800714
0.21231391247285003043288
0.21233825827393226770567
0.21236467438282496944524
0.21239077152765289957514
0.21241457722266912644393
0.21240880990249796922420
0.21243156922449413226417
0.21238445962363852737020
0.21235783771711683187711
0.21233234356577962431700
0.21230746483269069546651
0.21232634987027121376002
0.21235148537263909274131
0.21237684313972710059559
0.21240204507442764225722
0.21242623167278087970011
0.21244820482898679747663
0.21244224927425750526488
0.21246589836740129020320
0.21241891499282408717342
0.21239465035738380738195
0.21237095906316702520478
0.21234526259811817294754
0.21233682678749216110603
0.21235557856452663694213
0.21236439507554499828146
0.21238864615144800729318
0.21241166509072928469948
0.21243507985818110839205
0.21245953963472277714608
0.21248399134210946281875
0.21247810926287755139974
0.21250300136572500275811
0.21245252353665206035416
0.21242778364489242615143
0.21240530886903724594461
0.21238194094926590715922
0.21237244657730708352616
0.21238897973574780153605
0.21239848659678042808174
0.21242109090758212741612
0.21244469560088144466370
0.21247108057777072676053
0.21249766036447581551982
0.21252146290539092321481
0.21251637399916217807672
0.21253853995454632941353
0.21249062614575431329200
0.21246338022455130145616
0.21243838977725207350922
0.21241503000741729367817
0.21240470652082482638789
0.21242019916627144504595
0.21243181625490525910038
0.21245751284517450097056
0.21248317580937473025848
0.21250953049260928873210
0.21253352971104261248669
0.21255486333310213975523
0.21254930886443071380576
0.21257059305394324089100
0.21252717550497077225735
0.21250311494669521517054
0.21247721932964364066621
0.21245043505357735780237
0.21243699536028315399960
0.21245554905009952917361
0.21247039497881275993407
0.21249675069913143143907
0.21252023087436541781692
0.21254319565115015189249
0.21256517561741719579693
0.21258808106215515421056
0.21258221957861467288353
0.21260659349810809293224
0.21255813070669343778363
0.21253608686483324574645
0.21251447712636015174859
0.21249027339055520657851
0.21247520898819841073113
0.21249336855427325421175
0.21250879288278959333702
0.21253039703073595134697
0.21255068705711657739421
0.21257481742655937040354
0.21260093323925718933332
0.21262620650540581257459
0.21262057835599995625486
0.21264451666527389717132
0.21259330546131685601985
0.21256755147938605210456
0.21254560605450667498673
0.21252429492175259340137
0.21251001445013081858626
0.21252437754512998324685
0.21253898854112462935007
0.21256123492141193453975
0.21258621568288119108026
0.21261371473089393790978
0.21263929866661002154871
0.21263312410474624614132
0.21265627465351544245209
0.21260601647209767528501
0.21257952345090222467938
0.21255437107950522768185
0.21253831713558787863683
0.21255316202540155967604
0.21257274492278693811542
0.21259937030696801629759
0.21262579681391879926622
0.21264990523076671147251
0.21267139552594363505200
0.21266495549660235919731
0.21268545064373209352304
0.21264299977833447941045
0.21261973093874642071199
0.21259272123481953720159
0.21257094156002653839721
0.21259008167363102614900
0.21261256827041788430854
0.21263757078057074489941
0.21265811625382749494584
0.21267851099071488629733
0.21270042179768960943775
0.21269335478714365694763
0.21271530828884704922288
0.21267192120854544468145
0.21265226605159306960680
0.21263038154565003234886
0.21260917893317568538869
0.21262635726700601646044
0.21264574434867633545565
0.21266583589378579288720
0.21268612312297072164391
0.21270896605092393105707
0.21273122870831132069647
0.21272475217728573082532
0.21274714987381809772060
0.21270203082330291222135
0.21268035142706750995067
0.21265971524840690531910
0.21264094188967555543179
0.21265408912794017681769
0.21267417790905690511138
0.21269653090974352527276
0.21271831260759904713709
0.21274073303893412112409
0.21276558313614962747451
0.21275779966418084665492
0.21278726391365807013578
0.21273395277989451401801
0.21271291437477735097872
0.21269007066705322706035
0.21266798620049301438151
0.21268465410056533460015
0.21270635069819568419014
0.21272789704933642296325
0.21275004237077371760378
0.21277867629966748519443
0.21280320972434735304901
0.21279830297862703525347
0.21276965062141700579801
0.21274276970052208302064
0.21272171863286518100900
0.21270119838644130361160
0.21271562759448334190004
0.21273553730524200067187
0.21276186741038588534636
0.21279142942727469201003
0.21279112288215160098126
0.21279507002163025597419
0.21278506377981903918695
0.21275283206425349424862
0.21272836737023334552354
0.21274418119237353819173
0.21277730170250103158835
0.21279717567237707576133
0.21274372333372018606390
0.21279592023569374181768
0.21276992026897242893391
0.21279382852096645484252
0.21275800218024915055892
0.21254615042738408958733
0.21276764136913606240142
0.21266373135318245024550
0.21257311446668253340775
0.21226297563976728732804
