0.30006541640890016520160
0.30007139275930122535030
0.30036040892050835937610
0.30035304632222609155789
0.30045537021954160650239
0.30033669065716700474766
0.30044664276497506927299
0.30047830029872996115969
0.30047053286499786350916
0.30048910942473838758815
0.30043520609962448553176
0.30031385924391612585183
0.30042152089679624582530
0.30046280398211661077923
0.30048236722216248306694
0.30050696568367629701868
0.30050013169026629222813
0.30053026203241706149072
0.30047648690273626170821
0.30045623311470071037377
0.30040539888307127291966
0.30038819101257285826279
0.30044879272666830116734
0.30047265941931866617409
0.30049493465125859392728
0.30052355181987377985564
0.30055366507867992131864
0.30054685858621560390347
0.30051803147277933447867
0.30049079403255107845183
0.30046837921010005612033
0.30044219915911357654537
0.30043966746707229109603
0.30046579490273478407758
0.30048669498476510142382
0.30051304409612827894804
0.30054070677306821135488
0.30056857345253157332010
0.30056196688010017314951
0.30058900369830426901885
0.30053537663277812841400
0.30050809337124162468058
0.30048425036112885733175
0.30046519744701782883567
0.30048333078935990370084
0.30050438803414136756942
0.30052991014129165625590
0.30055639423795205145140
0.30058234686464502249947
0.30061076378029683020543
0.30060385541048256774488
0.30063301542968584589843
0.30057672418873826458707
0.30055068397855078110581
0.30052557644218264032432
0.30050242801219767541099
0.30052312113436424612090
0.30054634103946836765076
0.30057068311490187095814
0.30059754962049489712683
0.30062617901058857894370
0.30065529960689590938117
0.30064822762260107191779
0.30067546233578840153555
0.30061988101024139652395
0.30059185321903719723124
0.30056638092474441403823
0.30054344710113828353926
0.30056394074829323459497
0.30058714664443347830414
0.30061405808092883651383
0.30064241465250668428055
0.30066936297846164061198
0.30069432798436818154997
0.30068850156646415028305
0.30071314012203370635845
0.30066376834779401372444
0.30063665686398960419368
0.30060934929434074414090
0.30058448517585656389883
0.30060665454590790313105
0.30063186733491120694595
0.30065824910063659869408
0.30068308429930429293009
0.30070755519271274991411
0.30073320358407545915824
0.30072708149490717799424
0.30075518825666597289015
0.30070222101834720440650
0.30067811506243763419732
0.30065401660015617091304
0.30062890027837707584979
0.30065100876862893564123
0.30067412656048997376956
0.30069743327060399762374
0.30072168678102878525138
0.30074878581668218480161
0.30077777674458788803591
0.30077108199062835280913
0.30079983727163317475117
0.30074315003745794028234
0.30071675495852195902913
0.30069325856318990242144
0.30067176195519135228906
0.30066546466882926313957
0.30068477563127415930211
0.30069127154708030769115
0.30071274091851096788020
0.30073760396862370125604
0.30076507032836879984572
0.30079364762696120250141
0.30082062022739713968988
0.30081383367003600159961
0.30083951206037917724956
0.30078694394135285783420
0.30075941029670832937981
0.30073311880523806438603
0.30071062790083780136285
0.30070348822083298179209
0.30072237750353802976377
0.30073047709476752320512
0.30075462763187904569051
0.30078109275088027452227
0.30080752094724499956513
0.30083295354025368917306
0.30085779459358769072352
0.30085127657503724085686
0.30087674389445090428197
0.30082677300467081105140
0.30080196285339344530740
0.30077583545368424822186
0.30075138277674928755090
0.30074166414242292644232
0.30076201146178233036821
0.30077255229473581765731
0.30079641934372125522401
0.30082094387628954823555
0.30084564311163314309638
0.30087054863636331081267
0.30089723899450698807456
0.30089121329526447023994
0.30091858938417742619365
0.30086451106700329294341
0.30084002559621308980908
0.30081602728349166042676
0.30079342639557526961624
0.30078236900536198250578
0.30080190488477220878138
0.30081312813365623792805
0.30083525095583607544825
0.30085933566375988590380
0.30088518237509265240703
0.30091227085751165448713
0.30094023428410465736960
0.30093390269013503557360
0.30096074391584537455202
0.30090663944001100338355
0.30088013600525292945420
0.30085492943272951205103
0.30083265471293907378225
0.30082093425090150606849
0.30083999413720735605082
0.30085235251461872607592
0.30087557681685511701275
0.30090165437769406109325
0.30092822885152009648735
0.30095476121165148919445
0.30098124813684085099297
0.30097505156055903707824
0.30100122105750365397725
0.30094907188557451505062
0.30092305007574304820395
0.30089710275429720764961
0.30087322015256429130758
0.30085945479620390674569
0.30087944389236137565646
0.30089474146349054484162
0.30091840395650076844802
0.30094358506445911816130
0.30096896637691905596057
0.30099494854536235077802
0.30102156363989113208035
0.30101467754454369618600
0.30104221928942592745315
0.30098849346310180274955
0.30096343567841388200179
0.30093903917018594018629
0.30091553436261930798423
0.30090011474582478712136
0.30091988495882998622122
0.30093595287577168395643
0.30095821417909079942277
0.30098318451166344855707
0.30100867071563264243395
0.30103537974047317460347
0.30106261973490328065495
0.30105644554732624573745
0.30108338014094510048935
0.30102935963800064866902
0.30100259074080776278137
0.30097765581821467328894
0.30095522547153497061601
0.30093903781640041206202
0.30095743796710500150837
0.30097421929584594613161
0.30099720804273000229756
0.30102344998315894164520
0.30105014080596670389411
0.30107713536891006489427
0.30110332842052739410477
0.30109705678040971088549
0.30107105683902496418014
0.30104446055731598486105
0.30101798475404967225799
0.30099397268919747538973
0.30097588613013320779643
0.30099462694834266951460
0.30101442430397856719893
0.30103930678356372041549
0.30106581102481461131859
0.30109122001577404148520
0.30111675082688560411981
0.30111114449468651121933
0.30113630433513460804562
0.30108611246433208963325
0.30106064492861528414380
0.30103618825183753315855
0.30101467844663049033826
0.30103591193645962142966
0.30105769031450940742545
0.30108126714023597525483
0.30110580998948244246805
0.30113057643555724007811
0.30115650306760199939049
0.30115015028067865232586
0.30117676777962498757546
0.30112519424214684304886
0.30110093564204948313190
0.30107861468691032857947
0.30105676197482694744778
0.30107726550448610236543
0.30109802771314686520299
0.30112000895539842160176
0.30114466226126695991283
0.30117076859268238075984
0.30119742482407829697877
0.30119129933750965477657
0.30121856623400078412089
0.30116515067666393967727
0.30113935884663417530405
0.30111726106465530605760
0.30109691614427391836983
0.30111605890219961256804
0.30113618316427415155800
0.30115935594865894664451
0.30118571212255090818743
0.30121264772126543629582
0.30123929768037188692276
0.30123336155865443330981
0.30126037702088392933319
0.30120679723519550030630
0.30118012618664441459870
0.30115625221778863362943
0.30113496137336281943675
0.30115458507106568353251
0.30117692243800664453346
0.30120156355607913267747
0.30122790159416434896400
0.30125412777636217942501
0.30128077333971609030883
0.30127484153878564265838
0.30130143784922902572276
0.30124869964318984338902
0.30122246622773635182924
0.30119810044012435001903
0.30117533137594504344392
0.30119640785402607141563
0.30121936050864722700382
0.30124320572009788410384
0.30126939803587898802917
0.30129566136393087782963
0.30132214476889940257820
0.30131633562656567892901
0.30134251615864782181120
0.30128993697010003627312
0.30126376059901982529254
0.30124005417241406235007
0.30121781155248789074719
0.30123838541503744625771
0.30126080841935970466849
0.30128408094667907812791
0.30131048559033007938623
0.30133648832816134488510
0.30136281895251498808008
0.30135683459983214627087
0.30138274753103649894470
0.30133098467876040515989
0.30130509480885364625991
0.30128090978037552760682
0.30125875675079988313954
0.30125181617822399671169
0.30127114132770999033184
0.30127914249825799020144
0.30130162717362796165332
0.30132532628066527324862
0.30135180236234226924807
0.30137718913386457586512
0.30140346855482985644059
0.30139819157418035189266
0.30142454126293605209952
0.30137189744123199508508
0.30134592838848828222353
0.30132228892630957828302
0.30129983066908760935831
0.30129115213267909645367
0.30131119184919474829343
0.30132068369351688863489
0.30134280986650852085518
0.30136627669545235086446
0.30139247408736591360423
0.30141869300709311918496
0.30144577640464537138243
0.30143984491417541438096
0.30146669391641117696778
0.30141301532035569277213
0.30138679305395216223573
0.30136359309457488864226
0.30134128350411581998003
0.30133126269388360585211
0.30135102356540988122191
0.30136172065934641040030
0.30138373044759014796057
0.30140741594949699289074
0.30143405200970851964826
0.30146067588016617344593
0.30148717268834634985808
0.30148141076336304466921
0.30150728085831135505401
0.30145535229430664436734
0.30142798716634511269064
0.30140418883167735542017
0.30138175061966443468719
0.30137066068895029813390
0.30138990078353905532893
0.30140219172902987798679
0.30142455366747067380118
0.30144881964523367878783
0.30147568360448628865811
0.30150196178302451910369
0.30152741211772887686138
0.30152162142561678148667
0.30154785025964242484164
0.30149584371195270460220
0.30146951232958368871451
0.30144552598231977302845
0.30142231308612960072324
0.30140903170112226527877
0.30142868305944620077597
0.30144312532528255710318
0.30146616918018553921144
0.30149004466341372543425
0.30151612494771495853740
0.30154203226567194429109
0.30156828369442983950321
0.30156279853484768693761
0.30158943902736429221179
0.30153661827677408213688
0.30151030691386354609662
0.30148691318470544064922
0.30146389930176803462203
0.30144860183463362268697
0.30146857005644361882091
0.30148490201049982228909
0.30150738441283353452604
0.30153066055135374634588
0.30155736385637804675142
0.30158397605097281291009
0.30161019719036485930985
0.30160490933137090729943
0.30163052191261530143862
0.30157824098290159087199
0.30155129016793380536399
0.30152798312661904800436
0.30150543628532044948543
0.30148867744223717402008
0.30150870973516402662185
0.30152577243839451259788
0.30154868778138244067577
0.30157228787215700771540
0.30159907798778418097640
0.30162516142018119813528
0.30161974124315182876899
0.30164545296999561996287
0.30159320223538776950534
0.30156916353450979872974
0.30154640436930624236567
0.30152813032270636695031
0.30154758010436755188977
0.30156666660476422192616
0.30158993680458656694299
0.30161352479294212258765
0.30164014823064122516882
0.30166582518327167417027
0.30166014411931685312851
0.30168684700390535624592
0.30163395862953779058557
0.30161040657968640754660
0.30158744895965761134704
0.30156720481090332208751
0.30158716307245531096370
0.30160781440390610486091
0.30163091527501367794528
0.30165401769125349540346
0.30168090543782061230260
0.30170826825162389006607
0.30170210851358497672337
0.30172974606480246206885
0.30167489100839328663994
0.30165132419421902820744
0.30162799830167263959169
0.30160677689368520226765
0.30162629212023500668849
0.30164847279935064205958
0.30167160156001843196449
0.30169596366751411098406
0.30172402264973202656861
0.30175110005917682443055
0.30174498521045994836598
0.30177143184518950835837
0.30171716300291318013649
0.30169280565297007523640
0.30166907000809189964841
0.30164612282595781866945
0.30166662813341760251973
0.30169002536056338525938
0.30171386611511930020413
0.30173829322644507566764
0.30176513947252670000410
0.30179094026425679064829
0.30178492496761699648289
0.30181041033570588094648
0.30175874241045136381345
0.30173520483947435799621
0.30171099488392177923046
0.30168722976441703087502
0.30170824887399083635842
0.30173191222736300831642
0.30175543977911961635030
0.30177878873316965613327
0.30180454626065367218501
0.30183093245182424091411
0.30182552201946449832448
0.30185242360140829287474
0.30179869452541008278956
0.30177555475481249169789
0.30175243207729157690622
0.30172916027821594653346
0.30174999686058939785127
0.30177267930084400449076
0.30179557839583542877548
0.30181923935588628182813
0.30184698137918525295831
0.30187513250817393783976
0.30186921768315705394414
0.30189705116981913057828
0.30184087920307040020518
0.30181657512097526119277
0.30179311433202510306373
0.30177048931146971399997
0.30179086059428816835037
0.30181393358552044414722
0.30183814674434367164579
0.30186307937048423299942
0.30189136249813758317018
0.30191840525711877152304
0.30191241739601293314621
0.30193859190097382949602
0.30188545661583049417587
0.30186038050573860136438
0.30183542238087673892366
0.30181149641421789464601
0.30183311377753063720064
0.30185721185709213365556
0.30188201761397742695081
0.30190601368898395406859
0.30193283262554432289093
0.30195839192807721884648
0.30195206823729586753657
0.30197882656817853774811
0.30192599622561638872398
0.30190257893697713953429
0.30187903333250915016706
0.30185466791526438523618
0.30184744177552352839555
0.30186856439416681618937
0.30187609528649000933953
0.30189944929127549011483
0.30192257163514912843283
0.30194536626813150981263
0.30197222778798765707720
0.30199967071388267303433
0.30199341432907544913178
0.30202129178181436053308
0.30196556847849459481736
0.30194186083862561975621
0.30191911676102889394713
0.30189643726640230658731
0.30188812572833528813376
0.30190755218328257925009
0.30191600200640389406459
0.30193807144995365998597
0.30196178063757572740400
0.30198684554430210713605
0.30201542260379332649478
0.30204268372253983976350
0.30203715406237519047750
0.30206331337374081602576
0.30200895639850983132035
0.30198319919475941075504
0.30195841165619408119625
0.30193559020602717124504
0.30192648582416864444511
0.30194536814752437337006
0.30195560471302296257079
0.30198018294124440163984
0.30200562277679721123747
0.30203088629430385747554
0.30205793246384304850949
0.30208357591534423791657
0.30207788492085113629670
0.30210345074901528983347
0.30205205433053039509872
0.30202822333214274230784
0.30200260188536870442633
0.30197713474118759169329
0.30196532044655549631429
0.30198696396526680807426
0.30199978297029722584810
0.30202498363709329165516
0.30204901997200783725361
0.30207211531589855946223
0.30209777949674776476030
0.30212447811998627278385
0.30211832302596369759229
0.30214597771082485344607
0.30209133495856332896068
0.30206890804551345119933
0.30204625218572112022031
0.30202250960212273511729
0.30200924786466210036906
0.30203055701011943812162
0.30204413102755001130362
0.30206596291885867699989
0.30208768645544248343526
0.30211145549603046767118
0.30213976034679002058425
0.30216798847178155673632
0.30216170474498982301270
0.30218884517307359471872
0.30213262683258779173201
0.30210781964603233840094
0.30208502173982176852718
0.30206355286422720274331
0.30205066361730320556589
0.30206893117815236671220
0.30208209436299388039870
0.30210405187123823278483
0.30212900211678395123727
0.30215502089918222505815
0.30218282881522268157326
0.30217653066435873343565
0.30220276664504180930138
0.30215076310627647648843
0.30212483478859070151756
0.30210092145893541193402
0.30208658142608740826418
0.30210465290957583261999
0.30212161660929787165841
0.30214659769613239070907
0.30217273748183925974331
0.30219649203085569011407
0.30222162989849149505872
0.30221555011644335442256
0.30224023662659332822855
0.30219300264060994232196
0.30216902782181903619474
0.30214351892051483083890
0.30212498729336945135771
0.30214624251631294615805
0.30216571412620357728329
0.30218998289995657735574
0.30221223858855905675114
0.30223392229269768760602
0.30225968965826266465768
0.30225350777223741749467
0.30227944653349991810387
0.30223086960304923476173
0.30220907290876686257519
0.30218683777363658515824
0.30216791255402974947231
0.30218860867462965513752
0.30220664374396033480252
0.30222769385733477820466
0.30225008980804712876989
0.30227372404722768761687
0.30229963065899506657885
0.30229362616213995007541
0.30231933280700057364854
0.30227027507988396548555
0.30224696632114872452135
0.30222561238933404181850
0.30220774401896144389923
0.30222582917515705691613
0.30224469110384766246113
0.30226705342104276397208
0.30229019970580955911643
0.30231299189543492378363
0.30234018507897131300410
0.30233260706144221563463
0.30236275798307599149695
0.30230903364955696854821
0.30228668612319392616783
0.30226430566911866026913
0.30224418354276910703149
0.30226384331997685483984
0.30228343545085978316678
0.30230463490313086438732
0.30232754097673714133165
0.30235444614726320056164
0.30238132087793107016793
0.30237592063507418016499
0.30234856624086148269015
0.30232221242464002441963
0.30230137376269516913396
0.30228282070205403364582
0.30229987519636863924077
0.30231826758620850004178
0.30234322778181554891574
0.30237203366213649680105
0.30237962897153775054804
0.30238409542044142330752
0.30236834049369049060019
0.30233856867168146242975
0.30231625477060469764368
0.30233616290390924463694
0.30236542766574148188852
0.30238713251028370709861
0.30235963335636217852453
0.30238914177373799052617
0.30236448065333915158348
0.30239156633813141228373
0.30237113044823865637412
0.30222089166981230823339
0.30237834378094075038490
0.30229727267818928826415
0.30223068941180442070760
0.30197769002549618155840
0.30011518232428430197345
0.30012482363997405876432
0.30041013044405051601871
0.30040644502154884021294
0.30050501335506141220577
0.30039133173054594072582
0.30049997520095111935845
0.30052785377211410633436
0.30052378430362208794335
0.30053857183132831609740
0.30048979809006920449477
0.30036937115771733530778
0.30047704031784328027044
0.30051733376852624024522
0.30053553247888958876999
0.30055633704169815167973
0.30055321011791003016356
0.30057954177398771289376
0.30053095313187033754687
0.30051174702999333687714
0.30046188335381374123756
0.30044343566331355166454
0.30050527460474990570916
0.30052816237904544927062
0.30054933905303982122348
0.30057654389331839306365
0.30060285320431495703630
0.30059976313484004784016
0.30057237415021731408160
0.30054628294429569512758
0.30052485108387289036713
0.30049750699087840466461
0.30049275659144825123548
0.30052116229563141658332
0.30054315631480449377833
0.30056851877656992622079
0.30059498678786500391880
0.30062138751536021663568
0.30061618405476964177581
0.30064172469778288609987
0.30059083627411908867799
0.30056454591838577261598
0.30053967568745759697535
0.30051826097254286107585
0.30053638593606579743067
0.30055987094476888099592
0.30058635119410170855048
0.30061183690649906363745
0.30063650278762149570255
0.30066339153103821546509
0.30065795070601858407500
0.30068554938601466108850
0.30063214744644861653455
0.30060711036017478958726
0.30058111651437124933750
0.30055554959915697921247
0.30057631124107886400054
0.30060194070503543084527
0.30062709443384300067592
0.30065295076922854411450
0.30068021181980930656152
0.30070773767980341073525
0.30070219770337791587167
0.30072780164711793160492
0.30067525964989633147084
0.30064825040944725964565
0.30062203928347591697090
0.30059670042329622585697
0.30061725510020592677662
0.30064286183483523995363
0.30067043971742168917416
0.30069777046161710876149
0.30072327217508965091497
0.30074656740269578580893
0.30074234972835545143255
0.30076527959133386724844
0.30071909841805305463325
0.30069302045474211038112
0.30066512091654845617583
0.30063785858670472039833
0.30066008966375529221082
0.30068769591179428379846
0.30071459282445683891538
0.30073838479941833456976
0.30076134067942844607657
0.30078524230126518768103
0.30078080402540513516030
0.30080712409037857479888
0.30075749177686805779786
0.30073444033649809892239
0.30070990141047976296207
0.30068239219827497255011
0.30070455653093380865570
0.30073006688525744101170
0.30075373907196761846805
0.30077692626941543441177
0.30080244623121005220767
0.30082960840802103197333
0.30082468165745496202490
0.30085156490795500472402
0.30079835712418767634801
0.30077303934686833164491
0.30074925136686808668784
0.30072536242176273191262
0.30071807754429424885956
0.30073733343935049600049
0.30074492557206866649722
0.30076878554527974873878
0.30079386611862835021469
0.30082024184345285133801
0.30084718585022679482321
0.30087224315158067611264
0.30086730881689727201689
0.30089102802425304883371
0.30084207753200292723150
0.30081565066254833951120
0.30078921627605320621157
0.30076433287569237506887
0.30075599237742978164789
0.30077482734914345874344
0.30078423287703304200846
0.30081077720118593044063
0.30083731109732630981668
0.30086261510322548362595
0.30088636522395117989248
0.30090920175841567862918
0.30090462641129056553524
0.30092804226716085569393
0.30088182725684237128760
0.30085815903662965764553
0.30083203350149612109732
0.30080518344215539938702
0.30079406146481424411121
0.30081436138982348138526
0.30082640018486239696927
0.30085266595502230257964
0.30087711502209668612551
0.30090065387646719452519
0.30092383636881114838957
0.30094842896684081967607
0.30094443778084650764626
0.30096967015287157121151
0.30091947550165420999235
0.30089617020639419786576
0.30087232188569840163339
0.30084732001057690187196
0.30083467476277964136600
0.30085416930272879110220
0.30086706686485525930053
0.30089159334500220621678
0.30091545614846421097255
0.30094010033663870506970
0.30096543120557051054220
0.30099120392804129542341
0.30098699989256744169452
0.30101160165748119812434
0.30096151019980160734590
0.30093623219251669498320
0.30091131707370394332557
0.30088663271716831193459
0.30087316040056355515020
0.30089218971819148285007
0.30090637285296650826893
0.30093200767313704746542
0.30095772333654080554766
0.30098304995963692798355
0.30100779590912490890631
0.30103199455247708904437
0.30102802218132557188213
0.30105185585312377316569
0.30100384018837966770832
0.30097909142734441401146
0.30095357578475778748128
0.30092728063685147965600
0.30091162737658488923742
0.30093159862247365055055
0.30094884352966860818768
0.30097492002434850233428
0.30099960111618762059749
0.30102368004247209709590
0.30104785328003863531521
0.30107208516154648769714
0.30106751701242040475393
0.30109262654640661649452
0.30104315140541809681096
0.30101942549800825288386
0.30099559521484642310440
0.30096967298465021611875
0.30095225757655141851643
0.30097202342071044389726
0.30099012881648146144897
0.30101480735054764181768
0.30103914678148158134974
0.30106327238480284913535
0.30108815502753943915693
0.30111291308068233174566
0.30110915546937333520106
0.30113356019124509765916
0.30108390137943319420089
0.30105852452322495738102
0.30103428470507054282024
0.30100943712801320195638
0.30099118062860691358296
0.30100959141622324333198
0.30102846837058577778024
0.30105387273255990177034
0.30107935566399318672026
0.30110462023988654456375
0.30112977844256416659618
0.30115339387590400743733
0.30114963223389579205502
0.30112547379422199833598
0.30110033915115574920662
0.30107468462630898597965
0.30104825518868205680434
0.30102805680731409276873
0.30104682280575406627676
0.30106874056070342948743
0.30109603913458515833668
0.30112166210027918600289
0.30114557364727118082826
0.30116925916876152724555
0.30116543210561685928184
0.30118874535490591792808
0.30114193393027177680921
0.30111740704398343160264
0.30109053677634572965260
0.30106690835117477789140
0.30108818424984873374228
0.30111207326943401074715
0.30113805862600789842176
0.30116160102971489820334
0.30118479567814099295830
0.30120887514456112787897
0.30120429985349095325375
0.30122906908264485137394
0.30118095621664109362570
0.30115775669398431313439
0.30113303035740329738346
0.30110908112022810589892
0.30112964645432988008977
0.30115247435495295924568
0.30117685554493062172199
0.30120039493851713530148
0.30122484842542551763955
0.30124965589628927009613
0.30124530853766878779609
0.30127072747916833206361
0.30122085348353166978086
0.30119622836298320933679
0.30117173660295259995934
0.30114936840929568129255
0.30116858313157701676488
0.30119069092272393595167
0.30121624771745242332699
0.30124138276340362008199
0.30126658287969154681463
0.30129138727336846059757
0.30128722100875371392448
0.30131239297893991357924
0.30126243769694055485431
0.30123703986131789012148
0.30121078984886040519342
0.30118755668883290255167
0.30120725011310495178307
0.30123148723378795343919
0.30125849731294640498902
0.30128351229179617387643
0.30130791172312471060124
0.30133271532335592635121
0.30132854930500413415118
0.30135330610209998258853
0.30130427885232324847209
0.30127941739356134398520
0.30125269039968594064760
0.30122806661586470911018
0.30124921567751861140039
0.30127397718898635270435
0.30130017195945735242191
0.30132494410688459574033
0.30134929018953482415810
0.30137393823120478542066
0.30136988381994889163451
0.30139423272139365117539
0.30134545074174046153104
0.30132074180715456845903
0.30129469483198489943021
0.30127069087024277438402
0.30129133490070975076591
0.30131547330125518779909
0.30134107689793021567226
0.30136596674464538603289
0.30138995545964986089160
0.30141445726710647257107
0.30141022091070973631943
0.30143430760343514762667
0.30138643289211142217709
0.30136210183503947535044
0.30133559551276745125392
0.30131177556091243152636
0.30130487724211152400500
0.30132428975997749276416
0.30133223215966531416399
0.30135633360150970716518
0.30138234166568173000300
0.30140721633719963490350
0.30143049298859692086694
0.30145495011333917068086
0.30145141044161560817116
0.30147594235120889205604
0.30142727614643749500800
0.30140295189055971158965
0.30137701546372036576216
0.30135299162056089494754
0.30134438664962009957193
0.30136450968027561625462
0.30137391469059643389627
0.30139755784384525405528
0.30142330765151081894970
0.30144781734097619851909
0.30147182641839004313411
0.30149709516257156005636
0.30149289324300782011434
0.30151792996018533798974
0.30146832432434556015011
0.30144382889218263033015
0.30141835738439470837591
0.30139458290025711306725
0.30138465906291028728603
0.30140449742085423379123
0.30141508955620238685569
0.30143851132679166937578
0.30146445391831627746981
0.30148932558511609691720
0.30151363815306536642069
0.30153832599836505323765
0.30153428438976537240279
0.30155834988546859065650
0.30151058838389888094866
0.30148502492998546786751
0.30145898575206092617762
0.30143519027058479631265
0.30142420735512032159420
0.30144351347217890335628
0.30145570167101587433223
0.30147936771439254322047
0.30150585791063544416346
0.30153088260880001048037
0.30155474548842270410276
0.30157839457026863749789
0.30157431527991102049313
0.30159874518251783559464
0.30155100614271351799900
0.30152654964329611564366
0.30150035315794920798282
0.30147589086914733380596
0.30146270374967165661673
0.30148240893180627830716
0.30149677225704440974852
0.30152100873560644389570
0.30154707738096853120169
0.30157124973301824288896
0.30159463692452448402292
0.30161909128934183410564
0.30161531184430123708751
0.30164015856992704156525
0.30159170301483240184126
0.30156733260032847487864
0.30154176436383411941122
0.30151761704912838357728
0.30150237614539310282424
0.30152238299993155967726
0.30153869010844075448929
0.30156224843547080327610
0.30158768009053571468314
0.30161240876225980933611
0.30163639617100695966556
0.30166082631124352397833
0.30165723595919086141848
0.30168105900591174473035
0.30163324633255833573386
0.30160830174076252996329
0.30158285773811766006247
0.30155929225427452466946
0.30154251982356472527869
0.30156257259160590411540
0.30157969590596583886466
0.30160357194500309052643
0.30162928811656924965590
0.30165404369551462870902
0.30167739545693766922696
0.30167466585042318483190
0.30169759308007532139229
0.30165018852095354384701
0.30162405687254073560766
0.30160039689034506826815
0.30158200725948125509035
0.30160146198777798565160
0.30162072820282670448933
0.30164484006593234033389
0.30167049595634132241884
0.30169503007567277652612
0.30171786927567517677673
0.30171498349870257138505
0.30173879478385323693601
0.30169091386403440457897
0.30166531864950907326772
0.30164157835634003435032
0.30162108088609090872367
0.30164102551061483525885
0.30166200934730097449332
0.30168583545751531671542
0.30171095463774622036368
0.30173570362790003152043
0.30176012009859343176998
0.30175686359825248938904
0.30178150168550260667999
0.30173180640467484048273
0.30170625005021317610598
0.30168226087473143381956
0.30166061781656483553604
0.30168010462771416291261
0.30170280297348855969020
0.30172653403194193977299
0.30175285558710196465171
0.30177873303949276362346
0.30180275785007770750212
0.30179965017005455640842
0.30182299053952266199019
0.30177403146791531574067
0.30174774623061406675362
0.30172346813913936136586
0.30169988237953643261946
0.30172043744830023825898
0.30174448895840771944776
0.30176881279503708910283
0.30179513667600105231159
0.30181975997083310137015
0.30184240022095532030022
0.30183950020474725750574
0.30186177179924306157588
0.30181555731115006224741
0.30179015534957259747628
0.30176552346962381978557
0.30174108747097300176065
0.30176215612967527412991
0.30178650540524093459638
0.30181039490477490350173
0.30183557273190425584986
0.30185907362532216069440
0.30188219470705734970295
0.30188000057042002621799
0.30190358507517295327816
0.30185544673017894456990
0.30183051566838037249596
0.30180709046321790856027
0.30178311275513874933907
0.30180399441119909464959
0.30182739820932463770120
0.30185054383217196916078
0.30187595906192232764198
0.30190141203121079183092
0.30192619385528773889860
0.30192360089888781171652
0.30194801315884983727855
0.30189756436306869336050
0.30187154401391685931699
0.30184789300492465002890
0.30182452914846896740997
0.30184494538670386676316
0.30186877240070375538750
0.30189311925007894510387
0.30191972622310520035782
0.30194569508994961726245
0.30196926735139439923472
0.30196669777926915534394
0.30198935245501096202858
0.30194206424285680023800
0.30191535712018102710630
0.30189032077538935361360
0.30186562237675917952373
0.30188727983730423432007
0.30191216684209454257370
0.30193699860876554996736
0.30196258199543307698676
0.30198706116988127678979
0.30200905045050302488718
0.30200624497365391452064
0.30202938408412849380369
0.30198252190624619295534
0.30195756306397081303317
0.30193404373063098544705
0.30190887079554373784163
0.30190054336347743602076
0.30192158787804956876499
0.30193033802016372435517
0.30195451386255572900907
0.30197755661194014553672
0.30200184677028396595944
0.30202635062968063994759
0.30205012776003586916218
0.30204748148139337615703
0.30207164741918851591507
0.30202200298340048378876
0.30199684750830096957586
0.30197423453636174084380
0.30195071642891957441890
0.30194107209703635597009
0.30196042073196438515481
0.30197031685795350242074
0.30199324093738616481275
0.30201677085735639805009
0.30204323272651500964514
0.30206943357305404695978
0.30209293690634975160236
0.30209110900625540940823
0.30211346463418503605070
0.30206529552405286809247
0.30203819076630922246807
0.30201363160445598987636
0.30198993705331927950297
0.30197927808143509853522
0.30199808939753430836461
0.30200998595076811170657
0.30203545030237621826785
0.30206061489796792729479
0.30208717577888205552128
0.30211183051521617315416
0.30213362616707650776249
0.30213172339097521534867
0.30215339946997871178880
0.30210829043240489122368
0.30208321608023885884720
0.30205791688700089903108
0.30203154902550544136375
0.30201797583280237669001
0.30203955620205064080963
0.30205423094900257785511
0.30208034591772897625717
0.30210401429846794885137
0.30212829706972410548360
0.30215155664476633923243
0.30217432423436907384939
0.30217203915079338116811
0.30219572135200933882260
0.30214746241573570140204
0.30212390329346555661871
0.30210165813078931895674
0.30207698687188255792790
0.30206178230012120655701
0.30208303952909221212764
0.30209863879924708784941
0.30212140979627288839282
0.30214268171817981745164
0.30216752668556406957734
0.30219341539101085558627
0.30221763089771241928005
0.30221529691343762547007
0.30223838640704631108846
0.30218863818483177041685
0.30216281276951106882223
0.30214050854434726378628
0.30211809057305577530528
0.30210310220328467911699
0.30212133004506502853559
0.30213666241754633112748
0.30215957859633407744937
0.30218399547173607766481
0.30221097160733501052476
0.30223635559216466273114
0.30223242087575646896980
0.30225622743475932807655
0.30220575758571432967159
0.30218039963418286131258
0.30215551542548740870942
0.30213894494882420627135
0.30215698926228623522050
0.30217623790342651446394
0.30220219726629399259465
0.30222773110727413348187
0.30225231990320972075281
0.30227502490862268036409
0.30227131242740507000022
0.30229356435587689810873
0.30224799299954996367745
0.30222466094880567899494
0.30219816823134632022274
0.30217730438419487803969
0.30219854701822190801153
0.30222039210787454699414
0.30224564950383114858568
0.30226722751240497899516
0.30228961745892546364445
0.30231294747489428909049
0.30230913561900440988950
0.30233263379160613126828
0.30228585706094418528167
0.30226477121855471752454
0.30224154148118276275170
0.30222020860785525631087
0.30224090257032049100516
0.30226137277122505642168
0.30228342011426279078989
0.30230507471896339577455
0.30232928416601123622343
0.30235274750264196086391
0.30234911629098454310949
0.30237237758521001707024
0.30232525644997099156797
0.30230271808435260627590
0.30228036701456489909745
0.30226004237615849978837
0.30227813619077953388725
0.30229947368324827650099
0.30232283047610791770765
0.30234517772129837487327
0.30236840936167136417723
0.30239315637839608852389
0.30238795098777387915234
0.30241565417395066539541
0.30236400834364285383771
0.30234248736007302005291
0.30231911500967950656715
0.30229651330929163677297
0.30231625826575941884400
0.30233827092473103403947
0.30236045663297544949799
0.30238251303262103641956
0.30240971817909978458516
0.30243414118154093861435
0.30243111744700640342032
0.30240353458937857533684
0.30237805248332288998725
0.30235623417198442819398
0.30233532105403959633350
0.30235246232355311724049
0.30237315392675734315731
0.30239908458501102428428
0.30242699708807335712279
0.30243474574825768286246
0.30243905283925209825924
0.30242421496601817887395
0.30239348124227305447675
0.30236892510383572840738
0.30238891615762186759753
0.30242036651399090141368
0.30244302133108430519215
0.30241552441754127045215
0.30244410429337287293805
0.30241731762548312856254
0.30244448816475166808004
0.30242610998107583020200
0.30227586548376167430163
0.30243134156588119543230
0.30234975850806655728320
0.30228373754393383920913
0.30203013392161548456016
