0.13211719294194285145849
0.13203313008545083939715
0.13249535435569442798354
0.13245632636291987394017
0.13262089513400701634716
0.13241024520908251105311
0.13260603522603450765693
0.13264109275741942095550
0.13263448218126563937780
0.13263776671347393687483
0.13258864125843938808202
0.13235726236696909730028
0.13256671089151089715230
0.13262647897590418288871
0.13263141742899980934922
0.13264292814155309585544
0.13263434608556379235011
0.13265761388023164513150
0.13262505911182059792353
0.13261888064525129138360
0.13253986858946312232810
0.13250749116263255134029
0.13260866339271648595144
0.13261984512188326745807
0.13262750385202359826309
0.13264900915468835762567
0.13267604295164497907322
0.13266789684608035204683
0.13264145098604826489286
0.13262098918633849486959
0.13261381463588253759589
0.13259681460326808166705
0.13258693641887533964940
0.13260864467277694300762
0.13261446659550213400536
0.13263346298079245477730
0.13265993655991520361326
0.13268608501676609767728
0.13267765698302377841422
0.13270214875434432899581
0.13265239640076484373132
0.13262651846474465822112
0.13260913208964089649022
0.13260318175674898344418
0.13260445915486840373632
0.13261959403386089362264
0.13264489230630857607984
0.13267045607731145495656
0.13269393727911332758751
0.13271860886684297420324
0.13270992845041776342363
0.13273525394539067989719
0.13268621445238817924128
0.13266300416149309771008
0.13263786600593471809439
0.13261417941765848982349
0.13263236366982611436072
0.13265659577708785454853
0.13267836687519063421092
0.13270121243566643243206
0.13272649202280048519320
0.13275120772170304062065
0.13274235495995151401516
0.13276404657233761841262
0.13271770264253660021048
0.13269360052893469648083
0.13267190963317268548316
0.13265039370639095106519
0.13266568221978533581584
0.13268581396174364273044
0.13270933033599852102213
0.13273455188276517269230
0.13275667945479593945457
0.13277495300407621270367
0.13276839056049924425729
0.13278578790891915062389
0.13274957204492801587925
0.13272614148178860093985
0.13270105195826756294686
0.13267915269732447058892
0.13269422995677893073463
0.13271819765022641046670
0.13274164507784813604729
0.13276150650185880586207
0.13277943431677224905840
0.13279915002353454012152
0.13279107930310138363517
0.13281455059622068737291
0.13277241443938875287145
0.13275521473761581203732
0.13273484409727398514178
0.13271076386448366069004
0.13272760133199887344624
0.13274860517841768903224
0.13276618116831362392816
0.13278419794542814513783
0.13280603220976541778420
0.13283119844657675923116
0.13282227233289053969223
0.13284664296010306738793
0.13279826125702839934029
0.13277730980203375499293
0.13275975826864672146854
0.13274230497934383365966
0.13273688455121415707971
0.13274938581781997593012
0.13275481988538603839167
0.13277049648408004167699
0.13278998408641098927241
0.13281388591396747766993
0.13283867166350490918170
0.13286035663178097365744
0.13285206899166215888108
0.13287167611261527233601
0.13282958689568985510832
0.13280550073459276849697
0.13278331082435854137991
0.13276538732368714512688
0.13276023396949934718414
0.13277042617315851225079
0.13277698014158101358362
0.13279785099054980390676
0.13282160045191934716335
0.13284402307041856539094
0.13286379633690231782950
0.13288243881134431667590
0.13287457315355319376060
0.13289386918386617009169
0.13285663838928735147604
0.13283652914707080872070
0.13281329486874818290865
0.13279055491726338145142
0.13278226676097529268539
0.13279622772903881822160
0.13280619275162613979191
0.13282807101275359573656
0.13284867454247561990854
0.13286787936427421619179
0.13288689903991421359386
0.13290734373772231102784
0.13289988831930604762377
0.13292169298178127534449
0.13287890984606570699000
0.13286029940188834319592
0.13284166725712792667125
0.13282174627093462637717
0.13281155088511117923211
0.13282511454464293598754
0.13283565071287961600888
0.13285371887013155967061
0.13287196471705223221882
0.13289193993793010917237
0.13291352850166812671340
0.13293532176575426073661
0.13292700838374693628197
0.13294765330843627548774
0.13290595942344871072116
0.13288514809722440368489
0.13286563762497333174295
0.13284758092821336017408
0.13283806204943945927788
0.13284966006437493035719
0.13285944985297906684174
0.13287779621004555674624
0.13289883688331918798475
0.13291995195809247487517
0.13293995625865867582505
0.13295965947779969651421
0.13295226716978567060856
0.13297255953873099443285
0.13293246051398618923223
0.13291219766010994862704
0.13289168462223829858537
0.13287231334551588557424
0.13286083406934895423390
0.13287256596884181036877
0.13288588295770445424360
0.13290546265013222781981
0.13292505709311586148402
0.13294441612581062162057
0.13296491419114256360423
0.13298658532518864427985
0.13297807974105529948972
0.13300109608636587199548
0.13295668865129259272884
0.13293732900882906933226
0.13291853037028308892609
0.13289917753826022139840
0.13288554404669569719566
0.13289814737257918397795
0.13291159505626870540596
0.13292988852561524182327
0.13294969404157469528016
0.13297058229771327453328
0.13299269081524334179534
0.13301476904900536024634
0.13300728388190791173784
0.13302773761861816370633
0.13298500913944921730803
0.13296238776143043391897
0.13294179182720475274060
0.13292366035228131426749
0.13290962524516225506943
0.13292086880252534930591
0.13293527337470073534931
0.13295482028364308257906
0.13297668759474196020776
0.13299928909041566771343
0.13302050987579316920772
0.13303934900391448103996
0.13303185320833618709990
0.13301238437203025122280
0.13299150119253785873319
0.13296925983820184757889
0.13294812188851304335380
0.13293210237050459565644
0.13294391628896248813696
0.13296177574874293303431
0.13298390169246165903871
0.13300557735191997910107
0.13302466447917132841283
0.13304259516206212721201
0.13303539385325735544541
0.13305383004375892497251
0.13301747561042923106989
0.13299788880893706477515
0.13297691389887328350383
0.13295738614113844500153
0.13297207105245537062110
0.13299161137597445558889
0.13301032367284856827716
0.13302813865723703279365
0.13304632596151724777123
0.13306604363927995726691
0.13305761272052485377770
0.13307906561087587404835
0.13303870807900494699361
0.13302157158297339689668
0.13300465946126358018908
0.13298602557254249334484
0.13299872986972288702034
0.13301531519144010884403
0.13303179077019303133689
0.13305026375506107116919
0.13307072962059104948018
0.13309200224203443507776
0.13308392777934871520351
0.13310495758105078678568
0.13306296004656925635601
0.13304250559993560654171
0.13302529373973062676306
0.13301008413066453539564
0.13302044738394516731894
0.13303608179302758851570
0.13305450307651239816309
0.13307585201386798456902
0.13309739067639583809388
0.13311786516447501882432
0.13310998111361294071742
0.13313085165391025377346
0.13308917006729181764513
0.13306813631641176143283
0.13304828069524782252486
0.13303093062245738287253
0.13304218891346691888700
0.13306162149933206673147
0.13308204681301666338911
0.13310277792816649355956
0.13312295487542258332070
0.13314414734540208629099
0.13313676189201323341038
0.13315822830601345416746
0.13311605650315067039813
0.13309553212559049883978
0.13307510966299704313620
0.13305509545642324464865
0.13306937390782958008373
0.13308877225804663368969
0.13310849862576884516940
0.13312966250303259752030
0.13315108858238569600196
0.13317243388466851183871
0.13316510048245677744205
0.13318573759341229001407
0.13314313647511538674095
0.13312195198521806216441
0.13310256514188231746765
0.13308341969520640080127
0.13309684010726133274183
0.13311613176783362866296
0.13313583901867262482277
0.13315700298050905936442
0.13317773665073567856965
0.13319751703625537508913
0.13318937650480253132024
0.13320782144248982659107
0.13317030500935383985350
0.13314984050039938012766
0.13312932038928232403308
0.13310974785435819578439
0.13310386980672983536778
0.13311615273325194674925
0.13312307181720811621872
0.13314254344846854216655
0.13316240228603618001024
0.13318229856347585382537
0.13320035822565989835908
0.13321863071622183638532
0.13321145427341904432517
0.13323098301097607842891
0.13319268956388169433680
0.13317390296333164734222
0.13315549640302021261462
0.13313661261406029012733
0.13312928339091043006270
0.13314207808106964803230
0.13314980160670777942222
0.13316751150964112326847
0.13318478211028647595349
0.13320325642452562897589
0.13322312358897916984013
0.13324440540725812631706
0.13323615410970915395872
0.13325843588921723603669
0.13321504848982532176471
0.13319577872841756316369
0.13317869411022922876420
0.13316140042182497693624
0.13315372423069046781130
0.13316443512172845831110
0.13317229678943909298994
0.13318906352445741836377
0.13320764446698096783450
0.13322864109930432352513
0.13325038672895000990692
0.13327168697750346737507
0.13326437245488251259751
0.13328449679602910604714
0.13324300927080645617906
0.13322051427644268639661
0.13320062354998477016643
0.13318295583294678663400
0.13317533211168119944290
0.13318545885152693886155
0.13319488155057485068156
0.13321366110793395054479
0.13323452289724363462042
0.13325659072012246975092
0.13327752262685044204460
0.13329651540498485551289
0.13328891859427552391004
0.13330853543790643911393
0.13326942291615212488054
0.13324892630188503450661
0.13322823767882105427951
0.13320760871758460797132
0.13319652780293231297826
0.13320931351659615060612
0.13322174242249323894427
0.13324242828636850832780
0.13326226305814015127282
0.13328158669738668362648
0.13330049102055147036694
0.13332036513698783397608
0.13331252860188397280083
0.13333253727075281003245
0.13329329132605077790075
0.13327428572892296987362
0.13325566813983075187267
0.13323613360595545906939
0.13322334181499162486517
0.13323634015701041333202
0.13325018223323908950206
0.13326791276855154411152
0.13328527962033234754990
0.13330492671362006995572
0.13332518290196479493481
0.13334509693736731894553
0.13333754373232023504592
0.13335673665297542722641
0.13331702649703325302966
0.13329709039217541022282
0.13327937547470161683272
0.13326237013718161827924
0.13324887750033673206040
0.13326045854097931520066
0.13327345746469140830293
0.13329075419902447485754
0.13330924925987397422489
0.13332959812179873138049
0.13334919736089845265781
0.13334191773131107150441
0.13336060074006536591007
0.13332203921868363005743
0.13330240625768313700306
0.13328395943934684408916
0.13327042855472187588006
0.13328038052492141574135
0.13329580692603104630223
0.13331453433861953361550
0.13333384100988462939164
0.13335368304590344834537
0.13337238890348895870019
0.13336474653965749159745
0.13338492571683682741401
0.13334554389308303501416
0.13332727829284068965521
0.13330829490624809818833
0.13329132282946468124329
0.13330362356437119863983
0.13332086589552932798242
0.13333943375827569943759
0.13335712121870596513773
0.13337666885127169580372
0.13339831166801724426918
0.13339007131643654258113
0.13341191029609245077836
0.13336932015922897676319
0.13335110981862299817102
0.13333274117707794026444
0.13331510317538627918843
0.13332728988785216839297
0.13334444082713875490143
0.13336242431982700540338
0.13338207071765920130879
0.13340421355525561297739
0.13342581997424163287036
0.13341781422882389995799
0.13343799739173201057696
0.13339555291755109123208
0.13337517374216648069485
0.13335656782938815068107
0.13333878272333013481621
0.13335069778551722485815
0.13336912171388778935999
0.13338867951781496756780
0.13340885190718143604727
0.13342985338484225632527
0.13344900716455662670334
0.13344056626320097147520
0.13345879893331402676893
0.13342179466361628326077
0.13340261159136460045183
0.13338206679513672781034
0.13336219346165173460506
0.13337539455176727898333
0.13339514221726900267129
0.13341488142516685910799
0.13343313029207434783352
0.13345131015546210506706
0.13346988640380122448370
0.13346259455917028335925
0.13348228997121899808143
0.13344369749220638676768
0.13342634973163713940636
0.13340808317747215872018
0.13338869824003166120185
0.13340216169633054010824
0.13342014227769097289844
0.13343696124933768221155
0.13345437607018681425153
0.13347515049224850658405
0.13349633519003692438964
0.13348807366910123151094
0.13350947822010852950037
0.13346690076264003388395
0.13344855002920405495637
0.13343127810310706493624
0.13341392165785811996237
0.13342487719670625967439
0.13344224634687285035994
0.13346070484221561613936
0.13348029794254331892311
0.13350158165828623912930
0.13352184880428921709417
0.13351403553552643188596
0.13353322925730062853411
0.13349407474382102289923
0.13347392545828037913047
0.13345399493866716422730
0.13343582746424118012918
0.13344787262955215556559
0.13346711929178572964005
0.13348690995842099615842
0.13350608927682822146821
0.13352596906258160092129
0.13354531422381438199309
0.13353714220015411306974
0.13355803067766466862842
0.13351749890967695710842
0.13349954462937965726788
0.13348058015680008825399
0.13346070107110621916213
0.13345432342848337348151
0.13346732503587033225045
0.13347365069982630725320
0.13349306624723875080996
0.13351095487756980961791
0.13352865179447548360514
0.13354933961806822462215
0.13357155447161306316417
0.13356274382086302798811
0.13358400568765985139130
0.13354097248316579293892
0.13352213095477916127152
0.13350398461493237500797
0.13348605504671415267204
0.13347934620391180282617
0.13349095906938854283474
0.13349779566017425103119
0.13351469040999297543948
0.13353331382590472031779
0.13355436258901859369885
0.13357647367167513330344
0.13359576367746686664795
0.13358850526283813642259
0.13360548582086892444032
0.13356779777439134471173
0.13354677514948157246444
0.13352665639853425472161
0.13350861620808487928436
0.13350178647568608503171
0.13351177050731966033936
0.13352002275743743431313
0.13353975817506072432117
0.13356075483546511750710
0.13358025682213073292992
0.13359835381747553473275
0.13361484144621907366179
0.13360701114035783421130
0.13362491522886174588614
0.13359095701149947821307
0.13357415564441660338346
0.13355389717395013682300
0.13353223302429356733612
0.13352283493342978482055
0.13353582957686746524040
0.13354667533254743760907
0.13356689623939740907410
0.13358499358798794909298
0.13360022161128098927563
0.13361720408779254043452
0.13363769673266345794360
0.13362952008701145523162
0.13365226651293735105064
0.13360963901988301416601
0.13359396590653035974405
0.13357877736747281183227
0.13356084275126878235795
0.13354968917159568131403
0.13356233679375076328633
0.13357348842100630337271
0.13358843577153961534876
0.13360284756742288325704
0.13362073926798406775518
0.13364412959151100723787
0.13366674843006917661192
0.13365785403006597009679
0.13367807405530021669371
0.13363466205775806350253
0.13361419298566684643603
0.13359742097656601700351
0.13358298049501590720745
0.13357340525269623121574
0.13358238374829040084890
0.13359129181683598863728
0.13360725516308855076453
0.13362749270400817169779
0.13364946755189449634216
0.13367011828918717863957
0.13366261391595707364033
0.13367950650036661275344
0.13364192527105084318251
0.13361952866597948119676
0.13360056359541247483769
0.13358987052722362531831
0.13359831608243175060657
0.13361263511888726851495
0.13363380256328555306666
0.13365501385389857991193
0.13367251497215443256650
0.13368774682034612055759
0.13368040423779187220177
0.13369614064653717599995
0.13366587159476250867840
0.13364802621330409970746
0.13362664059884105105525
0.13360984099923078893823
0.13362330089572718727631
0.13364061287496928343010
0.13365990460839760611833
0.13367466003771932836486
0.13368841486573862509246
0.13370512265332476498081
0.13369755188654064426146
0.13371341445128639979778
0.13368292305041815093425
0.13366865622437007488088
0.13365300318356163056244
0.13363696996786145199110
0.13364920123962031883735
0.13366294155123803477636
0.13367662631512233772924
0.13369102419796799474661
0.13370600400221843706561
0.13371952866352365685287
0.13371174247218803321502
0.13372525914734720298149
0.13369898534331131623176
0.13368470063830928395987
0.13367136183265429516531
0.13365936433943856331830
0.13366696162019356397543
0.13367918373216580718577
0.13369260917958908363445
0.13370492459825211728486
0.13371674051423440565678
0.13373715174339839695250
0.13372778508444049805348
0.13375971427770733113150
0.13371000736920360396631
0.13369858498662531842704
0.13368604620219884382415
0.13367405786853944760217
0.13368115039676084498943
0.13369196870470856364221
0.13370297681253348609509
0.13372014805325960207227
0.13375022790744814371600
0.13377861358194367835672
0.13377422481980952295721
0.13374127588827464108157
0.13371210162885432959357
0.13369696297269548224129
0.13368725169970568922295
0.13369205137913064973532
0.13370564016532601736564
0.13373277794204557755720
0.13376795768833482647153
0.13375076823968817807398
0.13375936854550321553070
0.13376128838737169624018
0.13372457144894298042281
0.13369952601007586978632
0.13371691876925465014558
0.13375325795173845233599
0.13376350900162578549946
0.13365473107073227998498
0.13376379004095156899368
0.13374574819714660223191
0.13376254507833665319261
0.13367925899450555649040
0.13336245247266659275098
0.13369887523453066746626
0.13355198063523537888031
0.13342592505059422403058
0.13307328835481302409249
0.13213910464736910999051
0.13205664002062991735365
0.13251728763118686416078
0.13247987535829050531611
0.13264280766087416241206
0.13243433502337709217755
0.13262957425537424960282
0.13266296737268101768592
0.13265798863733882506644
0.13265959979767052989708
0.13261273396510009359162
0.13238172817734933373046
0.13259120995713644108882
0.13265054888984359471316
0.13265488437698599866188
0.13266472058868961081401
0.13265777383925750343430
0.13267936660963935979751
0.13264909962003396115549
0.13264338409354148318187
0.13256478979223448866342
0.13253186079388554197145
0.13263359278759712100992
0.13264434257407531347894
0.13265151603862718188154
0.13267239955604201440131
0.13269775656583485123896
0.13269125012820434661442
0.13266543660795079850878
0.13264547917057317727441
0.13263873895963071425363
0.13262122416495467080999
0.13261036523103514328525
0.13263308078313526539027
0.13263938486846485464987
0.13265794717289886017753
0.13268389605428407285181
0.13270939986703650381727
0.13270159024287592197666
0.13272542375730331243311
0.13267687563035421294266
0.13265143335098342203260
0.13263359235532812263614
0.13262660015166069515935
0.13262787266375447581268
0.13264408000270963561285
0.13266980376143158726343
0.13269492943489460956563
0.13271784481312973169587
0.13274184390221804852317
0.13273381038866791103992
0.13275844876308584563418
0.13271068049297912727624
0.13268791081952621691009
0.13266237884969717120143
0.13263762247486021728093
0.13265583856728796474655
0.13268113669166661794385
0.13270326811158245083888
0.13272566978605260246127
0.13275034758025805459170
0.13277436127202535409708
0.13276618392325836848222
0.13278715720045011772221
0.13274215127777516665120
0.13271849663321746981559
0.13269647765281397666648
0.13267389810860277798987
0.13268921466620622884314
0.13271040794489197267580
0.13273422068610429835900
0.13275899171010296928586
0.13278048243194590094518
0.13279801997196269414125
0.13279216717328398700282
0.13280881118191939505024
0.13277400153711504948717
0.13275102514705380829518
0.13272567186031133945612
0.13270271199318223187547
0.13271781743148927668052
0.13274284403301619961191
0.13276652109119041478280
0.13278592356500718008050
0.13280318372555333095164
0.13282212958633721200385
0.13281480145310120555280
0.13283748571043924036061
0.13279681882254579239344
0.13278008350436851237042
0.13275951658180787373631
0.13273437760783551864208
0.13275124098692886454032
0.13277330308100443456709
0.13279104179394735085751
0.13280858910752704749036
0.13282972788930894059156
0.13285408870783432799811
0.13284594232622826126544
0.13286948826116820598919
0.13282263895385357233003
0.13280216145937498439800
0.13278447984452038110881
0.13276596888965874754263
0.13276011199160223097415
0.13277258964234964211393
0.13277850813699307308546
0.13279524133818348952119
0.13281482657347376541424
0.13283824899339827241285
0.13286231566833417439000
0.13288315646547635417996
0.13287568593669168981464
0.13289442921534927455340
0.13285393433542139196568
0.13283033470349633886620
0.13280807972240624148519
0.13278909843116870614921
0.13278341455938455495378
0.13279358310780861596179
0.13280071418611186229164
0.13282264383263153728620
0.13284642591731402050392
0.13286835407543098885874
0.13288738583695572370580
0.13290514432001246380999
0.13289813581493861716076
0.13291652716345128681930
0.13288095252416162739273
0.13286134589268056016564
0.13283811025236841318886
0.13281430955461784315652
0.13280540108512117747352
0.13281934199425957099372
0.13282996936637628260236
0.13285290890369574889895
0.13287348093372833290893
0.13289217482539689152432
0.13291043494786056178292
0.13292995459119236190126
0.13292339697599878101109
0.13294425643475063503196
0.13290318533845307813479
0.13288509467156450760683
0.13286652726432696125514
0.13284554421107025445892
0.13283464674903175395393
0.13284819301238756650285
0.13285946950834079394177
0.13287860064809275950637
0.13289674991750621835251
0.13291619561752340827887
0.13293700959656035154310
0.13295783682141845694069
0.13295046227974521846349
0.13297011948622497468087
0.13293019508392980854161
0.13290992331294423922650
0.13289053999208760847850
0.13287141765982188323925
0.13286112440838315773561
0.13287270947666726672587
0.13288330584865254424543
0.13290271823252725047482
0.13292360085334392616474
0.13294416649980855815727
0.13296338320399947452444
0.13298207697510824876197
0.13297566639960994860914
0.13299492841351168159747
0.13295665233312445319136
0.13293695016515563733783
0.13291662609298823816140
0.13289618772600189644528
0.13288387377269350597686
0.13289559829297356574607
0.13290977643305340594182
0.13293042394938409112015
0.13294979912941104482904
0.13296858438687977899129
0.13298828499439488415312
0.13300890500466813759495
0.13300142249387150727991
0.13302336618704915793820
0.13298083296060247970871
0.13296206011014893855204
0.13294351006957227934180
0.13292308789740123198264
0.13290857178384812842253
0.13292117385106511084913
0.13293552250931894853636
0.13295488516584491600625
0.13297441365116088873854
0.13299470265282820058417
0.13301600617320230579566
0.13303698960251197913607
0.13303057128839457234903
0.13304990874888225627082
0.13300910397889434411134
0.13298709555322660302856
0.13296680486610990001850
0.13294760421971399400043
0.13293265416784616483881
0.13294390296358907233021
0.13295923435004880497345
0.13297984996361902898521
0.13300138391760077394288
0.13302335732756315200831
0.13304376846251056432102
0.13306146996771256452163
0.13305508236392063481368
0.13303642570367302244705
0.13301618657702213299743
0.13299430604976733572009
0.13297209837054491110564
0.13295514467512056788756
0.13296697032764784318637
0.13298576797449501718518
0.13300896323584002201024
0.13303025144125538159479
0.13304867844341256022389
0.13306579502208065735047
0.13305937899702544036096
0.13307700061092245236161
0.13304213716196011674242
0.13302296436023824943717
0.13300092137540378556260
0.13298045601819458161330
0.13299516058319613143190
0.13301563500064950140711
0.13303541282642031284844
0.13305278713054852213205
0.13307028132154646860030
0.13308918431682947858263
0.13308153777349687740816
0.13310217572310950595593
0.13306334408247386114077
0.13304667428171040866047
0.13302869822609250660683
0.13300913661434143886453
0.13302186884688207979544
0.13303936801425786384812
0.13305690508933781801559
0.13307488736223824221661
0.13309462457996182327413
0.13311508198308150130451
0.13310779226982427658754
0.13312800709308936220054
0.13308757113056657317429
0.13306763045718145166418
0.13304935959662239630674
0.13303325507699803598172
0.13304365045335350692390
0.13306016232376274843752
0.13307963836225825127180
0.13310044958974046047651
0.13312122317290156492398
0.13314088366181886513573
0.13313378077091650442121
0.13315383824605281359865
0.13311375504820907589298
0.13309328212294976867547
0.13307237502669250206466
0.13305416546777068531604
0.13306545501429584144049
0.13308572859431772039684
0.13310720233186973393558
0.13312735054840821313782
0.13314672184761863760194
0.13316710198561446110155
0.13316049602995930212224
0.13318115121447696158619
0.13314061596410811660895
0.13312069613920124444562
0.13309922862438028356991
0.13307839322383771540892
0.13309270461265784724070
0.13311290379903642500103
0.13313367001873177564164
0.13315420814322620479686
0.13317478874802346489048
0.13319532460884364599707
0.13318876588099437530133
0.13320859506885651679653
0.13316766865267379293947
0.13314713081931414673242
0.13312670812142957110780
0.13310678279163976056587
0.13312023496676952949436
0.13314028624775237075184
0.13316102529590576053486
0.13318152162571189611739
0.13320136688592271179132
0.13322034040929622844551
0.13321297149013591742950
0.13323061048984308207821
0.13319480987794493631604
0.13317503256396814870222
0.13315348486383291048973
0.13313317403109967140828
0.13312731415773573773187
0.13313963634797368329465
0.13314653006013724145795
0.13316671780677361014433
0.13318759872810068123350
0.13320678881431605167229
0.13322391711931394486790
0.13324138534289797775045
0.13323497592505248454664
0.13325370258842977877478
0.13321716450437542933471
0.13319910344663782320040
0.13317968034181476566502
0.13316010313391324348942
0.13315280579977223363031
0.13316563800049840970985
0.13317332377967291967558
0.13319170545846328868045
0.13320998624497509821296
0.13322771596760438206353
0.13324660793119813551044
0.13326708928153122024618
0.13325960149448448643916
0.13328108401618915523912
0.13323949339446156114874
0.13322098538566035097475
0.13320289563102799546002
0.13318495326152809954401
0.13317731934654986059030
0.13318806482909145705307
0.13319588067122484220661
0.13321327264366611409230
0.13323285258685380050281
0.13325307113343812237538
0.13327379696030186573275
0.13329429924586164157851
0.13328774434880813481996
0.13330707247201450948992
0.13326742364467081269908
0.13324572302026949088827
0.13322484021640679241472
0.13320657130167085080430
0.13319899438767671129291
0.13320915059220161946740
0.13321852859548760639186
0.13323788607756542612393
0.13325973277210317879948
0.13328098954395525832517
0.13330085548469661205218
0.13331905333747146036316
0.13331221220728345366879
0.13333103517956765293739
0.13329380629165690774762
0.13327413675102581236409
0.13325246941618790197381
0.13323128642441317559530
0.13322024624084283228598
0.13323305647111235994196
0.13324545156693484715404
0.13326666641704137949986
0.13328747228204287922360
0.13330595401792372234340
0.13332374564910465242207
0.13334282674386516154286
0.13333574334567022123821
0.13335496042418340523206
0.13331764142677196560705
0.13329949242530114705829
0.13327991214902104588624
0.13325987497593488884107
0.13324710710790657608449
0.13326012326882721859000
0.13327395554579876679746
0.13329216303645480268258
0.13331048397680547723532
0.13332925965651443167559
0.13334835702122285749915
0.13336748068288159507766
0.13336067705882143075158
0.13337908015699312391789
0.13334134247782988835773
0.13332229173626120033447
0.13330363085198362882444
0.13328617400377176793747
0.13327267427408515110265
0.13328426485101710352588
0.13329729153978212008447
0.13331501420354938125534
0.13333444613993292171550
0.13335389719060466995337
0.13337229022142055301359
0.13336619921045864134435
0.13338365249567041281864
0.13334723059757144780768
0.13332667079078799887704
0.13330782428349871593376
0.13329424133600964452739
0.13330419573479138084515
0.13331970282069413591408
0.13333880379407422878124
0.13335902623655879195574
0.13337794611934195021519
0.13339539868905961328416
0.13338899124409359098209
0.13340789347958609267764
0.13337072258238663602370
0.13335155231517570317834
0.13333222136144806668767
0.13331513587741450344026
0.13332743120614279352942
0.13334482196527316921753
0.13336371192922155670679
0.13338229233504292348123
0.13340089584478403983425
0.13342123768909805447969
0.13341427998384638997642
0.13343479447582456964838
0.13339448230955441854206
0.13337539098152853545010
0.13335672767232234492418
0.13333890180907173594882
0.13335107659697620352546
0.13336845768292948655187
0.13338670883601724814760
0.13340722313668806897624
0.13342840326973723352744
0.13344866166239938154447
0.13344198464202461362760
0.13346079580682984611073
0.13342069574259102227032
0.13339946245658973467130
0.13338061527102898495833
0.13336254651168025220365
0.13337448407896029811681
0.13339319869018562148000
0.13341297169451757365088
0.13343398441798096087929
0.13345400470600315978587
0.13347176232627935843489
0.13346469792642587370857
0.13348151074334971277757
0.13344691528658761403570
0.13342690628045614231745
0.13340617316549299720130
0.13338600157327618056513
0.13339922526580016981512
0.13341927783541759899855
0.13343917876031818892102
0.13345823771701725846128
0.13347542102389295393117
0.13349255468646173405922
0.13348668420601117468038
0.13350491417946092065350
0.13346879119066093477564
0.13345065009462797611661
0.13343224832516600852905
0.13341254967084203997274
0.13342603381417489361027
0.13344433474652986348907
0.13346126393205975935174
0.13347945569893807093997
0.13349921951196264124917
0.13351891579827096512290
0.13351212226991085452177
0.13353201547289297868026
0.13349196567106338950914
0.13347285466024300104593
0.13345549737563849879152
0.13343781295395634733936
0.13344878871683829579808
0.13346649253067821572216
0.13348501154711789329355
0.13350534658434307089259
0.13352560854166792281283
0.13354434237336451629652
0.13353803989654300377055
0.13355567833343534589474
0.13351910676896625029819
0.13349823459741977371706
0.13347826787363842315770
0.13345975751400382391942
0.13347182085291237063629
0.13349141788329432767313
0.13351122165705853195306
0.13353110446271171385391
0.13354995102186092981178
0.13356771873494246993808
0.13356110172666754709603
0.13358039113382824680798
0.13354249572859303030192
0.13352385835873831210208
0.13350490394461284049399
0.13348466616622992053642
0.13347780104346543272875
0.13349076876288484827526
0.13349763404090095320065
0.13351741461948141154181
0.13353526945136967585270
0.13355362911853202456669
0.13357327589834230852084
0.13359387121217347615953
0.13358665619454254680498
0.13360627805719341165691
0.13356593009900075141871
0.13354644675927207497779
0.13352835691951317476089
0.13351005510826288724680
0.13350275642719203195163
0.13351433541477733535352
0.13352181205868077218391
0.13353908600582753418706
0.13355763163314374186719
0.13357930002061618734999
0.13360036191192062315913
0.13361799111396449601941
0.13361236915663476931826
0.13362766827490241139387
0.13359271463461522277960
0.13357109428126529016012
0.13355107485130965350173
0.13353264714274937219329
0.13352512951772735338984
0.13353508243804351751649
0.13354406935940019152120
0.13356419822995621582429
0.13358507494977098217781
0.13360515224251187649251
0.13362219266506689119289
0.13363697928864479158584
0.13363082360596084674498
0.13364700837558368684554
0.13361582907123251140469
0.13359847665585819487255
0.13357835906959708571762
0.13355629472358240827923
0.13354611813244413043300
0.13355908544829658834985
0.13357075272919533004412
0.13359137961208653044842
0.13360931559615635277893
0.13362506970688606267039
0.13364098967908716319997
0.13365974506873853910882
0.13365327926264530811196
0.13367427035628512421717
0.13363446327216507714120
0.13361828835468422815858
0.13360328050354516871145
0.13358493384301248219082
0.13357292018021227342217
0.13358554540503858598655
0.13359759355799541435950
0.13361295718255622455573
0.13362717012764396828928
0.13364553904241510684514
0.13366786266172650532447
0.13368870828145282270150
0.13368156000114295167691
0.13369998948750519418560
0.13365943621237136307300
0.13363851504395146685411
0.13362196014816740685660
0.13360709903481857163676
0.13359659481451841012145
0.13360555590183323393383
0.13361542379691596083013
0.13363181225054121536999
0.13365181558085581503548
0.13367421579094840300428
0.13369379585273533095346
0.13368733606803723246159
0.13370315497540374849450
0.13366624952067263087940
0.13364410318022196255683
0.13362470720579633365332
0.13361302699619315159651
0.13362146061550073117274
0.13363679134293809935841
0.13365839329050890893491
0.13367933833934547704914
0.13369720974797741352980
0.13371136617908632726603
0.13370506991335401325571
0.13371973027272318623737
0.13369019497980577648732
0.13367263257444020330134
0.13365080999468587075185
0.13363297745270516503346
0.13364643248540003517277
0.13366479570329892201386
0.13368452625748541984230
0.13369898283870024213726
0.13371305081963341665485
0.13372868141997604207738
0.13372215814987978288464
0.13373694192762569654676
0.13370724520751064989810
0.13369329195298804147107
0.13367719794140947575656
0.13366009852829066617552
0.13367232937767489775460
0.13368714772051934480679
0.13370127435588077813300
0.13371534515557031985722
0.13373058021702430298028
0.13374302449804656434118
0.13373628716570232222161
0.13374872258000983227255
0.13372330455869835263982
0.13370935987742210704354
0.13369557932931691590639
0.13368249474465146442448
0.13369009578559817863486
0.13370341348083739085872
0.13371727942549402334826
0.13372924180691528328602
0.13374125241231873961745
0.13376058314120317649376
0.13375226488871336250064
0.13378311465149972381283
0.13373432251818506699692
0.13372326542865795029336
0.13371028745803201220888
0.13369720191884582050079
0.13370433184146229832479
0.13371622105863650853408
0.13372766566304211677263
0.13374446239098933264522
0.13377467824762634407421
0.13380198225250086729865
0.13379864453301160143184
0.13376559073605237548676
0.13373679883516578770219
0.13372122582135073654008
0.13371047051900991631257
0.13371530809831516650732
0.13372991470188053120260
0.13375748465698220068809
0.13379227332283027962490
0.13377514797355583020533
0.13378367899511106609012
0.13378600613428001664396
0.13374885939403369228273
0.13372281956839907057777
0.13374025049783377916413
0.13377756057401379852223
0.13378823197278680301459
0.13367943717732777564322
0.13378810314357048039113
0.13376911980217137676519
0.13378595506129045689114
0.13370356570322350364677
0.13338671110882971415634
0.13372230868258572211715
0.13357516843373828940855
0.13344934430711494210975
0.13309639900435493720110
