0.21064758734778993298775
0.21061898867586925643280
0.21099202872887740101149
0.21096924515406800804129
0.21109431149479601641517
0.21094000268438434231300
0.21108085433210477255273
0.21111290847659189284791
0.21110442574396071080400
0.21111965686566824818016
0.21106548195022589720082
0.21090515219172026317729
0.21104730817229233608145
0.21109580791583226755392
0.21111280063786838634421
0.21113627133253642931265
0.21112817001100522840140
0.21115857506543739274818
0.21110614604777944158798
0.21108781623306957508923
0.21102626721694278666419
0.21100225408954501049585
0.21107835340299846427214
0.21110111187598640247742
0.21112161626859149432534
0.21114992865259277210477
0.21117979213957416284586
0.21117089105212405453216
0.21114233645211757939286
0.21111526876845659872473
0.21109517518081283293796
0.21106862632573933358238
0.21106223417524147545343
0.21109018554627353991826
0.21110894001048158274969
0.21113463321826000940185
0.21116227534186188252718
0.21118969071093723899324
0.21118093900657028405554
0.21120749682769340838107
0.21115436617559002474565
0.21112724167024590760100
0.21110397146172402149666
0.21108634460978475955173
0.21109990971963996098104
0.21112063299002134519888
0.21114676750558342144259
0.21117323054263534287678
0.21119914927763358547530
0.21122809369738074214418
0.21121975747053869931769
0.21124981323606015215510
0.21119172581703135604947
0.21116554574408136213393
0.21113970401029039103413
0.21111548571781563188310
0.21113440780931080897886
0.21115900107874532865004
0.21118403430358850814130
0.21121165125586685573644
0.21124164412527143830367
0.21127164604652745594215
0.21126295430563132859980
0.21129013572047483648930
0.21123356578669236216506
0.21120442595058583346024
0.21117787309126248573854
0.21115340915758903928001
0.21117295683956532892367
0.21119763834182889161717
0.21122597579815832746775
0.21125538477260921710332
0.21128242213192843790281
0.21130618879247908825647
0.21129870517339788271727
0.21132189234310511105619
0.21127502724922678223329
0.21124762002560404372531
0.21121898633918276266819
0.21119227070035792581670
0.21121341641970217684054
0.21124018308186778836166
0.21126725910459745461090
0.21129131797350231281030
0.21131448861583845832968
0.21133894452896825888466
0.21133074020857833819065
0.21135875256530614607620
0.21130697907492501652627
0.21128414887051194526180
0.21126040667764489633385
0.21123407953016695715043
0.21125405376324041251124
0.21127754190799030720171
0.21130013153657214997061
0.21132332623060295917483
0.21135030656044687114026
0.21137965512573711479583
0.21137103415333671763143
0.21140023192657203532363
0.21134276560971052005833
0.21131639376493671633739
0.21129352846018151224072
0.21127213605080688574311
0.21126553369307690677381
0.21128203929114885983864
0.21128863325877464407476
0.21131002317195790585203
0.21133493193210842187035
0.21136317954451250278325
0.21139240980898352240125
0.21141918291396763485146
0.21141067239168240265990
0.21143578736321957944888
0.21138378998080700754691
0.21135547924392736329757
0.21132833504981729522143
0.21130531420221751459643
0.21129800255227434990779
0.21131452699703998088232
0.21132304748242189407215
0.21134855182618653146598
0.21137592321141321360933
0.21140276126182250271412
0.21142755563021708997695
0.21145146967943959093184
0.21144328305166879000687
0.21146793790656986944398
0.21141972002312958700543
0.21139536661640287440456
0.21136845518816974043297
0.21134257492771466035997
0.21133196803581419387363
0.21135105958633632061705
0.21136248150912587129291
0.21138748923045916350283
0.21141197874333172990191
0.21143623192770136243190
0.21146020336689316798662
0.21148633155979329467655
0.21147868324115629001803
0.21150566994055480796177
0.21145221450372936322637
0.21142847168132039570310
0.21140496401568259488002
0.21138179290976102930877
0.21136999205468531837226
0.21138745701100014606766
0.21139926019743268681417
0.21142159126301227067835
0.21144502013191826539362
0.21147060333185399572109
0.21149738830761805052916
0.21152518766297317975855
0.21151690289569008429638
0.21154308566348725695327
0.21148985536690725894893
0.21146348037723522450548
0.21143849717182180980579
0.21141607593351646743329
0.21140410312543939097552
0.21142029678665213987543
0.21143314328156734283048
0.21145668027705100122660
0.21148272238098320130462
0.21150939718903860597976
0.21153529630239448211526
0.21156093501786299437839
0.21155297698204644785136
0.21157829312405473931591
0.21152767272364975115195
0.21150198796944533197184
0.21147593305272352481872
0.21145144398218809755896
0.21143708941656672029019
0.21145452932735089857097
0.21147083819490383738149
0.21149510748213212751878
0.21152010119821040845522
0.21154493908189936357545
0.21157035703912566160234
0.21159636087271660453979
0.21158770735147783281782
0.21161510879219422309738
0.21156185262849122596940
0.21153744365256740844750
0.21151356037194751769093
0.21148936588924244217580
0.21147306900301943155540
0.21149059388728663755330
0.21150759917540570831385
0.21152998732341879439822
0.21155473163296953376111
0.21157993555227094795157
0.21160656869715854799807
0.21163348048191277239738
0.21162594015667149371929
0.21165251379339139470304
0.21159889633964229505025
0.21157188168206381151393
0.21154717704361689079029
0.21152432471938401037370
0.21150748551930306784463
0.21152340589565887807311
0.21154089075594353919207
0.21156444136828669866368
0.21159099129228819968773
0.21161786106708171950608
0.21164484772537606183107
0.21167017460502512982146
0.21166227309306787085497
0.21163685992497111021393
0.21161024907375283743427
0.21158347427223572756461
0.21155854061394191445444
0.21153954338831715276115
0.21155601025380604829351
0.21157704240852695520836
0.21160309544859584596210
0.21162981127057145513959
0.21165467224896833409176
0.21167934409443142640406
0.21167176543484020334596
0.21169580585813832507291
0.21164768395298372283264
0.21162243335714861491859
0.21159719763449938434441
0.21157411358564640058155
0.21159360784799979837700
0.21161674505251815148199
0.21164064158428941286871
0.21166432462886225485121
0.21168809184998543804213
0.21171313424555701643293
0.21170440605823606650127
0.21173059871525509723078
0.21168050957259287869761
0.21165731091424050402949
0.21163517943594506443006
0.21161243550935890378462
0.21163049122488575282119
0.21165147937391179389088
0.21167306310834668736653
0.21169673767439645128974
0.21172238135736723418923
0.21174844710644788459142
0.21174028085542420662968
0.21176730119615699843294
0.21171447276746066523678
0.21168909816065673012986
0.21166728138084459076573
0.21164702682472164019245
0.21166290021369632556869
0.21168306063242114944956
0.21170638652753007158402
0.21173259856300458148226
0.21175961307079876894122
0.21178578275322573754025
0.21177807024765726851001
0.21180499210190081860183
0.21175163259547508110003
0.21172484359069884685134
0.21170054230621318525074
0.21167860142077443708075
0.21169546904189892599923
0.21171898824438309394402
0.21174440634094970903334
0.21177070811989867626934
0.21179684382700295075530
0.21182328111326290120964
0.21181562699126055271392
0.21184193635349829465397
0.21178974056098870404341
0.21176343629502447640789
0.21173829577173880478469
0.21171419782340492043993
0.21173354694685470045457
0.21175779986270795718362
0.21178226612497921821365
0.21180829075974136332938
0.21183441938245584079681
0.21186052749099665293286
0.21185278765325438188327
0.21187840162254079068305
0.21182657440568902762479
0.21180072644188446817637
0.21177650356837735001747
0.21175329835290790381208
0.21177170952337165399371
0.21179519844337960088332
0.21181866978365254672312
0.21184473167380882263622
0.21187035882920784990446
0.21189599903724556928530
0.21188778245919326348456
0.21191275480230248318136
0.21186256287166049805393
0.21183733023046993904082
0.21181268029853553280795
0.21178975381040146541700
0.21178269303389413158456
0.21179926106718047207345
0.21180760385636260290099
0.21183078515528530605394
0.21185467461161380797741
0.21188066045833550687938
0.21190510008304361266873
0.21193044400793686898865
0.21192323415157660049246
0.21194881491046815846779
0.21189757246850801641891
0.21187245098458559744437
0.21184869806940634373582
0.21182547626393738449124
0.21181672518443453445691
0.21183411091562934225330
0.21184373749487914184719
0.21186639755934477680199
0.21188978737948668817914
0.21191517625985645256748
0.21194080276575799626215
0.21196746706463742704329
0.21195932610047898969619
0.21198582014329167555466
0.21193284343218990461999
0.21190732198617831527621
0.21188420836326593565957
0.21186140727008725970215
0.21185142703077158854441
0.21186825049994936764897
0.21187906567573713823016
0.21190140312503619179907
0.21192535117324964866192
0.21195137410152922741169
0.21197775197574542094259
0.21200373526993623873871
0.21199603948762052452182
0.21202137939476151107243
0.21197042370856927773204
0.21194332568908325065138
0.21191912947927052379704
0.21189621620459822559646
0.21188525381792369661760
0.21190171195648188628979
0.21191400530339110641620
0.21193701027270556158655
0.21196178942229759734062
0.21198816941591780427245
0.21201430560741921227397
0.21203898761539682893407
0.21203123462643355678914
0.21205713777565965427740
0.21200607522572340046807
0.21198019845226181989695
0.21195573675031528781965
0.21193154994401539048532
0.21191811659429349301575
0.21193545592579687841805
0.21195023199597176621900
0.21197410033065286483200
0.21199843067936655072181
0.21202378168473393071913
0.21204928754355076292448
0.21207500715941590696545
0.21206733424827778344834
0.21209366759455278161894
0.21204178177508589686617
0.21201621957871777390814
0.21199257557086786940559
0.21196876460369520889238
0.21195313299291629327570
0.21197078939881552894775
0.21198754722061033395342
0.21201046054421449071903
0.21203390190328685882548
0.21205987125615366473141
0.21208597945479285007409
0.21211154468005347095705
0.21210389604815105268898
0.21212864688488811126810
0.21207784589365474836598
0.21205174285012970414321
0.21202833820272912190852
0.21200561504662815415223
0.21198842436048670467841
0.21200591701349733031456
0.21202299438753294258397
0.21204609718841158083613
0.21206977677580704511051
0.21209563626428190596940
0.21212076497158391386044
0.21211310097972210786388
0.21213770381761060113135
0.21208772295690056508555
0.21206344156023929081734
0.21204056891905373460894
0.21202219526335683297269
0.21203834620588274395558
0.21205766879366708121957
0.21208124101212558199059
0.21210469691033245753786
0.21213028187056828799406
0.21215490456207969360847
0.21214704972075926203701
0.21217321736152383593321
0.21212192164950727235606
0.21209840468594695628290
0.21207534744468717335941
0.21205488036325312317665
0.21207176907420777212110
0.21209270009773117937613
0.21211594123002439071790
0.21213887578847573367469
0.21216514876055686533718
0.21219231464893567595809
0.21218411889726479513385
0.21221174184039992560713
0.21215739379389744745374
0.21213342395591416877920
0.21210987381560200693009
0.21208832257188989234287
0.21210509875698690951396
0.21212774108827248120690
0.21215114941633902989615
0.21217616830579613673713
0.21220415736022729680244
0.21223098522483022088103
0.21222294508831029968832
0.21224877607584999306134
0.21219534826910432800950
0.21217020887662954575781
0.21214580739376645568406
0.21212240471925417062415
0.21214055578949450597825
0.21216464160636916425062
0.21218910679394850649082
0.21221416924935845860212
0.21224034142285758131052
0.21226523476456923833489
0.21225688024560290800835
0.21228094392116875210874
0.21223182142588281617890
0.21220824393663148543787
0.21218334811851344290368
0.21215880801778255748680
0.21217749539990449214599
0.21220171186597755474956
0.21222558605915595175695
0.21224873912758740468476
0.21227290353162081570915
0.21229811692104133546977
0.21229054461000690379180
0.21231626403376741007989
0.21226491304180117314360
0.21224235631665097634446
0.21221932929539619183679
0.21219576966704942200259
0.21221368215837055348771
0.21223631800498823918311
0.21225862533491987593770
0.21228181222149467011207
0.21230868796822255362144
0.21233626398015889580329
0.21232791187604094229613
0.21235513223741259158928
0.21230033548235552331995
0.21227614821409185319467
0.21225307903176485191388
0.21223068325793462141071
0.21224752569009494584940
0.21227050595507926389338
0.21229462945548682739627
0.21231973538189058414716
0.21234734621470749416083
0.21237351955592478902624
0.21236535553546082022436
0.21239056917192733475730
0.21233943562875848276583
0.21231407440756069893162
0.21228877395733433686154
0.21226456969201612512421
0.21228329998755243734898
0.21230774782824848867513
0.21233297144122428856683
0.21235698273816316916651
0.21238279360436215781327
0.21240729607951902568885
0.21239886653501510727082
0.21242509548019802845253
0.21237386846263406336988
0.21235071168473423908196
0.21232707101498535240403
0.21230205504547733363907
0.21229443902699735025053
0.21231312825565409885265
0.21232105167609446882970
0.21234465150140355294006
0.21236770555097900237129
0.21239008455341704117991
0.21241623270232129483404
0.21244328121739725068196
0.21243486695451524459699
0.21246236070682184005065
0.21240759332979911033767
0.21238383894306106514094
0.21236125952802276106723
0.21233850824502595311394
0.21232997164615083351968
0.21234652454706764990178
0.21235501096938319554042
0.21237702619096965328538
0.21240078171454815358921
0.21242620304463494251834
0.21245444880086050698509
0.21248085895302645798033
0.21247316031609198017094
0.21249793958468748966695
0.21244577472659376127240
0.21241949202741206015332
0.21239432119192566683630
0.21237154468013377806024
0.21236230675333053752318
0.21237787262913787600382
0.21238833565414413917516
0.21241342811585467442725
0.21243927665703243867767
0.21246467746399227971565
0.21249028841767492181702
0.21251426064499881474212
0.21250604209048862269782
0.21253000495721321994047
0.21248229391632228457709
0.21245917052553556225725
0.21243308892118328845555
0.21240695139554197079512
0.21239474622741932874348
0.21241335146571202474597
0.21242688051441127594643
0.21245254466714380559011
0.21247621622325080226190
0.21249827727361389473337
0.21252190118821795428161
0.21254754499186401250910
0.21253896280095524451426
0.21256614162935272283050
0.21251319672876742283840
0.21249200198786322157929
0.21247017752649599575676
0.21244669337311417045555
0.21243302208139355768957
0.21245116643492362173973
0.21246512055553740117020
0.21248599593759590065112
0.21250655482779520766279
0.21252990471747804090974
0.21255772861972829779198
0.21258584382056605610600
0.21257744066289324669228
0.21260421784529184852097
0.21254845177351955332057
0.21252340208928222065055
0.21250112427123102332160
0.21248052835235328728025
0.21246777545011444332523
0.21248209920442662212992
0.21249515265758109339167
0.21251670768692459967397
0.21254207931807045373063
0.21256892925148843098704
0.21259620885043420401850
0.21258837763311819180068
0.21261317132361179371713
0.21256190522491330563426
0.21253498897033951120505
0.21251050721970818346840
0.21249602388412852649324
0.21251088959780367604324
0.21252887948426571473881
0.21255484571063712473382
0.21258169160144921305822
0.21260514205588790237478
0.21262818883180742424166
0.21262009518091692927833
0.21264206430413351567310
0.21259884071781812164836
0.21257518605759498364627
0.21254886739615741486631
0.21252870630493789216864
0.21254788605857852235026
0.21256870173191044770533
0.21259294367121753244199
0.21261381510188237520254
0.21263347440551899625305
0.21265682302179877982695
0.21264810313648369044515
0.21267152627192356662000
0.21262739232533137134773
0.21260747292655715612320
0.21258644517404118312598
0.21256699477382548502113
0.21258411641004260062005
0.21260165019261875740675
0.21262080204130276439578
0.21264133036242421903594
0.21266351971219360494914
0.21268735672982802542563
0.21267921342464679579365
0.21270333359735571487903
0.21265700418456998099792
0.21263503419995441467982
0.21261537446544717666619
0.21259855389610396447786
0.21261147410223527054463
0.21262954900157587934117
0.21265095223452393224939
0.21267314377478116482756
0.21269525047939163986399
0.21272197906251133492361
0.21271253108263929454402
0.21274401311059987218499
0.21268878500932936193024
0.21266716785451084126279
0.21264518031073001425035
0.21262509826894723796720
0.21264146217127580240636
0.21266129543512954369611
0.21268213400784150013401
0.21270502731321025424727
0.21273374457967769712852
0.21276040055888376101301
0.21275379812757294617498
0.21272492323915689893532
0.21269714938306003015889
0.21267663953744153637615
0.21265779043950899795945
0.21267214728204938967160
0.21269058498485104991005
0.21271651254928736207717
0.21274707243681093005172
0.21274708296730246437356
0.21275110890497198057325
0.21274004744278318668194
0.21270813025405735374740
0.21268497074491721221534
0.21270099779233483938690
0.21273292531468768196135
0.21275251947081244563442
0.21269943810657029881206
0.21275188739230169177041
0.21272701120107312400265
0.21275119870591396864512
0.21271430304644486919408
0.21250280950812083791135
0.21272527411996744461931
0.21262191666057653205435
0.21253102737806345290394
0.21222150436166517528669
0.21068252331691689205329
0.21065649163571853463850
0.21102695628299400487649
0.21100675265885188158776
0.21112918986868345339047
0.21097837960995721728885
0.21111832344038572450984
0.21114772426904937496772
0.21114183915247547451699
0.21115440853836806023303
0.21110383463487844557527
0.21094413727129596169974
0.21108631082603787620933
0.21113411888697883322941
0.21115015350875307453826
0.21117095970473931387801
0.21116546238807296087536
0.21119320004128047663094
0.21114441249791163213168
0.21112681799939755911133
0.21106594599573785808744
0.21104105973688966346735
0.21111803442249738038683
0.21114010627013596321788
0.21115983973503685278139
0.21118716129345210807955
0.21121435352525813611280
0.21120806300452699133530
0.21118051736455695222006
0.21115425355439543242397
0.21113484974767726676248
0.21110748158850511924101
0.21109952992198621757325
0.21112908357078438714716
0.21114860733806736781126
0.21117360869428039582552
0.21120041295115304924579
0.21122679970755683931394
0.21121903313554729608725
0.21124454103963016815548
0.21119333183123278896431
0.21116690344114796840103
0.21114291033799525987291
0.21112362346355056930136
0.21113718283250959562025
0.21115961278570774539709
0.21118642198884599037179
0.21121218502860111820851
0.21123720107059271167138
0.21126507331705060566129
0.21125776765322101802269
0.21128672801298190031538
0.21123066744106416825488
0.21120519070446355791582
0.21117872473811630240625
0.21115280588880108725292
0.21117177689400351559001
0.21119806454567882636475
0.21122366951367144149998
0.21125057832087215659023
0.21127961151624555236062
0.21130849452506469954294
0.21130087866372740390553
0.21132691555134203165167
0.21127247818247887889420
0.21124405226878997798856
0.21121697868266342545951
0.21119082349112722196693
0.21121041496429904249510
0.21123678482217581042768
0.21126559230353830765026
0.21129428222894769406892
0.21132030453545649906211
0.21134289891299992691920
0.21133654519565919782664
0.21135853265784385057735
0.21131390747309264366294
0.21128722493250914893359
0.21125817353603612569479
0.21122977118560767872957
0.21125096125102460487000
0.21127941129585223190013
0.21130685088923731318467
0.21133017791890251757536
0.21135228502364078462250
0.21137551455256936572269
0.21136849282745184819277
0.21139525104062750759937
0.21134581852793316025796
0.21132372824011361189811
0.21129967527092990975390
0.21127166516799425477480
0.21129167942916138311915
0.21131685006909983748358
0.21133969767394664152071
0.21136214419993262780828
0.21138801629793890768383
0.21141608126016339652686
0.21140870210162493458839
0.21143658582540314494480
0.21138156160910528957864
0.21135594535781554448306
0.21133287397070002477939
0.21130979937399899104555
0.21130250268725614404275
0.21131897010506833778365
0.21132633471320344531463
0.21134940562026713339883
0.21137446862475020581407
0.21140195146494311639884
0.21143003555870701348773
0.21145546396700898306165
0.21144825453670912374093
0.21147199381320630484637
0.21142253620958675885966
0.21139500160463489675244
0.21136775537600227536927
0.21134305200791239642832
0.21133489615834463726252
0.21135138300665026744873
0.21136082166589359454534
0.21138800971456231381218
0.21141543107110918886526
0.21144148060310091752356
0.21146509378540948032033
0.21148760014746850743883
0.21148077824566974269871
0.21150399244973600021424
0.21145841194805523044487
0.21143485979304343924667
0.21140794807770124652535
0.21138038151523316776625
0.21136878781485618494784
0.21138784689532943983359
0.21140032218256568641301
0.21142701710189590325051
0.21145145493538572423198
0.21147489388448367786388
0.21149765551134427910007
0.21152231059405349200553
0.21151609163397591673039
0.21154157295632666779817
0.21149084439691068215694
0.21146792980024650687731
0.21144452630486448851954
0.21141966654743210574097
0.21140674912869214518985
0.21142418568353399388471
0.21143716619005012424815
0.21146118771983882234089
0.21148446185131503094468
0.21150920126801839304953
0.21153475231202426010135
0.21156101330179261088560
0.21155422327857731357170
0.21157883323685919285673
0.21152842088919046603657
0.21150290573705687879880
0.21147812600768020607767
0.21145401008098801964863
0.21144080547376239986868
0.21145697813855382496406
0.21147110775942534743876
0.21149634017318666434626
0.21152212937166905981634
0.21154792860965698775289
0.21157257341054022670157
0.21159660492047271951321
0.21159020965347696829895
0.21161388512694795371871
0.21156616768975716746937
0.21154137634429065473185
0.21151562336327389690638
0.21148943732735001055367
0.21147375514522870343370
0.21149118309929049175366
0.21150886153131909228620
0.21153482882964749767218
0.21155947247634498964430
0.21158339624197172734732
0.21160754399635181566275
0.21163187388601326088811
0.21162484904383704886754
0.21165054219372431143498
0.21160027120088320540248
0.21157679712385002446240
0.21155331055885198687783
0.21152741562136331832100
0.21150971510780541828822
0.21152723755050603648975
0.21154567583472894121144
0.21156976415929371060365
0.21159406637395694605885
0.21161831527834362720597
0.21164366603134435185218
0.21166883448415124702180
0.21166299234291158226640
0.21168778889382097729843
0.21163723474267714941277
0.21161119705198550011715
0.21158697964530676083328
0.21156242705376665513839
0.21154413283424647329589
0.21156006120446985141470
0.21157901996930003618580
0.21160426979768875987986
0.21163028773585723651962
0.21165615646161320406726
0.21168185368371419952105
0.21170536975334419693695
0.21169923211473151702933
0.21167511217762152719857
0.21164952731108582772990
0.21162332826484353542895
0.21159669399915526089018
0.21157621135520415789344
0.21159269648970238653085
0.21161522026507664784312
0.21164297314380092762676
0.21166907100948811892849
0.21169288064512523095395
0.21171625650121286832395
0.21170992797803911411592
0.21173267141176038697026
0.21168692354603896310650
0.21166233279178281456723
0.21163539904850506290224
0.21161082444752229991813
0.21163034931142732375520
0.21165497146830650199156
0.21168056236427093552699
0.21170354335206742479869
0.21172620681242965146041
0.21174995187744069524705
0.21174247250396605046774
0.21176736715205021766018
0.21171970833773642861608
0.21169725301428252151048
0.21167342952147702450638
0.21164921061541291935626
0.21166731040699923727111
0.21168975170981615963051
0.21171302360262864161733
0.21173591631567131865488
0.21176039940217128432209
0.21178516674768738115020
0.21177824986754259506405
0.21180397243892024050638
0.21175363102728680941844
0.21172907523117145967007
0.21170557444224463727878
0.21168389660962907972142
0.21169982100566375748940
0.21172137679161043277709
0.21174637985136388063090
0.21177173488950820634535
0.21179753080559646227776
0.21182240429745602394718
0.21181593545396024125260
0.21184156263517808782559
0.21179074848440096467961
0.21176485304291947642241
0.21173888007569716118716
0.21171557260327020233426
0.21173248977554817717994
0.21175734581914418264148
0.21178443076018430013541
0.21180980386689746142181
0.21183465669708761991430
0.21185980031850495941548
0.21185338705468598208270
0.21187840443053912453664
0.21182881498446920476297
0.21180347377203287417835
0.21177667183721515797856
0.21175126862838500318986
0.21177066957004814229393
0.21179619553881529059325
0.21182231500238968280314
0.21184734262286997186209
0.21187212468479399429810
0.21189694367660216745008
0.21189043694595297018246
0.21191476434919076510255
0.21186560426861611450278
0.21184078660099844859666
0.21181491685571177119307
0.21179047206052969976042
0.21180893325222285850096
0.21183362950392087276086
0.21185874099951232385486
0.21188373928780368515845
0.21190795173158150088710
0.21193230731602105687550
0.21192531908913042615339
0.21194900853660689210578
0.21190154795485025007729
0.21187740996792794878623
0.21185112662537092242943
0.21182702692959293200303
0.21181999547386134996607
0.21183662545412865196859
0.21184492740508353847417
0.21186924667464485105839
0.21189476081623345726790
0.21191962210537954036660
0.21194257926893406152047
0.21196664306926618626115
0.21196065417558890286998
0.21198495799573455200537
0.21193650982900674728526
0.21191254351945340572705
0.21188717434212170354080
0.21186285051896444620034
0.21185415069058460835194
0.21187159557774537521624
0.21188116163089060206559
0.21190488950051611372061
0.21192988572891524601260
0.21195408927016803901644
0.21197816325886820187918
0.21200355289218006382690
0.21199662741080926853243
0.21202184842839105760604
0.21197173295281612759311
0.21194742435685642867327
0.21192271235500262371865
0.21189888005838314333218
0.21188896747670823983434
0.21190584594320702183090
0.21191658791007705886500
0.21193991933268574445748
0.21196545571001559893354
0.21199023939693398266293
0.21201499343924545826212
0.21203970597451776702869
0.21203321926794813090389
0.21205729142607607218274
0.21200926339235195983157
0.21198343074570893951325
0.21195765757311851862355
0.21193378872836113324674
0.21192290101986521744237
0.21193940609869990621128
0.21195162785448895537144
0.21197555105612300718754
0.21200189555405785091224
0.21202698365463423790800
0.21205142282503261497162
0.21207483935094492699669
0.21206828920414594330524
0.21209292859659312213694
0.21204486442971220983011
0.21202030464497384487643
0.21199428748877521822003
0.21196922079766869484452
0.21195585299746524943210
0.21197323079982083315898
0.21198795218895979952656
0.21201266047384309532120
0.21203853435819303152599
0.21206254504728455634321
0.21208628004433366376347
0.21211073715859821153806
0.21210426311029370594063
0.21212933630777497384656
0.21208051763223315089313
0.21205631898347257480175
0.21203114459500110866585
0.21200653528817126058925
0.21199094257911396677052
0.21200862679400070409663
0.21202536808705577109357
0.21204903923469584081651
0.21207399762269968368500
0.21209857974226786758720
0.21212284343547135878616
0.21214715035411818577771
0.21214069483549782835219
0.21216418830976904730257
0.21211652716398232687567
0.21209183359808203572783
0.21206692495656706554108
0.21204348428483091315577
0.21202628307861665080125
0.21204379073712140146846
0.21206091163851648051519
0.21208469124139620043401
0.21210986017522723279249
0.21213429022900812115360
0.21215749909902370529124
0.21215172657512412768277
0.21217437235134609108123
0.21212779715194249319232
0.21210204260072740289900
0.21207853527529837989185
0.21206007935639209494028
0.21207623421941979025007
0.21209568423456520713799
0.21211984961154581319498
0.21214476097792298037170
0.21216887790828417581501
0.21219150606571926531707
0.21218561638649433009896
0.21220975173885092690540
0.21216197505457776162352
0.21213701998389325464878
0.21211341111077947063634
0.21209276478115793307389
0.21210964441264343327553
0.21213081040093820228698
0.21215456280004324485233
0.21217891687050746685195
0.21220368709532710926879
0.21222878225102437266258
0.21222262765405819351372
0.21224814250832133022406
0.21219742044544612213919
0.21217205008629738682835
0.21214803221256844922848
0.21212618327421398078947
0.21214294002266578798022
0.21216594764890356339393
0.21218978083092421282885
0.21221617919312160682743
0.21224263552286740108777
0.21226731781068447491023
0.21226139203271393585126
0.21228503956051847367803
0.21223534346701583563899
0.21220884674730772223583
0.21218406238992149059897
0.21216020934690468791040
0.21217839607608499075120
0.21220294338155892832631
0.21222774970082283751971
0.21225414760028760152721
0.21227875768008147572274
0.21230142926953174398186
0.21229526514334667863793
0.21231706949335921175148
0.21227178031387278211994
0.21224689028928406253627
0.21222169631265544453846
0.21219668300724753295938
0.21221540593248619521738
0.21224010614658722628789
0.21226423622441631389179
0.21228867681189991789559
0.21231125515997456565387
0.21233417317923167222382
0.21232886242652707076140
0.21235224991899964708253
0.21230482877275935749140
0.21228101103000232563467
0.21225777001248485875706
0.21223371263962234611888
0.21225165741257986939949
0.21227480178519494979916
0.21229728362703456645555
0.21232170555539212064566
0.21234697264468990751674
0.21237218011980216192391
0.21236616383344900094166
0.21239097907244983143293
0.21234020513879137137536
0.21231480943914046721765
0.21229160527732293672898
0.21226868871464965593532
0.21228556321386291005915
0.21230907500503551355031
0.21233329382426166520581
0.21235957880536102115876
0.21238556325902790966609
0.21240929669215855013498
0.21240353643228251923070
0.21242627536277586264291
0.21237925220552317240319
0.21235274235989406999003
0.21232738548452623206231
0.21230263662448883854594
0.21232139575343658699502
0.21234639982157962889708
0.21237164314480025395504
0.21239677223665009986320
0.21242093859100527608597
0.21244293096884941940417
0.21243697553575710545992
0.21246065989206955326729
0.21241362850901945868998
0.21238938618886632481164
0.21236576270747742345435
0.21234017735375210200743
0.21233178632281310416197
0.21235042129330031213108
0.21235920272042654866063
0.21238338188433547593092
0.21240638118709231907388
0.21242981330618487811890
0.21245430436368362148158
0.21247877554342523009900
0.21247290011048169944274
0.21249778434161914475453
0.21244729034439355230823
0.21242251623731767118386
0.21240002783973566113929
0.21237668547778398853154
0.21236721098792429862634
0.21238370966124167638078
0.21239321379760606189890
0.21241583132050073645658
0.21243946203999444777288
0.21246586745224080305938
0.21249244316883778016525
0.21251621108920581981749
0.21251111588481269576434
0.21253322044630323928160
0.21248540607945984315386
0.21245817396758198691842
0.21243316236102180449841
0.21240977050888076860247
0.21239943863909074850405
0.21241495497034618145094
0.21242658616077575439718
0.21245230332909204040703
0.21247795971428401484715
0.21250427454539946858780
0.21252820441223849168288
0.21254947079072847304637
0.21254391647727585712424
0.21256514396776157727054
0.21252185395305053794424
0.21249785475139609802753
0.21247199835753918795156
0.21244522577206517710557
0.21243178273779167453128
0.21245034414713648285300
0.21246517931201913675920
0.21249148804097034437532
0.21251490199941119874083
0.21253779942634387634115
0.21255973276736919719276
0.21258261227122432490688
0.21257675191496158695337
0.21260113738933245075557
0.21255268094528989575309
0.21253068873900118895826
0.21250915210489307316521
0.21248501346431208913756
0.21246997480129758972822
0.21248808318517853344076
0.21250346268299682983560
0.21252499966761226324330
0.21254524183376657942013
0.21256934982472650008667
0.21259547541803369696822
0.21262076906649429730578
0.21261514398582176399444
0.21263907250627686607025
0.21258785546370961849760
0.21256208807863347098888
0.21254015640382006857578
0.21251889185361130807372
0.21250466172564935751765
0.21251895779647678175195
0.21253353779045786042801
0.21255576830524877673945
0.21258076615786966612198
0.21260829115395296629032
0.21263386686185220542100
0.21262769777467391274506
0.21265078343093685164789
0.21260059367849798439565
0.21257407707855810463649
0.21254891096150524409936
0.21253285787595757594381
0.21254770485092791543202
0.21256730313949226407466
0.21259395908376546580065
0.21262038024274171332806
0.21264441884413742833715
0.21266575496947537349257
0.21265932613020924191183
0.21267958324520203072794
0.21263752758816634180761
0.21261432387800011101220
0.21258731158900173729975
0.21256550861720477363370
0.21258468024802082418923
0.21260716685853062180023
0.21263210559901282725725
0.21265250122530052201419
0.21267265819960981532155
0.21269429296405914509016
0.21268723972450948034307
0.21270894671272125298067
0.21266607750303584412066
0.21264665736231291859326
0.21262492892094084218080
0.21260378368990512365500
0.21262090425158242101844
0.21264015198203781165098
0.21266000618004762823254
0.21268001382305790070149
0.21270260886911762643336
0.21272472791549124071508
0.21271825365016402975549
0.21274065445074688551763
0.21269568542096017882415
0.21267425640593459745809
0.21265389433134435082096
0.21263534504500117283676
0.21264827137585323724167
0.21266808866846817482887
0.21269019256235122128373
0.21271182303609242891795
0.21273424002454285886010
0.21275924891484557233134
0.21275146952590007209949
0.21278123119461703205424
0.21272746236868697589095
0.21270642563798189406121
0.21268373913526147922504
0.21266191166944498069924
0.21267833593271662229185
0.21269987312636609577687
0.21272140664054783876225
0.21274370340311807292544
0.21277263351001110547323
0.21279756583055772778401
0.21279263503779061172949
0.21276359764962438081426
0.21273643540118500339098
0.21271523526609034671075
0.21269472480105922063132
0.21270914310167951533082
0.21272919933239534118208
0.21275581119508188421285
0.21278574440999653560880
0.21278586186609166341910
0.21278977584390040833640
0.21277935960487256994433
0.21274676364931283112369
0.21272202532973427668850
0.21273811106718024110940
0.21277157826975143239956
0.21279184159005512522178
0.21273875556633758954206
0.21279055741486549435670
0.21276418443812611380750
0.21278843253811274838228
0.21275298050758389978299
0.21254146370063464743794
0.21276255847648517516291
0.21265883280593800286340
0.21256833128927357656757
0.21225836050892651907240
