0.21064840834908413191862
0.21061978911494516619740
0.21099311551346930371231
0.21097031427098544842380
0.21109558918433002361326
0.21094105293607137707745
0.21108211752711344977307
0.21111431543016684342362
0.21110582091121921077814
0.21112114395830855473335
0.21106673092933200819310
0.21090618565894397873350
0.21104854267415795732177
0.21109719273635477176931
0.21111427997043794024812
0.21113780668170381571436
0.21112969988660862385998
0.21116014055685466965784
0.21110761699924368572923
0.21108918878600241297860
0.21102748547953656399478
0.21100345745610796233116
0.21107971429367464177851
0.21110257410516217180252
0.21112314014139643703061
0.21115149121224363604199
0.21118138024055579937688
0.21117247690206997212670
0.21114389454826346104177
0.21111678683460269323469
0.21109662871754414359415
0.21106997481735897959076
0.21106357740772552222808
0.21109162944399673111917
0.21111045183076007636380
0.21113618828196312193768
0.21116385960204400729090
0.21119129774924169651307
0.21118254570096889333186
0.21120912409243708385276
0.21115594802942244667676
0.21112879171235338082724
0.21110547640154875281837
0.21108778124154958799608
0.21110140849717909383720
0.21112217907004557360118
0.21114834688143832575058
0.21117483563338762531103
0.21120077634924425136198
0.21122973680436901711133
0.21122140004393075152223
0.21125146515605111585678
0.21119335221243831779425
0.21116714990415746955321
0.21114128123602204922804
0.21111702725976477790226
0.21113598163749539016187
0.21116060403315928262202
0.21118566066876656717177
0.21121329425302109994433
0.21124329553010978699490
0.21127329809120404258138
0.21126460699774751716973
0.21129178140011770081763
0.21123521777210568783900
0.21120606876898351256244
0.21117949801976718116059
0.21115501028234515135118
0.21117458175310824253224
0.21119928098881046718560
0.21122762729222160915654
0.21125703718354527094192
0.21128406808084054802066
0.21130782511380460930717
0.21130034145849765914171
0.21132352046242680598809
0.21127667307378886207836
0.21124927250570263437268
0.21122063829958079295146
0.21119391335821344202195
0.21121506838920375836999
0.21124183598224641200680
0.21126890524958255590526
0.21129295390345134708632
0.21131611611953654561447
0.21134056854681196324641
0.21133236407064912021347
0.21136038037325224903107
0.21130860697183356800011
0.21128578521666796508072
0.21126205278090898209697
0.21123573207621748615281
0.21125570036925492289903
0.21127917781208940817272
0.21130175891860111803133
0.21132495000250658967467
0.21135193425499071429030
0.21138129365639951595668
0.21137267229446415894856
0.21140188587113800666728
0.21134439281212277772504
0.21131801729247459697980
0.21129515619274388815718
0.21127377237522410036163
0.21126717307215320262870
0.21128366943076565265258
0.21129026075500434433962
0.21131164680249586718119
0.21133655881792717812218
0.21136481705473278425167
0.21139406307791847039468
0.21142085425898010653256
0.21141234257508070837339
0.21143747391902698029575
0.21138544270470888131186
0.21135711679235552606926
0.21132996155965133588950
0.21130693761799076990648
0.21129962682901809456482
0.21131615094072173088868
0.21132467366141485798359
0.21135018841046243620596
0.21137757510979723885036
0.21140443114720944284279
0.21142924172493310353005
0.21145316872666686247584
0.21144498112808099432591
0.21146964566338527502509
0.21142140493605701689894
0.21139703521491651216913
0.21137010674294376411098
0.21134421149166859876800
0.21133359912028229499192
0.21135270315290524689722
0.21136413247732696585324
0.21138915725753609775595
0.21141366306740133618192
0.21143792887322640505765
0.21146191027755320557269
0.21148804585066363626034
0.21148039601778109708441
0.21150739040754665265531
0.21145392024558656851596
0.21143016790095056633980
0.21140664742734116554601
0.21138346019916370854830
0.21137165040428340656575
0.21138913100486581009285
0.21140094233636191889403
0.21142328625317552415197
0.21144672508391837428832
0.21147231570841396042226
0.21149910779424832552031
0.21152691716333840710185
0.21151863186752031809057
0.21154482793477955016037
0.21149157379739330631097
0.21146519101021818420882
0.21144020072279975930307
0.21141777028075003919128
0.21140579071453005632897
0.21142199393032395926539
0.21143484600152490093805
0.21145839051473158676231
0.21148443979609374276940
0.21151112452346726433561
0.21153703772138804373171
0.21156269422680487601873
0.21155473479722988749963
0.21158007101698761420749
0.21152941300479408126556
0.21150371451001206968279
0.21147764941180671738330
0.21145315300640496469775
0.21143879343541496784731
0.21145623965834625668236
0.21147255308343745894284
0.21149683302043112420598
0.21152184078813374146222
0.21154669629444988743217
0.21157213344790548603669
0.21159815597571793310827
0.21158950223812436619575
0.21161691908254554039814
0.21156362880414747440483
0.21153919953919997354319
0.21151529824322895523281
0.21149108993955872959347
0.21147478563158592090865
0.21149231998754547401376
0.21150933676296487795376
0.21153174223307366630387
0.21155650625319016855386
0.21158172908924588462298
0.21160837848384497772436
0.21163530107937045254829
0.21162776019457371634580
0.21165434057471216311441
0.21160070505358724579636
0.21157367451931749502414
0.21154895100592346901536
0.21152607878147658415635
0.21150922552938031251379
0.21152516238895585631852
0.21154266354819467599313
0.21156623366248983320048
0.21159279926893398426913
0.21161968007205972375218
0.21164667297784270361127
0.21167200403941585640233
0.21166410188603440589716
0.21163868514764669348516
0.21161206793043135787613
0.21158528119289599089825
0.21156033122652451172740
0.21154131800182746081518
0.21155780234500612402293
0.21157884872969509593155
0.21160491279891435745242
0.21163163531792419935762
0.21165650049764661577711
0.21168117540270117715728
0.21167359601204749353087
0.21169764165727170124320
0.21164951126910444556550
0.21162425717725227847232
0.21159901474771367069216
0.21157592011593823189131
0.21159542440432482779400
0.21161856807802156832388
0.21164246852679291510668
0.21166615471494779066042
0.21168992661203392402491
0.21171497789285484425470
0.21170624918102276534881
0.21173245356462891408889
0.21168234433032487307180
0.21165914068806901404685
0.21163700549510972015455
0.21161425764776575775272
0.21163231697063505931666
0.21165330820426656033284
0.21167489674433687119048
0.21169858045131187407328
0.21172423635206288894395
0.21175031702138374933853
0.21174215001290921933652
0.21176918626978916138093
0.21171632667193757137980
0.21169094025169601924752
0.21166911515125394482872
0.21164885544051129095955
0.21166473317629935779749
0.21168490211356646990559
0.21170824033312271583718
0.21173446695008305007413
0.21176149737589974875185
0.21178768199051242748787
0.21177996814444463580251
0.21180690247305905549169
0.21175351636490130635693
0.21172671144908830620501
0.21170239554182571084517
0.21168044220644091635286
0.21169732142113509287817
0.21172085510787846951430
0.21174628938751308138144
0.21177260578174869620760
0.21179875378891194204201
0.21182520012752006910439
0.21181754529928478736345
0.21184386241573674447558
0.21179164905404887497831
0.21176533263105512538971
0.21174017801780389835820
0.21171606460523528792095
0.21173542841508502521108
0.21175969591649360102004
0.21178417410731673053981
0.21181020806413039525573
0.21183634428921718773076
0.21186246074946693540575
0.21185471951641948740175
0.21188034385366832923481
0.21182849839725312324212
0.21180264285690730829970
0.21177841047571457910870
0.21175519345955326477871
0.21177361522027407514379
0.21179711384374175220380
0.21182059285273779902781
0.21184666286126788148358
0.21187230007506166473696
0.21189795384949813850106
0.21188973681924475056526
0.21191472707823502674707
0.21186450305764656376617
0.21183925983469720222274
0.21181460194076540126673
0.21179166854903311301150
0.21178460472750187948421
0.21180117998700345727237
0.21180952511038939056753
0.21183271423914576403469
0.21185661364107088999731
0.21188261311355405247525
0.21190707105251102571053
0.21193243573704023674509
0.21192522472130856381334
0.21195082684070115641717
0.21189954247351380778319
0.21187440292324452584261
0.21185063629937364582112
0.21182740384067161310000
0.21181864999098656832111
0.21183604320648086183354
0.21184567425699041276488
0.21186834835202983384761
0.21189175645667493452784
0.21191716591973466798926
0.21194281298378800371118
0.21196949640536527637025
0.21196135514702688085187
0.21198786332659885767171
0.21193485325659461304681
0.21190931069941551512237
0.21188617572641005315504
0.21186335682180529316199
0.21185336997933509883829
0.21187020807634532326702
0.21188103268816130264618
0.21190339070110189578777
0.21192735919481386908103
0.21195340176747126670342
0.21197979461920166133204
0.21200578813446810388932
0.21199809144596126753157
0.21202343779758306419048
0.21197246524401158751516
0.21194535264968550336562
0.21192113739484491619081
0.21189820272433385062172
0.21188722918820593332789
0.21190370674612646340051
0.21191601190368977714051
0.21193903624197160673326
0.21196383035888805013158
0.21199022027845579319028
0.21201636292918699111532
0.21204104942247870013716
0.21203329542137971941429
0.21205920356562921180732
0.21200813224273673540665
0.21198224899582865377035
0.21195777668589971254320
0.21193357443826224550953
0.21192013036837589745609
0.21193748592762709503923
0.21195227110443357054770
0.21197614920284718609267
0.21200048636457613504547
0.21202584234322430223330
0.21205135326496407643937
0.21207708007124306814895
0.21206940677912222703583
0.21209575081458956202773
0.21204384636750236992064
0.21201827897115324561561
0.21199463091201817266374
0.21197081314282628650147
0.21195517486675896634551
0.21197283896208179987397
0.21198960164601826638986
0.21201251954130292953771
0.21203596607253055728037
0.21206194290122173939928
0.21208806230530402592294
0.21211364208415120491402
0.21210599198640839313512
0.21213075893302690833053
0.21207992795985478040599
0.21205381430410596976799
0.21203040186477856154923
0.21200767326183339589463
0.21199047938577569860641
0.21200797545923305564841
0.21202505678996752536136
0.21204816768954024008842
0.21207185866218125624982
0.21209773244013679915909
0.21212287661634690594248
0.21211521197081298351073
0.21213983014280018979392
0.21208981788656561251472
0.21206552247805854349849
0.21204263921556049110606
0.21202425836097382738643
0.21204041754763475191581
0.21205974938742541691106
0.21208333572397200517123
0.21210680726004371710047
0.21213240730493973518200
0.21215704404263036053635
0.21214918783555400394469
0.21217536647531454185867
0.21212404641375712244233
0.21210051442423241696567
0.21207744160241390196653
0.21205696236950977162650
0.21207386381599965807787
0.21209480883929002215105
0.21211806547696204772180
0.21214101346762187505490
0.21216729729939615145540
0.21219447200708183021156
0.21218627548935364846017
0.21221390800328499004479
0.21215954114158475096730
0.21213556025140134497775
0.21211199695056501268731
0.21209043229556800991276
0.21210722225214431735374
0.21212987717353859462577
0.21215329593528040041939
0.21217832339473705061117
0.21220632202682260247784
0.21223316156743296523324
0.21222512002788121443508
0.21225096723770695006372
0.21219751183879148603850
0.21217236329353481028015
0.21214795301330152677011
0.21212453964295477359947
0.21214270017711006621752
0.21216679490030779242637
0.21219126946527502863837
0.21221634316458731772670
0.21224253100278314687621
0.21226744487459900390114
0.21225908991525865854300
0.21228317746246405661736
0.21223401032392283371841
0.21221041648459976203256
0.21218550900847341078581
0.21216096028523584449132
0.21217965570903968286487
0.21220388354488875504167
0.21222777289917779675044
0.21225094694066970468782
0.21227513587203611367116
0.21230037494843467804628
0.21229280141287454330978
0.21231854408510533738230
0.21226714403520191565278
0.21224456339601049936761
0.21222151535142119715971
0.21219793985391727231260
0.21221586665406888538854
0.21223852348884153506958
0.21226085539194153306575
0.21228406781732905850291
0.21231096638172550217227
0.21233856080590632342542
0.21233020775198321872246
0.21235743985694982560730
0.21230261359037458368526
0.21227840273304657281450
0.21225530743584805626334
0.21223288716967989020468
0.21224975326456771429484
0.21227275880696633292288
0.21229690576991600003964
0.21232203026649612565002
0.21234965344701126066518
0.21237583251295233388589
0.21236766779463972509845
0.21239288433605896244671
0.21234174142190737066827
0.21231636822856569946083
0.21229104974482035372851
0.21226682166484445168919
0.21228557445850496088191
0.21231004076016590786935
0.21233527669035381912899
0.21235929385084503784320
0.21238510776538285784731
0.21240961350864201451216
0.21240118257414489222334
0.21242741686448154969646
0.21237618208647018880342
0.21235302244913636937618
0.21232937519955483174350
0.21230434659450020395965
0.21229672572989646828212
0.21231542737981856650009
0.21232335437361105068277
0.21234696092198249162131
0.21237001832156973679666
0.21239240072077336662915
0.21241855400406189913198
0.21244561195784630869277
0.21243719771036179144730
0.21246470537444767101576
0.21240991386947793984064
0.21238615379259073723262
0.21236357132978486705888
0.21234081742967833572600
0.21233227838523652253322
0.21234883500210707807376
0.21235732232081572234961
0.21237934083892029413221
0.21240310189869546220187
0.21242853298431749187181
0.21245679338730763530130
0.21248322048506429471360
0.21247552086381471525556
0.21250031856563736387677
0.21244811868136653787431
0.21242182172123105776684
0.21239664121173643107632
0.21237385861940097364631
0.21236461867344191833951
0.21238018827388127629519
0.21239065454242009312047
0.21241575750113575460354
0.21244162081524664564824
0.21246703813460446341743
0.21249266643376213403727
0.21251665488879512011522
0.21250843609305286596722
0.21253241278974410732872
0.21248467166293655283837
0.21246153057327024638035
0.21243543194733410794939
0.21240928036507392140386
0.21239706943620428880592
0.21241568572354815880310
0.21242922382748630205640
0.21245490455588983413904
0.21247859280402836557045
0.21250067017981918993108
0.21252430804761104909950
0.21254996564366784861377
0.21254138192505175886104
0.21256857681777310831173
0.21251560187665594070516
0.21249439384631982341567
0.21247255403682205332494
0.21244905294933899564391
0.21243537101981752046598
0.21245353155771662390094
0.21246749622519267575171
0.21248838736824041117934
0.21250895927727314616007
0.21253232172867916882630
0.21256016107242267643151
0.21258829891153080415833
0.21257989335977964251434
0.21260670259571548545985
0.21255088293881460592694
0.21252581796800118496549
0.21250352716124576435419
0.21248291818092274185759
0.21247015604802915733629
0.21248449249849402087342
0.21249755475709028451625
0.21251912123174354629640
0.21254450800226540319038
0.21257137986697127729485
0.21259869140791240460509
0.21259085754560072545338
0.21261569338639707549277
0.21256435301279655303297
0.21253741610029130981729
0.21251291959350285254438
0.21249842726576884111012
0.21251330326949305349338
0.21253130463045094566965
0.21255729146028137788171
0.21258416882953320992122
0.21260766091721233772560
0.21263075750529547569556
0.21262266128118584296303
0.21264467947962978344734
0.21260135777847280480479
0.21257766075226322555203
0.21255131048253109171675
0.21253113300219511616618
0.21255033129138475866959
0.21257117322452334651217
0.21259545730754775272331
0.21261637832062399433575
0.21263608818468213157438
0.21265947605510560070030
0.21265075457088736254896
0.21267419959178146537937
0.21263000316092106611876
0.21261003373997369725323
0.21258895641598365977565
0.21256946903779566637738
0.21258663005337488649538
0.21260420862573170541765
0.21262341086083072494439
0.21264398001292839079923
0.21266619209080411811996
0.21269002754912416652822
0.21268188410124327925033
0.21270597893681039702862
0.21265967594184581601624
0.21263768274449393325121
0.21261798118812966218449
0.21260111269656228882852
0.21261407926724776307204
0.21263219517224365984198
0.21265362304901674894708
0.21267581558880063741235
0.21269789834758698332529
0.21272458248319434104268
0.21271513825485074966615
0.21274656434864816501040
0.21269143422237277163411
0.21266983958618729255718
0.21264785013864931362271
0.21262774333772790913422
0.21264413111314617310654
0.21266396765134007451614
0.21268478505025109615012
0.21270763811572879209422
0.21273630210103838811264
0.21276289490677738336366
0.21275630028256842241063
0.21272748588987833162633
0.21269976365213125180098
0.21267929245733127596729
0.21266046243465597243016
0.21267480088999668463856
0.21269320210533981807544
0.21271908121841723304790
0.21274958383299602537875
0.21274952742331329491599
0.21275356564673597592474
0.21274256639251332146046
0.21271070360387178688200
0.21268759135538106708196
0.21270357689215232954716
0.21273545255821332822244
0.21275498712939555634449
0.21270184633329378143252
0.21275436695329941194643
0.21272954645177011290258
0.21275368878258468785525
0.21271672671314753588767
0.21250515520641713451688
0.21272771229300202477930
0.21262431328944847441775
0.21253339364383264098457
0.21222380956611644475807
0.21068334444724373666347
0.21065729221015447314436
0.21102804324040425054676
0.21100782195882200609205
0.21113046776238009183402
0.21097943004568206482041
0.21111958685262052770604
0.21114913144763214347677
0.21114323455997510703419
0.21115589586879354722093
0.21110508383395343301459
0.21094517092246653500176
0.21108754554901046351922
0.21113550395180741281465
0.21115163309607568042914
0.21117249529916365391458
0.21116699252689768995239
0.21119476578239632091893
0.21114588370899270430847
0.21112819079895164819938
0.21106716448035839350794
0.21104226331774647573702
0.21111939556203604406726
0.21114156876241457760912
0.21116136387679765307190
0.21118872412160658025293
0.21121594187912470785840
0.21120964912659626055991
0.21118207573547184696672
0.21115577189382234157833
0.21113630355058329857165
0.21110883032134050707462
0.21110087338481936525270
0.21113052772756815689270
0.21115011943543390837696
0.21117516403803127111871
0.21120199749039533787531
0.21122840702115899813585
0.21122064011267252525705
0.21124616858270592323343
0.21119491396995468401876
0.21116845376738885287082
0.21114441554840149284367
0.21112506034203090687917
0.21113868186769055301788
0.21116115914418090437898
0.21118800165426493409271
0.21121379040835661089481
0.21123882842828786698952
0.21126671670462088270526
0.21125941051507374224272
0.21128838021450799256051
0.21123229412928826165263
0.21120679515865942166286
0.21118030224832573527038
0.21115434769621782562510
0.21117335099373532592004
0.21119966778955215347402
0.21122529617702057169737
0.21125222161375031837416
0.21128126321073104065817
0.21131014685067206482216
0.21130253164537643462140
0.21132856151026621627231
0.21127413046505022498067
0.21124569538831844406346
0.21121860390498578552432
0.21119242489253775563185
0.21121204015900940653694
0.21123842776652557162720
0.21126724410020483735373
0.21129593493694950878670
0.21132195077229218305170
0.21134453551137588611653
0.21133818176657395704332
0.21136016105220911676099
0.21131555359331924415223
0.21128887771523485739067
0.21125982579579793974034
0.21123141412802159955220
0.21125261350701909912608
0.21128106449599859395505
0.21130849733549306179725
0.21133181414253848773299
0.21135391281118998119126
0.21137713884416040044378
0.21137011697238555774092
0.21139687912236695965795
0.21134744671678079575017
0.21132536488554090614578
0.21130132167296822309766
0.21127331800094834024506
0.21129332632130545799320
0.21131848627037230770043
0.21134132535341002001594
0.21136376826280511842526
0.21138964427555587133334
0.21141772006587716825621
0.21141034052734736237156
0.21143824004701042285070
0.21138318910295714192493
0.21135756918194442688375
0.21133450199908285216388
0.21131143598290083596147
0.21130414234598482448035
0.21132060052240764225218
0.21132796249258925525005
0.21135102954618392723241
0.21137609580764685213161
0.21140358926817712226232
0.21143168911454598979383
0.21145713559149303950591
0.21144992500960516079722
0.21147368065043703477812
0.21142418922902042610623
0.21139663945192743721435
0.21136938218197401373466
0.21134467570631376709400
0.21133652071141326156400
0.21135300722628383440771
0.21136244812826945893569
0.21138964659706099835645
0.21141708327090305563623
0.21144315078698286414216
0.21146678017206504973657
0.21148929947758296488125
0.21148247661577151967904
0.21150570049022324181642
0.21146009716192479266361
0.21143652869593157483941
0.21140959993371791214578
0.21138201836463388350040
0.21137041917620055797578
0.21138949074065238598052
0.21140197343902583648756
0.21142868543349827015199
0.21145313956657402210126
0.21147659113288175269929
0.21149936271687796995877
0.21152402516909557528280
0.21151780470608957940293
0.21154329370785482367090
0.21149255044292980532106
0.21146962632903371082094
0.21144621002414806798519
0.21142133412821556559535
0.21140840775928396166883
0.21142585996086482591494
0.21143884862321860040879
0.21146288302002938519486
0.21148616711388704136887
0.21151091394968310477331
0.21153647209496398429174
0.21156274308758754587600
0.21155595254797734949825
0.21158057579501884926110
0.21153013962552730253819
0.21150461668143905047401
0.21147982987047941882963
0.21145570472480282320227
0.21144249334839887444204
0.21145867556927072650197
0.21147281077771523660758
0.21149805072418897955444
0.21152384709930358019925
0.21154965625123217654036
0.21157431512883534407976
0.21159836441844281917923
0.21159196777045718995680
0.21161566331134998297792
0.21156790828003918525368
0.21154310319888355862439
0.21151734003697211794481
0.21149114665117155209551
0.21147545945211124185370
0.21149289371927398883955
0.21151057672069131787573
0.21153655468449530929753
0.21156121238250030769379
0.21158515376640071870007
0.21160932070974877716729
0.21163366928268603772700
0.21162664423793803303298
0.21165235277952715309269
0.21160204769149421055729
0.21157855332957681282480
0.21155504874920941227323
0.21152913997433048232111
0.21151143202636954465667
0.21152896394230435994643
0.21154741372753504968784
0.21157151939132967655155
0.21159584131652003913260
0.21162010913302442549622
0.21164547612766571038634
0.21167065537805068720090
0.21166481269177236934631
0.21168961597184843270725
0.21163904377666076239706
0.21161299021469986980648
0.21158875393377157836383
0.21156418142428201623062
0.21154587313820533145403
0.21156181799456286185546
0.21158079307349381137371
0.21160606242167598334269
0.21163209604060936874781
0.21165797578809650292264
0.21168367924761044562842
0.21170719948410113286918
0.21170106121930792886232
0.21167693772245713135227
0.21165134649770314667627
0.21162513551819922552610
0.21159848492704660949393
0.21157798626875040648443
0.21159448888404627786564
0.21161702690454256559072
0.21164479082892734274068
0.21167089538749914168214
0.21169470921612987268645
0.21171808812104797592468
0.21171175887751794708613
0.21173450752280292830321
0.21168875119318869559848
0.21166415694806475777945
0.21163721648211175629939
0.21161263128363494434581
0.21163216617552088605336
0.21165679481543414608424
0.21168238964368599197563
0.21170537376949050134556
0.21172804189703725574745
0.21175179583752073986247
0.21174431595035830833140
0.21176922231571437826858
0.21172154342742435795266
0.21169908312561819263564
0.21167525590296362714149
0.21165103306274604677562
0.21166913646267532245204
0.21169158086313200062278
0.21171485757695854279525
0.21173775942580921882730
0.21176225472212495404278
0.21178703697898085267504
0.21178011935236637497404
0.21180585783112121367466
0.21175548526684645489482
0.21173091766225551890734
0.21170740853661529357055
0.21168572553625655818799
0.21170165428025683462820
0.21172321859825332657223
0.21174823399932446443827
0.21177360361407007727230
0.21179941544020966515127
0.21182430385525413685244
0.21181783368217202423445
0.21184347332822700549215
0.21179263259389621842921
0.21176672124640119609928
0.21174073363909801104299
0.21171741370264215986730
0.21173434247087716264524
0.21175921301302444432757
0.21178631415479917676770
0.21181170187119705006218
0.21183656699207720208733
0.21186171965566097386002
0.21185530569671273681820
0.21188033081637547283549
0.21183072382171472258783
0.21180537045874253676558
0.21177855441654391821515
0.21175313572920903548713
0.21177255136025990855941
0.21179809192852977473009
0.21182422333761344312997
0.21184926027278547233657
0.21187404992619429666689
0.21189887725935582785119
0.21189236914442521886315
0.21191670690559569201206
0.21186752860668023323854
0.21184270337051674948370
0.21181682410099744728882
0.21179236749197999367667
0.21181083927620800166913
0.21183554524387318562795
0.21186066442439133172826
0.21188567082286111076250
0.21190989331380824522988
0.21193426245514282446614
0.21192727378731684995117
0.21195098114184832138740
0.21190348848979506657386
0.21187933992917740155804
0.21185304860843504060064
0.21182894199721943873094
0.21182190749623613923447
0.21183854470449028917223
0.21184684898962152788116
0.21187117610077843554706
0.21189670020452697207780
0.21192157511160372718173
0.21194455057892469529435
0.21196863513046063087764
0.21196264508867529441360
0.21198697026089460826448
0.21193848018790115150800
0.21191449581938531787628
0.21188911291609438536376
0.21186477842781817337858
0.21185607582918766778057
0.21187352820245158868673
0.21188309872712637882408
0.21190684063956144456142
0.21193185517061260969562
0.21195607928725895829913
0.21198017382312764333996
0.21200558257020710173357
0.21199865680624713215607
0.21202389195069912264380
0.21197374313790376398892
0.21194941343829776236873
0.21192468006756487453046
0.21190082994686398887296
0.21189091076150248782461
0.21190780385889823600465
0.21191855526272762588746
0.21194190726189612861141
0.21196746410342096056389
0.21199226742654253552445
0.21201703643339198102069
0.21204175917916673332897
0.21203527157793478075121
0.21205935016930269054747
0.21201130529364631271960
0.21198545808169577675528
0.21195966584561395928965
0.21193577559222701034436
0.21192487673301904638201
0.21194140123501217787272
0.21195363480293410995969
0.21197757738564967922024
0.21200393686862456510411
0.21202903488452268243591
0.21205348049870309523612
0.21207690149835736748152
0.21207035035091814645369
0.21209499472686971222046
0.21204692181482037716123
0.21202235556831955376467
0.21199632778721924641907
0.21197124564361916054800
0.21195786712197015044801
0.21197526115527701162655
0.21198999165216222961838
0.21201470971056299297253
0.21204059042403833323931
0.21206460607421609432244
0.21208834611780388867963
0.21211281041133914215813
0.21210633599369174695504
0.21213141986977585018437
0.21208258259357437580661
0.21205837875718164253769
0.21203320030183922528799
0.21200858418417339867901
0.21199298480902584174146
0.21201067671488540988811
0.21202742287077125382666
0.21205109859822679485575
0.21207606217399097014997
0.21210065175714018503861
0.21212492663971399542433
0.21214924810190871617976
0.21214279112898060120074
0.21216630070334291380263
0.21211860960161790790046
0.21209390543536110751432
0.21206898898589240931578
0.21204554285939927749105
0.21202833846268626105669
0.21204584954230018545296
0.21206297440150778665924
0.21208676211107121978294
0.21211194244673650666222
0.21213638677853954850328
0.21215961110104417097766
0.21215383794218334312376
0.21217649903564553270918
0.21212989246910285423553
0.21210412388899832492051
0.21208060593419325590148
0.21206214281433097279539
0.21207830592292525873077
0.21209776519297440788847
0.21212194469636139193547
0.21214687171791418718314
0.21217100372092256854728
0.21219364590696709882423
0.21218775488154009711828
0.21221190121422278673791
0.21216410021157028342742
0.21213913009788676333756
0.21211550563595382712379
0.21209484715100196394744
0.21211173952017359223277
0.21213291951302176707728
0.21215668742532750590257
0.21218105494468661453844
0.21220583601592793443480
0.21223093997140957123193
0.21222478462905131069149
0.21225030903421671091280
0.21219956818976620782635
0.21217418676226734719492
0.21215015572100925922427
0.21212829336611768726861
0.21214506388826059879449
0.21216808411042306636851
0.21219192773223846670838
0.21221833467996736866112
0.21224480057344943806363
0.21226949451730420248552
0.21226356735774420947394
0.21228723108814562259283
0.21223750743594496648292
0.21221100154804437010192
0.21218620838792415228546
0.21216234464264277503887
0.21218054083773713047734
0.21220509705574563952268
0.21222991275748198658491
0.21225632191647286761693
0.21228094764772056923796
0.21230363974778548863398
0.21229747520395045312647
0.21231930340607105267559
0.21227396961542105424670
0.21224906322433673144801
0.21222385758459386129182
0.21219883565039185380208
0.21221756661908117158610
0.21224227820985622217087
0.21226642345408999745793
0.21229088503181633984518
0.21231348789507309415825
0.21233643158141146667361
0.21233111962806194839004
0.21235453034805135130725
0.21230706017705069932333
0.21228321850266543280306
0.21225995645589124105612
0.21223588320595782041877
0.21225384229062313479197
0.21227700766031606938178
0.21229951408156685910278
0.21232396156642177609264
0.21234925146039174137513
0.21237447732528974553290
0.21236846011429613700905
0.21239328707276355912015
0.21234248366597077706253
0.21231706436005393090483
0.21229383407720692211740
0.21227089301240728569375
0.21228779117888038618922
0.21231132825763876503800
0.21233557054457161128447
0.21236187411189677565204
0.21238787089776572925004
0.21241161003004171980990
0.21240584909835841243009
0.21242859090732299498505
0.21238155842232123160507
0.21235503658990301234510
0.21232966167720968009291
0.21230488899250499201798
0.21232367062387805245471
0.21234869316221902102448
0.21237394880502052929572
0.21239908377357891167136
0.21242325315885635106383
0.21244524877792830830359
0.21243929198157429638627
0.21246298165618826558898
0.21241594255717932693273
0.21239169736537702459778
0.21236806730317928093577
0.21234246930555034094112
0.21233407341928919875862
0.21235272081255929244037
0.21236150582295454380954
0.21238569171737087248886
0.21240869437009338160927
0.21243212989798226919547
0.21245662607257825849061
0.21248110666435460203161
0.21247523127470741011180
0.21250012939127777000792
0.21244961130889650213760
0.21242483149958432675497
0.21240234005474051270923
0.21237899506885293821057
0.21236951812280352447360
0.21238602051210694887651
0.21239552555604157557667
0.21241814638252473623758
0.21244178263780866267041
0.21246819781803572002588
0.21249478816567660133252
0.21251857300520585192238
0.21251347684523619330221
0.21253559981324274263947
0.21248775046256818122004
0.21246050407669744841677
0.21243548279624485664030
0.21241208485583820686493
0.21240175095460206433629
0.21241727101057794602212
0.21242890545778425614998
0.21245463313181026099308
0.21248030429042999434053
0.21250663564704544428174
0.21253058284371792452383
0.21255186542219786649532
0.21254631089746972572030
0.21256755218934972329059
0.21252423213333043738871
0.21250021521988596284736
0.21247434180388688473862
0.21244755515237498388892
0.21243410634279449866746
0.21245267880256316073151
0.21246752303867982858421
0.21249384835333118282108
0.21251727900390940395603
0.21254019276854826947520
0.21256214004617582369328
0.21258503331333167274408
0.21257917146011065523403
0.21260357296957613226773
0.21255508653100563254412
0.21253308102391779699225
0.21251152904217743278004
0.21248737345721810387822
0.21247232413936209538541
0.21249044871001138146127
0.21250583877240986074852
0.21252739152819039025744
0.21254764671189185776257
0.21257176727546928107770
0.21259790829361688291321
0.21262322455168725099384
0.21261759710860556049639
0.21264155765488734761703
0.21259028707064092644785
0.21256450438808971448168
0.21254255972610072711326
0.21252128210463150370657
0.21250704272790144067073
0.21252135149667511493377
0.21253594031485953386174
0.21255818228456771490364
0.21258319527502167467503
0.21261074221410489193396
0.21263634984993398657771
0.21263017813667905997477
0.21265330593073208942378
0.21260304190282686143121
0.21257650464576305360254
0.21255132376223057066866
0.21253526166523323270852
0.21255011893171571468741
0.21256972871500259825162
0.21259640527430859191504
0.21262285791252719113764
0.21264693816164695339133
0.21266832408758393202497
0.21266189269476484802190
0.21268219887291842096211
0.21264004509769465767199
0.21261679901911212375865
0.21258975510815808496190
0.21256793572559656846366
0.21258712589500489142935
0.21260963878921615433093
0.21263461968923130784859
0.21265506490127555894176
0.21267527245131623292451
0.21269694645561998402883
0.21268989163764476235663
0.21271162049370700986017
0.21266868880440278899435
0.21264921863848010308295
0.21262744060829813497193
0.21260625837293989359722
0.21262341832076570025123
0.21264271086930755516597
0.21266261547137577103683
0.21268266394637935778889
0.21270528172967165247975
0.21272739919479999315399
0.21272092480769819178299
0.21274330024504717329137
0.21269835765493982915331
0.21267690542978009982100
0.21265650151707171655602
0.21263790427908413338542
0.21265087698256823767196
0.21267073530955557525424
0.21269286386042077219294
0.21271449532677402793901
0.21273688836880325081502
0.21276185278227091601799
0.21275407716598931928687
0.21278378286958188336797
0.21273011205416286761860
0.21270909785356889587504
0.21268640943805255938415
0.21266455718696056220729
0.21268100532815559233768
0.21270254581804881599538
0.21272405816319445159834
0.21274631467102833592975
0.21277519148949711191854
0.21280006060466830075661
0.21279513764005134057733
0.21276616075677257100551
0.21273905014377772482170
0.21271788865810584145954
0.21269739725095940241495
0.21271179716196811360085
0.21273181691869494369662
0.21275838032939750621431
0.21278825625317246417190
0.21278830675811324923963
0.21279223302266531137050
0.21278187901060915954154
0.21274933745712407140438
0.21272464638742638598501
0.21274069060762357263883
0.21277410596302925860357
0.21279430969518398075735
0.21274116422860558928143
0.21279303741702743080211
0.21276672012242558995609
0.21279092304104102462148
0.21275540460538844289573
0.21254380981587553400836
0.21276499706732129868492
0.21266122984126778483471
0.21257069796061034416823
0.21226066610387228639212
