0.13019447086579838401832
0.13011171548960237531745
0.13057135645539177937202
0.13053334853073994548112
0.13069635942362298197672
0.13048837459044027031752
0.13068202754422372779963
0.13071708142144641828786
0.13071058928782608443697
0.13071470102771254317986
0.13066527754050213938619
0.13043658822232503946559
0.13064413323485965512383
0.13070280597325528715302
0.13070831495445253689347
0.13072028250347555999866
0.13071173988052414705052
0.13073434305629058616027
0.13070194927000855500410
0.13069550915347266650812
0.13061819026559415291011
0.13058682494031781384791
0.13068568581555831120689
0.13069673929300801296094
0.13070490624887176611679
0.13072594371721818484744
0.13075130999632214590100
0.13074348453989856344570
0.13071854218875536557398
0.13069837262204631045392
0.13069078997056085555961
0.13067438168169392964657
0.13066502201640176061836
0.13068575861592315878745
0.13069186006003374878048
0.13071068398426577417126
0.13073578826505077854492
0.13075992745904682634794
0.13075181693072446265091
0.13077436422461008458384
0.13072854203859243793495
0.13070385879963783426483
0.13068651229978320293945
0.13068047584490943835434
0.13068183392031185174886
0.13069699041093368885313
0.13072128569374905082690
0.13074494389959906426313
0.13076644488965155632698
0.13078961123496241070185
0.13078114379572999825818
0.13080536909838336168121
0.13075899923651945755410
0.13073778856306247919683
0.13071446414663606683249
0.13069162241411558245119
0.13070915970682603357567
0.13073170092331432012855
0.13075144054848156227600
0.13077261810963977661793
0.13079676449838514851187
0.13082054381723035030305
0.13081182809544442124938
0.13083246267650233685131
0.13078813178005196937725
0.13076524941515493827282
0.13074529911545895721758
0.13072578037445448106979
0.13073934523100860793932
0.13075768334312412588538
0.13077992785916583984296
0.13080418645540797806248
0.13082527753782735580046
0.13084224690977511174061
0.13083592010609809697108
0.13085187146214505293784
0.13081835727446231021354
0.13079591234080711892318
0.13077180336560886853015
0.13075124821682490572350
0.13076515493154491909245
0.13078810412379196503885
0.13081058316814048181342
0.13082924582310792582796
0.13084575799258096884259
0.13086405539384179941287
0.13085618312235408611244
0.13087832980731539667119
0.13083893140615379668823
0.13082315027656921113675
0.13080395897439306418519
0.13078082114820477332984
0.13079686390448963528854
0.13081675833057185287522
0.13083294309767193319693
0.13084950613677040487381
0.13086999402929069824530
0.13089388975626040090283
0.13088515606666845103589
0.13090823135576173941175
0.13086243042421091820060
0.13084285058654585021110
0.13082674141573857884424
0.13081062233673204642237
0.13080555090691373121281
0.13081701976431681089252
0.13082200383548570066239
0.13083623493735568876772
0.13085434560855044305860
0.13087697771243109179373
0.13090048193055625613823
0.13092081464075785990353
0.13091276851420047266927
0.13093102473711587530047
0.13089160024495699596869
0.13086877581718342478112
0.13084787038699960404209
0.13083134372160792890938
0.13082671459346134623658
0.13083572233377163684942
0.13084174328522571451039
0.13086131829170227769410
0.13088380748831726640979
0.13090492642818979396324
0.13092336481544186721493
0.13094071649043176330807
0.13093305018310869014542
0.13095114168468569015857
0.13091641860857619605873
0.13089766136494471182594
0.13087571084954699451863
0.13085420279590220804522
0.13084644757942087700542
0.13085938505033908874076
0.13086878984887384547164
0.13088942084618629402293
0.13090869496255672088658
0.13092657666852347553288
0.13094435521321207138712
0.13096365683805569202214
0.13095637919866698339888
0.13097703361961332557684
0.13093656866455294363050
0.13091920968267362068715
0.13090189810146840576621
0.13088326717548201538754
0.13087370703227796386869
0.13088622525603860191623
0.13089607415096640719021
0.13091283139769954724230
0.13092981403223924452561
0.13094862154186714953141
0.13096906756740522848048
0.13098962004242992174241
0.13098151291933365913955
0.13100083609530940864651
0.13096167266587979693959
0.13094200325889787661637
0.13092367140203831077372
0.13090689428670188032555
0.13089810834795437277656
0.13090865500037307533887
0.13091767973563153693028
0.13093482286481189502680
0.13095471779262424227852
0.13097464461427935078497
0.13099335147937340995128
0.13101169374120630317648
0.13100451165457802082948
0.13102348441963462821747
0.13098604884997763764254
0.13096707936498411251058
0.13094774834474270930329
0.13092951352358683791977
0.13091879791864863280537
0.13092953842031812561331
0.13094209729542949371961
0.13096052526046489394851
0.13097886437775874135525
0.13099687312516505866000
0.13101603309153533882814
0.13103644797137706246026
0.13102813517134354048821
0.13104993206948770123610
0.13100802048311249725643
0.13099000276108041518341
0.13097252901350500686739
0.13095439558735064156103
0.13094159194208396246317
0.13095325442449393116284
0.13096577372527334892638
0.13098275959450436656262
0.13100123248912867723881
0.13102084922049489490448
0.13104173496265089648993
0.13106258042744975411686
0.13105530455049588245409
0.13107450009272877955446
0.13103424077171416106680
0.13101284134503685119277
0.13099353929232210314026
0.13097674129993810976380
0.13096370997522494006304
0.13097389520801541729078
0.13098723443133769572810
0.13100548482184942722384
0.13102611532891017542823
0.13104750073230905793586
0.13106748768708634256264
0.13108501952580026150841
0.13107772601945621993025
0.13105955674932445731429
0.13103992325409599684072
0.13101890354559056484085
0.13099899157977237806882
0.13098406894029826497139
0.13099482683336319266409
0.13101159183633259708301
0.13103251992853373608661
0.13105296557731474504926
0.13107075995442390992096
0.13108737031467815326025
0.13108038916498002124378
0.13109755894236369000438
0.13106377296109827934600
0.13104546094376398612802
0.13102570515936143302760
0.13100727480864207685762
0.13102099318568788399730
0.13103938474969148431093
0.13105681992980941497073
0.13107332529147536215319
0.13109026372070659016700
0.13110877631271214416309
0.13110051426126001494765
0.13112081379894796606678
0.13108281932039755890429
0.13106697713592393994553
0.13105136867159458691212
0.13103396529093108702213
0.13104561113525173277061
0.13106092057918661275551
0.13107612549431410520206
0.13109336585220862647638
0.13111264521360213586298
0.13113273005529918480150
0.13112486823724739393171
0.13114462198856777219724
0.13110508440246804173768
0.13108580025738955643355
0.13106979401550483688155
0.13105585774294570278187
0.13106512267290959528054
0.13107953764336296997861
0.13109680370114704106577
0.13111699527068451653911
0.13113729572525445465914
0.13115642791378948062153
0.13114877868870619681552
0.13116830473892368558175
0.13112926958772941343767
0.13110945715271399292234
0.13109075026269931263379
0.13107456477568771302522
0.13108482693545497888010
0.13110312884235927888277
0.13112234255202767641002
0.13114177680516367341390
0.13116061420310815011092
0.13118049804106987621388
0.13117329784908154932666
0.13119350738908136522198
0.13115392457627383926422
0.13113475512589406468678
0.13111560488454840345263
0.13109675796948869197500
0.13111003908915355720133
0.13112819008582890512038
0.13114659577873985507601
0.13116641257621336480454
0.13118655066876119819064
0.13120665937314884841314
0.13119951627250053816098
0.13121891582540357035214
0.13117880040067733671272
0.13115891137847299208197
0.13114085512554149448583
0.13112302081187260371919
0.13113532276152883859766
0.13115327765031872808699
0.13117169412974319375742
0.13119161155467318202739
0.13121111649627045792066
0.13122964954451671326652
0.13122171642631966226311
0.13123891846876903355401
0.13120387024039831258548
0.13118463300636873380967
0.13116536250158752907602
0.13114709487979317459327
0.13114165529304194768301
0.13115283339895034142586
0.13115930634270347998616
0.13117752137098251385972
0.13119616182185128705484
0.13121482851729038277000
0.13123165578743106740589
0.13124871026876722135412
0.13124172603324577024431
0.13126008585276793816377
0.13122417944762526653690
0.13120664360449349472582
0.13118944339467161763757
0.13117177237151572688489
0.13116490452921322762414
0.13117668191367165553274
0.13118391711270899202546
0.13120043727212807316285
0.13121649207333269115949
0.13123374208356866632563
0.13125242258432104347499
0.13127254231365170777934
0.13126448499093848476527
0.13128557424304213019361
0.13124455409700055974476
0.13122646569847506992090
0.13121058440616811813229
0.13119448248582507576820
0.13118735530067898720219
0.13119707700560248597732
0.13120437113547916974099
0.13121993217796334985081
0.13123734811881854200877
0.13125718021625965015176
0.13127774324306851205790
0.13129776957765446065984
0.13129067580500394796239
0.13130946909005605793830
0.13127055543386961788954
0.13124923590021639330239
0.13123051117127096376613
0.13121402887683125682017
0.13120699012710654307590
0.13121616450731948821939
0.13122495773190237522421
0.13124258052329171309047
0.13126227152760294725198
0.13128308935082871888866
0.13130270326351317633495
0.13132035002098410569893
0.13131294618853869837771
0.13133126587325935630268
0.13129482035000336614949
0.13127565048898906518993
0.13125618333463126563565
0.13123670333710940605343
0.13122628514390985432492
0.13123813070406803449330
0.13124984609615253372539
0.13126934174276716493779
0.13128788799964496991635
0.13130584066556519329261
0.13132340321222127355050
0.13134204401225843539258
0.13133439888025316699682
0.13135323145923974430538
0.13131641770370627853026
0.13129875154560502470424
0.13128147071304091531019
0.13126320846685848864333
0.13125120907120296775972
0.13126323344452692221118
0.13127617606400740490891
0.13129255638292755548058
0.13130859366198491255950
0.13132698805844447709212
0.13134608534368830135008
0.13136483604931253887926
0.13135748035761221630402
0.13137550021385829834841
0.13133809200643220549409
0.13131932860336459345518
0.13130288433103862177909
0.13128722871849018982715
0.13127469788381510018560
0.13128517828640265396878
0.13129716396113669252266
0.13131318559307780802214
0.13133049783357989004351
0.13134970496000181183760
0.13136814864420345849716
0.13136106508826092542641
0.13137852059132756887827
0.13134235746206446293627
0.13132384092484150617253
0.13130655792411807802900
0.13129405353074191653562
0.13130296035391145204052
0.13131739578139006718871
0.13133501110548187473803
0.13135319791999863769938
0.13137182855124593383600
0.13138922142830197770103
0.13138181504255802556358
0.13140065899587557995964
0.13136390021188920629314
0.13134681145615742514643
0.13132893861595487661198
0.13131293308081193327297
0.13132432595338777714389
0.13134059094709937820511
0.13135798286111699528789
0.13137439704027750742021
0.13139261513308728157590
0.13141294465723921125466
0.13140489683843958879095
0.13142545677724112862528
0.13138548425011195575074
0.13136859899974195897698
0.13135149519010932972485
0.13133491574286579317565
0.13134618552581503458931
0.13136214077695673729806
0.13137880040532343151050
0.13139712066434008908011
0.13141794957047223113555
0.13143828500695875494131
0.13143047868809334954854
0.13144937118275049070526
0.13140950648945745604657
0.13139042278191245816110
0.13137314058035864938745
0.13135667590423005801625
0.13136748231407593956455
0.13138455381359190332624
0.13140280468665641033787
0.13142172408274946371343
0.13144144379638816877431
0.13145932911900989892295
0.13145109692642018006659
0.13146813548314156827601
0.13143358221003081931499
0.13141565915567476885428
0.13139638010276313839775
0.13137783081404427742989
0.13138990218696908196527
0.13140837397494381511009
0.13142685691389432989240
0.13144387126839113255627
0.13146084808104732677414
0.13147831892749153870348
0.13147120567611689234688
0.13148986444259203043572
0.13145342317044778068791
0.13143727586893227954334
0.13142024976037305905585
0.13140210938897767256606
0.13141450852251304604046
0.13143126356027109991054
0.13144688522821987297640
0.13146317993215350661274
0.13148290113378166554803
0.13150305918069130073356
0.13149496509535527066781
0.13151524678981124649724
0.13147484704557821366677
0.13145753747877589323600
0.13144138052709405939389
0.13142519949142106305828
0.13143514903072828214903
0.13145139794788129883329
0.13146881471988453027322
0.13148739274562010193037
0.13150755927217602780921
0.13152653385223381232727
0.13151895982251418648623
0.13153671768527783192404
0.13150025180979149630467
0.13148117613988022367444
0.13146226422617651730107
0.13144516040144152424496
0.13145633071415693815531
0.13147453914407736252912
0.13149324465552428287118
0.13151122091743192021873
0.13152969772167977247079
0.13154758492344392761808
0.13153962752966372184993
0.13155915144355112555985
0.13152143982058706050964
0.13150487193893306558934
0.13148711615279093378739
0.13146830437170059502350
0.13146225288936969066711
0.13147440636188417739660
0.13148036327721671079338
0.13149860341797600660207
0.13151512964482300893643
0.13153136071324780798086
0.13155064911421596174357
0.13157163148584244405370
0.13156299802353979555569
0.13158311854933404938528
0.13154250893924357423970
0.13152506542775871389850
0.13150836958665199083462
0.13149176730924627687358
0.13148552576116445678167
0.13149612661051329753903
0.13150238649406612023718
0.13151783681578524398681
0.13153503962908102975504
0.13155483050293417801591
0.13157578528078653357092
0.13159395462592785031042
0.13158691496316204938566
0.13160273319188547924696
0.13156730375504721575197
0.13154740918636984026158
0.13152856994661868417218
0.13151197879481110741828
0.13150580917671450542628
0.13151458274912430912451
0.13152216541401490212948
0.13154057684177472564713
0.13156042032281753395573
0.13157885589856208041759
0.13159582203955355605984
0.13161113364766896527414
0.13160350840612286549280
0.13162023550984158770660
0.13158862926658626557597
0.13157293824280452687603
0.13155375331252211479338
0.13153324579836855878767
0.13152449949681124796719
0.13153647279448293927473
0.13154668908124311776930
0.13156585392307740267626
0.13158287322002268360244
0.13159693756338236569903
0.13161271505658803104843
0.13163205061761029668332
0.13162404837610613972387
0.13164563215504959670099
0.13160537101475891508251
0.13159088841704610906014
0.13157683202035325154000
0.13155995759403596445658
0.13154942077532527644479
0.13156121592928918251353
0.13157172136201056300564
0.13158553996396793461798
0.13159876637121409315156
0.13161547500203030214294
0.13163768778103393519707
0.13165904956703466943679
0.13165036062205229261401
0.13166917044270154413255
0.13162839833939146694242
0.13160908838837584444725
0.13159351960275686432844
0.13158027940193536831082
0.13157144909107609809240
0.13157951960013805625671
0.13158759556799307088859
0.13160233250738553878456
0.13162137916221830491459
0.13164216430941663715792
0.13166145876353421706462
0.13165417678992780148306
0.13166960935449781300299
0.13163480444246505873807
0.13161359880441772518544
0.13159583231705279660062
0.13158603203029523021073
0.13159346936947224904202
0.13160687020449143846967
0.13162686938580631101914
0.13164678997848963670769
0.13166285468800151270408
0.13167673868648838153561
0.13166962455391312269981
0.13168437265453247775326
0.13165645966042624492864
0.13164001161651267546304
0.13161987329304292160259
0.13160401602734686510310
0.13161650025356655402398
0.13163278554169777212479
0.13165072343805153676222
0.13166411437915973015045
0.13167682607581748799319
0.13169301263340801866342
0.13168555995946307213273
0.13170113948820083571434
0.13167149768204522430892
0.13165831625839330421002
0.13164404070714116889995
0.13162915376415132429067
0.13164031547205778949206
0.13165284186598960602943
0.13166536467560741030525
0.13167911033578683088763
0.13169382333688306463415
0.13170679744593780102768
0.13169916276757148709819
0.13171130741678258035954
0.13168686037737650784685
0.13167289494136449889972
0.13166029507622292737956
0.13164941054998643976681
0.13165604924984231072216
0.13166749486089576737236
0.13168056627833338301237
0.13169247006145923251097
0.13170305730763101625946
0.13172105411569784427783
0.13171206309491206853934
0.13174107618100142080841
0.13169659851738804712262
0.13168625579522258428611
0.13167406000805309540524
0.13166246759588406955999
0.13166920552310579228816
0.13167971045472581792524
0.13168980010334521701942
0.13170482468319047453242
0.13173190659098707455676
0.13175803369618516169837
0.13175364320839641485428
0.13172328891886198043437
0.13169712412902498388512
0.13168396999750939246887
0.13167505891314798538438
0.13167923837289466360012
0.13169102326004253344927
0.13171516071658939672773
0.13174743803690316945598
0.13172925521758835354369
0.13173746297312077802033
0.13174093904907704932761
0.13170738274333640416280
0.13168523814056196097333
0.13170013510613620688616
0.13173315906051696888568
0.13174136328256899619582
0.13163223707758170410997
0.13174149329522377716017
0.13172596264928299047980
0.13174021413144595959999
0.13165616988190309566420
0.13133943902402156478360
0.13167531350228342534869
0.13152805968435035688380
0.13140218281404841826898
0.13104891847370495061575
0.13021606394640738990631
0.13013488355588839762156
0.13059297149294871176473
0.13055655590656073394840
0.13071795422692658594777
0.13051211501341317133829
0.13070522530239161995702
0.13073863899860715953594
0.13073375503923659324279
0.13073621782440797423064
0.13068902101366761114853
0.13046069926291387064410
0.13066827725874266552530
0.13072652702824996695519
0.13073144190329175073906
0.13074175933380785541438
0.13073482829879778943649
0.13075578067719770269939
0.13072564144457662904664
0.13071965749002653622846
0.13064275040042924724837
0.13061084160060473791098
0.13071025396734339829585
0.13072088177251720009231
0.13072857061199788519801
0.13074899528124800385243
0.13077270887363232065859
0.13076649933413322934861
0.13074218035270251947466
0.13072250783557678999180
0.13071535313039778225530
0.13069843760707161584023
0.13068811147789788362772
0.13070984065360682913060
0.13071641733746075519917
0.13073481349316451449738
0.13075940050483764176548
0.13078290411852799834946
0.13077540305774235096514
0.13079730137087641761440
0.13075266650929129319536
0.13072841276249827502376
0.13071061819320400898548
0.13070355494229229931236
0.13070490822029523503289
0.13072112166605132088648
0.13074583614751375537644
0.13076906232596141599345
0.13079000540923954587491
0.13081250882380449085396
0.13080467890069846781387
0.13082822694150664233348
0.13078311018030694401482
0.13076233403654136111527
0.13073862178865366945324
0.13071472587120475106204
0.13073229447488723953263
0.13075588600315926623985
0.13077598039989182798770
0.13079672027554736790655
0.13082027347985283882714
0.13084336089778808576156
0.13083531076755602895467
0.13085523733162360282556
0.13081222522181013001585
0.13078978398319660025884
0.13076951063061231783635
0.13074894401608577743090
0.13076253624360953398131
0.13078192020045398269446
0.13080445660248207762066
0.13082827111643782758144
0.13084873448240549875798
0.13086497837268959432144
0.13085935090925962520636
0.13087455968384387183789
0.13084243163466660608840
0.13082043438750820540939
0.13079606559893322548227
0.13077446544546814100052
0.13078839976058223570909
0.13081239234247746261453
0.13083509756063416151761
0.13085330777486320341652
0.13086916180092156292147
0.13088670037184740868597
0.13087955988131533269225
0.13090093082884698971746
0.13086298066715329468934
0.13084765737721962275408
0.13082827281328390789383
0.13080409175256260678744
0.13082015994583351403691
0.13084109707635846464591
0.13085744198599116860926
0.13087354217884086815538
0.13089334453874790220596
0.13091644643308777973267
0.13090848111453243229896
0.13093074357738004875884
0.13088645302581963791866
0.13086734043906972368987
0.13085110330278987289532
0.13083394215046234565492
0.13082844064949800122477
0.13083988608618377091908
0.13084534746674283955947
0.13086061956095873526351
0.13087882623841312623725
0.13090098575394845670239
0.13092378122055309264127
0.13094328189895704239731
0.13093604097660890839272
0.13095344578494663712043
0.13091559271923580709540
0.13089324789226725043179
0.13087227851935076539114
0.13085470968436518912625
0.13084955784524851529760
0.13085854209428768313295
0.13086513166792285156603
0.13088574985476814083185
0.13090827102826990691042
0.13092890254299274777061
0.13094661006318497609158
0.13096309048336327029993
0.13095626881875563340962
0.13097346870028175880307
0.13094037792775192752259
0.13092211615236851174338
0.13090016447117286402246
0.13087761130719063884520
0.13086924489470388999202
0.13088216245650116653643
0.13089221986987337187358
0.13091389648784421129157
0.13093313937231462751321
0.13095051741881061357908
0.13096754733755758270952
0.13098593728694593596451
0.13097954433309566546484
0.13099926723189336819075
0.13096048957773018250883
0.13094364295796356856272
0.13092639536445332959502
0.13090671805878262290435
0.13089646617044398135832
0.13090896710465038665916
0.13091954542491945900906
0.13093734993728853299721
0.13095423721944665640393
0.13097252278846027717663
0.13099220541032521869518
0.13101180582274302155454
0.13100462381362520947192
0.13102297355529687883369
0.13098555404703912663500
0.13096641645807874376750
0.13094821006057175138970
0.13093038306717696972470
0.13092083417107827636450
0.13093136791301440702284
0.13094118733546039612392
0.13095938073603413664969
0.13097911976647574894272
0.13099850503706816917671
0.13101643565555412540569
0.13103378306967830568830
0.13102756835035292426461
0.13104552568325417150064
0.13100988671522798001412
0.13099146989201057578178
0.13097232523738736031937
0.13095303908847646945368
0.13094150111389005197715
0.13095223420215781895415
0.13096564153461923152300
0.13098512154151628616994
0.13100324442442226602346
0.13102068760357940546690
0.13103906161200373770015
0.13105844061712274006837
0.13105113589986469579962
0.13107187572727677093987
0.13103181118908588387306
0.13101437185548722719197
0.13099714326147152143598
0.13097795631915723491012
0.13096428307689175762896
0.13097594418814795247386
0.13098935114655543832107
0.13100739035470229665314
0.13102559008282110841748
0.13104461616724452643901
0.13106470855843913025929
0.13108447512754334285390
0.13107825046334120600022
0.13109634595203500939675
0.13105798242778821105503
0.13103718712722947636884
0.13101818603245640737498
0.13100033472948735546737
0.13098640199934452610364
0.13099659223910120608991
0.13101084454715644644907
0.13103014779138774659195
0.13105044965888773544904
0.13107121602982532704296
0.13109040505480612504030
0.13110681580209437857576
0.13110061422448088253034
0.13108324538325280550488
0.13106424666000104917174
0.13104358265210483414087
0.13102261681232330037261
0.13100677384055314789180
0.13101754314271779611190
0.13103523242786035973850
0.13105721398937483779257
0.13107727770052035598525
0.13109442146101571435857
0.13111022949074641053002
0.13110402210461480354553
0.13112038910270670810654
0.13108807256084717418609
0.13107016864858228588631
0.13104936063321531714010
0.13103000658121172206094
0.13104374419339082091795
0.13106305598999407058258
0.13108154086883405664565
0.13109761182847479155100
0.13111386715292075444417
0.13113157688097495934265
0.13112408767563840661374
0.13114358411388127301223
0.13110709340050161197944
0.13109171124675847441843
0.13107505467226335249542
0.13105673735910458588272
0.13106841057716928089505
0.13108462026023931512597
0.13110087088109970143712
0.13111762756305714305860
0.13113618883474803533673
0.13115547030217386548223
0.13114838169784751031877
0.13116733230045504732253
0.13112933362813364301935
0.13111055586080030965768
0.13109350636584718441391
0.13107868852084128552526
0.13108798493699691523062
0.13110326429162372230408
0.13112156942527888880967
0.13114123104081082393790
0.13116077751311130961120
0.13117910751027492266552
0.13117222795621163999868
0.13119095274190761823974
0.13115349279186355735405
0.13113423309573413177986
0.13111449036269337553584
0.13109745819380314024727
0.13110775100424762462659
0.13112688137940370358692
0.13114712790955682097938
0.13116598766458092972798
0.13118403109820539476083
0.13120311440706175498683
0.13119668223010569341191
0.13121609234273387545322
0.13117812229792261136119
0.13115954868790302700887
0.13113936896604908022290
0.13111971310150888347934
0.13113302653596081714937
0.13115196640292622887181
0.13117139643475841936926
0.13119059651181805281617
0.13120990142507210629574
0.13122921247242716469295
0.13122283262568332218301
0.13124143602083412907255
0.13120297090885910118452
0.13118371918843596546367
0.13116464254512569254096
0.13114604002295368601061
0.13115837310614228417016
0.13117707622964208669103
0.13119650910308827684858
0.13121576857362968193677
0.13123439805449316208907
0.13125213599192478430844
0.13124496310156669176550
0.13126137094662695958824
0.13122801353038324179145
0.13120945351888282925934
0.13118917076325420367766
0.13117017591389310005034
0.13116475429529372842552
0.13117597092334376540634
0.13118241880891132189468
0.13120133921298995915983
0.13122098648792016040154
0.13123895724763764980558
0.13125486674865552427782
0.13127112868826090741337
0.13126490015076403006233
0.13128246960609910032325
0.13124829293098153049080
0.13123147209161706294722
0.13121327052333758844682
0.13119491648431674812869
0.13118808012275118279888
0.13119989431777487332020
0.13120709226151061610466
0.13122427410981463147266
0.13124132399339533128213
0.13125784024141914918538
0.13127555980320856909849
0.13129489076144024162218
0.13128758566277104469222
0.13130788733831161296806
0.13126863768517246788825
0.13125129994105896868994
0.13123442854599445817065
0.13121768769619029937346
0.13121060223987640602772
0.13122035787815214402663
0.13122760677956360475527
0.13124378364613173419961
0.13126218364962716211863
0.13128124901371235333514
0.13130080717728465078409
0.13132004719947562576543
0.13131370182109317057417
0.13133171050571382232341
0.13129460865990616458276
0.13127407189605821979939
0.13125436992792854917766
0.13123729549153692608421
0.13123030294098736447950
0.13123950620773192077273
0.13124825531040937298677
0.13126644731947068045486
0.13128710849308625197018
0.13130712710226596917629
0.13132569065934523999672
0.13134255409036416084589
0.13133589474924201034867
0.13135343216183301140454
0.13131884271531046870507
0.13130048786692696816125
0.13128005666068798262813
0.13126003098322272522047
0.13124965300720733973883
0.13126152258761888957928
0.13127320457573721235178
0.13129322121810355072924
0.13131272400002366729233
0.13132984703786099167644
0.13134631320185935487999
0.13136417258414936903854
0.13135726942640249537142
0.13137532201312354662726
0.13134040693728118998074
0.13132358487056475238042
0.13130535581356109209317
0.13128659854981786225814
0.13127462283029536771473
0.13128666461941845833294
0.13129959746094910233438
0.13131644747177698140383
0.13133342449485543856902
0.13135096022582351538155
0.13136891573261536003692
0.13138688765135497771297
0.13138027042367231289610
0.13139751203771068976955
0.13136204731460762729078
0.13134415629832413285882
0.13132678027802566211868
0.13131068004645629621052
0.13129814235998055194088
0.13130863199173092858985
0.13132064487333466873409
0.13133708593338019876562
0.13135532097792351757803
0.13137364346664529013431
0.13139089870470024856708
0.13138498612516200103606
0.13140123000868883518244
0.13136717504700085035196
0.13134774557666670236067
0.13133006897870527773797
0.13131751344229375400019
0.13132642249780879240006
0.13134093727644563509571
0.13135892046504493713144
0.13137800929580520370443
0.13139573130550530333238
0.13141188934220926487484
0.13140569953503961064811
0.13142328535486910712216
0.13138870499139485015228
0.13137072517761477774556
0.13135251008169579467477
0.13133639295069282626471
0.13134778036788249955258
0.13136419145624680937523
0.13138190052335374513603
0.13139919418809875573118
0.13141648200659469813978
0.13143552974075931039089
0.13142874549134156425545
0.13144800049069127467760
0.13141027238987521008617
0.13139251944825369733394
0.13137512552999028314638
0.13135836115473889518235
0.13136961905907834635698
0.13138580086788465006720
0.13140272398543748066935
0.13142189904333839711725
0.13144177939328327564539
0.13146078671190972175786
0.13145428933973585250428
0.13147183010394070112881
0.13143427524858089516790
0.13141435032726556109139
0.13139683063188520306674
0.13138008670925713228250
0.13139091512364273195423
0.13140827278843830727695
0.13142673547484953755493
0.13144648251494489565872
0.13146523547858346425699
0.13148174528016901008165
0.13147486908092520518920
0.13149050879617052434156
0.13145832876364113572798
0.13143959226052834288190
0.13142012786708709426442
0.13140128494323119467957
0.13141337841570330247087
0.13143215039129005350382
0.13145079246354612889647
0.13146860465565804454435
0.13148459960040814742399
0.13150064923710466646689
0.13149493615363616605407
0.13151215122156584280688
0.13147814287459416715542
0.13146121424142065414742
0.13144405510858009344943
0.13142560586558274526858
0.13143802522357389550578
0.13145509566568633341710
0.13147082573220841839046
0.13148788563331770262721
0.13150661117078349393594
0.13152530290215935782072
0.13151865489834554945325
0.13153744767532671300359
0.13149953812018452814492
0.13148147976308671713852
0.13146523888190311812885
0.13144873492505732004432
0.13145870423600111709383
0.13147528266972013932801
0.13149275892045861335866
0.13151206767431414257352
0.13153122755403964805332
0.13154869155524925861123
0.13154260576262111204215
0.13155883138779764229831
0.13152491023663165359281
0.13150512261799310320676
0.13148617517159674750182
0.13146873372107492627947
0.13147992181158307811728
0.13149847524432575762710
0.13151719352359111936401
0.13153586259440244732311
0.13155332141227388254023
0.13156965455340166593068
0.13156322892989605333192
0.13158117751696751795976
0.13154606321424916481888
0.13152882265843013342987
0.13151107694896854716227
0.13149191197015130949666
0.13148538032573009459725
0.13149750030143297907514
0.13150398872412755180150
0.13152258828337173857115
0.13153908101748390535590
0.13155596470430952482644
0.13157422743789570773743
0.13159361435746533275370
0.13158655264549332097879
0.13160505758470841808361
0.13156709333226843106068
0.13154901781742558974919
0.13153237784648713626368
0.13151540908054756839896
0.13150858657069869339651
0.13151915390157215002276
0.13152604418828917065554
0.13154186782180340986592
0.13155899380196309222946
0.13157939485176392557797
0.13159931599894234000026
0.13161584927737457473285
0.13161042157082336601093
0.13162458340256208422225
0.13159184769863946362634
0.13157136450192971621753
0.13155262327501418551101
0.13153565061603597619033
0.13152880349033885254428
0.13153754623140004320625
0.13154585247935032810140
0.13156465128463348812637
0.13158437646797721543024
0.13160337858929968546384
0.13161930383469430672072
0.13163293978064247169435
0.13162696406496832146615
0.13164199748183516569533
0.13161312880414591242051
0.13159689514759273509803
0.13157784913174569441097
0.13155694756455915683802
0.13154743450598624376902
0.13155938074112916158498
0.13157040616869325466709
0.13158997076882417154309
0.13160683097194256219176
0.13162141334414875770698
0.13163614409593699106082
0.13165376832350747515754
0.13164745125438387374217
0.13166730590948666490547
0.13162982315340357453159
0.13161484645275461913272
0.13160096820050209975861
0.13158368804772804794290
0.13157230410897213790378
0.13158407708600236563079
0.13159546552575571154442
0.13160969399743296937011
0.13162272435904567857712
0.13163990287610055629486
0.13166106481249525983479
0.13168067985099748962163
0.13167371081138257160603
0.13169075680509267911589
0.13165280083173094838322
0.13163304572663062086413
0.13161769097077527512774
0.13160403662486422349254
0.13159429136771236268366
0.13160234459537620277381
0.13161136587264987696244
0.13162652136211003273125
0.13164533715957235648908
0.13166654112406850352102
0.13168478079820969406377
0.13167852773633351159965
0.13169290254392199135403
0.13165876364824352640071
0.13163780467322366840577
0.13161961391580437319426
0.13160884142689124876036
0.13161626685672106473746
0.13163066407366194598971
0.13165109107913902652953
0.13167074925166721843794
0.13168717847117442087956
0.13170000302307349748787
0.13169391948971245764888
0.13170760759418070895421
0.13168041766334365183511
0.13166424854931149668325
0.13164367999311582524413
0.13162680541686896940057
0.13163928471855776414223
0.13165660531882458772479
0.13167497524723845159222
0.13168807162462617399434
0.13170109161032439448746
0.13171621714164655214674
0.13170979620153971945129
0.13172431317023305941127
0.13169545415608110983108
0.13168258174624281053866
0.13166787206285160416463
0.13165193510526235209923
0.13166309624393582322632
0.13167668428282880421776
0.13168964214269010537528
0.13170306556194108504876
0.13171802997153228553806
0.13172993989860987129603
0.13172333829819457551302
0.13173441775641914208705
0.13171081387114608185485
0.13169718336054805907231
0.13168414849798729115982
0.13167219339665120481087
0.13167883565416282909410
0.13169136025915112453433
0.13170486551717489054347
0.13171642153527868268625
0.13172720034803675481783
0.13174413255826541990778
0.13173617418208430351889
0.13176412368218318182933
0.13172054780308131705091
0.13171056504079176052713
0.13169793670530421936249
0.13168526363769897380429
0.13169203835384554746035
0.13170359805016920717868
0.13171411748667855023953
0.13172877284946790665821
0.13175598824464598846085
0.13178104968334658497753
0.13177769435078093285263
0.13174723716096090053718
0.13172144943514499382253
0.13170786781022641998007
0.13169792852919048886662
0.13170214522320600192273
0.13171493231362313425237
0.13173949495775202911396
0.13177138666656909582464
0.13175326675084308991615
0.13176140622128224011433
0.13176528373020732209930
0.13173130458795731523303
0.13170818103815407074109
0.13172311520899002146301
0.13175709491055231925571
0.13176571278361132177892
0.13165656960190147417578
0.13176543909691895706260
0.13174898157830178258010
0.13176327045783692293313
0.13168010901102647491889
0.13136332995239038967661
0.13169839255537382771699
0.13155089635874617215450
0.13142524713588432661027
0.13107167783369552682693
