0.63130040789949382062929
0.63134622543056062582423
0.63147135333631077003247
0.63148169197956083298351
0.63152092220950817313962
0.63148728927382979936311
0.63153008276114908081666
0.63153677747946901366305
0.63155053556122398017436
0.63155236733045783115159
0.63154209394648497255531
0.63149599320020521897590
0.63155502728452195260189
0.63156532871199133616358
0.63156777619577075810753
0.63157384578616670989248
0.63158776048243092660073
0.63159739950855242618388
0.63158238656253351539505
0.63158054112686179415448
0.63156517864047634347457
0.63157752776173003983473
0.63159482360259855404649
0.63159836524818524505775
0.63160165266862966504391
0.63160963984750650990208
0.63161953296284656378390
0.63163094075428038998155
0.63162326647765876241891
0.63161776659931057054109
0.63161456144173433457922
0.63161266988269193500827
0.63163466528974576696953
0.63163453435663818869017
0.63163453743007968999024
0.63163948396307689758800
0.63164502198887040318454
0.63165167788769349677125
0.63166602558290696478593
0.63167230863115819694542
0.63166124804690804150908
0.63165590159332207775833
0.63165435754858834105363
0.63165778720895160436299
0.63167741290988099756021
0.63167477896779977708519
0.63167714444896239101013
0.63168200442470623379165
0.63168666793824501670684
0.63169354336030092422760
0.63170740243947387515533
0.63171493959295410558497
0.63170203639418087693258
0.63169751867590895333393
0.63169539293355680964481
0.63169708272512914426500
0.63171737818841411371551
0.63171554723258083186010
0.63171722542016439660983
0.63172216930360836073532
0.63172828873666719839974
0.63173584352696787735937
0.63174894296233008450514
0.63175562190092582337542
0.63174289110120451784525
0.63173751955975676608546
0.63173537942542534739943
0.63173762216261364343950
0.63175784275948321244698
0.63175574200159523297060
0.63175849974860398550192
0.63176395908999993800137
0.63176926009958711549785
0.63177481969110216297736
0.63178889417631856062485
0.63179414705801573148847
0.63178468279309629718199
0.63177992194562526684365
0.63177681574863597813163
0.63177813678187821899712
0.63179896865978946163267
0.63179812193710394030433
0.63180088746517848452555
0.63180458537342465419329
0.63180869663842031958012
0.63181439441179454430397
0.63182886138709948298242
0.63183575282755455315709
0.63182446581274054331345
0.63182096967298095879784
0.63181904183743153868846
0.63181981870696535263932
0.63184056087934814538443
0.63183898996064735698042
0.63184058784920393847528
0.63184429110584650057802
0.63184996665397841209000
0.63185742601932226580885
0.63187116341190463497668
0.63187853448595843186553
0.63186492395593130133591
0.63186022461672664007892
0.63185845045389732455021
0.63186080583541759381205
0.63186258167666820018127
0.63188286610851263080946
0.63188060668124812480073
0.63187822073385369048282
0.63188069238506716640558
0.63188586537308510937549
0.63189233900501562413154
0.63189883797252655028842
0.63191242466518682263654
0.63191819018825101661463
0.63190685060234830228154
0.63190170177928728367789
0.63189862665789520157489
0.63190050175782297436911
0.63190303818609894204172
0.63192335260594767465392
0.63192084207017029662268
0.63191968904730877465425
0.63192283503290214152770
0.63192723945014805941867
0.63193210819735567973510
0.63193735535165196370855
0.63195147761390901841594
0.63195697022883989824038
0.63194715935365797232492
0.63194349526421855767211
0.63194062144950313708591
0.63194162519042806902547
0.63194377659496625554425
0.63196450236080836670993
0.63196225865325461601429
0.63196101778761593070755
0.63196334866011305564371
0.63196684569631700334469
0.63197139969301030504312
0.63197744261144916944062
0.63199196153176995238709
0.63199836113595619924155
0.63198655908245116030741
0.63198303443137660018181
0.63198082651271214604805
0.63198252428484702480915
0.63198508991905932852262
0.63200508540202648966044
0.63200210091276853852094
0.63200021710186315981872
0.63200258907933604124452
0.63200688960043938102729
0.63201266762531227438870
0.63201927344947694820121
0.63203344861233068385786
0.63203962289537640728554
0.63202752548134533139290
0.63202279343515299636636
0.63201989323228435768698
0.63202157912406187190157
0.63202494211595794393332
0.63204493698221941855309
0.63204135312588727302341
0.63204007825656383090518
0.63204347229754886949848
0.63204807401736373684287
0.63205369079592399472745
0.63205975773681910556689
0.63207371623373553859437
0.63207963209914441726767
0.63206853256336514856883
0.63206424170488584302063
0.63206093484389525016809
0.63206192904802904752870
0.63206529968831393073714
0.63208612576573663943691
0.63208289100875469923579
0.63208185260099480906604
0.63208477370527182959137
0.63208864556701538361949
0.63209382837078720296375
0.63209982822793586709764
0.63211402981537023748615
0.63212030431169596855767
0.63210881254423767483530
0.63210511180906270300994
0.63210243677038624454667
0.63210367779793641407338
0.63210722667129826124466
0.63212776802358106031932
0.63212401599405954044641
0.63212237680791916183409
0.63212532873433358027171
0.63212928542476720661369
0.63213474027904237306785
0.63214093438905571975539
0.63215564698065929150061
0.63216161262583381308389
0.63214990486070143926867
0.63214536317384129038288
0.63214219269771665388191
0.63214373009937785408141
0.63214784550882019420470
0.63216734453378586877648
0.63216305317982346423378
0.63216199339983436544799
0.63216581528825632751989
0.63217047241424784154162
0.63217608687314497117882
0.63218193033485525766935
0.63219618837612778783352
0.63219086768828525180197
0.63218627984604836012039
0.63218214623874002811021
0.63218277613456885788423
0.63218685051247247574935
0.63220668865822782223063
0.63220291468442968429997
0.63220269224273673014380
0.63220683223252160942707
0.63221089572992417160435
0.63221596571292404398434
0.63223083847007444102672
0.63223566161564215271085
0.63222699517275038338937
0.63222338539466116369425
0.63222383537080151238996
0.63222732762000510842171
0.63224857185663851932844
0.63224474910668571059347
0.63224386342470673127991
0.63224708715710120632281
0.63225057780965321363453
0.63225572432356813568077
0.63227074400507587981224
0.63227601188275706078912
0.63226705490152967925610
0.63226401087671280087932
0.63226544281941299274763
0.63226970576600305395942
0.63229028633401362924360
0.63228545419499138091624
0.63228377279748260164638
0.63228715963808157507486
0.63229144366806044885720
0.63229671888254568301591
0.63231201562470784605097
0.63231759876202275894030
0.63230774245762766394563
0.63230368308308160241182
0.63230512837282404348116
0.63231000638353851428519
0.63232927155435558752572
0.63232444630646134076102
0.63232364490451065108800
0.63232807266664670109435
0.63233282060903150956221
0.63233820720735189890860
0.63235329656925665098299
0.63235875668601848609285
0.63234857736257155114146
0.63234385463003772720469
0.63234416370640622595545
0.63234839947858090258848
0.63236800773491741445298
0.63236431854243524419701
0.63236430049963998634155
0.63236894556376888054672
0.63237356599583571803436
0.63237896113170022349692
0.63239378317807604101830
0.63239918408028195084825
0.63238917242837267007616
0.63238455110368008149635
0.63238481342527519402097
0.63238819436160853548756
0.63240878899086871989255
0.63240544983867996720051
0.63240496015580494049146
0.63240956510465551332345
0.63241418841005803130884
0.63241942500001191440617
0.63243464764920276355298
0.63243963686949389302328
0.63243006091194198248218
0.63242540712457351315123
0.63242598192372967425001
0.63242952479303182755643
0.63244998757526615928981
0.63244653313442422692958
0.63244578430824105463870
0.63245055331635380291289
0.63245504231331617361889
0.63245992416925445045450
0.63247548847549250883304
0.63248017075128037944864
0.63247115469432002576866
0.63246646692245100940255
0.63246677148221408515383
0.63247015458550626121337
0.63247113027266610441046
0.63249108366218054211316
0.63249009973461400857531
0.63248707282281035890747
0.63248666169049161389637
0.63249161812041310160026
0.63249587528254724855259
0.63250074271249800972328
0.63251642419854281484959
0.63252132330127019965715
0.63251172342573058759996
0.63250677123557919045993
0.63250717586468507835917
0.63251006390816644220365
0.63251099029409973972804
0.63253102857693843663611
0.63253004048196659336867
0.63252706298947325436188
0.63252666508073063234008
0.63253177735455601293779
0.63253653169773049746993
0.63254184664433321660937
0.63255691422346460583981
0.63256212201973949227352
0.63255174178238116056150
0.63254659063775786620454
0.63254710941765790455094
0.63254999811062118109106
0.63255101260766133375313
0.63257104820537302103389
0.63256988738767949698172
0.63256696203793927324455
0.63256654018004321304858
0.63257200557904436077905
0.63257711540577599151902
0.63258215054888833339675
0.63259742859885148558163
0.63260208136046625071458
0.63259257510578781324995
0.63258680083394047688472
0.63258707575242889564748
0.63258969233040018842473
0.63259109067017982308556
0.63261094432278830446137
0.63260980061953786535156
0.63260724178270055784168
0.63260718674547855577828
0.63261288099105084103968
0.63261776688295123793893
0.63262218077194576348887
0.63263791005116420951282
0.63264250625988727172455
0.63263309291761726793624
0.63262762079050427477256
0.63262767710743295079823
0.63262973338834860292934
0.63263075318948280845177
0.63265053277159088995774
0.63264979011565514177562
0.63264791491293570491194
0.63264784355105796453955
0.63265343462589418432884
0.63265823738749360494182
0.63266300677105569150172
0.63267875561549291596464
0.63268363175256403518887
0.63267362354489575793082
0.63266781389622850362286
0.63266799373316784382837
0.63266975393307955943811
0.63267050184944528812281
0.63269025123519362363567
0.63268973898785618725782
0.63268791694558057514541
0.63268772390390071169719
0.63269381185564355085660
0.63269918637372646319506
0.63270395189437877991878
0.63271942779611134444195
0.63272385719118762192892
0.63271393712188039870625
0.63270759684757416074774
0.63270776757394620037900
0.63270943591267536643130
0.63271027213516195519816
0.63273018306827866208408
0.63272924676572372959527
0.63272769860171362843460
0.63272768254691913458743
0.63273393304331793096651
0.63273923950355415168900
0.63275395764502029294363
0.63275898138585051633243
0.63274774321228466344991
0.63274761845085869538252
0.63274917536167174514361
0.63275003048800926297446
0.63276986742195961976876
0.63276896630425638612394
0.63276774956643544456369
0.63276771750333793420396
0.63277389499774738812476
0.63277888261789294599424
0.63279372884102513818760
0.63279921245833381515666
0.63278765641416923060092
0.63278778231587595737295
0.63278901132418041708405
0.63278964688585326303638
0.63280946806254512182477
0.63280870444952486142398
0.63280768414175792013765
0.63280751584426564448904
0.63281396755711105672759
0.63281988421199997230104
0.63283438079017051425268
0.63284052438915916471984
0.63282750164581735852209
0.63282747018446761089194
0.63282817785690348433292
0.63282906017127937836619
0.63284840797389885214130
0.63284767369216599064430
0.63284701218522232402108
0.63284752447723546797675
0.63285494727544333581903
0.63286101004046224627331
0.63287493127136285053780
0.63288080537466950836745
0.63286761218037024256944
0.63286690631322339850584
0.63286726620964239842237
0.63286802087919391546222
0.63288742944948062074673
0.63288693885064761790460
0.63288689879823156747563
0.63288754354842224891797
0.63289457837434515141695
0.63290014977827957487477
0.63291404630413139464906
0.63291954673455830260309
0.63290735739552572702848
0.63290692499663581127578
0.63290678970866853791932
0.63290714509577628010817
0.63292699548594300029691
0.63292668421936904010749
0.63292659103584070212634
0.63292679631494352943122
0.63293349349537508796715
0.63293938725800080735695
0.63295352949148042664973
0.63295981935699330289680
0.63294648033509282036846
0.63294628716133338741656
0.63294643827626562160305
0.63294685814320905681285
0.63296649133632021388962
0.63296591951155045663313
0.63296584788487553208114
0.63296638265918736543370
0.63297394648691385210526
0.63298074691254835322241
0.63299469519386641902514
0.63300140967577245287856
0.63298665160578015953519
0.63298571991520102830719
0.63298540699781780105582
0.63298599227454244164903
0.63300517856830140761559
0.63300494787107508543045
0.63300570919888288212718
0.63300707816715318099199
0.63301515427517285328207
0.63302162050863541864487
0.63303498761447973830485
0.63304112197966144748307
0.63302746577245416759183
0.63302594955449908997736
0.63302471373125079878719
0.63302456006615992478714
0.63304429032036313440557
0.63304468590147755513442
0.63304592033275675078130
0.63304687009544580167386
0.63305439042308409014481
0.63306037752862087675254
0.63307333405257115721554
0.63307984862850152918412
0.63306614230377822316598
0.63306531533384668986031
0.63306461903477240227289
0.63306416949110999592421
0.63306548714914667730369
0.63308551618069663913246
0.63308389886383842348749
0.63308398138588473091914
0.63308453883557913588476
0.63308510750157998003829
0.63309270431304731641120
0.63309959300018481265226
0.63311262668465517755578
0.63311978205834040789313
0.63310446810754117397124
0.63310349932947240780834
0.63310296596519788359103
0.63310318607075666275108
0.63310482842208160025876
0.63312405947336969358474
0.63312194955143208385806
0.63312156939543529077241
0.63312267822811041373399
0.63312449262380754433366
0.63313302587683595312740
0.63313993786096567362165
0.63315328548433302824350
0.63315976672899587640586
0.63314486844020601008509
0.63314257902389547982835
0.63314086150429571553389
0.63314068060777584090459
0.63314293781234642910505
0.63316179108186554369553
0.63315965105696114800793
0.63316067119545904606781
0.63316287096789913846351
0.63316502258993812013443
0.63317306789180527459848
0.63317929849827148114372
0.63319227292249880001407
0.63319861528899812341820
0.63318481668706039222627
0.63318315601782659829411
0.63318089221963957946571
0.63317936719905221210070
0.63318126484189507507949
0.63320160011794213161807
0.63319975315456067388453
0.63320101469099865365564
0.63320269176877075345544
0.63320393232250016257723
0.63321135911723691602759
0.63321825283194477229642
0.63323069407714116518804
0.63323815932707094855658
0.63322267837823997815860
0.63322172367261930769899
0.63322075687777124031186
0.63322003637321611080324
0.63322218426135656876852
0.63324230803066194894768
0.63323977426662525491707
0.63323963503749292058842
0.63324023395716122486476
0.63324188320359742210286
0.63325053031651790114154
0.63325814239690614293465
0.63327059778324223948687
0.63327767546694502254212
0.63326160138361642371052
0.63325929824631244091648
0.63325802259443908504011
0.63325836207358787710575
0.63326159174791296635476
0.63327988283666913904568
0.63327626786028701211251
0.63327631721781230123014
0.63327873445977589383915
0.63328177264553564551619
0.63329020080677611570508
0.63330136345263265962302
0.63330914267871962763934
0.63329835903168241184602
0.63329533143918548265816
0.63329424849365356653408
0.63329762452402649230976
0.63331579578292773735626
0.63331316703112383592611
0.63331472575141756209405
0.63331805033883370459336
0.63332021375240965532782
0.63332749036879831816549
0.63333861120533319066794
0.63334578096206550767988
0.63333694341543855799159
0.63333463645296361743675
0.63333276419509176857758
0.63333521030295114595532
0.63335534412100924495093
0.63335288998686289918538
0.63335406663819271422255
0.63335551436159565064088
0.63335689284636376150672
0.63336453569495787530030
0.63337587163519648569832
0.63338372864607883627741
0.63337408136456418983329
0.63337283889324746954941
0.63337257573806571286923
0.63337566983790438701618
0.63339518335347599897744
0.63339151924971381912854
0.63339136066953427572912
0.63339298961317636038615
0.63339544909167322384036
0.63340310997192550424018
0.63341468614677276516289
0.63342204287288006447909
0.63341224044741117893409
0.63340986158147016826803
0.63340965329431875296962
0.63341353722729232256228
0.63343113364719894065047
0.63342751503700311932477
0.63342844287854349616396
0.63343101928330958205748
0.63343319807499154361352
0.63344126210336371141096
0.63345137372402948727768
0.63346081194581194129256
0.63344875600853833841342
0.63344661157016046715285
0.63344558647270576834387
0.63344901314538393233278
0.63346760319365080782461
0.63346384625164509074580
0.63346393092490360654523
0.63346604358954561320161
0.63347012028865679056366
0.63347832223411559837700
0.63348908650991553326293
0.63348473848925590523606
0.63348137820658612096025
0.63348186064154099472745
0.63348645230479483370090
0.63350426337156551248597
0.63349946587465988390164
0.63350058536428099920101
0.63350515578367849744978
0.63350061010851166365399
0.63352097086931169478419
0.63352180563311222272205
0.63351791274778801454914
0.63352031888972759610112
0.63353624137665587312540
0.63353831984597341886456
0.63353978837194213635797
0.63353604026977849983382
0.63355710430919454090315
0.63355545937818424917509
0.63357756779630503007894
0.63355866415673145475296
0.63350322196170028021811
0.63358774028465159044998
0.63357036917970122047450
0.63353734040419495965324
0.63341031924686597154306
0.63140510918942993612291
0.63145864328063816550696
0.63157588682781762301488
0.63159396088350472364681
0.63162526612644587231671
0.63160217750572344996840
0.63164218602747057573765
0.63164092761613099824558
0.63166246330845410295041
0.63165632489528367177201
0.63165685131350834957686
0.63161272294895109968849
0.63167174190387376242484
0.63167994901610458047259
0.63167952145106542882758
0.63167760935231342944718
0.63169932016983088018947
0.63170096635538308671443
0.63169687114987205234229
0.63169723540760391866655
0.63168393029930225424096
0.63169368177872231573389
0.63171355823579300459159
0.63171503341296963984774
0.63171600376427761158737
0.63172101321127216433382
0.63172290283824894530085
0.63174212529100670643345
0.63173748296316112327276
0.63173440177596285050043
0.63173327101312815035072
0.63172894230601395193503
0.63174627820209394712947
0.63175092687935652246978
0.63175322135368006115641
0.63175608459887866441562
0.63175910209013941276623
0.63176266788188606415844
0.63177996934016555918845
0.63178309913715735568474
0.63177781242363684199859
0.63177456261552078498056
0.63177086835533435849044
0.63176934090411052125091
0.63178894572205801516418
0.63179140677552103610992
0.63179577668583419836068
0.63179852880725029251607
0.63180047896888480440936
0.63180413362059351101152
0.63182108165584027759110
0.63182532832408633272081
0.63181851579484249459284
0.63181611570240114872377
0.63181213647474698813511
0.63180875158629989929437
0.63182918697931267359991
0.63183241169083992350153
0.63183578659689165757385
0.63183859788355922759706
0.63184183196302223795016
0.63184602625897501315677
0.63186234976340482916157
0.63186559318411383845415
0.63185926754952048689518
0.63185604650248727853779
0.63185236312203518771469
0.63184955985204749318029
0.63186990467861259279658
0.63187284083343209228900
0.63187698918505130762924
0.63188028272082641390028
0.63188253464583821195077
0.63188457753626492419130
0.63190203678975331857970
0.63190369140294577743333
0.63190094789387651896817
0.63189836857075931675354
0.63189402843834652223620
0.63189031877401546921647
0.63191127576996497516859
0.63191544949417077781106
0.63191928776663486289067
0.63192078453405930993370
0.63192170394448321513181
0.63192372328722190566452
0.63194173269021414185431
0.63194486126523430336022
0.63194059874237751284198
0.63193932714575606901519
0.63193648280946157491655
0.63193224059185437724295
0.63195309554485679104374
0.63195654344321039452836
0.63195890047536140698980
0.63196035445960729859394
0.63196270307995383586075
0.63196631116972890040984
0.63198376764062824673118
0.63198719676098580322332
0.63198091473906503612312
0.63197848832462344415006
0.63197611035311684890559
0.63197344709649583283095
0.63197315014485633266617
0.63199331530133517897951
0.63199335671222045540674
0.63199598558519887170348
0.63199890499864963544496
0.63200177681262981188581
0.63200480948036008577162
0.63200727627370678618490
0.63202475866447560548522
0.63202640032838652839331
0.63202267778734344538805
0.63201986398257337107509
0.63201649836658824188618
0.63201335514342937837995
0.63201337128630885597858
0.63203356819514833198070
0.63203379839937967599184
0.63203766571919728356477
0.63204094640710517527538
0.63204297960480892992763
0.63204430524410559755211
0.63204533367033000068602
0.63206354135227493795668
0.63206471659292484677195
0.63206281192332736118544
0.63206155574254963003256
0.63205869556463367686661
0.63205467169163453977632
0.63205387831146730981402
0.63207450065262127392174
0.63207540011307405958263
0.63207918966307152786044
0.63208135279941124462511
0.63208240326335107805988
0.63208332933847477530520
0.63208495745204851257171
0.63210375428823095678155
0.63210564255415835344110
0.63210201568736346100508
0.63210097901758033334119
0.63209909521259388665015
0.63209575759069303035886
0.63209499154047077418284
0.63211489650598773337720
0.63211542509781493137666
0.63211858226425676754445
0.63212047906552903953070
0.63212224437089192807804
0.63212432151169817284853
0.63212631732336699297292
0.63214496552341814528120
0.63214642791825237377878
0.63214277664969298342612
0.63214062800107329032073
0.63213834940051494282187
0.63213498195518380562419
0.63213466932196837877456
0.63215459648530236691499
0.63215484101787167148245
0.63215862086025109700671
0.63216124509910265327761
0.63216321637998273974546
0.63216507227855023298702
0.63216632510199677330576
0.63218495917034789322031
0.63218596135026428051162
0.63218355977393070332937
0.63218195201641236291579
0.63217956146974607634093
0.63217549710021003761540
0.63217490730995495873401
0.63219569221748694864971
0.63219654205450270811895
0.63220056515589362344798
0.63220242666975734469048
0.63220355408631834226441
0.63220492913148151892244
0.63220591583276575242678
0.63222498978819763326698
0.63222614814365374336091
0.63222360024979218362517
0.63222270570472227646519
0.63222122901916844028847
0.63221740151785676964380
0.63221676425593265058467
0.63223729279409313086546
0.63223781404535173145121
0.63224124321553132332951
0.63224286081479919019444
0.63224395097725016867685
0.63224556148472721428533
0.63224653532278751733031
0.63226632684336303569239
0.63226697185382652044439
0.63226444042681129165118
0.63226283157421070413307
0.63226113016625384855018
0.63225759943142068042476
0.63225737592551767285443
0.63227689397487163436296
0.63227699739881371154837
0.63228100206136839123161
0.63228322033377781785646
0.63228487296115021276677
0.63228662234580745860058
0.63228704537058955104101
0.63230657807118018087778
0.63230513278462763260279
0.63230362361515968228076
0.63230122436769764515674
0.63229678663279964556665
0.63229643280533798233023
0.63231632045517494056242
0.63231699196636348414557
0.63232183401428565527880
0.63232411370848184972715
0.63232502383089905784175
0.63232621073540984379946
0.63234482399791536177958
0.63234576157137378782380
0.63234421030620213688422
0.63234258512624197390295
0.63233797594707863432006
0.63233702720265760888196
0.63235835645585147801739
0.63235895761290195071780
0.63236312052746623812993
0.63236423446129652603531
0.63236441599581894035254
0.63236567564890533432731
0.63238443215060935465033
0.63238581075914612750211
0.63238413733602794053468
0.63238332607368019644412
0.63237971582892482658167
0.63237958478670452944215
0.63240029124394847581669
0.63239978849175304542740
0.63240313779010126626901
0.63240417671371673691283
0.63240498133711753325770
0.63240636639059455426093
0.63242540096524990644866
0.63242709561453180899804
0.63242469266844014708084
0.63242309230461302149706
0.63241951960320819114969
0.63242015730871115053446
0.63243956995523054054331
0.63243890149999404393100
0.63244309668964460158236
0.63244495112274645709505
0.63244604620912892034568
0.63244754968658511984358
0.63246635912232840315284
0.63246794050475563242486
0.63246538806954910594271
0.63246334798757397610558
0.63245867756643570078978
0.63245884356519033175914
0.63247859446265652927366
0.63247888522957529389146
0.63248383137772601347848
0.63248568936531657236344
0.63248646588682722047281
0.63248798577685660937675
0.63250651900817744799355
0.63250804998115373045664
0.63250584580192958927825
0.63250411406318018947559
0.63249942860263275168364
0.63249892439889288109356
0.63251966728566488828989
0.63252011676630037761981
0.63252455038633437212070
0.63252616466224853564171
0.63252675439196326401259
0.63252812993177687239665
0.63254704030909791878656
0.63254817653428119239578
0.63254658850038114614733
0.63254502448444760442925
0.63254069503850607336659
0.63254054895229028243619
0.63256115506050170083086
0.63256129292441809486292
0.63256542840248952686011
0.63256700826922251934548
0.63256726094572701679652
0.63256829578590545448691
0.63258753353558316856464
0.63258837447272264764564
0.63258753637748355025394
0.63258612983177620048281
0.63258157105793488828027
0.63258146363954192992196
0.63258253077402348818481
0.63260266395320030596849
0.63260155350805691298888
0.63260191163314782869520
0.63260633793212417419483
0.63260792366785600915335
0.63260774333789371315362
0.63260877775205059947439
0.63262810973859207042125
0.63262918544191648617669
0.63262795089260315251067
0.63262646013666701261258
0.63262205266277082849058
0.63262166320378832029547
0.63262274740653534621515
0.63264295669555736800760
0.63264178261853309948037
0.63264198057948928255456
0.63264636531033535682411
0.63264792616979170780667
0.63264803385942403046727
0.63264953192853246033422
0.63266823361348700771600
0.63266962972649487539911
0.63266781447119058157114
0.63266629673698293601092
0.63266205696410371395189
0.63266187971150833480039
0.63266310167335637615338
0.63268329612435592057551
0.63268191080478397569919
0.63268194033137536980149
0.63268624633605674567605
0.63268799953794085944025
0.63268825008158846578965
0.63268948076535869162740
0.63270837319386508124097
0.63270923096419684483749
0.63270848597875639640620
0.63270650222489155378724
0.63270208356510349023694
0.63270186032050468316612
0.63270348766560546849291
0.63272347625071234666905
0.63272211210130546721331
0.63272228143573239211861
0.63272688477475014234841
0.63272870994882457473807
0.63272851880886249453795
0.63272914498755117307383
0.63274846976034515577680
0.63274928302637989396828
0.63274884108826334738751
0.63274731247341398088224
0.63274274002629748991922
0.63274218329813669559059
0.63274340609019008585534
0.63276329481810422716848
0.63276238095196402078102
0.63276299961363458024266
0.63276752126401580866855
0.63276909974240180822846
0.63276860602646867182131
0.63276959655590903075506
0.63278892858207935745440
0.63279003281622181464883
0.63278920046600950488624
0.63278747259025946991784
0.63278309855992032062488
0.63278248918112034449024
0.63278336166560256170754
0.63280318817682768006705
0.63280261757962341651051
0.63280304453223046312615
0.63280736538749238206947
0.63280930094156517817794
0.63280915965715323068252
0.63281015936965068213738
0.63282920083310045811231
0.63282986780644034929821
0.63282933889627823731416
0.63282721718871626226388
0.63282291312609317834870
0.63282245275737636358571
0.63282326689726020596538
0.63284321684636624105735
0.63284240116741530268740
0.63284285991769451129585
0.63284727458827993995527
0.63284924732566949501233
0.63284881437244600022041
0.63286918145440052008155
0.63286835527372553578118
0.63286730146630032489696
0.63286279482247664862626
0.63286247048288180039322
0.63286309007789676162048
0.63288293364374936800232
0.63288240229881997933603
0.63288294248972165600975
0.63288723975038019275985
0.63288902493750320843446
0.63288805115185720051585
0.63290876567781140238367
0.63290817487426598297873
0.63290714091429112198028
0.63290298954878110304634
0.63290258535015619933972
0.63290269709632440697789
0.63292248571924369926478
0.63292241186653352968960
0.63292290418561059084368
0.63292695778532015449258
0.63292891375694693145704
0.63292864123626191297234
0.63294923220483911840972
0.63294907539668265883392
0.63294689388910951866052
0.63294269793834134762989
0.63294202305520153029050
0.63294202883499739442641
0.63296131316409542932888
0.63296165649541846764947
0.63296224963145020225852
0.63296686291419168579608
0.63296970033544119882407
0.63296935170288992633658
0.63298958469829513795446
0.63298893529903166310646
0.63298689682284114965682
0.63298215628679399546996
0.63298138732549880103306
0.63298081104679160269200
0.63300031980772553108494
0.63300119292406398230355
0.63300215716798591270020
0.63300677112498937582075
0.63300913445380369015680
0.63300806895015271358318
0.63302850347329364666393
0.63302725570405404820207
0.63302652074646981184003
0.63302218689627887115989
0.63302117575123673098858
0.63302013278201951784752
0.63304008278862355929562
0.63304120141900399598711
0.63304185846835070439198
0.63304589059837468312253
0.63304784634398425513524
0.63304688424018251691194
0.63306777564575344996456
0.63306710082494599411973
0.63306550378728343453361
0.63306156263646340409679
0.63306108803995431166811
0.63306003601880489473075
0.63307975945568917275352
0.63308069205691586134321
0.63308112875962252452666
0.63308533359596952383441
0.63308808775952363223638
0.63308781390844948155916
0.63310873232944775423903
0.63310826406402198607282
0.63310552537745612422526
0.63310100363813293089521
0.63310030065614730787615
0.63309934489004682234281
0.63311862126170204145836
0.63311996328888331397877
0.63312099590005965765727
0.63312586670176296266277
0.63312908058190286997302
0.63312826130544308522730
0.63314880007806872974641
0.63314754604468959087171
0.63314616707515947169327
0.63314124006681227196935
0.63313984950483093161466
0.63313808482714517555934
0.63315789458721016824683
0.63315993567639727856999
0.63316121540493675023953
0.63316548450602316844282
0.63316808999052254236517
0.63316658394250191488339
0.63318692115979402501580
0.63318583936913552800974
0.63318466309947873948971
0.63318061265486891286969
0.63317998031415545501233
0.63317784643540309108545
0.63317685730779982300476
0.63319671826897261368572
0.63319765486175594304541
0.63319945199471139307690
0.63319983380552147256282
0.63320352952091474296736
0.63320617432208436969887
0.63320536911070035568372
0.63322597555458504103854
0.63322534138971287021036
0.63322278938814247073452
0.63321879393776625555290
0.63321854408004030201340
0.63321701426454335415173
0.63321586497571147322816
0.63323492906103595601053
0.63323584858319081902778
0.63323725208482306570090
0.63323797616689259104561
0.63324271009695354273106
0.63324625235924325572512
0.63324527831357568796733
0.63326638999745010760734
0.63326488964228810907287
0.63326298031478533978600
0.63325787524318122301281
0.63325664573194084816521
0.63325464271436948671123
0.63325364377045745278849
0.63327234451534220038837
0.63327368113647952707623
0.63327655010840333549282
0.63327816347390641915638
0.63328302558179683234840
0.63328604889980011360961
0.63328420588368283805636
0.63330512500399049891087
0.63330330616695995615828
0.63330270319215242746935
0.63329844490354991748404
0.63329686611384483629905
0.63329346199033642594856
0.63329167626290672199474
0.63331187476038663941580
0.63331391370851397581987
0.63331708279621723445274
0.63331797958138635884495
0.63332170063203485632641
0.63332407863366424471963
0.63332272461880578795501
0.63334328146758134270300
0.63334241220002807093437
0.63334032886765845304922
0.63333700929015723790627
0.63333691196808117318540
0.63333425340401050540606
0.63333233315906889426827
0.63335234380722038594058
0.63335405062811900300801
0.63335587181956243263414
0.63335551580875559807282
0.63335941148609042894435
0.63336298522736711458236
0.63336217884781853548759
0.63338291631678356186086
0.63338149588611891704915
0.63337899967347877083768
0.63337457140234809660484
0.63337433911644436257404
0.63337269720229061320538
0.63337153144200686316623
0.63338973578778501316577
0.63339066282018907649842
0.63339271345602976559519
0.63339400355776442896882
0.63339903887205617483147
0.63340237792434961328070
0.63341849817140050138420
0.63342117746573511904984
0.63341362575777360177653
0.63341180307178823749581
0.63340869389293008584474
0.63340740003841289329500
0.63342551092391863321041
0.63342766529554361820686
0.63343126534752203227185
0.63343331047761153307363
0.63343721357563775864463
0.63343938356448548088196
0.63345546965605836753355
0.63345752951368783367769
0.63345219241819639144353
0.63345124139699682253024
0.63344731643035168122680
0.63344488104650198412315
0.63346498424784436487300
0.63346749754398967713342
0.63347073723746938345158
0.63347075640101557780781
0.63347360685928810752898
0.63347613386630918785869
0.63349244051341679906386
0.63349517505864771926838
0.63348931660542240340561
0.63348957203073874566712
0.63348723276671869975019
0.63348528791318770014840
0.63350479277516136278336
0.63350622526048516736097
0.63350814859775250731388
0.63350821562782844154071
0.63351187185554169722934
0.63351440481276999339144
0.63353095812469240044607
0.63353318279302872628733
0.63352745484815375931476
0.63352669892558766129298
0.63352440903716589204464
0.63352315223499600094215
0.63354076328586883537497
0.63354232535507404300290
0.63354532888478487517858
0.63354622247411829238928
0.63354931375173251240085
0.63355224378090302383981
0.63356733111560314952726
0.63357163140852523763868
0.63356394828650708372919
0.63356354400856040864909
0.63356044869666294783173
0.63355868690109395924281
0.63357745154683231536552
0.63357875928052476144359
0.63358090255862886674976
0.63358122643099301640746
0.63358592210982922487972
0.63358897897790089626113
0.63360472598878125882749
0.63359990895550799550051
0.63359838466807227863598
0.63359682237210035449237
0.63359647601268176408951
0.63361446581400227007208
0.63361447871579790191987
0.63361762232916907233715
0.63362031071441260454691
0.63361608259724733205331
0.63363611149767451458104
0.63363887382369465939291
0.63363297618268932254182
0.63363069251976678053495
0.63364678427638443380943
0.63365343183033662199932
0.63365688267260000809955
0.63365314920683024624282
0.63367226027370882057710
0.63366617070119379828697
0.63368845084963032476821
0.63367386289053595493925
0.63361845582562281720129
0.63369878909661170318657
0.63368037169096524952039
0.63364854009190474393165
0.63352032226945231840887
