0.63263564410719497210778
0.63268362421596324729478
0.63281687853551615852155
0.63282885183918524685254
0.63287273121377984885783
0.63283607082852633141101
0.63288322367703564452768
0.63289228775642758506592
0.63290705287900617115326
0.63291004995079547246206
0.63289629239222411349886
0.63284593419294798977148
0.63290972182202953622010
0.63292237720338540007958
0.63292605033628590582850
0.63293290125002177326508
0.63294698322770515108715
0.63295747686879411109118
0.63294078880517867791156
0.63293771115362607027066
0.63291999098361839681814
0.63293237729668572200126
0.63295200934991202590396
0.63295675544921692345923
0.63296080746808058847819
0.63296961851954514077789
0.63298052747712152399373
0.63299178342559081489327
0.63298317052882180355766
0.63297694566408013727710
0.63297302711812708508887
0.63296993507999121941765
0.63299217417468400803671
0.63299322972203342363429
0.63299393054968722260867
0.63299954754912346466256
0.63300595251351188252897
0.63301362618307666085826
0.63302825955925146050873
0.63303560602844954896540
0.63302248816103512396580
0.63301629593852126731690
0.63301408608490761231735
0.63301675664077028393706
0.63303744009719264962399
0.63303554317240950943813
0.63303878212819197912609
0.63304467121095009396470
0.63305042177215475884822
0.63305834994450838060231
0.63307274165842697399853
0.63308133764776042262667
0.63306626090053386146650
0.63306058989212177223749
0.63305737210776014123326
0.63305813402344135454314
0.63307962127323924583777
0.63307891427130669192991
0.63308180256763402216080
0.63308794694049097540045
0.63309518708529699537735
0.63310381825931216770442
0.63311732198562131745945
0.63312510891610696006637
0.63311013740569366259336
0.63310359811349914416212
0.63310023312445473653298
0.63310127013632422343647
0.63312303950973702892924
0.63312213299843200786654
0.63312603650814502920241
0.63313261724593128398908
0.63313903419694494978387
0.63314572731527363202986
0.63316001425381884804011
0.63316637869551273265500
0.63315472518871540597019
0.63314890366977039093399
0.63314472023570012026994
0.63314493792855175424705
0.63316734240526983956698
0.63316753240412337877530
0.63317130824266920630095
0.63317601372820886407311
0.63318116324696083196955
0.63318791124954176829931
0.63320269543012785984359
0.63321058723056555805897
0.63319732832242725528715
0.63319283617345722969816
0.63318991863626372662566
0.63318970231161153527921
0.63321188692735141945178
0.63321130076735931968557
0.63321389140725914401742
0.63321856914398888527273
0.63322520725770514715691
0.63323364699802575650267
0.63324783440076903850979
0.63325619862625737166439
0.63324061870922565553599
0.63323492962926175575689
0.63323215524275011656385
0.63323350339462536329194
0.63323498660032517815210
0.63325655396034408184391
0.63325462704746493525221
0.63325327215002458203230
0.63325676908051764524288
0.63326296149964178550107
0.63327045804287296348889
0.63327799165291775995712
0.63329197614928856019390
0.63329881302585955271667
0.63328533507833062454750
0.63327912032246858053952
0.63327499001046860804820
0.63327581777036645593881
0.63327798701009652138083
0.63329958510291717299623
0.63329747643241751653420
0.63329737699346910773102
0.63330160124576040381328
0.63330710648305765797517
0.63331307771582834309498
0.63331941495736721048360
0.63333383080311944635099
0.63334041774521787626639
0.63332841994825106457512
0.63332363580399742009064
0.63331967918857468013982
0.63331963740268970575187
0.63332134908256154659512
0.63334348171444021513565
0.63334171216840384754931
0.63334150773388742106107
0.63334492248937446223778
0.63334950554696745061989
0.63335514070511755857495
0.63336226705631171185473
0.63337711168293286956299
0.63338456953556376838321
0.63337066056139390557433
0.63336608916163106286490
0.63336282559468448649653
0.63336348974395673128157
0.63336553711335574767816
0.63338702019475001669946
0.63338458983831902315842
0.63338374207436354268452
0.63338714410303476043396
0.63339246885734956649117
0.63339926339581220648967
0.63340691868045528867270
0.63342154561225383346823
0.63342875318422653396766
0.63341460163862417509506
0.63340884648802187051331
0.63340493408917442064165
0.63340556992678087588899
0.63340834639758636370743
0.63342974560260623118069
0.63342679322072059644455
0.63342657366552801434523
0.63343100349087710920770
0.63343663741099431874204
0.63344329601958426767538
0.63345040368449723189315
0.63346481412284483258901
0.63347177887614247726589
0.63345857040318787056776
0.63345319796757593167058
0.63344883181222666479471
0.63344877309560609912609
0.63345146321187884019821
0.63347362150342223507948
0.63347109529811085337769
0.63347112562623741904844
0.63347512542786721390087
0.63348010188629710892627
0.63348637796330231619635
0.63349343220188469860688
0.63350796706548162529060
0.63351530670771472042446
0.63350165786648870991371
0.63349684559758734359036
0.63349307644945362927302
0.63349325225836083941289
0.63349605121773033822308
0.63351795975978775210535
0.63351498761923186187062
0.63351441582367040705748
0.63351845736223977301194
0.63352349517044415083689
0.63353002655561130307404
0.63353729039278972035021
0.63355229392380429942477
0.63355930527075021707617
0.63354549529333303858891
0.63353989614386740925056
0.63353566579033115946373
0.63353615306226784831267
0.63353946952644157875056
0.63356042178470306502902
0.63355695690615376758359
0.63355693976373395059909
0.63356178269031737659844
0.63356747139878921704081
0.63357410561270688376112
0.63358099327704497927272
0.63359565397666295361034
0.63358930993046935764568
0.63358371526826795516740
0.63357856493786990359496
0.63357817406779448621279
0.63358137485796073296029
0.63360264460266746411321
0.63359978807681127666029
0.63360059082652797624036
0.63360574526287993801787
0.63361081865882618036068
0.63361691308306244962978
0.63363225673594747444639
0.63363810556043076438471
0.63362738279905450600182
0.63362274168609966640275
0.63362214770905189720196
0.63362467709498027090831
0.63364727070758453120192
0.63364445338366603976965
0.63364463777982593661875
0.63364892961378127544947
0.63365345415329488165668
0.63365965697498205511096
0.63367506733330059010001
0.63368140569282371821203
0.63367030683687097791790
0.63366618249496009518396
0.63366653499039349295430
0.63366974786141994080424
0.63369172566921905254134
0.63368794429696284620235
0.63368732040934960814127
0.63369180055311014054809
0.63369717913040746193332
0.63370355312934667502134
0.63371913619883257773324
0.63372584012481392168326
0.63371378293657809610551
0.63370865021281630458105
0.63370905341888250639215
0.63371289432416877396292
0.63373364295838663373672
0.63372982780469033770032
0.63373005381680858061344
0.63373553163274587429754
0.63374135627841243767477
0.63374784970154496299699
0.63376328390415548330594
0.63376981479345473324827
0.63375750967252042489264
0.63375174413235590975546
0.63375103553301770364925
0.63375426807670032225417
0.63377536578617976736894
0.63377268190814561865665
0.63377369814112105572690
0.63377938177628867499891
0.63378503891938775538506
0.63379147446823635991819
0.63380675957682863774778
0.63381318097106353892656
0.63380110654539045800249
0.63379543670171656355450
0.63379466095612790876856
0.63379700875510924795719
0.63381902318189020650863
0.63381674389296571714425
0.63381731716333400417085
0.63382299138068465271800
0.63382865907493057822109
0.63383492560548393424114
0.63385058990233489328858
0.63385663633057176546970
0.63384493523614982013470
0.63383920078894229188649
0.63383869212359400524548
0.63384114997650153888742
0.63386300078292545645553
0.63386064225077298761590
0.63386098125483780751921
0.63386684617829602839123
0.63387242704708623985965
0.63387839944623292076642
0.63389430353792397543344
0.63390009933078905746129
0.63388886549648781887356
0.63388307082975881012743
0.63388227651213990831991
0.63388457678829379648988
0.63388520619067212358289
0.63390659848118502406322
0.63390596857041503486840
0.63390401545821262185854
0.63390469033747220972685
0.63391075395984552987017
0.63391612576100841991433
0.63392211498623485255166
0.63393814200302833761214
0.63394413612508482280816
0.63393233273532678673234
0.63392626730387002798039
0.63392560448542134565741
0.63392743588059818904412
0.63392797487104857179219
0.63394952058425868557379
0.63394895467241063613528
0.63394701813011655744390
0.63394769124307004393160
0.63395389124810042069669
0.63395972437957348599724
0.63396612227310988885165
0.63398163139249286146537
0.63398789094792962206526
0.63397538796148578121858
0.63396918078665431828256
0.63396863633809064086932
0.63397046859255035133884
0.63397100687155039100418
0.63399253135989341867429
0.63399188618212798385088
0.63399003834908240762047
0.63399066979252394204991
0.63399719590685976733369
0.63400334842981709293497
0.63400942648762281805830
0.63402517874321329127696
0.63403086187970125742197
0.63401928774037130676078
0.63401245264561700842876
0.63401165420803073935474
0.63401317580738969503784
0.63401403005087830777597
0.63403528747366610929248
0.63403473945338106876335
0.63403326421948136282225
0.63403428575157638746873
0.63404105714499292556496
0.63404699935554953427186
0.63405244418012784990424
0.63406856942602773941076
0.63407420798142588580504
0.63406267300358110095004
0.63405612434521152476208
0.63405510468232362253360
0.63405609101681914552273
0.63405648299991967942191
0.63407765452823916518810
0.63407755892149075815922
0.63407673089421734413662
0.63407772191972755493339
0.63408439973933983235810
0.63409027854999555628979
0.63409612530207026814821
0.63411217669251995765478
0.63411814192395821176973
0.63410596215906867012535
0.63409908328982234060334
0.63409822090592771193229
0.63409895459840814879726
0.63409904132119199182682
0.63412020838168803305024
0.63412040216394593983296
0.63411959278214824475839
0.63412042686102787492075
0.63412756798671388036581
0.63413400516071194434886
0.63413988163783174822896
0.63415572070367798307444
0.63416124653285166345995
0.63414916140619537188172
0.63414177676023297802743
0.63414092987671866197275
0.63414158012017018961615
0.63414170071718867216504
0.63416306368535235726824
0.63416290390843743640659
0.63416237573594502752172
0.63416338675220762510776
0.63417068971753765005417
0.63417706819787067473726
0.63419228682239714434132
0.63419838920538351700884
0.63418498789175081764569
0.63418381832103198902928
0.63418434115465971423475
0.63418435388037086575252
0.63420561158076160790387
0.63420560714404228264129
0.63420547024859186269197
0.63420652528894705390883
0.63421380027648133204110
0.63421989169603687486187
0.63423519214782531072672
0.63424179446327777487369
0.63422799322745482264452
0.63422700704426737683406
0.63422712599748087836105
0.63422679681427196474175
0.63424803927942474679469
0.63424827067511246880827
0.63424839157013068735580
0.63424936483707416989830
0.63425695560576367260097
0.63426399738840244513227
0.63427884735963024898098
0.63428611507644916400750
0.63427082534140699632275
0.63426966304637777405162
0.63426922394224083401326
0.63426908278889926329214
0.63428992063515110544358
0.63429024088508523249175
0.63429069377098190596342
0.63429231743464520310027
0.63430087202013996083849
0.63430804764390669170382
0.63432230918826004728572
0.63432929215489997076816
0.63431389203567389856175
0.63431210728981302082730
0.63431139670170311184449
0.63431107240333561847478
0.63433205698027095298386
0.63433263229096314983479
0.63433365101924577000858
0.63433533304347611281315
0.63434344696110178674076
0.63435010156564253236411
0.63436444549760850897258
0.63437100344065899815149
0.63435670077849892756205
0.63435521684757478766414
0.63435403483446284322866
0.63435333153518569382356
0.63437468781040196041943
0.63437544324095362924254
0.63437641171490433134039
0.63437767250149490472211
0.63438543152934856461655
0.63439236701425694153755
0.63440700619852541386479
0.63441433622953558035817
0.63439889334910060103567
0.63439762134596022757904
0.63439667659665044396888
0.63439600610414492720679
0.63441707082309772847140
0.63441760679059122640666
0.63441865001755448627563
0.63442028291181151722355
0.63442892876435164062343
0.63443678152425286853600
0.63445115265231843970639
0.63445895495992465917823
0.63444200357021407477021
0.63443997580925604040658
0.63443854544749700430373
0.63443802913027425027792
0.63445868902976387815329
0.63445955396428876937875
0.63446140961961428050842
0.63446386925171205373175
0.63447306146462090215010
0.63448065775725270842855
0.63449436254338420493326
0.63450164628364758012680
0.63448572867226193938706
0.63448313322157445792726
0.63448082201062505625089
0.63447960086321586459235
0.63450090329943786837674
0.63450234038501174271829
0.63450463456409811335845
0.63450664102699949609132
0.63451528373358490053846
0.63452241639223583291596
0.63453579411950811195453
0.63454342028654708851576
0.63452750070385044445231
0.63452559378280581903198
0.63452386039092112390847
0.63452238299481467098673
0.63452338038851507917570
0.63454496253827563645444
0.63454370007425375810328
0.63454481793092176733495
0.63454643239892982720107
0.63454807733045648365788
0.63455675781722575834465
0.63456473287389336679354
0.63457827801334654171939
0.63458650665095006626615
0.63456903396424735319670
0.63456700427881540527153
0.63456538909449344831870
0.63456454380957794114693
0.63456576612424153704950
0.63458645296775462174566
0.63458480400597649939698
0.63458552633518316987704
0.63458773970369330985619
0.63459063219029332447718
0.63460025101257921953390
0.63460823594641124767435
0.63462203026791408344565
0.63462961146598573236588
0.63461252418886227033568
0.63460913966190835022729
0.63460631740740236494958
0.63460500237667027967348
0.63460674871726052703735
0.63462702280750316052860
0.63462542076036942972905
0.63462756815391274667348
0.63463088563692604537891
0.63463413528357393023072
0.63464330512086841729058
0.63465064407264282220211
0.63466397186246792383457
0.63467143761281497038595
0.63465537909446423370241
0.63465259821963859732108
0.63464923306845721917568
0.63464660829347696591185
0.63464794520719403081443
0.63466977233442567474242
0.63466851851299455056221
0.63467083572244997746736
0.63467360399726013842070
0.63467596190502062469818
0.63468452359879368174234
0.63469255239835553616956
0.63470537563149187487710
0.63471397415639385641839
0.63469622622828514302284
0.63469417625669988236581
0.63469214101520854409699
0.63469036683890356353999
0.63469190325285551601553
0.63471359609144717417450
0.63471171861820263604415
0.63471263936923860704553
0.63471429722477734625130
0.63471703110581856321915
0.63472678825043760131308
0.63473553101856972080697
0.63474850982035624369360
0.63475671780365228169529
0.63473841369270855850004
0.63473503824229415837266
0.63473268067318411311817
0.63473192812363865566994
0.63473443552897867991902
0.63475427102665182843566
0.63475143795603272689476
0.63475261851403830259954
0.63475614662648727204441
0.63476027544955127002169
0.63476980900027668575092
0.63478153449619112436153
0.63479044440495058232443
0.63477739413612177532542
0.63477323671807017735347
0.63477099161855687903255
0.63477350898936246714754
0.63479317364141607527017
0.63479145437818929043061
0.63479416810366928736187
0.63479867111550758451699
0.63480199789526203790757
0.63481041339045785054651
0.63482192048394880945494
0.63483020162201764247101
0.63481909074004849724560
0.63481560708119877389777
0.63481256569893473873378
0.63481410306454411074384
0.63483579666597589330479
0.63483425259400039220026
0.63483656293634649347979
0.63483914362725768487650
0.63484163270432258929787
0.63485031696909965948095
0.63486196693441587779461
0.63487082793345017694975
0.63485917436833916305261
0.63485688352017211055767
0.63485553815012041312116
0.63485774120848748047763
0.63487887351861660434338
0.63487610573115993428672
0.63487695081964012899789
0.63487953213211278935546
0.63488293216329849677493
0.63489160363711938384057
0.63490366853737911778666
0.63491213818343439356795
0.63490026076062255899757
0.63489697313046833393457
0.63489582913768349836658
0.63489878551079093060849
0.63491785205231743294263
0.63491519940483065465031
0.63491706570314898616658
0.63492061864865179110495
0.63492389756634326491991
0.63493327552675105085456
0.63494407514045103635425
0.63495493167823668922978
0.63494010205791184819901
0.63493680076377234655638
0.63493472685439278357933
0.63493711601598568083915
0.63495710118812309641356
0.63495449822032057340948
0.63495582654654547649642
0.63495938070372826000920
0.63496498024799596926471
0.63497443450721535729286
0.63498598563096497748859
0.63498023950269577575511
0.63497525074157878943737
0.63497422456947472113598
0.63497750111426765062816
0.63499720219688859934593
0.63499387506053772689540
0.63499664921919363180791
0.63500269468495851299394
0.63499883768036158304682
0.63501984130285760166146
0.63501996595155585367820
0.63501465607800799961780
0.63501555884398541707014
0.63503400417276567591074
0.63503727678742361018038
0.63503930354229187749127
0.63503513689270441044954
0.63505729299292112965958
0.63505532265817798975860
0.63507809384743896252701
0.63505787396170210179491
0.63499785076412385009803
0.63508618733405131084879
0.63506418155544719361671
0.63502970012701764890295
0.63489440716144263099352
0.63274056684770652037031
0.63279628020564115953306
0.63292163476603269245402
0.63294136025124014821586
0.63297729848672290575706
0.63295120444930419445484
0.63299556714162863446660
0.63299666143902599824145
0.63301922103894370241761
0.63301423100046327885337
0.63301129583169746251059
0.63296291347455324594051
0.63302668679724860556490
0.63303724379428349955390
0.63303803591663387884125
0.63303688810189695512776
0.63305878300117135459857
0.63306126673708285057529
0.63305551962631589901775
0.63305465619386602771357
0.63303899738588165213571
0.63304878048672352797155
0.63307099912426045840164
0.63307367453577345628446
0.63307540463944134145891
0.63308123169323671231012
0.63308412009220560445755
0.63310320750964488301094
0.63309763292718523874925
0.63309383182948053558903
0.63309199200940091678547
0.63308645736123503322546
0.63310402696678824696619
0.63310987261550388804920
0.63311286990420567732940
0.63311639925399931794203
0.63312027841106610637212
0.63312485549204799983869
0.63314244904594130236575
0.63314663564779349869127
0.63313930373746551971692
0.63313521252188875720890
0.63313084769964234066464
0.63312855033767279078205
0.63314921304547977509714
0.63315242222311096664811
0.63315767008894907608152
0.63316144696168508154699
0.63316447851176660410744
0.63316917914214354556890
0.63318666657659639085409
0.63319196515073949971253
0.63318299185176707410960
0.63317944282750182605213
0.63317436735750365350839
0.63317004348719518880273
0.63319167117128671851134
0.63319603094758392103358
0.63320061985065023701935
0.63320462723949322292327
0.63320897599133840749630
0.63321423958463052272805
0.63323097442914855204066
0.63323531859062787141568
0.63322676572242164727555
0.63322238136190789337121
0.63321746956367097602936
0.63321344945199453668749
0.63323534359039634900057
0.63323948509840866094578
0.63324478243421422618553
0.63324919288251013682611
0.63325255434122107445205
0.63325572332873436565137
0.63327340241277896293326
0.63327616096763272857117
0.63327124241496624001968
0.63326760695392747546606
0.63326218671219869360556
0.63325736261878784461032
0.63327989275582197148395
0.63328511426781008974984
0.63328996536385973037397
0.63329246511793824137015
0.63329441603792269166462
0.63329747779900635862305
0.63331581215927068573279
0.63331993308268330622468
0.63331371359327326420185
0.63331145063585825294439
0.63330761442466654287387
0.63330236794593697258193
0.63332466583568858276010
0.63332910956922261469515
0.63333246118691333137463
0.63333488493983691736133
0.63333818905924976760957
0.63334276930769162206047
0.63336068396397360302785
0.63336509781544869657210
0.63335686202862773175326
0.63335345063830084111345
0.63335007094414541573002
0.63334638936670328845935
0.63334579522448208876995
0.63336724326657756201087
0.63336762225393206104940
0.63337129327477958984360
0.63337523913264459629602
0.63337912555129072256221
0.63338317381080022627771
0.63338666662782094896045
0.63340455539040785293281
0.63340725958615251567352
0.63340141493794543947615
0.63339754009679405388766
0.63339311846144175088824
0.63338891677982867012275
0.63338856018386213708737
0.63341004072604445429562
0.63341067883749457845255
0.63341561087503783777919
0.63341997032359942387814
0.63342309936748530940775
0.63342551994955575977997
0.63342762942805175274685
0.63344613967498297757430
0.63344839998330049191111
0.63344432530357397403975
0.63344195412314185933411
0.63343801097322938176148
0.63343293041429449274915
0.63343169081075034743122
0.63345372002954947188158
0.63345510059565568461437
0.63345993775169973094563
0.63346318460599704280867
0.63346531593979704677366
0.63346731542880196919043
0.63347001749074849374921
0.63348914945897805139907
0.63349208626315411940766
0.63348637002698970910330
0.63348429186317312122867
0.63348135292275875585233
0.63347697048084039561644
0.63347567879442834293258
0.63349707141163558166141
0.63349816191851271440783
0.63350236635365808623988
0.63350529235697583541054
0.63350807652691720761595
0.63351116224507242336017
0.63351419757837745816431
0.63353330744247693395721
0.63353579295019801786992
0.63353010574363277651599
0.63352693947149252284845
0.63352364984965692240593
0.63351922108671543387715
0.63351831378053913290671
0.63353964537054419103868
0.63354052988026565707003
0.63354537631531149255437
0.63354903484144386993648
0.63355203273403615238379
0.63355492238194965892717
0.63355720551849326049876
0.63357630188938318660519
0.63357834231732934604509
0.63357385058137127842315
0.63357116694793902400562
0.63356771892285201897010
0.63356259033533424140927
0.63356131121196046507293
0.63358342846639947865128
0.63358499594970740798061
0.63359009910454466840690
0.63359303718639337077434
0.63359526336210092445356
0.63359772348844534128887
0.63359975370142651573957
0.63361917172824000488163
0.63362138412374191531740
0.63361669850676105575360
0.63361469840610828985206
0.63361213004505745338690
0.63360722598200869271068
0.63360582947247079399489
0.63362772540119138842130
0.63362903608116183384880
0.63363354399622884294274
0.63363624847056398969869
0.63363841362791428757362
0.63364109237381283090684
0.63364312459293081758460
0.63366321831713356971250
0.63366489744653642368633
0.63366028371961657938982
0.63365762368455957886937
0.63365486544182614281340
0.63365027321545763783206
0.63364924106693487626529
0.63367021263591927215941
0.63367115237058291299377
0.63367621103430138429502
0.63367944699425426957617
0.63368212475457907917331
0.63368488552900903432175
0.63368634094099329789884
0.63370628803777284687726
0.63370382778905409715264
0.63370131842466792537749
0.63369790609811249559868
0.63369243621912474395685
0.63369119887683389436006
0.63371251847523990541333
0.63371411741750771629000
0.63371999604037698716752
0.63372328625407881030895
0.63372519947810279639100
0.63372740240215286178227
0.63374649492818313500919
0.63374844974436528310946
0.63374485756599219232754
0.63374220525421187666382
0.63373654073538543407551
0.63373461913686379709532
0.63375729818027948248016
0.63375891473304257761612
0.63376415910505734530034
0.63376633666265591582345
0.63376754493177178684249
0.63376985244978389921755
0.63378900799020898571001
0.63379144862620662159713
0.63378764912496055039526
0.63378576229831440347340
0.63378106122866961769091
0.63377987018971781996157
0.63380197440045893397809
0.63380253220289439752833
0.63380695037021128612764
0.63380907758614246638729
0.63381096922197566190249
0.63381344459954924719369
0.63383277386352521176605
0.63383558084001889731951
0.63383099320666369536070
0.63382832476059181026073
0.63382369863637288975866
0.63382328963907219598894
0.63384418632753347644382
0.63384453738337998007779
0.63384977128672082002936
0.63385267024214364539603
0.63385483409214427030776
0.63385743593418120145344
0.63387659855911693274066
0.63387924224824765406794
0.63387458064591384321318
0.63387150353832544258381
0.63386580417048432600780
0.63386495770916695402519
0.63388619862996586906689
0.63388750375230196176801
0.63389349542769257705999
0.63389638596442576812251
0.63389819080664211448095
0.63390074263735030069000
0.63391974729699129831317
0.63392229028892310704890
0.63391804041643795564198
0.63391526641410667064491
0.63390953165927244050692
0.63390798547429705322998
0.63393014872973652007460
0.63393166671561984593097
0.63393717447715436374978
0.63393985153777154817334
0.63394147682534440768620
0.63394387384507022709101
0.63396323419655209452372
0.63396541918275317595288
0.63396172352166857422162
0.63395908555580071652713
0.63395366148504406211828
0.63395242195012624364381
0.63397441663845954806789
0.63397565863725380275184
0.63398089307260219182893
0.63398356191839744244731
0.63398489717184303149367
0.63398701411880176159741
0.63400659994682628806117
0.63400854597240030585681
0.63400550805509980900609
0.63400300176219193115656
0.63399733301845673238972
0.63399613476899596697933
0.63399685576152031707409
0.63401842848983924749717
0.63401767184126345267003
0.63401911153974976897985
0.63402463489309579536268
0.63402732046570398072305
0.63402824501370114163024
0.63403039280602679905741
0.63405007858142259369316
0.63405224089506495577240
0.63404882124806383192350
0.63404622481647399112603
0.63404073890154455384049
0.63403928525664698945263
0.63403998234871461470163
0.63406169971001080654105
0.63406094747390240318197
0.63406219369872163227342
0.63406766039052231409556
0.63407030120033480713460
0.63407147741966185527929
0.63407405003016392708304
0.63409320150978232266681
0.63409564097355397560563
0.63409172188901397060334
0.63408915610456395572925
0.63408384220783398088628
0.63408260143882011483640
0.63408334756356543593370
0.63410503151797248388988
0.63410416142554582030755
0.63410527530836524601199
0.63411064545006956549855
0.63411345120211670689514
0.63411473367518955690514
0.63411699887083705640123
0.63413637373710329825371
0.63413825348991237351726
0.63413546003287901697831
0.63413242380674561538001
0.63412692101783696418948
0.63412559620418695871535
0.63412667987101001276784
0.63414807277155293974147
0.63414730391504747775144
0.63414856319576651255687
0.63415425380869960836350
0.63415714759701014013871
0.63415800149699297350026
0.63415965022658271621481
0.63417937915796629422260
0.63418122638995766404690
0.63417868273460753503201
0.63417608629845545475945
0.63417042722405225774196
0.63416879446244733831151
0.63416938978205950050437
0.63419067094223147140752
0.63419040385450331509531
0.63419207551101641762159
0.63419767012299810282627
0.63420032647348356658057
0.63420089701251225466905
0.63420295653667724256053
0.63422259927208601837378
0.63422478423616790443873
0.63422180074082057377183
0.63421901268567781873031
0.63421358594268706365682
0.63421194451630025223920
0.63421215597034585886860
0.63423340057550636750250
0.63423353600209542157984
0.63423498088565866126487
0.63424033927023470980089
0.63424331878484607738500
0.63424422783965017647034
0.63424633015328679697120
0.63426574292972370816557
0.63426749797843617884041
0.63426482495451497189975
0.63426166824966301316380
0.63425633624889521389179
0.63425485278054782867230
0.63425495111667495873320
0.63427635344053900912087
0.63427631469962253429884
0.63427779817499918557644
0.63428325015725539604006
0.63428626584635294793912
0.63428689206424293534070
0.63430777255080283971722
0.63430801189912222604050
0.63430481771536606494521
0.63429925611877080449119
0.63429789324623786495039
0.63429766975557100305849
0.63431893434862685055009
0.63431930068497111019354
0.63432092490424674124938
0.63432631931021943305637
0.63432919220039996055505
0.63432930883710014757781
0.63435049103192131525475
0.63435100527985877061354
0.63434774969623974882893
0.63434247630736628753567
0.63434095813948576658703
0.63434010377772775957084
0.63436131386105687468557
0.63436223676408542981875
0.63436387393531090683751
0.63436907892675842290942
0.63437216391514616997682
0.63437300260013729236164
0.63439396092740352184336
0.63439491404656667139506
0.63439048988978674614714
0.63438515340124157493307
0.63438332838415478764915
0.63438230851706667312584
0.63440308300351788695082
0.63440448351124756332098
0.63440619410335663541645
0.63441192832237347509761
0.63441588726470010684011
0.63441663703030748422407
0.63443722482711584209625
0.63443766955920144479109
0.63443344927787204134972
0.63442762044643041807745
0.63442577822956469635329
0.63442411975342172247849
0.63444520502253665128478
0.63444714735388685333817
0.63444917286520630117508
0.63445483336489727488328
0.63445826529140791905093
0.63445826797723403611684
0.63447916496010092757274
0.63447895941680043652156
0.63447613701162297594749
0.63447074250361024105871
0.63446868244013987503394
0.63446657739781497920006
0.63448803377804885439417
0.63449022256928855334479
0.63449194318665913527866
0.63449703978892724176575
0.63450004670209059209895
0.63450011076792445230410
0.63452151470154039003546
0.63452186422674405896771
0.63451818992328790081103
0.63451316114646649779729
0.63451158905229110285262
0.63450944310406687254300
0.63453059852136617369212
0.63453264256372587936994
0.63453419548907208369570
0.63453950707514128470876
0.63454333240787097469848
0.63454409480519835540235
0.63456545217667026381747
0.63456605539117338921073
0.63456115065505358519005
0.63455552439205775705489
0.63455370286672119206628
0.63455164177145484405429
0.63457239221170580467657
0.63457483368090072950451
0.63457696144224029488612
0.63458293116474639994351
0.63458725015744066322299
0.63458754434870701111038
0.63460843738650596357331
0.63460831588626598342984
0.63460470341993224785426
0.63459868912566297360911
0.63459622262461767849828
0.63459338656762498409591
0.63461476896627744270774
0.63461785553589078467951
0.63462019530890434459991
0.63462552895652724060938
0.63462924568494105681538
0.63462886808817697836815
0.63464964362456244284516
0.63464965606018863830684
0.63464629509144077079696
0.63464115705824075686081
0.63463948758372723535359
0.63463632178556195206909
0.63463500702331032687908
0.63465642098019836581102
0.63465771837770645902310
0.63466055498794182732070
0.63466199360396979844978
0.63466677300699070318757
0.63467049023104038507626
0.63467075377554049708806
0.63469188928573228025698
0.63469231052812280502451
0.63468762895908525933919
0.63468256540689083067264
0.63468123418717115047372
0.63467863474753893893165
0.63467705890376113764262
0.63469757864322662310741
0.63469896620671861775520
0.63470147651642083719281
0.63470330444549483139838
0.63470912342255736415808
0.63471373988704804514072
0.63471382069174719919857
0.63473539715348969991737
0.63473497841683168552152
0.63473090985195323998624
0.63472470294466787343879
0.63472236962748929123279
0.63471922805415270651963
0.63471771062530868423579
0.63473783207889811208702
0.63473971482089297513340
0.63474371553395891876193
0.63474644545410641160998
0.63475241207449895064485
0.63475654847297391381034
0.63475579523625380584662
0.63477708624120976477201
0.63477637200273728801392
0.63477353938973002378532
0.63476815465934632864986
0.63476547590557275135836
0.63476096747254917573855
0.63475861238206354730806
0.63478030266553353566650
0.63478294387341638316258
0.63478717325202260735040
0.63478915962067394840318
0.63479400399495011786399
0.63479750535747014872356
0.63479726742365005787150
0.63481822521841801965081
0.63481846999996172087322
0.63481415049807077277677
0.63480972995234763445183
0.63480856600996504734979
0.63480484908107215336059
0.63480230780844071336588
0.63482388752776297558000
0.63482626061179148191371
0.63482914653472899413345
0.63482984743106218861186
0.63483483317297462189543
0.63483950532088329055114
0.63483981018651436389888
0.63486109048078298577877
0.63486078069947171620413
0.63485608576446628248391
0.63485058003000838233731
0.63484926806024999379474
0.63484652930586915609013
0.63484463092199905354107
0.63486437973538634160775
0.63486609939090854481947
0.63486928609703940917797
0.63487168464283760815903
0.63487781545414645467673
0.63488224820697569672490
0.63489894298623539281579
0.63490274124035683822598
0.63489293006213121106640
0.63488998015805386820887
0.63488570388709564262797
0.63488354033344451821108
0.63490314472264897105447
0.63490621990623374859553
0.63491097994028455886451
0.63491420071904158817233
0.63491927146432469708515
0.63492256858205997627209
0.63493905262314653814570
0.63494221208765300179522
0.63493460945118262994669
0.63493248469127427924263
0.63492738558953998317946
0.63492402989932383849947
0.63494569307437986882547
0.63494912820971693978578
0.63495350662757632509425
0.63495465562052300079188
0.63495862032318473033854
0.63496217693399203962912
0.63497880931947103810842
0.63498253600731080492636
0.63497467980548250032768
0.63497389017346683726117
0.63497046363423326198472
0.63496761578573968076711
0.63498873969412561457659
0.63499108059824660443837
0.63499401266878119365344
0.63499502857702605496115
0.63499962833769973968856
0.63500316002058687647747
0.63502021383875861815227
0.63502353955512524930072
0.63501574582476572050638
0.63501408478398335688553
0.63501085413336222362801
0.63500865754755853043179
0.63502773900175046861705
0.63503027936977451961553
0.63503422640401363530316
0.63503609275573347225929
0.63504028650598753902301
0.63504451861199695539284
0.63506030578114824880487
0.63506601252699224069431
0.63505556553638731198674
0.63505400828699198889638
0.63504985910336919641139
0.63504704741845963145153
0.63506720783253223228115
0.63506968165999300168778
0.63507307366506349222135
0.63507483507829132207689
0.63508105533820735644213
0.63508535259408227524602
0.63510189835987052031641
0.63509568185821729802143
0.63509253312738778163293
0.63508945712854769638511
0.63508778378721009172381
0.63510766434653165291024
0.63510915921433697128862
0.63511396257689700650673
0.63511812183014637600564
0.63511458326164382803825
0.63513525434712336803500
0.63513731098679304665211
0.63512999136097558761094
0.63512619297908057269808
0.63514480841060672045018
0.63515266112796076036773
0.63515667499193939615765
0.63515252293773916125730
0.63517272163360827264000
0.63516629607681474034564
0.63518923950960848312519
0.63517334529429458900296
0.63511335650060851687471
0.63519749877898246115393
0.63517444342760043252127
0.63514116175718471346556
0.63500466792317356024000
