0.99964456061247286555727
0.99970377605323701430962
0.99975710295075681521837
0.99978321924044211144178
0.99978769277018741945540
0.99977476130415099397908
0.99980468480596329516885
0.99979272960242726586699
0.99980616878140327052904
0.99979454535327927366950
0.99979983587962562019413
0.99977165013544189164918
0.99979915022961518555888
0.99980302451805158625575
0.99980412179644451153848
0.99979771477430756654314
0.99980312680884653175895
0.99980059573969870534427
0.99980121995044490823545
0.99980364705500135436012
0.99979669967646978001596
0.99979260381300893989476
0.99980346157619681690676
0.99980243233573540262427
0.99980040462307295801025
0.99980295029612953339182
0.99980161905365028118808
0.99980277798079031370548
0.99980113071617082720621
0.99980209971950606551161
0.99980333392241327317151
0.99980286857236932984705
0.99980245868871542302969
0.99980410595043800459081
0.99980318880325191877034
0.99980328948982533088241
0.99980238973961110815480
0.99980257320560494971318
0.99980352196952859689105
0.99980276742500162612259
0.99980474811761554931877
0.99980398750904975191389
0.99980384189947935080767
0.99980464987745565341726
0.99980421307305700207024
0.99980393409705115015385
0.99980476460311651365487
0.99980563158070123730425
0.99980453709910810378148
0.99980357297997823895486
0.99980559502889065903730
0.99980466854789507014090
0.99980599914773915504185
0.99980488762244690281733
0.99980407407624827254011
0.99980382090527775140743
0.99980381330940848449984
0.99980388526174268637448
0.99980460699953122016836
0.99980630310735418841972
0.99980666427905284798783
0.99980545128722109193831
0.99980745519500924256562
0.99980558858077284156707
0.99980679001255634563705
0.99980450745243454324651
0.99980359364312398895436
0.99980389074040243446717
0.99980400384920453671356
0.99980365532315651488915
0.99980488024031222149546
0.99980731397120325976147
0.99980777330761583243657
0.99980525720228652364341
0.99980771845514848639169
0.99980504925663959969739
0.99980758245141787554644
0.99980549405468432944133
0.99980424133118250829000
0.99980436530368654857170
0.99980506635000776505251
0.99980504937894398853615
0.99980591095157078651567
0.99980747560517047034523
0.99980767547473836653893
0.99980549208274382966266
0.99980800898998190007205
0.99980666992131506098929
0.99980718774746446531054
0.99980586250042680074301
0.99980559707835237048812
0.99980590552628378908651
0.99980651159505806724326
0.99980563585052495412242
0.99980548016800430133344
0.99980705953469528601829
0.99980877703119641619622
0.99980815902305641973413
0.99980966360223433309073
0.99980934499535423221062
0.99980725130996950245077
0.99980515234040379102254
0.99980531737149558324518
0.99980666849214461233686
0.99980705155962523722479
0.99980710034458109003452
0.99980648065973032334597
0.99980503416434773900079
0.99980517639766441906346
0.99980764444317127281892
0.99981023862446716243824
0.99980984755832247312668
0.99981023310097694167808
0.99980969719555723429494
0.99980792272960306021901
0.99980553978013897431509
0.99980509877582879330049
0.99980629294555478647766
0.99980701355381118577981
0.99980703706785112316879
0.99980635696458075578619
0.99980553787874115734269
0.99980595108077618959896
0.99980784834392821824878
0.99980973408461248919110
0.99980928534380875127852
0.99980910801757938433099
0.99980905687011623061977
0.99980743791884685300886
0.99980610780567635842431
0.99980606195620114196032
0.99980669116434117693615
0.99980728167528476468817
0.99980762737851891497343
0.99980705879942544100913
0.99980632612788100654910
0.99980593754109903237293
0.99980694072076359280032
0.99980873176457518702875
0.99980924187871544894790
0.99980876570867471819781
0.99980973157890939972958
0.99980664967892818317807
0.99980561262025802182762
0.99980621542792580402903
0.99980718562465231702419
0.99980785999816401687923
0.99980783928445571273613
0.99980698602864559454417
0.99980590147356573904602
0.99980540953805729920134
0.99980671166064571941945
0.99980907027000354148072
0.99981022496299476465254
0.99980934643786101290175
0.99981047971980396837921
0.99980701708996166932053
0.99980549960460929348471
0.99980568144416182008172
0.99980661697696082690356
0.99980760600741391819213
0.99980735557549194059135
0.99980635456994382259666
0.99980575107530322842564
0.99980583107500387018973
0.99980731130080835455942
0.99980938544795161515566
0.99981043718918594098710
0.99980919357895869925557
0.99981022641139605244831
0.99980740222109698578379
0.99980617790439441083805
0.99980605833024338569004
0.99980637010341022463678
0.99980727728265461617951
0.99980741543427442685754
0.99980658876817929403558
0.99980635524515126810741
0.99980632512304346004584
0.99980729380872046530015
0.99980894168264344834540
0.99981003760161213378410
0.99980883549595533921206
0.99980996346102313232507
0.99980714787471847149192
0.99980622893630377578944
0.99980640684383481620046
0.99980675117641470972529
0.99980762147756330193715
0.99980765992131959141176
0.99980661543635862553714
0.99980615554788843102330
0.99980603267749301732437
0.99980715260537544875064
0.99980893151185601386288
0.99980996875521543909571
0.99980914670672371702409
0.99980991413037834103505
0.99980734092079048824786
0.99980594383412468850736
0.99980574651358611326657
0.99980614945223200695779
0.99980740125357780989646
0.99980689795660826479917
0.99980556020767297198404
0.99980543275328270791391
0.99980603704665005349028
0.99980762161875436078162
0.99980929141240648672095
0.99980969347627113297250
0.99980923616883499160934
0.99980781224187653677404
0.99980624351236357938433
0.99980536125497054822375
0.99980514458345737249800
0.99980638615761274756721
0.99980614872355433320195
0.99980507991247380417121
0.99980549009832953011312
0.99980639065668552856181
0.99980778265185643594037
0.99980900306404585364817
0.99980754990748732513595
0.99980873944636772243655
0.99980632798047186504675
0.99980563190990212607545
0.99980530129992772891967
0.99980630016394256287526
0.99980672710635032363058
0.99980555612652277641672
0.99980556578646773147057
0.99980605330499006111467
0.99980727237920741234944
0.99980859506816743831337
0.99980710691036445147972
0.99980862851041341077263
0.99980568402249825332717
0.99980521878112205147460
0.99980557578049045197588
0.99980714696810235597724
0.99980730802468886775358
0.99980524511643120710858
0.99980470303533441889243
0.99980537556093751483388
0.99980711881658301809495
0.99980879588673754465589
0.99980724908489226887554
0.99980900695976782088792
0.99980521092000296246027
0.99980420436242178894304
0.99980467102565495629563
0.99980707863960316394980
0.99980657212406787159864
0.99980410635582728229309
0.99980387448233354330540
0.99980517437468174879456
0.99980737946548270400626
0.99980918493565928972799
0.99980743892110301995757
0.99980927915308248632442
0.99980517207855756911528
0.99980372908380599206168
0.99980376969539419551580
0.99980609014900778674928
0.99980587978714352548337
0.99980371977849202824729
0.99980370966274900723647
0.99980513061499454163794
0.99980741225584324194386
0.99980930629920461427673
0.99980735193614145295271
0.99980930154381375540851
0.99980503331250847320888
0.99980372735150824237138
0.99980387074216858778186
0.99980600122359930548299
0.99980633437555332942992
0.99980406856842718443801
0.99980372097305192369276
0.99980492900721162907729
0.99980730247461757631555
0.99980925980737067604309
0.99980726831917876573641
0.99980917763687049415466
0.99980486636864385197043
0.99980368160946386790755
0.99980420178460793767528
0.99980666314470667543901
0.99980684268219921495557
0.99980423833174358883014
0.99980364105345664871294
0.99980481954240041364557
0.99980721392798344027142
0.99980907455455259036370
0.99980710524721050358465
0.99980899464823391742385
0.99980472844901546736196
0.99980360551488833831257
0.99980421703916644293741
0.99980685966282245580317
0.99980696848592520709076
0.99980694679958015402832
0.99980679993206722500076
0.99980419273281162517719
0.99980354254333481112127
0.99980455565885884006150
0.99980694793703461797918
0.99980897975806648503294
0.99980679502721869766901
0.99980902607390687020228
0.99980431743433717528546
0.99980341706708530935543
0.99980418404059301362707
0.99980676625495124021370
0.99980694381208501386737
0.99980702264302423465381
0.99980680714021907817823
0.99980416824912488049648
0.99980325380606671625827
0.99980409378357959493400
0.99980669399769683813872
0.99980906705040173410026
0.99980664616864889371328
0.99980901942221589440152
0.99980394886947421273504
0.99980313059396352937114
0.99980414266510120313569
0.99980687632560349964450
0.99980715341060499845582
0.99980726634843064548619
0.99980689812326151155730
0.99980413826974756652533
0.99980310832776220220097
0.99980390343194347479994
0.99980660249904940162224
0.99980884074004872097419
0.99980649078077976632528
0.99980857172442216818098
0.99980391552261538290480
0.99980319433501763093375
0.99980417886818762074341
0.99980685135240365823961
0.99980727177740746913770
0.99980715135263664716803
0.99980674699370308822211
0.99980426479369843839606
0.99980331994351823166056
0.99980388888255333768029
0.99980630362830591462142
0.99980830967763656413894
0.99980609176661505710371
0.99980812689980713692250
0.99980375632541929054042
0.99980338513271749256717
0.99980435821779023441991
0.99980662905941941609456
0.99980695871900437943225
0.99980678355114027677786
0.99980652609763398519505
0.99980439871771165094572
0.99980332394083659686146
0.99980353419923195801289
0.99980591010880315305798
0.99980801819456810441977
0.99980576967786050079923
0.99980787856867048279952
0.99980330586401577885880
0.99980316923641898707587
0.99980435026325287228843
0.99980643899140708708018
0.99980667787136423552141
0.99980664226666493554774
0.99980635347741075857897
0.99980424235352438611102
0.99980301674141891510317
0.99980314191376351562468
0.99980562539467654481484
0.99980757294661215528464
0.99980540813751017648059
0.99980706717747702683141
0.99980305249321810290297
0.99980296904410226321858
0.99980416373538183449909
0.99980625775832787649477
0.99980665038128835320208
0.99980666165571019377012
0.99980616580795722558861
0.99980419408213749843384
0.99980304386418916706702
0.99980299016962548286358
0.99980511584929609991690
0.99980290799724058636855
0.99980481330830617281435
0.99980317159216391953436
0.99980431940774405763506
0.99980611233173943830366
0.99980662768328021350328
0.99980652984388718174102
0.99980607037313951046542
0.99980444308248195284250
0.99980325962593841193637
0.99980280762561113405695
0.99980462857708041202187
0.99980275472562896155182
0.99980467178223020319194
0.99980324812450449556422
0.99980445359903369340060
0.99980595974527730618320
0.99980636420507174033645
0.99980613319340516653710
0.99980571275192586799818
0.99980430385854679453672
0.99980316153602155626601
0.99980281978574925272341
0.99980490086798246007760
0.99980298435689318736763
0.99980512628232864891231
0.99980310134751959605381
0.99980404513714171699235
0.99980534793032327378626
0.99980586232424295545229
0.99980559434098337234786
0.99980495515411615947698
0.99980381108240123921860
0.99980313003458121112743
0.99980314659039581925981
0.99980512486152206541590
0.99980317314057753907974
0.99980480013711681142041
0.99980321622654244606565
0.99980371358787978319782
0.99980466184183025557530
0.99980540438249154711059
0.99980539253136813115930
0.99980455289221725756477
0.99980376096748158065708
0.99980326177650225005777
0.99980299479471179679990
0.99980427284634110218775
0.99980270146961591759549
0.99980381730016765207125
0.99980317834592791204074
0.99980382824666980123851
0.99980460354284428348137
0.99980553643379677097869
0.99980576010594068847581
0.99980467560417529693240
0.99980376870026332891683
0.99980298914224408068918
0.99980249926101227853081
0.99980370649734962018584
0.99980257137729433569717
0.99980401195243273626545
0.99980280332822013544813
0.99980354793780656930124
0.99980459586758096968140
0.99980593218146163181359
0.99980595233511737607301
0.99980431624102661380959
0.99980324311752100108208
0.99980275769867632540411
0.99980293835093170251582
0.99980453820645676099588
0.99980340619357832565584
0.99980494811271702904065
0.99980287506704068611896
0.99980300822452594644574
0.99980395229319629635256
0.99980583177254178650628
0.99980571411857899200015
0.99980371436625392611575
0.99980294191368046519131
0.99980304435526112794008
0.99980366704403300648352
0.99980498030229392192325
0.99980353935859545000397
0.99980461461150349489202
0.99980305670463964773376
0.99980300582780767815194
0.99980374917085323982491
0.99980579168138938861432
0.99980617396272120078748
0.99980401512381067430368
0.99980304229569838536662
0.99980277720162680221705
0.99980308059323141911534
0.99980408263387299250269
0.99980257287606155713888
0.99980371619436070318443
0.99980225915639708844651
0.99980289569194424892373
0.99980432003941221985599
0.99980676678030500070804
0.99980682616056992806364
0.99980737939999109187283
0.99980730680442231328442
0.99980443605380719951370
0.99980255050396682481306
0.99980175999251530427614
0.99980233479772417926057
0.99980368393824714523532
0.99980247938310340405366
0.99980390934452467721627
0.99980153377457847696519
0.99980217504237778314291
0.99980429156689343273001
0.99980753852762138667032
0.99980763787750581705893
0.99980749165282800650090
0.99980739025019671473160
0.99980403424260133604662
0.99980201596716389289554
0.99980165600661241587233
0.99980284385494710974740
0.99980411035326666180367
0.99980308008822083021272
0.99980403161565911673847
0.99980195818228201343203
0.99980219109737367144675
0.99980394649577919441441
0.99980708006386753705641
0.99980705522907220572648
0.99980664103300309619726
0.99980696431853677275114
0.99980423206616697573423
0.99980259482781319579914
0.99980211584327516316506
0.99980290967901441767651
0.99980364315238789973961
0.99980234290102831806735
0.99980313120113484259832
0.99980188803847069856090
0.99980295271277486168771
0.99980486618551389632614
0.99980731203925654604348
0.99980657151944551941369
0.99980694187218566160169
0.99980806836183577779309
0.99980557186404706015992
0.99980302612199278833316
0.99980132896385065510714
0.99980168172774241952538
0.99980272919306389933780
0.99980129138203455152478
0.99980253481400427340020
0.99980075217682662369612
0.99980281534038639712492
0.99980601251657930106376
0.99980885370808592060854
0.99980751609359641562946
0.99980783504662618099701
0.99980921315271964466831
0.99980601047435546657738
0.99980254073145413684642
0.99980052191402957184607
0.99980132098077145741399
0.99980243514951849803651
0.99980159030182091939309
0.99980218085709293696084
0.99980076961163488746820
0.99980249990611513855043
0.99980570056800288636367
0.99980889692432162174640
0.99980749031238969060098
0.99980641454791041589090
0.99980804187419836104311
0.99980540625650304864536
0.99980281553116479020815
0.99980125181155443669923
0.99980170276280522223544
0.99980151304493258823669
0.99980136919194340094919
0.99980330862415123238662
0.99980537050530426945727
0.99980711059609495006129
0.99980498859717592541330
0.99980376944959570284510
0.99980656666860778791772
0.99980557619591170492868
0.99980362849053394658227
0.99980125052138513197519
0.99980060758668432008278
0.99980055540926338064622
0.99979972605033262667007
0.99980351113945031826802
0.99980578268086228721501
0.99980654466537677294014
0.99980321923547532669829
0.99980338023303028105460
0.99980678445173409851776
0.99980571538007789733626
0.99980304177585876956869
0.99979985214090971723522
0.99979906684133534877645
0.99979953380361130665932
0.99979871722133017986067
0.99980258838528235365573
0.99980530584959537154788
0.99980683882580478893942
0.99980384586503301402871
0.99980404956395463322849
0.99980641930165070618841
0.99980472061827663221578
0.99980244843040133595480
0.99979960064516248952060
0.99979856038638759141435
0.99979970175236232421412
0.99979851332214941805887
0.99980250155865235672792
0.99980416361358204202503
0.99980561313579241478067
0.99980369238462118985922
0.99980297547544993985724
0.99980474156354759429632
0.99980357618436155320296
0.99980225763702512686848
0.99979950623956936883729
0.99979877809799810872704
0.99979919357970159499160
0.99979938265434797894926
0.99980139009507373870633
0.99980265065445861338844
0.99980403351181712512386
0.99980242839224120476871
0.99980252426827520562114
0.99980341671226224953273
0.99980124046757323785783
0.99980029984402596365811
0.99979927839675208911530
0.99979859360407485890931
0.99979909715563808347838
0.99980000885764130913458
0.99979986809301357730817
0.99980271369979012430207
0.99980284958981779919185
0.99980263660684942639278
0.99980213290099417822177
0.99979968600619539831342
0.99980058633752844077236
0.99979374914006369223785
0.99979782751334267398846
0.99980095838888805026556
0.99980248787832903811790
0.99980143432011114867919
0.99979997254307606535662
0.99980423022890574369370
0.99979987549379101263725
0.99978419349670266669250
0.99980451857639252022381
0.99979967880988318551516
0.99979934672816861418454
0.99979211925146393991071
0.99974083436986960204962
0.99978774263012704093256
0.99973659420877691861307
0.99973284403126860819810
0.99959850105664405095496
0.99966092097583891806778
0.99972036752031911976957
0.99977340720431140397295
0.99979983860047805244164
0.99980392439111132052432
0.99979137075117152644310
0.99982131153374109722165
0.99980889071276923818488
0.99982279474468827018541
0.99981064562005717011317
0.99981643581233325956958
0.99978752948986016058086
0.99981505321493402416166
0.99981960893161758718861
0.99982074399976628154008
0.99981376475063332698312
0.99981974377203730597330
0.99981660544091366382702
0.99981778897854689525104
0.99981956450264330982236
0.99981257361376807413222
0.99980874213952641849090
0.99981932329415601490297
0.99981836229430576246102
0.99981695903306400108335
0.99981956144836692246258
0.99981759758460009290815
0.99981938192647490382114
0.99981767148507516562717
0.99981804340596436286859
0.99981918069650910219082
0.99981902533863531434832
0.99981881830456886817160
0.99982027857099498024951
0.99981902104515807394591
0.99981924695335544495123
0.99981891888542862023570
0.99981916785015312321150
0.99982004210398600640985
0.99981935053974957394729
0.99982071881422029946407
0.99981980723274033184822
0.99982003034701083521441
0.99982101689680213940647
0.99982058715052157804593
0.99982013765439314845196
0.99982057341170593733892
0.99982161544811409825684
0.99982104985162567611923
0.99982014379505113055302
0.99982210175015118203135
0.99982122588099009430351
0.99982199638111812767249
0.99982068580205685215390
0.99982029305805097951776
0.99982020809850258302731
0.99982021384419672571653
0.99982011999092956777702
0.99982039487810581146476
0.99982231407140309542569
0.99982316636338619542101
0.99982199324939624585085
0.99982395556327097185800
0.99982211288010569560925
0.99982281446243592704093
0.99982028715379600569690
0.99981984391915823540131
0.99982030408488098416342
0.99982043153538424640203
0.99981991970938333125218
0.99982065429554500823883
0.99982335132786392950521
0.99982427410983687465773
0.99982176281872059409039
0.99982422008487814579780
0.99982153585429545117336
0.99982363248965400170931
0.99982126422723505143608
0.99982051917070979829560
0.99982080782503912619319
0.99982152365574117336422
0.99982134018613744164128
0.99982167775388564034955
0.99982353924026634572897
0.99982417898929665245333
0.99982195928916828275845
0.99982451676488381941965
0.99982311708194848698383
0.99982326435970991784785
0.99982162756682047000112
0.99982190044462238009970
0.99982237650994265631965
0.99982299690926867974383
0.99982195005692431344357
0.99982124568163421862721
0.99982314878394318302668
0.99982529068710856989810
0.99982458591186496033032
0.99982618434966774589867
0.99982575200499368417439
0.99982335307377323552203
0.99982092032768787870367
0.99982164051027466733501
0.99982316812867533251108
0.99982343037585985623394
0.99982347875554566929424
0.99982299428995624612782
0.99982136516753505883770
0.99982094747216632146802
0.99982375967331360566703
0.99982676697391037468066
0.99982623561599370809461
0.99982676965391903411984
0.99982606704234955330435
0.99982405146566488696180
0.99982131489800152301939
0.99982143813087809292028
0.99982281940488026972247
0.99982339060946212594416
0.99982341324286927441989
0.99982289645671251765435
0.99982188429383922478877
0.99982173210258629136860
0.99982399023180046349069
0.99982628073814838742805
0.99982563692584780490336
0.99982566627796554126206
0.99982539191585106941318
0.99982359222095662509844
0.99982189624162465246826
0.99982241388677450810718
0.99982324405110534204510
0.99982365734669031986925
0.99982400108543134642503
0.99982362525400225727878
0.99982268248032168944661
0.99982173388462514118658
0.99982310806063723340742
0.99982530123708313052333
0.99982556317864290651443
0.99982534723326688119727
0.99982604129675634041519
0.99982283084509238069160
0.99982141709526073380943
0.99982257597264234671997
0.99982376520533478014841
0.99982423088619776230246
0.99982420609966626834364
0.99982357779741226622150
0.99982226539785457042342
0.99982122271507833932702
0.99982290652017868914925
0.99982566582639909036345
0.99982652448821762725117
0.99982595717259359346940
0.99982677151656196290475
0.99982322539243850822999
0.99982132302536985690722
0.99982204787552142466467
0.99982322085156538626904
0.99982396865355127602015
0.99982371254336854793365
0.99982297090150440421752
0.99982211811280130575597
0.99982166561253071890292
0.99982353301013338064962
0.99982601151372207937129
0.99982672408109862782766
0.99982583502378497009033
0.99982651179825587917094
0.99982363843400601233213
0.99982202260247377001434
0.99982242541084265230467
0.99982299847872213582889
0.99982362606241170777110
0.99982375472704487773257
0.99982322776131626884677
0.99982272264943539141768
0.99982217988188548662976
0.99982354485104474317581
0.99982559965584782979420
0.99982632430186479943757
0.99982551147935105895215
0.99982625376373335246427
0.99982341354193748905743
0.99982209449127235068033
0.99982277342983150170141
0.99982340026204108429653
0.99982395062761708626198
0.99982397807280198875901
0.99982327431946205198443
0.99982251938214017350504
0.99982190917693236631436
0.99982343260183548228071
0.99982562649035211510551
0.99982626655281370275929
0.99982586030398723497825
0.99982622430538170554826
0.99982363654876038605579
0.99982183044841144159420
0.99982210710509955564618
0.99982281715146703593433
0.99982370546606214034568
0.99982318749491261300477
0.99982223541728831861519
0.99982178994919768122429
0.99982193325707358066978
0.99982393357897070274021
0.99982602382912255656322
0.99982602011183241419445
0.99982598864175564745693
0.99982414050683965367483
0.99982214894196763665946
0.99982171474109149400533
0.99982182631139560058386
0.99982266067244762730581
0.99982240758791618429058
0.99982176809903922087841
0.99982183843686922575245
0.99982230544856942611176
0.99982412639608930771118
0.99982577615873990950490
0.99982390934691078854257
0.99982553264244433677277
0.99982225155803527982812
0.99982197404236816673517
0.99982199542493421784428
0.99982254226244815509261
0.99982295181156499719322
0.99982225570638860734363
0.99982190106320201206103
0.99982198411056433240418
0.99982364835200021602191
0.99982540772017036712072
0.99982349919358781686896
0.99982546096117286271721
0.99982162099881866090811
0.99982154769338127398015
0.99982227955919900086457
0.99982335568802727099325
0.99982351034748340179448
0.99982195231007142677271
0.99982102403658568157141
0.99982131895772041740855
0.99982352667436957815994
0.99982564933905238024892
0.99982367237527147718623
0.99982588059573895833410
0.99982116026712186673819
0.99982051664970283955114
0.99982138124808794810150
0.99982328232270256673786
0.99982277785546547210771
0.99982081970434721895913
0.99982017737504680354732
0.99982112845006410051241
0.99982381912700091231017
0.99982607724262329007558
0.99982389527381809735118
0.99982619033994246660058
0.99982113017326645909577
0.99982002335349229316108
0.99982048468471462765450
0.99982229834178193428329
0.99982209257792409307086
0.99982043520449659368410
0.99981999522531250779167
0.99982109241000327592985
0.99982388542789135676969
0.99982623644411205976468
0.99982384135856172679979
0.99982624995378366339338
0.99982099894014964114319
0.99982000372498014417744
0.99982058625190406431216
0.99982221909629542810904
0.99982255714433521109896
0.99982078362523529868611
0.99981998724324183669410
0.99982089818649033663434
0.99982380894876421439932
0.99982622558200939799633
0.99982379273142341080671
0.99982616012878378075612
0.99982083801597998462540
0.99981993895780341130575
0.99982091498880110158609
0.99982289148201353157219
0.99982307858061392202842
0.99982094811511834642204
0.99981989044361940788264
0.99982079320688055368294
0.99982375646989496420503
0.99982607311830296037414
0.99982366516014675728030
0.99982600983263247851340
0.99982070451971238878031
0.99981984677612301126715
0.99982092228387420274061
0.99982310324954781766138
0.99982306172176715897137
0.99982303337765865425268
0.99982305136542326540194
0.99982089262434026277759
0.99981977510898822902874
0.99982053405176141147592
0.99982352503057736470282
0.99982601130786108445392
0.99982338984518270841306
0.99982607311512072811865
0.99982029755484658206655
0.99981964181613536268856
0.99982087811604525295905
0.99982302524977739732748
0.99982302433263037233502
0.99982309777964839536679
0.99982307457454433485822
0.99982085496633454901882
0.99981947185084252271992
0.99982007499997338495490
0.99982330692381071735042
0.99982612977022489175738
0.99982327594699071937612
0.99982609921945952979883
0.99981993138097136064602
0.99981934210051770506311
0.99982082050731513334085
0.99982315280417455305439
0.99982322332072615100884
0.99982332954224584220526
0.99982318355101029716536
0.99982080705007969623210
0.99981931281611557960076
0.99981988785481101800201
0.99982324815951151286697
0.99982593783638307183281
0.99982315230913609838126
0.99982568629871260146302
0.99981990167930789858985
0.99981939192575752795022
0.99982083872801907897809
0.99982314465685118154425
0.99982332765071624258724
0.99982319939460206903448
0.99982304888014628119208
0.99982091457745891904807
0.99981951166081128867802
0.99981987598567911845748
0.99982298107583156276945
0.99982544256129812776379
0.99982278416012471122798
0.99982527961361367108140
0.99981974475170154459391
0.99981957150798850264550
0.99982099699419557659041
0.99982294008064143131520
0.99982299765241078315370
0.99982281085025592748394
0.99982284627493644979523
0.99982102626351765373158
0.99981950420547449631670
0.99981952463863343893991
0.99982261650130088703747
0.99982519240092670997910
0.99982248987323107947134
0.99982507550061783252460
0.99981929862166940559121
0.99981934241607339775015
0.99982096675752629710843
0.99982276758893107171389
0.99982269137185231233644
0.99982264152003086365994
0.99982269041850513335845
0.99982084767982892792304
0.99981918347596787643994
0.99981913679936296190931
0.99982235952680742485654
0.99982479378595323638024
0.99982215606581670286346
0.99982431355656165017365
0.99981904977095947817389
0.99981912979247211659128
0.99982075725875640959117
0.99982260307425296907979
0.99982263339140919899961
0.99982262633235441384727
0.99982251983609093937133
0.99982077539848634994968
0.99981919828381848880383
0.99981899016775643840305
0.99982187695363011759042
0.99981891186392257697690
0.99982158703738455152177
0.99981931836713744399248
0.99982088944788327644630
0.99982247354164721642178
0.99982257173483746193199
0.99982245237868994092167
0.99982243756675437396098
0.99982100234060733434660
0.99981939852981327465642
0.99981881599760813461586
0.99982141551530734346898
0.99981876723296558839849
0.99982147287838474269961
0.99981937947404930788764
0.99982100142858221225595
0.99982233227015815391070
0.99982226445118582702776
0.99982200919104169400953
0.99982209045928394086644
0.99982083971252555532061
0.99981928514169948751800
0.99981883695459627947599
0.99982171534086350384030
0.99981900803639478514384
0.99982195377510452161118
0.99981921575357535214579
0.99982056915998485102648
0.99982172863022567010916
0.99982171281984688615552
0.99982141986541228639851
0.99982133745782142408842
0.99982032388949615420159
0.99981923420549922987277
0.99981917728590252725240
0.99982196584313987042236
0.99981921043983346120143
0.99982165534363653947025
0.99981931032285720206687
0.99982021507643981106384
0.99982104454870079912610
0.99982120278433794791084
0.99982118289408516975669
0.99982093568567076413700
0.99982024986860562609792
0.99981934513287384902469
0.99981903891901446890245
0.99982114237850505666927
0.99981875299397782175248
0.99982070113931831301102
0.99981924994250648275340
0.99982030418855494247055
0.99982098505293259815829
0.99982131812470886877975
0.99982153429752929074681
0.99982105463025383595976
0.99982023228939775894020
0.99981904719336001097219
0.99981855868038826962163
0.99982060466790489972055
0.99981863848328866861692
0.99982092558800950143905
0.99981884720923208664800
0.99981999899625217942400
0.99982097059125762950060
0.99982169941999643469899
0.99982171268747099812657
0.99982068632629073068330
0.99981968046712144104760
0.99981878708545701694987
0.99981901269282047461928
0.99982146868128052297209
0.99981948782979646050961
0.99982189491346840082286
0.99981888988743605750642
0.99981943137248485697910
0.99982031682914918047089
0.99982158416327249206290
0.99982145927806886920308
0.99982007231667890945204
0.99981935085803608220800
0.99981904296536139309381
0.99981975718226612226402
0.99982194282652325778571
0.99981963768957016203132
0.99982159397231462616418
0.99981903825210649561228
0.99981940065624219649010
0.99982009889313350203821
0.99982153001466300690225
0.99982190637910717256887
0.99982035575292349527388
0.99981942257928280159973
0.99981874165434658774387
0.99981918648592771337036
0.99982107948647402917430
0.99981868627871017807252
0.99982073003762528262683
0.99981820665951381954528
0.99981926034478207920841
0.99982065088104576933148
0.99982249243253062953585
0.99982242251260700083293
0.99982296221703126359870
0.99982302582368876020524
0.99982075634229494731642
0.99981889874620077929279
0.99981768941540916095789
0.99981845679260050729908
0.99982071478238576656139
0.99981861011392891835925
0.99982095770349976859848
0.99981744426839547212893
0.99981850785813919380018
0.99982059921324317741664
0.99982325121855630811751
0.99982320919014999738295
0.99982305191376130704128
0.99982309771297517286825
0.99982032801465314797440
0.99981833355457527812149
0.99981754757988072768171
0.99981898312818384688683
0.99982117676040260789705
0.99981922678573909024635
0.99982111690473152165737
0.99981783129439671942151
0.99981849221103180624937
0.99982022571013662304296
0.99982278125908341515071
0.99982260477932560771563
0.99982218121931032417393
0.99982265912845302846534
0.99982049640147119262679
0.99981887921507761607387
0.99981797008297379480979
0.99981906354553662374940
0.99982074738578941008882
0.99981850430070462465437
0.99982025415413833258071
0.99981772229067822355120
0.99981922120741628656759
0.99982111448978250312081
0.99982300029914561445565
0.99982210410537553091359
0.99982246827818410661592
0.99982375096718600904211
0.99982180328245850997604
0.99981927870227105259460
0.99981714277473532348495
0.99981784975607435050904
0.99981987247569414911652
0.99981746415845207387463
0.99981970027555011615306
0.99981654629784000309911
0.99981905133770876403787
0.99982222639002382713613
0.99982453031521312247776
0.99982303725622201362455
0.99982335213319473155025
0.99982488308747996530457
0.99982220672960020468878
0.99981875956098920088522
0.99981629717983899752198
0.99981749795976937456032
0.99981962314308792105777
0.99981777136015248519385
0.99981939173686829036569
0.99981652531731768362988
0.99981870135948758271383
0.99982187932231025850882
0.99982455932856406644049
0.99982300603093976487656
0.99982193134832630931896
0.99982369785855507160477
0.99982156707556646413337
0.99981900015738589537762
0.99981698751767200672447
0.99981788672959315267263
0.99981722947040829740928
0.99981755419707285525988
0.99981947617352251445055
0.99982151334272029163941
0.99982276038342288160266
0.99982050832381641480850
0.99981929529583557503258
0.99982221017808237117919
0.99982170240769918656554
0.99981977746173145149555
0.99981694863553038921111
0.99981679199208883801475
0.99981623455430090885443
0.99981590922178087410543
0.99981964075459461849249
0.99982189293879120128850
0.99982218175882553445888
0.99981875600477643217801
0.99981893352385797779647
0.99982241582980835303829
0.99982181000226755251958
0.99981915226884432446042
0.99981551197585916135324
0.99981524818174627444733
0.99981517486539461803119
0.99981489585722427282377
0.99981867909504551494848
0.99982138521435348632593
0.99982246468004154493769
0.99981942028342019046505
0.99981965010132545224053
0.99982203959829130113235
0.99982078639530946873037
0.99981851856689307744830
0.99981522396851241207827
0.99981473472300463889439
0.99981530791486561415837
0.99981468310893861772826
0.99981855031040001158260
0.99982021772102347423328
0.99982122690125341257783
0.99981932554318131423088
0.99981864899841355054377
0.99982034817941989324197
0.99981962013206948647337
0.99981828439893249971249
0.99981509540770063804160
0.99981494291224659587414
0.99981476555817383466973
0.99981554261416183404521
0.99981739500636801487587
0.99981868504739312975005
0.99981963325819844801146
0.99981814898090193288738
0.99981829296143620577908
0.99981900986098626304965
0.99981726709409979303445
0.99981628260198063262720
0.99981483482202226920066
0.99981474672682346671593
0.99981463908805590090623
0.99981596821996610024996
0.99981588915822894314545
0.99981829881347072941367
0.99981867010579472676568
0.99981851250417985710328
0.99981770906251388186803
0.99981570422522514363095
0.99981652197590553665663
0.99980927488951998327593
0.99981373918010107981758
0.99981697528062518642855
0.99981805551505764650955
0.99981736800638376649886
0.99981596546152984306133
0.99981979002711396375958
0.99981589231608791745742
0.99980020723037343888251
0.99982006927660516115708
0.99981573352665364939895
0.99981546510047247799946
0.99980765536820159766762
0.99975634174483518634702
0.99980392492518899150156
0.99975301730636056962709
0.99974907581335425987845
0.99961497761541873163793
