0.21029864687609475804031
0.21027069042476537186204
0.21063924239289172346545
0.21061697644656901529103
0.21073856159789253195136
0.21058825050774085396732
0.21072548475451713390072
0.21075505721862600183591
0.21074683820231909781029
0.21076042977406236889060
0.21071049267504043944754
0.21055391156444430711403
0.21069272705043559645866
0.21073849396289018320871
0.21075373567517924344727
0.21077614911710015888069
0.21076816180030299996417
0.21079781885688983478211
0.21074727783424174187843
0.21073079816072398662286
0.21067211397121177185454
0.21064853618771431364998
0.21072163591719550446157
0.21074242617627927942614
0.21076172094038495008483
0.21078924264287871026546
0.21081847732368477754683
0.21080963368643804156655
0.21078172257542579504097
0.21075549097495471784214
0.21073671041616764965099
0.21071224470794083782899
0.21070603585987920935985
0.21073194270637046754402
0.21074930030106503453524
0.21077409270537106333876
0.21080105669176321669944
0.21082781793124674707407
0.21081911888468943261365
0.21084491298242954981923
0.21079321135202433445954
0.21076679063260311819406
0.21074446912057490099990
0.21072828413680574910494
0.21074055555962561969707
0.21076025934295658514905
0.21078566187832903366939
0.21081146333324024544353
0.21083663624324369689766
0.21086472494776664632354
0.21085646885229381020110
0.21088559996259759188320
0.21082927045593749526553
0.21080382342410891594042
0.21077865605962387007821
0.21075520739758360488914
0.21077342645026861389645
0.21079733324428073792944
0.21082163998620276346152
0.21084842831031999632607
0.21087751961125864030855
0.21090658187991992433830
0.21089797099178392292274
0.21092422496054163971735
0.21086952964107291697005
0.21084128683611741417181
0.21081554898816373677661
0.21079179083461155319590
0.21081067726122251770882
0.21083456684686963100717
0.21086202995624317435563
0.21089050504047512912820
0.21091660468362807834275
0.21093946189171033922527
0.21093207656434245778065
0.21095439144847788481840
0.21090930559572776403776
0.21088282764335308794301
0.21085512233657574543422
0.21082926722947950559650
0.21084963321913072209490
0.21087548186541413275386
0.21090162702753409429413
0.21092478332431921494994
0.21094708167241316143503
0.21097070368646092530795
0.21096257384634922726896
0.21098976342786038284949
0.21093964143607693562110
0.21091769476870408928093
0.21089487524997380107905
0.21086948081334302984580
0.21088861514696646826117
0.21091119230166693876427
0.21093289167718093368720
0.21095523553115505532851
0.21098138663480631160851
0.21100991132557947449477
0.21100136159334492713668
0.21102972404673919770701
0.21097392319126828663656
0.21094838729793982667893
0.21092637327865568219742
0.21090587150008674455215
0.21089954011806369416071
0.21091526097254298388606
0.21092155892321973187364
0.21094209152420148600804
0.21096616507090656944534
0.21099358358438796701151
0.21102197448043241712057
0.21104788387410466921068
0.21103946085866831516853
0.21106369615378064996669
0.21101343007153103292772
0.21098594930981204309539
0.21095964014049489732017
0.21093746250957529086989
0.21093046651755739673284
0.21094624980850143480815
0.21095443328440299790572
0.21097909904770500988391
0.21100563292697704920187
0.21103161843175965994845
0.21105554191287295706658
0.21107856166282293330916
0.21107046405572849057108
0.21109421037927747488716
0.21104778544969857168034
0.21102430683192638372070
0.21099824208388187618546
0.21097319568558689506510
0.21096295302414116989986
0.21098131263095862286683
0.21099234095162769375698
0.21101651308120153438530
0.21104013186339165564220
0.21106349716811559358298
0.21108655740264545275231
0.21111176725884969740399
0.21110421103059207048602
0.21113026587367744735246
0.21107866439353209497831
0.21105582536000369597851
0.21103319643931464644204
0.21101087562553250132069
0.21099951150853651915540
0.21101623014279649592773
0.21102756869721239763038
0.21104902749282139495790
0.21107155671788585538096
0.21109622156666116299384
0.21112207870479546278908
0.21114893459164904565561
0.21114074002161892229523
0.21116598804281030976604
0.21111463337293193132105
0.21108919359021671713350
0.21106511907005795491976
0.21104359705704958671824
0.21103212022566814054514
0.21104755803851407702787
0.21105986526340930753420
0.21108248022349632155859
0.21110758652755984288163
0.21113332257441583261759
0.21115828425708765836433
0.21118299348410893290229
0.21117511597550964186354
0.21119951929633135057074
0.21115073808790130183155
0.21112600740034184743088
0.21110089998771611186079
0.21107733827390570691129
0.21106357303357980992331
0.21108020833943227922980
0.21109589291736291505330
0.21111921193954585884711
0.21114326359827823020865
0.21116716038354657603016
0.21119165809988146853549
0.21121677719952472451759
0.21120819642443625085981
0.21123472840145343654150
0.21118323504899974563109
0.21115975107177781255885
0.21113680669891637942115
0.21111355857017821691102
0.21109794140400042761208
0.21111464000420104847322
0.21113092694013124717145
0.21115237073755585561763
0.21117619354515232421576
0.21120051125602348762733
0.21122627677061303619332
0.21125233588229533343572
0.21124487631943994481176
0.21127061540791375326975
0.21121867576343900108071
0.21119252794850290610995
0.21116872333625757995890
0.21114679705736269510474
0.21113068525339775960425
0.21114578063067079849446
0.21116252037912447425683
0.21118516978165546849056
0.21121085637748571173233
0.21123687642767660643806
0.21126303839646082272097
0.21128752011130480514822
0.21127969515264255484510
0.21125512597867099340299
0.21122934729903389272643
0.21120342331038727268222
0.21117935443993562927290
0.21116111581796359608632
0.21117679686570239860899
0.21119706107949881568331
0.21122227768458395891216
0.21124816529833470579725
0.21127218574684039631428
0.21129599755004918604229
0.21128850756827252665992
0.21131167373685985633180
0.21126527734123570767544
0.21124085803283249029860
0.21121645312171047348393
0.21119414141436929077678
0.21121290675303103223648
0.21123526004058107430339
0.21125831789110369185458
0.21128114502655317985536
0.21130404979470590598467
0.21132819484254505848497
0.21131954333509664345492
0.21134483502963538614772
0.21129653969986975092787
0.21127421752070535410084
0.21125294388964827030364
0.21123101911792546703239
0.21124833119416322468886
0.21126847426784969852243
0.21128919214085703504047
0.21131195988975035038315
0.21133668478953210323468
0.21136183418069090511615
0.21135375802235303877019
0.21137985426665373278610
0.21132886955224464142766
0.21130440492923005524339
0.21128347851221945807865
0.21126409819810140766627
0.21127918108329177271365
0.21129844966338065526124
0.21132086431852920016539
0.21134616030293174038235
0.21137225611152873905318
0.21139750720671890427127
0.21138989037690894545740
0.21141590709587923524460
0.21136435678842144247902
0.21133848401932281424465
0.21131510014737678315733
0.21129407478803485798124
0.21131011416320441553829
0.21133271772939285493287
0.21135720874190327966957
0.21138260174172016081506
0.21140783855513411992888
0.21143337805142872753983
0.21142580565849400375811
0.21145120936939534872501
0.21140082422666048311832
0.21137542369386827512123
0.21135118882899281422816
0.21132800481637736833562
0.21134652003797929631368
0.21136986797207585331293
0.21139343761188192361011
0.21141855707688669840927
0.21144377553205651043555
0.21146895730697531923248
0.21146130773089866217163
0.21148597032595678468780
0.21143602555719914759536
0.21141108567559196984575
0.21138775667009757075476
0.21136544232721563019162
0.21138304365993856870354
0.21140563482798302441523
0.21142820709148069102667
0.21145334590584730083407
0.21147802340818117050603
0.21150269252518608120717
0.21149456824476173255611
0.21151855972679928230562
0.21147031382675962607465
0.21144603091545588480216
0.21142230613068363487272
0.21140027874899142146248
0.21139350318094729530571
0.21140928066482078673261
0.21141731792514495413826
0.21143957503967866773387
0.21146251554492681568043
0.21148753422679172908616
0.21151099547868945638385
0.21153537030421393216884
0.21152823654475455539270
0.21155287954232226965701
0.21150354735459053756585
0.21147942134796210433834
0.21145663360364930216662
0.21143435911628002954465
0.21142595572564501504864
0.21144252669261426325065
0.21145175714739625205674
0.21147345563253552858107
0.21149586300720640830164
0.21152027515555293923910
0.21154495300112888256372
0.21157070993637733247184
0.21156264573575880860723
0.21158827179192915557415
0.21153708068043247658707
0.21151250136427199310951
0.21149036743315735575877
0.21146854559899155856506
0.21145901382457835127049
0.21147497780538204725786
0.21148531209439944134054
0.21150666601743078887310
0.21152967381832216142712
0.21155478409756781066342
0.21158029500407218859159
0.21160543379193275104200
0.21159782233431084774722
0.21162233926601795030997
0.21157303687595585550696
0.21154680488384675074442
0.21152352926173828562284
0.21150157833965102516238
0.21149111130814590708837
0.21150672298257292003321
0.21151849059776453576553
0.21154058155340396685240
0.21156448771255181862117
0.21159002471110555099187
0.21161533977803007045004
0.21163919549550358478740
0.21163151761231971392796
0.21165656563551055180383
0.21160719217942441927605
0.21158213836119579842610
0.21155851570246161919009
0.21153520017087820703772
0.21152230315388118042641
0.21153885148530979232184
0.21155308388551544163114
0.21157612418127047515526
0.21159963602879380828448
0.21162415101350254276191
0.21164879140159414960820
0.21167360042976016143434
0.21166602101928999601910
0.21169139962624047845985
0.21164137935443616544973
0.21161667447395340890814
0.21159385096738747567002
0.21157085972896355619000
0.21155577401319869412788
0.21157272276446209557932
0.21158890589110554425467
0.21161099255515899986158
0.21163357730902512821025
0.21165864443075110834513
0.21168380682164220085717
0.21170837554571775296353
0.21170082538692031048910
0.21172457749611575672510
0.21167575739002669754640
0.21165059965387025830985
0.21162809785479386182061
0.21160623576325482408933
0.21158963679425743520390
0.21160640949361930740480
0.21162284421239360709954
0.21164504556473839880226
0.21166777269223135959919
0.21169264558549003019117
0.21171677544763256584304
0.21170920379292323953990
0.21173281443118899258771
0.21168483663909795633451
0.21166153379057020544884
0.21163959621061464999592
0.21162194196901260023758
0.21163730067227606856939
0.21165584143431959152082
0.21167843603226188520239
0.21170089108249717790855
0.21172548535018551052467
0.21174912853463315198788
0.21174137269582890552577
0.21176659536840891639997
0.21171721658481970629317
0.21169468664774446220456
0.21167262377407250473205
0.21165300272243584012166
0.21166903060849270867827
0.21168907661678273979255
0.21171131650395336176729
0.21173327828950339046798
0.21175861221298755698861
0.21178485706173727498580
0.21177674417640748871783
0.21180344783925264540159
0.21175094415539233438928
0.21172791991861800164898
0.21170535068366788666872
0.21168471023829377175574
0.21170062276302192838529
0.21172232987674502457942
0.21174479073419372188170
0.21176888870141602483343
0.21179594911378341048902
0.21182184658731578741353
0.21181389385116858314895
0.21183875673262209105019
0.21178723634543863973967
0.21176301837988292797732
0.21173953293846217715846
0.21171707673743037081415
0.21173437109956591561932
0.21175752630638711160316
0.21178107248499405956821
0.21180521489720441352667
0.21183041994252022055534
0.21185431430887066706070
0.21184604902903686474147
0.21186909820809668447694
0.21182197901190538691374
0.21179936579111779959561
0.21177540440936243326675
0.21175178793862065029785
0.21176964401301170970449
0.21179292309897487789350
0.21181583666838882384909
0.21183800172362257652203
0.21186115342671071881675
0.21188535660802149118709
0.21187786834643274058720
0.21190261300863205695677
0.21185324193155063987604
0.21183170011198729221213
0.21180967308664847004174
0.21178707480193528778223
0.21180411296532070108967
0.21182576161832392114270
0.21184705543965079432844
0.21186922905571872743913
0.21189512258805906497194
0.21192177567120296100001
0.21191350352489324304628
0.21193984747738625618041
0.21188686352312069427484
0.21186365542162008401839
0.21184159628065785119233
0.21182020307171081641151
0.21183612614962715747779
0.21185810009922073637867
0.21188124666291455189260
0.21190542458086283894581
0.21193215212356777965574
0.21195748336941011569223
0.21194941537818312582431
0.21197380033531157406124
0.21192432612699313443372
0.21189983784240329356408
0.21187547245458318578848
0.21185225798256812623777
0.21187009649594876203871
0.21189360459851042106649
0.21191793753396698241076
0.21194111883610050606208
0.21196610739675170176355
0.21198976205370989589483
0.21198141491991459584021
0.21200675452728134917635
0.21195725568348353085035
0.21193492891616166895474
0.21191213099561312382946
0.21188800199783536237774
0.21188067693696482907129
0.21189857771408007747205
0.21190619764920781697981
0.21192895493118524274934
0.21195118223603842677605
0.21197271107152129698825
0.21199796495146738806170
0.21202404575030017741533
0.21201571776602459729055
0.21204216488027494147417
0.21198942289249697590314
0.21196655199469369157406
0.21194481381380017581684
0.21192288265905231958719
0.21191468054443438062684
0.21193051387309899680211
0.21193864525169767154544
0.21195981992436777052724
0.21198268572208089910447
0.21200715141067716373868
0.21203434857590938711347
0.21205965606135551704270
0.21205206853015684531627
0.21207571297386931807871
0.21202577182528123400651
0.21200052361080240492797
0.21197630104077008761365
0.21195441809342646655168
0.21194557253397297569286
0.21196038365555736060486
0.21197041174554995257573
0.21199454420705945989489
0.21201935656183087952620
0.21204367739688170790835
0.21206816629740377067037
0.21209104189084032610069
0.21208291502133336248193
0.21210583707254629382000
0.21206027002059019137548
0.21203826875425219045113
0.21201327294082786267815
0.21198816114061425075477
0.21197646343583140260414
0.21199421344516819476489
0.21200715137938644372362
0.21203174027587648464710
0.21205430253860732547899
0.21207525358834952711184
0.21209782461216603044463
0.21212249817812542374007
0.21211399716608636545345
0.21214027390997061695010
0.21208922728877319108243
0.21206908648864483679652
0.21204835889222148348487
0.21202598180111492665034
0.21201296092997601316910
0.21203014413715998154331
0.21204339967628837992919
0.21206316987134996021602
0.21208268439671171257110
0.21210504802697274784329
0.21213195223862577054597
0.21215920209710589783292
0.21215088063687934094581
0.21217679436436154283285
0.21212276105125424385811
0.21209862622010736132872
0.21207734309096934466332
0.21205781333134179900135
0.21204578997646039706382
0.21205915565899877139877
0.21207147663021475025857
0.21209203031231843583626
0.21211646885935592221628
0.21214244802971901626698
0.21216886953374775037773
0.21216110773597243732702
0.21218501606628278888245
0.21213550453840043785725
0.21210947013494388380117
0.21208593104879702728738
0.21207216848924001495469
0.21208617239744484428421
0.21210344400455188873522
0.21212853499926309641666
0.21215450483212960897106
0.21217705996063856987988
0.21219914952456006562720
0.21219114246568210324639
0.21221206446762685970953
0.21217083677835649191401
0.21214807487171746802623
0.21212263379516715922080
0.21210317909204759456721
0.21212158096723732203515
0.21214166344568347044586
0.21216501473095736307606
0.21218495162438816281636
0.21220357593393296413709
0.21222579759191459447543
0.21221720033696214735564
0.21223943063691758093015
0.21219758524223061857406
0.21217867187092590008923
0.21215858632825135288158
0.21213990852627132022157
0.21215623694946306176945
0.21217293726132654962946
0.21219108194139635337194
0.21221052216844468740753
0.21223154413616601710046
0.21225418580801386214674
0.21224615992259179830803
0.21226914766254406652379
0.21222514800649058819282
0.21220433493833579241539
0.21218574720320898530090
0.21216985949798017330181
0.21218190447436752199550
0.21219895509672662137213
0.21221922514246699398299
0.21224021042736629372172
0.21226114909276819209261
0.21228687714668686981057
0.21227748898673839961226
0.21230824117438321096962
0.21225480084990686058255
0.21223436476900173208726
0.21221356388250553481889
0.21219459321437794674381
0.21220995658917204962357
0.21222861008428114959479
0.21224825876768338428491
0.21227005592809497502849
0.21229796636022571498792
0.21232430183874004270272
0.21231761311461996855066
0.21228914495715509036522
0.21226224551470299073408
0.21224286920194687655616
0.21222523594527528678633
0.21223850748386849374150
0.21225576761150910520826
0.21228073479717179949944
0.21231079267234845286971
0.21231093922209490210129
0.21231477197486425811945
0.21230369814165386821436
0.21227238368949855051859
0.21225024447322460297016
0.21226527808776118888545
0.21229651229583618166075
0.21231601583656783960308
0.21226332312770110344324
0.21231522019801704614927
0.21229054173529396387643
0.21231437541148370784505
0.21227790573822946651461
0.21206726606575676541411
0.21228861685072186737955
0.21218559875954737248271
0.21209508916559477453845
0.21178613266897999833915
0.21033352526766596612973
0.21030813166097639399510
0.21067411183960579879049
0.21065442161565225975828
0.21077338148463178879588
0.21062656373115817842745
0.21076289107315573922996
0.21078981428796197961084
0.21078418852878413880525
0.21079512260789673439021
0.21074878114700396070091
0.21059283201172979138605
0.21073166446814967089907
0.21077674037867238920896
0.21079102530781246294111
0.21081077861602171008570
0.21080539088035155081968
0.21083238497020051482878
0.21078547952593226777473
0.21076973425465145295377
0.21071172645202290718558
0.21068727707525911063691
0.21076125016905825071412
0.21078135460673738665882
0.21079987954061293886632
0.21082641197583887326950
0.21085297987036857869647
0.21084674234074582410692
0.21081983857089867107071
0.21079440961647374908061
0.21077631790330056404947
0.21075103465745040343116
0.21074326895711653628851
0.21077077500916516217266
0.21078890034506664319380
0.21081300191844118407936
0.21083912935530679799712
0.21086486363536283139553
0.21085714803989683008290
0.21088189389386097216672
0.21083211065472703960033
0.21080638498303050365479
0.21078334197795103865936
0.21076550004789859626975
0.21077776551534879723171
0.21079917289469729535512
0.21082524883728490094903
0.21085035137866897647640
0.21087462301611939463619
0.21090164124700316872207
0.21089441395347346963618
0.21092245138991233543990
0.21086814554081426131837
0.21084340076706331590373
0.21081761035539395288119
0.21079246417283120651476
0.21081073193734300996738
0.21083633009780677891598
0.21086120747580677781130
0.21088728872639800338007
0.21091542185120740193760
0.21094336698160051635220
0.21093583012581140767594
0.21096094139174220716271
0.21090837527061359613079
0.21088084531624140538497
0.21085458777887591819145
0.21082914138640551637849
0.21084807141826766851977
0.21087364632456051527498
0.21090157849641960607912
0.21092933560827417660555
0.21095442179235848745300
0.21097610859666496296860
0.21096985122532821432806
0.21099096833962827091113
0.21094811881237260364763
0.21092236445359113794495
0.21089424232085041133189
0.21086670355205952565036
0.21088711367979767752345
0.21091464264780224180384
0.21094115058751916613744
0.21096357615364336179908
0.21098481266058613514680
0.21100721028612770546751
0.21100026099144755797887
0.21102619848099782307038
0.21097841366625583181538
0.21095720578692958580014
0.21093407619444090594918
0.21090700187176852908877
0.21092617602133506560236
0.21095043259914939004496
0.21097238934455300740645
0.21099398618226022916744
0.21101903084520295950099
0.21104627404067829998802
0.21103896396013646641343
0.21106601452770509808055
0.21101265177927841509842
0.21098787030819407539717
0.21096565071621334319651
0.21094346982519851518845
0.21093644536318034710121
0.21095212797170567742278
0.21095919517439440382667
0.21098140569635756569333
0.21100563307103711863100
0.21103228800405754439495
0.21105953459363815949423
0.21108410150724793430399
0.21107697731167437971145
0.21109983918454255924502
0.21105210871134860717291
0.21102540286733181829071
0.21099899198844865311209
0.21097513491553676612256
0.21096729624628676735831
0.21098304188223176991457
0.21099214187435841316720
0.21101848825772537288081
0.21104507187373969245847
0.21107027009426873598308
0.21109301431643470725597
0.21111462871082212200413
0.21110789343611652268962
0.21113020150188241408351
0.21108640960485985926809
0.21106373098426492451729
0.21103766609865057257700
0.21101093649261667972716
0.21099970880751856006086
0.21101803587968948061615
0.21103011565532098225972
0.21105597188049138313026
0.21107953891979533422862
0.21110209126713599947500
0.21112394366854639327080
0.21114768286946195008369
0.21114155348210975060574
0.21116610546401490267066
0.21111722634201243731233
0.21109521423162300179932
0.21107268945392490544499
0.21104868310291607924611
0.21103620445368784230844
0.21105289461220197444469
0.21106540833978554294603
0.21108855447169214136771
0.21111092907216294500827
0.21113475146904875368037
0.21115937670472612053274
0.21118469680471230187635
0.21117799433332906655636
0.21120167219223637267156
0.21115313077207625847009
0.21112854946676273826256
0.21110467822416983940670
0.21108146466930632900727
0.21106875829124985277652
0.21108417501876514110748
0.21109776301488050731514
0.21112207023522674975702
0.21114692391590733633322
0.21117178578370851549373
0.21119549522737762758950
0.21121859996469372067196
0.21121228244478559843422
0.21123504788185373803877
0.21118916475720819758699
0.21116532605526711074972
0.21114052021035761841361
0.21111526469908775682782
0.21110017428871491462772
0.21111679752513007324310
0.21113384913621996430422
0.21115886298882088900619
0.21118256503359447706636
0.21120554916668152212189
0.21122877879508386578244
0.21125222680674349273744
0.21124527179901203544077
0.21127009841226454534002
0.21122158516682837392509
0.21119903457894129150674
0.21117648638153396767336
0.21115154098909447166754
0.21113452280229697000102
0.21115121882778384310164
0.21116893608886583288964
0.21119207686522381561822
0.21121545820431214535162
0.21123882245691474879301
0.21126330773594981238261
0.21128762651470342492921
0.21128186208924915057139
0.21130582716105153484598
0.21125694557763860514932
0.21123177312576052466753
0.21120845503229426776137
0.21118483168695656448932
0.21116726758104187311460
0.21118237080019292006838
0.21120058169345892751245
0.21122492711141668819685
0.21125008252398339014810
0.21127510317890738078539
0.21129997789751220338417
0.21132265193643978706817
0.21131658767337854754054
0.21129330953674868576186
0.21126855513641687456250
0.21124320601746482406469
0.21121743974184878367417
0.21119771848925059098967
0.21121341764245468719530
0.21123517067169989003261
0.21126208391419423748836
0.21128735453936847710210
0.21131032539785313262293
0.21133284341180846865882
0.21132660131596756047934
0.21134847269898796029430
0.21130444633803793785809
0.21128068582683079412732
0.21125458609814928845338
0.21123078664724592723445
0.21124958241234445543988
0.21127341784673794866656
0.21129816685733193715180
0.21132029305391505924483
0.21134209591231306601955
0.21136494583532208779708
0.21135754088209199319515
0.21138153677947427167005
0.21133566766470113229559
0.21131408762923736821548
0.21129112519364290356805
0.21126772824120368388101
0.21128508419072783430792
0.21130667764850108447661
0.21132908046923487566104
0.21135106762344121889008
0.21137463388000291009128
0.21139848708250627562499
0.21139165802744327993246
0.21141645872029612984733
0.21136795679515124612990
0.21134430965429032434066
0.21132170244202636011366
0.21130090157773678827269
0.21131603524515712999587
0.21133669650835515407827
0.21136078511704786686565
0.21138522550454594273184
0.21141010479016938972130
0.21143406191564048657305
0.21142768648237200701523
0.21145241075400827979180
0.21140340144177557912819
0.21137842076524629431056
0.21135336841890059456084
0.21133097911330170348698
0.21134706781041517897890
0.21137100562646060630811
0.21139716027623334237973
0.21142162614340528903334
0.21144558227943860417852
0.21146983034086963559872
0.21146349653412815916553
0.21148761048916725480140
0.21143982720128906560575
0.21141538811492185945262
0.21138949503808943108929
0.21136500830326920841173
0.21138357510888963752826
0.21140819361321133706966
0.21143341326500322829851
0.21145753738844119684614
0.21148141160748390454671
0.21150530649230023239049
0.21149888775767780590975
0.21152226600934681544075
0.21147498376535628361594
0.21145107244279245928276
0.21142609974891671265063
0.21140254825026599805327
0.21142019937659475847802
0.21144399550573347856819
0.21146820474615365959004
0.21149228175848186483954
0.21151554700315411405853
0.21153893371743279216979
0.21153203552182647806390
0.21155474632946927315835
0.21150922703780439260157
0.21148603692462250580597
0.21146068190573305556335
0.21143748362903033721771
0.21143073737566617231742
0.21144657655892221126415
0.21145457300522343957461
0.21147796583382424961961
0.21150252785297260493813
0.21152642389025175240214
0.21154840526689591695408
0.21157150219147544123466
0.21156558712965609081458
0.21158895541706146392613
0.21154241261743639279658
0.21151943981632598257292
0.21149503897505320115791
0.21147166466872543977296
0.21146331249300964749693
0.21147994236859415928542
0.21148911234249689883313
0.21151187649024011383503
0.21153588711644336073370
0.21155911595897242127862
0.21158224402200734304280
0.21160672852674736188483
0.21159987754459574915700
0.21162423281921102780068
0.21157589788619565740468
0.21155252932417370481666
0.21152880016206421220915
0.21150594920655219066674
0.21149648504041124175146
0.21151250376997801638801
0.21152276490447988188670
0.21154511078271073798440
0.21156970378479567074237
0.21159357697833611200444
0.21161746694802932577950
0.21164133722499195444655
0.21163493258381618766784
0.21165818401689878713867
0.21161180405383855918089
0.21158683521629220725124
0.21156198574050835703453
0.21153908119485778649427
0.21152868878664968232961
0.21154434716922507209169
0.21155604323769686136991
0.21157905055378439795888
0.21160451897719390057517
0.21162876635938807079462
0.21165238745759551441949
0.21167497994289774521093
0.21166850264454561969529
0.21169228915761076348367
0.21164590871135682825788
0.21162216955012635999367
0.21159699450190946889983
0.21157280088090499314823
0.21155996938163057485838
0.21157655597719710049986
0.21159073370712502826230
0.21161461223702945910752
0.21163966457639632468002
0.21166284162236478905150
0.21168571434424107713390
0.21170926311041227130261
0.21170288030731534978379
0.21172700099831043285548
0.21168004237539936318591
0.21165669862032568393495
0.21163234775791583963667
0.21160855981913406775874
0.21159351302394849292376
0.21161048941195378936264
0.21162665594428117787906
0.21164949886509146215197
0.21167359763621851342918
0.21169727998837117866060
0.21172060120822672191210
0.21174391385292112843786
0.21173755455415793624852
0.21176005153117072321578
0.21171436563271969766298
0.21169061487091175854935
0.21166661207874659655914
0.21164403397181344446132
0.21162742460220396178983
0.21164421215644704798997
0.21166069021162203789288
0.21168356693288289949173
0.21170778041873528074746
0.21173122641635616636435
0.21175343992455741837233
0.21174775614963822767400
0.21176941328969212108291
0.21172483501865016486398
0.21170006198339802461206
0.21167749108145178515983
0.21165975485420485124877
0.21167511733477339941345
0.21169378514987899353450
0.21171697161281707866287
0.21174087918654641016225
0.21176400804810058264849
0.21178566034404688878112
0.21177986592391065401308
0.21180306004059010205332
0.21175719388331135095704
0.21173322875410194310319
0.21171061546884950566039
0.21169081565333508487825
0.21170683432941528323568
0.21172711470460764404677
0.21174986471175927249533
0.21177324312648190818287
0.21179707701478858727917
0.21182125494965250989132
0.21181517931174306812458
0.21183977878487025847676
0.21179089443578291707126
0.21176647252435185087016
0.21174343661807723537827
0.21172249920082386598352
0.21173839217775120014053
0.21176046372947737728154
0.21178334846490795562168
0.21180882309840712296456
0.21183435356986965447668
0.21185810944391672561160
0.21185226700324974458134
0.21187495047696539018922
0.21182715493346412904963
0.21180158240988891660272
0.21177771498511296921485
0.21175480943836716418716
0.21177213924501286923530
0.21179575489752136552291
0.21181964139481262998643
0.21184511651913801033587
0.21186876231541545978487
0.21189043905879192952746
0.21188435994459015043745
0.21190515400668946677243
0.21186186104793250373213
0.21183793799344635688797
0.21181367918751642376307
0.21178959057795332387997
0.21180748198554030792273
0.21183124372881212416075
0.21185441252369335840555
0.21187786243501080529761
0.21189943097722185871845
0.21192134307768961676288
0.21191611198998316911712
0.21193852909756305535893
0.21189308056265723778644
0.21187028034765129080874
0.21184803991286541013928
0.21182494500785509217167
0.21184201524076615164027
0.21186417126755158202300
0.21188563908680602132506
0.21190904516823824699223
0.21193333300234065696976
0.21195762201565301885431
0.21195168113902088102840
0.21197562452465870674878
0.21192665584436487513642
0.21190224183437375571337
0.21188004815110386691579
0.21185813533439029621164
0.21187409025874590073890
0.21189659452984538345888
0.21191983605808906165890
0.21194519057022317976013
0.21197029475846035362352
0.21199319073399860990925
0.21198752180879740225627
0.21200943677632050343718
0.21196406517984661688203
0.21193843066585188461559
0.21191400912373839493519
0.21189025128601399194928
0.21190811842362519690219
0.21193218150885700934438
0.21195653396321972872229
0.21198083072896575784760
0.21200417786006009457367
0.21202532721064129561661
0.21201944933663421921644
0.21204224921635936307318
0.21199693804829114474053
0.21197352801077287698384
0.21195074738968069927303
0.21192605027056340971647
0.21191795175717295651729
0.21193579825014860484877
0.21194427446504104928238
0.21196760980871653945457
0.21198978233195284182067
0.21201236206817483664899
0.21203596196230892201307
0.21205947034841374221337
0.21205367619647727539522
0.21207751877318473110456
0.21202904207111483714243
0.21200515361260222069184
0.21198350641542712535781
0.21196098547986771953866
0.21195184736560249150195
0.21196762645277683612122
0.21197677349087065690192
0.21199854913857360538820
0.21202129022421753457017
0.21204673788917266508136
0.21207226813200477644195
0.21209493843586563199821
0.21208994919345577900849
0.21211092405104545188799
0.21206532514427992031081
0.21203912957265830252496
0.21201506608150705313065
0.21199256915732439532363
0.21198263186872545738026
0.21199739341692844241116
0.21200858730150132225312
0.21203334307401719427411
0.21205796347271327340067
0.21208319633363026390782
0.21210600728756670574349
0.21212618223391827010360
0.21212071431309198477067
0.21214090627067080929713
0.21209975180218587631487
0.21207687666015889726978
0.21205210580016017885008
0.21202636037030506144241
0.21201342732410455305114
0.21203113344856810984496
0.21204537482018345762036
0.21207060683180004034831
0.21209291181393336023220
0.21211469738145438679311
0.21213558101849783188442
0.21215749564932853687971
0.21215171104026231407857
0.21217519987612837306656
0.21212863305134646574324
0.21210769656061351229326
0.21208725641156120356179
0.21206422632361743296769
0.21204984089723302731478
0.21206698804541410097180
0.21208166601608871570939
0.21210209630554482940212
0.21212129455474820760585
0.21214441460012370410659
0.21216962374473113950302
0.21219405757018164337957
0.21218850862310284499657
0.21221157927239808760334
0.21216208614271639398829
0.21213723520524066512571
0.21211629770165463249043
0.21209610082886382054213
0.21208260330916986480254
0.21209594120220157109635
0.21210978554829978959262
0.21213101319320337712071
0.21215507854842213797397
0.21218173127879511041805
0.21220645216835842816749
0.21220034916959371051881
0.21222255275117424266895
0.21217411570180039204203
0.21214848030312535853703
0.21212425838186405036012
0.21210892932822053569275
0.21212291439128552750226
0.21214179106288266751790
0.21216757024373217310753
0.21219311604737264853604
0.21221625798464496814866
0.21223664018183113766369
0.21223029458827774584861
0.21224950785929860841428
0.21220944608415390209011
0.21218713437491235063170
0.21216100121325554006546
0.21213990803711124666364
0.21215830167804566874779
0.21218005161750774778540
0.21220409814943233528517
0.21222356003421619097260
0.21224268082755035069731
0.21226319190867309893989
0.21225625794074207131068
0.21227677536970623872747
0.21223619254179523774262
0.21221777759703203125596
0.21219699294124869104472
0.21217662384610924686257
0.21219295106599875277986
0.21221136173177163053438
0.21223020716660509488172
0.21224912757777109062474
0.21227055421373750010439
0.21229148120265056709499
0.21228512097636892397290
0.21230639265537951110296
0.21226375101140937395883
0.21224347801921294998095
0.21222418955334265699975
0.21220657677952936559507
0.21221862772156685483793
0.21223741703812298853293
0.21225838612498859614419
0.21227881127152808948821
0.21230005938355564487630
0.21232407108912509929866
0.21231634811449170974207
0.21234538334556160577016
0.21229339961096230227078
0.21227354297938844096549
0.21225204476328826674880
0.21223133239904079516691
0.21224675584503685521476
0.21226710960575376208048
0.21228745160506795608413
0.21230865324916081693374
0.21233677595014263661533
0.21236139125520125947588
0.21235637072484972454056
0.21232774046330779582625
0.21230145152617471704382
0.21228138653315786754661
0.21226209550208902099300
0.21227542819032982346350
0.21229430333905660588378
0.21231995325676999986086
0.21234938566379304991649
0.21234963894585745514121
0.21235335993446702307352
0.21234292999362472387226
0.21231093826388325318533
0.21228722364056601401572
0.21230231565791107817276
0.21233508627854641437338
0.21235525760223622482314
0.21230256029667107786629
0.21235381117479304458051
0.21232763902351123319612
0.21235153311788848573549
0.21231650417471498171196
0.21210584136049467907092
0.21232582499874361192660
0.21222243947587832169077
0.21213231688698011567773
0.21182291353578369674793
