0.29782948208718607041590
0.29783805316794620399179
0.29811693219410084765286
0.29811082725378396096616
0.29820843133760843723934
0.29809582850829474676146
0.29820027538262638966415
0.29822981368855383532690
0.29822238035748138695880
0.29823972977488227842358
0.29818944549822612444245
0.29807446357646688595011
0.29817646678486864342261
0.29821500465262396062371
0.29823327634754837056619
0.29825671582599722064799
0.29825022484354640761595
0.29827900584373318038089
0.29822771373200918088031
0.29820880114053072151847
0.29816114465028686897341
0.29814483739641811643750
0.29820174757419037891992
0.29822415893391529539969
0.29824534031911181797270
0.29827264910961753807683
0.29830128523571264320680
0.29829483279643648208079
0.29826745537742954672566
0.29824148640122022380083
0.29822018762218149845467
0.29819562053105808097087
0.29819342385305758202918
0.29821790686380700297065
0.29823771509883512109695
0.29826280037630542585347
0.29828899071660186503863
0.29831532745902061831700
0.29830905578473393413574
0.29833446631417431804678
0.29828402075588089648051
0.29825819076463844226055
0.29823555127317430413214
0.29821756508359759108018
0.29823489109364637039690
0.29825477977814901509035
0.29827887984420770051130
0.29830381681872891741492
0.29832816065288919604725
0.29835489066516573952725
0.29834833864010606996331
0.29837578463533653838624
0.29832285745139064392362
0.29829841184639871443096
0.29827485538803610864989
0.29825311353616623666341
0.29827270682456530348503
0.29829438827209292517395
0.29831713651594837788394
0.29834234522240105080826
0.29836928623109792990675
0.29839677224891897333592
0.29839000838604090581896
0.29841573358603290522240
0.29836332450649366565543
0.29833698921001644555062
0.29831315522069823398255
0.29829179283818285650653
0.29831099128135690756736
0.29833259117382615599467
0.29835784181425378802643
0.29838453167307699143151
0.29840993844371421772621
0.29843349669041319138785
0.29842798509174128795962
0.29845126173883068654291
0.29840465634877039180495
0.29837908871218843387396
0.29835345136041124813886
0.29833023387699197925826
0.29835107827141132963433
0.29837462803342795769623
0.29839944128437595471937
0.29842286126051653649682
0.29844598995348381453852
0.29847025940078120154197
0.29846445037556390555977
0.29849109163215320483786
0.29844093460336862388971
0.29841817878933740715297
0.29839553800795826088432
0.29837200968461147221333
0.29839284711358016188854
0.29841451915382055659620
0.29843647142573381803032
0.29845936144855689242661
0.29848500946379769027672
0.29851245325168201949495
0.29850610769385022003064
0.29853327608044999408321
0.29847971712201215588323
0.29845475254424930211528
0.29843259644173841804715
0.29841244767733776654950
0.29840655170647922833638
0.29842481347137256308955
0.29843088903313902404690
0.29845104268643601885813
0.29847450143703979641430
0.29850044513457030248560
0.29852742985739777470400
0.29855282982443354100610
0.29854639893376688775106
0.29857057029088301947084
0.29852107039838560176293
0.29849511401389050568866
0.29847033111207260658304
0.29844922534932127877738
0.29844253642863749487191
0.29846042211387813214429
0.29846799797578144053389
0.29849066830534309868739
0.29851555332066254111467
0.29854040044892676819543
0.29856432473730099008691
0.29858771763545566280129
0.29858151653017273030599
0.29860555838367991432492
0.29855845523785506934189
0.29853517862684103567616
0.29851063623917145628539
0.29848774392244137310115
0.29847862355956489288644
0.29849783438287658121624
0.29850767722953275296049
0.29852998284603771139700
0.29855296629214644887895
0.29857619781101013556324
0.29859966535698889700257
0.29862493097857911727999
0.29861923067442769363922
0.29864517441948329468104
0.29859396261488796442407
0.29857090068619829281715
0.29854836309231946867015
0.29852727994819300283424
0.29851698370462831366723
0.29853531904345043113125
0.29854575357395191081977
0.29856642827154955543989
0.29858909820621598596446
0.29861352769165444565047
0.29863918757195112574365
0.29866570623720450905481
0.29865970454958995494721
0.29868508835614571150785
0.29863387414326814095489
0.29860879310711768708231
0.29858498014400558506765
0.29856412111334651449113
0.29855318954620774229980
0.29857117897616403112693
0.29858270532608127689755
0.29860453438853518104423
0.29862918677741551176652
0.29865433643686167819453
0.29867942403874347956361
0.29870442881141173741000
0.29869854127671813248668
0.29872318004662057333576
0.29867403304361411775503
0.29864947008533943018094
0.29862495404772237961311
0.29860246805369622391524
0.29858958882709174531556
0.29860852496201617523042
0.29862287453357522215569
0.29864512380005453495713
0.29866886754745913812314
0.29869276343495371195402
0.29871721418461699704139
0.29874226457573804793810
0.29873569414921463671675
0.29876164713385805482559
0.29871108412947761090450
0.29868754687915100021200
0.29866461521682174939940
0.29864253397656120858628
0.29862815063483255650922
0.29864685886082231736083
0.29866182400294694065934
0.29868262142829343774864
0.29870608664549352928574
0.29873002091438621841135
0.29875514933827523877952
0.29878083016090428714051
0.29877498752105252632916
0.29880044962825158538777
0.29874944812694725904123
0.29872425427768495298508
0.29870087691341001834289
0.29867994601076069960399
0.29866490682453317173639
0.29868219954529307003099
0.29869776577110995763320
0.29871920912689275962038
0.29874387861736562133075
0.29876900230252456669433
0.29879453489981161462552
0.29881932633802144039237
0.29881336006157099838276
0.29878877609184123498309
0.29876367017935362424552
0.29873876075017985476379
0.29871630607105059684869
0.29869952715881747939974
0.29871709255717970865618
0.29873551662475988921486
0.29875885912504490660169
0.29878386313052268663526
0.29880785523765629463355
0.29883201750735710611195
0.29882674526934982495163
0.29885054626941309763311
0.29880306310922799539753
0.29877900665377216116170
0.29875605312017305958960
0.29873595672565167458146
0.29875602366950976263027
0.29877638278717755238034
0.29879853401629352660507
0.29882170892443243870318
0.29884514371121673192988
0.29886967949580844905455
0.29886363739657878513256
0.29888881999059591088042
0.29884005723079581917645
0.29881714809425535817056
0.29879619549315050708316
0.29877574797700195974315
0.29879513013358866002633
0.29881454854946370991442
0.29883521262127799023034
0.29885847521293956718935
0.29888312580747516955526
0.29890829261435869490526
0.29890251863515759911394
0.29892825046135790278967
0.29887785658723942106008
0.29885349079067285993361
0.29883273785364178332102
0.29881371080355012548324
0.29883180609724985243858
0.29885060471359548017745
0.29887238094308093971918
0.29889726195054122648287
0.29892267915522835464159
0.29894777603515410024926
0.29894218703499636502485
0.29896766355972770323746
0.29891714522203188808547
0.29889198270020478354070
0.29886956640154321851455
0.29884966317694011683770
0.29886818650498819804895
0.29888908709216266412767
0.29891221801326678386701
0.29893702677548100732352
0.29896172414957217222664
0.29898683696673927778775
0.29898121188725873542680
0.29900628503731385698927
0.29895660798122597467952
0.29893191436198407462399
0.29890906364705033260165
0.29888777788120568512653
0.29890765236331590104513
0.29892910935046096421175
0.29895143883923547267756
0.29897608797004876501902
0.29900081419129831417081
0.29902579415707764010079
0.29902030245240218686575
0.29904500290900210002221
0.29899542327787498319225
0.29897077531714655318495
0.29894857909390154526719
0.29892784279068818076297
0.29894720507446231883009
0.29896811903506309571199
0.29898988543996435351957
0.29901478232340694685121
0.29903930114655458138984
0.29906418945761759076163
0.29905853464157067245210
0.29908302341126680179428
0.29903411911285049384901
0.29900971087698263728427
0.29898702770384699700656
0.29896638361307154019286
0.29895994043912216264758
0.29897810449444300884281
0.29898558712680861626509
0.29900657166623006988360
0.29902879087489564469138
0.29905381973814326723726
0.29907778952103386549410
0.29910263648285911886049
0.29909767422547217652351
0.29912255830679101986647
0.29907281230103471836301
0.29904829004128163916221
0.29902608581230805118167
0.29900510149388709324469
0.29899696609358022980629
0.29901587785283240128464
0.29902478708467278289973
0.29904548952103199299657
0.29906754026972398596840
0.29909229910439460997651
0.29911704104104419599253
0.29914260710960705047512
0.29913700642225460324397
0.29916230176766528403576
0.29911170931914787818329
0.29908694108568967262585
0.29906515233200592351892
0.29904424706503957009929
0.29903485732666640339872
0.29905353543089313594905
0.29906358183162018438139
0.29908417754018618017753
0.29910643330937369821498
0.29913155586318551648617
0.29915663462641073344628
0.29918159080823752971057
0.29917616672268937394463
0.29920054738243739844705
0.29915163580131354237324
0.29912580601425903248369
0.29910351059807782636568
0.29908252289671766188661
0.29907209374968829473929
0.29909027918611758023459
0.29910182174110833130953
0.29912271316516586550094
0.29914544794672348615450
0.29917075606607756999011
0.29919554037478079955292
0.29921955765345514821618
0.29921407018949980338718
0.29923889244676554755031
0.29918975721326296346447
0.29916493144924982683364
0.29914247343217270636018
0.29912077034934586583503
0.29910831450096098116376
0.29912683547813512241476
0.29914035833478985759726
0.29916190225174377204098
0.29918429418235620298461
0.29920890206578987235986
0.29923337061332794251101
0.29925820027256389010972
0.29925304346623898821278
0.29927823581196322244580
0.29922828979009596928051
0.29920339723696748324144
0.29918144057024342874485
0.29915991297834648721121
0.29914559246744404363838
0.29916443469332332227850
0.29917972383451352236250
0.29920075895586978331764
0.29922262883877182026993
0.29924791896933566892613
0.29927310259047446017178
0.29929785179817997020635
0.29929289467392078405439
0.29931703974040024807124
0.29926767036784696074392
0.29924214625772938003223
0.29922024485418530215242
0.29919911639285223792228
0.29918340726232928172834
0.29920235508561637827185
0.29921833466580993743378
0.29923985879694287026709
0.29926203270818163559852
0.29928736083763873843111
0.29931198046680440594258
0.29930688213610168180168
0.29933111883741386760605
0.29928183123347323890684
0.29925922746972710708491
0.29923786579094913129495
0.29922072789843062734505
0.29923913416532477160814
0.29925702900266276662578
0.29927887221600424361156
0.29930100205971521543091
0.29932614598186219057041
0.29935030951691715683793
0.29934498130186093511895
0.29937014200267492158858
0.29932029086571776410608
0.29929819686964687086572
0.29927668992614059328972
0.29925770437492887898756
0.29927657804802937357991
0.29929593427343781364414
0.29931755783862629138881
0.29933917854141389724987
0.29936454124750305760827
0.29939033343679882781529
0.29938451539558680325470
0.29941057666051956731579
0.29935886846996767607365
0.29933681054781813291044
0.29931497122094818941207
0.29929509995333336558332
0.29931351380921455973549
0.29933428091834141104854
0.29935590961708741231107
0.29937872880201277236978
0.29940519000441917496502
0.29943071323325048949116
0.29942493358221550225906
0.29944985998694995110725
0.29939868929361507232656
0.29937589804644409996470
0.29935368273617884993243
0.29933223229918498597968
0.29935155929126494589454
0.29937342662635918477676
0.29939571018432570292944
0.29941859773531914745703
0.29944390783281682466566
0.29946824228624163710677
0.29946255995522275128451
0.29948662039118911781799
0.29943783710360011296459
0.29941581719494519964186
0.29939316451487846260093
0.29937096125341439156742
0.29939074213424721193633
0.29941285038363546489038
0.29943485375521550206912
0.29945674705390584735554
0.29948107588737621354014
0.29950604810749137385528
0.29950094785198766444978
0.29952640992606688330469
0.29947552611522060272975
0.29945380270676058565016
0.29943216140750000819892
0.29941041563492437616034
0.29943001763254706304451
0.29945123442135412883403
0.29947272250157264128489
0.29949498173259053723783
0.29952127376657589064024
0.29954795457958510729313
0.29954235673296780717578
0.29956869225320642557975
0.29951550375798774439318
0.29949260836257479700961
0.29947053550892976936382
0.29944931655217649213441
0.29946855658417792511727
0.29949024717946626239495
0.29951307054469500368299
0.29953656227297376091201
0.29956334004078821742212
0.29958886403683299137768
0.29958323503926670428044
0.29960789240161578295130
0.29955776591903710004416
0.29953415276366313069190
0.29951063590515497603306
0.29948811462825952744993
0.29950865133621223934668
0.29953130758700968749864
0.29955462832552109952999
0.29957715664081457918044
0.29960247243076759682268
0.29962651056094163903865
0.29962052537230260407242
0.29964576554019567433684
0.29959595842850267333191
0.29957403859630526987701
0.29955198916604847125811
0.29952909892032042460386
0.29952233628663921249924
0.29954235102918086441903
0.29954937991187424728423
0.29957125027555386864719
0.29959287989508509575387
0.29961416778238297853321
0.29963949222991781429215
0.29966539798379376868809
0.29965948227303307316305
0.29968583131294285193391
0.29963320089331957341017
0.29961099654117007151655
0.29958974993115089491269
0.29956855264631049307056
0.29956079824666143052170
0.29957910938755411001111
0.29958695093803922038234
0.29960753430669123664742
0.29962973294512401656320
0.29965327896644566862960
0.29968030351859265003611
0.29970607217900308016922
0.29970088810529493805745
0.29972559261052073020792
0.29967418341327350939096
0.29964994536244426992511
0.29962667285456107135744
0.29960537092320183027994
0.29959691367007801332534
0.29961465678413534696745
0.29962421238953546032135
0.29964725829747851371110
0.29967116280292682706232
0.29969494791562728552847
0.29972054070462167407740
0.29974477000442517615753
0.29973939905338020661674
0.29976351079417679068584
0.29971498665571305597410
0.29969260295846378294726
0.29966848380611843527532
0.29964454887377028891038
0.29963347498778686306409
0.29965398083680533369844
0.29966597383408866139831
0.29968968223758363222942
0.29971227163045799368746
0.29973395334160607417218
0.29975816323088810833042
0.29978332589638934102538
0.29977750429830096745576
0.29980355708558598104574
0.29975206018034505905945
0.29973105075997236168561
0.29970979376139073036001
0.29968750392877185895202
0.29967510618689541246340
0.29969527898036141255744
0.29970795358351332016156
0.29972838235768273218440
0.29974871413818193754963
0.29977099636382453784478
0.29979769156991470380191
0.29982431761072086962017
0.29981838429917506694267
0.29984400198720378982742
0.29979090555445919719091
0.29976765048651182743455
0.29974632691886959889871
0.29972626544739172649301
0.29971430574913410227467
0.29973152007392839246691
0.29974369857671173678071
0.29976419927983533053606
0.29978759662994008960979
0.29981203706210751702699
0.29983831810669753226151
0.29983233259902380973827
0.29985715851060007475226
0.29980810421819525934950
0.29978377074975448568495
0.29976139555780323409095
0.29974811854223115670237
0.29976510307492165718912
0.29978087466274871975003
0.29980429325009455565620
0.29982887743273511915731
0.29985118633453361480790
0.29987498641083154549136
0.29986921844269959214202
0.29989258113996797305845
0.29984801620608941830071
0.29982549807875152891867
0.29980155575916689336680
0.29978429313135018796643
0.29980435860867954422915
0.29982251320146502404640
0.29984530881543303149073
0.29986622563827913801049
0.29988659972927073082971
0.29991100771430390103944
0.29990517369950048243155
0.29992971175397220573444
0.29988384587972349848428
0.29986333643220136613294
0.29984247867615398952523
0.29982483133793563778724
0.29984441260893845981883
0.29986121656136338620158
0.29988095793153768386929
0.29990204796203029369295
0.29992432278542019430390
0.29994882412622375644773
0.29994313000112859946000
0.29996738609743522907536
0.29992117879608809483116
0.29989923280764657631536
0.29987917556293025578285
0.29986252361074311467704
0.29987963573668252603710
0.29989725707279291100349
0.29991828633826023153830
0.29994002203782926807563
0.29996135639774412773306
0.29998689759452118464012
0.29997966895523514585520
0.30000793558886079681614
0.29995773274973214217454
0.29993683669854109830055
0.29991584220780426184305
0.29989701528021617260578
0.29991565207446851948347
0.29993387654171466127906
0.29995364120780049210779
0.29997494682483200056922
0.29999999449294700859525
0.30002513466605013059407
0.30002001367177327795233
0.29999445193261858877420
0.29996992449187137586009
0.29995066407861808999158
0.29993355044421360355855
0.29994945482364143707343
0.29996629071884123307612
0.29998944182676673397836
0.30001639920270267714031
0.30002336736531987071430
0.30002780809097384651096
0.30001301539402130957868
0.29998512795339687952989
0.29996456830604800725126
0.29998303255004749034995
0.30001041578721743263714
0.30003092915221429848316
0.30000480883977498347548
0.30003306887840164307590
0.30000979172609570921892
0.30003567095291727717665
0.30001587012984698432660
0.29987061573518108970049
0.30002275579545539807569
0.29994354829362640524337
0.29987893678561977628405
0.29963082701800614060517
0.29787887989570877023127
0.29789108909603351227346
0.29816628507139708581519
0.29816383005250085558302
0.29825770596311607096851
0.29815006462807108755797
0.29825321180776004359458
0.29827899909707766834543
0.29827523610832529232795
0.29828882466517792071414
0.29824363215442256658250
0.29812956427562015138122
0.29823157404989686369845
0.29826912924020126949287
0.29828604641171357902962
0.29830572022937595910719
0.29830290860893765580997
0.29832791918138346076717
0.29828177508069697587700
0.29826390255343671054078
0.29821720987968619587249
0.29819967220856563594467
0.29825780977166499452480
0.29827924929949095611548
0.29829934018036452503253
0.29832524702379498160454
0.29835010748972212724084
0.29834734367557191880849
0.29832139383128308818272
0.29829656270076693180826
0.29827623970345124027048
0.29825051753939474386002
0.29824611880039947342524
0.29827286278082576487236
0.29829375659354651073585
0.29831786241004287774103
0.29834286680309679562484
0.29836774834562657110482
0.29836286931619820927963
0.29838679463675216174678
0.29833906769005708037312
0.29831422340001884085936
0.29829056456670116626029
0.29827023441380134949341
0.29828755198973394557882
0.29830985008589350204744
0.29833490089134823142203
0.29835884671206031049095
0.29838191319076057261839
0.29840712623457571472940
0.29840203079614513459461
0.29842792690766650753886
0.29837786787079145778279
0.29835441812953628071270
0.29832998225431817118647
0.29830584024680240062821
0.29832550137596036687881
0.29834957408754042562649
0.29837312763932716253024
0.29839733348227304166045
0.29842291615397037451984
0.29844881916239196506524
0.29844357584460046162178
0.29846768229835612951106
0.29841829020942145511697
0.29839296609467436116603
0.29836839908272250188048
0.29834464994004389337690
0.29836390875446022752371
0.29838789122508307949388
0.29841380304067693929326
0.29843947450534891174811
0.29846344528913898441758
0.29848534609454052679567
0.29848143119231057562857
0.29850301178922128420012
0.29845957344019341528352
0.29843503180828723220230
0.29840880720343782028792
0.29838320976365034775668
0.29840411519757353842053
0.29843004018758839679393
0.29845536446236264893628
0.29847774882752869940461
0.29849937368893436628881
0.29852190929950639386448
0.29851777146502977977605
0.29854263925235363652533
0.29849579248419189081432
0.29847408347386772398124
0.29845100577534466879115
0.29842510278417999636247
0.29844599544091221510200
0.29847004183791314702034
0.29849235661990053403159
0.29851418813130992102600
0.29853826873063987745738
0.29856389730512633562398
0.29855930648801920490598
0.29858461670738084547949
0.29853451147427534362322
0.29851061631972608534369
0.29848817104167585378960
0.29846564813669862470391
0.29845877205724552494459
0.29847697901154451871619
0.29848414248512705748695
0.29850666855490665119177
0.29853034296594682661663
0.29855520399578017176623
0.29858056748100436639248
0.29860406634541669657068
0.29859947376828671616877
0.29862170048629338436896
0.29857579142345141987036
0.29855093373141189383446
0.29852600925352418270720
0.29850252921266845484993
0.29849464857324109479109
0.29851248020641030223032
0.29852135209973545970641
0.29854639796604698354088
0.29857135098412745932706
0.29859508213781582597335
0.29861733640171772563576
0.29863873968306503536851
0.29863446663846510142903
0.29865647229648023541770
0.29861309713230793638772
0.29859095409215224981025
0.29856641381296161741332
0.29854114241381596306368
0.29853062936133739624367
0.29854979297688988282289
0.29856112239867865776333
0.29858580841668258543109
0.29860871671382349656909
0.29863079636696054919298
0.29865255365796578024273
0.29867573714565570641710
0.29867205604010460540110
0.29869587204815983838557
0.29864851501557437840617
0.29862662458617622585066
0.29860423609142422440854
0.29858077029974555705039
0.29856889827856120112060
0.29858719240752251700144
0.29859928850941913625050
0.29862234850863333956994
0.29864479798333626314744
0.29866803379759182535125
0.29869194911916330248403
0.29871629342093369841038
0.29871240326140674481437
0.29873556432015058170748
0.29868833323200205676073
0.29866446859433770644188
0.29864094510931615822358
0.29861769484536765384419
0.29860502475521594201169
0.29862298368717726804178
0.29863632090082209424864
0.29866054206826014860710
0.29868483506353166179181
0.29870874607443115289485
0.29873206054607071013862
0.29875479412229494213804
0.29875111401350062934057
0.29877343440293085974346
0.29872839009607116134148
0.29870509079680307440441
0.29868100340724418328975
0.29865612330230018045540
0.29864137055524381247906
0.29866028881903633473982
0.29867657088003213283756
0.29870121569084062684851
0.29872446296848592650619
0.29874706607996459606369
0.29876972134617418852542
0.29879240633141596061861
0.29878813634614115324339
0.29881167530439095569861
0.29876533128169696640342
0.29874311607747239261101
0.29872074659785780026411
0.29869626642835966912060
0.29867990252924364602549
0.29869860626236166556424
0.29871559331726399433293
0.29873878946422616209588
0.29876162830654090507565
0.29878421202314725535487
0.29880752765046753038902
0.29883074510689189295931
0.29882730077762631459848
0.29885025197466313917616
0.29880357956280595432830
0.29877976746530254814616
0.29875708020033475698085
0.29873375059111140217283
0.29871665837829297629469
0.29873396148890712931134
0.29875160730216782090096
0.29877544774531150650887
0.29879936371736487421558
0.29882307171052835403913
0.29884678164344158357579
0.29886901480639921357962
0.29886553953368272251723
0.29884278331793334704258
0.29881912820202816138959
0.29879503408496016492180
0.29877018058353682627981
0.29875130603132726836435
0.29876889624138824874677
0.29878942444421513480179
0.29881516449376316346687
0.29883929365976069636446
0.29886179945300223037563
0.29888413022311366429307
0.29888062380642471671521
0.29890259202221330925298
0.29885846407873783991960
0.29883534136865952390849
0.29880999277264125302267
0.29878779402091404371333
0.29880790287919045677967
0.29883035642816135890598
0.29885489770295353695317
0.29887707953277825589922
0.29889895424010054503228
0.29892165667164016795709
0.29891737861811562559922
0.29894072676259347831618
0.29889539883031956968296
0.29887354095308121815222
0.29885020143060680997138
0.29882767349697419989596
0.29884711682284376133012
0.29886858505937158314580
0.29889163066186291706217
0.29891378757152337053427
0.29893679764479896832086
0.29896012951210465535823
0.29895612020154627153090
0.29898001788686490165503
0.29893313912744440274949
0.29890993141053878723312
0.29888680287938756974242
0.29886576810799925230100
0.29888393466393514685819
0.29890470155109699623708
0.29892884346722775612548
0.29895251238535192062074
0.29897620706015520797294
0.29899947217317929260005
0.29899563962081332491039
0.29901928644597874917821
0.29897236551590627984254
0.29894846677407138635374
0.29892369271310326173108
0.29890186213388098002142
0.29892045449418958025234
0.29894324018361712047565
0.29896872182160616482349
0.29899221733657832533737
0.29901510161629413220297
0.29903838625861989264365
0.29903451356379961989518
0.29905776097880248931560
0.29901176709912713480577
0.29898843525003182541866
0.29896324152374803562182
0.29894011536187303779144
0.29896006169481820213818
0.29898331355522766994426
0.29900797448744775852703
0.29903121400755544589956
0.29905403734099789136991
0.29907719570016322307993
0.29907344540249392039755
0.29909632796692575684716
0.29905051707012253459084
0.29902732562062539489744
0.29900280690332020627764
0.29898032289002707262426
0.29899975462391720215649
0.29902237069199072427850
0.29904645017585940180993
0.29906984355773036377002
0.29909236347617440543445
0.29911543670027512797915
0.29911151659817669656860
0.29913419284848968837665
0.29908914747328774197399
0.29906628641010196689720
0.29904129986505112448469
0.29901900177832696492430
0.29901260061449030924763
0.29903085119576561234922
0.29903827542425659435921
0.29906086418217747713300
0.29908537451573247167858
0.29910881394596189331025
0.29913068948441368100077
0.29915372784411081719114
0.29915048968194313250279
0.29917356964438768240910
0.29912777133480483726657
0.29910488155937453580435
0.29908039810596953600452
0.29905786036064857524863
0.29904979804941195231649
0.29906879231700284060835
0.29907761528655968374935
0.29909982291778530738569
0.29912413900766376961826
0.29914722278681599165751
0.29916977152235602055441
0.29919353657243646926744
0.29918965229157878926713
0.29921314896876682887239
0.29916659883558677224258
0.29914354448811225628546
0.29911950174326656926027
0.29909714297220518774978
0.29908784956534301135989
0.29910660440117398106707
0.29911654654321750967938
0.29913854324114397265078
0.29916303864305321402739
0.29918641003395451960500
0.29920919491509073706581
0.29923235573394646458212
0.29922863886047018633363
0.29925122850197555246510
0.29920645258010247768965
0.29918241094837499938208
0.29915789204266524103915
0.29913555765780780459906
0.29912523481155434135204
0.29914348560640652285869
0.29915492608300681132150
0.29917711142356495646055
0.29920205318484577317051
0.29922553585101474560304
0.29924792310162906527893
0.29927015269840750999464
0.29926636358255881420476
0.29928940047330943041715
0.29924450052155271428944
0.29922153554541891518070
0.29919688452895937258447
0.29917394183449680378217
0.29916157966022466352385
0.29918015387673019267467
0.29919359825228508675821
0.29921632544280096777101
0.29924089352712762712727
0.29926360783824001998710
0.29928557532823429898627
0.29930862147771386538864
0.29930515736960816575163
0.29932856947944780356963
0.29928295564966622688274
0.29925998941560344457358
0.29923587510682403411977
0.29921322298281571860912
0.29919895875563934373176
0.29921783914659305647632
0.29923310346911941026704
0.29925520605761213310814
0.29927921473558150022853
0.29930254512793713628227
0.29932512385320247938481
0.29934809557309499661315
0.29934482299184272946491
0.29936719202997236211061
0.29932225709822501968915
0.29929872406984370236671
0.29927470229114200295228
0.29925256320485643657392
0.29923684075440015739389
0.29925580873096779832565
0.29927184828916403303012
0.29929432554440682512364
0.29931859910024966042741
0.29934190805114235800488
0.29936381672952089294526
0.29936138838623244096127
0.29938286172235872850678
0.29933838359425740671682
0.29931370314950039857038
0.29929144777162952628657
0.29927419535678256856670
0.29929260637366039699003
0.29931067936349636804394
0.29933335756783380210422
0.29935753922721752839919
0.29938060961921297842281
0.29940195694504828649585
0.29939940261727265857772
0.29942169368185234112900
0.29937681204095367704099
0.29935269078365484007875
0.29933040739471455937704
0.29931117065910822772068
0.29933003063429253209904
0.29934971661428244615877
0.29937205962387075652842
0.29939568137795596891593
0.29941892150150434259714
0.29944178973769108864644
0.29943885268282321998612
0.29946193729229297897376
0.29941534972962274840924
0.29939131778198979638717
0.29936882049566837515897
0.29934853102223490939338
0.29936691651183006124270
0.29938819709523967205200
0.29941042323130123703478
0.29943518656824053003618
0.29945948274717526516042
0.29948197660826886279395
0.29947918105368637187169
0.29950102485281332453937
0.29945512358392639695737
0.29943041951361110131202
0.29940766616260161558927
0.29938558228377215586491
0.29940495847434139831122
0.29942747482857945406920
0.29945023751025651170821
0.29947500700417389873920
0.29949811100056550339232
0.29951930900875972652031
0.29951671803367380109151
0.29953758921934631187511
0.29949421784616953035041
0.29947034812853906560193
0.29944727701378864859194
0.29942440827199978681250
0.29944423813043852256044
0.29946702678614994797002
0.29948938908028460703648
0.29951309694856020904297
0.29953518629052283683833
0.29955691833325515105457
0.29955500964811204722693
0.29957717998441052431602
0.29953184427860751748440
0.29950834359221123470718
0.29948640232772821834217
0.29946395631371597323422
0.29948360284767250316662
0.29950553521543338275634
0.29952726770310683646059
0.29955126747354104965737
0.29957528785924236736093
0.29959862511670493079308
0.29959632357901772037323
0.29961926402859451190608
0.29957175504133626287029
0.29954715682235166784864
0.29952489543152599482667
0.29950294354439355171138
0.29952222801254491102441
0.29954466661031914354041
0.29956762241877460395401
0.29959277536309819600646
0.29961725647609277478622
0.29963933651764840249143
0.29963709949046618552515
0.29965826395826627992491
0.29961393989938123194605
0.29958870853741559336925
0.29956511428776799732532
0.29954182674609569625446
0.29956240307965320557315
0.29958584195228693536350
0.29960918826580246188129
0.29963329141612332628952
0.29965628526084608918012
0.29967678070216668961834
0.29967428660996442424391
0.29969593528517363134611
0.29965205071580164331024
0.29962860146508163428081
0.29960657834166593005421
0.29958288703278890263704
0.29957503166287619000840
0.29959496873805813166314
0.29960320739561407954454
0.29962589302603481744569
0.29964744342663529597104
0.29967021505187535490577
0.29969319980446923468165
0.29971546786090458303065
0.29971313440475422229525
0.29973580039617520043294
0.29968920233255702534336
0.29966556156736406935082
0.29964444529103040348872
0.29962241609729650670957
0.29961333926682032213762
0.29963157301969761681093
0.29964084962129650113738
0.29966228079370538228687
0.29968430130767170771477
0.29970923325659853952985
0.29973389972084940602315
0.29975593943798367613240
0.29975442854155559535556
0.29977535857778114802841
0.29973008982622412199603
0.29970451487810778612442
0.29968146922316468705461
0.29965930117349826034001
0.29964930142847945315765
0.29966697391086039026220
0.29967817658274348291414
0.29970210152780601964295
0.29972573267725632906178
0.29975080488688676805253
0.29977402451721646414740
0.29979443559188251322567
0.29979282357913056289433
0.29981307547597030316311
0.29977079047833776748178
0.29974717327654271104009
0.29972337412335114947837
0.29969854567459502936444
0.29968572658941139419397
0.29970616960885326784947
0.29972000388128505754537
0.29974461928442786007309
0.29976684333957287487138
0.29978970306297630932235
0.29981152673650907081182
0.29983278859458784015857
0.29983080706920839375584
0.29985291792475887717728
0.29980775584721292004176
0.29978562321038010329843
0.29976477395409073523069
0.29974156285774189445448
0.29972723743375689897661
0.29974735854434153559112
0.29976204259842975652361
0.29978340298902211857879
0.29980328642781572945353
0.29982663600911657608705
0.29985093354240444085690
0.29987357784355767043039
0.29987156369305834058281
0.29989316164842116929634
0.29984648562398036331089
0.29982222046520484726173
0.29980138699172587113395
0.29978038399552431325645
0.29976634156035036893329
0.29978351631595412385423
0.29979784706241363601009
0.29981929877965102226867
0.29984216664465368484827
0.29986755675747484017890
0.29989143243571031449690
0.29988779207434046458758
0.29991020719848410225339
0.29986267515269304784198
0.29983890788294753626531
0.29981556957810973074174
0.29980007955584414558459
0.29981703696583772433826
0.29983507560949801407091
0.29985946464318374848901
0.29988344733361077532052
0.29990658377934231726414
0.29992796967338630764743
0.29992455067363160692295
0.29994549749172044750267
0.29990258269049696604469
0.29988070257622706504819
0.29985578431676446209408
0.29983620773997410324796
0.29985626054987651878392
0.29987677001627249806504
0.29990054635046653475072
0.29992079053994868953481
0.29994186518126469964685
0.29996385454318869046020
0.29996037219771876092267
0.29998248841554747690097
0.29993840916990599509973
0.29991860525946423265964
0.29989676083853861188189
0.29987672471983845001731
0.29989630368547171013205
0.29991552368237278658469
0.29993625433208898067861
0.29995660856794864601582
0.29997945391566188666488
0.30000153076112856531665
0.29999819151404416572859
0.30002002105529401720929
0.29997573572651720086313
0.29995455436096152279646
0.29993350792764517098732
0.29991441896349774198782
0.29993153953726164884230
0.29995161702171019291185
0.29997363282615968627098
0.29999457547245894639687
0.30001634563296725177750
0.30003945944022186731459
0.30003458501344865139160
0.30006042267476840113005
0.30001228271234753330887
0.29999220700990086863058
0.29997022855199478863497
0.29994894151178186358919
0.29996766267397284577712
0.29998828864570531438360
0.30000903166853920556179
0.30002949396196448850205
0.30005483897228851786210
0.30007754624406068888476
0.30007478328323383687248
0.30004899514616828470892
0.30002533292632244110720
0.30000510074191466536320
0.29998564562581270243058
0.30000163593026218933346
0.30002075290664081963499
0.30004486663027490900291
0.30007093729044925778382
0.30007805750482230422449
0.30008234011653772688177
0.30006845748238497595395
0.30003961593130690221898
0.30001683177444304906345
0.30003537807022506722632
0.30006492959214392524103
0.30008638534222453753131
0.30006026746333863686189
0.30008760601179151894513
0.30006222008059335593089
0.30008818332787090543690
0.30007042426312408034406
0.29992516487598247509894
0.30007534357126375290648
0.29999562831279075192370
0.29993157497932898536419
0.29968286617506267877076
