0.99964401527576185468860
0.99970365846940745235827
0.99975670967983965020665
0.99978316579166182087590
0.99978739857235265908741
0.99977472989064908315271
0.99980467370649883651623
0.99979250534371921776966
0.99980617448654740542224
0.99979436460097914629586
0.99979983819964968194682
0.99977172741002173772529
0.99979923195710207473041
0.99980303103833856326332
0.99980411853758999196629
0.99979755067514575195275
0.99980309683796064756933
0.99980042536365043570612
0.99980121547162803530284
0.99980372316512555741497
0.99979684020391756948953
0.99979276968764074773333
0.99980360416719205041147
0.99980250772901890776723
0.99980038814911109668060
0.99980288837069386520540
0.99980142905184643531413
0.99980269042905256515752
0.99980111016817707625393
0.99980218468518289309799
0.99980349485828656774800
0.99980305838933292150728
0.99980265033576320998776
0.99980432834035537492667
0.99980337551509090854296
0.99980339153199793145177
0.99980237433310514827411
0.99980247156530932528540
0.99980351748155826818731
0.99980266202686918219911
0.99980486703488802291417
0.99980419483233051725080
0.99980408817015320455113
0.99980487366664794190996
0.99980444755512731802582
0.99980418477726484827173
0.99980497850023886119430
0.99980576029352907774239
0.99980454427285403440351
0.99980346915497741999701
0.99980561011928914538771
0.99980456676937357052282
0.99980612848389072144784
0.99980509283069185499926
0.99980431051462470559699
0.99980404547146595195528
0.99980401642420990704352
0.99980409774046119508739
0.99980479617206130527052
0.99980642659790219806126
0.99980668309574216578994
0.99980534910183471719591
0.99980747605920505804988
0.99980548426355864144455
0.99980690836415697653194
0.99980468270202549341263
0.99980378458470431368710
0.99980407311030206063407
0.99980417633512530528606
0.99980383577803189076860
0.99980505081261739075416
0.99980743338534472375301
0.99980779945163056332547
0.99980515235353728531464
0.99980775576769520540665
0.99980494999712588022334
0.99980771085941499976002
0.99980567089405136815827
0.99980442518828294140576
0.99980454293883103122909
0.99980525999470326592444
0.99980524724269248526554
0.99980610187584040282616
0.99980761835305620444103
0.99980772944983264949315
0.99980540599812117719125
0.99980808141170462999270
0.99980660300151458219631
0.99980734603895693446418
0.99980606912748404280222
0.99980581144818170269417
0.99980611780100769880875
0.99980673691208199471703
0.99980586114655178864297
0.99980569752995585020017
0.99980722931867238578718
0.99980886595640428016196
0.99980811293738802714159
0.99980976394598286560722
0.99980931721580956761386
0.99980742551720980237917
0.99980537155796023185417
0.99980554361402651508683
0.99980689755983598310252
0.99980728794854312191376
0.99980733280799993778487
0.99980670535476412474907
0.99980525296313760286182
0.99980538889367653876405
0.99980781584418598750830
0.99981034419873482388397
0.99980983401939893528976
0.99981033914419237262905
0.99980969354750071076410
0.99980808684725219759315
0.99980574235728103538179
0.99980530656348509666032
0.99980650949353111478501
0.99980723927011294627221
0.99980725773459333538540
0.99980656641080944968536
0.99980573679030104727872
0.99980614593190186845106
0.99980800637200462066545
0.99980983900166464639625
0.99980928926724343952515
0.99980921428227775837883
0.99980906860630702759352
0.99980759479385883370384
0.99980630082063193242448
0.99980625760540997593040
0.99980689829815994063011
0.99980750159844067326276
0.99980785178459719020339
0.99980726973079248054432
0.99980652475325693107067
0.99980613496058723388416
0.99980710195902688930403
0.99980884339556808093619
0.99980926445531981272552
0.99980888543233359389006
0.99980976809663513193982
0.99980681846454866334994
0.99980581823969949528674
0.99980642125150231969144
0.99980740358737618667107
0.99980809140045745486702
0.99980807502023105737265
0.99980720969922109997441
0.99980611394561824667448
0.99980562309474907412010
0.99980688762939273761532
0.99980919740973750453605
0.99981027638550101777071
0.99980947756829463557438
0.99981054400637880963387
0.99980719666837392090031
0.99980571662570916213753
0.99980589546771325704100
0.99980684114146067820172
0.99980784153827184645991
0.99980758635773747666775
0.99980657326306354715229
0.99980595922847970147274
0.99980604466982014866261
0.99980748884108283647265
0.99980951616598801034996
0.99981051016608801784713
0.99980931980975962236613
0.99981030438516937941529
0.99980757287626154106164
0.99980638176594682775544
0.99980625502845488217218
0.99980657910531156584710
0.99980749985413308600357
0.99980762877977014113640
0.99980678717207982497683
0.99980653874802027925028
0.99980651735016157211078
0.99980745552316274693538
0.99980906166170813165195
0.99981011809962483383174
0.99980895041628081720830
0.99981004580091048516977
0.99980730337903100934938
0.99980641211570497883798
0.99980657952747087335865
0.99980694130805458641476
0.99980782969873394083749
0.99980786899587903437947
0.99980680202347149698738
0.99980632248902900904852
0.99980621227162036479541
0.99980730779216886450200
0.99980904562432826310214
0.99981005402112166358108
0.99980926512778678372229
0.99981000485012727629908
0.99980750153443320726865
0.99980612546848079968953
0.99980591338805313572635
0.99980633848674493879827
0.99980761581473620580596
0.99980712133062343838219
0.99980575559802054019798
0.99980560405620200192800
0.99980622409673824968479
0.99980779060690294635094
0.99980941694828850963006
0.99980979167349970371248
0.99980936803957587422076
0.99980798880815524576349
0.99980643587803541549874
0.99980553754205536698407
0.99980534689654243507562
0.99980661870352871556378
0.99980638807218724650738
0.99980528626350040344306
0.99980566798428605057580
0.99980658413426293229520
0.99980796274700278747360
0.99980913709307295267337
0.99980772719081156818532
0.99980887058482637019807
0.99980651595173819501383
0.99980580565639132206712
0.99980550790831179686080
0.99980654329076168451707
0.99980697384938654881381
0.99980576042243873846616
0.99980573105216896667713
0.99980622927182749570818
0.99980744106441321594758
0.99980871866479803511396
0.99980726359610860853877
0.99980874247295792311974
0.99980584565520880246936
0.99980537422572712813462
0.99980577756028521374532
0.99980739853749300838359
0.99980756520550229105027
0.99980544649601221784962
0.99980485090561521666075
0.99980552486217588725737
0.99980726503961081519378
0.99980890137389866190176
0.99980739043078381556029
0.99980910877420137161664
0.99980535304361628501368
0.99980434961503550361783
0.99980487602360879062502
0.99980734433072548927868
0.99980684969014976815060
0.99980432027461285660053
0.99980402296985160237597
0.99980531583374299131606
0.99980752230812697245455
0.99980928963575688150911
0.99980758812620229569745
0.99980939187248352162385
0.99980531803691696790537
0.99980388649989915261784
0.99980399637765571263515
0.99980638087028239624487
0.99980618185064995540046
0.99980396007530036861510
0.99980387871571152480499
0.99980528383992661733970
0.99980756930522307612819
0.99980942849658305249250
0.99980751502776321615329
0.99980943057242710469978
0.99980519276576140796919
0.99980390675356922702832
0.99980412232384463511181
0.99980631079787185555574
0.99980664787978368313048
0.99980432743244185278542
0.99980390663761276037746
0.99980509036179709969616
0.99980746666008502021583
0.99980939092431542203343
0.99980742747782769264120
0.99980930526012623538179
0.99980502373923618719687
0.99980386914330954262198
0.99980446459133232028904
0.99980697767055548563775
0.99980715681114240567240
0.99980450292861478001072
0.99980382762497299609095
0.99980496911880578636556
0.99980736307092510362082
0.99980919462280659626430
0.99980724316816804719821
0.99980910631691943812882
0.99980486974226578933411
0.99980379070053082557479
0.99980448289551637763850
0.99980717349368031232615
0.99980729949520574795230
0.99980727945592906547034
0.99980711496791940806617
0.99980446047703164236253
0.99980372796296668180815
0.99980469130736504546064
0.99980707798345835879417
0.99980908590802508584261
0.99980692277455973648870
0.99980913301305285312282
0.99980445216408730946256
0.99980360547113600322433
0.99980445579833232550016
0.99980708385696126505593
0.99980727884227904578296
0.99980735933843101204133
0.99980712675387417576189
0.99980444532698831139328
0.99980344885385996622773
0.99980423219349978669612
0.99980682507820217708172
0.99980918112940742048522
0.99980678406820788772791
0.99980914434302103899199
0.99980409464434683020073
0.99980333465559567684977
0.99980442474649899864403
0.99980719508905091519324
0.99980748820223153128239
0.99980759438370470082447
0.99980721194478106017556
0.99980442296418980951955
0.99980332095714019580157
0.99980405789321080689547
0.99980674788992573986945
0.99980897616924335746802
0.99980664137046704187384
0.99980871444046814922046
0.99980407678087357403740
0.99980341324769328448241
0.99980446304319492423218
0.99980715745079740131018
0.99980758978706829598337
0.99980745786901759064591
0.99980704401526698799074
0.99980454659307449460925
0.99980354200453280810734
0.99980405285303275420006
0.99980645482522689793115
0.99980845475473056893634
0.99980623860612283237970
0.99980826935088606965962
0.99980391943626145678792
0.99980360853671323972947
0.99980463714237977068677
0.99980691793028519942510
0.99980725437292716772930
0.99980707356260734020026
0.99980680956868839270868
0.99980467559632113516699
0.99980354831865236864274
0.99980369523630174821704
0.99980604984770682364115
0.99980815496868791214524
0.99980590317211326389923
0.99980800952974924200589
0.99980346584425094924597
0.99980339565137221757851
0.99980462666946212646479
0.99980672104929702026510
0.99980696849593042596638
0.99980693736610648514329
0.99980663777045342133221
0.99980452040052558704275
0.99980324661840669353552
0.99980330348114221372668
0.99980575596493981294088
0.99980770148506337147154
0.99980553965072604949427
0.99980719790818350922734
0.99980321814074013531126
0.99980320405800493510640
0.99980444458385886452589
0.99980654512044697668216
0.99980695047873169301056
0.99980696491568354922208
0.99980645384197919245395
0.99980447637710312402959
0.99980328460235590171123
0.99980316159892235194917
0.99980525064278136238016
0.99980308538651374572481
0.99980495143717751371781
0.99980341614394463434223
0.99980459962165124654376
0.99980639600276310918758
0.99980692956598504750332
0.99980682475880944259927
0.99980634548512270498577
0.99980471661320891030300
0.99980350447006172132092
0.99980298849070337041667
0.99980476796742190348510
0.99980293520885954450250
0.99980480849096242668139
0.99980348944727159832269
0.99980471769636913847989
0.99980622398833163266829
0.99980665017206982181364
0.99980641151972060587383
0.99980596679352262690088
0.99980455842826854162553
0.99980339762717052032315
0.99980299643779368956586
0.99980503064633408083495
0.99980315655392992812978
0.99980524652866809010021
0.99980333303576540693314
0.99980429241081081315201
0.99980559555257575432563
0.99980613750090630009737
0.99980587293856970632078
0.99980520216821333612245
0.99980405496092417116927
0.99980336000787828343306
0.99980331638436747976328
0.99980523673425192310305
0.99980334415963512117997
0.99980490789242359994660
0.99980344771812978965642
0.99980395851669445761445
0.99980491451238651112732
0.99980569396195617670742
0.99980569327716806160566
0.99980481465285042652624
0.99980401037808497299864
0.99980349749405983406092
0.99980317076723512759173
0.99980438179391373232363
0.99980288466014033410545
0.99980393195931904770646
0.99980341983371079361831
0.99980408224002026429389
0.99980487353043967502231
0.99980584612462086724349
0.99980607276439203978669
0.99980494880023940140745
0.99980402411914837124129
0.99980323487523792280740
0.99980269051311720929220
0.99980382860545036205480
0.99980276909986520728069
0.99980414099622028079040
0.99980304974908640325282
0.99980379942650454694331
0.99980486636115628584776
0.99980624089052283487433
0.99980625140947920748147
0.99980457983705894875470
0.99980348666611940089410
0.99980300057382009981666
0.99980313906719864291972
0.99980467156469332579150
0.99980360655327671359771
0.99980508227819664401892
0.99980311224354878607556
0.99980324318811586437050
0.99980420780467205155162
0.99980611915511863330153
0.99980599189726371278653
0.99980396474069710421873
0.99980317073247615411447
0.99980327702499693920402
0.99980386608663773806427
0.99980511285893880479847
0.99980373922979970391367
0.99980474637289884487501
0.99980328854023570173126
0.99980323337340026856879
0.99980400005340042124402
0.99980606569116425852428
0.99980645071454299355196
0.99980427322487164243370
0.99980327412211555948574
0.99980301249251590789413
0.99980328541639817974129
0.99980421787619511153622
0.99980278659246213379674
0.99980386057742798300296
0.99980250128787551133769
0.99980313614960270029997
0.99980458993224607944228
0.99980704955913879405927
0.99980709315273030846072
0.99980764444008474178816
0.99980759411492514665554
0.99980471746946364408615
0.99980280059680282089829
0.99980201045906669232721
0.99980255923766137016173
0.99980384222177653974484
0.99980271445126733809161
0.99980408302856982327711
0.99980179085543985362250
0.99980243146667524545279
0.99980457939483147189463
0.99980782440517734777075
0.99980789363858313389954
0.99980772927231364999301
0.99980766733342085750280
0.99980432113670725247090
0.99980227248431963182895
0.99980191540557927787347
0.99980308697541342421999
0.99980429779668089640410
0.99980332659442860965271
0.99980422925119227794966
0.99980221462566087886614
0.99980244185857936045636
0.99980422644043287494497
0.99980734188652053973101
0.99980726802485664350684
0.99980682610781723695936
0.99980720793430533088753
0.99980450233311235486156
0.99980283771615396926080
0.99980236563938795768536
0.99980315531507213400175
0.99980384628893959053642
0.99980258551545075906830
0.99980333631491979939909
0.99980213164712727902383
0.99980318926315381311554
0.99980512826236933587865
0.99980753869521976628931
0.99980673021943988754145
0.99980708002501594844347
0.99980828305630831120965
0.99980583017073587637213
0.99980326072065639486652
0.99980157014491211064922
0.99980192281874558091204
0.99980293536598463521869
0.99980153447871444871708
0.99980274432575089171849
0.99980099520019494185874
0.99980305292821625151589
0.99980627224918339202020
0.99980906264382307657712
0.99980763964492114226346
0.99980794610869450078638
0.99980941937665745999908
0.99980627497694951610896
0.99980278406737699281592
0.99980076911289095242807
0.99980156883808191103924
0.99980265162368597842146
0.99980184260522730887999
0.99980240658906516237892
0.99980101985986979951093
0.99980274791176892978939
0.99980596798801413260804
0.99980909858393129940879
0.99980758796911961550080
0.99980649510930208467840
0.99980823271156604725718
0.99980566962710282208349
0.99980306240942451445619
0.99980150060534855871452
0.99980195617129874463558
0.99980175392077375029487
0.99980161918754140160104
0.99980354601071486086994
0.99980562043653542492194
0.99980728318510792007601
0.99980504741333864338060
0.99980380340054642029912
0.99980671652569075291694
0.99980580623461612344016
0.99980384931112209478954
0.99980147810929109741807
0.99980085043120081600421
0.99980076869821277174566
0.99979996131221859911875
0.99980371473358731204684
0.99980599177662510257392
0.99980667262138256390358
0.99980323215712252338250
0.99980338149523895197035
0.99980689677595413478173
0.99980590941504288160502
0.99980323447691643590218
0.99980005706112973218325
0.99979929854385030107977
0.99979974100069879394681
0.99979895300932841717412
0.99980278115911080938361
0.99980549519841166450362
0.99980694608351572405525
0.99980384737621297297494
0.99980406292627632680592
0.99980653351473347534295
0.99980491590173714566703
0.99980265205836815756157
0.99979982002259759621410
0.99979880844527702077329
0.99979993677604106494528
0.99979877640461345400524
0.99980272075317966340435
0.99980437165633684326593
0.99980574252584131222932
0.99980372528895100625590
0.99980302901587181363396
0.99980488776281994933726
0.99980379613604886124278
0.99980248866129861617935
0.99979975087899586316809
0.99979905018402415173284
0.99979943384540037598640
0.99979964902814622007554
0.99980162138815475980635
0.99980287399904399503470
0.99980419223654126703593
0.99980249844476454246234
0.99980260936894971290911
0.99980358142655978426205
0.99980145615166648997985
0.99980051696863148080752
0.99979949821419844546710
0.99979883697049132251777
0.99979928577640986286923
0.99980020233997246581481
0.99980006925981812493376
0.99980288143920881260840
0.99980294544560399661037
0.99980274166937888047357
0.99980230705003569902090
0.99979987605642972603448
0.99980075892029740547429
0.99979390912501941990342
0.99979799573697936132533
0.99980115055010065905350
0.99980267731806293785013
0.99980154943834464997821
0.99980009818499748774911
0.99980444540338875292207
0.99980008702538469833598
0.99978443434964503477858
0.99980476395749773299571
0.99979980901878129362359
0.99979946122214624626423
0.99979238342972232000960
0.99974107860153693660976
0.99978779511092108478465
0.99973625983425840058061
0.99973275361797264704222
0.99959780772892525835260
0.99966054479912525021490
0.99972042355441992356191
0.99977318320616281877022
0.99979995915561792330095
0.99980379947905695381394
0.99979150395141969109858
0.99982147473795845993294
0.99980883567489864383049
0.99982297498004091274026
0.99981063395835367835218
0.99981660227530655404848
0.99978776440907979328188
0.99981529249054779118211
0.99981977912183361834053
0.99982091543404516542637
0.99981376956059808680521
0.99981988860236192806497
0.99981660375032055387834
0.99981794770853738008043
0.99981979811653209910816
0.99981286703781124813872
0.99980905700765321242329
0.99981961881470526876114
0.99981859519446270034848
0.99981710532198786456348
0.99981967438191299279993
0.99981757600896004056779
0.99981946924996356607096
0.99981781327024710215312
0.99981828592395438626284
0.99981949461057428862887
0.99981936438237195563516
0.99981917451955082398740
0.99982065042574930213704
0.99981936079709043951880
0.99981950662775531668558
0.99981906540483622691795
0.99981924106041630828656
0.99982019916721465158105
0.99981941992994871615252
0.99982099546956471058934
0.99982016766335446433800
0.99982042632462542197658
0.99982140591146606567463
0.99982098730851409751352
0.99982053827408579049774
0.99982094049110670219704
0.99982190202251686184098
0.99982121822286562640159
0.99982021466526738162628
0.99982227772144383060038
0.99982129867750835217066
0.99982228371767600805242
0.99982104427193585483025
0.99982067966715659768084
0.99982059823561131306491
0.99982058238712101516654
0.99982048286157010341668
0.99982073740340915435354
0.99982259571320342139700
0.99982334577625409099966
0.99982206549842533860328
0.99982413677667447693409
0.99982218283731261188052
0.99982309112438039200299
0.99982061585653525526141
0.99982018547107143202624
0.99982065173950240843936
0.99982076913375028670572
0.99982025098617266500867
0.99982097843698758410369
0.99982362921641565467468
0.99982446039228201062343
0.99982183206834307487298
0.99982441736431015844033
0.99982161050920814737708
0.99982391953396210215743
0.99982159476209964132920
0.99982085405374543363166
0.99982115040817409745699
0.99982188206073219216563
0.99982168926929604335641
0.99982202251241103496682
0.99982384077774955066786
0.99982439279213874971930
0.99982204692522891331663
0.99982474890625538943567
0.99982322368292098069276
0.99982358158378070722705
0.99982198817318201911064
0.99982226621544301181643
0.99982275336591752701310
0.99982338661390735001788
0.99982232691853467621002
0.99982161717735762440640
0.99982347762610912500492
0.99982553925299788577519
0.99982471314128751327388
0.99982644428531886049427
0.99982589733602322823458
0.99982368644628683007625
0.99982129384115181469639
0.99982201847073270961630
0.99982356140836936564398
0.99982383791406392870016
0.99982388312776826477801
0.99982338301273354641552
0.99982173582181332882612
0.99982131443705335449579
0.99982409032959318473388
0.99982703211633106032963
0.99982639498152769963468
0.99982703526948035754884
0.99982623609955134647009
0.99982437491129960704939
0.99982167213048955822785
0.99982179790470526725699
0.99982319981993195145975
0.99982378904596458379928
0.99982380749056942725872
0.99982326961300127532439
0.99982223531308844766130
0.99982208180983145329179
0.99982430764351670759993
0.99982654525545622270499
0.99982581335820741585962
0.99982593219352289271029
0.99982557597180443664797
0.99982390851683877741607
0.99982224432889932330681
0.99982276175979367671687
0.99982361476748848883034
0.99982405175714195166847
0.99982440092955060517710
0.99982399964224100141763
0.99982303343513956317423
0.99982208660756721751994
0.99982342873571594665805
0.99982557258669468858159
0.99982575789013972134001
0.99982562675489372594484
0.99982624977162226631577
0.99982315906189445087193
0.99982177825951557004203
0.99982293422524848303112
0.99982414652971973723083
0.99982463870986382215023
0.99982461924880228210100
0.99982396473107748580134
0.99982263038722474224329
0.99982159206778953297601
0.99982324189150906246226
0.99982595285183106792459
0.99982674769652846169521
0.99982624828117971915731
0.99982700742080710121229
0.99982356432154451120198
0.99982169610183246888369
0.99982241449662911936258
0.99982360820725768579820
0.99982438259543293668230
0.99982412272531184793678
0.99982335271449684910294
0.99982247893496845048134
0.99982203553393533823623
0.99982386982889481785719
0.99982630230680746841188
0.99982696851262442550023
0.99982612142771398744401
0.99982676107327095316180
0.99982396827816744089290
0.99982238307295401291697
0.99982277484497450448231
0.99982337056367376337818
0.99982402900017852687142
0.99982414937816499467260
0.99982358921183278610556
0.99982305895395906514267
0.99982252901380175291735
0.99982386565342284967528
0.99982587990682003642462
0.99982657595611079681674
0.99982578677209821282901
0.99982650712758525113344
0.99982372802610397499734
0.99982243488796807007191
0.99982309898287091698421
0.99982375343541896040023
0.99982434105483786179747
0.99982437020132597371713
0.99982362394372248370900
0.99982283926352355507561
0.99982224631767524503090
0.99982374665459450291394
0.99982590107562985259904
0.99982652272113514690943
0.99982613929433150623538
0.99982648581987143554528
0.99982395591192840811345
0.99982216997050443740847
0.99982242699324208601297
0.99982316924903535948488
0.99982410387648346095091
0.99982359543642362886828
0.99982259388787608767046
0.99982211434109313774599
0.99982227854849792247904
0.99982426119832201738546
0.99982631002522825980350
0.99982628900596559606839
0.99982628125083750081359
0.99982447558377451901634
0.99982249991032945413139
0.99982204419314379961747
0.99982219174489861401867
0.99982307842871154246467
0.99982283271336780394734
0.99982213759739246849989
0.99982216956442027111507
0.99982265789508639741712
0.99982446487859033545931
0.99982607099072196010781
0.99982424489439392090162
0.99982582463292812846589
0.99982259886656787983839
0.99982230110660075261819
0.99982236522240375276027
0.99982297165497246993482
0.99982338523192548773721
0.99982262321579229435997
0.99982221972499163431536
0.99982231978740043754073
0.99982397518240206935047
0.99982569220306660717767
0.99982381391215091603897
0.99982573583053779842089
0.99982194271306512600717
0.99982185661810796251103
0.99982264459088121544283
0.99982379427821377326779
0.99982395458173090041498
0.99982231696470869053428
0.99982132548036439789740
0.99982162871637136891678
0.99982383083042092319914
0.99982591574056811634108
0.99982397156896463119580
0.99982614332419550429165
0.99982146322967502261037
0.99982081557886648415234
0.99982174955278180217277
0.99982373487387021793182
0.99982324206497130703042
0.99982119694123783304462
0.99982047965502696129647
0.99982143112808163909477
0.99982411974982166036341
0.99982634284989191364446
0.99982420220944956401610
0.99982646395144225692775
0.99982143773230636174532
0.99982033468967079770096
0.99982087470353997460393
0.99982277548564413294230
0.99982258082193320447573
0.99982083883960004566660
0.99982031833927920150273
0.99982140761311133481115
0.99982420017430506664624
0.99982651950898338011342
0.99982416212722646786659
0.99982653981586977476326
0.99982132073914098402412
0.99982033733981867662521
0.99982100116890060270691
0.99982271460410898633597
0.99982305631460965944513
0.99982120579680178185100
0.99982032728205127991572
0.99982122224595204595943
0.99982413080388787829378
0.99982651748908046851483
0.99982410956303713334137
0.99982644848932622494431
0.99982115843449015368805
0.99982028103522668782688
0.99982134106872289081025
0.99982339140465303906069
0.99982357782046538119403
0.99982137592420394778259
0.99982023174012357724649
0.99982110615740338310786
0.99982406330045237030646
0.99982635386296281332363
0.99982396079454294302025
0.99982628211380519811513
0.99982100949955599045182
0.99982018687904672393785
0.99982135128479932006940
0.99982360191016683703680
0.99982358099549051289046
0.99982355435037528756936
0.99982355093778285670680
0.99982132342314700146346
0.99982011565326633917294
0.99982083368354568442271
0.99982381282865073757193
0.99982627800314838317775
0.99982367539516203702732
0.99982634053600627499492
0.99982059655216759530560
0.99981998556538420608319
0.99982131283316066916456
0.99982352710648281224337
0.99982354773270309955535
0.99982362290190773812526
0.99982357815258660060920
0.99982129488659232663395
0.99981982248126921586362
0.99982037794643330297362
0.99982359586704716569727
0.99982640427067837052277
0.99982357178200520486655
0.99982638450493865889257
0.99982024194556706753190
0.99981970199671943433373
0.99982126531383386236485
0.99982365525601291089686
0.99982374659426864749179
0.99982384610680563596929
0.99982368077610317413928
0.99982125433124335867063
0.99981968154627720579697
0.99982020734342702539266
0.99982355156137781015957
0.99982623357949884645990
0.99982346099008845285994
0.99982598928290022932686
0.99982022818756810522700
0.99981976721615961611889
0.99982128534662195740168
0.99982363388570139051126
0.99982383422218357171829
0.99982369448364993846923
0.99982352875470925646084
0.99982135865879295799630
0.99981989038632368416160
0.99982020540997451618637
0.99982329044312134858075
0.99982574786244304831939
0.99982308924459328824952
0.99982558225067719170909
0.99982007349985713151597
0.99981995187201178065806
0.99982143803513223723201
0.99982341153796772115214
0.99982348186089120556375
0.99982328936335096436494
0.99982331205793961714789
0.99982146507601277196642
0.99981988584734393654685
0.99981985148153351694589
0.99982291455001071067699
0.99982548932530568297494
0.99982278174005423387882
0.99982536658429410625359
0.99981962456083084411773
0.99981972640502037030785
0.99982140491195092835142
0.99982323169819908859068
0.99982317040273127606298
0.99982312488582136822401
0.99982315649481212638250
0.99982128728258912175875
0.99981957124609521780911
0.99981946446754632606968
0.99982264852299584934059
0.99982508242624279493072
0.99982244605738357368097
0.99982460437955988918901
0.99981938165208861235556
0.99981952302698584578167
0.99982119947022229933253
0.99982307196138742177993
0.99982312156193753338584
0.99982311742005058885496
0.99982298913322764644107
0.99982121885763586277562
0.99981959757932825638704
0.99981932795713313044672
0.99982217026702902007429
0.99981925573592000944245
0.99982188371878299992801
0.99981972181975220514971
0.99982133063015432572485
0.99982293822385448489598
0.99982306114055996548728
0.99982293445319603275578
0.99982289342239583085359
0.99982143664280265227262
0.99981980262445213636369
0.99981916346425814268173
0.99982171347984727383107
0.99981911443286686225207
0.99982176817114254419039
0.99981978039976016070511
0.99982142610480984057375
0.99982277699735044862450
0.99982273715662350888067
0.99982247377674982047324
0.99982252470408561340065
0.99982125466500837429606
0.99981968118958708391375
0.99981918043424455877499
0.99982200369969131958925
0.99981934716984466327006
0.99982223257968638741033
0.99981960775127609597490
0.99982097662286373296325
0.99982215617547376407259
0.99982217372154991164024
0.99982188360914714397865
0.99982176409253620263939
0.99982072775991159829800
0.99981962483934394558815
0.99981951412386760313922
0.99982223623451349503455
0.99981954861044575189055
0.99982192156178728570382
0.99981970282290832940930
0.99982061980535619216681
0.99982147653374242590729
0.99982167680372135976086
0.99982166799541838386745
0.99982137642718427184008
0.99982065888901217043383
0.99981974220488667448592
0.99981938215441990003285
0.99982140971785193883647
0.99981910356409897655539
0.99982097410694903416584
0.99981965312967158165947
0.99982071760649271485732
0.99982143368293374674494
0.99982181206612830148828
0.99982203111777789850123
0.99982150610612685603940
0.99982064695265326914608
0.99981945496949842233647
0.99981891743759121471413
0.99982088498917587315873
0.99981900384482635946171
0.99982121274009871925159
0.99981925601471799414099
0.99982040955967355078116
0.99982141899584342503715
0.99982219219326617931642
0.99982219574664665806552
0.99982112743702156176795
0.99982008292582702502216
0.99981919268413266266293
0.99981938119067170767096
0.99982176003399791941462
0.99981985612095536364308
0.99982218695262192742490
0.99981929012059722605699
0.99981982508856370728267
0.99982074945151067080218
0.99982205544163860189144
0.99982192088354626680058
0.99982049936883177210234
0.99981973827443315627761
0.99981943901788794537566
0.99982012430820799142595
0.99982223312537499282371
0.99982000579766683312499
0.99982188333309052197251
0.99981943378354820595177
0.99981978664887249941273
0.99982052600588078306032
0.99982198777553010771157
0.99982236682188196930099
0.99982078960536113765301
0.99981981270153630347863
0.99981914094037582785290
0.99981955969893321345410
0.99982137217536937168205
0.99981906853127422429850
0.99982103170531577696067
0.99981861306796615540549
0.99981965894702851116449
0.99982109603111624096528
0.99982295883983063333744
0.99982286737482994887216
0.99982340452246643014433
0.99982349671609527241856
0.99982121249416577857261
0.99981930683332531639707
0.99981810442668839211677
0.99981884990800418133716
0.99982103017980272774423
0.99981901399095807203565
0.99982128832629724168868
0.99981786614799084134120
0.99981892212970080446865
0.99982106124730329987926
0.99982372063768376602155
0.99982364163059300743441
0.99982346563513169179771
0.99982355831764468945266
0.99982078856395495414233
0.99981874777718615643352
0.99981797201856281720467
0.99981939518827278590152
0.99982152096761567339200
0.99981964235454001688197
0.99982147113271391258849
0.99981825300832061209633
0.99981890054315936122720
0.99982067876020952468252
0.99982322659599187630874
0.99982299311404665420611
0.99982254127963909873245
0.99982308627283167368205
0.99982093921172132677810
0.99981927954691485194161
0.99981838537417533352425
0.99981947836150830699609
0.99982110694768944192390
0.99981891619917617752833
0.99982061553139889298336
0.99981813160693822073455
0.99981961508176209196819
0.99982154855392568748584
0.99982341051045731106228
0.99982243723781893951497
0.99982278030470417284903
0.99982414925994200771697
0.99982223301066752707555
0.99981967051008180380478
0.99981754986654292061132
0.99981826021971631490715
0.99982023475240078269621
0.99981787669238531002236
0.99982006573213033640002
0.99981695542192838832563
0.99981944602164452007287
0.99982265698440830892224
0.99982492290167590542893
0.99982333411373724985083
0.99982363591583867101775
0.99982527302359458509784
0.99982264152827060588180
0.99981915987712877136318
0.99981671065338117987409
0.99981791529223895675926
0.99981999540134769421940
0.99981819314491515715559
0.99981977308924563363490
0.99981694200022563912000
0.99981910622659397880341
0.99982231648187225303559
0.99982494476442052011578
0.99982327580750518514208
0.99982218341223205726465
0.99982407253897687127164
0.99982199963067008852136
0.99981940377658762297841
0.99981740289298970392196
0.99981830959144035730901
0.99981763707088644466126
0.99981797358774682216165
0.99981987018245221943147
0.99982193192291901606694
0.99982311688589298181995
0.99982073802556559183330
0.99981949951492110617579
0.99982254402196368836542
0.99982210057260123559075
0.99982015479045971417804
0.99981734308998371218991
0.99981720414417851738875
0.99981661485771367026132
0.99981631367639889340637
0.99982000074946508760831
0.99982226967380394277995
0.99982249377402154788541
0.99981893858696901933314
0.99981910386767425258370
0.99982271228207375557417
0.99982217121369998391600
0.99981950127082164225811
0.99981588406950305802923
0.99981564893574748076333
0.99981554940771399930810
0.99981530053052836137795
0.99981902807617573092358
0.99982174131338319433837
0.99982275612468440861846
0.99981959033584599794153
0.99981983151900133410805
0.99982233803999154275743
0.99982114802738553116512
0.99981887831146265543936
0.99981561087137504895139
0.99981515146909660796126
0.99981571065594054825709
0.99981511464444949854879
0.99981892552815343488959
0.99982059174581960903083
0.99982154053568783602657
0.99981952608659363512800
0.99981886985277301782560
0.99982067860567624961732
0.99982000572635276736122
0.99981867135050328521118
0.99981550796696694316523
0.99981538317923612790850
0.99981517395529118097386
0.99981597685726164570497
0.99981778212822747242683
0.99981907373622813661740
0.99981997615766349252198
0.99981838628576058525255
0.99981854617085075265237
0.99981935865553517306381
0.99981764785225635261412
0.99981665545731224220560
0.99981522299768543771137
0.99981515761580364021199
0.99981499631369152858440
0.99981631733260167838040
0.99981625517767569455430
0.99981865049643225962228
0.99981893493624052204893
0.99981878745848029588217
0.99981806696407793388914
0.99981605893723468625467
0.99981685008870768704980
0.99980960375413130414302
0.99981406283129370393681
0.99981733194848365631202
0.99981842845232005156930
0.99981765395244870386904
0.99981626291816361185028
0.99982018836619590551607
0.99981626822109148644557
0.99980061234883088605585
0.99982049740714629137983
0.99981603656315820582989
0.99981575349508478023353
0.99980810179550727578857
0.99975676765808829671300
0.99980415245266240908961
0.99975285643620293019040
0.99974916170044458851862
0.99961445966901008031158
