0.92574943369045803454043
0.92577073235961671038297
0.92583549683541566110989
0.92584589296864783225516
0.92585675803137479356053
0.92584559509029362711630
0.92586831612067721497539
0.92586070082738225472951
0.92587206662841425863775
0.92586400732109586098062
0.92587353713190756465679
0.92585503877453967369604
0.92588400095843070847224
0.92587861184789188584432
0.92587189094676869416389
0.92586862289792470903649
0.92587209170547768444237
0.92587224631246645145666
0.92587803393480361258128
0.92588907461229974504846
0.92588222127042529852048
0.92588295501256512309851
0.92588923522782640151974
0.92588836236202332052869
0.92587827292470381568279
0.92587279162180757818845
0.92587366956399386186405
0.92587354122499310182803
0.92588018033717467414334
0.92588878774010141547990
0.92588968935219362332845
0.92589390780988156670617
0.92591063488468805520171
0.92589608035409987074615
0.92589045422549887121022
0.92589098319173346318678
0.92588276745471009832045
0.92587453591603707803159
0.92588532409958923530269
0.92587614260837225454992
0.92589347504208385775115
0.92589226985554995419392
0.92589687051151947638772
0.92591457806415145004308
0.92591561961641921651989
0.92589792667661918734723
0.92589393046034096368402
0.92589528768139806036430
0.92588771055126717346440
0.92587843466483210619344
0.92589000080530514669164
0.92588087421205556015735
0.92589640427501029851243
0.92589475743153215603343
0.92589886388464359701089
0.92591592450236781530748
0.92591648735410470028029
0.92589934752939284656748
0.92589504966042501798995
0.92589732061611418334479
0.92589212099345152839902
0.92588280461806948817838
0.92589383841530292773569
0.92588389800413128938317
0.92589838993916850906629
0.92589553319963657784797
0.92589970966423285059221
0.92591712604967624233865
0.92591787808903558421036
0.92590051121596228522748
0.92589656679331022726132
0.92589952500015426650748
0.92589508044967960831428
0.92588447687468822255852
0.92589598003551676352885
0.92588524921431181180509
0.92590048588243245575313
0.92589794754784371377809
0.92590198390860678490100
0.92591897509285026046655
0.92592049983140212177091
0.92590374946779130382879
0.92589921676383002413502
0.92590113286588959784496
0.92589698966303923821641
0.92588679124610251403027
0.92589841692808627637845
0.92588916826336420395904
0.92590165953245029406560
0.92590005559669197321426
0.92590530432541318095474
0.92592217668279985787194
0.92592359129631462977272
0.92590629309177141514908
0.92590058275586628599996
0.92590235165020962071480
0.92590032374988517904768
0.92589184276210756419090
0.92590227981892292419275
0.92589413606991577410099
0.92590337700560743083855
0.92590113325644141095694
0.92590689065821007996959
0.92592452456567775342933
0.92593188057512598732046
0.92593333376676600909860
0.92592505278965386850132
0.92590751065226306604217
0.92590203034432905226936
0.92590455146415107101632
0.92590388103648824102976
0.92589564892176190458173
0.92590479286179705464832
0.92589642920298442785310
0.92590558447322768298449
0.92590327132207683735743
0.92590848619469268143689
0.92592560518510003131354
0.92593465070491953738951
0.92593610484042110364555
0.92592642589425766530553
0.92590986196278124431558
0.92590457597024589109225
0.92590624327526771519814
0.92590521382995794041904
0.92589693955455665275167
0.92590552192473329906619
0.92589770533727844270544
0.92590659710603495646808
0.92590565628218635119140
0.92591132670016773609234
0.92592758054855506255620
0.92593778789798564243796
0.92593961810230562825552
0.92592875348128189649799
0.92591253948261509343354
0.92590640648247324318021
0.92590694513515248154079
0.92590616832610117548086
0.92589899261866226432005
0.92590730271212429158822
0.92590067789797880770664
0.92590751274996685449281
0.92590706360759778004166
0.92591336828243486767320
0.92592968180479529038962
0.92594132685692098760910
0.92594272166828583969789
0.92593022417198822537898
0.92591396942714598861102
0.92590783499520490362755
0.92590848066911357605591
0.92590871231749982683823
0.92590240048613370316133
0.92591008109216899057969
0.92590384351589438693964
0.92590968688172969880412
0.92590892468294627715153
0.92591465449932963682755
0.92593058838092112683427
0.92594387185959448061112
0.92594499184563128224568
0.92593102644661007261107
0.92591561419359424967013
0.92591023640956848783645
0.92591085657538851894088
0.92591112775503481291395
0.92590497384159686777849
0.92591189304325483000468
0.92590588162115050607781
0.92591177453462880642121
0.92591154591757440783795
0.92591681447028373330710
0.92593176983213865138822
0.92594628390578681553791
0.92594782581859202963415
0.92593272617079880326685
0.92591797773396067317009
0.92591262791170647616923
0.92591246156544304568570
0.92591256970347746158012
0.92590682032060278583430
0.92591337461869793745706
0.92590790298732261742742
0.92591311660634567637373
0.92591348095988601496487
0.92591890104225749169586
0.92593363629608071985189
0.92594949852439767390422
0.92595099184048401674829
0.92593427741122424912135
0.92591949591709410416485
0.92591425392109127923135
0.92591397973853528657884
0.92591443567161946237576
0.92590911089869931682728
0.92591565942148845724802
0.92591034407184502619259
0.92591507007338946788622
0.92591514312467693148534
0.92591998408590403535356
0.92593458322437027785412
0.92595219310918186472747
0.92595313523960598445228
0.92593474822541799174047
0.92592055603446077327590
0.92591627789363584177806
0.92591627132841214375958
0.92591682081819792760058
0.92591142846847418468315
0.92591774580704988562019
0.92591739438504205850222
0.92591751265432531425859
0.92592138675572288608606
0.92593511250859572569993
0.92595405640343175779350
0.92595518584781988380428
0.92593578581800251026124
0.92592239199886472444945
0.92591869433521301058221
0.92591826126218812476054
0.92591845042121345699115
0.92591890706487844919792
0.92591906492222986191365
0.92591960317634136590215
0.92592338083724590180879
0.92593676736834440443857
0.92595668989476231924840
0.92595847539990172592184
0.92593774847238441427777
0.92592413676804463662506
0.92592026959413098463614
0.92591945632054639681030
0.92591977540188252771003
0.92592010163334648176203
0.92592062220316517784369
0.92592083283492754297583
0.92592458611537697965588
0.92593850283548151391955
0.92596022492946183923834
0.92596130823534572584776
0.92593889627213488147106
0.92592487237272558253665
0.92592146916398276879079
0.92592097928327599110077
0.92592160801220335653028
0.92592200175619032709307
0.92592269184417974603463
0.92592232083088754635014
0.92592520090543339872369
0.92593908902632604540628
0.92596169670326511358383
0.92596182521526837483350
0.92593929678408948280577
0.92592573635896935346778
0.92592331133126037912007
0.92592310784402231949031
0.92592376500136164274579
0.92592415262246263729651
0.92592481569437179445003
0.92592437628929269433087
0.92592648294581803014580
0.92593979004439641578017
0.92596200092613256682483
0.92596244747615419345976
0.92594059388630522988706
0.92592737161374494281318
0.92592540755503116578495
0.92592512492261958012563
0.92592577529897579502460
0.92592605896310542501482
0.92592670734828663725580
0.92592637390785681450467
0.92592825537658851597911
0.92594159485741200921183
0.92596323394520763105930
0.92596419567197829625371
0.92594261282714851457598
0.92592908608641988355004
0.92592729333733403418449
0.92592700876126510234343
0.92592758614138714889918
0.92592794412360390765571
0.92592840283724064942561
0.92592822186423906494213
0.92592983783887683468805
0.92594352728587259182547
0.92596516236218584516848
0.92596593200337362628005
0.92594433919587892933833
0.92593054778216687950021
0.92592914079623711565148
0.92592883433796957515227
0.92592919919661265115707
0.92592968914079054609800
0.92593000799283586843558
0.92593002136761970444212
0.92593129179093325298311
0.92594507633919986844262
0.92596654529285871149114
0.92597172245994463501972
0.92597257998458404326669
0.92596707837569514065734
0.92594584318447037407651
0.92593197951904127052103
0.92593085145270392910533
0.92593053210130948915690
0.92593093647438329263366
0.92593144093142920603157
0.92593197250709269319202
0.92593160378239469654460
0.92593265055336915203554
0.92594664135700477380908
0.92596766906013538989129
0.92597346224841947659456
0.92597439932350900093638
0.92596834945111483605729
0.92594744079460122865299
0.92593327770795452735797
0.92593240862868486651394
0.92593238399039812236424
0.92593304526478392713074
0.92593340621990194438951
0.92593404091452780058091
0.92593327975279748898174
0.92593395334482797576214
0.92594826089853787820516
0.92596905552957753382515
0.92597533908350482256822
0.92597620538307667814593
0.92596969199773249137309
0.92594906716430513959892
0.92593472576559721076706
0.92593424756751807613853
0.92593443071584913273142
0.92593491693048879387362
0.92593538986044898742023
0.92593570772534794510733
0.92593526871206921491364
0.92593557469116027913714
0.92594992693096411784381
0.92597024296282504085553
0.92597692509294382556817
0.92597747904740645985555
0.92597074245265009739825
0.92595080250068662053309
0.92593645722089512606345
0.92593618755727402636069
0.92593625940708135235724
0.92593651866916626413939
0.92593706336431136350029
0.92593741692421516198408
0.92593700053197036670127
0.92593727805847836354047
0.92595171337748161111136
0.92597120676029021080211
0.92597792032967451980596
0.92597837011919748029243
0.92597170195433764483539
0.92595256784593638066383
0.92593799235345530806995
0.92593773886581132170903
0.92593792593651824684997
0.92593837123558853097194
0.92593885027744027294005
0.92593933525165672548951
0.92593848984709670180138
0.92593862534260851226975
0.92595336773471348390530
0.92597222801713574558136
0.92597891226155870647574
0.92597954460924247754861
0.92597279910101337740969
0.92595412824896927705964
0.92593928861847962785703
0.92593930403985613697415
0.92593979193620634671191
0.92594014016963765989487
0.92594064489623473246382
0.92594076507023148625564
0.92594018917669218549094
0.92594007316816884234356
0.92595494977210601739159
0.92597337045496497243136
0.92598022370313615159176
0.92598090909277808169264
0.92597392192105676400615
0.92595588266103889818481
0.92594099280177566413386
0.92594107713739903786632
0.92594138708798023884583
0.92594192870796632188757
0.92594211829065198315902
0.92594195040867499635340
0.92595687402318604952711
0.92597449390391162182823
0.92598150507313947699117
0.92598201282437564429983
0.92597502268410170067625
0.92595783879769510971158
0.92594281351751905884129
0.92594272954284173593464
0.92594294302516078065679
0.92594351813862052491544
0.92594399000383398323777
0.92594357943132710175860
0.92595865831043477900408
0.92597548420822195502922
0.92598243241706157391491
0.92598279616479639564375
0.92597578169241023804403
0.92595932753406584581057
0.92594425425652471250970
0.92594443249743796364726
0.92594520829673088169187
0.92594546473097316674483
0.92594642927262238440989
0.92594500557291870013188
0.92595991339816985377098
0.92597595348084082989004
0.92598313533599385660722
0.92598352239760872706142
0.92597614114784954075787
0.92596053669662903296000
0.92594587133503558629144
0.92594653478365773757730
0.92594746131911420672367
0.92594745874984885070091
0.92594817190738976098174
0.92594684295801854556629
0.92596135710854632350220
0.92597646765554852965607
0.92598411858283768971489
0.92598452084705584752555
0.92597700582921693701621
0.92596233813332939899254
0.92594780178389479718959
0.92594819303202147153797
0.92594869837015802982449
0.92594883001695382773732
0.92594931336548014222387
0.92594864086765338306861
0.92596336986181393413631
0.92597770079826036138115
0.92598509314019805671592
0.92598572428270520262572
0.92597838946163657514177
0.92596421890192903703110
0.92594936997418708646279
0.92594954252738470579231
0.92595030090222762986230
0.92595053046856845568868
0.92595169621754291888749
0.92595008808306422665169
0.92596488573947044464774
0.92597888392838223481363
0.92598627272617617389727
0.92598661721349184716701
0.92597914135416092840103
0.92596543809370646105350
0.92595093560717400826832
0.92595176777226684272648
0.92595330812481624338517
0.92595309832956818052452
0.92595473203581180055011
0.92595195518054629335580
0.92596607089495563958081
0.92597930152741891873802
0.92598679472759048980635
0.92598698362484688217933
0.92597958668119673131258
0.92596687361509855129782
0.92595304742570283540459
0.92595421602861205379043
0.92595577067535161930323
0.92595492792253730751639
0.92595640532719780679827
0.92595402462159648315776
0.92596783077808364481598
0.92598018419842054171909
0.92598741664298545028799
0.92598821471537373639649
0.92598105139390163298430
0.92596876327256760763618
0.92595468554814386319407
0.92595533139013419532404
0.92595690282026454909214
0.92595567736033645989124
0.92595762914489321282474
0.92595515855861576515196
0.92596952154986722494101
0.92598198296977540788788
0.92598923915581143884168
0.92599317844430084623042
0.92599460901415164837402
0.92599020254090891324239
0.92598267746455042992437
0.92597009194652757368971
0.92595565446804872777875
0.92595635244362706206545
0.92595870990493855945402
0.92595742997970975629585
0.92596008787861294742072
0.92595645384195723881504
0.92597058284064270861080
0.92598307303954896507747
0.92599081529462923256801
0.92599566311323744383088
0.92599629164419527960206
0.92599099729433231864562
0.92598329334656048761332
0.92597125262733548378691
0.92595760991167330722362
0.92595873333792200199355
0.92596143067867486831091
0.92595988533949724619276
0.92596244149811990364896
0.92595893962457775927533
0.92597226470086346772348
0.92598369276479863820839
0.92599099955799446526328
0.92599658822325581208901
0.92599688717273809235309
0.92599118092481969011232
0.92598448295328261714587
0.92597350453474502884887
0.92596010829193931002123
0.92596058559750238359243
0.92596310513296775646097
0.92596087015343331305672
0.92596360098895191814705
0.92596090288569832260634
0.92597472747509601553872
0.92598562428668840240675
0.92599188553030697956814
0.92599758034360923897310
0.92599880841148218824088
0.92599305988204072548342
0.92598686409130082086705
0.92597562642700215196356
0.92596137055471883225977
0.92596108170677338122800
0.92596424104715291392154
0.92596159112604747853936
0.92596512642616801702644
0.92596182541840732493910
0.92597626219655504442585
0.92598786015523582015874
0.92599430997159914991101
0.92600028294674086026816
0.92600148424176254025042
0.92599513581600478850930
0.92598839964692691850701
0.92597680378299085379723
0.92596267374298280028455
0.92596258226075478514616
0.92596617773875122825444
0.92596385031022021561142
0.92596710441528851109894
0.92596401434697483967540
0.92597760786995841897351
0.92598859639911335062123
0.92599522383826404769991
0.92600198256423760234668
0.92600165666058420477214
0.92599471158880031218530
0.92598874503178996153707
0.92597872989836726986823
0.92596561674182886747531
0.92596494502319837138771
0.92596693920248995812727
0.92596555662595680935567
0.92597999069411252026640
0.92598914830816081433795
0.92599408278037897979118
0.92600092807121481275345
0.92600040550216156098884
0.92599387168089364319457
0.92598978527065445298661
0.92598107297489506972710
0.92596770055109378638747
0.92596569595948030606536
0.92596803696427643082245
0.92596570481512840977700
0.92598169399717189520516
0.92599047113544386000683
0.92599424061308421851635
0.92600065195793823669135
0.92600169152585032339431
0.92599493678624600345728
0.92599090395629402028277
0.92598200535401609112540
0.92596838308721318711036
0.92596600102245862906614
0.92596921591220004987832
0.92596667057328974070884
0.92598236318512350262466
0.92599100249026244924266
0.92599549512217349533927
0.92600309103052602655026
0.92600419808253064957171
0.92599555034653491247809
0.92599093590394654373910
0.92598305004124459305359
0.92597048898861389343296
0.92596762833942924952879
0.92597176148890092406418
0.92596868098621598619502
0.92598392154463426972910
0.92599083683827798640920
0.92599511683770807657368
0.92600463414230227421342
0.92600456537206965457187
0.92599449102639841413520
0.92599059975172370862140
0.92598437710086223262351
0.92597263592173084667536
0.92596996267417364112617
0.92597321060865434017018
0.92597142635463536297635
0.92598404480705676089514
0.92598990379426404651042
0.92599397423071250212701
0.92600457643946298968984
0.92600503164727931970646
0.92599360049473555811517
0.92598866930688461529542
0.92598334309331298275225
0.92597405831517054508595
0.92597131576501567895576
0.92597466737960476557134
0.92598347378011203190340
0.92598753355618412808070
0.92599334366491137249255
0.92600604455867752129450
0.92600678965619065419190
0.92599336183246183651363
0.92598777311037450132858
0.92598467953501317762033
0.92597022445029097958979
0.92598271806046739129670
0.92598956137724430792701
0.92599430742180943720854
0.92600650504624337777670
0.92600542888377890271556
0.92599628098246133944826
0.92598879161146818717043
0.92597260660320324099359
0.92599610719936009672892
0.92600480209468838399545
0.92600401427006795440633
0.92598269234271901595434
0.92593111219671320188951
0.92599437362396674888743
0.92596052576543053103109
0.92594893459024518733713
0.92585226019019928322962
0.92590333896806031876991
0.92593563691676361582239
0.92598907276900843665857
0.92601058302116412423999
0.92600999518996673920412
0.92601420237752840591838
0.92603277816207574257845
0.92601360178714542392697
0.92603628793425474263756
0.92601657725972041923512
0.92604193254410693825207
0.92602605679526406312618
0.92605499932462354006901
0.92604679164658965095924
0.92603585909425345512602
0.92602086185512466620651
0.92603579903227561942458
0.92602415288176143093324
0.92604600191465769043475
0.92606005005719416178778
0.92605626907162630345738
0.92605336177052521851039
0.92606323893401520930269
0.92605930697750693525450
0.92604603303428201233061
0.92603623448035343734830
0.92602524650660889005138
0.92603671361369266357144
0.92604773172964316430011
0.92605969066248661203389
0.92606363905468158659318
0.92606448703892574325636
0.92607437349093246758969
0.92606683622099095209990
0.92606434941893844836613
0.92606184123012291742327
0.92605010882862370813484
0.92603742749437012449221
0.92605245706588512621948
0.92603874413568765255889
0.92606428501322624047276
0.92606611495628277097580
0.92606780059301929686200
0.92607820900265569452614
0.92607920162606272018735
0.92606902846706751208927
0.92606771742076599007731
0.92606604349225130068390
0.92605464156913008810790
0.92604074284153437002232
0.92605673246563224854100
0.92604288515645694079836
0.92606709788311636355473
0.92606847757841481705299
0.92607013520555903074438
0.92607969712493098946027
0.92608045650718173735783
0.92607079533470071375234
0.92606870294709320301507
0.92606794256961177946863
0.92605864825704531373418
0.92604450984860198214932
0.92606016177909666886592
0.92604528785163708892725
0.92606893728670092169608
0.92606912268615637628955
0.92607133103299732468372
0.92608127538827778035824
0.92608220131093366145336
0.92607229934313683994418
0.92607008849582117537835
0.92606999581620519368386
0.92606120712053707766387
0.92604554674861783158946
0.92606191166256557334435
0.92604599740472792746004
0.92607087096044526930427
0.92607139453294362585467
0.92607393616099265010178
0.92608346615117664857308
0.92608516674521790257302
0.92607586647330886187035
0.92607258491770572117474
0.92607142067501291293752
0.92606272223651120434340
0.92604721328067163277353
0.92606395029017052333842
0.92604925534825066613109
0.92607184874409131936090
0.92607335117721156780846
0.92607758327828870736909
0.92608700455170522847226
0.92608857785763920578148
0.92607873186364686457495
0.92607380380390946772451
0.92607243668633065780682
0.92606566021465441806981
0.92605158944216847682895
0.92606742400002939330506
0.92605354195998501598552
0.92607335252231659517008
0.92607427475786319170936
0.92607947959313385855040
0.92608966113154633781335
0.92609390347116149477813
0.92609517688381703948153
0.92609034341439544490981
0.92608024657373644306091
0.92607508986293285424551
0.92607440680724806281177
0.92606883126844519171783
0.92605471148699380901093
0.92606954580190647963178
0.92605514161306046183597
0.92607531172430823662722
0.92607625068449683780614
0.92608137100960685739182
0.92609104239443906791962
0.92609632080061698999884
0.92609760157876108710440
0.92609200976179495423679
0.92608289187365044892175
0.92607747538407558796081
0.92607583795011672034292
0.92606976924963047004269
0.92605529572923461767431
0.92606988548711455244700
0.92605570446507579074336
0.92607605790691605029963
0.92607847654469277465239
0.92608448997525039114720
0.92609329281367014363724
0.92609911797163169122626
0.92610079774127884721935
0.92609460197910764556184
0.92608583582785908294710
0.92607914053047502012106
0.92607626091641515042596
0.92607033904531843582220
0.92605663476169619574563
0.92607127654798548910264
0.92605795996587614293816
0.92607667441667051999588
0.92607970749709456192988
0.92608679572994345718939
0.92609566255627073783074
0.92610236649038601974837
0.92610363036260345825923
0.92609633658009304912895
0.92608752677717132151258
0.92608039654194851397762
0.92607748658821864573554
0.92607248637029315752045
0.92605931627227322522344
0.92607365804317121060762
0.92606039111767191052138
0.92607853421441488350752
0.92608140320015375213103
0.92608833309183813398135
0.92609681500966867240265
0.92610465885867931934428
0.92610567992368553191795
0.92609737721081186734295
0.92608940664153227562139
0.92608262298399390832770
0.92607953778708473890902
0.92607450966952564730406
0.92606115508025277360815
0.92607507508757092029583
0.92606169605214738727028
0.92608028013476906270540
0.92608383982381381471782
0.92609071661645603334989
0.92609823784420119974214
0.92610689491007303075776
0.92610837381299015991232
0.92609931597262995506270
0.92609199189844648714143
0.92608483695334820051670
0.92608078660046000418760
0.92607554618803411550232
0.92606226291392157445870
0.92607614705051077841347
0.92606297094986689266705
0.92608125805944119246504
0.92608560290645713930502
0.92609301784360598119861
0.92610033315370432482894
0.92610999968335516729923
0.92611146785562148409099
0.92610108410740588080756
0.92609370705732008133282
0.92608628487613176005766
0.92608193587099751908909
0.92607700640079992915332
0.92606380591107806399265
0.92607802407191353033511
0.92606466838902090632502
0.92608282972992028714287
0.92608708042317988695658
0.92609428487589973144622
0.92610149563330412814111
0.92611266908577583034656
0.92611362897724125442522
0.92610177181491726283724
0.92609494654291968362969
0.92608812188970868195526
0.92608382757911267280093
0.92607897424070562131249
0.92606537905201835592095
0.92607968536993956476522
0.92608474709404098312859
0.92608926634044175241200
0.92609586447432101774524
0.92610223472355157614544
0.92611458636106824826584
0.92611577475853801288963
0.92610300729901007255052
0.92609694833369082811458
0.92609035597343691836869
0.92608540866019661841335
0.92608017698348332746860
0.92608584151088946256891
0.92608057709833235815466
0.92609116662934909403049
0.92609800758375437901293
0.92610408280206124587153
0.92611736306352021586008
0.92611925700729869070926
0.92610516444147783499119
0.92609883329148656727625
0.92609173237993058780404
0.92608617154416061900690
0.92608106704127535202531
0.92608659409110982707602
0.92608168682513702929526
0.92609219889675142844965
0.92609935382720154350977
0.92610601415697590965692
0.92612112815831082457407
0.92612238490266762802605
0.92610649802801070507030
0.92609969954936044445049
0.92609273737278130500528
0.92608724889166726956802
0.92608244627228442080735
0.92608804659643750856191
0.92608330390313819968640
0.92609348851760431298175
0.92610007975519659240149
0.92610677455177736749903
0.92612298125257841441282
0.92612332021745535914903
0.92610707597594710271949
0.92610066490715614584417
0.92609437089296342549005
0.92608891760993850006400
0.92608414464494448470333
0.92608972316741244856786
0.92608495583667693740182
0.92609533314824532546083
0.92610146023361650247097
0.92610765467355493640866
0.92612370376940400529264
0.92612435404159709761984
0.92610853483527733054359
0.92610239215566936277213
0.92609626250567367300448
0.92609045750376517425195
0.92608567447662326621582
0.92609115213368320418397
0.92608636544548827984613
0.92609712134986488241140
0.92610331183533278753828
0.92610960517149065740483
0.92612534523767930938476
0.92612651938989387634393
0.92611069663721889977381
0.92610417187361404600665
0.92609792780664990097250
0.92609185455937015341021
0.92608699918382231253133
0.92609253797891422088640
0.92608756388489710253964
0.92609874559708615926468
0.92610495331757669568162
0.92611167586149101271786
0.92612769515047199675450
0.92612867072527116363290
0.92611255259874103451523
0.92610569288890498551581
0.92609955243146824255263
0.92609317570476079595210
0.92608810355928572466411
0.92609377909540879780792
0.92608865539896045859791
0.92610031954092775219323
0.92610645546623948654030
0.92611334393470579051666
0.92612948766828495639203
0.92613472885007619428421
0.92613584505355261988768
0.92613022967591451806157
0.92611416352228603798835
0.92610715429856782510143
0.92610103168792423655731
0.92609436599422900737721
0.92608932522440956525145
0.92609501097555813053930
0.92609009606964853844602
0.92610166299213014795555
0.92610783600004464855004
0.92611501206896496007914
0.92613103067560420544879
0.92613698292618529261944
0.92613816812082283558283
0.92613191806550887452687
0.92611586546581603496264
0.92610847236749382904719
0.92610234579231665019705
0.92609568924994922767269
0.92609089753035389591673
0.92609644771815935460069
0.92609162060261585036613
0.92610309844268934309497
0.92610914970302549154013
0.92611672306356085382362
0.92613282643549699191254
0.92613934201529191092561
0.92614043984522664842984
0.92613366918948403228029
0.92611756751079732374876
0.92610991557710675703419
0.92610394374917370807765
0.92609720572605769284280
0.92609222404256619221030
0.92609789052613855631080
0.92609273758528276587754
0.92610483580719460405817
0.92611075128167297254578
0.92611846312222700916550
0.92613443071306389420272
0.92614137692456599548763
0.92614212742845236636668
0.92613513950258219420419
0.92611937751058226453438
0.92611162279921521722770
0.92610562736454948851161
0.92609848186027410310572
0.92609326417215032112296
0.92609900818854962167848
0.92609387503858653367672
0.92610631480719529662338
0.92611242854503861288151
0.92612031419449591940207
0.92613580592163191607114
0.92614274446286304343090
0.92614335210637055428862
0.92613650720509266278668
0.92612119202120024574754
0.92611311667536910796628
0.92610692426318541592423
0.92609959457326440634972
0.92609454266493784757586
0.92610023574427291492839
0.92609521755751311733462
0.92610753912641263774219
0.92611371631388539338303
0.92612201261716509126387
0.92613724457989610172604
0.92614403469767037080373
0.92614477648230553175068
0.92613802566011471650853
0.92612279751090353929754
0.92611434895845512471624
0.92610821793543673940974
0.92610088807502077834499
0.92609572643118864831990
0.92610145059343162987631
0.92609605079079215794735
0.92610896876329062976652
0.92611509714712547669535
0.92612363629764227201946
0.92613879963961909247416
0.92614553582368930317870
0.92614627309165631352528
0.92613955279307114132337
0.92612458315105539163881
0.92611596987057365204521
0.92610972252541046145780
0.92610190507643053159370
0.92611043584235797077042
0.92610234402659885599718
0.92611687242218487803314
0.92612558744109718666948
0.92614033095784253912797
0.92614690084270956393908
0.92614741165198832817396
0.92614106617699176737801
0.92612656728969466879420
0.92611767712195791624197
0.92611109391162693693644
0.92610286961484467038730
0.92611174134389961931646
0.92610361576186328580462
0.92611838186159767261074
0.92612739868208737714639
0.92614172968900287941096
0.92614780072284574874431
0.92614810948921144628798
0.92614222230460019336107
0.92612807774778971303675
0.92611898825725080808269
0.92611251850906040061773
0.92610453371197509753188
0.92611340796538388353554
0.92610545290773538251727
0.92611966038821258440095
0.92612866618577593946782
0.92614259535263132594451
0.92614836970778291469486
0.92614865701667359321192
0.92614298378728854288511
0.92612929527805276652686
0.92612044066092713556770
0.92611433048054103700508
0.92610617776343417961726
0.92611510570771427008907
0.92610657723285438880367
0.92612132655286938387462
0.92613012584096099377717
0.92614351166432062889555
0.92614907821457848058344
0.92614962333643402470074
0.92614424306713316603634
0.92613111126386937765886
0.92612219454039734767292
0.92611569513501124095711
0.92610679356182890042959
0.92611618550731000798493
0.92610709868509233366751
0.92612293206625473374061
0.92613214060163473462239
0.92614512928251746526342
0.92615033448526584702876
0.92615110817277457311292
0.92614600760429166559362
0.92613299055872522203003
0.92612355216451403006062
0.92611674401290788871677
0.92610777319647608063491
0.92611757484105028392918
0.92610884975344087699511
0.92612415837724049172408
0.92613366232131899558055
0.92614669321835207949078
0.92615178624189076206363
0.92615226029867003809670
0.92614712709592728057117
0.92613421607934354184977
0.92612489114661256106587
0.92611865807226623203974
0.92611014390783275018748
0.92611983598122560312760
0.92611125240253433510418
0.92612578880780871415368
0.92613484684585245521049
0.92614746062620856292824
0.92615255939291629694310
0.92615287852918937172575
0.92614791965539455809164
0.92613564802557535315941
0.92612674702688435601772
0.92612079165378147216359
0.92611197388784693984576
0.92612133751847691698345
0.92611228658735300633964
0.92612758705725617414117
0.92613660519047980024254
0.92614868842005382276739
0.92615343050884024744818
0.92615434418239850344889
0.92614971711225380079924
0.92613753912344143337521
0.92612811132074646103263
0.92612157666139438561004
0.92611246053769891162233
0.92612175927900208804999
0.92611286600823250481085
0.92612843772386466145718
0.92613829582300233322911
0.92615080602009458576873
0.92615547468364767258464
0.92615605345008344961855
0.92615724125391629684145
0.92615655385412876121620
0.92615165442133107198686
0.92613885818124308535459
0.92612877946285532271276
0.92612226432571742584798
0.92611362729586443887086
0.92612316593136700948463
0.92611468249541240016498
0.92612942172269430152198
0.92613934417047361069564
0.92615220080856597295593
0.92615727281648230206912
0.92615805602990031175636
0.92615844248305978503311
0.92615755938194210816761
0.92615256750660834850208
0.92614001447233096353528
0.92613041611022983712331
0.92612429147240227234050
0.92611569942056592985580
0.92612526625561586435254
0.92611638637625892656047
0.92613158156660502218216
0.92614101965360984269893
0.92615310825129038008185
0.92615765513312520162970
0.92615850084106110529092
0.92615857648826382941820
0.92615793729569451109285
0.92615402962590320790071
0.92614224956233903718328
0.92613258136830689526420
0.92612578698971170787502
0.92611672919204024445605
0.92612588401061179954610
0.92611690295189286192823
0.92613319624209633484924
0.92614346263962832317418
0.92615530230910425579793
0.92615873796957992603041
0.92615906012535120783724
0.92616008450610742830378
0.92616000989886215766234
0.92615667244187471762729
0.92614435541616502156614
0.92613348211276014243509
0.92612590251198667612442
0.92611721726851636837807
0.92612621923868698736726
0.92611777734402744854947
0.92613375619983584474681
0.92614498325141358936463
0.92615778820863425835341
0.92616134395181448635270
0.92616136972327178789044
0.92616239853435156081929
0.92616225787214645492895
0.92615844000788005718761
0.92614551437579650805532
0.92613441772588833700297
0.92612701678522590942322
0.92611850727951472439514
0.92612808514924715996841
0.92611911352756792759067
0.92613556059968127343041
0.92614630035363010307492
0.92615874643652884579126
0.92616243307089529679388
0.92616274785402619151853
0.92616228543448386734127
0.92616200923989278059878
0.92615900507923920592646
0.92614741052088678241461
0.92613696272653267538288
0.92612897249460057746973
0.92613808643392836472685
0.92612937500408709645683
0.92614866137442408700053
0.92615951222198888981296
0.92616145461934462623788
0.92616143319962085378450
0.92616081147481987834169
0.92616132046864174665046
0.92616024268662178187128
0.92614972691779218205710
0.92613864484293140222348
0.92612930590317543710910
0.92613876958473817513351
0.92612910132856662848155
0.92615032401948005347236
0.92616101858064525664815
0.92616176711266984256099
0.92616098215181363872972
0.92616196696496899676276
0.92616254208919368551278
0.92616154267596106919314
0.92615061687574928850353
0.92613890029878165321975
0.92612917513202341890377
0.92613951729827559411490
0.92612961963777185037117
0.92615095572649697164280
0.92616172877952129827150
0.92616316976215873335576
0.92616332586030614137940
0.92616441441026409187032
0.92616329260971619330434
0.92616173932886303177270
0.92615161923103761498766
0.92614057387892034789445
0.92613035214452310572852
0.92614162385244236386228
0.92613117433630076646978
0.92615246302410814127626
0.92616171042939288149398
0.92616292667832167406772
0.92616485606782550377147
0.92616481004394024534321
0.92616237426312253422367
0.92616154334055811325754
0.92615289064697714493946
0.92614226852786085686375
0.92613222006304374289698
0.92614261139995091021149
0.92613344150634546725342
0.92615253017302168192515
0.92616091521450127910242
0.92616192544735831404523
0.92616489088093278958524
0.92616560631597633079792
0.92616161648498807057450
0.92615973916770966134493
0.92615180166735233679987
0.92614323174738311106324
0.92613308776191405335965
0.92614360428654729506803
0.92615190018596471599466
0.92615865666907770670235
0.92616141969199639039090
0.92616688243039602124185
0.92616789770597773845395
0.92616149987844387236890
0.92615894406922816273209
0.92615306807523023469031
0.92613891963181316224762
0.92615107041050925840153
0.92616078217189934385090
0.92616250476157269133637
0.92616787466424987940172
0.92616705932331244710554
0.92616453245388485893130
0.92616005637600240518736
0.92614390275666291785228
0.92616440409468958616657
0.92616669370313009501672
0.92616617323110284054621
0.92615103293962652841742
0.92609949132680691175068
0.92615679595331268370018
0.92612160888245809164943
0.92611160990087570965557
0.92601341974650563937388
