0.13263818291093210088860
0.13255319074465746198577
0.13302418840162563706819
0.13298432176966781814720
0.13315591276428448419544
0.13293740233134343498023
0.13314039753166156954123
0.13318054285095476396705
0.13317347212443828019524
0.13318003183731530469913
0.13312236345219843891563
0.13288360816094002547771
0.13309974087051623659050
0.13316500165166536562289
0.13317341276830885199445
0.13318681536226628647768
0.13317805237244989546852
0.13320239254316432186975
0.13316671664891679971454
0.13315688979933187896521
0.13307218042270288482776
0.13303908111822948523439
0.13314615827148237880984
0.13316119456436167900470
0.13317102581809431294246
0.13319368340622758650760
0.13322143457074900330106
0.13321321449953585358550
0.13318602206284613220788
0.13316432105085215797935
0.13315478554088530649402
0.13313373405588829756496
0.13312358576548335986622
0.13314923613265505775161
0.13315756964394853678613
0.13317792546067605541360
0.13320521165080284609061
0.13323212520824015414611
0.13322363490730748658564
0.13324917228517862977100
0.13319758519903296400955
0.13317084533096554266329
0.13315201119802744234022
0.13314347092421588425459
0.13314708848295467302769
0.13316380331181451590616
0.13319002603519422556211
0.13321637176764261623063
0.13324087034514994765111
0.13326686154129399608514
0.13325807930668850942446
0.13328491999603861439816
0.13323308449892973248652
0.13320886876580131930048
0.13318291973729942667681
0.13315823864139830767783
0.13317732843223861749493
0.13320239654039631171933
0.13322516092988978542166
0.13324928298690077999034
0.13327604278103977186731
0.13330231128227529313612
0.13329334898404496256852
0.13331652366904161999273
0.13326713179975244183417
0.13324156426322419921604
0.13321861850363250767693
0.13319614029738580107676
0.13321234143226573509722
0.13323369647488278455505
0.13325864298830691900832
0.13328540112732209510504
0.13330901927177538079938
0.13332865948858182991721
0.13332195615796538223918
0.13334057352650569017172
0.13330178160784905694314
0.13327687268213511684323
0.13325025288949682300554
0.13322694660492623297543
0.13324332758615758942611
0.13326879921718340349379
0.13329372351505042182396
0.13331493763541882313639
0.13333409045412211724191
0.13335491152657613644905
0.13334674338931001846831
0.13337131368004179199360
0.13332696860743170619301
0.13330852701634743340264
0.13328678197821006157220
0.13326122931808959126698
0.13327941163359965925927
0.13330177254781339080125
0.13332059833150847194538
0.13333975342869713864857
0.13336269968636957350405
0.13338901586004267563190
0.13337999475989839592849
0.13340559744295335531383
0.13335482927517344764468
0.13333275541460901103541
0.13331405682316077587757
0.13329534764392728107829
0.13328953625658981896329
0.13330315574599138628287
0.13330899999193152050125
0.13332583560803115685367
0.13334645024911720434524
0.13337151494593346701123
0.13339753652166436159732
0.13342055749669010089598
0.13341215892972058121302
0.13343315709368192001349
0.13338835282872518739339
0.13336304326222675475933
0.13333968004452695366169
0.13332062146164713745122
0.13331504007089170493749
0.13332623133206961130170
0.13333324652163716650399
0.13335529662819928242712
0.13338027701234503319405
0.13340402034554166288416
0.13342517414130408703876
0.13344522870637645639569
0.13343723487634542856917
0.13345791878140278452491
0.13341790927168301061911
0.13339642088263453656438
0.13337187790903076711757
0.13334790329182327761615
0.13333909195155715932124
0.13335412336284274692488
0.13336467840088106484586
0.13338784982205884044326
0.13340983450270546550875
0.13343043204240231935920
0.13345083628645784679101
0.13347261573706606374579
0.13346503800962361552251
0.13348814533238023694039
0.13344271894285208990283
0.13342272775485530811324
0.13340271631820102560262
0.13338145301692150290762
0.13337057696071238921398
0.13338533013406028704395
0.13339660265517649939682
0.13341603602791574090247
0.13343565096203963138421
0.13345696288292488440597
0.13347985465633860346912
0.13350295518865681887455
0.13349451521510710683138
0.13351647576359185198847
0.13347216037855935688583
0.13345003871400720751872
0.13342920980215625115228
0.13340978506448311624588
0.13339948770287793355926
0.13341227684116255258751
0.13342287897984900224557
0.13344257121908412178080
0.13346492421582878407094
0.13348733590558892192490
0.13350865650059101641389
0.13352972336570570477399
0.13352221972227648616460
0.13354391532121695496116
0.13350105901940587105337
0.13347945155968532482404
0.13345762246583989241167
0.13343695516928599786866
0.13342462721716577545017
0.13343751593377364828008
0.13345170268461059581711
0.13347259792892093854810
0.13349351624864069787435
0.13351425559845803148207
0.13353617044831056492882
0.13355925411841637617805
0.13355065228592524761986
0.13357509091372130050068
0.13352783016603717025639
0.13350704684168276936695
0.13348687498281500141140
0.13346619211262922277683
0.13345161479013289973494
0.13346536830700536646610
0.13347982884543635462293
0.13349950580047459380850
0.13352072890827862416963
0.13354303182811569361554
0.13356655837533579211929
0.13359002071179421067271
0.13358242387012492224940
0.13360418860875636348773
0.13355878389152442409227
0.13353474547976415531814
0.13351270715161400737259
0.13349314990846852801987
0.13347804855149156266769
0.13349051614485854533321
0.13350607513179554852734
0.13352706244619158559850
0.13355033979163924429123
0.13357432066877394927218
0.13359683631744287413134
0.13361694577163257813268
0.13360934726598619470828
0.13358860571275296691418
0.13356641752184919558211
0.13354279757411222084862
0.13352024910919610412030
0.13350301254542071283105
0.13351610929519830417433
0.13353522112509685904058
0.13355870478440889925764
0.13358167575181528752282
0.13360202466465098680715
0.13362119582455331268100
0.13361387267039137594082
0.13363354092665416517072
0.13359472892035384461451
0.13357389199645089417068
0.13355161332665282936105
0.13353083334972701279320
0.13354672096215489118798
0.13356748679882327057733
0.13358745583898623543462
0.13360650830777359709955
0.13362591557299574596129
0.13364690711480789464538
0.13363837177612628015488
0.13366113597234705046013
0.13361819460178017693330
0.13359982096947040086654
0.13358167151801791927568
0.13356181249832849156078
0.13357563591091750621054
0.13359344355067837017970
0.13361114212199617923282
0.13363090659132090265437
0.13365270874668941369912
0.13367536603730273414570
0.13366716894747429633661
0.13368962936912248684607
0.13364481610318867943477
0.13362303626552093915869
0.13360455053231110045253
0.13358810066881990352705
0.13359958687253226106151
0.13361649187243293535055
0.13363624914780042329809
0.13365898454583000076745
0.13368194816582956718776
0.13370385845271215430330
0.13369584906995010675779
0.13371812863919171898708
0.13367361752461515145285
0.13365115697597584887291
0.13362992030228934559055
0.13361123048925205303306
0.13362371168301975798975
0.13364452731384490746791
0.13366639175289726781948
0.13368854459941545420598
0.13371012386802239024775
0.13373267791460213826937
0.13372517584906593035576
0.13374796757313034412107
0.13370310304298996251227
0.13368117672512877525115
0.13365933484115039009410
0.13363789714030718802640
0.13365348738241808468352
0.13367430811756847441885
0.13369543099628589111205
0.13371796462435292518478
0.13374071337757850730377
0.13376337481401096018985
0.13375591990911372963780
0.13377789559107761130363
0.13373263326391393590598
0.13371012224736564255601
0.13368938271976790743700
0.13366885734086184078784
0.13368355353323932432907
0.13370420208903791015054
0.13372521471953868754667
0.13374768845806264683240
0.13376976407575214000900
0.13379093906875325070693
0.13378266678663611188860
0.13380258143167297890663
0.13376220822560808132451
0.13374040875204007416954
0.13371857905448461534270
0.13369769881353354978870
0.13369139766977022887318
0.13370485387996536297273
0.13371220778710415921786
0.13373298977379396990095
0.13375418703776631446090
0.13377546790992833614098
0.13379498442862380880314
0.13381476671957437396543
0.13380748807081430107324
0.13382852914979201375267
0.13378721266427354152917
0.13376693753978480261324
0.13374714569473566960767
0.13372692796827975736385
0.13371910951468748973703
0.13373305649151212559644
0.13374133791675957283474
0.13376042307763325034387
0.13377915817280786048293
0.13379915457410290757778
0.13382055358022038049626
0.13384332760642658755046
0.13383497488065707048399
0.13385867832840522839710
0.13381235329252455512616
0.13379156468430036808215
0.13377295510943759682121
0.13375420445474045516576
0.13374588167055337373235
0.13375784758731359969097
0.13376643690767509031758
0.13378473683627384316353
0.13380483100685022779253
0.13382733097521731790991
0.13385049760323855516653
0.13387315115230838391547
0.13386571578496730960950
0.13388709805781373596290
0.13384302844083764694183
0.13381911382038425006868
0.13379770457515130499537
0.13377848504995923373251
0.13377007932028239789446
0.13378156900254042915854
0.13379184340426139576685
0.13381212742230749745964
0.13383442039373041887451
0.13385783544252702337296
0.13388002456174175058834
0.13390022284860553236641
0.13389252381154978510658
0.13391336151786262242958
0.13387180806997500681632
0.13385005250909026708328
0.13382802523778974945756
0.13380596717705595111170
0.13379399641749983862482
0.13380810489555883258106
0.13382143012345606991609
0.13384343763656517123373
0.13386452475334742473478
0.13388507125552545629077
0.13390521213526096477864
0.13392638778442259028800
0.13391841856346758943275
0.13393981756811268457596
0.13389788250964157478862
0.13387765357327097159867
0.13385783531997466622165
0.13383703919080336408598
0.13382338526769738118460
0.13383751536731605669139
0.13385222965990845045425
0.13387116801521320441637
0.13388976407697014692211
0.13391070347947534036059
0.13393233563316639389562
0.13395374321441966269930
0.13394605805548551180628
0.13396678771531073115497
0.13392406365592582351276
0.13390274673200516786231
0.13388374238977107655302
0.13386550814026010325364
0.13385114864299407777537
0.13386378198537215999941
0.13387770112888891516079
0.13389628917142729069845
0.13391617152769533238832
0.13393800097660005232747
0.13395914402259576081455
0.13395173622782702294032
0.13397196832336638605554
0.13393030106649705945898
0.13390920003440459629118
0.13388938686515197695748
0.13387482489664515039607
0.13388591871583016557068
0.13390248494642489895945
0.13392268664494902385975
0.13394354100610644797698
0.13396492972088722139823
0.13398516001593580027063
0.13397738694071129050833
0.13399900121971072830540
0.13395666477716713926860
0.13393685223391538219317
0.13391633766965652108105
0.13389809013388198621897
0.13391170419544717873350
0.13393031699526886102447
0.13395044910121167713868
0.13396965045033290553356
0.13399063193464930132670
0.13401363025249746208090
0.13400527328676836713583
0.13402842834564349105975
0.13398316625951495195679
0.13396351772070894114997
0.13394361910925314806953
0.13392455810516648573305
0.13393811020267140654560
0.13395672183071996586001
0.13397615251805491953796
0.13399715025626202091757
0.13402061419132310637892
0.13404352596355911808601
0.13403540692053228511327
0.13405697653860659812608
0.13401182635219374694735
0.13399013027023393140880
0.13397017842405747889423
0.13395095326770239951841
0.13396419363878703245874
0.13398398216167944907440
0.13400484411894936220833
0.13402630777426680075415
0.13404869865731430800260
0.13406934240871054564437
0.13406077678816555320829
0.13408060458286480409740
0.13404052500310198459132
0.13401996554281997431346
0.13399811326797514410281
0.13397692861015494947274
0.13399131256730778538611
0.13401237817381808636874
0.13403348601772874237881
0.13405320615722721155905
0.13407297076330107477027
0.13409321287532463551351
0.13408580075392256825140
0.13410714099404927313053
0.13406525218755482864452
0.13404631501906602575325
0.13402655413975159137685
0.13400579958132455282716
0.13402051259289243789752
0.13403996063229101087799
0.13405836743128951571435
0.13407745013335201078597
0.13409988161957037133831
0.13412263235675878081388
0.13411426118839017695983
0.13413711760647928361578
0.13409149823996754924416
0.13407149115078959011882
0.13405256043100380325406
0.13403363604107693118905
0.13404604249459009523981
0.13406506508732929372485
0.13408517578634190914322
0.13410634276031346834301
0.13412909163679123669688
0.13415068406234831321910
0.13414273343916296998835
0.13416315276387838495431
0.13412146745473030318152
0.13409987020817507041848
0.13407835035438914195183
0.13405850632238916486649
0.13407208725155161932463
0.13409292549931248195172
0.13411419457677223321390
0.13413468364564540280526
0.13415577953714413750319
0.13417632058045217413600
0.13416803723437648043770
0.13419016555957974379254
0.13414720574990157686557
0.13412802130250944809831
0.13410773129300748718329
0.13408638304463627033414
0.13407951148197616575430
0.13409385845730312225577
0.13410068119719156798375
0.13412142560669132462792
0.13414053811751852629541
0.13415943801968682747017
0.13418137712357067203861
0.13420498001218289507719
0.13419604939798349119151
0.13421887696177337012671
0.13417287570495337045706
0.13415280036106635996873
0.13413346232258421819594
0.13411431418860458864017
0.13410708825725808912566
0.13411980445078278134652
0.13412715665381277907464
0.13414524723341814116395
0.13416512245256329016740
0.13418754013305045358351
0.13421121516913744886601
0.13423220991930370771250
0.13422480335251324445878
0.13424358531781896419766
0.13420241176833236362853
0.13417983697301708034821
0.13415835879555790266515
0.13413906671964109795780
0.13413167932072034282953
0.13414273292140643789594
0.13415159798724662909564
0.13417271299381658411498
0.13419525602631363070394
0.13421643061832264076649
0.13423631474800634677536
0.13425454769418196376840
0.13424659487782675260092
0.13426612715880267834301
0.13422877917887165999389
0.13421020051275292517268
0.13418826103051942344457
0.13416506479110476557359
0.13415492533892159343623
0.13416917995703406263353
0.13418092036825848833992
0.13420281343505857662990
0.13422266880270961042498
0.13423966478389476320032
0.13425828497682634754540
0.13428024068706934102124
0.13427195367802213787911
0.13429599190461738444924
0.13425057741516852050090
0.13423326062700710603615
0.13421631939853725934420
0.13419662958179282008508
0.13418446541171194508202
0.13419863763874870232762
0.13421089993304510801231
0.13422760550873355511747
0.13424364648114039955118
0.13426302325426192618707
0.13428773305591734654740
0.13431157701018842098861
0.13430257324497696380661
0.13432407157872183756098
0.13427814622101355568340
0.13425636286991926571233
0.13423809991941446084773
0.13422199944375637348237
0.13421126075684269851607
0.13422177984801964001349
0.13423182820353368738253
0.13424929250416584025629
0.13427086841477675616119
0.13429407021423164780849
0.13431599057445975375913
0.13430838646881435027858
0.13432669562817525776843
0.13428641997404186514409
0.13426278193521609671812
0.13424245652895430702678
0.13423069372429080603482
0.13424042397102342594195
0.13425577082100023651456
0.13427816746495838118314
0.13430066675471186155022
0.13431959553708666676997
0.13433650446282910384532
0.13432902774975463700002
0.13434671070718567920110
0.13431283373448385520810
0.13429356741149126031054
0.13427090179985284867925
0.13425311188202881940157
0.13426766887716137799380
0.13428605117425918002994
0.13430675363225219598462
0.13432313974785045629368
0.13433882566148563908470
0.13435766661664760857064
0.13434990006294914022256
0.13436795664933845473321
0.13433318771985547357417
0.13431704163691837727868
0.13429974661703003580016
0.13428248639564124844448
0.13429599230774824647483
0.13431118603123548549405
0.13432675111742986562291
0.13434322630204895143713
0.13436036423066813338956
0.13437592822075916654256
0.13436796829947997289345
0.13438317676565755820484
0.13435315882542850363102
0.13433672997785611746835
0.13432134390033864668190
0.13430759834444266909159
0.13431686110757029561924
0.13433105145518178802355
0.13434658593303328011359
0.13436097120629358903088
0.13437454619178126891121
0.13439614485940648558326
0.13438671166340707130438
0.13441911498044667450102
0.13436764701203002259078
0.13435444163509735471251
0.13433985565451175836493
0.13432578214421678208801
0.13433478286266184453801
0.13434764378200791945517
0.13436046661918346623033
0.13437900293866891776595
0.13440969312372502697528
0.13443770171741917240915
0.13443352173971234719829
0.13440079242173796902904
0.13437087287984889050207
0.13435429818838628968081
0.13434272994593726702206
0.13434919735841802101994
0.13436430344420466354016
0.13439233612759524105762
0.13442747626000500771326
0.13440920406984491197733
0.13441819131082391458598
0.13442098627115547926358
0.13438412892443085677741
0.13435807557885898200212
0.13437647318123438489046
0.13441313016001565916469
0.13442268697092227269785
0.13431272935008414792790
0.13442331614883692991746
0.13440577623693769626634
0.13442241239381705342204
0.13433779123977498959341
0.13401940310008630952154
0.13435791837325622433141
0.13421027959358797221334
0.13408355017719672530596
0.13372998787701920186954
0.13266018097275963927295
0.13257679323191379205937
0.13304620917054998940898
0.13300796458583827308608
0.13317791364065301173980
0.13296158800304846980822
0.13316403136639060056368
0.13320250638024094813616
0.13319707405440092684579
0.13320195413209603985116
0.13314655309182718556649
0.13290817121460743455152
0.13312433839322126982729
0.13318916925033136289258
0.13319697556348461531250
0.13320869711681140867832
0.13320157611316479906449
0.13322423455336690478745
0.13319085529158072866984
0.13318149260350356510862
0.13309720166507113536802
0.13306354846494888866104
0.13317118866138691335443
0.13318579196430710420707
0.13319513635920254834843
0.13321716980147127462608
0.13324323739292701085368
0.13323666372269465929534
0.13321010610968536669318
0.13318891131744281519644
0.13317981148835447702261
0.13315824240845713921644
0.13314710935657111945396
0.13317377180912082224040
0.13318258991593875939508
0.13320251011065351032236
0.13322926957620928600790
0.13325553595533606854318
0.13324766660395920281346
0.13327254318173920033530
0.13322216498571845533228
0.13319586242294931266450
0.13317657154979345435208
0.13316698468698273671862
0.13317059775195769222300
0.13318838970956470291185
0.13321503981926183235451
0.13324094577850176257527
0.13326487636999892472112
0.13329019250876680824369
0.13328205983751803542781
0.13330821081460814125919
0.13325765132662473200220
0.13323387785630719237773
0.13320753326240022951232
0.13318177782530424280161
0.13320089973401511018736
0.13322703837559068951180
0.13325016473889192414326
0.13327384129838829029957
0.13329999706136635984066
0.13332556090167907436594
0.13331727680732716190271
0.13333973041776098211741
0.13329168159775048319027
0.13326656312654494573877
0.13324328771177834651596
0.13321974135050473897479
0.13323597079560883793548
0.13325839196040623058082
0.13328363631446735193542
0.13330994232950368894031
0.13333292123156106900872
0.13335182260101563489485
0.13334583185441095665169
0.13336369294099917337526
0.13332631267079211867532
0.13330185954862047714720
0.13327497463379456288379
0.13325060311989700423396
0.13326701261692605604559
0.13329354779865748570344
0.13331870293818709471978
0.13333945643307287820534
0.13335793901986475740173
0.13337798720746302238993
0.13337056475365727248317
0.13339434488808576961816
0.13335147487020626577703
0.13333349938319410954435
0.13331155700519761730938
0.13328494095731510671321
0.13330314951888577734707
0.13332657331659292232473
0.13334556272158262779648
0.13336424658998183301328
0.13338649463733021072187
0.13341200219669888116236
0.13340376409286344716598
0.13342853881494121104367
0.13337930908984052535970
0.13335771098265425393947
0.13333888156569997929246
0.13331911009417399260890
0.13331286035402831191554
0.13332645631552844656120
0.13333278707841744736839
0.13335068391149879074575
0.13337139678946635656942
0.13339598026458954205253
0.13342127994801381007939
0.13344345341391705694889
0.13343587539011622644658
0.13345600629388593150182
0.13341280263825147645029
0.13338798143778018978622
0.13336455267459121354356
0.13334443167973225596867
0.13333831748176649956150
0.13334948515563110893467
0.13335707994847106894198
0.13338019349219856768407
0.13340520684800097339640
0.13342845386553367492688
0.13344886326077903815346
0.13346803032715173764622
0.13346089726326570978898
0.13348067287822940052422
0.13344232607370054566331
0.13342134217705592380554
0.13339679760955308607251
0.13337175758107130962848
0.13336232323898122853478
0.13337733468327703234557
0.13338855495161061615050
0.13341279233648009605595
0.13343474562625878832023
0.13345483031738020196499
0.13347447202323425852200
0.13349532270591815685812
0.13348864658413739370246
0.13351080488906189036591
0.13346709738546549961491
0.13344762793731942962516
0.13342768126900247938060
0.13340535118971424966006
0.13339376998787311201511
0.13340850588855787672848
0.13342052198387394090773
0.13344102306929003787239
0.13346054125800510536948
0.13348132164005066524481
0.13350343574939704804905
0.13352556633192472212990
0.13351806919148570540479
0.13353903801224292768879
0.13349649923531334283489
0.13347491919691020778593
0.13345421774551527449582
0.13343372262063923905373
0.13342264748116058892258
0.13343542381613263114737
0.13344683609242649624527
0.13346759911698707901095
0.13348979361727969505935
0.13351165375823398351329
0.13353218361178992301674
0.13355223692622078535130
0.13354571921043528748285
0.13356638025866623964433
0.13352535426372538762685
0.13350430965396076210538
0.13348267010180006608699
0.13346093095266714501079
0.13344776463776070185574
0.13346064613564581624594
0.13347569784530963210578
0.13349766569161550244793
0.13351836404353245590926
0.13353852740020388800701
0.13355964160760452896781
0.13358166985941155591178
0.13357409549532814341255
0.13359745707389911184571
0.13355207814019989798204
0.13353188387918990542858
0.13351196144081164951523
0.13349020443374420841209
0.13347474057010882964036
0.13348849301285289903340
0.13350385854332011414947
0.13352460950199318556741
0.13354555463977926810237
0.13356725597152643847387
0.13358997428786689720681
0.13361233731099331212278
0.13360581192223808244535
0.13362645576139486891520
0.13358298263821113960326
0.13355955957833839931048
0.13353782755666368520231
0.13351719630774031011278
0.13350117591179377907196
0.13351364896966658180055
0.13353013893973678105631
0.13355219980292254433607
0.13357514260082495316517
0.13359849291457878694978
0.13362019562248420023742
0.13363916272245357497184
0.13363267720763216672708
0.13361275114144527398352
0.13359120956811088021254
0.13356795176591493290452
0.13354432871943511251800
0.13352615375916276896362
0.13353926250701134148535
0.13355931677401194912491
0.13358387460058582241196
0.13360645666202633496944
0.13362614280325207927191
0.13364449652820156733135
0.13363796205665973149124
0.13365681239481441711092
0.13361949744297221820410
0.13359907609584828480642
0.13357572450663196539367
0.13355400267556832849536
0.13356991022416550563001
0.13359161439758163170133
0.13361265380224468524162
0.13363126389354210155069
0.13364997523737473517080
0.13367014875428928633028
0.13366240120281364101018
0.13368434711274726489627
0.13364293786174616385232
0.13362503273822026739204
0.13360581451765982108348
0.13358502355144266648956
0.13359887520539942551423
0.13361760086269164338191
0.13363636576126247668128
0.13365563760566004369856
0.13367670815717630494746
0.13369854688808135989575
0.13369113797172965663052
0.13371278007498407780496
0.13366953475375761839494
0.13364827070263160524455
0.13362872113131890605686
0.13361137225592278898745
0.13362289091025941756286
0.13364067740934190697821
0.13366149427855159026457
0.13368368985468309650955
0.13370588528095719849098
0.13372697822628032415793
0.13371975342600117553360
0.13374121657881557490022
0.13369831041537547089426
0.13367641290308229784500
0.13365411991309658623628
0.13363456663586606443239
0.13364707942670273066454
0.13366873996278683112138
0.13369165767358368035467
0.13371322530764326308450
0.13373399561710766492162
0.13375573396720288887884
0.13374901483002862856431
0.13377099195104355522368
0.13372777075930999957087
0.13370645141233514219259
0.13368355963682396203573
0.13366129690298750309907
0.13367692044573928344953
0.13369854577475931423081
0.13372071332797935694359
0.13374261867928144420503
0.13376451844027334447951
0.13378636706073918083426
0.13377969025197222752155
0.13380085464025559538470
0.13375727400579084935828
0.13373541227577007139971
0.13371363208721562254588
0.13369232315956175449756
0.13370705146855307865472
0.13372846322393291962349
0.13375051244036115227765
0.13377231581512818991975
0.13379349930356482234473
0.13381386407147927153360
0.13380636682239724355448
0.13382547217668158689996
0.13378682195814750599538
0.13376571249862884149806
0.13374285043320913168863
0.13372122841180666963368
0.13371494545264930864370
0.13372844129717131878010
0.13373576979152870802814
0.13375727128495798479157
0.13377949540183198262611
0.13380006718269513155128
0.13381864843953547583588
0.13383762311697641744779
0.13383111491318827601660
0.13385135057213076725802
0.13381179679870394694241
0.13379225018984253203769
0.13377143703682661812771
0.13375052258991074194405
0.13374273608603926000171
0.13375672093341778312592
0.13376496453719005641503
0.13378472469383287379863
0.13380447473510734268665
0.13382372348615595436527
0.13384414318304579949448
0.13386611338941387105983
0.13385852759470301398537
0.13388142841693964624206
0.13383690774905651621474
0.13381688403793265407238
0.13379726456746823815003
0.13377786209317124588303
0.13376958166486180301646
0.13378158254112409997205
0.13379012595435713084413
0.13380905417484176278542
0.13383015208454163147422
0.13385187073726798057116
0.13387401321224873251836
0.13389586541775505557084
0.13388919308888733161744
0.13390977574848395015294
0.13386755270391112460082
0.13384443578124496920800
0.13382202974112952786889
0.13380220606232501312505
0.13379384721634107746624
0.13380536672922876961778
0.13381559637881410007587
0.13383646116992339858420
0.13385974372429260137451
0.13388234429860049190530
0.13390346284578891200567
0.13392286280289963928958
0.13391592285702222375754
0.13393596328793180849637
0.13389630160599247377107
0.13387537663662152365163
0.13385236601191219385498
0.13382975118898099431419
0.13381782119388635488022
0.13383195452398288782803
0.13384524593936050762544
0.13386778504325055894064
0.13388984785343907568667
0.13390954885489589343273
0.13392857220523710082283
0.13394895143917387447807
0.13394173876168510850526
0.13396234279677390888175
0.13392234300364477816991
0.13390297433324618858741
0.13388218883143521154011
0.13386088758265776710310
0.13384725754696805144484
0.13386140573724578106685
0.13387611033074181543512
0.13389552800150891775921
0.13391508268813828719246
0.13393514694458238944996
0.13395561523165286366144
0.13397622907532377722895
0.13396929690189152140078
0.13398923337741178163363
0.13394849030158259561851
0.13392806252846459202921
0.13390810770134287110977
0.13388941968808898419496
0.13387505292198786932545
0.13388769602236585964938
0.13390164321062220098568
0.13392065933439276093075
0.13394148306867117992347
0.13396241087171129047206
0.13398234245709408907210
0.13397612870051639477609
0.13399512570149257895125
0.13395560732331704412168
0.13393357496593052968770
0.13391336005880050130656
0.13389874561770900851521
0.13390984207244779891077
0.13392648954614427836418
0.13394706675844253451757
0.13396884134406311650523
0.13398930395366506762578
0.13400827546434446180257
0.13400174296431449638689
0.13402207466679819103383
0.13398195880589897077684
0.13396123718333355356869
0.13394037320370846821938
0.13392201152941185515743
0.13393562038468057040497
0.13395438252160821179793
0.13397483847048380356526
0.13399493712715834781157
0.13401497039617957240942
0.13403666196866739768190
0.13402959355139837382964
0.13405141822237742754709
0.13400844416693585836597
0.13398791033938192707176
0.13396771544702371081748
0.13394846548110778128304
0.13396200583314687992953
0.13398084891111247674012
0.13400054873623409856798
0.13402241860898883585307
0.13404491562104542401457
0.13406647334466550991472
0.13405968916429616966113
0.13407988065416778789007
0.13403708527990954024744
0.13401453091886064705740
0.13399433646035141531883
0.13397482610359950916390
0.13398808930955138918328
0.13400817008363771765111
0.13402924845441788193057
0.13405155655119896374039
0.13407296193725665167662
0.13409220329270271632183
0.13408502055681620346306
0.13410342215609880045513
0.13406576206582423993474
0.13404437260706633661123
0.13402233092294996152916
0.13400084641123763407045
0.13401525327537203158279
0.13403662541593949764085
0.13405789595769340705189
0.13407843020400439515427
0.13409719389341115403091
0.13411598696782367490243
0.13411000283304613800439
0.13412987105479012850395
0.13409046271275684714119
0.13407072823894233826181
0.13405083126082881217478
0.13402976130239796503929
0.13404449530909098853293
0.13406426543528318640064
0.13408278323509625895582
0.13410264679947209165434
0.13412406323955550213611
0.13414531884678781992193
0.13413842254531208042501
0.13415976075374308473798
0.13411668039209004299472
0.13409590918166158779457
0.13407689241851197814448
0.13405763825873698302793
0.13407006528108267318089
0.13408942438121246309990
0.13410959616893630697021
0.13413150882946281439168
0.13415323140089124853702
0.13417328351207952197299
0.13416685077802070757969
0.13418570768500448497917
0.13414661706980615663021
0.13412429329344963124804
0.13410273679373060917719
0.13408254798698918119904
0.13409614744003281461282
0.13411733796809846563924
0.13413862046642352487957
0.13415981655676934014565
0.13417987455838811805542
0.13419883089836251444105
0.13419210990210198031214
0.13421263179316517133444
0.13417232040571674955842
0.13415244943861501236704
0.13413216930973032026131
0.13411046043641822178571
0.13410309902665976111713
0.13411741218074674231175
0.13412477715177889558973
0.13414588853291553594005
0.13416496729365942619516
0.13418453328067270202695
0.13420542662959988877702
0.13422740252815107409035
0.13422007509991165652430
0.13424125512747636657096
0.13419795136242632094259
0.13417723096185962816662
0.13415794948852835521969
0.13413842715253354587190
0.13413060852170508030490
0.13414329086157322779016
0.13415128621978947287552
0.13416975798828542632002
0.13418955526334044869863
0.13421259573682020604934
0.13423521686828696064531
0.13425454319107776868236
0.13424878085729066712339
0.13426587365953138175634
0.13422744695926602798153
0.13420427133115953033382
0.13418289271439218235393
0.13416321107712123050781
0.13415513244542048854058
0.13416615496641831617453
0.13417575827880409700121
0.13419726883476792989036
0.13421969162158764454773
0.13424144454719108554563
0.13426026737553525824964
0.13427679146993840020308
0.13427052127917163404369
0.13428832626569117691950
0.13425376993308496542667
0.13423463727886050800286
0.13421283906153758103130
0.13418924046736974142746
0.13417831870397661786498
0.13419254607384994981700
0.13420511205869620208198
0.13422741331844531553763
0.13424710685762444861702
0.13426463175272720929065
0.13428218463291721751496
0.13430239497785192992474
0.13429582702158435192352
0.13431810167162375191374
0.13427552069586626282138
0.13425769941098308901672
0.13424093942698464565488
0.13422083529827111281207
0.13420780678431906696169
0.13422195676195280977794
0.13423512004383794660178
0.13425224418958942029789
0.13426808564367323506339
0.13428794217944198252646
0.13431158036373638808847
0.13433364274303585816916
0.13432639350930408728146
0.13434609286074328249327
0.13430303961325712469588
0.13428080176764520259347
0.13426275671495840891012
0.13424623330327239978388
0.13423456100048639094702
0.13424506285994472487566
0.13425607583441928616352
0.13427396754243356435943
0.13429530834279865270098
0.13431893775994740991564
0.13433978248790501286436
0.13433322800636496308080
0.13435045853736432563963
0.13431086147239665318232
0.13428747469666410530031
0.13426671608294343807088
0.13425396121763796819515
0.13426367968663710517063
0.13428004326335835072470
0.13430287670931631560656
0.13432510868925573443988
0.13434440979881223654502
0.13436023838475769087708
0.13435381304793539425368
0.13437041506479413532915
0.13433727479194451648326
0.13431829256901983704608
0.13429518766871387236428
0.13427635967088480395404
0.13429091195750039733348
0.13431035074113203964252
0.13433149438178756951423
0.13434758048668551944083
0.13436358141583260028540
0.13438134030454376710573
0.13437462633053753879864
0.13439159923857887934950
0.13435762812906013041747
0.13434179680946967128108
0.13432405839637792666075
0.13430572661941700407517
0.13431923231740025559411
0.13433550954030956670060
0.13435151897533575970911
0.13436766585110104799128
0.13438506066533337235391
0.13439953933432530197578
0.13439263339579585188055
0.13440675557969064546349
0.13437759697515902490572
0.13436150943251956579871
0.13434567909899192139633
0.13433084087331903511142
0.13434010769663815021424
0.13435539930013831733113
0.13437137680031310815743
0.13438540767475784520890
0.13439917861675448884640
0.13441969165911338279784
0.13441131203193756871173
0.13444263065510508869949
0.13439208169585456498218
0.13437924308990348287729
0.13436421540870727153738
0.13434903897611885636998
0.13435807759605095101918
0.13437201502168885647315
0.13438527682124001838559
0.13440343701911453000442
0.13443426396119007026897
0.13446118546156440864969
0.13445806174685903666699
0.13442522711613691388521
0.13439569170722703850274
0.13437868027105281942823
0.13436606255195507331202
0.13437256833614941164967
0.13438869750555768045608
0.13441716463698763495138
0.13445191172143092228630
0.13443370376415986200413
0.13444262144262875136036
0.13444582586673323176818
0.13440853660586982165626
0.13438148381490994109910
0.13439991993594579966498
0.13443755262250128845736
0.13444753171809833980355
0.13433755702973504408959
0.13444774907077128300870
0.13442926312273725808488
0.13444593780410316052887
0.13436221763056874212161
0.13404378117591131402975
0.13438146727439737038168
0.13423358162985657426880
0.13410708480249231011605
0.13375321251372526698553
