0.30006559241265129411858
0.30007158700300962106411
0.30035994986652547744654
0.30035260472014663202245
0.30045439004402407778827
0.30033626659880824361082
0.30044567729510429643369
0.30047694879781006171982
0.30046919024762097638614
0.30048754872042554575629
0.30043424927099765531224
0.30031344943755272636210
0.30042057898204382881957
0.30046146929268086056553
0.30048080968082802044705
0.30050533814999524917511
0.30049850833234414970718
0.30052867089162660363399
0.30047493833995148060367
0.30045490879481889789915
0.30040447067720504881194
0.30038727751717514413698
0.30044747729711523964724
0.30047111523947217515129
0.30049331570068937846685
0.30052196494305494223198
0.30055216107436116823592
0.30054535511738889042022
0.30051644468566390822062
0.30048917821719289822369
0.30046684365343423461781
0.30044089637960946781448
0.30043835622541431584764
0.30046426608073129038701
0.30048508492290776361600
0.30051146039485754357656
0.30053920241713821814855
0.30056714471430401314223
0.30056053849904551533712
0.30058760617168317486048
0.30053387346994236972719
0.30050651086194363204029
0.30048264261884100045918
0.30046367189767353433894
0.30048172920246102313158
0.30050280790923827867189
0.30052840422308618739677
0.30055496424229166674280
0.30058094958521419659547
0.30060934511911757693881
0.30060243509268053108130
0.30063153546225873657960
0.30057532359692945567176
0.30054925381072611356714
0.30052407270151521023749
0.30050085036456036791108
0.30052161564742352339863
0.30054490925771970566416
0.30056928350865280696880
0.30059612879889091585639
0.30062469688156934211065
0.30065374847955134152144
0.30064667706201636532271
0.30067385931982654190264
0.30061840103588410855195
0.30059043101824922672449
0.30056497843501411848521
0.30054201266109414891758
0.30056253849386588283821
0.30058572265341287899076
0.30061257568103666448778
0.30064086419243429837422
0.30066776328870142842575
0.30069271151550081011550
0.30068688610574950681453
0.30071154564889740479217
0.30066216693258407399725
0.30063510614174526747178
0.30060786895285052100490
0.30058306237305471020349
0.30060517288905980182179
0.30063031886434526951390
0.30065665101237215584007
0.30068146962178060599413
0.30070595950022988018802
0.30073165248693667361835
0.30072553000198160022549
0.30075368036091770784779
0.30070062891695364948319
0.30067650298525583352216
0.30065241810195514338133
0.30062734999793777612709
0.30064941092417535317693
0.30067251338137568339448
0.30069584069227384137690
0.30072013797935304157960
0.30074728078757245741670
0.30077629867739602564924
0.30076960549796794008870
0.30079836517140873253240
0.30074164371543743445869
0.30071520421054487304247
0.30069166730907687101748
0.30067015265059843232009
0.30066385344164558990343
0.30068317740645400526489
0.30068968258507294821769
0.30071119367398263522162
0.30073609926104749590081
0.30076359108520711593826
0.30079217321562035092342
0.30081912802745253143755
0.30081233789562505931414
0.30083798658959975957927
0.30078546993545546284210
0.30075793330447908591196
0.30073161484325555692365
0.30070907894602888488222
0.30070192378489124518381
0.30072085571015677585294
0.30072897129222553314065
0.30075314835769467736171
0.30077961819416343391964
0.30080602668194839077742
0.30083142725903422309841
0.30085623826086138610236
0.30084972215183503063685
0.30087517734905161459480
0.30082524559651629969537
0.30080046554196648855850
0.30077435842724448145091
0.30074990505660131878685
0.30074017781014061867495
0.30076053795813462166109
0.30077107676836256633379
0.30079492322078826838094
0.30081941375834730934002
0.30084408521622635346304
0.30086898134289347117587
0.30089568685502943168331
0.30088965824578706165227
0.30091707169700115942490
0.30086294166105592706728
0.30083846875176856183742
0.30081449811451455023104
0.30079192835508028469604
0.30078088298634048092239
0.30080039155585647225877
0.30081159562645615190846
0.30083369207984639315256
0.30085776694063465219742
0.30088362850090244471346
0.30091075133961753262923
0.30093876015464771089825
0.30093243036275701962623
0.30095930918805524623139
0.30090512163812305201915
0.30087858060956063077640
0.30085335768860999028362
0.30083109441514765958203
0.30081939004331142983872
0.30083842630028656550678
0.30085078250047381231980
0.30087402038909250023835
0.30090013347409422239664
0.30092675557038589539971
0.30095332871085755943596
0.30097983266226580045810
0.30097363599892207330910
0.30099979406581300889201
0.30094763736353047356431
0.30092157692505416832773
0.30089558442569902529939
0.30087166350668786973799
0.30085788419242098790107
0.30087789697522449028355
0.30089322080742897380645
0.30091693086990295435967
0.30094215291658193978108
0.30096755139411129897908
0.30099352048811517379434
0.30102009818721231493299
0.30101321254139712380038
0.30104069890010554111370
0.30098706812995984494208
0.30096202163374979887678
0.30093760559213156291491
0.30091405979481838928180
0.30089860799116352474414
0.30091842128634910258356
0.30093452020159294768575
0.30095679927966673128381
0.30098175818821476523723
0.30100720750003034931197
0.30103386286472383348567
0.30106104938576144780527
0.30105487671094710577790
0.30108177627472937354369
0.30102784186325137749662
0.30100112736510159505698
0.30097623220756525297404
0.30095381283690086915428
0.30093761156717668825422
0.30095602658196440870597
0.30097279555608891232765
0.30099574699041037328939
0.30102193591374887260415
0.30104857252028682790268
0.30107553170931489194828
0.30110171380568218069129
0.30109544178523633961575
0.30106945598112744288954
0.30104289477934831342765
0.30101647094122491177259
0.30099251139910648822351
0.30097445857664145707489
0.30099316090589950389855
0.30101291164505716846378
0.30103774088141671549934
0.30106421041892006407181
0.30108960841837029143164
0.30111515114340586807273
0.30110954459168171037931
0.30113473129121626215010
0.30108450005710091224032
0.30105904581304954170662
0.30103462618793175309406
0.30101316429774360727833
0.30103434799463346660531
0.30105609331300753339633
0.30107965872297137721603
0.30110421168429069016526
0.30112900194532093989253
0.30115495582680523733998
0.30114860358846207155636
0.30117523561090508987803
0.30112362310812251786629
0.30109933806136884859583
0.30107700549009225321484
0.30105516388774516967075
0.30107565871897451481587
0.30109642964751759386388
0.30111843640149915657389
0.30114311593008152856399
0.30116923885188556786474
0.30119589069595187336148
0.30118976546452730369552
0.30121701455215993403769
0.30116361869669761031076
0.30113781141098039384474
0.30111569060519521867647
0.30109532166700109234725
0.30111448871192919574113
0.30113463901264253541612
0.30115782521419054429401
0.30118417642078942897399
0.30121109275638935365293
0.30123771653753389498931
0.30123177817165408542976
0.30125876799795442417818
0.30120524332198284067630
0.30117859295584031853465
0.30115472055485026370292
0.30113341493935591453024
0.30115305271105741180548
0.30117538627541867723991
0.30120000793271745065383
0.30122631963594692638964
0.30125251931356150647545
0.30127915078866696063642
0.30127322106354637032410
0.30129982318572928745581
0.30124709024192891648752
0.30122088097261029426832
0.30119654379852922598815
0.30117379707906083430302
0.30119485274254154116846
0.30121777683367462197239
0.30124159471058520320952
0.30126777381334968186621
0.30129404606418935808065
0.30132055474351487900364
0.30131474303488536836682
0.30134095850235848024212
0.30128832073639816302446
0.30126213870560775154317
0.30123844432476704069401
0.30121622576077478061762
0.30123677266310677769212
0.30125918400732371038586
0.30128246572962019689257
0.30130889530702609224733
0.30133492984601617514784
0.30136128920755245186314
0.30135530752125022635468
0.30138122891519897317281
0.30132942843826920897854
0.30130350318923104779856
0.30127929209954429357055
0.30125713192872161094726
0.30125019209550751853044
0.30126951892184938852637
0.30127752645338901071881
0.30130003603432625736147
0.30132376774591840273843
0.30135027481225756806893
0.30137567409860266387511
0.30140193900327666431949
0.30139666185062619074841
0.30142297286420588475764
0.30137038071271460282219
0.30134440203899187649128
0.30132073314532864527493
0.30129824008584915606690
0.30128955051120909214291
0.30130961947995826832880
0.30131912626461931914434
0.30134128411456789775613
0.30136476354298413760091
0.30139094618275941162011
0.30141712430114214749111
0.30144415201036162121895
0.30143822143299348059742
0.30146501096816780140841
0.30141145033178051715339
0.30138526607987325967031
0.30136207926490515829343
0.30133975694947551238201
0.30132972325949131109368
0.30134950925294373691443
0.30136020879339581179934
0.30138220339735594111019
0.30140585086905180567385
0.30143243107993256124644
0.30145899707703271985793
0.30148544500961133030259
0.30147968563479676795680
0.30150553181614864195481
0.30145367275099882453659
0.30142636623203172829832
0.30140262616906560166896
0.30138022680564452437935
0.30136914670003944749510
0.30138836123834983338199
0.30140062956524316106766
0.30142293632145628068386
0.30144714379926434988377
0.30147395930578274603207
0.30150021226871565049876
0.30152566373647093911359
0.30151987332421370524571
0.30154611891052607308694
0.30149409736403443016428
0.30146779079404695256272
0.30144385063597028961979
0.30142069575055502328453
0.30140745044198574698058
0.30142704767144301580828
0.30144145164930363778311
0.30146444837050395681999
0.30148829924891329401504
0.30151437938579872533040
0.30154030312414425996081
0.30156657593250324467249
0.30156109350921850298377
0.30158775114144187323717
0.30153488955668861226656
0.30150856109095613977189
0.30148516922917650839864
0.30146218304002431187527
0.30144691177919918922967
0.30146684314312727215324
0.30148316054528861984707
0.30150564286329339935833
0.30152893324656576679033
0.30155565738924172691782
0.30158228705676615177822
0.30160851187750459256876
0.30160322204112749444604
0.30162882215133662855422
0.30157655263692434433054
0.30154958689701577556619
0.30152625711105818240299
0.30150369365945489663616
0.30148693607315540932134
0.30150697268193660249835
0.30152404638878055331830
0.30154698303412902360421
0.30157059991924295427879
0.30159739250857714454312
0.30162346037312437463385
0.30161804037471778849877
0.30164372903736186293244
0.30159151457658722739197
0.30156747429711577845879
0.30154470165754027055627
0.30152640967625021772847
0.30154588158741973957788
0.30156498076465876323482
0.30158825048982840222322
0.30161182141162135028623
0.30163842090482523294881
0.30166407411340467881189
0.30165839027681851103324
0.30168507995011251132667
0.30163223222190632677453
0.30160870585531468490714
0.30158576186058810852941
0.30156551951962323743217
0.30158547452615713790891
0.30160611051095487233908
0.30162918701719010350359
0.30165226589253874012186
0.30167913830813847253509
0.30170650259987208396950
0.30170034575306670099337
0.30172800172149311093150
0.30167312287961323136187
0.30164956864659453472655
0.30162626851154356044660
0.30160507051407969836276
0.30162456251654601313561
0.30164671834993306287487
0.30166983124587004594375
0.30169419758312038259973
0.30172227901969206342869
0.30174938896328457049734
0.30174327165984093923612
0.30176974756088020823697
0.30171541770968646201112
0.30169104126019657963198
0.30166730119837703583130
0.30164436683709155984090
0.30166485592150449335236
0.30168825904451812558449
0.30171212316895501537317
0.30173658221664861889266
0.30176345422116013228475
0.30178926569065611662523
0.30178325275740225386301
0.30180871786250318411504
0.30175706073400926365835
0.30173349332257914934274
0.30170924961363171368234
0.30168546210186464318070
0.30170650541800098087819
0.30173020020712304489763
0.30175375697742429226267
0.30177711740315082966646
0.30180285872107315281454
0.30182919435307542510571
0.30182378555221717197909
0.30185061762733200740882
0.30179700604726023005497
0.30177388416964889827909
0.30175075241646981405452
0.30172745037653098121311
0.30174831656049200256930
0.30177101151679730506316
0.30179389390289668160250
0.30181750458794759373049
0.30184517570233881933461
0.30187325049796881470954
0.30186733708135193854361
0.30189510339619390899557
0.30183907713667074146358
0.30181484358397681067032
0.30179143016044907010809
0.30176882111621661231027
0.30178917852292319601304
0.30181220278205672657990
0.30183634587314134289926
0.30186120260098442402708
0.30188941894168536128618
0.30191641913290234722211
0.30191043500839531699143
0.30193659821301405132843
0.30188351405407498617706
0.30185850413102205402893
0.30183362455207812802271
0.30180977000401987275779
0.30183131817254460482758
0.30185534031122723819252
0.30188007866480487395577
0.30190403207410004826627
0.30193083992366598344859
0.30195641350612861808500
0.30195009022092444972429
0.30197687509887810586307
0.30192400673288433132768
0.30190060156919223954830
0.30187709670470785905394
0.30185279708746798332797
0.30184559660903315103653
0.30186665104014787086584
0.30187416092200897166364
0.30189747239203584827649
0.30192058380178654619641
0.30194339175147649756425
0.30197027781842744609264
0.30199774089488534700720
0.30199148743972276109915
0.30201936966789605376604
0.30196361958213174814247
0.30193988624018974764596
0.30191713054042929043064
0.30189446481782172826414
0.30188616514399918555611
0.30190557115623023465290
0.30191402003504591577965
0.30193610059848857707365
0.30195983159419365060572
0.30198491677556060786003
0.30201350010555116920585
0.30204074950953097022932
0.30203521624370277542937
0.30206134719394317489360
0.30200703213235080557553
0.30198127346778802504446
0.30195646565700151597866
0.30193361964352966042568
0.30192450847648288903002
0.30194340930925889221470
0.30195365741804275350191
0.30197825555307133971183
0.30200370016203209599936
0.30202894881790798287113
0.30205596273620305414198
0.30208157377999333981222
0.30207588184620359772481
0.30210142223767300073689
0.30205008572860519988623
0.30202628324571112461427
0.30200067654613943490816
0.30197520711721753672307
0.30196338603033617831173
0.30198504218645688679246
0.30199785976492177219654
0.30202304165342902519953
0.30204704702586454567736
0.30207010957793994920806
0.30209575319166870333021
0.30212244544111044319834
0.30211629043334958799605
0.30214396309914010041453
0.30208930437474451613511
0.30206690031709737542798
0.30204428023455376361994
0.30202056857200926254237
0.30200731752209430958089
0.30202860350224641772243
0.30204215600058986757048
0.30206395489240756013771
0.30208565697044836850793
0.30210942191589712502164
0.30213774438837548430570
0.30216599900619867113960
0.30215971649073614102576
0.30218686908228298282353
0.30213061391369150365804
0.30210578748655220193697
0.30208298937777489090450
0.30206154112857380722446
0.30204867642382027259629
0.30206691069423458051446
0.30208006020654398771086
0.30210201733676012025853
0.30212698901240958582193
0.30215303774535129388568
0.30218085848970066553676
0.30217456333433195814209
0.30220077928198368910628
0.30214878001546502384045
0.30212282223356273780368
0.30209888901497572444299
0.30208454388749600427744
0.30210262368563212120876
0.30211960589414527111884
0.30214461953367754976085
0.30217077455539703700893
0.30219450743937936731953
0.30221957076285377308267
0.30221349676798658911991
0.30223805487438970551750
0.30219102487670035372957
0.30216706967094625335690
0.30214154137268245392534
0.30212298336100390505621
0.30214427183285341715901
0.30216375877179751929802
0.30218800909154569511728
0.30221019288185491102894
0.30223174794817314614548
0.30225735690649224718385
0.30225118271000134262394
0.30227697200649333852951
0.30222870084195951889683
0.30220703098072598802304
0.30218486997611648803286
0.30216596216420932297098
0.30218664159294750248819
0.30220460993675851701923
0.30222553230342596997104
0.30224776868894093206919
0.30227125312438252180414
0.30229706476222784061747
0.30229106299987151817987
0.30231675886900016836378
0.30226781088986431900167
0.30224465269781575216257
0.30222345588635851632020
0.30220570823044268227164
0.30222367472211053573972
0.30224238134909503505909
0.30226459372690728244493
0.30228764176621147896640
0.30231042063537122421835
0.30233769697759738104281
0.30233012233483214092900
0.30236044160508135369980
0.30230646503053848483944
0.30228413010973298469253
0.30226185059155613599202
0.30224188172717669775835
0.30226139549391861649497
0.30228088596247082442403
0.30230206794774666656522
0.30232505367308387667080
0.30235212623529694742075
0.30237923156109797195867
0.30237382078129909634967
0.30234624314982827542053
0.30231972899570952462156
0.30229881146525794388680
0.30228027438314453156920
0.30229731385956887246280
0.30231578396536862296529
0.30234090468721958044895
0.30236992647712340742672
0.30237776800202836868792
0.30238221797824138548094
0.30236622518046418761628
0.30233624132657238581245
0.30231377062916992004560
0.30233383615506753683277
0.30236330422229101833054
0.30238523597728261815831
0.30235794593722292722404
0.30238723130508787795279
0.30236235237792802310608
0.30238964017239422510386
0.30236941523408517040750
0.30221935211084793859726
0.30237659750595358154612
0.30229562415534949604279
0.30222909868523678555974
0.30197617295270262616214
0.30011535837870800813576
0.30012501793973872521448
0.30040967133498169827632
0.30040600336186684682360
0.30050403303816219935385
0.30039090761595738099388
0.30049900958026759534292
0.30052650206867809190570
0.30052244146865819685033
0.30053701089045015137913
0.30048884110813756098679
0.30036896129658158249853
0.30047609824963239510964
0.30051599885719171290077
0.30053397468223663757669
0.30055470926101190975999
0.30055158649361424227919
0.30057795039275597703821
0.30052940430869079513343
0.30051042248583714755483
0.30046095499408703721755
0.30044252202057464273821
0.30050395894831483101228
0.30052661793423030012207
0.30054771982972766641851
0.30057495675714929195266
0.30060134897448959057087
0.30059825942197426762448
0.30057078709664036830773
0.30054466685092351418973
0.30052331525887943097786
0.30049620399189336250600
0.30049144513855313709527
0.30051963321221669689365
0.30054154597074284049896
0.30056693480339302659843
0.30059348218088655091407
0.30061995854680334527842
0.30061475543684318401105
0.30064032694698028524982
0.30058933285455058381785
0.30056296313229008410062
0.30053806766897467328548
0.30051673517409677183210
0.30053478408676431721247
0.30055829054861360472017
0.30058484501366683483425
0.30061040666788424458034
0.30063510527737291599948
0.30066197264256200316623
0.30065653015370202849610
0.30068406918111506564983
0.30063074661734617842868
0.30060567994461395713301
0.30057961251647463685188
0.30055397169315528627109
0.30057480550826864984515
0.30060050867922583073266
0.30062569458590177040591
0.30065152970683134414642
0.30067872944552237468585
0.30070618630318218800213
0.30070064688564196453413
0.30072619837339498172213
0.30067377942397960355336
0.30064682796286784638440
0.30062063655490661728820
0.30059526574988032487923
0.30061585261796952561753
0.30064143760093009483114
0.30066895706056073755974
0.30069621973732274522462
0.30072167221977774698161
0.30074495067447709617525
0.30074073399980261189768
0.30076368486333437957114
0.30071749672940062403370
0.30069146946294028621693
0.30066364032152814722565
0.30063643555226787773549
0.30065860776462205450343
0.30068614717485947496201
0.30071299445807420092081
0.30073676984630692832212
0.30075974472307265283888
0.30078369095744716954499
0.30077925227697949184247
0.30080561595609478509061
0.30075589940436597835571
0.30073282797870143356889
0.30070830263648745672711
0.30068084166322900374624
0.30070295842304423095115
0.30072845342738702134611
0.30075214621700269157500
0.30077537720492586448273
0.30080094095545772958644
0.30082813010811387810506
0.30082320492369857278803
0.30085009257673583915604
0.30079685054744370598101
0.30077148833035405317560
0.30074765983793716461747
0.30072375285169250513917
0.30071646605650093064810
0.30073573495664202015476
0.30074333634815231253157
0.30076723803411614666103
0.30079236115133922702114
0.30081876235097293470488
0.30084571119854552900819
0.30087075071773811130171
0.30086581279883256589969
0.30088950231454875128279
0.30084060327799516665337
0.30081417341612931570793
0.30078771205539439614896
0.30076278366594477731155
0.30075442768993121411825
0.30077330531213486430886
0.30078272682713413921363
0.30080929767278330455582
0.30083583628705484747101
0.30086112058642761057925
0.30088483869404347714749
0.30090764518218809930872
0.30090307173477282010055
0.30092647547721712575353
0.30088029959149548142605
0.30085666146764117323542
0.30083055622123766603693
0.30080370547965407101998
0.30079257489555255578040
0.30081288765165420384662
0.30082492441643204905688
0.30085116957451757402353
0.30087558464068187014107
0.30089909571860867787407
0.30092226882033984436404
0.30094687658600555169031
0.30094288247892991838839
0.30096815223086625934457
0.30091790583149213844649
0.30089461309374909703251
0.30087079245281822537095
0.30084582172387897003318
0.30083318850750118134130
0.30085265573307390374325
0.30086553410507343997438
0.30089003419945498096766
0.30091388715520106522661
0.30093854620147220124693
0.30096391144203193945827
0.30098972957183850462926
0.30098552732837480228056
0.30101016671036356919799
0.30095999214391810916425
0.30093467652946598311914
0.30090974505752804413206
0.30088507216175119918233
0.30087161594727623858958
0.30089062163168600605445
0.30090480257946683462222
0.30093045097612214355820
0.30095620217235252713550
0.30098157643304468411571
0.30100636317903162186838
0.30103057886249523500410
0.30102660639383327367824
0.30105042864476228015036
0.30100240542840317470308
0.30097761802524342078513
0.30095205719401552091341
0.30092572373389780970854
0.30091005652294833261351
0.30093005145982243409009
0.30094732262299928038374
0.30097344668403325229633
0.30099816872484802532384
0.30102226482561333931187
0.30104642499519940201935
0.30107061948643898396938
0.30106605177558842800778
0.30109110592613352874736
0.30104172583683647124175
0.30101801121348864542782
0.30099416139045875873137
0.30096819817450043421658
0.30095075058360515329881
0.30097055951758833192144
0.30098869590745874758042
0.30101339220837375343365
0.30103772021621844068306
0.30106180892721484676500
0.30108663790942691296237
0.30111134249288251663046
0.30110758638198503733818
0.30113195608153053850486
0.30108238335325598900027
0.30105706089912870337955
0.30103286084995717342139
0.30100802426216388685276
0.30098975415535655919541
0.30100817980977989662961
0.30102704439758365406732
0.30105241142858929492832
0.30107784133691961603319
0.30110305169408080327997
0.30112817452635659565274
0.30115177901648410019320
0.30114801698072163338438
0.30112387267079554487026
0.30109877310621135926283
0.30107317055187859944354
0.30104679365857095474368
0.30102662902981280890202
0.30104535653253061688872
0.30106722765234456007377
0.30109447296100261270979
0.30112006122123674556335
0.30114396178283120431018
0.30116765923040966779212
0.30116383193818069274883
0.30118717206123196694634
0.30114032124805112378141
0.30111580765071105370012
0.30108897445410875981509
0.30106539396313125589444
0.30108662006010483702667
0.30111047600321877437679
0.30113644992921478893422
0.30116000245240132082714
0.30118322092862853667228
0.30120732765902447081174
0.30120275290756193253827
0.30122753667228441276649
0.30117938481591044475039
0.30115615883582991241241
0.30113142089360200870374
0.30110748277916099535645
0.30112803941317733968930
0.30115087602438295188989
0.30117528271835286579616
0.30119884834549370822288
0.30122331843440414145263
0.30124812152676505583315
0.30124377441422228729451
0.30126917555337995313636
0.30121932124466416214048
0.30119468065943216794622
0.30117016588356115835978
0.30114777367833783783269
0.30116701269153683950819
0.30118914651593509113070
0.30121471671833083272318
0.30123984680236787214724
0.30126502766111007414196
0.30128980588196829781822
0.30128563736340674417136
0.30131078370317915249288
0.30126088352140906190257
0.30123550636536305935564
0.30120925793301717154904
0.30118601000897937680634
0.30120571750960173362799
0.30122995081749237566981
0.30125694142024450616901
0.30128193006635067829890
0.30130630299815452932677
0.30133109251763184888162
0.30132692856597964592424
0.30135169118585514169695
0.30130266917907283508171
0.30127783186344475607754
0.30125113350064486317237
0.30122653207489313853529
0.30124766031806199384491
0.30127239325163951422226
0.30129856067019455956313
0.30132331960996222575133
0.30134767462746608890356
0.30137234795788309105191
0.30136829097054174120274
0.30139267482333764736069
0.30134383423542721036625
0.30131911963202717696930
0.30129308471728516449772
0.30126910482490182330295
0.30128972189017361182906
0.30131384861948828923772
0.30133946140049150397289
0.30136437619386086117501
0.30138839672652545376152
0.30141292728568236380937
0.30140869358733912708459
0.30143278875367623959036
0.30138487639077937707555
0.30136050993964030864092
0.30133397756349067364567
0.30131015047794323935548
0.30130325289833903568137
0.30132266709303112683926
0.30133061585518072789114
0.30135474219868113587850
0.30138078286155411955605
0.30140568853190258247210
0.30142897771128229766902
0.30145342032650856989306
0.30144988047398191266524
0.30147437371110036297139
0.30142575916501113120205
0.30140142527786717430160
0.30137545942565502343768
0.30135140078201921864931
0.30134278477045189914563
0.30136293705828437472505
0.30137235701205367099931
0.30139603184035512750683
0.30142179423852655251181
0.30144628918174942722175
0.30147025746204697549402
0.30149547051795283492126
0.30149126950236326827337
0.30151624675218730020632
0.30146675907464626220644
0.30144230165510166319365
0.30141684330547940939837
0.30139305610127864465397
0.30138311938133766076930
0.30140298286541583605569
0.30141357744830493681221
0.30143698402496171828702
0.30146288856776881637245
0.30148770438430733120683
0.30151195908127659262021
0.30153659805288018924685
0.30153255898503772414188
0.30155660057356659109473
0.30150890855915379873409
0.30148340371504495083244
0.30145742283143206474705
0.30143366621227724033716
0.30142269312306374517973
0.30144197367911107487970
0.30145413925593694814964
0.30147775010036537146618
0.30150418177387289242475
0.30152915802081181606553
0.30155299569434790285527
0.30157664592006427906057
0.30157256689960731943501
0.30159701356801299487742
0.30154925950179500837578
0.30152482780840017539958
0.30149867753316600405000
0.30147427327228754068145
0.30146112223507731675554
0.30148077327849509554625
0.30149509830945397936830
0.30151928763928909082992
0.30154533166274832822751
0.30156950387862302420672
0.30159290750813250170381
0.30161738326668441345646
0.30161360654873459186120
0.30163847042725383529316
0.30158997400577086667184
0.30156558647384895666121
0.30154002011753144874007
0.30151590050790993968732
0.30150068581474820383903
0.30152065580483999873707
0.30153694835898564585719
0.30156050659567629201874
0.30158595248590164272784
0.30161070201059203554905
0.30163470691032867598835
0.30165914074272870415427
0.30165554840346803233686
0.30167935898725284360467
0.30163155770574540115447
0.30160659817474233523882
0.30158113143517434329155
0.30155754934377626552688
0.30154077817002861161555
0.30156083525477478390897
0.30157796957449301000764
0.30160186691440732387193
0.30162759987169063258250
0.30165235793638089933921
0.30167569414269157501707
0.30167296469964782756890
0.30169586887694332943965
0.30164850057053688159314
0.30162236735472142123982
0.30159869390063076544095
0.30158028633240469007504
0.30159976319426362589837
0.30161904208757062129109
0.30164315347145204126988
0.30166879228059473305734
0.30169330246306597098638
0.30171611793134928136695
0.30171322936498251587878
0.30173702745361480337394
0.30168918715788245465959
0.30166361764285121171980
0.30163989098170451708114
0.30161939532089537818749
0.30163933668998754722423
0.30166030517558645174248
0.30168410691251434929683
0.30170920253605443273059
0.30173393620497218625687
0.30175835417131341431585
0.30175510054572318718868
0.30177975707112342229621
0.30173003797017017291182
0.30170449421058342931445
0.30168053080093865103706
0.30165891115969817315445
0.30167837474294401101105
0.30170104823572019281386
0.30172476342322113174177
0.30175108919758436565317
0.30177698912140865639131
0.30180104648953687274116
0.30179793633730928048564
0.30182130599590356601070
0.30177228587382548541385
0.30174598154443038611205
0.30172169903815310165740
0.30169812610528184970704
0.30171866494803417646509
0.30174272235139232289924
0.30176706955954846200996
0.30179342537212267005842
0.30181807444292713116241
0.30184072539039974447661
0.30183782772073525224599
0.30186007906680129009303
0.30181387534651693549392
0.30178844354923212156550
0.30176377791195607702690
0.30173931952077526208456
0.30176041239026218931940
0.30178479310349931585833
0.30180871182509388939152
0.30183390111602420580184
0.30185738580971821498622
0.30188045634197296918089
0.30187826381864163449720
0.30190177882397445374707
0.30185375796320801367045
0.30182884480753746636594
0.30180541052655668332605
0.30178140257590818640310
0.30180231383879174700269
0.30182573015147584616358
0.30184885906116937226429
0.30187422399687069418661
0.30189960605775861823830
0.30192431155578380863602
0.30192171998733607907184
0.30194606508562388258454
0.30189576198722473110436
0.30186981219039182855468
0.30184620855642974035504
0.30182286068306896087421
0.30184326304263670026629
0.30186704131159053376976
0.30189131807990327027724
0.30191784913048796967772
0.30194375121292210684132
0.30196728092189284442526
0.30196471506452682298516
0.30198735846133129001601
0.30194012134605924257968
0.30191348043280752388995
0.30188852264861698593279
0.30186389568578941844379
0.30188548393911129874567
0.30191029498451521506652
0.30193505933558340004197
0.30196060003851155073562
0.30198506813955311445241
0.30200707172622431873066
0.30200426663205603983187
0.30202743231787437805380
0.30198053207041913870157
0.30195558536530359150518
0.30193210677909926298312
0.30190699966085454697406
0.30189869790139806093876
0.30191967421709814400899
0.30192840333724924040126
0.30195253663202414884381
0.30197556844595357938843
0.30199987191388560914262
0.30202440034045369143811
0.30204819764857193664653
0.30204555427705831460727
0.30206972501495171767871
0.30202005375255591701489
0.30199487257985041521735
0.30197224798256738775848
0.30194874365496415791199
0.30193911119807831378026
0.30195843938736466327555
0.30196833455940047530319
0.30199126975532458727614
0.30201482148877356603833
0.30204130362753439653645
0.30206751076111149068026
0.30209100240178349272568
0.30208917087170228388260
0.30211149815828303166754
0.30206337092903928764898
0.30203626471855898882879
0.30201168527911942396358
0.30198796616572892714814
0.30197730041746501106203
0.30199613024691396301336
0.30200803833484635152473
0.30203352259132265622554
0.30205869196317869374013
0.30208523797163322477388
0.30210986046650811776004
0.30213162373054835985187
0.30212971998988574773293
0.30215137065398955940054
0.30210632149437155469229
0.30208127567082704301171
0.30205599122523196786716
0.30202962108413722308597
0.30201604110907037670231
0.30203763411854689380220
0.30205230742698313539663
0.30207840360839488536016
0.30210204102348936494593
0.30212629098927373805239
0.30214953000960437234923
0.30217229125102645914680
0.30217000622767353767983
0.30219370643964571510054
0.30214543148525846438801
0.30212189522995114288051
0.30209968584823981840870
0.30207504552188441104832
0.30205985165191140406904
0.30208108571203667880312
0.30209666344619245936798
0.30211940143176341244668
0.30214065189439781589087
0.30216549275878962221853
0.30219139910561310102821
0.30221564113650412064516
0.30221330833782444891256
0.30223641002365037033783
0.30218662492378900452650
0.30216078027093923319413
0.30213847583969027921214
0.30211607850471283720495
0.30210111469520423144175
0.30211930924121982444674
0.30213462792431461378939
0.30215754371876368811201
0.30218198203202412122081
0.30220898811752705537259
0.30223438494906340601176
0.30223045321327207668460
0.30225423975172532875533
0.30220377416516985835671
0.30217838674011099353578
0.30215348264504121589269
0.30213690708766016701503
0.30215495971771227923242
0.30217422685582551178385
0.30220021877108804719825
0.30222576785497357043653
0.30225033497662490145075
0.30227296544083881446596
0.30226925873168819514092
0.30229138225045637522470
0.30224601490720393037748
0.30222270246881555166851
0.30219619035699363251979
0.30217530013583338011074
0.30219657602485439085171
0.30221843643103057930333
0.30224367536331742112310
0.30226518146512443285800
0.30228744274536883951399
0.30231061434389022712921
0.30230681016061833332742
0.30233015886101194391600
0.30228368793693027871683
0.30226272894583322559114
0.30223957335898216092218
0.30221825791192208354730
0.30223893517976141431802
0.30225933862734116752691
0.30228125819349688230275
0.30230275320934746341450
0.30232681282080248186261
0.30235018118689205302019
0.30234655269013094303077
0.30236980322759998696114
0.30232279184352733869545
0.30230040406601343949688
0.30227821015258826697902
0.30225800626697862938386
0.30227598139658273801444
0.30229716354161562108516
0.30232037035989606232889
0.30234261934835987561954
0.30236583766232316694555
0.30239066787341850606197
0.30238546583864922556728
0.30241333742341736101622
0.30236143928961967120017
0.30233993090667643510727
0.30231665951867225938798
0.30229421112694576656565
0.30231381004706026072171
0.30233572100579153563160
0.30235788923567757935373
0.30238002530899155129163
0.30240739787565373841716
0.30243205153279545394085
0.30242901724289339426832
0.30240121110865941789214
0.30237556862800940571390
0.30235367144164859709576
0.30233277432478711244102
0.30234990057327049139957
0.30237066988729016658866
0.30239676109391794289749
0.30242488955308616249695
0.30243288447303889876494
0.30243717508929185422417
0.30242209929486929542719
0.30239115350710527030387
0.30236644056188510809591
0.30238658903542886546845
0.30241824271761902354072
0.30244112448099685908076
0.30241383672045440977882
0.30244219351087359148877
0.30241518901115915785027
0.30244256169525601807280
0.30242439448893421172215
0.30227432567911755034729
0.30242959501863431182045
0.30234810973313652748828
0.30228214657257934661061
0.30202861662007818299713
