0.99803047903657915451703
0.99806453750032098071188
0.99812941393873988449315
0.99814270572716401463964
0.99815567613213385111948
0.99813510084283374457215
0.99816290743566671306297
0.99815811500905915476523
0.99816172514095935497380
0.99815639599924865787983
0.99815613705753791773390
0.99812952699252566191035
0.99815126719441416014433
0.99815512659842908771424
0.99815621263383214056830
0.99815518136008629657141
0.99815204327490003599621
0.99815387242742736884082
0.99814995562780484128496
0.99815160557715099098886
0.99814309740377737956152
0.99813531308137193320817
0.99814681697797902337754
0.99814795236266851130580
0.99814694306058460160358
0.99814957329133779939667
0.99815175153848068045903
0.99814804745335194979816
0.99814638738905070436402
0.99814636089835218069055
0.99814524549649596973921
0.99814356793778713505816
0.99814251103611140170102
0.99814373085045959843598
0.99814426563339675446684
0.99814668656779148570024
0.99814671667759824469357
0.99814697053156853367994
0.99814674690408111690232
0.99814622991050550027126
0.99814704788200170337831
0.99814408360232920180977
0.99814248186624265901656
0.99814335012493593524141
0.99814142851166764991433
0.99814121566877755942215
0.99814336423124083719216
0.99814631781358476025900
0.99814615908164483482068
0.99814566625219336426511
0.99814513656503600635972
0.99814485663919128022314
0.99814459040358360919498
0.99814150376887256221892
0.99813954446036157186484
0.99813927723532092084469
0.99813730103835396345602
0.99813729212230917209325
0.99813901715860031682581
0.99814257086558910714302
0.99814384297884595209638
0.99814337972343514238105
0.99814227415210887706110
0.99814117297286963914615
0.99814080299590945966060
0.99813674771909854932517
0.99813493763946037340418
0.99813535699524003064198
0.99813354290520894807059
0.99813308234329156665154
0.99813517650063854347309
0.99813928497482828916532
0.99814044602874374412238
0.99813866021139918682792
0.99813853314386924431290
0.99813656077809054245620
0.99813777489796484676532
0.99813406702784468471634
0.99813196353532940285902
0.99813210706436805708108
0.99813111091398476482084
0.99813117514366755944621
0.99813291320988029031724
0.99813607701070572453261
0.99813683666831043428402
0.99813533579423452390955
0.99813558977649285974820
0.99813490945840688262081
0.99813421874731800276237
0.99813131479370797993766
0.99813013965623320622456
0.99813025844220681914720
0.99812909950887496179917
0.99812851143716629920277
0.99812930643793051910251
0.99813247959326256708579
0.99813470652479285849523
0.99813469576969937602229
0.99813381200648076951865
0.99813400285174247450470
0.99813092766425648427742
0.99812724206530123449710
0.99812641697557680231512
0.99812740291998558461728
0.99812761972745966954079
0.99812573249138092368327
0.99812531074282018206389
0.99812428056917756880040
0.99812542310684959634415
0.99812946718211636998319
0.99813246220742013470328
0.99813243479377944389341
0.99813048321217856528875
0.99813013443343934216756
0.99812783770689139650756
0.99812391513905940332307
0.99812247446772783820990
0.99812322537457875970546
0.99812371965924295835748
0.99812186673273606274392
0.99812142231750200505047
0.99812106849444681699879
0.99812247317071201013761
0.99812588133313095983823
0.99812803849833608982323
0.99812758886499208799137
0.99812558837684250967470
0.99812534428751820136938
0.99812365801835634115946
0.99812083842318932713766
0.99811979760431512875840
0.99811993833956980104460
0.99812029608169960948061
0.99811886193263288369337
0.99811853174128162269341
0.99811830741518736687112
0.99811891719631906649823
0.99812144723101836607526
0.99812350123537629809078
0.99812364808577802577361
0.99812190891045216023514
0.99812237827463035078068
0.99811948170168374172562
0.99811686186149406463386
0.99811642546193091174445
0.99811687470794741017244
0.99811730550735300315779
0.99811546763995939723912
0.99811487007603427734637
0.99811432246778319932190
0.99811492031599136076636
0.99811785737216196512378
0.99812061181375966167906
0.99812115094948461457847
0.99811922969208433098487
0.99811965941217040132472
0.99811641794153183049332
0.99811321320253498790009
0.99811225822702953625054
0.99811264917109621119806
0.99811336585769794282896
0.99811122155247511411602
0.99811050266247258733188
0.99811045201721515507387
0.99811167423704771906046
0.99811490022087334672563
0.99811754088560800113328
0.99811780857580778558713
0.99811554621786080510049
0.99811573795332919623036
0.99811308688064925842554
0.99811011354172529674855
0.99810884910849628770535
0.99810860639550913475659
0.99810923774861481927445
0.99810747994267290383874
0.99810693814284523472935
0.99810722936389917325783
0.99810833210137472892853
0.99811105457774607074839
0.99811344884082597861408
0.99811366139294688260009
0.99811152025207350302338
0.99811172789113600245514
0.99810898357011335058075
0.99810631211492084613468
0.99810539499083139602931
0.99810524057332183911484
0.99810583174332057065925
0.99810405304809279858347
0.99810329641155637325767
0.99810328915072232813799
0.99810422324773462321446
0.99810710561456350564669
0.99810983594723812206695
0.99810993683495663475469
0.99810830653902760101204
0.99810816609616459516019
0.99810544857656746664532
0.99810229959987273318234
0.99810106443784440966027
0.99810104244317188193492
0.99810197898000185823264
0.99809966948597250713249
0.99809868354896902342688
0.99809895094382905522679
0.99810058566752146713696
0.99810391027648948103490
0.99810675556334960134564
0.99810627236018312213872
0.99810496396218129078193
0.99810227804626883152395
0.99809897566603955620934
0.99809709385332856523831
0.99809647209917662369350
0.99809732657973204705826
0.99809519811395863708725
0.99809458109224979960317
0.99809539288201820639301
0.99809728081731541315946
0.99810037536137741209785
0.99810295088722278400439
0.99809820627482759292093
0.99810083809492244899531
0.99809533117635074184193
0.99809366232772200877577
0.99809293229230178212674
0.99809340424365877719737
0.99809185598927596672070
0.99809129761403914127271
0.99809170288437276674642
0.99809312252781623442388
0.99809596213484996773957
0.99809877619715592356187
0.99809377720118575005870
0.99809683692457784598417
0.99809082221078304630879
0.99808945022607720165553
0.99808940546592084253064
0.99809028518450371159076
0.99808849181945069606314
0.99808717712636352281663
0.99808706166841487661401
0.99808859968027918707634
0.99809177761290923669435
0.99809499302113502405831
0.99808995074156681148736
0.99809321763565261864670
0.99808654842460486911193
0.99808469520430176391557
0.99808472748273369123950
0.99808637322151871895670
0.99808401062280083237965
0.99808233452465811019749
0.99808254861200795815535
0.99808468818935780486612
0.99808815301343412063062
0.99809145170668300828254
0.99808632390366835984707
0.99808964118238230334157
0.99808287391398298193934
0.99808060369278528423109
0.99808017853696362475802
0.99808169016311010235398
0.99807963200140537018967
0.99807830351320581119268
0.99807877873424777348532
0.99808103562065253466784
0.99808443807387492441308
0.99808777872508158690579
0.99808251743774556441480
0.99808588117472063494517
0.99807914499476724223825
0.99807698126182353703939
0.99807659258197412022184
0.99807788508414974071314
0.99807631150913989070972
0.99807488984049319569181
0.99807511390371261850163
0.99807720465286253741510
0.99808059099043977546728
0.99808391214597802498787
0.99807865431807663014752
0.99808186089681849573196
0.99807528433091030617419
0.99807317276962437269106
0.99807308182248788419599
0.99807470238613893442903
0.99807292247291012898813
0.99807115554709668892031
0.99807121179944602307188
0.99807336300031135323252
0.99807667774114106062910
0.99807975019134642646890
0.99807463576266919336177
0.99807764947251043086140
0.99807137270991097555140
0.99806923669787706021594
0.99806917569041819771058
0.99807099286662681603133
0.99807043640354486946364
0.99806841472028817729978
0.99806901991334362467256
0.99806720543272897661069
0.99806725656403705304598
0.99806932110528701063146
0.99807255849532472424812
0.99807561776957542942768
0.99807050817243836426940
0.99807368928481043912626
0.99806720931604631097400
0.99806523305934713441445
0.99806527840268355333819
0.99806709092205581068669
0.99806646631905826527742
0.99806461112261191104267
0.99806526162937159174504
0.99806336696071873415548
0.99806316937094063934666
0.99806514466591633727433
0.99806856990482406555287
0.99807179801462753143682
0.99806668773471385325280
0.99806985334005926535639
0.99806317146790857197658
0.99806113971474419432894
0.99806141934986480901415
0.99806345935136797642429
0.99806282231901655155326
0.99806098316611679965860
0.99806160434394797231761
0.99805948831177448976604
0.99805921567955757645052
0.99806127566241953363857
0.99806483761061903781098
0.99806780276350792746598
0.99806289299438866180481
0.99806565916789524717245
0.99805940219261712886833
0.99805734883428032233610
0.99805758242056585860524
0.99805965447358491182683
0.99805900071096098624679
0.99805687978605217569594
0.99805760494715789477027
0.99805570847078994844992
0.99805551359195010530101
0.99805747303976799500447
0.99806084796023375460550
0.99806350136819366181129
0.99805876318739084052112
0.99806141022179972743800
0.99805542600839936007162
0.99805359462520126800911
0.99805382793562669174747
0.99805554701859533484054
0.99805466852077817652145
0.99805249357178993374617
0.99805352727088247899445
0.99805191252139124902243
0.99805156650750748159595
0.99805326292003704313771
0.99805671439584842108417
0.99805936953127882826919
0.99805470335726265140863
0.99805731284284271431773
0.99805112471971380028180
0.99804946068053790320107
0.99804994259675128276399
0.99805155782782151163701
0.99805041371756286761041
0.99804847697604515133207
0.99804963811242408677771
0.99804795157952674866664
0.99804738417204552636264
0.99804906270435955750742
0.99805271857708321991964
0.99805510435727751161750
0.99805065765905864871854
0.99805273127440963243373
0.99804709492485088606628
0.99804544954186358296511
0.99804603145933035168724
0.99804775618533514425224
0.99804657370673466321165
0.99804469546327845286271
0.99804586241734138951642
0.99804423510272621822281
0.99804363939049367537848
0.99804514923876652687795
0.99804853339181154314730
0.99804315331940296474045
0.99804638762939335006052
0.99804187273197064733665
0.99804252126259085375892
0.99804398355349721594365
0.99804272881048949894733
0.99804064376487755527734
0.99804208753607048798528
0.99804075377003054203584
0.99804000314715357600193
0.99804110392196443424240
0.99804431595184406322829
0.99803905179251528601014
0.99804243122316949055062
0.99803800136633236128603
0.99803882057651505110840
0.99804005203956736025361
0.99803843618385923441849
0.99803611696497662730820
0.99803786349437761948877
0.99803670012993772608922
0.99803588229666539977103
0.99803707115345052791611
0.99804069002321749159989
0.99803518917408817756609
0.99803893900788587245643
0.99803380519756768052275
0.99803446730498990291380
0.99803553995621163696939
0.99803375084163814534577
0.99803142347233642084348
0.99803320954799124020695
0.99803231222415844658968
0.99803185077291112214937
0.99803332735609606718441
0.99803696627190974233201
0.99803139090088055507266
0.99803470530973192875734
0.99803001027111148957260
0.99803034039467919402711
0.99803101608335986760778
0.99802918060227496788173
0.99802731636058594766325
0.99802907370351223725891
0.99802856236681292134705
0.99802819603476122800600
0.99802928850874594868259
0.99803229054916331453029
0.99802710208887401854838
0.99802997121767667021430
0.99802626791916071447019
0.99802685612857322539071
0.99802731560789881282147
0.99802560754707314583101
0.99802397319846525292064
0.99802557243010325827015
0.99802501838347335016977
0.99802427031219642650228
0.99802502421763816808920
0.99802801411084374194616
0.99802318928450095558702
0.99802644338359836062580
0.99802221754071396286889
0.99802296414688995707110
0.99802362023030877224983
0.99802223389886557392003
0.99802029064785280354499
0.99802140600289412919466
0.99802078082819523086044
0.99802027357243516814123
0.99802160295598685291196
0.99802504880535980458234
0.99802006850605029519841
0.99802346190034374462385
0.99801845270608524618439
0.99801861177978068440098
0.99801903993683505067480
0.99801813484352508432096
0.99801600842548254810538
0.99801678939198068540861
0.99801660198619723818325
0.99801666722584858604250
0.99801831401504181862094
0.99802145729925084705059
0.99801617450726265445837
0.99801905587111416906509
0.99801473098712389919740
0.99801473140456997690251
0.99801484100643844676881
0.99801410341925245184314
0.99801257223420791753199
0.99801317107603404465976
0.99801288352855321850399
0.99801257001283916192591
0.99801373630800094272075
0.99801651608005237381605
0.99801131544905896664233
0.99801421277727486724984
0.99801019417939096367576
0.99801091904885286254512
0.99801158514064969295987
0.99801129011625566711530
0.99801043870370764743427
0.99800910889247640422894
0.99800997526097356971064
0.99800982531095661087761
0.99800875116533682707143
0.99800789335469419771840
0.99800922586466678243511
0.99801229958811310538636
0.99800753889558124765102
0.99801066975713814688476
0.99800587689051833972798
0.99800653016058371580499
0.99800775877016623116589
0.99800830942743090634650
0.99800747638261488869915
0.99800536102148384998145
0.99800620763293912407477
0.99800552210633108884963
0.99800447944910952724484
0.99800415145502729963312
0.99800604277832116739688
0.99800899899024364536615
0.99800437066434777300117
0.99800698908053442348631
0.99800253971434749189484
0.99800268215669585281091
0.99800335487690794433746
0.99800387002530499547248
0.99800291754188297232986
0.99800050900081227478466
0.99800171775032919807558
0.99800155449773508831157
0.99800105919792281294889
0.99800073761418928164346
0.99800221253473420102154
0.99800461043094412794119
0.99799963935669766534886
0.99800206802187518828617
0.99799851308287446105538
0.99799939875469967365262
0.99800012150066808036541
0.99800008412153251580179
0.99799852773476682710196
0.99799712831130749091102
0.99799896417507827361959
0.99799884975368613471147
0.99799750129214681582113
0.99799600194259618923809
0.99799700515968370329034
0.99799965273944224453118
0.99799471255215022047480
0.99799749940258730696030
0.99799355416468371604566
0.99799539581118135167515
0.99799739155323885508864
0.99799800666904592283402
0.99799607234375864450726
0.99799483367766861352521
0.99799668446298461788047
0.99799556603460604087275
0.99799329174714246359912
0.99799151416277953607903
0.99799292250365678746959
0.99799552776995548164507
0.99799139910629641736506
0.99799344811707102476106
0.99798996277965945633781
0.99799140237376637863065
0.99799341925464124525291
0.99799466084648968955406
0.99799289260956269842495
0.99799006034865300751591
0.99799197339071543666478
0.99799119251454437851123
0.99798979574420809690594
0.99798857146106478843706
0.99798967858787823725919
0.99798683014926647949494
0.99798739231104161007124
0.99798823920943691145879
0.99798907571578787667477
0.99798903970906416294184
0.99798672140967181753979
0.99798347183069968657776
0.99798638736263833859397
0.99798711548214491529052
0.99798635864375995208064
0.99798442291236955092870
0.99798454975545780598623
0.99798152855345401146536
0.99798153108245990505765
0.99798402123681617670314
0.99798513141742217769092
0.99798432226010247436676
0.99798092928042581029047
0.99797931269634121420609
0.99798268496674458205575
0.99798304316354191634275
0.99798145714987973597943
0.99797872657962549691746
0.99797882067435828012947
0.99797655596792489429703
0.99797659456541432110299
0.99797915773361778324357
0.99798088362003667395328
0.99798114112878200110401
0.99797827657756921215793
0.99797718320786310552961
0.99797934238152652408615
0.99797882000865667517786
0.99797745241604662869150
0.99797500032766128796879
0.99797476340165980346342
0.99797358595911278555946
0.99797311816068734469098
0.99797605937237954254471
0.99797687853371530586344
0.99797717719964451621451
0.99797549804266305617517
0.99797312604209142961054
0.99797468200362748902421
0.99797470046132175092168
0.99797417200012672466869
0.99797167723112967241406
0.99797158330254809310844
0.99796913153460764522862
0.99796999868007318923446
0.99797116503169169821064
0.99797169386474560148770
0.99797187273642351534875
0.99797043260238949002883
0.99796800194847679055243
0.99796868187134568639607
0.99796767253834162136883
0.99796732309952551620569
0.99796643251370875660200
0.99796662717501904982242
0.99796322547856153306611
0.99796396705548040539924
0.99796340485244505735807
0.99796529433197833647284
0.99796590938553653149512
0.99796396413789711932196
0.99796248474462267985530
0.99796072157760573606566
0.99796193917772058057380
0.99795554290992838364360
0.99795804240849705912808
0.99796064005538587249333
0.99796158486981811908123
0.99796210438491339544953
0.99796089327831427606696
0.99796314523603102397686
0.99795979095895936961114
0.99794565492052567101666
0.99796372222929852213724
0.99796089830944467724549
0.99795972545842159817653
0.99795086227687934687935
0.99789728314836811939870
0.99794567679222112577264
0.99789813306795283054385
0.99788884574423353246431
0.99776983717599687651045
0.99804698928638879706909
0.99808100089155260548068
0.99814582815579533381367
0.99815919694956500851646
0.99817198349947078295230
0.99815176352924650515774
0.99817940595921805790880
0.99817432023089547321604
0.99817822294925062642790
0.99817251064811196581417
0.99817279969342065371052
0.99814552027125524880091
0.99816727994209830665540
0.99817178244250437391116
0.99817270761145870938691
0.99817121817659637539322
0.99816853533848792778826
0.99816984406414988040268
0.99816660475350360570701
0.99816762920755675025930
0.99815901183322519596430
0.99815157444028512756518
0.99816272534086358803052
0.99816398582765974989428
0.99816358639012292552906
0.99816606341881897179746
0.99816766980787485774584
0.99816453536647820055094
0.99816302585568250638204
0.99816240605703787647229
0.99816114597243010830852
0.99815984619216202577974
0.99815896512692126041344
0.99816002380782697933626
0.99816015894185550205719
0.99816274356437451054092
0.99816335175171866378463
0.99816345487409963155301
0.99816338008094729339348
0.99816270868429834983715
0.99816311584301042891809
0.99815997147112156540061
0.99815878943764813069350
0.99815980341194987524034
0.99815788057154353207778
0.99815753701275222731226
0.99815924791189569731387
0.99816239625066205398696
0.99816279087436565742308
0.99816213845151868788719
0.99816176706500248094756
0.99816132071737895259389
0.99816067920423878767622
0.99815738332878711780438
0.99815587969149888181164
0.99815573191688089504936
0.99815375881311729777678
0.99815364148433360913515
0.99815489268001267308961
0.99815867035592453770931
0.99816047267369056861241
0.99815983339047731348614
0.99815890522151196062595
0.99815761374942735262294
0.99815691312866483553279
0.99815262135168048018841
0.99815130096238124934871
0.99815181786844420219751
0.99815000909236262227608
0.99814945847254565869378
0.99815105081735910896867
0.99815540542483727204370
0.99815707999998581900769
0.99815508694962784552729
0.99815516981084395631285
0.99815297285079207512126
0.99815390582935403784859
0.99814994403511114740013
0.99814835205064977863287
0.99814857958380365232642
0.99814759007074127517001
0.99814757577840296232097
0.99814879346528606607336
0.99815221979326451684500
0.99815347659651643130729
0.99815173257472555867764
0.99815223481851877984639
0.99815128995474222683981
0.99815037300058928604329
0.99814719984781641315408
0.99814655199037738420031
0.99814674360517241513691
0.99814559166584249094711
0.99814493379576796350250
0.99814519830166070768485
0.99814864525105417847328
0.99815135770109120194604
0.99815105929226477510241
0.99815046987444555615099
0.99815034912042388537401
0.99814710482181911999078
0.99814314265192616293376
0.99814284747860348989690
0.99814390241368156075907
0.99814404711577953133173
0.99814216029582636391382
0.99814181755561559583612
0.99814071830794393047626
0.99814133300990948161058
0.99814565711689284821517
0.99814912674989031415862
0.99814876419902565096720
0.99814715464123227040005
0.99814644717819123176383
0.99814404081709029448177
0.99813983520635063406701
0.99813891984890845687772
0.99813973863058336188914
0.99814014758026770035571
0.99813829609420101629524
0.99813794251036846993941
0.99813752033361768933872
0.99813840517511853711596
0.99814209760595296039298
0.99814471840967100568776
0.99814388449911906064926
0.99814227801832589026532
0.99814162415368556935391
0.99813988705955558611294
0.99813678374736547471713
0.99813625446366993632097
0.99813646640021425060496
0.99813672805807851506898
0.99813529562284819540707
0.99813506814041985659713
0.99813476838457915185643
0.99813487632905828483842
0.99813769008513553160356
0.99814019999830239093797
0.99813991464813434095760
0.99813861750617360879545
0.99813863332191365973500
0.99813573955169099249929
0.99813283498343541300102
0.99813289019937467827503
0.99813341918087628013012
0.99813374063151261150750
0.99813190345324809271688
0.99813142197904625163574
0.99813079018863726243893
0.99813090767932766134152
0.99813413037350895429256
0.99813733210461741407471
0.99813739550785518517273
0.99813596260902870405118
0.99813589560645987752707
0.99813270606574477916695
0.99812921617861016798656
0.99812872795103613210443
0.99812920884994216219610
0.99812980282281349442286
0.99812765841741346584115
0.99812707067930828142011
0.99812692201970232286357
0.99812769355258257331087
0.99813120361608997921365
0.99813428640482582121507
0.99813403881124429517513
0.99813230426589238941659
0.99813196518440405746730
0.99812940692624885219431
0.99812614803465138368921
0.99812531874844456769580
0.99812518257719518022242
0.99812567214770464563145
0.99812391083081131171184
0.99812352130746673228856
0.99812369892338015375799
0.99812438138029835332787
0.99812739178713216769978
0.99813022051344202356660
0.99812988816245173939734
0.99812830702934163262796
0.99812795615814475791439
0.99812533791135882310641
0.99812237672413006706051
0.99812186331417196427651
0.99812183061891246449449
0.99812225865177373052006
0.99812047514284862881340
0.99811989344877150021063
0.99811975443249656425593
0.99812030314085686821812
0.99812347692926173259309
0.99812663876160612197452
0.99812617021711924625293
0.99812512499074956817680
0.99812440912998257047661
0.99812183836513179713279
0.99811839374663913204699
0.99811752618549076654375
0.99811764578427597527366
0.99811839315635730862653
0.99811607472939722907057
0.99811529215620886645866
0.99811540902661577412402
0.99811669333187025276999
0.99812031937306411322197
0.99812358995159433661115
0.99812252887739427720248
0.99812181550318612721640
0.99811870643081501697225
0.99811509619425109463009
0.99811354790393702618445
0.99811308533387610442134
0.99811372220351135542415
0.99811158305469827034528
0.99811119930652625331646
0.99811184149611353877418
0.99811341403692344087517
0.99811682219796993287275
0.99811982009396715831429
0.99811467176820245494895
0.99811772438069912283254
0.99811147625391427595787
0.99811010443127301527966
0.99810955529937239738558
0.99810977677536838470473
0.99810821468476107476420
0.99810792520563751395457
0.99810813790160746172830
0.99810927767058510440279
0.99811244706463120301976
0.99811567892254637879290
0.99811028134535928479920
0.99811375644289801467579
0.99810698601625058579145
0.99810587850598508907751
0.99810603663617469827329
0.99810663085972550767622
0.99810482610681039439271
0.99810381157092809001341
0.99810348183069030891801
0.99810477211806880593059
0.99810830013625151391210
0.99811193048914559344809
0.99810649135718176871990
0.99811017220002506977750
0.99810272884481321398198
0.99810110640338833842833
0.99810136523948578268772
0.99810269791418504414793
0.99810032620273747561157
0.99809897600785857374461
0.99809895036671125723160
0.99810087513907974621219
0.99810471268497025221222
0.99810842186414183707655
0.99810290291639669479906
0.99810662718473375232264
0.99809906646836021870683
0.99809699669632356844318
0.99809682258450704850361
0.99809799737720361623161
0.99809593300144028304999
0.99809494940026799447708
0.99809516296933664669666
0.99809723318757326282480
0.99810103639620395554743
0.99810478062234897489446
0.99809913436472119663279
0.99810289818821407159533
0.99809534746420969231195
0.99809335630332252087271
0.99809324031376034369600
0.99809418068639343957216
0.99809260129452281873341
0.99809153918091308987925
0.99809147897301619956067
0.99809341155656650101946
0.99809722724650207226205
0.99810094329435861126854
0.99809531067060253128886
0.99809890547567703400489
0.99809149432598442963638
0.99808952901051073425265
0.99808973163573666553816
0.99809098731529410919450
0.99808920454545024814053
0.99808780451616085915845
0.99808756024061895395505
0.99808957535479903011577
0.99809335420325440146883
0.99809680746608031576272
0.99809133139372130383293
0.99809471989145537307309
0.99808758757560034347023
0.99808557718218082754902
0.99808582303478454722523
0.99808727257252061182413
0.99808665570425758595263
0.99808462370851258604887
0.99808529735885720413080
0.99808385067660965184189
0.99808358877389091734500
0.99808553819445899879526
0.99808927298176630671378
0.99809270097042390723630
0.99808724201364373840306
0.99809078433684383924174
0.99808342786771020449521
0.99808155794997555076975
0.99808192125753747436789
0.99808336603977054757308
0.99808266566614822767889
0.99808080184284120317528
0.99808153536589161447523
0.99808000603100888170616
0.99807948814884595023500
0.99808136383380663403386
0.99808532333351729359805
0.99808890509327308215859
0.99808345939180243000521
0.99808697380747579686044
0.99807939121594069220578
0.99807745262748115422369
0.99807805341962696488167
0.99807973269019023554449
0.99807900517981817944957
0.99807715719344825000547
0.99807787722313301426169
0.99807611741147905792815
0.99807552252200437692409
0.99807749642753740282330
0.99808162635180575072980
0.99808493672859732726010
0.99807969874655777520189
0.99808280673005367322759
0.99807562361400925521338
0.99807364983547874892622
0.99807420678620095699785
0.99807592594789862339155
0.99807516606306878603760
0.99807303691566240377853
0.99807387578251538506890
0.99807232699708381407078
0.99807180992793742557723
0.99807369410836410672516
0.99807767064492380892915
0.99808066333373157696940
0.99807560163473385550503
0.99807858804123905649419
0.99807164683061311283296
0.99806988688849562763039
0.99807043982009291394064
0.99807181816444190403104
0.99807081732794156181399
0.99806863273060375529866
0.99806979888939717504570
0.99806851770474713791970
0.99806785420824828403141
0.99806948394593364426441
0.99807356742336372779079
0.99807656476714046167587
0.99807157069751228917198
0.99807452666115192840834
0.99806734609556146953224
0.99806574306826489895172
0.99806654132842886895105
0.99806782940181271168711
0.99806654233121805397388
0.99806459599316876829533
0.99806590976787457059061
0.99806454374965436482370
0.99806366206574548272101
0.99806528403877980970549
0.99806960023863322550852
0.99807233793705629754101
0.99806755338556518708515
0.99806998623906317824606
0.99806331626624911201873
0.99806172359553502193563
0.99806261642695592861685
0.99806402840958019506701
0.99806268273789533473916
0.99806079384669166287836
0.99806213583628677898929
0.99806081255530454399150
0.99805990950250722537618
0.99806137068140809986971
0.99806544234712935015352
0.99805937580761472371904
0.99806330908989637773487
0.99805813783228680691195
0.99805909211180088291826
0.99806025691219713014135
0.99805881554606679095798
0.99805671916145899391637
0.99805835986268387483022
0.99805731842922229546389
0.99805626320719964539308
0.99805732792624157756478
0.99806125037166615321382
0.99805527669056048889473
0.99805937937503430568142
0.99805425683821102911253
0.99805537820180523223002
0.99805632301484092927524
0.99805450074135548810261
0.99805216985585731848118
0.99805413341737481136562
0.99805325011211087904428
0.99805213314237428701148
0.99805329719293955914594
0.99805765089403075673857
0.99805141803549191070744
0.99805591198208176706430
0.99805005018776327130325
0.99805100974111515821363
0.99805180694160411380977
0.99804979181512099017937
0.99804745369233627272365
0.99804947257896459156257
0.99804884769588209092461
0.99804808912116571573137
0.99804955941230466542891
0.99805395166447119503772
0.99804762561531223941103
0.99805170368005102776721
0.99804624231581307025607
0.99804686854155921782450
0.99804727436232698600804
0.99804520260994744607075
0.99804332083920155316292
0.99804532751800489887017
0.99804508190258056643529
0.99804442129005543904441
0.99804552591023154572980
0.99804930178063844259384
0.99804334261008509354696
0.99804699508602934265866
0.99804248559085539937996
0.99804336664980819460169
0.99804356415488071352371
0.99804159504830669558118
0.99803994479331858968862
0.99804181500137001403772
0.99804152042142157963411
0.99804047879173041213363
0.99804126829120987096644
0.99804505042618707477686
0.99803943660167215856660
0.99804349308366857584929
0.99803841635792545083916
0.99803945717591380226708
0.99803985538390116438734
0.99803819117179981557086
0.99803623366541105443872
0.99803763402083445210877
0.99803726353742505672528
0.99803646242961330248278
0.99803785290304070088041
0.99804211299629941311906
0.99803632099712402681035
0.99804053973226447560307
0.99803463159492955547591
0.99803508346750835489303
0.99803526043327006611605
0.99803406362193947121142
0.99803192348911107245613
0.99803300181054921402790
0.99803306258933499606201
0.99803283465160774756697
0.99803457023343911114210
0.99803854784290713109129
0.99803243414130438093679
0.99803615999430772554035
0.99803088622308788746551
0.99803118077690755605147
0.99803104421251209732446
0.99803000616086123830684
0.99802846372795839258174
0.99802936484369075831324
0.99802932112288178512216
0.99802871304512996708524
0.99802999870571174056977
0.99803363419014456958678
0.99802758060369722858951
0.99803134407781290970973
0.99802632532131063669567
0.99802734369872403430435
0.99802776937789616784613
0.99802717052572897937779
0.99802639816856797416733
0.99802506402618040848296
0.99802584468407340434482
0.99802599983433448738168
0.99802516204154856360731
0.99802401152600550560123
0.99802549497819814661170
0.99802944380865976636841
0.99802381225657332830536
0.99802782717969173997830
0.99802198130796526687192
0.99802292809813220042514
0.99802392196707878646578
0.99802416891286449551757
0.99802342746110483950872
0.99802130681050449378944
0.99802205829152035310159
0.99802167311447553821324
0.99802086450472959899827
0.99802024214532047974302
0.99802232027166060124301
0.99802616987437808848682
0.99802065122966776566926
0.99802417391073461327977
0.99801861704248184814503
0.99801905284926817341074
0.99801949354843055850495
0.99801971152556090416397
0.99801885653424005084844
0.99801644047331417031188
0.99801754999560043923879
0.99801768101414889411416
0.99801741524015130657688
0.99801680107549051168547
0.99801849596920766405361
0.99802180890030989246497
0.99801592621278689687614
0.99801927958693936737689
0.99801456160003565454275
0.99801574087177746807953
0.99801623513390047559568
0.99801590747976498541050
0.99801445128084587121720
0.99801304331995610574779
0.99801477968496177251012
0.99801494999385564899086
0.99801382939046023867746
0.99801203499789314932400
0.99801329473991218232953
0.99801687878096601025391
0.99801100317956459306856
0.99801474153032454506018
0.99800957243380528094434
0.99801170911826808662681
0.99801347835920395379361
0.99801381463237803792765
0.99801197765109039838904
0.99801072822190672884091
0.99801248435641320977396
0.99801163976580009595807
0.99800958976707143666118
0.99800751846878765771720
0.99800921387975660703518
0.99801278610090093934559
0.99800769138177947148449
0.99801072277831104351264
0.99800595236859290793063
0.99800768484744717401469
0.99800948037028891501876
0.99801045209625727228087
0.99800877655903075247323
0.99800593366364565017790
0.99800775699115373829073
0.99800724068980273262497
0.99800606313897322063866
0.99800454575030961290594
0.99800597080652453385596
0.99800278951520282610943
0.99800368272345219011754
0.99800449106802124887849
0.99800511109594636227627
0.99800481624114811829429
0.99800258374097072788800
0.99799932392319545826354
0.99800215672557268664633
0.99800313954793318238501
0.99800259328452678442289
0.99800036799872082760032
0.99800083681937479251900
0.99799745845364884466733
0.99799781434448908701285
0.99800023792842651459978
0.99800114517402238600852
0.99800008451374666584854
0.99799677362035876804214
0.99799515294610252613694
0.99799844105996748933052
0.99799904705901754109476
0.99799765618482549900392
0.99799464080638600194106
0.99799509983336220919625
0.99799245494993038541054
0.99799286911854978576741
0.99799533851935762207574
0.99799687833854511254117
0.99799689177964889807981
0.99799411565709394977830
0.99799302458461081055674
0.99799508793262903250110
0.99799480755630265438327
0.99799361440225287100958
0.99799088506124666864139
0.99799103207966122219830
0.99798945680976836047904
0.99798938094385480912507
0.99799220185744264011163
0.99799286101643702728836
0.99799291693978686712541
0.99799134658151544829963
0.99798898790704126948725
0.99799041521530607035118
0.99799067925446172111492
0.99799029425927554548537
0.99798753397591677405387
0.99798783996522522077299
0.99798497334032498784495
0.99798624927800994033333
0.99798726682468719140218
0.99798766922697002001996
0.99798759965071082156385
0.99798631198328935365538
0.99798389418235911030308
0.99798440279958944287841
0.99798364579068765678471
0.99798340362249016166629
0.99798226018315705498907
0.99798286956652704215998
0.99797903954138067472712
0.99798002474322211607927
0.99797937811392456453063
0.99798100825035795935491
0.99798181962429077795917
0.99797989765139394346960
0.99797819153538636083312
0.99797669780066167177779
0.99797797405642907353496
0.99797134168510726048851
0.99797405514955128680299
0.99797662146784393844001
0.99797728625227544174692
0.99797806616856532535564
0.99797688718999733037407
0.99797884344657672439638
0.99797577986072150135755
0.99796164910318374552389
0.99797941719653604497609
0.99797692918998182065593
0.99797579662669211320036
0.99796654875990609134817
0.99791294628475868400130
0.99796178965007320549319
0.99791450914188273291217
0.99790498938304295073465
0.99778626779119572454135
