0.29981536523363255808405
0.29982185908217318104363
0.30010673287333589076553
0.30009978148352950411137
0.30019894611528669114975
0.30008383659839799051383
0.30019051780020133968208
0.30021994945544500099643
0.30021238760227908493050
0.30022953108670336064279
0.30017937400746241838334
0.30006140825130533933418
0.30016600798929260474068
0.30020486947885771655820
0.30022291444677684513209
0.30024664865460942708708
0.30023990786604531910697
0.30026949781257322724670
0.30021719040313676885035
0.30019852799826995948251
0.30015021944753844662657
0.30013335283341413539659
0.30019131907527479841136
0.30021350383145989360045
0.30023480267034668989012
0.30026284937835995281219
0.30029256105814389199438
0.30028580348844180480938
0.30025738816089514449104
0.30023075609776006533735
0.30020939670190460724086
0.30018498696427636796003
0.30018258314115381368836
0.30020698472744472562468
0.30022676891681587818539
0.30025246363578311781239
0.30027968531531623597175
0.30030712817223570443304
0.30030056569781010678000
0.30032705975344470283872
0.30027440969997143405124
0.30024758630798276115570
0.30022443167789480966690
0.30020652657293400711325
0.30022363074970415119935
0.30024394584871783031588
0.30026898271800606110560
0.30029503624744963152793
0.30032045940421137064646
0.30034822014341594487163
0.30034137296457030785746
0.30036979581141259876276
0.30031488046730081542535
0.30028936400756323088501
0.30026469934582972198811
0.30024206400841924047285
0.30026229760264711021733
0.30028506480351402352369
0.30030888920206744163721
0.30033511856793271288524
0.30036302578567686261124
0.30039139629031025302552
0.30038438709719489372318
0.30041090333020892266802
0.30035679756968297615671
0.30032948563156880439351
0.30030464062372658196054
0.30028221078422157042098
0.30030223780817283385502
0.30032483125459275008495
0.30035104198576784151342
0.30037865281723807875380
0.30040487810502997101381
0.30042917583245715151818
0.30042342483703465827460
0.30044745822932006351635
0.30039935466034561883930
0.30037296215244341235362
0.30034639872446122765837
0.30032222463088942276954
0.30034376511572896673030
0.30036824501320474878341
0.30039390760366818655669
0.30041808026968014333491
0.30044194397582668631941
0.30046703320189188657352
0.30046096894611051819624
0.30048851600787429561024
0.30043666749790698400346
0.30041317568054171083247
0.30038975133617529245100
0.30036535433079902812636
0.30038681497000624398552
0.30040926537783513294855
0.30043195402505196156540
0.30045563594571622623164
0.30048217116971204232456
0.30051057965211264155769
0.30050394299791555186019
0.30053208223199939785886
0.30047659471559340360614
0.30045076697080297378761
0.30042784517571996527607
0.30040696932340538172213
0.30040086434976653873008
0.30041962972161823097750
0.30042592243354032666147
0.30044681413097529265599
0.30047110937135695918343
0.30049798877899974725025
0.30052594757857692409075
0.30055226220643044277026
0.30054554071717531904540
0.30057054048495684961395
0.30051930371316154522177
0.30049238294201013887985
0.30046668114297098162169
0.30044476085548427191085
0.30043783414349711780034
0.30045623102897128786637
0.30046410017524977087433
0.30048765854635389738192
0.30051350717426966729917
0.30053928333103846481933
0.30056404185930807315685
0.30058819708289730154860
0.30058175000943515575713
0.30060654145874149412165
0.30055792197542063881599
0.30053378713698469804072
0.30050830812646522893772
0.30048447307490444568856
0.30047501496550266253394
0.30049483705001855948780
0.30050508403507164567614
0.30052831062636797820886
0.30055215829910469915731
0.30057617799505942368654
0.30060040864257103754298
0.30062644414278300031285
0.30062048663180696017605
0.30064721972635494173787
0.30059444296946585817309
0.30057063034266240375558
0.30054730500401344306383
0.30052536350833930489657
0.30051464146311018810209
0.30053360140785345677727
0.30054446289898989475020
0.30056591845950758612460
0.30058933554408046040507
0.30061452668615978867095
0.30064097232765213396632
0.30066829025797914276552
0.30066203018451242989784
0.30068822265761474543666
0.30063541061933302112053
0.30060955267724454031963
0.30058499281955086690488
0.30056338697007412008588
0.30055204654512840400926
0.30057053284665219416993
0.30058249448170643036704
0.30060505949341043141487
0.30063048947553211442951
0.30065642422076183093438
0.30068230856375394166591
0.30070812703427890477670
0.30070199366190103473784
0.30072747636024071971050
0.30067667824365751361171
0.30065131820258889083775
0.30062601924426712862726
0.30060277550954289660368
0.30058942671902838528197
0.30060885576218832060391
0.30062372378468477096547
0.30064673826122390032367
0.30067126846047553812014
0.30069597339043535599856
0.30072126215705219376417
0.30074718457311444552715
0.30074035635088774975898
0.30076719938163681833387
0.30071487343288494376026
0.30069051081887115950408
0.30066678661872492384077
0.30064393605380140828132
0.30062898118385622536763
0.30064819365205569523525
0.30066376478134371197370
0.30068534844121469484790
0.30070962596213712814119
0.30073441891088781297015
0.30076043215127906682582
0.30078699050093271605277
0.30078088057981838820965
0.30080716778632887731249
0.30075446755448914659681
0.30072839481625207591620
0.30070416567571262023151
0.30068243095757063443330
0.30066676575580447705605
0.30068457653818747576935
0.30070079461058707437360
0.30072307860511865440500
0.30074862845613237194442
0.30077463865262987763316
0.30080099254756115234599
0.30082655754655862612168
0.30082034555331410574652
0.30079497587435272132339
0.30076902534776300823793
0.30074322940175352014691
0.30071991016690063913686
0.30070241890542004359332
0.30072054329526737292966
0.30073972557087946810839
0.30076393745578278160480
0.30078979873425354396588
0.30081458290570489699789
0.30083949904164014599317
0.30083396158575254064615
0.30085851097524451969178
0.30080953703893864581431
0.30078468992169382634216
0.30076088039145881802838
0.30073998897145859388047
0.30076063835839111915149
0.30078180767886170121628
0.30080476016701435115763
0.30082869010129592579617
0.30085285194851518753012
0.30087814944830604257930
0.30087185815676092959237
0.30089782858733649106853
0.30084752982634194173883
0.30082388324921754962915
0.30080217585416363368367
0.30078093342784267827383
0.30080088880323474498368
0.30082104413267068965254
0.30084241987227117176573
0.30086643661637124669284
0.30089188508919723075152
0.30091786247330631898222
0.30091180724246235911323
0.30093837478106066907202
0.30088633773359474421483
0.30086119836334745958339
0.30083972820864962605114
0.30081999620057081612501
0.30083859152811692760920
0.30085809045229339186989
0.30088060777141395485401
0.30090628428630389334941
0.30093252253405988749790
0.30095846924737346128609
0.30095260494163272868562
0.30097892814928761673343
0.30092673677688508426797
0.30090076271207649716288
0.30087756570550444612522
0.30085693198561808126001
0.30087596586933723630253
0.30089762504318351421517
0.30092156269346981289914
0.30094720413087577837175
0.30097274179962291151824
0.30099871422119522934580
0.30099284824680755390247
0.30101878671101206519367
0.30096738203806094880122
0.30094183812904129471377
0.30091816861507764135908
0.30089609617207779823644
0.30091654003780338166862
0.30093879638763099126919
0.30096195455711149957523
0.30098746955385491386181
0.30101307480499961410914
0.30103890519469972408828
0.30103316427257970078202
0.30105868286059944693989
0.30100742346555381390161
0.30098190619964398928587
0.30095886790485304462806
0.30093730504645160861443
0.30095726031151337487302
0.30097901211010413824454
0.30100163564879273137009
0.30102738975336446047848
0.30105272902396001954983
0.30107837588274050100168
0.30107246634953949149249
0.30109766629865258869003
0.30104729540183777780626
0.30102206538856263184911
0.30099853159559708526416
0.30097702965087080873019
0.30097029885103915303191
0.30098905157479716176994
0.30099683495623691387166
0.30101866827596351905427
0.30104170529059426364427
0.30106750247817642973658
0.30109218236869744744766
0.30111773216889992088596
0.30111251513936188040077
0.30113813263945299336655
0.30108695161963366926372
0.30106170514740293597811
0.30103874451688544811034
0.30101694551031904500960
0.30100851017423790878524
0.30102798721511925261751
0.30103720397893712901194
0.30105865630192396587006
0.30108141277929212353826
0.30110687470842317781106
0.30113235173121938315077
0.30115870774197095460778
0.30115283771723022621103
0.30117898590515668200140
0.30112674594529625915484
0.30110125856731628779528
0.30107879445842811172440
0.30105719249336115872495
0.30104748768627459520886
0.30106664625497936427223
0.30107699189862835442710
0.30109826150694368740446
0.30112121393383695089341
0.30114711863180804174434
0.30117304318170801114007
0.30119886869355289027439
0.30119317550160190632980
0.30121841687470696236062
0.30116777511078013374046
0.30114110904334684404304
0.30111804988836948782094
0.30109636180602256105843
0.30108564702538442858781
0.30110424069660690626904
0.30111612053475833583605
0.30113775098270667562872
0.30116131289977443596939
0.30118750717628789415059
0.30121315614521504411272
0.30123800209588424969809
0.30123227132212537782152
0.30125789028395133506422
0.30120710604493172724005
0.30118140437126211805818
0.30115808346972910980455
0.30113557343418612122221
0.30112272431418968254846
0.30114174045035524418523
0.30115574270773914911103
0.30117812853054487520765
0.30120137698963905803495
0.30122684409605576805191
0.30125213420451396606481
0.30127774039566090902298
0.30127233041524831280711
0.30129828815315384815676
0.30124679330486703321412
0.30122109279606140708196
0.30119830265685476611282
0.30117591973630730706191
0.30116105109570545650399
0.30118046473298959453402
0.30119635929585591993529
0.30121823538497838335104
0.30124089833038369956597
0.30126696174801914640540
0.30129289786379170879016
0.30131839187101888688503
0.30131317887715014514072
0.30133804615214010436119
0.30128722995511891813436
0.30126095682364473216097
0.30123828819685632973702
0.30121635519605960418232
0.30120003207886925089554
0.30121954497307795728389
0.30123614816980520680900
0.30125842462719781833513
0.30128134347042001550676
0.30130741254848708576830
0.30133274762903961008220
0.30132740009800706992849
0.30135236081796451523829
0.30130161568443358799385
0.30127829329270228164717
0.30125620555698062741357
0.30123844082407108535548
0.30125733707517871051706
0.30127586345097995268461
0.30129841584918176655705
0.30132125280702959368995
0.30134712556824538864930
0.30137206012909845131986
0.30136645391707844732210
0.30139244959220523600862
0.30134100851159661971224
0.30131820643041395957340
0.30129599208625612583035
0.30127637002286311584953
0.30129569886999801875405
0.30131568546972115063554
0.30133802695438149932272
0.30136039232034195212151
0.30138657527388090784370
0.30141326285509578708499
0.30140717124463500820042
0.30143415077793700440623
0.30138062803714399384702
0.30135776837943323291924
0.30133518791687430304904
0.30131465807843560433810
0.30133352045711719879861
0.30135499000729110141705
0.30137740803271856337986
0.30140109762360361989053
0.30142849545314848169753
0.30145492024020831278719
0.30144887164460026918178
0.30147463379387545723276
0.30142170973486487328685
0.30139801102318858339046
0.30137494382474583343168
0.30135270377137363118081
0.30137256845194693166690
0.30139528821743888364892
0.30141847679060085329894
0.30144225812650393692138
0.30146841721486289378262
0.30149349133323238847382
0.30148754863638538292747
0.30151226462242070036623
0.30146208647513289546893
0.30143922978663673095667
0.30141567417808762252562
0.30139256545511644569402
0.30141300204698984188667
0.30143600687173199847990
0.30145885581968434596689
0.30148148694669274494373
0.30150648044215255794143
0.30153206881725291843566
0.30152672648646300368469
0.30155283776216351698807
0.30150069052594541396672
0.30147831785285755801240
0.30145592429227968667149
0.30143333107373126988904
0.30145355754221014876748
0.30147552353417489401366
0.30149765709639009259035
0.30152051877855656769611
0.30154746362925011204936
0.30157485584489174268441
0.30156900617824250465659
0.30159612653692491335278
0.30154143780996250923110
0.30151792864532173110703
0.30149526251754427130791
0.30147339473803869136503
0.30149307702562405664182
0.30151535696690590082625
0.30153877728191369467226
0.30156294769898700502964
0.30159051267163788923042
0.30161689467997004898692
0.30161098557071436276900
0.30163654163420516862715
0.30158467494402813047216
0.30156030905103331507533
0.30153612051166850394068
0.30151299847506701778954
0.30153389106664907348687
0.30155721889193354279257
0.30158130034029417831931
0.30160464393694941254154
0.30163084877956169993496
0.30165580171722561342307
0.30164954426913154206247
0.30167567711391746199112
0.30162407487893189150796
0.30160127785022844415508
0.30157839232311522970065
0.30155474715624214221421
0.30154776145088102445868
0.30156823838589646991082
0.30157552508343687946990
0.30159821742236175845520
0.30162072258226846344087
0.30164290805731969191683
0.30166913855768695551518
0.30169589185026279842816
0.30168970600576344720523
0.30171682027664137315526
0.30166255656110790850377
0.30163947130914098293530
0.30161733174470256590993
0.30159526700881206240368
0.30158721246001052307406
0.30160609563527535081917
0.30161428499977060990744
0.30163574988938007814809
0.30165882836719132287229
0.30168321185472402046202
0.30171102487684275939017
0.30173746605045526081312
0.30173201859316239881181
0.30175731898811841702468
0.30170463304007066884793
0.30167963429805710884324
0.30165552303679021850513
0.30163333219806254259510
0.30162450851020378150835
0.30164286136798995618946
0.30165279056650695643782
0.30167668300500477540638
0.30170136619932608201822
0.30172582265100111875711
0.30175201571895632346454
0.30177682507192582495037
0.30177120526884460005590
0.30179598441924332385966
0.30174621467882384306947
0.30172323315573185142924
0.30169842381402883768615
0.30167370832532536262249
0.30166225966603443797709
0.30168329164581408896595
0.30169567508051248205803
0.30172006770336640135710
0.30174326136655976737799
0.30176551309376148379826
0.30179038761237819699090
0.30181636664663386016016
0.30181027733662607603904
0.30183728131142095740813
0.30178402280562888204685
0.30176238789824283426100
0.30174056863963133467976
0.30171766706701119709066
0.30170489293401830943608
0.30172547859713877427268
0.30173852004924006653397
0.30175951263855604889130
0.30178045293562738571325
0.30180349469346645641110
0.30183113629262869892500
0.30185874246343047389018
0.30185252643963800256444
0.30187902631834817590573
0.30182407480523260057126
0.30179992501073932276157
0.30177785560492537131339
0.30175718485773106447567
0.30174485187767025040628
0.30176239309740870986332
0.30177500813326973982953
0.30179623302506347615193
0.30182051506027779419483
0.30184591173775965344817
0.30187308357773079414699
0.30186684550967929352439
0.30189238862888201353485
0.30184172003840809006547
0.30181642136472686122062
0.30179318421585699105947
0.30177936678233030498575
0.30179682100097404706673
0.30181327231364918350920
0.30183763178440303764916
0.30186312433798923038353
0.30188617684563212595350
0.30191051384654521427819
0.30190450897784476547159
0.30192828054709436313985
0.30188275734372238545689
0.30185948148201990903772
0.30183461698814428864068
0.30181658715096498779573
0.30183729925398122828639
0.30185623162145153175473
0.30187980363747779488648
0.30190127663881954900305
0.30192205255125142970840
0.30194682608959660941039
0.30194074610041438111452
0.30196566632489996173661
0.30191907828985614647976
0.30189816743060726711434
0.30187672301005830099996
0.30185840374413747122517
0.30187848367013264683223
0.30189581711409635422783
0.30191597962031901936086
0.30193740688522829884732
0.30196003887813782640137
0.30198499461855554670819
0.30197908220887209607142
0.30200397970924219848143
0.30195668792126956203603
0.30193437517454535523598
0.30191397656097773705142
0.30189693405603651443769
0.30191424369665686988640
0.30193218586258097069219
0.30195356859760641432544
0.30197575133450399453849
0.30199770617404936290384
0.30202428364223143919531
0.30201675707400704729011
0.30204656628093223824649
0.30199383930129658493158
0.30197233753936358890968
0.30195091045674882224148
0.30193175665571875265769
0.30195054021931738708062
0.30196918233650094087750
0.30198952411173046739279
0.30201174368219763088916
0.30203825225307817659015
0.30206513642657839557870
0.30205966848175991312786
0.30203237519889930551287
0.30200647203323499612182
0.30198634659498069243710
0.30196866905676678083381
0.30198494715679968791733
0.30200259401175527651517
0.30202704264390922705985
0.30205571093321498254980
0.30206366625435526751531
0.30206797665983614598062
0.30205196618195223612346
0.30202240844672212372046
0.30200065031453682262708
0.30202002811224243350452
0.30204900554847680105297
0.30207087673873883604259
0.30204390984818624277253
0.30207275636223518411327
0.30204801885726217935968
0.30207505563127801107015
0.30205516637798174306440
0.30190585150484899878975
0.30206215347643400326305
0.30198148034304667097771
0.30191528454545935034048
0.30166293585463532789248
0.29986509032498315230342
0.29987524617801231130443
0.30015641304737916694734
0.30015313580005020810404
0.30024854752528001844425
0.30013843231379350173782
0.30024380541410350398124
0.30026946096481543779788
0.30026559393279095289131
0.30027895140717414390608
0.30023392015361627382930
0.30011687414525756167905
0.30022148083346283931050
0.30025935309610568557659
0.30027603443995454224336
0.30029597788690071125117
0.30029294097207681613071
0.30031873543855253094748
0.30027161027285270700204
0.30025399494104854092313
0.30020665658094547456614
0.30018855126034743596719
0.30024775319311514110154
0.30026895956264232356858
0.30028916061814509008698
0.30031579612495462594524
0.30034170709644758545664
0.30033866272865178403961
0.30031168434963800839554
0.30028619763344210902289
0.30026582054336481419909
0.30024024808915011908184
0.30023562748049481552215
0.30026230507146872694690
0.30028318204965775972681
0.30030789085658415871194
0.30033391883205673433821
0.30035989694090131640891
0.30035473636474796510498
0.30037973545642465689198
0.30032982182789064173889
0.30030399056059409179653
0.30027980972274653792553
0.30025954505871393918071
0.30027664068513520989612
0.30029938131673167278635
0.30032537541163095706764
0.30035043134949351850693
0.30037456878935581139345
0.30040080257813667197198
0.30039542167228616698083
0.30042228441966578600386
0.30037025609007028670305
0.30034574197344260371167
0.30032019184971214809110
0.30029514021276754176526
0.30031544219003308837657
0.30034061677953310942613
0.30036525203370834091743
0.30039047199700547041701
0.30041701194540443298209
0.30044378898408524714014
0.30043831046427521558329
0.30046319723873754492516
0.30041212839353342856086
0.30038583424363807239388
0.30036025116006676016767
0.30033541846315620071906
0.30035550638517072297162
0.30038049847079606458067
0.30040737494032704324454
0.30043396071004874192667
0.30045874052989307578798
0.30048136983662793175753
0.30047722617871175376791
0.30049955228447616795151
0.30045463672113303932321
0.30042927695431714818497
0.30040212220982281943193
0.30037555212048699937455
0.30039715415089907057933
0.30042402528315903520451
0.30045020243928122205546
0.30047333268169162945327
0.30049568260580189482667
0.30051902651333978200299
0.30051464458984616934245
0.30054040644444501850785
0.30049189009751708923091
0.30046945197459817844532
0.30044558767513668273708
0.30041880000590637234126
0.30044031632729201186649
0.30046515707563020702864
0.30048821076651460737494
0.30051082721546301668170
0.30053578466722163931024
0.30056236592465201962199
0.30055749571253054241993
0.30058376447810913889569
0.30053175352406291676033
0.30050700222701137720449
0.30048378920730994812160
0.30046052323607741474376
0.30045343157344234219508
0.30047214183481052440783
0.30047952976210673403656
0.30050280984834459863109
0.30052732231844797583520
0.30055311195532313783829
0.30057943880869530950406
0.30060383973410825797501
0.30059896882568981624217
0.30062201104643587745713
0.30057438890067506020998
0.30054857402907719787777
0.30052272956668624193100
0.30049841900033119612701
0.30049029256750925398478
0.30050863510785796872682
0.30051780899545049718924
0.30054375892765816669083
0.30056967616160090717159
0.30059432901371574420324
0.30061740645524759329987
0.30063955883923165757210
0.30063505270784002254558
0.30065779442096074447477
0.30061292768159769694947
0.30058993387487165094285
0.30056445684321053679611
0.30053822664736123959628
0.30052736648392752716319
0.30054714112854935548214
0.30055888469456587541728
0.30058450775892553430424
0.30060827991189498220592
0.30063114014443026444923
0.30065364918802739424564
0.30067758870514510460836
0.30067366388746807892574
0.30069825508980135841952
0.30064935872377079872919
0.30062672533379863892833
0.30060354997395966059059
0.30057920974960916637997
0.30056690131810026578307
0.30058581986384191875317
0.30059835411208701838603
0.30062221106348613330894
0.30064540632258257568665
0.30066939590595809228546
0.30069408540668929319395
0.30071921450367433692463
0.30071508007778824378420
0.30073903500861265403188
0.30069023257975718843582
0.30066559907559159414703
0.30064133052572039606076
0.30061731731706275994043
0.30060422666931052582129
0.30062268233364070058045
0.30063646702297291968264
0.30066144027145919048749
0.30068650856597556320082
0.30071119647370703198419
0.30073529591045811137917
0.30075882806290971105412
0.30075491688745603635624
0.30077806576908483471300
0.30073139763601069995858
0.30070730960949637600166
0.30068244205674315994159
0.30065678805943868434625
0.30064155313152662873932
0.30066096424720456514734
0.30067777778037407809819
0.30070320396737931778475
0.30072723448581567540216
0.30075063809014346283277
0.30077411944977161528669
0.30079766070849844883384
0.30079314832878589758280
0.30081756125316672090264
0.30076948235015127375291
0.30074645052684340074123
0.30072329215964926918403
0.30069802647209997736866
0.30068107768970503412831
0.30070028570023255021226
0.30071789238253338050200
0.30074189096416048538885
0.30076553803166600209451
0.30078897149567168645135
0.30081315990112139635571
0.30083723846751586616932
0.30083354292044484079582
0.30085730246796099640605
0.30080896015438224333494
0.30078427830996384839679
0.30076074376827338641149
0.30073659413700543074910
0.30071886205355219390256
0.30073668336478009965873
0.30075499506469793864483
0.30077969235190338270769
0.30080448376194418580454
0.30082906889576255249352
0.30085358800412892454901
0.30087657764940323179559
0.30087287335664003595781
0.30084934359569337480877
0.30082485348182308459997
0.30079987818546788380658
0.30077414390448342640383
0.30075454284315938924266
0.30077269228717068427770
0.30079399292430053503011
0.30082061857737080190489
0.30084559927255921651934
0.30086888726515098602121
0.30089195970468657348462
0.30088819989104792496093
0.30091090428784306176624
0.30086530789475407487998
0.30084140067452702638207
0.30081517987769179622859
0.30079217187834439428684
0.30081286353814845613286
0.30083614146462756000489
0.30086150016361962178379
0.30088443046267093761159
0.30090702185489709430399
0.30093047378833143179477
0.30092595835975222140490
0.30095008212112817069794
0.30090324105212373773099
0.30088065268617519842920
0.30085654222923957634706
0.30083320530450985419435
0.30085322233647066036966
0.30087544135616151042001
0.30089921472620467790549
0.30092211847210020847498
0.30094591551455363021006
0.30097004573743996180824
0.30096576699565952273119
0.30099048817821610901646
0.30094198964222640402255
0.30091801601927359310906
0.30089415420680987178770
0.30087240089291555911188
0.30089106802702475507161
0.30091254854354104741887
0.30093744755249424160937
0.30096190394934652090342
0.30098640820526273431668
0.30101051095300274118571
0.30100641486620971498667
0.30103089618572814734065
0.30098232617636039298858
0.30095762426690580992883
0.30093205353847196636963
0.30090947941076851002151
0.30092858285760221148664
0.30095213990932301317827
0.30097844419597902243524
0.30100276368080619571188
0.30102647618324662737166
0.30105060825123297618688
0.30104650641707431102390
0.30107060698161758338642
0.30102291001881553711428
0.30099873691012496434993
0.30097270851100516031451
0.30094878318948886652962
0.30096929946483702567050
0.30099336286915984173262
0.30101886828434964993306
0.30104296431926597099604
0.30106665400723009451411
0.30109065064802553735035
0.30108666281865631431103
0.30111035138885344775161
0.30106288585843449245871
0.30103883477212667330036
0.30101345823483927066633
0.30099013579349542801822
0.30101016105658839894232
0.30103362653347154331840
0.30105857884326803208808
0.30108281945668852186415
0.30110614648420169769949
0.30112996613615772290018
0.30112580296166513438294
0.30114917827861381605103
0.30110269209031775838881
0.30107901954166876867802
0.30105316674864907033893
0.30102999955402182097330
0.30102331100394608132120
0.30104215091749947363908
0.30104987554624640377909
0.30107332400401554117764
0.30109866768726217811647
0.30112286485256051227211
0.30114543649381581014168
0.30116916560150969184306
0.30116568424358119981932
0.30118948556759922441373
0.30114227864322207217640
0.30111867554397736546079
0.30109342023363427909288
0.30107005722606733355562
0.30106169542761557211819
0.30108125560902770923022
0.30109038557379719236451
0.30111335333215943910190
0.30113839050608776082285
0.30116216619832597567452
0.30118543534731917477032
0.30120997830993051502801
0.30120583621889690517648
0.30123017373325261525352
0.30118200309944048731481
0.30115824104915811521010
0.30113350767295632426368
0.30111044231911543445079
0.30110083444742491431967
0.30112007032676341156119
0.30113031105082782579174
0.30115299117752597490849
0.30117819842247239847666
0.30120234027373066210131
0.30122595560369558320701
0.30124997376988660313657
0.30124599926034689723053
0.30126943765813957165633
0.30122295918916042190006
0.30119809320347795678074
0.30117279546742575790930
0.30114975153251916095698
0.30113914373016686942819
0.30115780325047120102866
0.30116958036882524041289
0.30119251355559895078073
0.30121829744688954910714
0.30124265409950340410816
0.30126588997337688802247
0.30128893629947622878618
0.30128491529427797734897
0.30130873695326415573348
0.30126221633128974497495
0.30123838785844941901004
0.30121285904699890423331
0.30118910093033002262075
0.30117634606044491052401
0.30119541586015668999110
0.30120933917678505142845
0.30123291637141846877057
0.30125835578374160483861
0.30128191667810416687345
0.30130468897553513984988
0.30132849972684649930699
0.30132479382975813075873
0.30134895941891637338728
0.30130182578320968689312
0.30127806446704596954334
0.30125310201118643549378
0.30122958685141409951314
0.30121477479347091854578
0.30123422693194901178515
0.30125009659829932173736
0.30127304747698119280486
0.30129786376092076993771
0.30132195433156255814922
0.30134526807701883521773
0.30136897269672269228380
0.30136545557953309248944
0.30138853493101025460277
0.30134218291398362499223
0.30131791419203529658333
0.30129311077263681850624
0.30127016021283270497122
0.30125382359534869092244
0.30127335685661693620574
0.30129002052774039865923
0.30131325664703850764070
0.30133828941048163008176
0.30136232578894434075423
0.30138493171576663520739
0.30138227215911267409254
0.30140445095598361602285
0.30135854756251717612159
0.30133313437205089257986
0.30131014680363432667320
0.30129226668485248330498
0.30131116778312400095174
0.30132987360421165101698
0.30135326672827222882489
0.30137816945254225498019
0.30140195478891823599454
0.30142405423093504568399
0.30142124059641084432570
0.30144434737087189013494
0.30139790912017705437620
0.30137306599018431896297
0.30135006985972900839243
0.30133019482663420118840
0.30134950994163473003695
0.30136982861014177670356
0.30139289449810763299453
0.30141727453572858541619
0.30144132069227913550691
0.30146506469441780584617
0.30146187349411901479357
0.30148585638841696177082
0.30143748860768182495917
0.30141264147401308770569
0.30138939850312512769293
0.30136844754289054959528
0.30138728142138460075472
0.30140926801231787690583
0.30143228762509904905542
0.30145793463137393608520
0.30148315294923866414223
0.30150652802114591422011
0.30150348365345819301453
0.30152614247414205594922
0.30147852320508394807774
0.30145289860860674524545
0.30142928960901277379847
0.30140641172197152330980
0.30142632600555757660388
0.30144969929896792137924
0.30147337036865817783138
0.30149904650097936187336
0.30152298470033489508069
0.30154490126607064182096
0.30154207079124123458413
0.30156357604470696021082
0.30151884621654723162010
0.30149412708920020342873
0.30147015008317440409868
0.30144637124975814934658
0.30146685724293148522790
0.30149054720456758271752
0.30151375762690696413770
0.30153821569962707682677
0.30156095465146631751097
0.30158328101148035305101
0.30158115180309125191727
0.30160394915664351378481
0.30155738738855725200594
0.30153322532775322928345
0.30151052966457547732659
0.30148723134703059312045
0.30150750274038445875036
0.30153018925661767557500
0.30155256896937099320155
0.30157718304454711466533
0.30160184096874076420391
0.30162586709989686051259
0.30162333600826535251471
0.30164703842785711707108
0.30159806743350336954990
0.30157284384400834253981
0.30154998782371095211730
0.30152738206822943256569
0.30154710914788662723396
0.30157014222870925923559
0.30159369596276758285214
0.30161953892846321556576
0.30164479181800152307602
0.30166770668142556255376
0.30166521246058403127321
0.30168725211048580403528
0.30164122687006000855803
0.30161523171348431082706
0.30159096516663985720896
0.30156707160307139048427
0.30158800412690933701043
0.30161211996008335800568
0.30163622726584460309596
0.30166115647616903450157
0.30168502378770040150968
0.30170641017762850344397
0.30170366742860610376198
0.30172618457981120743128
0.30168054473622635258678
0.30165620780307533799203
0.30163334863606161562188
0.30160889687964542726917
0.30160081101706454065337
0.30162120981654338969236
0.30162971450863390598940
0.30165322775130470889238
0.30167565328886492004301
0.30169933268545590099308
0.30172320777980687900310
0.30174629884640513655114
0.30174371948818695665651
0.30176712585502357688583
0.30171893513930864161310
0.30169440361302074515848
0.30167239512811094837019
0.30164949272321855966439
0.30164010675341795808535
0.30165891209535156125554
0.30166854627364725338623
0.30169086483959145494893
0.30171376411973266362665
0.30173954304644473589647
0.30176498211424779283263
0.30178766915874688514521
0.30178591973454976793434
0.30180742015130035404979
0.30176091609984945218770
0.30173457129423786327038
0.30171068829825631318897
0.30168762534280380016583
0.30167724866822498430707
0.30169553050155406559441
0.30170711797165811196564
0.30173189552486301412415
0.30175630362357014346841
0.30178205598675805765296
0.30180585989044855788066
0.30182682520762121880509
0.30182498978781835408114
0.30184588301317683001201
0.30180239454614266048083
0.30177817107767862525591
0.30175368380727285444465
0.30172806863844675584474
0.30171486290966131882385
0.30173583170142442844153
0.30175006893621808545802
0.30177537479772692519120
0.30179820072998808644371
0.30182163853083332494265
0.30184411074903644278677
0.30186616263637189305769
0.30186393940067041130604
0.30188697484058613085267
0.30184009387359245213389
0.30181732804793992563930
0.30179591921820159150514
0.30177209005670396768650
0.30175737513235501019437
0.30177790881014004975569
0.30179297337611354912212
0.30181490397174520756707
0.30183539297458356065462
0.30185950943530454049224
0.30188473724037240275564
0.30190833479524176174991
0.30190606448258494598491
0.30192851747225019076737
0.30188002966617533129323
0.30185486279684664578937
0.30183328669759207363299
0.30181166795911673617070
0.30179723807899561105472
0.30181473949786202792822
0.30182952142405283790794
0.30185170388219700887689
0.30187545297468137972530
0.30190180591858883918377
0.30192655620036024100017
0.30192267915405646139249
0.30194579522448011799085
0.30189665897995543453192
0.30187193019895597334568
0.30184772327898878874208
0.30183167776109781632599
0.30184910473446674439302
0.30186783857154453336591
0.30189317521113651077158
0.30191806232763157558097
0.30194194810314728405487
0.30196385460396923949844
0.30196021461171446143013
0.30198155394877079782390
0.30193769195980540986923
0.30191505832954729227069
0.30188921113819783270671
0.30186885154821946342096
0.30188955098586855996246
0.30191085431302366881567
0.30193541381581900928666
0.30195620969534958666358
0.30197769096097187846439
0.30200002949500653892656
0.30199631710038687959496
0.30201879908767276239345
0.30197400973518706557286
0.30195380915292630019664
0.30193137129144320685015
0.30191064694337926832546
0.30193072461138276141313
0.30195049056488093563999
0.30197164911611173998551
0.30199233562830257726617
0.30201554205482478154821
0.30203805689388335542489
0.30203451531507646832253
0.30205696987277363962932
0.30201161296709982950759
0.30199006999291944097763
0.30196867544102795610783
0.30194917933988862923655
0.30196649749975629228871
0.30198691251466902585321
0.30200928852118741341215
0.30203067287693546871807
0.30205306656173891433070
0.30207720031247553560405
0.30207204390005693017685
0.30209940787596284428318
0.30204875739454256633465
0.30202808146460807803280
0.30200566368514236703646
0.30198403304445614603324
0.30200290155138620473707
0.30202396151975585691929
0.30204528837210903313704
0.30206665903478530088577
0.30209346720241847528143
0.30211790222017270712840
0.30211480828502984552486
0.30208728678174423531999
0.30206225449148871309291
0.30204115055142571888425
0.30202111556325572649939
0.30203748021703991089026
0.30205742375918182007766
0.30208284175229754842107
0.30211061758084395423296
0.30211872616196044916137
0.30212287734813009221213
0.30210778291236184411872
0.30207726431347509121750
0.30205326638014751150507
0.30207272692400999325457
0.30210388762431567011291
0.30212670783026324139442
0.30209974327370786584268
0.30212766209786745541521
0.30210080124939731049949
0.30212792278724626138242
0.30211008918497761488453
0.30196076874268240608501
0.30211509656770030307626
0.30203391207151208952553
0.30196827804623033175702
0.30171532582102866815177
