0.29882824939893321003481
0.29883579966351808687719
0.29911779565307927697404
0.29911145664570554236761
0.29920933322683090915817
0.29909616455725951400524
0.29920118141372509246168
0.29923042713261116531953
0.29922295007392307741867
0.29924032197861782922388
0.29919035768310742184894
0.29907443904240604837241
0.29917737928453536078166
0.29921555804665189715053
0.29923374240405259394393
0.29925750013949153904846
0.29925084517982497578359
0.29927995826291142744680
0.29922806785468908374881
0.29920936770009548544280
0.29916203474853025889857
0.29914567451196866221252
0.29920234787940946930007
0.29922442532193699316068
0.29924580623153962388727
0.29927346258514558874353
0.29930228207856213185067
0.29929571869774213022097
0.29926812809415231919630
0.29924181019044931995055
0.29922039269832217955880
0.29919627110332991382080
0.29919410356931619432430
0.29921807258414251373679
0.29923789056563709909398
0.29926332514148007435395
0.29928976783811711559480
0.29931618343317795138958
0.29930981324238437046859
0.29933529707504752392921
0.29928467834204247610685
0.29925856252634419618630
0.29923560084672068404288
0.29921771602599328554462
0.29923484395714400330135
0.29925500684315436972227
0.29927941471381125371209
0.29930447766279033583459
0.29932888196244628042919
0.29935579525637900921708
0.29934910546052367896763
0.29937683596100495009296
0.29932347820617127842624
0.29929898330361626168639
0.29927527532594760950602
0.29925320293341178823354
0.29927301225938035544871
0.29929487213225075548095
0.29931766497079137501203
0.29934299363789385051149
0.29937019844311307803508
0.29939795707082661468945
0.29939106730857323324102
0.29941695212568375517037
0.29936410288416959168956
0.29933752511128258744222
0.29931360229638431791344
0.29929218913497546150637
0.29931136634723926048807
0.29933302395037858500970
0.29935848457266650557429
0.29938546434595192380357
0.29941105839032544633227
0.29943465315969836071375
0.29942905283400939042693
0.29945233260196696400968
0.29940567053437083799849
0.29937989456615882177815
0.29935397128726087823125
0.29933057042430843974756
0.29935147560948643929990
0.29937530041473348063619
0.29940034620996869296761
0.29942384732444138339957
0.29944697178967571993269
0.29947130029561280784023
0.29946537975710557644149
0.29949217725636673170797
0.29944182791907314467039
0.29941907655144178734830
0.29939632594795845266233
0.29937254326093615253157
0.29939351631964233879657
0.29941531582264718780451
0.29943727186935548134628
0.29946018868751983488252
0.29948597254363590325354
0.29951363592719526529606
0.29950714882699908114816
0.29953453452407036161631
0.29948054917770844385316
0.29945547639229336267519
0.29943331047788090959472
0.29941314628913817674771
0.29940723538243946277859
0.29942546247205209519748
0.29943152207775808326673
0.29945166451558108411390
0.29947520985348807798232
0.29950135068806732485669
0.29952855854731696982896
0.29955411265984538404794
0.29954755753821166175399
0.29957181627859869044173
0.29952206685792287510495
0.29949588879506294780697
0.29947092462393437584112
0.29944975677174351380572
0.29944309548161962553081
0.29946090402560743282123
0.29946848986615431931213
0.29949131125495165317574
0.29951641678726259598875
0.29954144612477523468286
0.29956546823394064604784
0.29958891903138518131300
0.29958261298808180894682
0.29960673453414432554354
0.29955949290338246271403
0.29953610799665231212430
0.29951137374837055737942
0.29948826760490715459540
0.29947910704662356051742
0.29949837066806767049698
0.29950829090142366828431
0.29953078960595863611260
0.29955389377533137018617
0.29957718965057145155129
0.29960073430229311464146
0.29962611748032502712036
0.29962029559013075852292
0.29964636823075629923352
0.29959491650299230336429
0.29957179098818570439633
0.29954918721282164373321
0.29952797368638900410431
0.29951761208902277777710
0.29953600316018286209285
0.29954648129041855364463
0.29956721945388697925239
0.29958994682804734877024
0.29961447836470778138818
0.29964026691734030327652
0.29966688936793467457065
0.29966077802869617308090
0.29968624415932559879039
0.29963483820477754271394
0.29960963456097383650345
0.29958573436034607873069
0.29956482755605151613310
0.29955388304110430741645
0.29957182751962779798660
0.29958337495981901543729
0.29960527255211100161603
0.29963004476786136986988
0.29965530677805840564787
0.29968047778294915062247
0.29970555525145198272341
0.29969956569623973363647
0.29972431255770604074939
0.29967498412470638946559
0.29965033907544691427205
0.29962571078755562137275
0.29960311547390339192987
0.29959019234871409054222
0.29960910402892210191439
0.29962353361575633226010
0.29964589118499179720700
0.29966972421409010518545
0.29969369149969432575276
0.29971823702396294120121
0.29974343670873859757364
0.29973675089655571479597
0.29976287882374191839929
0.29971199890159633261177
0.29968837592969843619528
0.29966537632608930552536
0.29964320888469925252551
0.29962873323786026746873
0.29964744170308049708851
0.29966248889973318147995
0.29968335259125838954120
0.29970689520931342864074
0.29973096309641222845244
0.29975626254566628547948
0.29978210582630221425759
0.29977614569835453472990
0.29980172555224537944696
0.29975043841395782040493
0.29972507923355717895930
0.29970158327438989331881
0.29968058153402316046154
0.29966547552977634838456
0.29968273545312096306503
0.29969836361655471934640
0.29971991554002752611297
0.29974474761271696632292
0.29977004524395312046181
0.29979569978200776292354
0.29982055411221375518238
0.29981448415690276076973
0.29978982716181490353335
0.29976458691431712155762
0.29973950436798851848508
0.29971689749888752452023
0.29970002641169829482592
0.29971758934439235444458
0.29973613864815562557453
0.29975964753567269083234
0.29978480128166867801909
0.29980887528073441039567
0.29983308149397486230825
0.29982769749417859106444
0.29985155772609695112862
0.29980397405377590125397
0.29977983218352605154777
0.29975672741183229108586
0.29973647953073412342206
0.29975659428335738043714
0.29977709752076708848989
0.29979934010050890424992
0.29982256342584900909998
0.29984604672650455592375
0.29987067265252909109563
0.29986451354151394399494
0.29988982174929607049663
0.29984085536965021656641
0.29981790559035964571777
0.29979690433958816608850
0.29977635383319400919078
0.29979574763366656497965
0.29981520896238872397888
0.29983590078665295353133
0.29985923780722040232760
0.29988401064543207530377
0.29990930787434744164699
0.29990340754735739237091
0.29992925780869533758377
0.29987861631071582868557
0.29985414205286814448570
0.29983333480951268601444
0.29981428647732821790584
0.29983232318473684863136
0.29985115838234210894342
0.29987302413491800923140
0.29989803411182330838969
0.29992357049175633054716
0.29994877116128798588690
0.29994306872848602862902
0.29996864586593907642253
0.29991792726050670037097
0.29989264564786372035954
0.29987010954705212162352
0.29985012899069646286065
0.29986863778992689510972
0.29988964520286753856482
0.29991289297350037790224
0.29993780881281212336020
0.29996260484940356905170
0.29998783956327546018628
0.29998210885339415820994
0.30000732746677488682607
0.29995738807014932225670
0.29993259540097755300181
0.29990964211095605396196
0.29988824113802386994720
0.29990813988420539359936
0.29992969425209586864511
0.29995211704794672025187
0.29997687894314778445093
0.30000174899614939771908
0.30002687200761846142427
0.30002126971917891795627
0.30004608810878424796087
0.29999624583909761943445
0.29997146358082155126468
0.29994916593849590968901
0.29992833515514416564685
0.29994769708503293825785
0.29996870493797384016332
0.29999059802829453058592
0.30001563930971986149387
0.30004028037945584816981
0.30006523684896796444477
0.30005947689319756310766
0.30008400060036294343391
0.30003498506553072378011
0.30001045226043038249841
0.29998763308011366923722
0.29996686952345164023370
0.29996038426221482975365
0.29997855324935618348547
0.29998608308758462070998
0.30000719896857491741926
0.30002954040477269881393
0.30005465263087344185422
0.30007866099558033745609
0.30010354494134255931570
0.30009846925247662952074
0.30012342949052900342721
0.30007357253606853353389
0.30004900958054753212778
0.30002672368160288041139
0.30000561648654411328607
0.29999744258677540909019
0.30001637292408256385556
0.30002531533222520643278
0.30004610000758341614713
0.30006819065282952507800
0.30009298361385761122477
0.30011779416931239072852
0.30014347963814924646897
0.30013775728171587786619
0.30016320766653126206336
0.30011234174704587429616
0.30008751346461359776896
0.30006570528817883003470
0.30004476042735900298553
0.30003535638517364603217
0.30005400022534889359349
0.30006404077937948171595
0.30008465176338527946598
0.30010695292103900522207
0.30013218890969028951332
0.30015742246997151321253
0.30018252052731891899029
0.30017698188215286014824
0.30020148101681082275505
0.30015229734833215324841
0.30012631859630117814319
0.30010392837365185148002
0.30008289976304508561711
0.30007249444298217389004
0.30009060080941668546828
0.30010213802872093280527
0.30012310936045472065103
0.30014598666733754983582
0.30017145694284852464051
0.30019636632381485608079
0.30022047426820624993482
0.30021488188137746000450
0.30023978846586785174111
0.30019047048508057384808
0.30016551331339691444100
0.30014290174281765821718
0.30012106412645528363825
0.30010858708714521769778
0.30012709591736208558643
0.30014068637888158264104
0.30016237676166512837739
0.30018489724496344450699
0.30020961069350038386006
0.30023416697738541936147
0.30025908512567389685444
0.30025381783762172815955
0.30027911002870893986127
0.30022897674536563883407
0.30020400562222609996965
0.30018195391542806804708
0.30016029303115671078572
0.30014588092807992225630
0.30016476194685048906052
0.30018014630169331802279
0.30020127822336939438230
0.30022321756228770306407
0.30024858886746519370803
0.30027386842908376785033
0.30029870477230641290234
0.30029363646625095718434
0.30031784654604265494271
0.30026832861432573018590
0.30024271565866578193038
0.30022074508718743501845
0.30019954636649553991745
0.30018375791218648851455
0.30020269806882404761694
0.30021874546421567497845
0.30024032560290120352775
0.30026257968359948424819
0.30028800043100467576096
0.30031268578909869892968
0.30030748047382815890671
0.30033176333222943998891
0.30028235512691109354577
0.30025967043895407382337
0.30023823732099114147687
0.30022103611013684076880
0.30023939954940481733558
0.30025736690774484927147
0.30027928639491102691395
0.30030148544671420030028
0.30032668397959871864344
0.30035089933085074020980
0.30034545708917859130338
0.30037071008731647259182
0.30032071930989395758260
0.30029857450369218385688
0.30027699418040976198085
0.30025792849012783447549
0.30027677350586018389933
0.30029619904681287279047
0.30031787894828587681673
0.30033954413663349614083
0.30036499210471812038037
0.30039093127025384699635
0.30038498747344216655009
0.30041122803044040256992
0.30035919969677377094897
0.30033707197512587994126
0.30031519015166313613108
0.30029526045270826806188
0.30031363572116731575079
0.30033444478652104869809
0.30035613385707482514420
0.30037907529466512102090
0.30040571708324947941549
0.30043141000168865906161
0.30042550901604275770396
0.30045054938068016525676
0.30039909083668936418121
0.30037613663743262248929
0.30035381052224530140649
0.30033229732977828607687
0.30035158537490297403494
0.30037355234677942661392
0.30039599406739692089019
0.30041905122036693942533
0.30044448656098088346056
0.30046886684511847631640
0.30046307556376516956220
0.30048714086480243778965
0.30043830035929675048578
0.30041615749371430865722
0.30039333456708250391642
0.30037098062946082643876
0.30039080821765362649955
0.30041307792382765384787
0.30043521003316792095106
0.30045715970259134763864
0.30048149944001550926131
0.30050647770210564546645
0.30050126918575192913607
0.30052678612265759650057
0.30047584609488131590638
0.30045412602681459413034
0.30043242012901177906414
0.30041053863894223718845
0.30043018485831202157854
0.30045146986712306658163
0.30047295447284178004921
0.30049520224356801589849
0.30052154338212344608650
0.30054833176575096453931
0.30054261546429505980171
0.30056908059022841017693
0.30051566394450246466619
0.30049274457876068433748
0.30047068744118615724048
0.30044946160954899561091
0.30046862874169022461501
0.30049029673877147850192
0.30051313063292039995389
0.30053670632501627846267
0.30056361907215423112660
0.30058927084425823839098
0.30058352769959506556319
0.30060829617585782536082
0.30055792746192344644385
0.30053419275063009141746
0.30051060048791472523178
0.30048807376085451270598
0.30050851384015248024539
0.30053123801632175560172
0.30055468164758980531559
0.30057733545189196933123
0.30060276664448454253531
0.30062692057242462739808
0.30062081703617010708385
0.30064618688194316709072
0.30059614347832747105471
0.30057411400187089567382
0.30055192529851182392520
0.30052891041915436032284
0.30052211858028160529344
0.30054212890930620538654
0.30054919885880848617887
0.30057120785086249847851
0.30059295484933035158548
0.30061434098756140143038
0.30063979326430789740243
0.30066583709170624505447
0.30065979384376850802596
0.30068625001789595074797
0.30063337539516382657112
0.30061106257807057584586
0.30058971693239872058356
0.30056839709436800056608
0.30056060605661438778213
0.30057894434018239682160
0.30058681742939724612640
0.30060749524135521593138
0.30062979287284119500612
0.30065345897794920615453
0.30068060224601628194208
0.30070641360441546785509
0.30070112026118217540827
0.30072579337522781228742
0.30067435907900458280650
0.30065001539604718772125
0.30062662785628585515596
0.30060522977889470030988
0.30059675650401529445332
0.30061448759970454958079
0.30062405792009350147254
0.30064720887521750869453
0.30067122369753279675919
0.30069506759448094701526
0.30072064327092679070219
0.30074482236299343584918
0.30073935057499090461874
0.30076347771478756376595
0.30071498736667873208361
0.30069261696247195914111
0.30066842778310465256197
0.30064438449023200838894
0.30063329294860058338301
0.30065378422647226486220
0.30066581011856757799094
0.30068958955248376030411
0.30071217972390229533630
0.30073380810179994870879
0.30075802338475798869410
0.30078332657415707274140
0.30077737697871342881228
0.30080367349598274850919
0.30075181375276260897778
0.30073082621749619436358
0.30070961703546744692161
0.30068731287862332512972
0.30067489300791438999738
0.30069502055378632965343
0.30070769578026157464734
0.30072807899607489900973
0.30074838041096807472741
0.30077074896482475230286
0.30079767775914462157871
0.30082454052067553185168
0.30081848048817899643481
0.30084420770597136707281
0.30079076186133324455341
0.30076730489189729134125
0.30074591115729948365143
0.30072588624978202620497
0.30071395853714028012504
0.30073104216450036174635
0.30074320654219216519820
0.30076375092858204096657
0.30078732986311701447235
0.30081201074470020895291
0.30083842859654053025764
0.30083234141565640129556
0.30085713470252345436151
0.30080796110059221382116
0.30078338329530002193124
0.30076084563279215089437
0.30074752712642777163765
0.30076446065922213257693
0.30078036955467546409437
0.30080402394333777271740
0.30082877626321025132938
0.30085107517875048221967
0.30087473803678260741989
0.30086888496586777774766
0.30089212819368965634581
0.30084782016690647665769
0.30082528610799352808414
0.30080114994422646468308
0.30078369397868864876244
0.30080385712977703027704
0.30082218227918172681612
0.30084502082106429066144
0.30086580732253009884403
0.30088603851742851125195
0.30091045328296972538595
0.30090449058577917185175
0.30092913074773047776844
0.30088318971408395396949
0.30086283824819021193164
0.30084209428552138865243
0.30082440266855986488181
0.30084393411663468143047
0.30086064426815251060532
0.30088021633808015309341
0.30090124651806438027535
0.30092361006895490538326
0.30094817814132079902834
0.30094238941082346316946
0.30096656619602557558579
0.30092034833306574581613
0.30089832341142114247035
0.30087835148693820030985
0.30086187025173433129410
0.30087873460130476477303
0.30089624348226895467207
0.30091733126088410221755
0.30093917684145021773645
0.30096046542240695309545
0.30098585985038672774294
0.30097855611258617081205
0.30100689049008311215516
0.30095677340531773458210
0.30093588101345564167488
0.30091476372285735907397
0.30089591322692194053090
0.30091447043809760319988
0.30093281766356799744599
0.30095261397956696303169
0.30097377190277363467885
0.30099879492268527547694
0.30102441942521340756400
0.30101904700262377412301
0.30099313395305432594640
0.30096870089370464373957
0.30094956803726286009848
0.30093239251921677368529
0.30094829693857944041824
0.30096502687546433651988
0.30098802612885106055884
0.30101520963368244565572
0.30102261994952816959170
0.30102683160135296214222
0.30101162640803075243312
0.30098363663758825881089
0.30096327247578452679377
0.30098148683082281973356
0.30100885787096703927190
0.30102970952655561109879
0.30100303029545921740251
0.30103160925046024143370
0.30100808574695647745756
0.30103397800959658114905
0.30101402443385716356516
0.30086612282901137316315
0.30102080771439865269912
0.30094057690168901642025
0.30087497226195319965925
0.30062373263172409432187
0.29887781194292528663681
0.29888901234570425247128
0.29916731328968609870955
0.29916463642181240212281
0.29925877229999031658991
0.29915058175264030992935
0.29925429458311192387754
0.29927977662925497881474
0.29927598222416629258902
0.29928958064472560574032
0.29924472528845702523626
0.29912972366805729018679
0.29923267059808206225213
0.29926986329228538741276
0.29928668855559875661143
0.29930666803744349069305
0.29930370476057138739989
0.29932903480481864999518
0.29928230960553309225602
0.29926465305491334323307
0.29921828724903254403955
0.29920069246702712950636
0.29925859725355202778374
0.29927969952727456748320
0.29929998629854498437552
0.29932623604738511913226
0.29935126722606347771105
0.29934840483245250819522
0.29932224657171868642536
0.29929707028273572211319
0.29927663183588343320807
0.29925135139214403823260
0.29924697441459235935923
0.29927321187516786604732
0.29929411906486375061220
0.29931857094415093012429
0.29934382374476342647540
0.29936877925596572236344
0.29936380636828180401565
0.29938780000725262464556
0.29933990900566009862871
0.29931478216060419805800
0.29929079767460814442970
0.29927056105904098481929
0.29928768048272447188651
0.29931026089748047347427
0.29933562273851149759807
0.29935969121659644631706
0.29938281387188009352585
0.29940820512499788375038
0.29940297678140359582954
0.29942915223263144586241
0.29937867220154029679335
0.29935517650912302212163
0.29933058615158814053103
0.29930610550772768219119
0.29932598292846412935120
0.29935024210429700408653
0.29937384294577423782258
0.29939816539208574663888
0.29942400733529178635806
0.29945017767429760180420
0.29944481354042079557232
0.29946907419308110842593
0.29941925201649366439227
0.29939368878844963006713
0.29936903049109570007502
0.29934522256898860037566
0.29936446033958008516862
0.29938850850782272594586
0.29941463254572869834291
0.29944059054580507428511
0.29946474380440096796363
0.29948667556464397820903
0.29948267727922328607093
0.29950425529477914254883
0.29946077090936229492257
0.29943602436499244801027
0.29940951182653391393629
0.29938372300759830135775
0.29940468943522419165149
0.29943089746870488188080
0.29945645602936699081198
0.29947891805953164023890
0.29950053363446887955135
0.29952312248461593346960
0.29951887872538512924692
0.29954389681928933475419
0.29949686884027743039027
0.29947516780207950048975
0.29945197880989454786160
0.29942581345975005646665
0.29944684194281717681818
0.29947102377508499904124
0.29949334353466322555803
0.29951519828261247146983
0.29953940947553925333580
0.29956525158013347365227
0.29956052508449143578773
0.29958604640427949350467
0.29953552632213364947944
0.29951152654129603591926
0.29948907049356787712924
0.29946652421255287590540
0.29945962991148278309339
0.29947780198983436905635
0.29948495314870288153131
0.29950747594318133382174
0.29953123766602479660648
0.29955629222299506864147
0.29958187343166331473299
0.29960552007776286576046
0.29960080941672340149040
0.29962311699773530593305
0.29957697043350345333934
0.29955189472232746084046
0.29952678848243147191610
0.29950323839410841753050
0.29949538139870968134204
0.29951313568563420197677
0.29952202189924903574791
0.29954722680163708981027
0.29957240059000173060255
0.29959631022913574271982
0.29961865671709697611647
0.29964011122250605589912
0.29963573969008039377115
0.29965781821332221346310
0.29961431706721097789625
0.29959206952662376099994
0.29956733737375573767281
0.29954184414779033707177
0.29953128623004898756221
0.29955050248329184725549
0.29956191428249839825426
0.29958680138955084970576
0.29960983016599629369381
0.29963197031124605418384
0.29965379897397292907613
0.29967709304324319230517
0.29967329710305429246731
0.29969723488093780172647
0.29964965083589562011568
0.29962770074998185121373
0.29960524657539777670934
0.29958164240351181639710
0.29956969974123737188165
0.29958804946312822536925
0.29960019473575427717549
0.29962332619522547005886
0.29964583236692610146434
0.29966916623493417004553
0.29969320438857399713228
0.29971764518934951304630
0.29971365244060516053182
0.29973688837242362659197
0.29968947889014307950362
0.29966549571483935832106
0.29964188596120716612248
0.29961857991304491344309
0.29960589105219626038235
0.29962380491213602695666
0.29963716928193045996309
0.29966146699515738838215
0.29968587861977158404159
0.29970989783502455239272
0.29973328976664664891061
0.29975608842445988777570
0.29975231367904942025859
0.29977473439461299609121
0.29972952240464423301347
0.29970614524949307222457
0.29968194704070288958420
0.29965694958687882909487
0.29964214666275634790793
0.29966104039669677616686
0.29967740895409605839106
0.29970217010113581190822
0.29972550499844125004856
0.29974817517419000134637
0.29977091920039261596642
0.29979374556339538626659
0.29978936788554100267845
0.29981307371148729901122
0.29976642688365012778817
0.29974413038658431762684
0.29972169485121230581015
0.29969712044016838525806
0.29968065759210421594716
0.29969936153845005977203
0.29971643742767062335020
0.29973970787705100926601
0.29976262202116626953696
0.29978533484051811397464
0.29980881543412118972469
0.29983218710656583949614
0.29982863330921383226979
0.29985169384456411556528
0.29980475028185971098083
0.29978077746808479142615
0.29975797391287961612960
0.29973456542979198813370
0.29971739951826309455996
0.29973466985036134602183
0.29975238456919256480049
0.29977634161669047818677
0.29980041766129600366853
0.29982429487371331511270
0.29984812064669330577971
0.29987040812640786136001
0.29986683750659987035547
0.29984401439066726835492
0.29982022979128331030552
0.29979596527177249098983
0.29977095153090144163954
0.29975197777803108678540
0.29976956559470829821734
0.29979022609243188846051
0.29981614057631372771695
0.29984041656437115941358
0.29986299927058918113332
0.29988536784222630249275
0.29988175556212809391710
0.29990377686715991023547
0.29985955966073585265974
0.29983635466276875591873
0.29981084679259861758283
0.29978848949810893431689
0.29980864630193670983260
0.29983125099871466012758
0.29985589163253661970643
0.29987811854792667531910
0.29990003653849306441970
0.29992282297238975763420
0.29991843379792287871410
0.29994190141965676454916
0.29989638136389407119253
0.29987448637136349116616
0.29985109020913036648182
0.29982845231169003019644
0.29984790747698136792465
0.29986942548681860820636
0.29989250680917262092962
0.29991473444451294261270
0.29993786127492871873557
0.29996131742727105695678
0.29995718765946627337726
0.29998119764362324302098
0.29993408301701812712636
0.29991077071164656819846
0.29988757992281894759756
0.29986651715410844731835
0.29988462534159238126463
0.29990543539518782489850
0.29992967475770654361966
0.29995346859536281547420
0.29997727668386298116587
0.30000063945649380059422
0.29999669933577105540579
0.30002044065028143915441
0.29997333149152155540307
0.29994931788364098679267
0.29992441611913361887432
0.29990250175409483013311
0.29992107980309379300365
0.29994397863509009161120
0.29996958499909370798875
0.29999318319904905161266
0.30001616007414805276099
0.30003956049925434301784
0.30003558802542096284327
0.30005897480219623219000
0.30001273089542901395532
0.29998930455197869715533
0.29996400040276660625693
0.29994075286573818051039
0.29996072369564158455191
0.29998407894889483893408
0.30000884099551955452867
0.30003218856717128737444
0.30005514937337274261608
0.30007844469032729506353
0.30007458962234095922739
0.30009758404037545354015
0.30005152310371868695782
0.30002820222230530688989
0.30000357430742047304406
0.29998098996002908744885
0.30000042156096290435485
0.30002313722216122915398
0.30004735114289754482897
0.30007088390169189828782
0.30009351938297945672218
0.30011665468719711524770
0.30011263523665704378018
0.30013534034980499098921
0.30009019666324121544676
0.30006721620124648941541
0.30004208592907027908225
0.30001966283234626775567
0.30001321971816985456627
0.30003147551093417577661
0.30003894675377446032982
0.30006167223244234465440
0.30008631246970368655624
0.30010982994330970274888
0.30013173704732343249901
0.30015480633045754643717
0.30015146048917018539726
0.30017461057025407455967
0.30012871453158446177767
0.30010578953095812249074
0.30008121677928228931975
0.30005855094990407927469
0.30005045038179356531316
0.30006946349550045471943
0.30007831935331108486054
0.30010061426209949653199
0.30012497782185565409208
0.30014809011375476188732
0.30017070012758412245191
0.30019457855788606037706
0.30019057833259737977372
0.30021422404377057224778
0.30016741394501988970944
0.30014430528658686547772
0.30012023558819633795025
0.30009783236602144418370
0.30008852498071514336431
0.30010724579186059957081
0.30011718173136897602760
0.30013919838166286391257
0.30016374665831668799854
0.30018722563165906036531
0.30021015764871927800073
0.30023345434677639609333
0.30022962860836283072175
0.30025233073957724450054
0.30020729654590905255418
0.30018311191888880085088
0.30015849076608364098817
0.30013611097301934327319
0.30012581231969559514283
0.30014398423821325723182
0.30015541902994097300805
0.30017768860718491152895
0.30020278028742508613647
0.30022641901822649801446
0.30024892333048552872654
0.30027123761473234475616
0.30026734924193448916796
0.30029046448845381211967
0.30024539595235133493389
0.30022230578326403183098
0.30019749386450439443408
0.30017441248005199971871
0.30016202943177910933414
0.30018059166602772958043
0.30019410338799884518934
0.30021698101455351892497
0.30024168493924296985398
0.30026449848679176435340
0.30028654534921012109194
0.30030967402355185358331
0.30030610507877625314777
0.30032961108287981044640
0.30028382447634338614506
0.30026078611529349871034
0.30023656954688709985746
0.30021378035902979153349
0.30019942472017580037402
0.30021834402715463774314
0.30023370348814287789097
0.30025590645135441514313
0.30027999173660968601496
0.30030339674952666317864
0.30032606270653833258066
0.30034911561847577043949
0.30034573747223164419395
0.30036816558245732489141
0.30032309692197889372522
0.30029948170512316130143
0.30027538366942641001600
0.30025317094469927692302
0.30023736912112480856862
0.30025632948572689162603
0.30027243706213535556770
0.30029497350867340177416
0.30031933425485829447510
0.30034272907407294495030
0.30036469441453172990464
0.30036216799707110558515
0.30038367824610417988751
0.30033909560293137186449
0.30031432729063289865934
0.30029199748599816333083
0.30027468136900586914706
0.30029304955539753985150
0.30031119566384351093902
0.30033395293362263878123
0.30035821065874629409720
0.30038132872477740775707
0.30040271844833998926561
0.30040005934823654776267
0.30042243312047750558591
0.30037742845351173004431
0.30035324961461240533822
0.30033089025058729015782
0.30031157253357593228671
0.30033040378904057865483
0.30035016018730603670761
0.30037256193459671571588
0.30039623485647842793256
0.30041955314865087522946
0.30044255859985041778870
0.30043950539866981497283
0.30046275936857963495541
0.30041586874879683266570
0.30039176040597675987343
0.30036921842990821351904
0.30034886912916358703285
0.30036721591846265999592
0.30038854016897620358151
0.30041082867083357399451
0.30043572076500357770357
0.30046019031248855091221
0.30048284375401396184557
0.30047993681927920306407
0.30050188428236829230045
0.30045571275031190960902
0.30043083932072850439354
0.30040797336061952904629
0.30038582461160717729243
0.30040516200117689527005
0.30042778016514232186651
0.30045070262517103998334
0.30047564802595694288812
0.30049886990141844167468
0.30052010325383443634095
0.30051741364145467816371
0.30053827902375168656945
0.30049486853290152676976
0.30047086966900482529752
0.30044762689285436918496
0.30042460523821307161185
0.30044448196406564610683
0.30046743436501194279842
0.30048992660581169689138
0.30051369690363388675891
0.30053578965514143872539
0.30055751690266147013730
0.30055551060093077531121
0.30057772480053135399913
0.30053235142927570144877
0.30050884816069961535945
0.30048684129719765989464
0.30046425721537906028402
0.30048394811592871178618
0.30050595109317096431667
0.30052768090899456554510
0.30055167501622231940317
0.30057573691282096772781
0.30059917057787571836869
0.30059676157587872369348
0.30061982030090383943843
0.30057210212023766082723
0.30054747425432631890985
0.30052522796633696078317
0.30050326676805672043713
0.30052247846011276299905
0.30054489694025365853491
0.30056786370778265649051
0.30059310616357437506707
0.30061771459549280205437
0.30063991092045699859980
0.30063757105568467142831
0.30065883497964024373417
0.30061428805004120068389
0.30058892972157580381065
0.30056525981002912839557
0.30054196427250151613109
0.30056244407997895207174
0.30058595348922079182330
0.30060942278888791445723
0.30063365669505692778785
0.30065675819583220773623
0.30067735761263797433784
0.30067475681147531885173
0.30069652318169476368226
0.30065242208093545528413
0.30062885807353584288748
0.30060669575297183087059
0.30058287712786391221442
0.30057498890416572967510
0.30059492129396270243546
0.30060320505927812240188
0.30062603205110521864540
0.30064769957440368175483
0.30067057440845285087860
0.30069367918750627977076
0.30071607318203930070410
0.30071362412874064196089
0.30073638496284960108795
0.30068956282102782262555
0.30066580879004872750571
0.30064459390798675686440
0.30062243937509824931453
0.30061332149095237875613
0.30063158212213969555648
0.30064089505283181358308
0.30066242350282079698331
0.30068454241966846574030
0.30070959908564215412596
0.30073437639996120074315
0.30075644636103004980754
0.30075483843872791167584
0.30077572446785871829178
0.30073045113568930286618
0.30070476608922985795047
0.30068160615284456049778
0.30065933906229591610071
0.30064931814992895686700
0.30066697836572614521700
0.30067820124572919304740
0.30070223417641311902671
0.30072597473575901627640
0.30075111002100246571089
0.30077430460093984576631
0.30079465270568922496963
0.30079295238232967024672
0.30081320679067552470443
0.30077097643260591874892
0.30074736842428306804464
0.30072350031386302360303
0.30069856051810034403005
0.30068571795754511777332
0.30070614618150515173767
0.30072001949081345051340
0.30074470894896143668973
0.30076693255007863614381
0.30078974284709392161830
0.30081156394089669792180
0.30083295332064563520902
0.30083085658812952489782
0.30085319805133481363413
0.30080769423310160792795
0.30078557975200403973304
0.30076477969391324229775
0.30074155121092105424907
0.30072719723053370488586
0.30074727290139280366787
0.30076196427447665637800
0.30078328219350408678778
0.30080313375351491744780
0.30082657322475009342710
0.30085109637530149662155
0.30087396413990369348213
0.30087183632400282817798
0.30089353040446403797503
0.30084652635354275362900
0.30082205590202565348434
0.30080115389617706478376
0.30078018434274694792308
0.30076616695951741142778
0.30078321085314801974775
0.30079753464174513455376
0.30081903320887443120668
0.30084208091138037177714
0.30086771466976391931070
0.30089171914104417826508
0.30088798491363777376506
0.30091035935212534502270
0.30086271308153261783147
0.30083870333349183034954
0.30081519933096440011511
0.30079966043986888779571
0.30081656674086537650581
0.30083475026525874351790
0.30085937836443499282524
0.30088352720189442957022
0.30090665640556035764774
0.30092789699276684123319
0.30092440070931825157885
0.30094521996948936370941
0.30090256764874895312190
0.30088067374130811337807
0.30085555836298083498548
0.30083578071000605103080
0.30085593115656411589143
0.30087661904999218887014
0.30090044157587692019717
0.30092055316488031113664
0.30094148720667635021897
0.30096347527541805755291
0.30095987206421664916789
0.30098208232321788102581
0.30093793388576534075796
0.30091829034971712131252
0.30089655646656576770681
0.30087646810801915719935
0.30089599722296239692199
0.30091513144567766380177
0.30093569604911674097991
0.30095598795899430877299
0.30097892393770264707342
0.30100105943413935083441
0.30099763341363083846147
0.30101937553155977411734
0.30097508606934586516957
0.30095382831682293556241
0.30093286393593426941706
0.30091393760782747524019
0.30093081038068486554593
0.30095078356201143687798
0.30097286116373928033241
0.30099391105607509189213
0.30101563686787541351819
0.30103859578010516706570
0.30103365408515175838389
0.30105955139687529120707
0.30101150410483457076083
0.30099143480759599222907
0.30096933026282102208171
0.30094801146722527374067
0.30096665330269189997381
0.30098741004165591172992
0.30100818796653383557782
0.30102849971749395807663
0.30105382104912542517994
0.30107700462063741175811
0.30107399804228074380319
0.30104785779265297307461
0.30102429286771448246895
0.30100418503954184945570
0.30098466024132142226932
0.30100065086259936153468
0.30101966944722874375273
0.30104363447838544676216
0.30106992834016332860614
0.30107749129363703399775
0.30108154425936878295644
0.30106725208982160202353
0.30103830503207806845722
0.30101570900293211918708
0.30103400562813004137652
0.30106355215040264683424
0.30108534937856956670288
0.30105867250863349582346
0.30108632694081161051969
0.30106068761018162094345
0.30108666416016682809698
0.30106875912594632804797
0.30092085213265251653070
0.30107356948304658805782
0.30099282909841451605359
0.30092778435758504862463
0.30067594331267677443265
