0.99964576178635500269820
0.99970436436408949276711
0.99975799069621362757943
0.99978367790447741914051
0.99978840731047546874777
0.99977517190859388485080
0.99980507181783750958459
0.99979334261594621224845
0.99980652638790645792000
0.99979510247203506878577
0.99980020093988464235935
0.99977201087220890496354
0.99979949432037895640235
0.99980337901836058289717
0.99980448294444568269057
0.99979825008333678137973
0.99980351197814798513974
0.99980113353923072416762
0.99980158237545246890932
0.99980398638064604810438
0.99979705092104298458366
0.99979297257929344855398
0.99980379138382657888684
0.99980276541474100149287
0.99980077860266292066882
0.99980336586417928312898
0.99980217127877535343572
0.99980321797784887927207
0.99980151078260526276154
0.99980242141334052519142
0.99980363455562437646762
0.99980319003882167638864
0.99980277908424941557541
0.99980438568165852508685
0.99980346341666925802372
0.99980359833773135846968
0.99980276868393636036103
0.99980302598040104999910
0.99980389562668758873798
0.99980322263643650604337
0.99980504922408830470459
0.99980424973886561357261
0.99980410096358418581275
0.99980493659779157145095
0.99980449678885552344809
0.99980419842328160928702
0.99980503210840410144300
0.99980593342099277620605
0.99980490546342970503702
0.99980402619212782600044
0.99980596090376239182262
0.99980512065765625440150
0.99980630837892792150967
0.99980517353122821955225
0.99980436261766469918655
0.99980412511451000057150
0.99980414597158584477654
0.99980420268265857153267
0.99980491286771822068147
0.99980662114001761509030
0.99980702937944476715870
0.99980590551941050936335
0.99980781823502851146657
0.99980604649471860323473
0.99980711123858645450468
0.99980482435832640497608
0.99980392989397937064666
0.99980424447560467537954
0.99980436168444608568961
0.99980399284900745016103
0.99980519371256104665946
0.99980762866020422841018
0.99980812952179931585306
0.99980571617744717904941
0.99980806161641544438368
0.99980550299281079063007
0.99980788186228797265187
0.99980579117935886035440
0.99980456413613438826360
0.99980471000891590893644
0.99980538863744838895542
0.99980534935088860581942
0.99980618645974039804258
0.99980775603505311899255
0.99980800121101953692460
0.99980593342646006949082
0.99980831752960375169437
0.99980709380138743647137
0.99980745166794271483468
0.99980611992117673914038
0.99980587683890387307173
0.99980620653179363976903
0.99980680065101379394576
0.99980590592889317935743
0.99980572915103826936445
0.99980731489431040603932
0.99980907264050478122641
0.99980856507625504026038
0.99980995293549002056466
0.99980973702246378476133
0.99980750692541442425920
0.99980540413739782401592
0.99980559016008463402159
0.99980695755225112986153
0.99980733802873644755493
0.99980739373927929314334
0.99980677791701222378862
0.99980531809291961486963
0.99980543854990322483189
0.99980790651492379428333
0.99981052747398868607576
0.99981023037712279943889
0.99981052379394830254000
0.99981007450728065499845
0.99980819239710472245974
0.99980581257256873062289
0.99980539493469600120790
0.99980659981407815628529
0.99980731494229369005211
0.99980734230032930476284
0.99980666920343597148246
0.99980584031715258319650
0.99980622872229818476342
0.99980812095000093364661
0.99981002499416460338466
0.99980965771685770260291
0.99980939468145124671139
0.99980942192031829751642
0.99980770615892289310267
0.99980638151592748918972
0.99980636222050611738865
0.99980700171836389689162
0.99980758443582440353481
0.99980792329250867123136
0.99980736204253395360553
0.99980661767737366574238
0.99980620049987922737245
0.99980719869812662015107
0.99980900977457309863894
0.99980959585307116466169
0.99980903357537953546341
0.99981007186716563950313
0.99980689600330641120252
0.99980586350982381116381
0.99980649664289145128748
0.99980748059382706927067
0.99980814872798484671534
0.99980812552715037089257
0.99980727688561865651451
0.99980617690947459763606
0.99980565302238222358255
0.99980695038760369897091
0.99980933080408396218530
0.99981055156501286163007
0.99980960529816109705337
0.99981079550856399862369
0.99980725567685246879535
0.99980574430607060953946
0.99980595965955654236268
0.99980691117128994704899
0.99980789639164080462308
0.99980765558393325243003
0.99980665924949063683158
0.99980604096898961774542
0.99980608577767027256300
0.99980755706298252150077
0.99980964827744422951383
0.99981074638839084745001
0.99980946329712594433659
0.99981053200551484039238
0.99980765887821998472162
0.99980644782569849660092
0.99980636519506838055804
0.99980668913934223063222
0.99980758894218157983858
0.99980773698033698071441
0.99980692107830093640075
0.99980667843745574252523
0.99980660925730957533375
0.99980755965713841160181
0.99980921673569012053662
0.99981034001549828893474
0.99980911051162979497064
0.99981026033288422638634
0.99980741621339286329118
0.99980652080128762371203
0.99980674054377183246345
0.99980709162535474909816
0.99980794758239344144357
0.99980798405479542889651
0.99980695726592738736827
0.99980649138392929664576
0.99980632329390917156786
0.99980741456929445032387
0.99980919961975689425060
0.99981025638704223990061
0.99980940248527572222770
0.99981018954188161096397
0.99980758973442940273912
0.99980622593877876980173
0.99980607746476035657679
0.99980648656913218008668
0.99980771880209873270218
0.99980720716907645062577
0.99980588970384876024156
0.99980575553303607794220
0.99980630837654271836357
0.99980785582217346352252
0.99980953402928429696317
0.99980995633528124688638
0.99980946966182171475879
0.99980803632553438831110
0.99980650762118516983179
0.99980567780067874927852
0.99980546728743568962727
0.99980668781158754665483
0.99980644491299275333773
0.99980539929114842223612
0.99980580613531888634071
0.99980665553070335871411
0.99980800515379186776954
0.99980923555763179244593
0.99980778031098394009746
0.99980897904498666761697
0.99980660239592644700224
0.99980595425552376553924
0.99980562137954853696442
0.99980659258036197467590
0.99980701465269927741275
0.99980587885552529847644
0.99980589878826531258227
0.99980634361894016315375
0.99980751676204515643320
0.99980884710550121940997
0.99980736633616240638389
0.99980889319914645341214
0.99980599089879629293165
0.99980556244462226445080
0.99980589991653301407126
0.99980742676004374924759
0.99980757764479588622919
0.99980556693167565995850
0.99980505300133248880456
0.99980569419737241876334
0.99980738860961737568545
0.99980906828821014542541
0.99980752067109235348141
0.99980927927791840570393
0.99980553360539792251416
0.99980455360464137726240
0.99980498582915466876386
0.99980733621125295051968
0.99980681677154958908460
0.99980441004627362833190
0.99980421664165552986248
0.99980549302307852865823
0.99980764504626451483205
0.99980944939548255234740
0.99980769415397585664351
0.99980953157390972663165
0.99980548208211428296011
0.99980406005728306162439
0.99980406045970426909264
0.99980632327515761570425
0.99980610501532218847842
0.99980399891184368321717
0.99980402910004773087138
0.99980543215595363282233
0.99980765813253513751846
0.99980954804880139974443
0.99980759434262456153419
0.99980953872467670517921
0.99980533062615306594267
0.99980403891659874737741
0.99980414158254771184176
0.99980622301353994085815
0.99980655571541598991558
0.99980433541162216926068
0.99980402979959703824164
0.99980522881597810869181
0.99980754956734563254628
0.99980950056496509237292
0.99980752714307563611129
0.99980942883002066334797
0.99980517490094955590507
0.99980399227852223553725
0.99980446744040074591453
0.99980688505724168990696
0.99980706442938904743301
0.99980450348866722887209
0.99980395564839164013193
0.99980513942333670840412
0.99980748768123139935682
0.99980933861690202135719
0.99980739187404477075205
0.99980926838535777445571
0.99980505806701946980297
0.99980392283231189765047
0.99980448091846707558972
0.99980707945963043226101
0.99980717303908195336959
0.99980714740823983799345
0.99980701692576190442452
0.99980445384688099164094
0.99980385923216807952940
0.99980488959393087888827
0.99980724057525849346462
0.99980925598429404299594
0.99980708526649308964807
0.99980929565621901033978
0.99980464866836993298449
0.99980372938166417462469
0.99980444120314571065933
0.99980698131280720808434
0.99980714211550758552249
0.99980722243020248019008
0.99980702321071956983900
0.99980442182043871568453
0.99980355857936087371485
0.99980441678541875916153
0.99980697507024496317740
0.99980932295003455134719
0.99980691517274133950366
0.99980925945357068673758
0.99980426110447429000061
0.99980342675520206263684
0.99980439413774702117621
0.99980709778395404629947
0.99980736030058248164920
0.99980748535719732306148
0.99980712886232203651105
0.99980438983837582878067
0.99980339720987476681557
0.99980420559753679921045
0.99980686173844690589618
0.99980906807758385124174
0.99980674570071303985941
0.99980879335114303252396
0.99980421130188446010578
0.99980347812061765022662
0.99980443250337580618492
0.99980709258059108357486
0.99980750475865798332364
0.99980739609037438953010
0.99980699709907605576831
0.99980452050962009824531
0.99980360116574051865257
0.99980418289313321977829
0.99980656071139406559922
0.99980853325575702594818
0.99980635586318156171615
0.99980835765505482459758
0.99980405173988717848488
0.99980366482747817791221
0.99980461442512180703091
0.99980688357859559545204
0.99980721019307416952415
0.99980703465824682929508
0.99980677970197007198294
0.99980465293141773663876
0.99980360165630244306811
0.99980383171652864593426
0.99980618231525275607652
0.99980825717618704295830
0.99980604748221724165091
0.99980812274688135588008
0.99980360371899879012858
0.99980344353770755905231
0.99980460046859098710570
0.99980668794007465649543
0.99980692296125439622045
0.99980687999311346203513
0.99980659694448903440644
0.99980448847239122844854
0.99980328668346485354590
0.99980343717923703117378
0.99980590426934579095786
0.99980781667462093054155
0.99980568409646186633921
0.99980730540536855155409
0.99980334320509700596347
0.99980323511940849545709
0.99980440802526460153388
0.99980649929151321764209
0.99980688421870844706518
0.99980689844091419349326
0.99980641183254359560806
0.99980444138999347014618
0.99980330837299047352928
0.99980327663939427829121
0.99980538759016857053297
0.99980319275599560668866
0.99980508346430985167075
0.99980343864937826214856
0.99980457526460153605541
0.99980637006073524997163
0.99980687487295882842631
0.99980679269648586871000
0.99980634453322358989880
0.99980471212301091910035
0.99980353343997829806966
0.99980309511459586335747
0.99980490217148521026047
0.99980304914696915830064
0.99980495478228370576090
0.99980353152642742475820
0.99980473729239449642847
0.99980625079630003337883
0.99980664294736509845052
0.99980642307921641087631
0.99980601675130853500661
0.99980459976378210917858
0.99980345471149978386904
0.99980312351355371536243
0.99980519746107521239509
0.99980329670300482902690
0.99980543702105295622573
0.99980340157692881852824
0.99980434850793298284799
0.99980565786685837714742
0.99980615507370107497565
0.99980588221475064081289
0.99980526388166368612076
0.99980411656202117232084
0.99980343339977173489075
0.99980346394495511752609
0.99980544635495915972712
0.99980349087563324950167
0.99980512587403824742438
0.99980351922803101238912
0.99980401768392146433229
0.99980496500506255141971
0.99980568203658248815913
0.99980566213339894243717
0.99980485071778479877480
0.99980406342773286976211
0.99980356312366702731254
0.99980330884506407596035
0.99980459616488737140116
0.99980301022935624821741
0.99980413342638818630093
0.99980347904654487400933
0.99980413250570998595634
0.99980490083647621801788
0.99980580389861983814370
0.99980603401076695302407
0.99980497956310199203500
0.99980408002223941643649
0.99980329231806108758462
0.99980280352512340691362
0.99980401454445666509230
0.99980287348669882874219
0.99980431461013097305113
0.99980311260315912758045
0.99980387099269996120654
0.99980491245137126377074
0.99980621985172779542239
0.99980625644425968889806
0.99980464670360524870318
0.99980357923782581242023
0.99980307468082629807071
0.99980324145147625447549
0.99980483978653356125221
0.99980371169936432806935
0.99980525260362917983059
0.99980319875277501306954
0.99980335374234408085670
0.99980429268884041249521
0.99980614908776443972016
0.99980603678076052087675
0.99980405604013400377994
0.99980328980370170022240
0.99980337068811553358216
0.99980397407383347907484
0.99980528929525280812385
0.99980384506269381894583
0.99980492607352644540697
0.99980338018929215682107
0.99980334828000116953461
0.99980408263919218203597
0.99980611048236001092704
0.99980648227865642763135
0.99980433387557310354055
0.99980337376093786350140
0.99980309403385414501741
0.99980338130092005766159
0.99980439206912596894483
0.99980286647639449171265
0.99980401881539926467468
0.99980256849740933855486
0.99980321569408303616910
0.99980462315945695106478
0.99980706415615383519935
0.99980714119865587985458
0.99980769580253903150435
0.99980759894573401069806
0.99980472905798500882213
0.99980286365025350381330
0.99980206497779211538557
0.99980262219985005511802
0.99980397668818055123552
0.99980276396286327234009
0.99980419286224608832470
0.99980184047384235146438
0.99980248933893378637805
0.99980458415518291825919
0.99980783531804906516527
0.99980796606005650772886
0.99980784211993889432080
0.99980770160009824198966
0.99980433581525418595959
0.99980233947017793649792
0.99980197068465803678095
0.99980313044028179536582
0.99980438858705311666597
0.99980337320526990740888
0.99980430946932818958572
0.99980228460143516500125
0.99980252829189975027901
0.99980426253351950549586
0.99980741187285204762958
0.99980743424155082976768
0.99980704862170055591264
0.99980731653456833551985
0.99980456168728060184492
0.99980294400427160983469
0.99980245370962173012686
0.99980321091329771299172
0.99980392500526915622316
0.99980265058139417000405
0.99980341853561294218622
0.99980223255459998998873
0.99980330768267844376851
0.99980520325958710525782
0.99980767949974735930851
0.99980700312591541667473
0.99980739130707274586740
0.99980844399161483693206
0.99980590854303352799093
0.99980337911209093970655
0.99980167329586577817935
0.99980199198567032414786
0.99980302017080557863693
0.99980160023457331774921
0.99980282599155689826631
0.99980109199506206341113
0.99980316104671562715822
0.99980634389808553663670
0.99980923260048659706456
0.99980797906174068145901
0.99980831281160320589407
0.99980959619422249406995
0.99980633747466085559097
0.99980288028319885818007
0.99980085758952719210413
0.99980162776023295823080
0.99980272302715178511789
0.99980189828383891903485
0.99980246413946427530561
0.99980110728398563502139
0.99980284088441628842503
0.99980603124702072115326
0.99980929094568171677793
0.99980798827127859151886
0.99980694017513438431877
0.99980845679475027765193
0.99980575277298300296280
0.99980316945494684954809
0.99980160082935420895467
0.99980201748603747535782
0.99980188068558406566666
0.99980169525142770226012
0.99980368562181554104029
0.99980574373700914492247
0.99980755523165809606212
0.99980554637204854806498
0.99980435873302886395919
0.99980704336196313253282
0.99980598016224320190304
0.99980403175609877663987
0.99980163796468368708759
0.99980094451724244031254
0.99980095474264318866631
0.99980006697835577256228
0.99980393366357456219617
0.99980621220670795601393
0.99980704750086457632818
0.99980383214964207994058
0.99980400417643078281316
0.99980730135212547704526
0.99980615669141759127569
0.99980346855222557156395
0.99980024839931358471290
0.99979939986813581853653
0.99979991152633451712006
0.99979903081138177256548
0.99980300219973994302336
0.99980574246261399995461
0.99980735477467774785509
0.99980446712064818814980
0.99980465708165233706950
0.99980692176402807813673
0.99980514029071154702422
0.99980283836055283686051
0.99979995145842881498766
0.99979884982712730057131
0.99980003131383798908871
0.99979878594057258744954
0.99980286917061189644329
0.99980456374895720905727
0.99980609601472847369763
0.99980428019766143243885
0.99980354134422344536404
0.99980520565651953557307
0.99980396465547305417942
0.99980261779771406605022
0.99979983358415192018498
0.99979905359180343271674
0.99979954516050906221381
0.99979968744479164044492
0.99980176478109272775185
0.99980304160675859126428
0.99980448319691450631552
0.99980297094703329818799
0.99980303798698810791024
0.99980385547191563677671
0.99980164593798270811220
0.99980070737742143816007
0.99979967548393211540514
0.99979894966778326548251
0.99979954606360932345410
0.99980045453226096263677
0.99980029081147736569335
0.99980314051904817240768
0.99980333300279977670755
0.99980309061316263719021
0.99980254205578078519068
0.99980011691602377332799
0.99980105753869441542747
0.99979423383650234402609
0.99979829918846174763303
0.99980138171346943920526
0.99980287331916595228165
0.99980186537825688208869
0.99980039428174338755895
0.99980459096478258018692
0.99980027836730267498666
0.99978457738524051379159
0.99980486282967984124070
0.99980011138915736434996
0.99979981360011038749036
0.99979246596472670649547
0.99974121431538442994480
0.99978827464700870120140
0.99973747814464675176538
0.99973349305460823543967
0.99959971280869830412286
0.99966200527201909409314
0.99972085208745253837037
0.99977417874331120373199
0.99980019325029667598415
0.99980452344347270354774
0.99979168194409795411559
0.99982159427970451748280
0.99980938893345283613456
0.99982304783561937178149
0.99981108857909750664561
0.99981670161364111226732
0.99978779362531633445599
0.99981530056957146346264
0.99981986433886382847902
0.99982100038760624016732
0.99981418646278197304156
0.99982002395571956121501
0.99981703014744160995519
0.99981805249716504402357
0.99981980697176431327478
0.99981283737424853086395
0.99980902595905585261704
0.99981956563851770436457
0.99981859842351583633757
0.99981723432682167995722
0.99981987184131204671189
0.99981803717793249486334
0.99981971660330315465615
0.99981795312448418222573
0.99981826808874429968199
0.99981939391339536005177
0.99981926186608649498311
0.99981903729111187839607
0.99982047338343693620999
0.99981920830910064879049
0.99981945875869959738935
0.99981919969560428818056
0.99981951520988643355992
0.99982031793933434649091
0.99981970028958533358576
0.99982092286832757732640
0.99981998218825218760486
0.99982020450438946479466
0.99982120174997257677774
0.99982076869007097119635
0.99982031708116347878956
0.99982075370980261208587
0.99982182023712840024388
0.99982132072166807201796
0.99982049153853946865667
0.99982237045337796210731
0.99982157254757908493303
0.99982220856239756301420
0.99982088455379891644981
0.99982049667866168540797
0.99982041021895029508926
0.99982044451265050799549
0.99982035244618727709565
0.99982061360075469291786
0.99982253504570373081606
0.99982343460523070977075
0.99982234208681530773788
0.99982422203958432049831
0.99982246546923980723420
0.99982303861071419870399
0.99982051689337791966494
0.99982009512563518871531
0.99982055590136653666633
0.99982068753385122672483
0.99982017208842943745140
0.99982088053979711883557
0.99982356891112800223453
0.99982453403853899231990
0.99982211655891950474739
0.99982446722130668970152
0.99982188446408237769703
0.99982383476552660894754
0.99982147403668653051767
0.99982075670883729934246
0.99982105076279881306078
0.99982174426580194825931
0.99982155476793166393179
0.99982186583233645382762
0.99982372251037754384839
0.99982440895222735033343
0.99982229563883129319635
0.99982472977511127609773
0.99982343612704427382454
0.99982343110595073287783
0.99982179743031063257064
0.99982209469083171970993
0.99982257593002898943269
0.99982318449791496295376
0.99982213451003842941134
0.99982140696373766886040
0.99982330696809340597753
0.99982549100650941475976
0.99982488731682261917655
0.99982637862323853195079
0.99982603959294091833243
0.99982351152534654215032
0.99982108426713689475207
0.99982182756973203563433
0.99982335584080406221119
0.99982361077260240023179
0.99982366564018165799865
0.99982319033956490450521
0.99982156327382087912525
0.99982112159273073270782
0.99982392460176161552710
0.99982696098536749662600
0.99982651422807977681373
0.99982696571440832222777
0.99982634039236761847036
0.99982422401426285230031
0.99982149946566334364206
0.99982164837518650024606
0.99982302520090093889138
0.99982358503964929852259
0.99982361105763273290137
0.99982310776725158429912
0.99982210072960653324259
0.99982192130030789201101
0.99982416574172883194649
0.99982647720198158936000
0.99982590559421580245214
0.99982585866089435100434
0.99982565352406693737208
0.99982376338707323881749
0.99982208126748173260268
0.99982262806148269884687
0.99982345380756876274120
0.99982385221915714978991
0.99982418862976729645453
0.99982382784055234825615
0.99982288786132444968757
0.99982190789526392826758
0.99982326898617046584405
0.99982548511170077354393
0.99982581397935743616756
0.99982552109338884704925
0.99982627867953655087518
0.99982298014125658980333
0.99982157875789601231276
0.99982277094384341964428
0.99982395964645831565321
0.99982441076148320657779
0.99982438301273057756902
0.99982376827082908299360
0.99982245452898466098191
0.99982137668066461966276
0.99982304824702683543336
0.99982583246808531818317
0.99982674845549635023190
0.99982612224249323151781
0.99982698494591681903643
0.99982336701335150497272
0.99982147791052145002766
0.99982223973603223665663
0.99982341479832359532054
0.99982414924273632639284
0.99982390230989903745495
0.99982317548402743767610
0.99982232161844419859875
0.99982183019301795745548
0.99982368184789260912027
0.99982618064218153897116
0.99982693119521282021367
0.99982601111957014605736
0.99982671557502778014737
0.99982379821189881763388
0.99982220209126793086796
0.99982264586630753555596
0.99982321755381675654206
0.99982382705640049369578
0.99982396520647398574511
0.99982346025730561844824
0.99982295942215693163035
0.99982237326600653659625
0.99982371386746426988879
0.99982578115306719457323
0.99982652516319470148431
0.99982569299233470250243
0.99982644933501474415749
0.99982358509449997807650
0.99982229528315125222093
0.99982302070665796112081
0.99982364102872978151026
0.99982416529281703532206
0.99982419042460601854572
0.99982351660704027462856
0.99982276879774878430851
0.99982210838923035733927
0.99982359782480401122484
0.99982580113562991019904
0.99982645312428741757316
0.99982602265006392805446
0.99982639887978708159721
0.99982378866595267297157
0.99982202081488125156028
0.99982235164344279709780
0.99982305484725009225855
0.99982391092311551084038
0.99982338434524919978941
0.99982246562405585610378
0.99982202632951810983286
0.99982211251407904217814
0.99982407113192406367119
0.99982617303804599551142
0.99982618234275077995221
0.99982612874750020903747
0.99982426798742052298508
0.99982232064739251509167
0.99982194490642462003649
0.99982204984141087589222
0.99982284973298718444568
0.99982259098984249678921
0.99982198842916358838551
0.99982206811801621615388
0.99982247759544251586306
0.99982425234823113502358
0.99982591528641806544186
0.99982404326012397355328
0.99982567889916162950925
0.99982243293109884785252
0.99982221006205251878640
0.99982221656707470636150
0.99982272173380781765673
0.99982312628965253065161
0.99982247961808334846268
0.99982214777011124695605
0.99982218107436204856953
0.99982379630756013089155
0.99982556644266373790941
0.99982366225661889469478
0.99982563236612442825191
0.99982183422627990410092
0.99982180509161999726331
0.99982250498316971309976
0.99982352231912763329547
0.99982366675782696763264
0.99982217552372021351914
0.99982128776092826782929
0.99982154365304376497647
0.99982370016969135395613
0.99982582849068435404405
0.99982384772890364743603
0.99982605970075200119140
0.99982138872615955449419
0.99982077966655880096880
0.99982159754610522295337
0.99982342665743573206782
0.99982290924354433325760
0.99982102499620650881695
0.99982043331576020417373
0.99982135259251336822928
0.99982398853947040961998
0.99982624853137935794223
0.99982405440340682556410
0.99982634963931060756437
0.99982134540025247027017
0.99982026810475121969546
0.99982067714278788361781
0.99982241819081119071910
0.99982220451782943815289
0.99982061612960659857663
0.99982022842470175127971
0.99982129891468340954219
0.99982403526863328213636
0.99982638513247479306045
0.99982398780168457719242
0.99982639414566876201462
0.99982120097019888671497
0.99982022902473266512402
0.99982075897359989902213
0.99982232758955480456109
0.99982266518575468872143
0.99982095244861346472476
0.99982020976313079607678
0.99982110247543365399991
0.99982396015529495514329
0.99982637343666469487147
0.99982395575072191551413
0.99982631851787895360673
0.99982105080411531883300
0.99982016326552769491798
0.99982108271590586223709
0.99982300009727753664635
0.99982318703700467921180
0.99982111544371332634284
0.99982011860442299155949
0.99982101712794235748305
0.99982393450260165224108
0.99982624448743673273299
0.99982385615095337172420
0.99982619099600489320778
0.99982093797128390733064
0.99982007756743962456625
0.99982108842760686329143
0.99982320976118932431831
0.99982315317453118730384
0.99982312094175107564098
0.99982315508707797491184
0.99982105610330684886122
0.99982000515868574286316
0.99982077161895555050819
0.99982372211656700411453
0.99982619508870884672547
0.99982358461451881215254
0.99982625038647432447192
0.99982053222377564871692
0.99981986735946148936449
0.99982103773922115230732
0.99982312705056453072672
0.99982310965759468857073
0.99982318466904440690257
0.99982317741351578455067
0.99982101110769139307166
0.99981968970043078037691
0.99982030124348297839276
0.99982349260885650110708
0.99982629350148566338419
0.99982344964428382372290
0.99982624723370816521850
0.99982014666947516268181
0.99981955116626741730812
0.99982097465209318620794
0.99982326105877927790999
0.99982331740977092859879
0.99982343586873567709006
0.99982330112496187179971
0.99982096140811405060589
0.99981951441360517041090
0.99982009289032192089763
0.99982341217695180901615
0.99982607331473982714698
0.99982331209356045675918
0.99982581623226751688094
0.99982010014981781420573
0.99981958822142447118608
0.99982099526769874220378
0.99982327276279503447398
0.99982344809145329289635
0.99982333175920334866760
0.99982318591393959383851
0.99982107332490943729653
0.99981970517129437059367
0.99982007251078020004798
0.99982314311179831811671
0.99982557461916843344341
0.99982295329817849616205
0.99982541902522670262954
0.99981994250534667045827
0.99981976325437960095854
0.99982115635641877204876
0.99982308158186949942348
0.99982313694729041397835
0.99982295000081777835987
0.99982298692320925592725
0.99982118376731454745254
0.99981969372056389566694
0.99981972431964216685429
0.99982279384010463996191
0.99982534021602897933434
0.99982267289684012556705
0.99982522868636669599596
0.99981949846064888109964
0.99981952825221698244462
0.99982112038865855740966
0.99982290364639470059416
0.99982282476350159416967
0.99982276783844636902643
0.99982282107231745804654
0.99982099736866347772235
0.99981936467726584272242
0.99981933386489130199948
0.99982254370571921331390
0.99982494669250621122103
0.99982233740881398809108
0.99982446112658651671268
0.99981924209613914911188
0.99981930684448305779455
0.99982090526820044384948
0.99982273188112946726847
0.99982275615280502556459
0.99982275240719764575203
0.99982265323476360308064
0.99982092658915522331853
0.99981937347895288858979
0.99981917806148323801807
0.99982205415802216652565
0.99981909785371470000825
0.99982176273804201915851
0.99981949582007278998219
0.99982104935651905375238
0.99982261875556577290780
0.99982270861869360079055
0.99982260536038836118422
0.99982259934009287682954
0.99982117561127081817318
0.99981958244607915808899
0.99981900452274174995182
0.99982159473647869152302
0.99981896249307755653035
0.99982166158767116215245
0.99981957268680565764640
0.99982118953206799982780
0.99982251106873964996424
0.99982243378128732302912
0.99982219014212725394231
0.99982228235511028113791
0.99982104021612705491151
0.99981948783526386481668
0.99981904132031829135485
0.99982191772504191984439
0.99981922081578633587640
0.99982217038804344078073
0.99981942520944599994692
0.99982077731532037478956
0.99982192661542945710806
0.99982189712473201748111
0.99982159978605178451971
0.99982153439866583433115
0.99982053434722883977770
0.99981944650771936711209
0.99981939486231652391979
0.99982219329164290222423
0.99981942818038838094452
0.99982188711474984099681
0.99981952197545476135332
0.99982042433931994640517
0.99982123609537620900767
0.99982137306857155056861
0.99982134502051489555186
0.99982112208276496811976
0.99982045768903027305186
0.99981955485011053674782
0.99981925275485006299192
0.99982137180863495107275
0.99981896131768666080575
0.99982092345253903431512
0.99981945874145095043417
0.99982051400288129983096
0.99982117111397539321871
0.99982147801960097321938
0.99982170051821805945025
0.99982124757153023608680
0.99982044936752678676584
0.99981925820494510492864
0.99981876228879584811438
0.99982081898214603121744
0.99981883971998131155345
0.99982113459755006523721
0.99981906407082066223779
0.99982022800415304430999
0.99982117638140466375773
0.99982187929711641150021
0.99982190887123068012698
0.99982090623576347354629
0.99981992274026987299607
0.99981901141712137270900
0.99981921470853774014387
0.99982167670386612456923
0.99981969204441301091180
0.99982210594251708091207
0.99981912069499601081191
0.99981968323719305757891
0.99982054691568433835158
0.99982179342372146102491
0.99982167372603802935060
0.99982030393531540202190
0.99981960528471791604943
0.99981927620202160067464
0.99981996272136197667635
0.99982215845913813279111
0.99981984170871573969208
0.99982181218130605770966
0.99981926843202284516110
0.99981964982242144124314
0.99982032256036079687078
0.99982174043790938977594
0.99982210612740696209499
0.99982056496500482101197
0.99981966092781526800337
0.99981896497795541556286
0.99981938532010006248640
0.99982129577683698240520
0.99981887782677647535934
0.99982093962460649727575
0.99981842229972306412833
0.99981948739044090856964
0.99982084472403953689934
0.99982268104848637246818
0.99982263411671912223255
0.99982317545540233538759
0.99982320899362298050050
0.99982094034149116001942
0.99981911908699783175791
0.99981790051298979893346
0.99981864197532532845258
0.99982091461414035471478
0.99981879232062653706237
0.99982114842554692391019
0.99981765690298951554382
0.99981872949216332724376
0.99982078307043376064200
0.99982343882918323085818
0.99982343446557675470387
0.99982329973042627369040
0.99982329965976568519892
0.99982052114251129815159
0.99981856453373441073751
0.99981776802641775248048
0.99981916720211116977879
0.99982136232790641550139
0.99981941727225565053061
0.99982130223053855555548
0.99981806332253675417832
0.99981873700862866627403
0.99982043358799765897515
0.99982300344416008552884
0.99982288139779940117080
0.99982248667640183370509
0.99982290149011066038298
0.99982071815558515304190
0.99981913611268125041676
0.99981821340184029445197
0.99981926204752613607241
0.99982093685826145534890
0.99981870916595805276472
0.99982044926451729693895
0.99981797210661449426539
0.99981948400306008828409
0.99982134398470823288818
0.99982325767707302954790
0.99982243385232782983962
0.99982281614004298031517
0.99982401627973460644938
0.99982203267403968460769
0.99981953961058978030962
0.99981739225064647502705
0.99981805713389837464433
0.99982007139310047350023
0.99981767008185984391133
0.99981989955971273253965
0.99981679109989729514751
0.99981930503998572845603
0.99982245076830567054316
0.99982479865958084896960
0.99982339895327287937477
0.99982372894819526720767
0.99982515534899918385747
0.99982242701362455949976
0.99981900717642291365195
0.99981653767439027102881
0.99981770177813911182341
0.99981981929662688823868
0.99981797636481095636896
0.99981958346663291070655
0.99981676763655047412982
0.99981895045756918882773
0.99982210356528766759254
0.99982484234860125038580
0.99982340337912567473921
0.99982235671961605660840
0.99982400156144968228489
0.99982180743813131584830
0.99981926224886485954357
0.99981724099967461683036
0.99981809847407943081521
0.99981750137830383007298
0.99981777728914977831920
0.99981976137774397628277
0.99982178069533789166456
0.99982309360065013681407
0.99982096620040228351911
0.99981978503845414518736
0.99982257526249407320051
0.99982200077058369647176
0.99982008896329488401022
0.99981724013296235931136
0.99981702597849886338111
0.99981653770855838381237
0.99981614724033263108538
0.99981997153744150974575
0.99982221712446539552133
0.99982257281364139700486
0.99981926972576862233666
0.99981945859493581707511
0.99982282079762352378083
0.99982214623810483633548
0.99981948732333081331092
0.99981581180279932574706
0.99981547834592710000123
0.99981545588963072201949
0.99981510664747341721181
0.99981900120895483841110
0.99982171701177269262928
0.99982286857566549098664
0.99981994295082665669128
0.99982015926026868157805
0.99982242991698866418915
0.99982110152340863962195
0.99981881683049722564505
0.99981547780895196897433
0.99981492144969563717893
0.99981554022719854035728
0.99981485312934770259830
0.99981882631023644147916
0.99982051359011703262070
0.99982159758654121084476
0.99981981515187823283952
0.99981911671474299474482
0.99982070006319567756492
0.99981990462783232320731
0.99981855302981748057078
0.99981532522942095919660
0.99981511595439187534140
0.99981501934223193650553
0.99981574512561122158871
0.99981767826742806715146
0.99981897231387484303866
0.99981997075353501447381
0.99981859323051314181185
0.99981870772923109313979
0.99981933647121468133889
0.99981756916733266482566
0.99981659882914053483205
0.99981513382634390474379
0.99981500069784634554537
0.99981498959582926211453
0.99981632270610942825328
0.99981620873911158930980
0.99981861353860967955853
0.99981905385382630058189
0.99981886603943070923606
0.99981800618435434646614
0.99981603222711723510940
0.99981690209074836062086
0.99980966081806565970425
0.99981411984852497365495
0.99981729588439560707513
0.99981832899806777348317
0.99981769771531103785378
0.99981628489162011064195
0.99982003890322390660117
0.99981619263010212961262
0.99980048870789206549858
0.99982030181281422720474
0.99981606279054946462281
0.99981582759337050969606
0.99980789056722363383756
0.99975661044476371586143
0.99980435142530887926426
0.99975379328481128737849
0.99974961808195328405446
0.99961607919949768685797
