0.99964674264369046685630
0.99970464143009718505084
0.99975848779049036885169
0.99978374364436017884827
0.99978866451499870393604
0.99977519477424459104498
0.99980501920561004602916
0.99979347070022839272241
0.99980641025017225054228
0.99979515583179245918899
0.99980012322030242799542
0.99977197908972059714472
0.99979938390331501985031
0.99980324842013212904845
0.99980434136009466161710
0.99979826106083169445782
0.99980336981233075555053
0.99980112471432125431647
0.99980142854472520141940
0.99980382672166567825656
0.99979695191945150423152
0.99979290823995770054466
0.99980362721939708414709
0.99980256985316284801257
0.99980061429505140413454
0.99980323355544731267486
0.99980215584126197470027
0.99980309443257209256473
0.99980133714026908631212
0.99980219593392383181651
0.99980341434956132573575
0.99980303643943280178519
0.99980262886587600856814
0.99980416566773744335705
0.99980320178855441870525
0.99980334808217719011481
0.99980258268359600837272
0.99980290370009305966903
0.99980369617403386239829
0.99980309528956878839523
0.99980478297533725839941
0.99980396651391179041468
0.99980384629733165535725
0.99980473061350894070642
0.99980427355702861103026
0.99980393945666257149441
0.99980474688518472525800
0.99980566122850134114231
0.99980469502634172762612
0.99980389352127430058204
0.99980574518809373074646
0.99980498739796530571766
0.99980603797823985878779
0.99980489956402096574095
0.99980411866791851771552
0.99980391054122685901007
0.99980394768589953002902
0.99980397770264006762631
0.99980465168846210932685
0.99980635567955311593380
0.99980681292588835518131
0.99980577796053649031194
0.99980760211770691725519
0.99980592762322306743528
0.99980684775484152115865
0.99980456887486246486674
0.99980371417836277903035
0.99980405454927445685342
0.99980416454007592363951
0.99980377119569563415524
0.99980493290268601658255
0.99980736061489783317313
0.99980791099753707484865
0.99980560327940137810288
0.99980783514502680198177
0.99980538860637113707241
0.99980760343627894659591
0.99980551625742486443471
0.99980432537475616427969
0.99980449268626747638677
0.99980514777918660929146
0.99980509059324129683688
0.99980589599543112644398
0.99980746528473662948500
0.99980776232269263914532
0.99980580909850669257821
0.99980806530557753131205
0.99980695294979360365772
0.99980715103539763433105
0.99980581947564917122406
0.99980560494359993484181
0.99980594863269511840542
0.99980653794592644345585
0.99980563272377021011295
0.99980542807273875549612
0.99980701099031543677143
0.99980880949020900505531
0.99980840643968926784169
0.99980968357482880026765
0.99980956377277918623037
0.99980720569280367993059
0.99980511091293566838800
0.99980532593303395039186
0.99980670192483456215626
0.99980707765509757578570
0.99980714427378525321899
0.99980653442822264853618
0.99980506735660557016132
0.99980515649203050010385
0.99980761095672365801335
0.99981025588452343555446
0.99981004698159370303046
0.99981025093221431720991
0.99980988473083243217587
0.99980790075452563581138
0.99980553770948088487813
0.99980515403841707655630
0.99980636566999692149693
0.99980707363853893454575
0.99980710164374175796809
0.99980643630894128204289
0.99980559962366710724524
0.99980595286920825870425
0.99980782691911174175914
0.99980974852903203853316
0.99980946183566432594603
0.99980911055685894872624
0.99980921744119077843038
0.99980740285294178448794
0.99980609523124575055419
0.99980611186618595365161
0.99980676063895779215329
0.99980733584612480058240
0.99980766209224547491630
0.99980710744659184729954
0.99980635202398404626223
0.99980589844570721957950
0.99980688180431620537547
0.99980871446982200190234
0.99980937886288034910365
0.99980872703031375969829
0.99980983985858917773015
0.99980656627451924833849
0.99980554709253433021132
0.99980621643263967168735
0.99980721320967724796702
0.99980787616336908030235
0.99980784787112098044304
0.99980700320211302045692
0.99980588948143089833565
0.99980532911880459767673
0.99980661350401289766410
0.99980901639641817091331
0.99981030443432639120971
0.99980928839695670795606
0.99981053599973457313155
0.99980691953840172825352
0.99980542263699712091096
0.99980567485867855026527
0.99980664000037644534302
0.99980762136238077175676
0.99980738888890718918390
0.99980639777246838040270
0.99980576700942014323203
0.99980577371996348645666
0.99980722744883021579909
0.99980933357258683358282
0.99981047808675260757383
0.99980915186710994646546
0.99981025737171691503136
0.99980733696340706728733
0.99980614777072129850666
0.99980610515074253008549
0.99980643968559645973215
0.99980733154463496958897
0.99980748517436535127700
0.99980668048025356231534
0.99980642837049449322961
0.99980631683325205116830
0.99980724096866824268659
0.99980890543152112215353
0.99981005927355692808334
0.99980879320285898081977
0.99980997075405664276104
0.99980709241178211676981
0.99980622725674983541921
0.99980649234099061573033
0.99980685249578693518657
0.99980769481722764346898
0.99980772331675327180278
0.99980671179206559440189
0.99980623561268100463195
0.99980601915257016898408
0.99980707741810803668159
0.99980887019628650325132
0.99980995485911583475769
0.99980905753721782680543
0.99980987394729792239190
0.99980723445344177324756
0.99980590582287209855394
0.99980580828698073503347
0.99980622952325259866768
0.99980744582455249869213
0.99980692159768913551687
0.99980562016403007330467
0.99980547258701479851339
0.99980597329771336845283
0.99980748434993560458395
0.99980917549943404409873
0.99980962779060944534137
0.99980910350082874415989
0.99980765607676380657409
0.99980616451085790874487
0.99980538663982287950205
0.99980518878326063436646
0.99980639184415442954901
0.99980614186021599110177
0.99980511725201748340908
0.99980551500848491297546
0.99980631500804995059895
0.99980762636213260652340
0.99980887090157877228336
0.99980741205090384315923
0.99980862318287955226026
0.99980627318865544772564
0.99980567073542458977897
0.99980534095961415275156
0.99980628460532761092594
0.99980670069281807332828
0.99980560188566014456768
0.99980562631382929872359
0.99980603017779912100593
0.99980716277471692876588
0.99980850313045832589154
0.99980702410125654733264
0.99980855853711736447309
0.99980569073675129576628
0.99980529879097979062408
0.99980562413813411914987
0.99980710385455218158768
0.99980724331436177099164
0.99980528734249063393946
0.99980479180810644113109
0.99980539960288394851773
0.99980705038101691517483
0.99980873525267355272916
0.99980717656313833341386
0.99980893910976642580124
0.99980523535411669477924
0.99980428621513717235558
0.99980469682968287070679
0.99980698898090591963950
0.99980645620214136926052
0.99980410768548577671311
0.99980393683713819630299
0.99980518327446199489117
0.99980728770476268163492
0.99980909501963777241684
0.99980732160344154557663
0.99980916115214546469048
0.99980515809719094910690
0.99980376519698044290863
0.99980374348125777839158
0.99980595104575864517926
0.99980572463991057574617
0.99980366974804701918345
0.99980372079220458658710
0.99980509686076324271653
0.99980727398160906815860
0.99980916551583032259032
0.99980720690076418932790
0.99980915201307352102589
0.99980499070137485162491
0.99980372272123618770934
0.99980380397937285152921
0.99980583813001544513099
0.99980616835382241092134
0.99980399359234795042539
0.99980371134043999337138
0.99980489167418129525799
0.99980716754408083257744
0.99980911800826954838328
0.99980715610029968765105
0.99980905573922307372214
0.99980484591773688407557
0.99980367556090077307829
0.99980412353249970003333
0.99980649499247697953308
0.99980667016655810908077
0.99980415692674662331285
0.99980364102412788707142
0.99980481872253268438300
0.99980712785881564741430
0.99980897456455597449576
0.99980703791217773179767
0.99980890702060964958520
0.99980474132405139364721
0.99980360715986804631683
0.99980412989864353434655
0.99980667860916128120152
0.99980675156968434880156
0.99980671695596490256008
0.99980660908987062374109
0.99980409578617357446717
0.99980353740765359749076
0.99980456939410555783354
0.99980688357526359411054
0.99980888852744442818477
0.99980671653488617511840
0.99980891325359044774501
0.99980431724938512161316
0.99980339708505250317927
0.99980407478856658798350
0.99980656794929079200784
0.99980670536105542556271
0.99980678369884046219340
0.99980660748711014385037
0.99980404762138552765549
0.99980321305630048822621
0.99980406997502158095159
0.99980658991286053272063
0.99980892116482733555927
0.99980651363135852882635
0.99980883952681787185668
0.99980389877597208858617
0.99980306838915677936086
0.99980401392905549062817
0.99980668389185811673059
0.99980692499742718215572
0.99980705724931162592384
0.99980671953617261671354
0.99980400581389172742774
0.99980302908686247143066
0.99980383134958650259705
0.99980644974756527343374
0.99980863642874073793365
0.99980633082933656474722
0.99980835884214369624345
0.99980383090064495199556
0.99980310328394572660926
0.99980404662628685752424
0.99980668793902482960334
0.99980708386807992660295
0.99980697865740308927229
0.99980659445329955747894
0.99980413268395607051531
0.99980322283803257921164
0.99980380157888870673588
0.99980614977587356495548
0.99980810330395208929133
0.99980595213701495271863
0.99980793521350952435256
0.99980367168816541845189
0.99980328374842120098265
0.99980422308570504608127
0.99980647829457514053075
0.99980679050103538063610
0.99980660649260910677327
0.99980636722233773294732
0.99980425605618339357505
0.99980321698810237229793
0.99980345212049759329176
0.99980578394482866322335
0.99980783990509902725563
0.99980564955433415263997
0.99980770475008473585632
0.99980322122481546376349
0.99980305328605711956413
0.99980419648787888231567
0.99980626652164372725196
0.99980648306278485648591
0.99980643017328563182389
0.99980616812082057087707
0.99980407861165987437602
0.99980288970247865876217
0.99980304785499873876375
0.99980550093103559561314
0.99980739062092816027416
0.99980527177509326275384
0.99980686721172906672450
0.99980294537429248435956
0.99980283226528987583492
0.99980399549334264541756
0.99980606877485933559058
0.99980643048727169119871
0.99980644939147922389822
0.99980598717352764381872
0.99980403169158293952279
0.99980290273580330051573
0.99980287153057401106082
0.99980496656330364313447
0.99980278467435468314761
0.99980465880254176802566
0.99980303491578970120912
0.99980417370612739702551
0.99980595765110125139330
0.99980643772408972491661
0.99980637056270360574217
0.99980594759003671434527
0.99980432216867720640607
0.99980313561471045868956
0.99980268951612560890396
0.99980448047761893981544
0.99980265019272351878499
0.99980454252853923069466
0.99980314193753716534019
0.99980435888510876818458
0.99980586742981814030173
0.99980623356546116653476
0.99980601953227543621239
0.99980564125272020081781
0.99980422911957422815732
0.99980307224727993364866
0.99980273243401651672713
0.99980479725021731418622
0.99980291107941210437815
0.99980504654659085872481
0.99980302260095643696047
0.99980398026887662421558
0.99980528256527456676395
0.99980574798153831750369
0.99980546496608946327456
0.99980488238398868006129
0.99980374551570538876888
0.99980305330279717335173
0.99980307829950498810234
0.99980505948872466781552
0.99980309938607225817009
0.99980473396672309149835
0.99980313419990174406138
0.99980364154288436928653
0.99980457524034094252130
0.99980525189082758430459
0.99980522469522259410013
0.99980445532076511749864
0.99980368317790813126322
0.99980317233941717880441
0.99980290720230746703834
0.99980419242669449353400
0.99980259745379607139171
0.99980371453476579723940
0.99980308394505679192577
0.99980375263641596550457
0.99980450608876292317717
0.99980536703795541697559
0.99980560621274228161326
0.99980459218562445222744
0.99980370553409503298070
0.99980289657538201630871
0.99980238223733486346845
0.99980358263667845619693
0.99980244754828140330005
0.99980387573102136311576
0.99980271965060807382031
0.99980350492671010709245
0.99980453649828793238896
0.99980580631881532660543
0.99980585611267314138928
0.99980428026068546287775
0.99980322117288822347803
0.99980268567943919588714
0.99980281543135696153968
0.99980440091484767961560
0.99980328750656022318566
0.99980481875412541281634
0.99980281225300771108522
0.99980299837050989886222
0.99980392902105941210777
0.99980575496211721020501
0.99980563881162853867579
0.99980368531579155710887
0.99980292999718300972489
0.99980298305825510141176
0.99980355088771177829443
0.99980486158096337767631
0.99980342025290380725266
0.99980450110692842269344
0.99980298698287339842494
0.99980297766111092538921
0.99980369660411316790061
0.99980570008392866121483
0.99980605609379225029443
0.99980392983887977909063
0.99980299002653816309305
0.99980269339842131604001
0.99980295153896159288109
0.99980396402840410186030
0.99980243044309202726794
0.99980358283086279147511
0.99980216188021753254134
0.99980282224426764159375
0.99980420490200083705190
0.99980662665449560044806
0.99980671517221353372662
0.99980727385180534483311
0.99980716032705152507276
0.99980430635358952251579
0.99980246830919072831279
0.99980165732770232001059
0.99980218165864875867754
0.99980353022783952088304
0.99980232306713878731586
0.99980373798928223738613
0.99980143871911009156861
0.99980210126024526839927
0.99980416851004105804890
0.99980740771601173122463
0.99980756074811794054114
0.99980746354429117506157
0.99980729466443118980123
0.99980393535115408276681
0.99980196523194098112697
0.99980157997872831643349
0.99980269400743948526866
0.99980393052883564930511
0.99980294475383058028228
0.99980385354455925117634
0.99980190620027042935902
0.99980216913594988081826
0.99980387928406888597976
0.99980702819309574813644
0.99980708593951628238017
0.99980672649324897616196
0.99980695185479595554767
0.99980419029356837334888
0.99980259404828608627014
0.99980208421426830511791
0.99980278983862858055431
0.99980347469820185501987
0.99980223298843040602435
0.99980297285035324428293
0.99980186467286447093983
0.99980295805289431942953
0.99980483413184517704764
0.99980732497397806213257
0.99980669942232158753370
0.99980709916085985788925
0.99980809147878768605722
0.99980553283480677606576
0.99980302123304898298528
0.99980129943265505509942
0.99980157253207735390532
0.99980257436271524618121
0.99980117423893510864019
0.99980237405680416618026
0.99980070894335060227576
0.99980279147191375432868
0.99980595886397694016523
0.99980887925817718553390
0.99980769605276575973107
0.99980804374568599257600
0.99980924679948535160889
0.99980594804096500904933
0.99980250365509304444345
0.99980046768056962669391
0.99980119503933129188056
0.99980226007029393553438
0.99980146219918031302853
0.99980198830097777307202
0.99980071826526506484356
0.99980246776951819942525
0.99980564941712102289273
0.99980895594882757126953
0.99980774188027621285357
0.99980672522592739515090
0.99980814724470745691320
0.99980539154161196524484
0.99980281186123709513680
0.99980122179385522152018
0.99980158291299514594641
0.99980151543114614831609
0.99980126491873178018466
0.99980334999820630326184
0.99980541063234118492886
0.99980727767878252443268
0.99980536550328735767579
0.99980420668836222919396
0.99980679432417562946256
0.99980567270533138302113
0.99980371426793435141178
0.99980128227129505535942
0.99980051508809986149373
0.99980059499752149676510
0.99979962943602518343766
0.99980361979509546621614
0.99980591701117293990109
0.99980681448379293829731
0.99980369588059458951790
0.99980386790019726284129
0.99980706673022512465110
0.99980585444439096232117
0.99980313912495999417729
0.99979986744386484254221
0.99979894275555314386850
0.99979949791656019808528
0.99979854741818152685795
0.99980264133331919751413
0.99980541618071616660757
0.99980710220367818852338
0.99980431661948709898269
0.99980448408921851477515
0.99980664258910612041120
0.99980478389537641437101
0.99980244374565596654492
0.99979950649918125638038
0.99979834495989117204573
0.99979957454317847087566
0.99979827943887744634566
0.99980245559664626675556
0.99980418539749305040232
0.99980579155608440000691
0.99980408350799210293047
0.99980332251908998753009
0.99980488494544406119502
0.99980358387969137101692
0.99980221346289954720277
0.99979939706791554066001
0.99979857679542094572867
0.99979916353168296616616
0.99979927420707770391317
0.99980140008110196525593
0.99980268005638583961314
0.99980415593158433740228
0.99980273022581400699238
0.99980277019053620524147
0.99980352678050421477707
0.99980131682013040350654
0.99980040057829411281887
0.99979936922811174504488
0.99979862259698593085488
0.99979931499521068616332
0.99980020465217001035541
0.99979999297159427573689
0.99980280873515703365939
0.99980303807343595678958
0.99980277488366509075490
0.99980220249427120826624
0.99979983734509281223524
0.99980084486946552146946
0.99979405381017238951813
0.99979809978149003502068
0.99980110782933884205903
0.99980252618467269076774
0.99980154550160171833539
0.99980009697372018706574
0.99980424829593472768607
0.99980001120972961103917
0.99978434232431079298209
0.99980454836036947163791
0.99979986506717832828173
0.99979963782458480814341
0.99979220914081479154589
0.99974104408801123256012
0.99978818171622352295458
0.99973770837761000152000
0.99973351500155394067093
0.99960028246558330078386
0.99966287479429649653895
0.99972103053801486538532
0.99977456472621883953877
0.99980015999869353837681
0.99980466979741655642044
0.99979160888049656286114
0.99982144241667136874696
0.99980940650904814859246
0.99982283230170743149046
0.99981103185584119241724
0.99981652827718781040289
0.99978767021877001930363
0.99981509861782447146084
0.99981963848365040803401
0.99982075934338754397146
0.99981408783425618214125
0.99981978230224322068409
0.99981691220183621648943
0.99981780377199025444668
0.99981955583582471369652
0.99981265642362349144179
0.99980887952718244804373
0.99981931960052417007745
0.99981831139145638243093
0.99981697545870606980145
0.99981964002068735020146
0.99981791307353118369861
0.99981949350178522806232
0.99981768521753711098654
0.99981795109667426224576
0.99981909184776085464108
0.99981902611600426133975
0.99981878980539817813877
0.99982017112694177018994
0.99981886479715775806199
0.99981911691411851084155
0.99981891969254599317196
0.99981929331572438890419
0.99982002472744224697010
0.99981947327578724049602
0.99982056494673554603025
0.99981961704581312488926
0.99981986749021356519762
0.99982089796671125281335
0.99982044727586982801881
0.99981997568331748560411
0.99982038653999993904620
0.99982145630188756779688
0.99982101677622126079115
0.99982025916992367520209
0.99982206149549668339205
0.99982133959863772609822
0.99982184637671145388538
0.99982052862905412826677
0.99982017022803459926905
0.99982009742798738649583
0.99982014801809770965235
0.99982004491654175026838
0.99982027045772337014995
0.99982217778581372602531
0.99982312519618643520403
0.99982211488786065789469
0.99982391326519548524487
0.99982224704543820603675
0.99982268333214074917947
0.99982017944248047225386
0.99981979681073496202259
0.99982026778360977292692
0.99982039223075092060355
0.99981986778197973197990
0.99982053773843548860611
0.99982320908429223038638
0.99982422315292607262194
0.99982190422402406060343
0.99982414866876168080267
0.99982167076716133014003
0.99982346457115744975397
0.99982111707825593871490
0.99982043522383845512991
0.99982073530148674045392
0.99982140529421004160326
0.99982121320573669187581
0.99982149325452718269247
0.99982333999672734492492
0.99982407824403951579484
0.99982207213459806105504
0.99982438597101630506359
0.99982319624042059746927
0.99982303871183897392427
0.99982141476905561638944
0.99982173989762546106874
0.99982221993535624893212
0.99982282372746733578595
0.99982177831658602951137
0.99982102354468327387593
0.99982291130043543514461
0.99982513650002780014603
0.99982462979804698210984
0.99982601811758675669495
0.99982576762684360893729
0.99982311853511518506821
0.99982070856220994770069
0.99982148026498940396323
0.99982300217718123036548
0.99982324887239149013851
0.99982331428527715377896
0.99982284886389682920793
0.99982122938375428411462
0.99982075690171468007605
0.99982353729981365830781
0.99982659845759214167771
0.99982623230379386036759
0.99982660211518392667784
0.99982605229386611878084
0.99982384065123031113842
0.99982114180696168848073
0.99982132425325176416919
0.99982269311929006239126
0.99982324148597090385238
0.99982326779186669885036
0.99982277699704313889129
0.99982177674982175563656
0.99982156247618880762218
0.99982378001985661164497
0.99982611019388345496850
0.99982561161549621253641
0.99982548417552785657847
0.99982535118416482333714
0.99982336842538921395374
0.99982171182337176151833
0.99982229436357228369303
0.99982311490712438839523
0.99982350065979663789051
0.99982382409746373141957
0.99982347548791905555987
0.99982253881755200897175
0.99982152247671596256851
0.99982286047249591121044
0.99982509961477583626532
0.99982549937130582584643
0.99982512450925187241779
0.99982594929394541516388
0.99982255882764414778308
0.99982117875931919570576
0.99982240729653726329929
0.99982359455884195487130
0.99982403450412582479601
0.99982400131455928526947
0.99982339694949795561030
0.99982208362887114994066
0.99982096896560224141837
0.99982261981314080045991
0.99982542815878960862364
0.99982640418505186463705
0.99982571556179822280797
0.99982662853153425608355
0.99982293936123445288189
0.99982107219300797584793
0.99982187143187595257388
0.99982304604780436463329
0.99982376983550291793534
0.99982353091920728171971
0.99982281649747017926444
0.99982196414151769392475
0.99982143384240473871216
0.99982326075696803524551
0.99982577626548707616649
0.99982656621748211556167
0.99982561011453485733114
0.99982634448534901672190
0.99982338486122601661776
0.99982181749520115943142
0.99982230229664093013042
0.99982287064869856951788
0.99982346466837779264125
0.99982360813968074175762
0.99982312227750025357409
0.99982262583389636123599
0.99982199604720800589774
0.99982330378363193368330
0.99982538036192758479359
0.99982614818281634327946
0.99982528627454259062546
0.99982606372608873179786
0.99982316993856568121402
0.99982191668749309521047
0.99982268899149284724359
0.99982330457612300644854
0.99982380702335127420355
0.99982382396626157117225
0.99982317387770769379074
0.99982242952980460160006
0.99982171893598237311096
0.99982316936061210732589
0.99982538237322216012615
0.99982605576786653944765
0.99982558842680380184476
0.99982598764500507648734
0.99982334211414680691377
0.99982161512502965017291
0.99982199898814261285196
0.99982270059846478638121
0.99982353203632601257311
0.99982299270794738887957
0.99982209894302853658843
0.99982165993025007288963
0.99982169159919764833688
0.99982360843163864405625
0.99982572529200641753278
0.99982575833470055393093
0.99982567342726436088185
0.99982379655507291893457
0.99982189144409727710183
0.99982157032058516232809
0.99982167424457446536223
0.99982244757391980360950
0.99982218164932423754010
0.99982160935588959560505
0.99982169359916062134630
0.99982205072707397430776
0.99982378242096836551411
0.99982546152698226205047
0.99982358391621461990439
0.99982523398933043079495
0.99982201713282015109741
0.99982184318533651179450
0.99982183916037470350346
0.99982230740376687450066
0.99982270593462752028557
0.99982210571836704904314
0.99982179197795340019894
0.99982178080251493668129
0.99982335128937949164651
0.99982513347731394315332
0.99982322904429909993240
0.99982520877388236790750
0.99982144700012276494760
0.99982145815467116101161
0.99982213231922356655446
0.99982309300176119837289
0.99982322595958805777627
0.99982179909943647011517
0.99982094331517423757560
0.99982116176522017880757
0.99982327101631152110883
0.99982540658645846498587
0.99982341274814945375482
0.99982563072782060231702
0.99982100295720921501186
0.99982042904576584607668
0.99982121175011573477320
0.99982297286108179346087
0.99982244200862480099090
0.99982062588715381323823
0.99982007029373765050195
0.99982095510554147566040
0.99982354037604548313567
0.99982580541785515126918
0.99982359108238072487040
0.99982589055428994218033
0.99982093346307820969088
0.99981989002975579783339
0.99982026345180352588926
0.99982193920043382906471
0.99982171728597790671955
0.99982019029404933796457
0.99981983689504505541379
0.99982087546116227283477
0.99982356039940079028838
0.99982591401825438026663
0.99982350969779287819250
0.99982591894249872588318
0.99982077268992020080418
0.99981982958995563315341
0.99982032473315829435023
0.99982183575758698523828
0.99982217078567892087904
0.99982051403596339245183
0.99981980803698788928813
0.99982067678926533904615
0.99982348752967775684652
0.99982590248821145983982
0.99982349416821303389469
0.99982585714332905535429
0.99982063309617896784687
0.99981976323952248542071
0.99982064225151046077400
0.99982250290806840009594
0.99982268556481324051077
0.99982067237211391663720
0.99981972061602852885898
0.99982060752754609023185
0.99982348420224742557849
0.99982579226838497188368
0.99982341177362976658571
0.99982574158667458785743
0.99982053215874877594160
0.99981967845673436201537
0.99982064093910139046528
0.99982270161906416916509
0.99982262579452607642594
0.99982258466593021406510
0.99982263987977826324993
0.99982060162299257743967
0.99981959980685775057907
0.99982036218101755231658
0.99982327476191423798468
0.99982573971551658154056
0.99982312558727315376927
0.99982578019925338885798
0.99982011140035476071120
0.99981945142915540358786
0.99982057494987019996557
0.99982260623931173970647
0.99982256717633377629539
0.99982264032171574985597
0.99982265417190707701423
0.99982054059053004912982
0.99981926041983870678820
0.99981986486402685265773
0.99982301721424748919276
0.99982580406961840679969
0.99982295792210296170310
0.99982573980362399179711
0.99981969460970154806034
0.99981910890295377924986
0.99982049817633100730063
0.99982273958230094557109
0.99982277661646656863326
0.99982290241693128063361
0.99982278415557124251478
0.99982048118264332803307
0.99981906224148575645927
0.99981962875242180732727
0.99982291006586843096215
0.99982555431157460468228
0.99982280716418248101007
0.99982529452197299590921
0.99981962970142068680701
0.99981912916949255976107
0.99982051325413534570430
0.99982276042413453787105
0.99982292202731226637979
0.99982280934647538295224
0.99982267552437276147970
0.99982058943987894839012
0.99981924245231346137786
0.99981960099358091476063
0.99982264218179872639070
0.99982505762562656759229
0.99982245964171745367111
0.99982490970207049674201
0.99981947209435462209370
0.99981929759475318686412
0.99982066903297184268240
0.99982256851239537098763
0.99982261249651649404058
0.99982241732504484321709
0.99982246662356144550898
0.99982069099683434920678
0.99981922427418001841914
0.99981925420697159712091
0.99982230560338636315976
0.99982483622406437273611
0.99982218516399556929031
0.99982472412593559329963
0.99981902528724475587296
0.99981905301489526483039
0.99982062060254239810320
0.99982237437881260611050
0.99982228063679101648376
0.99982221410104954451015
0.99982228438087938915402
0.99982049180193455217847
0.99981888249485184605447
0.99981885369354850379153
0.99982205062185414146114
0.99982443422784594844188
0.99982183539663271876208
0.99982393666935309717303
0.99981875324614521982625
0.99981881856896026583570
0.99982039713402282021804
0.99982219348848266893270
0.99982219885229484113154
0.99982220016761602643385
0.99982212070368803313869
0.99982042140748195180322
0.99981888219643366699785
0.99981868175743771054442
0.99982154349409713134378
0.99981859839746711760000
0.99982124849379661046811
0.99981900621722152866511
0.99982055244017764561448
0.99982209848841530064334
0.99982216869240203571678
0.99982208088806456824926
0.99982209456876180997398
0.99982069043414445452811
0.99981909852881711842087
0.99981850736712507554671
0.99982108351592469119851
0.99981847179613736464887
0.99982115986386033146260
0.99981909678554370390913
0.99982071603933531100949
0.99982201991191921308655
0.99982192251896850887505
0.99982168518749503505205
0.99982179911555824070035
0.99982057463369589100921
0.99981901883966139976678
0.99981855830918975325261
0.99982142809955132367605
0.99981874306767493099102
0.99982169055571190607878
0.99981895948661603235053
0.99982031428475082179830
0.99982144362851221863764
0.99982138910593831848672
0.99982108208994069364905
0.99982104528051030101210
0.99982006866541661693759
0.99981897945098952007470
0.99981891689349200458281
0.99982171712202805302638
0.99981894416327488084306
0.99982140595673085758932
0.99981904977983981908096
0.99981995371518950221912
0.99982073878309174475021
0.99982084303830787153089
0.99982080760115699114010
0.99982061922412057697329
0.99981998311353681430091
0.99981907669633196533709
0.99981875837587264044259
0.99982087887003656678786
0.99981845559492898978249
0.99982041540795318912416
0.99981897607387504312015
0.99982003996934520895223
0.99982066900120059038670
0.99982094109089758582343
0.99982117254518143578679
0.99982075293970917861941
0.99981998088315293671258
0.99981877471282154523635
0.99981824784352379964503
0.99982029797217975009005
0.99981832041493812202049
0.99982060667141070542385
0.99981858319523442268917
0.99981976810631278951291
0.99982069329461809026327
0.99982136548756017635498
0.99982140813688269442849
0.99982043279353993714409
0.99981947101315005177469
0.99981853433038303524683
0.99981869511763254987358
0.99982114884658579434529
0.99981917408262888091741
0.99982158317251845769391
0.99981864595891822844465
0.99981923436818664896464
0.99982007638687997452820
0.99982129877107073223641
0.99982117507522716426394
0.99981982649542855412506
0.99981915214639016653564
0.99981880019318492003322
0.99981944557353708002978
0.99982164189457178871123
0.99981932274932550086533
0.99982129843838496441322
0.99981878671153789905901
0.99981918602567487752708
0.99981982995506424316545
0.99982122919873339661478
0.99982157891612510880464
0.99982005451006605856179
0.99981918416493975598769
0.99981847570069759534306
0.99981886122437213515468
0.99982077903399779739146
0.99981834728338225826150
0.99982041501294061092153
0.99981792692009008316489
0.99981900105510446152834
0.99982032020177724618293
0.99982214233174282469463
0.99982211183311942015450
0.99982265747124421384484
0.99982266895414872998060
0.99982041153380873943490
0.99981863099694190388789
0.99981740398597040986317
0.99981810675597548865312
0.99982037960342318161366
0.99981825658973511039562
0.99982060508356074279845
0.99981716616498728100737
0.99981824879579128673157
0.99982026148794544972986
0.99982290960480668662314
0.99982293333001481805411
0.99982282553748602627053
0.99982279088884595807940
0.99982001491818406346823
0.99981809780913943885849
0.99981728824121940402136
0.99981863579127350227793
0.99982081588884608169820
0.99981889371716647918475
0.99982075802135650377522
0.99981759575382989080339
0.99981828549064311051353
0.99981994476070801258771
0.99982251772286201418893
0.99982243768353529222992
0.99982206933957906702659
0.99982243455209096616443
0.99982024137388203488541
0.99981869391513711331498
0.99981775465453048834519
0.99981874575931461990308
0.99982039837153646733015
0.99981819626611112550307
0.99981991551044935295778
0.99981751489195713755720
0.99981904224220596866246
0.99982086965544381129689
0.99982280067969264703009
0.99982203514590706205922
0.99982242919784114487669
0.99982356106942815721084
0.99982155195049804419227
0.99981908969936583719829
0.99981692896897800260092
0.99981754229192720817565
0.99981953763195785533924
0.99981714862662951492922
0.99981935978596503389326
0.99981631853785213337460
0.99981884351577965386326
0.99982196089687935813828
0.99982434239197170988689
0.99982302135351375227401
0.99982336549928285673872
0.99982470279033108795375
0.99982193291625753861496
0.99981853867055414664122
0.99981605815256002767200
0.99981717353574550699591
0.99981926861310399523575
0.99981744470674882574457
0.99981902001125710910401
0.99981628889231644041757
0.99981848552189023227044
0.99982161723689411125804
0.99982440395403060495738
0.99982306281381572166111
0.99982204780785111086772
0.99982358838028584369084
0.99982134187544446923823
0.99981881288792062711934
0.99981677211875896738036
0.99981756828878742826561
0.99981704615170730043872
0.99981725131993970379085
0.99981933403853162634078
0.99982134342634476631417
0.99982271220135421341269
0.99982069158093567207146
0.99981953945562618280007
0.99982222217617344739438
0.99982158932892217784172
0.99981967981330088779401
0.99981679433536219114842
0.99981650090917129070078
0.99981608772120844630393
0.99981561407506835958969
0.99981956606837707468571
0.99982181812575066093274
0.99982223557269489511157
0.99981904012240419010737
0.99981922916524201827571
0.99982248179528643294844
0.99982174037622539852777
0.99981906636212281025422
0.99981534045806264021650
0.99981492564716212267939
0.99981495172847190122667
0.99981452771780587873707
0.99981854887327670233788
0.99982128729854624626938
0.99982251148950540553528
0.99981969943382953402988
0.99981989332358822686331
0.99982204609923897020707
0.99982064187267105648260
0.99981833080695281523731
0.99981494211512189629332
0.99981432110229073728647
0.99981499250888894447797
0.99981425120091071967465
0.99981832137790316306081
0.99982003214076886621342
0.99982118836562383634714
0.99981952550204611362972
0.99981880480443952041725
0.99982027447243693174528
0.99981942089427688902248
0.99981805737679252388261
0.99981479751819324341966
0.99981454377402112498885
0.99981454624011800724759
0.99981523653025328179922
0.99981722228609326563742
0.99981850793007687183689
0.99981953850837768094095
0.99981825913738431310662
0.99981834598703922534213
0.99981890272765594485094
0.99981713734781108016136
0.99981620079591337901803
0.99981473579679724927871
0.99981457828441511193063
0.99981466644577843272401
0.99981598166899821045206
0.99981580834783367883745
0.99981817668573402801968
0.99981866438702438060204
0.99981845516092981984713
0.99981756160393564503153
0.99981565030171504204759
0.99981659839810088641343
0.99980938842168765035012
0.99981382962902975997110
0.99981691989820287158608
0.99981787697621238297785
0.99981728205870623593654
0.99981589111404745029432
0.99981959153905308745891
0.99981582368052779319356
0.99980015219759399425214
0.99981988286979905922180
0.99981571920873346659420
0.99981555360194140913421
0.99980752946836914940576
0.99975633607704172955977
0.99980415909689812625771
0.99975392019057396364445
0.99974953925078702265949
0.99961654312602954419731
