0.78099753304980368273647
0.78105280645406482964432
0.78114668300486744811906
0.78116798951845900500501
0.78119289771016608980858
0.78117618265731481042025
0.78120921519984432013217
0.78120828884082993415205
0.78122515485806376389633
0.78122096617381853178586
0.78122168017345472446067
0.78118781911388235350557
0.78123619667086219298113
0.78123918044566265095341
0.78123670999151495486501
0.78123661887854423113708
0.78124956009242874088727
0.78125286180961783788490
0.78125028237545979248324
0.78125530531700204672774
0.78124886865054321560820
0.78126375646955914522351
0.78127126639203159363944
0.78126716427796571995401
0.78126270676390874303507
0.78126364370369705270036
0.78126745064875280366579
0.78127754808930083285645
0.78127718329501538718773
0.78128014165776749067049
0.78128484046841406573947
0.78129055535573832536045
0.78131332588379442949389
0.78130585771097993408318
0.78129843647174590515192
0.78129519632324673228396
0.78129226820303554479352
0.78129144396254046611716
0.78130715239444947783909
0.78130574631723381795467
0.78131061402563450890568
0.78131324045418326651458
0.78131921375077661995334
0.78132991029472986799220
0.78134310607250756497422
0.78133295866597962664457
0.78132805715016451220123
0.78132536524349316398030
0.78132199992612871852771
0.78132080248598878569055
0.78133690370730013441403
0.78133614920241933887723
0.78133952568732789600858
0.78134212637166300385871
0.78134682586400294734830
0.78135595621881948069642
0.78136930939136295393155
0.78136029236917137197338
0.78135557512647124678296
0.78135362574151490111518
0.78135182447117368376155
0.78135105514054870035068
0.78136639698779930540695
0.78136500447759194010189
0.78136797814974046083591
0.78136935747866032020426
0.78137353824126365431368
0.78138278946512018663384
0.78139639027972995766191
0.78138727020766773900817
0.78138365361686845655953
0.78138247968027096934662
0.78138051116829554398890
0.78137835294425894705483
0.78139405348916080029653
0.78139175084926482117709
0.78139667552579150644476
0.78139832366649064621100
0.78140164755291741105481
0.78141027017496889062187
0.78142463198280287528519
0.78141632419312367918707
0.78141269505265364969659
0.78141029554226160147579
0.78140771306887535363472
0.78140593121951151811544
0.78142176546979480455946
0.78142106454949800120602
0.78142390210451428966820
0.78142642771137360568900
0.78143069611257709450314
0.78143909103401132387745
0.78145336433794176933532
0.78144430958604849113414
0.78143976235474288394300
0.78143749941363949140793
0.78143654933267614470793
0.78143653398695711587152
0.78145139331390267578570
0.78145154879251577106913
0.78145165253343207290015
0.78145307745158143486464
0.78145745220915874273970
0.78146711743759456059166
0.78147122899136589602165
0.78148519595081578081874
0.78148039280094128145038
0.78147070870288659616421
0.78146693647082587919073
0.78146600544852384828687
0.78146605777595712361006
0.78146580785882380215668
0.78147980726965593500921
0.78147917746901085500610
0.78148027422225407878642
0.78148116257115252114573
0.78148441093160281312180
0.78149367493736454637343
0.78149900816901096689548
0.78151296902986688852621
0.78150734184789827363460
0.78149862970494476943628
0.78149547649135664428854
0.78149402570490456021446
0.78149308586645105378921
0.78149224736426670112621
0.78150609168859574982235
0.78150556943564075673692
0.78150740366748649989859
0.78150945223368428749211
0.78151286960852472951444
0.78152144669659762143965
0.78152715334980982220259
0.78154164375717871671156
0.78153555723802614618734
0.78152678661689656269829
0.78152294397513033530345
0.78152064727497583263016
0.78151953412996222336773
0.78151953161568132877335
0.78153355543860603127371
0.78153389554969843189269
0.78153407553912324079448
0.78153635405817079018220
0.78154034137372341284333
0.78154945851287649372097
0.78155611915957756696827
0.78157017396516637042225
0.78156286689387710620025
0.78155360251689021122701
0.78154976633385364603868
0.78154804121411103334793
0.78154783200687871769219
0.78154831871848184920992
0.78156219306840968297223
0.78156240197771220667988
0.78156229573886604189425
0.78156366988891678992957
0.78156705703153306341591
0.78157613453473417930439
0.78158404209597409639798
0.78159790691198016698849
0.78158952412414295363163
0.78158082863206401746936
0.78157790311984687292579
0.78157645188476609909856
0.78157613806990833271726
0.78157626276306069179611
0.78158983189082875675524
0.78158988647318250464480
0.78159046296484402382987
0.78159210422052860511855
0.78159500702961504092769
0.78160342850918462787035
0.78161198242749896358816
0.78162638875502377100446
0.78161757448109892010280
0.78160916558043325164107
0.78160603308508735942439
0.78160411718465516717202
0.78160350590597904574253
0.78160365881578963698217
0.78161722530375787876267
0.78161757956542610159545
0.78161774807548689558701
0.78161975480861956011580
0.78162302184413989802891
0.78163163576046457148294
0.78164098997322029038770
0.78165529306624459415787
0.78164536110360549603371
0.78163646028396083220713
0.78163338996732378838317
0.78163160186560109998766
0.78163128448680641024993
0.78163160591732183668512
0.78164553709955009175303
0.78164565175366906846222
0.78164565600461244354591
0.78164700074094828341487
0.78164984237150336721101
0.78165871042959611525447
0.78166933772357338749970
0.78168300429149883967739
0.78167184098726649743583
0.78166332936464244518504
0.78166097385604571545770
0.78165977005249609455007
0.78165951302529490529736
0.78165951607496841901934
0.78167331981095722337471
0.78167378065952619614620
0.78167505919310520390297
0.78167710873776130586776
0.78168532877859009388999
0.78169668766554289973669
0.78171067921923120813688
0.78169915929076683180909
0.78169121828871757085011
0.78168916305180291548282
0.78168752808750663341186
0.78168688988321222144151
0.78170112815725611987716
0.78170038219845683347131
0.78170293629968945481323
0.78170538758755803154799
0.78171350031945385783416
0.78172522971418301196422
0.78174017340192636371654
0.78172780394828422778630
0.78171928500566911779401
0.78171654368692633507720
0.78171452394931295604152
0.78171405633538770807434
0.78172816590927096669361
0.78172787537985399808349
0.78172998458558462520074
0.78173286284703613624458
0.78174189545447436699988
0.78175505533006950376063
0.78176938302533094393709
0.78175548183190102236040
0.78174615038864037064315
0.78174352006186753616390
0.78174212772535800475282
0.78174194634683868976310
0.78175605781580193021085
0.78175608223044634748078
0.78175741594732628403364
0.78175962154819178540066
0.78176885791289774108037
0.78178296423138626813909
0.78179624332833030919687
0.78178210540349335477828
0.78177324017776583797712
0.78177126522975071143406
0.78177018410898291289612
0.78177005821023359821709
0.78178416769123815210918
0.78178401472760505885873
0.78178534717018199895477
0.78178715646567598085426
0.78179575431043069055903
0.78180953082540904919284
0.78182323172769241370617
0.78180980153719437097948
0.78180131767950911125808
0.78179939859490721332236
0.78179805236927557565707
0.78179782261303953916354
0.78181194498623662880732
0.78181165320009171626481
0.78181334922847045554306
0.78181539717240344788962
0.78182412257895017582143
0.78183736250170010606553
0.78185175864664735456699
0.78183850705467194952547
0.78182952724715071290973
0.78182741069011896239971
0.78182594600766253112312
0.78182548001096152656686
0.78183994515857979656914
0.78183924807033788884070
0.78184150007528641079801
0.78184362077873115204341
0.78185277844100520283632
0.78186620111253113396543
0.78188045920630522278572
0.78186698037582080811347
0.78185763947419406605377
0.78185554364409037830796
0.78185385887740410648661
0.78185302470610529290695
0.78186777867499646088589
0.78186675073492495346983
0.78186964604477615647937
0.78187185136706249810601
0.78188101271658261293140
0.78189452618715515885839
0.78189880149978274737066
0.78191323293377579251029
0.78190848930891465595749
0.78189514702828732950479
0.78188580652552275296330
0.78188365312201957291194
0.78188167536965202941701
0.78188068714708502948696
0.78189572713859833985595
0.78189468914728976756123
0.78189753941987993890450
0.78189975397068189888472
0.78190926182458897475414
0.78192259929234364523865
0.78192771721788423278099
0.78194242547208614446674
0.78193682932881936054059
0.78192331209359422494742
0.78191367409955159217816
0.78191146510854891982234
0.78190960464555758768768
0.78190874052561010199014
0.78192376822013431869607
0.78192269243513501386644
0.78192542289871536098644
0.78192769882213963850148
0.78193754355012345946818
0.78195112712996717174718
0.78195714716331188309795
0.78197192619367883459347
0.78196534508190296275387
0.78195167340605020722677
0.78194176158083295025136
0.78193963785759312834500
0.78193785055859477139961
0.78193649359024886003056
0.78195198665272058757836
0.78195022880256592756609
0.78195405963687003580986
0.78195605194855200004156
0.78196595303950522382053
0.78197947729839412112085
0.78198666633124502833851
0.78200122894688350871917
0.78199377242810419463837
0.78198023142478978453340
0.78197036545675369101360
0.78196825568317351873304
0.78196606986031380603919
0.78196405791105061400259
0.78197999413790009182179
0.78197799053822913961653
0.78198228974645711542024
0.78198467102266877581940
0.78199465856565009147516
0.78200796270800743137386
0.78201577577569492127907
0.78203035335727866250721
0.78202225552494475380172
0.78200897618589704229919
0.78199878102071740393342
0.78199637663229704109824
0.78199397832048744838573
0.78199203748208434561207
0.78200811588921881334358
0.78200613938111795953034
0.78201037845293741579411
0.78201276488239102047118
0.78202323879379542770351
0.78203659248422341399021
0.78204518161304115153598
0.78205996027101920553548
0.78205102860277997400829
0.78203749503790820352123
0.78202681285593200755102
0.78202448815048475339040
0.78202224160070266112399
0.78202007233345682823966
0.78203636338948645523317
0.78203376584196804266469
0.78203868369553131145722
0.78204097291471819097808
0.78205180655559181079894
0.78206536241653867858048
0.78207503966976066323014
0.78209004384685210098382
0.78207985278827063524432
0.78206627951008711452374
0.78205540168419285240731
0.78205291169376589532902
0.78205030081213200432444
0.78206723561715574266628
0.78206424711646382874619
0.78206987031438701674091
0.78208082019505342774579
0.78209442501676318393322
0.78210501305347390754719
0.78211991780753198355569
0.78210887781443649835467
0.78209549824548840746274
0.78208433209179106793130
0.78208151204414655399688
0.78207836768473570909777
0.78209573647371133375827
0.78209280775255896056564
0.78209870964836480933258
0.78211007397942922114709
0.78212346090272066856386
0.78213472298992436915199
0.78214952645598356806289
0.78213775398803397909120
0.78212449675373285629121
0.78211302006265559505493
0.78211021873471198162520
0.78210749325795347886014
0.78212482646758718640712
0.78212211057877778497271
0.78212739078924542468485
0.78213885082624767797199
0.78215192213131246035118
0.78216423545238566994442
0.78217885061645775479633
0.78216613786784328077317
0.78215309734284166331975
0.78214186718211065052486
0.78213954449608624752699
0.78213656898550687479599
0.78215392569979746983933
0.78215056316120701307426
0.78215648896509115672870
0.78216768353810883773747
0.78218054463348996030447
0.78219381991556879984984
0.78220817243515816663546
0.78219508645798463408738
0.78218247046184963267024
0.78217108292256343204940
0.78216815206370193802599
0.78216431281870590908056
0.78218233966933559120349
0.78217824275805358791303
0.78218568816851463676443
0.78219729759530320922778
0.78220981748990525694865
0.78222281461452070061569
0.78223749481760451729428
0.78222453714063477914209
0.78221189038683369698646
0.78220000656014665452176
0.78219660354950515390726
0.78219261873189716016697
0.78221131877239236107613
0.78220754773972522855274
0.78221453071221302977278
0.78222644009890929250872
0.78223909148124592949358
0.78225211866488997269897
0.78226648555315014821332
0.78225334984288297235366
0.78224080603192713834204
0.78222917050131346439201
0.78222635410126617472315
0.78222282887867111700331
0.78224158702498003403747
0.78223792618720411340405
0.78224404380568535177787
0.78225533995512519513937
0.78226758124426598595136
0.78228079262712590935536
0.78229492009451140344112
0.78228188697087652769824
0.78227000081233766248801
0.78225901399766717414508
0.78225654650345466389894
0.78225259553100556786376
0.78227103585426505105715
0.78226672153010146093521
0.78227395232667040758656
0.78228491769640984276890
0.78229648863853662454915
0.78230934473599567091640
0.78232416111179226003713
0.78231140257531561754689
0.78229973918704476254504
0.78228826298883669121409
0.78228522822090518218374
0.78228071672954802018296
0.78229922292199605138308
0.78229497256319169284922
0.78230256642566720071130
0.78231421285320035252653
0.78232638433584078541116
0.78233927133122826980127
0.78234541423851078345564
0.78236119908803791744845
0.78235429622336938315641
0.78234100768409486903465
0.78232863505633132295003
0.78231672862977530424899
0.78231363367978978828887
0.78230960086090972627204
0.78232855432838888098956
0.78232464444279647963754
0.78233122833029977716279
0.78234290692549945944734
0.78235534001238626888863
0.78236896129802180333002
0.78237642970958221066979
0.78239147266459174723252
0.78238311750300815194947
0.78236936358451725226359
0.78235731382942963474392
0.78234625875124164107177
0.78234383080936265031369
0.78233968356697602963834
0.78235891422682757312401
0.78235441333929578444639
0.78236151672013953817242
0.78237223014073220550557
0.78238384676910976978093
0.78239717240905382045213
0.78240614770047844928058
0.78242077874951287963512
0.78241141199943753381518
0.78239867498398574241492
0.78238742495272428634223
0.78237651534184859958287
0.78237356443449534992851
0.78236880031414457459249
0.78238769699560206660749
0.78238298817062179590920
0.78239118285422748488855
0.78240258943484508602495
0.78241390795767495891511
0.78242627068703951564999
0.78243591808031620615793
0.78245176951880124338601
0.78244173276927941884651
0.78242916501335579848586
0.78241728105510000013112
0.78240537056056669307225
0.78240173745816121719798
0.78239739054567380982519
0.78241609120240285246695
0.78241211655086684295668
0.78241943764855803600256
0.78243168515375360883013
0.78244424114155364247125
0.78245721024640935148398
0.78246788048634174916884
0.78248364378399737351089
0.78247228027196347177608
0.78245871771409269967990
0.78244587726312275766105
0.78243402470961387340509
0.78243101235178613706012
0.78242700968308331876955
0.78244629104215368542441
0.78244170110227961867366
0.78244919001818091786049
0.78246057801094448524992
0.78247284388840021573941
0.78248643223475933261568
0.78249862685473658974189
0.78251270176504750253343
0.78249991589276479686532
0.78248690770312057107816
0.78247561338181559342786
0.78246476629339256625428
0.78246129990849133672981
0.78247989997375577697625
0.78247577028856285519254
0.78249075844277748981170
0.78250140832671888357908
0.78251334524729365682560
0.78252614887485438810444
0.78253981839638842021856
0.78252734826985415050871
0.78251607218933694198881
0.78250583457553379851390
0.78249435970830738540371
0.78248969647102073476930
0.78250831782645091649897
0.78250347259879848849096
0.78252019818772533543694
0.78253100780315643092422
0.78254182016500006824344
0.78255440107255092030414
0.78256968353551015216141
0.78255672940329579212460
0.78254553803387927324309
0.78253418677224007016235
0.78252215937564506553770
0.78251750750091086938909
0.78253651310617633463096
0.78253193094124862128069
0.78254820396423507844474
0.78255961030214682416783
0.78257138741588083696854
0.78258526829918140244047
0.78260036111269593028794
0.78258553485671822347314
0.78257351057703372632091
0.78256258376180465319294
0.78255147112061873571065
0.78254664213165059383215
0.78256634801155156022645
0.78256133958429785479893
0.78257729231240846790030
0.78258743413665410315616
0.78259908858886195748283
0.78261463413327947424847
0.78262835602968705561722
0.78261243163201710260068
0.78260140024561841709527
0.78259168037881254864629
0.78258083747952666975323
0.78257658670439378401085
0.78259523313878609496186
0.78259222822513130335409
0.78260525051558027520571
0.78261500002200301562283
0.78262590065962989172021
0.78264219890994080053304
0.78265616526542403086353
0.78263951626512362480526
0.78262790149094851877010
0.78261850276846300911160
0.78261002749604946515660
0.78260603869762390694120
0.78262467497457877119160
0.78263285043402830432058
0.78264100091717059282104
0.78265303573681666016171
0.78267048444418152453039
0.78268424963197946730986
0.78266659600809851404790
0.78265566655268514750787
0.78264836347842992037016
0.78263258777454447479016
0.78265963401871441185165
0.78267209034488982588584
0.78268127320464886409468
0.78269695560063201611456
0.78270967159690507664038
0.78269769029171798457867
0.78268555179169674307360
0.78268028686197643750688
0.78271216210214411557189
0.78272433246564021569469
0.78273940147643650266929
0.78271062650803679972000
0.78265933238445339892309
0.78274105517070924342704
0.78271528227810549527277
0.78268822154297679194457
0.78256517246437595769493
0.78112706163083522881152
0.78119188113525173111640
0.78127599368045286265527
0.78130687061727477349393
0.78132197138160996985334
0.78131830420066772369125
0.78134788808945110361037
0.78133712210877115378338
0.78136360896916312590577
0.78134956014340317675959
0.78136363577880552089283
0.78133221885009629392727
0.78138057313491482425150
0.78138096446279270423929
0.78137493663167290058880
0.78136497108126834465480
0.78138755509207580285391
0.78138096856267413858887
0.78139189669951270023063
0.78139965432066604833494
0.78139576496339735456331
0.78140743941609491773903
0.78141813896014200579998
0.78141147909428843032487
0.78140415389698480996827
0.78140140593913065547582
0.78139531166563203079534
0.78141507456664949238245
0.78141846170433126861354
0.78142441363355208405750
0.78143167999777862764432
0.78143438170172840884220
0.78145138773667255360778
0.78144983045263805010450
0.78144524218760225142688
0.78143942339383942741193
0.78143337577861138321111
0.78142872774084648490600
0.78144808932235609866268
0.78144278138074640960298
0.78145479412380391970316
0.78146001565913125741503
0.78146333074593099521366
0.78146789677542005669864
0.78148106476590495361734
0.78147721825849925103569
0.78147479459755786468378
0.78146949385730035686493
0.78146277075920289600930
0.78145758790639796576016
0.78147750956870221106243
0.78147268341515407907849
0.78148359670569922386107
0.78148881817737525512513
0.78149122646057145313847
0.78149408116651697397970
0.78150760534097563070333
0.78150484040846746047748
0.78150222053911522213099
0.78149763190988996708342
0.78149226016952966222817
0.78148733265375558421084
0.78150666197891072162207
0.78150101863435961213611
0.78151191776062556293425
0.78151595842423260407372
0.78151823167474077092010
0.78152124280046864068794
0.78153499524797864772552
0.78153210392503369430273
0.78153020598660849493911
0.78152635183626029125037
0.78152061060740329878627
0.78151410131158727256917
0.78153398782824745616438
0.78152723333828510998700
0.78154047318541775002387
0.78154482086798049422782
0.78154661992671525805321
0.78154902166393147577850
0.78156353619590357428848
0.78156143646984599371308
0.78155913279369693125176
0.78155400962442289625187
0.78154747812283809071943
0.78154114534053897855870
0.78156136037349843714850
0.78155600409236924974721
0.78156753225447783695046
0.78157281040138726346811
0.78157594652441353400008
0.78157813518709051692213
0.78159254595199656456828
0.78158969709289027871790
0.78158608753303548954960
0.78158104150754748040697
0.78157597540596157603687
0.78157119542678277213099
0.78159065386665849128889
0.78158593268844311907628
0.78159510278927724069575
0.78159934007604758843257
0.78160296929535477694628
0.78160642887608833273561
0.78160797719441243991412
0.78162179469367421003057
0.78161983676202106963160
0.78161635350381053477520
0.78161313376148155995793
0.78160935545922949341247
0.78160515086093518277721
0.78159991290166408450801
0.78161872960224643147598
0.78161299853736121434622
0.78162351789193718065718
0.78162729531923613723876
0.78163018573570730573863
0.78163324470018147316352
0.78163546138918038597154
0.78164927497263170241837
0.78164703687152703448504
0.78164453211117579378708
0.78164154416887454690510
0.78163715964444457906524
0.78163183686659210014369
0.78162577992765058798597
0.78164467588838770772952
0.78163881328530426806367
0.78165042723208877362140
0.78165545480581133386266
0.78165889034693680770260
0.78166125116240392500799
0.78166331653408016588713
0.78167767709673174891805
0.78167547709672813294191
0.78167292614006300688345
0.78166887480896818374276
0.78166355132303111385994
0.78165795052021358468863
0.78165248722141700277177
0.78167180052907758724956
0.78166656054625138771996
0.78167685273200715467823
0.78168220920409470231505
0.78168659858904476767094
0.78168948995596432283151
0.78169203103760154238699
0.78170597204862346529808
0.78170300878718879111773
0.78169997701524218669533
0.78169555195001627634355
0.78169069043556071996193
0.78168590336652621353153
0.78168068802901125025073
0.78170009304379806103213
0.78169447405522862748484
0.78170481479045539341399
0.78170938490512564822410
0.78171354203225673629163
0.78171637174377783807699
0.78171973457122245765305
0.78173351377923083749266
0.78172986453528625627740
0.78172741842176574067480
0.78172353964496776868032
0.78171883433764133286559
0.78171386862282077334640
0.78170803909860964164835
0.78172738917424888782648
0.78172136652525880951004
0.78173270096910463244910
0.78173766133294730895642
0.78174169854126684953144
0.78174386597391465336671
0.78174752321111640185336
0.78176187666053520430864
0.78175811245764192936036
0.78175596115153245246887
0.78175151715028956544984
0.78174620638084746371277
0.78174088541441677513433
0.78173483818350941731978
0.78175442874692868677755
0.78174845559505579117854
0.78175968582719035371298
0.78176516370601867311763
0.78176991378210858307796
0.78177226150898393441935
0.78177644019086733884194
0.78179072551527206691446
0.78178607670994049172464
0.78178344181293124570686
0.78177872031503359284699
0.78177338649290062377872
0.78176831431772875191655
0.78176217968432071270257
0.78178239012955075271094
0.78177592473516155369140
0.78178727782960488745800
0.78179225027257981395223
0.78179690967660431244468
0.78179951219089238723114
0.78180477528613046001027
0.78181846356805873021756
0.78181273340739909638586
0.78181048263025065825360
0.78180614294756645143991
0.78180122287960374105609
0.78179618554484719972208
0.78178948524911517914404
0.78180981015276229673105
0.78181506398005917723992
0.78182015043479291538375
0.78182434580090331976976
0.78182630118735219060255
0.78183218575506852054957
0.78184623669293218384269
0.78184021227927835706595
0.78183853191574581575907
0.78183417517222797421539
0.78182864003083207826705
0.78182319944795886090816
0.78184206182441584598308
0.78183651050766522772051
0.78184786432256514476791
0.78185277072698022848840
0.78185462948834516527796
0.78186086910020369256102
0.78187591594163485808622
0.78186901502151451293088
0.78186673692650077160948
0.78186138576216168694089
0.78185527345849781255538
0.78184999894117157559492
0.78186872787764771786101
0.78186362754339311376128
0.78187474437243109637308
0.78188038445811325338752
0.78188318420418667642480
0.78189091266165533511412
0.78190539407494463741699
0.78189684434032746818133
0.78189373146256446744928
0.78188819694402200699557
0.78188250155867333734960
0.78187750936326327888537
0.78189624125291756762124
0.78189145696145112562903
0.78190200802289755444008
0.78190725520129278347525
0.78191028883278268502011
0.78191915393368482956049
0.78193261352988507884021
0.78192361348084060690411
0.78192092436517313114308
0.78191576650477090382196
0.78191016797511803115839
0.78190524009479733802408
0.78192394795169428700632
0.78191899848043178167245
0.78192976260223623352630
0.78193488995925786166907
0.78193733297729017817090
0.78194607933907955832353
0.78195995475358148762979
0.78195144354702450506522
0.78194909545944435436127
0.78194372925550237329873
0.78193762953394962966769
0.78193260765415428803493
0.78195131734440648241247
0.78194624006543100858124
0.78195759077897430966431
0.78196321254365452890767
0.78196582254173885306869
0.78197426081155119170774
0.78198883831083454420963
0.78198026897893424536079
0.78197737423391810995810
0.78197155892735026316842
0.78196510638890714961491
0.78195986595139033159541
0.78197888926214786931013
0.78197342777483813680561
0.78198555726683172117930
0.78199149918961352589974
0.78199459545077598665586
0.78200345914507385369774
0.78201789249115916113908
0.78200885305567924277170
0.78200554882218564767271
0.78199950896069092554086
0.78199258583656006127427
0.78198699472805499599559
0.78200628904888835890574
0.78200051126952674351855
0.78201351869179702713808
0.78201978182608022915900
0.78202293258788946328508
0.78203213257764414567674
0.78203652148287416956407
0.78205117337767082741351
0.78204627272481186395225
0.78203711341229098508165
0.78203375138312980485722
0.78202742957287163516611
0.78201996493007586153112
0.78201423719555596125730
0.78203378907224185834224
0.78202802351186229135038
0.78204121733249498671370
0.78204771241332327047502
0.78205127321994993838672
0.78206056074288698987118
0.78206587446719544320928
0.78208079234291338899254
0.78207496551375565996267
0.78206537200197479009489
0.78206164452656679042519
0.78205504379877299747648
0.78204743795771258785265
0.78204185434141149091403
0.78206137365752648182848
0.78205558485227844034426
0.78206890551688601487257
0.78207567449766490774721
0.78207963857304096944034
0.78208943388657692352695
0.78209571122973375878473
0.78211068486110180142390
0.78210382531340416623067
0.78209380454514210168071
0.78208973532079506529868
0.78208302116733641184965
0.78207522575172627732343
0.78206916474892795854146
0.78208912495921056873271
0.78208267485888238734759
0.78209733822543370251879
0.78210401776311311294876
0.78210811874470287374805
0.78211813441173128058637
0.78212560750085924343722
0.78214033514001746194566
0.78213260504479165113878
0.78212243455248042778294
0.78211832505597289610932
0.78211143101894553542053
0.78210296807329260371233
0.78209627294882999581915
0.78211665283780651414247
0.78210997198742526759219
0.78212536321829628782609
0.78213262070442279849658
0.78213688848242590712090
0.78214696458352250818535
0.78215502973941397613089
0.78216974047994380914162
0.78216142973435343055399
0.78215123108127659889988
0.78214671137497238095904
0.78213934542157259599549
0.78213039890159674616399
0.78212378591007281070091
0.78214429265595675211387
0.78213765262787349197282
0.78215323622677124237867
0.78216066970377529088410
0.78216551664598521487193
0.78217594335921236670117
0.78218468783212302675167
0.78219956010517832645235
0.78219055483158184127745
0.78217979913575885753119
0.78217469440698561555791
0.78216723537702259605453
0.78215816961944406582319
0.78215134442492117994306
0.78217204201145962283448
0.78216479278714701184327
0.78218132105513560325960
0.78218882636599562641067
0.78219413099926915489135
0.78220505774734738757559
0.78221470924823821579963
0.78222975993535770466991
0.78221971635957476820522
0.78220862158869564062513
0.78220321819090621318082
0.78219543900124588464706
0.78218573267245983249296
0.78220964920251534469031
0.78219942876243797602598
0.78221764310848918011487
0.78222317904772376007116
0.78223446072176483490068
0.78224475933820925011020
0.78225967057142431482220
0.78224908584818386714232
0.78223787569871428004831
0.78223205844974330602781
0.78222380772323829578596
0.78221329371401915331319
0.78223791521109919955279
0.78222747719164564816907
0.78224638741365859484489
0.78225246726463526503181
0.78226383771505736408614
0.78227445424087049818951
0.78228921573860876748086
0.78227829386539138312173
0.78226690402052834194535
0.78226064329478872672041
0.78225228353714770790361
0.78224190698129225651769
0.78226677219499873849884
0.78225626781554014055331
0.78227495064888374898260
0.78228126578304957305932
0.78229263052244613074748
0.78230386248281580385822
0.78231839753625964650752
0.78230701455411777445192
0.78229552247503175710364
0.78228935860430381943331
0.78228136672582671007348
0.78227046563541158263888
0.78229562292472343276728
0.78228419634044243924365
0.78230391197852267026747
0.78231012233175767356386
0.78232159049783189797012
0.78233322301921470742769
0.78234769765069933633583
0.78233629488440203925137
0.78232491782507229682864
0.78231843351711061185227
0.78230972715912716619613
0.78229768380555597673265
0.78232379074079683167753
0.78231135225904757657389
0.78233295752752485263670
0.78233974751426949012512
0.78235118724742003237793
0.78236245838509232974900
0.78237725994551310382263
0.78236606720966328509803
0.78235434537505010865743
0.78234718873484487833281
0.78233792393176548873868
0.78232546453068629865868
0.78235250548536305892355
0.78234012545463438303983
0.78236162350739579807168
0.78236890324344354752384
0.78238078359815299567259
0.78239199395769420952718
0.78240647060581591798467
0.78239519192149775683731
0.78238327406309648992533
0.78237617180832164098803
0.78236740936154747227960
0.78235513976048032258603
0.78238251171813544271316
0.78236997257190099563928
0.78239094784024720841131
0.78239780968042216269254
0.78240957121223186909731
0.78242088035260992651132
0.78243511742569615829979
0.78242402562515811492716
0.78241247238892663862231
0.78240581076818960237773
0.78239733237869002469012
0.78238437623130485665257
0.78241167924451859860824
0.78239823272885256066900
0.78242063937430172959608
0.78242739214405399028607
0.78243877424394225883475
0.78244964178094200679681
0.78246455469537468108143
0.78245382728605739064420
0.78244221747395181765228
0.78243484084623049490403
0.78242573034237483664555
0.78241195732635882009731
0.78243958438357785745154
0.78242594500807449708901
0.78244902681721473225451
0.78245669218968327829344
0.78246894508382192068296
0.78247975303263173074697
0.78248304601406237779315
0.78249862158620342444948
0.78249487393772820809090
0.78248370184159687923398
0.78247110978778766643416
0.78246306522478203948623
0.78245384873381396140246
0.78244030645528683809431
0.78246861795436273290250
0.78245508051595924481347
0.78247743867911867532428
0.78248537954208940981005
0.78249816535576011133912
0.78250962658233502722283
0.78251364612735996306725
0.78252848122228912952636
0.78252386870194612367158
0.78251231651719799220501
0.78249978886955207091347
0.78249233901058079521107
0.78248374142678056575306
0.78246984753756576580486
0.78249867235277670296512
0.78248430688487335959991
0.78250746464186160533671
0.78251470129409239628870
0.78252692346497920716786
0.78253799991629902077506
0.78254295253708539004123
0.78255739359082843176196
0.78255232184605982848069
0.78254186691792682051272
0.78252988971881509705497
0.78252232687388567633491
0.78251316820309935184952
0.78249842593106166965811
0.78252713974676990638102
0.78251234466637009656864
0.78253684862554151457914
0.78254504792445978011983
0.78255721547369416768447
0.78256725878712496413669
0.78257235587497875339835
0.78258803667713527918437
0.78258280037872285372913
0.78257258718328659430341
0.78255973649805110614608
0.78255088852976750768420
0.78254101471038961523874
0.78252647470470015900190
0.78255520350273743979130
0.78254092859758628275557
0.78256480834571284788126
0.78257413622525706653477
0.78258776908706184638476
0.78259834591475896381496
0.78260399063897778670906
0.78261961257151346771366
0.78261348757190307701137
0.78260234497800129638279
0.78258832210113804528362
0.78257924270943735045591
0.78256995925863437335579
0.78255555271521592963779
0.78258506775650027442737
0.78256997566696695489696
0.78259424569398183813007
0.78260301049298675035715
0.78261656810440860532196
0.78262771055974000855571
0.78263447537961916555815
0.78264844162588365072963
0.78264126658732413588382
0.78263072884903917003641
0.78261803921516059912022
0.78260965706329266300401
0.78259990026283399178197
0.78262462657852571723538
0.78261419320637592988987
0.78263317968917889277947
0.78264532097756955852930
0.78265475667877337784262
0.78266179158179560726438
0.78267538498234612287519
0.78266882332830112201094
0.78266006710523361444842
0.78264824599870497223719
0.78263891801077078991256
0.78262794290262838181604
0.78265269983834595546313
0.78264153876250530661451
0.78266259421750761227088
0.78267508168251764821832
0.78268336014864137162306
0.78268991117153197123457
0.78270515414320995795094
0.78269833594028737078219
0.78268969128918108868476
0.78267657256848477409505
0.78266636131834099732174
0.78265538625862574040326
0.78268053405848259096445
0.78266962056685951409918
0.78269057973645095316328
0.78270383914554586546330
0.78271305332883156502533
0.78272071001080267826921
0.78273579057129594183095
0.78272725961306155451069
0.78271780545964331210484
0.78270494650041622097802
0.78269530985132873546206
0.78268414287095777748249
0.78270999881615466176044
0.78269864739921191088001
0.78271963905045149889617
0.78273178842538582156152
0.78274087318737262108925
0.78275006903914157163626
0.78276380762473474206331
0.78275428207835562322003
0.78274581299810552792451
0.78273401166421840979837
0.78272429364241036253702
0.78271369752988650958514
0.78273849227177016985024
0.78272913715625502817375
0.78274756680127544061776
0.78275946850850453007098
0.78276781363014547032719
0.78277770358525655680637
0.78279188409897038081198
0.78278149038314792651505
0.78277241683419007678424
0.78276080592244556832782
0.78275309290133310291537
0.78274274523537623604597
0.78276753821373312725029
0.78277513670889009578246
0.78278555772786684308073
0.78279506844017854305662
0.78280641837259112847391
0.78282040295328381152018
0.78280869037064282345284
0.78280025937495090193607
0.78279062879493177540269
0.78277524355795813360004
0.78280188016232499226277
0.78281671993477330850908
0.78282342860012166241290
0.78283331917914833475436
0.78284624308941941350781
0.78283990406901904357539
0.78283021201982128101093
0.78282496505335408265580
0.78285442862581089418228
0.78286111045137096731139
0.78287638948230486857227
0.78285294523928594667694
0.78280169764482288030649
0.78287824604645783743706
0.78285117979517560016234
0.78282560046785920615520
0.78270107888319906397356
