0.13263801664822391646048
0.13255301853444084736466
0.13302391213308187301045
0.13298404371799832368595
0.13315550080544297228968
0.13293711775604485914037
0.13313998403188229135985
0.13318000958477860251605
0.13317293380699196658767
0.13317941744312047913645
0.13312194259878573632250
0.13288332017360640624482
0.13309931938071675738833
0.13316446174050908246578
0.13317279298811104948363
0.13318617359962789392647
0.13317741081482417642157
0.13320177651317044453805
0.13316609859805950133449
0.13315634613463894764251
0.13307175235192780782256
0.13303865228150751898184
0.13314561126833951432147
0.13316057074876708199440
0.13317038233903952249015
0.13319307055417842211575
0.13322088209455157370442
0.13321266050111832401903
0.13318540418881338882606
0.13316367575147447510631
0.13315416340387070670559
0.13313318644751617747524
0.13312302737081005421516
0.13314860988481969084063
0.13315692470120404911071
0.13317731026774448643835
0.13320465621250399124165
0.13323163457647069218837
0.13322314680561761490729
0.13324872829679756947030
0.13319702984980191784459
0.13317022619250704074112
0.13315136144843625620737
0.13314284136949938730510
0.13314644109776654912203
0.13316318438866217577221
0.13318946576965295935935
0.13321587973063753196357
0.13324042736753599625033
0.13326643238034618921262
0.13325764659283281798885
0.13328447146987318361333
0.13323263707039273429089
0.13320837752884223670335
0.13318236212565356946236
0.13315761865967531973887
0.13317676579590584373669
0.13320190300928036464256
0.13322471620351447607611
0.13324885158965049658519
0.13327559031146438139892
0.13330182415492686232028
0.13329286354305330819514
0.13331599910214680937415
0.13326668281227646573051
0.13324113077714916375527
0.13321816854760981652106
0.13319564293381749853218
0.13321189357394375152310
0.13323326087377568294201
0.13325818945588979724803
0.13328491439843534460685
0.13330849887976778389564
0.13332811711235900697936
0.13332141343127842936234
0.13334003307994765630262
0.13330125741378220927125
0.13327638523286550187308
0.13324980284773363381490
0.13322651291332954226476
0.13324287489722758115462
0.13326831393952576210182
0.13329320365707936213440
0.13331439471020056775075
0.13333354649385212309376
0.13335438908986924078093
0.13334622029403758736166
0.13337081756936780552181
0.13332642928793114744934
0.13330798646200056611910
0.13328625985791328623087
0.13326074022471234847842
0.13327889059540223848366
0.13330122901763349907434
0.13332005654295372987228
0.13333923282694851164543
0.13336220767391032682170
0.13338854723944826297100
0.13337952824328791479047
0.13340514711124104585416
0.13335433458921694405142
0.13333223177775291312663
0.13331351713914360579416
0.13329480892813050374457
0.13328899834165511273376
0.13330261567084977780695
0.13330846112707517292506
0.13332531655883891885672
0.13334595790351916333449
0.13337104496412383047854
0.13339708302584987742456
0.13342010806697457425685
0.13341170516348596630785
0.13343269513483990706959
0.13338790104494191446349
0.13336257723217348480915
0.13333918729471289088551
0.13332009922671839152741
0.13331451089044341062895
0.13332572483056412404601
0.13333275177705108949233
0.13335482667171938420125
0.13337982380061377818414
0.13340356997597258015276
0.13342471294541369264408
0.13344475012295173299570
0.13343675962949591573548
0.13345743250019403980389
0.13341744622583295853957
0.13339596597068600902780
0.13337142304144614102235
0.13334743666682735696583
0.13333861507351810193889
0.13335366556481081934393
0.13336422593300670258465
0.13338739793258772015072
0.13340936971811098721297
0.13342995192052492514634
0.13345034890418949746760
0.13347213238621249975502
0.13346454982529840083139
0.13348767577041695253648
0.13344222953421663868667
0.13342225063028517739738
0.13340225312148384917421
0.13338099835562608475037
0.13337012236147974264533
0.13338487123636433295815
0.13339613488544857511364
0.13341555556351966660422
0.13343516288688517246186
0.13345647782352579313603
0.13347938298310618732145
0.13350250982705164082276
0.13349407311279695709239
0.13351606060357915084502
0.13347169035800438008366
0.13344955006913286621462
0.13342871728489461014000
0.13340930445657872560616
0.13339901726436304008061
0.13341178995763061654323
0.13342238988978949443265
0.13344208310805324990689
0.13346445007702198437549
0.13348689041503086771812
0.13350824384505427522285
0.13352933502338473759075
0.13352182872309351080453
0.13354353708516755738778
0.13350064246226600594980
0.13347900711441296195403
0.13345715192034382501340
0.13343646641275203057475
0.13342413260155602805490
0.13343703133545792294257
0.13345122771604928102462
0.13347215257476655048130
0.13349310331158006914798
0.13351386586507632547871
0.13353578827743800561123
0.13355886754152626605396
0.13355026675045381101548
0.13357468335608191356556
0.13352745208840322010957
0.13350665627545715841151
0.13348645768519493137738
0.13346574402932609437755
0.13345114853215553352150
0.13346492682148475283910
0.13347941426240395035308
0.13349911332665248542284
0.13352034669374637787520
0.13354264607090113314847
0.13356615523254797284203
0.13358959078649398910521
0.13358199448198185277370
0.13360373945411618823442
0.13355837692923480664042
0.13353435853698383817267
0.13351232850490443726521
0.13349276016277056289283
0.13347763925223066205916
0.13349012934339368752212
0.13350569430919043134587
0.13352667814113319821878
0.13354993694912720147983
0.13357389022695356772807
0.13359638392632802728066
0.13361648426230310349183
0.13360888403907453247932
0.13358815726315165228755
0.13356599004497829441540
0.13354239259088698799083
0.13351986110303179500214
0.13350263098095679903388
0.13351572059223965061037
0.13353481687438531477774
0.13355827392098565398193
0.13358122512636583234524
0.13360156497432462696651
0.13362073756000517055220
0.13361341254591338478797
0.13363309492188404914437
0.13359426594125844989236
0.13357344305570509335190
0.13355118720256353714859
0.13353042962958847073018
0.13354629211602173088913
0.13356703888530188639727
0.13358699769081530672743
0.13360604995466388023040
0.13362546594933100152502
0.13364647564990625450143
0.13363794127899103481028
0.13366071682718161373060
0.13361774985486063460627
0.13359936298495905804273
0.13358121034772063584484
0.13356136141447663701065
0.13357517764773008117629
0.13359298355243648392943
0.13361069394086436123992
0.13363047659628665697618
0.13365229419042665148787
0.13367495510774821121380
0.13366675865884264373662
0.13368921664905775159582
0.13364439772297417863278
0.13362260436450529299535
0.13360410591058949347776
0.13358764510568951755509
0.13359914139062506466260
0.13361606387670807438717
0.13363583412960375329526
0.13365857187371910086426
0.13368153147501349309323
0.13370343260736097801278
0.13369542012205462566676
0.13371768541828948917427
0.13367320372289831498236
0.13365074788959613316663
0.13362950385044100598542
0.13361079882589585454689
0.13362329426981597868540
0.13364411416677138277898
0.13366597582485373330030
0.13368811884026587932794
0.13370968296803936725681
0.13373222261601597216085
0.13372472399698620559860
0.13374751304084650516124
0.13370266001036376635192
0.13368074648366132239907
0.13365891839711466215768
0.13363748808599110184936
0.13365307298163045524042
0.13367388181845640815482
0.13369498732024115428274
0.13371750796347811607312
0.13374025705329070645710
0.13376293039804210138755
0.13375547076671120971803
0.13377746818512209481256
0.13373217636472650715618
0.13370966949782595034613
0.13368894026203084757221
0.13366842804495585039781
0.13368310712310443877371
0.13370374570632398425474
0.13372475878435338692007
0.13374724317908315285308
0.13376933552353062473195
0.13379053266240328867731
0.13378226424089742496726
0.13380219563170095420368
0.13376178114310874334159
0.13373995970050231441029
0.13371811927296495259299
0.13369724335975430307144
0.13369094232333583738281
0.13370439575823495070850
0.13371175181484840077673
0.13373254248764249174641
0.13375375634543903990981
0.13377506188272991760613
0.13379460109635502029768
0.13381439412448237202824
0.13380711254397875675792
0.13382815282111687471556
0.13378682578914322109931
0.13376653334480881341051
0.13374671881581209897938
0.13372647983316299225010
0.13371865767584809048252
0.13373261672269101674182
0.13374090677622094136545
0.13376001791431341159111
0.13377877528196965850604
0.13379878091537361628482
0.13382017348164973458147
0.13384293310238806751222
0.13383458172712220379807
0.13385825903991457885844
0.13381197772348835117739
0.13379119007673753727339
0.13377256801382020334756
0.13375379713249810342823
0.13374546335837461663587
0.13375745508876116240948
0.13376605308276801054035
0.13378436071052129952008
0.13380445141974700584697
0.13382693787693181186604
0.13385008320132638082178
0.13387271110654844208376
0.13386527675400938797168
0.13388664437550268360155
0.13384261016641307850961
0.13381871944712814270773
0.13379732875725555696356
0.13377811195736624694241
0.13376970075060995446492
0.13378119204002075770532
0.13379146542437911349133
0.13381173613440361380711
0.13383400639820425270798
0.13385739527331386167219
0.13387956742558304590318
0.13389976280119372797905
0.13389206208818016374806
0.13391290429557989316578
0.13387135513394476937776
0.13384961551385293754279
0.13382760921433364820210
0.13380557220813518726210
0.13379361507289408428356
0.13380770631901439671196
0.13382101474560512133216
0.13384299754531731041496
0.13386406996408484193495
0.13388461318255781562492
0.13390475840966481468897
0.13392594138451133223278
0.13391797648726122549334
0.13393938569213437173033
0.13389742733709392163988
0.13387719229880565285917
0.13385738185270376621183
0.13383660422091270270073
0.13382296096334048152166
0.13383707155814203448863
0.13385177780946816428198
0.13387071188913082786520
0.13388931029014147777723
0.13391025779670909234831
0.13393190274854652188630
0.13395331844527333386985
0.13394562911819235528910
0.13396635874971160595770
0.13392363129480747141464
0.13390230601189445636123
0.13388328980847924443154
0.13386504920652447792051
0.13385069594529233616420
0.13386332533887082552049
0.13387724622525182249788
0.13389584521280692430700
0.13391574044915821595225
0.13393757664562858100687
0.13395871441326598350052
0.13395130790444942370243
0.13397153103919762218155
0.13392987321250127141781
0.13390876646638028013570
0.13388894604245663022546
0.13387437217765682517800
0.13388548073068606836244
0.13390205612033373450132
0.13392226170062654366788
0.13394310981483306677298
0.13396448859538520603785
0.13398470782875140927537
0.13397693079163233709217
0.13399853479957946067458
0.13395622612982380217339
0.13393642520822504615730
0.13391591198607949442234
0.13389766211340578538902
0.13391127706666047791906
0.13392988584922940753508
0.13395000902164808098682
0.13396919821980718401377
0.13399016694857798781548
0.13401315808033231746776
0.13400480529172442700769
0.13402796544735157135975
0.13398269983864388721351
0.13396306063545956877014
0.13394317740334671373859
0.13392412739742665106490
0.13393767148831212110416
0.13395626855958109313605
0.13397568431486736595382
0.13399667738392129212599
0.13402015072382891802683
0.13404308195483460863784
0.13403495829548198181591
0.13405655382201944747500
0.13401136085241616147101
0.13398966096580214313327
0.13396971260160270289497
0.13395049765896169247092
0.13396372343088103207265
0.13398350982212164916874
0.13400438124989860755321
0.13402586258815221698093
0.13404827315996917236340
0.13406893898736785275538
0.13406037655225494509281
0.13408021349792487164621
0.13404010294398993607956
0.13401951762417468883015
0.13399764590209070624915
0.13397645561352533594146
0.13399084919033610319161
0.13401193021720217424253
0.13403305952367736142428
0.13405280349185835775394
0.13407258365886398632227
0.13409282356727308949118
0.13408540998644982722432
0.13410673669877953839702
0.13406486077008372692632
0.13404591277518623781972
0.13402613197688467705504
0.13400535283766512595349
0.13402008696716125046855
0.13403955925019658823594
0.13405798046532269029996
0.13407705961071306188792
0.13409947319785492370059
0.13412219982873757606612
0.13411382839754648621522
0.13413665360241186497170
0.13409109443948824536008
0.13407110179708003894206
0.13405216987821411134263
0.13403323114115903158527
0.13404565361608392071169
0.13406467274379757492753
0.13408476866512214487059
0.13410591214523259750990
0.13412863252023640714405
0.13415019705279981887536
0.13414224988071751787366
0.13416265543539265814310
0.13412100543442112554615
0.13409943679753666412324
0.13407794574127751552339
0.13405811841912668169741
0.13407168254835888365761
0.13409249672109563311651
0.13411373577092819409096
0.13413419742156384995013
0.13415528043380606226798
0.13417582190912435979868
0.13416753570668504824681
0.13418967181667273980139
0.13414670968170291920352
0.13412754021362185974375
0.13410727235069552776281
0.13408595082131316567065
0.13407909099785414452910
0.13409340784551973535521
0.13410022101119928317203
0.13412094125635667940522
0.13414004216193520235834
0.13415894195935662569497
0.13418088551931461882560
0.13420449365878756031734
0.13419556863102954924472
0.13421839724375073110707
0.13417238515729387748898
0.13415230116760215595129
0.13413296584895190166620
0.13411383438381152544139
0.13410661482491262330718
0.13411931671936797028089
0.13412666475014650702136
0.13414475287060728669886
0.13416463110466109176500
0.13418705617852369482712
0.13421073717841097705517
0.13423172855185303009584
0.13422431832005604634972
0.13424308847939503408497
0.13420193201052535436624
0.13417935777509520933748
0.13415787185857244723231
0.13413857147130334168672
0.13413118348336489082939
0.13414223920928555755516
0.13415110785591297104524
0.13417223247671244967805
0.13419478066980333741398
0.13421594898927091676910
0.13423581439282583627204
0.13425402760077209673995
0.13424607665212148766010
0.13426558525618612072172
0.13422828289567051429643
0.13420971722677960125125
0.13418778195196812141887
0.13416458463775110532268
0.13415444415415297974015
0.13416870500478614292028
0.13418044662950232015497
0.13420233007250678691769
0.13422216793168215143162
0.13423914463651553941048
0.13425774729231418347375
0.13427968948853696851131
0.13427140189565750505452
0.13429544462001430371600
0.13425003452161751726912
0.13423273958218640000695
0.13421582308415205830876
0.13419614911678037771914
0.13418398673754436400962
0.13419815048871613916148
0.13421040073165776962405
0.13422708628241791783964
0.13424310754560958569570
0.13426246956192203207969
0.13428718085326710185434
0.13431104392584899964724
0.13430203797355844130834
0.13432356048804122705675
0.13427759803702687957383
0.13425581134480596423586
0.13423755724883495998867
0.13422147596186603801804
0.13421075718217767569485
0.13422125126211872925275
0.13423128596698868930659
0.13424873633084569157781
0.13427031691334812002481
0.13429353840665317343372
0.13431548339291365934400
0.13430787724621456868945
0.13432621134495384418450
0.13428588385758269407866
0.13426223128021480546224
0.13424190466521124243116
0.13423014448405728993308
0.13423987050872346338259
0.13425522044068716187581
0.13427763619262966798829
0.13430015882607443389318
0.13431910730992210889490
0.13433602454161103212371
0.13432854888123865744198
0.13434621025405821259646
0.13431235095571170123918
0.13429306054004100379196
0.13427036691402813306517
0.13425256390622355984199
0.13426713742920326488672
0.13428554147038193611330
0.13430626766557962614712
0.13432266318074070898803
0.13433833106463941020614
0.13435712351550460619265
0.13434936100709743422854
0.13436735598562249416332
0.13433269096770908412886
0.13431656292801022467565
0.13429926364536268201810
0.13428198240435643140422
0.13429551294582769971342
0.13431071264958244215748
0.13432625820367868896277
0.13434268523064102351938
0.13435976206830399504177
0.13437526624917950357485
0.13436730470253760438837
0.13438246810864379332529
0.13435256076998400298628
0.13433619479819397524167
0.13432085115490111082437
0.13430712290164101285761
0.13431636641346789140528
0.13433051343182675352317
0.13434598888628582202820
0.13436031396559758310794
0.13437384129709858959778
0.13439541791812098514569
0.13438599266368142504113
0.13441840544115551958626
0.13436694438300175735712
0.13435378234568795541293
0.13433925848387323620514
0.13432524940771295440811
0.13433419103820856688181
0.13434699026908880625797
0.13435976493637807882564
0.13437828331022366734615
0.13440898870829257050197
0.13443703547134411291353
0.13443285606843802248989
0.13440008976574913113211
0.13437016040422841700597
0.13435360256613562701666
0.13434207650683663293201
0.13434850011870430597227
0.13436359208948128740602
0.13439164147908125301889
0.13442681824768337728315
0.13440859222580431309169
0.13441758634152231599579
0.13442033112670265238009
0.13438343417866360773871
0.13435736657131269744525
0.13437578694089452602256
0.13441247906860581684541
0.13442208110337050541716
0.13431217264826453283710
0.13442271845260075902040
0.13440513273400775395849
0.13442181658846757974501
0.13433723738089436983145
0.13401887482633817461064
0.13435736094588537903327
0.13420973805872496442682
0.13408301411354020538091
0.13372944228431229984899
0.13266001468243612815279
0.13257662099102190955691
0.13304593285627058785181
0.13300768648474003974513
0.13317750161376232242993
0.13296130337597131254590
0.13316361779321886360528
0.13320197302614072976112
0.13319653564156688774212
0.13320133963679747779452
0.13314613216194620681776
0.13290788317404117480081
0.13312391682553234573128
0.13318862924124777458168
0.13319635567366550077395
0.13320805524875442560351
0.13320093444224462286840
0.13322361842239577311986
0.13319023712875008302881
0.13318094883838210717997
0.13309677351380821974658
0.13306311954937380392927
0.13317064155540689340818
0.13318516803349139676627
0.13319449276366260304094
0.13321655684141606168502
0.13324268482638024213571
0.13323610962681575742295
0.13320948812395602689485
0.13318826589894527945290
0.13317918923441376954919
0.13315769469928201429454
0.13314655086324492239136
0.13317314544588135238889
0.13318194485204704058390
0.13320189480420330241373
0.13322871403762806541415
0.13325504523736905748699
0.13324717841422337172297
0.13327209911552470589235
0.13322160953404335592687
0.13319524316820777198878
0.13317592168039921185496
0.13316635502112322830826
0.13316995025250780160242
0.13318777067217463239146
0.13321447944850517419724
0.13324045365076042646280
0.13326443331260895419632
0.13328976327273187041378
0.13328162704583676467784
0.13330776221008888704489
0.13325720381560418603684
0.13323338652711408380824
0.13320697554773286430674
0.13318115773401081880500
0.13320033699811900662624
0.13322654475319387068488
0.13324971992909415141604
0.13327340982167137917180
0.13329954451050268771084
0.13332507368940862968465
0.13331679127917919758239
0.13333920575958105314562
0.13329123252757874018570
0.13326612955917746528023
0.13324283767247674381551
0.13321924389880443473366
0.13323552285788034521552
0.13325795627860304026768
0.13328318269701713849607
0.13330945551104975144163
0.13333240074626859228424
0.13335128013059530105444
0.13334528903053194381911
0.13336315240076851429407
0.13332578838031161616584
0.13330137200795852403523
0.13327452450857640853243
0.13325016935132863449276
0.13326655984757979078736
0.13329306243089619754549
0.13331818298280292967029
0.13333891340803669112169
0.13335739496233603440523
0.13337746468037831037989
0.13337004156499238094469
0.13339384869173165348855
0.13335093545160217609613
0.13333295872762596090411
0.13331103478787542648831
0.13328445177693651335638
0.13330262838792869550808
0.13332602968528933784498
0.13334502083158331076085
0.13336372589263689736327
0.13338600253712970533648
0.13341153349537765437915
0.13340329749315413265798
0.13342808840584077789693
0.13337881431310211199914
0.13335718724784917377235
0.13333834178122674907208
0.13331857128237065146514
0.13331232234500167699309
0.13332591614598918172696
0.13333224811745941762453
0.13335016476559430342874
0.13337090435181739311865
0.13339551019656156749527
0.13342082637152780089096
0.13344300390710936432548
0.13343542154324919413177
0.13345554425594846614800
0.13341235077166835321094
0.13338751532060477700270
0.13336405983292717869482
0.13334390935154705193355
0.13333778820893840699746
0.13334897856579225328133
0.13335658511546175097884
0.13337972344800547164212
0.13340475355158834536162
0.13342800341349450587991
0.13344840198302559963750
0.13346755166197604713929
0.13346042193216473004114
0.13348018651415438640129
0.13344186294316465191123
0.13342088718013520032279
0.13339634265700658910525
0.13337129087267937666006
0.13336184627788300050000
0.13337687680556656322217
0.13338810240273676899214
0.13341234036254284722745
0.13343428075490354478561
0.13345435010774112094545
0.13347398455466139011172
0.13349483927286165396708
0.13348815831348348481811
0.13351033524740538172004
0.13346660788741354641829
0.13344715072373558584218
0.13342721798562803825483
0.13340489644696498783283
0.13339331530961717753314
0.13340804691115520919098
0.13342005413029212057552
0.13344054251490578000272
0.13346005309184647003029
0.13348083649213482448914
0.13350296399282829407085
0.13352512089492638014399
0.13351762701119121445892
0.13353862278211983682930
0.13349602912905259022303
0.13347443046093224183757
0.13345372513595540886477
0.13343324192653316373480
0.13342217696100319712649
0.13343493684815541100441
0.13344634691457984976282
0.13346711091445431773828
0.13348931939017652514856
0.13351120818654901856171
0.13353177088354756252286
0.13355184851846532700925
0.13354532814246375393985
0.13356600195902526562186
0.13352493763079145705497
0.13350386512596024157773
0.13348219946799097512802
0.13346044210828525433676
0.13344726993637232026479
0.13346016145336703218049
0.13347522279139095724432
0.13349722025383795043219
0.13351795102965785533300
0.13353813759599159061153
0.13355925936961385303015
0.13358128321764742296729
0.13357370989219474743948
0.13359704944804232096267
0.13355169999390298363195
0.13353149324032939637696
0.13351154406478876746078
0.13348975626983844433582
0.13347427423136273838544
0.13348805145088760149008
0.13350344388567109144006
0.13352421695438040916137
0.13354517235420357290643
0.13356687014435372762300
0.13358957107442948064602
0.13361190731388156160975
0.13360538245893577302681
0.13362600653192008293146
0.13358257560222985826925
0.13355917256365990031242
0.13353744883870691251282
0.13351680649183253479784
0.13350076654165268785768
0.13351326210121519655338
0.13352975804853395302985
0.13355181542553387630257
0.13357473968351454840509
0.13359806239486388124149
0.13361974315231897603162
0.13363870113639125802862
0.13363221389987345322226
0.13361230261080600523194
0.13359078201193655410783
0.13356754670640685889182
0.13354394064333355296448
0.13352577212859897959341
0.13353887373666431526154
0.13355891245038803427647
0.13358344365598626146685
0.13360600595300975435009
0.13362568302999380809304
0.13364403818375927834872
0.13363750184922304486967
0.13365636631240457310454
0.13361903437802918892530
0.13359862707046715746273
0.13357529830563305561775
0.13355359888540691004621
0.13356948130362258919668
0.13359116640318285940126
0.13361219556768097471711
0.13363080545554531508579
0.13364952553279521585416
0.13366971721435880193773
0.13366197062828766295439
0.13368392789480795790347
0.13364249303248432187985
0.13362457466731192390341
0.13360535326402359079800
0.13358457238922291643313
0.13359841686250054082485
0.13361714078130626504048
0.13363591749554243337528
0.13365520753107520968150
0.13367629352648141560778
0.13369813588730788955772
0.13369072760954642253850
0.13371236728345703426157
0.13366911629617356238597
0.13364783872005614462353
0.13362827642916477732804
0.13361091661345803061067
0.13362244535066594708361
0.13364024933616891477328
0.13366107918197880910505
0.13368327710632901816901
0.13370546851554299117026
0.13372655230732830022866
0.13371932440141676146084
0.13374077328138389564316
0.13369789653722763400623
0.13367600373939975133553
0.13365370338583357212592
0.13363413489713352189092
0.13364666194052757242083
0.13366832674086262522373
0.13369124166693927002747
0.13371279946993017140322
0.13373355463839592394137
0.13375527859013608411587
0.13374856289742781401131
0.13377053734051247424475
0.13372732764498584945301
0.13370602108952908682049
0.13368314311732146237865
0.13366088777706788826016
0.13367650597232799691838
0.13369811939835118952402
0.13372026956803700903365
0.13374216193423821286146
0.13376406203477478329411
0.13378592256841420615743
0.13377924102975941034188
0.13380042716092324650567
0.13375681702243388815354
0.13373495944061569717931
0.13371318954923624988673
0.13369189378832010972609
0.13370660497994690807388
0.13372800675843157791611
0.13375005641895498786909
0.13377187045419122735090
0.13379307067532533737086
0.13381345759545870688356
0.13380596420535437185428
0.13382508631071632354548
0.13378639479707368775685
0.13376526336216335022478
0.13374239056826020544122
0.13372077287789244093297
0.13371449002602642242010
0.13372798309463440613598
0.13373531373895469753776
0.13375682391762000467139
0.13377906462805161380558
0.13379966108085974973996
0.13381826503945881690072
0.13383725045823269272915
0.13383073932006389616944
0.13385097417930358343341
0.13381140985248340946612
0.13379184591839601847774
0.13377101008041242247160
0.13375007437573727120395
0.13374228416740188696288
0.13375628108680523431495
0.13376453332047857913700
0.13378431945692295657047
0.13380409177184868219079
0.13382334975879700555979
0.13384376301747077930848
0.13386571881820330531809
0.13385813437198201825140
0.13388100905719882427469
0.13383653211110696501507
0.13381650935946590164072
0.13379687740150070229816
0.13377745469889748552994
0.13376916327858026645181
0.13378118997293894643086
0.13378974206151114656471
0.13380867798074391750163
0.13382977242561691633149
0.13385147756693974163689
0.13387359873752710526240
0.13389542529736792042527
0.13388875398091767965347
0.13390932198937219310686
0.13386713435284089412924
0.13384404133336011422095
0.13382165385491484599356
0.13380183290359323744489
0.13379346857941784576518
0.13380498969963916522374
0.13381521833181889147291
0.13383606981088200238439
0.13385932965044858300452
0.13388190404883182349494
0.13390300562958759589272
0.13392240267770699757577
0.13391546105299975688574
0.13393550598849154886771
0.13389584858712139103787
0.13387493955870075068582
0.13385194991279156240260
0.13382935614989313610756
0.13381743978140298034774
0.13383155587640632733226
0.13384483048761713908092
0.13386734487198012621967
0.13388939297815924400759
0.13390909069818821008901
0.13392811840050966587512
0.13394850496405988349302
0.13394129660853482111094
0.13396191084817674066265
0.13392188774793778449634
0.13390251297156563481394
0.13388173528166907866321
0.13386045253528358611739
0.13384683316692883026100
0.13386096184885518112218
0.13387565839972312420336
0.13389507179243698153925
0.13391462881551147168224
0.13393470118048625416840
0.13395518227183261794622
0.13397580423490101919626
0.13396886789014655905206
0.13398880433998056060929
0.13394805786166641414781
0.13392762172505798257127
0.13390765503770571398512
0.13388896067237457399024
0.13387460014347446479732
0.13388723929431445291982
0.13390118822565019729431
0.13392021529496694887129
0.13394105190867741650429
0.13396198646342599714032
0.13398191277338847293699
0.13397570029913566380664
0.13399468834174954601224
0.13395517938852355421808
0.13393314131900821428722
0.13391291915718775418220
0.13389829281787010706317
0.13390940400904802198845
0.13392606064320197734041
0.13394664173680048691040
0.13396841007136162104985
0.13398886274789301165100
0.13400782319915063856008
0.13400128673231040399294
0.13402160816637168072596
0.13398152007573965738274
0.13396081007992674538620
0.13393994744373927119341
0.13392158343249110918904
0.13393519317963326065168
0.13395395129811751844251
0.13397439831076790595077
0.13399448481129264121314
0.13401450532565870044088
0.13403618971537195614374
0.13402912547142217802865
0.13405095524469343160057
0.13400797765806926609145
0.13398745317091692585976
0.13396727366168220685338
0.13394803469651592187084
0.13396156704052392116822
0.13398039555834412306368
0.13400008044778474736169
0.13402194564750732896918
0.13404445206954931912868
0.13406602925994182129443
0.13405924045798667254559
0.13407945786538930099674
0.13403661969240701634654
0.13401406152901096380248
0.13399387055389760936563
0.13397437041365728438436
0.13398761901781819361190
0.13400769765880721218210
0.13402878550110758348879
0.13405111128124935770956
0.13407253636289029330442
0.13409179980258723041686
0.13408462024852801919295
0.13410303100458881297996
0.13406533992727812099055
0.13404392460689676380703
0.13402186347262293186766
0.13400037333019315655136
0.13401478981564188264208
0.13403617737827011602292
0.13405746938600210382830
0.13407802746286195949565
0.13409680671907417415234
0.13411559759366944999393
0.13410961199502777208004
0.13412946669102185359712
0.13409007122171348602713
0.13407032592183179553480
0.13405040902152476345321
0.13402931447885804705500
0.13404406960721054753449
0.13406386398041097995915
0.13408239619865400249488
0.13410225620345159192048
0.13412365474423093569811
0.13414488624560202967295
0.13413798967651402449519
0.13415929667134374181359
0.13411627651580282361010
0.13409551975703826176556
0.13407650179486449437682
0.13405723328632465629617
0.13406967633292546371315
0.13408903196640076238566
0.13410918897356727264025
0.13413107813358560171935
0.13415277220174715022694
0.13417279642052104549066
0.13416636713265586711152
0.13418521027292618086335
0.13414615496289172824618
0.13412385980391222650709
0.13410233210703106920825
0.13408216001418582496996
0.13409574266419971300124
0.13411690911182386209966
0.13413816157700989006862
0.13415933024157281061584
0.13417937536542468013323
0.13419833214342055671686
0.13419160828446538569203
0.13421213796759232095290
0.13417182424464940693198
0.13415196826214059733218
0.13413171028381615235148
0.13411002813551295420602
0.13410267846855281059781
0.13411696148986448906548
0.13412431688307399624271
0.13414540409425038114399
0.13416447124777852728528
0.13418403712759013890476
0.13420493493723217870439
0.13422691609348608166030
0.13421959424690843576400
0.13424077532948419655412
0.13419746072312305207319
0.13417673167750848728375
0.13415745292422620593698
0.13413794726149805280890
0.13413013500635637131886
0.13414280304475975635903
0.13415079422764200622886
0.13416926353514693759372
0.13418906382596965110032
0.13421211169197336254832
0.13423473879210523485028
0.13425406174352036425823
0.13424829573820815098451
0.13426537673864150090886
0.13422696711198636720930
0.13420379204596544209238
0.13418240568838599169332
0.13416271573964341778940
0.13415463652137585293111
0.13416566116813577469458
0.13417526805922402877158
0.13419678822976449650284
0.13421921617854298824923
0.13424096282835815130419
0.13425976693110017179400
0.13427627129035019093450
0.13427000296110655486181
0.13428778427351384383570
0.13425327355750912849963
0.13423415390489595866441
0.13421235989524968323927
0.13418876022748693621622
0.13417783743532252227482
0.13419207103890559706905
0.13420463823450920481939
0.13422692986730389019812
0.13424660589541378974410
0.13426411150861985999150
0.13428164685267923728063
0.13430184368841227571245
0.13429527514113376307492
0.13431755429693723047357
0.13427497770147847622191
0.13425717827130245751732
0.13424044302154647390068
0.13422035474662413756519
0.13420732802688725704421
0.13422146952733077229780
0.13423462075239339652555
0.13425172486795070025956
0.13426754661004022817217
0.13428738838439377434320
0.13431102806306977059947
0.13433310957112964967308
0.13432585814295847082001
0.13434558168629684438145
0.13430249132768995456999
0.13428025014219371890967
0.13426221394471760106626
0.13424570972686572511989
0.13423405733842225240338
0.13424453418235518520341
0.13425553349992502827348
0.13427341126689404382510
0.13429475674100022075663
0.13431840585393090004018
0.13433927521652724856871
0.13433271868957835648573
0.13434997416847396789485
0.13431032525835762125865
0.13428692394042157642886
0.13426616411951791674184
0.13425341188221506794065
0.13426312612844903959797
0.13427949278359041507258
0.13430234533925514139874
0.13432460066815496424475
0.13434392148146623302551
0.13435975837875774319130
0.13435333409105584823173
0.13436991452341320862907
0.13433679192530109669512
0.13431778560425902679931
0.13429465268616735951213
0.13427581160020291006774
0.13429038041754240428993
0.13430984094501477454919
0.13433100832563232840400
0.13434710383288248070066
0.13436308672785310380782
0.13438079710771658192847
0.13437408717552046244492
0.13439099846922328285181
0.13435713128655665804523
0.13434131801236265379984
0.13432357533730118759330
0.13430522254090040967789
0.13431875287253597361925
0.13433503607292260340067
0.13435102597067999363745
0.13436712468127998132417
0.13438445839228521649922
0.13439887724644264399565
0.13439196967705768770429
0.13440604679836243295910
0.13437699881092601827959
0.13436097415412801003853
0.13434518626429231558106
0.13433036534825870678134
0.13433961291692872452863
0.13435486117931577654261
0.13437077964338497992891
0.13438475031457700059612
0.13439847359287712680320
0.13441896459048155443305
0.13441059290063051001596
0.13444192099171031751226
0.13439137893910016452459
0.13437858367882157817341
0.13436361812979533136847
0.13434850614738630403266
0.13435748566898722544671
0.13437136139023814207505
0.13438457500887870943451
0.13440271725980382222509
0.13443355941698781341742
0.13446051909912151711701
0.13445739595407749100708
0.13442452433242976783667
0.13439497910000897107352
0.13437798452261212611702
0.13436540899937535198383
0.13437187097518804579366
0.13438798602173779306312
0.13441646986014466058634
0.13445125358953688432528
0.13443309180860973928162
0.13444201636338423688777
0.13444517060123997720389
0.13440784173391673306242
0.13438077468387335522415
0.13439923357593100416985
0.13443690141279573957434
0.13444692573856800721366
0.13433700022501265936015
0.13444715126590003895224
0.13442861950737855503135
0.13444534189449305894293
0.13436166367098359430976
0.13404325280606244064074
0.13438090974933830645810
0.13423304000098715271783
0.13410654864475998748752
0.13375266682628500491958
