0.07798328536640300456817
0.07784749092669165926317
0.07840175580502971308672
0.07834347612181034870016
0.07853898643000251089674
0.07827155853388002848536
0.07852070613178188662751
0.07856126956692024987383
0.07855596356650111633524
0.07855846750979639248058
0.07849727160078694143674
0.07818826356649996589532
0.07846645117564883531447
0.07854965263324731328254
0.07855429924916461359441
0.07856368225207666089460
0.07855710884909640479012
0.07857568670424629198035
0.07855036060201811554116
0.07854193275241037885959
0.07842652182713027997352
0.07837788540110637858227
0.07853086161134134601802
0.07854674160220762035856
0.07855140825634486512197
0.07856886943355358143837
0.07858918136241470342451
0.07858218793360791099012
0.07856209578638416457519
0.07854669706421243957628
0.07854325107468575206671
0.07851605792919350013115
0.07850306804646059455344
0.07853911794267426360605
0.07854171142484592249566
0.07855549129221459092598
0.07857572232689059854582
0.07859513877687895888613
0.07858836203572147627305
0.07860966158620893984299
0.07856927978361821773845
0.07854937597545191829695
0.07853759885854974531760
0.07853458492713955019227
0.07853468851347002177565
0.07854372794533874546641
0.07856264390764859661953
0.07858199886565199465682
0.07860254057694127105549
0.07862918890245933212224
0.07862078473413641743761
0.07865086807277274494332
0.07859578422186369595082
0.07857631983495011462892
0.07855679472685168918122
0.07853870118977430980767
0.07855172774013383096836
0.07857072027332649699627
0.07858918943429910042298
0.07861310146999110626265
0.07864279350130037871125
0.07867076831526000069150
0.07866325008298039045407
0.07868307351137875105263
0.07863468133865073039779
0.07860602891947417181218
0.07858351855174854072583
0.07856535186402548165407
0.07857855994368544150230
0.07859910078792957388583
0.07862638976631998455336
0.07865590058388788330390
0.07867768601925047289303
0.07868916339206427634778
0.07868429895375954330472
0.07869270331930799944331
0.07867170301078474370371
0.07864856200167096023090
0.07861887919162541260576
0.07859263113378260612318
0.07861165532044243897669
0.07864070961751883082069
0.07866524088492019006758
0.07867976415601266038102
0.07868827889884423554268
0.07870014006856243526933
0.07869387778251124565543
0.07871315632630847269890
0.07868350112973129806271
0.07867510047041775811394
0.07865903687231079466358
0.07863280695064470138256
0.07865244172822188906125
0.07866977555647632069924
0.07867873472362280073966
0.07868848007772212549416
0.07870624658351718649918
0.07873138513727163945166
0.07872292014992551822949
0.07874941615265790284539
0.07869900180566194447529
0.07868325945765770879081
0.07867454049326309817314
0.07866459935223421573447
0.07866057868209451464647
0.07866820031926330392125
0.07867060231497360889286
0.07867800737028475543955
0.07869211727286305746443
0.07871531280450742851240
0.07874203999048492996771
0.07876490963689614099863
0.07875762901952518268978
0.07877590561477246233757
0.07873400862538051936390
0.07870777407719124763030
0.07868612983774196656395
0.07867376925009210431039
0.07867200675801547249399
0.07867629789332643286404
0.07868099756336686956271
0.07870019534850032638662
0.07872612532706114996106
0.07875092624964494247841
0.07877011053686265584783
0.07878504202223329810906
0.07877901934608370904112
0.07879382956501970736163
0.07876380994690652947998
0.07874404520765951320804
0.07871878525120230840617
0.07869375848673672291245
0.07868584757861157852332
0.07870045003337518274567
0.07871169925117393884051
0.07873658187693532983786
0.07875752078163963942892
0.07877358938247884523332
0.07878812083183822645438
0.07880429284955541013868
0.07879768744339078756500
0.07881535282931662056427
0.07878200369526258683983
0.07876792436088644877579
0.07875144592712257640699
0.07873017355117989390934
0.07871871146805548002945
0.07873536189268506846339
0.07874574190057612166349
0.07876210379639414504993
0.07877634187643382801536
0.07879176837927009957596
0.07880905413599775810596
0.07882652112372921793249
0.07882016067843175544105
0.07883753357592857002878
0.07880254790207785742240
0.07878589893368213858960
0.07877126922463681402142
0.07875743136866195093226
0.07874910998365516889841
0.07875886621367864104393
0.07876660174473107400850
0.07878025939267922772569
0.07879669872171862765597
0.07881417378978716747895
0.07883139648018673562024
0.07884905805764022557192
0.07884268259818781598991
0.07886226516841082778697
0.07882509265358941807911
0.07880821166569434987892
0.07879117974682366132289
0.07877566703154260940867
0.07876719543828286651532
0.07877543127183547766457
0.07878589643769394468276
0.07880242732989360676665
0.07881948583587716772314
0.07883681828622848830612
0.07885578343859961369944
0.07887686758227521743869
0.07887001386703690331004
0.07889199195272333930973
0.07884909882773782907606
0.07883075745194365047119
0.07881393648452540701133
0.07879728627396231921409
0.07878531803379659748110
0.07879564989657748819152
0.07880828906018448598569
0.07882480256457224943034
0.07884304384236907881078
0.07886353527620103276430
0.07888523657873069971913
0.07890505727611235586849
0.07889882331265198056602
0.07891551291989344629751
0.07887829982061780875746
0.07885661302861952937082
0.07883685491143029022698
0.07881938270800291357343
0.07880626606561703939580
0.07881652430550734056425
0.07883055780277385682364
0.07884990759332047294272
0.07887156461043871857886
0.07889246408152186806895
0.07890949292616519783472
0.07892294943150097996654
0.07891743209284184101815
0.07890325810678350260119
0.07888559707047798630342
0.07886466591725622976572
0.07884357215752037240097
0.07882750127836157805206
0.07883984554461738458730
0.07885787129947369189509
0.07887886711700674291503
0.07889750968398474839649
0.07891187674194556633811
0.07892458341736460769589
0.07891854733739948890570
0.07893316883285769747225
0.07890597675599825278070
0.07889149928448283000115
0.07887276232768744566037
0.07885358360770039487520
0.07886788351776152783401
0.07888572876087061869210
0.07890056758928197522263
0.07891332387014630966870
0.07892700057062711216371
0.07894476845350366367438
0.07893777475000310350772
0.07895872137329054685217
0.07892096741891149735970
0.07890812983348335918343
0.07889575015009586689274
0.07888055052681816614601
0.07889097897360965172542
0.07890311894937263037519
0.07891514210786813865450
0.07893137553172120679523
0.07895182915332929485253
0.07897320346043988636975
0.07896589980112900253317
0.07898654960431523985864
0.07894459147662447051630
0.07892497388905334032572
0.07891025081252553419198
0.07889879157394875941467
0.07890586314698389003297
0.07891931450837920414276
0.07893763397436967532705
0.07895911918554962549699
0.07897995480284304703478
0.07899821571410384213330
0.07899205930859957980328
0.07900915622244703007127
0.07897335089028913179821
0.07895233303793880441646
0.07893168672590364365327
0.07891454622512705796566
0.07892644955818431395933
0.07894628414827663254183
0.07896702089039853156294
0.07898621721258178296488
0.07900337843721567943067
0.07902045905957666427355
0.07901461710874958799256
0.07903287672456735246662
0.07899751397643256511927
0.07898022416143259116783
0.07896130839333115325473
0.07894069560311674227382
0.07895589235003581951577
0.07897488432263100044395
0.07899193792036185435279
0.07900884612338215928773
0.07902678166855776897837
0.07904554548262877899933
0.07903936398079350333923
0.07905766810860397064697
0.07902054314485827679615
0.07900308342525182159211
0.07898688486755739424083
0.07896966386054564412955
0.07898187148033497528843
0.07899778175415388126179
0.07901446314020739436490
0.07903305429005624826999
0.07905140278444465484764
0.07906850418796419754930
0.07906236823887648201836
0.07907847315435070911782
0.07904501556063858735968
0.07902665651006288149993
0.07900887677255120922215
0.07899261179433555990492
0.07898722162918707379031
0.07899746387637655853364
0.07900344285666840993265
0.07902066379370853432818
0.07903848107661749777808
0.07905610736149043527021
0.07907223824778955578729
0.07908869999038194154029
0.07908238209378241900804
0.07910037878581213655060
0.07906598383315188716125
0.07904950268191861251221
0.07903242391494338936475
0.07901490367582714169359
0.07900871682246378424619
0.07901990630652493130537
0.07902684909728401041473
0.07904356206754656333224
0.07905954605526806233673
0.07907601306413761244052
0.07909371702233605749832
0.07911294557360851187333
0.07910641492570469335277
0.07912617990831366521221
0.07908707244952303816454
0.07906953988286020973408
0.07905396111819837368095
0.07903823146874522365124
0.07903155486549506836269
0.07904191385395011038018
0.07904884425154870553065
0.07906394699932102476669
0.07908055333297898947809
0.07909989802824736460085
0.07911972674685900652758
0.07913811091981015621855
0.07913195457046923175781
0.07914900240165423372929
0.07911317864815074762941
0.07909320732762897820933
0.07907485858847178306075
0.07905849521501336074625
0.07905193559559269000925
0.07906131428241953973401
0.07906942098743172109288
0.07908695960825398718619
0.07910636575771012868330
0.07912572070073166374815
0.07914308139250078588667
0.07915904236615194100590
0.07915294561076298418545
0.07917008375958245469661
0.07913688755009033737320
0.07911941438447965546654
0.07910052050587047800523
0.07908130234835680782979
0.07907199610195775330013
0.07908381400630901114646
0.07909511960336425284712
0.07911363807491314514841
0.07913087403821590648523
0.07914714312752008096297
0.07916391987022082521452
0.07918258627549737416196
0.07917591826373526764371
0.07919564183188075590092
0.07915772145530639014588
0.07914151065089852776779
0.07912583627413924403093
0.07910833013440872474309
0.07909665904043948481128
0.07910903567312231599029
0.07912110280027849495976
0.07913636322744886653080
0.07915168474493093631050
0.07916962757814186013583
0.07918924618460172759615
0.07920835316101140777256
0.07920200802639111581360
0.07921873315567139195448
0.07918275756202766690883
0.07916348492508069878415
0.07914666326387456707359
0.07913155417626267784659
0.07912022341345803511103
0.07913003027723741755750
0.07914184347082316162147
0.07915768409464590815716
0.07917601869708713879792
0.07919573915361452498551
0.07921313328508447493270
0.07920709282982527077444
0.07922211199198896103280
0.07918925538934763752597
0.07917013839818581866226
0.07915215280174460465989
0.07913897080674532624744
0.07914902622374550555939
0.07916417297729883006951
0.07918291049888508126298
0.07920063637259786015754
0.07921646984862856788467
0.07923067816978050792454
0.07922465745925998115151
0.07924029657151092365108
0.07921057214372420607340
0.07919499173738150932245
0.07917673134400934897847
0.07915992521773929091466
0.07917247917436739945707
0.07918898348165442913071
0.07920494367077578201641
0.07921868919078137172285
0.07923406815761364907491
0.07925272247110783097046
0.07924568790903893655830
0.07926672752860082493687
0.07922786056218376893323
0.07921374299637641558380
0.07919950551908100377929
0.07918406638979488820773
0.07919494193575497831272
0.07920854678405395143947
0.07922236175633552701658
0.07923886303934574160124
0.07925972646774935570502
0.07928166533085442835294
0.07927438619275220532678
0.07929442264922412220152
0.07925273631746483637972
0.07923349614022077991304
0.07921745484156077210525
0.07920332669598630082053
0.07921243636158026291127
0.07922768489626508259249
0.07924631729954535741545
0.07926716885440096560522
0.07928781644620666591017
0.07930540791008378054272
0.07929883513937245609338
0.07931448112037670084007
0.07928104028494256660942
0.07926117362784736164460
0.07924028159185976527557
0.07922203628651280915562
0.07923480238409724707438
0.07925474613526349576542
0.07927467636884866220015
0.07929239291719808457870
0.07930867941256843078879
0.07932453190776263263206
0.07931812057326435849713
0.07933503565870299312213
0.07930249680820422586436
0.07928728362957906949937
0.07926904389210187584780
0.07924870554419589929740
0.07926362042443897693023
0.07928177864045830858242
0.07929708380905935161120
0.07931209656490904869042
0.07932922206347027549445
0.07934748998798629715523
0.07934094206601109700028
0.07935893321459557003816
0.07932301220445295286687
0.07930728926249158705630
0.07929224281032314081141
0.07927632613043389397944
0.07928735995119817747678
0.07930207650291241916474
0.07931739479876112608459
0.07933461129072295892062
0.07935322326052350605519
0.07937067865420252554820
0.07936431199063677388583
0.07938153572214708131316
0.07934696023821513621854
0.07932938881290495236609
0.07931221463459803278084
0.07929670802485408453997
0.07930673733779994294402
0.07932347219336537136325
0.07934108829766928216998
0.07935796525709638837842
0.07937560373383606426856
0.07939431459822156311734
0.07938725565729569388917
0.07940810831291979232649
0.07936910480923999033909
0.07935265241429943772200
0.07933542199533631655850
0.07931742565178719062136
0.07931185354983259772066
0.07932334591389969546960
0.07932950460834420347567
0.07934670317329754751778
0.07936308987266053882603
0.07938029148654054956147
0.07940110615382807435214
0.07942321372490378228459
0.07941563731323841857090
0.07943578713458107620760
0.07939357905006420856875
0.07937441858095149738173
0.07935749771985171896471
0.07934092162985349749871
0.07933491732573176580257
0.07934599496251532046998
0.07935211436882108615443
0.07936821609137130473233
0.07938688826854678470824
0.07940818386074180446066
0.07942943037910514536559
0.07944481874904640861246
0.07943900708086261419627
0.07944972057138484367034
0.07942245877723735913989
0.07940174895865639848047
0.07938091535969735157430
0.07936269481433275152504
0.07935630993104385300096
0.07936687947343068483264
0.07937478477840000101740
0.07939489748782080358325
0.07941601184263058499369
0.07943309612951988951668
0.07944492241406553301175
0.07945437606198259283818
0.07944887799111047255174
0.07946220256414786298205
0.07943946907132048984579
0.07942773657997254099783
0.07940974909204154275066
0.07938833554300972483730
0.07937897718938141666811
0.07939259190161680745934
0.07940351534773239239318
0.07942191573159777806534
0.07943473782134569116664
0.07944385406975099095384
0.07945630204463020873629
0.07947686165803080626802
0.07946925950040246988682
0.07949550452185297211294
0.07945018916490780014339
0.07943974726686453546876
0.07943048131655444654697
0.07941660871359546014503
0.07940655670829047108050
0.07941800355363695662625
0.07942625222046582889046
0.07943550274053148840814
0.07944519900051170979705
0.07946227238565187200869
0.07948800460664702527414
0.07951424036014374807646
0.07950671574601143876126
0.07952676739479248857467
0.07948007000221260498485
0.07945647641896738666567
0.07944091564531013949235
0.07943178339127446307977
0.07942587749014040632289
0.07943040357514712102027
0.07943685696697419529322
0.07945058171188884577063
0.07947288344172263874210
0.07949938537566263174750
0.07952119143786520738537
0.07951489224585163440029
0.07952823249774354508190
0.07949243832371699625128
0.07946608098915297624387
0.07944511292627373655328
0.07943510701445181954039
0.07944313386383543285074
0.07945934191501087540122
0.07948506538275723620757
0.07950868443187852907528
0.07952320737889387314290
0.07953078295010074239002
0.07952614001547185507146
0.07953303698968312851481
0.07951849608895640575401
0.07950221420464746724388
0.07947749855528662976667
0.07945717238038856045090
0.07947471556270799264432
0.07949533783217775650964
0.07951325388906724245253
0.07952186231621129197666
0.07952790214211184760540
0.07953864064830688807017
0.07953268305563576667794
0.07954623514149143648222
0.07952357103244835079270
0.07951770223973783635607
0.07950777822950343132202
0.07949215507746001940781
0.07950427608324635297965
0.07951357433903816218645
0.07951939954645828589896
0.07952761257510632120216
0.07954006729432588906903
0.07955388231306206869853
0.07954800274529454096051
0.07956241803660679678956
0.07953480428746030617138
0.07952290348563514910118
0.07951552886797967623078
0.07951046893412735960815
0.07951230717999700770005
0.07951832133556005488551
0.07952949505346736114308
0.07954264401644751958376
0.07955590521047982421887
0.07957810863057750150329
0.07956996427943670291416
0.07960282494791103002907
0.07955021483761247347299
0.07953721704955725446684
0.07952430115820251221859
0.07951473100592736098502
0.07952016073540336960068
0.07953226698647990200453
0.07954483192400302327130
0.07956264385299045838185
0.07959393203185581577852
0.07961252100982992019329
0.07961174474474870532692
0.07958544728847935512128
0.07955598193187933542259
0.07953995910144223691063
0.07952823221322913305187
0.07953595782969742622459
0.07955014850451025409939
0.07957712660881174904226
0.07960844171180390949072
0.07955658871590486069802
0.07957735223195716578459
0.07960285159624465312067
0.07956893821119175036483
0.07954529819259997802661
0.07956155038207511631665
0.07959595196189767074557
0.07959036029619181995542
0.07943359539104681565913
0.07959740119971737970506
0.07958807812823288918569
0.07959949424184399602300
0.07948083227672166073408
0.07908210067340484816789
0.07951848319534397802055
0.07935057033089001898851
0.07919412562800519361783
0.07879990334781421246202
0.07799621890514070454703
0.07786135249062575702794
0.07841473439927054700505
0.07835740453398942761964
0.07855196314603955787259
0.07828579869718357842068
0.07853464439095551863357
0.07857422553268891829426
0.07856988579998162858242
0.07857139874086882525006
0.07851153532479694663326
0.07820271638333495256568
0.07848095218288100860526
0.07856390830264609048683
0.07856819810963334982379
0.07857658976819481555509
0.07857098468490233966754
0.07858857123795695565072
0.07856459913637013625642
0.07855644459406303792282
0.07844126817781237048788
0.07839229995431828967867
0.07854562477048543378544
0.07856125067531297134771
0.07856562994374553798860
0.07858272368894288206764
0.07860204314965119065661
0.07859602057853622147920
0.07857630217922624560334
0.07856120158026243249783
0.07855801298615025518579
0.07853051180944269071826
0.07851693992369734864667
0.07855359050207751103745
0.07855646939001928452662
0.07856999263679748102263
0.07858991372782783702000
0.07860894903952586609819
0.07860253828451944924094
0.07862344912457051859800
0.07858377866474963724386
0.07856413203384030041754
0.07855208539023161851134
0.07854845450319615507428
0.07854855507955724180924
0.07855822968717225684987
0.07857739838170899049352
0.07859649464145442021579
0.07861670240562529388129
0.07864295447644416292565
0.07863493297938639603473
0.07866461188581726216018
0.07861027648538018719471
0.07859107202088209953583
0.07857131279992228545250
0.07855258494727732077045
0.07856563075406922114219
0.07858525549534309262434
0.07860393911743597528119
0.07862759014029545301394
0.07865692831008765095735
0.07868448949839959571939
0.07867737111965053542484
0.07869677007485172126611
0.07864916702200443199278
0.07862077702895954589568
0.07859807051946884892679
0.07857927287438266905628
0.07859249830078256227051
0.07861366949537659798430
0.07864113653883621213314
0.07867038311837137865012
0.07869179272283725878889
0.07870283401495827002581
0.07869838997456618523429
0.07870634754690225554086
0.07868618068995196501714
0.07866330710352173460898
0.07863346524750353117028
0.07860658647555145150942
0.07862562914905485422778
0.07865531353034900530208
0.07867998285631098986936
0.07869423465116347216064
0.07870235333757306939173
0.07871375830852080091038
0.07870793583418815575481
0.07872674889706221534880
0.07869796360861001927045
0.07868983848764780908436
0.07867365782449607658489
0.07864679836260660139580
0.07866645021292296979798
0.07868441205290753470702
0.07869346737956764425981
0.07870293435375860791048
0.07872028957447517460988
0.07874495256607799698045
0.07873694917435103413084
0.07876295846021029445350
0.07871344850382369640052
0.07869798641141002859545
0.07868919067482006701741
0.07867862282443764676554
0.07867434335534936873380
0.07868195103482798768990
0.07868463995930392862466
0.07869267080618889964594
0.07870683904448441681190
0.07872975213319410858759
0.07875605528559569135094
0.07877842625617988148168
0.07877162963373816884083
0.07878939526342287891225
0.07874844040630038510820
0.07872249200904619936825
0.07870080762108284944123
0.07868781988683185013578
0.07868574324701142763683
0.07869002005965744506177
0.07869506185594873914901
0.07871488833777855187446
0.07874083986636373766466
0.07876534982083381597473
0.07878409586291085231480
0.07879850392419762705742
0.07879298920767491276607
0.07880726362998334566523
0.07877822450612567695138
0.07875875627352392494007
0.07873349336318009872304
0.07870783582517423826452
0.07869955678741703819501
0.07871414845767203682936
0.07872579116713658564652
0.07875130501923445491830
0.07877222688093332703119
0.07878799344077593025393
0.07880207514892734188550
0.07881769939464781937755
0.07881162593300183871747
0.07882873170246761096447
0.07879639625677702097217
0.07878262452240765434386
0.07876618345272025367709
0.07874427976525190386869
0.07873240058359851079040
0.07874904219306261277112
0.07875986179039808077196
0.07877685488671483382550
0.07879103634806078337860
0.07880614956641497637069
0.07882297686329546582140
0.07883987182219577560804
0.07883406782779908694714
0.07885085591674018123953
0.07881691766956694378266
0.07880058781079400664904
0.07878603291430798238881
0.07877156271952959198934
0.07876278178972445642714
0.07877253084406644900728
0.07878074489873539143492
0.07879503506911138266400
0.07881138143113544658469
0.07882853164154780822859
0.07884528827683201512855
0.07886235227379544132642
0.07885655866103612188223
0.07887553148513237744055
0.07883943767008712300015
0.07882288824590610865073
0.07880596745775587941285
0.07878982134374108714514
0.07878085460859322874949
0.07878908628901377941833
0.07880006246353421506257
0.07881722737528204514312
0.07883415688851042046892
0.07885115017626062594580
0.07886964362844833820176
0.07889010577710926785944
0.07888385854895413329402
0.07890520183251138741642
0.07886341742297027501696
0.07884542276351171052884
0.07882874814732794555017
0.07881146294034635513270
0.07879897071227874583155
0.07880930232385284506247
0.07882247651732983417805
0.07883962504878665178421
0.07885770326079412362308
0.07887784078986365132735
0.07889906616197965572024
0.07891823859453009348819
0.07891263717980472047753
0.07892866538046461322153
0.07889259132536081964293
0.07887126656112616873706
0.07885168805912667888691
0.07883358060766004760112
0.07881992060222554885573
0.07883018257124876915221
0.07884476662041405015113
0.07886475161247960552480
0.07888621254274924554650
0.07890674083818186024253
0.07892329019072483187180
0.07893607222267846890151
0.07893121211046323637550
0.07891751945019111202928
0.07890023948916773111062
0.07887952090744204669548
0.07885779114355154217897
0.07884116512082194050404
0.07885351727050632364424
0.07887210074073275345441
0.07889373224081683289022
0.07891214606361475480956
0.07892612209158829383870
0.07893834619192587054304
0.07893277564609751939528
0.07894691456447176791666
0.07892060595936992162258
0.07890637353360026307048
0.07888700188167580007459
0.07886726572380059474554
0.07888157826114153281516
0.07889997865997420978257
0.07891545022629142813742
0.07892794550474863113365
0.07894121156515698789491
0.07895849721041982294256
0.07895196849890580292897
0.07897243307763006370248
0.07893558191038166360620
0.07892302067384798780481
0.07891000944241770287402
0.07889425879151028275782
0.07890470431087721892016
0.07891738676967090249104
0.07893004002034205435212
0.07894598332772354010167
0.07896600617549200118450
0.07898689832609680216979
0.07898005986442191428409
0.07900022751285942779198
0.07895919289447859978903
0.07893987870916481519590
0.07892452658415817501325
0.07891253606218844030007
0.07891962685095860186024
0.07893359946681084704512
0.07895254602789066045165
0.07897371386069265697394
0.07899409696907178091152
0.07901187591024246004157
0.07900618281576451962245
0.07902279804299186527494
0.07898793926162256395784
0.07896725258300971161951
0.07894598080118990501841
0.07892832920911051208801
0.07894025199661912350901
0.07896058700626469584183
0.07898194741487107872757
0.07900079913371305107006
0.07901748319476728510402
0.07903408250563966064295
0.07902870292301870935869
0.07904648203680753049127
0.07901208871906033326393
0.07899515670896263552780
0.07897561956447871067688
0.07895451798124410169866
0.07896973544914553944096
0.07898920394915413811798
0.07900687560676081244715
0.07902341326457867909383
0.07904084797240021331710
0.07905913242113728200966
0.07905341040814045650009
0.07907123603702871650345
0.07903510297803775785930
0.07901802612558195271220
0.07900121197419206209300
0.07898352713296401261811
0.07899575434702027498801
0.07901211620169623639498
0.07902941085131749698878
0.07904760688040357585749
0.07906542914568780167084
0.07908205253293398850900
0.07907637439565166903588
0.07909200178200806452544
0.07905956072242832644026
0.07904160839024181040013
0.07902321774432458090232
0.07900651378686193715417
0.07900113407190817449433
0.07901140014078657236585
0.07901736439392278987803
0.07903501134655711857224
0.07905343638130550576459
0.07907064457714482741402
0.07908622357280267745061
0.07910220883461593910368
0.07909634593837505667224
0.07911386756322245916717
0.07908051264160985416307
0.07906446118014608115399
0.07904677789323118208831
0.07902884497289106024986
0.07902267672037860402057
0.07903388910210992768235
0.07904080990695842856564
0.07905792271543601867911
0.07907450739953676699390
0.07909053342220920268524
0.07910765949528870966123
0.07912641393609723405866
0.07912033633007349575639
0.07913962787981364266354
0.07910158486295443269753
0.07908450338013152391969
0.07906832694423494845015
0.07905221127590143781472
0.07904555938978582996235
0.07905593961988503781679
0.07906284321732903741520
0.07907831803184332819523
0.07909551844985727997450
0.07911440248536609487484
0.07913362694621588200317
0.07915153828798378310427
0.07914583269412028831979
0.07916240859745157787408
0.07912767467744402649643
0.07910817376298723280215
0.07908923483747717919634
0.07907251351963907881615
0.07906598132427007652456
0.07907537810065257133374
0.07908345871930076709244
0.07910134157945934718636
0.07912133378116170678851
0.07914020831682377909999
0.07915693691707322010576
0.07917242663945699143735
0.07916677837267430128954
0.07918344601144672312287
0.07915136664215488560004
0.07913438359934646393334
0.07911490738721375926001
0.07909535905107699382821
0.07908607650018337209552
0.07909790971212928012424
0.07910919593519288861572
0.07912802960530886109414
0.07914584319501867526458
0.07916161324095208340346
0.07917773019710683257699
0.07919592680288317643189
0.07918970574860266509187
0.07920896050025565127140
0.07917218200474906986130
0.07915647896857384846481
0.07914023208404531717353
0.07912242643039155143292
0.07911076881349199396709
0.07912315685741114212881
0.07913521885206015182845
0.07915076334646314881738
0.07916665236219952439534
0.07918407885059577933085
0.07920301055238705700834
0.07922164930373314095657
0.07921574910522538592872
0.07923200597569605985182
0.07919719984559589476270
0.07917845165877777924290
0.07916106705258059428321
0.07914568894506189555837
0.07913435337725867324554
0.07914416642651554700816
0.07915599683952045939606
0.07917209140719115578744
0.07919098378396682846869
0.07921017239774931495422
0.07922685105565722973875
0.07922151636080056180678
0.07923580572580071756938
0.07920421827431306516232
0.07918454940770662531246
0.07916632517162423832158
0.07915311133877721283536
0.07916316893906476248599
0.07917836468079042511192
0.07919732544552993136477
0.07921559642958883595831
0.07923088288011014002077
0.07924434724133012919456
0.07923905987284961260908
0.07925394105273204925499
0.07922552888078412958173
0.07920941021854605024188
0.07919094212074151428737
0.07917406743570730431880
0.07918661911914633144693
0.07920321270762127607856
0.07921936511296663596671
0.07923364166311487599703
0.07924846047311684404946
0.07926634292328119113513
0.07926007000101506494438
0.07928032413942413814123
0.07924280807139770510528
0.07922816655541445318711
0.07921375344002905272145
0.07919820183594021567597
0.07920907094799935210805
0.07922281311630857691952
0.07923678765273256541235
0.07925380541328298777959
0.07927409832181719906430
0.07929523783685694937606
0.07928874777125963224655
0.07930797038569342705117
0.07926767409758159188549
0.07924792517850119677458
0.07923173964939560220966
0.07921744237108663266866
0.07922656576663070215893
0.07924198774860623240013
0.07926074926855983249219
0.07928210173702476826207
0.07930216781729362840458
0.07931893070149866054042
0.07931317567014040115225
0.07932797870275369589432
0.07929596726801003969687
0.07927560828712787444061
0.07925460279249971207172
0.07923617914653932614577
0.07924895955073270326086
0.07926908592287053301195
0.07928911373186628419596
0.07930731292666338971831
0.07932300821025743686743
0.07933800421015499426680
0.07933243725326155626476
0.07934848229712465617069
0.07931740937915772449163
0.07930172384672930230298
0.07928340242186586450668
0.07926287609074496309791
0.07927780449910580562456
0.07929615441388257468525
0.07931152604112659543212
0.07932700138670011058561
0.07934352714095711800457
0.07936091140713001645945
0.07935523573589772783343
0.07937232947762874746278
0.07933790892957547080666
0.07932173325722317869246
0.07930663520864857096715
0.07929052262444651055784
0.07930156927320818061045
0.07931648549640817058570
0.07933184055054814942665
0.07934949903059343445655
0.07936750478721282808792
0.07938404969078419193274
0.07937858079214060724738
0.07939488099785210750703
0.07936183888218656390379
0.07934383676484436931364
0.07932664010018362910071
0.07931092886794263718819
0.07932096949532937979477
0.07933791353607863583441
0.07935553849597845599284
0.07937283461570829312670
0.07938985997370033576015
0.07940763431968081431656
0.07940149946016873683252
0.07942140288712480622468
0.07938396406643812019954
0.07936710455787457374477
0.07934987903272944231858
0.07933166838624157446436
0.07932580625559580711492
0.07933727914148143434137
0.07934375897446692416093
0.07936117552584460999032
0.07937754318380077500628
0.07939514000665597037720
0.07941533731943163643141
0.07943648348838740214095
0.07942985544010180976038
0.07944903137580727747746
0.07940841696812891981061
0.07938887347632461732871
0.07937198508402407148843
0.07935518666071340876389
0.07934883141722925969930
0.07935988964950184409997
0.07936638986852494193069
0.07938271809562792713511
0.07940134541495620645879
0.07942301101967551291150
0.07944363516310812278753
0.07945803661028078002104
0.07945319782082051196515
0.07946291153673322449347
0.07943727487738415360408
0.07941620814153713125982
0.07939543197263726481694
0.07937697970032861483070
0.07937018550047572618134
0.07938073735874852376870
0.07938907993386744299524
0.07940942807666753755491
0.07943047269290157141874
0.07944790008319729812669
0.07945909826981563395254
0.07946754034847096359595
0.07946303794631481842714
0.07947534057584000610763
0.07945425913538653461821
0.07944219864757881555128
0.07942429384644851542152
0.07940264080718863193287
0.07939281895810230971211
0.07940641844930440562678
0.07941783113309321129325
0.07943647407024109763363
0.07944920058293082620882
0.07945862967425425249512
0.07947044626116470111832
0.07948997418582075258353
0.07948338901056224703456
0.07950859223253420315913
0.07946495072816996130260
0.07945421023100400492734
0.07944505168124968430554
0.07943093348392936403624
0.07942036946955106924140
0.07943180368039215455411
0.07944058572555551256400
0.07945008383933530038412
0.07945966206239979401360
0.07947702040995627270625
0.07950212037823134458847
0.07952730356770575104175
0.07952081727006472811059
0.07953980512766062327401
0.07949480455529425726446
0.07947094000622613452212
0.07945550731805442468136
0.07944612484602531221611
0.07943966651450254379263
0.07944418210680290193260
0.07945120643690349593324
0.07946518473937147497566
0.07948734906278272227542
0.07951410646127582415588
0.07953527733578576175422
0.07952959923597624491975
0.07954230134850326372487
0.07950690675818707087164
0.07948069588839541677050
0.07945946980692578098804
0.07944887626365096378045
0.07945689653620832682002
0.07947370757104667282622
0.07949969185514151048810
0.07952315454676087136399
0.07953789853163423240190
0.07954483406304878323478
0.07954081353091471684458
0.07954706993176396956358
0.07953296615905494637566
0.07951685157577091656034
0.07949187382202428653333
0.07947093149168631132095
0.07948847343340798010658
0.07950972281298453181453
0.07952790108711717265155
0.07953633169978251149512
0.07954255742275054275048
0.07955265527806906766806
0.07954732055328556095120
0.07956023162532542547520
0.07953803945021810373195
0.07953235767297735236969
0.07952217122438778873494
0.07950591275745547137355
0.07951803435013571341727
0.07952797410098631780695
0.07953406174285153340531
0.07954208013763523765771
0.07955468735000516267153
0.07956786067815152518889
0.07956260487954291971135
0.07957637802375200353211
0.07954927125980967850261
0.07953757210353654127921
0.07952993481529099795146
0.07952422857521108945367
0.07952606859445439380085
0.07953273423361463534409
0.07954417056719030598710
0.07955711057768645455557
0.07957048873644820274897
0.07959205106746874980317
0.07958453008254988414460
0.07961675089946050609679
0.07956468100054987779846
0.07955189939815390798294
0.07953872124481546623809
0.07952849798872428654928
0.07953395017148001677754
0.07954669448092972772191
0.07955952019776302286402
0.07957711069681459858938
0.07960848224353880842052
0.07962642782447744427277
0.07962627737651585546619
0.07959991629554077907649
0.07957067623347782725496
0.07955439369542538496916
0.07954204465295405812597
0.07954979366208120294957
0.07956459096515444695541
0.07959182820150494108713
0.07962291248146562139265
0.07957109004765179627316
0.07959181519639677016009
0.07961756137248574005660
0.07958339001610968688194
0.07955915679476706359186
0.07957543272360041719526
0.07961041430740153912460
0.07960507063007289663137
0.07944827867712769831066
0.07961186890686464123768
0.07960198583428157448338
0.07961342503549902194226
0.07949528413023902728707
0.07909648567880536718100
0.07953242039465424628730
0.07936434744251312511931
0.07920802594842124566554
0.07881358837968173436384
