0.63250907722283356005022
0.63255749434254460172866
0.63268827518205772442172
0.63270085287787791727965
0.63274325214100357595015
0.63270826978077532309896
0.63275410370426166117852
0.63276239258926014752404
0.63277715956702462740679
0.63277978425139758122953
0.63276719479550880276264
0.63271819507644799784885
0.63278068557599986831974
0.63279239267308950989133
0.63279554264711390665354
0.63280216567735347865664
0.63281597523878618805071
0.63282621456899479372993
0.63281019666565141434944
0.63280781038967581775267
0.63279118723910465771354
0.63280387644950542025413
0.63282232111444558508850
0.63282626913500350518405
0.63282978527368671795017
0.63283819711902478122312
0.63284876585738758514310
0.63286002644860150923023
0.63285181295663184286582
0.63284602813629109441251
0.63284268879463834167609
0.63284043549040591702948
0.63286267797533557466494
0.63286292890650674980435
0.63286305181558155652510
0.63286824451228063104224
0.63287427677531260528099
0.63288155763582187862681
0.63289623921925419747225
0.63290320720177017932428
0.63289079220177113516144
0.63288492670453178057244
0.63288311996746693388616
0.63288636989899005325100
0.63290634878890217329683
0.63290402214652374812687
0.63290694515002055009489
0.63291255390926393076256
0.63291799952178062760311
0.63292558559104117321681
0.63293988661146294294468
0.63294817046515394753925
0.63293370630438039459165
0.63292832342681670798612
0.63292539564462280132773
0.63292650508072534343285
0.63294760359085311396399
0.63294657717788282980109
0.63294915518553540589863
0.63295497974967629417620
0.63296190730313384165129
0.63297024497069975801367
0.63298366802274874665102
0.63299115836649344490894
0.63297682084011852587935
0.63297062972903073152509
0.63296760785863892539993
0.63296896606208941093996
0.63299049657079453634623
0.63298925429026264843912
0.63299280172063521199277
0.63299901683757797687946
0.63300508564638324759954
0.63301146014771425551970
0.63302583241234788857810
0.63303185943228801324523
0.63302089131763916718398
0.63301542787225340003232
0.63301160260970545934356
0.63301215418994416506138
0.63303428479946122209299
0.63303414854529105326719
0.63303758911406371456820
0.63304196131271228686899
0.63304677263075637139167
0.63305317865964105816801
0.63306807513067675508012
0.63307562734099320778114
0.63306302103327860564264
0.63305883973237120354582
0.63305623271434152687931
0.63305632753071094942499
0.63307815982741610927320
0.63307727726115514688132
0.63307957601200215425052
0.63308396546264567028572
0.63309030238062513618047
0.63309841697413693495378
0.63311258878845266817592
0.63312064525673983350629
0.63310566629848241682055
0.63310026265942187517766
0.63309777394447008802558
0.63309942301072341663826
0.63310099871372160773575
0.63312224855599519290905
0.63312021315868338700028
0.63311854591704863626234
0.63312174236020257733770
0.63312763718907660859259
0.63313483689394722819799
0.63314206864631072946281
0.63315598249242865946940
0.63316251491846642363015
0.63314965144656254469879
0.63314375288235824612570
0.63313994879521207082007
0.63314110728154493479281
0.63314340074191322038644
0.63316474562841396078738
0.63316249899797627520570
0.63316205446204321116710
0.63316593545809873866403
0.63317109992806219764816
0.63317674116110223003773
0.63318276111568005948271
0.63319720527519829378349
0.63320345485750717529072
0.63319213848529554145017
0.63318770839068083677859
0.63318410109007428054895
0.63318440197389580514908
0.63318626088102747395681
0.63320813350334115288121
0.63320621311688984889088
0.63320568094099405342945
0.63320875042008006872152
0.63321298278607052179012
0.63321826184555718430857
0.63322503467696622525551
0.63323999498311134281892
0.63324709087267283535994
0.63323389686508901874618
0.63322966465174512773473
0.63322672651445255365132
0.63322770074788459204740
0.63322990395668810048591
0.63325107646641543013288
0.63324848844562009464454
0.63324734235518032043899
0.63325043295441385549083
0.63325543128039973872490
0.63326188518843673502801
0.63326917798413029370153
0.63328385179883828204339
0.63329071023810257212716
0.63327724262173989977498
0.63327180761580159629176
0.63326819907888332039647
0.63326913676915763673492
0.63327207932465812145750
0.63329316559986226220502
0.63329002438908010841345
0.63328948593393141752728
0.63329359659798101223060
0.63329890793692622530386
0.63330523573776786872003
0.63331200339752957706452
0.63332635165899420215396
0.63333298154938533208735
0.63332044259774611383307
0.63331541438052829651184
0.63331139104184219768001
0.63331167336445159943281
0.63331458446111033033787
0.63333645568585450469357
0.63333368131590483951499
0.63333333888931786503917
0.63333697249636755621793
0.63334158596275680341847
0.63334751074245765334325
0.63335423313831573643995
0.63336873148943684252998
0.63337573352541642890401
0.63336278222392283776543
0.63335834906954391332334
0.63335496618303643856507
0.63335552976316600304330
0.63335860628297158125832
0.63338021765108909466591
0.63337695414757511080950
0.63337599213357809180280
0.63337964531680279733905
0.63338430815121127270828
0.63339047905665102344841
0.63339740322618964807333
0.63341248304372488320269
0.63341916160302758065370
0.63340603178780985338392
0.63340079400973736678537
0.63339693472293712162013
0.63339779516955785343413
0.63340139709217913033257
0.63342199790288411520578
0.63341825507444615706021
0.63341789375692825192488
0.63342240145190775724160
0.63342775705052734025458
0.63343406863935003414667
0.63344063143711792918111
0.63345538377712373723227
0.63344934379869066720659
0.63344404708594437281022
0.63343920080913895809260
0.63343911979427003355880
0.63344259008137726585375
0.63346350896609004976767
0.63346038542558047446107
0.63346090308065949869842
0.63346578272855713631628
0.63347057877637669154325
0.63347638481473345084538
0.63349171099713430521660
0.63349727524853638449542
0.63348710969833510464611
0.63348273848870562119373
0.63348242531417753298228
0.63348522682845365139315
0.63350755380551404538636
0.63350445069053462621156
0.63350434092172513977914
0.63350834323242877221816
0.63351258129719500988841
0.63351848092826035241387
0.63353384941903012617104
0.63353985948909052883238
0.63352941261722839350057
0.63352560829539883435757
0.63352627933978600260900
0.63352980490866539486916
0.63355155909794891311293
0.63354744637284166053348
0.63354648306194594198359
0.63355060471265001176278
0.63355561966948181762405
0.63356162952939809596131
0.63357725073001014415297
0.63358356401221604947693
0.63357228501008577836728
0.63356753052357051014809
0.63356829525753222132067
0.63357248033621471616783
0.63359293469040023349947
0.63358877155117576673860
0.63358862714961738937802
0.63359371911548545419635
0.63359914843225617619993
0.63360524643807547562346
0.63362075616227231389388
0.63362690678287059142804
0.63361535963002901805652
0.63360997076757308299477
0.63360962624529559850117
0.63361320914835106421492
0.63363390869452906883907
0.63363088085347973876793
0.63363154096664175973785
0.63363687284115111086891
0.63364217840282877070024
0.63364826296599685573341
0.63366355772674809454514
0.63366965645343387159016
0.63365823021616518584409
0.63365288907834804721375
0.63365244729644265575530
0.63365513743388046652427
0.63367675761148900548392
0.63367413804784666897518
0.63367438757586458386584
0.63367974765408063841932
0.63368510995544591324347
0.63369106968666366608289
0.63370669831776405001023
0.63371243677644606417942
0.63370135039737818249961
0.63369592622443682294886
0.63369574025762842595100
0.63369853644524520852599
0.63372009864710254767317
0.63371739642292324035111
0.63371740805273624186356
0.63372294953683994123139
0.63372820786058803310681
0.63373385511350754928372
0.63374977442985325204461
0.63375521577115856430851
0.63374468470422051780133
0.63373923666788156694452
0.63373878579557552104262
0.63374142546826273125760
0.63374216515484804723712
0.63376332556978998145070
0.63376258218417147460855
0.63376028826281272099408
0.63376060799131683776153
0.63376630467586025918791
0.63377129923691100099603
0.63377690910423634118587
0.63379301516108954572815
0.63379861876491372374431
0.63378759942558815509983
0.63378192151623169436903
0.63378161965879442618643
0.63378379195637468690450
0.63378445233864943997304
0.63380570223693699638545
0.63380500118475013859864
0.63380272521304859001390
0.63380303139438098902758
0.63380884650214686093506
0.63381428859248778451274
0.63382029688424801339153
0.63383585167707523488900
0.63384174386531411116152
0.63382998598168138748576
0.63382414901475780943940
0.63382397138882939913174
0.63382615316922119585996
0.63382684553440460373253
0.63384798741442316405426
0.63384716782442795945940
0.63384495566622167661563
0.63384523001913761763859
0.63385139836462334184120
0.63385720338845996657540
0.63386293970236595729517
0.63387864666790638690230
0.63388401604427202506997
0.63387307643628887365850
0.63386658105500859328174
0.63386614411672259628006
0.63386804320736778173284
0.63386909066976449000919
0.63388997142543834772965
0.63388920395505110594314
0.63388734802622714870068
0.63388801356211932347406
0.63389445320545922957223
0.63390008403429087824321
0.63390523058492653785123
0.63392130269981805668067
0.63392663699356566198162
0.63391571872636376383525
0.63390949710888089274619
0.63390882903372680612364
0.63391019323394881546108
0.63391081987023656374447
0.63393167334466593576536
0.63393133965842674015789
0.63393015230813087868000
0.63393080061318307638629
0.63393714635190256956321
0.63394269902027300389591
0.63394821729572636836991
0.63396432234322741550159
0.63396993483861985296812
0.63395845321060484423015
0.63395190867045347893338
0.63395137628252218320313
0.63395244864768351966688
0.63395276306300063495769
0.63397364737139771939667
0.63397362215429986509463
0.63397250143831995750077
0.63397301361017155407751
0.63397981496678734725236
0.63398589602515420526885
0.63399139696709883029513
0.63400734903063216130192
0.63401249551660188163993
0.63400115239746357431727
0.63399410782612919401657
0.63399357629457686602592
0.63399452172717907227906
0.63399484446288290051541
0.63401591074443830464702
0.63401554564235151900675
0.63401472693481819575823
0.63401542137335353821470
0.63402238183686965289354
0.63402839986020909091025
0.63404363385880357917301
0.63404938451811920785417
0.63403668175624527947321
0.63403583539079211295331
0.63403665901781824931760
0.63403690282544133971498
0.63405786318076229335361
0.63405759274975370676231
0.63405712197490959880497
0.63405783246219260540499
0.63406476098585806688845
0.63407050301299372474517
0.63408574553702079512618
0.63409199890832990131884
0.63407890500855290660809
0.63407828407043276275346
0.63407877123479161607378
0.63407875725089979379590
0.63409970788429703691946
0.63409958319436998674945
0.63409930121408741854339
0.63409988546971896017368
0.63410710461624208988951
0.63411378729296097311874
0.63412861701502720723767
0.63413550667622764489550
0.63412098276949036002037
0.63412022233376197366539
0.63412020109347699836633
0.63412044362025354882206
0.63414094604921111830720
0.63414086827403925994417
0.63414091174776421322434
0.63414213484404025056307
0.63415028932139871908902
0.63415707188070447042350
0.63417139462769378521756
0.63417797164297884382478
0.63416337476396578143323
0.63416198061202777580547
0.63416165507174393489720
0.63416172046633523251558
0.63418228650133057211491
0.63418250025020006521714
0.63418315728048901824820
0.63418447460579141505832
0.63419220091818162554631
0.63419845323084711452566
0.63421285095142232446364
0.63421902475329117176983
0.63420547424661799507106
0.63420434398860237035223
0.63420350129352165424734
0.63420313485084123250601
0.63422408541642705248620
0.63422451250092048979923
0.63422515036907234353691
0.63422607018164323111620
0.63423347583008660155457
0.63424005114811876637759
0.63425467702870808039961
0.63426167545692146987335
0.63424690579177667171251
0.63424597693304252121749
0.63424537545534920290891
0.63424504253717084445441
0.63426579381272785163048
0.63426597144801022398752
0.63426665575860563528465
0.63426793433889117057589
0.63427624191875764392279
0.63428378107204730351754
0.63429813522985267759680
0.63430562540413781835724
0.63428932757089773186721
0.63428766321100671365940
0.63428661286700527277560
0.63428647535832860526739
0.63430687452745682097799
0.63430734614278583283209
0.63430881422669760372202
0.63431090518874544414984
0.63431974842285843152467
0.63432701988400475023866
0.63434077632318797146382
0.63434771296163638965027
0.63433249375351974386206
0.63433026487555721484313
0.63432833725834036897595
0.63432750846308849634880
0.63434848610478300479087
0.63434955408039150892563
0.63435147961267013272391
0.63435313105835433589164
0.63436141421756653269171
0.63436817352968799532675
0.63438160463440940173285
0.63438884015743257638320
0.63437367354280282949475
0.63437211519777214618898
0.63437072229953317403783
0.63436958947872212899455
0.63437069614741814493897
0.63439186620921561576836
0.63439048902592776180143
0.63439128314482218229386
0.63439257350892475084692
0.63439387673991254334993
0.63440219018123011895938
0.63440975956507628108483
0.63442327530344344577173
0.63443109450140555694020
0.63441440947235661074188
0.63441271835176149540558
0.63441142690619845012634
0.63441090028279134571676
0.63441225518698052265876
0.63443255074332094434197
0.63443075516159208593336
0.63443114005820344658559
0.63443301103364058146639
0.63443554627559595182618
0.63444477909753416167149
0.63445236527840465079464
0.63446610525051638784788
0.63447329800527363374840
0.63445698505965975044774
0.63445398508600825415726
0.63445153222997774378200
0.63445058600205117560478
0.63445250344765469208141
0.63447247620652036381728
0.63447068382424454124902
0.63447243351703697111788
0.63447534474161959572314
0.63447819473567479420240
0.63448697091489858479463
0.63449394628547128860419
0.63450730825600576423540
0.63451442582537731507131
0.63449910391512132079583
0.63449673547188689681775
0.63449378916827048335847
0.63449157468996963959995
0.63449312079404629471924
0.63451466229882891312286
0.63451318651034105400299
0.63451510310702408101946
0.63451746210635506795228
0.63451941752663953977276
0.63452760500970462054227
0.63453529020314447528506
0.63454823333942200758173
0.63455648646574458471292
0.63453944770867665159386
0.63453777073282735532445
0.63453611679237120757335
0.63453471824012552815475
0.63453647186472872387952
0.63455781158793356233616
0.63455572073923338649593
0.63455629533327073676929
0.63455761089506979022445
0.63455999980715382946528
0.63456940808249107099925
0.63457778959814559183172
0.63459081194537203529649
0.63459863173356978460760
0.63458106385743984212411
0.63457801578213357540648
0.63457598229866896133444
0.63457555754831063143939
0.63457828238573033008407
0.63459774978085736751865
0.63459468016222386754777
0.63459552889992509872030
0.63459872792298221977347
0.63460251914642562542923
0.63461168393708999868608
0.63462328485916208453688
0.63463178775547124388368
0.63461952463329329710007
0.63461572776939223494708
0.63461385157199856621446
0.63461664433943076879530
0.63463598323878656071173
0.63463393349128693898820
0.63463623381219080865634
0.63464031366435291747763
0.63464320661841711057605
0.63465116394075626882199
0.63466258909877348859396
0.63467037275100235405034
0.63466024462731007727001
0.63465723779902749601689
0.63465466900430311802950
0.63465657903750616330996
0.63467789609040514697824
0.63467594999864485050267
0.63467776543665810340400
0.63467984384136533204668
0.63468181878570539833362
0.63469000114787943456207
0.63470177518083903400736
0.63471017120865336202939
0.63469946788607400911530
0.63469766458686827093061
0.63469679830790814989427
0.63469939254661300598315
0.63472003141591426533807
0.63471691293408716294522
0.63471733939136720792362
0.63471949276763994785000
0.63472247418615701519684
0.63473076769467595692475
0.63474305687408760778823
0.63475126000255044367293
0.63473996792257303400930
0.63473702011530086508628
0.63473621148394643309842
0.63473947161995414312230
0.63475816316709443576372
0.63475524996884757911175
0.63475685168840412231361
0.63476014859481733054736
0.63476320495591009862579
0.63477242255597188247407
0.63478332947094362470608
0.63479410930320911976565
0.63477951535110865854961
0.63477641665488582223276
0.63477457737594333853082
0.63477722506704137295230
0.63479718918130922933329
0.63479428335774046310291
0.63479535121196506430863
0.63479869082996165374766
0.63480415225402453405223
0.63481358504186613522791
0.63482502040500654594268
0.63481942340233266097727
0.63481470051165900247980
0.63481401322440367263056
0.63481767353770512940514
0.63483741096440793327815
0.63483361472551058657388
0.63483596206334036438079
0.63484168998235490644078
0.63483769040674431494153
0.63485859668921051923718
0.63485902132257665542170
0.63485415920218823959686
0.63485557046130314251542
0.63487348423325917767812
0.63487630830559438344096
0.63487798857086386039583
0.63487353302714710778787
0.63489574314143959465895
0.63489402687160012561662
0.63491612005996611589609
0.63489599699035204061204
0.63483653198976652820562
0.63492422035043127870324
0.63490337695964749187283
0.63486915084295603151077
0.63473684214262615643776
0.63261397897219651120793
0.63267012787326559752898
0.63279301012342004106870
0.63281333853336030337289
0.63284779802044954788443
0.63282338015017036703114
0.63286642424859118616354
0.63286674484992611056100
0.63288930470631810099036
0.63288394385816082454710
0.63288217477656560916444
0.63283515074588159166069
0.63289762670445315340118
0.63290723567348183831172
0.63290750513614668637530
0.63290613104986392922768
0.63292775187158767380424
0.63292998291314561676302
0.63292490381471455673790
0.63292473142855676382368
0.63291016942251376864448
0.63292025600668788687386
0.63294128650822634174489
0.63294316411798112742559
0.63294435872330556680510
0.63294978711864990916780
0.63295233690834751261178
0.63297142733954425697362
0.63296625160145569832792
0.63296289012616746560980
0.63296162918904896876882
0.63295693393198049214732
0.63297450788472231497650
0.63297954778911058593138
0.63298196657763861061596
0.63298507197846065608360
0.63298857889099280349399
0.63299276373827950692430
0.63301040489108695297205
0.63301421359921139497828
0.63300758347519114899171
0.63300381860905496900216
0.63299985742476294614534
0.63299814056876302359456
0.63301809859063440377724
0.63302087691394115509524
0.63302580835086519339683
0.63302930528862155767911
0.63303203240258898443216
0.63303639154541835321055
0.63305378762131536696245
0.63305877469773930155128
0.63305041281358265248258
0.63304715153005330918745
0.63304236650354306359390
0.63303839127538930053873
0.63305963012277399748484
0.63306366937217395385318
0.63306794757295414832754
0.63307163554212408929089
0.63307567225413163836123
0.63308064299901478655386
0.63309729647339618718860
0.63310134472375989567183
0.63309342459779049949731
0.63308938802965897263419
0.63308481973844166201815
0.63308112193468868422741
0.63310277714051688136010
0.63310658176024936505399
0.63311152265760528567995
0.63311556787476441776619
0.63311858177385904600243
0.63312143283468769183742
0.63313919654139305670526
0.63314161838045990293722
0.63313738391458329601846
0.63313410613208842558919
0.63312904438891937086709
0.63312455530212774501564
0.63314681149762719325480
0.63315170563882783305587
0.63315622117599423823719
0.63315838804805868456071
0.63316000138397043883742
0.63316272189481415111345
0.63318116781084787803024
0.63318494988735429807036
0.63317938161746079028802
0.63317742909321561572966
0.63317390365329129231498
0.63316896943306733014367
0.63319091491789791792399
0.63319506112776047235258
0.63319812064066161028109
0.63320025653302836055047
0.63320326011169703050996
0.63320751597997615434110
0.63322541424969958079316
0.63322952113493491399510
0.63322188484454733359286
0.63321875846318531610990
0.63321566462216505311034
0.63321228508014870683951
0.63321178389131471675455
0.63323291438621254201280
0.63323318438080722359018
0.63323654193223288810799
0.63324018715121965783510
0.63324377641706552921619
0.63324752852257437663042
0.63325072029569062781462
0.63326853755790524225233
0.63327093813876644823324
0.63326570643544211058895
0.63326214734350316781786
0.63325805205594931646118
0.63325418223231300096643
0.63325395041606347135144
0.63327517773365782360884
0.63327567727552935838986
0.63328026307924789595205
0.63328427917882790243453
0.63328706790211053423434
0.63328915918859207678793
0.63329095223622622334858
0.63330948991900370970143
0.63331141374365262919355
0.63330801889949295269133
0.63330600131549097397965
0.63330240754249556012212
0.63329767079337717650134
0.63329657907286063256436
0.63331834825983812642392
0.63331957728532040086122
0.63332408555996444476932
0.63332698710967760824531
0.63332876821508876652445
0.63333041232614117888033
0.63333276176463182416398
0.63335200850457173959995
0.63335458426322843727974
0.63334958134524577122448
0.63334784189272264054438
0.63334522837266893358077
0.63334115715489969211660
0.63334002205122219564259
0.63336110406288059770930
0.63336203612117203398668
0.63336594108845856165857
0.63336855570695249628699
0.63337101393743400201686
0.63337375976780763142671
0.63337643355293060665190
0.63339558933393313999716
0.63339772667679272721841
0.63339272167892324283400
0.63338987504946608897427
0.63338688921171104606600
0.63338276344875088508246
0.63338202304975743661686
0.63340304167102134957901
0.63340373649061065819410
0.63340826287197948829544
0.63341160234433480091809
0.63341427816910211845425
0.63341683777056656534654
0.63341878189651990016529
0.63343781505629381811673
0.63343952164156458461974
0.63343569763847995535144
0.63343335770091202530097
0.63343025235699335073747
0.63342546597006621489356
0.63342440872471905688457
0.63344623887197748501876
0.63344755725983614702557
0.63345228648935569815137
0.63345485853965410871780
0.63345672225729565685270
0.63345883185924678482337
0.63346053127534207582983
0.63347991171091322382125
0.63348178757071804678702
0.63347779764491241039082
0.63347617611262307946163
0.63347399382307034709783
0.63346947870853442807970
0.63346836071962608905039
0.63348995942669938941094
0.63349097775981566549319
0.63349509427629169255880
0.63349741061540132402996
0.63349920136052884078737
0.63350152041017349091589
0.63350321405763965199043
0.63352338295837751225292
0.63352473042149015647340
0.63352079494539503823347
0.63351849570159846081197
0.63351610827199134057253
0.63351189039993260898598
0.63351114470914604570595
0.63353176476615158385641
0.63353242553833000183516
0.63353713885108697834170
0.63354003986990847785421
0.63354238512264571259180
0.63354482407009393707398
0.63354595576244110421982
0.63356599334506669141120
0.63356383635883195548644
0.63356162431767903964186
0.63355851571849131076419
0.63355335686783476045747
0.63355239004334340524593
0.63357335871077302691390
0.63357468961170282373274
0.63358028196932869580138
0.63358329775493460456204
0.63358493427916262596966
0.63358684962845557286926
0.63360592385000791271210
0.63360759490740981014767
0.63360455845841967548182
0.63360217566029708446962
0.63359679311508165788780
0.63359514467370359191989
0.63361755701732580536856
0.63361888674984334635099
0.63362383578317893473297
0.63362572423217100592296
0.63362664671098434254759
0.63362865185199312989539
0.63364776468349348625964
0.63364987784182169594516
0.63364672881450068153697
0.63364516157062311663140
0.63364078022855496730159
0.63363990291665894805107
0.63366178344312162895591
0.63366200887270396346906
0.63366608643489119589987
0.63366785561447591668127
0.63366938434177277894577
0.63367149638837039216099
0.63369086295176180190225
0.63369328008977088284581
0.63368946910883650058821
0.63368717842100463766286
0.63368291501012452560104
0.63368285119027978335993
0.63370345351520673826684
0.63370345559751417585659
0.63370831790251314075135
0.63371083151242202369247
0.63371260078213320632301
0.63371480801172341834615
0.63373404533342181377265
0.63373630956282767101584
0.63373240434451616476252
0.63372970338279632773748
0.63372436927408570817022
0.63372387414359765411831
0.63374471680033139797672
0.63374567700705719541787
0.63375131138219764626029
0.63375385072000733899245
0.63375530478453390159643
0.63375750644472295114440
0.63377651991835726175140
0.63377874106380283070195
0.63377513772693305771355
0.63377269183942364083606
0.63376729222415595366158
0.63376608931136457769639
0.63378785821623206953035
0.63378903501323546887392
0.63379421786072831501713
0.63379658140053196646591
0.63379790215470599434866
0.63379999319896795917373
0.63381931704012761663591
0.63382119488082155900344
0.63381811222662276517070
0.63381578389204329404549
0.63381068368949111668798
0.63380978338265714366884
0.63383148938404376693256
0.63383238681667852798540
0.63383729270954725087961
0.63383963878059412788701
0.63384065239575981820508
0.63384244501824194006900
0.63386204523478917316481
0.63386363762615682837520
0.63386130073193791556463
0.63385914038649870949627
0.63385381625665881966114
0.63385295825552467885444
0.63385378953098103771424
0.63387513030294617699667
0.63387426018813775030480
0.63387535824794449812458
0.63388052528399596585729
0.63388284461965260785377
0.63388339287424677603866
0.63388516212181666986680
0.63390492611383819632209
0.63390669872011284891045
0.63390406134249643876899
0.63390185171417157139473
0.63389672792396833944650
0.63389561598783517037958
0.63389643445741739036237
0.63391785591337113103805
0.63391696855545964783829
0.63391787456633763575553
0.63392297316601176060402
0.63392522982052157409782
0.63392601599526943179086
0.63392819981547321450677
0.63394739613950901180317
0.63394946905227544942107
0.63394629322797524384470
0.63394409688605835029307
0.63393915096967101696634
0.63393826048947699014491
0.63393916068056044288426
0.63396046192333810331832
0.63395941743902095577567
0.63396016625445883452272
0.63396517815373698567782
0.63396762692483743517613
0.63396856295806947034777
0.63397048723106586010090
0.63398981596286174688970
0.63399138278173816640759
0.63398922193818918469077
0.63398652461341931108052
0.63398138447173124632172
0.63398043786981472802466
0.63398171473731002034668
0.63400273087370939695262
0.63400174257863495252963
0.63400262046752964284480
0.63400795394210018862680
0.63401051681479125843310
0.63401106045518806908490
0.63401241174032541003669
0.63403208669524191432032
0.63403363049517158511748
0.63403170157019106412122
0.63402943132049527363847
0.63402412497046778394605
0.63402287074596830329654
0.63402370071391733752364
0.63404466373921097854804
0.63404415856899876136055
0.63404547026073621029951
0.63405072102319759430600
0.63405304616418289853641
0.63405329173694846556231
0.63405502361097199059969
0.63407471917549484974330
0.63407655222597736344170
0.63407426484528606192015
0.63407181023047010093308
0.63406671460300456644177
0.63406541245954761709669
0.63406585161787420990009
0.63408681340336470189101
0.63408672980520319750752
0.63408786277605577730299
0.63409289814320424216731
0.63409553879455426983469
0.63409609296015434498628
0.63409782055732122341141
0.63411734551496179435048
0.63411872203936059388951
0.63411678894998591005105
0.63411397139712444293025
0.63410895585001103569311
0.63410776811939162378451
0.63410806863531543609014
0.63412917421142511731347
0.63412893008049608933874
0.63413012250053424345708
0.63413525681117099974671
0.63413793093673831435808
0.63413819798075865552534
0.63415909251755586684141
0.63415898145584459477675
0.63415648355708620353965
0.63415124625171470640339
0.63415018466647066208708
0.63415019235405423181362
0.63417115954807357081080
0.63417125975615673549868
0.63417254962411118146548
0.63417759839712839475823
0.63418012579261739958270
0.63417989438101440846651
0.63420101725279920401590
0.63420118393117208555054
0.63419863332590298288238
0.63419372625639391927166
0.63419257674962059567747
0.63419203776644073045077
0.63421295597409277355894
0.63421352256595742158396
0.63421475643294178414777
0.63421957134510564824126
0.63422228570603045305631
0.63422276668929866705327
0.63424370331782409238031
0.63424427981247843977286
0.63424061904776596332312
0.63423568547772524173212
0.63423427872606108479658
0.63423364281420246957310
0.63425408183913389859043
0.63425508399636765233254
0.63425638480555202036726
0.63426171741112047364197
0.63426527726121384453961
0.63426563542090819147745
0.63428628292638755681310
0.63428632319331212929825
0.63428290363601402823690
0.63427746642917648411952
0.63427600959755980891686
0.63427474119855531409229
0.63429540782824311850874
0.63429698820975966011559
0.63429865171919541655399
0.63430394650744081896931
0.63430699187223704704763
0.63430659378394460556905
0.63432754299916693785377
0.63432695486583134947267
0.63432488200661896193822
0.63431984216839609747041
0.63431812169290580083469
0.63431635389995066898194
0.63433740447514819216224
0.63433926452081990099430
0.63434065429336439212449
0.63434540894261637333784
0.63434806354865469479876
0.63434776903267620085103
0.63436915803666182878118
0.63436917757931121641946
0.63436617378505433251235
0.63436148911507994618830
0.63436026050465454950711
0.63435845254301514994921
0.63437929444018792413118
0.63438097972586038331144
0.63438217354740122910783
0.63438712987166667733874
0.63439061802884588736617
0.63439106847314763459877
0.63441240718717839541796
0.63441269995232962841669
0.63440844598339296567246
0.63440318405328022244305
0.63440174270871907413749
0.63440006085973332794481
0.63442055050212209366123
0.63442259820358060107282
0.63442433825753452580898
0.63442993839662753519093
0.63443390952318590159109
0.63443388059301819570379
0.63445482355305860000527
0.63445435668546201757323
0.63445143976733830992742
0.63444579293820024812334
0.63444371013798350755764
0.63444126689146695952104
0.63446232441921091016468
0.63446504141539683541140
0.63446701246360170944882
0.63447199022447264837865
0.63447534853316045477811
0.63447459934867178610318
0.63449542647422574326299
0.63449505005089368303572
0.63449243913106190273510
0.63448765052072897407953
0.63448632158619522325438
0.63448350083286320089115
0.63448229592160365619691
0.63450329775950886634917
0.63450447979952651067492
0.63450699219791617533559
0.63450810669368329364204
0.63451254357220732149614
0.63451589489151705159031
0.63451575457419595593933
0.63453685882485688640742
0.63453687246672740851494
0.63453297556909682430870
0.63452825138256774284429
0.63452724389173575936240
0.63452496359641263889984
0.63452352104308373803576
0.63454364946815600134755
0.63454488964875321865833
0.63454706203012800624919
0.63454854759750312087618
0.63455400855011345750967
0.63455824016804029952254
0.63455792409028521916525
0.63457944428197343711417
0.63457863900342481588979
0.63457534170717377897120
0.63456952011466161156505
0.63456755614403070886453
0.63456478388529047318656
0.63456343838557027758895
0.63458325849315577737997
0.63458495001702264204368
0.63458855250477896881023
0.63459087623614407469574
0.63459644246385982224723
0.63460018637111104133908
0.63459907148669947307695
0.63462039471279785285418
0.63461933425532157659887
0.63461723511489587234990
0.63461226353234490016320
0.63461000353419039221592
0.63460590593282872884373
0.63460376097123583072346
0.63462516561668480541414
0.63462758386554729561624
0.63463141208997386755186
0.63463298930078737569715
0.63463743050098420095395
0.63464055883475367636493
0.63463997928225612810138
0.63466105498654401539937
0.63466095638117725474814
0.63465734284934527398292
0.63465329595287378605661
0.63465251316661730474067
0.63464917240703189182938
0.63464684938280346848671
0.63466807595402741082324
0.63467023458076654574000
0.63467277380038200629286
0.63467313257636226442315
0.63467777272955450129643
0.63468209720465407208678
0.63468204285105589423921
0.63470336463598320264623
0.63470266871249625406648
0.63469870675843165219732
0.63469352898670583495999
0.63469254090329685347172
0.63469013049767464273998
0.63468845066901125040459
0.63470783133824748567520
0.63470931328046098496287
0.63471216760972137826968
0.63471423728586662260653
0.63472002993885179300548
0.63472409513429794980510
0.63474066407938378731046
0.63474405652372078989742
0.63473503182519774856729
0.63473244224130065394007
0.63472853544285801064007
0.63472664849263948916303
0.63474592708843968758003
0.63474867054078798478400
0.63475301658628102696724
0.63475581444771222994206
0.63476045085217913666042
0.63476329099681827461410
0.63477969183942850595059
0.63478235501588109457316
0.63477573443288826116060
0.63477408625097642147495
0.63476946033567971383604
0.63476647859465040735216
0.63478776516460877488157
0.63479079696872653393314
0.63479467987560123098945
0.63479532684916462059732
0.63479877695421549343990
0.63480183286516578267111
0.63481858808350710710044
0.63482185101440147256824
0.63481494426632456562487
0.63481464189533431952128
0.63481169505585521850577
0.63480923971831226815254
0.63482987010351810130970
0.63483185897153349142030
0.63483437181050039743724
0.63483496009823403571914
0.63483914086717474489774
0.63484229581757478655391
0.63485957269296433569394
0.63486263314661017798102
0.63485542383020954204653
0.63485410226422889223841
0.63485120756147295217886
0.63484931608665695623728
0.63486802247862772485831
0.63487030094262919543979
0.63487398282509688307584
0.63487559351672462337746
0.63487956443859161481669
0.63488363745890263878380
0.63489953068583238060540
0.63490516201711866273172
0.63489494962689208001905
0.63489359457169192157977
0.63488968058505024227856
0.63488712878616260226750
0.63490726809542397113262
0.63490943773365460245373
0.63491256869793855077688
0.63491411598621771972262
0.63492019794378473651619
0.63492447503115045925881
0.63494090375053846564413
0.63493483652066862177321
0.63493195324303675075583
0.63492921670892743524206
0.63492792845156087455649
0.63494784531715631192839
0.63494886978372111485669
0.63495324573453593153260
0.63495708786080262697737
0.63495340661447707830689
0.63497398042769248593942
0.63497633661683494654682
0.63496946533453835215255
0.63496617672274480170813
0.63498426046261102762003
0.63499166339857837648708
0.63499533020535081639935
0.63499088919953128318241
0.63501114241851086550383
0.63500497210429773797813
0.63502723737466959530451
0.63501143888903210932284
0.63495200838239329588220
0.63503550340728220913178
0.63501361091219854504430
0.63498058429300230365300
0.63484707554015396002711
