0.20893360373636038485046
0.20890690919946963699516
0.20927251029847038221732
0.20925100305485616614121
0.20937111084453016718321
0.20922309388882900926809
0.20935838334291551054989
0.20938777546591469391757
0.20937965261919419535097
0.20939362296704039367867
0.20934380523547507779725
0.20918963852831778948982
0.20932654672731690337351
0.20937146489696734086294
0.20938695636198104144121
0.20940948647437715446351
0.20940158781332271487052
0.20943065784555395247857
0.20938054290596216922005
0.20936396509251140041208
0.20930651708070371896930
0.20928359955559738825315
0.20935505091158387869221
0.20937573267674824961659
0.20939521178498424203163
0.20942226481519934933040
0.20945030509600681689619
0.20944170565168801489975
0.20941489376530136867771
0.20938902268556383590159
0.20937009940400450047626
0.20934599956902028017325
0.20934010871135888542938
0.20936544050169605957201
0.20938289514019936543576
0.20940740085818282389951
0.20943333429140653656475
0.20945869825738955283256
0.20945024093886147054100
0.20947466477888115887751
0.20942571957879910216072
0.20940022717888445713541
0.20937810303553658353160
0.20936190755802266960650
0.20937422417453183109970
0.20939378283888315790406
0.20941837147548628128568
0.20944283050825568404107
0.20946662000317142759975
0.20949358826186148530013
0.20948552304711742788612
0.20951376464936943833095
0.20945947376873300105338
0.20943541505150817250147
0.20941153825116878839374
0.20938880825155090081857
0.20940647499935494124657
0.20942916393533128616156
0.20945206826837931002316
0.20947765328315984256768
0.20950584047949888377715
0.20953412580620378591334
0.20952565188913660487735
0.20955108457122934018102
0.20949800610883070883794
0.20947071629169183859531
0.20944621467253923818852
0.20942383558096996920561
0.20944155365056205120311
0.20946418304815145328135
0.20949066900473334307264
0.20951834111461806187116
0.20954362212819013788767
0.20956553693340471133943
0.20955833836526591151816
0.20957963413881749992207
0.20953648601543767293620
0.20951080213966247201007
0.20948391266969434987288
0.20945907166148175493348
0.20947858767985177985693
0.20950359540607951802649
0.20952894893717768920460
0.20955121406039239895236
0.20957251449066779946939
0.20959511472284897415364
0.20958715743126446473532
0.20961335841925710088418
0.20956523274338062501343
0.20954428547519149406142
0.20952235750018258220173
0.20949774950310190435587
0.20951624301042445774890
0.20953796513292996528399
0.20955867778694553527075
0.20957999040660815759374
0.20960514764200108284165
0.20963269895710864854088
0.20962432733673713736167
0.20965170417381559508918
0.20959786970359725599700
0.20957333563928309816404
0.20955234024331839681743
0.20953279406075972501888
0.20952671905742403790640
0.20954170628997348391209
0.20954768942930518393908
0.20956721129558936178583
0.20959028644541524699640
0.20961673840200764629138
0.20964414851858478860969
0.20966905178204842119527
0.20966083234618737574095
0.20968408080326003672944
0.20963578700326249149022
0.20960927678323046374764
0.20958393509694644984975
0.20956276211556446043005
0.20955612528150383000458
0.20957110170584081210166
0.20957890632661368979228
0.20960260351401485690026
0.20962816578336340711530
0.20965316776786438457414
0.20967610969851638302863
0.20969818890976235636892
0.20969026132069445989003
0.20971311837098430275184
0.20966852983397168963542
0.20964605061271351926777
0.20962096333216620469564
0.20959686892740966857041
0.20958701702751406092951
0.20960462916510405606552
0.20961523011525468040972
0.20963844724311053724364
0.20966107869648820116737
0.20968347887380875405050
0.20970562483266630415812
0.20972997584044927865676
0.20972258242223071333932
0.20974776932474861745881
0.20969791025014494767476
0.20967598681476612432206
0.20965432085542973217329
0.20963296472536152581512
0.20962207648485128852478
0.20963802689427293857172
0.20964885594947763047813
0.20966935807741013397809
0.20969096745040038953789
0.20971476320406984283906
0.20973975767515290469234
0.20976569682845319642084
0.20975768174775566432544
0.20978196375021651576276
0.20973247045907777996732
0.20970788917250579586060
0.20968468596947706372724
0.20966409570443628185288
0.20965314794164618961148
0.20966784404614116632537
0.20967959997323135090674
0.20970133151168882101878
0.20972557411520723058551
0.20975042589632245104703
0.20977443997397779429370
0.20979816087311115024860
0.20979045803581231055546
0.20981388350873059200907
0.20976705783035015651095
0.20974327611933318848969
0.20971905068261112448091
0.20969634021610039642525
0.20968313708779456883136
0.20969907132311155217863
0.20971418263001992410288
0.20973663818469800990130
0.20975976596153483866303
0.20978267924169463620743
0.20980618949706855702608
0.20983035540286695819212
0.20982194462305353566123
0.20984754061468141594915
0.20979794775766630321456
0.20977544925376598317079
0.20975347156324045116982
0.20973112474672311877910
0.20971613788493478902630
0.20973215625802235639874
0.20974775133601686327722
0.20976823604517880195175
0.20979108176756927628404
0.20981444156091363928418
0.20983927097423779595253
0.20986439141207924308219
0.20985711514527319310197
0.20988192125867294324237
0.20983183921546888495158
0.20980662556443624433555
0.20978379150921597218193
0.20976284021193600248800
0.20974747164698107071423
0.20976181582663908087305
0.20977777116956336511677
0.20979945194888582893356
0.20982419781325781227288
0.20984928481697265323369
0.20987452730922614985154
0.20989806232256102980216
0.20989040930718108612929
0.20986678752805582037766
0.20984194332078651146212
0.20981695341705108859287
0.20979381884940681568530
0.20977640057280105834181
0.20979132042458992213341
0.20981075381764219267566
0.20983505278346481492946
0.20986001144088972658608
0.20988308743646350018608
0.20990595072078063743071
0.20989864680851638700787
0.20992089221020432399101
0.20987635448753294564739
0.20985287051975173855389
0.20982939043050394256618
0.20980791795702366520082
0.20982596970895747712227
0.20984745023115811135561
0.20986956720297023082367
0.20989144858535044302350
0.20991344666292441334399
0.20993670064334607472389
0.20992820185621424711186
0.20995262248903565072133
0.20990609082770106397220
0.20988470245541709924275
0.20986437272339922288644
0.20984336225377223095201
0.20985991314985738553922
0.20987912917551015956619
0.20989893138931264848779
0.20992079310407485426282
0.20994462704148489362588
0.20996888014490883156427
0.20996099110500293649650
0.20998614130978462966048
0.20993699538745697052988
0.20991340760909846241411
0.20989336408309014481155
0.20987490043248127613573
0.20988921535900859072221
0.20990759692325733354323
0.20992915183506111187484
0.20995357365482408829038
0.20997874697101692742507
0.21000300891831197303006
0.20999559179618709769954
0.21002062171476940100057
0.20997101807261611683408
0.20994605440101435367417
0.20992353824133397344198
0.20990337608241718680979
0.20991870318323152533324
0.20994045319525841963859
0.20996403843640890074518
0.20998847339442702764067
0.21001272870406134662957
0.21003729366197371186686
0.21002988331898347906801
0.21005433860512431887280
0.21000588882931253698061
0.20998148289000415078753
0.20995819224237713407355
0.20993588740795821045992
0.20995367384869953464310
0.20997609856661972327352
0.20999869434814183444260
0.21002281537853742521271
0.21004706391868763204478
0.21007131327509256935038
0.21006382849492893916121
0.21008756540395728817927
0.21003949132892746343160
0.21001552421288155469981
0.20999317707730230653240
0.20997183169591668305820
0.20998863009766291498615
0.21001023608376012674626
0.21003184008763639556427
0.21005603787199886300918
0.21007979296506462674188
0.21010354666595640327209
0.21009560062873366970138
0.21011869237439489976893
0.21007224694056803038222
0.21004888680948766155332
0.21002610437203392268479
0.21000505467910718371272
0.20999860632259267911870
0.21001358716177226382271
0.21002129020228155198424
0.21004259956403859010976
0.21006462152486049532740
0.21008873441245470847782
0.21011130093876828617283
0.21013479190247241756850
0.21012782827823472953099
0.21015160321867012993557
0.21010402292275434654734
0.21008080544892110408384
0.21005891002178808668610
0.21003754800873800090422
0.21002949044847263326830
0.21004532076298088050237
0.21005418847086682054837
0.21007500392065797667485
0.21009652774454037893470
0.21012005266627106769839
0.21014385065846222233610
0.21016872723080140539231
0.21016083904365970291828
0.21018554908484507470767
0.21013616146654884309086
0.21011245248782917105501
0.21009118983044186568243
0.21007023841836128252858
0.21006110684744974670402
0.21007637030606110539743
0.21008629893108601849327
0.21010677830514795649819
0.21012892674096989020782
0.21015315749415325319305
0.21017776285114414536181
0.21020194109689296912968
0.21019451724113186186216
0.21021804950113262555611
0.21017067534473310441712
0.21014534362188677651950
0.21012294766872124940349
0.21010186840092501259214
0.21009181420171504917072
0.21010676168566583266184
0.21011807467303908469880
0.21013929817756649143234
0.21016230722525935936673
0.21018689059438866451046
0.21021122777475786946866
0.21023410069159220725510
0.21022658837147353838581
0.21025069276354554914654
0.21020326650886583808031
0.21017919893724792967937
0.21015650823001691405167
0.21013407216632254415067
0.21012166637312151840078
0.21013753067987872569233
0.21015122244550449304157
0.21017335061932723716538
0.21019590129351542473479
0.21021941325107026954377
0.21024307836057268272789
0.21026697787373349601836
0.21025956868108433561737
0.21028407212070113208036
0.21023584949061474569376
0.21021211490128416388146
0.21019027178042939962843
0.21016823257208158692855
0.21015374762891497750772
0.21016998013716056692424
0.21018548937597342218808
0.21020658692496169139829
0.21022820936961578164315
0.21025235992701554743611
0.21027665816417381861037
0.21030035894352333558643
0.21029298143797689468748
0.21031586284818981624767
0.21026875672957015539488
0.21024446977825234084136
0.21022289460003112937514
0.21020201141285838053463
0.21018612013068932453663
0.21020211483170075927873
0.21021780938359777013424
0.21023908514436867589481
0.21026093394163547500852
0.21028495187775919639250
0.21030822280556576986399
0.21030081935230998668729
0.21032352873370702139866
0.21027732494310577560093
0.21025486075105959127285
0.21023378868770306593383
0.21021688313714453899550
0.21023151139922435781671
0.21024931309614147689757
0.21027107542770201442650
0.21029268827563918353718
0.21031638801326302257166
0.21033907201137411191461
0.21033151496894533782900
0.21035575290653008018182
0.21030830167489142357162
0.21028664141048253322097
0.21026541401046730528357
0.21024652538079391383974
0.21026189500754108308023
0.21028120303846620231525
0.21030256853676909667428
0.21032359863774163777350
0.21034795767487834972087
0.21037321617104556836786
0.21036527940257149227321
0.21039101342799304550368
0.21034047766003094448450
0.21031842356545016325953
0.21029678111045346788899
0.21027693243367540087974
0.21029218406474015079510
0.21031301639056010355233
0.21033450873917414192249
0.21035762012137232401798
0.21038368813561891812469
0.21040862289747808144824
0.21040084747125833986026
0.21042475471871988079720
0.21037516663975855402136
0.21035192715786854567028
0.21032942097649179324925
0.21030793000592071240185
0.21032444227036753425786
0.21034660098132640371205
0.21036916253693702105743
0.21039235422092161797991
0.21041660253428026705613
0.21043957398608045816779
0.21043148898243480005021
0.21045367087537875105951
0.21040833292561836320722
0.21038666452719539945448
0.21036366612362564221250
0.21034104446100321261781
0.21035807924252089562422
0.21038039076801706706021
0.21040235792611672316355
0.21042361710010795694537
0.21044589583692976941798
0.21046929215396414925010
0.21046196142225725989050
0.21048592578455374568769
0.21043814656588161193795
0.21041747545739342140081
0.21039636158507915575377
0.21037470246925438210894
0.21039095565161847201097
0.21041170039596476804000
0.21043212873340713664483
0.21045348781540249016864
0.21047859022038756249273
0.21050445808015719184603
0.21049634059427557719602
0.21052182717697701108683
0.21047050498006031338249
0.21044807093804249187308
0.21042681924237585655568
0.21040627979227441435306
0.21042149659039460773968
0.21044265966303826731476
0.21046503620551093582947
0.21048844037442857035636
0.21051431579158597084955
0.21053868041078729889115
0.21053081445900678758676
0.21055414796378518760278
0.21050666446764876305053
0.21048299809838127982786
0.21045940816188943300880
0.21043697493962340572260
0.21045420082715393661488
0.21047692130384862418957
0.21050042345643479868578
0.21052269649142954510701
0.21054665479314624287888
0.21056924017971045959285
0.21056107774570537172210
0.21058540536912728757812
0.21053798234208348505447
0.21051667789747421921653
0.21049479735207785036089
0.21047148822554095914938
0.21046441481990701971583
0.21048169220285298242068
0.21048902899322630144496
0.21051088828178532441626
0.21053210764344415517613
0.21055256574124661672620
0.21057678572305110753504
0.21060193358433970667321
0.21059377271762838579328
0.21061935928628663927675
0.21056844125730198036273
0.21054659820367557787613
0.21052592173491932459051
0.21050497910691640113257
0.21049712587643287786676
0.21051221987376217414933
0.21051992795773852296115
0.21054004990330676960752
0.21056187556504307734073
0.21058539643058132861952
0.21061171876592335583389
0.21063619851916404179804
0.21062879658433208973634
0.21065160751089442858763
0.21060331751633343255747
0.21057892404361117089096
0.21055565562829534065337
0.21053483195829877927530
0.21052645711268311301545
0.21054041458409261666773
0.21054996247782620244493
0.21057311550254742549271
0.21059705359007552250006
0.21062057411374221493894
0.21064424517837176953350
0.21066627975687807206029
0.21065832766925091101839
0.21068038252992460357405
0.21063652238449379061613
0.21061533075674893078499
0.21059114268735637520713
0.21056690905726241358487
0.21055568452852058136671
0.21057270268894592857301
0.21058517169344373454187
0.21060896187081379338224
0.21063072857908834989438
0.21065084716862994551612
0.21067253699976065672850
0.21069632161601373199211
0.21068798176291980706054
0.21071333544154824402028
0.21066412466886366705587
0.21064485051951895022704
0.21062493607569252040967
0.21060334559581417313012
0.21059078925028598683333
0.21060735392061560866672
0.21062012815483840966202
0.21063908363150690705723
0.21065774170324061409509
0.21067921547333043341688
0.21070518956990824666065
0.21073146667057840453197
0.21072333142497531865978
0.21074821837409080105274
0.21069616724598869139662
0.21067293806725989613327
0.21065255219925971275075
0.21063388800303681214210
0.21062240559261311001471
0.21063513756536117460527
0.21064685619221704127035
0.21066650378556692202459
0.21069002210426854282410
0.21071507040990744563658
0.21074049388224885825949
0.21073291657771209273164
0.21075581359250172841513
0.21070829355709125296769
0.21068319589933187652164
0.21066057339693491923249
0.21064747445113815582651
0.21066076387909926648234
0.21067732656512147548789
0.21070150186707078954207
0.21072650097335579588709
0.21074804430056884307909
0.21076921897075404088717
0.21076139689671669064097
0.21078161103259360209528
0.21074202318086315832701
0.21072025377357425646174
0.21069576451046240217480
0.21067705294017191608447
0.21069472255831600548959
0.21071401349058693774907
0.21073638845901263016991
0.21075539390428110753106
0.21077328456454610949855
0.21079505411196847175503
0.21078658580306999792420
0.21080848394653189936676
0.21076743905786307631267
0.21074928004695386851708
0.21073014380742335904806
0.21071230017466599515608
0.21072787828938358001274
0.21074373530863280135073
0.21076107857658846200799
0.21078000517861267271158
0.21080071320575458071467
0.21082287013438155698353
0.21081498628926934046923
0.21083700728495782805716
0.21079440682929392880673
0.21077393639847516459973
0.21075590819129980113544
0.21074078263890261286662
0.21075219806997047555797
0.21076867858492673302173
0.21078859388426401944017
0.21080917073536353800733
0.21082922302212214749062
0.21085332787606561599780
0.21084422181910558724560
0.21087296072242595057489
0.21082309163328086243361
0.21080345992016585876527
0.21078302587125638534182
0.21076442208632495400877
0.21077949493423620008770
0.21079780206863021896346
0.21081674086938514967038
0.21083708237069107016559
0.21086295362915924433977
0.21088759190986552938263
0.21088099683411040685677
0.21085439957993887261090
0.21082952544011640538812
0.21081150879477489334946
0.21079452172430865330988
0.21080729912945864179541
0.21082330667963941617238
0.21084627028058339215377
0.21087430256519346105648
0.21087368433878667106640
0.21087735470015503413954
0.21086739189652289883092
0.21083822742106864134293
0.21081802116617051612302
0.21083141111259989797233
0.21086043363178305631855
0.21087853619716029340836
0.21082601540826173547316
0.21087773481842009282161
0.21085472498356094828154
0.21087695544256820912032
0.21084024884472704619576
0.21063083534275117703061
0.21085068997695038950368
0.21074795995844020080057
0.21065797451708723198038
0.21034964570236014402838
0.20896825638387567236620
0.20894410824824422023838
0.20930715414744091584787
0.20928820602272554807222
0.20940570544410816444802
0.20926115939572706436955
0.20939554763836523698650
0.20942230770205588763488
0.20941676129618363999541
0.20942809146901789074668
0.20938184601873180423759
0.20922830744465500951712
0.20936523231959072721686
0.20940946386864328632171
0.20942400481943115875261
0.20944389209317110234210
0.20943857616416022837669
0.20946500043138199798065
0.20941849750800786700289
0.20940264929551652417494
0.20934587344339258829784
0.20932209006806884454832
0.20939440890936747430295
0.20941440930634197536975
0.20943312363335767067873
0.20945919375952687380149
0.20948458438397965508670
0.20947857416702583832624
0.20945276325114978166475
0.20942768964744648552134
0.20940945069504124376181
0.20938453866168860173502
0.20937710109541493586072
0.20940402164975299714733
0.20942223909086316036010
0.20944605843407632095321
0.20947116058764353452304
0.20949550404229391742383
0.20948802382179987358057
0.20951140601354090176045
0.20946436718395569642759
0.20943956546474035151917
0.20941672451571480273458
0.20939888281397911473647
0.20941119353615864073781
0.20943244474844663338686
0.20945770230443325199410
0.20948146674059664462675
0.20950436059445626257869
0.20953026517135939221781
0.20952322209348084314229
0.20955037701066336897071
0.20949809693139503918857
0.20947473613907882650231
0.20945024054429961513080
0.20942582413425411824726
0.20944353920147049108458
0.20946790833817466315203
0.20949137936998127318411
0.20951626171512213736570
0.20954349683638903711902
0.20957067218920233386825
0.20956326532981070509543
0.20958756263175229439533
0.20953659973798349769325
0.20951001827903864560554
0.20948500054652402502242
0.20946094439886309146459
0.20947870560519804561395
0.20950300917328545935447
0.20952996099403789487248
0.20955691968756331999835
0.20958119372008507386163
0.20960194560270140051728
0.20959586766862289830549
0.20961597332174478069966
0.20957504725226500097435
0.20955008237641736812407
0.20952277890992884734622
0.20949626533902673819476
0.20951582508129046322765
0.20954250207833910457644
0.20956821591080690425635
0.20958975492345041646836
0.20961000027505657938853
0.20963138394697586330828
0.20962459952467898949280
0.20964955644400093404123
0.20960375300503444884193
0.20958353987153860442660
0.20956130397962785538724
0.20953502713958238601322
0.20955356011208764455134
0.20957695059731595854657
0.20959791878732245140604
0.20961848909490596315486
0.20964254695581599485799
0.20966882499940189821253
0.20966168496159262590872
0.20968775833702291144789
0.20963634634679326196327
0.20961256194025654209234
0.20959136247445331324712
0.20957014826403599916382
0.20956338473047461667953
0.20957833385586410734902
0.20958508118878443893252
0.20960626988330291475826
0.20962949770114208680738
0.20965519091288678521501
0.20968146404884260847190
0.20970503345428756492019
0.20969810437912048128872
0.20971998824424303853320
0.20967421378018266664434
0.20964847356643395714926
0.20962303098250140154235
0.20960018966449614485903
0.20959271569970902571178
0.20960765459172353564199
0.20961636969589092505117
0.20964173639423025474748
0.20966734792677027554575
0.20969156761768675822921
0.20971333784591661419938
0.20973402075204264360941
0.20972744660693923290928
0.20974887467931274676047
0.20970690222829055371356
0.20968521793386754592525
0.20966013066721170265971
0.20963436418260644744649
0.20962353374144626627640
0.20964111344749530863041
0.20965275892815643521416
0.20967764901099678054308
0.20970022890400855097859
0.20972182128795394118193
0.20974276717591283647479
0.20976565703162852738473
0.20975968113518705937537
0.20978337489422513306714
0.20973622060777596942671
0.20971511882911325619361
0.20969355648418455673188
0.20967052597661306467813
0.20965853055159489048975
0.20967445255683600513485
0.20968644903183630834320
0.20970862731941808387859
0.20973008293474659780031
0.20975304161787045043042
0.20977681212598589532980
0.20980122542266210761142
0.20979469268801337333841
0.20981741467833292524858
0.20977071647598333203888
0.20974698817512565929277
0.20972398705315670186522
0.20970171645121365999742
0.20968954725749283651837
0.20970422230339200164728
0.20971725054433129620257
0.20974066313841829845011
0.20976465464135277128044
0.20978863783599133174818
0.20981140773862622106449
0.20983353452404199246395
0.20982738146743123985871
0.20984917965866192735014
0.20980523334767323118122
0.20978233792339701091478
0.20975841221390298385607
0.20973401916239886588755
0.20971949961582964094831
0.20973542175814754995322
0.20975189106900035684866
0.20977603022739985116907
0.20979881053739932172952
0.20982081699524718354510
0.20984306733149382662162
0.20986557297996075166502
0.20985877731600582896121
0.20988267900952642386336
0.20983604697231955649173
0.20981447588958970773554
0.20979289193053976547709
0.20976885910510176258548
0.20975248048832922931339
0.20976849620479398605966
0.20978551213620250104341
0.20980768255317228110357
0.20983008954850379534918
0.20985250199276783700242
0.20987605943819365172942
0.20989945084298067268236
0.20989385859988357596606
0.20991690222380898767085
0.20986985841511549000238
0.20984561386442904251659
0.20982326328841091611643
0.20980062620430339759281
0.20978381496675360673443
0.20979816682403393257594
0.20981558354766305374284
0.20983894906616820663636
0.20986316708949562248598
0.20988726112160244197113
0.20991122468895023756019
0.20993296377672579500206
0.20992705989933013732696
0.20990472081015412730842
0.20988089429253273254794
0.20985647562625026063543
0.20983165493603858631211
0.20981276387756495060977
0.20982770160204103349066
0.20984861391710779576769
0.20987459824198542723828
0.20989894382247928361629
0.20992097698322728649423
0.20994255484689722246472
0.20993649063580110958327
0.20995744963534462845800
0.20991526663628906623771
0.20989243728047696224692
0.20986727364758278602253
0.20984432332047883718040
0.20986240519683108107785
0.20988535800243465767601
0.20990915487470002132042
0.20993033977869854367349
0.20995124305824314214775
0.20997321030997367907744
0.20996594988631731015793
0.20998908313141437242955
0.20994496197000625525853
0.20992431100604130866927
0.20990230372158880101097
0.20987983088161940581351
0.20989642525028262554088
0.20991708198393563278294
0.20993855791787396913861
0.20995964403439087986314
0.20998232682592049558323
0.21000529215213639688820
0.20999864202055679163195
0.21002250507740843898929
0.20997582585186710946168
0.20995305030643626742481
0.20993133718432069323434
0.20991146246722783286209
0.20992582772553430858764
0.20994559267320900275422
0.20996881038555120779776
0.20999238211262397091339
0.21001634678748806739357
0.21003932315369872041444
0.21003313926590547189299
0.21005688512137699053284
0.21000980600095645045577
0.20998572868050410789031
0.20996155516841261134964
0.20994003817155656999027
0.20995541416374985388416
0.20997848951255013161266
0.21000372729036342889231
0.21002724108121106905145
0.21005022401456741043546
0.21007350592119192200791
0.21006732600607874728027
0.21009049991769393472829
0.21004463510377732737844
0.21002118442296416334081
0.20999624664066723900291
0.20997264779710841930971
0.20999048537590511709361
0.21001417215125064985592
0.21003840690999664442273
0.21006153901262022976049
0.21008445204817682849807
0.21010742288368328134496
0.21010116083044960699766
0.21012362175310825285202
0.21007819288091786336103
0.21005524768296773840959
0.21003126785920914199046
0.21000869362797472406079
0.21002554137443008031028
0.21004834422141663297090
0.21007157424244884968978
0.21009471709499069613791
0.21011706912813629677395
0.21013954877645515950668
0.21013282073524899851158
0.21015464015110488227300
0.21011090355264960827242
0.21008862913899706281740
0.21006422738174077013973
0.21004201467245295353869
0.21003559548690861613629
0.21005063749629823699472
0.21005829994272667837762
0.21008073737410512538126
0.21010436999057202633878
0.21012736751899477316563
0.21014846382741494967838
0.21017068522359233506691
0.21016493224967650044199
0.21018744079904005950254
0.21014263167653587927042
0.21012055991898509477167
0.21009706219757509626511
0.21007460777012579300482
0.21006660113768260700340
0.21008248986019276149939
0.21009129743359503117439
0.21011317136843823960568
0.21013628770275855073280
0.21015863701472548008553
0.21018089535755424268615
0.21020450780625360431841
0.21019782481971927001752
0.21022127237286264422877
0.21017472226630926068758
0.21015221615712942337950
0.21012936895947464943646
0.21010739536279643413508
0.21009833101270963817697
0.21011364875279328612301
0.21012350464746396005999
0.21014496928161632838261
0.21016869229312964972856
0.21019169402198117913017
0.21021468905223741896471
0.21023760706139085763233
0.21023138204172675536086
0.21025365705680335026706
0.21020918622763565264400
0.21018510942407969688261
0.21016115017545802801102
0.21013912372706661235711
0.21012914371828053661240
0.21014413750168844940980
0.21015537934907277395347
0.21017751301609621794597
0.21020207383975328396808
0.21022537599624005477672
0.21024803029964853062772
0.21026964822688515299731
0.21026332854082338541524
0.21028617966632823232942
0.21024172683714248410780
0.21021896535524658977678
0.21019473269276039983922
0.21017142448742665017392
0.21015908385023310267492
0.21017498606550638617918
0.21018862344365252248224
0.21021158415913346328985
0.21023566495942314080736
0.21025784770050442995526
0.21027975673592630423414
0.21030240423213136802261
0.21029618371599781423420
0.21031943747943068756534
0.21027425641158301039546
0.21025187406063877704199
0.21022851387209298690273
0.21020568339041778571641
0.21019123719902893521194
0.21020749705327115841591
0.21022298970679489937829
0.21024483834333920762028
0.21026796460366445340462
0.21029073945040743787160
0.21031320862854158137978
0.21033566156012514780649
0.21032946701571153536037
0.21035110152129973815072
0.21030710900983021205413
0.21028421981358560999276
0.21026115375558857012450
0.21023955945609282269793
0.21022365794890474077761
0.21023966728728163411155
0.21025540477529586214089
0.21027735127951094340482
0.21030067642391386817380
0.21032327682268298074675
0.21034464401901550867358
0.21033911590690151927063
0.21035988465712668338270
0.21031705803504291418804
0.21029313355596687684645
0.21027143250826782483465
0.21025444562935960424177
0.21026907753148732505011
0.21028700532722902072358
0.21030935546663936941414
0.21033241105016486915957
0.21035465499650074505666
0.21037536121787059339994
0.21036975255961118391745
0.21039197530780970324393
0.21034801360197957764697
0.21032492782700965006093
0.21030315379980496492962
0.21028408770209530698203
0.21029944808166350922463
0.21031898881299249115528
0.21034086090648912437118
0.21036329806218076465818
0.21038616690482775384297
0.21040937211686738805838
0.21040345903874718702653
0.21042710276298740024181
0.21038016249869018192697
0.21035672018784148940007
0.21033461430774480493966
0.21031447075160869530919
0.21032970286608768106795
0.21035089707388887614314
0.21037281033005053587637
0.21039728905393559332815
0.21042183717604404091794
0.21044464448362998343356
0.21043896529604494416432
0.21046070754012613512884
0.21041481974103018459665
0.21039023488094771296986
0.21036734940978493724195
0.21034541223120573061323
0.21036195958541925588037
0.21038457552407560657848
0.21040747498033546269980
0.21043199034294368665599
0.21045468966577204894541
0.21047545816559598552686
0.21046954475122126027031
0.21048948646405377105317
0.21044794946569428395478
0.21042498011945878766404
0.21040168642048401315137
0.21037859591568419670438
0.21039566566973261219076
0.21041845648852805505946
0.21044067702557647803197
0.21046321233912765324980
0.21048391835570942620670
0.21050503878725607131983
0.21049995016373290734890
0.21052160242162618053463
0.21047771975772536223737
0.21045579879158529679195
0.21043447307317278416328
0.21041232079154631451345
0.21042860570964141975203
0.21044985430501350620602
0.21047045534721606219186
0.21049303853790399254642
0.21051654586288126580484
0.21054006535435709768223
0.21053426356460519519587
0.21055736551943843304358
0.21051003197665812960437
0.21048640019954875657326
0.21046501498020131482036
0.21044395951970573666046
0.21045920784428076566464
0.21048089757643739794446
0.21050336833710425743504
0.21052794112117212410595
0.21055220391810319791048
0.21057414942502242216626
0.21056866650698843890233
0.21058954640491106546918
0.21054613835490978979159
0.21052133354354901628724
0.21049768793947518097376
0.21047471509513665521851
0.21049196932727956554920
0.21051524096317880685447
0.21053876238273319665417
0.21056214327916655815187
0.21058447098179669532136
0.21060456768630608781478
0.21059885798895194852776
0.21062066276080879112520
0.21057739966045574409037
0.21055501935799800228288
0.21053315613544881790276
0.21050928280530639691293
0.21050144115346211548534
0.21051866452682771457816
0.21052685182969266275421
0.21054928517824603173558
0.21057044996857030016990
0.21059195175779296671514
0.21061452868014521322415
0.21063712124700337269267
0.21063147723727182469844
0.21065447662275194051773
0.21060779553379055384355
0.21058494189933243956325
0.21056435597189993025324
0.21054282766258114456548
0.21053404474640935450935
0.21054908475432387859883
0.21055780163446649599912
0.21057852036584684407572
0.21060022198951153238333
0.21062471810406910299740
0.21064938457200196864072
0.21067124472838910653749
0.21066642366534249486421
0.21068658281187913061672
0.21064260614571786445204
0.21061727179614339600100
0.21059416153761453815996
0.21057272816973568452248
0.21056326897880647819328
0.21057717707714984634038
0.21058788288125102061699
0.21061165489059124888982
0.21063540218035647910710
0.21065982849310888047611
0.21068183275608956539493
0.21070118470709298108545
0.21069587372759793209021
0.21071521671527398966717
0.21067573975908424066539
0.21065368024304464977803
0.21062971573450797735383
0.21060485285273317090926
0.21059240133352874480011
0.21060937579665023333675
0.21062313942962082591315
0.21064756829262598625263
0.21066907932963954697136
0.21069002670607656080293
0.21071004035406099008654
0.21073108445601726468333
0.21072544276102611604529
0.21074802715170121159005
0.21070326631947239315323
0.21068320195897349833558
0.21066357315554920526246
0.21064133417681404902844
0.21062742249728755306037
0.21064395126325508034171
0.21065813831341698159072
0.21067774932878061133756
0.21069609311634726611651
0.21071831808223737136920
0.21074260837374134136546
0.21076608825204706798573
0.21076070688487258397714
0.21078276974715196012689
0.21073522853322143588706
0.21071128819929113573650
0.21069124577194495162580
0.21067191907688376240060
0.21065897248016110521185
0.21067167675570408480468
0.21068490843394227507446
0.21070522532162258566579
0.21072837281947512377833
0.21075409001572542599945
0.21077782417099072409528
0.21077189452244465828201
0.21079309811398175278363
0.21074664562115136279274
0.21072194442357430888002
0.21069864381440953082780
0.21068398900131637963007
0.21069725960336216363800
0.21071541645940750075994
0.21074027518313348528167
0.21076485296808286640236
0.21078697899565185247539
0.21080645766296318699418
0.21080028588243149290093
0.21081880270088204643031
0.21078037315184483535546
0.21075905106452708093201
0.21073387451520037005892
0.21071353559906649821620
0.21073119693319952716593
0.21075214399159364342395
0.21077520937717189597471
0.21079374286732713295045
0.21081212655442702064157
0.21083219700158567500026
0.21082538077950091492951
0.21084557756718899645954
0.21080578682662243217294
0.21078812299843535660315
0.21076829250280318395205
0.21074876908663267571775
0.21076434589551543141717
0.21078190162129561979754
0.21079994079857308775239
0.21081835101849083491388
0.21083946095466640779925
0.21085991470253384605371
0.21085368530034553913310
0.21087400166430897430203
0.21083275025840719774095
0.21081281629956943879378
0.21079409216349082045738
0.21077725328040111674177
0.21078867454208677356675
0.21080688195340760437979
0.21082749154212962472421
0.21084751198280418660325
0.21086787149336166935498
0.21089027132356241711619
0.21088281924717008908310
0.21090985247053620210700
0.21086143070805246635402
0.21084237465849114956384
0.21082124802208179747964
0.21080091432297640152704
0.21081604680502616377957
0.21083604270429545657350
0.21085567004046759653768
0.21087541980406346309174
0.21090150155990994296218
0.21092443102916560992988
0.21091949286793051920874
0.21089273491174920227564
0.21086846749193630112806
0.21084976703765648253786
0.21083113346399950938093
0.21084397153654307888182
0.21086158301086271871227
0.21088522439713880407552
0.21091263510854860174781
0.21091212275333720560511
0.21091568208206551426898
0.21090635900286658355185
0.21087652218431068851245
0.21085475147698193310042
0.21086819916287574683267
0.21089874735207053690900
0.21091751294858601672999
0.21086498756011226585194
0.21091606518486238908139
0.21089157203709951726722
0.21091386225290506550856
0.21087858654345648101724
0.21066915002080896512915
0.21088764676815310861180
0.21078455173621218898816
0.21069495066252535986351
0.21038617776769497069722
