0.63263591009802377929105
0.63268386470577775426705
0.63281726152128425777477
0.63282916192944493882777
0.63287316484107836167539
0.63283634020130863362397
0.63288358835311253614009
0.63289273506981391648196
0.63290746987850077243110
0.63291050142698090930082
0.63289664531326228491537
0.63284620179649320181881
0.63291008845762675161239
0.63292281006878514659775
0.63292651491793860962787
0.63293336046625470192595
0.63294747963805408907945
0.63295794448870223991577
0.63294128159597207172737
0.63293816326460439203316
0.63292036708016463641968
0.63293274762963747104294
0.63295246402657856510388
0.63295726129752660771288
0.63296132793674286798336
0.63297012329065860392063
0.63298099647683314650237
0.63299227272565239399427
0.63298368416329531260800
0.63297746616311278966549
0.63297352711775989320131
0.63297038146339823505571
0.63299262423115187914391
0.63299372529207698079290
0.63299444230776968911556
0.63300005060279229684994
0.63300643351012331194738
0.63301408671439884923160
0.63302870189443327664236
0.63303603809676023406183
0.63302295690344312362186
0.63301679421656342761082
0.63301460037628609622828
0.63301726060285290476060
0.63303796675194401455400
0.63303604936455115659300
0.63303925347906897513894
0.63304510725390705783155
0.63305083735338640860135
0.63305876619070322597338
0.63307315223416038563187
0.63308175728413740301903
0.63306667952411832533954
0.63306103359772492034097
0.63305785447475815264085
0.63305865391249449558586
0.63308011389561757997768
0.63307936909613771181427
0.63308223110135875000282
0.63308836663694290081139
0.63309561319177898308652
0.63310425687485172296931
0.63311777352335774082803
0.63312557198139518543911
0.63311057387627267534214
0.63310402669496868011123
0.63310066773828443942307
0.63310172710261813922017
0.63312346649000483811420
0.63312255909695747124744
0.63312647604248450949882
0.63313307643859428885946
0.63313950966878684845085
0.63314620908963203937958
0.63316050281839530988748
0.63316686744922856533435
0.63315520148954618218085
0.63314935752031020754771
0.63314514941154886873420
0.63314535171753438813624
0.63316776159906340559758
0.63316797424179827036284
0.63317177343383179710656
0.63317649520261676254762
0.63318165065865150697988
0.63318839420903128001328
0.63320316980046831289997
0.63321105668668020705070
0.63319780459488661517042
0.63319330769678972004044
0.63319037713386294718987
0.63319014069911938591417
0.63321234899024259057398
0.63321177373785786368643
0.63321436492063432055488
0.63321903572731785825312
0.63322566564905247155082
0.63323410156324078101875
0.63324828292282897557186
0.63325664412039861517201
0.63324107751812863664753
0.63323540174198933438987
0.63323263641543747759499
0.63323398532336139243881
0.63323546773069172566295
0.63325704782118552582659
0.63325511988805704977068
0.63325375516859938596070
0.63325723791697929865308
0.63326341820290987794095
0.63327090642075811732781
0.63327843861162080862925
0.63329243290847059277837
0.63329926967257876846418
0.63328579440008303524934
0.63327958769101599934004
0.63327546973287818232734
0.63327631060271294405339
0.63327848279018383870209
0.63330007169849034109887
0.63329795923366505316920
0.63329785068273303227926
0.63330206874781369563721
0.63330757243472768358572
0.63331354517735027886971
0.63331988290684193554370
0.63333430584513805694513
0.63334089069581744890769
0.63332889215694709861282
0.63332410372808245480059
0.63332014508142053799133
0.63332010525953863488979
0.63332181988459956833992
0.63334393802302080267452
0.63334216781453001043900
0.63334196640274220690969
0.63334538878507617987168
0.63334997855884067607946
0.63335561505930548786836
0.63336273483845539900017
0.63337757470101785362004
0.63338502182900235926155
0.63337112611074264378885
0.63336655070902092568019
0.63336328046723366913540
0.63336393957043368718729
0.63336598635776053534130
0.63338746904955034455753
0.63338504088277514103567
0.63338419637623832869622
0.63338759919529974418140
0.63339292002693392547030
0.63339970609789675304313
0.63340734927522845953973
0.63342196601026312663407
0.63342916266620918896990
0.63341503637951179772614
0.63340929380413324434329
0.63340538893258024888411
0.63340602596575623639552
0.63340880129351195826359
0.63343020932443083736985
0.63342725439421354582947
0.63342702667817418760166
0.63343144247204263841411
0.63343705830524765776346
0.63344370116843262685791
0.63345080053081492810207
0.63346521555708146244967
0.63347217814878653552313
0.63345898377684406455046
0.63345362811579641881821
0.63344927996605060460666
0.63344923552417831125183
0.63345193186097958903957
0.63347408535141691565684
0.63347155190786919032320
0.63347156592364783911364
0.63347554930113469939812
0.63348051475261646370285
0.63348678827574933514200
0.63349384788110130184435
0.63350839426861371705968
0.63351574618141126560289
0.63350207797880975224558
0.63349726728472222081479
0.63349350706163953805827
0.63349369582031478387307
0.63349650288061576386411
0.63351839527289932618714
0.63351541448926818045351
0.63351483761958959917138
0.63351888100180142604501
0.63352392795966083749448
0.63353047311955612563850
0.63353775166132575424882
0.63355275626299623059623
0.63355977956506603909759
0.63354594119145113406688
0.63354032500819590367769
0.63353608271982420063750
0.63353656743042030541346
0.63353988824431572979279
0.63356083151500297567793
0.63355736793024297615062
0.63355735984707706176522
0.63356221892474862134037
0.63356792611398526915423
0.63357457471935074710956
0.63358146846114948846918
0.63359611921132252820854
0.63358976754633655747995
0.63358416028966824118385
0.63357899539300077673687
0.63357859204946720410589
0.63358178713872548293295
0.63360306894242346409385
0.63360022049607145344652
0.63360103515448484845507
0.63360619809892559928244
0.63361127450339282951575
0.63361736619911324108756
0.63363270743077582114466
0.63363854563864152602548
0.63362784013887496481487
0.63362319786271825705626
0.63362259690421052216180
0.63362511718709157992890
0.63364772702975624696364
0.63364491608698880753536
0.63364510078304459028686
0.63364938581302254760885
0.63365389888607059898362
0.63366008777508986415938
0.63367550635599234620798
0.63368183403048450319517
0.63367075824586394094950
0.63366664517588511262858
0.63366700312024981656123
0.63367021335116580083024
0.63369218915764080612973
0.63368840713281227028375
0.63368777564679179548079
0.63369224573979721082395
0.63369761517389511240594
0.63370398555165796672384
0.63371957389946864669383
0.63372628081065118799131
0.63371422166349045124178
0.63370909382048112856722
0.63370950222330013623662
0.63371334774815468726672
0.63373408302821865323295
0.63373026224639483761081
0.63373048565697165379618
0.63373596651622809972082
0.63374179814291742296462
0.63374830046210761658187
0.63376373075414382807224
0.63377027332540225579294
0.63375794444822575179899
0.63375217090488777937907
0.63375146120075109834602
0.63375469798677164234846
0.63377579277330819973457
0.63377310811734932638473
0.63377412943802557965256
0.63377982185740233678217
0.63378549019590735280616
0.63379193475400641410999
0.63380721410465568066428
0.63381363627746722944067
0.63380155629599654876216
0.63379587949474647246006
0.63379509712233217388899
0.63379744132629878272667
0.63381946963508739578685
0.63381719531439673076534
0.63381777407479311658989
0.63382345069890189126482
0.63382911442194733719901
0.63383537208211349067710
0.63385104222572929977275
0.63385707247331113389777
0.63384539852178778396308
0.63383966893195786695969
0.63383915919505762204267
0.63384161245864911737868
0.63386347459953340521821
0.63386111879925399748004
0.63386145285769024404487
0.63386730619606002079536
0.63387287131291425446022
0.63387882641317661036595
0.63389473664072371050793
0.63390052027267385081899
0.63388931515139135264292
0.63388353555259968619140
0.63388275066451560402214
0.63388505205136480569195
0.63388568085999263956865
0.63390706557559572953409
0.63390643470982732665675
0.63390447454395237869562
0.63390513840858697669489
0.63391118819007041818026
0.63391654901863148108276
0.63392253366521811308587
0.63393855888269634579757
0.63394455849839181915684
0.63393275131715864922910
0.63392669309630245155773
0.63392604193462587236496
0.63392788515625853040802
0.63392842722564279878128
0.63394995637187701031934
0.63394938477615903060780
0.63394743441546752560356
0.63394809858753231601725
0.63395429857734009182479
0.63396014053510774122202
0.63396655305288396320407
0.63398205333770973890495
0.63398833221582295838203
0.63397579414985194556920
0.63396958059295671628064
0.63396903900910173135230
0.63397088243705823629170
0.63397142755444035877588
0.63399294218583457372063
0.63399229154089875581946
0.63399043959539413961579
0.63399107514520725015217
0.63399761332693593818277
0.63400378247508848428282
0.63400987796807239949004
0.63402562952306151800030
0.63403132255816685436400
0.63401972516660121126364
0.63401287551726315250278
0.63401206595551673483868
0.63401358440208954725392
0.63401444071626400500463
0.63403570628294936284419
0.63403516110030944119558
0.63403369642539686434901
0.63403473193809856134351
0.63404151648798845464228
0.63404746681649748474285
0.63405291249768824801691
0.63406904814036102457919
0.63407468117125664885947
0.63406315007237334935297
0.63405659342284059754036
0.63405556017762909615243
0.63405653045494514419289
0.63405691285513809951624
0.63407809799452485854943
0.63407801510823524893112
0.63407720458048066891621
0.63407820608554221752939
0.63408488631171633365113
0.63409076064722091903292
0.63409659972506604574960
0.63411265550096773679911
0.63411861324427643005208
0.63410644770436264128222
0.63409957099158065219058
0.63409870241273103008695
0.63409942228916837958508
0.63409949807455112669174
0.63412067435754482236376
0.63412087558090290961843
0.63412007184322982666913
0.63412090628481632137436
0.63412804398985977982761
0.63413447573321579664452
0.63414034825896736791151
0.63415618111524318933903
0.63416170858045961544747
0.63414962315152179073152
0.63414224211883141180124
0.63414140042841837807686
0.63414205305152593350471
0.63414217098412617446002
0.63416353583776396973803
0.63416337229129393637805
0.63416283584846822041214
0.63416383950071486541589
0.63417113896767995928627
0.63417752010036354537448
0.63419273130787712222656
0.63419883694125611661718
0.63418543384982983823761
0.63418427088371565059077
0.63418480304208590947468
0.63418482548738419612988
0.63420607886168756106571
0.63420606486551334146640
0.63420592012778442825294
0.63420697235086997967102
0.63421424804092840776804
0.63422034162193297035515
0.63423564835555668040001
0.63424225033539705087549
0.63422844734186978321588
0.63422746065949198168710
0.63422758349518770781827
0.63422725961267356620255
0.63424849798449323134975
0.63424872990089864455143
0.63424885319913382186741
0.63424982880715463640087
0.63425742030771403712208
0.63426445878128356881120
0.63427931662532255341347
0.63428657695892898260581
0.63427129694311235041937
0.63427013157327238879191
0.63426968532359806474119
0.63426953804935204406235
0.63429037319103898084904
0.63429070308534041267023
0.63429116386210937506007
0.63429278973592029267081
0.63430133916886755063302
0.63430850457713450207820
0.63432276689423872095830
0.63432974059016344892115
0.63431435636672028888228
0.63431257273800711882217
0.63431185851670768283128
0.63431152700348103490313
0.63433251636946486051727
0.63433309283986993865057
0.63433410806906620482692
0.63433578339695007031196
0.63434389112047995240573
0.63435054096767418130298
0.63436487723189216580977
0.63437143803437923139654
0.63435713813376959357981
0.63435566444335556024470
0.63435449284077494169765
0.63435379546438097619898
0.63437515410287659278765
0.63437589699428265088699
0.63437685223641859799670
0.63437810307106701213087
0.63438585982888173742111
0.63439280418714683040804
0.63440744315334418601537
0.63441478542897233872111
0.63439932621907590970523
0.63439805907042357002723
0.63439712617279420125982
0.63439647126216924810649
0.63441753057218541744788
0.63441805439068554850479
0.63441909100487658967893
0.63442072709539398811529
0.63442938328054543362100
0.63443725026460351390512
0.63445162847084402013564
0.63445944439373724854647
0.63444246459764108703183
0.63444042671970768410006
0.63443899292892336205796
0.63443848063840801998481
0.63445913150686328307870
0.63446000388505785494431
0.63446187303680234848002
0.63446434836756482322784
0.63447355569727881263731
0.63448116169586776802447
0.63449486729262327688872
0.63450215521288311215642
0.63448622170058688318761
0.63448360774018131014174
0.63448127628718431481047
0.63448003891799586995148
0.63450134538356439684037
0.63450280161805761025562
0.63450511638901507804889
0.63450713896963450988409
0.63451578907947359109443
0.63452292107741659066278
0.63453629152413626446361
0.63454391470056059620930
0.63452799508183699295216
0.63452607946055794574391
0.63452433165832955452856
0.63452283669081932515610
0.63452382743882984605932
0.63454542838512006941443
0.63454417068270119184348
0.63454530031074907192590
0.63454691997295220584618
0.63454856521863112206461
0.63455724346289854587155
0.63456521743305938088042
0.63457875667183938350746
0.63458698649139522185436
0.63456951734590305580497
0.63456749385661037621276
0.63456588104744171552341
0.63456503209834780321330
0.63456625185394033294983
0.63458695538590537132961
0.63458530667327406327161
0.63458602539697916977701
0.63458823194217950369733
0.63459111726353079063756
0.63460073271488648405381
0.63460872006943891410202
0.63462252401303309579106
0.63463010989604062839220
0.63461301770165123858902
0.63460963617540344650081
0.63460682156466163839070
0.63460551294302414149229
0.63460726033086112263248
0.63462753408613581385112
0.63462593124062904870186
0.63462807474036797561467
0.63463138965896925824950
0.63463464063631802591914
0.63464381616818899001231
0.63465116010846667204959
0.63466449748605857639205
0.63467196649471457892133
0.63465589726673155013259
0.63465311004171398590046
0.63464974011430119738009
0.63464711244506566423240
0.63464844811457965523260
0.63467026642764368116190
0.63466901532224950788219
0.63467134172592654106637
0.63467412101880071872984
0.63467648876649218614432
0.63468505513998763056804
0.63469308227897236474035
0.63470590125893178168326
0.63471449074702090964450
0.63469675212821752285919
0.63469469396990219056676
0.63469264595880614532319
0.63469086146423914218673
0.63469239434132396215915
0.63471409066464479220571
0.63471221758598794782102
0.63471314597743955232545
0.63471481013292285755512
0.63471754526668966445158
0.63472729546603123829129
0.63473602436145648564292
0.63474899114552696399727
0.63475718629034338924555
0.63473890835101742791124
0.63473554256964315190004
0.63473318964231528749309
0.63473243633123654916517
0.63473494112557904411887
0.63475479045036786729383
0.63475195480035906392402
0.63475312717295562237041
0.63475664016749344664703
0.63476074985912211978700
0.63477026758278709550609
0.63478199599119222718002
0.63479089463864557529860
0.63477787605054181163666
0.63477373961065941543325
0.63477151064362913324146
0.63477403649407138086502
0.63479369545014108222603
0.63479196589442832276973
0.63479465995999950767015
0.63479914358120337336544
0.63480245903280985153572
0.63481087706799521619416
0.63482239654884842217086
0.63483069988172446951324
0.63481956122110150264604
0.63481608612472073538413
0.63481305973183921320668
0.63481460692882973884110
0.63483627477042936515517
0.63483472464484169694998
0.63483703307978189833705
0.63483962372987401412416
0.63484213882957762908887
0.63485086257831035982946
0.63486251279141270309481
0.63487142065124091416806
0.63485967728375869434387
0.63485735574673862746664
0.63485599449412610795207
0.63485819610586813332986
0.63487932152796799911698
0.63487656522372082346095
0.63487744130297907307892
0.63488006840884725345830
0.63488351796466924170659
0.63489223038454456471413
0.63490428254861830392741
0.63491277547605773357020
0.63490083369567440474412
0.63489749925250649198460
0.63489631645719668551209
0.63489925109297207228565
0.63491835768151783092605
0.63491573366742148909481
0.63491763697230430008034
0.63492122270198803057895
0.63492452023519141413033
0.63493389574847292067261
0.63494468406734694276849
0.63495551132968486296448
0.63494072208917629041025
0.63493741154379734759061
0.63493531271390935000198
0.63493767087975638840902
0.63495769934914170207207
0.63495512085897198861772
0.63495645562084845892059
0.63495999412367698511162
0.63496555692394651693178
0.63497496186964930142693
0.63498651819762852444029
0.63498082195888350121038
0.63497586772772496299666
0.63497485424040511770016
0.63497811812791260521749
0.63499780413731343742256
0.63499447724840041296090
0.63499722537723801707443
0.63500322882855897432819
0.63499932363904265653076
0.63502032354697868221649
0.63502048480269757124717
0.63501520480782824851218
0.63501611962711324022024
0.63503451790691634037955
0.63503776771848463589265
0.63503976863209687930834
0.63503557015024458820562
0.63505774766812483900225
0.63505580988569476641459
0.63507858825166896288295
0.63505832788119886966882
0.63499832898109609402582
0.63508671132224547850598
0.63506473725788159523375
0.63503023862396945631303
0.63489491358073679716512
0.63274083288278681891370
0.63279652073824665947654
0.63292201781533086180076
0.63294167039666282548183
0.63297773218569630682140
0.63295147387118511073112
0.63299593188240599328509
0.63299710882632675978954
0.63301963811232364598425
0.63301468255083337410838
0.63301164881700733300107
0.63296318112771732256050
0.63302705350066579281787
0.63303767673827349149462
0.63303850058043487081250
0.63303734739343009430002
0.63305927949907458973655
0.63306173443370739040148
0.63305601250640475274878
0.63305510838837941722801
0.63303937355315942348000
0.63304915088777147236243
0.63307145388640795324875
0.63307418047750974032795
0.63307592520232802701940
0.63308173655344124330924
0.63308458916863319387858
0.63310369689584811148109
0.63309814665457908589019
0.63309435242470912807988
0.63309249210298479404457
0.63308690382676313657129
0.63310447710282524713676
0.63311036827690425621284
0.63311338175828624219577
0.63311690240072837632113
0.63312075949458435086825
0.63312531610425215600202
0.63314289146092173066194
0.63314706779194063201999
0.63313977256631104317819
0.63313571089356524002056
0.63313136208592957210328
0.63312905438871314167670
0.63314973979325861463963
0.63315292850860127593648
0.63315814152835636630101
0.63316188308519150140796
0.63316489416791366107162
0.63316959546112483447899
0.63318707722618805533443
0.63319238486049667091748
0.63318341055246918358534
0.63317988661640500769323
0.63317484981353766571033
0.63317056346802413901997
0.63319216388085330926572
0.63319648585650845085127
0.63320104846487712535463
0.63320504701326085772450
0.63320940217449139808537
0.63321467827677313522372
0.63323142604784754539082
0.63323578173658789935985
0.63322720227333428866245
0.63322281002390323756401
0.63321790425814683533901
0.63321390649934539140986
0.63323577064636737965486
0.63323991127594614347629
0.63324522205107369732247
0.63324965215972428556057
0.63325302989821485866173
0.63325620518674807790660
0.63327389106485121317291
0.63327664980592690557870
0.63327171880334565123860
0.63326806088970344355005
0.63326261596766875161535
0.63325777648118131146759
0.63328031202409307276469
0.63328555618745618893684
0.63329043064220535974584
0.63329294668109470389794
0.63329490353672912572591
0.63329796084206746442646
0.63331628661434924421059
0.63332040261980293571753
0.63331418995317378950460
0.63331192224751053920784
0.63330807300748470645146
0.63330280641143887887523
0.63332512798106932461195
0.63332958262769611934573
0.63333293478892682681902
0.63333535160888998483131
0.63333864753215463050395
0.63334322395133058059002
0.63336113256596138221255
0.63336554338621509074869
0.63335732092159324757574
0.63335392283958669157329
0.63335055220637215267487
0.63334687138137646389424
0.63334627643894025883498
0.63336773721361294686716
0.63336811518259750197757
0.63337177638329755779978
0.63337570805677878560402
0.63337958233839941613041
0.63338362226850997149796
0.63338711366325728402416
0.63340501223081535631110
0.63340771631120473816878
0.63340187434380268438616
0.63339800755269493048871
0.63339359827329821950315
0.63338940970010626507758
0.63338905605039963475633
0.63341052740657388664403
0.63341116172489897451214
0.63341608465269760852578
0.63342043791295565835497
0.63342356540454813895735
0.63342598749401946012227
0.63342809745743589022737
0.63344661480111730256226
0.63344887301456076489359
0.63344479759877392321954
0.63344242213460832946481
0.63343847695307342604565
0.63343339835479395283357
0.63343216169472105203653
0.63345417641743051451186
0.63345555632352701369570
0.63346039650627583572629
0.63346365098886658895339
0.63346578903821559869414
0.63346778986705376546240
0.63347048535225025656104
0.63348961255920899215965
0.63349253863346333126572
0.63348683566123076271737
0.63348475349672883627505
0.63348180788052077527794
0.63347742038775778361526
0.63347612811696352164148
0.63349752034441630943462
0.63349861304381771542893
0.63350282074060537684801
0.63350574753430533014864
0.63350852777879618216161
0.63351160502534553664589
0.63351462824604409806994
0.63353372791458217871963
0.63353620250132292035516
0.63353054056370605717774
0.63352738687095155878382
0.63352410477824172563288
0.63351967720755975044256
0.63351876875549628653772
0.63354010917288627879884
0.63354099113657269537470
0.63354582941281800678723
0.63354947390415272678865
0.63355245370508672664300
0.63355532760209654075112
0.63355760243160486044900
0.63357670339425042893566
0.63357874165705196922715
0.63357426403028094252790
0.63357159717619804251143
0.63356816716069797035260
0.63356305284690817014592
0.63356177994236451134213
0.63358389239460544128946
0.63358545264165766486286
0.63359053948443888604203
0.63359346113852954562873
0.63359567630346835809263
0.63359813387303209886170
0.63360016945033958979394
0.63361959900636843912025
0.63362182367096964163977
0.63361711869533032803758
0.63361512017170185107062
0.63361256073820881873360
0.63360766962372727650887
0.63360628121351103558823
0.63362816098973939737959
0.63362946302809008969348
0.63363396587152531758136
0.63363667218900177058316
0.63363884649561030837361
0.63364153901597164431081
0.63364358593863501223353
0.63366368073736745181179
0.63366537181997195649075
0.63366072969842068829394
0.63365805262859198343506
0.63365528244975044547260
0.63365068765843901577028
0.63364965985747223609081
0.63367062243715555069912
0.63367156346859265791949
0.63367663119669825899649
0.63367988330982383260448
0.63368257955186535479442
0.63368535471769804612308
0.63368681620413602750830
0.63370675335370185710104
0.63370428548765600496040
0.63370176352869755920239
0.63369833663422125979992
0.63369285427618160522201
0.63369161122901318528022
0.63371294288875501532488
0.63371454991471465323372
0.63372044045208086870957
0.63372373917418245437005
0.63372565540497505232054
0.63372785559716771075500
0.63374694570422140937893
0.63374888989915412196297
0.63374531499057318306711
0.63374266151679148340037
0.63373699001168681821383
0.63373505930535389829572
0.63375775458171701437493
0.63375937752014843695747
0.63376462219566187528130
0.63376679294640081430146
0.63376798974464110258964
0.63377028332492202356008
0.63378944709194073858782
0.63379187703830375255620
0.63378810061755463944877
0.63378622506648885082114
0.63378152944308840943677
0.63378033576030201601270
0.63380243796956770019335
0.63380299512247939563991
0.63380740569358362535013
0.63380952285512570654191
0.63381140534382007789560
0.63381387709697123433727
0.63383321164264083691364
0.63383602160209950859837
0.63383143201460956372983
0.63382876845193869552730
0.63382414752202109742285
0.63382374314209333210357
0.63384462647414652192168
0.63384497190379585074282
0.63385020320845419927736
0.63385310520605997464116
0.63385527603586100386934
0.63385788677273158242542
0.63387704548900403178635
0.63387970085923894814073
0.63387501550189995214168
0.63387193039167621932961
0.63386622991530028325968
0.63386538769422673400555
0.63388662569166542848365
0.63388793003877430543014
0.63389392680616518660486
0.63389682612672904049589
0.63389864216382341144396
0.63390120300246954876400
0.63392020190569209336928
0.63392274567378048555355
0.63391849025012259044587
0.63391570929081486607259
0.63390996790449649633814
0.63390841812106435426699
0.63393059526120698610185
0.63393211821878858724943
0.63393763147489290421532
0.63394031094067326836949
0.63394193225342387876253
0.63394432039846493331936
0.63396368660019675189687
0.63396585540046412887705
0.63396218689253391875837
0.63395955378732060658820
0.63395412864122957508073
0.63395288451341125224303
0.63397489053831468375222
0.63397613527210316952676
0.63398136476462696453638
0.63398402202081305389925
0.63398534151655516755142
0.63398744115887628591821
0.63400703312634021369121
0.63400896698634900960911
0.63400595779284907305140
0.63400346657288164653465
0.63399780725693888339123
0.63399661011571373236961
0.63399733051455409160724
0.63401889566663227615351
0.63401813806289519792614
0.63401957070873571353786
0.63402508304887450485410
0.63402775477585526786584
0.63402866834617899183257
0.63403081155648943756376
0.63405049553477477175534
0.63405266334059240396215
0.63404923990671246958328
0.63404665068945387229604
0.63404117643018687022760
0.63403973461153528834444
0.63404043478334970451726
0.63406213557471291508705
0.63406137765371517467372
0.63406261005980790734782
0.63406806781210922618897
0.63407070860446446136649
0.63407189364851657131794
0.63407448088322393431326
0.63409362352920706218384
0.63409608231646930054382
0.63409212815173143784619
0.63408955598650695861807
0.63408424495191506586877
0.63408301535640854140752
0.63408376832085000529560
0.63410544241677047061501
0.63410456685602623050357
0.63410567662769312669013
0.63411105087952357450831
0.63411386869868113791426
0.63411516779677024047146
0.63411745042794653848262
0.63413682459597742191448
0.63413871424639589591266
0.63413589753929844317071
0.63413284675836334436383
0.63412733284019351387428
0.63412600487134807014655
0.63412709060932581639491
0.63414849165535547292905
0.63414772563684318473776
0.63414899548034153742293
0.63415470007953167463910
0.63415760702422740990869
0.63415846903982109328268
0.63416011862328480752637
0.63417985795599407516931
0.63418169965972803758802
0.63417915989069728599503
0.63417655546495854679279
0.63417088280213673723296
0.63416923397869584544395
0.63416981971380748106526
0.63419111448760134841507
0.63419086012248004902148
0.63419254928345225597042
0.63419815438045734623529
0.63420081313483989138291
0.63420137919378893887057
0.63420343103963117137312
0.63422307816386624956806
0.63422525563566622963663
0.63422228637482602753295
0.63421950047968089769768
0.63421406753708031711625
0.63421241229041203091299
0.63421261280498841816922
0.63423386663445635580416
0.63423400950338237880288
0.63423546003414932314968
0.63424081878461913142075
0.63424379487495263774122
0.63424469849394260467790
0.63424679685276086349432
0.63426620342119011120019
0.63426796010352792798415
0.63426528678404847649830
0.63426213369634432126531
0.63425680688630103887249
0.63425532579623344897612
0.63425542146754398942221
0.63427682567725918172385
0.63427678316629365617985
0.63427825837129492292377
0.63428370299135805598922
0.63428671517829149362200
0.63428734404499709231828
0.63430821711729967748994
0.63430845971242932890277
0.63430526375777784853227
0.63429970876395225243272
0.63429835521640198781057
0.63429814144685625620923
0.63431940171311895770856
0.63431975848846244847579
0.63432137486532325088007
0.63432676645664831660554
0.63432964004623371145897
0.63432975884062170468525
0.63435094732265373540514
0.63435146123049201971611
0.63434820389654911210187
0.63434293000524100136772
0.63434141571927238345552
0.63434056665884985815040
0.63436177264791715479930
0.63436269607231943190584
0.63436433564823935249422
0.63436954298453340772568
0.63437262870144717208376
0.63437346407229933120675
0.63439443027825115350993
0.63439537600828022068100
0.63439096158039598449818
0.63438562201342618696032
0.63438378984852250574988
0.63438276385886305241968
0.63440353564012785803072
0.63440494579474315806067
0.63440666428016356803710
0.63441240071278259815557
0.63441635449804500979099
0.63441709404180957054820
0.63443768261601796165650
0.63443811807096472943357
0.63443391369634638543573
0.63442808597932465186631
0.63442624012781567710562
0.63442457443463007304985
0.63444566449353445580783
0.63444760798582555683112
0.63444962999841070239171
0.63445528380324212047725
0.63445870953118899127077
0.63445870745419175040780
0.63447959677249021748224
0.63447939408452125320537
0.63447657444917615610080
0.63447119018101305609747
0.63446914052924030524849
0.63446704140989296227815
0.63448850015385427347780
0.63449067640472311957467
0.63449238378845895791613
0.63449747043957727132835
0.63450047507901652377171
0.63450054801500521683977
0.63452195173527148330805
0.63452231350237142670778
0.63451862287465488066118
0.63451359895061343330269
0.63451203870986816468758
0.63450990834519893635246
0.63453105835279322022302
0.63453309024511872493690
0.63453463655670294674138
0.63453995134218033058460
0.63454378700591063111602
0.63454456362465527785588
0.63456592808090961366219
0.63456654490759678566292
0.63456161176923897571100
0.63455597538454244777029
0.63455415042941898384754
0.63455209336040629963804
0.63457283476810755207254
0.63457528368345239577764
0.63457742494381197406739
0.63458341037048460187009
0.63458774447917709604639
0.63458804837211146843146
0.63460894222646302420543
0.63460882490089787211218
0.63460519654053137994509
0.63459916373074010120803
0.63459667698379373934614
0.63459382470101310946831
0.63461521112978402925364
0.63461831685279557202506
0.63462067722161663585467
0.63462602699248249482622
0.63462975112155950441206
0.63462937285812992538325
0.63465014111827944276456
0.63465015055691642587021
0.63464678956198405934686
0.63464164282457435906082
0.63463995893687807914318
0.63463677556302977578184
0.63463545415231037427617
0.63465688690887700484922
0.63465818907069315724101
0.63466103745569868443965
0.63466248126688618036439
0.63466726098638448494427
0.63467097596379073998207
0.63467123841560257879735
0.63469236802999728919161
0.63469279044863868843862
0.63468811243103373520569
0.63468305507376687746302
0.63468172623008711763504
0.63467912312411434161419
0.63467754471868975674198
0.63469808114940362564482
0.63469946896443685258049
0.63470197566932284871655
0.63470379677344079816237
0.63470960858643887814168
0.63471422167551760917803
0.63471430489542435271488
0.63473589098692007048896
0.63473547692970233580212
0.63473140345684808671933
0.63472519954861683633141
0.63472287387702686078939
0.63471973871235387587575
0.63471822232834407273572
0.63473834344682411590099
0.63474022539304186807385
0.63474422221319870551781
0.63474694956768951126236
0.63475291752144147316983
0.63475705961146822176033
0.63475631135747345723530
0.63477761195840654018241
0.63477690097199324092969
0.63477405765848493590653
0.63476866657461339382706
0.63476598304444786791123
0.63476147171482077968818
0.63475911537717866206521
0.63478079684471644394961
0.63478344077219861496530
0.63478767934821189733441
0.63478967673643871272304
0.63479453095432114562158
0.63479803699328196664453
0.63479779739167341290340
0.63481875093916628749469
0.63481898667557290494301
0.63481467649573186662337
0.63481024775975758434043
0.63480907104619710423776
0.63480534379566677660733
0.63480279898222768952820
0.63482438218703196586290
0.63482675966951584989317
0.63482965323604412244407
0.63483036043256546587799
0.63483534742926617244763
0.63484001262665135101315
0.63484030361050514112975
0.63486157189127478961410
0.63486124926304843274494
0.63485658051452198424869
0.63485108444927451643025
0.63484977712279389017169
0.63484703760536997929620
0.63484513660632146958562
0.63486489924919253802216
0.63486661632863217175071
0.63486979484939121132214
0.63487217827378072954048
0.63487828995171013968246
0.63488270687071757247821
0.63489940456653459754932
0.63490319155372965109763
0.63489341206423377528267
0.63489048314310980725139
0.63488622300595587422123
0.63488406792967533309735
0.63490366662181707546608
0.63490673151496279658090
0.63491147188714680549282
0.63491467327075667981262
0.63491973268705981237048
0.63492303234150360147225
0.63493952877599402206954
0.63494271043516847807808
0.63493508001779541682907
0.63493296382285158152570
0.63492787971182418349514
0.63492453385099856255636
0.63494617126166685849853
0.63494960034596292786091
0.63495397685773946605536
0.63495513581058116159284
0.63495912654169073263688
0.63496272263937336699513
0.63497935527697813018477
0.63498312882958307667991
0.63497518281234199832852
0.63497436248705940720072
0.63497092006093280858181
0.63496807076185790563727
0.63498918778111368421690
0.63499154017395342819441
0.63499450324266371037396
0.63499556495124631627647
0.63500021424680619386294
0.63500378687817271572413
0.63502082796269976316950
0.63502417695971802302779
0.63501631886407872151779
0.63501461100309752882964
0.63501134154135108200734
0.63500912321023972317846
0.63502824471849039777993
0.63503081372913516844392
0.63503479777857718691081
0.63503669691897735027908
0.63504090928898504486710
0.63504513894236058746401
0.63506091481932092079887
0.63506659227993922378630
0.63505618568050092864752
0.63505461918000305487908
0.63505044506923857827729
0.63504760237832191815954
0.63506780609714152951994
0.63507030441169964873893
0.63507370285549513688750
0.63507544860985387646934
0.63508163211955903637573
0.63508588004855626163447
0.63510243102377761381661
0.63509626442035416182819
0.63509315022743306755615
0.63509008691372825783361
0.63508840090791107702017
0.63510826639169459806311
0.63510976151154285851419
0.63511453884129098756972
0.63511865607077022666260
0.63511506930889938260520
0.63513573667879397177671
0.63513782993372291940659
0.63513054019038139852427
0.63512675385995343013690
0.63514532223447350833823
0.63515315214821832512371
0.63515714016778623829396
0.63515295627539580802789
0.63517317639145032259762
0.63516678338950516291561
0.63518973400013123420393
0.63517379929642436842130
0.63511383480465588569075
0.63519802285898396831954
0.63517499922663278599799
0.63514170034858807856182
0.63500517443040527254539
