0.78099750479004603764821
0.78105266361173331102208
0.78114640171010618630021
0.78116768960025839696470
0.78119250428943554087624
0.78117584700025810562352
0.78120882177719419559025
0.78120784395792675081083
0.78122471477499078051920
0.78122050290225653057519
0.78122128001411783593255
0.78118746863533738977736
0.78123582544888159340246
0.78123876115346835291575
0.78123626103499321793322
0.78123616079382718346835
0.78124912656834877289214
0.78125242456281118741401
0.78124986905039894846681
0.78125492962259135421021
0.78124854726762293921638
0.78126345732575042113410
0.78127091852447871911380
0.78126678331757459794460
0.78126230602721824514134
0.78126323359890736952593
0.78126703809344355544653
0.78127715531090113909585
0.78127679043766340427624
0.78127974986839920923387
0.78128445667892121306863
0.78129019300187663166213
0.78131291883121356534048
0.78130543943753660851570
0.78129802105175694126871
0.78129479268162049798718
0.78129187636069952205276
0.78129105600693271593826
0.78130675839109986480224
0.78130535304528181406170
0.78131020564000153161288
0.78131281085988557588706
0.78131876655786069996168
0.78132945724361224648646
0.78134264699590427749598
0.78133251577284212885388
0.78132763583645459259941
0.78132496325802158754215
0.78132160578397213956947
0.78132040168078842334864
0.78133651450438723617964
0.78133574551990236933818
0.78133913873338756150844
0.78134172991259376317430
0.78134641148953831724100
0.78135552212512304759429
0.78136891076956505042261
0.78135991254561354413255
0.78135520524557144916855
0.78135325555269852237927
0.78135144359881880671281
0.78135065606024567408383
0.78136602354729811636957
0.78136461513008581558637
0.78136761725503633968515
0.78136900248054608209003
0.78137318021399804202076
0.78138241712885569967284
0.78139602272795505299996
0.78138691166998819337408
0.78138329471321199548584
0.78138211525472667240422
0.78138013945687223582581
0.78137797277876197554747
0.78139367545749283117118
0.78139137403836922413092
0.78139629585576231285415
0.78139794407321816471779
0.78140126816545274479608
0.78140988542514433490282
0.78142421807379414122607
0.78141591358027007174769
0.78141228775842075382485
0.78140989524595150239605
0.78140732279874181021029
0.78140555044925863459326
0.78142136259136407705483
0.78142067467017339854607
0.78142348368898928434589
0.78142599692254133270097
0.78143025750137296014941
0.78143864913240068670319
0.78145290590673266439836
0.78144385627027057594773
0.78143932008357452900782
0.78143707231394288204029
0.78143613848697945911681
0.78143613537823908288260
0.78145098189744621741681
0.78145114653840330731782
0.78145122734790095631041
0.78145263775165196840078
0.78145699973771631796637
0.78146665711764418116303
0.78147076746972987670858
0.78148474104803589135315
0.78147994036996426547859
0.78147026747119119338691
0.78146650867736688894638
0.78146558945972155463267
0.78146565210792517941485
0.78146540815172371718944
0.78147940908037316631862
0.78147878456373265354529
0.78147986832344595864441
0.78148074676373857627709
0.78148398186034950807510
0.78149323150194627274345
0.78149856036092302247198
0.78151252210451860324980
0.78150690125028865473666
0.78149820472656783554299
0.78149506494211284923779
0.78149362346163386838782
0.78149269191919856769601
0.78149186134730574959661
0.78150569510854583921144
0.78150518632895649151493
0.78150699530352141231049
0.78150903337956045824342
0.78151243741144460486225
0.78152099917370854154086
0.78152669836825472415853
0.78154117435359771182135
0.78153509493194883717138
0.78152633831577078549202
0.78152250869698158819432
0.78152022486756400621033
0.78151912822409452807904
0.78151914557008939077321
0.78153313731010942699839
0.78153350193830184444721
0.78153363694159505570269
0.78153590018293439545261
0.78153987416737358273622
0.78154897957434277255828
0.78155563430378971467860
0.78156967934249388374468
0.78156237619361734747514
0.78155312157690937091559
0.78154929927194005667701
0.78154759124487649391000
0.78154740432635416702567
0.78154791620847552380269
0.78156176223227502575241
0.78156199289659322726465
0.78156184356154068115785
0.78156319994391876271322
0.78156657254774342113990
0.78157564119929090473704
0.78158354606911450979112
0.78159741677056626674158
0.78158903711785843171356
0.78158035141350168384378
0.78157744078022617362222
0.78157600651042191675089
0.78157571055390684389153
0.78157585112056982001860
0.78158941080336707951659
0.78158947469985395883896
0.78159002875736371951376
0.78159165547058073730824
0.78159454319902976759948
0.78160295273182955888558
0.78161150141118784784311
0.78162591557413041432056
0.78161710886552049348808
0.78160871391890895942822
0.78160559597402701204061
0.78160369165404408597908
0.78160308874210338014876
0.78160324621876298145651
0.78161680481673456721836
0.78161716192911501188689
0.78161732234936487362376
0.78161932037864412237127
0.78162257471840590472567
0.78163117421744476853718
0.78164051912589282977706
0.78165481776972256522384
0.78164489574500017887715
0.78163600699449675701658
0.78163294617638567896023
0.78163116432489998519628
0.78163085159427514447827
0.78163117745032517635906
0.78164508463751802835873
0.78164520766138501084441
0.78164519769085505362938
0.78164653788983073923191
0.78164937409839485571439
0.78165823433430370315023
0.78166885381984074765427
0.78168251135402155860277
0.78167135155289113601640
0.78166284222397541814331
0.78166048867101156627513
0.78165928880498214414985
0.78165903980068418555049
0.78165905506124422341685
0.78167283079351668195756
0.78167328190727647374558
0.78167455587674772310436
0.78167660579878239790474
0.78168482823702489792339
0.78169618844981070271416
0.78171017806620790580041
0.78169865332321997186682
0.78169070752976821392366
0.78168865163189227285301
0.78168702238093601408764
0.78168639533587391809988
0.78170062727202771490909
0.78169989238263271058571
0.78170242799978861825139
0.78170487857256298891429
0.78171299533592875086185
0.78172473030326239396004
0.78173967562097301797763
0.78172730368955944957321
0.78171878431238350781740
0.78171604677450523546156
0.78171403542501260997000
0.78171357804822894088659
0.78172769085505600106245
0.78172740894663095279071
0.78172950036341259938411
0.78173237162283371048943
0.78174139960045896380336
0.78175455652499448166992
0.78176887932820515736410
0.78175498676387622509765
0.78174566437533321572317
0.78174304294618435218212
0.78174166011403378728772
0.78174148557816647286955
0.78175558683004620075252
0.78175561744511035122684
0.78175693675263069337689
0.78175913312525635578965
0.78176835871705596670012
0.78178245235510934740830
0.78179572225021820575108
0.78178159766135779662477
0.78177274258781859206380
0.78177077467769673368991
0.78176969992229849992782
0.78176957983917572114763
0.78178366503808438547907
0.78178351783574340228000
0.78178484027048622539979
0.78178664578007783791946
0.78179523649548765540374
0.78180900232220973400388
0.78182270011649757091021
0.78180927585546111657777
0.78180079466103613583527
0.78179887662070757237132
0.78179753293927300994426
0.78179730938223623848415
0.78181141672111653662114
0.78181113189247741779297
0.78181281864759999411518
0.78181486756579010588553
0.78182359362393294421878
0.78183683302108097912253
0.78185123447145887798371
0.78183798033609219757523
0.78182899848425579936162
0.78182688108715570063367
0.78182541976987574017244
0.78182496152639968656217
0.78183943045163362128847
0.78183874169042988366840
0.78184098040019767150710
0.78184309939794383037537
0.78185225744904607303454
0.78186568287836377688649
0.78187994516238412678888
0.78186646568450424155117
0.78185712859292111343024
0.78185503816047086100838
0.78185336033034302793965
0.78185253406858667979407
0.78186729418635725341602
0.78186627230946315059157
0.78186915347612917503994
0.78187134985323958336068
0.78188050296845978959226
0.78189401322889373613378
0.78189828956730167419664
0.78191271927179262224428
0.78190797546142010165937
0.78189463978701900792601
0.78188531023033658318155
0.78188316727198647893005
0.78188119667322031336454
0.78188021231060256255319
0.78189524395077747431770
0.78189420675292109486065
0.78189705197273329240204
0.78189925816589900264830
0.78190875498067835547289
0.78192208492934434094224
0.78192720279108851588745
0.78194191409532698422424
0.78193631741145108726698
0.78192280543186809538270
0.78191317466095133781323
0.78191096952130878516840
0.78190910876640140614313
0.78190824203906139633347
0.78192325624634895220311
0.78192217542937025864802
0.78192491630601945740153
0.78192719420135770036495
0.78193703840422001949406
0.78195062254841551929729
0.78195664506595430331970
0.78197143899417409507180
0.78196485213949817882906
0.78195117183737716803904
0.78194125315505225159995
0.78193912142144639254582
0.78193732565251294897024
0.78193596237203188970000
0.78195145583541414424644
0.78194969241877787524686
0.78195353823081148458840
0.78195554225351149302270
0.78196545689636276499357
0.78197899702807938115967
0.78198619576740580061625
0.78200077170851700625320
0.78199330230211427927856
0.78197974006161807825066
0.78196985728335011156531
0.78196773522004237033656
0.78196554139426466267793
0.78196352612827835226739
0.78197947413584911746653
0.78197746985293514754289
0.78198177418607861532962
0.78198416532835735015539
0.78199416941318988794052
0.78200749665193436399591
0.78201532511117810564372
0.78202990006601491579374
0.78202178642297193178479
0.78200848555558721830749
0.78199827682633082925889
0.78199586676780685756682
0.78199346805024905204817
0.78199152894080969922186
0.78200761192132828281132
0.78200563869552863760504
0.78200987189110038322326
0.78201226003207258141714
0.78202274367099255947267
0.78203611536628614420152
0.78204471847767598191581
0.78205948573244077337563
0.78205054230279624771782
0.78203699494935374758597
0.78202630584804211366645
0.78202398108193482695327
0.78202173796912410885795
0.78201957176965597451357
0.78203585481671700208040
0.78203325835955528333443
0.78203817357827443146334
0.78204046410821614898623
0.78205130410699863485746
0.78206487144857861348868
0.78207455838686334992360
0.78208956494304859852207
0.78207936535050204263086
0.78206578067800558429212
0.78205489384571613697972
0.78205239894328304472992
0.78204978550952186644452
0.78206672357307227549938
0.78206372835035586899011
0.78206936856533737500996
0.78208033187050340906410
0.78209395043522522694701
0.78210454652094141270169
0.78211947090438993512862
0.78210842231688959547142
0.78209502620554571805656
0.78208384176788547925696
0.78208100653240164579216
0.78207785184497136121706
0.78209524309521161189451
0.78209230255946537990752
0.78209823431702041318658
0.78210962003873218950645
0.78212302530936650413196
0.78213429659153288486806
0.78214911513019047539785
0.78213733353923076130343
0.78212405779311389153463
0.78211255995713879762832
0.78210974082015838337867
0.78210700429550206180807
0.78212436345876712451286
0.78212163895733832763568
0.78212694243679992123219
0.78213842079005435614647
0.78215150820438672507606
0.78216382926577165957127
0.78217844023446492229823
0.78216572172047982292042
0.78215266937617977660580
0.78214142559162780354853
0.78213909218006127943568
0.78213611091500767624751
0.78215347854384553727414
0.78215011103129827851888
0.78215604961361528957298
0.78216725318841229253053
0.78218012115254553773269
0.78219339918674390954578
0.78220774298678008573660
0.78219465635818030690984
0.78218203743416248041598
0.78217064403292990704131
0.78216770530715751252870
0.78216385895166906649933
0.78218189162000095748795
0.78217778199249066162224
0.78218525090930679510848
0.78219686632688179006578
0.78220938736928036227880
0.78222238439326363668158
0.78223707499535444220840
0.78222411667365332466062
0.78221146763813365065943
0.78219957470829171164439
0.78219615548705667684715
0.78219215090307192550512
0.78221087390477361811492
0.78220707729088945203699
0.78221410871137686537935
0.78222603192563011642591
0.78223868883208969027265
0.78225171880417865288848
0.78226610911167893114282
0.78225296713942182869062
0.78224041430891666504266
0.78222876012886954910641
0.78222591660635942822921
0.78222236230456121397481
0.78224115877466382507066
0.78223746959410589418837
0.78224364351370578862799
0.78225496025964136315167
0.78226721404606047727270
0.78228043550005466055808
0.78229457200480834178080
0.78228152475889589645419
0.78226962444071046487437
0.78225861837907106899337
0.78225612628732921205454
0.78225215184220708852791
0.78227061991408020080740
0.78226628893158534072683
0.78227355414116883647324
0.78228453496569261282900
0.78229611980336011267667
0.78230899356337935124373
0.78232379775609439676032
0.78231101918831891239847
0.78229934330959594035448
0.78228785713224913145325
0.78228481169987795773579
0.78228029017944900047610
0.78229880279433183787319
0.78229454645486884434291
0.78230215163140071066294
0.78231380351078383394992
0.78232598540604358916539
0.78233889431900582867030
0.78234504753322497982992
0.78236082644384630224721
0.78235391166745982260977
0.78234060018355544574575
0.78232821838194810393219
0.78231630874015023469070
0.78231321067700532179146
0.78230917158952295586971
0.78232813229934117238429
0.78232421295485643497614
0.78233081098048273815948
0.78234249329314542453773
0.78235493605491768231985
0.78236858032583866950915
0.78237606155114647332738
0.78239111904277591769130
0.78238275105716004187428
0.78236897460905396872732
0.78235691359166248393109
0.78234585184123317525007
0.78234341543999574852819
0.78233925484082633694527
0.78235851075869322635015
0.78235399338664690649381
0.78236112495518561615881
0.78237184906120194050061
0.78238347906602856429714
0.78239682600605309215069
0.78240581327148062129595
0.78242046024601741294191
0.78241108345887955266562
0.78239832634307515668581
0.78238706075886499391459
0.78237613827663077259444
0.78237317435809972110405
0.78236839430350257895697
0.78238731761207558346172
0.78238259745640659215127
0.78239081432263979376529
0.78240223398392605425045
0.78241356929112870766119
0.78242595114344171136622
0.78243560637819631331524
0.78245145365078894172939
0.78244141085997231943594
0.78242882481551490059246
0.78241692398629303362156
0.78240500177182459307090
0.78240136330192489033664
0.78239701208833134504772
0.78241571667138043455481
0.78241174521882672632245
0.78241906291346652313479
0.78243131908350738168423
0.78244389141123549258339
0.78245687750472914245847
0.78246755256330602357195
0.78248330349583739007358
0.78247193567009853953920
0.78245835767318494546885
0.78244550280794478158697
0.78243364423102657045916
0.78243063605075069411043
0.78242664017019902811256
0.78244591658392048660886
0.78244133089923706414481
0.78244881127083643068687
0.78246020378992542365637
0.78247248173293604267542
0.78248608264405694612265
0.78249828012055555603865
0.78251235801548724158039
0.78249957264501968090542
0.78248655684685874955875
0.78247525281853014256228
0.78246440067885236757661
0.78246093381148107415157
0.78247955609277164423787
0.78247541786245899952945
0.78249042306858418438509
0.78250108054905898047338
0.78251301855909516369536
0.78252581536716014909416
0.78253949665277977576494
0.78252704093515967898043
0.78251577089999380110186
0.78250552695590314122853
0.78249403820204843640340
0.78248935655637985586708
0.78250800765346240073228
0.78250313582103547815905
0.78251990790550907117762
0.78253072466284279151694
0.78254152545623900660843
0.78255408465332731982045
0.78256936131846410731328
0.78255643315532863457662
0.78254525441688138620577
0.78253389319607469243323
0.78252184042236772043566
0.78251715805621502308753
0.78253616459657338033651
0.78253155342272862071695
0.78254788373388539657327
0.78255930455557787261966
0.78257107281959781275305
0.78258492859508232974974
0.78259999634029786541589
0.78258518918382102835807
0.78257316716943003953588
0.78256222180542200916875
0.78255108111482352128974
0.78254622980842103441290
0.78256592262105717505705
0.78256090101431896588480
0.78257688974989736419019
0.78258705051029342492086
0.78259870829486322119095
0.78261424335642248983902
0.78262794269461011253952
0.78261202271922247764024
0.78260098781970310888312
0.78259125562171438783565
0.78258039995365136221039
0.78257614601746516846958
0.78259481622728022109925
0.78259181821886136809496
0.78260483162964022962882
0.78261457895238217830070
0.78262547414399752376823
0.78264176757122083660789
0.78265571826933055810116
0.78263908241516366715018
0.78262749013419197208208
0.78261811371606426757097
0.78260965776898672174866
0.78260568651036366283336
0.78262435998731016972840
0.78263249912858345869182
0.78264060629735021645814
0.78265259905745576674008
0.78267002174712052564587
0.78268377216697837539527
0.78266615470638245533053
0.78265528131482142715214
0.78264803574123820162356
0.78263230734691180412455
0.78265930049714815819328
0.78267169892615362503108
0.78268082420392093290218
0.78269646789045810297836
0.78270918393427002524021
0.78269723572614968709615
0.78268514253563403748615
0.78267986622937113505571
0.78271171391669758232723
0.78272385846032754841417
0.78273895410979377196270
0.78271020809959546138401
0.78265897874822354385316
0.78274064935515008656353
0.78271493114934964641094
0.78268789288757989464074
0.78256500518763960627666
0.78112703336630751049796
0.78119173826764720658389
0.78127571233906289993598
0.78130657064581199300335
0.78132157789581779816501
0.78131796848283063816609
0.78134749459719810005254
0.78133667715241150730776
0.78136316880816703012158
0.78134909679565767159914
0.78136323554700071181145
0.78133186830678669210215
0.78138020184424339387164
0.78138054509437671057981
0.78137448759579475332515
0.78136451292123254575017
0.78138712149140610030429
0.78138053124415007832937
0.78139148329946295223891
0.78139927855680313406594
0.78139544351996592652654
0.78140714021736434879983
0.78141779102738428974817
0.78141109806327502251833
0.78140375308807508147879
0.78140099576224242294842
0.78139489904264514130716
0.78141468171919403751247
0.78141806877605857195590
0.78142402177185910083779
0.78143129613593254045867
0.78143401928110123311200
0.78145098061209816719952
0.78144941210213958449060
0.78144482668935844049685
0.78143901967776296935142
0.78143298386548420975117
0.78142833971706648910072
0.78144769524776613867090
0.78144238803988219643770
0.78145438566271108182804
0.78145958598404985373520
0.78146288347050052447429
0.78146744364417253247979
0.78148060560805787666538
0.78147677528365455668080
0.78147437320478752020847
0.78146909179785406518448
0.78146237654604666644786
0.78145718703085265133268
0.78147712029565818969701
0.78147227966199472870557
0.78148320968046880441449
0.78148842164402598786666
0.78149081200950498704572
0.78149364699605861073195
0.78150720664829120831740
0.78150446051443667183634
0.78150185058875454302552
0.78149726165297983548896
0.78149187922891261148806
0.78148693350390252554405
0.78150628847129999243748
0.78150062921911356283999
0.78151155679963901778962
0.78151560335941627766232
0.78151787358116375781236
0.78152087039830764325643
0.78153462763104575294903
0.78153174532072289260043
0.78152984701562866476365
0.78152598734334755015141
0.78152023882940158117094
0.78151372107992367332940
0.78153360972915009163842
0.78152685646195108049028
0.78154009344582331397788
0.78154444120346366897678
0.78154624046886922439370
0.78154863684575759386064
0.78156312221323454014765
0.78156102578079555964763
0.78155872542306403794043
0.78155360925437489250100
0.78154708778289538884110
0.78154076450423271005263
0.78156095742303388629324
0.78155561414569629796745
0.78156711376197862684023
0.78157237953193725576995
0.78157550783168261432365
0.78157769320696113268809
0.78159208743900387972303
0.78158924369289184408416
0.78158564517915440905682
0.78158061432956371650249
0.78157556448699594398022
0.78157079674937757207687
0.78159024237680219115987
0.78158553036516198453398
0.78159467752578382082618
0.78159890029363154884123
0.78160251673956326889936
0.78160596847387964203335
0.78160751559211816275052
0.78162133971124392317620
0.78161938425028887333923
0.78161591218976633754778
0.78161270588800713099431
0.78160893939410347464047
0.78160474512097111166042
0.78159951312593656247429
0.78161833134203573258958
0.78161260556493949991363
0.78162311191896038931048
0.78162687943407926915995
0.78162975658437539028256
0.78163280118569089527369
0.78163501350293174141370
0.78164882796925228003460
0.78164659619497245390818
0.78164410705349429697719
0.78164113254267841846001
0.78163675732768711501564
0.78163144284944063855392
0.78162539384469076342299
0.78164427923816670595869
0.78163843011342004629682
0.78165001879347062452297
0.78165503587335061208563
0.78165845806933398343119
0.78166080355946765401143
0.78166286147345831469835
0.78167720761142478469452
0.78167501470807176922051
0.78167247775504211659836
0.78166843944931696519518
0.78166312883828270585695
0.78165754454243185911366
0.78165210111006400151012
0.78167138232667288111344
0.78166616686813994441252
0.78167641405418541999950
0.78168175524419580835200
0.78168613129538122574758
0.78168901093158560389185
0.78169154609757773854994
0.78170547734004480755488
0.78170251799899426181639
0.78169949598515220401396
0.78169508480104876735339
0.78169024038405454657408
0.78168547561030998771514
0.78168028545072198998156
0.78169966213166586221917
0.78169406490499637740754
0.78170436253086428290970
0.78170891487249527518344
0.78171305745756669569602
0.78171587832005873242025
0.78171923845825674881382
0.78173302355252360928972
0.78172937744162795947744
0.78172694111375062853142
0.78172307721908407263101
0.78171838888210087858965
0.78171344103139428494131
0.78170762738690291460131
0.78172696801276686517923
0.78172095468289837238984
0.78173226668234907510424
0.78173721249914018827099
0.78174123462372546722321
0.78174339011111526609454
0.78174704211135848108682
0.78176140339771793552615
0.78175764675826409089154
0.78175550940517790632356
0.78175107995795711790521
0.78174578077271217324551
0.78174046817728026770311
0.78173442551722116533597
0.78175400818600870866959
0.78174803788877123000844
0.78175926002377593704296
0.78176472919500661351577
0.78176946657228829629105
0.78177179988278366895571
0.78177596926177728153817
0.78179025013633363094812
0.78178561126746137777133
0.78178298843847804366902
0.78177827644153163877405
0.78177294887281745250363
0.78176788134921537665178
0.78176175114578227987039
0.78178193758825809123181
0.78177548056892764982706
0.78178681943287686717525
0.78179178733562271208513
0.78179644131544490104346
0.78179903600959632647971
0.78180429129849082769965
0.78181797054522217393924
0.78181224388489711785155
0.78180999539779139073659
0.78180565767231158247341
0.78180074154492995575083
0.78179571223730781603933
0.78178902415869055975151
0.78180932104990585873594
0.78181456513771463434637
0.78181964702508521813940
0.78182384276720162663565
0.78182580055558503762114
0.78183168645282208331082
0.78184573545300872776664
0.78183970622025222851903
0.78183802106043032154048
0.78183366365770035066873
0.78182813423309505118652
0.78182270481449178678446
0.78184156084923706053758
0.78183602060659107557683
0.78184735592831067219066
0.78185226161614329587479
0.78185412441364321445292
0.78186036960277560670107
0.78187541807403271310051
0.78186851467251894387545
0.78186623613882133554398
0.78186088875760095806555
0.78185478484598636139680
0.78184952057072709674657
0.78186825273812388115147
0.78186316102905617508867
0.78187426006056803817756
0.78187989314106542959593
0.78188268826048767934367
0.78189041376997592269760
0.78190489029035670220935
0.78189634918279249387041
0.78189324535774706870228
0.78188771974031023859197
0.78188203386345056511431
0.78187704851473760481184
0.78189577018291789300974
0.78189099209526968792261
0.78190152873958607138150
0.78190676668634995216678
0.78190978954648959753371
0.78191864196844840240175
0.78193209236075866819249
0.78192310564651967830230
0.78192042668145222972242
0.78191527586169828900609
0.78190968370168179024660
0.78190476164090982891253
0.78192344520881995606487
0.78191850150279318398816
0.78192925560888226765854
0.78193437917713948248633
0.78193681506876611120305
0.78194555074357718904565
0.78195942304952037460453
0.78195091776992187160289
0.78194857234219605768288
0.78194320718507948075882
0.78193711001105647984133
0.78193209433477384173727
0.78195078898488123986255
0.78194571866803985749073
0.78195706010004384367562
0.78196268283684589039950
0.78196529349067034342369
0.78197373123796598548552
0.78198831404372026732119
0.78197974216495735877430
0.78197684537099632073875
0.78197102922661221313660
0.78196458005712932148867
0.78195934737776473522075
0.78197837446366291747069
0.78197292130817508404306
0.78198503749591963263299
0.78199097771011738533531
0.78199407436428625128855
0.78200294082016386099099
0.78201737835683149402399
0.78200833827116023044823
0.78200503784426089737281
0.78199900338418859568890
0.78199208720106117009863
0.78198650400628322287844
0.78200580447452749943693
0.78200003276226903725643
0.78201302603248390443724
0.78201928021758693176935
0.78202242274714439673744
0.78203161952910382748172
0.78203600946027607143662
0.78205065962504849430559
0.78204575878688820100848
0.78203660607888669797916
0.78203325499389431119113
0.78202694363381664022228
0.78201948614906613421738
0.78201376227794294759832
0.78203330579914065445735
0.78202754103521021633583
0.78204072979593997061443
0.78204721651463948717264
0.78205076628385672421473
0.78206004628943004419739
0.78206535994963788382961
0.78208028087569936293022
0.78207445350614357426622
0.78206486524826934747523
0.78206114499328205358353
0.78205454812060193336976
0.78204694199126101317177
0.78204135577001110402051
0.78206086159385146405754
0.78205506775857513979133
0.78206839883129697366115
0.78207516978134528073952
0.78207913333527445676197
0.78208892921574124645900
0.78209520904332996416031
0.78211019757551747400015
0.78210333228369710578676
0.78209330288528378094526
0.78208922679892156626380
0.78208250463656647788468
0.78207470075328588965391
0.78206863344063481946478
0.78208859404893094069422
0.78208213838404672113569
0.78209681672388042805721
0.78210350797167893510675
0.78210762251134546829689
0.78211765405639321890874
0.78212513685369844385065
0.78213987782037208695840
0.78213213483512489254679
0.78212194309998894770075
0.78211781678640113213419
0.78211091046061065323869
0.78210243951483915392231
0.78209574107623713867810
0.78211613274476265988966
0.78210945121434594096144
0.78212484756389433204760
0.78213211491455825186137
0.78213639924097899669420
0.78214649844452710514275
0.78215457899457707657831
0.78216928710787070322397
0.78216096054897787936966
0.78215074036167431259514
0.78214620708525650627507
0.78213883546376672395439
0.78212988854227039059452
0.78212327728290576001058
0.78214378860038336060967
0.78213715185806631513543
0.78215272957245218776734
0.78216016475806082741684
0.78216502143328636709185
0.78217546615636301954311
0.78218422461414627289145
0.78219908548198968656351
0.78219006844479566087358
0.78217929895623672376104
0.78217418730323162723295
0.78216672821582533536855
0.78215766590028235061283
0.78215084377711308061265
0.78217153335035216610294
0.78216428521961545161645
0.78218081084484669673884
0.78218831746314043673607
0.78219362845922135729637
0.78220456669166626983980
0.78221422787952821220614
0.78222928094613930483092
0.78221922883467454035156
0.78220812266581696281520
0.78220271025656551433514
0.78219492615746355479445
0.78218521728076351173797
0.78220913706519423769237
0.78219890990644302952717
0.78221714126474450878845
0.78222269063433846891797
0.78223398605525062965427
0.78224429272243922728336
0.78225922358859467653502
0.78224863026897850648567
0.78223740357264404110538
0.78223156803343407705853
0.78222330211953861045515
0.78221277778505227118444
0.78223742174297639095926
0.78222697191158763185825
0.78224591199265758323378
0.78225201324153081916535
0.78226340204356270557895
0.78227402776644794357708
0.78228880433942804550895
0.78227787334125964413545
0.78226646497995522278046
0.78226018310258871313323
0.78225180553578610442855
0.78224141793469770256308
0.78226630910193573065214
0.78225579611321438555649
0.78227450221188943313422
0.78228083566862016695609
0.78229221652089508953765
0.78230345622363473001570
0.78231798708106536910378
0.78230659833169657879637
0.78229509443045908145820
0.78228891693061486378724
0.78228091432780544334236
0.78227000748628983117783
0.78229517568790485348984
0.78228374413321632996343
0.78230347254406651380521
0.78230969190361621112828
0.78232116694061160089291
0.78233280221525514086522
0.78234726812567612075355
0.78233586470686167224642
0.78232448471877724660573
0.78231799454493133882949
0.78230928032157320828333
0.78229722986121064121079
0.78232334261024971677756
0.78231089141514298379576
0.78233252018597354560114
0.78233931616728413782624
0.78235075704894418979762
0.78236202808695209931500
0.78237684004838448093011
0.78236564666647112620268
0.78235392254925628652273
0.78234675680176135603716
0.78233747578833801039622
0.78232499662238375037759
0.78235206053762595956869
0.78233965492600510138743
0.78236120142716614189737
0.78236849499598115631471
0.78238038087612971072105
0.78239159402552660438346
0.78240609409722206013527
0.78239480914880654705001
0.78238288226894348031948
0.78237576135879038918830
0.78236697178797975915643
0.78235467310744100100095
0.78238208339064785334926
0.78236951590159520275591
0.78239054747299108250047
0.78239742991575855768360
0.78240920394759749800784
0.78242052316155308311352
0.78243476927375676943655
0.78242366334725799159600
0.78241209594879412847490
0.78240541507543426291704
0.78239691208676109823728
0.78238393246791326784972
0.78241126322950926841315
0.78239780005739423263122
0.78242024111407182385136
0.78242700934345887908705
0.78243840534173902945270
0.78244929054539102963872
0.78246419127465849374659
0.78245344382909698399686
0.78244182152430075127825
0.78243443491338071638097
0.78242531374640444941093
0.78241153070477609254851
0.78243916418046788319174
0.78242551882857402922866
0.78244861194514780944331
0.78245628277279311024728
0.78246854608122873298015
0.78247937595261096710431
0.78248267924433667630524
0.78249824887657692951137
0.78249448931289111719423
0.78248329426706408895598
0.78247069303740346413178
0.78246264525675024437135
0.78245342565516462496333
0.78243987711219331604440
0.78246819584982929551842
0.78245464895615146616592
0.78247702125127494010570
0.78248496583438154061696
0.78249776132443593645860
0.78250924554153977741322
0.78251327790432612108162
0.78252812753838141279772
0.78252350219012489773718
0.78251192747087905399184
0.78249938855881651100788
0.78249193202469580210590
0.78248332598310332830494
0.78246941874010655926241
0.78249826881251360877201
0.78248388686254188861824
0.78250707280376419205936
0.78251432014518618185406
0.78252655569462248319468
0.78253765345103676320804
0.78254261804976588123850
0.78255707503195448548894
0.78255199324622881640323
0.78254151821321704662893
0.78252952545851506283014
0.78252194973844990677492
0.78251277805692476263744
0.78249801985317635200090
0.78252676029576884175754
0.78251195388755345749843
0.78253648002516007498031
0.78254469240885449199396
0.78255687674528306985167
0.78256693918571640367077
0.78257204411857295145438
0.78258772075409799295898
0.78258247841128580901682
0.78257224692325777493096
0.78255937936428976442471
0.78255051967248701050295
0.78254064048756277749419
0.78252609618481250297606
0.78255482890519412197960
0.78254055720450088617923
0.78256443354114890720297
0.78257377008850315114330
0.78258741929266495418460
0.78259801311305743354296
0.78260366265891834203217
0.78261927222428906425478
0.78261314290810735094794
0.78260198487102727860076
0.78258794757796179553111
0.78257886216028749171159
0.78256958289082145796556
0.78255518314163163839936
0.78258469323182799914917
0.78256960540326236941411
0.78259386687625420719883
0.78260263620367176429227
0.78261620588220948135927
0.78262736090578899350589
0.78263412858528069726560
0.78264809781666877519513
0.78264092327771617174648
0.78263037792842771178670
0.78261767858631370309297
0.78260929138080337352790
0.78259953410068727741589
0.78262428263411099038649
0.78261384071791662009332
0.78263284425390755583152
0.78264499313962365700803
0.78265442993166611795886
0.78266145801634112721956
0.78267506318283730504248
0.78266851593813291376733
0.78265976576019280486207
0.78264793832313062083017
0.78263859644509237156740
0.78262760292793376315501
0.78265238960803440448899
0.78264120192534269992990
0.78266230388244650839624
0.78267479849036813988050
0.78268306538662846261190
0.78268959469752030777556
0.78270483187030936989004
0.78269803963878703534363
0.78268940761993077703806
0.78267627893892011137211
0.78266604230622216498148
0.78265503675225966961904
0.78268018548458373473409
0.78266924298216922206706
0.78269025944800574290383
0.78270353334249398447042
0.78271273867566026893883
0.78272037024781404568330
0.78273542573584409254295
0.78272691387781057059669
0.78271746198866742894040
0.78270458447825463910164
0.78269491977392013914994
0.78268373047532158182094
0.78270957334777579994523
0.78269820875209716870557
0.78271923641478879929423
0.78273140472833968583899
0.78274049282446089836895
0.78274967819447538452948
0.78276339421830454234907
0.78275387309133492852453
0.78274540049604701685837
0.78273358682987781431706
0.78272385603609284654425
0.78271325676594527553931
0.78273807528409733436092
0.78272872707818463844376
0.78274714783912857640757
0.78275904736114920723367
0.78276738703743742320285
0.78277727217181081176278
0.78279143702538611648833
0.78278105645454876260203
0.78277200540167579667639
0.78276041679937280459711
0.78275272310666954567182
0.78274239298677816822902
0.78276722316904723264486
0.78277478533950128891661
0.78278516303518785868221
0.78279463168177410015147
0.78280595559543486583465
0.78281992540506084576890
0.78280824898891998575579
0.78279987406600759491937
0.78279030099824165045419
0.78277496307907390438174
0.78280154658031797509921
0.78281632844377690982896
0.78282297951792856327558
0.78283283138402992573646
0.78284575534194511536867
0.78283944942099248365253
0.78282980268808577406503
0.78282454434322712444327
0.78285398035876863076510
0.78286063636337155369205
0.78287594203723376296011
0.78285252675475580641518
0.78280134394411660103685
0.78287784015990058428258
0.78285082860533128368274
0.78282527175488414439286
0.78270091157735710574173
