0.63258791696353711131451
0.63263644277246400271508
0.63276829579164806105496
0.63278089508903612170343
0.63282380801009463500151
0.63278845286075435794260
0.63283474457394017775869
0.63284321890840811164480
0.63285813671268309477114
0.63286081306863728457301
0.63284793180438625448403
0.63279844099838011839410
0.63286138034626815418449
0.63287341042221756381991
0.63287671922863120155256
0.63288338859934456515077
0.63289728050673654813352
0.63290761925761707118454
0.63289135542631291819760
0.63288873284698521359815
0.63287172995105533956917
0.63288425746010890104998
0.63290311167144475135160
0.63290733409821597899025
0.63291104194579528297027
0.63291960965407456640719
0.63293033328477998900041
0.63294155910036808965202
0.63293318611356619296515
0.63292723847263765435400
0.63292369169119955252256
0.63292114339859595339988
0.63294338834489105583003
0.63294394507717033349081
0.63294428980638883786014
0.63294964410404719323822
0.63295581789765131830450
0.63296325136786657505894
0.63297799707701529747794
0.63298511087679376618809
0.63297242464396219485678
0.63296642360852928277382
0.63296444078796521015562
0.63296743989836790067471
0.63298774205222363420376
0.63298562848716677375904
0.63298870440152343874729
0.63299443817304601456186
0.63300000884167129111546
0.63300773315071900970707
0.63302214662066258465956
0.63303057093747661099314
0.63301583193846322483722
0.63301031778253769033427
0.63300724655288120867880
0.63300817485033356035729
0.63302948855041674125488
0.63302861742923921539727
0.63303133796147270651034
0.63303730954741521674833
0.63304438700969700715149
0.63305287486543837527364
0.63306631885798836378854
0.63307397356817529665562
0.63305930405380084202704
0.63305295488817903137857
0.63304978868891159660137
0.63305101233704774710276
0.63307266836173936574994
0.63307154818475108726261
0.63307523749368455057152
0.63308161574289456563491
0.63308785916463927723186
0.63309440860965437991581
0.63310869953887527472602
0.63311490056765096223756
0.63310358890711182500155
0.63309796667927098479112
0.63309400117102321292606
0.63309443806362064588455
0.63311668410209287483070
0.63311666526217735828652
0.63312024279443823715496
0.63312476365664649424758
0.63312973182692722229348
0.63313629882153410477486
0.63315114628510427152719
0.63315884203130912144530
0.63314595277598662015350
0.63314163046978122473263
0.63313888590759670460528
0.63313885426858251825877
0.63316082477355994928558
0.63316008175606786068101
0.63316252158579033881836
0.63316704650459731951173
0.63317351344009864533291
0.63318175617669070209814
0.63319596031859448626022
0.63320413729659463797361
0.63318891043488034764408
0.63318336968037369771878
0.63318073414776909757506
0.63318222811223479062903
0.63318375651759040145805
0.63320513136903144868484
0.63320315362815660087392
0.63320165287098850726011
0.63320500468053808607038
0.63321104261115135347637
0.63321837436267647269972
0.63322573127806647264038
0.63323967565979255578412
0.63324634648604183340126
0.63323320307421970820627
0.63322715408815966053879
0.63322318851570602582512
0.63322417562991095696390
0.63322640410489694495766
0.63324787326209219795459
0.63324569460395363496019
0.63324541677288426200221
0.63324945884215622093905
0.63325477973354926675142
0.63326057501315913267348
0.63326674955077733031317
0.63328116355556540728600
0.63328758236247340018821
0.63327593474813292928616
0.63327134560807951668693
0.63326758428777407683441
0.63326773197958519112660
0.63326952335861508291970
0.63329154199850601347777
0.63328968722309875172272
0.63328929309896508925704
0.63329250837286510389390
0.63329689585972614995768
0.63330234175878685753958
0.63330929059714013984461
0.63332420559154045669459
0.63333147383857324452805
0.63331794369625127316681
0.63331356167259911238432
0.63331048532969236308787
0.63331133068200640146017
0.63331346798063503644727
0.63333479805458003930596
0.63333227816092618756016
0.63333126142009754655504
0.63333448948452109039664
0.63333963538313065022578
0.63334624415602402969228
0.63335369876375946507352
0.63336837924184996584387
0.63337538315636154884203
0.63336162195500489424660
0.63335603869514223163151
0.63335228714487401546762
0.63335308434653880826914
0.63335595122328913753051
0.63337717285104699893594
0.63337412245196211824094
0.63337373909074778932649
0.63337800484680784052216
0.63338346721954286167033
0.63338993816350719345820
0.63339683979383876177849
0.63341122156329254799800
0.63341798139283100876895
0.63340517105600113723085
0.63339998582732581766663
0.63339579762265496576390
0.63339591249476601131363
0.63339871665652169863137
0.63342071020228452038481
0.63341805327325173546882
0.63341788563334400219418
0.63342168694085110303149
0.63342645866345415051057
0.63343252938491767523033
0.63343938491179907490647
0.63345387428344157587645
0.63346101872946114497154
0.63344777669849727796958
0.63344318714877989595635
0.63343964042065270536597
0.63344003394348380453494
0.63344298653839992141457
0.63346473694706029178292
0.63346159449137851016332
0.63346079014558709374683
0.63346459670593724400334
0.63346940853055089259982
0.63347572849285838092470
0.63348280399702316945110
0.63349783756425936953605
0.63350467038910807104912
0.63349123893972980603451
0.63348585949970315223112
0.63348186045523779963418
0.63348258009644853316900
0.63348607099034348610900
0.63350683049758482745517
0.63350319150783573896035
0.63350295781374255099649
0.63350759304064807597712
0.63351308401717310037071
0.63351953797867788242826
0.63352625549175867192275
0.63354099246060746608578
0.63353481071170214544708
0.63352938261743263481662
0.63352441175939977480169
0.63352420978590329170288
0.63352757550589833268617
0.63354863571003583455621
0.63354562492454646882578
0.63354626832322447071988
0.63355127617354023428220
0.63355620690267044903266
0.63356215571148988274786
0.63357751357602987152262
0.63358322272975353683933
0.63357276841182874616010
0.63356825657641557825173
0.63356780396231260343853
0.63357047880725059219031
0.63359291631641578845802
0.63358995693027220230675
0.63359000366229989431588
0.63359416400428869575734
0.63359855547704668765618
0.63360460820571151696612
0.63361998689929011074895
0.63362615659715937344032
0.63361538392867022828625
0.63361140894993062122609
0.63361191073787725969169
0.63361527561493824478589
0.63363715483094651403917
0.63363320897075525728326
0.63363241764462951977066
0.63363671595088699728393
0.63364190430786038188415
0.63364807994451910477807
0.63366366776201765720344
0.63367014891179507252161
0.63365853313408482261337
0.63365360767711531586599
0.63365420431211949559014
0.63365822441363295336458
0.63367884982887834333098
0.63367484348875846578153
0.63367485747149987496130
0.63368010805567576149144
0.63368569692253062797249
0.63369195620913298938603
0.63370744249619481713864
0.63371374294423310491453
0.63370190071101928364072
0.63369636647718541322405
0.63369587530675997033569
0.63369930932655926802965
0.63372019581903094032072
0.63371730964371797423240
0.63371810874804079816158
0.63372357494721154314021
0.63372901500975542532501
0.63373523931730380009952
0.63375055479562403260019
0.63375678794251644188051
0.63374509518979893485380
0.63373962268969497024784
0.63373904739696484966771
0.63374159725275314158921
0.63376336606148564456475
0.63376088890216863980243
0.63376127520034630791201
0.63376677151824567513216
0.63377227006725667113329
0.63377836656944375182121
0.63379401550332203907345
0.63379989939624969963461
0.63378852101561522491835
0.63378295096054082513604
0.63378261953567349706873
0.63378526855006755980071
0.63380693797759224406008
0.63380438870531297101962
0.63380455493585852178029
0.63381025435045268423551
0.63381567068335198378293
0.63382147319183457234715
0.63383737114389027134109
0.63384297564395442048379
0.63383211556595819846649
0.63382650066902845864547
0.63382588662281935665277
0.63382837169107042463168
0.63382906325757892851414
0.63385034371481219217515
0.63384965058016617955872
0.63384751176319897858491
0.63384799542426462082290
0.63385386095880880130693
0.63385902442937480660845
0.63386480034176650999456
0.63388087344851229421039
0.63388663836787895178304
0.63387529302058354119254
0.63386944934992406341934
0.63386898822412340859245
0.63387100763719239626681
0.63387161350245546653781
0.63389302925345969441651
0.63389238942222358996759
0.63389026304075524187454
0.63389072331223239586961
0.63389669347991084435989
0.63390229003426878939820
0.63390845347286939315268
0.63392401591957059370230
0.63393005409774638714282
0.63391800461038849689999
0.63391202356607867507421
0.63391169778984435279057
0.63391372842342041948882
0.63391435049494837539186
0.63393567146681439883338
0.63393492933980544190575
0.63393287183130719864010
0.63393329064145764739635
0.63393959936065102933611
0.63394554221428356388657
0.63395141848062064315883
0.63396716546328546471045
0.63397267221308251095024
0.63396145885267596309376
0.63395482228938548896480
0.63395423670545369976281
0.63395597723910290799409
0.63395694126525314882059
0.63397796809496098635606
0.63397729240234312886315
0.63397559576077955334483
0.63397641332654053325513
0.63398300047045352823005
0.63398877433562239591680
0.63399406069079833336843
0.63401014365941776862456
0.63401562520994536598096
0.63400440801913904298459
0.63399803330616033569811
0.63399721018871102451442
0.63399841715772753403257
0.63399894868444528484019
0.63401992920072991477554
0.63401968968427713235769
0.63401865333812679192960
0.63401945531495540464562
0.63402595805760619818159
0.63403166920369513626099
0.63403734433147840299227
0.63405340660097753158198
0.63405918059741028791620
0.63404737680330680582586
0.63404067692907284392589
0.63403999619342077398443
0.63404092577029680377620
0.63404114924836052491486
0.63406216897296641121784
0.63406223440552056391795
0.63406124838857647052492
0.63406190284108332466673
0.63406885474146479353408
0.63407509141135631747233
0.63408075415275155783945
0.63409666930085273328643
0.63410197095591147586902
0.63409032274878085466696
0.63408313395703064241360
0.63408246469998208461050
0.63408327907139183654550
0.63408351322967149155119
0.63410472626887282032726
0.63410445787727376387721
0.63410377124722039354765
0.63410460263770052069532
0.63411170475848155358989
0.63411786726768448740899
0.63413312820812517411895
0.63413902226037222042976
0.63412603137623935189993
0.63412504382316858819735
0.63412572800729150035437
0.63412585937181720208144
0.63414695375082885675511
0.63414681300892783433198
0.63414649665342037732074
0.63414735956505219327539
0.63415443828389927993783
0.63416033033962460052635
0.63417560767451774950132
0.63418202072094587151696
0.63416860537762487215474
0.63416781980050396239079
0.63416813845729014254005
0.63416797677630964980011
0.63418906064937119460012
0.63418909432316117325001
0.63418899196062461509626
0.63418975297333957108492
0.63419714486844580569880
0.63420399805722216246551
0.63421882351646308162429
0.63422589119199002105631
0.63421100888335135703500
0.63421006764964216184666
0.63420986431865544741271
0.63420994286687981666972
0.63423061321566809311889
0.63423069962125211418424
0.63423091724421332138206
0.63423231687185721572320
0.63424065163912435316718
0.63424761124513540089254
0.63426190561535811252014
0.63426865096415063760560
0.63425371691977394661421
0.63425215747159902068830
0.63425167138654658938179
0.63425157743614735128546
0.63427234551662803330174
0.63427270938999713578710
0.63427351595719483334790
0.63427498127863213284172
0.63428285962125441344028
0.63428926357897330579050
0.63430365826611578849992
0.63430996447422827166918
0.63429614794623512263883
0.63429488067563954967198
0.63429389820597592564155
0.63429338763853426730321
0.63431450777973585886116
0.63431507761109717780101
0.63431585147923508216650
0.63431689958605963486349
0.63432442866515481583178
0.63433112338753427916771
0.63434577064832453618948
0.63435288530178379762248
0.63433787804632391083004
0.63433681989827750413724
0.63433608038413114016407
0.63433560190686089086398
0.63435646257953448579059
0.63435678822496999185176
0.63435761471085561069572
0.63435902923538700637351
0.63436746725555615000758
0.63437513063232098264876
0.63438948634685266014799
0.63439711926125552654554
0.63438053364580271331619
0.63437872414919238561737
0.63437752569748295794483
0.63437723994982853081837
0.63439773867006654661793
0.63439835823566093075954
0.63439997764516453671035
0.63440222309560612146129
0.63441122640821356881702
0.63441866226050447341578
0.63443239492094494202945
0.63443951203108384095941
0.63442394213186814599936
0.63442155231019414785010
0.63441947093418016301314
0.63441849629597102389056
0.63443963296854544164916
0.63444084500893860312232
0.63444292572900096160993
0.63444473945373236478673
0.63445319893912166531180
0.63446014602429545714557
0.63447358329592851156065
0.63448100248119332356111
0.63446547890053550666778
0.63446375522231635013526
0.63446220854513035725120
0.63446092942584930707284
0.63446199189406771168365
0.63448336693780893469352
0.63448204261984653129502
0.63448298933099667173963
0.63448443651483965588511
0.63448590238196955759520
0.63449438354189668931582
0.63450212650603776687319
0.63451568772101318849366
0.63452366693526984775531
0.63450665971367292694794
0.63450481013774095995217
0.63450335748977881866750
0.63450266800778887255063
0.63450395632407852186674
0.63452443563445892760200
0.63452271650124136836979
0.63452327398015884174498
0.63452531104137899209405
0.63452800544855558761981
0.63453739354071225786669
0.63454512550948227733727
0.63455888436289631382436
0.63456621481087527314457
0.63454961633791095998447
0.63454645708798418368701
0.63454383657936297424840
0.63454271334923184610943
0.63454454674095261967892
0.63456465698485708948340
0.63456294908281751787626
0.63456487011628326389001
0.63456794763671386938597
0.63457095285092901537638
0.63457987488535649855947
0.63458698246690192767971
0.63460030268434064470995
0.63460755493483012035227
0.63459195430673476234773
0.63458943462325700934912
0.63458633296120425804077
0.63458396243579429096826
0.63458542737141609979545
0.63460709478008126005477
0.63460569563773860934930
0.63460774798176444733144
0.63461024826540102239392
0.63461234762344254090038
0.63462067911561970134926
0.63462850706343232332074
0.63464140742041796894313
0.63464981322158020571322
0.63463247439831127483245
0.63463065989163280899987
0.63462887682281310386401
0.63462735561879968226862
0.63462903895697198031201
0.63465052017579948184789
0.63464850215111745512786
0.63464919733414659752668
0.63465063953326483758843
0.63465316705713503697694
0.63466272653656452540361
0.63467127098755260483642
0.63468433492487785763103
0.63469232663736108168706
0.63467442816310570830041
0.63467123285516924280358
0.63466905880338075895963
0.63466849787333623478247
0.63467113485630322067266
0.63469075249488837719980
0.63468779533418506755282
0.63468880869512644959940
0.63469217258324017727489
0.63469612891831928003228
0.63470546257298032788441
0.63471716316771931154506
0.63472584734048775878534
0.63471321701927851943736
0.63470922990652989259530
0.63470715690116719098768
0.63470980520964959126218
0.63472932316674723907113
0.63472744525191904241268
0.63472996211701138147276
0.63473425285761242431448
0.63473734443535057003771
0.63474549363922372346991
0.63475694618933464763444
0.63476492558310326774773
0.63475440298924767912325
0.63475118719535461586645
0.63474839759522672100189
0.63475012816306275453826
0.63477168474099521233711
0.63476990514436781865015
0.63477191410947952920907
0.63477417736688990235194
0.63477633656644683046721
0.63478470456064428617537
0.63479638966479134953858
0.63480494789194841231961
0.63479392886341123869443
0.63479197963626832201811
0.63479096645931709641530
0.63479343239449881330927
0.63481428760393932009265
0.63481125207223021433833
0.63481177344013739460848
0.63481403126368252110012
0.63481713249338989069059
0.63482555131910145540530
0.63483772186296516526482
0.63484601105382010288736
0.63483454276603157317993
0.63483151820408767473936
0.63483065068815092146792
0.63483386144667086625759
0.63485257479853474116283
0.63484970411355035047052
0.63485136204491576794595
0.63485473200917286185074
0.63485786487472661843157
0.63486713740326616850496
0.63487799964331381730176
0.63488881778414840706404
0.63487410185543569074440
0.63487090609908036764608
0.63486897653404816832534
0.63487154777921284143360
0.63489136811210955535500
0.63488860218058329465407
0.63488982299569440836962
0.63489330795900655868280
0.63489887465175354197555
0.63490834365568604713559
0.63491985166060693757117
0.63491412631983923375856
0.63490920945112738760230
0.63490829857823882775847
0.63491174413800521847406
0.63493151125836855275253
0.63492798808341688321377
0.63493060611606455534428
0.63493655006890070691128
0.63493267309643808271602
0.63495365993657115755155
0.63495390581104749205821
0.63494878336982063515848
0.63494990542103724173728
0.63496823890396858480756
0.63497130330490658689513
0.63497315408680765624894
0.63496883466987230626444
0.63499106832453333648658
0.63498923378992655486286
0.63501153986065561607433
0.63499132197368102215052
0.63493112324611888919179
0.63501924809511578473575
0.63499718992843778853086
0.63496279490807805423458
0.63482813642192681413690
0.63269283178866619898884
0.63274909036097326531234
0.63287304397986776649532
0.63289339497507102194618
0.63292836719978395887409
0.63290357781836192874181
0.63294707943297545682526
0.63294758449876531436473
0.63297029620342082356643
0.63296498601348549772894
0.63296292645626694994831
0.63291541150121211067869
0.63297833638768685737830
0.63298826812634156890880
0.63298869608062213742983
0.63298736731661897625401
0.63300907150095808706425
0.63301140095043739730585
0.63300607728692603881626
0.63300566883767883652467
0.63299072727879113209326
0.63300065180028830535974
0.63302209225343830656385
0.63302424405566426468539
0.63302563010714896218900
0.63303121400946826824452
0.63303391768510719472829
0.63305297434354645957910
0.63304763947319486749876
0.63304411545908068070787
0.63304264730998927035444
0.63303765669787004366498
0.63305523251625772651607
0.63306057888895894691927
0.63306321983335123171344
0.63306648659674080725779
0.63307013474057205471013
0.63307447182527309958999
0.63309217749709545408621
0.63309613163962186188627
0.63308923098165814646876
0.63308533082314000228763
0.63308119324533829175294
0.63307922488571666264079
0.63309950622549704402076
0.63310249832198495223423
0.63310758295747382451424
0.63311120465742787288832
0.63311405649845708953904
0.63311855348675172283635
0.63313606243384257243889
0.63314118956924991810098
0.63313255359105380382090
0.63312916127974860902583
0.63312423253887561980235
0.63312007548233917297864
0.63314152957538272215032
0.63314572480077779825791
0.63315014577309602916699
0.63315398051367588472260
0.63315816678531622319070
0.63316328730553794734703
0.63317996214579275182643
0.63318417434148832612095
0.63317592300629876866935
0.63317172863490356338190
0.63316701578700451680248
0.63316318274760707840443
0.63318496350742148326418
0.63318889090856067536350
0.63319397389220444249958
0.63319818198873956127670
0.63320137013339028442260
0.63320439570750208790884
0.63322207850821776720096
0.63322467391420489413179
0.63322009672279400138706
0.63321666041376711842048
0.63321145823760038862105
0.63320685378676622168115
0.63322922544768422969952
0.63323423767957787156035
0.63323889034599112335400
0.63324120562085339791736
0.63324297541877960782131
0.63324585644002950868270
0.63326425380539186349438
0.63326817894773013151166
0.63326232860370190724808
0.63326023533992492620115
0.63325657221014386433211
0.63325151085534781003616
0.63327359458743537334868
0.63327788102864324137897
0.63328108174634800686675
0.63328335283618519824245
0.63328648601816683871846
0.63329086954429669731326
0.63330880063725303319444
0.63331302753284690609803
0.63330514426225081869859
0.63330188103931239762545
0.63329864027388993452661
0.63329510494337282189292
0.63329455617696950309181
0.63331581168684880633890
0.63331613964991462228937
0.63331966437519360280106
0.63332346504839709400159
0.63332719713880669676342
0.63333108086022438243390
0.63333439728489326903116
0.63335224560349490108280
0.63335478406195466760664
0.63334927337813207159911
0.63334556414513676347866
0.63334130730369109230082
0.63333726541633728057690
0.63333696827202712320570
0.63335831986598944975952
0.63335888775283855078868
0.63336364095358754777720
0.63336781817424270268901
0.63337076303407069399753
0.63337300792514816816237
0.63337495502253160495343
0.63339346308778232685910
0.63339555559226334846556
0.63339183049820124704610
0.63338965415830938976427
0.63338590633870939239358
0.63338101570595017886234
0.63337985605728686078209
0.63340177127306784843341
0.63340306633615750531163
0.63340771335295875665850
0.63341076070238866435602
0.63341269663271526635384
0.63341450713115388104768
0.63341703201889387742085
0.63343623400912718590661
0.63343898155329869670283
0.63343364353101871966345
0.63343175457123401805859
0.63342900286281678123856
0.63342480207344498133182
0.63342360060702596058491
0.63344484019787494766263
0.63344584086098498776352
0.63344987587049017552232
0.63345262791666745449959
0.63345523340938281187107
0.63345813363859482247875
0.63346096864782397428684
0.63348013169131833777215
0.63348241390365955805208
0.63347711639904813463176
0.63347412183300788601770
0.63347099303791509772310
0.63346672608906862134148
0.63346590950978398648630
0.63348706349759864586701
0.63348784965401905289184
0.63349253183104092812528
0.63349602632170887162033
0.63349885285650076038877
0.63350155512285843961706
0.63350363259670350313257
0.63352269989765264135428
0.63352453578399170464053
0.63352044151629527402037
0.63351794489778823216142
0.63351467477959066965099
0.63350972023654472664589
0.63350855550978091290659
0.63353050799339205578775
0.63353194438773829944012
0.63353684911236718413363
0.63353958875257865290820
0.63354161038731982014127
0.63354386544533225489317
0.63354569734033372441218
0.63356506945085122595174
0.63356708705534348080590
0.63356280755427851758554
0.63356102997486696271068
0.63355868397388126478376
0.63355399809252543885663
0.63355275559747081803863
0.63357449336687232666065
0.63357563334121480558281
0.63357990823419596537747
0.63358237779985171478359
0.63358431717681817918475
0.63358678479195718047379
0.63358862909510427208204
0.63360875242322667322270
0.63361025345907973083115
0.63360601753552470150055
0.63360357699897962291402
0.63360104998322375191577
0.63359669059944501157133
0.63359583327860913293250
0.63361661206177999350331
0.63361737728124012392072
0.63362221892187198246660
0.63362524728065861001625
0.63362772753056528785010
0.63363030835378764127341
0.63363159405431079829185
0.63365161697704608378956
0.63364931871973628751959
0.63364697568883454614763
0.63364374271930823390164
0.63363846220498765138274
0.63363739019924125717154
0.63365850021699643424000
0.63365994449183149495042
0.63366566329964690851284
0.63366880706018147151326
0.63367057786342972924842
0.63367263548189645128161
0.63369174189858035184386
0.63369355735605414903233
0.63369023305323002315248
0.63368770987193456800668
0.63368218717752244906194
0.63368041144511821904928
0.63370293435082991617691
0.63370440843570474687141
0.63370951468214198332163
0.63371156090578062425323
0.63371263637084740416583
0.63371479410745423788143
0.63373391765217168547508
0.63373618993619107442328
0.63373271604612990692829
0.63373097841689274289934
0.63372642710351634320887
0.63372538847669490635894
0.63374739406814828424075
0.63374778697903999535868
0.63375203724069961719323
0.63375398278932315587753
0.63375568447402508276411
0.63375796179512222661145
0.63377729548017314176178
0.63377987998314910811359
0.63377573318530155965789
0.63377327183022835743742
0.63376883960677454776800
0.63376861020478925112798
0.63378938364029302476865
0.63378954311502244678422
0.63379456451425286722667
0.63379723642072660627633
0.63379916477005515673682
0.63380153277669182276810
0.63382074716676861658726
0.63382316071752797803640
0.63381896141207638706305
0.63381611541868587700321
0.63381063395502978963236
0.63380998935987575837459
0.63383101901455773941052
0.63383212145591505404241
0.63383789552687719304203
0.63384056883274075833157
0.63384215689482481526085
0.63384449779117979506537
0.63386353249617122251891
0.63386588755257444738334
0.63386201872691927405867
0.63385944184946174662088
0.63385390802046082114884
0.63385256426946334773476
0.63387448185116457288757
0.63387580159734313589581
0.63388112191623802171847
0.63388362130981468212099
0.63388507778085179111827
0.63388730508731128132638
0.63390664974333299497289
0.63390867251123073078389
0.63390529890650104682948
0.63390282508831841123964
0.63389757872634611146623
0.63389653071356888425214
0.63391834397873214612673
0.63391939488439585925761
0.63392445607908298743638
0.63392695967012824276310
0.63392813073766296483313
0.63393007810997326068048
0.63394965746703368925097
0.63395141251279840677313
0.63394874768190989655636
0.63394642089813957319677
0.63394093289378294908687
0.63393991978014285759713
0.63394070293983517672132
0.63396216379936765061842
0.63396134392702085946780
0.63396259758549911023096
0.63396792925220657455299
0.63397041700310330369916
0.63397113358261003579486
0.63397306837175237959059
0.63399279991490120611530
0.63399473333291966881120
0.63399177105188175840311
0.63398939611102012037236
0.63398411235744733804864
0.63398284705689267326534
0.63398361102185452065072
0.63400519838280566808919
0.63400437223093275562746
0.63400542829817640999579
0.63401068167911556194838
0.63401309292922680693749
0.63401403294988212255845
0.63401637141221656168710
0.63403557589748982259437
0.63403779429368201103756
0.63403432800809911285000
0.63403198806735150405700
0.63402689331258565985650
0.63402585123370869268911
0.63402668114729454629241
0.63404816153518905874620
0.63404719449663171637610
0.63404809839971643103951
0.63405325544069335297337
0.63405584409437265591691
0.63405691730391866567373
0.63405898102174984565238
0.63407835028275838507028
0.63408005396718170043613
0.63407762054902017112568
0.63407478254540394768668
0.63406949307638504897966
0.63406838749363725327157
0.63406958094202903186698
0.63409074319665603702845
0.63408984666501944094108
0.63409088425003012901016
0.63409637043332622852176
0.63409908029256367711923
0.63409976628358966088683
0.63410125686578877601818
0.63412094318091050126895
0.63412263373102883967647
0.63412040708990002890744
0.63411798426881582635417
0.63411252220034686200023
0.63411111035181699779884
0.63411184522134200758359
0.63413293532588721479470
0.63413252431845712475678
0.63413398739011883620265
0.63413939249590167701598
0.63414187410703459768513
0.63414227744154305632662
0.63414416566271947228728
0.63416381894636097982243
0.63416581299374508162714
0.63416320468268339016760
0.63416059527832435716022
0.63415535063714811858659
0.63415390534811810763216
0.63415425357026566910434
0.63417535080643194778105
0.63417535786579204426516
0.63417662587544398888895
0.63418180418333103265383
0.63418459482223199508155
0.63418530385004956428929
0.63418719274288293252795
0.63420668128183654843610
0.63420821247013692278927
0.63420597556545676987128
0.63420301435940529266588
0.63419786043221726412611
0.63419654131781888484198
0.63419675323742130679250
0.63421800560228558385489
0.63421785821628262613814
0.63421918301997481925980
0.63422445493192258769710
0.63422727013734270240519
0.63422768088185543788882
0.63424860316375664126554
0.63424863469235770452315
0.63424585006001688025634
0.63424047092248891921429
0.63423926960405763164630
0.63423916479520658917579
0.63426026603735730091671
0.63426049600992284727141
0.63426194057313767249440
0.63426714241070059063787
0.63426981940707261031775
0.63426973720492951791528
0.63429089572657126883115
0.63429122124498271695359
0.63428835063270039285044
0.63428327828793651388395
0.63428196001202041820477
0.63428127323138716597839
0.63430232469735436939828
0.63430304977879359284998
0.63430446351036584573535
0.63430945581134023925074
0.63431234231358735176087
0.63431299295734877574660
0.63433392619067630047169
0.63433467983188829286689
0.63433066214648980984947
0.63432554715310296433728
0.63432395808171437856515
0.63432315803775951579269
0.63434376500316114189104
0.63434493152331661303123
0.63434640669146635794107
0.63435191644505306562962
0.63435565596412479827393
0.63435619028518486217649
0.63437681031145287668949
0.63437701800744583646718
0.63437326281983852371837
0.63436765971086572779569
0.63436604214460090567229
0.63436461418287670710470
0.63438548290776686222614
0.63438721363520511609124
0.63438902685165476924567
0.63439447023044803763980
0.63439766698490418495027
0.63439741961671214376395
0.63441836673565465964941
0.63441791006270076280771
0.63441557277835614048200
0.63441039534350041062538
0.63440853494315996297104
0.63440662279982007465406
0.63442784299476984166688
0.63442984601736729377564
0.63443137192192444739902
0.63443625543811832390162
0.63443903281638358571115
0.63443885673959576898540
0.63446026809843136806677
0.63446040288347849145367
0.63445716314670352886651
0.63445234862520294427668
0.63445098186364168313389
0.63444902810585135366495
0.63446997943202365632942
0.63447181297020305290602
0.63447314906607965578900
0.63447824188749479823457
0.63448185981590821125309
0.63448243348496680127369
0.63450377476156838429944
0.63450420925431116891957
0.63449966918676636851160
0.63449426157622801358826
0.63449267204089276894763
0.63449084170510905433815
0.63451143092898110165123
0.63451362683314449508742
0.63451551827925567472732
0.63452127344016517884739
0.63452540397236145697235
0.63452553840801118045789
0.63454645862288472368817
0.63454617118794465202569
0.63454290529352697092236
0.63453709699866478466390
0.63453486038951700809463
0.63453227104193277163802
0.63455348764001395789336
0.63455634896413737333631
0.63455847523482655780924
0.63456361578471065509888
0.63456714973973904481142
0.63456658727338888237313
0.63458742163888426368601
0.63458722780466247925801
0.63458426167652592919666
0.63457930723533084726995
0.63457782450330513235315
0.63457485718156914078492
0.63457360772922133396179
0.63459481456021837875170
0.63459604984432904650760
0.63459871511084109396705
0.63459998642936421564542
0.63460458642825812169974
0.63460810477634366222333
0.63460813694754847347212
0.63462928778767546678097
0.63462946033529343825563
0.63462524305124112800058
0.63462035993949639234302
0.63461919125812171760259
0.63461674782078991707834
0.63461523826313059881699
0.63463555044973596341862
0.63463686753238335302996
0.63463921278673451897845
0.63464086441408429362099
0.63464648498709075319368
0.63465087117406726591184
0.63465069975476451347163
0.63467223996831156895837
0.63467157123604689417107
0.63466799026574161057823
0.63466200895606939003102
0.63465987737351303721312
0.63465692781490723461957
0.63465549777284258059495
0.63467545536704472741718
0.63467723189230440539177
0.63468100602145993693881
0.63468349599349671574799
0.63468921786639531656959
0.63469310691903890742083
0.63469212308285594126289
0.63471340571542966824126
0.63471247876244463181905
0.63471010279358197614386
0.63470497956228721925243
0.63470256427755855632711
0.63469831032637358259052
0.63469608364472929196154
0.63471761419551742111622
0.63472010967160963357259
0.63472407394697305527131
0.63472579235352222237765
0.63473037788181052576419
0.63473364950911781434684
0.63473321152210504525470
0.63475424563374627240364
0.63475429850213838101070
0.63475038682326467842643
0.63474620202338338792458
0.63474529021266312689420
0.63474182649536536882096
0.63473943257736276102321
0.63476080065172424404807
0.63476303273634038237816
0.63476569285433726008705
0.63476617815060820682049
0.63477095727123844515205
0.63477543223073795708444
0.63477553959842869524266
0.63479690420303080955478
0.63479637897681062685962
0.63479208837277334431803
0.63478676302834313727175
0.63478563450432534676082
0.63478308760321244808011
0.63478131925966940762862
0.63480085018523313422634
0.63480244527270457410850
0.63480546454985031790130
0.63480769895507538347346
0.63481365704473957656262
0.63481789038167135696966
0.63483455975181768415894
0.63483813274845479757147
0.63482874126434296613297
0.63482596157477699794214
0.63482185763381793197624
0.63481982551120841318237
0.63483928318653914946168
0.63484219920758477861966
0.63484676213875979033929
0.63484977073739690123233
0.63485460606024868290831
0.63485763736107692079003
0.63487406634003196170823
0.63487692453120159186142
0.63486990992902858632618
0.63486805294467019145088
0.63486320587956224237303
0.63486004391977290950422
0.63488157005099099539080
0.63488476911615931985722
0.63488884589169702898914
0.63488967753930303228316
0.63489331215258315577188
0.63489655296457714328540
0.63491321998084293554143
0.63491664437410044730115
0.63490942242980152876441
0.63490897432743054196180
0.63490588025433114527374
0.63490329584186377953614
0.63492414260285678917484
0.63492621519438074972896
0.63492882327154798183244
0.63492951579278933404993
0.63493381657340908219567
0.63493709609641901803201
0.63495425505884106609500
0.63495740082298190998245
0.63495001587642041496196
0.63494861778394207085796
0.63494566387547179964201
0.63494372224807504867528
0.63496245045025234698954
0.63496477220726099677250
0.63496851062147441346895
0.63497019413335087367756
0.63497424170965566236902
0.63497836890063863446443
0.63499421818832779695896
0.63499988706676291361219
0.63498955333185425065068
0.63498810145847739416780
0.63498409686055434786311
0.63498146782930520171107
0.63500146335774187988932
0.63500377366643478982411
0.63500705792634182245138
0.63500875031952841442973
0.63501493765740690822241
0.63501925019764082769314
0.63503575231716868909615
0.63502955665567217824474
0.63502647963886904580733
0.63502351917326604890945
0.63502201539034663912986
0.63504196198061035882887
0.63504326027531732279385
0.63504790727245119530409
0.63505196519055406856324
0.63504840661742567586856
0.63506906095249215926657
0.63507123863910119876408
0.63506410668851320799888
0.63506052811783708644811
0.63507903166675783168671
0.63508667565828313961163
0.63509051331045185406765
0.63508620845875307647788
0.63510648492819155030986
0.63510019565973663269176
0.63512267387504472981874
0.63510678120519170608560
0.63504661684492558215709
0.63513054780744371274892
0.63510744016925058108569
0.63507424479472851519546
0.63493838567435978426090
