0.20756270682367461422047
0.20753686395706175127351
0.20790052655173132944988
0.20787907151877063616219
0.20799967300705929362792
0.20785126258257333176083
0.20798684282532428624357
0.20801682834986714998315
0.20800873953388540615883
0.20802267409074173820649
0.20797214397042801392601
0.20781796831923154966759
0.20795474590290785599223
0.20800054205462625844802
0.20801616926105029325988
0.20803826891342647176231
0.20803057263485807970582
0.20805923328713474274032
0.20800989556819607373406
0.20799298514560191075695
0.20793457675839072118507
0.20791152404849197465886
0.20798396955651660134023
0.20800519260384994768565
0.20802439051588036966756
0.20805100217449057353747
0.20807884962677292151056
0.20807037147780499397598
0.20804379801135497451980
0.20801837748945717354587
0.20799962532228805089929
0.20797477569930056251479
0.20796878008248417812887
0.20799499730210702086453
0.20801243341405398212807
0.20803647912574579903477
0.20806211906323002214236
0.20808743311975955170290
0.20807908011969367123584
0.20810346499719831192543
0.20805463754428557554554
0.20802948996381090407404
0.20800779724676601856181
0.20799145690486187110224
0.20800403375007164852306
0.20802321967573450534061
0.20804742993365815673101
0.20807177273922622395830
0.20809554118345413575852
0.20812233486256284664684
0.20811442814012340307706
0.20814236369289190742293
0.20808850478033660835742
0.20806445328287118123889
0.20804072611080376420389
0.20801840991644390821413
0.20803579434845126394649
0.20805829513434626054647
0.20808119837469118973416
0.20810669069022827426529
0.20813460141143128034891
0.20816259448208718207951
0.20815426283774277060878
0.20817953896437377259154
0.20812691993508300458693
0.20809988098517226418060
0.20807543056788138646773
0.20805305878452734491546
0.20807084256460817162093
0.20809345946073887212435
0.20811973794177876517786
0.20814709623222840684242
0.20817218651784466509902
0.20819409030153918083172
0.20818698961764176003086
0.20820831088677685394295
0.20816516855396990925975
0.20813970068038639693597
0.20811311894360642882340
0.20808845103915746266310
0.20810793204819408308559
0.20813264344823581564192
0.20815775075402728755414
0.20817995254890211964671
0.20820129052355038079547
0.20822384644065011771730
0.20821601399816760946671
0.20824205916017798911888
0.20819410434590721048487
0.20817311903688665020162
0.20815129047802022332903
0.20812695533285416327196
0.20814530719618587473185
0.20816691025175718121609
0.20818765251186702180952
0.20820896150826692649893
0.20823398723801186949167
0.20826131084491139588977
0.20825310129882912413279
0.20828025726096147107747
0.20822686052803235368103
0.20820242457979418193581
0.20818140992510553166639
0.20816184670854509519700
0.20815577661367221096178
0.20817083019416812716962
0.20817684698864166725762
0.20819641551104031695907
0.20821941796255691303763
0.20824566912551495390105
0.20827285137750481402996
0.20829760936448596386761
0.20828953070706110461963
0.20831271382747104659039
0.20826463995102245663205
0.20823835815286176331718
0.20821319918774097712522
0.20819206816573890272970
0.20818538264680094829195
0.20820047621816437088960
0.20820828464163346205318
0.20823183626298330528570
0.20825717131733795239867
0.20828199444621522951060
0.20830485697785067200627
0.20832690114809235271132
0.20831909106478910254090
0.20834188281943977205657
0.20829739621220774714594
0.20827500944964924545211
0.20825011122428280230245
0.20822623623215896770944
0.20821641221604536564627
0.20823398810387905299990
0.20824451779643746163195
0.20826754232825009371943
0.20829006880394373979470
0.20831243001539376247244
0.20833451232885755177726
0.20835875019832358900906
0.20835149770881369879483
0.20837656138493371171805
0.20832692831233204366903
0.20830504973793950718175
0.20828342526875617823912
0.20826218587225550638031
0.20825135235043226722418
0.20826726236430154193258
0.20827806427920025900136
0.20829853005273460397895
0.20832010364839795291125
0.20834380781076905497784
0.20836867893352509217841
0.20839453257286466580922
0.20838663924798178639364
0.20841086242752551727087
0.20836152212334776989699
0.20833705692850948421047
0.20831392698099154836555
0.20829335705398477340822
0.20828239962112116145931
0.20829717647158677018560
0.20830893083800330889410
0.20833061397928046010186
0.20835474413090659950853
0.20837949846149539379070
0.20840345169209711917446
0.20842712604718499624923
0.20841953591151954339189
0.20844286952154453262942
0.20839618242500990152877
0.20837245928419351193028
0.20834833294118765278924
0.20832572136706092869041
0.20831254875323437780743
0.20832853522737698748202
0.20834357261531830096679
0.20836593344688075779558
0.20838899285387033066819
0.20841186175040338213194
0.20843529921626394174616
0.20845932063913039100633
0.20845103917383536740182
0.20847646036079786613371
0.20842717563253682078184
0.20840474042903608942190
0.20838280453064791930551
0.20836051942022576488611
0.20834562102741510658532
0.20836166319751614484090
0.20837718727758708370246
0.20839763371246441958640
0.20842042984724445942035
0.20844366646302064927099
0.20846832472418524995206
0.20849328136086794915904
0.20848614132067824766814
0.20851083810656390049587
0.20846103462818493801123
0.20843598237478144774570
0.20841325217132539160403
0.20839234201758377595937
0.20837702352744685851960
0.20839143624677886057484
0.20840735113428240921074
0.20842894274447812397177
0.20845353121571286170166
0.20847844227600381694643
0.20850357180221501529616
0.20852706244030375093423
0.20851952702587667198841
0.20849596063845290960792
0.20847124556778356962994
0.20844643043279786898125
0.20842343975585034265841
0.20840609717514035903463
0.20842104884025719480078
0.20844036749816241549382
0.20846450377196193426421
0.20848931440374518508918
0.20851232230371280484960
0.20853516552155884622444
0.20852798746015674402621
0.20855019410137010105188
0.20850571330126091429413
0.20848230071191115042595
0.20845896982129782926130
0.20843764353812374579000
0.20845566513886618076334
0.20847700465678567494088
0.20849904384474657326187
0.20852089746838819994679
0.20854286963939133725532
0.20856605090819810288671
0.20855768050850539974128
0.20858198989199730477573
0.20853562959892552042263
0.20851425881216881230706
0.20849395651627972148034
0.20847303778614184599505
0.20848959441227227218363
0.20850879094187552142969
0.20852859319279878902442
0.20855039910614009412981
0.20857412468595537546889
0.20859826036749487543354
0.20859051476912562894661
0.20861556509773263035079
0.20856663385626778017823
0.20854313707397534316534
0.20852312298449054983607
0.20850465177140195538463
0.20851905824553518264963
0.20853743126785084793795
0.20855891927623207426912
0.20858322879043131314880
0.20860830330557050826812
0.20863247828075801026948
0.20862519071840088247249
0.20865013725568945512912
0.20860069527031196989775
0.20857582961076520655652
0.20855341474412714131148
0.20853330450812196383836
0.20854867697662168857242
0.20857034440581403988979
0.20859383506279044473430
0.20861818287316258313524
0.20864235714947171329570
0.20866680730281994549102
0.20865951594364073873322
0.20868382569242513446817
0.20863563002581933525370
0.20861130491587859259184
0.20858809390991628340828
0.20856588029076808532558
0.20858367296077295893753
0.20860602693084459580142
0.20862854945735856415645
0.20865256727757797161615
0.20867667217875618401735
0.20870078023823432356032
0.20869341889708345472165
0.20871704826492362694346
0.20866922449056918287269
0.20864539122890787825604
0.20862313215435732138836
0.20860186073097819470235
0.20861868813159076263553
0.20864021781309852188180
0.20866169701230741218012
0.20868575015709608933001
0.20870939186142356547293
0.20873310526029389966318
0.20872527325274820020340
0.20874836785667216787488
0.20870197186984790205244
0.20867873046708618200995
0.20865608060844978433046
0.20863514419474096794893
0.20862873864493280962051
0.20864373033474165053391
0.20865138753068757093700
0.20867256866383951385835
0.20869447679040750709412
0.20871853010136723338697
0.20874109294911916134829
0.20876458479230824982764
0.20875775011721023344258
0.20878147463377791370753
0.20873393914119928171935
0.20871072559788950151471
0.20868888847972838496148
0.20866764091112563472841
0.20865961741164626430667
0.20867544430966378232739
0.20868428862650659216804
0.20870504391538324817645
0.20872656489795182732649
0.20875009631208665816793
0.20877385564994010991313
0.20879862536244170323485
0.20879087536143176029313
0.20881542961577431727349
0.20876630166293783097409
0.20874262022188691534375
0.20872133266198891754506
0.20870038273663291117366
0.20869124865013072289699
0.20870658110410100771759
0.20871654256391061754705
0.20873705268829034764622
0.20875919407353668577620
0.20878332620665152052908
0.20880777722124976847340
0.20883181281313373256481
0.20882451917933694818252
0.20884793809449331281058
0.20880083528549661653351
0.20877564934631034909707
0.20875332600603724308996
0.20873224774928927915951
0.20872213709218434551929
0.20873721536990649805254
0.20874856411329215100103
0.20876973426886027973559
0.20879260636519419991330
0.20881702163081905521125
0.20884123898163092780678
0.20886403357665891955541
0.20885663794453462882572
0.20888067960399794853465
0.20883340428918059639152
0.20880946700484975808720
0.20878693122800101589220
0.20876461968544041125639
0.20875221173275404495939
0.20876812010001397079684
0.20878175470648077660663
0.20880373820801076401033
0.20882616441217274894093
0.20884957846582136165026
0.20887317391071208438902
0.20889700828419424660787
0.20888972085904836117898
0.20891414808346761566860
0.20886606772462690262415
0.20884239248796163113120
0.20882063156917105017918
0.20879872178418318329207
0.20878432754632536560990
0.20880053275000143298001
0.20881594745331910623065
0.20883695906792826280096
0.20885853457088532358910
0.20888262790250491929278
0.20890685377406301159731
0.20893049167237615071357
0.20892323728624953571575
0.20894607946448925939187
0.20889906892413612204962
0.20887484637371983575704
0.20885331385253808056390
0.20883248039811638796515
0.20881666225719125451477
0.20883268779042879481622
0.20884832406711520413900
0.20886957283350340852657
0.20889136822329415488220
0.20891531690813044952471
0.20893854969288000456018
0.20893126355626651102781
0.20895395540673783463248
0.20890781952646081398584
0.20888540687235079840178
0.20886437737022583993607
0.20884751879958748932431
0.20886222366809781281205
0.20887997207297909207924
0.20890168850671594902302
0.20892326030238592138311
0.20894693341427070243377
0.20896958944182220108132
0.20896216040661644286480
0.20898631998570146861560
0.20893896894035179911953
0.20891732856015557406870
0.20889614566858882849232
0.20887731594577552129977
0.20889275071339624689770
0.20891201474559853434876
0.20893335425975365082785
0.20895436775691614283978
0.20897865737096313343280
0.20900376962928193802504
0.20899597612703382787380
0.20902152530713261069373
0.20897131550297157187579
0.20894930940559677812196
0.20892767732643166556095
0.20890785931704375366635
0.20892318777179880173733
0.20894400908717694620442
0.20896546420863734705442
0.20898846133675402780838
0.20901434298649770870959
0.20903910698215655283860
0.20903146869263211637957
0.20905527717925240227537
0.20900596359139828050999
0.20898288903538736471788
0.20896048361901198298085
0.20893903204240954485371
0.20895561981688315356109
0.20897769135603436185811
0.20900009097368840715880
0.20902311146097435345936
0.20904724712600383784711
0.20907020894090355689343
0.20906224213871613115678
0.20908446537572974999186
0.20903910574151510215479
0.20901754945426403997644
0.20899472347179456899191
0.20897225259286877907527
0.20898925049624594851849
0.20901139908168619996331
0.20903324818619992142565
0.20905448310775351372648
0.20907679451164506989613
0.20910023349171186213269
0.20909302199193632865182
0.20911696250101019511902
0.20906915907063683413014
0.20904843531967751135703
0.20902735523304377673881
0.20900582340180801077523
0.20902204533063412084104
0.20904275046836881535306
0.20906323192714201808506
0.20908465633263534355635
0.20910974618725189366764
0.20913552184266193112450
0.20912753650956869555522
0.20915289737760592303495
0.20910178136276239002633
0.20907932737898862751713
0.20905800370827426482023
0.20903742299802463566749
0.20905276107055950629565
0.20907400603889214618647
0.20909642066794384418493
0.20911976507551119364159
0.20914550917772445348675
0.20916974678179930946520
0.20916200843639137785246
0.20918523608685180015243
0.20913799144756856085436
0.20911443774017701713319
0.20909089435059285966290
0.20906841357048783214267
0.20908579748155023403378
0.20910847997880199766740
0.20913186834782143685985
0.20915401830030941332517
0.20917786627009241073871
0.20920034217372782125999
0.20919231175543795409055
0.20921652074957569622526
0.20916931345548472886975
0.20914811341526667876067
0.20912637439494879965096
0.20910318024350788013166
0.20909612827342230478855
0.20911343880217075907879
0.20912073785102497369692
0.20914245640568543405102
0.20916356086487303267418
0.20918393128818249526724
0.20920803485890590578400
0.20923305785500589948356
0.20922504016505974466789
0.20925054215958477366044
0.20919983250054746681812
0.20917808227614900773439
0.20915749422800361534414
0.20913667296105337145562
0.20912885238773937235379
0.20914392668345815895492
0.20915160945481117704681
0.20917164727118719991239
0.20919339205590312125160
0.20921681276461329135330
0.20924303803245736244065
0.20926751050348152416447
0.20926023064873644496942
0.20928312366953660816904
0.20923477461722819747969
0.20921045995084128210628
0.20918728534378788763703
0.20916654124037822870541
0.20915816857789118476951
0.20917215904235955670210
0.20918171196750307005985
0.20920478368265951751859
0.20922863669159955102295
0.20925213385494584317215
0.20927586991217625445039
0.20929800864019384998294
0.20929016511288708879412
0.20931224065122452926424
0.20926826001647175212739
0.20924700873911369902736
0.20922285532819140385641
0.20919870187918779280700
0.20918747035897394814796
0.20920453932434857069467
0.20921700011201149749240
0.20924075443946388297434
0.20926256564377981872482
0.20928279176154435115009
0.20930451170399028137936
0.20932815931996254232850
0.20931996159637647481055
0.20934504706694431752645
0.20929621529204800456370
0.20927687667793196113486
0.20925686165896265067410
0.20923524330119419589735
0.20922268348967451578879
0.20923933621992332754225
0.20925214002354103337566
0.20927119058742904567083
0.20928992245894503798631
0.20931132791783249591511
0.20933704834483676804346
0.20936306778322491539690
0.20935507493303209813895
0.20937986683751486083338
0.20932817027497427342375
0.20930515504046473540534
0.20928482000629422543625
0.20926607340987574135127
0.20925452491350315931129
0.20926744020580240190910
0.20927920140427799799987
0.20929883126023970940643
0.20932216242815546158873
0.20934695175712766945786
0.20937224596750173000181
0.20936478220266130367833
0.20938776474080780798381
0.20934030394891223192388
0.20931546978089027311043
0.20929300996400576617695
0.20927993787775331369083
0.20929330910595769776883
0.20930973044303460839366
0.20933365271911341665145
0.20935848738725859607968
0.20938009080154804109064
0.20940148524172744193272
0.20939375495026518736452
0.20941416232012613485303
0.20937415956438212849555
0.20935236238271770492503
0.20932807062775796169696
0.20930956639868683599737
0.20932713801352395566191
0.20934625357907926668233
0.20936862361753144634591
0.20938784183363293167623
0.20940595737546902066484
0.20942775413698233588633
0.20941943354115039044316
0.20944122695672148792845
0.20940021586701784706008
0.20938181009978087954160
0.20936248102696938810929
0.20934465072162530829836
0.20936031947510708173255
0.20937633947283665336592
0.20939394357750981678912
0.20941298570782151955427
0.20943360954527182049567
0.20945571264774162645317
0.20944793015258122981237
0.20947011145851182623012
0.20942743642621039490415
0.20940703688620265765508
0.20938885979127094816299
0.20937347261507377460532
0.20938522859849062474069
0.20940189556205837662084
0.20942176815058785588342
0.20944223065083156232191
0.20946239300183788767384
0.20948678990937225075086
0.20947774731392271307939
0.20950651655936217143683
0.20945632469023597876934
0.20943664614898863107761
0.20941634271830275593196
0.20939773240286929656406
0.20941292804787672854339
0.20943110425786728989728
0.20945003921402277624608
0.20947065515505502997229
0.20949668284741923551806
0.20952068436458118338983
0.20951443701513364215039
0.20948825005176674451945
0.20946312819934864712934
0.20944487504549755274574
0.20942793653805769071852
0.20944072388663678707665
0.20945692983270797205009
0.20948021206576208919081
0.20950803482013269363193
0.20950653416517303617717
0.20951060723284203879402
0.20950137160166218408541
0.20947222634073439651026
0.20945165373228000205152
0.20946543790832694575954
0.20949460993537200037551
0.20951217761592089150469
0.20945973044404891938441
0.20951173718413818036765
0.20948906387848270638230
0.20951129204000359940174
0.20947425130940716675454
0.20926681984459991059389
0.20948499804884712638398
0.20938295683912763744949
0.20929367795690465015035
0.20898800445316320639755
0.20759713270343904678583
0.20757381964766621895713
0.20793494388605360256861
0.20791603117746362827667
0.20803404161441002573341
0.20788907910853010596597
0.20802376426299906686523
0.20805113510164269241542
0.20804560585412532058847
0.20805691753158536694279
0.20800993611407081473885
0.20785638428565669788561
0.20799317858332613817574
0.20803829282879501838543
0.20805297578675621683608
0.20807244985569206541243
0.20806731942403300372746
0.20809335159801606307539
0.20804760232404009845375
0.20803141664459118276298
0.20797367576165032287960
0.20794976282333602068952
0.20802307040787862413289
0.20804361667468834751205
0.20806205478369380057480
0.20808768992645809703390
0.20811290507046964481930
0.20810699920633846105034
0.20808142016764766268899
0.20805679195245402324232
0.20803871964382500414636
0.20801306297111632481744
0.20800553075108499379020
0.20803332652193134988394
0.20805152046124039677544
0.20807488423535538957232
0.20809969831309166332645
0.20812399856046720492131
0.20811661627034433452721
0.20813996634009349073757
0.20809303274109203218956
0.20806857135286085935810
0.20804616657523658518336
0.20802819073876038791227
0.20804076178840338884335
0.20806162914036785416272
0.20808650389863289631442
0.20811015666288140701923
0.20813303535351604378612
0.20815877231385310208722
0.20815188105681378671896
0.20817873701606492975458
0.20812687575645316684358
0.20810351758747719363996
0.20807917567024114546825
0.20805518415149432120970
0.20807261655718176096563
0.20809678653877672349637
0.20812025279656504173076
0.20814504705536940321053
0.20817201191627224265979
0.20819890225952666917841
0.20819163070386692560021
0.20821577888359854568989
0.20816526159629300529730
0.20813892638195774509313
0.20811396320848268848280
0.20808992532022771437816
0.20810775198707062716430
0.20813203212219452686860
0.20815877341265023869887
0.20818542293130370968157
0.20820951282206809351827
0.20823026131748220701745
0.20822427394295900393573
0.20824441290844436514007
0.20820347803910804751482
0.20817872446870253066997
0.20815173146881230104022
0.20812540194801520954115
0.20814492641151563501190
0.20817129613567933454910
0.20819676137036330354491
0.20821824182176287831858
0.20823853165361264072608
0.20825987898832254430204
0.20825321175463712419784
0.20827802098965578214695
0.20823237319351009522173
0.20821211718308085814044
0.20818998271382174736210
0.20816398966580049179065
0.20818238073274764055043
0.20820564123878765316888
0.20822663739389873915897
0.20824720895967893663503
0.20827114251294615021592
0.20829720116959141162916
0.20829021516825557691632
0.20831607618818592797538
0.20826508610372462815263
0.20824139489787837908885
0.20822017747908350138175
0.20819895712133196230553
0.20819220299511159710804
0.20820721874658626449062
0.20821399474807050777869
0.20823521922698745578728
0.20825837336258085086271
0.20828387073856774458491
0.20830992343830462276699
0.20833335629538277111727
0.20832655957379783706607
0.20834838704253080821083
0.20830281600721334278603
0.20827729918905890649228
0.20825203998917640735300
0.20822925152460167175228
0.20822173433436982903366
0.20823679065639363883200
0.20824550361836374756663
0.20827071383420656114360
0.20829609781856847638970
0.20832014376758892226782
0.20834184227267146805040
0.20836249928826000576976
0.20835603380990289079655
0.20837740594522174975012
0.20833551828347873779990
0.20831392123894740264767
0.20828902303179924748733
0.20826348690551055309328
0.20825269074071989239272
0.20827023442296777044902
0.20828180181542774174197
0.20830648835511980654367
0.20832896361587588396347
0.20835052233599674065267
0.20837141243991008643377
0.20839419871863840150183
0.20838835449940273925051
0.20841193480084221900661
0.20836498881560347462560
0.20834392650750527264947
0.20832240495638729149697
0.20829950212658138175570
0.20828756865709643908424
0.20830345046381509854783
0.20831541217296553614169
0.20833754316499153436126
0.20835896402811229788377
0.20838183660403949981621
0.20840549177239975353615
0.20842982954407851536871
0.20842340888786878294603
0.20844608226903421632770
0.20839951875408649351051
0.20837590096078642543098
0.20835297175853989548600
0.20833073245881419954806
0.20831856156633080101592
0.20833331752668171610310
0.20834633590292478411143
0.20836968912850048485375
0.20839356982954435060229
0.20841746126301105568324
0.20844017846759593792783
0.20846226914570895050183
0.20845621867388938741605
0.20847793564651778686070
0.20843410907160292433460
0.20841126640733997898991
0.20838743782127999715215
0.20836315465047422490485
0.20834867421309299917453
0.20836464870043391872656
0.20838103522132780942577
0.20840506866316568790332
0.20842778288960919774730
0.20844975090923825722378
0.20847193670319202896124
0.20849430871945187626615
0.20848763182985002861969
0.20851136978757808804197
0.20846502653075316136011
0.20844351267313290798633
0.20842196791420461443600
0.20839800779707456923617
0.20838172674270005746422
0.20839776629599296442485
0.20841470195057401615379
0.20843682309640304550769
0.20845918338935379154897
0.20848147885103288090569
0.20850487345300888764044
0.20852811235318269300620
0.20852264534989950472976
0.20854559116939797025481
0.20849880606871970534222
0.20847471658387906057186
0.20845246669241884740487
0.20842988174787055455361
0.20841313000210331951578
0.20842755037712232257796
0.20844491710972928855128
0.20846818246318474243672
0.20849224654244488674770
0.20851617111568676588007
0.20854003008083343839729
0.20856173654304241416035
0.20855593885342874060917
0.20853364676019031653809
0.20850994272547870855838
0.20848569509860898074649
0.20846102931136395453038
0.20844222356226396741796
0.20845719300591700196001
0.20847798092843447537170
0.20850379155275550191462
0.20852799311490746725362
0.20854996500629063849175
0.20857153122128277433767
0.20856558477924902472722
0.20858651343736550609620
0.20854437194188424342656
0.20852160967394742230319
0.20849660623411439552832
0.20847381175028931177273
0.20849186329408772588856
0.20851466548043173787619
0.20853837361055796439935
0.20855953532549237339211
0.20858041986858061322962
0.20860232282392271452309
0.20859518271565383185084
0.20861821312475134493347
0.20857424757030862405571
0.20855360935428898794264
0.20853164044045724434540
0.20850926888128423764002
0.20852586871600081730449
0.20854649656548590597183
0.20856796163295335255761
0.20858899702781502627502
0.20861157898532675658565
0.20863443530336264752911
0.20862792054257997542699
0.20865169213612308474204
0.20860521147136631969765
0.20858252160806767250278
0.20856084880283562443815
0.20854097571269764044288
0.20855543222234715350361
0.20857517961757654489929
0.20859831958676441909795
0.20862178456581270680203
0.20864565834025425306031
0.20866855613732954166650
0.20866249377538115261643
0.20868616464305433932935
0.20863923067555653623195
0.20861524557012905978226
0.20859118415942157209741
0.20856972791408781575662
0.20858514898042398999500
0.20860813310756487481967
0.20863326552786329304290
0.20865669819605786594607
0.20867960841296512297660
0.20870278389509075434027
0.20869671494784333698469
0.20871975168513173803930
0.20867412410301736103158
0.20865074800373531460629
0.20862590059773167272539
0.20860240140392161123373
0.20862024489985234176892
0.20864385270594951182765
0.20866800352965547693529
0.20869103888452633643880
0.20871381699700022882560
0.20873665488002002277312
0.20873050830178749293076
0.20875287001581921408899
0.20870767417624036532686
0.20868485616138632288141
0.20866097503972014237661
0.20863848277219390614512
0.20865535922001030022521
0.20867807796609696979750
0.20870117257818546208092
0.20872417767552337020120
0.20874642548025920674171
0.20876887315729111826990
0.20876225121216429592153
0.20878408181134128218659
0.20874037694682748278474
0.20871821417298039302857
0.20869395555434322453436
0.20867186370645893211950
0.20866548713742696929963
0.20868053961765370418746
0.20868815648511018778777
0.20871045833191040341781
0.20873396661422047304590
0.20875691185903802460366
0.20877801410322333053315
0.20880024468460528508373
0.20879461278037764193627
0.20881707918100447796128
0.20877229674550706883807
0.20875022141926716234828
0.20872679244099637263510
0.20870445957823255400676
0.20869648667108042783269
0.20871237161397332426915
0.20872115619468864511354
0.20874296307940704009454
0.20876606621333626545578
0.20878842971293820607315
0.20881065946037244418498
0.20883417330008241519224
0.20882762065817481178520
0.20885092065522509185982
0.20880461170566538831039
0.20878212526868200615837
0.20875926346904166708285
0.20873729800001755707584
0.20872823068494719689348
0.20874361709641889306432
0.20875350631745806517792
0.20877499530805077032625
0.20879870103013847826290
0.20882161216141376103295
0.20884446334702050362964
0.20886724691943728271504
0.20886114432193311762909
0.20888331419341840677895
0.20883909578188133981946
0.20881515657897734006276
0.20879128011908157369625
0.20876926083130495359619
0.20875922385926665159062
0.20877434817526116517250
0.20878562626187952000478
0.20880770066330550660538
0.20883211442467233820430
0.20885525682645639244939
0.20887780227519153752880
0.20889935007164756042286
0.20889313931315278694001
0.20891593588911749890258
0.20887161459550945830088
0.20884897488418896482898
0.20882490720203036871361
0.20880172919754647065105
0.20878938596135615535232
0.20880533201651410579736
0.20881891259570481422791
0.20884172321367350244614
0.20886566957708788128123
0.20888776308628309585913
0.20890961391493217957915
0.20893220444476462427374
0.20892609796419153722624
0.20894928366834902844218
0.20890422502544911398381
0.20888189319857825010374
0.20885862508604269294210
0.20883592918116616887758
0.20882157344183577274421
0.20883780582738334374859
0.20885320405478649541386
0.20887496187245171985758
0.20889803141066839997642
0.20892075801300155624141
0.20894316675645316361276
0.20896556495128004726780
0.20895948583370643758528
0.20898108924754402182522
0.20893717199666114736623
0.20891433807851930715138
0.20889132437183427493110
0.20886978442233172792442
0.20885395611752535782735
0.20886999621697760476380
0.20888567515802958229898
0.20890759031864167272197
0.20893085245549508632834
0.20895339285240091542484
0.20897473432486210476178
0.20896931132843679645994
0.20899007520851284325225
0.20894729446121029781125
0.20892343101329438614933
0.20890177660647230029056
0.20888483722582160129200
0.20889954574151234356627
0.20891741943527408764680
0.20893971986617429492661
0.20896272502057336439840
0.20898495184465337715096
0.20900564299430976489269
0.20900014967194027737385
0.20902230719520942248124
0.20897842291898194311273
0.20895536628772162779377
0.20893364031132846680983
0.20891463426460823993303
0.20893005987490720354316
0.20894955510706944568078
0.20897139793866278956180
0.20899380935241268497649
0.20901661848956587519410
0.20903969083331100375922
0.20903390786458131422876
0.20905738034690779514335
0.20901074264141600300704
0.20898735734655612961141
0.20896526483551799979743
0.20894515384877793140461
0.20896046294552736433126
0.20898164380959835528806
0.20900351711757253481139
0.20902787269448766527269
0.20905224434177671621882
0.20907489472911811034805
0.20906933904968003079539
0.20909099663366934040987
0.20904535923409361952707
0.20902094805853982384392
0.20899816581251251523810
0.20897627091405976407223
0.20899289358267100769062
0.20901541938423859323670
0.20903815470090411632320
0.20906249024873679864811
0.20908508701250613781575
0.20910586023584115666907
0.20910005090391522997173
0.20912004856894333970629
0.20907846509747232688348
0.20905561632283065076621
0.20903249697049505750890
0.20900956030094555715415
0.20902659296254758047873
0.20904921771945647601676
0.20907131855884988902439
0.20909382133761614253054
0.20911457028650304312833
0.20913574822052008461704
0.20913076425734386520894
0.20915240772354740106387
0.20910847544218005844563
0.20908650993021585251519
0.20906521935687488733535
0.20904319756617331660387
0.20905945103767523129967
0.20908065676556633616379
0.20910130983953359451455
0.20912395042913065057455
0.20914745560587166828270
0.20917089817849487953794
0.20916521349657168915570
0.20918820525027739809509
0.20914105192889742568241
0.20911740796875233350249
0.20909595160449584438922
0.20907485820904653239793
0.20909022764250531634111
0.20911199588462342502382
0.20913450415264916992797
0.20915900959358965649493
0.20918315156822231415390
0.20920498579498159053003
0.20919961500242220675538
0.20922040500642394289521
0.20917720930358796316284
0.20915252454836036344332
0.20912892583349287911609
0.20910590890546693065843
0.20912332102536190792108
0.20914655111824637101492
0.20916995863621698492629
0.20919320925168100044900
0.20921543723166183270656
0.20923544063886584387646
0.20922984702631022835284
0.20925154957556132973018
0.20920847514943832767820
0.20918620623901737487493
0.20916448442865767654020
0.20914072973481784289973
0.20913291450861884457346
0.20915017140462208167229
0.20915831543901389211193
0.20918060432230833889378
0.20920165456919742608122
0.20922306190815523341264
0.20924553310712523668258
0.20926801742481146439978
0.20926250024886289269332
0.20928543188916032269375
0.20923893161098755522076
0.20921617736498723805205
0.20919567926105150923455
0.20917427611707783974282
0.20916553189791634026484
0.20918055256897011284778
0.20918923758395133183363
0.20920986831583920917410
0.20923148987987902347463
0.20925587950932525438397
0.20928045968456396308532
0.20930232960780165152315
0.20929761386785306065406
0.20931787237692761616259
0.20927380856204919057362
0.20924855911812914599501
0.20922554162937895272378
0.20920419178028978879347
0.20919474181062294726452
0.20920868324462105203310
0.20921938656724503591278
0.20924307325737195872861
0.20926673672140988502477
0.20929113381253958148243
0.20931321393667540187167
0.20933268750492753373926
0.20932746794195422612717
0.20934684924727528509969
0.20930722326212841677417
0.20928510969812139097534
0.20926117837305358015954
0.20923639974674113073405
0.20922394919470757579383
0.20924097477496719776902
0.20925472179265705574558
0.20927911067813179113450
0.20930066790612061877752
0.20932171747166719577571
0.20934177214729915439406
0.20936269704789570167414
0.20935717997739400342283
0.20937951412449987143027
0.20933510340454239417873
0.20931497967583170827233
0.20929524840006355490551
0.20927298572517119557013
0.20925907936923285324049
0.20927569646249499779600
0.20928990392537388798289
0.20930960581020713329181
0.20932802547405601756303
0.20935017726460333764571
0.20937422480411388425736
0.20939746516887611238467
0.20939220833050789516427
0.20941419449641360261971
0.20936697856862265809674
0.20934325680755125342891
0.20932326296913975061109
0.20930385813856514087838
0.20929085493958418662253
0.20930374276073784867158
0.20931700720749502053764
0.20933730203261705082873
0.20936026478099914460707
0.20938571864045413262190
0.20940933450848747687800
0.20940350771405327745533
0.20942480786460479502686
0.20937840764003337601373
0.20935396737643649500704
0.20933083385764486572533
0.20931621599423946844531
0.20932956854796125334417
0.20934757370097040185541
0.20937217494500556802528
0.20939659102682389724137
0.20941877339564046733855
0.20943848290472080742042
0.20943239220516512988368
0.20945111332884278065869
0.20941226123907144551772
0.20939090844274113600854
0.20936593386978577524538
0.20934581287318615450133
0.20936337626084358665146
0.20938413719402187984642
0.20940719319404571541199
0.20942594257940624902226
0.20944454801174303137934
0.20946465672516365041922
0.20945797751715175549769
0.20947808061846745486534
0.20943831550030483912295
0.20942040163649647266375
0.20940038275486189123242
0.20938088355022693720642
0.20939655103965121307752
0.20941425876805924710666
0.20943255433549226585122
0.20945108347661878234192
0.20947210662582577134216
0.20949251760902529162500
0.20948637883721057950659
0.20950686661872006122387
0.20946553182589722208462
0.20944566526740249212679
0.20942679670860039897740
0.20940970725289495546484
0.20942146910081071986554
0.20943985181302515741208
0.20946041420465491555980
0.20948032390601625807314
0.20950079153290701583501
0.20952349454946161966262
0.20951609521589889539861
0.20954316987431401142494
0.20949441583482977802255
0.20947530919285037298572
0.20945431766486921620896
0.20943398862960921347209
0.20944924356035618528971
0.20946909758420664826595
0.20948871663378323959570
0.20950874474743802489130
0.20953498163279782318114
0.20955728532724002266541
0.20955268420840747478628
0.20952633762759936830733
0.20950181848811694207413
0.20948288589281324756364
0.20946431154517172745777
0.20947715918404219426208
0.20949495871186271656050
0.20951891442419706690359
0.20954611962773289635109
0.20954472399440379759561
0.20954868682741731311658
0.20954008689834918710559
0.20951027361855739661323
0.20948814660655373787179
0.20950198823208845966271
0.20953267610616407856661
0.20955090244510971020375
0.20949845065024411128185
0.20954981988156221039965
0.20952567290458137816422
0.20954796046043339119436
0.20951234124450965334852
0.20930488701379920679635
0.20952171608956324244666
0.20941931223147555729547
0.20933041524603251959391
0.20902430064606009052497
