0.63263552894459951225770
0.63268353494227480560141
0.63281655515455070837305
0.63282857833587025098154
0.63287228217726310131042
0.63283582998721887857840
0.63288282016100461113695
0.63289176986648620903964
0.63290655770871040441961
0.63290949551204067624610
0.63289590292560915507636
0.63284570319181521202978
0.63290933214126121608700
0.63292187835961299935406
0.63292549266444486644190
0.63293232392007026110292
0.63294638783529555414731
0.63295688263509097826187
0.63294021934684674413063
0.63293720800133623782813
0.63291960488539289464427
0.63293200195482812731029
0.63295151084424827736541
0.63295618350530924445252
0.63296020176870526618984
0.63296900493341756721577
0.63297992030875760427477
0.63299116634238083989317
0.63298255458751129243211
0.63297634284337167542844
0.63297246229717762933120
0.63296944708228797260574
0.63299168705712038907052
0.63299267202615527860843
0.63299333519671607817259
0.63299893850136945694373
0.63300534091570437311702
0.63301301162021750279507
0.63302765488071699451211
0.63303499333538937321464
0.63302188419692562160179
0.63301569189202389065230
0.63301349272180640337382
0.63301619782267026792510
0.63303684226138234869552
0.63303493635819774176809
0.63303817814502361116524
0.63304407091381131866825
0.63304981795364978491847
0.63305773524887010150763
0.63307213049196942034058
0.63308071637798268849195
0.63306565606365616805107
0.63305998562885235081410
0.63305676254874965191988
0.63305752154826189226355
0.63307900793311822074116
0.63307830453570312911893
0.63308119194072642876847
0.63308733040396170110853
0.63309456278446485377742
0.63310318873655868632255
0.63311668493589678963218
0.63312447300895191570902
0.63310950676376964718628
0.63310297692446781958608
0.63309962033345179577282
0.63310066043411949987529
0.63312243085440400580666
0.63312151361695645501726
0.63312540488559754248143
0.63313197609466242976595
0.63313839096260571270847
0.63314508975439154347953
0.63315937291310409040790
0.63316574486206256278109
0.63315408185346511160674
0.63314826563772985679179
0.63314409389770409664067
0.63314432517739926975509
0.63316672173983512550421
0.63316690051665480698517
0.63317067051282671652501
0.63317537648131649863359
0.63318053063221191312238
0.63318728498129439596909
0.63320207395705208064385
0.63320996769347936972139
0.63319670122225657493686
0.63319220383938434881799
0.63318928460409606984172
0.63318907269332802556505
0.63321125047129567242621
0.63321066791726210443159
0.63321326592031002000738
0.63321795152523996375038
0.63322459338083370017358
0.63323303052073043328818
0.63324722091722951411441
0.63325557932674325645195
0.63324000465065732878855
0.63323430908720046428328
0.63323152502789992190912
0.63323286477865592392078
0.63323434599571659653350
0.63325591405753767215714
0.63325399021410622157902
0.63325264490765953429019
0.63325614925101247898453
0.63326234377432499833560
0.63326983735600439473501
0.63327736363442777012267
0.63329134334414816098757
0.63329817402529087200236
0.63328470827038829682465
0.63327849611170961008355
0.63327436418533289419486
0.63327518531005955182422
0.63327735163072518265182
0.63329895649545475677655
0.63329684911182437812016
0.63329674991178941390046
0.63330097022199949297061
0.63330646827971326384699
0.63331243278624438364233
0.63331876649967300263455
0.63333317853638104732994
0.63333976543091352606751
0.63332777293711406407795
0.63332299734205521613006
0.63331904926446691561637
0.63331901314115168766250
0.63332072580832421415664
0.63334286031880215883660
0.63334108775951891701084
0.63334087430500662918575
0.63334427908203694279621
0.63334885524380279964163
0.63335448809785066526246
0.63336161769244170294257
0.63337646603685515689364
0.63338392858840408816690
0.63337001341656695707627
0.63336544520920734502312
0.63336218860422466292448
0.63336286159806742812606
0.63336491312280218668462
0.63338638990296580733030
0.63338395575964412387293
0.63338310279117515655400
0.63338650287460895871305
0.63339182956838246951747
0.63339862830358328871228
0.63340628722100600356271
0.63342091958591395517431
0.63342812785530699937198
0.63341397115522535266052
0.63340821025350402262433
0.63340429388652819131522
0.63340492985110374846158
0.63340770819822045378800
0.63342910113756434320464
0.63342614945349684507647
0.63342593432227989325156
0.63343037130299006953749
0.63343601194259857578572
0.63344267301746226550563
0.63344977688747960975491
0.63346418544316474008582
0.63347114190002440370364
0.63345794351926099086114
0.63345256752122869325916
0.63344819463580559482097
0.63344812900360436547231
0.63345081632397892690278
0.63347297691936443886362
0.63347045446307947980102
0.63347049002651067972636
0.63347449259910737495716
0.63347946689645751039421
0.63348573572865807257415
0.63349277911154644460368
0.63350730745558836431996
0.63351463555487363965568
0.63350100982898749357730
0.63349620631502834289250
0.63349244100771051613208
0.63349261579900362217899
0.63349541257969899099578
0.63351732692895734722072
0.63351435409353784589115
0.63351377709227796319880
0.63351780838537663509413
0.63352283302007672549649
0.63352935116973330131884
0.63353660546774603901099
0.63355160851848757452842
0.63355861416430336863215
0.63354482108874099477447
0.63353923653317201214463
0.63353502045144571841462
0.63353551840579280796106
0.63353883930212784303393
0.63355978839662929757992
0.63355631537202861114366
0.63355628483843495768468
0.63356111371677148458303
0.63356679072035182453959
0.63357341835046554479050
0.63358030481723748295053
0.63359497145302590137561
0.63358862857838826876389
0.63358303958545925116397
0.63357789964900756984889
0.63357752125792388131487
0.63358073169293616100362
0.63360198756915775408771
0.63359912180514021962097
0.63359991637461987590285
0.63360506708366204353666
0.63361014105621837888549
0.63361623954146650827823
0.63363158479472436734881
0.63363743993201926407721
0.63362670495466344444679
0.63362206151240862972429
0.63362147016701619861578
0.63362400634056692538820
0.63364658964237396965302
0.63364376970231928165589
0.63364395644129267726186
0.63364825459533835605441
0.63365278657575196952223
0.63365899488273103035141
0.63367440075034098256879
0.63368074124270468150399
0.63366963500670292486205
0.63366550385087871966050
0.63366585136627184837721
0.63366906337100692425679
0.63369104453564006895760
0.63368726615591153272788
0.63368664713297273571868
0.63369113049760894540441
0.63369650984583802966199
0.63370288052466905437399
0.63371846077404847541459
0.63372515731846190689680
0.63371311283990516827203
0.63370798145976736659435
0.63370838332734336084684
0.63371222102884183779992
0.63373297791850602411756
0.63372916392904687921117
0.63372938716876159315206
0.63373485820264907619759
0.63374067336507966530235
0.63374715713704377062498
0.63376259426898728932542
0.63376911600064700369472
0.63375683050759357151094
0.63375107494422455722827
0.63375037244898912991431
0.63375360707180372621394
0.63377470223796061876698
0.63377201352893619556994
0.63377302115166123108736
0.63377869549964427342559
0.63378434398972260943594
0.63379077420503882045466
0.63380606232216607498486
0.63381248317152183435752
0.63380041303724987677981
0.63379474961781678832295
0.63379398146307219796824
0.63379633634731669111773
0.63381833796285025339756
0.63381605168242627357245
0.63381661979480541369014
0.63382229211863061468790
0.63382796173789801574827
0.63383423182478682011975
0.63384989377309497449176
0.63385594569217518223780
0.63384423383559418407884
0.63383849659972968382249
0.63383798939431046370885
0.63384045218041584757174
0.63386229514594083500612
0.63385993411080399084767
0.63386027552729140577270
0.63386614567436039280324
0.63387173238567762201257
0.63387770852392510967377
0.63389360905633795884029
0.63389940312454740034553
0.63388816821117255351226
0.63388236878329107248931
0.63388157037005787852735
0.63388386954734809997092
0.63388449972362903572787
0.63390589606386016363615
0.63390526665018265273233
0.63390331662276411250900
0.63390399480295700485044
0.63391005997715521580460
0.63391542866937133915428
0.63392141008641367250220
0.63393743895580434433157
0.63394341978192003672632
0.63393163902142024568320
0.63392557819224426562954
0.63392491482489676801748
0.63392674318533703825551
0.63392728069600301488151
0.63394883426784121027708
0.63394827004845977214131
0.63394633486712625991544
0.63394700376780466211102
0.63395319371483693782210
0.63395901263013809678881
0.63396539450431710349676
0.63398090843875765099114
0.63398715346837408723957
0.63397468139414392407360
0.63396848787885384801655
0.63396795256591453870954
0.63396978735358433532099
0.63397032478797277210703
0.63399184746168979476266
0.63399120067588565774486
0.63398934521695893273829
0.63398996479966418515772
0.63399647593878727391825
0.63400261459057927204697
0.63400868208541982795623
0.63402443486601822719706
0.63403011365078065786349
0.63401855275330076811002
0.63401172999798871554589
0.63401094531206547699753
0.63401247866437304701037
0.63401333740239995684362
0.63403458104705334719142
0.63403402578881185025494
0.63403253646692447897948
0.63403354569803149765050
0.63404030902685115655970
0.63404624802062614641329
0.63405169427031971007835
0.63406781428566827418791
0.63407345721895624901521
0.63406191596464500648267
0.63405537057596572658724
0.63405436005093585016823
0.63405536029463260838668
0.63405576157099785561400
0.63407691935954113571228
0.63407681425868422930847
0.63407597563901851867030
0.63407696166069127396980
0.63408363982551718684988
0.63408952245882665987864
0.63409537342878374843735
0.63411142199749970238543
0.63411738884277712990922
0.63410520469047371161508
0.63409832359312212624047
0.63409746215239692901378
0.63409820234550484663316
0.63409829610250822984341
0.63411945795135316039648
0.63411964799184494800954
0.63411883750560160688536
0.63411967285123316262485
0.63412681552064087409093
0.63413325258322650324061
0.63413912625562907088295
0.63415496971216533950155
0.63416048905954003345187
0.63414841395346110974884
0.63414102966344776390883
0.63414018068042810050144
0.63414082859753628795829
0.63414094893706340894113
0.63416231313331139496370
0.63416215653974183918962
0.63416163202460673620209
0.63416264398891175613215
0.63416994417074401546586
0.63417631647932015681590
0.63419153907575553930087
0.63419763520982741500376
0.63418424476056245442379
0.63418307608240853667780
0.63418359611895336325205
0.63418360485836478002142
0.63420486322343005980429
0.63420486158581879099216
0.63420472459539800613726
0.63420577636971842139246
0.63421304668808453630646
0.63421913342794733470242
0.63423443108264765388782
0.63424103206217397055156
0.63422723595786179018319
0.63422625420073397428666
0.63422637623544964036171
0.63422604794540604622455
0.63424728875694014185171
0.63424751533608914044748
0.63424763028498376549180
0.63424859916969911211027
0.63425618821655160850526
0.63426323155368913297991
0.63427807704137617594853
0.63428534726622787243144
0.63427005463995611567185
0.63426889572109002024547
0.63426846327128805214102
0.63426832916075082113849
0.63428916427965298385772
0.63428947667984969527311
0.63428992430921748990613
0.63429154642276719400229
0.63430010198542730037730
0.63430727917767693035955
0.63432154131542450858916
0.63432852165121156318150
0.63431312416426377520651
0.63431133996381428019617
0.63431063186974923073791
0.63431031292239870023053
0.63433129417043698783374
0.63433186828413701263685
0.63433288728897530006634
0.63433456931782028487277
0.63434267981064806907199
0.63434932622629802700942
0.63436367433126794601606
0.63437021816454097766780
0.63435593738132534102903
0.63435445546713453701670
0.63435327162657495492226
0.63435256589689148487565
0.63437391972938095285883
0.63437467870546393466924
0.63437564784742339618617
0.63437690308571825781314
0.63438464992970045042142
0.63439156714884492593853
0.63440620719565310459132
0.63441351901001796775859
0.63439811027821080280376
0.63439684822628461535743
0.63439590765787767789874
0.63439523577650003272055
0.63441629728328174930851
0.63441682902457341430846
0.63441786249806264574858
0.63441948046379004200190
0.63442810979124031334209
0.63443594718651863395564
0.63445031486928860076091
0.63445810732068730342093
0.63444118072496658022885
0.63443917020872009349119
0.63443775564162863123130
0.63443725032704267885464
0.63445790241998889502639
0.63445875012588182073614
0.63446058681868655604319
0.63446302993737668796115
0.63447221086164418135667
0.63447980376027146576234
0.63449350796118708650795
0.63450079295632910714176
0.63448487972630840392441
0.63448229736267836020858
0.63448000446989172296242
0.63447880376025267423756
0.63450009317277611398112
0.63450151191995973753990
0.63450379183379790326569
0.63450579100548643030066
0.63451443287450270958061
0.63452156882837407181341
0.63453495136680226895720
0.63454258051898015935421
0.63452665578089828546382
0.63452475012401055032285
0.63452302391105064316434
0.63452155964049672398630
0.63452256218011171551296
0.63454413031469758532666
0.63454286461261932839051
0.63454397682650698353513
0.63454559131950871719852
0.63454723898038445373260
0.63455592257101534059416
0.63456389737529295125285
0.63457744488996270515457
0.63458566951827866109426
0.63456819975847111869882
0.63456616552931721653152
0.63456454581715693308297
0.63456369892574282509656
0.63456492222936589087112
0.63458560183309387081607
0.63458395432117875589739
0.63458468163101200421039
0.63458690048142540884868
0.63458979577016072504136
0.63459941228302774174352
0.63460739066508864425487
0.63462118006325840546822
0.63462875306586941093201
0.63461167903501691789359
0.63460829624843329010986
0.63460547100804576281519
0.63460415141776049807731
0.63460589616402163226638
0.63462617262706433329811
0.63462457135368832705780
0.63462671919970292666591
0.63463003391460115487632
0.63463327805429259331760
0.63464244026934113485083
0.63464977268602562610056
0.63466309506145957008982
0.63467055710216169206461
0.63465450989196259268255
0.63465173766588334203220
0.63464838032890813490638
0.63464576061168764820053
0.63464709898710258695331
0.63466892862598034419364
0.63466767064545004384257
0.63466997832444693727894
0.63467273626869102898240
0.63467508497878599715847
0.63468364179168990091284
0.63469166920558139910469
0.63470449571016196443907
0.63471309433841205382976
0.63469534878927647003621
0.63469330491542041983166
0.63469127948265857686039
0.63468951544822493904263
0.63469105720956220384465
0.63471274324208637462874
0.63471086084891548129150
0.63471177407440770856795
0.63471342693017629432717
0.63471615874639109033950
0.63472591551603518844615
0.63473465571169185306388
0.63474764270909311836277
0.63475584090478920362699
0.63473754822724792745703
0.63473417161457068580432
0.63473181349108898086087
0.63473106280172664206418
0.63473357262254770372323
0.63475339895374005561024
0.63475056649445393830433
0.63475175091082780554075
0.63475528321100960216228
0.63475941285155812465746
0.63476893838806747183412
0.63478066373346409001499
0.63478955591493702037553
0.63477652917043747571313
0.63477236866779440660480
0.63477011830282026316752
0.63477263248226856173773
0.63479229922344115877308
0.63479058252753506330635
0.63479329815854634855299
0.63479779547648007564931
0.63480110529414357500855
0.63480949093062732924153
0.63482099237960998294739
0.63482923463944629371980
0.63481819339183487294065
0.63481472911134695369384
0.63481169634914846877649
0.63481323524478139308513
0.63483493521699785322454
0.63483338057864480141745
0.63483566800404045427086
0.63483821464863732231265
0.63484066154134777271167
0.63484930506904013736147
0.63486095541015408194596
0.63486978348011446904309
0.63485820682664617642388
0.63485596055248227909118
0.63485465196330859161122
0.63485687691013104050342
0.63487799024075031173453
0.63487519054639240945193
0.63487599098864799795905
0.63487852711735404120930
0.63488189229119507128729
0.63489054955470680674523
0.63490262184484935747975
0.63491110261639072120943
0.63489922809614940391043
0.63489597376419826257887
0.63489487201016592266001
0.63489786664137193294977
0.63491688565025961032973
0.63491419687341077437992
0.63491603423195919209121
0.63491957633948592487627
0.63492286859776281282564
0.63493228475813656697113
0.63494308787240416602771
0.63495400539921054150483
0.63493907355404277659261
0.63493575488001763318380
0.63493368788418325099343
0.63493610227038521642839
0.63495605556565426486060
0.63495344521365293388726
0.63495479191445036715180
0.63495838885533939510708
0.63496405125851895778766
0.63497358305793583088672
0.63498512603526147124455
0.63497930400602053957471
0.63497425445887223371955
0.63497318839019734060258
0.63497645164706695286583
0.63499618131552448829780
0.63499288553977362159486
0.63499571317804492931458
0.63500182772927582508515
0.63499805110010898445694
0.63501904807767661775841
0.63501910240993542089427
0.63501373243387382316882
0.63501459001104088031298
0.63503309555146070231046
0.63503642291583417556211
0.63503851246637577077081
0.63503441186382980632175
0.63505649867951763365426
0.63505446449032953992742
0.63507726949616361000750
0.63505712637893163563518
0.63499715169543868853452
0.63508539078323478221932
0.63506340301719277352532
0.63502895461236952279194
0.63489372971589186356312
0.63274045166620629387921
0.63279619091591166046840
0.63292131133150597577242
0.63294108669941240297163
0.63297684937607523458780
0.63295096356415125882222
0.63299516355410401224901
0.63299614346353594296346
0.63301872578103723920862
0.63301367647030248875240
0.63301090629442102741820
0.63296268243080089366259
0.63302629704444068892144
0.63303674485998573384649
0.63303747814613309241594
0.63303631067705590229622
0.63305818750344478029746
0.63306067240593744127608
0.63305495006485845710387
0.63305415294856226537945
0.63303861121492588370785
0.63304840507583670650149
0.63307050052489999281136
0.63307310248610126901525
0.63307479883043371593487
0.63308061799900683386255
0.63308351282447117291952
0.63310259031785698358163
0.63309701687445252282771
0.63309322889741359574600
0.63309142708224219742164
0.63308596927370019979975
0.63310353976322530922261
0.63310931481692966915631
0.63311227443925566227279
0.63311579009387941585629
0.63311966670276209612211
0.63312424082117846335649
0.63314184425826725011177
0.63314602284727905523454
0.63313869966169855629801
0.63313460836195589731545
0.63313025422707047695781
0.63312799142091025217383
0.63314861510407893785413
0.63315181529681541228172
0.63315706599237875362718
0.63316084655384208268458
0.63316387458441192315206
0.63316856433872781284578
0.63318605530019567151356
0.63319134377250041456620
0.63318238690337602658786
0.63317883845084677041370
0.63317375768582428996467
0.63316943090361721413473
0.63319105772260164677334
0.63319542109912596572485
0.63320000910913099012589
0.63320401058927233695073
0.63320835157832744410911
0.63321360995208619826258
0.63323033726496669171269
0.63323468257290727034814
0.63322613496434354551923
0.63322176005633823425711
0.63321685665932458952909
0.63321283964189756243712
0.63323473482701497783154
0.63323886560212749863297
0.63324415069323969351700
0.63324855161319126839459
0.63325191099158661955926
0.63325508565701349450450
0.63327276095713902481776
0.63327552702432876596816
0.63327059896123316651284
0.63326696880224930819026
0.63326156025808000293864
0.63325674975891377282977
0.63327927197995437236244
0.63328448226290212641487
0.63328932751453514971018
0.63329182775396941629253
0.63329378331009644753635
0.63329685142241731732327
0.63331519057519924942312
0.63331931343849756643749
0.63331308637781047465865
0.63331081818327450427830
0.63330698027471743483119
0.63330173821566226877167
0.63332402926621067518198
0.63332847660142244095027
0.63333183558283601133354
0.63333426720774366192046
0.63333757507277332887696
0.63334215272427474285877
0.63336007037110664263935
0.63336447840943799203473
0.63335624785722366425489
0.63335282998023934020182
0.63334944061200582066107
0.63334575063683851148255
0.63334515450773898326275
0.63336660325192006837369
0.63336698530693036346406
0.63337066591542889870681
0.63337461918708337638151
0.63337850771274772920805
0.63338255301354562387672
0.63338603850173369469445
0.63340392247283128224211
0.63340662047622597885521
0.63340078801508736816572
0.63339691576932499739172
0.63339249251952245423070
0.63338828420646930972282
0.63338792469341886892664
0.63340941200897427076910
0.63341005140467132594750
0.63341498367618087605990
0.63341933918186787977334
0.63342246104720689725553
0.63342487490546051098761
0.63342698085957060971651
0.63344548729242533546824
0.63344774755775201668939
0.63344367817403945952748
0.63344131554194438304961
0.63343738093138901579238
0.63343230604118405668856
0.63343106742777388618038
0.63345309852572084796662
0.63345447607506488729712
0.63345930420431517671176
0.63346254107851662773498
0.63346466551772451225588
0.63346666270590601399704
0.63346936801639419645227
0.63348850369872322652043
0.63349144520727806995097
0.63348572276379355727727
0.63348364779057642071081
0.63348071581309295385864
0.63347634222236537393513
0.63347505469541487421736
0.63349644101038626864408
0.63349752772613177054239
0.63350172695071960138335
0.63350465100901942605560
0.63350743712121648787416
0.63351052704067223331208
0.63351356601200781160088
0.63353268130560147497476
0.63353516751564420417253
0.63352947514537050199834
0.63352630311819313480015
0.63352300952707274461773
0.63351858089623769298981
0.63351767547040715999884
0.63353900079373459686138
0.63353988599739752274331
0.63354473685220868972579
0.63354840253553257323205
0.63355140715162350240064
0.63355429926995632250453
0.63355657861572289846208
0.63357567309904849750524
0.63357770523404655094168
0.63357322358327916589360
0.63357053638411486851112
0.63356708162683184060171
0.63356194612755312167707
0.63356066421195300630842
0.63358278377045829099501
0.63358435499946008651051
0.63358946338529664732420
0.63359240423983531620422
0.63359462825681456266125
0.63359708114099144715681
0.63359910050146517335179
0.63361851200254915017496
0.63362071285845489310162
0.63361605035167212207625
0.63361405900460854301315
0.63361149448392928285045
0.63360658940810088424200
0.63360519072363463699560
0.63362709246072690394413
0.63362840244134233103068
0.63363290514473058490097
0.63363559937308278069423
0.63363775135740807442630
0.63364041686955818732940
0.63364243955348820147577
0.63366253279183659685714
0.63366420622495700509802
0.63365960939280119301742
0.63365696395126280826560
0.63365421998146653770334
0.63364963844480459709274
0.63364861073348066611288
0.63366957913811883251753
0.63367051072073754536262
0.63367555598574965003422
0.63367877789645221664472
0.63368144395289172088326
0.63368419814649967758413
0.63368565236674823104579
0.63370560539498843599659
0.63370314631378521497140
0.63370064261647895964558
0.63369724068395083538263
0.63369178329140529726260
0.63369055560027864881789
0.63371186132779278032956
0.63371345102562359752341
0.63371932146138021391124
0.63372260794908241710033
0.63372452175319171630008
0.63372672874303470624824
0.63374582286577185730181
0.63374778399989661892278
0.63374417959591311522161
0.63374152495242008775733
0.63373586307107732107369
0.63373394826601725515758
0.63375661699684793237708
0.63375823092846972350856
0.63376347763809393054402
0.63376566151903401813428
0.63376687723403324348226
0.63376919024251066048237
0.63378834128744532261379
0.63379078406064781603391
0.63378697717040399783883
0.63378508352621165666818
0.63378037748089066649726
0.63377918558038226493068
0.63380129314831801234931
0.63380185393920651648614
0.63380627696675106985680
0.63380840740657939935687
0.63381029981726733080194
0.63381277187831508435067
0.63383209831761277985862
0.63383489791547720226816
0.63383032298601038601049
0.63382765588118672450690
0.63382302842367621575903
0.63382261622629820774222
0.63384352117171949281271
0.63384387338768943820355
0.63384910451277154397332
0.63385199668763547720118
0.63385415105665532387036
0.63385674324982665961414
0.63387590880061128739698
0.63387854333483306668029
0.63387390135554833037190
0.63387083422381129693690
0.63386514096610380164520
0.63386429658871168424383
0.63388553496551958144067
0.63388683525206146462949
0.63389281831035282355202
0.63389569956101221581690
0.63389749575285880833775
0.63390004225354967815065
0.63391904991802294766501
0.63392159236935807786750
0.63391734678034861172335
0.63391457920019222971320
0.63390885204306268718710
0.63390731294874247403470
0.63392946339054834226090
0.63393097437958767503829
0.63393647697668209506361
0.63393915214672713620558
0.63394077936423409713740
0.63394317994513948999469
0.63396253794359513911161
0.63396472842578788231549
0.63396102199180137670709
0.63395838123332015623390
0.63395295862828837663017
0.63395172403153410289889
0.63397371087732623529121
0.63397495036886741814897
0.63398018721157600730010
0.63398286128545744411156
0.63398420238717101415915
0.63398632307807667451982
0.63400590534216350047103
0.63400784964699463674975
0.63400481064146196885645
0.63400229958273657260293
0.63399662674817558460916
0.63399542740361825021722
0.63399614917026303473335
0.63401772594870742238982
0.63401696979752020233434
0.63401841257735236379034
0.63402393922685529314975
0.63402662635552509140524
0.63402754779873615742503
0.63402968778587742715303
0.63404937541015349289353
0.63405152442983325755677
0.63404812740658333947152
0.63404553557433207533478
0.63404004911562050761376
0.63403859243905136278130
0.63403928805098375143245
0.63406101327211517038052
0.63406026272906101937110
0.63406151031164503795168
0.63406697278524193350790
0.63406960353904140426096
0.63407076554466057505266
0.63407332213746780968933
0.63409247842895943847452
0.63409490336871288107545
0.63409101519205479657870
0.63408846306566624129175
0.63408315831130734885335
0.63408192007928643185721
0.63408266535907675809369
0.63410434749831312561952
0.63410347579796122463591
0.63410458205026853928388
0.63410994032388989793958
0.63411273110195365276809
0.63411399970695914163343
0.63411625434240548315756
0.63413562972954551355542
0.63413750513422240118189
0.63413472491110800532965
0.63413170102233384906043
0.63412621199300511776187
0.63412489893752199687782
0.63412598709948631015010
0.63414736621932366045229
0.63414659012374208213458
0.63414783531092466795087
0.63415351361497906967912
0.63415639934208012373773
0.63415725003049205898975
0.63415890018998533061989
0.63417862388573964516070
0.63418047550078759933001
0.63417792555720398084418
0.63417533238671774942219
0.63416968245713301044475
0.63416806361043209783190
0.63416866822479023291237
0.63418993564258074879803
0.63418965905926161230610
0.63419132011853951436109
0.63419690972003706086468
0.63419956642081576347891
0.63420014078940512014526
0.63420220453675935079474
0.63422184444568674432929
0.63422403102827451526480
0.63422104313393423691281
0.63421825284526134325347
0.63421282705116333033857
0.63421119212940169074244
0.63421141061856478593484
0.63423265001110051830580
0.63423278169547392391081
0.63423422547173846641755
0.63423958511786471259342
0.63424256618153629361245
0.63424347513135692633313
0.63424557464420416863504
0.63426499180788886711468
0.63426674037834929187341
0.63426407736547196769550
0.63426092101153619395859
0.63425558691627004215263
0.63425410112367408554945
0.63425419920229852976945
0.63427560275438255033009
0.63427556719741007285052
0.63427705432827063969370
0.63428250725361368100863
0.63428552016375061572973
0.63428614021548390677907
0.63430702466804000927425
0.63430725777329910464175
0.63430407444376157855004
0.63429851374516055262376
0.63429714807720394276203
0.63429692059981390706014
0.63431818585749288885722
0.63431855499315714652653
0.63432017911531524134716
0.63432557024957114677477
0.63432843847472064613413
0.63432855043818658913324
0.63434972982843518263252
0.63435024274733264881831
0.63434699228367619205926
0.63434172332681548756028
0.63434020824288450679518
0.63433935477505332123371
0.63436056320443046097068
0.63436148128921931999002
0.63436311251140398148607
0.63436831311481789441586
0.63437139638651252049328
0.63437223663373853987935
0.63439319046941400337403
0.63439414610467048660780
0.63438971904287366765374
0.63438438593616097715966
0.63438256757633471050184
0.63438155475444590880585
0.63440232651301842192737
0.63440371916842897004329
0.63440542450141579333689
0.63441115716506091271043
0.63441511709036912947113
0.63441586843250308280773
0.63443645681515326018030
0.63443689892369803384753
0.63443268126149121588497
0.63442685298063827836756
0.63442501325966083047803
0.63442336013707900654879
0.63444444207659134171706
0.63444638320909807482906
0.63444840899597454431103
0.63445406949528571072250
0.63445749800213169233842
0.63445749250572214261723
0.63447839365431357716574
0.63447817400708250712427
0.63447537347057525458638
0.63446998098453877279468
0.63446791909439659296055
0.63446581162292137179293
0.63448726555968426588095
0.63448945789552135821054
0.63449117918019914963423
0.63449627022826815547774
0.63449926496119402052898
0.63449931076647980709993
0.63452071555450917372809
0.63452104686867027982800
0.63451740670514578113171
0.63451238788596975304301
0.63451081997425273772961
0.63450867263876131740830
0.63452982484316100553201
0.63453186465695254891983
0.63453340782623002258589
0.63453870447626781192696
0.63454251328707689250308
0.63454326032631758192082
0.63456461424257226688894
0.63456520760886192533690
0.63456032765531111827784
0.63455471864471146847819
0.63455291291743365356126
0.63455086282872175118541
0.63457160546104818266144
0.63457402969650122948053
0.63457613849141969453171
0.63458209169289370166211
0.63458639940141348123603
0.63458669020787283887586
0.63460758265064587391180
0.63460746241535537226497
0.63460385431470944794796
0.63459785311451533118543
0.63459540493513022507699
0.63459258932172146749906
0.63461395869431314054054
0.63461702691990340419181
0.63461935242514622146359
0.63462467877581751896088
0.63462839467300402596095
0.63462802038205601284915
0.63464880072063656335501
0.63464881615194512765044
0.63464545001026873016770
0.63464031324574721182330
0.63463865095131377636051
0.63463549828341092595707
0.63463418867094045783261
0.63465558861049520267272
0.63465688276607101769855
0.63465971373011165201916
0.63466115237142894933697
0.63466593449997155129694
0.63466965483516346591131
0.63466991813722539728104
0.63469105601318875908845
0.63469147325601960041297
0.63468679459736543346793
0.63468172650453424932238
0.63468039075603732701580
0.63467778971167743140569
0.63467621486098102501217
0.63469672735960336318328
0.63469811636896567019761
0.63470063165778578539999
0.63470246507027672233647
0.63470828684628388671740
0.63471290100728194882862
0.63471297526983971870607
0.63473454679698593228210
0.63473411987416328283729
0.63473006454043334745307
0.63472385937758013518817
0.63472152307342166732695
0.63471837694213428804346
0.63471685792297183326127
0.63473698174999160226406
0.63473886526112743844408
0.63474286642440280736821
0.63474559357656101798995
0.63475155468549671056167
0.63475568346722810453286
0.63475492370526032104294
0.63477620928392131105511
0.63477549134643096451214
0.63477267002543624752064
0.63476729394881425960762
0.63476462301001079779894
0.63476011963802880799790
0.63475776601437994273169
0.63477945881010700013292
0.63478209585293610128787
0.63478631569676613466413
0.63478829173420470155520
0.63479312690541445096670
0.63479662339330822362626
0.63479638408512517600002
0.63481734514063170582432
0.63481759003699322896352
0.63481327289607147879025
0.63480885845243950615924
0.63480770431935606978868
0.63480399753678495855524
0.63480146161798856052627
0.63482303453014310434810
0.63482540268763609780933
0.63482828108109967679695
0.63482897697813334136896
0.63483396065153607779052
0.63483863243167459877725
0.63483893473590446987487
0.63486022321570678705882
0.63485990365701827631284
0.63485522013853457057309
0.63484971324453820518130
0.63484840071872661315666
0.63484566382780993620827
0.63484376786570950734756
0.63486350751121978230884
0.63486522777195952826901
0.63486841833432683390726
0.63487082107017178689290
0.63487695269643351636546
0.63488137744051309496740
0.63489807206245529869193
0.63490185259324172228901
0.63489206493896999106141
0.63488911194819941385958
0.63488483041356369440678
0.63488266367432577563790
0.63490227015322442394307
0.63490534789801267301357
0.63491010983523077371160
0.63491332492054719516261
0.63491837869834888419263
0.63492164595929834192134
0.63493812434767982200157
0.63494124493431192135517
0.63493371193965775223234
0.63493160655965608096807
0.63492651608250050276894
0.63492316192929076912321
0.63494483147634195319142
0.63494825603651539047689
0.63495261153057391823040
0.63495372647284575862159
0.63495764898124307240579
0.63496116485561426845408
0.63497779760913719560023
0.63498149137029835653578
0.63497371208771646866609
0.63497296703566108444505
0.63496957728704928047847
0.63496675133771784960146
0.63498785626340381593735
0.63499016524768869818018
0.63499305266090533272916
0.63499402337948784857957
0.63499858827464317201361
0.63500210575286142322682
0.63501916695407945034901
0.63502250380651426020506
0.63501471297240863478351
0.63501308523331601030293
0.63500989683252329065510
0.63500773851920011559002
0.63502677243251515193379
0.63502927665670472201498
0.63503319474244412923269
0.63503505025700723862769
0.63503925734878152731255
0.63504352766970628696441
0.63505931833224626981149
0.63506508608587397546330
0.63505453684552937154706
0.63505296221026374947627
0.63504881994470785411266
0.63504603349726185257396
0.63506616202858812147980
0.63506862846230283103921
0.63507203884194984855327
0.63507384304957692489069
0.63508012617884979089666
0.63508450099595037396938
0.63510103860719013812997
0.63509474619146033536055
0.63509153666059936504951
0.63508842076111138297279
0.63508673413770222460073
0.63510664328756150087685
0.63510816951405857366808
0.63511302636278954558691
0.63511725471684976618292
0.63511379653798782918273
0.63513446097784376220829
0.63513644728555684881854
0.63512906754894882244145
0.63512522397723525369173
0.63514389963083361934082
0.63515180710133167796272
0.63515588376991305441521
0.63515179777493513402220
0.63517192717582993122249
0.63516543775900591306538
0.63518841501395428839061
0.63517259757556210342244
0.63511265730477717283975
0.63519670208852307968783
0.63517366475416825455369
0.63514041611160065858854
0.63500399035984211870698
