0.21064827193614443778813
0.21061962295406999601255
0.21099358317626557002278
0.21097075621124242172932
0.21109651196362624880898
0.21094146703811184062616
0.21108301917417665594101
0.21111554571209814601396
0.21110703521985491049051
0.21112254638802568917910
0.21106761389888484270472
0.21090657633113657487556
0.21104940455866341708635
0.21109839341185274164125
0.21111567300027181404154
0.21113927863009374075176
0.21113116508109205926580
0.21116161750824988252440
0.21110899849868569599920
0.21109037252330811740286
0.21102832407752172838578
0.21100427464017448841993
0.21108088228516111439781
0.21110394466584750383653
0.21112459770750638399228
0.21115296421694590423002
0.21118283656998618202927
0.21117393099300987846512
0.21114536291462740469349
0.21111823754035288769337
0.21109798767011775377789
0.21107112513805395548339
0.21106472623435357238719
0.21109297586624620191031
0.21111189453855472297761
0.21113765322089383946746
0.21116531263867041601223
0.21119273994572759778343
0.21118398809544228211799
0.21121057732540499118912
0.21115739877377356914501
0.21113025137645285989052
0.21110691124279118424667
0.21108911904691590732952
0.21110283558761397393333
0.21112363428204808379895
0.21114979619774865149395
0.21117627699576446698160
0.21120222981283756635840
0.21123122142155537073194
0.21122288463532365443420
0.21125298977831930002935
0.21119480603997792256266
0.21116859080084696143054
0.21114272847875642513671
0.21111847762674798567595
0.21113742636586102507934
0.21116204470011165628129
0.21118711469171333461325
0.21121477979419878145961
0.21124482022447646500929
0.21127485433459652908184
0.21126616388890082087748
0.21129335000196663996164
0.21123674269705008943454
0.21120755481504399631021
0.21118095153913618577945
0.21115645022687803966654
0.21117603555598010722782
0.21120076740391433012256
0.21122915241976056299755
0.21125859397825025309814
0.21128563626059757019071
0.21130938374729213435899
0.21130189991400757931750
0.21132505333516862777721
0.21127824160669825270809
0.21125082938156072853708
0.21122216345386773950210
0.21119539970838846487666
0.21121659399412318069977
0.21124339272244382903487
0.21127047331476966895991
0.21129451175317939815024
0.21131764882740675104422
0.21134207089096287979224
0.21133386654906269330745
0.21136186198104658928720
0.21131013914664176223113
0.21128734282670880162414
0.21126362100197737525775
0.21123728898036342460642
0.21125726898469820991266
0.21128073537400379744433
0.21130329094344407758754
0.21132645185321802250300
0.21135341523422249143671
0.21138276977593148386880
0.21137414809967355888709
0.21140337358413394119871
0.21134587403040808184507
0.21131951969945114711003
0.21129668839990303763621
0.21127532938774029602769
0.21126873586221306400290
0.21128521030329364127631
0.21129179206327716733504
0.21131314863091668621031
0.21133803956302499305053
0.21136629347051036353911
0.21139555131681594946080
0.21142236689617457945367
0.21141385566942899609799
0.21143901386905644690373
0.21138693082825646407663
0.21135859314462457358985
0.21133144190585523292114
0.21130844002108600809819
0.21130113962632152135868
0.21131763860566177282152
0.21132615469439217092962
0.21135166486021425558128
0.21137906297365452457093
0.21140594413749497215704
0.21143078202460915959726
0.21145473016159349599619
0.21144654162513745743190
0.21147121425950993200971
0.21142294488326002221967
0.21139854827618334565109
0.21137159565455335141770
0.21134568800875047633880
0.21133507509071253194222
0.21135418415518208989923
0.21136562097369457347007
0.21139067006690440142513
0.21141520391015433677495
0.21143948961069691794279
0.21146347863543957235066
0.21148960702905225672588
0.21148195683923218246569
0.21150893450713034726896
0.21145548856837947937493
0.21143172828711920274714
0.21140818765466257156405
0.21138497323571606156811
0.21137315004765619419480
0.21139065675587775938737
0.21140248270258976681646
0.21142484636368991113287
0.21144829291170799678845
0.21147387633345599011747
0.21150065182968275090403
0.21152844407753085276269
0.21152015820282754621218
0.21154634548911810387750
0.21149311658159963833725
0.21146675058050290463285
0.21144176834790859298430
0.21141933082196401327835
0.21140734072992381498146
0.21142355846489693793622
0.21143641297077758745004
0.21145995058469863048245
0.21148598282498645706262
0.21151264960154539385151
0.21153855415767705561159
0.21156421804543340536853
0.21155625725657539737412
0.21158161739905051446087
0.21153092902806439057350
0.21150523927158818016103
0.21147919114270030682690
0.21145471238328650276372
0.21144035891275622662810
0.21145779369576644945994
0.21147409418302873240769
0.21149835701735805737478
0.21152335598954313811149
0.21154821842556431610305
0.21157367862044818007661
0.21159973512558569175290
0.21159108141604621167176
0.21161853518589410216855
0.21156517344882744269263
0.21154072022148212584014
0.21151681214704382005820
0.21149261312812636659508
0.21147632079870495869223
0.21149383925826473196175
0.21151085069965297469352
0.21153326234620001278230
0.21155804957453841486092
0.21158330650744328060853
0.21160999349755577059184
0.21163694557082257663438
0.21162940389902293314428
0.21165599995547237921478
0.21160231916265828666646
0.21157525138806657083457
0.21155049326169408918652
0.21152759788533240237207
0.21151073847298859642585
0.21152668325083878730908
0.21154420482597266484071
0.21156780976370057056890
0.21159441185732480450454
0.21162132264104172030272
0.21164833066738458766665
0.21167366277764329551836
0.21166576019830266042199
0.21164034233503856152758
0.21161371003712783900319
0.21158689271378186558259
0.21156190555067716507764
0.21154286286501522429404
0.21155938048307973420314
0.21158045946215933708068
0.21160655330755598346748
0.21163329137552783221210
0.21165815766370571493482
0.21168282144325598070900
0.21167524166149934150560
0.21169927276976682750664
0.21165116770964853554204
0.21162591277257405963930
0.21160065420413115555576
0.21157753207294513475567
0.21159706411929982139419
0.21162022255949325399982
0.21164412379305416744835
0.21166779966388790668042
0.21169155727893501639514
0.21171659882779766959082
0.21170786984102096806026
0.21173407388592607736300
0.21168397446721848309537
0.21166078556779580055469
0.21163866029872935303757
0.21161591158421133584966
0.21163397102497569224333
0.21165495249539614808221
0.21167652653680585350671
0.21170020124564728480898
0.21172585670982921324246
0.21175194962554216848716
0.21174378252989925486283
0.21177083848392971865415
0.21171794707500826704383
0.21169256100706373979747
0.21167074485983689013935
0.21165049885853653988121
0.21166636239748970460539
0.21168652176236549267152
0.21170986099420235904134
0.21173609966764420087237
0.21176315045598295694340
0.21178935707376048136474
0.21178164305676777656728
0.21180859532354520680109
0.21175516932598545394306
0.21172834350104086098554
0.21170401644436756538603
0.21168206224388358416277
0.21169894213728321363810
0.21172248759833492415261
0.21174794273690708545921
0.21177428071546802734737
0.21180044668043479516584
0.21182690058969175228576
0.21181924501530582927167
0.21184555917914849043626
0.21179334124248219706210
0.21176700783709045960990
0.21174183149037825724115
0.21171769716007751704900
0.21173708123731080354979
0.21176137112983456356474
0.21178586689493109074256
0.21181190839614272292124
0.21183804037865441860511
0.21186414650498794354228
0.21185640483358542107695
0.21188201790841670879573
0.21183019435130084895391
0.21180434222750102457589
0.21178010234917066245686
0.21175686886689754073743
0.21177530724231638514787
0.21179881336444220107929
0.21182228797033861300569
0.21184834732708557325509
0.21187397372090285840862
0.21189962391706201882968
0.21189140596427102902766
0.21191640802732278348053
0.21186617507006635929834
0.21184094318642054943780
0.21181629672627949600994
0.21179336823176442283767
0.21178630323521965839184
0.21180287779473222498083
0.21181121977221537000524
0.21183439745063953330018
0.21185828543970242066052
0.21188428057574471008451
0.21190874962141623139011
0.21193414129039928051057
0.21192692897592779743832
0.21195257013131596490751
0.21190122060192984054794
0.21187606966085320570059
0.21185230693856971218025
0.21182908560013449794646
0.21182033698737851024063
0.21183771765006753629024
0.21184734388356765699690
0.21187001382186362863358
0.21189343288104284246387
0.21191886896972417231311
0.21194455442109247367277
0.21197128109230128911733
0.21196313956767073860554
0.21198968498659698234121
0.21193659347038681928233
0.21191101246320012685409
0.21188785036303459108353
0.21186502138466867251054
0.21185503541931555160360
0.21187187456548786657073
0.21188270676082512911087
0.21190509136797996969648
0.21192909730643708088316
0.21195518393633588916103
0.21198161487220554266564
0.21200763457995483451946
0.21199993631785185588257
0.21202529238444078885095
0.21197428441070995108753
0.21194713409370047330071
0.21192287503082915534058
0.21189990160651397954616
0.21188891231524509262130
0.21190542061749850777375
0.21191774797068474445183
0.21194081584195401113391
0.21196564812676674249836
0.21199206373078310905456
0.21201821648054092195324
0.21204289847146665093369
0.21203514337580439685915
0.21206104020478161453767
0.21200998498126788494034
0.21198409171083174018513
0.21195959323396124096561
0.21193535220857234735448
0.21192188234803582824739
0.21193927722765801280325
0.21195408633711687595991
0.21197798975854895142668
0.21200233747648020155019
0.21202769000842350277658
0.21205318966032629668383
0.21207890549104682631487
0.21207123177895195742515
0.21209757171885046389548
0.21204568177873645007381
0.21202012542197457012350
0.21199648145178465186156
0.21197265219491651100370
0.21195699887788940762867
0.21197468173045416750533
0.21199145082190051780913
0.21201436469289033914798
0.21203780090273333103212
0.21206376759831180311977
0.21208988389651370343181
0.21211547108472011968772
0.21210782046572423942266
0.21213260420349072665758
0.21208174897621628884892
0.21205563851062042557416
0.21203223633909251688578
0.21200951828862704684475
0.21199232728202094255820
0.21200981661493883967395
0.21202689013046463473167
0.21204999176370556424054
0.21207368012304339544016
0.21209956147776548585071
0.21212472246692942734470
0.21211705801492247713824
0.21214169622460130049113
0.21209164695576238068853
0.21206734377643027267268
0.21204446295413795220419
0.21202608871960937353407
0.21204223989412293582824
0.21206156993337343941164
0.21208516479872840942988
0.21210865400953970993925
0.21213427429543785240895
0.21215892943632277956034
0.21215107323657003690620
0.21217726122450103476424
0.21212591320267404348954
0.21210236049331898655623
0.21207927104211873881034
0.21205878377270626078399
0.21207569429674916205997
0.21209665553269921312030
0.21211993307743787218200
0.21214289850309211993284
0.21216919217521734708498
0.21219636629961746709938
0.21218816860449624117635
0.21221579429986092701910
0.21216143569017714698433
0.21213744571644635450447
0.21211386461410375314784
0.21209228145150585409517
0.21210909102658290215082
0.21213176304016725937096
0.21215519099798754720787
0.21218021648259924316626
0.21220820678434379469302
0.21223503726946496561467
0.21222699518043641742082
0.21225284206706890310912
0.21219939643976176713025
0.21217425587589894275808
0.21214984733246497472514
0.21212642532284478602556
0.21214459486901562912387
0.21216868726342646978011
0.21219315275297243039709
0.21221821691841441515081
0.21224440463366472942042
0.21226933355138397074846
0.21226097763830756304237
0.21228509949213503205101
0.21223588218146552386578
0.21221228894508992190993
0.21218739142453293955448
0.21216285273674126421461
0.21218153772001263623892
0.21220575573193076190925
0.21222964285175194287802
0.21225283220241064618961
0.21227705504662028324070
0.21230234545275222801664
0.21229476975154673579205
0.21232056955466008241196
0.21226906174164419938144
0.21224644776426482284393
0.21222338393802256395482
0.21219981009597443932790
0.21221773369155333410774
0.21224040525032081272450
0.21226277112509059352696
0.21228603431350590025062
0.21231298953372651494576
0.21234063696230989770619
0.21233228239061952002942
0.21235955277377008276751
0.21230463558611736840653
0.21228036685390211379953
0.21225722089859250241162
0.21223476716433964384123
0.21225166519946714327460
0.21227472053213206071298
0.21229892501738359400498
0.21232410264104803476748
0.21235176497541927154167
0.21237796134700059891287
0.21236979516269946510754
0.21239501004396424410636
0.21234385083664311655305
0.21231843901187805179198
0.21229306738150374722629
0.21226878122137676774273
0.21228758994634705503657
0.21231210928517130209769
0.21233738447605224330950
0.21236141955477649823081
0.21238723215923130394067
0.21241172435136879137474
0.21240329190403803294451
0.21242950935271015522332
0.21237830520750691776222
0.21235514692621118570948
0.21233148110311339529233
0.21230641300998079334938
0.21229877635729793583508
0.21231751907112433874758
0.21232545769777966260250
0.21234908371319077824424
0.21237214036643223269429
0.21239450984234325980893
0.21242064648214073474541
0.21244769531320603639379
0.21243928118796195914086
0.21246679258757744657160
0.21241200604902626958292
0.21238826175980690669221
0.21236569193385979037458
0.21234293869732867587885
0.21233439457853264809017
0.21235095711750084923608
0.21235944159278538623248
0.21238144803822539552485
0.21240519420527312344227
0.21243061682235533926821
0.21245888178626495812473
0.21248532462533462061849
0.21247762612689677363953
0.21250244892324773871017
0.21245020780299303519989
0.21242390516771703090626
0.21239873316151783311234
0.21237596544070960757900
0.21236673120669810610472
0.21238228675043380189180
0.21239274630325280512899
0.21241784204427002769044
0.21244371067001671660179
0.21246914452599061085003
0.21249479777644231237588
0.21251880986861140798716
0.21251059214892523141494
0.21253458518930132270519
0.21248680347016540848060
0.21246363823154423844386
0.21243752231412654785103
0.21241136542345256943420
0.21239915667320885539482
0.21241777111950269074647
0.21243131494751082977146
0.21245701373460093575041
0.21248072571730391988609
0.21250282689226668297877
0.21252647949955355555218
0.21255214457717383491620
0.21254355950040917933030
0.21257075449342205386571
0.21251777357650009081524
0.21249655107495454831046
0.21247468780492298479068
0.21245116253225693192519
0.21243746862664034114054
0.21245565042849731685060
0.21246963093963394664243
0.21249054518577512040700
0.21251113091730186588357
0.21253449789481312914852
0.21256233620713399501412
0.21259047989901141972879
0.21258207107864579565870
0.21260890626194783870062
0.21255305612145586335870
0.21252799296532726147646
0.21250569862924267861004
0.21248507636561519973384
0.21247229994818875309370
0.21248665635860905509524
0.21249972702805183799590
0.21252129479752338014897
0.21254667851067096662199
0.21257355359634436120508
0.21260089066995088713519
0.21259305224201824335850
0.21261794409437351216496
0.21256652327099193056092
0.21253958522189203561581
0.21251509215921082773804
0.21250059981591509772336
0.21251547359700950767802
0.21253347114333195899682
0.21255945819534483032243
0.21258635887984619894375
0.21260990634564305712395
0.21263309500773133753349
0.21262499339595319902685
0.21264712736217258881588
0.21260359880136292520802
0.21257984600542900732734
0.21255347377813818554593
0.21253329678274746061817
0.21255249294063086051843
0.21257335335817514887502
0.21259769231685499146778
0.21261870405302576991780
0.21263853195995793821105
0.21266203592054591653415
0.21265330974352744664024
0.21267684324262464690136
0.21263244074520765147795
0.21261235465769004471248
0.21259118633346391069594
0.21257164997760263913662
0.21258886269906174248945
0.21260652394436510559395
0.21262584339535989252923
0.21264653106955025418934
0.21266883277602380286631
0.21269269946223984257827
0.21268455430362323554938
0.21270860800399318812914
0.21266231330901336216144
0.21264022996044446012220
0.21262040914068264241266
0.21260342922334740656254
0.21261650436319609602798
0.21263473771258711852994
0.21265625760827755463822
0.21267848547439599515840
0.21270052925909066487975
0.21272710011182904832339
0.21271765969525729955691
0.21274891439891327471479
0.21269406587465994329378
0.21267250833018400135721
0.21265048137675582329287
0.21263028152390275882233
0.21264675879549699288873
0.21266663460999662982331
0.21268741819134687198734
0.21271016515773930044553
0.21273866236670274654230
0.21276504201233767399337
0.21275846281744606458552
0.21272985435678723464825
0.21270229379284974480235
0.21268192629608523303020
0.21266312782400279002282
0.21267743516247777924022
0.21269573599447588740929
0.21272145793350921705311
0.21275176264535253234378
0.21275147803854463357531
0.21275554128108517537576
0.21274475936616807358881
0.21271308843130762311624
0.21269013019257956842445
0.21270596962703977594877
0.21273766062540142018911
0.21275698633383072211345
0.21270364468130184554262
0.21275638962551401967005
0.21273176813930438910916
0.21275573327380539745413
0.21271855903521075248364
0.21250677679244531215197
0.21272957873780204418601
0.21262606090156677129954
0.21253506635748950492903
0.21222534857299024668720
0.21068320800287221317149
0.21065712601092786981916
0.21102851097203759178633
0.21100826396902847004178
0.21113139068561501132670
0.21097984421443075064850
0.21112048865124569130280
0.21115036192401312464817
0.21114444907538595930241
0.21115729852090875384718
0.21110596695539229905592
0.21094556165824457361069
0.21108840758426589134800
0.21113670483678190215038
0.21115302636390076429507
0.21117396748089711788765
0.21116845797169170317886
0.21119624296742076086097
0.21114726545040884975180
0.21112937474648924007781
0.21106800322750804421723
0.21104308064357549246104
0.21112056376464424789496
0.21114293956781815531087
0.21116282169828845538539
0.21119019737750166498813
0.21121739843833028937858
0.21121110346496255183446
0.21118354435885394737582
0.21115722285901011856524
0.21113766275016770945783
0.21110998084531648610884
0.21110202240598441303376
0.21113187438948646801329
0.21115156240585308822233
0.21117662923889385373499
0.21120345078093630264426
0.21122984946249065418833
0.21122208275878720518115
0.21124762206191841085179
0.21119636497349431047965
0.21116991369721097027146
0.21114585064583166196250
0.21112639837519275864963
0.21114010920162451512283
0.21116261461634514007280
0.21118945123429996857389
0.21121523202806352648153
0.21124028214513565493426
0.21126820157303688452188
0.21126089536495681886485
0.21128990509452300061710
0.21123374821627879938113
0.21120823631726920455165
0.21118174974997036552615
0.21115579831112904485302
0.21117479596927507534687
0.21120110871446165501375
0.21122675046429212342147
0.21125370742007162916387
0.21128278817048132265377
0.21131170335676585647633
0.21130408880729226184236
0.21133013037635245412460
0.21127565566219985715435
0.21124718170449938159372
0.21122005768491011745702
0.21119386508364126897597
0.21121349421111645927596
0.21123991444852069365723
0.21126876950510464769906
0.21129749200956968180343
0.21132351922442860203688
0.21134609440682103342901
0.21133974049233331116149
0.21136169418185199453397
0.21131712240605612929123
0.21129043487423046498996
0.21126135122436745517049
0.21123290073349051954033
0.21125413937449291634785
0.21128262151656596046223
0.21131006568577304083334
0.21133337226993842428158
0.21135544578430609519160
0.21137864143932907912138
0.21137161971020271278299
0.21139836097698436190306
0.21134897916427619612989
0.21132692277854239759627
0.21130289017676767704401
0.21127487517334711530914
0.21129489520731029039702
0.21132004411324614712164
0.21134285765626906195003
0.21136527038047389637221
0.21139112551005653783953
0.21141919643071058199091
0.21141181658653968034045
0.21143972800675989165420
0.21138467058414439625480
0.21135907186116700828826
0.21133603448271268132608
0.21131299326418614970002
0.21130570540069773532998
0.21132214165539614514344
0.21132949406522108515283
0.21135253164556511151773
0.21137757682073629594832
0.21140506594579344668006
0.21143317760925806059191
0.21145864847911474693198
0.21145143836384949764806
0.21147522085500139454872
0.21142567761626801514652
0.21139811607126376968857
0.21137086279530217791667
0.21134617836882335639714
0.21133803376396331774600
0.21135449514170390195034
0.21136392941699858050164
0.21139112331339027228694
0.21141857140376474344379
0.21144466404525924518865
0.21146832073607629842726
0.21149086117011092755824
0.21148403738035587151600
0.21150726934457039773996
0.21146163738179749036483
0.21143804203075389214206
0.21141108911445649631844
0.21138349513679605129468
0.21137189539474449118117
0.21139097199166823060068
0.21140346219282246664761
0.21143019851666786101951
0.21145468068790188032047
0.21147815214652407322937
0.21150093134329103761182
0.21152558660381337585221
0.21151936579431176999044
0.21154483806020787928226
0.21149411904302001241618
0.21147118699720560131006
0.21144775053054948310560
0.21142284742676673015005
0.21140990765437606135890
0.21142738596784013682672
0.21144038925652108851239
0.21146444341356179785762
0.21148773522490899035020
0.21151247485029073258644
0.21153801639382360799679
0.21156427025093607618977
0.21155747914320913172226
0.21158209359636004354144
0.21153168268169045274085
0.21150617653321315825288
0.21148139778017835399559
0.21145726553686297610746
0.21144404362376489903141
0.21146024036605479134998
0.21147437801910720645004
0.21149961107749024047386
0.21152539040633960842896
0.21155118159774277675211
0.21157583182294259493972
0.21159988848453578635933
0.21159349048828701711500
0.21161720994403865336864
0.21156942456980359912322
0.21154462823504036061983
0.21151888204791188807796
0.21149270629893504591656
0.21147702519167180246207
0.21149444801673877858406
0.21151211808805511771503
0.21153807895827231311259
0.21156272785650093171128
0.21158667616475063111281
0.21161086614436439012898
0.21163524868806593559611
0.21162822368351902335704
0.21165396914388079352420
0.21160359260713665352505
0.21158007428526690030246
0.21155656292810193219722
0.21153066342755388884456
0.21151296745015804590118
0.21153048346686256775406
0.21154892792735371931379
0.21157303978088112805800
0.21159738491526788872754
0.21162168682781135053972
0.21164709141488671773068
0.21167230013459367721218
0.21166645667434966227027
0.21169127561951311955468
0.21164065816861227231627
0.21161456736695566371864
0.21159029647022650766353
0.21156570079227202119121
0.21154738633454703289338
0.21156333911052666030272
0.21158233461957470789017
0.21160763881002714326129
0.21163370891888544367276
0.21165961864469054476423
0.21168533721726404128738
0.21170885848840531595627
0.21170271981138005790157
0.21167859519970325110627
0.21165298889954808903013
0.21162674733303174501309
0.21160005952554658548159
0.21157953139019528010500
0.21159606728620802829077
0.21161863791804899626037
0.21164643163709737083700
0.21167255174265028894176
0.21169636667161018106498
0.21171973443886171750705
0.21171340481385350629218
0.21173613890950532256952
0.21169040793110696641044
0.21166581284585406219634
0.21163885622486355853056
0.21161424351071098093335
0.21163380616557031510538
0.21165844958606611081464
0.21168404521242026317118
0.21170701901343427775437
0.21172967284774707463768
0.21175341704446745683121
0.21174593689189558087804
0.21177084290844946923293
0.21172317385633923625399
0.21170072830600947244584
0.21167691099592034209564
0.21165268727694189210276
0.21167079079506398442412
0.21169322544178612033328
0.21171648766725961743340
0.21173938051016732986298
0.21176387536094762320538
0.21178866985626657037933
0.21178175215209821269369
0.21180751032135225475628
0.21175710595968363914032
0.21173253871380540158675
0.21170903853022740581658
0.21168736923077277611860
0.21170328377579936129926
0.21172483853038054357754
0.21174985495666123758163
0.21177523662348687882861
0.21180106880629626098234
0.21182597921809148688865
0.21181950888390840836983
0.21184516646093207170587
0.21179428585033124865511
0.21176835359675186265527
0.21174235482525102791662
0.21171903401321115478773
0.21173596346056045014450
0.21176084578929768587052
0.21178796780668460164598
0.21181337710403824736716
0.21183826017568618826914
0.21186342040079353399307
0.21185700570559642952340
0.21188202786164089808096
0.21183241631223978518328
0.21180704597143770739898
0.21178020817875395365171
0.21175476856000022274351
0.21177420446226599692885
0.21179976743554249085655
0.21182591643523052127307
0.21185096090813793079377
0.21187574630733480018918
0.21190056329435730253508
0.21189405475083966656769
0.21191838123732073539962
0.21186922486300321932795
0.21184440305234805701495
0.21181851627124542725156
0.21179404318336766954722
0.21181253158553334237091
0.21183724506281406685382
0.21186235985245779889219
0.21188735558859378427243
0.21191156724630949570454
0.21193593279848593757819
0.21192894321765204379560
0.21195266236808102400246
0.21190516079955493133902
0.21188102358916138800993
0.21185474369137746730729
0.21183064196890447061783
0.21182360629299792909030
0.21184024280153646024871
0.21184854393992719190365
0.21187285960764137837664
0.21189837230919342236923
0.21192324287005406824314
0.21194622943432436801281
0.21197034096465630637063
0.21196434963372831616901
0.21198871383823672531754
0.21194015861428286418011
0.21191616286207956565413
0.21189078384838483382069
0.21186646047373289269977
0.21185776311344031719308
0.21187520293205433508099
0.21188476863834279639853
0.21190850640164807239252
0.21193353190185987289240
0.21195778263951803310761
0.21198191555690334975104
0.21200736755040144876361
0.21200044153039340755207
0.21202571390973129483726
0.21197548366051599533222
0.21195111551370071634182
0.21192635499807352394974
0.21190249479379558161796
0.21189257648626622088095
0.21190947063334644728805
0.21192022962146059295030
0.21194360822740856975521
0.21196920253349119112052
0.21199404991167788980810
0.21201885699555778064251
0.21204360592730328582967
0.21203711676274800135289
0.21206120505963957367790
0.21201312478308054210174
0.21198723985226988753006
0.21196140378701636142189
0.21193747476520718997506
0.21192656014868208047552
0.21194311540081497979848
0.21195537116764348595233
0.21197935729869996079877
0.21200575496988596779779
0.21203087866367678615553
0.21205533436386689305486
0.21207875084923744068988
0.21207219861757858891949
0.21209683166526877018399
0.21204877488169451837940
0.21202419862131499650459
0.21199814465510669059256
0.21197302371939666376655
0.21195961940310220628092
0.21197705276408865260329
0.21199180719732768629626
0.21201655059043708617672
0.21204244187543139221752
0.21206645406652727126051
0.21209018282274078037730
0.21211463612783262866479
0.21210816130048873451308
0.21213324106934172696981
0.21208441832924823655659
0.21206022554645179156729
0.21203505116759516213598
0.21201042355331140010222
0.21199480913493515266133
0.21201251980155980114695
0.21202927236591903592533
0.21205294407477673357398
0.21207789734036430751019
0.21210247677647039998838
0.21212674853660160034785
0.21215107739858504731778
0.21214461991461164291906
0.21216814627200947240837
0.21212043093920948666486
0.21209572997591488729974
0.21207082378327582472544
0.21204738820505253382720
0.21203018667823639309411
0.21204769101614637238917
0.21206480805902575004218
0.21208858650642711807244
0.21211376424100009119300
0.21213821613853278691408
0.21216145726029919660327
0.21215568431150733097468
0.21217836542900639362763
0.21213172187293988235623
0.21210594550796099677648
0.21208242998850249105836
0.21206397348916400380503
0.21208012858421604329706
0.21209958605438195000659
0.21212377409315744114515
0.21214871880523289426890
0.21217287104007079290291
0.21219553161482174186148
0.21218964061422804223689
0.21221379627849851212673
0.21216596734194062556789
0.21214097649211796636770
0.21211733539307126017448
0.21209666886875147562286
0.21211357031688810037551
0.21213476652723289861413
0.21215855535482977534123
0.21218294032486159639284
0.21220773122481884076507
0.21223283457831365605983
0.21222667807653972094073
0.21225219564312114428617
0.21220146308469026164012
0.21217607255956724698898
0.21215202370951191657156
0.21213014284115752627891
0.21214693298508635610489
0.21216997030564971327138
0.21219382312892898223566
0.21222022811364979477666
0.21224668566142435022215
0.21227137052912659065385
0.21226544283870713014650
0.21228910622647209627267
0.21223939238088301850738
0.21221289446387350818846
0.21218810303754251367359
0.21216423064752987226456
0.21218243585645421567243
0.21220698974927348912090
0.21223179637691255705612
0.21225819601200024422383
0.21228282160636122166686
0.21230552873520430745558
0.21229936325699133581324
0.21232122575137660214217
0.21227584181408198915619
0.21225093601454481095914
0.21222574032966104451425
0.21220072842855822181640
0.21221944895508634831849
0.21224415072432567530569
0.21226829373588859684041
0.21229277063685864090914
0.21231540740490756347114
0.21233840240887902339750
0.21233308831054384380188
0.21235655614938780955114
0.21230897823265129642500
0.21228510320273288880522
0.21226182536962104330236
0.21223775377111495088478
0.21225570965082507512989
0.21227888975157577222674
0.21230143015215341417701
0.21232592842065697857912
0.21235127496568712013314
0.21237655382127912373491
0.21237053511511444492399
0.21239540033463280566117
0.21234450602990953549387
0.21231902882712969105050
0.21229574787581534378589
0.21227277333233998679596
0.21228970344496872479922
0.21231329032772586207223
0.21233759014826614208715
0.21236394686373447071581
0.21238998279456064444126
0.21241373921102923993942
0.21240797683722378863536
0.21243071696085955024635
0.21238366822095536279313
0.21235710773875007828515
0.21233167966932450787532
0.21230684888891548922629
0.21232568646185495664369
0.21235076205228758938759
0.21237605696295502877291
0.21240120986408916881061
0.21242537792249099881658
0.21244735996293417912284
0.21244140167814148933978
0.21246507448285290031720
0.21241806606397214962634
0.21239382221766539560193
0.21237017357888204882599
0.21234453608051540030033
0.21233612439587207232350
0.21235481285968813014442
0.21236360951344759873116
0.21238781488408753350683
0.21241081678963474876909
0.21243423940228847723866
0.21245871891385351148962
0.21248319035587728831338
0.21247731511339976173680
0.21250221694038967656937
0.21245170386758144287498
0.21242693983886307140807
0.21240446103419566292736
0.21238111670620019033606
0.21237163467559380669591
0.21238814298737063168687
0.21239764519754708582688
0.21242025395504174345440
0.21244387531354455567190
0.21247028203330187157150
0.21249687692611068934312
0.21252067748354019904866
0.21251558247236529419766
0.21253773051252738968131
0.21248983996194559242809
0.21246258789069000227911
0.21243757511670255389014
0.21241419204455669333953
0.21240386384547985110238
0.21241936984174644709178
0.21243099758352826378349
0.21245671804448285069356
0.21248239451372641362070
0.21250874241896458571865
0.21253271455460601147003
0.21255402074690366021059
0.21254846732552654109405
0.21256972493588727202152
0.21252636432541924249584
0.21250232324988296839230
0.21247643254161299730676
0.21244964057454263084423
0.21243619393190149580164
0.21245476454976172653311
0.21246961452373192003051
0.21249595790667227812598
0.21251941229345006068030
0.21254234986996839440465
0.21256431187247337710744
0.21258721259409985027133
0.21258134941038017706738
0.21260575099141987287510
0.21255725862212965227016
0.21253523863317422271102
0.21251366318964129420443
0.21248948340859361016975
0.21247442209915043398460
0.21249256793694873413081
0.21250797386000808142370
0.21252954972973178704443
0.21254981873513253964880
0.21257394383322819608750
0.21260008380228551105873
0.21262540588511982808662
0.21261977520138242159220
0.21264376166997761563593
0.21259246064383305330203
0.21256667976908250050627
0.21254473158076564454078
0.21252344066688205748150
0.21250918698814960650090
0.21252351572003352897511
0.21253811296604493974449
0.21256035623761529440578
0.21258536616620327119875
0.21261291633359419295246
0.21263854948913965547952
0.21263237322663289252667
0.21265555702441815699721
0.21260521254363495824435
0.21257867415402223465470
0.21255349670824219554532
0.21253743457972215646912
0.21255228962299799189140
0.21257189560726710841898
0.21259857239575666310039
0.21262504834903223072118
0.21264918399244650548674
0.21267066199051068431380
0.21266422522736858069514
0.21268464717481869175053
0.21264228651592931296221
0.21261898466222453607521
0.21259191878270017328489
0.21257009986854299987691
0.21258928790609402104117
0.21261181930499298275983
0.21263685509778254556501
0.21265739104436715001256
0.21267771666440782318830
0.21269950675954377161680
0.21269244726800151656931
0.21271426459711248457829
0.21267112681967501042202
0.21265153997144486952564
0.21262967091704554345455
0.21260843967777229290839
0.21262565134036756631097
0.21264502659477929613629
0.21266504844195716072974
0.21268521545455809640401
0.21270792288771503408817
0.21273007156474313394945
0.21272359548758534852908
0.21274592976080636264058
0.21270099548921597709672
0.21267945310306896056218
0.21265892989698248483066
0.21264022119426437273937
0.21265330248565703086250
0.21267327829816340400981
0.21269549889328454028714
0.21271716568525583790361
0.21273951974983371093764
0.21276437083919497172957
0.21275659905514313074981
0.21278613331802898045453
0.21273274417229959265541
0.21271176707754421708607
0.21268904114070202870934
0.21266709580007614466268
0.21268363345361629423991
0.21270521324787672323708
0.21272669177779893190383
0.21274884215974146361994
0.21277755217369656581816
0.21280220807225067036761
0.21279730055666243315748
0.21276852964143713742295
0.21274158073903357002443
0.21272052296213775357536
0.21270006309063910210355
0.21271443187998551049844
0.21273435125504719378497
0.21276075747062805909593
0.21279043544855424929807
0.21279025771573550906979
0.21279420900288006923695
0.21278407237646074223747
0.21275172270484196679341
0.21272718565413176183831
0.21274308374712039282350
0.21277631441839442438813
0.21279630925596945689726
0.21274296289573491058889
0.21279506044373322493080
0.21276894218517086732056
0.21279296787690155090544
0.21275723724728043406706
0.21254543168332434843748
0.21276686382594214852482
0.21266297774336220816060
0.21257237095436198881515
0.21226220536427334306673
