0.62822417299036203974794
0.62827295234613778074362
0.62839730460069209705409
0.62840926770784855115437
0.62844881140471486880017
0.62841628853640218999033
0.62845887064338745719994
0.62846580484913117103929
0.62848005211879742759606
0.62848161390212109456144
0.62847161476129165258442
0.62842616702566111985817
0.62848497674154413239478
0.62849510649448736554490
0.62849720736188730008109
0.62850259104202632620684
0.62851642332166735016585
0.62852520725593574724144
0.62851174014395272404698
0.62851027918634250202246
0.62849525034793485289697
0.62850747694875119808700
0.62852430464836583912103
0.62852742030512220861027
0.62853001056194046647363
0.62853715388935371688461
0.62854622299601636825628
0.62855723870253321639012
0.62855036949921105904338
0.62854571578272122600595
0.62854323610526796617393
0.62854178395601356665878
0.62856335771944538137745
0.62856281819975878821793
0.62856212239970976618508
0.62856619766994814568761
0.62857090948251881368236
0.62857685403500629384155
0.62859089820961222550011
0.62859651855444942381013
0.62858683833378248273505
0.62858233250100370437252
0.62858162882809198723777
0.62858568490924338068027
0.62860438780835958816340
0.62860097287108540609069
0.62860254251010339032746
0.62860669113402800611823
0.62861070653514816708451
0.62861692242597233537538
0.62863072373311057461365
0.62863758220084697825314
0.62862598051703322266093
0.62862206728384317777625
0.62862060339293579502851
0.62862304480358943692409
0.62864238396065763581078
0.62863993243968896429408
0.62864106609270831160785
0.62864543289111196600061
0.62865091441359721713411
0.62865780242924018672568
0.62867085373177844509485
0.62867690922953645138449
0.62866543917343409297871
0.62866066734112446834359
0.62865905426602053385210
0.62866180446854580399219
0.62868130697195323541848
0.62867871008547937528022
0.62868089500105739375613
0.62868572661922783595401
0.62869041920786072896732
0.62869539682512709521944
0.62870927732355363914962
0.62871395327596413249438
0.62870563250453381787253
0.62870148960012783856399
0.62869901917952875081141
0.62870090407935708132214
0.62872098848689617067720
0.62871949500033708080338
0.62872161174400198468959
0.62872471819665853853820
0.62872826167299811217504
0.62873335048060297047812
0.62874758369012917480489
0.62875381498163895876985
0.62874378323329771500738
0.62874087775400466782116
0.62873957756602005808588
0.62874102883922944329242
0.62876092808395300792768
0.62875872040561564535466
0.62875971913369410604133
0.62876281046314974609857
0.62876783309121697662647
0.62877459548514647025286
0.62878819697378862674242
0.62879486849925791958071
0.62878264052878907186539
0.62877859125733104317391
0.62877741784481822051589
0.62878035690262723544919
0.62878230176431104681001
0.62880180136178820404780
0.62879937123221996131406
0.62879642298804727662542
0.62879827213675665298354
0.62880277444119914154186
0.62880856370208149108691
0.62881439416123974250894
0.62882788423108371134163
0.62883302296185150659369
0.62882295418882272475258
0.62881847509983890276430
0.62881604160614101850513
0.62881849416190349622013
0.62882120762236448641147
0.62884075560532737281250
0.62883803512463098961405
0.62883628056970974906648
0.62883878213773924947816
0.62884255182732473610230
0.62884681644939777189762
0.62885146608220077180107
0.62886543353444701587307
0.62887033304927997257039
0.62886168320251722985148
0.62885862203385001212297
0.62885637184382181530395
0.62885799886800497482398
0.62886039484461386805947
0.62888032997280030045317
0.62887780434558526732047
0.62887594609429020575675
0.62887767470801658742374
0.62888059533615237040038
0.62888457373814832251924
0.62889001162992730353807
0.62890432665287032687473
0.62891012069113716442814
0.62889951938699772959751
0.62889658056924047091485
0.62889496194827598785082
0.62889725995950218617736
0.62890012424088315157178
0.62891935641323182260010
0.62891606274017797240106
0.62891359799995927293281
0.62891537484856363526831
0.62891905671384540355007
0.62892421764863992716954
0.62893021942318172445852
0.62894420360703950922954
0.62894976995740592418116
0.62893890661323337276656
0.62893481722363386854369
0.62893252663984944295095
0.62893479425837672813770
0.62893847170348182729072
0.62895773957547140842195
0.62895382827444512585657
0.62895196165397315724022
0.62895472562912224656628
0.62895869105789037334375
0.62896367561824473302323
0.62896912047270947532240
0.62898294206068328104919
0.62898821609276533983746
0.62897838473814104975901
0.62897472501531326294355
0.62897203782774280256263
0.62897363259800620483020
0.62897736203843002122937
0.62899741523367702633607
0.62899379545012423786687
0.62899216061780705011586
0.62899447858920543019678
0.62899773134139091990136
0.62900228056661056097454
0.62900762895764439353030
0.62902168798898827617450
0.62902731349785334646896
0.62901710891374307266233
0.62901402451515231462054
0.62901194152836670259177
0.62901376215797899504878
0.62901771858661126302081
0.62903746620530720523590
0.62903328859774276793360
0.62903107239769040504029
0.62903342833375819331820
0.62903676387115314838638
0.62904157928644111041905
0.62904713971194814448040
0.62906165520853385419997
0.62906701962771560676657
0.62905655235597379704160
0.62905264434493268765891
0.62905008554571495427155
0.62905220183986254589570
0.62905676072297922463150
0.62907550658410560373568
0.62907075287909697269839
0.62906908379297998834545
0.62907227377434415949153
0.62907628975618057332042
0.62908128735716828394686
0.62908653956312177157884
0.62910059418648101026150
0.62909588757135859182767
0.62909193010793040823359
0.62908844676249009442159
0.62908970513457374007515
0.62909428026959479662850
0.62911337568332081904288
0.62910906899564822403192
0.62910820985701776386634
0.62911170316092845933298
0.62911514925635814154958
0.62911960345525175242187
0.62913434581092197994678
0.62913853912332995399481
0.62913111550940759020278
0.62912812389301342452796
0.62912920211202927323058
0.62913325187146906802838
0.62915371034637479485951
0.62914932287911218278254
0.62914783861586676128042
0.62915045604799790801565
0.62915334179123694191560
0.62915783932202062889161
0.62917273738240209191019
0.62917735714251132872477
0.62916966525185469283343
0.62916721328166524962455
0.62916921797917235714692
0.62917404530145748520198
0.62919381387350803436220
0.62918843532906110205261
0.62918619869377090392248
0.62918898136391343545171
0.62919264192392709844626
0.62919727904972200249745
0.62921241397408722573203
0.62921737516880882346015
0.62920874768393331155636
0.62920529863646201818028
0.62920731029681120638486
0.62921273534308053143604
0.62923122301059963845660
0.62922584209631471363622
0.62922445424453443685309
0.62922826734242187640689
0.62923241320373179963354
0.62923719376130704539207
0.62925208894469197851151
0.62925694700926182445500
0.62924796921870018717726
0.62924386177754010329721
0.62924477747301177377182
0.62924959100061095274015
0.62926844287699157387550
0.62926415993664996939572
0.62926352905983895524855
0.62926755430349301523307
0.62927156834372621752038
0.62927633866376042615087
0.62929099730969151327287
0.62929574996333781378155
0.62928702240727774075424
0.62928302338877140087448
0.62928389243099358552058
0.62928787435616539980288
0.62930770316094664096340
0.62930377178655216852121
0.62930267639276582514185
0.62930663977394740715710
0.62931060980431774432020
0.62931518857116319765055
0.62933027505589222982962
0.62933461534066659215370
0.62932634628984118752015
0.62932234554560495531916
0.62932352957792547787363
0.62932766289149733029973
0.62934732052668196367051
0.62934328299571340448182
0.62934191767077896084714
0.62934603317536097488727
0.62934987885148263586643
0.62935413610478418977578
0.62936953407840023899666
0.62937361906018773893834
0.62936581335653829505361
0.62936176398511922691625
0.62936268951337726029749
0.62936666889759840248786
0.62936783311712296562490
0.62938696776422053957845
0.62938578130814248901004
0.62938214423761873472785
0.62938112156080971981709
0.62938546362977043635567
0.62938913240214655608895
0.62939341008753779682650
0.62940888702800712461993
0.62941319565985109907302
0.62940476916094245662947
0.62940041526664558535487
0.62940141336655630599495
0.62940490847000363228148
0.62940606405591725813764
0.62942530881546554510919
0.62942407725391302797391
0.62942050995346210395809
0.62941952667580913782786
0.62942404266264595502633
0.62942820336905569433839
0.62943290501751836263367
0.62944778682519464396705
0.62945236320652475647819
0.62944324407672291865623
0.62943869920170425480421
0.62943979257266835514173
0.62944325539527135049411
0.62944452852581700419421
0.62946382740683681777938
0.62946240475695258709266
0.62945892061468078360065
0.62945791822831853590259
0.62946274198056861859385
0.62946720371410003203039
0.62947159833423549368803
0.62948674579635921499943
0.62949076230900147255198
0.62948254589457997010271
0.62947742999637690264336
0.62947830493876821833510
0.62948148659793334847024
0.62948315027702239632390
0.62950228152784015733801
0.62950084758247726313130
0.62949772179528828974782
0.62949704985661880662917
0.62950208072785596158383
0.62950632522892524534086
0.62951010845549648653474
0.62952570818313691169976
0.62952967872282605821255
0.62952152700397800977328
0.62951669053457559588338
0.62951736117902523659495
0.62952000114874118175123
0.62952133772080243190317
0.62954034009463077925517
0.62953924198940314216344
0.62953677616519088111602
0.62953610722350605843900
0.62954107038925621875336
0.62954525704161667931658
0.62954939151221889215293
0.62956495754545094278853
0.62956920206601263423352
0.62956044922309262190652
0.62955525566083647692750
0.62955601979013886548842
0.62955836839193424214756
0.62955950452084130652963
0.62957845913989496366980
0.62957751991488186682489
0.62957511163217516614310
0.62957433643663540667745
0.62957980261159329771203
0.62958455345726815899354
0.62958868730714512285118
0.62960394896819316112868
0.62960776459259959469961
0.62959908743012504839243
0.62959338368423878318225
0.62959414674440172809966
0.62959641277383771029719
0.62959768543505112425862
0.62961683178833971474830
0.62961542586719887459878
0.62961327738797667752380
0.62961265227615903494751
0.62961826007798360471668
0.62962293994840157207449
0.62963749275576696984302
0.62964190183306212311720
0.62963192140668045038154
0.62963240738810177798968
0.62963456994425204271693
0.62963591452910860901682
0.62965498255892771162223
0.62965358118003866838563
0.62965176063564332054057
0.62965112286480506842423
0.62965667754400023170547
0.62966105336317623741849
0.62967577831493137807684
0.62968064352276487127824
0.62967031057684463846158
0.62967101503886369062712
0.62967283261973527874744
0.62967398558426868060423
0.62969301614260575483684
0.62969174041759379267802
0.62969015303783881787325
0.62968942383528936357351
0.62969527168625327728790
0.62970055892781739981245
0.62971491354191566625076
0.62972042303640585192426
0.62970865294675659740165
0.62970916940081000934271
0.62971043057267717113490
0.62971182555861249241502
0.62973041552326647352089
0.62972915896210301944791
0.62972794366556650302869
0.62972788228783660446908
0.62973467030739804783934
0.62974010600073693222356
0.62975383365764558973865
0.62975909276703367911665
0.62974715223786781326254
0.62974704616502241716347
0.62974798445599144969265
0.62974930052837763128082
0.62976797650552929219714
0.62976689752246839404393
0.62976623368925266355234
0.62976625778701711411145
0.62977265552446803908992
0.62977763201576697493778
0.62979131706958479952618
0.62979622046549754710298
0.62978525297597265364402
0.62978545332279645130313
0.62978596334757264152415
0.62978694253623834775624
0.62980600409152220908737
0.62980505323499769154694
0.62980432021215193572061
0.62980390794138418897319
0.62980997819765260903324
0.62981526314759328499804
0.62982924052408328918773
0.62983489382267410228167
0.62982281281765850611265
0.62982321700941601427814
0.62982398771785375046761
0.62982503917056920084150
0.62984381465569871938470
0.62984264828344715958508
0.62984198877196417853952
0.62984193922128550724437
0.62984887180985960064561
0.62985502160440909324990
0.62986881940540206947787
0.62987488708605587905964
0.62986141760926173116530
0.62986106158036136992706
0.62986131145126778019261
0.62986244986657013988918
0.62988080030239468332098
0.62988003778778334229571
0.62988024760859839812355
0.62988103248805771272600
0.62988847060701202984490
0.62989430376461019722711
0.62990749377634991379438
0.62991301905871377453394
0.62990059162014999660784
0.62989966332245106439558
0.62989899712563512945707
0.62989937571987286712982
0.62991833841661581949722
0.62991817286747875392905
0.62991881931623761037287
0.62991918831458981742344
0.62992609553339751204959
0.62993147727612919251072
0.62994425086634386889983
0.62995015059059256135043
0.62993766786604632468283
0.62993743178498728951809
0.62993733016423825166186
0.62993746762892610657758
0.62993896374064251020286
0.62995827417833361039357
0.62995645581313486349728
0.62995593982153141876523
0.62995589597949941396138
0.62995587133270569690779
0.62996283993520063582139
0.62996909564194503161616
0.62998198672805039155520
0.62998850297527198005554
0.62997448023126079164058
0.62997411335758202177715
0.62997418117380332702737
0.62997499503055753855563
0.62997686290544807619085
0.62999534148492131180319
0.62999299639088257585229
0.62999203874740394848430
0.62999254179186936486445
0.62999373676279990519333
0.63000161713746660741009
0.63000790154610386561984
0.63002111252414916275910
0.63002698634199838512160
0.63001332573197943442977
0.63001165086475396925891
0.63001053843917653729534
0.63001094125242962373790
0.63001344212653487275588
0.63003149202462205291653
0.63002908726693829244425
0.63002952085213259625363
0.63003111821727175723140
0.63003268139106283207695
0.63004012384458518702957
0.63004575616429936424367
0.63005853659703514590973
0.63006426473602461513224
0.63005166235712317668316
0.63005056315250185239307
0.63004888013306858951523
0.63004794975041311655417
0.63005013752405070182050
0.63006963662209081178389
0.63006746720207118528378
0.63006814587163728624830
0.63006926070947111284681
0.63006995953058420045778
0.63007679398610583199059
0.63008303625842576600746
0.63009526596412834820171
0.63010205731226898162589
0.63008787865776627601377
0.63008747435996315111595
0.63008704904252099687767
0.63008690894755070566191
0.63008940290472603695804
0.63010874257473437065613
0.63010584765117494399078
0.63010514947702533916640
0.63010519767284778325234
0.63010625326816871449864
0.63011423642909236697562
0.63012119595783544490075
0.63013348920568479361037
0.63013998106444446545282
0.63012515362201471091907
0.63012348396420703178222
0.63012279752053934611666
0.63012369219756170224400
0.63012728508490356560401
0.63014486636634947647195
0.63014088612893381924351
0.63014036597195499656010
0.63014215799309913901283
0.63014455128384072590819
0.63015236864085721890660
0.63016343603321156585650
0.63017066490411610679701
0.63016103467283857142434
0.63015863625009704840352
0.63015814531486502581004
0.63016191082782235799442
0.63017935833951643775919
0.63017630345775232925121
0.63017726241514249174713
0.63017998825526122530505
0.63018161994457488894739
0.63018837735818322709491
0.63019933020873175610888
0.63020595022277636765295
0.63019815704295267799750
0.63019638339561068196559
0.63019510313047877314574
0.63019800022917504822573
0.63021733557216508270216
0.63021439974071435941028
0.63021502457350941917014
0.63021598049260751928102
0.63021684311415515633570
0.63022387147335312551633
0.63023494589608441973638
0.63024213802543438411874
0.63023373738325771942215
0.63023300734332299288809
0.63023327469923295929277
0.63023685666206941125012
0.63025558974165230008424
0.63025142322963978447348
0.63025071742746430203397
0.63025176543503125259349
0.63025358828294630875178
0.63026062915502933936551
0.63027196396031059943965
0.63027881053401024757932
0.63027012945479121697190
0.63026838998480183562378
0.63026877622451682459115
0.63027318130211651414641
0.63029001764562664344993
0.63028585742853127094065
0.63028616141324977917293
0.63028812404210576847419
0.63028980670064316260692
0.63029742627432716606251
0.63030748982554829495939
0.63031642772992846346369
0.63030527334341790446359
0.63030361958682901146744
0.63030316749659509589776
0.63030712351784268232535
0.63032495903235408185594
0.63032074610780242096553
0.63032040052973914434631
0.63032215139279024196384
0.63032581045723623525134
0.63033334428548759564848
0.63034423022071239817166
0.63034045841892993866651
0.63033744984381145926022
0.63033822984748222317819
0.63034314802921187492757
0.63036046042593074645310
0.63035542639935737696533
0.63035624314935678746963
0.63036029183846675749692
0.63035511828860069094560
0.63037526054757242466309
0.63037678769809946111025
0.63037342369057558499890
0.63037613927568447724781
0.63039160269358163191100
0.63039304356390735151194
0.63039367210590735446374
0.63038860290574805222974
0.63041044590631967192706
0.63040989527566848593665
0.63043019918201548268399
0.63041003066102785368230
0.63035263292224064102243
0.63043752499034577674308
0.63041679488625157468107
0.63038374208851633007100
0.63025290902956643268595
0.62832836408547676487757
0.62838482296684772254736
0.62850132921449686218551
0.62852099037535646974817
0.62855264772707664100437
0.62853061805173726650509
0.62857042873629376256162
0.62856944853422047625457
0.62859143569277620144931
0.62858506600039643075206
0.62858581419143799706717
0.62854232932717679638301
0.62860112399896983514935
0.62860916959522439295682
0.62860840933096673310843
0.62860585001973046104240
0.62862744050644936422145
0.62862827033585766400847
0.62862566812581921471548
0.62862640618782905654882
0.62861342477502735182071
0.62862306634901943258598
0.62864246204852136656882
0.62864352120741040508278
0.62864380553792098549337
0.62864798547270106521268
0.62864908989742440681425
0.62866788218163982548958
0.62866403031149675761924
0.62866178367054847964113
0.62866136843183906268706
0.62865749106470381057932
0.62867442791599514873013
0.62867864469070855459876
0.62868022901670861379841
0.62868223097634645668563
0.62868443437381293925625
0.62868730373912506959044
0.62870428725582416795703
0.62870676958953319868328
0.62870283536977422667036
0.62870041613075500208652
0.62869757285858973716586
0.62869669605610278839691
0.62871537802775401271305
0.62871703315295801584028
0.62872059731984331065746
0.62872264822236445525050
0.62872396336873392908018
0.62872697406294153488204
0.62874384928345616874168
0.62874743317964676414533
0.62874189272350378132614
0.62874008691388771907782
0.62873677868171629068428
0.62873417024792999097116
0.62875364850206771905050
0.62875622792257190862841
0.62875904993267051068528
0.62876129441717287793523
0.62876390452950725595826
0.62876744831092601373257
0.62878370797655025459250
0.62878634459281246282814
0.62878124870836760162973
0.62877861700235138098236
0.62877546829312569443005
0.62877319715236656971769
0.62879282317082796360808
0.62879523857445829282398
0.62879880721676773003281
0.62880148346927899893899
0.62880314172518303461601
0.62880461968326406552166
0.62882186842931964143588
0.62882296355734068615817
0.62882133097775416707975
0.62881935907723340850595
0.62881566084907103419965
0.62881253966040639991064
0.62883274846181858031002
0.62883625084273242489274
0.62883943498436112307104
0.62884035091875845058240
0.62884071800178453770513
0.62884214621275813517087
0.62885990454622209266944
0.62886239121468723300978
0.62885934991519609749133
0.62885865823995845680372
0.62885644613393831825476
0.62885290290373396793200
0.62887291424736335709866
0.62887570080402377392659
0.62887745486418089591041
0.62887830777953357408450
0.62888001959342421098853
0.62888294938449662563329
0.62890025179375852459884
0.62890300048455816117610
0.62889806549964277770925
0.62889627818277515913792
0.62889450401658175682229
0.62889244901414831367958
0.62889233121921794822384
0.62891171200290252318865
0.62891157146027998336990
0.62891361347578911278333
0.62891590808849562321825
0.62891812032613569893869
0.62892048529560140579520
0.62892230314936914403745
0.62893966989608973694459
0.62894070479486585689699
0.62893821610133704425039
0.62893606075550789746842
0.62893333830153896890636
0.62893079711989063884658
0.62893100262038337255888
0.62895043354909307975475
0.62895044039917868960998
0.62895368158185949170047
0.62895631707748977934358
0.62895772700764118745553
0.62895846571394797841492
0.62895891711808682433826
0.62897695002494113936109
0.62897755315218495386631
0.62897677109881089396737
0.62897610619145660759699
0.62897386968556956432508
0.62897049374602354010477
0.62896995935161481572351
0.62898979143994371288073
0.62899039358869768268079
0.62899354108414684549899
0.62899510267034619559468
0.62899558856974591147804
0.62899595666941610083711
0.62899700122212054420601
0.62901557323831081003362
0.62901687788133242573707
0.62901441202505314898019
0.62901394914135067004679
0.62901265315979082437536
0.62900994047286262755847
0.62900948938891521056149
0.62902863137014353167586
0.62902883356764016653528
0.62903138507927647271600
0.62903268896358410788849
0.62903384788814364902976
0.62903532591645816562931
0.62903674010937593585879
0.62905517544650602079770
0.62905605284180732272858
0.62905359456658105354876
0.62905207606537560938165
0.62905040415855695279390
0.62904764323077133614248
0.62904766305991777208817
0.62906686345070828014769
0.62906676177690545870291
0.62906992506379222351853
0.62907192288352886677671
0.62907327061634810139168
0.62907451257290425417068
0.62907516674553531910163
0.62909364103015485980563
0.62909402530114855167653
0.62909284958635203199862
0.62909185996067829016454
0.62909008472173832959840
0.62908664574851491657626
0.62908643417447251966479
0.62910644628450251847340
0.62910689106356321165237
0.62911029289082631699159
0.62911155634172466477594
0.62911207795721058033678
0.62911283793693262289537
0.62911319758658601486445
0.62913210513774442400603
0.62913263943095620867041
0.62913133518120167853027
0.62913104335859604265835
0.62913015297361540856258
0.62912692996089658592496
0.62912672079121378931887
0.62914645553819570356069
0.62914653024051214735834
0.62914935750550293747096
0.62915038553168423085538
0.62915086845284862171468
0.62915185822127883685795
0.62915222381786084504540
0.62917179336448902926548
0.62917186309467532101536
0.62917052745478985187333
0.62916953804030384400647
0.62916844123403092847724
0.62916551428801015255488
0.62916575555576026435034
0.62918452023423909746924
0.62918413972583142612649
0.62918751019320440232008
0.62918910429050678434493
0.62919013036450854858828
0.62919128170593130455757
0.62919113991706199229270
0.62921044334972942024820
0.62920959326606229478074
0.62920869951618507709412
0.62920694216000638832043
0.62920315781468716398450
0.62920332650065269319839
0.62922247106408879524508
0.62922258801081265566779
0.62922676845721969840497
0.62922841045500343959418
0.62922871850568351526078
0.62922930853726799504955
0.62924777306841062074483
0.62924809973352469061325
0.62924775666480159408422
0.62924674004175007446804
0.62924278398813870971651
0.62924241459145136001752
0.62926295754857120012815
0.62926297222777405337979
0.62926651172985470505949
0.62926702958537461540800
0.62926662231239061107146
0.62926725191439980555685
0.62928586847703105178198
0.62928661791650730705783
0.62928617411490550548336
0.62928594407814975042470
0.62928293138924573657533
0.62928338634203651036358
0.62930328006313640543112
0.62930220960046412415068
0.62930497891352954464850
0.62930542506061082352886
0.62930562315479987578470
0.62930638907861735642513
0.62932524349770546656657
0.62932633516288116748427
0.62932512471113866148187
0.62932412273411408865087
0.62932114109580006289235
0.62932234671059106290159
0.62934098101234603461762
0.62933973642027374317820
0.62934332056334407745624
0.62934457283501232804923
0.62934508364398233926096
0.62934600001982321515470
0.62936459701208935513250
0.62936559526527291463793
0.62936420716470997671621
0.62936276933216228623991
0.62935873005155784642994
0.62935949385791889465480
0.62937848756101644198679
0.62937816496133003330016
0.62938247382279832731200
0.62938372554604338215967
0.62938391442355134941522
0.62938482840381626548520
0.62940318001055317598258
0.62940408161546690379851
0.62940312344549409484529
0.62940199995170953428669
0.62939794558830930437665
0.62939806153234645336170
0.62941803775124849362754
0.62941787632151235953870
0.62942167996875830748849
0.62942266723381024018380
0.62942262336714116521819
0.62942335992321929438731
0.62944211602405064631682
0.62944262211926660377515
0.62944230200687945053772
0.62944137598980054448816
0.62943767995134702886162
0.62943814251259755376822
0.62945794264701449005628
0.62945747968867404864568
0.62946097458485417153184
0.62946191648336080604054
0.62946154652360031267477
0.62946197554596128309612
0.62948102890832191569359
0.62948129131699381844101
0.62948162362203130548721
0.62948083948271960075260
0.62947692566417745574370
0.62947743176573944801078
0.62947868701758580289862
0.62949800044524573117144
0.62949668805612002397964
0.62949641929483990399063
0.62950021018568014241623
0.62950119800240444956074
0.62950045097453088960293
0.62950091437496702440058
0.62952002385929262118225
0.62952052777937772543027
0.62952042570766320039866
0.62951951635333380785653
0.62951572609148120918121
0.62951595989534980812863
0.62951727256451495140510
0.62953668736795886928803
0.62953527069363857116002
0.62953486314399587087109
0.62953863890578865003533
0.62953962081889092150533
0.62953915760098810849854
0.62954006102839432656992
0.62955855906058832971439
0.62955934239076827285686
0.62955874635835740171785
0.62955781714855385544638
0.62955417545165481829628
0.62955458749393777839742
0.62955606711701117550462
0.62957552395795157718084
0.62957387786140739383001
0.62957333397573100874922
0.62957703611184989700433
0.62957816579689007685516
0.62957779202283725705769
0.62957840078276061657192
0.62959714484096718223327
0.62959738491972738749780
0.62959788691180462727459
0.62959654301544287768877
0.62959274755930849654106
0.62959310345434904565565
0.62959499506178195904482
0.62961426047109303461013
0.62961260711033995018937
0.62961219598180884204908
0.62961615940440973648862
0.62961734010963377183856
0.62961653243638115995395
0.62961654647905018755694
0.62963572400385658944799
0.62963593010890284151770
0.62963670587387088328768
0.62963579363608357386539
0.62963185839030433310626
0.62963189830318244677443
0.62963343692575757248875
0.62965254778781443167901
0.62965127924997055242073
0.62965129491972104958109
0.62965519629026667214333
0.62965616648593036863701
0.62965508261360758623937
0.62965545672096934204376
0.62967458828317590668888
0.62967507936243782840080
0.62967545742855746127020
0.62967432566525405324143
0.62967055843763652944745
0.62967054922271403771816
0.62967180937702804666145
0.62969084061766567028684
0.62968984325320687123195
0.62968967279417997762181
0.62969338917710393488392
0.62969472327983866399848
0.62969398536706444602373
0.62969437184476206859074
0.62971318148779387158243
0.62971325311736803254092
0.62971392108138835030928
0.62971241524870802397373
0.62970872565309010671086
0.62970887355886839831243
0.62971012432450934603878
0.62972930938296856062664
0.62972802340705957835354
0.62972787185489687011852
0.62973165554435961421831
0.62973300653582076069625
0.62973197515047407701871
0.62975214905983534219303
0.62975073692583483087049
0.62975089092300962079207
0.62974701671067401242965
0.62974730738812012553751
0.62974841768926481666568
0.62976749219836580806486
0.62976645868171809983238
0.62976638630467873802843
0.62977005642401295837374
0.62977124032170861411828
0.62976968400117638857694
0.62979024833289076745757
0.62978906894833897034403
0.62978920645178049220192
0.62978565482327841795751
0.62978584734840081793550
0.62978647917003249823154
0.62980547721099122693289
0.62980488775667742284980
0.62980480544913597373835
0.62980827723851018351553
0.62980965139672628883005
0.62980877986157235426390
0.62982919881254395555459
0.62982843885331918354353
0.62982745677288887176104
0.62982382936171443787998
0.62982371489082322746356
0.62982423775289109180164
0.62984276443862197147894
0.62984258008641480497403
0.62984261314887357574577
0.62984663244189886821545
0.62984885757982211895722
0.62984791338452827957894
0.62986792165747051974733
0.62986668933550638005414
0.62986584872720985384120
0.62986172798743500500507
0.62986154309048381083613
0.62986153487533247385954
0.62988031043570469336146
0.62988058833952376147636
0.62988092373799464684936
0.62988489735454000761905
0.62988664652491721529515
0.62988501875030822318990
0.62990520951949524608438
0.62990339791341121156165
0.62990382849913395535424
0.62990014675510119790403
0.62989978535900459366559
0.62989937319831412754212
0.62991853375538053860794
0.62991900562899560966912
0.62991901902215052810874
0.62992241460821218890231
0.62992376671681749034093
0.62992222953534759977146
0.62994292275348517939904
0.62994164564106269743604
0.62994124887449454153199
0.62993792369459256086373
0.62993807189127859480493
0.62993765883032504238059
0.62995652397791856991205
0.62995685450145200157124
0.62995670070390485939527
0.62996030299307592681402
0.62996244955178803959228
0.62996155989191304769292
0.62998229339885147837208
0.62998121369860704543697
0.62997970446728823734617
0.62997577621861533536674
0.62997563805248968371586
0.62997524313035191401156
0.62999368306686565066599
0.62999448541680480584404
0.62999496508224062107928
0.62999923439632676824829
0.63000183419149979879847
0.63000041772361026204408
0.63002074395187623867542
0.63001891724067549116484
0.63001870659114500572429
0.63001438445642676811076
0.63001356438742017740395
0.63001234001928940742232
0.63003138170915828908392
0.63003285344083603813914
0.63003354485710727495018
0.63003721668921375265171
0.63003923324390409543838
0.63003715876469901235879
0.63005727654781462643285
0.63005561735432624725917
0.63005560295760265621112
0.63005215943838233094709
0.63005212156790457722622
0.63005058312296702283106
0.63004978387486654245464
0.63006892696326566305487
0.63006964985457281080983
0.63007083989477197238926
0.63007062117254131194954
0.63007370801126294512784
0.63007574897442508721213
0.63007434871948042598433
0.63009477510594291693735
0.63009354023184571680360
0.63009221654631364373245
0.63008883807250060105076
0.63008918810333136573121
0.63008826079400215292026
0.63008735086334177744050
0.63010566318662741824852
0.63010633252183367858379
0.63010714961523484056727
0.63010726970157338033829
0.63011136965864522618830
0.63011428361349119953161
0.63011272089704517540554
0.63013365751552763427412
0.63013158912263567135170
0.63013085342347030515242
0.63012637693717177267416
0.63012575021569505739905
0.63012434002161221702210
0.63012360088763430532310
0.63014149889113890701253
0.63014255354141712750504
0.63014482671247062928188
0.63014584046278654394513
0.63015010060817500114894
0.63015254582166957408873
0.63015014437308369821267
0.63017083016124841865491
0.63016843739103001187374
0.63016896553054591034737
0.63016528166104623931432
0.63016428036560678815903
0.63016148028059826291525
0.63016000295246132889559
0.63017936582009814738825
0.63018106303119625355436
0.63018363971024371483765
0.63018397801511971678678
0.63018714495881489323637
0.63018895551070686078532
0.63018699077995543600395
0.63020729588026835887860
0.63020579387417186012499
0.63020494671250260054762
0.63020218934967831003746
0.63020262929981452071360
0.63020056084058673206982
0.63019900685535557016692
0.63021823384504949139284
0.63021955845471888668641
0.63022081089615289428707
0.63021990878855704831807
0.63022319958470029988007
0.63022613438532071317155
0.63022471704715721241286
0.63024525133313324953832
0.63024328708551113908953
0.63024197045598684407963
0.63023818630309658139765
0.63023853816586838938463
0.63023746135980163174395
0.63023668063608295764055
0.63025417549640627701280
0.63025471471358862629586
0.63025618582194253836093
0.63025685617292248608123
0.63026123658379240577432
0.63026398994191068503312
0.63027999036423232315229
0.63028214448253183643800
0.63027573037394590826921
0.63027453100169761324167
0.63027202397502257724682
0.63027114279904183913317
0.63028853012632946040128
0.63029023460070299211822
0.63029322466988790818476
0.63029467728515020663593
0.63029803994256516919137
0.63029971595069800294198
0.63031560942504638589412
0.63031714477746780822542
0.63031283487721256886260
0.63031241054741582452436
0.63030908785034422958660
0.63030712772147712286142
0.63032643247856745549740
0.63032843937647686782810
0.63033111692751198074092
0.63033065127903153967992
0.63033297848356695247674
0.63033491626294002596609
0.63035093670636987983613
0.63035303166250300499485
0.63034840127401114973082
0.63034916179729927332431
0.63034736343217334653133
0.63034593150426609931003
0.63036465585478695938804
0.63036556057500103822377
0.63036692626774348813257
0.63036642000229081705953
0.63036943354945451645222
0.63037137183261704453940
0.63038765904823024222026
0.63038939894405832120583
0.63038477232180190057420
0.63038464786001768835888
0.63038296293009121740170
0.63038225285732463198940
0.63039910364298612499567
0.63040009831334697931737
0.63040246757691109635857
0.63040275562927539088065
0.63040534615719368005671
0.63040785713805302936663
0.63042287170872102208818
0.63042669710500442992185
0.63041989398078013273619
0.63041997183779496793932
0.63041745990803166321825
0.63041625329474504368932
0.63043426242575228979348
0.63043508896493904991587
0.63043679169810207252311
0.63043676258173309001620
0.63044103748122182206970
0.63044345166071802388785
0.63045929562570091064799
0.63045505724030648231349
0.63045387560952736993869
0.63045262108480892848661
0.63045262580903860261117
0.63047011598205737747946
0.63046986843508201481256
0.63047269920833504119884
0.63047487511399291637559
0.63047001742702335480573
0.63048982945201192951146
0.63049327472230587421365
0.63048791600398279566519
0.63048596511820420573713
0.63050159689932461226647
0.63050758406121754084950
0.63051018492418597904958
0.63050513003998642780346
0.63052502993106329665096
0.63052005692380008738951
0.63054053141110322222573
0.63052465688498648965776
0.63046729369594356473527
0.63054802166467960322649
0.63052624986403316142969
0.63049438825073078618288
0.63036236371165099701130
