0.93311446221470595308034
0.93317843215096818454413
0.93323559758951601939003
0.93326649505318248767338
0.93327077746286157822198
0.93326565823389973086677
0.93329306024566405231013
0.93327937453012010937670
0.93329850775641509663672
0.93328477413884869395844
0.93329632552394115041494
0.93327338338938448103477
0.93330652254734580708373
0.93330375400808429642296
0.93330031178042660577887
0.93329176104636368815903
0.93330330927374216543058
0.93329857159109042008538
0.93330593523046045945080
0.93331517943830033523511
0.93331407426321155718085
0.93332386011782841883644
0.93332502589088284228325
0.93331777106790714260143
0.93330923310064495268534
0.93330729810970491922006
0.93330354408330418181095
0.93331128524170825500050
0.93331422209790493305093
0.93332131084631775319593
0.93332863674398802711352
0.93333830049501320669236
0.93335765643791357426551
0.93334322482001519372119
0.93333232328444060144079
0.93332652507223212712262
0.93331976427960849918009
0.93331528232503446762536
0.93332516388579611632537
0.93331972344059532797900
0.93333207559413255971492
0.93333713271398544009116
0.93334673520516842071260
0.93336427106005070974959
0.93336815784743376589461
0.93335079356204031508781
0.93334204074032423026352
0.93333708458396713592009
0.93333049145309221472644
0.93332486939904846234839
0.93333588739981987458805
0.93333036255379686618738
0.93334159830850504935285
0.93334636112116364792257
0.93335505109631522469016
0.93337166715631347813087
0.93337563384356903029015
0.93335899436188962674521
0.93335023493349800194352
0.93334605596451603037877
0.93334131159889333062551
0.93333555485843777699273
0.93334641793305195278663
0.93334004474790777106108
0.93335068224681205784066
0.93335430123630880316909
0.93336277145579038538870
0.93337968964547823880196
0.93338372822514514837167
0.93336687652856886732167
0.93335879145706013293449
0.93335533238455981042137
0.93335101313027724057036
0.93334402858480114417716
0.93335512896610051125634
0.93334808531327528857702
0.93335968098116794955388
0.93336352389823118436141
0.93337149379499062540333
0.93338798252610988281930
0.93339258948457526354758
0.93337634540749148115424
0.93336802933461782139091
0.93336358557453669160253
0.93335925762247562431639
0.93335280380078189388371
0.93336375301820340144587
0.93335830531625585404498
0.93336736771532791134831
0.93337206124863303369210
0.93338096908319678757238
0.93339737671399658491822
0.93340199974610249533669
0.93338507717220642323497
0.93337580206235037927343
0.93337130165130988146416
0.93336876930179391020914
0.93336414275203694046468
0.93337389629337852436919
0.93336966233457163699683
0.93337566717586450959487
0.93337962857712641895347
0.93338885533742610434160
0.93340622347344337494945
0.93341310499358720598195
0.93341787445156976232852
0.93341007073360671153495
0.93339271481334873392655
0.93338389170644109338326
0.93338025662160950535196
0.93337877178897976637728
0.93337450580695013879762
0.93338297015518467691919
0.93337863940777399118787
0.93338474063015786086339
0.93338849671902957005898
0.93339693621741037787842
0.93341391361138070781323
0.93342248054928100842176
0.93342717133197283807533
0.93341800916904349438852
0.93340153087316735103229
0.93339313948374658114204
0.93338880657273459728884
0.93338665542430665489348
0.93338248712424864983461
0.93339012882361038769830
0.93338650359312269610967
0.93339251125721289792381
0.93339747539618800331596
0.93340616451142632836735
0.93342240280423915965713
0.93343204552757474967706
0.93343706736237763710307
0.93342679692284724612961
0.93341050489548882396207
0.93340144066371399933502
0.93339611129147748158630
0.93339387650420746478375
0.93339095365871294074367
0.93339807801483554161592
0.93339570415313966034176
0.93339992698197293830020
0.93340529882496481306475
0.93341449934535347665587
0.93343098776209287859018
0.93344202899059058875508
0.93344673062482919068117
0.93343483889603484637831
0.93341829720050628615979
0.93340927790689620646702
0.93340417669061104266603
0.93340255527259763379533
0.93340046832869483228734
0.93340704989064937624477
0.93340498079758726923671
0.93340873124314593933804
0.93341365506392803830238
0.93342226355126689529840
0.93343858016481562334121
0.93345126137564360391252
0.93345577623270492573226
0.93344243414994532148654
0.93342653922313645331599
0.93341832765906718183402
0.93341327897180714767700
0.93341126996834988815976
0.93340922650453095332779
0.93341526174246192137929
0.93341328091838748903797
0.93341765342607052602375
0.93342300283495038826231
0.93343109707118221418654
0.93344662648914999980576
0.93346044739423639224896
0.93346532897329093092509
0.93345097955529421351883
0.93343559445065604762704
0.93342742730449379529034
0.93342176663326970054158
0.93341919169941700573645
0.93341738560395881574294
0.93342320453945681890673
0.93342159192913587428819
0.93342582103996918352351
0.93343158395020897621919
0.93343978773291258477229
0.93345523416571818398069
0.93347026235970831375965
0.93347493951149418389690
0.93345913452167761370504
0.93344360558693550977694
0.93343561493723015143331
0.93343002668411523270464
0.93342743360044666545150
0.93342586864328536133684
0.93343180929573210669048
0.93343009734216486616987
0.93343442872275161903417
0.93343970623691352450635
0.93344728687505107433964
0.93346268679476551710650
0.93347931728313926491580
0.93348342386680904780860
0.93346608779485529261422
0.93345108327944481541039
0.93344405554162912519445
0.93343895027109635709195
0.93343608789112553214551
0.93343417719959242973005
0.93344022981895891089010
0.93344343120412354153359
0.93344857149760240844216
0.93345517223844953758061
0.93346976693808225711280
0.93348755062943988836111
0.93349197364336444771027
0.93347382122403399495880
0.93345954193302682622146
0.93345310406015480353403
0.93344775009300451351635
0.93344423176635593630834
0.93345192913352903474333
0.93344823522155206951822
0.93345742385145369368615
0.93346397153543458902192
0.93347825351505775426375
0.93349683177464504169052
0.93350197837060011618604
0.93348268423937597049189
0.93346817611538313030906
0.93346155318097212560957
0.93345601725050020291974
0.93345238867980495633958
0.93346023256358956476930
0.93345669251832819046655
0.93346552923249892508295
0.93347205612351213943612
0.93348687075725300665852
0.93350706795327709208721
0.93351146755651293052125
0.93349062665234328051156
0.93347568304401840055817
0.93346951871876648887394
0.93346461470947394989395
0.93346112127260483237734
0.93346901508072699371610
0.93346555867033109699094
0.93347366601675008102035
0.93347932995852034299133
0.93349412217727034679626
0.93351511045704416158486
0.93351845688006473977794
0.93349755427777814098533
0.93348310557967673073421
0.93347784302265790490338
0.93347344761522121903141
0.93346990975520383049258
0.93347779181277967808228
0.93347421416528875148799
0.93348210493329319970002
0.93348709073582369910582
0.93350127007487704311472
0.93352184647991076626994
0.93352555139086546009963
0.93350532983529865838079
0.93349124673279648689572
0.93348635237797372710133
0.93348206679620471248882
0.93347847069332567926381
0.93348637083492713717447
0.93348276586369427487710
0.93349057158084136620602
0.93349543810736579363407
0.93350964044408157871402
0.93352963088529405943916
0.93353393726013622622162
0.93351401405178335846102
0.93349965555091274360677
0.93349484907332769267896
0.93349076183986756660715
0.93348709112888417216425
0.93349517920537972148765
0.93349140449347389747459
0.93349917651381641992003
0.93350385519084377872190
0.93351832271583057298869
0.93353826118896232610922
0.93354240922927367307693
0.93352253279227037641164
0.93350801822999862622510
0.93350348976486940966169
0.93349954457800021767611
0.93349570438293838492427
0.93350383425728322706050
0.93349996976520399627475
0.93350776614925545793255
0.93351222154783330964278
0.93352665430736581075877
0.93354637102836346418400
0.93355187891904500840923
0.93355622200070342842082
0.93355023208197396300534
0.93353077978836640493654
0.93351630477549774056456
0.93351191303679847965924
0.93350803917861846503712
0.93350430462623323890625
0.93351225589927866455042
0.93350866503645335559014
0.93351594782539226713425
0.93352032860992728569016
0.93353490212594947283975
0.93355417058825063136851
0.93356057627141053600894
0.93356504635952375359409
0.93355819745529378117510
0.93353899796928629939430
0.93352430812320819075723
0.93351999223786830128802
0.93351643618598423302046
0.93351302909467781532271
0.93352073988485129163450
0.93351732004306131607052
0.93352410830886367598680
0.93352835368646824854011
0.93354316510538926099372
0.93356228344898672943941
0.93356954847012152409746
0.93357404405325927765347
0.93356630185903388685631
0.93354731589825845627928
0.93353249890952327838534
0.93352839396709696995202
0.93352505481014946830953
0.93352150948376222405756
0.93352937364196597602728
0.93352565689124311631986
0.93353280450571807236315
0.93353680797188065554337
0.93355154313799970644538
0.93357024407596722603841
0.93357842253974687718454
0.93358261676971598941321
0.93357416576469387514692
0.93355578352913715090011
0.93354115634989742744665
0.93353713662243842374977
0.93353363763029129085425
0.93352986868137510789722
0.93353783636517462252158
0.93353416830348046051569
0.93354134603527116897936
0.93354545584721204676271
0.93356006376813782665636
0.93357801597527811932054
0.93358670319008985050147
0.93359076246691707900993
0.93358186049545899276580
0.93356425252671038084173
0.93354959665455117256982
0.93354550370716149476635
0.93354204486008496299831
0.93353853088981308960825
0.93354630769215973806752
0.93354285554856775153354
0.93354960538016928950356
0.93355362975925570978575
0.93356834475062144829138
0.93358572174908971419427
0.93359492314695813330871
0.93359912941768052885294
0.93358961544757124162430
0.93357239085007859280552
0.93355767977914561051023
0.93355376482014129635445
0.93355053630125273134155
0.93354699086766068649723
0.93355470519867456147267
0.93355091261877110042633
0.93355800518550091648962
0.93356184295262667482973
0.93357649318168089980219
0.93359350355287651357372
0.93360348891775823965133
0.93360787698933300760018
0.93359747056591257940994
0.93358074486764730526289
0.93356619094432680139306
0.93356229206973351253396
0.93355877008410204087596
0.93356661687651287806489
0.93356286700917590071214
0.93357061409594055412242
0.93358510111260362140939
0.93360151565840931997542
0.93361227205777252979857
0.93361662484353769020373
0.93360553747773367128104
0.93358949247987288444506
0.93357502204637243803376
0.93357092981660150243783
0.93356712750206960471644
0.93357526569139481775750
0.93357165396120234124311
0.93357932811201371769982
0.93359376194600951492930
0.93360953498399446015554
0.93362089395990643936329
0.93362508903403851334701
0.93361330362186478737385
0.93359783539219387549224
0.93358353323075293772604
0.93357974702568335967356
0.93357636971593671582070
0.93358429932581055155083
0.93358103255291924327253
0.93358773540553074976600
0.93360177035884428509149
0.93361690032462585353557
0.93362919169827851550991
0.93363325154717069498389
0.93362044687841627688130
0.93360563964905929346116
0.93359199451736074593100
0.93358883455212215984886
0.93358545299604911438252
0.93359314055476327887106
0.93358946931911090949541
0.93359630739548793432192
0.93360968312879621944234
0.93362411368776088149701
0.93363754036491386489871
0.93364131359572777313360
0.93362796209644971501262
0.93361389456289611832318
0.93360057547495678420546
0.93359724998720972077848
0.93359324757162831520674
0.93360127788375080193362
0.93359713877315952945679
0.93360477396235241887013
0.93361816531421160103577
0.93363202795597688421481
0.93364535071080612116390
0.93364950413408287488437
0.93363615383678744130691
0.93362231116352256687918
0.93360884719136016940411
0.93360541716524048094783
0.93360144123106336699891
0.93360990595382353784970
0.93360624633607136590996
0.93361301466874924148698
0.93362635725802278763297
0.93364016843494934683179
0.93365366102189506491982
0.93365762992330569858268
0.93364396380509162565176
0.93363029893609972287294
0.93361732068930514127914
0.93361472098373377015434
0.93361133680591490424661
0.93361966465668588810445
0.93361630757985258899367
0.93362179588748794856201
0.93363431791852191654613
0.93364767396355030637523
0.93366146077217382348579
0.93366518569117618042696
0.93365144696050628159156
0.93363845361842323633539
0.93362631364062009797777
0.93362435753602956989283
0.93362087816127259376486
0.93362860282447812654283
0.93362497351095197206661
0.93363067901946150684012
0.93364271809708676563844
0.93365546955722855670956
0.93366910825561644227122
0.93367332818976989106119
0.93365974356557135394041
0.93364692099464408059362
0.93363463527778545181235
0.93363248915404517536132
0.93362886343684403644971
0.93363626598634363862317
0.93363290506431773074780
0.93363842526127849286155
0.93365091260954613527900
0.93366408867060135534643
0.93367780728789484534502
0.93368403740143890434666
0.93368912887861754690277
0.93368226182319036254853
0.93366824416161509070378
0.93365479080237900877393
0.93364220758309723890989
0.93364035093493114025875
0.93363727646887650912788
0.93364486736055296578485
0.93364197139972460171009
0.93364631445632273454294
0.93365864377230445292355
0.93367218660274753361250
0.93368644911473153147341
0.93369387501974354659495
0.93369827362479163035403
0.93369023970695186331881
0.93367598680500252239511
0.93366270891473424065055
0.93365084606137860312458
0.93364966316481445840481
0.93364668827432395481480
0.93365433264047870132174
0.93365114574091301324898
0.93365557344830585329021
0.93366716271202676580288
0.93368003853891090582096
0.93369386742697479952824
0.93370230809292653617604
0.93370625578860322324459
0.93369761922563909717354
0.93368440206684577553631
0.93367182101917711722905
0.93366010537494281695814
0.93365858596970419114314
0.93365530732202384189833
0.93366238764102560399039
0.93365932528876027785003
0.93366424129595271264037
0.93367639397525803435229
0.93368905874364083175010
0.93370180402816305154090
0.93371048853695315372647
0.93371514735146188268544
0.93370638510348813454698
0.93369371643135479210684
0.93368058728069758256396
0.93366797600764439568621
0.93366606969387944126026
0.93366346197930727424108
0.93367001726389797777728
0.93366781036748247579737
0.93367166367345089117435
0.93368449627469041196548
0.93369813578939564457926
0.93371097228673460843851
0.93371998076834761270959
0.93372455206784565895362
0.93371516437871004967519
0.93370209928235003982167
0.93368834065078121220438
0.93367578093934144867205
0.93367444204513583283500
0.93367226187166241224702
0.93367917374549636022607
0.93367656374909646643800
0.93368046694628048509657
0.93369257085226098347164
0.93370580894871990640382
0.93371868529378077017356
0.93372847784500723200551
0.93373167168628001810760
0.93372168990062320848011
0.93370956973815666390948
0.93369721160573193596832
0.93368550154958085407486
0.93368375289606753142380
0.93369027334403842388610
0.93368787970503630546659
0.93370203167952714462530
0.93371365878179823916128
0.93372464973495405970993
0.93373445353174922001216
0.93373741802620302543403
0.93372799507915527073010
0.93371791678549609372340
0.93370667087960890206944
0.93369445394721184428022
0.93369152112426845313564
0.93369810058140723096898
0.93369496503443272228395
0.93371069665725259234534
0.93372214304912171112250
0.93373176054002104962137
0.93374105621222669437742
0.93374534391746166761550
0.93373573668542919623548
0.93372592389576569704701
0.93371424300463345957724
0.93370160145686120767294
0.93369855377678667718300
0.93370545181659347910852
0.93370241764076200574607
0.93371771946738513214825
0.93372924064346851658058
0.93373945534229751963551
0.93374992483723762148884
0.93375424740269463708131
0.93374269481267657688761
0.93373237932425401375269
0.93372151950603998749045
0.93370976543460315610901
0.93370651643513047357459
0.93371420017325468254654
0.93371080788085769608386
0.93372565015007435995642
0.93373561980802932680490
0.93374557683672076979775
0.93375806807856054359007
0.93376161190173634363276
0.93374847691548412687013
0.93373896673816225710851
0.93372963605956171839750
0.93371849197350975657628
0.93371566166673891640215
0.93372284361855850676193
0.93372104902045305330205
0.93373307678664885234099
0.93374207415072418836388
0.93375163305223263243704
0.93376537873115406096503
0.93376943545632551391122
0.93375492459447151372132
0.93374466159925317843005
0.93373628652004059258473
0.93372763744964581977825
0.93372501789375994540876
0.93373211005741341139696
0.93374026154527811627304
0.93374723691505934208834
0.93375809912260820944141
0.93377376807780865242137
0.93377755840521514674180
0.93376131553748564773088
0.93375093695355582124051
0.93374496913469118286599
0.93373077781489222104483
0.93374592010859247537269
0.93375605392314220409844
0.93376551077319902560703
0.93378038156138554182206
0.93378309112511326262052
0.93377127779727064904591
0.93375870724096188268959
0.93374597156668082131858
0.93377566751469065486901
0.93378722296863536644906
0.93379137253105048976920
0.93376676612063802540575
0.93371641579414199618725
0.93378353990887241753427
0.93374012663984917725912
0.93372944517353728688391
0.93359909038226074340372
0.93326956107994007982853
0.93334465185448634017007
0.93339037459595741719198
0.93343249877619882681756
0.93342521937388234221089
0.93343560295807670446067
0.93345883307329502454053
0.93343348216034005560005
0.93346403662509191967445
0.93343855201788972220101
0.93346605781872149520950
0.93344578160356139751030
0.93347890077662309948892
0.93347326998946000831126
0.93346558440343829765595
0.93344520900198335588982
0.93346831826196952075492
0.93345168809246803487412
0.93347523871602378076062
0.93348753433757991615494
0.93348952294577725030678
0.93349562531110308327698
0.93350043168907381740951
0.93349009465459453771530
0.93347832804010222318425
0.93347204003431560881410
0.93345633173559128259456
0.93347575423034667707611
0.93348310755697772034267
0.93349359217310923231281
0.93350398950219748428481
0.93351023980389835621452
0.93352270295932637811376
0.93351534234732080896890
0.93350762242104301513734
0.93349876094563355444222
0.93348843883520959963107
0.93347946807244042144447
0.93349362904438271115737
0.93348361675960922489992
0.93350426286103038719943
0.93351238264963043445022
0.93351902851509305225619
0.93352921054508997134036
0.93353304936484937659458
0.93352326022076914657788
0.93351723336847380885217
0.93350921718070456467586
0.93349875366656920316899
0.93348846712438315886828
0.93350394921913093515542
0.93349366095286689937183
0.93351366822055459326890
0.93352148769624199164952
0.93352768899009097580688
0.93353675154427517846045
0.93354091707356878782065
0.93353181057937584252926
0.93352529537060346953581
0.93351805374714236229750
0.93350916790060389782724
0.93349854556275857486725
0.93351406915543810871583
0.93350271816661589685538
0.93352260498599037852330
0.93352929856028576960369
0.93353576308519059523405
0.93354515525325987290728
0.93354936979457614487643
0.93354003674281493818654
0.93353372156670411108337
0.93352717818706676400353
0.93351846645827118997829
0.93350638021720466763753
0.93352238596708780882238
0.93351011353007984361341
0.93353144060105963664142
0.93353837971979747312190
0.93354481995984683884160
0.93355379393432069701220
0.93355857875137449042313
0.93354983820631032287451
0.93354280663704236609135
0.93353524741678850507043
0.93352631417336762176262
0.93351450417916037594068
0.93353060889347339035282
0.93351966907813499485513
0.93353893049855718455632
0.93354676626579069509404
0.93355462573710779050629
0.93356352880552240236511
0.93356831235035564464653
0.93355889561331983905745
0.93355043276186822076568
0.93354275979191370105070
0.93353542678832257539767
0.93352516449221534244884
0.93354036000963658281648
0.93353034175057825194699
0.93354701535473005868937
0.93355417985204236508423
0.93356282589877048749827
0.93357268782323210576379
0.93357643582175575680537
0.93358102456899749732600
0.93357669086594741170160
0.93356683436933096675858
0.93355836105625533694052
0.93355148415176103515734
0.93354504003419014335208
0.93353484043067858078047
0.93354903953561518825666
0.93353862241402452148975
0.93355583957652987781017
0.93356288592473901655211
0.93357120674347870981080
0.93358068195341203932003
0.93358545664767456084832
0.93358997297367019019276
0.93358492574120799378790
0.93357594859739767567675
0.93356744869544583398380
0.93355977243500976037183
0.93355252568190383311020
0.93354211242947182647356
0.93355580563793993942312
0.93354577040035258139739
0.93356334274767771574943
0.93357170535078459749911
0.93358071764748828957892
0.93358944915729724645104
0.93359467939190288188200
0.93359954977928838459889
0.93359398090209300136166
0.93358519319551036552696
0.93357558418653641130192
0.93356679717130275353298
0.93355935886000662726758
0.93354986204277190520173
0.93356336183043553411665
0.93355425099817868073160
0.93357045810108663097537
0.93357935189113250284976
0.93358932087676649302921
0.93359830533027232668530
0.93360437048520883429603
0.93360894038501407443675
0.93360228941668543800603
0.93359325080645660932532
0.93358324836821926506758
0.93357455141744816184968
0.93356763763270900202684
0.93355864738374294553580
0.93357193352149425713549
0.93356279015218646133434
0.93357894673356556225485
0.93358754220391149125646
0.93359734055358134519054
0.93360614604413794115345
0.93361334879747071013867
0.93361776437034238451673
0.93361012535673493228927
0.93360173221688935729645
0.93359212247971989917517
0.93358332762202744792290
0.93357595698649853410700
0.93356666799539700374311
0.93357974731187953754130
0.93357035408809296850308
0.93358752568669478577590
0.93359670458750843025086
0.93360640189944621436524
0.93361443606086791380250
0.93362235838115126274062
0.93362717710819964622715
0.93361891203805058569998
0.93361101347208530487620
0.93360104384157072132666
0.93359145748436966893991
0.93358347012081599469724
0.93357408536611752314371
0.93358727736660840346161
0.93357791543416235313657
0.93359532741836948055436
0.93360511300448745242164
0.93361531149011611763200
0.93362327468221073534238
0.93363206407187671054260
0.93363671679362647548572
0.93362728585213161647260
0.93361922571953692706614
0.93360905257246296073959
0.93359934679966138926233
0.93359130323849004451375
0.93358181754465641155605
0.93359547137789822279785
0.93358567386448088054607
0.93360355129316807687445
0.93361304976319892112713
0.93362299865179942948146
0.93363094477309027663381
0.93364109558056052051711
0.93364522124005089320775
0.93363445793465715816239
0.93362688677647642787605
0.93361730532929076975535
0.93360786827554798072981
0.93359953727960409697317
0.93358937823934118327429
0.93360346393107263018862
0.93361214447243712211133
0.93362173058834985184262
0.93363106491802605457764
0.93363823660059019893254
0.93364938579893996806192
0.93365386962682073157538
0.93364239108187885296530
0.93363551514099707429040
0.93362617073686393620591
0.93361625682065962905654
0.93360725154318835450340
0.93362022158726931664319
0.93361103934321054698131
0.93363039196364416838492
0.93364001699194199002108
0.93364691824182899360096
0.93365881415094031936519
0.93366407154293595826999
0.93365145049831876900015
0.93364429315884600590891
0.93363442026283294250533
0.93362408905812821480197
0.93361497101796142583652
0.93362808011623743542629
0.93361904660445316217476
0.93363829928387986889504
0.93364824614064811925118
0.93365573334812035355412
0.93366928520549308245791
0.93367386064005586376879
0.93365958064107790193020
0.93365193416766756318026
0.93364219062241193825002
0.93363223786029825301824
0.93362324782730243821760
0.93363641181990486561659
0.93362745790053758287996
0.93364623710380167942446
0.93365563428818454383418
0.93366316087319600747207
0.93367771369420204941036
0.93368127281614388124353
0.93366668769007565842344
0.93365946107344433002595
0.93365030564544648772340
0.93364060749807631367503
0.93363157544098818174660
0.93364471060888942766098
0.93363563921546388613137
0.93365446459395473599585
0.93366349637986179033078
0.93367048995058676830183
0.93368487247031350939608
0.93368878324696713555397
0.93367462703550274660813
0.93366769696213725016065
0.93365860991459104223367
0.93364874572875156122365
0.93363965369365109481237
0.93365280841636200115374
0.93364370675719132730563
0.93366272138656680734670
0.93367192548592770062754
0.93367900801785264075505
0.93369306960567810538265
0.93369759056451695489187
0.93368345622387050042335
0.93367617341232744809787
0.93366688569036726530470
0.93365695001901349847628
0.93364778596835851232072
0.93366111334844648084186
0.93365184633075137821123
0.93367110223279747849290
0.93368040386635053895503
0.93368783074407124544791
0.93370212567264698755309
0.93370648168469871919228
0.93369210679044001288673
0.93368459762178079852646
0.93367530323303804529189
0.93366522410559860123414
0.93365588852654457507896
0.93366926022326768297432
0.93365989596131249150801
0.93367946601658646788024
0.93368882046036871802386
0.93369628360330392258248
0.93371064912565371329833
0.93371622615918736798335
0.93372083040537112719193
0.93371472108169861758853
0.93370046296350683867615
0.93369291564512335579451
0.93368349478875378721909
0.93367320686503096904829
0.93366397117892907520087
0.93367715743220114354983
0.93366806536380597680846
0.93368740835850383419370
0.93369695095302285281491
0.93370463683293525303242
0.93371887187249635875474
0.93372544268412349666164
0.93373016320170709736459
0.93372310763471377814682
0.93370878785736566296549
0.93370094044644613706652
0.93369133051861041838748
0.93368107060615557202254
0.93367215704535400089270
0.93368510822861361386771
0.93367617433547345218159
0.93369532793951370841512
0.93370498838833893007205
0.93371299362645399089189
0.93372739776321356242050
0.93373490164184047568341
0.93373963095603051964844
0.93373162429812428531051
0.93371718377699763902200
0.93370912767087865802296
0.93369949089302761713327
0.93368915433750443444438
0.93368009012303498916907
0.93369319645431236853739
0.93368395916701352188483
0.93370377210386279465126
0.93371342405314372570047
0.93372144805426593450193
0.93373577893356773937938
0.93374422894389097482559
0.93374862174569051020967
0.93373991174900039524687
0.93372572850275925571140
0.93371776197866485080823
0.93370797669348437608505
0.93369717985242139945967
0.93368788543146952196849
0.93370109860779082477933
0.93369189645829020474110
0.93371206032296538701587
0.93372204690065840892998
0.93373003570404244921832
0.93374396582486252071931
0.93375288585123816798017
0.93375710485424823215084
0.93374801819726838125746
0.93373424896231194125562
0.93372616197059865594809
0.93371608882598322587398
0.93370502859521908867180
0.93369597114333313658818
0.93370900590928296303161
0.93370000541371123148338
0.93372005398380142349168
0.93373016209015857747033
0.93373836301412382887577
0.93375209256580915528900
0.93376140781191896422797
0.93376572518147038515224
0.93375619804361775777579
0.93374243464669992587091
0.93373418187474110929713
0.93372407761734410591714
0.93371294281816308302524
0.93370384333969558277033
0.93371681893601499169222
0.93370746313338837119034
0.93372818322480621855419
0.93373830904959298493395
0.93374655533240968896536
0.93376029050767939132527
0.93377016646362975826889
0.93377460779571075377703
0.93376446095461806962135
0.93375082204384562967192
0.93374261043426765027675
0.93373233542968880893653
0.93372059383978833757567
0.93373652144257412999195
0.93372439625276926200570
0.93374697879810331091477
0.93375519226435166331157
0.93376871404504646623224
0.93377903593234745649454
0.93378339288300682419219
0.93377294414058187310701
0.93375959976615896529495
0.93375132861737519807122
0.93374069099939860372217
0.93372835534092268883199
0.93374488506503505735878
0.93373257874966120173355
0.93375557379356588505459
0.93376388212842564851002
0.93377714547452950188955
0.93378763232101258395801
0.93379177304017901839472
0.93378111104193595171097
0.93376796638229087044181
0.93375971073649133291639
0.93374922854932707050324
0.93373699199775950230418
0.93375363731122784649585
0.93374135091378374085025
0.93376383390934103445602
0.93377190478935612194533
0.93378491088736959024885
0.93379579712650029321708
0.93379975733557307737698
0.93378866010930416940994
0.93377578071522726599341
0.93376800768805734431766
0.93375802414254860384091
0.93374546201924990551646
0.93376218047568126934266
0.93374916507421068523342
0.93377223501038597586188
0.93377983518388429917678
0.93379253024176500641573
0.93380387059619018863543
0.93380778837842004502789
0.93379657379985048226700
0.93378405177229151234997
0.93377641241502629121385
0.93376614410774394503534
0.93375263108531725286809
0.93377002439018352841771
0.93375621035747369269586
0.93378050945942747684825
0.93378832079675355704040
0.93380083287761872501420
0.93381196599287841220161
0.93381626360104841300114
0.93380515043199363578452
0.93379246823094130824927
0.93378447376827822257184
0.93377400856919545724111
0.93376019774751906066257
0.93377833909603658035792
0.93376468205554052914863
0.93378852946169021986833
0.93379651992473788890692
0.93380935828087596739522
0.93382055162151977878437
0.93382465155641780629736
0.93381333213225714562356
0.93380046362069246690396
0.93379272084688835775523
0.93378299890756755186061
0.93376945278137279959907
0.93378778877349177811595
0.93377410620701506438479
0.93379707421662894173409
0.93380448111736313876463
0.93381721771945602750264
0.93382860533930012181258
0.93383246185803736594266
0.93382116670081150022753
0.93380861579156237972654
0.93380145794406532733234
0.93379231835838560904506
0.93377835770416794947124
0.93379639628870647616310
0.93378212913528479965919
0.93380568614223435908173
0.93381288075928370329137
0.93382536267627491710641
0.93383650459145794986426
0.93384084125084187988364
0.93382980027259854249877
0.93381708556427411860312
0.93380950571961429673706
0.93380011695432219021029
0.93378569354053897466628
0.93380372908320119496040
0.93378941234842127716576
0.93381314900920553423447
0.93382107601955988140929
0.93383430481839113657117
0.93384542741067955162748
0.93384826719294200536581
0.93385311360595102403437
0.93384999878179386634258
0.93383861633771914068092
0.93382494652944880719758
0.93381677700470921976716
0.93380764258162907154315
0.93379346232026072538446
0.93381198162062672984973
0.93379783248882386459400
0.93382072658199100079202
0.93382879497495063780832
0.93384271174742194965290
0.93385429322506163796191
0.93385761821116686220989
0.93386177259155933594315
0.93385818929127573095883
0.93384666048327102938487
0.93383286106551621763572
0.93382509628720189454043
0.93381659815307560545961
0.93380222147248148623078
0.93382108897918447709685
0.93380635307278736512160
0.93382965916455384913775
0.93383730834361178274605
0.93385085570171966207198
0.93386191128488527102292
0.93386556684177612908115
0.93386928949845127156948
0.93386576470003945793508
0.93385535247406548098326
0.93384195708037898153719
0.93383402190330078163072
0.93382516136053062005828
0.93381019184488589512938
0.93382877402636332853092
0.93381388569387113740561
0.93383797765961640280352
0.93384652052869121519052
0.93386014256782823306224
0.93387004631795722531251
0.93387331124312644714536
0.93387776511817921498704
0.93387472571029350731919
0.93386493261339320604009
0.93385070805832393059376
0.93384153006060577340008
0.93383226153274490055622
0.93381769455728447226761
0.93383601494746870663732
0.93382171552268811165476
0.93384503639571170285905
0.93385460952467935769050
0.93386947362603589528618
0.93387939747528492251405
0.93388240826857926712989
0.93388680647006505619601
0.93388367831331564605790
0.93387355129345672732910
0.93385844386992344912102
0.93384896621621149570558
0.93384024470927917693786
0.93382584351677844214379
0.93384477529204323875689
0.93382982279935311531460
0.93385345371364569810879
0.93386265638937682176390
0.93387737247940216800401
0.93388728710175861191800
0.93389058301380778459588
0.93389364038217603791736
0.93389038088829645634092
0.93388124510499770369876
0.93386728583025435668219
0.93385828720415609005556
0.93384914562836163209880
0.93386285935275104019837
0.93385306194094552800777
0.93387209658919156929358
0.93388543976861049245031
0.93389341560576044631858
0.93389629883723646042171
0.93389916469663891707143
0.93389683866915507159945
0.93388979287080364777296
0.93387671968296881441773
0.93386683601500453111299
0.93385649357909261691901
0.93387026981273357773006
0.93385972271433870250945
0.93388072215253015162517
0.93389411066837801911333
0.93390068266178827283142
0.93390272781254168865672
0.93390696155981367532206
0.93390473849191690813853
0.93389798419761960168728
0.93388425069892966323692
0.93387355398200910805429
0.93386308766102665845921
0.93387718711798539672486
0.93386672510751256304218
0.93388770892982531091064
0.93390138979602110858025
0.93390852735853369104291
0.93391150264633870925479
0.93391580747576352639072
0.93391183541787492483621
0.93390460671936603720411
0.93389148640651031829663
0.93388128275624326946058
0.93387059730809551805208
0.93388549338527082621653
0.93387465698148353077102
0.93389559020048862336694
0.93390791835573672141635
0.93391478612578382456633
0.93391963447579584567393
0.93392320161362230024338
0.93391776091550715577227
0.93391133621878863468879
0.93389954917061956951585
0.93388955376184357159985
0.93387927356175548521122
0.93389367189474747910083
0.93388441748357609029085
0.93390296283513096753381
0.93391451231861599691086
0.93392098646347265766821
0.93392703882392880121444
0.93393135787319003782159
0.93392434432670290433975
0.93391715888748338958436
0.93390614701257190777284
0.93389823667938132167876
0.93388814207040604653542
0.93390247090063582824371
0.93391009113122092077930
0.93391978795563690418646
0.93392758051609303660001
0.93393595560738373873022
0.93394001786948588339499
0.93393086070447006719064
0.93392353613835310532920
0.93391476208447032902882
0.93390089484701044320047
0.93391567808548991980189
0.93392870311952580486548
0.93393511714867183393096
0.93394310409864522704027
0.93394607590807310337766
0.93394094044114961405967
0.93393140044137767930010
0.93391869600422616759516
0.93394537797710441839882
0.93395047030689626321731
0.93395488850132812874705
0.93393652286880957102966
0.93388621327848819753115
0.93394731967340360867524
0.93390253759945363043471
0.93389347628040642046443
0.93376156811239652277834
