0.13263837264760858225543
0.13255337452934645714464
0.13302390087749380032101
0.13298403258482621724923
0.13315517047801489480818
0.13293710833455704700690
0.13313965472690100777520
0.13317944988625907143387
0.13317237375521287501279
0.13317873948855757371135
0.13312161030074487477748
0.13288330893315550285116
0.13309898775221046252071
0.13316389942914871880042
0.13317211255926103552483
0.13318548248160599900558
0.13317671808468292682370
0.13320114998709056686188
0.13316541833200495892342
0.13315578402828570636629
0.13307142111356953795287
0.13303832080214855748679
0.13314504749559358254274
0.13315988875037318428518
0.13316968932425835014932
0.13319244411844155528968
0.13322035627333622676005
0.13321213377866830684937
0.13318477555301977410807
0.13316298067944060123935
0.13315348069943397368853
0.13313262367463052360250
0.13312245380656514970319
0.13314792656125562508862
0.13315622948747665721392
0.13317668039091848375399
0.13320412718992807876717
0.13323119455637241759227
0.13322270529398383409614
0.13324832976508810267191
0.13319649969026145508444
0.13316959448607409988163
0.13315066374899101053764
0.13314215501175330480521
0.13314574255665057034292
0.13316255071203331183938
0.13318893196250172761275
0.13321543677001854155684
0.13324002864527195733046
0.13326602124375691582614
0.13325723510906975488588
0.13328400492890329909201
0.13323223580204954230588
0.13320793255402296750844
0.13318182720024121512559
0.13315698385321120267299
0.13317622785247004713050
0.13320145623089466035971
0.13322431467666367987945
0.13324843904745045652938
0.13327512281527359450095
0.13330128591594872511372
0.13329232580767999549742
0.13331540099079103312008
0.13326621694784349103635
0.13324071790376704194081
0.13321776481404251635254
0.13319519271259347426017
0.13321148862842152604813
0.13323284653003891753187
0.13325772286084736073519
0.13328437791653127697522
0.13330790332371630912967
0.13332749083345196705608
0.13332078941973923846831
0.13333941388442854814045
0.13330066223318962070898
0.13327584887821758430348
0.13324933731046717522162
0.13322609913618146948444
0.13324240967290126858025
0.13326778015599752280629
0.13329261076834036936489
0.13331377159583321367897
0.13333292772413132820652
0.13335380159651108455954
0.13334563271144161955561
0.13337026863431430956375
0.13332581305052260134403
0.13330736637486667595098
0.13328566846342571050599
0.13326020633809992910201
0.13327830013548866427975
0.13330060926394493581171
0.13331944136643400500297
0.13333864773198964015499
0.13336166001820012882995
0.13338802966341103961589
0.13337901151973818869578
0.13340464330485052313335
0.13335378698702154975919
0.13333164614952669468906
0.13331290308639540120872
0.13329419216583429652623
0.13328838549548718828142
0.13330199984933999157732
0.13330784994466124415702
0.13332473326853158668293
0.13334541078101483368989
0.13337052638463861575779
0.13339657791570655454017
0.13341959772633468772618
0.13341119170674342608862
0.13343216571503938028265
0.13338739486634598740977
0.13336205961169492195673
0.13333864155678887275513
0.13331951610920664275106
0.13331391615459878274841
0.13332516402499000607307
0.13333220488779437551408
0.13335430790260918709755
0.13337931732487409708376
0.13340305630115029122962
0.13342418140113079805253
0.13344420194372733079469
0.13343621082516093911963
0.13345688050021059511963
0.13341691336001171297454
0.13339544999355168464206
0.13337091421790045475682
0.13334691807648788031138
0.13333808631878005246385
0.13335315483265219871356
0.13336371731138071949907
0.13338688108764931716799
0.13340883379885981607771
0.13342940048070300873562
0.13344979586927427361864
0.13347159841578784544858
0.13346401347866301834166
0.13348717886751512717858
0.13344167361649370007193
0.13342169789944874347398
0.13340171666959660390361
0.13338048022012036208928
0.13336960993046853563015
0.13338434302297422218153
0.13339559558021577001519
0.13341500104718917452118
0.13343460629425177299545
0.13345594061193433166324
0.13347888388476797372206
0.13350205993466429665872
0.13349362303333442425490
0.13351565472327731054492
0.13347119139413463062560
0.13344901121708510616237
0.13342815789135406556731
0.13340874745276842805453
0.13339846954565987013908
0.13341122855571385663609
0.13342182982726685791519
0.13344154209716865833180
0.13346394854301354970794
0.13348643949394398133812
0.13350783864877291406970
0.13352895586028146190927
0.13352144979641578093066
0.13354315779580575029861
0.13350023586875089942616
0.13347855485223514282467
0.13345665043938756411102
0.13343592435889903291546
0.13342357437334984027189
0.13343649864410983552077
0.13345072432777371762569
0.13347170008386077810769
0.13349269707624653036326
0.13351348637689619547331
0.13353540851616210738406
0.13355846199593632284142
0.13354986114839292876688
0.13357423373178661796246
0.13352707347689224404164
0.13350627737623135815603
0.13348605045921560496858
0.13346528954967806779308
0.13345065842853670590173
0.13346448413052866555084
0.13347900632470674486818
0.13349873343163634609176
0.13351996781396630042948
0.13354224185025334592503
0.13356570728298580719162
0.13358909609686028807651
0.13358150133436616502358
0.13360321226836160968254
0.13355792927428047911498
0.13353395419955524370259
0.13351195041325367163232
0.13349238097041676853749
0.13347723895503826874176
0.13348975278657523868553
0.13350531648085178781926
0.13352627511370565582816
0.13354949102199017985093
0.13357339748383667554776
0.13359585765551673652851
0.13361594438097926240694
0.13360834424724049585009
0.13358763247596730505684
0.13356549917179227904285
0.13354194759942331072189
0.13351945833186201761933
0.13350225093693995903621
0.13351531379687034406523
0.13353437242534060835908
0.13355778351488653554746
0.13358070119774204109753
0.13360102738124143839649
0.13362020806483410062526
0.13361288368943921578413
0.13363258973174410582097
0.13359372857232254538928
0.13357291998553136314065
0.13355069895605806151728
0.13352998314351027797642
0.13354580267693072492818
0.13356651767126043184319
0.13358646252448411195779
0.13360552170517034364927
0.13362496029940906794309
0.13364599812504215914366
0.13363746347781438328362
0.13366026016752899363560
0.13361724596687005184315
0.13359883581273973574000
0.13358067560064851297952
0.13356083992715003794238
0.13357464410758015938008
0.13359245623079096798591
0.13361018962892221018102
0.13362999923869595120252
0.13365183839082706018786
0.13367450547987044795484
0.13366630874777440940449
0.13368876052515407670818
0.13364394067535262378144
0.13362212626286373851059
0.13360360251812830600926
0.13358711994472446948912
0.13359863860348034081404
0.13361558740884224572021
0.13363537684068030331197
0.13365812046497763110331
0.13368107324795847068444
0.13370295970988471667695
0.13369494491360370269639
0.13371719546638036191233
0.13367274468634030015757
0.13365029730577349109666
0.13362904620182242121373
0.13361032141573250808797
0.13362283563215637816057
0.13364366166645086364539
0.13366551559919009894983
0.13368764361567084253402
0.13370919195208402774355
0.13373172658994991746084
0.13372422793091220949435
0.13374702843200192425854
0.13370216779152779840167
0.13368026866181140221990
0.13365845652998761816654
0.13363703573186677675544
0.13365261140883880064401
0.13367340356956705638147
0.13369449300246050160723
0.13371700912587039522528
0.13373977162452566069817
0.13376247399288451744859
0.13375501249719701224450
0.13377704939588344612567
0.13373168908080845795894
0.13370917039477264731673
0.13368844582316230518160
0.13366794824625818915997
0.13368261020894908752688
0.13370324472779865354610
0.13372427143420681505681
0.13374678480019022708269
0.13376891524435388647341
0.13379014961664575933398
0.13378188176485589222509
0.13380183444215745791617
0.13376136176323574766833
0.13373950022107930490911
0.13371762956924501675182
0.13369674065683936903248
0.13369043922232784482595
0.13370389828244155783210
0.13371126168069313866482
0.13373208198697456028370
0.13375333496391336729481
0.13377467907421533577228
0.13379424162757194705087
0.13381403420901738510196
0.13380675304280198467666
0.13382776906243809555974
0.13378646528213625210846
0.13376615014187920316147
0.13374629785666236614361
0.13372601900710331945810
0.13371818384876804630679
0.13373217708019610738823
0.13374048467410029616964
0.13375963490465209160263
0.13377841601677431526696
0.13379842163138802590971
0.13381978976939917780342
0.13384250711056946969713
0.13383415595417133547862
0.13385778471814602230694
0.13381159583266649670819
0.13379083169496322480718
0.13377220850501525539755
0.13375341295642606542771
0.13374506239797046003304
0.13375708678271561180573
0.13376569375675664841374
0.13378400185044309056437
0.13380406990079277140815
0.13382651411154924958602
0.13384961100426395752550
0.13387219626795160420940
0.13386476406267741601219
0.13388610819687463138195
0.13384213835870667486105
0.13381829572222417312766
0.13379694809372608133025
0.13377775444068626398142
0.13376934576749727190403
0.13378082672503419092713
0.13379108548108673004684
0.13381131440693744272252
0.13383353634959338496202
0.13385688324625405476453
0.13387903190995190105816
0.13389922597091463707386
0.13389152572650542261101
0.13391238361340412899025
0.13387082118193463498024
0.13384910531140445377751
0.13382714030072809241467
0.13380515117933369784176
0.13379322068763907505051
0.13380726968202741322678
0.13382054676160462514112
0.13384248853490804398447
0.13386353730861300093125
0.13388407837774954356469
0.13390423872895126922167
0.13392544551444546252483
0.13391748168787689921011
0.13393891314407266324160
0.13389690842356430366955
0.13387665809367302327537
0.13385685016404308411708
0.13383609786825909071517
0.13382247893664966920113
0.13383655594821969314623
0.13385124785429533544878
0.13387017998909692129139
0.13388879214568641384808
0.13390976278866689730407
0.13393142971852448064318
0.13395285763076658636095
0.13394516708055001497080
0.13396589555028040607887
0.13392315815854585747680
0.13390181233798317816941
0.13388277269375525868611
0.13386451741274910109958
0.13385016500957364060653
0.13386279764284741977676
0.13387672944765927063315
0.13389535113073397498695
0.13391526750548687907383
0.13393711484373957421035
0.13395824977551076817583
0.13395084252624175902291
0.13397105473230422334474
0.13392940993245650016519
0.13390829272937473937155
0.13388845275461200290401
0.13387386060589065439608
0.13388499179096272073686
0.13390158396834997422964
0.13392179843415027984399
0.13394264265290575788292
0.13396400978465927700256
0.13398421607651322950971
0.13397643662923491847394
0.13399803632457424340529
0.13395574646623745196372
0.13393595864606155920740
0.13391544811459146768762
0.13389719168109823210777
0.13391081293365678095419
0.13392941709900468838512
0.13394952778577098873036
0.13396870405275401738621
0.13398966694736741400718
0.13401266805646580571043
0.13400431565044221282612
0.13402750178818947923709
0.13398219840090380694519
0.13396256342535117767056
0.13394269429666127990686
0.13392365643071216241289
0.13393718749335462026018
0.13395577054756205304109
0.13397518042404321647609
0.13399618496830326130898
0.13401968670389485804861
0.13404265778070065251448
0.13403453226903375150592
0.13405616763091621201909
0.13401089475461541722368
0.13398916787918402349078
0.13396920845116594422919
0.13394999814511013291884
0.13396321652657258716168
0.13398301504347115420401
0.13400391564893668339131
0.13402543651196768825784
0.13404788557614974453536
0.13406857753032130897708
0.13406001561206618011290
0.13407985241354908323430
0.13403971708314088573388
0.13401909102787376570909
0.13399717811302400138906
0.13397595850471635814394
0.13399038076908495464856
0.13401150202623460239160
0.13403267247213737634048
0.13405244298107971134826
0.13407222506052221544515
0.13409243489881944588760
0.13408502293042903752429
0.13410629741902127531894
0.13406450198223096581529
0.13404555204883897290280
0.13402574540942110981057
0.13400492499732410967006
0.13401969986235401366415
0.13403919971867531146792
0.13405762297537504590395
0.13407667312261248304672
0.13409903493628308468466
0.13412169805300225289280
0.13411332754874230599462
0.13413609366915213438887
0.13409065777448786471737
0.13407071756109617544084
0.13405181299317098231327
0.13403287128202079347972
0.13404529723150857001279
0.13406428920947438543365
0.13408433351488197038393
0.13410541406925435836683
0.13412807490475764371496
0.13414959922130909042437
0.13414165457388527169513
0.13416204617004262589219
0.13412044948328458171538
0.13409893973382680520956
0.13407751225138461736996
0.13405773675750282114549
0.13407125061276334299087
0.13409200216019701024095
0.13411318201088989754410
0.13413360376084132452590
0.13415467298417074748507
0.13417522507502113726652
0.13416694011163582400670
0.13418910190351998612535
0.13414610425788275893666
0.13412694888856085961848
0.13410672082828353768313
0.13408545784315104021367
0.13407861896393633016622
0.13409287764815749910419
0.13409967158997379566010
0.13412035142062114778660
0.13413943851005741270122
0.13415834830478831629641
0.13418031671112232161569
0.13420395091744730109440
0.13419502697268778645956
0.13421787162246087699025
0.13417181709262446243081
0.13415170849280369513856
0.13413236392547564501676
0.13411324748260058936644
0.13410604011600879559296
0.13411871985976131504970
0.13412606557801468043500
0.13414416245099305968758
0.13416406359246274559993
0.13418651390861657812792
0.13421021071750319220151
0.13423120444582456456395
0.13422379140542864406349
0.13424254968848767233247
0.13420140434426908182530
0.13417881684276458664762
0.13415730608909987031652
0.13413798187808412265554
0.13413058805971209141994
0.13414166132531912811743
0.13415054193052591835489
0.13417169075018503532348
0.13419425337205431736365
0.13421542111220208237654
0.13423527255702774607649
0.13425347039052037967366
0.13424551701774828371683
0.13426501831887624471840
0.13422774014124333463727
0.13420918700975417725552
0.13418725290656846604875
0.13416404269315626573977
0.13415389120510179399304
0.13416817166148911621981
0.13417991813182125748760
0.13420179794044462262548
0.13422162160659215079939
0.13423858184735956711187
0.13425717944532938874502
0.13427913305353397777075
0.13427084394061519767583
0.13429492318181207588523
0.13424946250962407900964
0.13423217388306663000463
0.13421527565403143511524
0.13419561675542457379606
0.13418345744942225539198
0.13419761146604294865803
0.13420985065096890931358
0.13422651888841272138642
0.13424253378751319076834
0.13426190888511019272400
0.13428665710270740185628
0.13431057029679338565842
0.13430156395025816262745
0.13432313102828166706537
0.13427707386532333755369
0.13425524970953112147143
0.13423698034792158617634
0.13422090491617158503068
0.13421019860596802852903
0.13422067454971514655071
0.13423070572622480822744
0.13424817157373408749166
0.13426979125359483902002
0.13429306593664946944955
0.13431505590075468181688
0.13430745120605203091202
0.13432580422213591386793
0.13428541019806380929502
0.13426170366928513733029
0.13424133854246514396813
0.13422956398761290430777
0.13423930961171448572600
0.13425469240564691375539
0.13427716306888093367178
0.13429973392234481610608
0.13431870192657188733953
0.13433558914318258215026
0.13432811685829904035927
0.13434569440152752117790
0.13431194845445601493417
0.13429263763190052438645
0.13426989317876744656211
0.13425204432529933007423
0.13426667303662889740856
0.13428511943521781457633
0.13430586760633039800084
0.13432223586511340962524
0.13433781946813494467818
0.13435648805441657849258
0.13434873129064839325508
0.13436659194470390588094
0.13433218420614045918171
0.13431613854413412822986
0.13429886595867873699817
0.13428156705279650773299
0.13429511752578573990924
0.13431029225672766469479
0.13432575570673502274310
0.13434205976471125243421
0.13435900284126919834726
0.13437440289515925617714
0.13436644625799809560363
0.13438156574091145167849
0.13435180717109526660202
0.13433557411284141602792
0.13432035254242555288862
0.13430670198112631963383
0.13431586973110018479183
0.13432989679290943674239
0.13434523982792437313272
0.13435946025551875893100
0.13437294394315815737606
0.13439455095438396226015
0.13438513114233646694728
0.13441764278248397035398
0.13436605167208770517107
0.13435293305910286920657
0.13433851452917644486718
0.13432463830192337139735
0.13433345224562540098923
0.13434614687465804006017
0.13435887722167014213248
0.13437742531685648028628
0.13440822892650999831332
0.13443641984393042698720
0.13443224043319332294821
0.13439933384937055582675
0.13436930868134588923368
0.13435272018297356177996
0.13434123750182033751877
0.13434762199108279956405
0.13436274450981605665945
0.13439089040214430292863
0.13442620409276634374507
0.13440812527842760371044
0.13441711509132420188095
0.13441971803497065884869
0.13438268624024315989196
0.13435652312890355997155
0.13437504418210227674635
0.13441186737715610233224
0.13442160508894041015537
0.13431180021898525556168
0.13442224007358072324081
0.13440452402694552658247
0.13442133556038945996214
0.13433685368230988133043
0.13401852625287785647501
0.13435696519702031159760
0.13420935821114615693617
0.13408263973258419121670
0.13372902994831359357875
0.13266037074093914305273
0.13257697704936813321019
0.13304592159888126157163
0.13300767534962057436765
0.13317717123178923754878
0.13296129395283590168830
0.13316328842984415103956
0.13320141323540726774333
0.13319597549059536412130
0.13320066157069770929056
0.13314579980357482691389
0.13290787193157732604121
0.13312358513582184249557
0.13318806682787515116573
0.13319567512449156931886
0.13320736401726185338390
0.13320024158983495565778
0.13322299179364646692925
0.13318955673946150652931
0.13318038662825004703194
0.13309644221323607693463
0.13306278800908880044496
0.13317007767672633944400
0.13318448590919537699584
0.13319379962351296509127
0.13321593029527434293158
0.13324215891913657183743
0.13323558281171457573500
0.13320885937454013392411
0.13318757069862147135453
0.13317850640172135268102
0.13315713182284935611754
0.13314597719765711159035
0.13317246199647739257621
0.13318124950775570014549
0.13320126481113925276389
0.13322818491958959841170
0.13325460514001341572055
0.13324673682303367350244
0.13327170051397849159791
0.13322107927674203819990
0.13319461134315904726755
0.13317522385232363757446
0.13316566854219225035649
0.13316925158808004536759
0.13318713687862102079684
0.13321394554120585818069
0.13324001060849488542459
0.13326403451854945680921
0.13328935206420383652315
0.13328121548805527130099
0.13330729558768114606515
0.13325680247334759087607
0.13323294146884909205930
0.13320644052352573205589
0.13318052281540496140089
0.13319979895954070503450
0.13322609789222222831384
0.13324931832691749855613
0.13327299720349036760147
0.13329907693031475823808
0.13332453535661248356092
0.13331625344734870930452
0.13333860754419318839226
0.13329076657738783695528
0.13326571660837824295776
0.13324243386419462598091
0.13321879359789312591289
0.13323511784060110274552
0.13325754185808083573939
0.13328271601450633609964
0.13330891893041374451911
0.13333180508351114013088
0.13335065374294807760691
0.13334466490733135057845
0.13336253309797269084314
0.13332519309024412623721
0.13330083555285401897272
0.13327405888501117625644
0.13324975550077405861416
0.13326609454061891235632
0.13329252854832981944888
0.13331758998304057972639
0.13333829017914819448087
0.13335677608200427468610
0.13337687708542392273081
0.13336945387751109048935
0.13339329966198643084851
0.13335031910099795493529
0.13333233852441234157382
0.13331044328352800731885
0.13328391779539289219159
0.13330203782293462144715
0.13332540981635132570915
0.13334440553996002032378
0.13336314069028684659024
0.13338545478378785458240
0.13341101583019493448390
0.13340278067756367041952
0.13342758451286398924118
0.13337826661046620069229
0.13335660151008749130241
0.13333772761416931573741
0.13331795441020627412954
0.13331170939165970512619
0.13332530021691224586533
0.13333163682604942668064
0.13334958136664015748707
0.13337035712699349399024
0.13339499152203307397180
0.13342032117154314918572
0.13344249347895473234438
0.13343490799529547641278
0.13345501474556437093710
0.13341184450036314146359
0.13338699760342259681423
0.13336351399328269518030
0.13334332612996771527669
0.13333719336933413934787
0.13334841766247204630780
0.13335603812852392380250
0.13337920458211979801710
0.13340424698126948643839
0.13342748964465861449824
0.13344787034442465167849
0.13346700338916181460824
0.13345987303056913719779
0.13347963442011848145263
0.13344132997987415145680
0.13342037110665674881638
0.13339583373845337321839
0.13337077218964707436832
0.13336131743110493652615
0.13337636598460336778693
0.13338759369012301303492
0.13341182342103133362521
0.13343374473565747240222
0.13345379856714739696955
0.13347343142188475284549
0.13349430521166663621280
0.13348762187205065465889
0.13350983826024645506614
0.13346605186823276567587
0.13344659788981780290662
0.13342668143339608821663
0.13340437821868081358367
0.13339280278956242020705
0.13340751860605942757942
0.13341951472844165715870
0.13343998789481081868047
0.13345949639545570675203
0.13348029918255766013147
0.13350246480638167101418
0.13352467092642980595052
0.13351717685237829424949
0.13353821683327241065520
0.13349553007429398876482
0.13347389150852861927632
0.13345316563762266159898
0.13343268482282832909647
0.13342162914728875056092
0.13343437534889618367728
0.13344578675154877833720
0.13346656980216817234286
0.13348881776277490840421
0.13351075718338401010499
0.13353136561589737385525
0.13355146929146957668344
0.13354494914917422465628
0.13356562260593643487461
0.13352453096336355797824
0.13350341277963312380805
0.13348169789300223797568
0.13345989995714527265314
0.13344671161145038595919
0.13345962866976907035266
0.13347471931265336708705
0.13349676767804491417380
0.13351754471876600693925
0.13353775803888059958702
0.13355887954162207198472
0.13358087760406944788372
0.13357330421901933426021
0.13359659974851734176582
0.13355132131370917036861
0.13353111427070904482228
0.13351113676234702132284
0.13348930170850123455573
0.13347378404285575870247
0.13348760868330020179506
0.13350303587457476583999
0.13352383698800296407683
0.13354479340406114062922
0.13356646585044354424987
0.13358912304640335744210
0.13361141254166056246966
0.13360488922504931696977
0.13362547925841108953371
0.13358212786621020962130
0.13355876815117123657117
0.13353707067600112390338
0.13351642723124604317242
0.13350036617516278236728
0.13351288547920139859748
0.13352938015216597733570
0.13355141232227604741745
0.13357429367362419481147
0.13359756956268220573492
0.13361921678954905012837
0.13363816116540111478272
0.13363167401383074794907
0.13361177772885585168794
0.13359029104770056561868
0.13356710163118887257916
0.13354353779959540760025
0.13352539201877958174869
0.13353846687084366950948
0.13355846792120529276104
0.13358295315751581022745
0.13360548192723681326655
0.13362514533992658760653
0.13364350859635670820680
0.13363697289749815189097
0.13365586103435225795444
0.13361849690956165148670
0.13359810390176055094891
0.13357480997104551057042
0.13355315232194428509693
0.13356899177962494595917
0.13359064509507626028473
0.13361166030049628772325
0.13363027710825053917532
0.13364901979190577097079
0.13366923960650675673456
0.13366149274127245294430
0.13368347115592452145627
0.13364198905127303018681
0.13362404739566638434134
0.13360481842037952304736
0.13358405081132110336917
0.13359788322960974848996
0.13361661336439051295244
0.13363541308848972399836
0.13365473008521111530911
0.13367583764510881927379
0.13369768618150779104781
0.13369027761786037022951
0.13371191108066352026817
0.13366865916410686221383
0.13364736052821396539159
0.13362777294569719299666
0.13361039136110317016026
0.13362194247589878615123
0.13363977278212477162178
0.13366062180675172821331
0.13368282561423547316615
0.13370501020650701895498
0.13372607932813010411799
0.13371884910808529145498
0.13374028324498637987361
0.13369743741597103769969
0.13367555307053666235895
0.13365324565441405457733
0.13363365740367619260986
0.13364620322274275987517
0.13366787415864139765276
0.13369078135440093380026
0.13371232415766826084891
0.13373306353486241748740
0.13375478247865812964079
0.13374806674300557252089
0.13377005264834207487468
0.13372683533542001343974
0.13370554317743110761540
0.13368268116657500144129
0.13366043534378801993512
0.13367604431869847814163
0.13369764106283202331760
0.13371977515685803949985
0.13374166300474477075966
0.13376357651970091633409
0.13378546608487598690296
0.13377878267889461993967
0.13380000829993077271496
0.13375632964881736808316
0.13373446024324681102868
0.13371269502077010038477
0.13369141390546274150708
0.13370610797854190487932
0.13372750568904989698638
0.13374956897667103494776
0.13377141199100153756696
0.13379265032165840731970
0.13381307448416279726189
0.13380558166163603051046
0.13382472505948145302668
0.13378597534012001690762
0.13376480379586569435801
0.13374190077573633317343
0.13372027008659606583940
0.13371398683646970595440
0.13372748553117499992204
0.13373482351849502736130
0.13375636333341889283588
0.13377864316688448109716
0.13379927820202883181899
0.13381790550720512600336
0.13383689048140104405071
0.13383037975547371067897
0.13385059035528193427389
0.13381104927931661285889
0.13379146264301974844635
0.13377058904488139945421
0.13374961346845262721850
0.13374181025668335776047
0.13375584136658494327499
0.13376411114389608059128
0.13378393637773616786646
0.13380373243872265009990
0.13382299040894821140490
0.13384337923767908318240
0.13386529275396602534087
0.13385770852418807375095
0.13388053465490543092464
0.13383615015028349493065
0.13381615090995904737703
0.13379651782749504840275
0.13377707045494319215706
0.13376876224718611818609
0.13378082160161688940470
0.13378938267191581301674
0.13380831905551196503446
0.13382939083453931905510
0.13385105372392180900221
0.13387312645759905094245
0.13389491037149031660292
0.13388824119974307436109
0.13390878571998859891679
0.13386666245878750536313
0.13384361752835582937138
0.13382127312228667137539
0.13380147532359309980876
0.13379311353330922140792
0.13380462431978568105251
0.13381483832118426513524
0.13383564800683328543940
0.13385885951298315266200
0.13388139192811152056173
0.13390247002031022138802
0.13392186575676173765359
0.13391492459764042788350
0.13393498521851085469869
0.13389531453750747047593
0.13387442925982084851455
0.13385148091396575908973
0.13382893504636025894250
0.13381704532601251811386
0.13383111916165302268666
0.13384436242041353182231
0.13386683576908278703321
0.13388886022201293424239
0.13390855579568550215441
0.13392759862922321012491
0.13394800901054287889380
0.13394080172307218368211
0.13396143822072834050907
0.13392136873972537713939
0.13390197866547726146536
0.13388120349637519512775
0.13385994609250739806328
0.13384635105435502278048
0.13386044614696893106931
0.13387512835007780997998
0.13389453979571058761522
0.13391411057317256783072
0.13393420608216421996417
0.13395470915968565872589
0.13397534334311969606013
0.13396840577245414105612
0.13398834106303136870508
0.13394758463916534019233
0.13392712795790137625396
0.13390713782894686501024
0.13388842878369222599844
0.13387406911301646950108
0.13388671150412717603118
0.13390067135571578904596
0.13391972112306638198476
0.13394057887570556819590
0.13396152457746379749182
0.13398144805523898304145
0.13397523483625856099977
0.13399421195258653938254
0.13395471602099665031638
0.13393266749587898201135
0.13391242578111556271736
0.13389778115478537245941
0.13390891498203910670028
0.13392558840664203767545
0.13394617838608638415998
0.13396794282128085540329
0.13398838385015962582081
0.13400733136214681984200
0.13400079248015164812280
0.13402110960561902652799
0.13398104032169411148345
0.13396034343289547896561
0.13393948348909637258153
0.13392111291623995383837
0.13393472896379576830839
0.13395348246377006273811
0.13397391698738012055792
0.13399399055106064881926
0.13401400523371823081398
0.13403569960738007105228
0.13402863574135367996654
0.13405049150609749109009
0.13400747612581415113553
0.13398695587035652776464
0.13396679046816978297940
0.13394756364581572594119
0.13396108295929978759808
0.13397989745670388361809
0.13399957646527729804298
0.13402145313913188529042
0.13404398796556130091240
0.13406560501328351753259
0.13405881435446384553067
0.13407907160835702553570
0.13403615350685305074308
0.13401356835268474210210
0.13399336631266450803324
0.13397387081087841487204
0.13398711202318563939784
0.13400720279095440501393
0.13402831981545823558655
0.13405068512490991849972
0.13407214870903161330062
0.13409143828399880393754
0.13408425924318675970248
0.13410266985887386859133
0.13406495399387155509352
0.13404349793300310289546
0.13402139559909559407558
0.13399987613271810427129
0.13401432131079502041437
0.13403574910993859559127
0.13405708226404425276179
0.13407766688432451451796
0.13409644805604645223518
0.13411520885930083846205
0.13410922486923546048665
0.13412902733690010292911
0.13408971236650965574988
0.13406996512988916814280
0.13405002238413010751117
0.13402888656211955908937
0.13404368243320446962841
0.13406350438382072520760
0.13408203864369580560201
0.13410186964283993260594
0.13412321640370300501743
0.13414438438509279638566
0.13413748873753708612533
0.13415873664366398387848
0.13411583976888244440495
0.13409513545117968114084
0.13407614484512955788098
0.13405687336285329602781
0.13406931988455761395329
0.13408864836249972940507
0.13410875374417133287785
0.13413057996425409301722
0.13415221448601491460728
0.13417219848844305629676
0.13416577171889521036263
0.13418460090525596850597
0.13414559890759117366521
0.13412336264978830246974
0.13410189853841322782380
0.13408177828423831212667
0.13409531065121452209077
0.13411641446099401009384
0.13413760771622468270792
0.13415873646975795541181
0.13417876780681600723533
0.13419773520927810728232
0.13419101258267074339159
0.13421156795913985471103
0.13417121870759815549512
0.13415137682948372055414
0.13413115866100172590691
0.13410953506891001851820
0.13410220635168251801517
0.13411643119944441360225
0.13412376736325395953919
0.13414481415105150574618
0.13416386748608521983783
0.13418344336205151323682
0.13420436602721569352425
0.13422637326158276538379
0.13421905249168833429430
0.13424024962067004906885
0.13419689255241817882336
0.13417613889488597123112
0.13415685089099413374036
0.13413736025485412106661
0.13412956019676633423465
0.13414220608076737883962
0.13415019494782473574723
0.13416867300777596261341
0.13418849621055733978281
0.13421156932091307667498
0.13423421223713769001584
0.13425353755042310210932
0.13424776872955720974367
0.13426483785838150275538
0.13422643934738967552711
0.13420325101527638689269
0.13418183981556092154719
0.13416212604042643263824
0.13415404099370517587708
0.13416508318336523020164
0.13417470203204159839849
0.13419624640419203220887
0.13421868878490481047372
0.13424043485302222800115
0.13425922499873110815827
0.13427571398791221524149
0.13426944322710729351478
0.13428721724256190150903
0.13425273070211468651181
0.13423362359143595212707
0.13421183075308348864318
0.13418821818537948753480
0.13417728438996803785876
0.13419153760281038456625
0.13420410964168669187835
0.13422639763779847799086
0.13424605947096268643293
0.13426354861492389991540
0.13428107890470986074405
0.13430128716168476810111
0.13429471708700099763512
0.13431703277298182030997
0.13427440558331510400691
0.13425661246931205883293
0.13423989549114179187228
0.13421982228935092074096
0.13420679864679405102201
0.13422093041109139921474
0.13423407057252664809077
0.13425115736991949377810
0.13426697274759127886945
0.13428682760362123382869
0.13431050421962345553517
0.13433263586438198844419
0.13432538403569138640847
0.13434515215625641992858
0.13430196705891575548186
0.13427968840477810807954
0.13426163693797191212020
0.13424513857818881623629
0.13423349866533748619979
0.13424395737003680384447
0.13425495315444982424857
0.13427284640611067412230
0.13429423098564383098896
0.13431793329657795710297
0.13433884764875347883617
0.13433229257076428897477
0.13434956697375499690139
0.13430985151275201539001
0.13428639623260979485408
0.13426559789453537674397
0.13425283128527484843850
0.13426256513437370698760
0.13427896465317601393252
0.13430187212856870004885
0.13432417568721571887735
0.13434351602334676512029
0.13435932290350682816182
0.13435290198851054799256
0.13436939857993970837136
0.13433638935093764055217
0.13431736261840929169686
0.13429417886532743486860
0.13427529192943563063345
0.13428991594468672743368
0.13430941883358984978436
0.13433060819281461562014
0.13434667643961345495640
0.13436257503721338313341
0.13438016153478227199258
0.13437345734329436686139
0.13439023429397986553191
0.13435662443288037826150
0.13434089355036393786946
0.13432317757872949681719
0.13430480711755526934681
0.13431835738418976267106
0.13433461560404244550249
0.13435052338121405979265
0.13436649910166564847458
0.13438369902581775994221
0.13439801374082183116343
0.13439111107505102848947
0.13440514427245031647828
0.13437624507514200900005
0.13436035335441012805724
0.13434468756160466984539
0.13432994435499667762457
0.13433911614871857365117
0.13435424442872806460869
0.13437003044690554176555
0.13438389644936160616240
0.13439757607460231514374
0.13441809747501889948929
0.13440973122168020648104
0.13444115819974791770086
0.13439048606596737389651
0.13437773423558904695163
0.13436287404031529990611
0.13434789493589793796247
0.13435674674840369924311
0.13437051784294815059972
0.13438368713039972046630
0.13440185911057703216365
0.13443279949644548754151
0.13445990336429772260551
0.13445678020656973150615
0.13442376827874111255845
0.13439412721995000477015
0.13437710197942046019826
0.13436456984875780329425
0.13437099269492960851302
0.13438713828831885810366
0.13441571864461648866396
0.13445063932308273790817
0.13443262477627457296414
0.13444154502765573444556
0.13444455739631902546627
0.13440709365977185352214
0.13437993109466009333808
0.13439849068765216677512
0.13443628961033610158537
0.13444644963627055966882
0.13433662772702287258042
0.13444667280005828668976
0.13442801069405901914777
0.13444486078239328841200
0.13436127990281779287507
0.13404290416936109897605
0.13438051393121272503173
0.13423266008757711587052
0.13410617419820747286963
0.13375225441885418842247
