0.30006500639179289890990
0.30007101553478721100987
0.30035917722258531625812
0.30035184458030772525206
0.30045348346086853119630
0.30033551980314032725516
0.30044478094766591258491
0.30047595157422135603298
0.30046820133777507599859
0.30048649527601034581181
0.30043336297224543240958
0.30031271451702240549153
0.30041970289795189019699
0.30046048768441363518988
0.30047976171168550019175
0.30050425076410047786624
0.30049742481938451765799
0.30052756221355581001120
0.30047389627818410495763
0.30045393582287588385427
0.30040360604160804003371
0.30038642339868337760578
0.30044651253624388154151
0.30047007931017066795221
0.30049223641411892948838
0.30052085834807146236258
0.30055103636976787662149
0.30054423201757307637649
0.30051534124092643684989
0.30048810302363554436411
0.30046581384741827269735
0.30043994035278526189003
0.30043740391043377568892
0.30046324305587518432858
0.30048401413631570244789
0.30051035910120998950745
0.30053808045197599740916
0.30056600659108573259104
0.30055940064302866243651
0.30058645372610293122762
0.30053275322642425404496
0.30050541312180395481235
0.30048157667376446111618
0.30046265398299726312459
0.30048066760262587271413
0.30050171296800753939493
0.30052728574323783750089
0.30055382754642667730849
0.30057979730886219549291
0.30060818145041656723748
0.30060127183792945126939
0.30063036552361749320639
0.30057417182856133175406
0.30054811779519269299144
0.30052295575693693807651
0.30049975863716316126784
0.30052050112467831866070
0.30054377412020172322116
0.30056813179026115046000
0.30059496528101359302809
0.30062352734591990532920
0.30065257838037962034861
0.30064550654199151402679
0.30067269360438309000472
0.30061723112610011510171
0.30058926766064103519582
0.30056382776865098183094
0.30054087885025099202707
0.30056138786984543109781
0.30058455945885831361863
0.30061140615443826540343
0.30063969390169548168146
0.30066659741364870628288
0.30069155227339905422923
0.30068572691153300224798
0.30071039204450777937438
0.30066100117326899354708
0.30063393584115066792251
0.30060669914122262191825
0.30058189920323741262109
0.30060400309557888665069
0.30062914830544235078591
0.30065548506699696362787
0.30068031070813733274250
0.30070480635095975241455
0.30073050163015535574118
0.30072437927307443805702
0.30075252669470592392642
0.30069947551569464749832
0.30067534380747368283338
0.30065125221315275316769
0.30062617971402477712317
0.30064824470389078792110
0.30067135453574722614434
0.30069468768166102146111
0.30071898734216140347542
0.30074612722653448759758
0.30077513734474897733051
0.30076844446706968438932
0.30079719289251544145358
0.30074049052465778864018
0.30071405376297560829713
0.30069051406531094317032
0.30066899352535869649472
0.30066269221750546725147
0.30068202253967535320101
0.30068852952317759452683
0.30071004316905758368961
0.30073494631144925826050
0.30076243052330436933417
0.30079100143952397505842
0.30081794342072842862734
0.30081115414124826035192
0.30083679121099338171774
0.30078429856775235062827
0.30075677273270562395169
0.30073046217796883805562
0.30070792861184592048573
0.30070077290361008071073
0.30071970492930993890113
0.30072781888375382797207
0.30075198848710338328516
0.30077844742724729742989
0.30080484315495598091061
0.30083023223318794414638
0.30085503401407076573548
0.30084851861937428330052
0.30087396688595446914150
0.30082405142279705634323
0.30079928294538277322445
0.30077318793053209322608
0.30074874523068223508560
0.30073902189407825114031
0.30075937316968992529809
0.30076990672014808358981
0.30079374106349154871509
0.30081822002896951850914
0.30084288249728124986504
0.30086777149724275304266
0.30089447168010013955453
0.30088844415922438857436
0.30091585205423226900834
0.30086173266270554993440
0.30083726657519282987607
0.30081330506033737703930
0.30079074674697897640030
0.30077970771602829946900
0.30079920521420816514890
0.30081040350304383279578
0.30083249080201401870482
0.30085655852815873512185
0.30088241471991511444273
0.30090953240945489399749
0.30093753403201756180252
0.30093120463538503006617
0.30095807396643614595177
0.30090390347979778518095
0.30087736809169524088148
0.30085215029402323505536
0.30082989362210416084409
0.30081819407028270729754
0.30083722352624686635636
0.30084957572156312277656
0.30087280817681966160748
0.30089891605733565249636
0.30092553102275898524454
0.30095209410986756282114
0.30097858541876720828157
0.30097238976061690962638
0.30099853358224942789789
0.30094640359235025339757
0.30092035296417390943802
0.30089436778188005661150
0.30087045217745167491330
0.30085667648352870662265
0.30087668469715217467453
0.30089200522315340258217
0.30091570763766989360377
0.30094091965685110245943
0.30096630560809756183005
0.30099226107694521115121
0.30101882550367797808377
0.30101194003712139490858
0.30103941543030565686223
0.30098580890717646640908
0.30096077680331395631796
0.30093637356418134753966
0.30091283763937337614180
0.30089739115323388407575
0.30091719766926244838956
0.30093328840334132578960
0.30095555516183158939469
0.30098050008444082736858
0.30100593597131736212091
0.30103257978272252026741
0.30105975856418865088671
0.30105358631035933347775
0.30108048098797079994426
0.30102655955742474436221
0.30099985635333204037067
0.30097497459235744710071
0.30095256934263786563477
0.30093637805258360851113
0.30095478137796100037704
0.30097153879016458333240
0.30099447638755316702941
0.30102065415631001910057
0.30104728287474585846084
0.30107423753028328405890
0.30110041654086167062232
0.30109414500140585513321
0.30106816185257639917339
0.30104160526654599738805
0.30101518995740961237573
0.30099124200788102134752
0.30097320053736287270851
0.30099189048829033676924
0.30101163110808210054969
0.30103645245944793407133
0.30106291714746530319147
0.30108831205150754506406
0.30111385247618399629843
0.30110824647371359219505
0.30113342935717790638250
0.30108320437463548246981
0.30105775272804741193866
0.30103333796016384926730
0.30101188363759323607383
0.30103306018529729648492
0.30105480082282698450769
0.30107836333348014790090
0.30110291394628502237296
0.30112770077721756623035
0.30115364826651430663063
0.30114729643250692792122
0.30117392006467913478929
0.30112232197103444564235
0.30109804057021044565445
0.30107571075922179293372
0.30105387206235134645027
0.30107436425027978010860
0.30109513286349409710851
0.30111713608981299783451
0.30114180904579063158266
0.30116792323067426151439
0.30119456444509290493627
0.30118843977280929102847
0.30121567752872829837330
0.30116230387386150324502
0.30113650504161321164176
0.30111439023559616323666
0.30109402506976762348145
0.30111318894068661577990
0.30113333310856849056591
0.30115651049405128825143
0.30118285129745320238825
0.30120975629240681614718
0.30123636942830883667099
0.30123043203162835901310
0.30125741293273877730030
0.30120390726718271334761
0.30117726823846591166500
0.30115340626465575413206
0.30113210955202290852739
0.30115173904968811635641
0.30117406228019011349417
0.30119867241404080226985
0.30122497369025091895622
0.30125116456056982849887
0.30127778951152306419203
0.30127186031294200807551
0.30129845681567407611468
0.30124573655689379503286
0.30121953598671546981080
0.30119520886257755698523
0.30117247316410244994955
0.30119351838011593214262
0.30121643206485554378204
0.30124024140855659714688
0.30126641380608770726113
0.30129268054348024019617
0.30131918318043549032126
0.30131337249306944237048
0.30133958050049391985681
0.30128695589636722562688
0.30126077934853007223026
0.30123709180236168947431
0.30121488168707877264296
0.30123542103046829776503
0.30125782538920270470229
0.30128110156239062966677
0.30130752527412202335100
0.30133355258072785920476
0.30135990224249753488550
0.30135392091623969257341
0.30137982956436465409311
0.30132805195064926717663
0.30130213430086127956997
0.30127792897441191266594
0.30125577381839374613293
0.30124883617132447444220
0.30126815781212623601704
0.30127616364021375661153
0.30129866755220663376846
0.30132239210745592750129
0.30134888943460058641222
0.30137427570397712361938
0.30140052587201637823711
0.30139524956241270370327
0.30142154542737975564393
0.30136898302306330821310
0.30134301720792167067486
0.30131935811322779761312
0.30129687270485677741405
0.30128818514124505734131
0.30130824872271771974752
0.30131775229583995789895
0.30133990012979822159522
0.30136336655113377114290
0.30138953457128347945826
0.30141569810011681340711
0.30144271223108970447768
0.30143678188581413124325
0.30146356134124552283993
0.30141002444144754379707
0.30138385517438803784529
0.30136068351171851897874
0.30133837386558703919093
0.30132834489267418254244
0.30134812048111525584204
0.30135881331628888712970
0.30138079332234324336781
0.30140442628396352242603
0.30143099254483374238589
0.30145754786257156210283
0.30148398845727342187928
0.30147822975117555266422
0.30150407123942468690103
0.30145222434909002551251
0.30142492822075844793872
0.30140120168541462142286
0.30137881750594769370011
0.30136774531003818200503
0.30138694609457744588710
0.30139920603737985205228
0.30142149903623827178478
0.30144569584532709960456
0.30147250422431431937653
0.30149875248271867933525
0.30152420062540369327664
0.30151841095856751762128
0.30154465285227388671174
0.30149263781970919717779
0.30146633595823346674081
0.30144240341685585304887
0.30141925953972759089083
0.30140602184905052052244
0.30142560756563691048981
0.30144000504669266060631
0.30146299474771703907905
0.30148684066812947435210
0.30151291713649946979459
0.30153883714484353006924
0.30156510471705688658517
0.30155962259607566045005
0.30158627253982334126547
0.30153342439490138371383
0.30150709976202871853701
0.30148371092202075338662
0.30146072968147791248938
0.30144546320936188577022
0.30146538904543757064758
0.30148170291494807981891
0.30150418184967453516521
0.30152746841969635394065
0.30155418712894516142242
0.30158080874633325096923
0.30160702317420917673019
0.30160173440548504464331
0.30162732303424577562367
0.30157507492081120359373
0.30154811681285509372685
0.30152479267739207280385
0.30150223322415675708541
0.30148547801182645766715
0.30150551208038556261215
0.30152258287654881696582
0.30154551365807885643378
0.30156912237047905911425
0.30159590475048037028216
0.30162196157715120969911
0.30161654209274491034165
0.30164221981412497886055
0.30159002774208087949148
0.30156599747240486752986
0.30154323246518432988239
0.30152494568071924740948
0.30154441167093287701206
0.30156350421347083434753
0.30158676384673654968793
0.30161032362042727861251
0.30163691235777551069575
0.30166255552891563240792
0.30165687270013546994463
0.30168355446456579516123
0.30163072418670344720937
0.30160720854090516951374
0.30158427566061840607858
0.30156404199155728562687
0.30158398794273494347706
0.30160461395159909869790
0.30162767939004658801494
0.30165074865903485079599
0.30167761326666570065314
0.30170497117264738484721
0.30169881489453320710936
0.30172646394003305170273
0.30167159871178556018734
0.30164805243220155217543
0.30162476171640778543903
0.30160357328980430535736
0.30162305549419154981905
0.30164520231899000224374
0.30166830770537755856964
0.30169266782296461082424
0.30172074232187262587956
0.30174784386316144679796
0.30174172757519812648752
0.30176819188296133411598
0.30171388182509245590168
0.30168951201056115607457
0.30166577832002161585478
0.30164285164933912763985
0.30166333393474553670188
0.30168673060399986418645
0.30171058794478455844512
0.30173503889319486237497
0.30176189969336020268997
0.30178769654917897424795
0.30178168396735088885308
0.30180713212442977777528
0.30175550671868434093881
0.30173195098526767177205
0.30170771566641163552447
0.30168393441509805397160
0.30170497191242512391440
0.30172865850760910433337
0.30175220443695727201572
0.30177554995228667023000
0.30180127387176647335565
0.30182759129059388847338
0.30182218338808275426288
0.30184899897148981251505
0.30179542217321236874383
0.30177231726079517537542
0.30174920046319531063972
0.30172590976964325237830
0.30174676574561754005543
0.30176944577474767994474
0.30179231072464057783478
0.30181590330797081200842
0.30184355823673025831511
0.30187161993501565593334
0.30186570722159933310991
0.30189346512468812067098
0.30183745991771210315235
0.30181324309778445602603
0.30178984818765758335601
0.30176725652398905808127
0.30178759718189968053181
0.30181060351851629608433
0.30183472996354043793588
0.30185957347295194752590
0.30188778097345608797397
0.30191477697805474411652
0.30190879338116421992666
0.30193495437009121307170
0.30188187713907310705252
0.30185687580093523152414
0.30183200905989093776327
0.30180817141042259876826
0.30182970365498373865876
0.30185371265920729610954
0.30187844218193926604243
0.30190239129425266995099
0.30192919681968855005749
0.30195476792279096756033
0.30194844565647527279140
0.30197522658487646607384
0.30192236405385647346478
0.30189896108257335827219
0.30187546101938123044306
0.30185117045495318821580
0.30184397343310154226970
0.30186501900976392409603
0.30187252632957134457214
0.30189583290026000828021
0.30191894177022282619305
0.30194174714338539722291
0.30196862940194935109872
0.30199608564314928127459
0.30198983221746550364983
0.30201770445855879998476
0.30196197174865441192892
0.30193824260424373395750
0.30191548923436228868411
0.30189282553365165417958
0.30188452763941453493857
0.30190393091716732909546
0.30191237909052132115661
0.30193445714796363077426
0.30195818405097935022141
0.30198326217421322947843
0.30201183499766370843531
0.30203907228249410321652
0.30203353975657204477656
0.30205965754571539871876
0.30200536751453499473286
0.30197961908174636436186
0.30195481827339648583930
0.30193197672964178224220
0.30192286707357623987136
0.30194176514173970415911
0.30195201087534168093995
0.30197660142349991296840
0.30200203543996118060733
0.30202727228593639896559
0.30205427381387556229342
0.30207987325392327004892
0.30207418153963538909323
0.30209971201751745217834
0.30204839703654506877228
0.30202460719449980564022
0.30199901266869960680950
0.30197355332638353697661
0.30196173639010204237110
0.30198338461698470691630
0.30199619572520669530391
0.30202136576044763538462
0.30204535920073299903876
0.30206841008466972509083
0.30209404370670661643672
0.30212072606763451521061
0.30211457218357640197581
0.30214223336353607241023
0.30208759614182756347844
0.30206520161079924990943
0.30204259250736714692565
0.30201889294072298275395
0.30200564948093433503828
0.30202692393850255614396
0.30204046890477964648625
0.30206225653515983431419
0.30208394928292753300880
0.30210770520817525897073
0.30213601663099193261885
0.30216425514521100259557
0.30215797435718466656951
0.30218510423935024400421
0.30212888711279051179304
0.30210407162316627038834
0.30208128283098967248321
0.30205984394496038225597
0.30204698585271050337298
0.30206521107805861525719
0.30207835426378693011173
0.30210030316503783121007
0.30212526400517025759740
0.30215129712339355849693
0.30217909523166813778872
0.30217280197353041382158
0.30219898812496304163489
0.30214704142990544966096
0.30212109836624373437886
0.30209717572337008162364
0.30208283705230398741293
0.30210090949035267593459
0.30211788347468365723003
0.30214288242560921604607
0.30216901512343702362884
0.30219271856606899628872
0.30221774671645945664622
0.30221167455828701342568
0.30223619802592011085451
0.30218923729718299986402
0.30216531205900226675354
0.30213980619000624372461
0.30212125986327187376901
0.30214253515204564370933
0.30216200346019700395672
0.30218622396409505759252
0.30220837273081857521362
0.30222989210622080991087
0.30225547332389191002022
0.30224930028209812116202
0.30227507404058889806109
0.30222684710282926578984
0.30220521255930365978060
0.30218308657126130567505
0.30216420491793960501070
0.30218485651749465992211
0.30220279322438509117532
0.30222368002516991625228
0.30224588755780945614760
0.30226935585321940136438
0.30229516841414422190226
0.30228916679859052507595
0.30231488027320452260938
0.30226591410433134576863
0.30224277238472124773594
0.30222160510969142688253
0.30220389127935692874516
0.30222182507873418533251
0.30224050273850433523393
0.30226269764384039451244
0.30228574481318959410459
0.30230854031116827229653
0.30233584763834780995140
0.30232827042615850743346
0.30235862868101764933115
0.30230458381966640590832
0.30228223325798569964817
0.30225995524605575592858
0.30224000394234035171692
0.30225950082654839956575
0.30227898882420867199272
0.30230018549544451778033
0.30232319926514944485874
0.30235030896303505265621
0.30237745832004869761533
0.30237204210838514173432
0.30234442233139297018241
0.30231787220741357380405
0.30229692775102789958908
0.30227837745715246953182
0.30229542972527018163120
0.30231392524488115425285
0.30233907970088164107736
0.30236814135629402899852
0.30237602959921450196390
0.30238047095349163129185
0.30236443481718999759522
0.30233441312510217491294
0.30231190951161490687582
0.30233200396621190408908
0.30236150808302625359048
0.30238348130832304327953
0.30235623283761192681141
0.30238546828462614657340
0.30236055065089023630165
0.30238786977003345723958
0.30236769121223477929661
0.30221768306914092994120
0.30237486323781193053861
0.30229391903060748303389
0.30222741503439731758363
0.30197453266343249334014
0.30011477227629074215898
0.30012444638540852759334
0.30040889857861913236903
0.30040524310246191630469
0.30050312632065817597393
0.30039016069993690338791
0.30049811308916135610403
0.30052550469602518079526
0.30052145239894662021030
0.30053595728800208686238
0.30048795466378608320923
0.30036822625574605138965
0.30047522201906445848962
0.30051501708621175534830
0.30053292654306323905544
0.30055362171186017494762
0.30055050280465583911749
0.30057684154830083267385
0.30052836207334232554444
0.30050944934947437792161
0.30046009021138148087360
0.30044166776040243105328
0.30050299402152891303786
0.30052558182894645311123
0.30054664036317113584573
0.30057384998244468521378
0.30060022410131664871713
0.30059713613988969793667
0.30056968346778994982671
0.30054359147414910768958
0.30052228527473939800885
0.30049524780445341365365
0.30049049267068822510751
0.30051861001423024744028
0.30054047499836239465409
0.30056583332187336576879
0.30059236002855593827832
0.30061882023917707584815
0.30061361739108272139731
0.30063917431484016296039
0.30058821241979977179071
0.30056186520132766037960
0.30053700154269030742071
0.30051571709504243390398
0.30053372231488240107211
0.30055719542057773852051
0.30058372633925134476129
0.30060926977779944824221
0.30063395280897808881093
0.30066080878577494672754
0.30065536670515535799808
0.30068289905372530546046
0.30062959465210431497795
0.30060454373128486782463
0.30057849538084657758930
0.30055287978816402905125
0.30057369080374463088390
0.30059937334718800361344
0.30062454266688987125633
0.30065036599010364071205
0.30067755971533244307992
0.30070501601560845061911
0.30069947617125986072395
0.30072503247088500089035
0.30067260931435846327275
0.30064566440254036905344
0.30061948569100249706310
0.30059413175358140613014
0.30061470180547467112575
0.30064027420631150855357
0.30066778733030680159644
0.30069504924677525892207
0.30072050615153622654674
0.30074379124685535202843
0.30073957461378991729006
0.30076253107487216365001
0.30071633077135440093031
0.30069029895868204516063
0.30066247030854270638756
0.30063527219153407532559
0.30065743777882059095674
0.30068497641426789046548
0.30071182830997977841747
0.30073561073545629351855
0.30075859138349336774354
0.30078253991750047990905
0.30077810135854443629455
0.30080446210670030993128
0.30075474580701494486945
0.30073166859964922670301
0.30070713654673980608223
0.30067967118679117533020
0.30070179201091784548794
0.30072729438201140084175
0.30075099300635571575313
0.30077422637234590974131
0.30079978720459882302052
0.30082696859147073364937
0.30082204370197201948045
0.30084892011233044240015
0.30079569716108506272079
0.30077033768344663133831
0.30074650639534228346861
0.30072259353568592255002
0.30071530464493279044547
0.30073457990386326388332
0.30074218309633699020011
0.30076608733071125145742
0.30079120800214004249895
0.30081760159227788342662
0.30084453923000836761403
0.30086956592396696397174
0.30086462885025527791427
0.30088830674754990512909
0.30083943171170113295432
0.30081301264343957013736
0.30078655919112662342485
0.30076163314230042189479
0.30075327662366052594578
0.30077215434657567083576
0.30078157422871742987525
0.30080813760180674654166
0.30083466531748792593959
0.30085993685887618687147
0.30088364347232277040689
0.30090644074594102841402
0.30090186800520957177696
0.30092526482409609478452
0.30087910521548250075696
0.30085547866635270475300
0.30082938552195909176490
0.30080254546236268042847
0.30079141879415510762996
0.30081172267667244391021
0.30082375417489132241045
0.30084998721235489682613
0.30087439070462063117617
0.30089789279607387362248
0.30092105877672020719515
0.30094566122076538139396
0.30094166819403683765799
0.30096693239750871295968
0.30091669662860687228800
0.30089341070915931464214
0.30086959919163969168210
0.30084463992025445300271
0.30083201304892631666732
0.30085146920153393867992
0.30086434178416010531976
0.30088883271290484122673
0.30091267853365710749358
0.30093733221537261046663
0.30096269231305422531264
0.30098850325812115391599
0.30098430140129639465130
0.30100893129661954183973
0.30095877377990715162426
0.30093346380191027256146
0.30090853745296008980858
0.30088387116956505362708
0.30087041978280432141801
0.30088941866524382406922
0.30090359560020596418894
0.30092923855278708167305
0.30095498454515773323337
0.30098035167886838525675
0.30100512837704485047396
0.30102933142536136834622
0.30102535995281892722275
0.30104916796585268201625
0.30100117144926918921755
0.30097639385298685654746
0.30095084033828861658222
0.30092451220342114615036
0.30090884862104072539069
0.30092883898805966591539
0.30094610683658884475733
0.30097222323854061487580
0.30099693525214682443547
0.30102101882981235903003
0.30104516537930348096808
0.30106934660601153419535
0.30106477906470413552498
0.30108982225817176869853
0.30104046640209158880452
0.30101676616815137288441
0.30099292914756498040774
0.30096697581568693236065
0.30094953355126052851887
0.30096933570504308397275
0.30098746390404057526879
0.30101214787316882270929
0.30103646189521005016587
0.30106053718464459434401
0.30108535461927898868595
0.30111005147252456470852
0.30110629577231812215032
0.30113066059577703326156
0.30108110083187744621114
0.30105578966785279115825
0.30103160301476444837832
0.30100678056059398945976
0.30098852044361573687681
0.30100693440662329436464
0.30102578742178848214550
0.30105114060325099956117
0.30107655935822508208588
0.30110176183201664557032
0.30112688013790717134199
0.30115048155291779252707
0.30114671998744707570594
0.30112257832521449607555
0.30109748337090175285269
0.30107188934354528475623
0.30104552405511214585587
0.30102537078914526347262
0.30104408591136971873325
0.30106594690108273715268
0.30109318431304249452651
0.30111876772679008196221
0.30114266519894716811478
0.30116636035375604629749
0.30116253360319311660476
0.30118586991752172021819
0.30113902534223729867691
0.30111451433877917116533
0.30108768601060942327052
0.30106411309757352690042
0.30108533204396509264100
0.30110918329648017621736
0.30113515431229359586851
0.30115870449100140548992
0.30118191954333617399442
0.30120601988848705321544
0.30120144553371719364776
0.30122622091478817862864
0.30117808345494395672048
0.30115486111685446646291
0.30113012594569710245196
0.30110619074617839263652
0.30112674473615302916940
0.30114957902285094393235
0.30117398217823482253763
0.30119754123644965071449
0.30122200259418546730572
0.30124679506306006881999
0.30124244850204828782836
0.30126783831566261717683
0.30121800619587074665517
0.30119337406047230754069
0.30116886529580089160163
0.30114647687222556582398
0.30116571271070252668878
0.30118784039259755003215
0.30121340176702482427373
0.30123852145137025582144
0.30126369097508892691550
0.30128845855712149681693
0.30128429100010462038384
0.30130942842140423509889
0.30125954723709336136039
0.30123418141487157129177
0.30120794342201007154358
0.30118470441083389221859
0.30120440363567613228923
0.30122862659964244613775
0.30125560566639503212727
0.30128058388948425472265
0.30130494802065688197956
0.30132973102325000258617
0.30132556759020096004420
0.30135032459811744720568
0.30130131526163561606069
0.30127648664066403183526
0.30124979834000681355732
0.30122520794537022137405
0.30124632573889698061720
0.30127104825633438389687
0.30129720712963620199432
0.30132195936944389247358
0.30134630888129104731021
0.30137097617663460846771
0.30136692020280109183261
0.30139129660261393395260
0.30134246916148910155897
0.30131776003529608942699
0.30129173196694858383182
0.30126776053263254473435
0.30128837003736624877703
0.30131248977235314256973
0.30133809699274588522755
0.30136300592629849948167
0.30138701923449023878376
0.30141154010066617541241
0.30140730675436072649731
0.30143138918118267399748
0.30138349966752092656819
0.30135914080986214713676
0.30133261420841994659980
0.30130879214610767347082
0.30130189675270913074456
0.30132130576071985972320
0.30132925281932504413263
0.30135337348563517867461
0.30137940698042176013161
0.30140430291720599065286
0.30142757908710093861515
0.30145200697167512382535
0.30144846795415258799977
0.30147294604875218837492
0.30142436123632554423324
0.30140004020248090110812
0.30137408416151301171482
0.30135003317730829630605
0.30134141917679985178680
0.30136156607603115098470
0.30137098281815838385356
0.30139464762186440882630
0.30142039700000622381992
0.30144487732889357900490
0.30146883102742993987277
0.30149403051150813759307
0.30148982971972471123223
0.30151479689685872775939
0.30146533294053051710293
0.30144089050040773214434
0.30141544731637548437675
0.30139167279050060876955
0.30138174078795726407165
0.30140159386484560721797
0.30141218174185963052381
0.30143557371147011725299
0.30146146373098631210397
0.30148626560328739554251
0.30151050963019071504689
0.30153514127144526169033
0.30153110286410800267021
0.30155513976757525318462
0.30150745990981886457405
0.30148196544961169962562
0.30145599810672130125511
0.30143225668056983224119
0.30142129150185370534132
0.30144055830141924801069
0.30145271549317109727184
0.30147631257169327234635
0.30150273356389023504676
0.30152770269092443733427
0.30155153567085896115785
0.30157518257979976095129
0.30157110429656119876540
0.30159554728048831861997
0.30154779970854728166074
0.30152337271540569085815
0.30149723006883472065098
0.30147283682408032579048
0.30145969340561046267979
0.30147933293389800324391
0.30149365146737910903241
0.30151783377007496111943
0.30154387282417260962575
0.30156804138016879424100
0.30159144129131620903905
0.30161591182163605129318
0.30161213539768855218526
0.30163699159534013150008
0.30158850859454472415067
0.30156412488671147098529
0.30153856156313685321635
0.30151444690838863360582
0.30149923700449821062364
0.30151920146558569557627
0.30153549048668037979581
0.30155904533437249970262
0.30158448740024573764273
0.30160923150020402250249
0.30163322836129163873053
0.30165765180794928967956
0.30165406052813237280930
0.30167785963740645360787
0.30163007973843358744404
0.30160512783084797439059
0.30157966675326625116682
0.30155608866571059767381
0.30153931986639664897254
0.30155937441037045099179
0.30157650581867279093728
0.30160039728923371260549
0.30162612206200467568351
0.30165086992554679401479
0.30167419510554388528689
0.30167146616326995234303
0.30169435941131533818194
0.30164701347341998927121
0.30162089027957522668899
0.30159722446349335189808
0.30157882209345177049187
0.30159829303342378103991
0.30161756529005107063668
0.30164166657608920685263
0.30166729422496024737299
0.30169179366003578968147
0.30171459910347053767765
0.30171171153103193418588
0.30173550172400598334832
0.30168767885645253468141
0.30166212007428022667810
0.30163840453331158819594
0.30161791754715649993557
0.30163784985945985006595
0.30165880836570319045720
0.30168259902934485561232
0.30170768503470585253368
0.30173241090512076256758
0.30175682249957785918681
0.30175356942806247362299
0.30177821904460716551100
0.30172851353334356749869
0.30170297773864523938059
0.30167902375316207885803
0.30165741368658338661390
0.30167686747017835591222
0.30169953195018056613108
0.30172323962386604634389
0.30174955916765289209991
0.30177545216365031510719
0.30179950114377246395136
0.30179639199169522312260
0.30181975007103045705037
0.30177074971842221540186
0.30174445203502892054459
0.30172017590381727814020
0.30169661066605135690821
0.30171714270837390881042
0.30174119365360341227245
0.30176553407452766375485
0.30179188177675303483838
0.30181651965255090752649
0.30183915600024596725959
0.30183625866592911357600
0.30185849307782008921208
0.30181232105754118855145
0.30178690094985605174571
0.30176224370626530957296
0.30173779157992752786299
0.30175887862943712169894
0.30178325114387982708308
0.30180715902066285183381
0.30183233338913428855932
0.30185580069298517669196
0.30187885302624906103119
0.30187666138435564899822
0.30190015991283225549324
0.30185217381030576833112
0.30182727763216932181933
0.30180385831101796956233
0.30177986171239212787043
0.30180076276526807133038
0.30182416414440288443544
0.30184727561349916635791
0.30187262243497348102039
0.30189798831954195446059
0.30192268073614281220785
0.30192008985311236113347
0.30194442655678338516267
0.30189414448366908017007
0.30186821143172359871443
0.30184462631543712562987
0.30182129582959055236202
0.30184168143716394450138
0.30186544177649293763110
0.30188970189507136065998
0.30191621971586840578183
0.30194211296898942897826
0.30196563850961549713148
0.30196307316140136300930
0.30198571436134130641094
0.30193848414332052909614
0.30191185182527541241981
0.30188690688165886744088
0.30186229682446591437994
0.30188386915082715544756
0.30190866705535429614926
0.30193342257389749194729
0.30195895897047259071044
0.30198342475975187282344
0.30200542588624584849910
0.30200262179185372035661
0.30202578354741027588659
0.30197888910316300625780
0.30195394459916047313897
0.30193047081491025673827
0.30190537275532547401014
0.30189707445906066585195
0.30191804191917387401034
0.30192676847031385545250
0.30195089686044707111279
0.30197392613465823263397
0.30199822701755563159054
0.30202275164795638895399
0.30204654213979498234011
0.30204389877793486052227
0.30206805954752702358945
0.30201840563059589861439
0.30199322866397315667797
0.30197060639617273603008
0.30194710409534475381577
0.30193747342551519041720
0.30195679888034993032520
0.30196669333900894027778
0.30198962602389672893466
0.30201317366495927796421
0.30203964873678001978874
0.30206584537499953091455
0.30208932491535189779341
0.30208749410470919771754
0.30210980824923777676716
0.30206170602023996174523
0.30203461005075737944026
0.30201003761370326383684
0.30198632297550220826565
0.30197565874693832466136
0.30199448581172422256813
0.30200639151507585600243
0.30203186817859545287845
0.30205702695758196441034
0.30208356114687484605952
0.30210817126254657649653
0.30212992294251500569047
0.30212801940003547462865
0.30214966017091310357401
0.30210463250761970810387
0.30207959933405753583102
0.30205432706262208553127
0.30202796701485906671891
0.30201439120065537435877
0.30203597627992689877985
0.30205064310677531835836
0.30207672742783753250251
0.30210035291074743835082
0.30212459119968670950840
0.30214782024020975237377
0.30217057161373106488611
0.30216828769226417028548
0.30219197643924522456160
0.30214372295474267726689
0.30212019623416780378378
0.30209799783119206662008
0.30207336960797220859476
0.30205818334014211679062
0.30207940587612625016334
0.30209497606562601967894
0.30211770278253813337699
0.30213894391577800213611
0.30216377575235925379005
0.30218967106134958511277
0.30221389700906842179506
0.30221156591526404655568
0.30223464491142099097587
0.30218489782268870280646
0.30215906411512033491462
0.30213676899919300611330
0.30211438103444121505703
0.30209942385033872191968
0.30211760934999354333286
0.30213292169322419900013
0.30215582925178019468859
0.30218025673064202729634
0.30220724719326613749715
0.30223262139871920339829
0.30222869154670617408698
0.30225244829785613553952
0.30220203528316236241125
0.30217666257562530995884
0.30215176906375773580038
0.30213519997650067905326
0.30215324524532305439095
0.30217250414486696019623
0.30219848136332427834816
0.30222400812283872761910
0.30224854579292514955569
0.30227114109233810257393
0.30226743620591545180787
0.30228952509451373353855
0.30224422702256997785852
0.30222094455324954864750
0.30219445488046886572064
0.30217357635964292583708
0.30219483906342464729633
0.30221668082182162606841
0.30224188992715922408294
0.30226336100303841103454
0.30228558658169890627221
0.30230873044963813001118
0.30230492740646514038261
0.30232826058142681091567
0.30228183388072227266719
0.30226091020935685893534
0.30223778965132519491732
0.30221650038157249484883
0.30223714981549881786194
0.30225752160607799456926
0.30227940559387966867888
0.30230087175620179440472
0.30232491522115301219031
0.30234828452600143178230
0.30234465616108419094843
0.30236792432268760899561
0.30232089473325152173544
0.30229852342630680883673
0.30227635906081101735410
0.30225618902160650280919
0.30227413145323928089780
0.30229528461070204192751
0.30231847394720179345029
0.30234072207066819970578
0.30236395701385943013406
0.30238881823065788534421
0.30238361361144261429956
0.30241152420285305479908
0.30235955775709738579948
0.30233803372511480755946
0.30231476384973926530009
0.30229233303719665881815
0.30231191507131077722548
0.30233382354363130817276
0.30235600645616828030526
0.30237817058441274209457
0.30240558029181002774877
0.30243027800271965466195
0.30242723826614353876963
0.30239938997975329693091
0.30237371151726016860195
0.30235178740596946322938
0.30233087708960443285022
0.30234801613162709532645
0.30236881084989930545959
0.30239493579103937648256
0.30242310412845169187435
0.30243114577427421263423
0.30243542776789700265994
0.30242030862148988612503
0.30238932499419546306996
0.30236457914061837248809
0.30238475654751562071709
0.30241644627283686963537
0.30243936950863919976840
0.30241212332519057381930
0.30244043019083910461831
0.30241338699003966761225
0.30244079100387433189923
0.30242267017457769018307
0.30227265635501510132599
0.30242786046752878625909
0.30234640433348219934473
0.30228046264739649728881
0.30202697606730904977823
