0.93138722827394171410731
0.93143093221470307785381
0.93149726863096860007829
0.93151865002904021828556
0.93152936594150037574735
0.93151779751858976297285
0.93154428847212422670765
0.93153596015005601937986
0.93154707963609217902246
0.93153808857523223707631
0.93154474547284837893102
0.93152360531834332846302
0.93155117874597781479906
0.93154808488419926781887
0.93154527507163953359282
0.93154079136357559320913
0.93154491977257780632726
0.93154342996161421108781
0.93154696249905444283002
0.93155583568218502943381
0.93155298553565879515759
0.93155858780723255208045
0.93156115796982852383934
0.93155620519879300811539
0.93154817064509565227581
0.93154647751558794510629
0.93154524429603779989151
0.93154904207245825542572
0.93155204871283858736319
0.93155874916788583561811
0.93156364487759046877358
0.93157147229318038039736
0.93158989436126105054825
0.93157570812856904662880
0.93156677407398635892832
0.93156335047334748455938
0.93155686172058327354506
0.93155215456417927999411
0.93156133297368381995796
0.93155566379753407257880
0.93156797054525530832336
0.93157075138266465241799
0.93157844825791769061141
0.93159551598733691957221
0.93159805578219823107844
0.93158117068945178740336
0.93157416018865712992181
0.93157142133930781469076
0.93156517179845588216835
0.93155941581613066482248
0.93156853310985565652658
0.93156293952761870524881
0.93157380429049918557638
0.93157637888255395708370
0.93158350518787202965143
0.93159978276074140168816
0.93160170735595793090056
0.93158523842481855137265
0.93157789983025474089828
0.93157586160752303694466
0.93157160292461060890901
0.93156578658613953258794
0.93157436497726164859046
0.93156786801110169626838
0.93157817347686566744613
0.93157968989524220226883
0.93158686175114024941024
0.93160371189750412757036
0.93160588191427740056838
0.93158905765558508438318
0.93158220822987913845026
0.93158077362020141887200
0.93157686793383309709071
0.93156966601892077228797
0.93157923140051279720097
0.93157190481091223244192
0.93158338692228104260806
0.93158525945221737352142
0.93159205674071321467977
0.93160847273406965918241
0.93161153941756424945453
0.93159543173257719494984
0.93158826260686578013548
0.93158576506883272738690
0.93158184370800889428921
0.93157509222528012138298
0.93158489258970933466486
0.93157916015628661199344
0.93158802923471961676682
0.93159079472443084846134
0.93159856825473308372665
0.93161476183096136871598
0.93161768886798290711937
0.93160105216878608125342
0.93159291335574301307076
0.93159035969436931878818
0.93158835839882270235535
0.93158345555028509998863
0.93159175563123575170010
0.93158722016177986091634
0.93159294481719401304076
0.93159496378426842611020
0.93160304987066244741811
0.93162007080266473479924
0.93162693703711918491450
0.93162977063718777070989
0.93162200282938922857312
0.93160503079686551863858
0.93159732578389486956638
0.93159561701642201736462
0.93159471630998602620366
0.93159008235582718704393
0.93159693557485001580432
0.93159213556513642551238
0.93159813310390937601824
0.93160002213339154764071
0.93160737515497793470587
0.93162395016801202718426
0.93163246240767449979359
0.93163531809665245386753
0.93162621436812642627956
0.93161016243228167432733
0.93160281478237805252718
0.93160028997387256399776
0.93159868244528232228419
0.93159393091492326277603
0.93160036429795556323086
0.93159604153082986588430
0.93160219269713051559734
0.93160540996521612466807
0.93161308006906817791304
0.93162885786537674714936
0.93163844385026750583023
0.93164175066436949457227
0.93163155015146026372008
0.93161576062121331798238
0.93160770193500708202805
0.93160411797044428983128
0.93160245751826620264069
0.93159875431103034149061
0.93160508978410117020275
0.93160190377567098085621
0.93160629943286799026225
0.93160990206648708333859
0.93161806464945540184885
0.93163400426864662051685
0.93164495505108424477925
0.93164782119396405413170
0.93163604886816986372367
0.93162011236180497508741
0.93161218629652009504127
0.93160888230845773083644
0.93160800356341888495137
0.93160509838934879578431
0.93161084751604716913675
0.93160798730427674119170
0.93161167965841129579019
0.93161477162986316979953
0.93162222874248123982710
0.93163789008585484729963
0.93165041978732909822014
0.93165295573642992188468
0.93163978490615206862202
0.93162459465392122304195
0.93161755851620198232155
0.93161438595245060767525
0.93161332140930341871865
0.93161051594985855306419
0.93161548704466246029199
0.93161278069087072317700
0.93161683128954975163794
0.93162031373110854026720
0.93162720841053991982506
0.93164199602047981230157
0.93165565025541285937294
0.93165860508573483667050
0.93164442516235612679054
0.93162978777742067038048
0.93162283028507797411066
0.93161902689163411661610
0.93161756597340672492180
0.93161506287938944392835
0.93161978394422750859860
0.93161748925688081524044
0.93162120893574107416413
0.93162512927420870756379
0.93163213503435071682901
0.93164682769257001204721
0.93166170161354788792352
0.93166462030008823091976
0.93164896262309127017431
0.93163417499604583849049
0.93162737221526137343375
0.93162362194018522032479
0.93162228974500493894340
0.93162006277803233178503
0.93162499098188045199009
0.93162267514166652304652
0.93162628406508318779089
0.93162974224290495683931
0.93163612399028683519475
0.93165077834015619373531
0.93166725834997810018479
0.93166962253863649934260
0.93165244408450231805574
0.93163817955517103097662
0.93163237105573504237555
0.93162906948862589384674
0.93162762647944774574427
0.93162516577421483621180
0.93163004841510255182868
0.93163176427360905318409
0.93163510511155500637415
0.93164049069111753986761
0.93165432134673131781000
0.93167195641500921698963
0.93167450114216565637548
0.93165650335696192918533
0.93164298302943249208141
0.93163776732418235315691
0.93163419230410515758933
0.93163223953682905431606
0.93163637940880872356786
0.93163433324233591026342
0.93164013131003953205322
0.93164545333551929129356
0.93165899049890510408289
0.93167741605604093013682
0.93168060409265462951112
0.93166145683610468442026
0.93164766818185806851460
0.93164224551578056487955
0.93163844105445980936508
0.93163650890698090911712
0.93164060739471499239528
0.93163881181009633447587
0.93164423579640109895905
0.93164957121336466894235
0.93166368443807701105186
0.93168375016978233205123
0.93168625220961964750188
0.93166553818938402375949
0.93165129800486012889849
0.93164630461161768160139
0.93164300156972290611890
0.93164125892985749644026
0.93164552160832014848779
0.93164379486704573807287
0.93164860803542537404098
0.93165310053472583096124
0.93166719582890122897112
0.93168806776778922973392
0.93168963199493659566031
0.93166886410501670301443
0.93165511280215851375175
0.93165103757833866993110
0.93164813740961205379421
0.93164632611641318149509
0.93165070313830322668025
0.93164885407660280591813
0.93165356470077531625407
0.93165735778976688230557
0.93167083366725877979775
0.93169125405805908179957
0.93169316489304321304843
0.93167312698508908397343
0.93165975053227190194605
0.93165606418793123211231
0.93165319921172029538070
0.93165132260003735709120
0.93165567009155614286442
0.93165377919333480782882
0.93165849386256105457704
0.93166213419880949953011
0.93167561455125258440546
0.93169541115819642929097
0.93169783157101238035835
0.93167810601155276462038
0.93166446919809642324140
0.93166089806039076304245
0.93165816224275987966763
0.93165618605010191988214
0.93166062684977835051114
0.93165851322912562881839
0.93166330526020735280923
0.93166672920483184494600
0.93168048460260144416623
0.93170023860114126179610
0.93170245242819427211600
0.93168275257131805133781
0.93166894053018189936211
0.93166568666224447436974
0.93166302129513134389072
0.93166079397001733131134
0.93166535687842089163979
0.93166306292050038440067
0.93166803154759980643007
0.93167119522781804974443
0.93168495045621935179980
0.93170450446480812534134
0.93170976460980758915298
0.93171216613932095196304
0.93170648857825122401977
0.93168718285434026782355
0.93167338260912779812628
0.93167030369029335545861
0.93166766135006862104007
0.93166544882929414050921
0.93167003480938748172235
0.93166794195118918242571
0.93167250215269548085928
0.93167555035168569954607
0.93168944662275321455525
0.93170855843768063397903
0.93171461157811397146844
0.93171715334021121268648
0.93171072232039053861996
0.93169170252683730648613
0.93167768179754950619298
0.93167475425841972391794
0.93167244208379340619786
0.93167049370609900105222
0.93167496413335848526316
0.93167299248780843790030
0.93167708472672561281769
0.93167986822659987211637
0.93169399120532858660226
0.93171291804689104765203
0.93171970655543978612201
0.93172219560417213202186
0.93171502294113628384054
0.93169624583871601952723
0.93168214258603632149658
0.93167954093543481342010
0.93167748934273508787385
0.93167537642581654822038
0.93167995555813998276307
0.93167767201211448835352
0.93168206305168177472353
0.93168451867871471261395
0.93169854623944969862492
0.93171702113127963240657
0.93172452654420045980999
0.93172667495850480801067
0.93171896825824451759956
0.93170084864937507962424
0.93168691650339963139515
0.93168447283516364620937
0.93168231606992035764847
0.93167997955342585214566
0.93168458983186130950571
0.93168235525358966686582
0.93168674962868303079944
0.93168924891766558005202
0.93170318786136285815758
0.93172086993109659580625
0.93172872324455591197534
0.93173079181045581620424
0.93172280955128516932717
0.93170546474268800540841
0.93169145236809391974475
0.93168896254558875025253
0.93168689739626364687552
0.93168478784341401954805
0.93168928159665409527435
0.93168722446210139320755
0.93169117327716888254940
0.93169357862319046592603
0.93170768650742208372151
0.93172480456836270779064
0.93173299921501251397160
0.93173531188260816371383
0.93172686578007213320518
0.93170988795055142972501
0.93169575273948002092084
0.93169347263005364290223
0.93169168664341839303233
0.93168951319965487289920
0.93169403529495398164073
0.93169162841306174538403
0.93169587302627221436779
0.93169806653233089299704
0.93171216314230598243284
0.93172893479516427639453
0.93173773316294761226430
0.93174015999925163811213
0.93173102165411281205820
0.93171456585797252092362
0.93170054331093943300601
0.93169830041644252638378
0.93169627987238645694390
0.93170070702532359341319
0.93169851258035318863904
0.93170305588050017497892
0.93171702723425731118567
0.93173312834904309376327
0.93174251421346565571469
0.93174476374868853145728
0.93173516786940580036713
0.93171945176164372437455
0.93170547040442630581936
0.93170304223157185408155
0.93170083533794745278556
0.93170534003132599032426
0.93170336364648442817327
0.93170774380042487017306
0.93172170474802629147604
0.93173712798681052049687
0.93174689898154194889202
0.93174896411465268908358
0.93173888212906175176897
0.93172376190050298916390
0.93170989134270987275244
0.93170774779102716323109
0.93170604689307934265230
0.93171025583097077937822
0.93170870422346707684369
0.93171208184988951739314
0.93172571309659624194666
0.93174049867109964839784
0.93175099426960594772851
0.93175306728786821963695
0.93174213172920039571778
0.93172768758290369639496
0.93171439579783621454112
0.93171280937887523965202
0.93171116859603320126126
0.93171522657203786899061
0.93171331028829829090654
0.93171684192581294414737
0.93172989831528940651850
0.93174394190309628438484
0.93175540559914027394228
0.93175737284951032357583
0.93174599161845927941528
0.93173231939780853938515
0.93171930695298210700628
0.93171749751646493198365
0.93171528560947347585852
0.93171970400896142461278
0.93171739388494267952723
0.93172169476736010906848
0.93173481859480200562018
0.93174824837471392768862
0.93175956192268094557818
0.93176181290778969934507
0.93175051799238384209190
0.93173714736719059903436
0.93172395237464822326245
0.93172200093271806409234
0.93171989640841013091688
0.93172457457934254598797
0.93172282321980415265017
0.93172620656318461129786
0.93173928831703056729907
0.93175258875581468132054
0.93176397998571580671978
0.93176590491593047627106
0.93175438045168035294807
0.93174126821022573707864
0.93172854383195680139096
0.93172738982867409074373
0.93172594847826140096458
0.93173027133085384310363
0.93172885913390379730714
0.93173101143085645947650
0.93174329040888859143621
0.93175604878028972510862
0.93176764906924425257984
0.93176935973014707315087
0.93175781853319550318560
0.93174545559146870754574
0.93173352519965180196237
0.93173290059969959830966
0.93173134165558979535859
0.93173511241153084139199
0.93173338928225246657888
0.93173592433482721464344
0.93174779672296981214430
0.93175991185768147762047
0.93177133270755030380883
0.93177368434585250422941
0.93176232108205570003889
0.93175014628644159397908
0.93173800275887841415567
0.93173702966247351486828
0.93173531118845431819864
0.93173891962957222645514
0.93173749277691519932176
0.93173994087454159451767
0.93175234412653751281397
0.93176483349513883336357
0.93177630494490037982303
0.93178172186672414412101
0.93178484614554402121200
0.93177886341241000778268
0.93176712615898649172408
0.93175439253204961342902
0.93174191019370622424134
0.93174117373507525652343
0.93174007571150052608999
0.93174385349362764952019
0.93174298777295361251305
0.93174418393963487350362
0.93175635467644402076814
0.93176910710475979726652
0.93178104849582010782427
0.93178754098416283202511
0.93178975239117167728153
0.93178273355340368588884
0.93177085426576555793332
0.93175845793456235632846
0.93174680139149623769868
0.93174675119005223589141
0.93174586314537544140535
0.93174944754434008142852
0.93174837627506568171754
0.93174954345553107071254
0.93176087105743887750720
0.93177275291798267176091
0.93178417836016758091233
0.93179154862308888329636
0.93179330241230429177079
0.93178577284337149588822
0.93177499557583720601883
0.93176347500875444929136
0.93175206465718207748949
0.93175164538134069847075
0.93175050438446960221484
0.93175338916059324834151
0.93175244709288773670153
0.93175419317295338217377
0.93176605431291270598138
0.93177760841655199453015
0.93178791456890441846639
0.93179547430653664186195
0.93179825540345895262817
0.93179060425907056508521
0.93178036028494726217275
0.93176834925572571410868
0.93175600499631405781997
0.93175507128468348927441
0.93175454498958720783719
0.93175710788772236892186
0.93175693256518599127958
0.93175786377184044440014
0.93177044919086393637286
0.93178295775484043517167
0.93179343964002248057454
0.93180135673941688612132
0.93180422312053545752519
0.93179589513697191893726
0.93178513096191628584108
0.93177251392921589534524
0.93176019193000636509083
0.93175969208607412053169
0.93175951973415693796454
0.93176257599591894020818
0.93176199140171189760906
0.93176304748391858279177
0.93177487547524917577135
0.93178694969628195199363
0.93179757159963905177591
0.93180633297083548249873
0.93180748587353268153066
0.93179852859109790763625
0.93178863628204433577906
0.93177749705078172226536
0.93176611762164796015639
0.93176522466022604351821
0.93176877195656704344628
0.93176727744872600567305
0.93178013237555579184601
0.93179045433154805699871
0.93179922953310512223624
0.93180805699119262364150
0.93180874163252791486656
0.93180024323003851627334
0.93179237619745480802891
0.93178246160787026042271
0.93177072115092030024641
0.93176873847482255541763
0.93177217306789394957178
0.93177001627579780773658
0.93178425119776731033738
0.93179432757741820214648
0.93180183613902656247774
0.93181024712923066211090
0.93181274769048871853272
0.93180392864843986089340
0.93179611972621356752455
0.93178580445814040977837
0.93177369826518263717929
0.93177162222895726362282
0.93177590537249532776087
0.93177375168250309300788
0.93178763040384793292503
0.93179780993476568617950
0.93180614242203374519846
0.93181592387150580236721
0.93181908817829706137559
0.93180812767771903359915
0.93179960325016319977465
0.93179006344308157316902
0.93177881063005718598191
0.93177631847437936141176
0.93178182918653973398904
0.93177904775772801837519
0.93179283904846932351518
0.93180150654080762251397
0.93180972878877765808170
0.93182168907132678636884
0.93182362123101425410709
0.93181098490376901288812
0.93180315562758730951742
0.93179508335880145697416
0.93178431069388489849104
0.93178194976725681186736
0.93178612424594253749177
0.93178478965871791572795
0.93179609714156930166951
0.93180392718082760694642
0.93181193797178718529750
0.93182523965988572900443
0.93182682484251089238825
0.93181254152658665734776
0.93180359095708653605072
0.93179618100626437904310
0.93178773124719116438541
0.93178570633114821131215
0.93178884630470559802262
0.93179678650155439711966
0.93180303316262980128926
0.93181300679273559861571
0.93182885400247428275833
0.93183110859394391312094
0.93181412437735666731697
0.93180418285548172185884
0.93179880910911339064739
0.93178511287574561361424
0.93179880930378311543194
0.93180809364392302995839
0.93181733721627313382641
0.93183351395947056072799
0.93183667299653272220183
0.93182323221546736746745
0.93181121113340159567429
0.93180009830397070302865
0.93182810536562421521722
0.93184117193524662603465
0.93184439167709953721896
0.93181869240506076668140
0.93176569784258944650901
0.93183389356762325039796
0.93179141195697612332083
0.93177754127939937944802
0.93165878045689909381366
0.93154204866873580037634
0.93159684068687442781709
0.93165176481886102788366
0.93168434340760775125290
0.93168352608228455213890
0.93168742847653462924029
0.93170975170907022189226
0.93168978528598633825908
0.93171229934501031966221
0.93169158307703003885081
0.93171416354492098133022
0.93169567680075549009899
0.93172322948046926160970
0.93171728613127569040842
0.93171023878339997992271
0.93169395495223894521075
0.93170962011899227661615
0.93169626118567483441524
0.93171595088747882762448
0.93172786261464379808928
0.93172810319321730521125
0.93173003002999721378075
0.93173623212219036648918
0.93172820069003847720523
0.93171695035116486316440
0.93171091120705662458334
0.93169774597791898962384
0.93171320338517937820200
0.93172061899366953596768
0.93173070251756817672373
0.93173866569479446564372
0.93174308806162142726492
0.93175463111219625211845
0.93174750169729347870629
0.93174174107947915768335
0.93173525856387051646834
0.93172522123862411280726
0.93171603327405638772518
0.93172948321497217616383
0.93171925069292427235013
0.93173983016827055525511
0.93174566893796328947985
0.93175041718583673233667
0.93176014562302755805945
0.93176263720206176088823
0.93175331244271242248089
0.93174902007846260865165
0.93174322632205952565698
0.93173311911245737526599
0.93172270762141140565404
0.93173627996245711457846
0.93172593238468282006437
0.93174554652272467691887
0.93175117226728998431895
0.93175581755159819774548
0.93176455638507837964113
0.93176667909606314399440
0.93175772841697279691431
0.93175262658323743103495
0.93174753160672807439369
0.93173914415969572022647
0.93172847204243636198839
0.93174170105012166231973
0.93173023645330821373989
0.93174976834232581257567
0.93175435305549092479538
0.93175952647504278747448
0.93176886530808999964393
0.93177121062316137223291
0.93176189033773448855413
0.93175680376883573963198
0.93175229150410809886296
0.93174400607586882472333
0.93173171296450252309995
0.93174617325367692366456
0.93173362866820053085348
0.93175481864557774258628
0.93175978037164108869206
0.93176505480257154623303
0.93177397065880451787478
0.93177721458646278751559
0.93176859587560956210694
0.93176270472630440266926
0.93175709908768689082592
0.93174858521352732498855
0.93173648860322011433510
0.93175143354897793646074
0.93174022028471359391233
0.93175926426288802062459
0.93176516427620781346519
0.93177189569913965172532
0.93178059922984213248043
0.93178368616838036508909
0.93177454081546351449816
0.93176720829854042804641
0.93176149013361697637237
0.93175470108920099843175
0.93174417399187814403660
0.93175790464322638673167
0.93174759655497074728459
0.93176396531690619529087
0.93176917900336175826226
0.93177669003570862127361
0.93178621922433735313973
0.93178995607246273280566
0.93179260881034153829461
0.93178830639370546773392
0.93177881933234207867400
0.93177145877045608468592
0.93176651687650369204619
0.93176066992451167525502
0.93175011417778730304917
0.93176269040401482612879
0.93175181596762524094402
0.93176890438617010481437
0.93177407467559980602800
0.93178131402666963811754
0.93179040131940216173945
0.93179512642183814907781
0.93179780754969909750685
0.93179281314274853276203
0.93178424787779701166102
0.93177678705196953501400
0.93177092818926965378523
0.93176423824814658125604
0.93175325381357076981459
0.93176572677801328126179
0.93175500614081518957477
0.93177269657225914034626
0.93177930272969489156054
0.93178730033498224916144
0.93179558586329469527243
0.93180076544366408075604
0.93180392071980100432427
0.93179841521839046336595
0.93179011545863921206490
0.93178150805649040400169
0.93177447630426180058549
0.93176762569399773639134
0.93175736072275350263538
0.93177005960304160048224
0.93176014889091030024559
0.93177650309353732271944
0.93178361754156269203264
0.93179255211846201412129
0.93180100236859397799805
0.93180698408212547789731
0.93180971837066972618402
0.93180317935996337386229
0.93179473128552292582327
0.93178581896507417514641
0.93177892965616027076692
0.93177277212163700514935
0.93176297596487633878581
0.93177541752275094832925
0.93176549541568221002308
0.93178156783247323424746
0.93178832076873585599230
0.93179697043529696731667
0.93180513539320652949272
0.93181219448120966575289
0.93181463095673022767329
0.93180715497301136451824
0.93179945170354006034330
0.93179101513614437379829
0.93178410734580352503542
0.93177769496228390888604
0.93176765640858016936932
0.93177965930415773687656
0.93176955302352770793561
0.93178637635042305120692
0.93179367708666094305414
0.93180217665649012204199
0.93180948389352324934265
0.93181724809861632419228
0.93182013983402312007343
0.93181203539405743629942
0.93180486957118591195837
0.93179610822311453866007
0.93178839060982299180580
0.93178153124682394636835
0.93177146200072491488697
0.93178354379089078918241
0.93177351232839100703131
0.93179038826091453717737
0.93179831954793890247402
0.93180732094525509090488
0.93181454544636932446622
0.93182318968080857235492
0.93182608364905961106928
0.93181679069320044739300
0.93180945668638170964471
0.93180047091415829640937
0.93179261509948130282055
0.93178584657592355977584
0.93177571146301951809932
0.93178834044423064497664
0.93177795167593169267661
0.93179507980815667878005
0.93180274669988383262620
0.93181149674366992030627
0.93181871257140969078137
0.93182872237808611615151
0.93183110526858681232909
0.93182048998243982573797
0.93181364344148842615567
0.93180528164452214312519
0.93179766080985182430396
0.93179076344556710509437
0.93178006706712512841051
0.93179297028952323689310
0.93180015099644653009392
0.93180792486011565500803
0.93181604316876409654924
0.93182246628284048917124
0.93183347651984838044825
0.93183608157769559632300
0.93182474799000403198335
0.93181861543926902680113
0.93181049450514163989823
0.93180237260996801040847
0.93179494723666012045982
0.93180434556439484250490
0.93179682542711828041604
0.93181275977070487925857
0.93182115739905968521128
0.93182732949644597741923
0.93183908233923817832078
0.93184238057599999560665
0.93182989684386519080306
0.93182344323041921274609
0.93181477278593904944870
0.93180618669838666257021
0.93179877944090272468003
0.93180812892324094143248
0.93180085422614689072418
0.93181666587436440263303
0.93182541863477263976989
0.93183222026295897677528
0.93184565011406461643162
0.93184832734286582311967
0.93183416491432213835111
0.93182720596839940796485
0.93181863639554252110031
0.93181029885176225313614
0.93180307394406758358940
0.93181259266283733566638
0.93180538269238433191077
0.93182083887653432974219
0.93182906116868779999862
0.93183590678368610760174
0.93185035241344016387899
0.93185212870533695728170
0.93183766928945277463470
0.93183112408354218381135
0.93182315986162789211988
0.93181497182708750148805
0.93180768055146434569735
0.93181729670694957157195
0.93180996804427085322686
0.93182558392077285969179
0.93183341871423963631571
0.93183972484318444706730
0.93185396019503374809290
0.93185607627560707033609
0.93184209502371129207887
0.93183585554196679545669
0.93182798117980292218476
0.93181955315664155570232
0.93181219467963249947218
0.93182178292195183555435
0.93181440931296932728145
0.93183030302300140501615
0.93183827586598066972101
0.93184465250080050768844
0.93185852877499886215418
0.93186116312147937446042
0.93184721807395998194323
0.93184064085594286996894
0.93183259392836892409662
0.93182402591446844564160
0.93181657025029296370633
0.93182623673172970679701
0.93181864455724783269375
0.93183489011424003312101
0.93184293117525029970238
0.93184966203988106592249
0.93186378068064057433872
0.93186620183533852568303
0.93185199549138653107860
0.93184517271322298004321
0.93183715915175391319991
0.93182837680839225580343
0.93182066773320615382659
0.93183045907965678100737
0.93182267886419500868556
0.93183939032780893629848
0.93184744645288519748760
0.93185424820758511188501
0.93186845887636615692884
0.93187378674908138975752
0.93187644853723783366917
0.93187065325243390034871
0.93185653402379708953873
0.93184964533577951950605
0.93184154426850640540181
0.93183250554079843919197
0.93182480526520228281129
0.93183461314171511791216
0.93182703232055974496006
0.93184362144164745167529
0.93185182410541578246210
0.93185884887160563838648
0.93187293475214938442974
0.93187915108027763455567
0.93188194236640198298005
0.93187530689470077227554
0.93186115949907699640420
0.93185396508900408818477
0.93184575123843649269162
0.93183675361360629452179
0.93182931187546391704757
0.93183900989173240603236
0.93183153717940248039753
0.93184796299827976628904
0.93185615346711125894785
0.93186348637696392316343
0.93187770612048614893297
0.93188473101772861806324
0.93188745288548979761600
0.93188001849145274402275
0.93186577992965924366331
0.93185842146712227762606
0.93185029644887273914122
0.93184126659280086535375
0.93183364764030252036520
0.93184345640342514105470
0.93183566503885750798020
0.93185268919087038685944
0.93186078446219222648494
0.93186811692885751501336
0.93188222843233581293987
0.93189000242267006068886
0.93189234853615099396507
0.93188438601264855787321
0.93187045895010500728972
0.93186317140563812433385
0.93185497139662742949184
0.93184553663141111989887
0.93183768723451043669570
0.93184753071231862797674
0.93183977452075505976126
0.93185712235684181603546
0.93186548881904041063962
0.93187282470566557002201
0.93188649088921782226436
0.93189457366783257086240
0.93189680115877826516169
0.93188863769554763916148
0.93187512567983799005589
0.93186766612974702983507
0.93185920606567995694292
0.93184956006714525500456
0.93184191938824045831069
0.93185165906053035733692
0.93184406580899659111594
0.93186128027348458235934
0.93186975901428048540964
0.93187736888228089870978
0.93189084514931086467016
0.93189915007851598094391
0.93190157315951138716770
0.93189311746538328051770
0.93187959546864207460715
0.93187190250623375131767
0.93186344382222918714120
0.93185377273716318846652
0.93184605736472847503649
0.93185582893712903818084
0.93184787084677422885903
0.93186570947126978747832
0.93187417992455801041274
0.93188188864667298449973
0.93189539017149347621682
0.93190407559320920238832
0.93190655512878406430133
0.93189767978045290330869
0.93188430602704130922831
0.93187660973259811569847
0.93186800219605914197274
0.93185778385205741969344
0.93187027002895828076134
0.93185972236548952896129
0.93187906715629076348506
0.93188678101666277964199
0.93189999375803389547457
0.93190894189397233127181
0.93191119514804987566947
0.93190224082455619392107
0.93188922130398033072396
0.93188142317750866094883
0.93187246187485461845768
0.93186174403320232162429
0.93187461788032655007896
0.93186396959584161248102
0.93188363530738638207396
0.93189148681548017449927
0.93190440402461649505028
0.93191330034806296733763
0.93191531085498036102166
0.93190635436207092112681
0.93189355441322607731536
0.93188571430343014601050
0.93187688779654953563636
0.93186635062971046039593
0.93187925232716184442694
0.93186870433931046076026
0.93188782546602533241042
0.93189550871446413804478
0.93190817329162745075166
0.93191726225664239802171
0.93191923555634958997729
0.93191000826736669626627
0.93189748951397577414468
0.93189005375981870393787
0.93188165753465068696926
0.93187085969054139766854
0.93188392513628226510036
0.93187268845183979237845
0.93189241402462086316660
0.93189971092201584479398
0.93191202100753323112059
0.93192139843699073331607
0.93192350973629511923235
0.93191426513587105606717
0.93190213686949963101114
0.93189478809053327701406
0.93188605036386240598745
0.93187435187762168720127
0.93188810933520183077405
0.93187614857074985152963
0.93189707419404199661983
0.93190463407153178998499
0.93191671436225353986060
0.93192583882021651220384
0.93192823349309239500116
0.93191917489256970164035
0.93190696414744444986411
0.93189922262834634647533
0.93189025126266167298184
0.93187833637805794761988
0.93189266674821880087620
0.93188094274298338692830
0.93190136476710327961825
0.93190911039684720673648
0.93192143811343652881618
0.93193053122947211441840
0.93193258671687861927069
0.93192340751070812387979
0.93191109200545863000542
0.93190358713217225083980
0.93189532685927056743225
0.93188374859264089256072
0.93189805461983155066008
0.93188634221632404841529
0.93190593264422771913047
0.93191311241808705290168
0.93192525047372931634726
0.93193445335041569244083
0.93193629515706677413078
0.93192719541808777261593
0.93191527627770542885344
0.93190831215752034655253
0.93190052067689466142042
0.93188850597217298687980
0.93190256522428094321242
0.93189023001904147669450
0.93191057390029741203108
0.93191761760796043567723
0.93192946133885234960559
0.93193838789554861445907
0.93194085587749475596553
0.93193203339564290033081
0.93191996879569982681346
0.93191251545344455653463
0.93190431690915609408421
0.93189182676416970618760
0.93190604227911399970452
0.93189368591130605778972
0.93191430671694952536654
0.93192216520583071037720
0.93193470450254534132029
0.93194358318763859116984
0.93194561744687987037139
0.93194849702838489236001
0.93194625811526943248708
0.93193715244842556533200
0.93192420566254630109881
0.93191612158319447889454
0.93190812505929010445271
0.93189594780615525593248
0.93191062756033293812408
0.93189853551276513599078
0.93191823791786332353837
0.93192616299284403158509
0.93193928560107808234392
0.93194854998137288681903
0.93195095063183774897198
0.93195291804777447008945
0.93195034012755173513654
0.93194118053035623905345
0.93192826687680674346836
0.93192069336024352388392
0.93191334609945053468749
0.93190108340596677916068
0.93191586389613267904508
0.93190327106707393500784
0.93192327080921588677853
0.93193067315203359513021
0.93194322189046674420609
0.93195187883313046484091
0.93195447422052801744741
0.93195600304578496420049
0.93195357454289096121869
0.93194559705166624130612
0.93193326719763636134530
0.93192562273482348889075
0.93191788085704085897731
0.93190507675245870533587
0.93191943570917812333931
0.93190669573286466498274
0.93192757103581946864779
0.93193583665809143212755
0.93194834258528169712577
0.93195581272103955594588
0.93195796394453711553041
0.93196054006915518552745
0.93195860038266997715795
0.93195122612593195299269
0.93193812548562993125500
0.93192920053279160175208
0.93192092337644238941863
0.93190846621375378333596
0.93192276591859235512771
0.93191052679948782611064
0.93193087799362761547428
0.93194021755993117217542
0.93195394460869285246929
0.93196152004309196215104
0.93196345104528022229573
0.93196614415488021609946
0.93196406396623998613649
0.93195623138297734033841
0.93194227192803813508704
0.93193301876014056350783
0.93192515519459151462911
0.93191279090743706081668
0.93192783808283041757647
0.93191494044125966489389
0.93193567589147474627964
0.93194461543601558872751
0.93195816102945483461184
0.93196582795024274226137
0.93196810449082390093167
0.93196912054689873272650
0.93196687371097330920833
0.93195995882577176150363
0.93194722528386819693225
0.93193854500325556955431
0.93193027801984495983589
0.93194099976532740470248
0.93193212036423145328001
0.93194985082605874548989
0.93196188186327355573724
0.93196764909800433596132
0.93196956783613904562458
0.93197015334719901513694
0.93196874003350504978016
0.93196389822509595468603
0.93195216345477360775362
0.93194274509887620183690
0.93193337162986211730242
0.93194398430464642224536
0.93193443467750491926438
0.93195392924710862558868
0.93196594057486892292985
0.93197041099435784516913
0.93197158327974616298661
0.93197402945171936572422
0.93197258273139160777987
0.93196782491536289683154
0.93195546422912156625529
0.93194529298751327406336
0.93193581689795845779400
0.93194728314205088626210
0.93193772003466834874530
0.93195727150707796671014
0.93196960358194569362666
0.93197486631418180458297
0.93197716547070352799409
0.93198031179416818137184
0.93197691977323970924374
0.93197147484608877654466
0.93195968158863884411858
0.93194997075784657969422
0.93194006036230614409277
0.93195276556858197558597
0.93194255800300151992843
0.93196242993771050144858
0.93197344903705581220521
0.93197858914146392006472
0.93198291880663686193031
0.93198487409318808705194
0.93197991942641744689269
0.93197516876538633034954
0.93196464681042801014854
0.93195501597346741551320
0.93194522286906855690347
0.93195659622402005073383
0.93194781929624082028596
0.93196563288920297729589
0.93197600863046670127687
0.93198094123408714573031
0.93198656264210943955817
0.93198840942064742343121
0.93198161031494763939520
0.93197573108808939856829
0.93196569040809629225208
0.93195797427106152888143
0.93194849155925274519774
0.93195885104128395326484
0.93196626415466288229084
0.93197522661098686214132
0.93198213640798932555498
0.93199070303780640056601
0.93199322907381254577075
0.93198331699579983755655
0.93197642415860060260968
0.93196824940420242011641
0.93195487409101696041347
0.93196821419944320119555
0.93198038494121138164417
0.93198659043422837910953
0.93199589729051846020980
0.93199931855887985232556
0.93199254126202069059559
0.93198354676490902104291
0.93197246576336223444770
0.93199746182305209796226
0.93200408008290558381503
0.93200756829880593290483
0.93198809450827857503441
0.93193513959872720242572
0.93199733360522096781153
0.93195349129684701416920
0.93194123240734916269190
0.93182092917161796208347
