0.78099738051215894518720
0.78105225269046407721163
0.78114579901043024179330
0.78116701988731995776050
0.78119169878477023871710
0.78117515244352608849709
0.78120800194244166547719
0.78120694823616187996151
0.78122380796911716771547
0.78121956287292404486067
0.78122045449709631714796
0.78118676867401315444539
0.78123502840171910044376
0.78123786582633969466372
0.78123531162360682067458
0.78123519905231930682277
0.78124816427252463668651
0.78125145543411766979602
0.78124894272040656950651
0.78125407341166219765682
0.78124779973330982230095
0.78126273221482533948290
0.78127008885843252095071
0.78126588538102503811444
0.78126136640950738510014
0.78126227129793912595801
0.78126606758650019024515
0.78127619268401704566429
0.78127584070039912678141
0.78127881820205902219101
0.78128355636252289073695
0.78128935053096193463773
0.78131203440159524564734
0.78130450863995681842766
0.78129706851000657596984
0.78129383411137998116658
0.78129091442284048785183
0.78129008537056698902035
0.78130578445009679633415
0.78130436885748955067044
0.78130923145295816389932
0.78131183105377921549461
0.78131778784808769700021
0.78132849779735602524511
0.78134166247252523351818
0.78133152788869963956131
0.78132665338281181988123
0.78132398616085840803436
0.78132062452101314065089
0.78131940650805697945458
0.78133553424053658886805
0.78133474837434591098173
0.78133816834975977627664
0.78134076131156893207930
0.78134543904587450136034
0.78135454663395287333572
0.78136795444288964507251
0.78135896067292431865781
0.78135425207133935021631
0.78135229551200313657944
0.78135047092866505291653
0.78134966780644921069410
0.78136506024507157430747
0.78136364223229737291376
0.78136666323500592046258
0.78136805529236419420869
0.78137223665565802566135
0.78138147018299397572605
0.78139506557680804554877
0.78138595722371773089066
0.78138233914028376592142
0.78138115833423538170166
0.78137918212619628111071
0.78137701412936466649484
0.78139271674349586316310
0.78139042196878050194897
0.78139532796328214914183
0.78139696864144192467450
0.78140028879927259097826
0.78140890168909704627254
0.78142320353208682970347
0.78141490576438943360671
0.78141129047649438010836
0.78140891323368055765286
0.78140635654291679124128
0.78140459568554709868238
0.78142038691858195509354
0.78141970990867559709869
0.78142249004581099125488
0.78142498474066723890274
0.78142923008839526577418
0.78143761198201289186471
0.78145186151747036973347
0.78144282445418089544376
0.78143830481644394048146
0.78143607488268673755272
0.78143515567009669275933
0.78143515969810617427527
0.78144999692968042381835
0.78145016415104218143739
0.78145023317822548403200
0.78145163013877849689237
0.78145597664861909947831
0.78146562025237964466129
0.78146972727865871011232
0.78148371324576926255645
0.78147891700849936302831
0.78146925878116557662167
0.78146551287992127576842
0.78146460190800082212803
0.78146466908148315422267
0.78146442476231803286879
0.78147842811229928372541
0.78147780453995330240957
0.78147888474938609348897
0.78147975768187349920879
0.78148298271282079507927
0.78149221756316544773568
0.78149754072723354170193
0.78151150026372184775880
0.78150588581675839439100
0.78149720261095934059625
0.78149407204151632999611
0.78149263551467429422814
0.78149170901216058471306
0.78149088447377346167144
0.78150470407543881634638
0.78150420861119629378777
0.78150599391411901262217
0.78150802450309775348813
0.78151141945467283989046
0.78151996956362690394116
0.78152566257257427562166
0.78154011789328525772191
0.78153404372030355062861
0.78152529699191253254043
0.78152147685916850683441
0.78151920431656385357400
0.78151812367800832515030
0.78151816110711758156526
0.78153211836397173950530
0.78153250643636651417978
0.78153259798953722548021
0.78153484693067443167536
0.78153880988868373869138
0.78154790710078247961690
0.78155455816273866620492
0.78156859115548704686205
0.78156129027956322552484
0.78155204323052540615890
0.78154823308629228773015
0.78154654096196096713101
0.78154637457243036902099
0.78154690843302443425955
0.78156072789288111302142
0.78156097525974754791633
0.78156079186127469515810
0.78156213277655406379552
0.78156549212198345166769
0.78157455267192965653322
0.78158245549644644878384
0.78159633124507421619853
0.78158795490186050436421
0.78157927896522827460046
0.78157638157884989915658
0.78157496062769338251996
0.78157467708500893976975
0.78157482708989145514522
0.78158837914695777904228
0.78158844631019452897647
0.78158898997893022642103
0.78159060684557679632434
0.78159348211512202908580
0.78160187965525818043488
0.78161042263346736103102
0.78162483954967532095992
0.78161604103384796360388
0.78160765881823290879282
0.78160455188311872554152
0.78160265410578211309200
0.78160205451741482374217
0.78160221277635710812604
0.78161575992789367184344
0.78161611899525773594632
0.78161627518203091735671
0.78161826913405874073248
0.78162151500981824625569
0.78163010246449804441227
0.78163943850721961936756
0.78165372482876682713737
0.78164381057347098735733
0.78163493054396693260344
0.78163187521234356314181
0.78163009679338657509362
0.78162978800503835064006
0.78163012018613875486750
0.78164399778315862832301
0.78164413253940534520581
0.78164410341983459051818
0.78164543996006830006706
0.78164827344566334410558
0.78165712961982192208410
0.78166774448733911118126
0.78168138665226793992957
0.78167022689816101355120
0.78166171702431108680997
0.78165936469569996525308
0.78165816997616133221527
0.78165793201733113626517
0.78165796275910526258457
0.78167170946862341018857
0.78167214768329218443910
0.78167341436199866411272
0.78167546349285466078527
0.78168368899318108056207
0.78169505264667238364495
0.78170903681039860533275
0.78169750738688281721522
0.78168955908786108555120
0.78168750593453217856421
0.78168588548651352088115
0.78168527198489756724342
0.78169949898371215990522
0.78169877619609573482506
0.78170128924474868714611
0.78170373428910544522097
0.78171185029354650630751
0.78172358771907402008594
0.78173853156707828748750
0.78172616293147367816374
0.78171764938563836899732
0.78171492076248516589487
0.78171292032692374363023
0.78171247293661316746238
0.78172658552289020494896
0.78172631164744910137188
0.78172838430349722571577
0.78173124411777006326218
0.78174026132494034424525
0.78175340823272276846723
0.78176772273678041269562
0.78175384557025984211265
0.78174453723963754914195
0.78174192744035919666601
0.78174055461005076406167
0.78174038634448883566819
0.78175446862122444091625
0.78175450527326340033341
0.78175581052863596376312
0.78175799636477527609912
0.78176720835809265786054
0.78178128459869944411054
0.78179454286540139840156
0.78178043377100248090272
0.78177158932460866225256
0.78176962853385068008549
0.78176855967004188485703
0.78176844591725380695379
0.78178250036588303739649
0.78178236004514145562894
0.78178367133903470254097
0.78178547360797145948652
0.78179405809149238315570
0.78180781347085881449743
0.78182150603448641312809
0.78180808647589006277201
0.78179960652682656263579
0.78179768938175242531941
0.78179634871597547540745
0.78179613298388284103879
0.78181022382483411625742
0.78180994729290043121495
0.78181162240050061651431
0.78181367136274315665645
0.78182239833673794482394
0.78183563805289169046375
0.78185004079291753331660
0.78183678461026751005392
0.78182780208088542561740
0.78182568605448932164137
0.78182422964647491081536
0.78182377971047578579800
0.78183825063402323518602
0.78183756986160612978409
0.78183979425904037707795
0.78184190848268098061880
0.78185106403494752935757
0.78186448984347001189832
0.78187875039614129768495
0.78186527378305237245826
0.78185594406988434545980
0.78185386186937411157061
0.78185219164244235123817
0.78185137216248901115279
0.78186613032280638524441
0.78186511276573156248304
0.78186798221544429043917
0.78187016812652021524599
0.78187931016744682821695
0.78189281323178216887015
0.78189708968743032446724
0.78191151229675670553121
0.78190676916805890162010
0.78189344252266790302741
0.78188412501144577415602
0.78188199224692567224082
0.78188002679563317620648
0.78187904447827272225169
0.78189405742923534514688
0.78189301985302017694579
0.78189586385153342362742
0.78189806404738415590572
0.78190755122453570180596
0.78192087377249352986297
0.78192599134835683027944
0.78194070296928253060997
0.78193510485099482210103
0.78192159545980888246675
0.78191196808155016828579
0.78190976341684048644964
0.78190790002662513558107
0.78190703084293977642716
0.78192202560773638175817
0.78192094185045202259232
0.78192369233514147364161
0.78192597548905262705432
0.78193582408548489848243
0.78194941343647916820458
0.78195544040393494267249
0.78197024499257794527551
0.78196364943932028523932
0.78194995542662293352976
0.78194002599028089584010
0.78193788435400168879141
0.78193608085960930598191
0.78193471482516085924175
0.78195020660296588044247
0.78194844233530125254816
0.78195229553956902002199
0.78195431031718887204818
0.78196424042944234766850
0.78197780054256427195725
0.78198501196427561144020
0.78199959292301246538415
0.78199210829408893896897
0.78197852298812897675617
0.78196862439270820033244
0.78196649363958403711194
0.78196429644148823800975
0.78196228301028070095668
0.78197823766026053338152
0.78197623741892452464697
0.78198053650537502345941
0.78198293222912906852429
0.78199294945646413701468
0.78200629898591056399226
0.78201414379719502711907
0.78202870818436576172417
0.78202057908867839142175
0.78200725988379715669652
0.78199704228300626063231
0.78199463199052721140703
0.78199223771210224498418
0.78199030410285119696567
0.78200638142940837038708
0.78200441374740359279372
0.78200863577421309003057
0.78201102139639477872635
0.78202151007657172421261
0.78203489604222731212957
0.78204351183944575964802
0.78205826663493904771229
0.78204931282033540718146
0.78203575480087528237760
0.78202506155195949943959
0.78202273868097249565068
0.78202049984734933740782
0.78201833708128021260819
0.78203460446358707969239
0.78203200834702046861935
0.78203692282076187058948
0.78203921510638230163437
0.78205006131934962088081
0.78206363898118846922358
0.78207333451254568146283
0.78208834731421417174602
0.78207813935846592912071
0.78206454207738262951466
0.78205364396585463904188
0.78205114144339582527010
0.78204852322614148985025
0.78206546488896966362603
0.78206246052579009298000
0.78206812365673550324630
0.78207910399950031354877
0.78209273896597097941452
0.78210334447570373228587
0.78211828860436960475511
0.78210722939360732830494
0.78209381325505467064119
0.78208260685874242401638
0.78207975370464011266591
0.78207658686221825927731
0.78209400158336028763273
0.78209104873869039753487
0.78209701227751482477402
0.78210842178572581584461
0.78212184853986377319757
0.78213313142025786550704
0.78214795864984720807911
0.78213616568732102773964
0.78212286932377772519231
0.78211134933032022686916
0.78210851241633072561399
0.78210576517092877946169
0.78212314535385185632066
0.78212041197958570570847
0.78212573857989120540424
0.78213723522553735278962
0.78215033965844493746289
0.78216266998853867242758
0.78217727018146587791847
0.78216454456409001405603
0.78215148000130729766255
0.78214022265526017552162
0.78213787775570653426627
0.78213488880779036271917
0.78215226074045285376002
0.78214888344512922824237
0.78215484270619939355385
0.78216605706427611011122
0.78217893308658925644039
0.78219221560761742484402
0.78220655112108905537838
0.78219346104813469722217
0.78218083579589514631181
0.78216943198467581144229
0.78216647900784352920311
0.78216261798894448631359
0.78218065584684703939189
0.78217652422577887971755
0.78218403540902592396833
0.78219566488266867310131
0.78220819319829693050394
0.78222119472583506727403
0.78223589861568221248689
0.78222293260527553382389
0.78221027271033893857322
0.78219836020836752688012
0.78219491372179661414776
0.78219087982111079604408
0.78220963113644703668115
0.78220580134545858452810
0.78221289932934023880762
0.78222484739573328038631
0.78223752053426487407251
0.78225056267165382628548
0.78226497202966527311219
0.78225181266114418576763
0.78223923972838016460685
0.78222755701880997136755
0.78222467865934086628243
0.78222109107975112962663
0.78223992800676389602899
0.78223621018498401546992
0.78224244453448177338828
0.78225378907205156409077
0.78226606540913512510826
0.78227930877792750674615
0.78229344276856926931885
0.78228037000537820055968
0.78226844781199467160349
0.78225741869019416174780
0.78225490148646181776115
0.78225090628106075385517
0.78226939756553959259833
0.78226505344275809594734
0.78227234790846267298292
0.78228334509048824685351
0.78229494901256424466141
0.78230785076330577876291
0.78232263668390078503734
0.78230982944067106732433
0.78229813762422961698206
0.78228664187014929076724
0.78228358739895020868005
0.78227905783702267328295
0.78229757459797499841159
0.78229331140144209300047
0.78230092911981374825814
0.78231258674460824042995
0.78232478186935228148258
0.78233772006266510956607
0.78234388706718127615147
0.78235966646708587912684
0.78235273628535773049464
0.78233939542456043536589
0.78232700089285966971175
0.78231508529863746925770
0.78231198050265660093316
0.78230793078097615733668
0.78232690508880819990623
0.78232296906485998544412
0.78232959550317071606429
0.78234128705316274832171
0.78235374468580587414834
0.78236741808406506937246
0.78237491551611026974200
0.78238999680815290993507
0.78238161276462292459399
0.78236780663416949366251
0.78235572721693324993453
0.78234465098758110279675
0.78234219698338058890386
0.78233801440774297653036
0.78235730516971646597568
0.78235276292052213786832
0.78235994042996093167375
0.78237068436508183655320
0.78238233663540845963524
0.78239571323257339763302
0.78240471627546115396257
0.78241938017407131056302
0.78240998887630386349201
0.78239720176005167484590
0.78238591035991711386544
0.78237496589529398338669
0.78237198051711553947740
0.78236717785992571094766
0.78238613022173209010646
0.78238139332124845282124
0.78238964499106133931861
0.78240108653969364649328
0.78241244931157283293288
0.78242486143634260020718
0.78243453022947728747738
0.78245036969932935111416
0.78244031348181231066974
0.78242769687403046496854
0.78241576833887560571412
0.78240382598285107551561
0.78240017528465966023532
0.78239581367734345462850
0.78241452182587911678979
0.78241054434180246079933
0.78241787665429263221029
0.78243015042416652615742
0.78244275048042766229628
0.78245576673911365617187
0.78246645528571989736122
0.78248219698543985956007
0.78247081549535801858752
0.78245720821794018107198
0.78244432639847238952768
0.78243245043668696592221
0.78242943388842811636152
0.78242542999682940241257
0.78244471110991165030413
0.78244010847655887097574
0.78244761966761700033857
0.78245903220236057151737
0.78247133707447058537099
0.78248496454972482627710
0.78249717429585341488263
0.78251126360895073563739
0.78249846930014743673354
0.78248543152223881680385
0.78247410019971663786009
0.78246322253292299730987
0.78245973096181131722915
0.78247839572867994295535
0.78247422083048479013456
0.78248929633768582458941
0.78249998212840410349855
0.78251193721154588267552
0.78252473680820844315065
0.78253842908048476534333
0.78252597679392199570003
0.78251469450846677933242
0.78250441981726348572579
0.78249288954778584148642
0.78248816078940186535817
0.78250685256425744906750
0.78250192947176533397879
0.78251880042772103962534
0.78252965153989428870318
0.78254046321189618673486
0.78255301445996294784635
0.78256827264601280802481
0.78255535136091125547608
0.78254415882176531216174
0.78253275945137779068261
0.78252065610302790066299
0.78251592610893583312759
0.78253493541620278151072
0.78253028679902458808471
0.78254670200577414185261
0.78255816409143352796463
0.78256995266257090015927
0.78258380835807306308283
0.78259883965967602659219
0.78258402242608027243875
0.78257197392254296275382
0.78256098782109873024382
0.78254980742496083045978
0.78254493397538005261538
0.78256462800473824970027
0.78255960041082861522455
0.78257562118388690475257
0.78258581526888792989638
0.78259750027514740633450
0.78261305443397133352335
0.78262672884572825893201
0.78261078924577653914696
0.78259973641046087777795
0.78258998748105479403847
0.78257912395241580050254
0.78257487950204474014271
0.78259360168006808500252
0.78259062785482436108708
0.78260360226809155825833
0.78261334062211607154325
0.78262423231044575544502
0.78264053441110514874879
0.78265446768686053324870
0.78263784386603973963759
0.78262628427694580501850
0.78261694664007019905938
0.78260852991406537615404
0.78260460005299570251935
0.78262331787664951576744
0.78263139397466907620782
0.78263943463093266217356
0.78265136682141800417156
0.78266875484294651243999
0.78268249616026330794938
0.78266492768997719675639
0.78265413115085291639872
0.78264696911252018551863
0.78263132027871007423414
0.78265824424327568031856
0.78267055846227329141129
0.78267960666357505594704
0.78269519967322009890154
0.78270794967321732915622
0.78269604555856397976044
0.78268401730359582479934
0.78267879218615410419346
0.78271058166785123511033
0.78272268133915701149306
0.78273784082354835867079
0.78270916880917074109902
0.78265806281114291831358
0.78273958936838672340031
0.78271387992615415463149
0.78268689447880801512980
0.78256413971195770695743
0.78112690906786608202594
0.78119132727314632980153
0.78127510953973977603226
0.78130590081379647227067
0.78132077225805451892171
0.78131727379963178403699
0.78134667461689222278665
0.78133578128290503972408
0.78136226184159174312782
0.78134815661139234155286
0.78136240987999527884966
0.78133116821606785062926
0.78137940464979771526544
0.78137964960460459806768
0.78137353801630660132815
0.78136355102173293829537
0.78138615902563146597970
0.78137956195659230562711
0.78139055680165481199140
0.78139842218769872683737
0.78139469584505960586540
0.78140641497295471040729
0.78141696120531733971148
0.78141019996101446221104
0.78140281329999539128295
0.78140003329147456057058
0.78139392837688037563026
0.78141371892266320298148
0.78141711886696751943049
0.78142308993350662049693
0.78143039565038474592029
0.78143317665522282755575
0.78145009602628734413088
0.78144848113303944092678
0.78144387396855630179004
0.78143806093068335361096
0.78143202175388948305113
0.78142736891007724686631
0.78144672113132873647601
0.78144140367945746916689
0.78145341129605805363667
0.78145860599389915801538
0.78146190458023323532899
0.78146648402849694381445
0.78147962091102807224985
0.78147578721712751548267
0.78147339056669984369563
0.78146811452029141253917
0.78146139510628886970522
0.78145619168414992561367
0.78147613985544062131794
0.78147128234229767951291
0.78148223911791836471252
0.78148745286100962381681
0.78148983938610194766028
0.78149267133251443251396
0.78150625015230257286447
0.78150350846562921525162
0.78150089723566096289176
0.78149630143540282922743
0.78149090638363505334496
0.78148594507766622196954
0.78150532499618208248648
0.78149965615202232616099
0.78151060260379023869604
0.78151465599370906200960
0.78151692984815779308150
0.78151992328460262449141
0.78153367031008580401163
0.78153079069761788311155
0.78152889126343960679577
0.78152503024701958089793
0.78151928132718151420733
0.78151276226424237769663
0.78153265084347123270447
0.78152590422738488218357
0.78153912537522285397529
0.78154346558876519601711
0.78154526092099574352545
0.78154765293518801971828
0.78156210749117349667614
0.78156001777785422124367
0.78155772795431110999687
0.78155262706165651298562
0.78154612135423140450996
0.78153980957536639539995
0.78155998157605877096898
0.78155464921773099007396
0.78156611993619284906032
0.78157136716043595914272
0.78157448022789333119675
0.78157665587197744372361
0.78159104286399350147718
0.78158821168475933749420
0.78158462972186948380937
0.78157961671514475376910
0.78157458149447989192993
0.78156982090100346471928
0.78158925723343519731401
0.78158454780892083757493
0.78159368317352773125606
0.78159789249232458629990
0.78160149346015816984590
0.78160493142393161480896
0.78160647521905801671238
0.78162031172936952128083
0.78161836070617851657261
0.78161490331181437962726
0.78161170990415185233502
0.78160795166140395462406
0.78160376191940483803222
0.78159852956770325960179
0.78161735019977296445859
0.78161162537325434840341
0.78162212816458920272567
0.78162589016726968793591
0.78162875725053393427544
0.78163178706578517740411
0.78163399369116737247509
0.78164780595030503018705
0.78164558057991651018881
0.78164310475087583895970
0.78164013945659926996257
0.78163576919967681089219
0.78163045976795608726917
0.78162441680423089263030
0.78164328802927418582414
0.78163745222901392928350
0.78164901722089963342910
0.78165402680861306716764
0.78165743992236313975042
0.78165977376530548781375
0.78166182549721130445874
0.78167615096718734424286
0.78167396330811189653076
0.78167143623656942796885
0.78166740741905815781365
0.78166210810047109802667
0.78165653981868721267290
0.78165111647990814791598
0.78167036320025662377020
0.78166517119734990615143
0.78167537491255001391721
0.78168070179534832053747
0.78168506681733340712981
0.78168793826598603757816
0.78169046976953149297174
0.78170438896399652151104
0.78170143189018792551082
0.78169841743697443536831
0.78169401841649077677943
0.78168918990946245628493
0.78168444567451711435524
0.78167927750470522774151
0.78169862760975972193478
0.78169304709602049907602
0.78170331063863074394504
0.78170784750616562064351
0.78171197682949822294063
0.78171478959722140444910
0.78171814769618608309543
0.78173193783883265783885
0.78172829503141050278003
0.78172586846441893815296
0.78172201782037786799151
0.78171734280881699508114
0.78171240738072367282285
0.78170660318362150675853
0.78172593617470476079490
0.78171992612023422086764
0.78173122771509429007608
0.78173616367901166412935
0.78174017334065548645583
0.78174231684162265310079
0.78174596314661692897374
0.78176032718688559519649
0.78175657873465898006771
0.78175445410631261289325
0.78175003567279166549753
0.78174474303611041214879
0.78173943377090227002668
0.78173339190139146115399
0.78175296311384712133474
0.78174699478016873577246
0.78175821266628542360877
0.78176367775487631828213
0.78176840666458213835455
0.78177072793694124541730
0.78177488845588627430772
0.78178915700592821469428
0.78178452590066838112648
0.78178191178555611617895
0.78177720527841965125759
0.78177188114785001182838
0.78176681757362675995182
0.78176069370517964340905
0.78178085054366330819420
0.78177440526762043138120
0.78178572496345988263045
0.78179068920182082091941
0.78179534045562948385566
0.78179793109649509119663
0.78180318177380447863811
0.78181684564848508145474
0.78181111902745481501142
0.78180886998645160446131
0.78180453348830536430825
0.78179962251349366386677
0.78179460426031688324855
0.78178793167499738281379
0.78180819952933544580986
0.78181343070890851887356
0.78181850529839302943458
0.78182270024613931269641
0.78182466110629345035221
0.78183055045294191920391
0.78184459399933226020352
0.78183856007728524950551
0.78183687240203414425821
0.78183251774778550480249
0.78182699713336845093181
0.78182158126728906744063
0.78184043235724698384104
0.78183490422566681576910
0.78184621696233369547713
0.78185111711690147284770
0.78185297916455542832637
0.78185922682010089435067
0.78187427382162344446925
0.78186737370858649942562
0.78186510099804329421147
0.78185976253709799088654
0.78185366954740564970905
0.78184841526719062176909
0.78186714720720440485735
0.78186206353947573788332
0.78187314379398176189540
0.78187876542331291584986
0.78188154977941137779851
0.78188926527812563360698
0.78190373349767960942103
0.78189520778271393020020
0.78189211800928137829914
0.78188660402773568769419
0.78188092816112941818574
0.78187594909043056645714
0.78189465177337214019104
0.78188987973106494067110
0.78190040230727753112205
0.78190562971097954392263
0.78190863897966778051085
0.78191747400865874162434
0.78193091277040938091858
0.78192194154556182716931
0.78191927320035070625437
0.78191412950619976207633
0.78190854324533098917982
0.78190362752321929118438
0.78192228032820343397447
0.78191734351234676303477
0.78192808646178757481238
0.78193320678360267450557
0.78193563645126740180302
0.78194436168444947377054
0.78195822875865383938532
0.78194972817495489447737
0.78194738398323926364952
0.78194201972692412017096
0.78193592557631907968840
0.78193091773335920979804
0.78194959587609846884959
0.78194453386445295084428
0.78195586363241564864524
0.78196148640768448068172
0.78196409798716293160226
0.78197253606067651521272
0.78198712015616833603815
0.78197854622260842827330
0.78197564874135239154640
0.78196983397366648382842
0.78196338972217227514250
0.78195816535889062226516
0.78197719443642432768371
0.78197174927827539647751
0.78198385113617874253578
0.78198978656971973588696
0.78199288073392969611319
0.78200174757583773565983
0.78201618338065470581455
0.78200714615340394253451
0.78200385309714404158399
0.78199782687652541479650
0.78199091830577582840078
0.78198534190121338216528
0.78200464040481343364064
0.78199887301994819299722
0.78201185455633370757766
0.78201809826720503071584
0.78202122972958831859103
0.78203041932065331387491
0.78203480936888880581392
0.78204945243737822302421
0.78204455228112801368212
0.78203540859718645439358
0.78203206955090609486803
0.78202576839259385632630
0.78201831606475447067339
0.78201259424608948744861
0.78203211906812064579952
0.78202635393294583909807
0.78203954145648646445466
0.78204602217020469101527
0.78204956230907551884002
0.78205883491877092872357
0.78206414829275772149231
0.78207906953532824179121
0.78207324073136608166834
0.78206365505646457947364
0.78205993818557584251749
0.78205334179464180976993
0.78204573303837821018902
0.78204014436758362283086
0.78205963073853035361083
0.78205383397009675672251
0.78206717463585273542037
0.78207395083854358563968
0.78207791879586618932763
0.78208771988986613976635
0.78209400416785468390657
0.78210900336189681514298
0.78210212937085588080777
0.78209208625342419018978
0.78208799940192885724599
0.78208126734249883149630
0.78207345574179187863706
0.78206738568194933414190
0.78208734459729600807520
0.78208088808912157308129
0.78209557380493333056393
0.78210227580216984399897
0.78210640582330981374071
0.78211645735896373476947
0.78212395284008373597118
0.78213869882531128485681
0.78213094061523558142568
0.78212072580525815457264
0.78211658366235259354227
0.78210966865277098403197
0.78210119434416336403615
0.78209449774821548917458
0.78211489605328898822023
0.78210821857238355114816
0.78212360965654781352896
0.78213088158199761679157
0.78213517906244844901664
0.78214530056560493953555
0.78215339747017442739718
0.78216809501360362588684
0.78215975299980289303647
0.78214951446691993730553
0.78214497230835189345299
0.78213760046083358190572
0.78212865798968445041339
0.78212205223874220472169
0.78214255789400466412076
0.78213592670387555028100
0.78215149322962640443535
0.78215892588808022534153
0.78216378761431015753658
0.78217424661506840255498
0.78218301776061505137250
0.78219786616684972013758
0.78218883874281319723565
0.78217805858214795033945
0.78217294277212245923181
0.78216548558833542958979
0.78215642756346914765686
0.78214960888149787088253
0.78217028278019917753028
0.78216303499790595932240
0.78217955985915066374758
0.78218706822517169996445
0.78219238544542513125180
0.78220333400414032709591
0.78221300378661495766863
0.78222806309999071139316
0.78221800262357243926914
0.78220688383972825086232
0.78220146014018787639088
0.78219366842846005383194
0.78218395477865743092849
0.78220787815213588256569
0.78219764186279250317568
0.78221589612103492594741
0.78222146253970514795384
0.78223277436926486050339
0.78224309046222106900359
0.78225804107718222013546
0.78224743713197597561049
0.78223619040119829470825
0.78223033289076493446146
0.78222204906383041578266
0.78221151258409704620789
0.78223618000542094463867
0.78222571787461503411976
0.78224468972241956166158
0.78225081477037239352512
0.78226222506288944913422
0.78227286238716819966044
0.78228764765248715029600
0.78227670527925463606067
0.78226527629424580378981
0.78225897224717066968935
0.78225057690877264349183
0.78224017859719419121234
0.78226509077618600063175
0.78225456892495492944306
0.78227329812770241002085
0.78227964988808706969792
0.78229104776496083406556
0.78230229673970108628112
0.78231681681937659256221
0.78230542096321209477594
0.78229390483909655440442
0.78228771376714112406603
0.78227969968328803229696
0.78226878516983644473726
0.78229395766372300524694
0.78228251633718803859097
0.78230226540936276258265
0.78230849556178294612607
0.78231997866031566246647
0.78233161842539433727950
0.78234607604754013987503
0.78233466918127325673282
0.78232328286173946629845
0.78231678226817735755105
0.78230805380062318210577
0.78229598868682626022775
0.78232210661358858594383
0.78230963343424186895447
0.78233130445677578901353
0.78233811450433599077314
0.78234956266224464638270
0.78236083820751445294661
0.78237566345861464522926
0.78236446238413948073287
0.78235272740389361079139
0.78234554207346340692908
0.78233623379884242865501
0.78232372532451011082344
0.78235081754499513628787
0.78233837876420408985467
0.78235999181768767218870
0.78236731025018979579500
0.78237921236680219028159
0.78239043768634941589113
0.78240495681162203212011
0.78239365446111563962006
0.78238170747427659978968
0.78237455802288513595499
0.78236573361770167522877
0.78235340166767253222702
0.78238085240124677355311
0.78236825627992001574995
0.78238934826866524119282
0.78239625851474026152488
0.78240805510224942231901
0.78241939623776390888565
0.78243363983530500593844
0.78242250838395310807982
0.78241091910588489444223
0.78240421516152969250157
0.78239568706549544874207
0.78238268669719257530915
0.78241004066138364336780
0.78239656436099724867717
0.78241903465529349936958
0.78242581925152621113995
0.78243723433781242615481
0.78244814754053992889027
0.78246302999411843082100
0.78245225386489258845302
0.78244061561950284389155
0.78243321942366528265467
0.78242408922564432582902
0.78241029815553830850661
0.78243793576369691233907
0.78242428356821613899541
0.78244738920475109811292
0.78245506578493162486154
0.78246734232524506325035
0.78247820148554569907873
0.78248151857403391851165
0.78249708869599299276842
0.78249331371927455247572
0.78248208928832985176172
0.78246947532674016034804
0.78246142158656939447070
0.78245219526029585743743
0.78243863609641506329240
0.78246696841962004587145
0.78245340485864156576667
0.78247580554689277754221
0.78248375937463066076560
0.78249656973776260393549
0.78250808309121344663595
0.78251213166830602130375
0.78252700510727979388292
0.78252236369274652538763
0.78251075928243185586552
0.78249820196813879569220
0.78249073094687737750519
0.78248210730846290417162
0.78246817810064717146901
0.78249706300815957682460
0.78248265619233992040904
0.78250588805758003463353
0.78251315523713471655753
0.78252541305504641488966
0.78253654047726406428609
0.78254152086187300785269
0.78255599477124537788342
0.78255089846679570797505
0.78254039342472470064394
0.78252837484993942318567
0.78252077713877499220985
0.78251158400318343577595
0.78249680320812986522583
0.78252557269381672888642
0.78251074955343369321525
0.78253531047590285663063
0.78254354475557219572579
0.78255575656055020861146
0.78256584928239014686824
0.78257096778200185838159
0.78258663661388472299052
0.78258138083527062356382
0.78257111877500551422315
0.78255822350652926022718
0.78254934366486128549667
0.78253945225893550841079
0.78252489757623722166358
0.78255363384722675945682
0.78253935612973668511927
0.78256324706157742721047
0.78257260121634464322682
0.78258627815256320836568
0.78259690214695043497528
0.78260256519055593216194
0.78261816552158935955674
0.78261202253118122840192
0.78260083520484435837261
0.78258677095409079349508
0.78257766814437146329908
0.78256838051507149334185
0.78255397276957527896712
0.78258348754393602941803
0.78256838278017615273541
0.78259267505237850581779
0.78260146440288047564593
0.78261506101353084385863
0.78262624260962898592453
0.78263302256864286654547
0.78264700322023617040657
0.78263981973342477971300
0.78262925239684100198190
0.78261652575790052743798
0.78260811301674015894037
0.78259833103818254862460
0.78262312205550144117439
0.78261264347417325293321
0.78263171731788327978308
0.78264389451695881572135
0.78265334838880218359947
0.78266037927074616487033
0.78267399542575888382601
0.78266745160460649000100
0.78265868917089675971255
0.78264683098318155174411
0.78263744757866915424671
0.78262640694955221132290
0.78265123430580940677714
0.78263999536329831308024
0.78266119620326590755610
0.78267372516982858243750
0.78268200295024792367826
0.78268852431876434483371
0.78270374300945189105505
0.78269695764871916043859
0.78268831182311970895427
0.78267514498809509504440
0.78266485776863692347405
0.78265380458796951490541
0.78267895607827142612223
0.78266797613550820322814
0.78268907750482041851825
0.78270239266845198500278
0.78271161831580338130721
0.78271924981703044910120
0.78273426885505348327143
0.78272574690857144030787
0.78271626852183040501387
0.78270335026935644595625
0.78269364585011647061918
0.78268243441468232646230
0.78270827849375468332482
0.78269690792071211493663
0.78271796761787193474902
0.78273016925914640218309
0.78273928458583841294427
0.78274848906622485067430
0.78276218015902943037077
0.78275263939441863669799
0.78274414885590837265283
0.78273231845848556531564
0.78272257980125747867106
0.78271199002859626059347
0.78273686051453261747213
0.78272753650559945270970
0.78274591825420625212928
0.78275780880221201840641
0.78276614497862118113858
0.78277603879807644560174
0.78279018622622431600178
0.78277981768092619319077
0.78277079932173876386514
0.78275924951110797955778
0.78275159504570612778451
0.78274130633968486137064
0.78276618086814553354458
0.78277367998470825938284
0.78278399115236640959381
0.78279339922201585100225
0.78280468847129358600512
0.78281864917642129952924
0.78280702174977678797774
0.78279872368933478554709
0.78278923417559576058977
0.78277397583111729684191
0.78280049013432351223685
0.78281518776913949775320
0.78282176175670603601731
0.78283156294601752289708
0.78284452086540834425676
0.78283825903728787576341
0.78282867724828397726355
0.78282347010161712486109
0.78285284790423781409174
0.78285945903650111521443
0.78287482855601364661879
0.78285148727560960324467
0.78280042784048631254734
0.78287677998735027973254
0.78284977719976800436541
0.78282427317094416263643
0.78270004595131947855435
