0.78099743668115506611827
0.78105219775279943750235
0.78114567564838777169456
0.78116687674265650187522
0.78119150541068838045078
0.78117501130981947810028
0.78120780687348956305982
0.78120672328336504541824
0.78122357859627455933804
0.78121931746898898296649
0.78122026164202673648163
0.78118663215641281905022
0.78123484799917164433936
0.78123764093684322507016
0.78123505993243547163019
0.78123493714331149195829
0.78124789950588124920472
0.78125118097153267715527
0.78124869923708006869134
0.78125386419866760245867
0.78124763941634145503201
0.78126258370241141726353
0.78126989245070932454951
0.78126565478857745716823
0.78126111105651308008646
0.78126199841229337916815
0.78126578412633784775920
0.78127591337056923048721
0.78127557527554514216206
0.78127856965162467695052
0.78128332936147781850877
0.78128915447413127548515
0.78131182834033419126740
0.78130427594390139400815
0.78129681727661692836051
0.78129356987183973259903
0.78129063887143779254529
0.78128979903173578769326
0.78130550011234578544617
0.78130407564363568706511
0.78130895557393709172089
0.78131156356332176482482
0.78131753168804940479220
0.78132825921053217221868
0.78134140742737112628191
0.78133126046113399176818
0.78132637761830925349216
0.78132370379290161377384
0.78132033472246320560117
0.78131910929267611720661
0.78133524394434472615245
0.78133445185748717776164
0.78133788449514895990689
0.78134048376150644354965
0.78134516865534731078213
0.78135428590009092797430
0.78136769185337429100002
0.78135869047977246637515
0.78135397548825313851495
0.78135201376372886983290
0.78135018431739433619754
0.78134937664371484355996
0.78136477906923640368575
0.78136335856991212533984
0.78136638460448482046417
0.78136777949937297194083
0.78137196523043883633619
0.78138120407147337864728
0.78139479210291629129870
0.78138568105670658248130
0.78138206198099868782236
0.78138088152930462726431
0.78137890573904311697362
0.78137673681833230698857
0.78139244199315405214890
0.78139014726506794694671
0.78139505060911496059362
0.78139668780855353613646
0.78140000595736458510743
0.78140861867685984520904
0.78142291225890336825444
0.78141461669167788794965
0.78141100559705867212301
0.78140863345876043766225
0.78140608010271872529984
0.78140431938564902658584
0.78142010660857252890565
0.78141942857728174942622
0.78142220708079190849560
0.78142469724985175183463
0.78142893801688273480721
0.78143731656794757078899
0.78145156682278582582768
0.78144253331397539596992
0.78143801715464333845773
0.78143578993269280363876
0.78143487109757647779418
0.78143487257530819256601
0.78144970938193381027048
0.78144987280077848890159
0.78144994739666440164427
0.78145134412457417649733
0.78145568887691929660377
0.78146533004182883175304
0.78146943641024502191783
0.78148342703927953234455
0.78147863151092245015406
0.78146897467271114745557
0.78146522860146472311271
0.78146431592438547752977
0.78146438013134766897849
0.78146413164630856851289
0.78147813836904433948405
0.78147751184021951864622
0.78147859778659256591027
0.78147947302363518495838
0.78148269959936711437365
0.78149193396821547974440
0.78149725642747291942669
0.78151121355231889520354
0.78150559960436027928665
0.78149691616811634009565
0.78149378404526725905299
0.78149234548193680094386
0.78149141764029561585403
0.78149059228590844750073
0.78150440947873156538606
0.78150391535054419822615
0.78150569870711228404048
0.78150772992551598150612
0.78151112587279958354713
0.78151967642031294758453
0.78152536926885451951108
0.78153981629614022175190
0.78153374203908032580301
0.78152499471324521351789
0.78152117414883015555915
0.78151890241728372288321
0.78151782385696433319566
0.78151786406716505783976
0.78153181242723945842954
0.78153220329414507805410
0.78153228941251928763023
0.78153453705889264213624
0.78153849990040180628625
0.78154759786189575976323
0.78155424948577834065588
0.78156827823066177263200
0.78156097663928536523059
0.78155172879105849759185
0.78154791856358141188821
0.78154622720297217686181
0.78154606248660118961169
0.78154659778518897894628
0.78156041062042835854129
0.78156065729930412899762
0.78156047516595950064300
0.78156181669466084915854
0.78156517652430212983461
0.78157423783540092010469
0.78158214144248450150343
0.78159601789265920057659
0.78158764082666110084574
0.78157896402705451244231
0.78157606532212642314050
0.78157464217927530292229
0.78157435597044755404283
0.78157450289183472147414
0.78158805446518742066075
0.78158811726607413383761
0.78158866940403748380106
0.78159028983371336973818
0.78159316735816208865373
0.78160156566960681256973
0.78161010910312322952365
0.78162452271616966736900
0.78161572428754377828142
0.78160734097985229418271
0.78160423128868650177736
0.78160232932029660712914
0.78160172544563488727931
0.78160187982063034084490
0.78161542478225909391654
0.78161578161954081700458
0.78161594332668804518960
0.78161794126283978823011
0.78162119008390862351376
0.78162977870009953118569
0.78163911492266058278489
0.78165339155806057291898
0.78164347636719555545426
0.78163459480707864202031
0.78163153687243114298155
0.78162975582120208795089
0.78162944545244439353837
0.78162977763957008914275
0.78164364740573022416470
0.78164378404174494896495
0.78164375260462282124507
0.78164509034792961639226
0.78164792577874031564988
0.78165678399567328771269
0.78166740043386229164213
0.78168103347252404500267
0.78166987134908505474584
0.78166135924958990432998
0.78165900580009728404463
0.78165781125350741742608
0.78165757524542833767356
0.78165760865859701400638
0.78167134855197917264746
0.78167178456513608519884
0.78167305019777832963968
0.78167509984095928654568
0.78168332711267540791056
0.78169469326280649479344
0.78170867430607426928901
0.78169714294967729273367
0.78168919405174164261041
0.78168714142359052576836
0.78168552208386654633898
0.78168491018682739746026
0.78169913815628078168629
0.78169841578714116536730
0.78170092731623697090981
0.78170337102443854249145
0.78171148631911169246678
0.78172322414345629670862
0.78173816715480803907212
0.78172580020318183091632
0.78171728871894130552533
0.78171456197960054179674
0.78171256239829745027237
0.78171211434206744339548
0.78172622805638347642798
0.78172595315732318344004
0.78172802632589077909131
0.78173088399665358050328
0.78173989822475453692618
0.78175304163692782566386
0.78176735165493616008803
0.78175347906153891397452
0.78174417417206132352447
0.78174156617721168860413
0.78174019361607571809714
0.78174002424849187153910
0.78175410008371781778180
0.78175413611983490813628
0.78175544187038803478629
0.78175762615006350042535
0.78176683537217916963868
0.78178090743353756408851
0.78179415908458094186528
0.78178005279872186950030
0.78177120973840275031108
0.78176924971577466116912
0.78176818090609934142066
0.78176806724729908104621
0.78178211137123132523641
0.78178197173887997717401
0.78178328217995252114036
0.78178508462410534196607
0.78179366911624259550706
0.78180742372239420134861
0.78182111181209068551112
0.78180769140979822218185
0.78179921008900232770600
0.78179729230597949651838
0.78179595158209636007740
0.78179573692916171090417
0.78180982247111086014257
0.78180954673419966738379
0.78181122115829704277701
0.78181327080349616309718
0.78182199928563744784071
0.78183524088662492701474
0.78184964160566250424012
0.78183638355293139099444
0.78182739991394112344381
0.78182528371214132789646
0.78182382744650535943975
0.78182337775950783154144
0.78183784908261233503879
0.78183716816084203315995
0.78183939242524091994824
0.78184150602012969510923
0.78185066164301042501705
0.78186408822612496472004
0.78187834521070465054748
0.78186486903026908290570
0.78185554051801708919101
0.78185345954395935041958
0.78185178973419655612531
0.78185096993358838002308
0.78186572501213613684001
0.78186470691020704126828
0.78186757669039463891636
0.78186976119381135230668
0.78187890135495430321555
0.78189240264843729022459
0.78189667925415407001566
0.78191109557940274843446
0.78190635252434859125970
0.78189302750890676829698
0.78188371173190784890750
0.78188158009263508674280
0.78187961439295994292564
0.78187863159773829391241
0.78189363493463226451041
0.78189259707462632764674
0.78189544210330630402694
0.78189764248307724869846
0.78190712918982940848878
0.78192045136859111842398
0.78192556921670186564910
0.78194027707900937151919
0.78193467779117564742108
0.78192116680355649993572
0.78191153773776056468137
0.78190933149042052274780
0.78190746683770373515188
0.78190659757910951910276
0.78192158298351321921160
0.78192049959800380420916
0.78192325171172849529455
0.78192553774392115073510
0.78193539012905755036797
0.78194898347713681641125
0.78195501276266921042435
0.78196981688271149923963
0.78196321767038612371437
0.78194951766563813855271
0.78193958342411207240730
0.78193743806703575049966
0.78193563255531828293243
0.78193426681257227617294
0.78194975619038276093420
0.78194799228559541681705
0.78195184678096418817717
0.78195386481725415173116
0.78196380023908496070817
0.78197736735298861709964
0.78198458329513220732565
0.78199916202757513428168
0.78199167268674152353469
0.78197808066204255172948
0.78196817753673752982024
0.78196604448460571568091
0.78196384638195359784163
0.78196183344482805832598
0.78197778825005015423955
0.78197578857546889974373
0.78198008696786114324340
0.78198248381792767602860
0.78199250421853583326026
0.78200585919263576606397
0.78201370818030480069893
0.78202826573116401842611
0.78202013321755181607386
0.78200681051164622203942
0.78199659117600672786352
0.78199418068935822034859
0.78199178685963066648412
0.78198985386662145380399
0.78200592633161580824463
0.78200395899970964741499
0.78200818039203778830881
0.78201056581164041237031
0.78202105519770281905068
0.78203444357718621127162
0.78204306192429973165758
0.78205781058894241475343
0.78204885464256490568147
0.78203529467900123606228
0.78202460032315124216495
0.78202227706747251545494
0.78202003786533813567416
0.78201787466813232896357
0.78203413461526083416686
0.78203153730733665494057
0.78203645449087488827900
0.78203874855668997767566
0.78204959719181121879927
0.78206317756251475525886
0.78207287501864120038420
0.78208788812891472108646
0.78207767769176705918710
0.78206407627344676214420
0.78205317383151928822826
0.78205066753328456030658
0.78204804638392388937973
0.78206498822644721080621
0.78206197973130608946946
0.78206765237859554584787
0.78207863867042548555730
0.78209227907826850412221
0.78210288814934714185512
0.78211783538396362214229
0.78210677218881841099574
0.78209334950886444381979
0.78208213614763122389917
0.78207927696819701246511
0.78207610523709403249626
0.78209352619708771836571
0.78209056865627724075551
0.78209654285282026453530
0.78210795925028053776629
0.78212139260531532425347
0.78213267964392851894218
0.78214750499263607785849
0.78213570819015498791771
0.78212240593971815716401
0.78211087991803274199754
0.78210803782544424667122
0.78210528644040455681363
0.78212266928846618796456
0.78211993198287343975750
0.78212526682103078456976
0.78213676823564393103538
0.78214987719692785628212
0.78216221046541356543003
0.78217680273996859074970
0.78216407460465742218503
0.78215100669350401396684
0.78213974568582711466291
0.78213739678292004686710
0.78213440385366272966650
0.78215177184503525964487
0.78214838957770815852655
0.78215435822301393464784
0.78216557638335160174137
0.78217845544426212178735
0.78219174048557349454569
0.78220607077286796737781
0.78219297746109606173093
0.78218034829911586847118
0.78216893965626266282953
0.78216598063920717009978
0.78216211328233586907999
0.78218014860580831193460
0.78217600903822426250400
0.78218353639847215674763
0.78219517291359408339702
0.78220770665246142083760
0.78222071275029259052047
0.78223541812547858764759
0.78222244567965115713548
0.78220977869733332443758
0.78219785724548152039404
0.78219440067242007597059
0.78219035743192399934287
0.78220911568687134796107
0.78220527654982285881147
0.78221239480778215202861
0.78222435276808466309006
0.78223703470447591978854
0.78225008497016101927102
0.78226449556173560662131
0.78225132691611476420945
0.78223874483273359015101
0.78222705231394951130852
0.78222416405338190958929
0.78222056829302299973961
0.78223941538771513126704
0.78223569171416273970721
0.78224193956776144620591
0.78225329230051543483171
0.78226557716373523732045
0.78227883008488485749865
0.78229295798529374650343
0.78227987604700754964426
0.78226794708156754953876
0.78225691237186623094857
0.78225439011467379213371
0.78225039164353349363523
0.78226888557741414143010
0.78226453983759181021185
0.78227183842713088335330
0.78228283860812874994650
0.78229444740432363403215
0.78230735797266293118923
0.78232213674245598689083
0.78230932115056261988428
0.78229762545565950659920
0.78228612831241273184446
0.78228307246060080348826
0.78227854156495846282837
0.78229705549171235645645
0.78229278997174234167034
0.78230041186733523250751
0.78231207116935019829640
0.78232427013932104298277
0.78233721698119318421760
0.78234338801934433238472
0.78235917029679857837010
0.78235223532862452344716
0.78233888515621041737091
0.78232648550637751139192
0.78231456631535223333884
0.78231145754798214753123
0.78230740322226910432590
0.78232638017937961016912
0.78232243688384484059384
0.78232907754812675005240
0.78234077523171752233111
0.78235324003961603800406
0.78236692366011106880563
0.78237442649946420392126
0.78238951665858835760048
0.78238112695977335420139
0.78236730920856822901754
0.78235522045647842848126
0.78234413565307026061646
0.78234167230177631413568
0.78233748048999540714021
0.78235678209259962301303
0.78235222985705565879044
0.78235942753267406768458
0.78237018173787575836542
0.78238184504913199646126
0.78239523402683452957262
0.78240424308347955584253
0.78241890874410524592264
0.78240951151567617039007
0.78239671163884649818243
0.78238540818464052950532
0.78237445324675536362236
0.78237145813934694249525
0.78236664662975818895774
0.78238560608269058782582
0.78238086217676616751504
0.78238912920336090017770
0.78240058069604678792075
0.78241195538727636993315
0.78242438009900738826730
0.78243405487923844976450
0.78244988698974471397207
0.78243982435152359400377
0.78242719535002691610970
0.78241525543963874600450
0.78240330407056135619825
0.78239964657401039893614
0.78239527912641604334709
0.78241398626434366381233
0.78241000277324035394599
0.78241734778270033423553
0.78242962997003773217841
0.78244224132671491567237
0.78245526991384983794831
0.78246596521751698993796
0.78248170318809928680537
0.78247031472168893095898
0.78245669500375114591151
0.78244380146779923812517
0.78243191612341600471581
0.78242889157779027531348
0.78242487930196180645481
0.78244416366225255643485
0.78243954854485642247397
0.78244708347684699401015
0.78245850780865700002664
0.78247082568810977232232
0.78248446539551930190015
0.78249668198567046140113
0.78251077680283764870239
0.78249797593301095854912
0.78248492649177958657702
0.78247358080485385212199
0.78246268817019992702910
0.78245918080340493006020
0.78247786379360628750135
0.78247366942358054231477
0.78248878255951670457335
0.78249948393648960376368
0.78251145038044656043752
0.78252425552409543563215
0.78253794886254002260983
0.78252549193953657713507
0.78251419880623263036767
0.78250390719063633859776
0.78249235693580132533498
0.78248760685966189942775
0.78250631235070156055400
0.78250136927183433499522
0.78251828060991479585340
0.78252914955084773573901
0.78253997264073127393402
0.78255252825195531496405
0.78256777404860178304347
0.78255484656916152186312
0.78254364142121113356865
0.78253222400424893301363
0.78252010122629422905760
0.78251535513967396262558
0.78253436297726830517263
0.78252970330943139032343
0.78254614593721305570995
0.78255762567921005601335
0.78256942859537526047120
0.78258329376325053150509
0.78259831028322446311307
0.78258348007065703377805
0.78257141609783975599868
0.78256041394351150142228
0.78254922093043643993582
0.78254434189111465869360
0.78256403892275849809579
0.78255901032034447251107
0.78257503993527588459500
0.78258524663172379653986
0.78259694600409412945652
0.78261251533938192004314
0.78262618499232849966774
0.78261023189785217102354
0.78259916931276463092360
0.78258941366542245088311
0.78257854759018141699300
0.78257430583168730020560
0.78259305205020024409635
0.78259008436615407067194
0.78260304871642838442369
0.78261278523182331579022
0.78262367823708167691166
0.78263998792647870850203
0.78265391751387880514557
0.78263729466508713539241
0.78262574394814388156760
0.78261641752263488847063
0.78260801185475126207081
0.78260409327699576031989
0.78262282562181173517502
0.78263088340551500987630
0.78263890469295493979018
0.78265081952658321906569
0.78266819867232229057663
0.78268193454182011237208
0.78266437863839100064212
0.78265360288161756052716
0.78264646401934301334080
0.78263083813608391725580
0.78265773394167381660225
0.78267002703995924850489
0.78267905666942050313395
0.78269463852404164150300
0.78270740001976835120701
0.78269550334448745321225
0.78268348809897780871125
0.78267828378606252304195
0.78271006141789489785054
0.78272215242640297283572
0.78273733111586518695901
0.78270868278659133654429
0.78265761352734697364752
0.78273908268879410776719
0.78271333753012739542498
0.78268637447931133088730
0.78256361260392204304281
0.78112696524620683913298
0.78119127232611806910256
0.78127498615723356412133
0.78130575764359910806434
0.78132057885212680137244
0.78131713264046198652579
0.78134647951331948068088
0.78133555629336326475709
0.78136203242825796877469
0.78134791116726098891831
0.78136221698984087424833
0.78133103167342077277624
0.78137922421410332951552
0.78137942467440035798631
0.78137328628073043912394
0.78136328906982543962556
0.78138589421221382735894
0.78137928744900830846376
0.78139031327420993555677
0.78139821293621614106684
0.78139453549815351962593
0.78140626643338761958546
0.78141676476062893463848
0.78140996932606865410520
0.78140255790090062948394
0.78139976035804081799796
0.78139364487043305729230
0.78141343956017550453907
0.78141685339425182021955
0.78142284133703576731733
0.78143016860685887703397
0.78143298056231147441508
0.78144988992862962629005
0.78144824839438209451714
0.78144362268812650462735
0.78143779664228285586347
0.78143174615275445837881
0.78142708252127046630875
0.78144643674208902339728
0.78144111041408415019305
0.78145313536609739557548
0.78145833845313006360556
0.78146164837296094862751
0.78146624539966946798586
0.78147936582085963941324
0.78147551974038376165765
0.78147311475030467597946
0.78146783210043624379182
0.78146110525576384375768
0.78145589441656249096724
0.78147584950694004568561
0.78147098577364437765880
0.78148195521087904236168
0.78148717525894972890654
0.78148956894566767861221
0.78149241055271645439717
0.78150598751653677087603
0.78150323822250655769750
0.78150062060063207880489
0.78149601963509340851743
0.78149061972088507133094
0.78148565386420254519351
0.78150504376997220745693
0.78149937244037281924847
0.78151032392199648590747
0.78151438014905239004548
0.78151665837256012459022
0.78151965712594839708061
0.78153339678780919808077
0.78153051447946197960448
0.78152861405228779556609
0.78152475339117433161817
0.78151900489035919239456
0.78151248490496483256607
0.78153237604376735170320
0.78152562947606418752855
0.78153884797006012430387
0.78154318470324068979238
0.78154497802667255434983
0.78154736987275796877839
0.78156181616626918540192
0.78155972865139156091630
0.78155744302141971768805
0.78155234723527100548779
0.78154584486468459125774
0.78153953322767832911921
0.78155970121593842936392
0.78155436783783382992397
0.78156583691906167388197
0.78157107961589911138134
0.78157418810195522507200
0.78157636040548228439917
0.78159074811669926319269
0.78158792049065517471007
0.78158434200618365217395
0.78157933171280902229228
0.78157429687131985129867
0.78156953372868709362109
0.78158896963452406669859
0.78158425640858009142420
0.78159339733957811091614
0.78159760642440123667996
0.78160120563485280253957
0.78160464116161920689052
0.78160618429965611486665
0.78162002547284281650519
0.78161807515781955846279
0.78161461915044727621904
0.78161142557264728925048
0.78160766562520189726371
0.78160347291791276713724
0.78159823640166337099799
0.78161706040514467019875
0.78161133262353765793762
0.78162184114913479948683
0.78162560545582060456127
0.78162847408434243945408
0.78163150342016785021571
0.78163370934167608616860
0.78164751918887453996376
0.78164529431646012636037
0.78164281825467385456108
0.78163985140662239903264
0.78163547911385722333222
0.78163016834439369429077
0.78162412456652485825970
0.78164299338020193363974
0.78163715891819329772972
0.78164872195972201485148
0.78165373217583966614086
0.78165714628583682355156
0.78165948056944312138938
0.78166153214265121640381
0.78167584931757405630748
0.78167366157303741491802
0.78167113390158371455385
0.78166710465209554570265
0.78166180614610647481300
0.78165623994451227662950
0.78165081938924496629539
0.78167005720932125623079
0.78166486800358581099601
0.78167506627920602113591
0.78168039186568294418578
0.78168475677097082332523
0.78168762897176935489085
0.78169016103887412061368
0.78170407598503277579738
0.78170111819382737117223
0.78169810293868913220194
0.78169370383517644551574
0.78168887609307946551240
0.78168413353365540086060
0.78167896680410486887070
0.78169831028136116390925
0.78169272908191422821744
0.78170299388580155586226
0.78170753136538029259839
0.78171166117256529748403
0.78171447470419963554633
0.78171783358782087614003
0.78173162443207844241044
0.78172798089979611546596
0.78172555346693295419414
0.78172170150475683847446
0.78171702430251688298313
0.78171208620965604296771
0.78170627893092536897512
0.78172561143597718569254
0.78171959702069493403087
0.78173090708182690899974
0.78173584660808348445471
0.78173985852474292546077
0.78174200279968630855620
0.78174564956196901377439
0.78176001029840447298369
0.78175626193167013777696
0.78175413620854794505277
0.78174971501859558120628
0.78174441819157702848742
0.78173910464121387775549
0.78173305888978783517729
0.78175262790928867762119
0.78174665734808979067338
0.78175788075064023274763
0.78176334982287287722613
0.78176808167759981316181
0.78177040411437825895291
0.78177456481515217312506
0.78178882367773294692626
0.78178419163451395856868
0.78178157598546083040247
0.78177686687554426292479
0.78177154011382443687950
0.78176647496114637370113
0.78176035110131636418629
0.78178050010492383670169
0.78177405671208788362492
0.78178537408463011360027
0.78179033952458543144104
0.78179499272336416826334
0.78179758540998134375144
0.78180283766072633522271
0.78181649240771988740306
0.78181076341428190623617
0.78180851214441160479396
0.78180417452626471686017
0.78179926372605479389932
0.78179424742611991483443
0.78178757751545768783785
0.78180783854957158762744
0.78181306752502066625965
0.78181814106663694019517
0.78182233652586130556728
0.78182429916061346730771
0.78183019100675976709169
0.78184423143211589923851
0.78183819557440525915837
0.78183650729727582895379
0.78183215316917986648093
0.78182663366534776994143
0.78182121940646065461067
0.78184007146482992212100
0.78183454375407379632890
0.78184585496655323311188
0.78185075378383794841852
0.78185261512449755194609
0.78185886318148989371224
0.78187390934612421844463
0.78186701091457777579308
0.78186474026336694187478
0.78185940368786011056557
0.78185331155423964943907
0.78184805661022938050309
0.78186678967632050607506
0.78186170498704088416275
0.78187278575015817239091
0.78187840523420182314851
0.78188118661354866212321
0.78188889861868871022921
0.78190336235123625296950
0.78189484120781227449726
0.78189175487316397994420
0.78188624269810369504796
0.78188056710224862477787
0.78187558693178327295925
0.78189428316992393153129
0.78188951051368815736708
0.78190003358075965689267
0.78190525942640198842071
0.78190826592622197921401
0.78191709677774545728113
0.78193052892257997044112
0.78192156050440542180979
0.78191889354247279264598
0.78191375061800794110667
0.78190816441360799782245
0.78190324878784267514931
0.78192189126411393296223
0.78191695513928838323636
0.78192769723067478970790
0.78193281772625367054275
0.78193524740543096651635
0.78194397186810182809324
0.78195783446735833699393
0.78194933303735703056248
0.78194698747050539466841
0.78194162257798327519964
0.78193552837140911648817
0.78193052161046794346078
0.78194919445091315424179
0.78194413323689671013739
0.78195546231620916000082
0.78196108577277079199064
0.78196369886362526724355
0.78197213882468363799205
0.78198672089886800407044
0.78197814509241703184728
0.78197524649836447352413
0.78196943155726061913668
0.78196298745059489299081
0.78195776333861855000862
0.78197679281369658621514
0.78197134750854091489458
0.78198344922830209657860
0.78198938403097772997796
0.78199247826890627699470
0.78200134588803627000431
0.78201577812378286758133
0.78200674132716785358355
0.78200344946897260012264
0.78199742447707976111815
0.78199051632622229579539
0.78198493960343695707849
0.78200423502223193050753
0.78199846709521592114100
0.78201144895666552248059
0.78201769125775488777919
0.78202082084304891385074
0.78203000866495020471092
0.78203439886341474807097
0.78204903564647942904031
0.78204413556397267548448
0.78203499350809679846463
0.78203165619331094227107
0.78202535616256974027038
0.78201790358895828525476
0.78201218129482052976442
0.78203169649884962666420
0.78202593108259699228313
0.78203911963088768022345
0.78204560052618177223849
0.78204914019768623223428
0.78205841244048113214404
0.78206372608656060663179
0.78207864356984846399001
0.78207281359605718140671
0.78206322632224400948076
0.78205950776043930972037
0.78205290978893293729612
0.78204529977323089529051
0.78203971103014935373210
0.78205918803647878068119
0.78205339164237286375680
0.78206673393149406248170
0.78207351301046801328454
0.78207748476068228438152
0.78208728985471209771418
0.78209357645097776767784
0.78210857517603205035783
0.78210169752537483933708
0.78209164841299150250364
0.78208755675196395262816
0.78208082097364572948806
0.78207300735882423481371
0.78206693759350165429112
0.78208689410578879908087
0.78208043796299475669542
0.78209512496419641980339
0.78210183021800905311949
0.78210596555303246724122
0.78211602409244029843194
0.78212352409484053872291
0.78213826785311646450083
0.78213050493054903089529
0.78212028339879580141059
0.78211613672193602830873
0.78210921941543376512129
0.78210074420575859122096
0.78209404810681404374151
0.78211444656452611123854
0.78210776965326556098290
0.78212316003679382969693
0.78213043308599650149660
0.78213473374356201617275
0.78214486069442179516642
0.78215296177587867454406
0.78216765248175679214881
0.78215930704896430292195
0.78214906501316072695573
0.78214452111600862860286
0.78213714907723475011636
0.78212820705866170634124
0.78212160192652679935321
0.78214210271719408762436
0.78213547187969800766894
0.78215103776436600835353
0.78215847021719675513651
0.78216333265249970985167
0.78217379406939724351133
0.78218256776528782836522
0.78219741003938647594396
0.78218838048354211167634
0.78217759837657774291131
0.78217248145613238463625
0.78216502389044550991315
0.78215596550125487951277
0.78214914639053167988436
0.78216981285031839110644
0.78216256387927807214311
0.78217909144387742781390
0.78218660158721964315021
0.78219192123358971535652
0.78220287250323150551878
0.78221254421061237049884
0.78222760383260669936334
0.78221754087406014654960
0.78220641795114831396063
0.78220098991737485594200
0.78219319443193335850140
0.78218347785417219331094
0.78220740140261169059954
0.78219716098545533089492
0.78221542475375560599105
0.78222099712594228559936
0.78223231439919194141197
0.78224263405472860277712
0.78225758777598131121778
0.78224697984533320127554
0.78223572657078732639491
0.78222986209087885800528
0.78222157224058774804831
0.78221103087606447257230
0.78223570453281210390628
0.78222523770997309799924
0.78224422020909789576848
0.78225035215056837323289
0.78226176904653932364653
0.78227241053019092031917
0.78228719391430312501967
0.78227624770002668341817
0.78226481282587900789594
0.78225850274643915494011
0.78225010223164503919691
0.78223969978447616124839
0.78226461462452667738887
0.78225408884616320914773
0.78227282627996008734783
0.78227918281332819994134
0.78229058522034811140600
0.78230183713442202897426
0.78231634929451421278657
0.78230495091929441731082
0.78229343144515817165541
0.78228723670789912514323
0.78227921862331306623872
0.78226830013280612696747
0.78229346867991345071403
0.78228202238545296864913
0.78230178083471346717204
0.78230801479328260228385
0.78231950093207824892261
0.78233114321876395802491
0.78234559561369076963189
0.78233418550697608750966
0.78232279527608394875671
0.78231628984715340102696
0.78230755534150575591923
0.78229548389427816523778
0.78232159928076527855012
0.78230911815915782359099
0.78233080535241061870266
0.78233762244554683196185
0.78234907602858405617496
0.78236035614559162887360
0.78237518288251972631286
0.78236397537026292070550
0.78235223330087333426519
0.78234503901585716878486
0.78233572065667911221709
0.78232320284670975318875
0.78235030200252186904919
0.78233785387979881686960
0.78235948720127912459077
0.78236681553249287635055
0.78237872644883010853079
0.78238995989942350384183
0.78240448025857611824563
0.78239316862801511209824
0.78238121248855629907837
0.78237405322299979903988
0.78236521891894383884392
0.78235287879272441546874
0.78238033968978248910986
0.78236773772159518003377
0.78238884320713408815351
0.78239576165279178798784
0.78240756676818257187023
0.78241891745894376342108
0.78243315496508636375239
0.78242201433604041671543
0.78241041828427571047655
0.78240370874799181066805
0.78239517560195648293586
0.78238217197279480430439
0.78240952858092138733070
0.78239605066961026569317
0.78241852507842535313642
0.78242531267707904341080
0.78243673263850599397529
0.78244765466140020482300
0.78246252996281262515055
0.78245174548251528179321
0.78244010335753511053980
0.78243270576984391695419
0.78242357419503416604556
0.78240978179701747841079
0.78243741656430254582943
0.78242376205101149544419
0.78244687185542305396524
0.78245455011587938809470
0.78246683050226739641886
0.78247769831369440307611
0.78248101943850545403336
0.78249659243861668933562
0.78249281267274128914835
0.78248157892690561876492
0.78246895984611919416807
0.78246090250605115912208
0.78245167221217148956214
0.78243810844962602413233
0.78246644341616400364359
0.78245287258905793503772
0.78247528749515593560204
0.78248324746018160791294
0.78249606499947021998054
0.78250758857811086866008
0.78251164256565319821135
0.78252652487377982737371
0.78252187780045656673167
0.78251026176595095407151
0.78249769511531586108077
0.78249021551607422786390
0.78248158253309796350550
0.78246764409418223529258
0.78249653983777367471930
0.78248212304024056251706
0.78250537506473627491488
0.78251265251842139214489
0.78252492137886531242685
0.78253606118521079615391
0.78254104758723008750110
0.78255552325889710107987
0.78255042102014660265752
0.78253990321358546378150
0.78252787258333245112851
0.78252026439455002471135
0.78251106153234728513013
0.78249627188976311753521
0.78252504846142489913774
0.78251021832117462206924
0.78253479459221264580293
0.78254303881971420953079
0.78255526254558993581867
0.78256536785818897605793
0.78257049234910724955228
0.78258615382035034979680
0.78258089161684951662323
0.78257061715929387979429
0.78255771051399536375470
0.78254882165542460903396
0.78253892345391262708176
0.78252436293724625393509
0.78255309819045137942339
0.78253881447219297839979
0.78256271809153998830766
0.78257208066753392028403
0.78258576890548581239671
0.78259640523229567765640
0.78260207503683809626693
0.78261767163839568439698
0.78261152166720859835181
0.78260032189637906974156
0.78258624592801628860883
0.78257713373219728314467
0.78256783810807528656284
0.78255342198423682997799
0.78258293999942907248624
0.78256782275694614092743
0.78259213876210453886273
0.78260093991374612976131
0.78261454953344478102650
0.78262574336532686469781
0.78263253017306222414362
0.78264651632968362804377
0.78263932627724774881983
0.78262874727365849825134
0.78261600626839267214052
0.78260757855512030900513
0.78259778078218467101124
0.78262259002181655542785
0.78261209196969561130430
0.78263120344618197776754
0.78264339623343892604623
0.78265286146971679848150
0.78265989790322898489450
0.78267351512454719220102
0.78266696666251422964677
0.78265819337743802730500
0.78264631826306674255989
0.78263691486826769683205
0.78262585292211406251539
0.78265069399270925654122
0.78263943506455069254457
0.78266067629089774992934
0.78267322308826570154139
0.78268151229044446992589
0.78268803802664987934179
0.78270324432591853458518
0.78269645276562016533717
0.78268779432723267763805
0.78267460944350797369395
0.78266430278996046432383
0.78265323351794235939849
0.78267838353379592941650
0.78266739254323125507540
0.78268852133517197167123
0.78270185415696436059818
0.78271109415398654185481
0.78271873513306611247486
0.78273373938702461849459
0.78272520445483484419213
0.78271571059430888883668
0.78270277628730600127938
0.78269305924752685665879
0.78268184222628423007961
0.78270768930373157967750
0.78269631772665360092134
0.78271738626374831593324
0.78272960051682138882256
0.78273873021450612874617
0.78274794987855533801024
0.78276163621182648366670
0.78275208194541545658751
0.78274358165358581818083
0.78273174453861993349335
0.78272200333322139442771
0.78271141625774010019967
0.78273631078385497161776
0.78272699292208947063898
0.78274536460178711916313
0.78275725330934053936005
0.78276559080489249708990
0.78277549221890152519876
0.78278963595777240058737
0.78277926838013378585401
0.78277025889333251562618
0.78275872029736892621088
0.78275107689166978364170
0.78274079947522201550214
0.78276568852338657134027
0.78277316932274920713297
0.78278346111652641337031
0.78279285182797941899935
0.78280413220390965278739
0.78281808746035208557146
0.78280647259840807627995
0.78279819532268202220138
0.78278872899082108105517
0.78277349360052783655561
0.78279997974011950034878
0.78281465624858193042002
0.78282121166228890718486
0.78283100169890962316543
0.78284397111603254426626
0.78283771672472968194967
0.78282814794571065064588
0.78282296160752151692463
0.78285232755972111728937
0.78285893003132800416211
0.78287431875933644054300
0.78285100116446082463284
0.78279997847516835651760
0.78287627321909181166149
0.78284923470942457957022
0.78282375308014229275955
0.78269951875188004120076
