0.93314629432637008488172
0.93321399677458105603733
0.93327067398258412023182
0.93330343664955384141990
0.93330724156847955086391
0.93330294021726512010417
0.93333074263146775795263
0.93331652779015883414360
0.93333665542511867752040
0.93332241538752092058218
0.93333420297420477407258
0.93331060311254543382375
0.93334421427325897635541
0.93334198445844884783895
0.93333877663482966990927
0.93332983629443277973081
0.93334198784057242903600
0.93333702361130588265326
0.93334438297984667620710
0.93335320323618176097114
0.93335161449597014993174
0.93336138141566704629071
0.93336304995711594223451
0.93335608445072970607015
0.93334784604420029108240
0.93334613446619152377082
0.93334229940129398439552
0.93335025400020721342287
0.93335299550588002315266
0.93335990168662918975429
0.93336711734651156557874
0.93337649426504543104244
0.93339599260433037120066
0.93338196249148763783410
0.93337119071595964214794
0.93336537417379583647659
0.93335870373211504702482
0.93335438526886604915234
0.93336425604411554779460
0.93335895819401792916636
0.93337112850453929357997
0.93337626913462734545845
0.93338582367776767867440
0.93340306187123822656559
0.93340715682039576694962
0.93339003854437641027886
0.93338132131868445373613
0.93337627300964720600263
0.93336970888179571215204
0.93336421241653100278057
0.93337519331599605454386
0.93336978317907171032175
0.93338086916165319273375
0.93338569254782910444845
0.93339432337536820671886
0.93341071318633006548282
0.93341467372641540034550
0.93339825920024510619299
0.93338959873951998780228
0.93338539046154467282435
0.93338068750620661884199
0.93337502805490091262186
0.93338587479236256871928
0.93337957251315184503682
0.93339010552827883504534
0.93339373895455446383806
0.93340207915232731306077
0.93341876632077147579736
0.93342293214089921971066
0.93340631865262257971239
0.93339837400827130320380
0.93339489849129220200297
0.93339058504863392506934
0.93338364028950016049180
0.93339486304708041419786
0.93338782783144447208201
0.93339944013585784965414
0.93340331430551182201327
0.93341114017152504445107
0.93342739293381904452929
0.93343223356806137580577
0.93341622472044938341185
0.93340804675053257177808
0.93340355858454893134279
0.93339918611904659773160
0.93339271766263842700084
0.93340387962297477475460
0.93339841443956561573003
0.93340754797209857240858
0.93341228236574924626012
0.93342105180890178051101
0.93343722681795149309636
0.93344199912717251699235
0.93342530328059969413346
0.93341617468260740242414
0.93341164621071326390478
0.93340907382753612875348
0.93340443733117262059551
0.93341434435994974361250
0.93341011122664041543828
0.93341613681202484364974
0.93342010104164696571161
0.93342916897625849426134
0.93344631423415469484439
0.93345312574358318968848
0.93345796227157129543173
0.93345023065065702017051
0.93343308744791431141863
0.93342443692986043490833
0.93342082589092190136881
0.93341933665768073158375
0.93341508082434132553828
0.93342364629615448556876
0.93341932333959320988725
0.93342541195766370876186
0.93342912713150127945738
0.93343738121025610077197
0.93345415642782048060155
0.93346265363564084882597
0.93346746855785533991678
0.93345837324527203282543
0.93344209053508464535298
0.93343389009635147068877
0.93342961094878063033065
0.93342746225725559128250
0.93342329092144793456498
0.93343109493253706432370
0.93342745326471388001011
0.93343348504652090547040
0.93343838919465038639345
0.93344688128651920333567
0.93346292855267765098404
0.93347250384671065503994
0.93347769827032578415782
0.93346749975062370818790
0.93345139831711987365992
0.93344254160231354688904
0.93343727721194691415718
0.93343503002239991417355
0.93343208249677367405184
0.93343942297280468878284
0.93343702947014306481321
0.93344128192416542244558
0.93344657764885685669043
0.93345556199849688550074
0.93347185345263050670894
0.93348281234927521499145
0.93348762416636243965939
0.93347582631923631257820
0.93345949009182471733936
0.93345070125793994098018
0.93344569420615597366009
0.93344407518545791102582
0.93344198970218006383703
0.93344871796624795390329
0.93344667859613728033708
0.93345037350680037935291
0.93345517936217736743032
0.93346354279814691690120
0.93347964739513900056522
0.93349222589324287735479
0.93349679261675211350280
0.93348355734916321768679
0.93346787475562376101834
0.93345992602364935564196
0.93345502091288323764928
0.93345306232526603640309
0.93345107883119127212268
0.93345717531037386560655
0.93345527643805936701682
0.93345949442158993036855
0.93346467143433942137420
0.93347248967321061474678
0.93348781527708946104127
0.93350152970994115797509
0.93350651664589023859264
0.93349226926831663231354
0.93347708055687916850474
0.93346919761302116214097
0.93346373027437778979731
0.93346124513728157001680
0.93345952785085850589297
0.93346542827263812025507
0.93346390147438484952147
0.93346795010336958142716
0.93347350322394173627316
0.93348141442670395928616
0.93349667520565049461112
0.93351160361880036742122
0.93351647616588462330611
0.93350076741233689592292
0.93348541802778384202099
0.93347772570643894329834
0.93347235572187770014096
0.93346985530381876294825
0.93346836380393127807764
0.93347444061688267247234
0.93347278858057947115157
0.93347697089093506495061
0.93348202081454911827052
0.93348930067472180027721
0.93350452836530706246521
0.93352106595247341669364
0.93352536841870514816577
0.93350812554290996114759
0.93349328359436434254803
0.93348655074297159917052
0.93348167892312716720227
0.93347890516359222079501
0.93347705319600360329702
0.93348319268654023073140
0.93348629510084712990192
0.93349119915418243831340
0.93349751323886320797385
0.93351196372945599577520
0.93352965958005240665329
0.93353421451464280167443
0.93351613587884685330209
0.93350197303847171070856
0.93349580286613642599036
0.93349069080969226952504
0.93348728461245755738673
0.93349490457927453146425
0.93349134082295226466641
0.93350015410360953627134
0.93350645517291397368354
0.93352065533179717782275
0.93353918494773358016658
0.93354445094609939115315
0.93352516991733625051353
0.93351070449300210807309
0.93350430388480021282049
0.93349901875168794784798
0.93349554024562231280271
0.93350328996558351590807
0.93349991681821897770988
0.93350832989563337083183
0.93351465799119115462901
0.93352946652064194843490
0.93354968384745762310928
0.93355425802381009070530
0.93353337287953586098865
0.93351840516548056925217
0.93351242434576553463899
0.93350778307130977129447
0.93350447288615157059866
0.93351235231831342087361
0.93350908971512014389305
0.93351673492764708495173
0.93352222993356881453053
0.93353705949235787908691
0.93355809903746711508887
0.93356165372519261946849
0.93354070703719116419705
0.93352621698376703207600
0.93352111635700940617255
0.93351699516032715653324
0.93351365757872695194663
0.93352155367604305880036
0.93351818052095869582274
0.93352559331152773491880
0.93353042517193340898984
0.93354464512046819724134
0.93356524438965815537728
0.93356913031691257653932
0.93354890861437789251198
0.93353479001349370935969
0.93353003416000734926428
0.93352601638544185913560
0.93352262486953818676483
0.93353045781056043228574
0.93352705452567308341827
0.93353440449049618354849
0.93353915334223802613423
0.93355339782656299174590
0.93357336718814609710648
0.93357781594414590564668
0.93355792332812803646647
0.93354351108316313556656
0.93353879382996163283082
0.93353493825767275282601
0.93353146428580735527447
0.93353941750443947267257
0.93353583260526951104197
0.93354320564270876214863
0.93354783082331804777709
0.93356237119777651933816
0.93358228084315908468227
0.93358657595500160741864
0.93356672466743673144407
0.93355211587692377150915
0.93354760751850973665711
0.93354384784466082347620
0.93354019168885959967241
0.93354823570709066782314
0.93354455372148159586487
0.93355200041965658019905
0.93355646076002318789477
0.93357099865348547318433
0.93359069719974752121772
0.93359619695836881803075
0.93360070459258259756297
0.93359472049151803751954
0.93357529083542689640751
0.93356071156565800794880
0.93355630160493463520766
0.93355258737016788561647
0.93354903351290963176012
0.93355699485290455363895
0.93355358562580481596171
0.93356052769653674605621
0.93356492061542806215613
0.93357958446880207059593
0.93359881435079428158019
0.93360520973776317532611
0.93360980972389218113250
0.93360298008968878313851
0.93358384536070226911164
0.93356909546832356205925
0.93356477561231532291686
0.93356138189463733212392
0.93355816134294244967862
0.93356588825421227273438
0.93356265459480425317196
0.93356908999197463217001
0.93357332953650706830473
0.93358816500329822041238
0.93360718062802683370194
0.93361441370503739367592
0.93361899452806762500501
0.93361129822799227007124
0.93359245311733540795274
0.93357764114622598938809
0.93357355234105954266965
0.93357037202016812660332
0.93356701042727407990895
0.93357482581456796566499
0.93357128240973386024137
0.93357811238844612411469
0.93358210229507609945188
0.93359680562582625373835
0.93361533951198072411870
0.93362346220712866262659
0.93362776823188975416912
0.93361937942621209263194
0.93360117421887323096996
0.93358658681638173604256
0.93358256976470077592722
0.93357919780646714258410
0.93357558927947636995270
0.93358349502107307316123
0.93357997814279569670504
0.93358689912623260553914
0.93359102551546624404466
0.93360559583655233772959
0.93362337477107482097693
0.93363200160539583372099
0.93363624540345357960547
0.93362739186755805409490
0.93360993954378390657922
0.93359531319128963300358
0.93359118748856817493476
0.93358781706010030010390
0.93358445124285738270231
0.93359222032518762723896
0.93358891760033579920730
0.93359543675336653656416
0.93359950533951796547427
0.93361419662004740960271
0.93363143620377753162387
0.93364061035818224354443
0.93364500616520751385963
0.93363550350350454909432
0.93361839883831332365105
0.93360371628588489922862
0.93359976010022205361594
0.93359661414477568275316
0.93359322986707582447963
0.93360095672319953763463
0.93359733993734927981478
0.93360416161905923626563
0.93360802842721846150909
0.93362263591966876408179
0.93363953078461214829531
0.93364952068667816931224
0.93365401057435193354905
0.93364359319989964625108
0.93362698805318999895064
0.93361250191626776739895
0.93360859344517865832103
0.93360518192539831971999
0.93361303353887692413338
0.93360940377221712793698
0.93361702020240722177391
0.93363141366887014704901
0.93364769665683955413016
0.93365846299494092974669
0.93366285468874188335775
0.93365175957010149154769
0.93363585867244802685150
0.93362150612165706320411
0.93361743422321463725666
0.93361375628394094317031
0.93362184479990939500738
0.93361834933200971153866
0.93362588492635145698273
0.93364019036632694970024
0.93365581575356892951589
0.93366717871246496240900
0.93367147294295327331071
0.93365968270704691178707
0.93364435943390100547390
0.93363018467311875703274
0.93362640987408629378308
0.93362313322794587833187
0.93363107479863416404697
0.93362789011623770196735
0.93363451529915786331060
0.93364843272034747645449
0.93366343165542486914887
0.93367573301198303337145
0.93367999322054961996997
0.93366717677180521839375
0.93365248032560643753897
0.93363894008421310921619
0.93363576291445493637866
0.93363244475888540474529
0.93364025381575010964497
0.93363663857383027977477
0.93364344488770634189478
0.93365672181128278594997
0.93367106013571032896436
0.93368450217181631067831
0.93368846730061327843231
0.93367510895043270835458
0.93366112694789815673602
0.93364790491398530480893
0.93364456206627433054734
0.93364061445252755078172
0.93364877767277054676498
0.93364469794448956552202
0.93365227815083584594902
0.93366555551183549876981
0.93367933066376285200505
0.93369264362312875960015
0.93369687580863092168926
0.93368355959820614753397
0.93366981573001572858317
0.93365648504028020404633
0.93365306917002988118526
0.93364915501588308099912
0.93365767285549250420473
0.93365406458772159936643
0.93366075233377343600694
0.93367394133351155893763
0.93368763666603160622515
0.93370106770319483135978
0.93370506461614233284507
0.93369148869229323661756
0.93367794799955960982629
0.93366513612200296989840
0.93366256842696115914038
0.93365921520973771396967
0.93366758438222918758953
0.93366422713012098277829
0.93366969417997924818309
0.93368205276025795225081
0.93369527997890189308094
0.93370895151813393386675
0.93371277957550014026111
0.93369917942957070255972
0.93368630952445386128602
0.93367431998338801246717
0.93367236673783660094728
0.93366885086748907518484
0.93367673594073108400693
0.93367304034112663657652
0.93367883075299640260880
0.93369073394275903243766
0.93370336914466522948430
0.93371684760356898902245
0.93372123009689844685965
0.93370782400650653709562
0.93369511418861905749367
0.93368295469022610788556
0.93368078595707093558786
0.93367708008400229768853
0.93368474804393075672238
0.93368131181033986454310
0.93368691736698328220712
0.93369927051565071440820
0.93371233221032889915136
0.93372584626416454955944
0.93373195384457918777343
0.93373710062103665308086
0.93373038269611774442325
0.93371659979048926558676
0.93370327782370232672093
0.93369085147635433319380
0.93368901590422281877579
0.93368589341834762329597
0.93369369308293459486237
0.93369078268275274012922
0.93369507388274863846078
0.93370721355672292585126
0.93372059553269715070911
0.93373458999374214783984
0.93374183750731842845738
0.93374618528308606091315
0.93373835653634384978972
0.93372440881986995542263
0.93371132673776713328806
0.93369969419866161164379
0.93369862100949418959317
0.93369565650233077303000
0.93370339772196242478230
0.93370023373391852761216
0.93370450096229373748713
0.93371582304600764246061
0.93372847124414393160663
0.93374196196565917293952
0.93375017072959543007471
0.93375411494267546164139
0.93374573200473387490916
0.93373288248205132955349
0.93372055898157535480664
0.93370912749144929776435
0.93370776018406076435241
0.93370449076999528781329
0.93371168868572218535462
0.93370860924355203458447
0.93371339585982326969571
0.93372525641322745570960
0.93373764626343191963542
0.93374999916234946439886
0.93375840656944864015543
0.93376317540044695419965
0.93375471557626932295193
0.93374246059771004446759
0.93372961774441498583599
0.93371729739606879050484
0.93371552255823542232349
0.93371287090410026721088
0.93371963917834777113569
0.93371737400182597266252
0.93372115716762082993085
0.93373370262119981255466
0.93374704492542948131018
0.93375944915534392354317
0.93376813084347720650413
0.93377278188332479835765
0.93376374842029374878649
0.93375113376883289717512
0.93373768099984133517211
0.93372541602320091591594
0.93372421747709177797248
0.93372199439555525479761
0.93372906485386963915118
0.93372645865181558288981
0.93373018158162013335755
0.93374197121785296182850
0.93375488722873389857426
0.93376730043115885315785
0.93377671756475955078258
0.93377985987630718334174
0.93377026464093382251974
0.93375861123909154049016
0.93374659240326174369784
0.93373522843992162734139
0.93373371342739130973598
0.93373998365648314123888
0.93373788543011548846096
0.93375135401273456903226
0.93376262381881136587225
0.93377314980140446731838
0.93378257152385502060099
0.93378550383344249841144
0.93377645673667997172629
0.93376683330697729523706
0.93375596272455119173372
0.93374417317543212391229
0.93374159384895183411146
0.93374791564258152742894
0.93374517245568389167687
0.93376005386793747842233
0.93377110690584197438824
0.93378027085982273636233
0.93378919978772767507280
0.93379364589179958411336
0.93378440902449422189591
0.93377505593222775992501
0.93376378434837326025786
0.93375162379195342232663
0.93374898383576976357290
0.93375575613329520052730
0.93375313104499446659190
0.93376753765727893430437
0.93377863396426730169253
0.93378837339043230247881
0.93379845764579039180120
0.93380302240830626026025
0.93379187702349586430728
0.93378204478159509971391
0.93377161541878395123462
0.93376034629846238477313
0.93375749861896462089561
0.93376493682337458057674
0.93376194104298293474642
0.93377592080102722604806
0.93378548091350044302317
0.93379496964393116087422
0.93380703756524918723869
0.93381071077611632613724
0.93379798535428981676176
0.93378889058822989177600
0.93377991152777073402547
0.93376919449413497975598
0.93376675570313938390399
0.93377332530950851730012
0.93377189980356367637881
0.93378320143194248892371
0.93379194527512454637730
0.93380118445686977057818
0.93381456227437353856402
0.93381871287643780643606
0.93380450984584473239636
0.93379445146770267971448
0.93378621299991193538403
0.93377782487266691724415
0.93377551389819202221076
0.93378208254254535525263
0.93379008320360268324833
0.93379703525423973786701
0.93380778612572912233958
0.93382317419413329862010
0.93382711670961093819443
0.93381120299505682158525
0.93380090744361210486346
0.93379489328499043487852
0.93378076144980048933775
0.93379614164559776590124
0.93380632400829366446260
0.93381565313011682949451
0.93383006459211248539987
0.93383280527610190713261
0.93382161977730659963015
0.93380926249447782083735
0.93379657392375103874826
0.93382603849079015567725
0.93383685449061215599897
0.93384085527898474943242
0.93381693475374516477672
0.93376614808839231152149
0.93383285406730265343356
0.93378861226981058063501
0.93377841628175040078474
0.93364601634068611346606
0.93330139839582193506118
0.93338022274188869875644
0.93342545673930832350607
0.93346944686303012783668
0.93346168946471352878547
0.93347289171687419795376
0.93349652206365418827261
0.93347064152264203062970
0.93350219096401132468088
0.93347619945108950556545
0.93350394214834819806015
0.93348300820388807608197
0.93351659945937737195010
0.93351150737781252164638
0.93350405596778529559998
0.93348329050617007141000
0.93350700356126248280475
0.93349014642878958003536
0.93351369343678125556352
0.93352556514665585574164
0.93352707029587522757907
0.93353315343696041672672
0.93353846296872322607641
0.93352841509528350361080
0.93351694797774709133620
0.93351088313700003595841
0.93349509341611802692995
0.93351472974509586144620
0.93352188798065005581606
0.93353219011589083642377
0.93354247740830686996816
0.93354844052680441279790
0.93356104587183819099039
0.93355408707384623934189
0.93354649723242677517021
0.93353761719137973162930
0.93352738532440937557766
0.93351857778349123240247
0.93353272825750699404068
0.93352285829124082017216
0.93354332294798969549277
0.93355152650390871293951
0.93355812410964933434343
0.93356800819221008591597
0.93357205522039943268453
0.93356251235663922916075
0.93355652140972167352118
0.93354841280273281878266
0.93353797816245376317568
0.93352781692834663207492
0.93354326220738703678848
0.93353308836825910077550
0.93355294628078611118838
0.93356082659654393562931
0.93356696843113085026999
0.93357580447807331225363
0.93357996387160124829308
0.93357108258237475606478
0.93356466665691051343146
0.93355739545828475556277
0.93354855088080634928360
0.93353802554857878703842
0.93355353308927901956338
0.93354225272174173877460
0.93356203549449578993347
0.93356874377255660846231
0.93357507795891958579659
0.93358423886169883409991
0.93358858067697736426993
0.93357948607406526786434
0.93357331163783341398954
0.93356675154382517956009
0.93355804545849074838060
0.93354599871785470810437
0.93356212714563180377070
0.93354986285920582567144
0.93357120703862250810090
0.93357817768364714794416
0.93358447358721841080609
0.93359321135562289839527
0.93359822989997465203516
0.93358972481983670821393
0.93358283164879418691839
0.93357522774628409756303
0.93356624978777136281138
0.93355442487448336841283
0.93357074263666051106014
0.93355978506135184336046
0.93357911811071248031624
0.93358699501332986780966
0.93359471580826292047561
0.93360338601992731710766
0.93360831887641981818859
0.93359912910189690737894
0.93359081303632318604713
0.93358311173488717216173
0.93357573846874652989669
0.93356546595614720018830
0.93358081524066927059380
0.93357079754722316344839
0.93358749239575089529097
0.93359465998424040478199
0.93360314694241886002146
0.93361278575228112686091
0.93361646360741812333828
0.93362111942149250687351
0.93361685797009563714255
0.93360721442848926265867
0.93359891395467153873966
0.93359206084246759704826
0.93358561207203250020825
0.93357542236774748722894
0.93358972284935504148962
0.93357931327747178951171
0.93359651834272183723584
0.93360352402148882866584
0.93361165918416944009550
0.93362093197756501616880
0.93362563676470533557961
0.93363027723432245874591
0.93362529705137375923840
0.93361651573863779773887
0.93360820700734858945680
0.93360058427222680776936
0.93359333969409852294064
0.93358292317183311226358
0.93359677893829196015929
0.93358672703527179059790
0.93360432402807103091646
0.93361262687118728997859
0.93362144194195595403585
0.93362998217204040685147
0.93363514475570918982328
0.93364018774417689705558
0.93363469103116347724836
0.93362609418043118747477
0.93361669287318072019133
0.93360797061622891046540
0.93360051958643686109696
0.93359099786763655171029
0.93360471401376210476286
0.93359558332799852387041
0.93361182060057879006365
0.93362063848701870583113
0.93363039113642176669572
0.93363917835342258300102
0.93364516091040095080444
0.93364984099606629364132
0.93364328419585806972947
0.93363445134089773080888
0.93362467950924976634042
0.93361607651787292816437
0.93360916478554112352128
0.93360017579549570143627
0.93361360884684119199051
0.93360449501038789144047
0.93362059660264240523730
0.93362907430152086707409
0.93363862747199266589604
0.93364722064523830713512
0.93365432038241846779414
0.93365878781876388003980
0.93365125593694997530037
0.93364307544353997148079
0.93363372864719118560117
0.93362507718386800181776
0.93361775659962076279186
0.93360852739899269359114
0.93362166814142866222426
0.93361235669965503269907
0.93362937431786974240566
0.93363838099254703450924
0.93364780221869458909367
0.93365563224108050199845
0.93366344776334431188047
0.93366837185922224584544
0.93366020916077241409425
0.93365250732599713856530
0.93364282196485148812570
0.93363342877938593211695
0.93362553082943489091150
0.93361623471954768849201
0.93362950838597735803148
0.93362023210345057577797
0.93363746416170745323626
0.93364704011052146448435
0.93365694597018600298099
0.93366472315710891116680
0.93367341243280943530181
0.93367826058379277398558
0.93366892621065900037536
0.93366104599402777175499
0.93365117119930485234391
0.93364168354874577104852
0.93363373224849643960965
0.93362431984920413174933
0.93363811002842000963398
0.93362837226759809450272
0.93364610120561186690225
0.93365537222612515755316
0.93366502033548126604501
0.93367279384641199690975
0.93368285142640139451231
0.93368717300912529299950
0.93367650321914519295774
0.93366909502243355944984
0.93365980843959606172433
0.93365060469919691765739
0.93364236190074589849530
0.93363226141903699062397
0.93364643415988668451178
0.93365501615778256905287
0.93366436616889214583637
0.93367341388809843572005
0.93368044095410351879138
0.93369150200483863599743
0.93369611778896477449763
0.93368471331739189000842
0.93367795424409194549042
0.93366887747090232529956
0.93365920533191326668998
0.93365031175398405238752
0.93366320482513942558001
0.93365415230742399010921
0.93367313014042829788508
0.93368250864788082665768
0.93368932765207790502870
0.93370117464978197308056
0.93370655148241687992794
0.93369394378227610342691
0.93368682957396487154256
0.93367717888648471546986
0.93366709834636685272358
0.93365812994331964791428
0.93367114530476202904907
0.93366227826611236650933
0.93368110786800306843958
0.93369085606970037005681
0.93369833673501057003108
0.93371190850759788748547
0.93371665856253227566697
0.93370233451656781120676
0.93369466438239834271684
0.93368510418241024151342
0.93367541401745202112039
0.93366660681500168728064
0.93367975687072113366582
0.93367099634160399812544
0.93368931397076704303828
0.93369854239821836738855
0.93370610586881797043901
0.93372070977889121135007
0.93372447721627360728291
0.93370984816759661217844
0.93370258065994271579058
0.93369358696672821729123
0.93368416288074951303599
0.93367533068971919618662
0.93368848033405593689338
0.93367961302587776373230
0.93369796099283308699057
0.93370683904767159955185
0.93371387275305650632617
0.93372827798423219114454
0.93373236982280882756413
0.93371821360691942270904
0.93371124852003362093456
0.93370229974784857418513
0.93369270319826080939407
0.93368381534927524789680
0.93369690328094945286352
0.93368800291444886685355
0.93370656237010940525778
0.93371564903603510021668
0.93372277322401653343320
0.93373681359932225731768
0.93374147697764608988535
0.93372737335137001579710
0.93372003729046360032129
0.93371083853717584677412
0.93370113432488544003007
0.93369216662866594269587
0.93370535952924360589833
0.93369628194879916716076
0.93371513946312190146415
0.93372438787107203683746
0.93373188710249244159911
0.93374615309391550965756
0.93375065621554187433873
0.93373630656886774659142
0.93372870366701032907031
0.93371942910098804091490
0.93370953524721045369006
0.93370038334258675938315
0.93371366954706025431676
0.93370448743829137505656
0.93372370841953056253004
0.93373306809936507111303
0.93374063588120070900089
0.93375498314201554883596
0.93376055208080899205925
0.93376532091754949060913
0.93375921737592115778881
0.93374498197423294598707
0.93373733089466504075915
0.93372789151529145268427
0.93371776293712183125706
0.93370870760542978850083
0.93372190427995926942373
0.93371299352019565542804
0.93373199642072823856154
0.93374155145270487654585
0.93374932717266612147711
0.93376352355822178630262
0.93377008410441353358777
0.93377493454789151083872
0.93376789822689332254413
0.93375364327879439851898
0.93374573632223656360907
0.93373612211974932328928
0.93372602422480921458003
0.93371729689064431045864
0.93373026452286900234157
0.93372151651309021058722
0.93374031788395706055184
0.93374997280330185311925
0.93375800158493249547575
0.93377230293010926587272
0.93377977487955621249682
0.93378458945058862017419
0.93377662868142174978914
0.93376232908506362484502
0.93375427850173353672147
0.93374465755938274025283
0.93373447948092080928006
0.93372559871518989726979
0.93373865656239840582487
0.93372959234927765947987
0.93374908830481218036113
0.93375872699596806914002
0.93376671865803240191184
0.93378088241010603898218
0.93378927664730804192317
0.93379378126328704823322
0.93378513347998204352507
0.93377112733649292319882
0.93376320108726829083423
0.93375341817568380253789
0.93374274796096812245594
0.93373361370325858032970
0.93374676519121146966995
0.93373771397959026696611
0.93375762177462540147843
0.93376762523310141705934
0.93377557594700444365543
0.93378933272329389669864
0.93379819234687833073849
0.93380259590258507529370
0.93379355770912186862631
0.93377994418739795889906
0.93377188719443282582944
0.93376178099104234497929
0.93375080872118498831469
0.93374189919030359252616
0.93375492647062230400223
0.93374607517605956452655
0.93376589376577667778179
0.93377604638198452580156
0.93378422312702613616864
0.93379781519977256287746
0.93380710316982651342244
0.93381161010829949464807
0.93380209431568794720135
0.93378845091281026391528
0.93378022711778918552028
0.93377008133457251037868
0.93375902859679660306114
0.93375009007167086849677
0.93376307840385275316208
0.93375389820769316706617
0.93377434812335746716627
0.93378450328287576631681
0.93379270637875577687481
0.93380632598579482728240
0.93381620643813834092839
0.93382074960388339324169
0.93381059185698966906841
0.93379707356230945425324
0.93378893018196928998975
0.93377864529453036279705
0.93376701363060232718993
0.93378294661287253308757
0.93377094096586243932023
0.93379339369124436665004
0.93380151317240744912596
0.93381490332699068623867
0.93382523510290138535339
0.93382963096918203405039
0.93381917452874452223455
0.93380597432676470948110
0.93379782148703072142126
0.93378720392700997887658
0.93377499206747793802919
0.93379147270477347309026
0.93377928205573068609624
0.93380213940876721778750
0.93381031893454535808274
0.93382343455424499101269
0.93383392532512354833329
0.93383816521927254239444
0.93382749845874968297466
0.93381449883374345599663
0.93380637099018826141617
0.93379589994071565683953
0.93378376343620950184032
0.93380042134339213966143
0.93378821639990161607159
0.93381062263130443223957
0.93381857559152103842592
0.93383145058109018332715
0.93384234673962240869116
0.93384650734556218232285
0.93383539840548501764772
0.93382262987094410977562
0.93381496210656300682729
0.93380496108662924825694
0.93379246170838325902253
0.93380930234641101872484
0.93379634226680319208924
0.93381938138313103081600
0.93382688238766764499132
0.93383948513524506207517
0.93385084077800994961649
0.93385495050282041340495
0.93384372913959723394584
0.93383129271930420678416
0.93382375076366508359627
0.93381346482662430652510
0.93380000591921719088617
0.93381753284593493891208
0.93380377749656273689283
0.93382802258297903374995
0.93383571959014799457321
0.93384814410326877354152
0.93385926736024205130349
0.93386364375535180215593
0.93385256473375599650666
0.93383998141849522411917
0.93383212057013065265920
0.93382166926054832600812
0.93380791950902442000171
0.93382611469620335764574
0.93381250828449258172270
0.93383627609135799740869
0.93384411264017541665083
0.93385683506838190748311
0.93386796679877082105747
0.93387209475976806771769
0.93386086559028369524782
0.93384812134020633855869
0.93384054525232962351566
0.93383085505492569033947
0.93381733915597864292835
0.93383571720654434678011
0.93382203371904337618759
0.93384498149094208319099
0.93385222463405936910164
0.93386483232452754954522
0.93387610461531889161080
0.93388006430014569581033
0.93386890778726583395297
0.93385648039736834924440
0.93384947328216649786725
0.93384033627320539583394
0.93382633836590789311316
0.93384453812893053470390
0.93383020392170212886640
0.93385384689207240338504
0.93386090533658605572498
0.93387327091663197009552
0.93388425253222207000903
0.93388875178804187093817
0.93387788940440297213996
0.93386528752419895038628
0.93385783417412926432633
0.93384842249879895792475
0.93383391815442284844551
0.93385221990307176742618
0.93383782707897922126250
0.93386165018344247101822
0.93386944272294403202039
0.93388255708404865895744
0.93389347504894248963581
0.93389619211991869995870
0.93390109382685237982002
0.93389812833895236021675
0.93388698071862230598583
0.93387344237231317833903
0.93386542998910659907352
0.93385631633264820639084
0.93384208727542261652133
0.93386081613948224156019
0.93384665179602477369514
0.93386949511532080236975
0.93387737359632283506983
0.93389112944529295567975
0.93390244279836676088991
0.93390558915913002291376
0.93390969268358325905410
0.93390631481682651049425
0.93389509127467729143746
0.93388148773428258930807
0.93387395354283853077249
0.93386556480361826437786
0.93385119773766289696937
0.93387016287064539277196
0.93385544910939133345096
0.93387859580648358015509
0.93388597753049540362014
0.93389929719206654645802
0.93391001452111088720898
0.93391343788492664490519
0.93391715703975508588996
0.93391388618480586369941
0.93390384168979612145023
0.93389070390847361835540
0.93388305316017961033026
0.93387434438924099566748
0.93385938333936580058037
0.93387808389215620774593
0.93386317769893423257344
0.93388714138322559410454
0.93389539185333103610276
0.93390873891472148127235
0.93391825017709195755344
0.93392123765454793105079
0.93392580154725035601615
0.93392306493648358234339
0.93391368564333443469394
0.93389974743734682771645
0.93389086063456372421854
0.93388172322910278921881
0.93386711153975920929327
0.93388564570737042647153
0.93387128722702672511957
0.93389453910197439689966
0.93390382481657485680415
0.93391839166320078646777
0.93392788312683050477858
0.93393056672748020474728
0.93393504466677002007202
0.93393227116038135537934
0.93392259471137861748247
0.93390779318622341165224
0.93389861053306000293617
0.93389002899734263607456
0.93387558412517346351223
0.93389467526017611032074
0.93387972580009825929181
0.93390317759073149250781
0.93391206573001439572579
0.93392645970630305818361
0.93393591105247808492607
0.93393883110185293983108
0.93394183691874654851262
0.93393896443688906305880
0.93393029555382534034891
0.93391667559624169658861
0.93390802333236766497038
0.93389911501452171904702
0.93391257889391898761033
0.93390307651137083322368
0.93392142787724286012718
0.93393441374737751203838
0.93394192446862545065045
0.93394442515225795098388
0.93394725881237050657546
0.93394530911727069444339
0.93393871833248365277313
0.93392602047394435160754
0.93391656446681536873911
0.93390657514411601347604
0.93392009410823662030054
0.93390993898268515049921
0.93393008831728197005617
0.93394308348142052178531
0.93394920178244678066193
0.93395087969918144654713
0.93395527186769544680800
0.93395341966244138642850
0.93394712522871692339521
0.93393380102718659419025
0.93392358558160704085083
0.93391352658903825645353
0.93392750074324004661008
0.93391744741324200784760
0.93393753615169861070910
0.93395079216662357790568
0.93395745428344811855936
0.93396004382460839909896
0.93396459089096395267404
0.93396102655430113248514
0.93395428128350876928465
0.93394159139871557595569
0.93393187297118041012567
0.93392158842387396067153
0.93393623940600434263359
0.93392579908520145792750
0.93394586995958162045639
0.93395778860979439262024
0.93396418789774127144909
0.93396861240514716939742
0.93397230895332161715316
0.93396727834180948146781
0.93396126923501754379942
0.93394983374479823012848
0.93394026563672283280937
0.93393037651639709828544
0.93394416288876913601058
0.93393527712558943587595
0.93395309655665570414129
0.93396439260493546719033
0.93397054686523250932595
0.93397623084903558243752
0.93398064380299106179706
0.93397393858329635918381
0.93396695790706507622758
0.93395608253075768079299
0.93394843334088439856799
0.93393864685539984549223
0.93395245257338521671642
0.93395992180719322739435
0.93396959545132862690053
0.93397727654547890718817
0.93398537026723793541549
0.93398958475505522436322
0.93398075722733842063406
0.93397351581989540569850
0.93396469526932279769937
0.93395088765922251727858
0.93396590871016471613331
0.93397898245358412783190
0.93398526862110042845444
0.93399279574241977908144
0.93399579868696280815499
0.93399129157719129601389
0.93398196499818963989270
0.93396930767379238158554
0.93399575811912749490062
0.93400011045098751960580
0.93400437985308970567644
0.93398670063659572360137
0.93393595463490752806024
0.93399664241239555018126
0.93395103154210701301707
0.93394245591436497733184
0.93380850209717403132004
