0.99274118267204436438789
0.99274160482688456053069
0.99281464789078077703977
0.99280768886678616436114
0.99282816562374043289907
0.99280166821718951464248
0.99282468641650334362225
0.99282588577846064836763
0.99282431236180945788306
0.99282336762669842755713
0.99282388990058267896899
0.99279901983213092453440
0.99282212182145757051188
0.99282474637756046309534
0.99282031813088289506908
0.99282234565086535660328
0.99281672430264711337600
0.99282063408633336454301
0.99282030039144253397154
0.99282289583062222071419
0.99280978770772498886998
0.99279786042727302675104
0.99281231326922736446505
0.99281825036496629266480
0.99281656286334540872929
0.99281355077639177331150
0.99281706276518078002624
0.99281044987784261568464
0.99281430858479935430694
0.99281466643261939708509
0.99280873127275115486157
0.99280419409486131421261
0.99280078938808713484576
0.99280232641034538154656
0.99280542956222117556564
0.99281270428813939155077
0.99281266048893135334197
0.99280752781041436971776
0.99281096329289797441930
0.99280514635353789287819
0.99281101576156316479427
0.99280311672733490002685
0.99279916376092103291739
0.99279994036498420140191
0.99279652491793146662502
0.99279625924708325701573
0.99280065627548308437866
0.99280867744523537687940
0.99280904297426519899972
0.99280334761537014642840
0.99280700974725211160887
0.99280164018734262665333
0.99280567554430321219883
0.99279739321681970132261
0.99279321186911784202778
0.99279302164405203168229
0.99278975558314319638242
0.99278973055637387279404
0.99279366498254095763087
0.99280248715784269464280
0.99280478722504916788694
0.99279940101581864997371
0.99280217022648875602187
0.99279634347435163910234
0.99279944966502542413878
0.99279008948920322019660
0.99278614527591046989841
0.99278651838555231901040
0.99278336535816857910675
0.99278294223030705278887
0.99278705420697943573316
0.99279645060067411854732
0.99279906466471679049590
0.99279273786588240202633
0.99279566328605572955723
0.99278928247736353274178
0.99279328348016226968298
0.99278431502077846282361
0.99278036013328940789791
0.99278051788893684204140
0.99277806693689674144565
0.99277803745846704419620
0.99278148301836666167475
0.99278985758367133129809
0.99279233023562085680425
0.99278650337848417528619
0.99278941416731214530955
0.99278445164443185344538
0.99278626729060237554592
0.99277825600919000770261
0.99277549959209943075678
0.99277575572154486138743
0.99277316893693379196151
0.99277245442769890271251
0.99277472385400489240936
0.99278289775907047065573
0.99278690800636382185473
0.99278265001404530920581
0.99278449429739779041881
0.99278048156076270647219
0.99277979654201686798842
0.99277123060109162544506
0.99276903698260798858399
0.99277010042920665888744
0.99276989699992790328054
0.99276659483185558663365
0.99276667777070282117080
0.99276561711933708487265
0.99276802513350992374086
0.99277685317693409317030
0.99278169816633810018658
0.99277752793084006466273
0.99277832387032838301621
0.99277389328300991166998
0.99277376358579894066736
0.99276514839053342509345
0.99276252133028308755058
0.99276326631433065017518
0.99276316840389822182544
0.99275987163209555852461
0.99276008914238900171512
0.99275978533610320653224
0.99276231474760567863314
0.99277034390944118857902
0.99277446793526025192733
0.99276998452308795606314
0.99277056767433713435622
0.99276630593777848154957
0.99276662056777398301932
0.99275926995924279605532
0.99275714620164079438069
0.99275718209785379642085
0.99275681309875718483227
0.99275385354157630324323
0.99275432100761884512963
0.99275427297795781900192
0.99275591881164715335473
0.99276289414924379084226
0.99276697013027936922214
0.99276308857916428785018
0.99276382858378331430771
0.99276025383706234528347
0.99275938684407594170267
0.99275243708391225361254
0.99275099916175402192664
0.99275119704821124244631
0.99275074864069634550390
0.99274738216207092378340
0.99274774568835955079749
0.99274752736960680810085
0.99274910201984034596734
0.99275622872746838165625
0.99276098661920597621133
0.99275745068082799082987
0.99275809755479060836336
0.99275440890171262608987
0.99275328723282363352354
0.99274601915074711655507
0.99274410601866625025735
0.99274409487789128103685
0.99274376781499440447476
0.99274013765208235504645
0.99274053351010582701974
0.99274096280283474769135
0.99274312392232133550607
0.99275032731607448788225
0.99275496077122893368028
0.99275105592623780204065
0.99275155655678659627483
0.99274752747971417576878
0.99274708634769759374450
0.99274023566606328650153
0.99273801173774844919251
0.99273720496426565151893
0.99273667908514240387774
0.99273343409766101608227
0.99273409719213290269835
0.99273503573975141467400
0.99273713684720799044214
0.99274364948073223757774
0.99274806015032412975785
0.99274401477886187183941
0.99274473507587901455196
0.99274065775107767084506
0.99274016192006941938786
0.99273378699587122575565
0.99273183416835208969786
0.99273093617184893222571
0.99273028652926498249798
0.99272700753574649734645
0.99272752484602566624972
0.99272833750291333831939
0.99273034370287827066193
0.99273684994553934579642
0.99274163556688865828193
0.99273743496344402093001
0.99273867208302390974239
0.99273423348486244943700
0.99273374066106134794296
0.99272705177682640798054
0.99272470249814848131109
0.99272378340708722355146
0.99272342435953286887695
0.99271962410589276171180
0.99271994491808757121731
0.99272115304956143333470
0.99272395359592646713054
0.99273073897035901680397
0.99273570162031321562068
0.99273089984604645508171
0.99273247857094792934163
0.99272765459075018590340
0.99272095206359445285216
0.99271785997274619717246
0.99271623859865609773578
0.99271580330743269815486
0.99271220004705895689767
0.99271285598005809536204
0.99271471310467451765192
0.99271787802881472639882
0.99272431020687523783863
0.99272905116719134532843
0.99272071649347948252284
0.99272553815139685795543
0.99271456804539492946304
0.99271153866695538425802
0.99270971500072657800473
0.99270894303341816744535
0.99270594925296218313804
0.99270660811021205205407
0.99270815513374088823184
0.99271100274711343569578
0.99271707136361686529824
0.99272209575888792354448
0.99271347316677871486235
0.99271878870144103501616
0.99270736140208692965814
0.99270448126861521309650
0.99270325393586844597849
0.99270294800092584441842
0.99269976569995610482522
0.99269957761011917707350
0.99270068248854037573636
0.99270378847174978176326
0.99271006105429226984427
0.99271557355445116943571
0.99270683521393210391182
0.99271243630205474595130
0.99270036468537470319973
0.99269687321946542546414
0.99269567541060477200432
0.99269629870375375446656
0.99269258734451992776116
0.99269183708071451199828
0.99269328261309919270161
0.99269714013738763469519
0.99270362157199731889534
0.99270930426961612180747
0.99270035971323333789940
0.99270610881661502933326
0.99269393736159217134229
0.99268987276600839653184
0.99268822205103990352626
0.99268891158688621345618
0.99268548717810722870070
0.99268487921577486243763
0.99268657763291878737277
0.99269070274193593750311
0.99269703306966794453814
0.99270282892388017614849
0.99269365512460594480615
0.99269949587355887921092
0.99268741793258352679175
0.99268331620868854869855
0.99268170508333763990549
0.99268238149450283014374
0.99267945761786258174197
0.99267855515582315018008
0.99267998328162720955703
0.99268406128109909491997
0.99269026129697979232702
0.99269608506724538177224
0.99268686407002437732672
0.99269260402121284325716
0.99268072965759035497513
0.99267657421793298322399
0.99267531197110181473420
0.99267651854181782056230
0.99267340919172386559666
0.99267196331603213543815
0.99267315439399828047584
0.99267741305678647290023
0.99268344606107150607244
0.99268908249754039818669
0.99267998180717231804238
0.99268558786020333339906
0.99267402571584806292293
0.99266971394621750235387
0.99266855998131786620320
0.99267015738264541280245
0.99266899053723389734216
0.99266553356739883895443
0.99266685517220953904882
0.99266516510560420805120
0.99266628231396025761057
0.99267059816809222194678
0.99267649782406552905201
0.99268215890989519589738
0.99267303468947254430077
0.99267882775829607844287
0.99266710857288897873474
0.99266281315296933662751
0.99266181640558737164781
0.99266357138622141054185
0.99266213660801527751687
0.99265879590555772260529
0.99266038537743461755980
0.99265849699481256696032
0.99265930008980396426210
0.99266366796551963602724
0.99266968238474884156375
0.99267550830122797123067
0.99266635158339655564674
0.99267210765615820911023
0.99266031068713300733464
0.99265581782844902747343
0.99265513193210463960270
0.99265721844375276461392
0.99265551263572071594155
0.99265216883599571850993
0.99265401897118632490447
0.99265180483585713222539
0.99265245360640008698283
0.99265700640212484184843
0.99266305332431958863282
0.99266859083261149709898
0.99265965483249429812673
0.99266497957052457490335
0.99265371536732605051156
0.99264912691620288409666
0.99264851121094688224389
0.99265074226315841432466
0.99264868703007758110601
0.99264507463536688636196
0.99264736312103596382883
0.99264526530610397436760
0.99264584639039132873961
0.99265038350325773830463
0.99265617155621377332153
0.99266135974168623334890
0.99265267044970328935705
0.99265782183029760421533
0.99264696367391402898051
0.99264248820000555717513
0.99264201106567140353576
0.99264397969821205336416
0.99264134999407982462571
0.99263763973339391721851
0.99264062292313393065513
0.99263872740027225827220
0.99263904566776806071005
0.99264342179868625404282
0.99264923196610632682990
0.99265432984583401587741
0.99264582029601511337091
0.99265082679053451286677
0.99263992277090229432446
0.99263552478788474875415
0.99263538900393533115363
0.99263728742730195087063
0.99263396872541231896747
0.99263041241732474784243
0.99263397608462944354812
0.99263201027083136640528
0.99263201861465522046757
0.99263648048034469617562
0.99264243493230452930476
0.99264716300171684792986
0.99263894597532498220716
0.99264332934014254394839
0.99263310942952309723353
0.99262863885691854370918
0.99262868805655424253587
0.99263068766713757895559
0.99262681608842517899660
0.99262323207428659888052
0.99262734354936577041428
0.99262547234581688382349
0.99262535801121432044170
0.99262974223986444322065
0.99263539197685157766671
0.99262631338148610282701
0.99263182256713256013114
0.99262212348899214742204
0.99262233584266701402754
0.99262400743628165233901
0.99261953166407701498741
0.99261571618551258655572
0.99262067076918991670453
0.99261915083019414129950
0.99261878999049535376997
0.99262285334232169820012
0.99262833471989730949048
0.99261941790093244364357
0.99262505266325418151752
0.99261536450490028826721
0.99261581957079947358125
0.99261719719368279868377
0.99261179207615002351162
0.99260776296262098750134
0.99261360253469255177095
0.99261233960217987171148
0.99261185211620761581486
0.99261607217326519592149
0.99262193439911605707948
0.99261284242949077150087
0.99261883879977808042838
0.99260841178149750163584
0.99260876289499366809110
0.99260987660692667766682
0.99260369288659844322353
0.99259966585870584854234
0.99260613793842766838793
0.99260527222074113051775
0.99260508322276819193064
0.99260962655615514460550
0.99261552966445709689225
0.99260632753061106559045
0.99261193690574045511710
0.99260183988709860258837
0.99260192055017104628689
0.99260249389182919621533
0.99259565919640180275962
0.99259229443908048029499
0.99259907067986785644820
0.99259871137653166162096
0.99259858957507418608657
0.99260282299685331786065
0.99260817708419113447604
0.99259920252468658574685
0.99260447498565285151528
0.99259517921776019289126
0.99259554365588531510411
0.99259578055941688479180
0.99258904322428509470200
0.99258587557824895508674
0.99259248643964992364630
0.99259222712502281904534
0.99259171510546206906866
0.99259567390371683526240
0.99260111740769230159742
0.99259238407606298348895
0.99259813202856328473445
0.99258818209262800191794
0.99258869257234860761230
0.99258898734807732289198
0.99258261341465070515255
0.99257919848445042010354
0.99258526716646922061216
0.99258507057362155290292
0.99258479548029088235239
0.99258934753565275510567
0.99259534005804306300291
0.99258638442096702725337
0.99259238221564793924756
0.99258156457568424979598
0.99258149471366596827693
0.99258142056123865870632
0.99257559649522786315856
0.99257208312484357382033
0.99257771645538528382247
0.99257810091510878525156
0.99257838802676545686410
0.99258323251088587113600
0.99258904755464738567383
0.99257970153710839422700
0.99258534453539937203459
0.99257505321588990199189
0.99257482370979632779751
0.99257431040656463050453
0.99256878827729844161354
0.99256586907268484765154
0.99257114675006286041992
0.99257153862126723531389
0.99257149481804440860344
0.99257585328212161179806
0.99258149176510990230327
0.99257198896969767165643
0.99257784430778550621710
0.99256766822670261518624
0.99256811830810720564955
0.99256803868667853318897
0.99256317399993299055438
0.99256041256565674668622
0.99255757281999068553091
0.99256046329366409697315
0.99256475114854936236952
0.99256446012134580403341
0.99256390553930873288380
0.99256841602239531674456
0.99257454045324466918032
0.99256521710310341433114
0.99257148816526907797453
0.99256042353203000061512
0.99256075944084509732335
0.99256118035850859904201
0.99255743500525972500270
0.99255449271667417487919
0.99255099467056517870134
0.99255404641409372690219
0.99255750691478306091398
0.99255727028286422353176
0.99255724030351633047076
0.99256220906144920768099
0.99256839325165324705580
0.99255906693479578617456
0.99256498191178210710461
0.99255421444277380782495
0.99255407127054684490730
0.99255394063868240817072
0.99255048727083994286602
0.99254725089809148208531
0.99254358219037863708678
0.99254714873436755695479
0.99255079726140527096589
0.99255109029506771722851
0.99255105453101888368650
0.99255547643425867665457
0.99256123360059977933645
0.99255150096620980981754
0.99255733550112035246116
0.99254748836194439665093
0.99254808727232424203635
0.99254801533495895515813
0.99254430870694243527197
0.99254030965157968857682
0.99253753399874700136252
0.99254190901420613624140
0.99254536840994800339644
0.99254481979474373787298
0.99254362999647327558961
0.99254744812958139998926
0.99255354856023347842608
0.99254368010784510545363
0.99254997509410147760178
0.99253978237209505852690
0.99254129223339926380021
0.99254246286223846151842
0.99253960043934408297162
0.99253501260855614418688
0.99253224742132140079320
0.99253687936101053779225
0.99253916778209505533681
0.99253772306162768579441
0.99253627455331605577982
0.99254034891579412391849
0.99254654689281862633976
0.99253725898578848418907
0.99254299751930141759715
0.99253322808765154228183
0.99253434692499742375560
0.99253556831050460118604
0.99253348432583621274716
0.99252879990348152894342
0.99252455254841343013084
0.99252952028570451403766
0.99253197215301280920130
0.99253131982567666113937
0.99253039302159540291370
0.99253402736737250666721
0.99252734544836884733598
0.99253033478439811609917
0.99252847174133362884163
0.99252860367000128594128
0.99252541976834418591125
0.99251993453626308205884
0.99251546227821907386613
0.99252167464983831468572
0.99252550983594167721691
0.99252543006493187949246
0.99252377549014247914982
0.99252619892359050801645
0.99251979730251616018677
0.99252193773207386673363
0.99252201618544133587818
0.99252240519424583808927
0.99251848974170586714649
0.99251162143490023748171
0.99250850021859904348531
0.99251554049378554189786
0.99251909883536315604147
0.99251831579181459819239
0.99251586450096740410487
0.99251794905533119450780
0.99251239296615367813104
0.99251430724155886853310
0.99251467508402368977727
0.99251549229063640300552
0.99251240774484128515098
0.99250565946888069657206
0.99250251332157002348566
0.99250872730106542984885
0.99251171314069319695506
0.99251137390884380806710
0.99250930652269286902367
0.99251092651064187766252
0.99250626708728562075379
0.99250767479841772722438
0.99250824066106202447912
0.99250789979980891253319
0.99250454762352513515822
0.99249871031504333096507
0.99249443549707716538677
0.99250014764272043166216
0.99250393262428437957112
0.99250472094732633543401
0.99250287585921992405957
0.99250459195352636054821
0.99249920399398516845935
0.99250169551547640089950
0.99250049256202876879485
0.99249950099253370083829
0.99249578497335888549458
0.99249030952052685883302
0.99248701794500582273884
0.99249146834665713523549
0.99249455414070930636683
0.99249594732453239043224
0.99249583867460522412784
0.99249734935574063232622
0.99249221088399786072642
0.99249216826008657132974
0.99248962081602720708418
0.99248716669391701117320
0.99248425882987179047490
0.99248129644176008579137
0.99248306962400323349982
0.99248591986398648767675
0.99248938304333644833122
0.99248392805006790950983
0.99248364076190431770641
0.99248364551265688682236
0.99247977591355918125515
0.99247745171105850037208
0.99247298064449718246749
0.99247739175842519809834
0.99247891174583002804610
0.99245975148712683999719
0.99247298460866895108978
0.99246908648752829584794
0.99246528377179321633861
0.99245615204233439410331
0.99240373485851807178193
0.99245344287665326898917
0.99242165638281887307670
0.99240852603830065348234
0.99232026453894917050746
0.99275809312752838486915
0.99275744650076891417712
0.99283140501802891186856
0.99282356458069420668267
0.99284476814666255961583
0.99281821338668541088168
0.99284058281358489317370
0.99284234416932148903356
0.99284022421262052571223
0.99283969540324579217128
0.99284044718503339232996
0.99281484893220062204477
0.99283795812375330580579
0.99284130833900352541832
0.99283624297144612569355
0.99283855446381408249579
0.99283266001270342737683
0.99283673389478088733284
0.99283686469248488837280
0.99283872942765283298172
0.99282488031297122521579
0.99281365293013368322761
0.99282741777874738975385
0.99283407930309863775875
0.99283312793094080639378
0.99282949615806248555572
0.99283306227246281849830
0.99282640281207923393936
0.99283087367908828824170
0.99283049258925537561282
0.99282384607210427684976
0.99282000261008851449418
0.99281701465636140735427
0.99281814811799640185797
0.99282055596379592543599
0.99282852837566559767168
0.99282922622208336083105
0.99282348601944137023168
0.99282753052925931669392
0.99282110738840201324962
0.99282683770854684990326
0.99281825690245473214901
0.99281499844625986650470
0.99281614191222300469519
0.99281270096551654802397
0.99281210597298774622743
0.99281581240546501465616
0.99282449779642945042468
0.99282561182513062725263
0.99281931004219103886754
0.99282357946204458087891
0.99281760184352030318422
0.99282149501640382105450
0.99281256626141745069702
0.99280907081789537826921
0.99280916651675632511598
0.99280587033290002008101
0.99280560141202278678918
0.99280885524130757513461
0.99281830692980266306336
0.99282135755863409887212
0.99281535873974369188488
0.99281874248445012298703
0.99281229385437030909856
0.99281527039568207015918
0.99280529919723725651437
0.99280202737250111688638
0.99280260442587275893089
0.99279942649971486545724
0.99279883412385572238890
0.99280228587276730944922
0.99281227222780110697187
0.99281563930867355871612
0.99280867873738054552035
0.99281223894435455257224
0.99280521205219740554782
0.99280910680530487510964
0.99279957105349758705870
0.99279626110573726549546
0.99279655649574516385059
0.99279408411860370353708
0.99279394698230705174069
0.99279676412725093026523
0.99280568514806388780158
0.99280890666413612599683
0.99280242012498320924863
0.99280599262515201175461
0.99280035383234543910902
0.99280209924435758317429
0.99279356364231119425057
0.99279141679822147104062
0.99279175240039119199054
0.99278914727587719291080
0.99278837726468949220759
0.99279005989555724198681
0.99279873508836780082731
0.99280348880810365130856
0.99279853625140201955901
0.99280107713473975117324
0.99279635067402660641989
0.99279563985636087863895
0.99278659690941273296971
0.99278496342987276879199
0.99278606234708943745204
0.99278598305824294900646
0.99278268985822726300228
0.99278262441660924952913
0.99278154620151370934877
0.99278342237193517583194
0.99279270467951596934597
0.99279828217804333423402
0.99279337946355894484185
0.99279490856503838092095
0.99278972648141006196454
0.99278962444430229883352
0.99278057702100419579239
0.99277845285389565432865
0.99277919803772241014173
0.99277927477640315334639
0.99277599383316972314617
0.99277600739483051750511
0.99277571780725359928965
0.99277777613080409047086
0.99278621479844952890659
0.99279105418984436859375
0.99278579799139765604821
0.99278715591786581562417
0.99278209999004429775482
0.99278250148394264762430
0.99277476489356486499815
0.99277307808106340925036
0.99277308999392299693199
0.99277295519495689646305
0.99277001672658038433639
0.99277022011110394039690
0.99277020341530664016005
0.99277144766913305584666
0.99277878694418153493473
0.99278355883864710662579
0.99277886466059239722881
0.99278041781589032588329
0.99277601272030080448161
0.99277529347626747302513
0.99276799977114293938030
0.99276692741335625935761
0.99276708825891668563912
0.99276693464965293234314
0.99276359182985596252280
0.99276362950896845926962
0.99276345253687203751269
0.99276469782340925895880
0.99277214994308327078443
0.99277757770767494083231
0.99277319237162842124889
0.99277469069076451635425
0.99277013453789197949817
0.99276922340015283374726
0.99276164888505458172574
0.99276002684243302986999
0.99275997368480117799550
0.99276000333783120943565
0.99275639828748973858552
0.99275640883049276474992
0.99275687794203015812400
0.99275878793627403418043
0.99276627912231940609189
0.99277155524733873281917
0.99276676676918307329345
0.99276815160412990035610
0.99276322526914762001127
0.99276305577985424211107
0.99275593213436508222003
0.99275392040464005560807
0.99275307804307599823801
0.99275296231278853387181
0.99274973889320594633290
0.99274996768277512515510
0.99275093819130955097307
0.99275286449349164907829
0.99275963763141950035873
0.99276465628879850822130
0.99275970095057908260117
0.99276133332630112082740
0.99275633299943688570011
0.99275616908557218209808
0.99274954564964346115374
0.99274772925459286998517
0.99274680574559537316048
0.99274661206647285549565
0.99274335201008800932954
0.99274339489199525665697
0.99274422375506488069874
0.99274613262411703917820
0.99275287622021701761099
0.99275823618674086112890
0.99275310168256625242833
0.99275527395145612974403
0.99274989487707343549516
0.99274978805820790483949
0.99274286923025700790646
0.99274057956960326531970
0.99273965462409363702534
0.99273978298539256037714
0.99273599374699839081870
0.99273581700659196958014
0.99273702093313431760180
0.99273979811494117431181
0.99274680879749277462309
0.99275230483090837196869
0.99274655850039161819609
0.99274908374125492294127
0.99274374704874357444595
0.99273682204522795125001
0.99273371833731027802372
0.99273211238763992003697
0.99273218102899207782031
0.99272858226376348156350
0.99272873302675301854237
0.99273056084287236711106
0.99273377240928872833337
0.99274042452873378916678
0.99274565829205529965407
0.99273685309795445252945
0.99274214604521260341130
0.99273048530434082614704
0.99272737502444408086433
0.99272559652881686709236
0.99272532493221721239252
0.99272232571777951903869
0.99272249459792671899550
0.99272398000156047981335
0.99272694040331999065785
0.99273323131083457404600
0.99273870340388903343865
0.99272965648740996158494
0.99273539611059924414604
0.99272331703254423906913
0.99272029496986635699329
0.99271914536775962556447
0.99271931687896663998316
0.99271610608508864537214
0.99271547488620393018266
0.99271648435895809559071
0.99271976117631333114133
0.99272626689417331480314
0.99273218138904772978037
0.99272306320104497512347
0.99272904330071121137280
0.99271635309772865429778
0.99271266263436552801380
0.99271157990077496524606
0.99271259612926798787669
0.99270884152403349176552
0.99270774966237784742162
0.99270905980515544708709
0.99271314211802752502933
0.99271987294423191805492
0.99272590855927500541611
0.99271663490312711530805
0.99272271039799431235906
0.99270995111472815075615
0.99270563853620930050425
0.99270414245982252499090
0.99270512391547649500012
0.99270165979219671115175
0.99270080773010460628569
0.99270233242245853322316
0.99270672669793547093775
0.99271333189484678438674
0.99271942749349006973603
0.99270997666973448403382
0.99271609022975959568669
0.99270345117305724969015
0.99269906008759412063824
0.99269764269538396384007
0.99269851600003444769271
0.99269555285043820092028
0.99269450211894305624583
0.99269571618866370155132
0.99270010268471442493876
0.99270660630810914071276
0.99271267384645678344413
0.99270323334913812551861
0.99270918637020888475320
0.99269677706851933152166
0.99269229764463540188757
0.99269126781365735201490
0.99269257611626626758294
0.99268943115530894338860
0.99268792695010243942733
0.99268886986979909536899
0.99269346489380561049387
0.99269983946430295773666
0.99270565747290873126474
0.99269639809354381920770
0.99270215578898490793591
0.99269008125558688693246
0.99268542178695962086010
0.99268453141557733143685
0.99268614513057862325240
0.99268510950026089822984
0.99268161796535003826847
0.99268280861275759452411
0.99268114437335963629039
0.99268198313208388938733
0.99268665650457732496648
0.99269293647333556318557
0.99269871914174367955042
0.99268949615853896428774
0.99269537927900874940690
0.99268316823514612945445
0.99267850839444815580492
0.99267780343383293928383
0.99267949072439742863594
0.99267818675532182304266
0.99267481309569183256514
0.99267627175580397391741
0.99267449014343978053176
0.99267499143328286059784
0.99267972727695474866039
0.99268616652895913521348
0.99269205123624282283146
0.99268285665693889452399
0.99268864330320483180259
0.99267636868204534028592
0.99267150596844344612180
0.99267113069743040387749
0.99267307383951941535116
0.99267149909958285469713
0.99266812455713437923777
0.99266984363036347982501
0.99266780939289711582774
0.99266813919547047806446
0.99267306274131983379050
0.99267957753562086065102
0.99268511915930091049631
0.99267619785200578164108
0.99268150063069282573736
0.99266976898186465305685
0.99266481076590373788804
0.99266452193035292772549
0.99266653557577777533538
0.99266461403661299112144
0.99266097597884328518347
0.99266312611853435576847
0.99266128077079829328255
0.99266153022010394924024
0.99266643266117715604935
0.99267273292902069581345
0.99267787439366661494944
0.99266924838430681266033
0.99267433162924434419949
0.99266300767970616636404
0.99265817300115044563569
0.99265803073218195073935
0.99265971458560597895371
0.99265722866602434937278
0.99265349760971977044477
0.99265633047059642635190
0.99265475127543356670401
0.99265473174473295436826
0.99265946021390982778598
0.99266582447571616310000
0.99267083635319686152343
0.99266242666914017434010
0.99266733120433459092169
0.99265595529559491616567
0.99265121206950412968695
0.99265141732481032565971
0.99265296757737186972292
0.99264980800530899784917
0.99264623800499252048724
0.99264962960074010211997
0.99264804255563154899988
0.99264770838789384566070
0.99265250600353005516752
0.99265905457007375112255
0.99266366655754889603003
0.99265557801934756199103
0.99265983375686150935735
0.99264912717976716560742
0.99264433220129810742094
0.99264472338532572237568
0.99264631633608702010463
0.99264263177508638147373
0.99263904140010783549997
0.99264294895200722024242
0.99264151029331249009857
0.99264105544295189176296
0.99264575152560963200443
0.99265203464648565923056
0.99264231449952711194840
0.99264847427086755349279
0.99263782456969495981980
0.99263837719174841112135
0.99263958914938899003033
0.99263533717736440742385
0.99263152185186265263894
0.99263622876248136517319
0.99263519569635549899544
0.99263449530494207717624
0.99263884640166488715352
0.99264499524579874467634
0.99263540168564334820189
0.99264172208043344181050
0.99263107493163471595210
0.99263186663461622227800
0.99263273210796010292967
0.99262760234719593643860
0.99262358037330666871156
0.99262911633411143874639
0.99262838796032848431850
0.99262756812390207095120
0.99263204619064948630580
0.99263861075163384306563
0.99262880800908548373229
0.99263552042569813682604
0.99262413270585003743918
0.99262481253998258168281
0.99262536819213909033977
0.99261952012690179980581
0.99261550600292280943648
0.99262160732741411273139
0.99262132336534891763336
0.99262080884775971689749
0.99262558376514375968469
0.99263221607581497707429
0.99262227554563520204312
0.99262862780546290419892
0.99261757089830582323486
0.99261797198521817264805
0.99261794103274170186779
0.99261152680087072486259
0.99260810886714867518066
0.99261449754169550629967
0.99261476137154858179201
0.99261432570826357846272
0.99261876118364134047312
0.99262487132513388399246
0.99261513088589237163717
0.99262117125158277897157
0.99261092027451225394685
0.99261159149007049951052
0.99261118764487665799834
0.99260480826930808095909
0.99260159267944192418298
0.99260787436551300988441
0.99260827297343401376395
0.99260745976465125650634
0.99261159282449007434934
0.99261781447962338376101
0.99260829315573606557166
0.99261482995560024189530
0.99260393045373629394845
0.99260473505372992519824
0.99260435547042202841794
0.99259828728406729325684
0.99259482992032022075080
0.99260061761160289783845
0.99260110785755528706176
0.99260054735488878474570
0.99260524587860543554996
0.99261203903454842123466
0.99260227172980453058670
0.99260908027952599042010
0.99259732024826219376479
0.99259752554547764358261
0.99259675417282400289309
0.99259118858316575106926
0.99258763645258418772954
0.99259303389624709001993
0.99259412487974962857606
0.99259414641160759185112
0.99259911015978508075364
0.99260574268771639694364
0.99259556930894676796129
0.99260203673328506468465
0.99259081392417103373305
0.99259083981892270998060
0.99258961144982038593554
0.99258430678443509975750
0.99258135470439212699745
0.99258643244937594385391
0.99258754551720995706887
0.99258725760938282256518
0.99259171046140237670841
0.99259818046846293171370
0.99258783553886786865661
0.99259452759233912644277
0.99258343377448698952037
0.99258411413854241711618
0.99258331009149169954497
0.99257862947317354596066
0.99257643603212886151965
0.99257359730324867808093
0.99257588898905491081592
0.99258000936701851202315
0.99258044354066043979401
0.99257967265560320679896
0.99258425341161071742135
0.99259121694354612852607
0.99258104593604434828791
0.99258815718717696707785
0.99257619146555675637700
0.99257673061250761836760
0.99257642469569040688526
0.99257283407773433392407
0.99257051310529909038394
0.99256700426406019310832
0.99256942076949905562344
0.99257273743906482277310
0.99257322856803897881406
0.99257300912637647094527
0.99257802947504369939224
0.99258505418373421669287
0.99257487804417743326724
0.99258163437244473215060
0.99256998428823106639385
0.99257001430975289046899
0.99256915829635095072092
0.99256583879599680209083
0.99256324265319384458905
0.99255954916940902776901
0.99256247797834507018422
0.99256600361669800047792
0.99256701733573404755617
0.99256682460443257376426
0.99257127821093671382613
0.99257787631669258665568
0.99256729444452118649167
0.99257396700355060570331
0.99256325761902319815277
0.99256399835220243677014
0.99256321045247986045723
0.99255961754485677595028
0.99255624476045112292155
0.99255343036938659118107
0.99255719919791918215424
0.99256055236031759392290
0.99256071397415202017811
0.99255939739397081034156
0.99256323297821325013501
0.99257016955876153918581
0.99255945478744223020584
0.99256658641894679462325
0.99255554793576983296788
0.99255716770879243160408
0.99255763673570651661748
0.99255487425720057004241
0.99255086296420469427204
0.99254804449010158862166
0.99255213731745950411778
0.99255433304311069253600
0.99255357882765449240026
0.99255203864267649294106
0.99255611329301351997145
0.99256314783034216286950
0.99255301357968350739469
0.99255958742806738026587
0.99254898946889058564125
0.99255018204971301454265
0.99255072646216324638857
0.99254872718578401880052
0.99254453736009162767573
0.99254022444342060449429
0.99254475012008813727959
0.99254712354103546978479
0.99254713419324869239091
0.99254615060002548965201
0.99254977166928781695532
0.99254309871443857637985
0.99254606731525041318775
0.99254426415108487624650
0.99254374943562351241155
0.99254063918090229545754
0.99253553604543987010089
0.99253098857931842946556
0.99253688488527513911208
0.99254065252961010124011
0.99254119808907004252063
0.99253952431618530649615
0.99254191830924531902980
0.99253553995826282463355
0.99253764374616082477587
0.99253775883249639733208
0.99253754712345354516145
0.99253369221347653716947
0.99252706958632508360552
0.99252386931171721062839
0.99253073738165387140953
0.99253424100192733092740
0.99253403273039053633653
0.99253159955893166532803
0.99253364164331980834532
0.99252811963003240158798
0.99252998604618003497535
0.99253036480671197328007
0.99253063612058323172960
0.99252760133358541860815
0.99252094832312998118340
0.99251772189097553500403
0.99252391961842623135936
0.99252686164062842166800
0.99252703530987240743144
0.99252502465214287319384
0.99252659020220601604478
0.99252197585905499455095
0.99252332332163761829946
0.99252387258610019760141
0.99252305628955639349442
0.99251973944779303682395
0.99251383991831343411860
0.99250948928681348437664
0.99251533975124572872772
0.99251909950532901660836
0.99252032239831899929072
0.99251857411894561789012
0.99252022538833328813013
0.99251489001717141391623
0.99251731417109234634211
0.99251606328041142024432
0.99251467969613893504999
0.99251097931776610661103
0.99250528607557630955682
0.99250189880092609673312
0.99250666751815830313177
0.99250974712663186938499
0.99251148647342291031492
0.99251151213227839509301
0.99251295109827009088832
0.99250787120311279032592
0.99250767410052320727232
0.99250483200332972888447
0.99250237168870536486054
0.99249905249395442563554
0.99249601063476500240057
0.99249828227587122420061
0.99250115328739296760574
0.99250485564342216804334
0.99249957209203021335497
0.99249908024879729406820
0.99249890386136330189260
0.99249499918190198233248
0.99249209479165778624576
0.99248755889036333055486
0.99249262955192540935911
0.99249419749567757698117
0.99247506260687157197964
0.99248823800156937835482
0.99248360791418444026846
0.99247975483640371585636
0.99247141736813881962576
0.99241899931248678257134
0.99246786788055296746336
0.99243624280710063256805
0.99242290264161714397062
0.99233481677486412575462
