0.93314594751304513753354
0.93321345243154629756077
0.93327019702083424679273
0.93330280466614556900140
0.93330668080417567011864
0.93330224098631331397513
0.93333004718939782673459
0.93331590592958613150643
0.93333592495989925463817
0.93332175365653913257091
0.93333346960331731168026
0.93330989650104501098582
0.93334351197014708834132
0.93334124992642752971506
0.93333804022243549436411
0.93332915771580982067235
0.93334126637668901604883
0.93333634825441424975878
0.93334366476429131420645
0.93335251538141406069116
0.93335093600866558816165
0.93336071518369934096881
0.93336237086874174195827
0.93335540508773096046724
0.93334714632975501746870
0.93334543552536897159655
0.93334163825573035477845
0.93334957316567968010901
0.93335230681592884494080
0.93335921907169716593700
0.93336641966308975248978
0.93337580011036491711707
0.93339530241134627264188
0.93338123131308281532625
0.93337046597541450942970
0.93336467953997570567992
0.93335801698820752836383
0.93335371246921206012104
0.93336356551474508602695
0.93335828465605341630607
0.93337042125689240190667
0.93337552238727472531110
0.93338506495346207358921
0.93340233900204117034605
0.93340642456000710858177
0.93338927327177478865394
0.93338056716205863860836
0.93337555984726816582508
0.93336901421235107800811
0.93336353463584320611091
0.93337449851480780438351
0.93336910268225503628514
0.93338015907281013383567
0.93338494698112606240414
0.93339357171174219818255
0.93340999313637185164083
0.93341397845833806723448
0.93339753178671047706416
0.93338886936928744386677
0.93338468957932552161338
0.93337999698655083058441
0.93337434929501206237745
0.93338519008438780577563
0.93337889901517734347891
0.93338941232830863192760
0.93339302337236829121281
0.93340137375287224319464
0.93341809538505837728906
0.93342227415217737807041
0.93340562385902969833040
0.93339766229250054063726
0.93339420566797404177350
0.93338990233532304063857
0.93338297185807239664257
0.93339417546723990604107
0.93338715915606018658224
0.93339873858894029101663
0.93340259484136001155719
0.93341044159797592616457
0.93342673205389226076534
0.93343155828058421707993
0.93341551144011036811321
0.93340731133851628786857
0.93340284204289025726808
0.93339848720688867178552
0.93339204170365275281540
0.93340316676530865613870
0.93339772563274037153747
0.93340681469939046355222
0.93341152947955063901020
0.93342032152737697270339
0.93343653437101625769401
0.93344129541482145917541
0.93342456226819536801997
0.93341540984345960918489
0.93341090012687666366276
0.93340834840043485076677
0.93340373450020686085793
0.93341361096935260288632
0.93340939734011696415905
0.93341538514264044135160
0.93341933397274579053970
0.93342842816254434357148
0.93344560903979945098996
0.93345242404096029353866
0.93345726757306179965923
0.93344953239717609605464
0.93343235596991314118043
0.93342367704865325528374
0.93342007609664101597247
0.93341860115952179910437
0.93341436042916015036752
0.93342291294144508206898
0.93341860098271034473782
0.93342466866308548834041
0.93342837810487422345318
0.93343666302759031871972
0.93345346892913194647434
0.93346196847179518929494
0.93346679062178483654577
0.93345769515162901885930
0.93344138348447114328366
0.93343314982821867786811
0.93342887279914810161330
0.93342673201254311443620
0.93342256890371155808594
0.93343036442911730965477
0.93342673096004702415485
0.93343274676989795857196
0.93343765165885828061221
0.93344617948473196378245
0.93346225449405850760343
0.93347182804866801753008
0.93347701859663811951862
0.93346682289834104206960
0.93345069513787404247296
0.93344180043382574130106
0.93343653301536888555745
0.93343429434445734926840
0.93343135623417827773096
0.93343867866382057574270
0.93343629533291105904169
0.93344052861259474429545
0.93344582908613038529921
0.93345485295481767096248
0.93347117010161451133854
0.93348212574574751521084
0.93348693314541564269859
0.93347513760990896702907
0.93345877568151081060677
0.93344994578120310535496
0.93344493243464421450284
0.93344332251987782722580
0.93344124601705513732952
0.93344796025888210344590
0.93344592687960203925002
0.93344960739615379097245
0.93345442193433569855188
0.93346282837233474083405
0.93347895863200591737296
0.93349153502287263162174
0.93349610655567616390726
0.93348287461910983697777
0.93346716804955442992053
0.93345917413915646676514
0.93345425679001703400672
0.93345230401657486307698
0.93345032281776862959077
0.93345642058063971191473
0.93345451930134848428366
0.93345873780296761967890
0.93346393190105736437090
0.93347179645002154035893
0.93348714282396705321787
0.93350085206863575582048
0.93350584851911744266317
0.93349160781207429771200
0.93347640240774620856712
0.93346847247059749896891
0.93346298367576163723669
0.93346049579314482880221
0.93345877152777012586427
0.93346468306540442139152
0.93346314595359458632373
0.93346721096456242161565
0.93347278969747893295761
0.93348074856689911005247
0.93349602204987425224658
0.93351094072189289008179
0.93351581230487945539664
0.93350011731149429294874
0.93348475879524228648876
0.93347701789920434212178
0.93347161808868073240575
0.93346910981960695696813
0.93346760726657596052291
0.93347368961613852444970
0.93347202771349901961884
0.93347622896977888728998
0.93348131261207434317129
0.93348864177418711118861
0.93350387477166341110291
0.93352039647486007023502
0.93352469014451200379767
0.93350746420846664186399
0.93349261996205190605735
0.93348583839629595271248
0.93348092989958186826982
0.93347814594386935294068
0.93347628535329330023984
0.93348242647384482850725
0.93348554011851625489271
0.93349048258105316033806
0.93349684404910837631775
0.93351129404280674961569
0.93352897252199640298898
0.93353352161165215061800
0.93351546093423198868777
0.93350130170739509249955
0.93349508630190503044588
0.93348993444359718019143
0.93348651629120948935991
0.93349415376127586885247
0.93349057623209830136801
0.93349944436885456955366
0.93350578766428460308902
0.93351997919845663975735
0.93353848985703580254381
0.93354375424016866613641
0.93352449538732462652746
0.93351004525593006544426
0.93350360768632723029725
0.93349827970875243199345
0.93349478479563363642058
0.93350256643111939602875
0.93349917321044639795247
0.93350764945060582533642
0.93351400830910902239879
0.93352879390824239358437
0.93354898457873014550046
0.93355355445257071078657
0.93353270001103805242337
0.93351776252173734871320
0.93351175724749246853662
0.93350707338981719907167
0.93350374039171413187432
0.93351165039792882716085
0.93350836367044054409092
0.93351607543884596029926
0.93352158899726689345044
0.93353638219900536565632
0.93355738724917003423798
0.93356093017668806410825
0.93354001977258760369693
0.93352557147297521300544
0.93352045728197563523310
0.93351629410787584362197
0.93351293141156477251030
0.93352084815965552522243
0.93351744916233070359368
0.93352492893676297658345
0.93352976903088369375894
0.93354394396429096758538
0.93356450780030197922343
0.93356838258247987205607
0.93354819282715439943132
0.93353412041092820317090
0.93352936132593877793795
0.93352530462570326719174
0.93352188713272554743128
0.93352974152834167220760
0.93352631352919668294987
0.93353372414293045444822
0.93353847178015936236761
0.93355267007689513025781
0.93357261238184874319046
0.93357705777920207967924
0.93355718800279541280673
0.93354282203989069621741
0.93353811047477164297703
0.93353422250674300553186
0.93353072531871295058892
0.93353870857302345687145
0.93353510176205312109943
0.93354252548655103360886
0.93354713911174103113666
0.93356163201070130330805
0.93358152236069025242671
0.93358581850379707134380
0.93356598404305335403564
0.93355142463975970823498
0.93354693456930570860663
0.93354315081253336217060
0.93353947341099341450388
0.93354755159252056362362
0.93354384892105102267124
0.93355133515927568588211
0.93355577063120998015933
0.93357025731270082413715
0.93358994050706856082655
0.93359543822335200324858
0.93359994439683957612175
0.93359396269303207560597
0.93357454819728580286409
0.93356002100939761145781
0.93355564122878298416452
0.93355191230872480723235
0.93354833909790213564150
0.93355632260763343754917
0.93355289471654145927459
0.93355986724540229726443
0.93356422692610097069377
0.93357883834929356048349
0.93359805378118065899429
0.93360444664199615516509
0.93360904379562748012233
0.93360221701762102775035
0.93358309440109765731108
0.93356839496483712270702
0.93356411031701047598119
0.93356070618139908035005
0.93355746698237029868039
0.93356520512507645825906
0.93356195259776375561245
0.93356841609106133716978
0.93357261994039386632238
0.93358740959469499465229
0.93360641779784214744353
0.93361364809816249632490
0.93361823380800246230393
0.93361053965521212383294
0.93359169573717748491504
0.93357692317722384967027
0.93357286863741084648183
0.93356968055270961315273
0.93356630085617708925128
0.93357412828016550498944
0.93357056838161789347197
0.93357742116503750207102
0.93358137863942836087716
0.93359604953466324150924
0.93361458787497231259778
0.93362270933945601392168
0.93362702435828048841415
0.93361863584326787446344
0.93360042126375042403907
0.93358586097909501688719
0.93358187565119488127152
0.93357849897592448673578
0.93357487570169528368069
0.93358280011465444303553
0.93357926993768525214534
0.93358620619135579410397
0.93359029958914685476401
0.93360484643695007545006
0.93362263796946709515368
0.93363126570723631303395
0.93363551173554015782940
0.93362665862973381880607
0.93360919263717856431128
0.93359458769868530758629
0.93359049730402399180917
0.93358712896506523826190
0.93358375127830950379604
0.93359153811247297394260
0.93358822559276610775214
0.93359474851707868747752
0.93359877925087331185239
0.93361345031911191494345
0.93363070205150555658236
0.93363987216567201343764
0.93364425945976381449043
0.93363476437047210332310
0.93361765064777413325459
0.93360298811931874407577
0.93359907130102159911189
0.93359593433037357801396
0.93359254177882433634039
0.93360027530250444538495
0.93359665045373041447618
0.93360346989169062936753
0.93360729636696637712134
0.93362188437284709952024
0.93363878569935676576819
0.93364876506734784111785
0.93365324837920782297118
0.93364284463443569794805
0.93362623435835967455887
0.93361176528623346371205
0.93360789722663073408881
0.93360449657292821079579
0.93361233287573341943499
0.93360871461406835791763
0.93361628094437698610619
0.93363066135607042372868
0.93364694999674469055861
0.93365769951794730374672
0.93366209646379971776042
0.93365101939225958460611
0.93363511240804730739740
0.93362076787950876166633
0.93361673194172900558385
0.93361306573898028560166
0.93362114515775285195076
0.93361766184623262709863
0.93362515159482883930764
0.93363945288581606796185
0.93365508460661827960791
0.93366642847348413347675
0.93367072995170452553992
0.93365896004944493036248
0.93364363066569533433636
0.93362945789066364987718
0.93362571664549631744734
0.93362245360638040914125
0.93363038866509562296869
0.93362722141463361236191
0.93363379397671286685778
0.93364771011145353263316
0.93366271362090713648030
0.93367499317476065900934
0.93367925019334574443519
0.93366645741280018810926
0.93365175955811818830909
0.93363822112940630937317
0.93363508168459696801023
0.93363178605408647658948
0.93363957354774906871597
0.93363598564171124127853
0.93364272456524732834993
0.93365599801518117661914
0.93367033306750191190559
0.93368374864203929064388
0.93368770244883070308362
0.93367437087549942642539
0.93366039638778963727361
0.93364718002354019077416
0.93364387868587905838780
0.93363996195535647881769
0.93364808858809134051171
0.93364404138637369090503
0.93365154674150541147526
0.93366481808215662230310
0.93367858286340532636416
0.93369187025213484787400
0.93369610059429430926059
0.93368280782534263106953
0.93366907481081695685532
0.93365574847928112234285
0.93365237325638084087132
0.93364849279207307031214
0.93365697158300253732932
0.93365339747294717742676
0.93366001413049959367640
0.93367320267239606312870
0.93368688764476437391693
0.93370029829029477230762
0.93370430719993813273305
0.93369074731845347336900
0.93367721598548270023343
0.93366440053761678985467
0.93366186526159777869793
0.93365854618025767575062
0.93366688261353092403994
0.93366356011203555098632
0.93366896328472126498355
0.93368132823217797611193
0.93369454793824768756849
0.93370820841845980631035
0.93371204852142564156736
0.93369845397591255675707
0.93368559004571183290722
0.93367359231474089664715
0.93367166706425341882181
0.93366818853946453860004
0.93367603574457869175518
0.93367238187575740671065
0.93367810220766589424102
0.93369001449492694533205
0.93370264464804508808271
0.93371612228683398271301
0.93372050335142298127522
0.93370709367184856475319
0.93369438907431145935334
0.93368222056960115118329
0.93368008051029460769854
0.93367642093368374833773
0.93368403278324685334866
0.93368064588167165585020
0.93368617393797725956262
0.93369853537477554006330
0.93371159144813176133937
0.93372511431824745109509
0.93373123819313830207278
0.93373638506690759264472
0.93372964679782710639699
0.93371584908139737546406
0.93370253186300977699119
0.93369009714168160751768
0.93368828853126617506319
0.93368521551106242739593
0.93369295340079461187344
0.93369009103245026448548
0.93369431052103590840119
0.93370646058442818837619
0.93371984048693634772320
0.93373385611797299343806
0.93374112876089498946897
0.93374549160037800810130
0.93373763210155702463311
0.93372365734763673739138
0.93371057368159748879322
0.93369892645781504825209
0.93369787151911642908431
0.93369495265875557254986
0.93370264318421292148997
0.93369952126901645250712
0.93370373457606981038026
0.93371507646001583591300
0.93372772986833407760088
0.93374125338720970201933
0.93374949813122454234104
0.93375346550886573204764
0.93374504194285457003843
0.93373215403075782159448
0.93371982143396015096926
0.93370836655533440140431
0.93370700493156100208125
0.93370377440581475703141
0.93371093485442557824427
0.93370789240737894765232
0.93371264010371679553657
0.93372452657129179076634
0.93373692906424043957969
0.93374932577838565261885
0.93375777793775360802186
0.93376256057756612527498
0.93375405303137271051384
0.93374174975637358464553
0.93372889118948854125790
0.93371654308762863649918
0.93371476844112510917739
0.93371215418861874812961
0.93371888095271382557172
0.93371665457369579232960
0.93372040004957979064670
0.93373297434557067653316
0.93374633470003587376596
0.93375879034996145389158
0.93376752298446796807241
0.93377217844003268520936
0.93376308967215115863780
0.93375042023062948537415
0.93373694827771880344613
0.93372465394027492902040
0.93372345218234820141134
0.93372126797542354115222
0.93372829286236425083700
0.93372572239384310499588
0.93372941612609861028460
0.93374123540603581883346
0.93375417194466103776307
0.93376664336691961310066
0.93377611951814509794190
0.93377927141270844479948
0.93376961571862915345577
0.93375790118888835067423
0.93374585977484714227614
0.93373446481970490129498
0.93373293843435023475763
0.93373922912833984266712
0.93373711245477086784206
0.93375063354905407653206
0.93376192856630269023555
0.93377251675749406434335
0.93378199828184860198377
0.93378494997177274861144
0.93377584434083060749288
0.93376615923341366176658
0.93375526203869585462058
0.93374343383020907971570
0.93374082714779993441567
0.93374719293832308952830
0.93374441282470888037182
0.93375937363065497631709
0.93377045462950036824878
0.93377967838205822026509
0.93378866227895862550668
0.93379311600889614020105
0.93378383001361353610292
0.93377441866121890789998
0.93376311768919240119402
0.93375091175051039282806
0.93374822739869134391455
0.93375504369237982693619
0.93375237013080170100920
0.93376687267928515367998
0.93377800014790723892588
0.93378779699087099963606
0.93379792401200445439713
0.93380247395493964912561
0.93379129101107172239438
0.93378140264350317778508
0.93377094033536534034567
0.93375962315419425152641
0.93375672501759576782376
0.93376419940383703632847
0.93376115232102141483495
0.93377523024735076262459
0.93378482277728602767297
0.93379436602797816213695
0.93380646722324478492538
0.93381011819299830634122
0.93379736334870311331713
0.93378821701493308626851
0.93377920908023337442927
0.93376844930152480550589
0.93376595878351864588041
0.93377258730946022247110
0.93377111087132513844722
0.93378249895217091403055
0.93379126510663257310085
0.93380054968128434200736
0.93381395295508284881691
0.93381809299616536090838
0.93380387044928370166019
0.93379377638837690600582
0.93378552541622250604547
0.93377711109842886916255
0.93377475189085523687993
0.93378140436156131798384
0.93378942016537724857272
0.93379637252065139652046
0.93380714650319118774746
0.93382254827885535775067
0.93382648610384411114183
0.93381056083932434397354
0.93380025348217821079544
0.93379425140032146224200
0.93378011591486698161901
0.93379550278316214573238
0.93380566487912053386111
0.93381500027026431709487
0.93382942726000750521820
0.93383215915222017589059
0.93382094634628620699601
0.93380858006129840998000
0.93379585797429365268130
0.93382534089073521155200
0.93383620336296035979728
0.93384021766347147242016
0.93381622628295490873285
0.93376547097394568819340
0.93383227469640139872809
0.93378824601148369133341
0.93377797632439862862697
0.93364595348836498800438
0.93330105153168763099103
0.93337967829441959022319
0.93342497970485782676775
0.93346881475984233578203
0.93346112861363739199305
0.93347219236616574278287
0.93349582649104989595656
0.93347001956496045149692
0.93350146036251391290506
0.93347553761602108934881
0.93350320865151048543851
0.93348230145425936665760
0.93351589701901815931961
0.93351077271969740145607
0.93350331941880604347261
0.93348261182032443716849
0.93350628196425322613550
0.93348947096498180453494
0.93351297509774888716549
0.93352487715708776239154
0.93352639168827822313546
0.93353248707610592127537
0.93353778376006535388854
0.93352773559942048287041
0.93351624814329681179004
0.93351018406781516301152
0.93349443216549166102425
0.93351404878603172488027
0.93352119917234432922015
0.93353150736779211271710
0.93354177960135320546442
0.93354774623740410799400
0.93356035556123839747045
0.93355335575337761166992
0.93354577236351310443041
0.93353692242231289810661
0.93352669846207647630365
0.93351790486179164751945
0.93353203760876368733079
0.93352218463163449957420
0.93354261556299977797835
0.93355077962375188072031
0.93355736523792809400391
0.93356728520100951129734
0.93357132283681487638916
0.93356174693537785636011
0.93355576711892129804227
0.93354769950231197839230
0.93353728337247288138201
0.93352713902628192688127
0.93354256728507978291276
0.93353240775045198684978
0.93355223605506476580729
0.93356008089718800491141
0.93356621662090277791179
0.93357508430753244343947
0.93357926848723371548999
0.93357035502669394322339
0.93356393715679175659972
0.93355669444152611369248
0.93354786024025016022421
0.93353734666910037631737
0.93355284826106144091540
0.93354157910600565895010
0.93356134216181796414702
0.93356802806266314664896
0.93357437242135532518006
0.93358356781434626014970
0.93358792257887113219539
0.93357879114419972665928
0.93357259979489770618244
0.93356605858861951841021
0.93355736262475097486657
0.93354533017061425148597
0.93356143944375069576580
0.93354919406880088050826
0.93357050535892260878512
0.93357745809047965046545
0.93358377487694621521541
0.93359255036575394814946
0.93359755449982950725740
0.93358901140008321295483
0.93358209610447151494128
0.93357451106970690268838
0.93356555075128266896201
0.93355374880024333261730
0.93357002965131474780947
0.93355909613764187504614
0.93357838470065734881587
0.93358624199107298480271
0.93359398538451077165234
0.93360269345695856557654
0.93360761504588540837801
0.93359838794557525876172
0.93359004805826473205599
0.93358236551239170974981
0.93357501291115452257685
0.93356476300713775451356
0.93358008171779982564686
0.93357008354160253560394
0.93358674058742108226028
0.93359389277525273165281
0.93360240598489385721592
0.93361208043919030608038
0.93361576178466609832185
0.93362042460283511946528
0.93361615959857968682911
0.93360648280894320549805
0.93359815393424616658535
0.93359131091041436256717
0.93358487644089849233353
0.93357470185310098553799
0.93358898936126533119051
0.93357859080177174604387
0.93359577491235135049408
0.93360277485685927434389
0.93361094086300866479178
0.93362024436226975776520
0.93362495148167012892770
0.93362959917895316230840
0.93362461884236358500289
0.93361580855202197515297
0.93360746660230620186383
0.93359984598868139826777
0.93359260931628140767202
0.93358220103603417605598
0.93359604830097908667597
0.93358600461304508399962
0.93360358561818213019023
0.93361188919839743771689
0.93362074000569339471411
0.93362930799830146089135
0.93363446883764322770105
0.93363950794864081217384
0.93363401406266455229144
0.93362539086693230316882
0.93361595156641530302011
0.93360722628628145525198
0.93359978377325458787084
0.93359027148760365122371
0.93360396956791447120594
0.93359484907266454545294
0.93361106715434050151714
0.93361988978397791871799
0.93362968195800766224579
0.93363849488432126833004
0.93364447418271556689007
0.93364914984920288620884
0.93364259536676186268522
0.93363373679547068118012
0.93362392389027071271101
0.93361531461110736085374
0.93360841198131383489311
0.93359943199116979251073
0.93361285099960444888723
0.93360374317386085607495
0.93361983035653406393095
0.93362831673032886659058
0.93363791291163178431844
0.93364653176162892833645
0.93365362938564810946218
0.93365810163175233515886
0.93365057308694909821156
0.93364236860502769488335
0.93363297661984512298972
0.93362431292681269390243
0.93361699815048770911829
0.93360777126536775849530
0.93362091327203367008281
0.93361159944297811286162
0.93362861756696546855494
0.93363764131820492497837
0.93364710886597468419978
0.93365495966882061651404
0.93366276999745156928157
0.93366770360967110686801
0.93365954758685409942132
0.93365182905091137488540
0.93364209668350883752908
0.93363268205087923679031
0.93362478134644233396244
0.93361547827715996028530
0.93362876304050623765818
0.93361947646376863829687
0.93363672489483462424431
0.93364632644697453933702
0.93365627998739497694913
0.93366406988442018910490
0.93367274941420641543033
0.93367759660146709688178
0.93366827599255919345467
0.93366038664041550720896
0.93365046325555023365439
0.93364094578819212255638
0.93363298662597815624764
0.93362356319271444515806
0.93363735888875587498603
0.93362761128066273919046
0.93364535915696689194476
0.93365466388665507846412
0.93366436131414487498148
0.93367214013424293383991
0.93368218182731177456901
0.93368649461292463342943
0.93367584176368212389718
0.93366843126934662144834
0.93365909595496066053499
0.93364985554694057690028
0.93364160254086248080796
0.93363149345543605672759
0.93364566780604640872099
0.93365426104626059178315
0.93366364945673285813399
0.93367274457665450082544
0.93367977114456535137066
0.93369081482434235219614
0.93369542476362499261455
0.93368403824807899571425
0.93367728279144779346410
0.93366816076720993144988
0.93365844883659776520801
0.93364954329153015955001
0.93366245387896151797236
0.93365338757637306166259
0.93367242026748176186857
0.93368184101882101266767
0.93368865139299772604176
0.93370047943784184596439
0.93370585465604727382072
0.93369326912629979631220
0.93368617021825162094473
0.93367648255197988049758
0.93366635917750595563547
0.93365737435533546761945
0.93367042164715829954957
0.93366153452300826298682
0.93368042728992151069178
0.93369020627116694477365
0.93369766399644726906359
0.93371120911929106345184
0.93371595487151404224591
0.93370166152104194789985
0.93369402162353243301851
0.93368443695362302037211
0.93367470421506293387637
0.93366587418768132167202
0.93367905483112456632711
0.93367027016579196008195
0.93368865435305425926060
0.93369790134763008815355
0.93370542844734638610049
0.93371999787016779492888
0.93372375354533598823537
0.93370916077245613706737
0.93370193503417853175819
0.93369292776300072400630
0.93368346170894001012641
0.93367460439185634424319
0.93368777469725794393440
0.93367888153630895775592
0.93369729648852295422756
0.93370618278963080083344
0.93371317146356835880994
0.93372754127095902720868
0.93373162196261472178804
0.93371749768356160359417
0.93371057879774821408603
0.93370162678297763392266
0.93369199131681557268791
0.93368307748121748268488
0.93369618687606881213270
0.93368726178733996157177
0.93370588189073810969631
0.93371496735218528773004
0.93372204533580271945681
0.93373605866626563365429
0.93374071868564756382369
0.93372663788567877851676
0.93371934812363677202995
0.93371015504982690647040
0.93370041845124573942627
0.93369142753159750647285
0.93370465047575301742455
0.93369555097800327470026
0.93371445917594630969916
0.93372369603541094384980
0.93373114777432386635070
0.93374539448442706035536
0.93374989863751789442858
0.93373556580302041751906
0.93372801230568558406020
0.93371875602272469407694
0.93370883809474469750000
0.93369966494015121938332
0.93371298531398261300041
0.93370378251648566969578
0.93372304303221809185231
0.93373237784618312584684
0.93373989439904103715406
0.93375422632280635770741
0.93375979321785440578907
0.93376456059253054586833
0.93375845945082036614338
0.93374423919429783147450
0.93373664021342828167604
0.93372723101341081886062
0.93371708775826578463608
0.93370801307159112525369
0.93372123191739919700893
0.93371230249355752217610
0.93373133584485956681931
0.93374085763762992851156
0.93374858091100421120245
0.93376276286130754922254
0.93376932087778141688972
0.93377416848692862405557
0.93376713502703967417773
0.93375289217627277515987
0.93374503569137257130706
0.93373545669913582401023
0.93372534839321941202428
0.93371660241310683314708
0.93372958127358463009671
0.93372081439854881512730
0.93373964385711749613961
0.93374926307750893972326
0.93375724603284215863397
0.93377153997168360621828
0.93377900913832823093230
0.93378382859575093100091
0.93377586998107420246384
0.93376157156151906590935
0.93375356040072188257284
0.93374397372847528497886
0.93373378789142347233820
0.93372488902615646821914
0.93373795890433264332842
0.93372887820326455621256
0.93374839695396349981138
0.93375800320672408538769
0.93376596242414955373334
0.93378013064630427386703
0.93378852364463171831233
0.93379303725517026624203
0.93378438977129196718607
0.93377037423971442908766
0.93376247511517107557921
0.93375272393480934773891
0.93374204900621438074637
0.93373290000848618852558
0.93374607016083699395637
0.93373700565937778339531
0.93375692871350490786853
0.93376689917155508702251
0.93377482640681175318775
0.93378859579673501034591
0.93379745631412403028548
0.93380186209918314421685
0.93379282434636123877425
0.93377919714111223825626
0.93377116156588468864896
0.93376109068125168199970
0.93375012050285521869597
0.93374119911268393945392
0.93375424413518304245230
0.93374538305726495490688
0.93376520540567664596665
0.93377532015679043375656
0.93378347668718897356399
0.93379708092178570488784
0.93380636484043477718586
0.93381086326339557412979
0.93380135505556238761926
0.93378770258347210120320
0.93377949881376631768859
0.93376939241211021069944
0.93375834865991957922660
0.93374940187349009246276
0.93376239686020046093518
0.93375320861452537624103
0.93377365627281727622488
0.93378377108356624969332
0.93379195469324050016269
0.93380558077156217144932
0.93381545067732374398872
0.93381998726582149394915
0.93380984316108028853165
0.93379631972891596891628
0.93378819341140506526955
0.93377794895275523234801
0.93376632815410653964960
0.93378224582630564576391
0.93377025168277405509087
0.93379265429158941902443
0.93380076072204476478333
0.93381415653613519811671
0.93382447148295921746097
0.93382887260248692573583
0.93381843422034704893520
0.93380522792657605357647
0.93379708310261733128499
0.93378650152235187498206
0.93377430139724770796761
0.93379077294077150739326
0.93377859444528954480091
0.93380140593550620131680
0.93380958132065006171985
0.93382270327776240037565
0.93383317494611550735328
0.93383742209033870906865
0.93382677567233629556398
0.93381376993423204080358
0.93380564406692012635602
0.93379520659188908204840
0.93378308369119777943013
0.93379973509123226360629
0.93378754757679827136485
0.93380990116837347958523
0.93381785285319718337149
0.93383073241763925320669
0.93384160676637628650809
0.93384576418279963139213
0.93383467891652061076968
0.93382190897496519799148
0.93381424301129056786408
0.93380427973965496324382
0.93379180288404650678302
0.93380862196152780718705
0.93379568921592970287548
0.93381866091955256781176
0.93382615846322769570520
0.93383875793495618733431
0.93385008711228612021671
0.93385418551386389918179
0.93384299092974409894907
0.93383056203007097639812
0.93382302573091069408662
0.93381278132917366896493
0.93379935330372576540725
0.93381684364338612969192
0.93380312081983074534719
0.93382729102980299717984
0.93383498203062376141759
0.93384739616552103758096
0.93385849385072339234881
0.93386286840283949661767
0.93385181282191997986786
0.93383924036926913014867
0.93383138386434905164890
0.93382097322809487494055
0.93380725716590173846043
0.93382541330412838220809
0.93381184105014491958485
0.93383553774296290672652
0.93384337385006888077044
0.93385608590773849790878
0.93386719724942168774362
0.93387133720997916874751
0.93386012407792662326500
0.93384738919863263806320
0.93383980952301692823880
0.93383015176948025448667
0.93381667000697499148032
0.93383501531815393814639
0.93382136658246239768744
0.93384425045164920486940
0.93385149998005823057667
0.93386410014625409470312
0.93387536138491999970768
0.93387933311815607417827
0.93386818219653833228477
0.93385576079389043258061
0.93384874547024421254093
0.93383963648020507086756
0.93382567592071841211521
0.93384383781310054128966
0.93382954534057771578404
0.93385311820360850099121
0.93386018576422136217019
0.93387254628269988909750
0.93388352708900546073068
0.93388802491636513369855
0.93387715893097822394964
0.93386456228449121752533
0.93385709990942378233569
0.93384771693119061897193
0.93383325888875678977286
0.93385150451955734052234
0.93383716103469671665493
0.93386090660868514845561
0.93386870745510830449376
0.93388181618077170664804
0.93389274297643720679218
0.93389547634918457230668
0.93390037815348803107440
0.93389739231359381044228
0.93388622986624802990718
0.93387269628245361818841
0.93386467550736507181597
0.93385558883452679523884
0.93384140925139391686827
0.93386007632952683366057
0.93384596002732367381327
0.93386873160528738324615
0.93387662049350916859680
0.93389037425533283354184
0.93390170879628253697291
0.93390488029440066330977
0.93390899888465583877917
0.93390559025759756206497
0.93389433965836476936317
0.93388073454748998791786
0.93387318565325450059333
0.93386481518337183249656
0.93385049377437967521587
0.93386940820182395839311
0.93385473652440187386503
0.93387782927222851014903
0.93388523081458918451148
0.93389855567381629963819
0.93390930582146858274228
0.93391276517304822046839
0.93391650749571786249703
0.93391319600492228580890
0.93390311309850482235362
0.93388996623259412643847
0.93388229207764739125963
0.93387358900515426984867
0.93385866685522478380932
0.93387732992892980021793
0.93386246074361212166082
0.93388638548221070134758
0.93389466188414727021438
0.93390802157744434719433
0.93391757667854524704865
0.93392060891526751387204
0.93392518661818380021344
0.93392240227881839764734
0.93391297466496636658917
0.93389902075574438011785
0.93389010618208112557426
0.93388096897933436935091
0.93386639470613630464868
0.93388488734805541469086
0.93387056768118381633315
0.93389378184027382889809
0.93390309641329150025513
0.93391768130121088908879
0.93392722420938922844869
0.93392995876212758776802
0.93393444111694723375194
0.93393161229979260173906
0.93392188103609896643320
0.93390706033514181427790
0.93389784830628064238311
0.93388926356719437205101
0.93387485758711363814655
0.93389390313147513378311
0.93387898942343483543738
0.93390241199145485051503
0.93391132978813906628801
0.93392574428512853401685
0.93393525387625075939724
0.93393823294840783155735
0.93394124834905334342494
0.93393831540391092360665
0.93392958536798886814978
0.93391594283790702046844
0.93390725956939091290110
0.93389833988337600523266
0.93391182422553475905858
0.93390230339785196278513
0.93392070728522591505083
0.93393371836219662984746
0.93394129131659109344099
0.93394385180585848260648
0.93394670484871467053267
0.93394469661663626069981
0.93393804413041281442531
0.93392531966261227438508
0.93391582498518688204570
0.93390580830539060563922
0.93391937127135138396739
0.93390917921479543739594
0.93392940795783174756650
0.93394243108113472739973
0.93394860920305600160418
0.93395034209102756328491
0.93395474188634719503455
0.93395284055198068973169
0.93394648783697331584364
0.93393313424764223817931
0.93392287341039204040527
0.93391277001549155567517
0.93392678817326579832070
0.93391668636134406167315
0.93393687105270561943371
0.93395015823082871975203
0.93395687778445624083190
0.93395951009188526992233
0.93396404233600116562286
0.93396044043986292670922
0.93395363902494221708395
0.93394091619206220933336
0.93393114969667190283786
0.93392081468236642916025
0.93393550185415319386806
0.93392501021992946341754
0.93394517927905540410904
0.93395713035102390087161
0.93396358417626013093127
0.93396804195812821447475
0.93397171626203268068878
0.93396665622670349549139
0.93396059553653676399421
0.93394913116779065820339
0.93393952031132521085510
0.93392957945164278843464
0.93394342475808045378471
0.93393448804958256737052
0.93395239394670714894175
0.93396371231067354390376
0.93396991197712353471871
0.93397562141938872404268
0.93398002381090206025505
0.93397329907267578885666
0.93396628270367110236094
0.93395539481887424049233
0.93394771944099364002767
0.93393788470902028286957
0.93395177427400299929872
0.93395925864463336107946
0.93396893259646329710222
0.93397663680808540309641
0.93398474423955846202006
0.93398895403632054001974
0.93398011495596255926444
0.93397286173956606258884
0.93396405326392306633920
0.93395024201220888659947
0.93396526972704052571572
0.93397832320519913462675
0.93398461564260393252823
0.93399215829673076783024
0.93399515244847697292840
0.93399061802292826506289
0.93398128244206324310994
0.93396859159568645925020
0.93399506039081614527930
0.93399945920815363731293
0.93400374212527736972334
0.93398599203501309062858
0.93393527739445170166022
0.93399606294007397888635
0.93395066522573100264992
0.93394201588043301853759
0.93380843924026124547311
