0.93314695933029068175557
0.93321340122582785436833
0.93327025058411483549037
0.93330228550959681843580
0.93330626468530697437131
0.93330158478079050521359
0.93332925430378221864913
0.93331523669259019992950
0.93333497937639420261036
0.93332093875861221743406
0.93333261808658474212308
0.93330924759890243613825
0.93334273654239341411198
0.93334030956260394251700
0.93333703060470696311057
0.93332826424432224765582
0.93334025187054847627621
0.93333542377979905602103
0.93334269942826719734796
0.93335166853073103787608
0.93335023403255834573145
0.93336004436637853842740
0.93336154600045617701909
0.93335450412232623396136
0.93334618021199489135142
0.93334444108087677438590
0.93334070809892399900320
0.93334859588873364533157
0.93335133776573087072137
0.93335826633985674583016
0.93336547706278238933919
0.93337493952338068670116
0.93339440498343984042862
0.93338022065880765776313
0.93336942929502109134177
0.93336367964790201146030
0.93335703480221010597262
0.93335273450283251506221
0.93336256609910872583669
0.93335729140249712454391
0.93336939124924123145632
0.93337443352848548094869
0.93338397196528333221721
0.93340132043609880252433
0.93340537263584189009435
0.93338816860898277116831
0.93337947219041339508294
0.93337452265072040624716
0.93336800339781922364324
0.93336252642612338448203
0.93337348937923303449082
0.93336809215961480390433
0.93337913314646148155163
0.93338387919022480776476
0.93339250346199720276275
0.93340896893692759661576
0.93341300191093690141741
0.93339651213895380443830
0.93338783422155302549328
0.93338368178469000024933
0.93337899945168134596685
0.93337335293623213683389
0.93338420488816775666407
0.93337792575854794385748
0.93338841344953793477401
0.93339200353886442318441
0.93340038084256027328678
0.93341714894618865727693
0.93342132000761224297491
0.93340462032220061772136
0.93339662891612329431723
0.93339319649439733694862
0.93338892035945209002534
0.93338201718571678355829
0.93339318079671629302396
0.93338620707666997144969
0.93339770098982277612976
0.93340152311867574663751
0.93340939743084194724076
0.93342573638563197668816
0.93343050877039679402714
0.93341441582347328687064
0.93340619425344439896719
0.93340176798098750676758
0.93339746694983571906334
0.93339107373632923536633
0.93340211756593338687793
0.93339672789658190144024
0.93340570840865844104428
0.93341037835937612499038
0.93341918772434917528358
0.93343544268900124905031
0.93344018850341226034573
0.93342341776927040264411
0.93341424736991218669147
0.93340977788242907031702
0.93340727622535568652751
0.93340270572055461517635
0.93341252794309204077194
0.93340834680457429595180
0.93341426331167975938286
0.93341818298676926257684
0.93342729936775825638762
0.93344451518290150193735
0.93345133944842417772492
0.93345620846410526372239
0.93344846542354642515704
0.93343125691099071428170
0.93342254938365987193549
0.93341896467952534255375
0.93341751791492022505281
0.93341330045792114677994
0.93342183220257379794305
0.93341754119706576986459
0.93342356603432041772805
0.93342726818135512978358
0.93343558859061104282517
0.93345242457260479973513
0.93346093003956365219409
0.93346575612952242817499
0.93345665602990823828122
0.93344031331697008280202
0.93343204034451188189081
0.93342776530566540227341
0.93342564764404123422992
0.93342150997345629814816
0.93342926486813870834425
0.93342566576475616280106
0.93343161738649749192831
0.93343652061071669123749
0.93344509082220616935643
0.93346119903313473642470
0.93347077752247653581463
0.93347594058374738779094
0.93346573774587648930634
0.93344957374010228967620
0.93344063381623787467589
0.93343536969084994758816
0.93343316853172952907158
0.93343027367634756608084
0.93343752347477182418345
0.93343518716853812744461
0.93343933097183906522076
0.93344462814455697596827
0.93345369876874462189420
0.93347005570795993367739
0.93348102205758487492915
0.93348581777654837665636
0.93347400790290491201517
0.93345760422225565466903
0.93344872528127842414847
0.93344371257542269049168
0.93344214400469771586444
0.93344011012069438848471
0.93344677061959735464569
0.93344476853454227960327
0.93344838412899677759782
0.93345320430859546334545
0.93346166208306802225536
0.93347783356538849286466
0.93349042584743768813382
0.93349501706507498344223
0.93348177095775863865157
0.93346602670629374998157
0.93345797802602903381342
0.93345304564323017260108
0.93345111514164536004046
0.93344915024595032093657
0.93345523676295361070743
0.93345333831245258515708
0.93345754418030713051024
0.93346276507130432342763
0.93347068838610647301124
0.93348606641790965454675
0.93349978480608497566351
0.93350479516902762355812
0.93349055150160531457715
0.93347531972449970805172
0.93346732682796806912506
0.93346179971353537840884
0.93345931118317093666548
0.93345758246585697204267
0.93346348395245049012203
0.93346194171745111578531
0.93346601864862965847180
0.93347164579225616609648
0.93347967273246912345286
0.93349496868473924582332
0.93350988590814887313485
0.93351473940065254897291
0.93349904825148133369339
0.93348366743429267433640
0.93347585321713144601574
0.93347039785292174052245
0.93346788131968572166386
0.93346637879381078040097
0.93347242219556325615315
0.93347076781251114852012
0.93347496827632170379729
0.93348011283190646114605
0.93348751996931078611652
0.93350277697352779249229
0.93351929555017509887449
0.93352356090622223838693
0.93350633483134359824618
0.93349146509845737362809
0.93348460369205754627586
0.93347963131083089294293
0.93347684240686590317893
0.93347499427644364811130
0.93348109991532068896447
0.93348421969891492988580
0.93348922731062378144173
0.93349566748577728070302
0.93351014088504269405888
0.93352782119321631171260
0.93353235715821192286512
0.93351429680247799414161
0.93350012199877263618930
0.93349383421452702958021
0.93348861603823263255464
0.93348518854798567812026
0.93349285982262530936282
0.93348926637998608235591
0.93349821637709617938583
0.93350462272050016565572
0.93351881659134705593317
0.93353731874244472166424
0.93354257490775671701755
0.93352333916731167207104
0.93350890396442420815504
0.93350241556839552714564
0.93349702107481302704173
0.93349350294444843889607
0.93350133954748759634867
0.93349791616999844290348
0.93350648901444943650318
0.93351288646243890667620
0.93352763922569559351672
0.93354779007741861551750
0.93355233588043573522697
0.93353153518325537874034
0.93351664571935188963181
0.93351061135940327506688
0.93350586154218384571379
0.93350249234019844202237
0.93351043026277691350145
0.93350710472401166040157
0.93351492219902709734924
0.93352045700091612623339
0.93353519387601491263950
0.93355613811430537829494
0.93355964855970452465073
0.93353879828786134886798
0.93352440905226474754386
0.93351927711132320908405
0.93351504698227838474622
0.93351164426223243175684
0.93351956697121252215510
0.93351612783688686647565
0.93352371352504315282772
0.93352856903354997086808
0.93354268632406922634459
0.93356319754067496052841
0.93356705235398140807490
0.93354690490415070946995
0.93353288594963645952163
0.93352811578772254552661
0.93352399568539545793300
0.93352053935093048941951
0.93352842289555493238140
0.93352495736801688330786
0.93353246311809034985174
0.93353721572325032429518
0.93355136148331330225858
0.93357127198844280790979
0.93357571307796327619855
0.93355586966627679412767
0.93354155819528161774912
0.93353685153301835253359
0.93353291459633491733427
0.93352938126669338103625
0.93353742568030440018845
0.93353378435516731759236
0.93354128239593825444587
0.93354587794860732774538
0.93356030995003203010185
0.93358017364749135147406
0.93358446200601652442685
0.93356465767100182961968
0.93355016830683734685437
0.93354570953243942721400
0.93354189536997045362199
0.93353818423546863769502
0.93354631272651056317358
0.93354257513752325614576
0.93355011963326128832108
0.93355451283446555521550
0.93356892255734225116726
0.93358856980521842672260
0.93359405744393375581325
0.93359854382781048975914
0.93359257531031591970105
0.93357319890323220423767
0.93355875053413461817087
0.93355441885331946760829
0.93355066969968303336458
0.93354706069174775429076
0.93355505509834235677857
0.93355158979633379168206
0.93355862004596534831080
0.93356293381366173278479
0.93357747109788291606236
0.93359665196527241715074
0.93360303043154946323057
0.93360762075705638896039
0.93360080757392249761750
0.93358171041766124798045
0.93356707271599559394559
0.93356282784524247109204
0.93355940074490295632614
0.93355612246994235103870
0.93356385947953546278200
0.93356056834091638574336
0.93356709716152297406921
0.93357126923247502059411
0.93358601335355484440726
0.93360501073358981294348
0.93361223055988806773797
0.93361683119347216308626
0.93360914230676783631679
0.93359029288991224326821
0.93357555116745372103537
0.93357152081621619377216
0.93356830647533117772952
0.93356488935914483384693
0.93357274249738897431428
0.93356914922858891259239
0.93357605771807972150356
0.93357999273440084309073
0.93359464508653966507978
0.93361320144393311615261
0.93362132273327091969151
0.93362564533217784479291
0.93361725426119657189616
0.93359901497669606218466
0.93358446876426159910523
0.93358050936251746332317
0.93357711770543783114107
0.93357346665125384710393
0.93358143235578183727341
0.93357787944058079343534
0.93358484323410317884395
0.93358890287617191106051
0.93360343388963984434525
0.93362124950117608701561
0.93362988019008164020107
0.93363410356396037137472
0.93362525058880929673677
0.93360776752342045092803
0.93359318419515024967126
0.93358913679573540811418
0.93358577234756079388234
0.93358237571869762128074
0.93359018253137560083843
0.93358685235526894796720
0.93359338345404585535192
0.93359736375894109006168
0.93361200714080716522858
0.93362926774269539009765
0.93363843130409096549016
0.93364278791558796832817
0.93363330498342955721114
0.93361619030615772274473
0.93360155726805893472431
0.93359769295167760461140
0.93359456679731078754259
0.93359115392198499527865
0.93359888726509643319673
0.93359523703543956241191
0.93360207432665454074794
0.93360585161228715200821
0.93362041326313272016080
0.93363731309315145523442
0.93364727566622318644107
0.93365176162333807230453
0.93364137611113295900367
0.93362476502528402022563
0.93361031355287593669345
0.93360648733419371314568
0.93360308809391778783748
0.93361091856288624946103
0.93360729688567845041547
0.93361483335778006065198
0.93362920670835758407691
0.93364550192197615086087
0.93365623421480981036780
0.93366066293225680183809
0.93364960129009832989766
0.93363368154169146251320
0.93361933426073728803374
0.93361532617968012726095
0.93361165421099756578371
0.93361975815063935613125
0.93361627223220278182225
0.93362373759205108392223
0.93363804661866423018068
0.93365369406627063408877
0.93366502436411158427632
0.93366934126561373918918
0.93365758481145877389906
0.93364224033382492429212
0.93362806093288863706903
0.93362435171600988148555
0.93362109346020527578247
0.93362904039374339237867
0.93362588712285876635377
0.93363240479905218460743
0.93364632231880995139051
0.93366133561368302995476
0.93367359897469015539428
0.93367783455774355783063
0.93366506061869680710430
0.93365036053852368258532
0.93363682770110956177234
0.93363373724245657392373
0.93363046478939393235663
0.93363821894200782480766
0.93363465830994329941461
0.93364131654889759293070
0.93365458054277805644006
0.93366891114966954479115
0.93368230438565369411208
0.93368623869921574254249
0.93367292909928378819018
0.93365896169081552535829
0.93364575433343643950934
0.93364250329662556993071
0.93363861298234307461996
0.93364668968661856940372
0.93364266282200170099514
0.93365010643372114973459
0.93366337676144905977083
0.93367713636768745466554
0.93369040542199577270566
0.93369465594033784761052
0.93368137447834731457164
0.93366764008120994855489
0.93365430285765094176043
0.93365095656760399567275
0.93364708903718507393421
0.93365554609206968805779
0.93365198213070399457791
0.93365857230903792629562
0.93367178425432406640994
0.93368548027867359628829
0.93369888862565519893622
0.93370293298046680430247
0.93368936518473266694684
0.93367581559898715770629
0.93366296638178380984385
0.93366044138483561543040
0.93365713518112303237473
0.93366546422864737930780
0.93366216511588007165301
0.93366753386178835683040
0.93367993542946481344558
0.93369317821204245166911
0.93370685579889323157943
0.93371069473357493073706
0.93369707480091290729973
0.93368418839242184326110
0.93367215828393823606746
0.93367025105628642656086
0.93366681196727163705162
0.93367461398077300493981
0.93367101536756835766795
0.93367665116134246350299
0.93368858767273421594979
0.93370123597728815756369
0.93371474622924777175825
0.93371909437272582188427
0.93370564687750468024774
0.93369292911082923946964
0.93368074560070080103458
0.93367864284689983112031
0.93367505004546358371442
0.93368257386723063628864
0.93367925782099403519965
0.93368467581195047078069
0.93369704774157302740178
0.93371011260609992898907
0.93372367939113287693687
0.93372983499857242772890
0.93373498427515067010773
0.93372820663008448960341
0.93371435881007192048031
0.93370103329072284825685
0.93368858632272433428767
0.93368681090622385188027
0.93368380306832332582445
0.93369146627144017358546
0.93368865793929334273571
0.93369280352273997802826
0.93370497277089659071692
0.93371836516962136709452
0.93373243729967381199231
0.93373975656462115946255
0.93374416946169680464607
0.93373625666349313600989
0.93372221721711445852065
0.93370911412100943138626
0.93369743722668552265986
0.93369638676408706068344
0.93369351074377948673799
0.93370117046039391439649
0.93369808324704961499663
0.93370226886247198461177
0.93371365119023208567484
0.93372633208569510987473
0.93373992810344008663748
0.93374823322593547558768
0.93375224762045827553436
0.93374375761227879078064
0.93373078818683008517354
0.93371841991686677086904
0.93370691919207993159091
0.93370554439053599082854
0.93370234906059845769732
0.93370947841156315405442
0.93370647822954189187783
0.93371119590299378465659
0.93372312975851023963969
0.93373557382424376971386
0.93374806183916170265746
0.93375658769811664683402
0.93376137985752682979523
0.93375278918756055013262
0.93374038370498535499564
0.93372747904166364385503
0.93371508466805297477009
0.93371330375879502128100
0.93371074048992031002570
0.93371739665596142909720
0.93371522732568290603439
0.93371891902678239016922
0.93373153722401014409371
0.93374494912642724830931
0.93375751752546753969852
0.93376634373031641711549
0.93377100962335779499313
0.93376181621168186097748
0.93374902352471211841589
0.93373549493794594233975
0.93372315475836786813346
0.93372194715756962057895
0.93371981549467208960635
0.93372677533176329234266
0.93372424028230749382118
0.93372791700379065282789
0.93373978946084890129242
0.93375278963272234644677
0.93376539174459938230655
0.93377498063610164802384
0.93377818377455423792810
0.93376841150363010246593
0.93375656318450894755046
0.93374445010467210792626
0.93373298907969837223675
0.93373142163338085364188
0.93373778977442301041378
0.93373560576896974527727
0.93374927855967726486597
0.93376065439182176497468
0.93377137688882938526547
0.93378097105166713021163
0.93378397504553944941108
0.93377476414087479117399
0.93376494644828667013314
0.93375395770489499902567
0.93374202583227727814119
0.93373932612287680044005
0.93374578850258038720256
0.93374289827769296756799
0.93375809034674650543906
0.93376927573352686007269
0.93377863246192016610792
0.93378771376802904846670
0.93379216090007088890701
0.93378278031248651558371
0.93377323032155257198639
0.93376181211106790147625
0.93374947164335952987102
0.93374667173058922831075
0.93375353758168089246539
0.93375075351992775640753
0.93376550527593293882234
0.93377676149604438293750
0.93378670668878283045444
0.93379693209050995683640
0.93380142806338373162589
0.93379013929494492085581
0.93378009484048840604942
0.93376949902916328571933
0.93375804702270881474391
0.93375505194381591689279
0.93376259001611694454681
0.93375946158711520261875
0.93377374067152851822016
0.93378345818150076951270
0.93379315421651287731919
0.93380536598083241361934
0.93380896652858869089187
0.93379611058588374294942
0.93378683435996989725680
0.93377772878066167550060
0.93376687410688663515401
0.93376431777143653611972
0.93377112324312738778076
0.93376959634034129020819
0.93378109355068128483168
0.93378991034043712371471
0.93379927770172210799160
0.93381275380444472844488
0.93381684340397663746103
0.93380259144818944516686
0.93379247867156289775181
0.93378423637065122164813
0.93377580653480096728458
0.93377341790463219695084
0.93378026070319253282292
0.93378824598319487559905
0.93379512904108363802180
0.93380585703118190732397
0.93382124526755438953529
0.93382513847557191422055
0.93380924885085347941782
0.93379903289791832410316
0.93379314525478129827007
0.93377907652857183862238
0.93379440171053329500239
0.93380443244241295719377
0.93381366247104591327144
0.93382806434120502192542
0.93383083299335378768546
0.93381960424482302052240
0.93380732722334347517545
0.93379462871738549978318
0.93382404311941824559540
0.93383497233865542241915
0.93383912531136825663225
0.93381503798079279476951
0.93376446170822613446205
0.93383135117294413518607
0.93378772701295498226415
0.93377729511038509713217
0.93364607164711255204992
0.93330206356351474994426
0.93337962704845978123558
0.93342503332238790925146
0.93346829547933796167314
0.93346071247021511485542
0.93347153607646593531655
0.93349503343263040555655
0.93346935026015220859819
0.93350051457921923159233
0.93347472262485242655572
0.93350235701672501509307
0.93348165240437563916487
0.93351512141817583056991
0.93350983222298278274565
0.93350230959042079792454
0.93348171824100123483703
0.93350526724704996350823
0.93348854637572364900677
0.93351200962549107931210
0.93352403011854301340122
0.93352568959747661558879
0.93353181612950530965378
0.93353695875651032665132
0.93352683443428552401144
0.93351528189008725622244
0.93350918941659910554876
0.93349350189097235475089
0.93351307130666216771431
0.93352022998672246067997
0.93353055442535148866767
0.93354083684598410108890
0.93354688548329245456614
0.93355945797459027879484
0.93355234490097915855955
0.93354473551230732208950
0.93353592231004800527927
0.93352571613866575095386
0.93351692669407160263262
0.93353103805269099790820
0.93352119117637344380967
0.93354158532878084297835
0.93354969058645276280828
0.93355627203326763119406
0.93356626646136930958164
0.93357027073865683775011
0.93356064205099442698810
0.93355467196923269668218
0.93354666207780612197098
0.93353627241503323030969
0.93352613061379929870753
0.93354155800665739040056
0.93353139702705811853178
0.93355120990255169299843
0.93355901293464782497722
0.93356514815372093618606
0.93357405994200437504560
0.93357829178523676905144
0.93356933516814799567385
0.93356290184456736103158
0.93355568642452113614638
0.93354686256356611551155
0.93353635011424451750628
0.93355186292425218486102
0.93354060565992580400518
0.93356034306283830481732
0.93356700806827419558687
0.93357337930298689432362
0.93358262122886592759841
0.93358696828880638474146
0.93357778739570862480690
0.93357156625563297858150
0.93356504919363081373973
0.93355638050750411327527
0.93354437531483958068179
0.93356044462796305971608
0.93354824180956552659438
0.93356946753439129516039
0.93357638619778771094104
0.93358273048868523069643
0.93359155454729780831968
0.93359650483155998124118
0.93358791555160702824168
0.93358097884074398020715
0.93357343677740511900254
0.93356453034231723364655
0.93355278065317803815049
0.93356898029281276674141
0.93355809821983981589000
0.93357727817547209170357
0.93358509068541295494725
0.93359285134139846640267
0.93360160161152827562603
0.93360650796981514698558
0.93359724320382075912761
0.93358888539638018588818
0.93358124303237455254845
0.93357394057058051828335
0.93356373404370041058087
0.93357899852183034994368
0.93356903282210634831273
0.93358561852337962339021
0.93359274160187644131526
0.93360127694982708579374
0.93361098642131212788087
0.93361467703426748165896
0.93361936533742984067885
0.93361509246989948795914
0.93360538351534594347925
0.93359702608516026423047
0.93359019926466535466147
0.93358379302377125785739
0.93357364169988754643015
0.93358790844769501404699
0.93357753083742900379605
0.93359467205937274325578
0.93360166475090977655782
0.93360986619608399283976
0.93361919985533980970160
0.93362391289235313607264
0.93362856452534936924081
0.93362357957163943922296
0.93361473815597773029396
0.93360635693436899718023
0.93359873827310668747970
0.93359152476992823821433
0.93358114193073504782916
0.93359494855657931822179
0.93358493924500129956812
0.93360245601174640661668
0.93361075795987380487873
0.93361965111181999255052
0.93362825238560109841757
0.93363341814189748646413
0.93363842975571242899235
0.93363292875289827232876
0.93362426923301478076667
0.93361478474955816864167
0.93360606273585089454059
0.93359865776976802553833
0.93358918875752083810227
0.93360281417972668105421
0.93359374073478340605448
0.93360986928473987944699
0.93361868863426333842170
0.93362852753074443423742
0.93363738032772258801373
0.93364337030376665094167
0.93364803428173459565187
0.93364146549316251455508
0.93363256509350800449454
0.93362270317589102219813
0.93361409452229815464364
0.93360723325999150912224
0.93359829591969045736732
0.93361166114959814876784
0.93360258465299883479105
0.93361860686290343291915
0.93362709888798611768124
0.93363674638256399784808
0.93364540652820027233361
0.93365252000649556762824
0.93365701193541650315666
0.93364946926107883484747
0.93364122702853891144770
0.93363178029130688972970
0.93362310155908900810573
0.93361580906245733579851
0.93360659851809035814085
0.93361972923948099989389
0.93361041827981527951863
0.93362742372999951712131
0.93363647427546458956726
0.93364600057741331529115
0.93365388310178099029457
0.93366170252822233699419
0.93366665005131577181885
0.93365849111696586071218
0.93365074615013565750843
0.93364095082862397223522
0.93363149787962917969253
0.93362359651911297486748
0.93361428904189247557355
0.93362756370529553784365
0.93361827205385083949807
0.93363553237177154819904
0.93364518232689086563170
0.93365520393950385269477
0.93366301635832893435207
0.93367169438884256571498
0.93367652348042062815381
0.93366720676663905731374
0.93365929506537936877208
0.93364929835161869497995
0.93363972534373607103930
0.93363175789672958604370
0.93362233454421694744951
0.93363609122998625355905
0.93362635120045278647183
0.93364409825058003455922
0.93365346387518544091222
0.93366323929250416568948
0.93367104216254748205728
0.93368108067976207653516
0.93368536514698441397542
0.93367471220480435789568
0.93366727618546307976288
0.93365786100984671236347
0.93364855674154412223942
0.93364029875774712241565
0.93363020219557180112702
0.93364434099614768136632
0.93365294040898394456462
0.93366239393860228634736
0.93367156779188509307943
0.93367861779757399531832
0.93368966326537961020193
0.93369426007964595459754
0.93368287392227722332194
0.93367610286371982564191
0.93366690843012789535749
0.93365713021664842319325
0.93364821529536601296684
0.93366115973267038707917
0.93365207747349310274387
0.93367119202795889609803
0.93368067586160918835958
0.93368748858931904788250
0.93369930809472856392262
0.93370467509790300297823
0.93369211270765506416325
0.93368502872040948226129
0.93367529019042339033518
0.93366510034480720836569
0.93365609225760803902006
0.93366919457261809967008
0.93366027723971245499968
0.93367926661381395181394
0.93368908422466456720201
0.93369650911229229439670
0.93371001439410394873164
0.93371473607531263461112
0.93370049648661401775485
0.93369290462488252480000
0.93368329082626133619272
0.93367349218118678155776
0.93366462589491117096685
0.93367783450958963253896
0.93366901097631505024310
0.93368750087040963681062
0.93369676915465094069191
0.93370423991025874865812
0.93371874850860625549842
0.93372247169906208430490
0.93370793906486915236798
0.93370077241356719266463
0.93369174734297100126668
0.93368221439359755375875
0.93367331699512989828804
0.93368649331417918890708
0.93367755995865586715610
0.93369608081951105393870
0.93370498258746570385824
0.93371191359075955684688
0.93372623077998684326673
0.93373029150229280848095
0.93371620951933120835520
0.93370934412717465633591
0.93370038098066820975163
0.93369068217766049144757
0.93368172944347882502569
0.93369486804325463324972
0.93368590536961104664471
0.93370462059803105425715
0.93371371108346268297140
0.93372073649447218102182
0.93373471804205954160949
0.93373937375592508391975
0.93372531929715374410250
0.93371808406768896926309
0.93370889584002714212119
0.93369911034294461593674
0.93369008322697344404162
0.93370336738945858279237
0.93369423332460332876082
0.93371321582001265415585
0.93372243466251370058728
0.93372982545840810253424
0.93374404554465095795734
0.93374854191491152288762
0.93373423917276987538116
0.93372675576485708592855
0.93371753072370533566016
0.93370758246322205220480
0.93369837552519141521401
0.93371174626134412211087
0.93370250849835945139432
0.93372182724611529902603
0.93373111984215395597886
0.93373855938185434943932
0.93375285539606733831164
0.93375841222464139868009
0.93376315980608204370128
0.93375707184266887317392
0.93374288963408835773095
0.93373536952914382158752
0.93372600837728814138217
0.93371584496132831176851
0.93370673443249718737036
0.93371996421472780447459
0.93371099733859930225321
0.93373008838083659810536
0.93373956431195015426283
0.93374721338842792128787
0.93376136081965410706829
0.93376790444581991845752
0.93377274522322240013494
0.93376572535851309897481
0.93375150791743211087237
0.93374371322376714665836
0.93373417395774549465415
0.93372404275540832330194
0.93371525766176255434203
0.93372823541795590962522
0.93371942989904477272489
0.93373832465243988831816
0.93374791214535868277835
0.93375584951313461701261
0.93377013268481179331104
0.93377759137274918277427
0.93378242575211090059639
0.93377447241320021831257
0.93376016843384024301855
0.93375218816188387815913
0.93374262562884269289754
0.93373241359754022283823
0.93372347728474236472351
0.93373657290104361550220
0.93372745880783514227375
0.93374703322736252175673
0.93375661706903956282844
0.93376455769488453384497
0.93377874399914173597637
0.93378713680700575761051
0.93379165799318653018446
0.93378300797506597064057
0.93376896767100803220529
0.93376108266528301538045
0.93375135736821290866061
0.93374066751379214412765
0.93373149072062988640397
0.93374470218032690205234
0.93373561493101830954799
0.93375556548137661483366
0.93376550222114873545110
0.93377341357704457536215
0.93378720711371321350214
0.93379607055375513091633
0.93380045367399766576000
0.93379141608772975313713
0.93377777174310805374802
0.93376975782199966857888
0.93375972990142086516130
0.93374876366352210776967
0.93373982332766081171371
0.93375288833013381228909
0.93374400959827574819627
0.93376384007297319467256
0.93377390442027830008698
0.93378203322226216442914
0.93379564639070011811128
0.93380492371295154008237
0.93380939144178054522882
0.93379989544147568025778
0.93378624195328951973494
0.93377806771266402829923
0.93376801379370866218466
0.93375698089805569956923
0.93374801379612770713123
0.93376100858822941308546
0.93375179497447924337195
0.93377226043879468786457
0.93378232607404987319910
0.93379048329446490139816
0.93380410793565216120982
0.93381396099006241939833
0.93381850021940004946686
0.93380837440793873494016
0.93379485010882046225333
0.93378674141925066543024
0.93377653879204214337761
0.93376491943440687037992
0.93378083124761723787799
0.93376883370986218935172
0.93379120644429469688674
0.93379930579178449523425
0.93381270823406015146873
0.93382300588863575985243
0.93382743878244300894664
0.93381701589483812053771
0.93380379678417413380487
0.93379564922310820396234
0.93378509549951616008912
0.93377288962322624321644
0.93378938567948743809666
0.93377720458685509186125
0.93379999167242744295692
0.93380817478429423150743
0.93382131251727906740001
0.93383177055161226132185
0.93383603312116880701410
0.93382540021483395609181
0.93381237933868121992020
0.93380424684883756025755
0.93379384141557708609582
0.93378172330352560148725
0.93379838657960589909379
0.93378621304595121888070
0.93380851172892553879734
0.93381646480021751610678
0.93382935418829049467604
0.93384021228265545744307
0.93384434826156836884081
0.93383328189436720645489
0.93382050969589525113435
0.93381284931733687937339
0.93380293506113765111820
0.93379048138042097804146
0.93380726712091766117396
0.93379436164248663665433
0.93381725263159798267054
0.93382474073078647336388
0.93383733578177130496556
0.93384864256835453666383
0.93385272147467779380037
0.93384154891169079970581
0.93382912707304899235794
0.93382159976287937297457
0.93381140570417475732512
0.93379800408410884582366
0.93381544450512321553504
0.93380174200212873181215
0.93382585043813637337706
0.93383354045172106694395
0.93384594942390297678259
0.93385702873314313521291
0.93386142346722489371302
0.93385037922839297941380
0.93383780538581373509288
0.93382993795513691281940
0.93381955630199997564489
0.93380585315266950718893
0.93382398757684903500831
0.93381042544645842529150
0.93383409563156993815625
0.93384195518442580929985
0.93385467829649249082991
0.93386578731180247547883
0.93386996272646527472716
0.93385874170024429918868
0.93384598857088829682027
0.93383837507638500774476
0.93382872765914259893805
0.93381525874674542464504
0.93383359670263932361678
0.93381997132772165404191
0.93384282073620294983840
0.93385010694041836742940
0.93386273017490495362836
0.93387400850810531327539
0.93387797907596359348048
0.93386680277126177252001
0.93385435890516044210585
0.93384731114374763816244
0.93383822024398377426024
0.93382429909280173507824
0.93384241582174853935072
0.93382817857862410182435
0.93385166685623477444977
0.93385875870469448045696
0.93387113735289473126500
0.93388215077620906345857
0.93388661567954101005995
0.93387571186726281435853
0.93386310208022171863718
0.93385562463333615657035
0.93384627903875705445813
0.93383188774678371757432
0.93385004537164717497433
0.93383577271802631347697
0.93385940816952583976018
0.93386721957844054387010
0.93388033706003514833327
0.93389130778985374181644
0.93389407293218906769283
0.93389897714346903345728
0.93389595188868534947346
0.93388473931105031589084
0.93387119746717994761553
0.93386316437180494354209
0.93385411097492654342034
0.93383999654978111504278
0.93385858896454054800529
0.93384452667374051593185
0.93386722429010515789116
0.93387513244066011619537
0.93388889865362545439353
0.93390028972796590434058
0.93390350788789178171356
0.93390767654602491187887
0.93390421458077887972848
0.93389289924738072556920
0.93387927475467791271768
0.93387169610791032070551
0.93386333019324707649389
0.93384905159921427486580
0.93386793524475653072159
0.93385329824485319161198
0.93387636324866074577500
0.93388380532037784664823
0.93389715761582303699129
0.93390798031074784280037
0.93391150007860890269740
0.93391528942547008540487
0.93391191145794305583649
0.93390174698263472841120
0.93388856449633117495779
0.93388084440799790097998
0.93387212823272647277406
0.93385724125681912610730
0.93387587325474519239776
0.93386104631722455238219
0.93388494097605112553850
0.93389326485396151333873
0.93390666606533623284037
0.93391631252940043861344
0.93391941849673354436590
0.93392400571760803007493
0.93392113822789157850934
0.93391160833761754922477
0.93389760838807711618159
0.93388864745506261488828
0.93387950406314890194892
0.93386498076157520298324
0.93388340281298587441938
0.93386914018807154480584
0.93389230050659732818019
0.93390165906771305248668
0.93391629544648113725458
0.93392595117843735241792
0.93392877932360074400009
0.93393327211290133593735
0.93393033863518770676393
0.93392048404572103326160
0.93390560676830625119749
0.93389634881148919642868
0.93388775829861314647928
0.93387340486029546404723
0.93389238535316909661788
0.93387750706426397862003
0.93390091255805629533171
0.93390988361681481766396
0.93392436169031911585847
0.93393400205586141193947
0.93393709387843726332790
0.93394016052557793372557
0.93393711100100329502993
0.93392824708806354561119
0.93391453294729676049002
0.93390578352461073308177
0.93389682283304042975658
0.93391038457580066722841
0.93390079646217316611256
0.93391935208453857875099
0.93393244392361651762258
0.93394015127323037894769
0.93394282439484899160931
0.93394572974427936262742
0.93394361625402833038123
0.93393683109279868048702
0.93392401512542033703568
0.93391441669953756399281
0.93390430702936544360426
0.93391796655121361858676
0.93390766441183514778857
0.93392812447262996133901
0.93394125193909460769248
0.93394756312715898616261
0.93394939340057270271700
0.93395378659121663922349
0.93395179069474487665303
0.93394529925026525951637
0.93393182846215105907817
0.93392143301518415476892
0.93391121408139199377985
0.93392528176564471031895
0.93391506947144753425505
0.93393550342865827573746
0.93394891932378742982479
0.93395578731882578082946
0.93395851797300011298830
0.93396299623433209902146
0.93395928854905030380706
0.93395233095535945544441
0.93393947464903281918680
0.93392957325865821882616
0.93391914131688824607380
0.93393389215765598709851
0.93392331918882554031569
0.93394368945529560033236
0.93395576547972336545200
0.93396237217868627311645
0.93396694049331663300961
0.93397056436504011234234
0.93396540326922139474419
0.93395921260494463300716
0.93394765061875772982347
0.93393794481738601209742
0.93392793814844388133878
0.93394196041645272110543
0.93393297324689072969051
0.93395098830649669885418
0.93396235727536458526288
0.93396863979809130462684
0.93397442202810665445867
0.93397877396951411999027
0.93397201986920208582887
0.93396498473087341540833
0.93395410555242797112641
0.93394641463498895284090
0.93393655048005108643139
0.93395063040625414529927
0.93395808425893755977398
0.93396768887373249334871
0.93397534712957330782501
0.93398344097014118769806
0.93398760614346820752019
0.93397880275441491626509
0.93397164091940221286592
0.93396294692367076706319
0.93394920243930212855332
0.93396416845703300602111
0.93397709053376321008955
0.93398327762283017694500
0.93399079511202431902461
0.93399382603188696450047
0.93398927569735024079023
0.93398002936893587122569
0.93396736211155828577546
0.93399376239979203795372
0.93399822794519871127505
0.93400264956154110951303
0.93398480352940915771853
0.93393426795426992548244
0.93399513923779198254493
0.93395014615808558122723
0.93394133453360916874431
0.93380855744935686857389
