0.93305720567619199190545
0.93312049003139141412078
0.93317693196602757854663
0.93320735617857997201696
0.93321134761635138321623
0.93320630251254699238928
0.93323328038217501223528
0.93321951250741008720979
0.93323845181569797802013
0.93322466707209128511380
0.93323658158812572427365
0.93321406105938031760871
0.93324702278602145177899
0.93324392394314903409480
0.93324019011951853119768
0.93323152340823534167669
0.93324319875462513618203
0.93323826273376653261948
0.93324611427174819500152
0.93325561831787662292470
0.93325471470632426207459
0.93326444177138279112427
0.93326545674105543248800
0.93325811042624118307742
0.93324938212561181494209
0.93324717510358856653596
0.93324316966282283569711
0.93325107793223860408460
0.93325425057722366517510
0.93326146391129416457488
0.93326879841733256792935
0.93327850983064186696225
0.93329764078284338513214
0.93328308313424590547669
0.93327218664545019688461
0.93326643205649140178082
0.93325959626361143506301
0.93325492057604286788575
0.93326477803122642740163
0.93325917426165272416938
0.93327173546467623310718
0.93327672958900498301205
0.93328631115332549850194
0.93330395857389636393719
0.93330765484251954067219
0.93329017706746741911417
0.93328143802784635507663
0.93327654283933025869402
0.93326990994997738315675
0.93326414649982258886496
0.93327515899206348048978
0.93326950593070812089991
0.93328091159357007278174
0.93328562695328742826462
0.93329431459087475175807
0.93331103985744123807677
0.93331490457287002993070
0.93329816993784975309723
0.93328940617894262654630
0.93328526352814400457447
0.93328047710082417953714
0.93327460593748789996482
0.93328549088444368031503
0.93327902284344665950755
0.93328979155872382467152
0.93329337415257351828757
0.93330184830726115041699
0.93331884158888200886395
0.93332273154771938639129
0.93330582029089936835220
0.93329773703897733749812
0.93329431936786477752577
0.93328997894181542349656
0.93328292590591477306816
0.93329395784630642118884
0.93328687496998841144347
0.93329851307268718585419
0.93330230923620860483680
0.93331027929613585847335
0.93332682102847353000641
0.93333127604363419482780
0.93331496891259457804324
0.93330664245949013224646
0.93330224355765423194242
0.93329792255976584680610
0.93329145545061875655080
0.93330224662684790892797
0.93329679990239688969211
0.93330585311249192326244
0.93331051718673396777604
0.93331945603485122475718
0.93333594674434539051333
0.93334049319530765220776
0.93332346601430071775241
0.93331413620263969921353
0.93330964445599773338103
0.93330710685751927524478
0.93330248231965262650789
0.93331210779667117538594
0.93330786600905191185973
0.93331390154588789176415
0.93331787671607058243239
0.93332717751944993533897
0.93334466558083317710981
0.93335159389941868557372
0.93335631273351127301652
0.93334845768596164106157
0.93333098055729513120582
0.93332207285711987765353
0.93331840794969922470159
0.93331688376100219173281
0.93331259358368057199584
0.93332099242084198831293
0.93331662182421459839077
0.93332281311523512812300
0.93332660553122226421152
0.93333512811996988123298
0.93335221551719649291101
0.93336083243770984196885
0.93336538837130833545785
0.93335618106576467845059
0.93333961305530255270213
0.93333115013625589373447
0.93332678163404825255611
0.93332457470431184898274
0.93332035440954075333764
0.93332792028720801269515
0.93332423274468556684269
0.93333035889410165264479
0.93333535527738942239040
0.93334410128035860676476
0.93336040675863041204963
0.93337009026736506012156
0.93337493061000831318097
0.93336462139104758861663
0.93334827730692204728058
0.93333916443894437975359
0.93333380663787035569356
0.93333151258555835383390
0.93332851813560369080847
0.93333554541792818071144
0.93333309064277136801735
0.93333745862720585151351
0.93334286135433708331277
0.93335210935889623140582
0.93336864806372876746110
0.93337973116283512453606
0.93338431158469559179025
0.93337237119458427159202
0.93335577068755437579739
0.93334669621386823212816
0.93334155402562080094953
0.93333986201006791105783
0.93333768155966212454189
0.93334421955153190619825
0.93334204429988687490294
0.93334598058842965784265
0.93335095640991494470029
0.93335963139877942129630
0.93337602016206178134894
0.93338875984711933142535
0.93339321223644644565098
0.93337980086387128952907
0.93336382421614350057837
0.93335553697919348969947
0.93335042958619995889791
0.93334833497986635642008
0.93334617244057105356347
0.93335224714239228838153
0.93335013734097438398152
0.93335472402466879149330
0.93336013213281865397164
0.93336830125621217391085
0.93338391352221394825506
0.93339781012106592950062
0.93340258465424941203281
0.93338815927439511277441
0.93337269776442810531591
0.93336446763954605820857
0.93335875886441965754159
0.93335610493679355137431
0.93335416476110366623686
0.93336003447980597780287
0.93335828660989716976104
0.93336271659837077852018
0.93336851106486962148523
0.93337676100052602290447
0.93339227016385784008179
0.93340737293500120053125
0.93341187762089383728181
0.93339600177847470430237
0.93338042221852668411941
0.93337240167721657879696
0.93336679999942884222719
0.93336415593874044738243
0.93336245840740161838767
0.93336839773010882304050
0.93336655835850412810117
0.93337105705296374846824
0.93337633752899940020598
0.93338393713202894019787
0.93339938077147632800035
0.93341607919886893096617
0.93342003662671912955773
0.93340262873061197179680
0.93338757790595539010070
0.93338053330877024382772
0.93337542667522388484258
0.93337253126447694562273
0.93337049326771448498619
0.93337652890949773798468
0.93337976627373409055366
0.93338491300283732421406
0.93339153975049227174310
0.93340618872791369931008
0.93342405448787790778198
0.93342840185833819699468
0.93341015660550274990470
0.93339581017701356291383
0.93338933458660922060091
0.93338396348639340871500
0.93338040383252518505941
0.93338803938206171828540
0.93338430183190213007549
0.93339356130292050472974
0.93340015835811773747821
0.93341451937753494583205
0.93343319818697045864297
0.93343827167972481806402
0.93341887357030350891307
0.93340428008942633031353
0.93339759991886317447296
0.93339203323059782846371
0.93338836242592382319572
0.93339614351042776707601
0.93339257066595382461571
0.93340147020945440914375
0.93340805424463257899959
0.93342295339806347076461
0.93344325472070710514316
0.93344750516195196254898
0.93342656468841045391827
0.93341154339726306599090
0.93340532653343466495954
0.93340039810156416599796
0.93339688498898853996621
0.93340464658504185280208
0.93340118366422120121939
0.93340931160421070078570
0.93341502016412980502480
0.93342988483843081226610
0.93345097078523187050791
0.93345413552962219760900
0.93343313400942695690077
0.93341861436322270950683
0.93341331212164513342344
0.93340890686221356098429
0.93340537506900578268443
0.93341307711438492589195
0.93340951186791365490336
0.93341740016371943511331
0.93342242831650268364285
0.93343668188259443230237
0.93345736416277280689258
0.93346094265502166376081
0.93344060760775204865780
0.93342644223500503830593
0.93342149805860097355747
0.93341719441746484609013
0.93341360782475712998263
0.93342136815940890404164
0.93341776402037068827156
0.93342560182605427421265
0.93343052912419055555659
0.93344481982568316968951
0.93346493075785919035781
0.93346916530669521439023
0.93344911954017795174821
0.93343466813086328759397
0.93342979083639276982609
0.93342565628877049999090
0.93342197488965161777941
0.93342998529231968607434
0.93342618999723137029889
0.93343404057558165831665
0.93343879524893214050252
0.93345335627268199996109
0.93347341397299998799753
0.93347746335303660725202
0.93345747410695223411636
0.93344286953030408682253
0.93343826499313720113093
0.93343425729492501830009
0.93343039240357628116840
0.93343843192053554957965
0.93343454399701586421401
0.93344242527900445072220
0.93344695263064014767451
0.93346147163933335111352
0.93348129430699033903807
0.93348683079471450607656
0.93349101581107374325796
0.93348499824449171491381
0.93346544133864517434063
0.93345088464144609918804
0.93344642634061469887996
0.93344249327945849614707
0.93343873851414538300730
0.93344654354011913355293
0.93344293526159505258732
0.93345029319374617227112
0.93345473890138619399437
0.93346939351358204639553
0.93348876976701133934000
0.93349520674617569859777
0.93349952715587003471143
0.93349264069889736905594
0.93347332586827314049316
0.93345854871493627591406
0.93345416901213595917142
0.93345055378171204463200
0.93344712435629095814704
0.93345469742431164128504
0.93345124659429601354788
0.93345813294010471228290
0.93346244441074199826858
0.93347735051649582960209
0.93349659616382041349425
0.93350390596390686592798
0.93350829968957138582653
0.93350050973963794032073
0.93348138831684823735202
0.93346647061918075483078
0.93346229352682352775616
0.93345887953117157032068
0.93345529016307904335292
0.93346309182766884493532
0.93345931855334418614234
0.93346660439747886073292
0.93347068287571166589345
0.93348552327331746347738
0.93350435958155064675168
0.93351258321026342468230
0.93351666994403204036246
0.93350818028770998768806
0.93348967262358428786939
0.93347494373297446035309
0.93347085101047599930979
0.93346726585076378324146
0.93346343204703985385606
0.93347137549012293433748
0.93346763917180275438312
0.93347496945536301282687
0.93347914351828653600762
0.93349384385654943230293
0.93351190544708384511097
0.93352061792583562738201
0.93352450670875397609194
0.93351559501718783806723
0.93349789533135252295182
0.93348316000351971855054
0.93347901386343068441676
0.93347547824377674619001
0.93347189646764583415006
0.93347961051632366569208
0.93347609433933798062100
0.93348297631154020237432
0.93348704202042842581477
0.93350182617268562257351
0.93351928086935132000690
0.93352847857896747996165
0.93353250605175497334187
0.93352300058564852136556
0.93350570379581154778492
0.93349092686868373469622
0.93348697736408414726839
0.93348368840209694496934
0.93348008068377874568711
0.93348769799463227059277
0.93348384323831035125352
0.93349105873420901158255
0.93349493164462338246068
0.93350965223215487398534
0.93352673853291434635793
0.93353671204992938470468
0.93354098837943400024386
0.93353058814230760464881
0.93351377902897270111282
0.93349914471192696474589
0.93349520271209740496232
0.93349161477237818651531
0.93349941125533186792040
0.93349558672614885157515
0.93350346255874161460753
0.93351804060650089844842
0.93353454597910989765097
0.93354530401624513658021
0.93354958395292320094683
0.93353849214413375801058
0.93352235167096975221313
0.93350778257353628220017
0.93350362968986921874404
0.93349974340121089078082
0.93350787479611208041774
0.93350417677627139934060
0.93351199997508171879446
0.93352653191181367287044
0.93354239678957540160553
0.93355375804276108375745
0.93355781348736643909803
0.93354603417578418955713
0.93353048377755099007658
0.93351609042136407534684
0.93351224706171009870559
0.93350878957876604058441
0.93351665653589832594150
0.93351332265769493279350
0.93352013933960875657903
0.93353425254784849762757
0.93354945122448085292888
0.93356172879027154998255
0.93356557105796722506597
0.93355278186216905655925
0.93353791944296649063517
0.93352420813080017047980
0.93352101313795032844212
0.93351758165846143722177
0.93352512131146470064635
0.93352141514331254956716
0.93352831197875185686996
0.93354174625930452791067
0.93355622570901464207793
0.93356964226815164487050
0.93357323895739630081891
0.93355988125118138931668
0.93354575921387050740918
0.93353238372488289709139
0.93352903810466758560693
0.93352501222548811554702
0.93353290668866628632117
0.93352874844100319773332
0.93353642448861873237576
0.93354988120142656793377
0.93356380831787733054483
0.93357715713854372285851
0.93358124787479557227243
0.93356785430682909243671
0.93355393515806628368381
0.93354039687402634584146
0.93353693721160702079231
0.93353293924669433767605
0.93354136088986217067998
0.93353767403797727197912
0.93354450767657148890777
0.93355793326896652217783
0.93357182871268329371617
0.93358537486328585508488
0.93358930915732496469417
0.93357558903465553967749
0.93356184012071463662608
0.93354877548789028107734
0.93354613160023680595856
0.93354271610037919959524
0.93355101608913326760586
0.93354762585768280569454
0.93355319215100784902006
0.93356579867651767745684
0.93357923425239641712636
0.93359306774342987189641
0.93359666972284161001738
0.93358289088918322562449
0.93356982380584396796763
0.93355760268517906652619
0.93355560419724437082323
0.93355209284893214682910
0.93355968489144580679806
0.93355602742490062517788
0.93356180102834085410279
0.93357392159852192747849
0.93358674806508967769503
0.93360042586549818466324
0.93360446371526650821693
0.93359083067368542341313
0.93357792248669391188542
0.93356554866416208149360
0.93356335665382039756821
0.93355970442389546448680
0.93356690279023146761261
0.93356351238811907666815
0.93356911718107771225306
0.93358171374506637718582
0.93359499304732795899042
0.93360877788906804219948
0.93361502769534643331184
0.93362000652249299559315
0.93361310925320528664173
0.93359900476054424878214
0.93358542351692552774267
0.93357270967384353710372
0.93357078093568246490719
0.93356766786213751796453
0.93357514516482820177146
0.93357220044687050375387
0.93357668246799940803271
0.93358916165134031572848
0.93360285256874697701335
0.93361721786350593266235
0.93362468379178120692075
0.93362903122682505685503
0.93362095504689801561682
0.93360659631969977745314
0.93359316140315873333577
0.93358113592009916992254
0.93357985276956945153159
0.93357682378535877809611
0.93358448180046416098321
0.93358124181049584322523
0.93358582080061924823866
0.93359757258712683380963
0.93361059936850132601194
0.93362451975763771638839
0.93363299730292004241505
0.93363683216096482464508
0.93362817130904685036796
0.93361489003220732296739
0.93360217588071214844803
0.93359031146948734392055
0.93358870361076518040733
0.93358538228699194938542
0.93359244544250952202447
0.93358935320506808430707
0.93359437365223552074411
0.93360665828843369951073
0.93361943035777894550620
0.93363220877719899082336
0.93364090435550539659459
0.93364537864014629509057
0.93363661187346502767781
0.93362393438971680303951
0.93361071798686556810765
0.93359798783200376171010
0.93359601587002749578659
0.93359338577808459458396
0.93359980117311092140397
0.93359756750870570574108
0.93360151777429378761042
0.93361446799345859659525
0.93362818797731106368332
0.93364102939141158099545
0.93365004484324876088408
0.93365450468179900234134
0.93364509293449515769936
0.93363200909073285060913
0.93361815876881049103275
0.93360546571903857415720
0.93360403881243159140979
0.93360181441610634589523
0.93360859112053329322833
0.93360591027305550593240
0.93361000066683974552006
0.93362226369108691770293
0.93363561876282608054112
0.93364854244467798682905
0.93365838705846004863531
0.93366157793967918809841
0.93365151248829281183106
0.93363931518828902067497
0.93362681540751202291517
0.93361491908045035614805
0.93361302576519633600327
0.93361960152593237438623
0.93361704550212776254625
0.93363156168194683104389
0.93364334251871328174133
0.93365442984809254856060
0.93366434576124224253846
0.93366722994425399573259
0.93365767427136692191425
0.93364749858829321205178
0.93363610485442638520226
0.93362369171161796455038
0.93362059577144740352139
0.93362721533655357308845
0.93362393263095144746444
0.93363998395352620907062
0.93365155210881445313476
0.93366125753072182202885
0.93367069469370955747678
0.93367473842990000854059
0.93366498245709195202835
0.93365510102547477622181
0.93364333222094886277631
0.93363054790476773803221
0.93362737964226616416141
0.93363421016301118005032
0.93363107723761107337168
0.93364659381432879570184
0.93365817764232361675170
0.93366844802441273376559
0.93367907399707927851296
0.93368324389911028227118
0.93367151795585945350808
0.93366114629522978241027
0.93365023087975296256502
0.93363836840514635717625
0.93363503295490568589798
0.93364274751238740535086
0.93363926583046785712128
0.93365431279321409174798
0.93366434893305161324406
0.93367437906980021988801
0.93368706903000775465529
0.93369077017533530504778
0.93367740788158681830566
0.93366779935435550985545
0.93365838499686415463685
0.93364711147460754947502
0.93364418322557884977186
0.93365162884075036942022
0.93364973782513516198378
0.93366199467333832462401
0.93367108783456498333209
0.93368076641509312185718
0.93369476735989398452631
0.93369898632397940740901
0.93368420815990083028169
0.93367380894755636067117
0.93366533767702786228426
0.93365657307869875936035
0.93365388449230357625908
0.93366104868083232837250
0.93366928016493577757728
0.93367634016208034264395
0.93368735247712963953859
0.93370330489565966924914
0.93370685766623495727146
0.93369030510948647361147
0.93367975713102746571082
0.93367371438191104626725
0.93365948343379323581814
0.93367421552854790167686
0.93368442478935698147779
0.93369407313951613414105
0.93370928485068938051938
0.93371159667891867606215
0.93369944270629545712836
0.93368668086599271305204
0.93367392447981012448821
0.93370371443962629776081
0.93371551499744487312427
0.93371972775169442826382
0.93369517135399515694871
0.93364568946400983140421
0.93371217306439058258860
0.93366871739669832219732
0.93365837582322053211925
0.93352758861763995845706
0.93321229545740591593272
0.93328669916848594478864
0.93333169957846917608180
0.93337334920777526026114
0.93336577993308222911395
0.93337623691740367881664
0.93339904248836846889503
0.93337361039975785814704
0.93340397000141006600415
0.93337843510293949655932
0.93340630345040331850015
0.93338644775731882674563
0.93341938951699365834003
0.93341342943183480684866
0.93340545213531378454519
0.93338496142757643170285
0.93340819722406431768746
0.93339136922375309790567
0.93341540722028926158060
0.93342796176234543725769
0.93343015272147633609734
0.93343619553514500797320
0.93344085179390234863206
0.93343042259812403216301
0.93341846647562287664357
0.93341190659338302282322
0.93339594723296159806125
0.93341553655429032598789
0.93342312537694871465987
0.93343373385078998172304
0.93344414033761735627337
0.93345043765244462008468
0.93346267738455324103342
0.93345518912540503819741
0.93344747484204970700006
0.93343865656142688269625
0.93342826007588086678624
0.93341909601134176455162
0.93343323236102793138969
0.93342305731525554435279
0.93344391138390503392941
0.93345196848464495609221
0.93345859289622523657926
0.93346888808610906096419
0.93347253633216420443119
0.93346263214890490278464
0.93345661952651137749370
0.93344866411866056488122
0.93343816125230416602676
0.93342773400548895157414
0.93344320982925110818940
0.93343279415958402278619
0.93345297023032647310004
0.93346074231937703480355
0.93346694091586046582165
0.93347611416365328107503
0.93348017766572133346870
0.93347097460345640485002
0.93346445533339328370914
0.93345725008511071241202
0.93344832235897168271066
0.93343758652397001984724
0.93345313100725779698053
0.93344168619655398799750
0.93346170312281406822308
0.93346836011766121110611
0.93347482840328555031562
0.93348429699628232558695
0.93348836284491898407367
0.93347896898732851678204
0.93347265570809456747270
0.93346615404038779661988
0.93345742111367480120521
0.93344526751888423632408
0.93346120363367046657288
0.93344889320328838788754
0.93347026160055890375844
0.93347715352878934957914
0.93348359395657298787086
0.93349262208469419022094
0.93349725487785983890632
0.93348845022073645427696
0.93348140814399471754115
0.93347389434003746888635
0.93346496783904453486969
0.93345314587104544212792
0.93346909117578114045699
0.93345815372318907687799
0.93347740486656083369610
0.93348521050027133405536
0.93349310121828987796277
0.93350208832578718265438
0.93350679521710044905802
0.93349727301244245225575
0.93348875512188933534219
0.93348109159947789681411
0.93347375296999979266133
0.93346349413063922639822
0.93347856010164698137288
0.93346853550490171969045
0.93348523876297817558623
0.93349241614304145908676
0.93350113667183731713806
0.93351111927733532169782
0.93351491375464701327758
0.93351945178449768913964
0.93351506709309006737385
0.93350508873952831034870
0.93349653029750023769395
0.93348962455504980173515
0.93348314056752201839373
0.93347291829382994521325
0.93348705034301893146420
0.93347659491968726364064
0.93349390117028585578396
0.93350098276806181551990
0.93350938730367560847156
0.93351897305541819971353
0.93352379738334045899961
0.93352817878159100040136
0.93352308674684103539931
0.93351401945963841111364
0.93350544731846163415412
0.93349773663036061943643
0.93349043348733629077429
0.93347996979945058182437
0.93349358561129969213965
0.93348348962251681548707
0.93350117953394540215584
0.93350957314012850130069
0.93351864311165166920858
0.93352744212695260017654
0.93353271283264216418019
0.93353740167683019191003
0.93353179429094501617925
0.93352295430959819633188
0.93351329580724062839892
0.93350448167315314140779
0.93349698343625497898302
0.93348741656596567750626
0.93350081771719684020638
0.93349162750217673512054
0.93350797890113879073937
0.93351690220691985189205
0.93352691959927203146918
0.93353595446037940241979
0.93354206127948846649645
0.93354650996555843533997
0.93353981046084510975192
0.93353071300936785181790
0.93352065441101339526853
0.93351191790325493968794
0.93350493284970392782185
0.93349585059351747329259
0.93350909166689177709486
0.93349984359706550396396
0.93351618522512935793856
0.93352483124490126531470
0.93353469712722181306219
0.93354357471301963045107
0.93355083591396248454686
0.93355518906360579478587
0.93354748067412574030755
0.93353900594603789198089
0.93352931946425032894155
0.93352046737912697249584
0.93351301049820945010538
0.93350360383836039623873
0.93351672123702145178470
0.93350720038296619573970
0.93352458542234451055464
0.93353382152671582350223
0.93354359482733650921205
0.93355171162952144126024
0.93355970985450698051977
0.93356442160009800446119
0.93355608022415947910844
0.93354810552670697276767
0.93353807179827741347111
0.93352843884274627761499
0.93352037191510417457607
0.93351085435951353108663
0.93352409589724449912040
0.93351459991120244730212
0.93353221208656878005172
0.93354202772215255645705
0.93355227348696734335221
0.93356029907552140478799
0.93356916352556784666206
0.93357364384988705818813
0.93356414143253019233271
0.93355603105915818673566
0.93354582689700316144865
0.93353610919753582386704
0.93352801420025521839108
0.93351839705836614502488
0.93353204846781123737998
0.93352212457757277608295
0.93354016867145162006381
0.93354966862410981853770
0.93355963758943572017301
0.93356762700389728237838
0.93357784651410247178660
0.93358182309153014966085
0.93357098706396546283770
0.93356337005293010822271
0.93355377065502187505786
0.93354433368798794834476
0.93353596934118732164620
0.93352568394777291072018
0.93353975174646686152613
0.93354846850904005250982
0.93355805964983118450107
0.93356742104980028340577
0.93357464653374944152375
0.93358587882522026113463
0.93359028708334035329131
0.93357871456763419359959
0.93357177197480223362902
0.93356238882681386037632
0.93355245913937578983166
0.93354341237560967137199
0.93355632071987360021126
0.93354709476741493112684
0.93356651699387427356669
0.93357619237394928735085
0.93358317217734243520511
0.93359516986964319329445
0.93360035420590925525630
0.93358762787459304011151
0.93358038565617484927373
0.93357045460014631554913
0.93356009388122684899969
0.93355093362836794046444
0.93356397985966810271208
0.93355491366828313726245
0.93357422788147392811453
0.93358423273986590462670
0.93359180400646835096268
0.93360546135247279853075
0.93360988761698204818629
0.93359550666525903395154
0.93358778294394439978277
0.93357798607763708975682
0.93356800999689992792696
0.93355900050934326195318
0.93357203201127214597932
0.93356307190510190441302
0.93358187035049533530895
0.93359131285149188350658
0.93359891149324303327717
0.93361356336620549001282
0.93361694077559997939630
0.93360225535385121808929
0.93359495814332593699447
0.93358576242176816162299
0.93357605537021703945300
0.93356702980615324793945
0.93357998447251255846879
0.93357092600864188813858
0.93358974752394041640713
0.93359882217311995766806
0.93360588967196878051880
0.93362037942759723563313
0.93362416375124090972548
0.93360989271422922808341
0.93360288060559937228788
0.93359374332350808511904
0.93358386185186448269491
0.93357477995485105282114
0.93358779418744186617829
0.93357869408515137266136
0.93359773939663592834393
0.93360700457728318379935
0.93361417531050572282680
0.93362835868427940244629
0.93363280778137092141833
0.93361854963612189717281
0.93361117400204018945686
0.93360181526255592299179
0.93359183286519542566140
0.93358265894433056786283
0.93359590778747281181182
0.93358662109444690013760
0.93360595415027702870248
0.93361533186843381759701
0.93362285224291552410136
0.93363726758543175154870
0.93364152488685958619641
0.93362703606466268535513
0.93361943679510561722168
0.93361006636146148807143
0.93359992512987177715189
0.93359056584930233402275
0.93360384614731872776616
0.93359445953112218941072
0.93361411308711128587134
0.93362353933771713432321
0.93363108891101909136978
0.93364556142173704689213
0.93365116661735236824882
0.93365561264723984091773
0.93364947619191229755131
0.93363511250246522532592
0.93362748322156496882940
0.93361799606722839506290
0.93360764917721261735295
0.93359839443325187691158
0.93361143323400119786726
0.93360232497591044698027
0.93362174173141443400681
0.93363134886626841790758
0.93363911622259720957118
0.93365345992211645764769
0.93366006144122171139799
0.93366463213839301360508
0.93365753967186593254013
0.93364310377384762684727
0.93363516857120221192901
0.93362549532532501661564
0.93361517631586510290731
0.93360624170906025831584
0.93361905383926679924400
0.93361009030062802604988
0.93362934063135039064463
0.93363906656170192466249
0.93364716707792994032644
0.93366169919449415459667
0.93366924714868737567031
0.93367387449373218100135
0.93366582082051452484706
0.93365124426439682903123
0.93364308675354468203267
0.93363337854518302361129
0.93362296709627123902919
0.93361386022761483349797
0.93362690265331704786433
0.93361761026561218557163
0.93363756012272136608487
0.93364728625855142318812
0.93365541629158999015203
0.93366988300499043074154
0.93367837742051595917303
0.93368266264729293801850
0.93367391475809846657086
0.93365960573194151095322
0.93365153659651789475049
0.93364167924184893188055
0.93363079606927101838920
0.93362143824437027195273
0.93363462571669919576323
0.93362535678033808927978
0.93364567193174985426651
0.93365572173937594335769
0.93366380395768688860159
0.93367784369786244180744
0.93368678824950135375360
0.93369083670842445421556
0.93368174102872802944120
0.93366787995599487270937
0.93365971241934120339323
0.93364958719195723091389
0.93363844995272660121088
0.93362932617461869000408
0.93364229669774867481635
0.93363323364874251097945
0.93365341313724847793765
0.93366356138187400759421
0.93367183264343789339534
0.93368563989928854418565
0.93369495082345743686147
0.93369908938506196438567
0.93368957129917484749626
0.93367573581424345707802
0.93366741592602497945563
0.93365727838798517890240
0.93364608287569761380098
0.93363692258281316682655
0.93364979968502537222008
0.93364038315675856871678
0.93366122500020143348820
0.93367138464060084324103
0.93367970262025923311455
0.93369351351482277046046
0.93370337718000750992786
0.93370770680990267109678
0.93369756647422452733309
0.93368384446004015764231
0.93367555104720190151113
0.93366523429660186472745
0.93365342648378812917542
0.93366930404434933521429
0.93365710393763412522361
0.93367981406340083694317
0.93368812003291090650947
0.93370173223142505225525
0.93371205557529890484147
0.93371633975108303538093
0.93370588660036069050818
0.93369244725078492930237
0.93368407591197244421721
0.93367337909332248635508
0.93366095922911152005241
0.93367748238376491176638
0.93366508958164518006129
0.93368823239436526950641
0.93369664040154831674556
0.93370999499919160591332
0.93372048424261444576899
0.93372448541029307023109
0.93371382923855794633283
0.93370060307812086097812
0.93369225463573368717363
0.93368171678411826519550
0.93366939990798358817159
0.93368598269461300365180
0.93367362909611872900939
0.93369622452154055203266
0.93370437528013205952249
0.93371744934627787237957
0.93372832220701951211339
0.93373206489920035355823
0.93372098256654800785270
0.93370804879054247749082
0.93370020794728303403787
0.93369019086513149741080
0.93367757878855461850520
0.93369414932526062500528
0.93368109903465246190990
0.93370422620897008947338
0.93371188656760528701284
0.93372462965203362195155
0.93373596062203423340264
0.93373970186425692130427
0.93372848027033883422376
0.93371590464704901091153
0.93370820725730097056072
0.93369792027054843153167
0.93368438390848196295480
0.93370164119484000408988
0.93368780823541963620471
0.93371214656860535008320
0.93372002488310623657952
0.93373260049578044039720
0.93374376055486230097102
0.93374799549151610289499
0.93373683811413332733764
0.93372408040499998982398
0.93371601003924220574248
0.93370551657618505725367
0.93369168402370950055058
0.93370978195821108247543
0.93369609807845832527562
0.93372000907728636143190
0.93372808409833618625839
0.93374100573833951344227
0.93375225363171543424556
0.93375631897277122650536
0.93374494451577139120246
0.93373199294928044267294
0.93372416227995336246437
0.93371439741638084797160
0.93370082046186742008587
0.93371912805900003640147
0.93370541293512399061427
0.93372845714176488929326
0.93373594999141440453627
0.93374876513590698845491
0.93376020049693619906606
0.93376393406505664440687
0.93375259772576002514910
0.93373997405352060496853
0.93373273367257103583228
0.93372355282413255217477
0.93370956089986167913963
0.93372746609952417262690
0.93371317160576583482623
0.93373679485035931957526
0.93374407227914013596148
0.93375662824529959138431
0.93376781035478351178369
0.93377196490025338171392
0.93376087440718047449906
0.93374807500804335447242
0.93374040581446471342986
0.93373097212652411691636
0.93371652312422204200715
0.93373435348479105755359
0.93372000830457546616259
0.93374382764860686112485
0.93375186503718088371073
0.93376519619337938760140
0.93377638610564561716387
0.93377924565237757636993
0.93378397933749368586831
0.93378083427717972764270
0.93376936391780718249578
0.93375556705908224763846
0.93374726583461387097174
0.93373806010999449433996
0.93372384238311056936510
0.93374224689277918187713
0.93372805025046157201274
0.93375108136343731857210
0.93375930060833456369807
0.93377336469117622197444
0.93378505001457767775719
0.93378841499223996791557
0.93379251812019592460246
0.93378889264790743141020
0.93377725698252267427790
0.93376330125433437689964
0.93375537295942123705572
0.93374677517788085001627
0.93373234575346486519010
0.93375122552085854099602
0.93373643797393024446052
0.93375989338180831467184
0.93376770586714819000207
0.93378140352948635349861
0.93379255160255569823136
0.93379624389003301754286
0.93379985361323103454367
0.93379630472865748913591
0.93378582745015936694699
0.93377229953445861632133
0.93376421491438055255685
0.93375526634774141943041
0.93374025570308227806038
0.93375881913569491743488
0.93374390255844574859623
0.93376809697998397474805
0.93377677237017286948628
0.93379050120035744786406
0.93380043895831998934653
0.93380371470224321495124
0.93380798394805675233243
0.93380494030765004431771
0.93379513759314314302884
0.93378082621949309860554
0.93377152888685965859139
0.93376219497204926422995
0.93374760734618678093000
0.93376578606870608290080
0.93375146168252998180037
0.93377487752824417377440
0.93378456861997904958628
0.93379951284030138225489
0.93380944234209728449514
0.93381245979743443541565
0.93381674647124357502292
0.93381359456967416576845
0.93380344813924542890504
0.93378824928662307325311
0.93377863805489613735489
0.93376982863574420345998
0.93375538509779953955103
0.93377417977781884683708
0.93375915837372003291961
0.93378297452338088202595
0.93379233645445647304939
0.93380716935190177796500
0.93381713189778525752160
0.93382047957277336536208
0.93382353396260109335003
0.93382019106987212975213
0.93381097764175369224660
0.93379687679270084732508
0.93378769185924048734648
0.93377840557059754722502
0.93379217469622433078769
0.93378221478314260561859
0.93380161369040715069190
0.93381511062308386605935
0.93382318325749114062972
0.93382617839011117233383
0.93382896393981584814981
0.93382650533161748462874
0.93381936181482350090022
0.93380614069167133806104
0.93379606097581702162103
0.93378555525050199737080
0.93379937179143812642224
0.93378867731510839522713
0.93380999641099460273352
0.93382350688182003128901
0.93383016703800370006405
0.93383235362171757021343
0.93383634340725329980870
0.93383397154942815454604
0.93382714848149883657413
0.93381332679796624773871
0.93380248766886075895144
0.93379190050953819746127
0.93380593271220579953962
0.93379537166609660747696
0.93381657007893736910376
0.93383031394812010539397
0.93383750722512848252421
0.93384063916434556507085
0.93384479138344278492667
0.93384064565803392987675
0.93383336085500157075501
0.93382018451463488784015
0.93380987298658890694014
0.93379910077682437563595
0.93381402801090029885955
0.93380310188688453454375
0.93382423953363236091008
0.93383663468024180609461
0.93384357539479090348777
0.93384862293035475477865
0.93385234751838375188981
0.93384667888343786401606
0.93384015609357162723825
0.93382828478115198489462
0.93381816059604316748732
0.93380778210942350092694
0.93382244450984996930742
0.93381309333287298990456
0.93383186739712908952527
0.93384351333327841881982
0.93385010680750768496949
0.93385641522148865600883
0.93386089657909965300320
0.93385361484381468333282
0.93384629362780358086127
0.93383518484380889645990
0.93382715975370245153897
0.93381699577516785737430
0.93383139699148265400197
0.93383909639832540783289
0.93384887862119914103687
0.93385682076078424529442
0.93386548030456650870690
0.93386930501141529603615
0.93385983706397723835835
0.93385234371412051412875
0.93384349391316190391876
0.93382958790819137195882
0.93384395999244285135887
0.93385706132896040276847
0.93386366617170379900159
0.93387199524492503499573
0.93387456929406043038000
0.93386909188424216399227
0.93385936136140190733101
0.93384663623052666103774
0.93387341136664958618496
0.93387875017483101824922
0.93388323161444675157838
0.93386491458589537817403
0.93381547354652427728183
0.93387594081363634046511
0.93383111676345631479990
0.93382239500829378187063
0.93369005475480360001228
