0.77504326272974655154258
0.77517817813005862603859
0.77518295213505827856437
0.77529087063625812259460
0.77522082379768386672936
0.77509447733296676918968
0.77532963461703818808246
0.77522824535509327059657
0.77534307260940993344889
0.77523299029715764252302
0.77514526502942204810864
0.77477966015439792002439
0.77483380224317777162923
0.77516803465651351601196
0.77535212168163847312741
0.77524065438156941620917
0.77536249912450760923832
0.77524885938271081986528
0.77518444472966729907881
0.77485856861293811448377
0.77470216477777609220823
0.77495117093592824630832
0.77472362558569429769051
0.77487612076291823015595
0.77520217574413596839378
0.77537406276408793459609
0.77525539308020952056211
0.77538544184764279787458
0.77522190036486882114275
0.77489481636554446986054
0.77473636044560501012768
0.77497195938228702338790
0.77537538251135362799005
0.77498119628332828856543
0.77474931479349273821811
0.77491565846627208369313
0.77524217054653143943455
0.77539674385795309685676
0.77526222984748660582710
0.77540839642911230100708
0.77493690208207677283525
0.77476373435863044036864
0.77498895460886896291441
0.77539902530196980201538
0.77541665877100940384992
0.77499719097005159706981
0.77477841022126348047294
0.77495757077666882484124
0.77528217031359580868610
0.77542079728921953218901
0.77530216144526176158536
0.77543346797772705336627
0.77497764605652719183126
0.77479254745632764045382
0.77500596384130449045813
0.77542505252471027876737
0.77543364721356844437850
0.77501427165804681607142
0.77480619242313220063068
0.77499768270326263586156
0.77532210896289777135593
0.77544568887219489372598
0.77534161337801166258288
0.77545689178952259545952
0.77501793759361126134877
0.77482024928720283352135
0.77502252535547777601010
0.77544253277534369583890
0.77545109967687442242834
0.77503114081503043930610
0.77483487726763078384806
0.77503827385866697063932
0.77536051925275673024629
0.77546740995279039854182
0.77537872585047173945583
0.77547790318231024642159
0.77505821353512682758691
0.77484994099836734804398
0.77504054739426864184537
0.77546008293425094937135
0.77546916204328708577265
0.77505019949417131019942
0.77486482111918297821518
0.77507759319506530637511
0.77539692062447751474963
0.77548910443096685796149
0.77541540321996971218965
0.77550121067685373610345
0.77509686056164051048967
0.77487919842199959319373
0.77505980077656078108816
0.77547854114190739593937
0.77548748697306446597821
0.77506862205610049798565
0.77489336301185529620739
0.77511623039559274239707
0.77543452016969438567173
0.77551363199683454041633
0.77545363707080738890909
0.77552559601010317980041
0.77513610838466651120626
0.77490767498008783498165
0.77507724065006977642867
0.77549616981835922668864
0.77560443810889356797134
0.77562378797179287737151
0.77550402638645710151621
0.77508595913514388708876
0.77492268880171599754192
0.77515620910864302395282
0.77547246402916214513823
0.77553679505739492316962
0.77549026892214845130269
0.77554709102596530723162
0.77517615051290944538920
0.77493817304964707215476
0.77509532892148513827379
0.77551202740895996967652
0.77564275632282397854311
0.77566163814121302788607
0.77552010923407244114003
0.77510513665640001779167
0.77495384481885321026340
0.77519555086741187555077
0.77550744387567371873615
0.77555704490758714531040
0.77552420489956919169572
0.77556719401809426361893
0.77521445941958722070098
0.77496925263408023010214
0.77511511986711734145672
0.77552878495885457788006
0.77568053626181221460456
0.77569960656448966318521
0.77553713467043960960723
0.77512469439884779109917
0.77498428622274162513861
0.77523323636836860561772
0.77554124380254829684844
0.77557792987993534605806
0.77555872207861642486648
0.77558903250460564660074
0.77525214701430300578977
0.77499936765191834719957
0.77513416448291638793933
0.77554550320876047830865
0.77571856306039643769168
0.77573698010709968286847
0.77555308956849855483995
0.77514332142939934566783
0.77501463503822576317503
0.77527160509330383941773
0.77557634074896075748740
0.77560018010766651475052
0.77559392788086012338056
0.77561098760201008239790
0.77529134047398107210114
0.77503054928972081594196
0.77515292957810055796131
0.77556076052984046498295
0.77575514704825132561439
0.77577321636507468038957
0.77556828852033532495369
0.77516280782008628591484
0.77504695413016311267285
0.77531105118829957145721
0.77561099694182966679534
0.77562157644728146888013
0.77562767299856161251626
0.77563191908700823695710
0.77533052155130033344932
0.77506343780193864834160
0.77517328326172629804347
0.77557655485603294032160
0.77579137072955595133550
0.77580974854526574269187
0.77558471684032037618550
0.77518365880628847808254
0.77507974240537813592766
0.77534962323853007237773
0.77564415773096895279082
0.77564241649554388491339
0.77566052281113284649905
0.77565302979603512056883
0.77536861277906710121499
0.77509588722475575295334
0.77519381123209940565033
0.77559293153156361189104
0.77582821219484610075767
0.77584626746243801065361
0.77560048730131747607430
0.77520349243885089407513
0.77511203422243246663470
0.77538778485905912596365
0.77567706838757055631817
0.77566372784248738270207
0.77569365418879998586021
0.77567442377128259511920
0.77540712774692621689354
0.77512825782670580210265
0.77521326734051432261197
0.77560786876026521774463
0.77586402955926314639612
0.77588136026823639745942
0.77561474791934037487096
0.77522318422161162754236
0.77514500599626745547255
0.77542656192262560121975
0.77570989066825268842820
0.77568495769598855282823
0.77572582910739185102500
0.77544593131045125300460
0.77516202259452837708409
0.77523355301774332648534
0.77562225640916371283140
0.77589871602677917827862
0.77591639927100020113215
0.77562990174843526869353
0.77524435066814567640847
0.77517925975323542786555
0.77546503821719980908966
0.77574145159304741525830
0.77548401180476655980556
0.77575688745580395622170
0.77519631069022620906139
0.77525539487818939665686
0.77563829802135952906639
0.77593464325693328742517
0.77595323996451448511635
0.77564639957430425720730
0.77526616935603320790449
0.77521332274348098145822
0.77550280788624359473715
0.77577237722771474892625
0.77552171605670727760895
0.77578783343645729697613
0.77523024281961849801803
0.77527672639859313008515
0.77565447260152642350306
0.77597172429824612382987
0.77598694299214698855138
0.77566178285836040462442
0.77528693129439307796247
0.77524732100438864534908
0.77554086311513226181802
0.77580331733335616828384
0.77555996100209734223085
0.77581867721636632584392
0.77526477534894466803195
0.77529745041701825236657
0.77566903921270291544232
0.77599919651518300955928
0.77601096321609630557248
0.77567590679889697469207
0.77530808490866987003898
0.77528229362660150414399
0.77557916425553818928762
0.77583371003190626513657
0.77559818705787764159254
0.77584858550373803076639
0.77530010053617237630874
0.77531916644501297497527
0.77568339452502299558034
0.77602279776381699605281
0.77603490688684673148856
0.77569117816947463772692
0.77533054866924111525606
0.77531801767636621125490
0.77561715811287612609704
0.77586319664751268732061
0.77563616904482235447915
0.77587775118452806388802
0.77533597785886243514142
0.77534200176099377088690
0.77569945861450118052005
0.77604750780887610250858
0.77606019732970143998330
0.77570766353438935780673
0.77535359151665050880808
0.77535418099000463776349
0.77565531451990110678452
0.77589221720504719659317
0.77567448705088848370792
0.77590652603121124109009
0.77537252292324809754831
0.77536528865763354456675
0.77571595198636622559007
0.77607297214328230250402
0.77608536460914656629484
0.77572400870285029839124
0.77537693582553746107777
0.77539093260552693909204
0.77569355506276582712388
0.77592069767365468013764
0.77571256745817274147470
0.77593465222655311208655
0.77540941701753651749129
0.77538890761063605783221
0.77573207883976869059239
0.77609758572885956251497
0.77614760195233811757021
0.77616460075846749333550
0.77610946205469311109937
0.77574012262301705877832
0.77540061600836496236155
0.77542787478589325633749
0.77573147963817135064346
0.77594863525742585608214
0.77575047383330586470152
0.77596252981315239072302
0.77544621907597577337157
0.77541241707687225126477
0.77574831258398635469575
0.77612157160428296709398
0.77618146544841670753101
0.77619840690933139537577
0.77613357595303800184894
0.77575629281758995414719
0.77542425387639501987991
0.77546468605481089220177
0.77576931285320027686936
0.77597633832986190327574
0.77578837142128298509647
0.77598994144695498942355
0.77548325057043743235852
0.77543632545756324692121
0.77576472938314033900298
0.77614574187622020762234
0.77621517092833314244160
0.77623179528990116082809
0.77615757309946742381612
0.77577294027359233741237
0.77544850081636929051143
0.77550214611999457314795
0.77580740502892731047524
0.77600332631714752373853
0.77582647480001309947539
0.77601658290806618811786
0.77552131123211076602075
0.77546106225527411393017
0.77578151487588742352131
0.77616934654935232362760
0.77624813804794923211006
0.77626403069739524642756
0.77618109244746946728810
0.77578997872408705926972
0.77547371686917832001029
0.77554033703555969037069
0.77584549383175316350503
0.77602985439199556605416
0.77586432843575492412924
0.77604313606699859562355
0.77555925570908634814060
0.77548648437280298661989
0.77579880242813026303139
0.77619271577726078881199
0.77627963131655897122130
0.77629497048090556621247
0.77620417533644026075734
0.77580742157742776932139
0.77549910733434990195434
0.77557823245446166904316
0.77588321230719980992063
0.77605639229231737630244
0.77590213782276817866546
0.77606958206179055270724
0.77559717760402435704492
0.77551170703213345714033
0.77581613665265303225738
0.77621573439067825805893
0.77631029489353975403532
0.77632533703485806508837
0.77622716383162471132096
0.77582484087912451098390
0.77552446489075421709458
0.77561624470175449808096
0.77592101592324125292066
0.77608247550301179273902
0.77593980088475289491612
0.77609504340388268950335
0.77563543563185088913770
0.77553745552882502600767
0.77583376138372994734738
0.77623851715748626300950
0.77634048172006997479144
0.77635537274111543482036
0.77624990542098226686818
0.77584281536962984571204
0.77555084839966015319845
0.77565472557740600123566
0.77595840480848410347647
0.77567416279748979679454
0.77597702405615875953515
0.77556442162785244054390
0.77585210487516975685907
0.77626142785642304744442
0.77637003830907225232494
0.77638443528189227116343
0.77627254154493885440758
0.77586153824756198815749
0.77557811275890209401496
0.77569362895274629465803
0.77599581735571976359722
0.77571308887495171724424
0.77601491735244654268655
0.77559182773024026857911
0.77587102671859686786604
0.77628385633742846838601
0.77639851460620168399629
0.77641236050229756049390
0.77629453753830046647266
0.77588027540733084386204
0.77560556063512642310798
0.77573280877825367962686
0.77603420099001274579109
0.77575265608529808680771
0.77605337253462602919996
0.77561942999708788359925
0.77588959565916348903869
0.77630508289489386086757
0.77642587585032019070752
0.77643911803434584317785
0.77631537516376292185072
0.77589865406336722131186
0.77563348223130423875205
0.77577259479057181223993
0.77607229198783822532448
0.77579219835814017258713
0.77609066462818510068189
0.77564778224072639112308
0.77590825123200224400222
0.77632590325389982943705
0.77645199634393236021168
0.77646863854953762640321
0.77633627515719261236171
0.77591805352955756092115
0.77566217369756929045366
0.77581161413696642092930
0.77610872463423452582987
0.77583099861491122695156
0.77612690316343158070111
0.77567673951508198104676
0.77592804250303915036824
0.77634693070573512763133
0.77648543051932250591562
0.77650229319259822524657
0.77635737078471889205389
0.77593781186218890866257
0.77569116630590162486669
0.77585052674040067000050
0.77614554120743384224568
0.77587055744739730211990
0.77616473799426077828656
0.77570597801273000193589
0.77594779054619922309399
0.77636773683056425898741
0.77651897525572433078622
0.77653536892347696518613
0.77637752540164584047488
0.77595754527984095449966
0.77572104019281362674576
0.77589093932017783039612
0.77618429242715569760236
0.77591151321227558312899
0.77620359690097318061675
0.77573645515776512571193
0.77596759515640933990710
0.77638735067293751512807
0.77655151413310563590642
0.77656737793701013927716
0.77639694892683241977949
0.77597771307795437856214
0.77575207195878093102692
0.77593182350240286204723
0.77622240453823920791621
0.77595162087988767130042
0.77624056167696031671710
0.77576775044942525294545
0.77598823306316444536890
0.77640682483043788053578
0.77658336298458863211636
0.77659967326876933046975
0.77641680251095257503380
0.77599864582015987135577
0.77578289409411382848702
0.77597105292827861511284
0.77625844245942587917853
0.77599027139500642569203
0.77627647162708179884305
0.77579817496308911550784
0.77600879372830156022189
0.77642689715260537752783
0.77661619485592014999753
0.77658945538376678019432
0.77660424991233023561676
0.77663261293218088798795
0.77643645669283212207290
0.77601904851544911689842
0.77581346766605230325098
0.77600992239869170941091
0.77629478445142097164933
0.77603010464720256766924
0.77631345224855219377957
0.77582927410557156466808
0.77602930028639582893391
0.77644581668786161188223
0.77664861722722045023204
0.77661870886651740431006
0.77663316951678440513973
0.77666405951718187061772
0.77645464276405806725023
0.77603967553118935462919
0.77584577987449843128331
0.77605064435258030997034
0.77633206917517227907410
0.77607102117437498645103
0.77635032408902737710577
0.77586265159638445609858
0.77605073656166490003727
0.77646406006900736684884
0.77667929610766062165084
0.77664742615504722689224
0.77666174971736789967025
0.77669456135159831156045
0.77647349911274410327877
0.77606205397613714502825
0.77587937124665251609201
0.77609091302614663376858
0.77636817061082030733132
0.77611027053751391324710
0.77638571172590409297243
0.77589584786662468829377
0.77607341435409515906230
0.77648332781765772026006
0.77671027352070465266110
0.77667667700606524139317
0.77669243753350603043373
0.77672643029055377095204
0.77649289626401118979970
0.77608427397141610537545
0.77591193105158251519526
0.77612950919775658409350
0.77640335865046561369951
0.77614903732361795185568
0.77642118318024400114297
0.77592801175099246346889
0.77609496826429524851676
0.77650237582681302939136
0.77674250927739407757144
0.77670861549006864343880
0.77672463577511130505826
0.77675812054988357946428
0.77651109843486643136146
0.77610549870880729539380
0.77594477898342928412490
0.77616912754191180745522
0.77643906943318241609120
0.77618959718596569619109
0.77645665673580555043998
0.77596232365925255081152
0.77611679079492046362532
0.77651959725581043425535
0.77677281832286759755135
0.77674009181956849001693
0.77675482235936643693464
0.77678678804280454350817
0.77652794049396278719399
0.77612851580622099767481
0.77598047715675966262694
0.77620985307982992562614
0.77599832558841297380781
0.77622955320933373357661
0.77614046000457936891337
0.77653682057493467194575
0.77680068949209712947379
0.77676904936506119270234
0.77678354296177476445706
0.77681500569948513934548
0.77654560503462932707919
0.77615239194568530489704
0.77601558042451779240167
0.77624864333785936754140
0.77603235508991619262531
0.77626747587316347054553
0.77616354601513026789661
0.77655467890087281901401
0.77682960975739423492570
0.77679892516945170388709
0.77681494343954338166469
0.77684442745791359996588
0.77656302891033746060856
0.77617423903819859898334
0.77604900596793391365225
0.77628646323283134744742
0.77606622395362523381124
0.77630573201826913454227
0.77618497461886526433972
0.77657086372375561111880
0.77685887437807377153831
0.77683122297905049524758
0.77684699460088679767722
0.77687269101609901511551
0.77657836998877183276591
0.77619611313972314281528
0.77608418473591722630545
0.77632531484512712349755
0.77610232896732112006788
0.77634503758459139088899
0.77620780975802861068047
0.77658602574755353220581
0.77688594044309278174865
0.77686196300638954426176
0.77687638596712593752613
0.77689893327889214535986
0.77659376876048935578467
0.77621943846750562912007
0.77612042061315678065370
0.77636545076170293544493
0.77613873133506039447838
0.77638648452283087753045
0.77623047570367242897760
0.77660135352709780409697
0.77691210247808273337000
0.77689225710270481961572
0.77691583800538233095523
0.77692531021733157725606
0.77660811361825876630860
0.77624127227681594121123
0.77615762887542150139097
0.77640575905493280917113
0.77617639474672672772471
0.77625318767554196686120
0.77661508751868757460812
0.77693833557538827250255
0.77693941883627215538866
0.77696243943300391521234
0.77695112701895086004811
0.77662334325968707116061
0.77626610910394167053283
0.77618822947202203987871
0.77627464571425308648145
0.77663329417372206631143
0.77696495915765262374464
0.77698409722158057189034
0.77700586600166166029169
0.77698043515473880216149
0.77664022011732880557133
0.77662860589934190613803
0.77699411081650282540068
0.77702936000486599876780
0.77705322221246775349357
0.77699174851965668864295
0.77693942935046000908272
0.77706316089125604396060
0.77695897701345728592059
0.77701817106032333715149
0.77680632092347412509525
0.77517627737894223560744
0.77526395471497966394026
0.77531974071457621100478
0.77537597065018404318693
0.77536138381195796043244
0.77543414400076460246680
0.77541413672228742814951
0.77537258865454239398218
0.77542708089458922682269
0.77538113857634805015095
0.77547920056945296440887
0.77538462880536906940421
0.77543567128482637773601
0.77549623581959703511046
0.77543571828783286470355
0.77539261423098526648801
0.77544575470564824914987
0.77540463226118705453160
0.77550691212752687064835
0.77545724667306170641012
0.77518965038953346891049
0.77501856267803614919387
0.77521575942257092695087
0.77547147431488172575342
0.77551894003079080430751
0.77545709637278958936690
0.77541497923717572771096
0.77546832549267707967999
0.77553300585012630019577
0.77548672131143303598577
0.77523298606867119264763
0.77504647909833945806923
0.77520623395068488648008
0.77506311221981250003665
0.77525037796049289795519
0.77550398506317486102546
0.77554763334527399010199
0.77547956879774104788083
0.77556202693210829490766
0.77549125178693667503893
0.77552154638428816291196
0.77526909089507500816296
0.77507810779811836532360
0.77522908898494380380839
0.77524631168586055629532
0.77509384100769229686279
0.77528798631371353966557
0.77553840421457564957564
0.77557639508922282534087
0.77550376638586826505417
0.77559081038793131757103
0.77551664923465379875012
0.77555456927137711442555
0.77530612772125795384426
0.77510993037593833854260
0.77525524207728147008112
0.77526456912198549176196
0.77512580227156713252867
0.77532376149424220290740
0.77557056536147483960519
0.77560521117598979490282
0.77552915944451628060818
0.77561919250935351666243
0.77554073081235697095792
0.77558668078926551459062
0.77534161013435165532570
0.77514149110709917867013
0.77527429876157905042078
0.77528390235865174417995
0.77515771549850120969438
0.77536000127068516185602
0.77560277319717818578226
0.77563263490689560164526
0.77555170267915340964748
0.77564539386283271049649
0.77556273115871876555616
0.77561837703651148601125
0.77537861214722114677755
0.77517460384135938866734
0.77529401533040143146280
0.77530444686196220427377
0.77519190214669309035855
0.77539698716091987051868
0.77563328777697615468156
0.77565817535604719701325
0.77557455521897056271996
0.77567127187958795353495
0.77558735982844850820328
0.77564803008813454354708
0.77541470747612883940292
0.77520899464049097815632
0.77531527015417145420884
0.77532586768433631174702
0.77522551168178144287424
0.77543214506105440086969
0.77566274643253985132674
0.77568507001827724511855
0.77560055274071093567301
0.77569889539339087480840
0.77561336596976482304910
0.77567791313690814813953
0.77544957246876655698742
0.77524165614945295121885
0.77533626692180468431559
0.77543531228601147997637
0.77545575904290819924114
0.77534607578604575195413
0.77525805982821749395839
0.77546758773730495306609
0.77569318922628460732938
0.77571250718251083533517
0.77562550135156616004650
0.77572511299578184029713
0.77563680029376824709431
0.77570823725825521766097
0.77548593315050839969160
0.77527493975361361222554
0.77535610329108195504233
0.77547603930193464982779
0.77549643969171999646761
0.77536642611279904535593
0.77529240723496661846781
0.77550437393285698295387
0.77572264681266001051796
0.77573715600571480077718
0.77564781752093148181615
0.77574882298685166048813
0.77565910288272366113205
0.77573652263342551815839
0.77552241797929188926730
0.77530987695989006525110
0.77537738090965213633154
0.77551706567891098842438
0.77553809948453755751530
0.77538825078793771616859
0.77532711962632605562362
0.77553996847934969505189
0.77575016202068292070493
0.77576083839590914692508
0.77567105117437429306904
0.77577336026104481980781
0.77568342884244667612137
0.77576387748057917814748
0.77555740004268836074175
0.77534402276455915981046
0.77539917400163926863854
0.77555925934669744936656
0.77558008867133176877928
0.77540956942097727377927
0.77536076881758320133997
0.77557496209765763861554
0.77577807984261315521479
0.77578607413897393563218
0.77569590796275678101779
0.77579883345270506112001
0.77570810635946818578645
0.77579252262486630975502
0.77559300220732008135371
0.77537774643792711781742
0.77542007198058493511184
0.77560088950238770255652
0.77562181506208904835376
0.77543067867990489450136
0.77539514938216791417602
0.77561140278778928358605
0.77580684747268380263563
0.77581112323909395822596
0.77572015058130194820052
0.77582308963421930947391
0.77573201579148209905412
0.77582090321313212921694
0.77562974392288619451818
0.77541293574678826772129
0.77544202259029526569378
0.77564304489364743755431
0.77566473418693349106690
0.77545352799947697697291
0.77543072894755749047135
0.77564781262552773277719
0.77583452080415737928121
0.77583494430906263517045
0.77574408363901903307180
0.77584674261782538007282
0.77575631450861459725843
0.77584799632608580921556
0.77566556174814516033678
0.77544814682322482646271
0.77546508813971459783687
0.77568671798305055542500
0.77570848142807979908042
0.77547624528400338483891
0.77546515058978415790847
0.77568318841999839285961
0.77586161127209252175163
0.77585880562357356637904
0.77576868380338981356914
0.77587100910608808312929
0.77578111841498642586856
0.77587535039041599649323
0.77570075593555143367297
0.77548206341585534939753
0.77548721588926361469873
0.77573018913846891742025
0.77575163025379367809364
0.77549796504818302445017
0.77549916037966115656133
0.77571872366257943465229
0.77588912502952223082531
0.77588289222014483748069
0.77579343052945770597972
0.77589459018478756924253
0.77590280366470631978615
0.77573681357928570001548
0.77551659930818461763380
0.77550931950584778284963
0.77577327270168194850442
0.77579542475472451634744
0.77552106582690971681160
0.77553446727173402930333
0.77575500050209988955885
0.77591621435373536730395
0.77590606017364616153742
0.77592945999204676610361
0.77591744088809777579741
0.77577285388033156987575
0.77555239783107554618624
0.77553354445391153859646
0.77581832569718489622801
0.77584173183023452669005
0.77554600278957297465610
0.77557011660430030808300
0.77579052390503200342664
0.77594246568159541688203
0.77592894805341672270771
0.77595560249989792289682
0.77594050570816774925476
0.77580797642206678066401
0.77558744953361602458841
0.77555840980237367165984
0.77586517720105208084647
0.77588049216538346186667
0.77557030164884233069955
0.77560449113675133947510
0.77582545317958895303434
0.77596896606374454741228
0.77595220466992054220157
0.77598222477067269053919
0.77596387790537224571352
0.77584314675031285091222
0.77562159181075163161267
0.77558212167114271018420
0.77588893509082246247033
0.77589685240618888606434
0.77559384207530956967247
0.77563886613704580152984
0.77586077241717210650762
0.77599558568246529421941
0.77597531071702918747945
0.77600876494728465715411
0.77598667769769857915918
0.77587853901623959895772
0.77565638209527509872032
0.77560615302164326312351
0.77590515376628654831137
0.77591371838437550589873
0.77561896792823692425856
0.77567420312397117321268
0.77589627899472890515398
0.77602186940680117910318
0.77599788784765599825022
0.77603501961276866172312
0.77600915658682523279310
0.77591391047955082793663
0.77569194329581370173088
0.77563225214167486054606
0.77592305996168908777122
0.77593250195399343649427
0.77564570222655837561376
0.77570979002563889004307
0.77593162484637578923952
0.77604830284940096163382
0.77602044828483796035101
0.77606158896208476960510
0.77603167808791928550249
0.77594933573679802929490
0.77572757205065390184728
0.77565920526246201482934
0.77594231689059345313808
0.77595177493106570754122
0.77567271226911271853055
0.77574531238776089914211
0.77596696820520705273339
0.77607476631135019484731
0.77604288181868874563207
0.77608790214836720355862
0.77605398080691012641097
0.77598452096857462034762
0.77576314434912774231634
0.77568618796048738328608
0.77596132111711024759160
0.77609708591477966077576
0.77612022989501194825124
0.77597054906429296927683
0.77569984262627811322233
0.77578072745127168996504
0.77600189385416884491065
0.77610094626828174391164
0.77606524039628088651455
0.77611407599233595000499
0.77607651730914795074057
0.77601899616938818660117
0.77579823898690336569928
0.77571361960941453972396
0.77598030231007475432392
0.77614326236031205841215
0.77616650631963146622638
0.77598998735138047244675
0.77572742906396419115822
0.77581572333395798501954
0.77603606967287996898364
0.77612701202137757139354
0.77608781825467232362570
0.77614022799941373431665
0.77609903812819402979528
0.77605310133133342809231
0.77583326587346357339214
0.77574159498107841947956
0.77600009120210000634899
0.77618958681560012990985
0.77621264324261318723330
0.77600990937042468864604
0.77575576180661265368599
0.77585091439152298331550
0.77607030767514717517486
0.77615339917200543151665
0.77611016896493045802430
0.77616663326871204731106
0.77612128942180080848345
0.77608762310650847293658
0.77586871528914358453477
0.77577024145314366077031
0.77601991051198138116263
0.77623550355169634862307
0.77625795526901464338465
0.77602999802339389656680
0.77578482053845898569477
0.77588659717006869254163
0.77610465403480599633212
0.77617981974569960623711
0.77613253883964983259602
0.77619283508668601712088
0.77614391342257382788716
0.77612143717908210760470
0.77590440118379355727285
0.77579967784463366164971
0.77604017042317530172824
0.77628021825858317672697
0.77630227141230001564054
0.77605027232180734397815
0.77581451047761906814060
0.77592203632848355532303
0.77613812795884973283478
0.77620588334089779536384
0.77615539814487144454347
0.77621902173246526412953
0.77616693618827792278125
0.77615462907309329398942
0.77593948623335218250929
0.77582940236475417261630
0.77606069905012786680487
0.77632445812510897376058
0.77634634558695647665871
0.77607111244741222577659
0.77584441684127902760792
0.77595700514230003808080
0.77617111105494751566169
0.77623209478424548546371
0.77617829792075643258187
0.77624513053968302589425
0.77618944148329882537496
0.77618758221767658600498
0.77597463258727006341076
0.77585962056858315261110
0.77608163401155194627279
0.77636850649707911387054
0.77639041392115426543086
0.77609232334532862740417
0.77587511800353814450659
0.77599254594860145317625
0.77620401390134330377180
0.77625798123291911423394
0.77622045317391774599258
0.77627086369577880109460
0.77601051445103907955314
0.77589081649949498409313
0.77610333619041704800168
0.77641221743981725378347
0.77643380444466203460507
0.77611407351091821205102
0.77590677391190876477367
0.77602847167093935709659
0.77623677817043401638841
0.77628392851942995545045
0.77625296755305372986555
0.77629731620518638290918
0.77604634321334575730589
0.77592272483935975646574
0.77612520342760749070266
0.77645512261563476297255
0.77647628871368123970598
0.77613583149821041562433
0.77593857966199908382521
0.77606411402394537280003
0.77626929771008845726499
0.77631093227007297308262
0.77628561870394607868917
0.77632443407009965596899
0.77608190496759221765899
0.77595442249045498694926
0.77614650335444401729745
0.77649720845966718751896
0.77651785619791602321982
0.77615708174415487530240
0.77597019548671730682088
0.77609977565372201269156
0.77630189492065471146276
0.77633770551069869458871
0.77631770566869007232924
0.77635043518569923914896
0.77611774046255699310848
0.77598640732338408643187
0.77616806818392003464169
0.77654049849447681630465
0.77654962730425647343679
0.77617905347148163919258
0.77600292134908055441400
0.77613572115079920710201
0.77633322519751168933055
0.77636287833265227309454
0.77634859934158018113237
0.77637549364843061461272
0.77615367319367123410956
0.77601959075974891177907
0.77619047686734576885215
0.77655941593197319594566
0.77656902844258579587944
0.77620185521576035014846
0.77603615977334927666931
0.77617147016019971683676
0.77636398511039284020541
0.77638857756118861974670
0.77637975890836574688336
0.77640224085553544153271
0.77618943330254719370487
0.77605282024106536642449
0.77621331557019246361051
0.77657890034808629842189
0.77658826202818853623455
0.77622436868773481144501
0.77606938412619630440759
0.77620758737641859514866
0.77639578468015735257524
0.77641627249159927970368
0.77641191179184554371773
0.77643011127948635685669
0.77622596442249747195063
0.77608617090536613503104
0.77623559016170606827956
0.77659785963674221598296
0.77660693004007419482093
0.77624676561982952627261
0.77610312565020433961394
0.77624441663433918492387
0.77642765462762297623556
0.77644347584702722020467
0.77644278298121927051056
0.77645620291911943144925
0.77626277143789634838100
0.77612038024581941897395
0.77625835905702056383149
0.77661655577591770516221
0.77662633393938795833833
0.77627023260606708987552
0.77613760271649800959182
0.77628054076562347241008
0.77645746609355992262635
0.77646869554915409761264
0.77647185008175656495411
0.77648137600764288723809
0.77629823669852093814825
0.77615454597345234777350
0.77628234430588050063449
0.77663672515590154166176
0.77675132729596663150318
0.77677352494707707641908
0.77664687860247272332970
0.77629410317650271444734
0.77617155726009956495659
0.77631586963854204430646
0.77648657151696975908806
0.77649437801690301963475
0.77650173283476209284970
0.77650777765718870249145
0.77633389278553344148293
0.77618851579065506474109
0.77630578284608309225234
0.77665700102362200674122
0.77679526720884473078854
0.77681702127915552846815
0.77666642795868778836876
0.77631712242678685420572
0.77620570502141905677718
0.77635246927412260298240
0.77651718275208880815086
0.77652116499928192094870
0.77653239603132862001189
0.77653423529338316821935
0.77637128306963165691457
0.77622345450757246343443
0.77632914130430985544251
0.77667599012362120713959
0.77683844881557517769721
0.77685982488687999047983
0.77668551042399691652918
0.77634137169155725821668
0.77624149572406975217120
0.77638983753732504489165
0.77654706868507161754422
0.77654695326696576707093
0.77656112852371605992374
0.77655942465245153538689
0.77640796839539516494000
0.77625949441062191969110
0.77635409070688499166835
0.77669579993964610320489
0.77688172788726550521687
0.77690438631979885641954
0.77670650220532333474210
0.77636674477408196271000
0.77627702236840001592810
0.77642559961440960059065
0.77657499589324241462407
0.77657203277252373485595
0.77658910069683517729544
0.77658488706487072139595
0.77644310863977816783432
0.77629428767329911043049
0.77637938366708647563996
0.77671739227950542527878
0.77692732933915853443807
0.77695004226767305777201
0.77672780044949185640490
0.77639144299011086935991
0.77631142718581591655180
0.77646115701224993621565
0.77660373119445991196841
0.77659786352281701127254
0.77661869213674372680600
0.77661060514679802757598
0.77647982887640887295078
0.77632918371653780731378
0.77640336439423096592805
0.77673758173686302530569
0.77697208041430199099153
0.77699333205624754317142
0.77674660823674490650603
0.77641531098841454205939
0.77634740089342768598613
0.77649896939250029337387
0.77663337154644995763420
0.77651769481470778178078
0.77664746555365193891873
0.77636578037259684759164
0.77642786600560531606874
0.77675585488045195692308
0.77701389277818089240668
0.77703464990803428058541
0.77676550840132663200421
0.77644050838605183084695
0.77638407587704816315011
0.77653568031395303616904
0.77666092712079615179022
0.77655303427722777165343
0.77667409868655168381224
0.77640153905857789418121
0.77645347799047614856249
0.77677565639504586592068
0.77705624011507667958654
0.77707835923887880191785
0.77678608732808196446484
0.77646590014849303784672
0.77641852231469432599198
0.77657012835897321068046
0.77668737913738661315932
0.77658766394653933051728
0.77670092776188293104411
0.77643543347892607364713
0.77647787041901017435208
0.77679640509881242582679
0.77710065397389216368396
0.77712234930813961497620
0.77680612048673924885378
0.77648967070297503223486
0.77645273140276582779506
0.77660578559534609865977
0.77671476275160789004559
0.77662395589492239089680
0.77672869903029395644012
0.77647046954135756635651
0.77650167792487090334674
0.77681549338276867366915
0.77714317709917357657190
0.77716339401125411612270
0.77682464326692357570181
0.77651392271815178336425
0.77648808506093180969998
0.77664192838167966925766
0.77674333894032421277132
0.77665996468427622723141
0.77675856420939271007597
0.77650503984059304762866
0.77652605237833971507655
0.77683420281372728144476
0.77718272084855211101484
0.77719681088172132277236
0.77684386923297565896718
0.77653751667407011627375
0.77652173088708131842850
0.77667847364339315241466
0.77677202808235723541230
0.77669667444142975742949
0.77653939831159601858701
0.77654921323696213253385
0.77685357665342036348477
0.77721126718755229045854
0.77722493155336946912826
0.77686310870301289455142
0.77656234240389832024221
0.77655802057784517611339
0.77670780762983226974683
0.77657216797798978014100
0.77657721947985680621684
0.77687390444064252648104
0.77723757511137459008665
0.77725011943379074264016
0.77688641111057166188658
0.77658920329408476224131
0.77658268420223541816938
0.77689732127834265629218
0.77726470219821663931725
0.77727944476390242733999
0.77689228452944913971834
0.77683747783966550226609
0.77728066549985885824725
0.77730107615761945272226
0.77722671737856041662695
0.77715366970698718240840
