0.21064804770785947041212
0.21061939883919914007215
0.21099359014944676915526
0.21097076310081408490049
0.21109672016083361190120
0.21094147284661296515296
0.21108322671386711699704
0.21111589859987650585893
0.21110738832461564684628
0.21112297384900979846378
0.21106782331198889468560
0.21090658328300643242770
0.21104961353092743792104
0.21109874793442529039567
0.21111610201640948480950
0.21113971438557141424575
0.21113160184180518319508
0.21116201253386934766354
0.21110942740386251514906
0.21109072690595714894002
0.21102853277835198486656
0.21100448346490308093593
0.21108123770773340455165
0.21110437465601150641703
0.21112503463974741091391
0.21115335917716451796800
0.21118316809603468464651
0.21117426307947226304940
0.21114575925270642753340
0.21111867576005305391362
0.21109841809800075629333
0.21107147991258415342664
0.21106508779742624848375
0.21109340667685039250046
0.21111233283977451358204
0.21113805033373789221685
0.21116564616946559285182
0.21119301736018702975173
0.21118426644504761924281
0.21121082857929293630228
0.21115773301516721494053
0.21113064963430322462656
0.21110735110318057383694
0.21108955175818097660390
0.21110327597089847961875
0.21112403377260149928141
0.21115013273288163464514
0.21117655625369671779090
0.21120248118123288727510
0.21123148063290911324863
0.21122314405934092262918
0.21125328394982764712573
0.21119505900885360283326
0.21116887132216455302824
0.21114306571145591284733
0.21111887782455079909383
0.21113776549682997107915
0.21116232635593495947646
0.21118736781697600157770
0.21121503987875339669600
0.21124511498921844099286
0.21127519374490907888564
0.21126650297411028733841
0.21129372719678984893221
0.21123703642360802668065
0.21120781510080274823160
0.21118120604987372646022
0.21115673404777410282485
0.21117629082802527595852
0.21120102861214212763841
0.21122944659928175048513
0.21125893226333536389916
0.21128601183449707834328
0.21130977872364214986689
0.21130229345269790908191
0.21132544385451143553745
0.21127861693672425613677
0.21125116757870410211240
0.21122245695878544280433
0.21119566055193825238057
0.21121688729323737088173
0.21124372929019250011429
0.21127084719008507041060
0.21129490471777229165795
0.21131803906981647123153
0.21134244142242900044160
0.21133423712920113013425
0.21136220820087303629009
0.21131052778725809004889
0.21128773387863117316776
0.21126399392722750025797
0.21123762560101111418476
0.21125764131038732296375
0.21128112620498326612584
0.21130367890713397382996
0.21132682085704154739680
0.21135376063816843639209
0.21138309622259376929776
0.21137447400031089683736
0.21140369135263445410367
0.21134621939292710934843
0.21131988903314713468262
0.21129707564783023476807
0.21127571832309627319901
0.21126912232142719405559
0.21128559865374149651096
0.21129217749422507521828
0.21131351648048105063005
0.21133838461270668118708
0.21136662053416202522449
0.21139586990165970536992
0.21142268879863038155698
0.21141417952924906886736
0.21143934781526430022325
0.21138725007823658263995
0.21135891959274505369493
0.21133178607430772033560
0.21130880775488639078397
0.21130151468521726765282
0.21131799226679950920449
0.21132649958138460810630
0.21135199202446808275369
0.21137938240249720678321
0.21140626812859125704946
0.21143111730713876061927
0.21145507595488402530215
0.21144688780413986584072
0.21147156247165704856528
0.21142328099161267207506
0.21139887371104390534349
0.21137191655721707106430
0.21134601505268973964391
0.21133540854067131564697
0.21135450624498922089778
0.21136594173943459851195
0.21139099603982705599670
0.21141554193645148429503
0.21143983744536049007579
0.21146382749465902906039
0.21148994387778416448320
0.21148229517750341543980
0.21150924797561579393523
0.21145583923721461561129
0.21143207692904986139126
0.21140852601118018116999
0.21138530001773836453083
0.21137347322037086660984
0.21139098989612059575904
0.21140282285163905506842
0.21142519612742791124127
0.21144864400192606157525
0.21147421521158829560427
0.21150096667512097159403
0.21152872788718735108660
0.21152044212415785362502
0.21154660153020898860632
0.21149343133392578542029
0.21146709048519288232093
0.21144212119775920855069
0.21141968214798825820289
0.21140768618907149201114
0.21142391256640824526158
0.21143676623510213041790
0.21146029184529432920492
0.21148629919565492540912
0.21151293404851104207332
0.21153880976288114146300
0.21156445723143108006425
0.21155649628891851077306
0.21158185667055687262383
0.21153118551067595642934
0.21150552455827525966114
0.21147950747020544115529
0.21145505429425837107260
0.21144071101954800551148
0.21145812969834903993771
0.21147441170794201159566
0.21149864244372187926935
0.21152361224017376950535
0.21154845780798961496494
0.21157391818271487071712
0.21159999097187690009214
0.21159133729524526312815
0.21161881886173855571442
0.21156541228296521506280
0.21154095922751253722183
0.21151706901688915873905
0.21149289980230706609277
0.21147662993973218026333
0.21149411849131868890161
0.21151110801408301576032
0.21153350197455167425176
0.21155828857084418848089
0.21158356150670903916833
0.21161027610914479035742
0.21163725769696681289211
0.21162971504620423091048
0.21165633260249863689673
0.21160260158258450968738
0.21157550645606817973920
0.21155073175634356297259
0.21152783706642944161480
0.21151099096268480281857
0.21152692076311102598041
0.21154444314983805730535
0.21156806400149150149126
0.21159469317836954171952
0.21162163352547169736795
0.21164866272762239418626
0.21167400344502748654740
0.21166610080178133168616
0.21164067345186665658474
0.21161401973540311383104
0.21158717343806418553775
0.21156215961652144463834
0.21154310258062353211628
0.21155963708421615665500
0.21158073983789638106146
0.21160686270009360088196
0.21163362194422427609020
0.21165849687284221669614
0.21168315555723946075339
0.21167557536649489469127
0.21169959155220322011282
0.21165150677114771826659
0.21162624279301048280111
0.21160096222721302972047
0.21157781372618703064070
0.21159737288803737165210
0.21162055139899882405530
0.21164446145588614034416
0.21166813297649747505069
0.21169187634451389068424
0.21171690015706282061991
0.21170817133747477090111
0.21173436205443482704958
0.21168429241467390244935
0.21166111819625427203917
0.21163899769187605182097
0.21161624058928052427575
0.21163430764904769820767
0.21165528521103246784030
0.21167684474350398349252
0.21170050245667035304642
0.21172614432910630277718
0.21175223336327864132045
0.21174406643795704030531
0.21177112632436723149709
0.21171823547291335199105
0.21169286268118839289265
0.21167106248291853165533
0.21165083020494049326210
0.21166667963262536522606
0.21168682239942146483536
0.21171014953996430962846
0.21173638451455331632722
0.21176343961887883482476
0.21178965551116368803974
0.21178194294223456894954
0.21180890453148384922066
0.21175545899124700865990
0.21172862782051796171068
0.21170430521075778163009
0.21168236346809632397736
0.21169923151776343095420
0.21172277311972756419500
0.21174823314871099588785
0.21177458060808565520894
0.21180075655479571605788
0.21182721364350817760958
0.21181955808982941280583
0.21184586503885285968529
0.21179365186987414437780
0.21176730936155685469657
0.21174212292953503711246
0.21171798258175444917839
0.21173737248347196393539
0.21176167291478564802532
0.21178617884065595311505
0.21181222321356016347060
0.21183834675117249601861
0.21186443457192630224206
0.21185669407444476797231
0.21188228224133182076017
0.21183050188817342807113
0.21180465720275643004555
0.21178041436341957237666
0.21175717162584228869804
0.21177562081273934579961
0.21179912951991908265370
0.21182259554269006196492
0.21184863663085179430468
0.21187423898887006168401
0.21189986568871019279037
0.21189164737249946424136
0.21191663600318519367072
0.21186643976290761570702
0.21184123317594349966697
0.21181660577635808007102
0.21179368546970803177665
0.21178662071679932310531
0.21180319173934780696555
0.21181152909046419008376
0.21183468808134556238265
0.21185855139065590257985
0.21188452218417219707902
0.21190897650448436984050
0.21193436846230226389132
0.21192715588096924794748
0.21195281236070867558752
0.21190144813588807082283
0.21187631151473299007115
0.21185257261661724625945
0.21182937642745694462043
0.21182063601655048978856
0.21183799510983283842513
0.21184761027732060267859
0.21187025554938990201670
0.21189365962513059815642
0.21191909573059125593275
0.21194479660998136183458
0.21197154998865286312792
0.21196340831996163256434
0.21198998440797511833011
0.21193683450808878387939
0.21191123865314689944661
0.21188807725658223568566
0.21186526384162476799311
0.21185528846769915989334
0.21187210700358805048893
0.21188293353332793289567
0.21190531785181801471829
0.21192933810275177419769
0.21195545141577554204559
0.21198191294409626794781
0.21200795959343601837510
0.21200025997095517382718
0.21202563088320586226487
0.21197458223262807819331
0.21194740154251526242923
0.21192311528144838761456
0.21190012723629819690885
0.21188913634561731824668
0.21190565117102316827769
0.21191798776305320606284
0.21194108202287484377102
0.21196594483074415737889
0.21199238695785635466784
0.21201855455677712236628
0.21204323739199987253201
0.21203548199317218125870
0.21206136893435167944943
0.21201032206220382647643
0.21198441377898319393225
0.21195988921579939079365
0.21193561794190951541594
0.21192213125564901554654
0.21193955281567664061804
0.21195438172520966735313
0.21197831106506620502117
0.21200267372960865386311
0.21202802763608366576342
0.21205351775292577420906
0.21207921856292843987291
0.21207154416598553159368
0.21209787006792427122015
0.21204600937706377661307
0.21202046266399834917316
0.21199681709026810261243
0.21197297181977067803693
0.21195730312983776522096
0.21197500719521708556492
0.21199178535864657280108
0.21201470047244994066027
0.21203812800981602926242
0.21206408010844321476718
0.21209018254350431309518
0.21211576203229423609464
0.21210811217408437334697
0.21213289666313411840903
0.21208204768156591057959
0.21205595017210462915891
0.21203256279048307564317
0.21200985399434543743347
0.21199266243470785142655
0.21201014972742421305085
0.21202721635759361196172
0.21205030367488428288958
0.21207397870272620687970
0.21209985303645939591632
0.21212501582878073858041
0.21211735183763005818669
0.21214199696371077719093
0.21209193943809914739695
0.21206764284529758257669
0.21204477435557655962128
0.21202641165385491262008
0.21204254854531418006403
0.21206186799737522519216
0.21208545726511221496402
0.21210894895337603638374
0.21213457661062090631177
0.21215923994043617284433
0.21215138525518822953941
0.21217757598532549501158
0.21212621604667272756650
0.21210265505041661637797
0.21207956388622761778606
0.21205908074546664376925
0.21207598730037113821112
0.21209695146485452177387
0.21212023691170381334281
0.21214321051696760633831
0.21216950789041097436005
0.21219667573407668959007
0.21218847779035740486187
0.21221608709793604585769
0.21216175230686468156094
0.21213775964643938332088
0.21211416962329635027551
0.21209257878030504662625
0.21210939659042982174952
0.21213207747164075644974
0.21215550915823785937953
0.21218052741262530269672
0.21220849979871625468064
0.21223530513667676622447
0.21222726421289084264288
0.21225308595270039879743
0.21219969076110112293776
0.21217456722240868316476
0.21215016564685784672406
0.21212674069307838053966
0.21214491491500583886243
0.21216899967119831615925
0.21219344675482729178917
0.21221848597586384643776
0.21224464939406215147066
0.21226956181954823033031
0.21226120557681768530323
0.21228532753022621992756
0.21223612585200166136268
0.21221255832394714246902
0.21218768679693778000939
0.21216316660665343607484
0.21218183348784283581701
0.21220602611170119589090
0.21222988726399338865747
0.21225305986453080198118
0.21227728151016655999683
0.21230259091477854394014
0.21229501419440696685648
0.21232084699058303978170
0.21226928832051755735577
0.21224667555845450062080
0.21222362803917271811827
0.21220008024684405834037
0.21221797812929976689844
0.21224063228454617680008
0.21226299687687311124051
0.21228627838856634069131
0.21231326631897837198260
0.21234095387724957748610
0.21233259871034740329243
0.21235990642858640353730
0.21230491135824269832710
0.21228060950359148306710
0.21225744626767040212911
0.21223499440169665830602
0.21225189024778287616435
0.21227496273326637576950
0.21229919982430772718018
0.21232441720355557657207
0.21235211715684160216355
0.21237833894515173449591
0.21237017115461029326262
0.21239539486808217683134
0.21234420195579795098695
0.21231875292885965533785
0.21229334113638936853974
0.21226902223478552600433
0.21228786271378852212877
0.21231242161352745223546
0.21233773420786061780774
0.21236179450076883568066
0.21238761582895884783007
0.21241210133444909935463
0.21240366809219826671473
0.21242986933490554113391
0.21237868759100472781931
0.21235552039086311171268
0.21233182941540801325075
0.21230672433114330943660
0.21229907444859158482942
0.21231785389853041756680
0.21232580467082140529556
0.21234945622704057277552
0.21237252162186029402768
0.21239488479924362174245
0.21242100576012640233969
0.21244803814343804493348
0.21243962332853660868182
0.21246712461321132225933
0.21241236484907083381657
0.21238863608828809081963
0.21236607208830771131858
0.21234330935077957991375
0.21233475752463312757889
0.21235133406145670353915
0.21235982000168002192808
0.21238182093366614333618
0.21240555264953228653546
0.21243095934036887451057
0.21245921433721715043674
0.21248565570300184668362
0.21247795897104918005915
0.21250278928485874518906
0.21245054110547800796382
0.21242424682978128247512
0.21239909049639152383016
0.21237633780793666038456
0.21236710724926841087346
0.21238265172095463495516
0.21239310372716058150644
0.21241818420217975504904
0.21244404373350245229801
0.21246947797257156875794
0.21249514005398156824000
0.21251916187234126676131
0.21251094567718706307424
0.21253494334624309369808
0.21248714632081724951185
0.21246397314546008883163
0.21243785646995277938132
0.21241170770869247097501
0.21239950590095468818674
0.21241810797087531947902
0.21243164875180350903427
0.21245734985275080419775
0.21248107081681377739102
0.21250318240495916222166
0.21252683822349932585283
0.21255249611141482923848
0.21254391198857677802714
0.21257108393736862117507
0.21251813492425083995663
0.21249690841943377761503
0.21247503359513358889288
0.21245149878801919407501
0.21243780292635525142053
0.21245599088837044399192
0.21246997839718551048804
0.21249090359541172867708
0.21251149335981045496169
0.21253485209087588647670
0.21256266709731422293039
0.21259077914516219531826
0.21258237056516343654877
0.21260917760565511969162
0.21255338727295960965513
0.21252834776384355031098
0.21250606305062433309949
0.21248543707213654596622
0.21247265277072141520520
0.21248702064556124202710
0.21250009355312188263909
0.21252165155685889819104
0.21254701059323846679128
0.21257385209565177186519
0.21260116076370766391435
0.21259332141497203072511
0.21261820132003481087501
0.21256682251272196459979
0.21253991852662978967459
0.21251544977272487924047
0.21250096649756694544564
0.21251582790775699893793
0.21253380471232374837598
0.21255975709033073095533
0.21258662732465444245022
0.21261016246692382436478
0.21263337009810029387680
0.21262526634767514588376
0.21264745327887085712959
0.21260385309986218338452
0.21258011318818875734493
0.21255377305273920329753
0.21253362500571651438896
0.21255278630938792550076
0.21257361998132445757292
0.21259794506662829660648
0.21261897402391874423166
0.21263885518248015760179
0.21266243740515494708987
0.21265370758993476507648
0.21267732596174387937893
0.21263276090931720885280
0.21261262277783868346326
0.21259143758085086162168
0.21257191237607062084258
0.21258911250961354255651
0.21260678953516068401264
0.21262616086020760808317
0.21264692622671024779812
0.21266931244552289559380
0.21269324491681815270105
0.21268509664486989763077
0.21270917809142431131875
0.21266278941326416385138
0.21264062209190959240601
0.21262072414656554841805
0.21260369514295723858410
0.21261681814388588840359
0.21263512727672567725890
0.21265673083471442472714
0.21267902481602835029761
0.21270109617158991510699
0.21272764784763589784866
0.21271820397680568648369
0.21274939628924116608033
0.21269462983804215960859
0.21267304486107457828226
0.21265095136607117809469
0.21263066758948273582419
0.21264722551845277598304
0.21266716740849059275043
0.21268797898302593818443
0.21271070719997245412891
0.21273914242932137619313
0.21276543107544318433888
0.21275885187906329321095
0.21273033195812635076649
0.21270283185866761810345
0.21268248371416209607787
0.21266365784366689228868
0.21267798988210814825628
0.21269627143376354516668
0.21272193246853965398202
0.21275215076220993504208
0.21275177318551100058563
0.21275583915445162030977
0.21274514680277464839797
0.21271356097327878686976
0.21269066300933320290412
0.21270643888126603004984
0.21273804716976024709041
0.21275728722590278585436
0.21270388012623001050549
0.21275669200953364890161
0.21273215278223289725901
0.21275603732674921997337
0.21271880161913700457710
0.21250699709483222843431
0.21272982895015632442970
0.21262630105157553916939
0.21253530300737646929754
0.21222560903105425200721
0.21068298373648430832361
0.21065690185519889143784
0.21102851794549340458396
0.21100827085891077361524
0.21113159891635693843348
0.21097985002313782154637
0.21112069622693516168788
0.21115071486916014986690
0.21114480224190124157957
0.21115772605142005269308
0.21110617640571496811397
0.21094556861049251761386
0.21108861659432040513984
0.21113705942283078620392
0.21115345545512365088570
0.21117440330712808349567
0.21116889480873643480940
0.21119663805698257741383
0.21114769443254841063684
0.21112972919378175662430
0.21106821196671540774581
0.21104328950588471802696
0.21112091925318682283930
0.21114336963659033341578
0.21116325870881058612838
0.21119059240652210407418
0.21121773001776497635795
0.21121143560898636426515
0.21118394076772367684569
0.21115766115879955333590
0.21113809325808735595231
0.21111033568433704155076
0.21110238403209177771025
0.21113230527868667718572
0.21115200078853990639516
0.21117702642417277014708
0.21120378437111569924767
0.21123012692480830354569
0.21122236115765397057586
0.21124787335899689044716
0.21119669927568704426157
0.21117031202904082420879
0.21114629058646988690739
0.21112683116212682676860
0.21114054966183237738164
0.21116301417982813459773
0.21118978783174918723020
0.21121551133658680865501
0.21124053355786812091743
0.21126846082883904420768
0.21126115483477042600313
0.21129019931651490948887
0.21123400123090171898177
0.21120851689039857324026
0.21118208704412649856508
0.21115619857879611154239
0.21117513515940172785790
0.21120139042149821406724
0.21122700363611268681296
0.21125396755163006190514
0.21128308298724940428315
0.21131204282532242699766
0.21130442795244272491395
0.21133050763592337029095
0.21127594944199082349634
0.21124744203821066435012
0.21122031224187348685817
0.21119414895394947317975
0.21121374952756194476322
0.21124017570421252387725
0.21126906373888831858210
0.21129783035601756857602
0.21132389486475100515150
0.21134648945087472493576
0.21134013410062532645206
0.21136208476797921362866
0.21131749780426875573447
0.21129077313390415282512
0.21126164478282202785486
0.21123316162241337345939
0.21125443272483790391192
0.21128295814588030077097
0.21131043963025517018472
0.21133376530587408281825
0.21135583609560706919162
0.21137901203395950688879
0.21137199035560186310967
0.21139870725563225661858
0.21134936787544245095916
0.21132731390277659233590
0.21130326317039221928340
0.21127521185298947514752
0.21129526759841174565757
0.21132043501603570145875
0.21134324569169116170286
0.21136563945116432217119
0.21139147097467403391136
0.21141952293264631990155
0.21141214254426168861478
0.21144004582892492183355
0.21138501600913139899518
0.21135944126307965040823
0.21133642180179562641840
0.21131338226794674217679
0.21130609192662658246675
0.21132253007283177681508
0.21132987956396021012040
0.21135289956271824385325
0.21137792193400919971147
0.21140539306841751865385
0.21143349624983653889387
0.21145897043584499508384
0.21145176228024722964172
0.21147555485741864611526
0.21142599692380376064094
0.21139844257943077310280
0.21137120702697548280113
0.21134654616731929355211
0.21133840888741664554296
0.21135484886357222555908
0.21136427436472063345896
0.21139145053775684757191
0.21141889089131671308763
0.21144498809469985944887
0.21146865607713422052782
0.21149120702149148964821
0.21148438361975535615400
0.21150761761505476599154
0.21146197355064277889625
0.21143836752536912526601
0.21141141007610073088152
0.21138382223826604477956
0.21137222890184245716050
0.21139129413653853784005
0.21140378301502793512157
0.21143052454955812979875
0.21145501877628478104576
0.21147850004384805000512
0.21150128026325185071066
0.21152592350881577187849
0.21151970419141574719646
0.21154515158089290394194
0.21149446977492208921134
0.21147153570323112825591
0.21144808894940794741224
0.21142317426631543342275
0.21141023088232849258539
0.21142771916501990059345
0.21144072946555966807658
0.21146479324180442183057
0.21148808637957833278520
0.21151281378921346632005
0.21153833129382992872536
0.21156455410764346547481
0.21155776311359963948178
0.21158234967958444716629
0.21153199749039364174763
0.21150651650029056449753
0.21148175069517013979770
0.21145761692488890259867
0.21144438914185295641524
0.21146059452802351552592
0.21147473134578817499651
0.21149995240106209126729
0.21152570683494717473927
0.21155146609548200475892
0.21157608747210013278028
0.21160012770976216467389
0.21159372956159394618680
0.21161744925466727251795
0.21156968109799562105522
0.21154491357383004013215
0.21151919843374605845199
0.21149304827033063580721
0.21147737735854224561116
0.21149478407659624834558
0.21151243566899305403872
0.21153836443719217785819
0.21156298415375726640342
0.21158691558958850342798
0.21161110574765068514935
0.21163550457617724687154
0.21162847960654004864089
0.21165425286608444133130
0.21160383148356490257136
0.21158031333463853118637
0.21155681984517160643122
0.21153095015227388331347
0.21151327664372138182003
0.21153076274723822680635
0.21154918528703958724435
0.21157327945318543660491
0.21159762395491504838319
0.21162194187225341623915
0.21164737407493922072277
0.21167261231177311731066
0.21166676787491495170812
0.21169160832084518708562
0.21164094063857472050039
0.21161482248125790261994
0.21159053500865790398144
0.21156594001538484017821
0.21154763886690178265049
0.21156357666287239904790
0.21158257298527180512160
0.21160789309459213103359
0.21163399029107168858310
0.21165992958424775793880
0.21168566933445556732529
0.21170919921135150643110
0.21170306047323819709227
0.21167892637523860743798
0.21165329865420698385314
0.21162702810906550143777
0.21160031363612183397116
0.21157977114626347336923
0.21159632393076599488069
0.21161891834327234418467
0.21164674108683467768088
0.21167288237153539243174
0.21169670594083392356488
0.21172006860996259169916
0.21171373857786784933310
0.21173645774626981275190
0.21169074705432333605160
0.21166614292736496416580
0.21163916430244572586261
0.21161452521175252994290
0.21163411498679729483285
0.21165877848384617720967
0.21168438293782843029334
0.21170735238665014388282
0.21172999196957806300468
0.21175371842499499108747
0.21174623844137469008686
0.21177113112581916198884
0.21172349186155506317597
0.21170106099609720118337
0.21167724844894345026525
0.21165301633806432590745
0.21167112747657118587696
0.21169355821646765325461
0.21171680593290786998040
0.21173968177576305005338
0.21176416303068373858665
0.21178895364202690587696
0.21178203610985252280940
0.21180779821041423316430
0.21175739440975455130101
0.21173284044377435608730
0.21170935620961298107012
0.21168770063376596279880
0.21170360106508931408165
0.21172513922064845059978
0.21175014355570617730073
0.21177552152182071987241
0.21180135801973773435058
0.21182627770587700299920
0.21181980882175335811901
0.21184547572101730672500
0.21179457556786826510908
0.21176863796878983570160
0.21174264364272890603935
0.21171933528882980191099
0.21173625289044409325534
0.21176113136119670277147
0.21178825827219457944572
0.21181367705079379160082
0.21183857010417295185789
0.21186373350735612786089
0.21185731883468264524772
0.21188233377274623414621
0.21183272699570787622747
0.21180734755169589034196
0.21178049966954140548303
0.21175505403043501373439
0.21177449575828949379641
0.21180006927399391836175
0.21182622843871404261229
0.21185127578232607059583
0.21187605273311080344989
0.21190085140955758347125
0.21189434404180809701224
0.21191864561433398916890
0.21186953245529382972023
0.21184471808600918718568
0.21181882834084686528797
0.21179434599424837304404
0.21181284520981277785801
0.21183756127439934413559
0.21186266748173440688241
0.21188764494435219365442
0.21191183256004725299348
0.21193617461025676673714
0.21192918466736937466166
0.21195289038165157635696
0.21190542553985317053566
0.21188131363229645298674
0.21185505279627783736807
0.21183095926149572707509
0.21182392382925951945793
0.21184055680029026391686
0.21184885331144381881430
0.21187315028980008291271
0.21189863830914401621186
0.21192348452160869598515
0.21194645635617379020310
0.21197056817404777429026
0.21196457657750356062820
0.21198895610764845187646
0.21194038618870672530115
0.21191640476038325902053
0.21189104957339799373273
0.21186675135111565637658
0.21185806219417732676469
0.21187548043965581667791
0.21188503507785055868240
0.21190874817177546285407
0.21193375868751967994186
0.21195800944068074467275
0.21198215778717058310754
0.21200763649121201481762
0.21200071032861148023763
0.21202601338065418801193
0.21197572474108555828920
0.21195134174511773283989
0.21192658193156144186275
0.21190273729231609567414
0.21189282957815927521672
0.21190970311139872839234
0.21192045643276349875528
0.21194383475111008841019
0.21196944337404052816076
0.21199431743879634804095
0.21201915511847038708915
0.21204393099457521931761
0.21203744047126885097221
0.21206154361431966970386
0.21201342265824912880490
0.21198750735034604941731
0.21196164408000514600694
0.21193770043363865940300
0.21192678421751470763112
0.21194334599402142593760
0.21195561100124155062829
0.21197962352672569674716
0.21200605172864631087215
0.21203120194856772684489
0.21205567249795068129892
0.21207908982567538758168
0.21207253729277461551384
0.21209716044889140307284
0.21204911202291001903752
0.21202452074903868628475
0.21199844068942344521567
0.21197328949859345348372
0.21195986835367716660805
0.21197732839986327402215
0.21199210263663173514637
0.21201687195403626229329
0.21204277819082983924659
0.21206679175452483598896
0.21209051097116965456379
0.21211494925105647824104
0.21210847374049496272264
0.21213353946718621623191
0.21208474598606488759067
0.21206056285089308621750
0.21203538686580683525484
0.21201074323375179719875
0.21199511343980118049934
0.21201284532309649932813
0.21202960696094225179209
0.21205327991409897436803
0.21207822450790386747954
0.21210278934225842983885
0.21212704723408104534599
0.21215136839350981490249
0.21214491167211899091960
0.21216843877915059213279
0.21212072969759129814626
0.21209604169490139935483
0.21207115029268569506016
0.21204772396937901501879
0.21203052188939339184337
0.21204802418683477149841
0.21206513434310103605185
0.21208889847295819830464
0.21211406287568307371671
0.21213850774890138928264
0.21216175067150480626488
0.21215597818627107695733
0.21217866621857528475203
0.21213201440905640748902
0.21210624462987273664005
0.21208274144429808960588
0.21206429647975877372801
0.21208043728915967895965
0.21209988417037031749324
0.21212406661133215157733
0.21214901380328921032259
0.21217317340879177089974
0.21219584217101786216553
0.21218995268806722931387
0.21221411109201784861433
0.21216627024164369519355
0.21214127110137256937428
0.21211762828833280458696
0.21209696589312346248768
0.21211386337139540025909
0.21213506251113153910914
0.21215885924299238141089
0.21218325239613988753007
0.21220804699587975106212
0.21223314406448351432388
0.21222698731699746188539
0.21225248848989766714546
0.21220177975961135308225
0.21217638654523587882217
0.21215232877211284701069
0.21213044022152666157055
0.21214723860195788818217
0.21217028479230506943232
0.21219414134560249385331
0.21222053910079891059226
0.21224697872740266868519
0.21227163844067803433191
0.21226571191833099039314
0.21228935015217650916775
0.21223968675615037526860
0.21221320586559933030202
0.21218842140786167704825
0.21216454607248927399787
0.21218275595805763389379
0.21220730221192754538784
0.21223209043080276670068
0.21225846511856485965275
0.21228306640952093742314
0.21230575704071083520397
0.21229959123514396956978
0.21232145382671990807566
0.21227608552893889592994
0.21225120544089454144299
0.21222603575389012431351
0.21220104235299758199673
0.21221974477423730109926
0.21224442115146527343406
0.21226853819101482168108
0.21229299834023146464901
0.21231563390783075861989
0.21233864791096782043134
0.21233333279593136211361
0.21235683363073884488692
0.21230920485257648300248
0.21228533103681682114861
0.21226206951339018913494
0.21223802396879554166276
0.21225595413079570428216
0.21227911682542874305391
0.21230165594349778568350
0.21232617253999025441757
0.21235155179923592694280
0.21237687078820843833427
0.21237085149015641483139
0.21239575404754595933099
0.21234478185217564583098
0.21231927151937185493935
0.21229597328419699819868
0.21227300060880635590443
0.21228992853201497648108
0.21231353257126570066582
0.21233786500361367943768
0.21236426148368467425875
0.21239033503777945965929
0.21241411687115649420399
0.21240835289509663041940
0.21243110184798222328517
0.21238401940430562397921
0.21235742171128799138380
0.21233195347246475170877
0.21230708994397620714700
0.21232595927664157930970
0.21235107443586259678980
0.21237640675683522317740
0.21240158487873947446012
0.21242576165952015143645
0.21244773700760763435191
0.21244177793213497862368
0.21246543452363067516764
0.21241844851737259891600
0.21239419574867288154074
0.21237052195300687440493
0.21234484745592874244124
0.21233642253798590271430
0.21235514774428740358836
0.21236395654721829107103
0.21238818746425014438728
0.21241119811288619589895
0.21243461442765546043354
0.21245907825454421469225
0.21248353324169705347302
0.21247765731357307061877
0.21250254901970880294648
0.21245206273300434873796
0.21242731423386465583469
0.21240484125641942436680
0.21238148742468934693228
0.21237199768372788666326
0.21238851999569777206922
0.21239802367285753881276
0.21242062691698071486002
0.21244423382137936351377
0.21247062461352492213074
0.21249720953480980001338
0.21252100861455031077796
0.21251591537423883404578
0.21253807092885793061932
0.21249017332487848963574
0.21246292961327953308093
0.21243793251525991405693
0.21241456447715661992603
0.21240423995211765717528
0.21241973487431922706925
0.21243135507009971996162
0.21245706026334873484096
0.21248272763617417902005
0.21250907592593765160771
0.21253305689145537971108
0.21255437280717254244777
0.21254882091505503116657
0.21257008315024211730915
0.21252670723813715802919
0.21250265822308683771880
0.21247676675693344394702
0.21244998291976241455714
0.21243654321886701330513
0.21245510145807705582044
0.21246994838651178660882
0.21249629408470360747430
0.21251975745402373885184
0.21254270544704795264934
0.21256467065846779140870
0.21258756418453303438376
0.21258170195936704205408
0.21260608048776005740699
0.21255762003523911984892
0.21253559604095051405181
0.21251400904156481086460
0.21248981972334060608354
0.21247475645524085963167
0.21249290845421703322060
0.21250832137854422376755
0.21252990820338446553706
0.21255018124182742389472
0.21257429809320962932340
0.21260041474937280137070
0.21262570517855325369361
0.21262007473919558586672
0.21264403305628842844044
0.21259279185491242181172
0.21256703463034667955789
0.21254509606736468607657
0.21252380143677621071596
0.21250953987017506818802
0.21252388006840064460512
0.21253847955553065163237
0.21256071306073756610466
0.21258569830739387773733
0.21261321488640180787932
0.21263881962884870202579
0.21263264244747917541822
0.21265581429371968602560
0.21260551183797968266553
0.21257900751826136476197
0.21255385438459578617554
0.21253780132314373241265
0.21255264399326759261477
0.21257222923477470111209
0.21259887134388830154386
0.21262531684080887561805
0.21264944015918416098110
0.21267093712756771073380
0.21266449822755556509080
0.21268497314709911005792
0.21264254085884029543685
0.21261925189231592470129
0.21259221810953687903378
0.21257042814650406459265
0.21258958132375910254908
0.21261208597449235413457
0.21263710789224454789093
0.21265766106246355993115
0.21267803994453540750165
0.21269990831296639588466
0.21269284518570680253546
0.21271474739926643504617
0.21267144704013626888006
0.21265180813913092672252
0.21262992220801366083371
0.21260870211980095745297
0.21262590119225696638772
0.21264529223176328875944
0.21266536596342880405253
0.21268561068168970185077
0.21270840264342072423176
0.21273061711322366340582
0.21272413792652430930552
0.21274649994635311256452
0.21270147167822622824573
0.21267984530495026573860
0.21265924495804619520634
0.21264048715799754862843
0.21265361631880513870740
0.21267366793101236122077
0.21269597220511768376205
0.21271770512312754286555
0.21274008676438926901398
0.21276491866905375416330
0.21275714343436297193435
0.21278661529064948898515
0.21273330823630448582762
0.21271230370557431266221
0.21268951121332560494359
0.21266748193058596094751
0.21268410025559172926712
0.21270574614114653999586
0.21272725267112452263163
0.21274938429856146693275
0.21277803232214081985418
0.21280259720130065281829
0.21279768968727333366964
0.21276900732759784773407
0.21274211890227420762578
0.21272108047947257958299
0.21270059320045436868085
0.21271498669419350302512
0.21273488678961027797953
0.21276123209138678160635
0.21279082363395523946892
0.21279055291443127462259
0.21279450692834547820276
0.21278445988267455368792
0.21275219533060635290767
0.21272771856177843941005
0.21274355308120732055421
0.21277670103095142062344
0.21279661020161691475927
0.21274319838206168231665
0.21279536288069497707021
0.21276932689328681425067
0.21279327198105568719200
0.21275747987323881393884
0.21254565202360437004003
0.21276711408004653214299
0.21266321793297984776849
0.21257260764363125615795
0.21226246586545213790309
