0.77280403278751852447215
0.77281589963028873846440
0.77290957431581452929947
0.77291546871488814307583
0.77293998190109058921138
0.77292000691868767425774
0.77295215050768728559660
0.77295134923231967327695
0.77296649707601361445342
0.77296291256988258755456
0.77296204065475271338670
0.77292976909913013727760
0.77297303393668015392137
0.77297651668357580945212
0.77297598348601204154562
0.77297670655959616059505
0.77298566210887487137882
0.77298975532179303726821
0.77298412665076909888739
0.77298772157709860763930
0.77297915304299436023427
0.77298755687417708415410
0.77299666943587808098926
0.77299552833298723619748
0.77299272917941475036230
0.77299590827471920118086
0.77300049130507919592503
0.77300599808736492057903
0.77300338722229400278962
0.77300475435212245844951
0.77300633858466716308300
0.77300980393288298841981
0.77302686220250205195725
0.77302154809937184687385
0.77301644132777935780609
0.77301625862843659220403
0.77301484257210473227673
0.77301634667323926297655
0.77302628251966698513797
0.77302731414968894885220
0.77302817863044503976511
0.77302782435850492248619
0.77303159752038785867967
0.77303986185041773104842
0.77304954728328423296801
0.77304189864987027380749
0.77303905150797003198448
0.77303935393223555117004
0.77303762371447137802249
0.77303904517868970991401
0.77304888279622219204867
0.77305085695078679108860
0.77304975912818452155051
0.77304932229514333741349
0.77305205512402330736421
0.77305875516476596498450
0.77306827444496573065180
0.77306165239999591332065
0.77305886196481765626487
0.77305995348607758899107
0.77305995456980602931196
0.77306199398424313429246
0.77307057471620233002341
0.77307200021509547838150
0.77307036357985303709484
0.77306868901595615639621
0.77307101335341044112681
0.77307784726729456004080
0.77308761081470567244622
0.77308089676185887118010
0.77307910806211133092347
0.77308093090593421603529
0.77308076000570280505997
0.77308136858030462867930
0.77309050651228550243843
0.77309089896919014339716
0.77309130388417468537909
0.77308997134581025623135
0.77309155238502080820240
0.77309773940244430612267
0.77310843617567281960135
0.77310255516114345653023
0.77310065332893351808252
0.77310124099041610534755
0.77310047988429597687343
0.77310132608518056240854
0.77311092551719529097909
0.77311276875379153494805
0.77311118234959852468791
0.77311076463070371733721
0.77311330170745351519912
0.77311923469414822740475
0.77312979360092803915450
0.77312327777596445699260
0.77312049105261904102804
0.77312117065435392859740
0.77312209077169424809028
0.77312452761259231603930
0.77313328126592795186411
0.77313578209386912831746
0.77313163586564725981987
0.77313015956058461775058
0.77313274494925043889282
0.77313978227601676262992
0.77314321931020646427868
0.77315331445172585933534
0.77314927375432673795075
0.77314226935795848927313
0.77314027887559566565301
0.77314222317920966442983
0.77314419113999455213104
0.77314617170892618869260
0.77315416108939150063861
0.77315564223288224532382
0.77315266639815183324913
0.77315073788550570110800
0.77315220792875805067013
0.77315878256566838988562
0.77316326535282020593343
0.77317339206993929145995
0.77316866276259266221871
0.77316264874388729300136
0.77316126736080859060962
0.77316259435540790612151
0.77316365398028208399950
0.77316480235567242029759
0.77317295678707509409833
0.77317428214591021884416
0.77317217046972841476560
0.77317150327281025656845
0.77317312850508534971539
0.77317899143426782604394
0.77318376993649284845134
0.77319445543400744380591
0.77318935217503992340937
0.77318331835742915014720
0.77318127496403132870029
0.77318170182110212973470
0.77318274764263839049505
0.77318447031400017177560
0.77319316080052613582296
0.77319515648629333348651
0.77319142820271591354242
0.77319099258620194170533
0.77319311380094846164468
0.77319947850988490767321
0.77320508360960671367934
0.77321526973854692865729
0.77320910969927569844629
0.77320262374496284696335
0.77320073491816609934091
0.77320168226839969261022
0.77320385098308952454005
0.77320592825735012798560
0.77321458143704457910417
0.77321634085915225131913
0.77321218636242261545988
0.77321092074104569302762
0.77321227436450901127074
0.77321856237348918217123
0.77322521504478403109317
0.77323514705537277347247
0.77322811799123747356077
0.77322222837499932079908
0.77322136898810311933516
0.77322256878512007904902
0.77322485739458235443067
0.77322648849663477843563
0.77323481612854694233761
0.77323636403904949521149
0.77323270648955366723953
0.77323177189320524416161
0.77323253754285570238380
0.77323813943760777434022
0.77324527983763602367873
0.77325573842741734953421
0.77324843062688886075051
0.77324281322133214811032
0.77324188332964338687958
0.77324248484054858288061
0.77324469599820189191774
0.77324635435171906738816
0.77325464243267738595478
0.77325651780961401904335
0.77325222496419310225235
0.77325178027392249546779
0.77325281556535574445377
0.77325864989831083473604
0.77326643058949751097231
0.77327686839146958508451
0.77326860125645990873267
0.77326241563020392533190
0.77326160346705252734978
0.77326222460707250139222
0.77326495333252898145560
0.77326683240029103760804
0.77327547465445378715998
0.77327724623369831213893
0.77327245563196767008662
0.77327146253746004145313
0.77327199109948352440114
0.77327818757090516221808
0.77328703878196214382967
0.77329686352438598007097
0.77328759262373314431471
0.77328167065730446516625
0.77328170443341004425264
0.77328277417625157497127
0.77328579342604153445961
0.77328749777688021715960
0.77329587416790857012927
0.77329300445043969158831
0.77329203806281965327685
0.77329166899982881844267
0.77329731447582739090052
0.77330668918983513915322
0.77331675145326328468798
0.77330735281139828529717
0.77330193528314161710568
0.77330237379429822563992
0.77330292273442180484011
0.77330568375997177366088
0.77331263751876344603176
0.77331534610157282028098
0.77331234017876882003151
0.77331221379592263165392
0.77331785323084145655770
0.77332731938463461496269
0.77333826313450404477123
0.77332831630563936275990
0.77332221977272530555325
0.77332208182635775450819
0.77332213963574425452663
0.77332513164918503800749
0.77333181668083650350809
0.77333501131966819741592
0.77333167398616153853652
0.77333189764891863138274
0.77333855380215688057888
0.77334914439193735979927
0.77335954250608907045716
0.77334832131921349418491
0.77334134571798984758573
0.77334136930012564725700
0.77334183214132301564803
0.77334510071319562118930
0.77335190134935838379704
0.77335530716104405879463
0.77335144096998909013507
0.77335095827603761442504
0.77335790735531995121477
0.77336930385981161872877
0.77337880351240739784657
0.77336743443597322222871
0.77336079248096656346689
0.77336155354097835257221
0.77336219316187793104689
0.77336540974546452709149
0.77337238080486259139690
0.77337552975792855924908
0.77337188547035795593843
0.77337093748039231755342
0.77337736433882309228238
0.77338832575489335763308
0.77339823580404754022055
0.77338767977139266651676
0.77338132448322727263701
0.77338219747186076613588
0.77338249855704144231083
0.77338549205653128737481
0.77339260163628564814786
0.77339546154012572820591
0.77339241131996183664654
0.77339162994376042803424
0.77339822653888823378310
0.77340855775117067771873
0.77341909879811221451007
0.77340879987837440889820
0.77340193310433946738414
0.77340265442182365429602
0.77340278236443038561987
0.77340538522821666855833
0.77341293341243289027886
0.77341521618875885835109
0.77341289907016141924601
0.77341214934546831383244
0.77341921324099316414902
0.77342966390324496828157
0.77344001025453679165622
0.77342953564657723752873
0.77342228178612060229824
0.77342308979768525922793
0.77342299318827634202478
0.77342503589918332185249
0.77343306219185448124875
0.77343481529560254017497
0.77343330614392580280025
0.77343258395137903793426
0.77343968332885548733202
0.77345018501177975611682
0.77345364526231374924237
0.77346413556790571952604
0.77346028650800713322155
0.77344994120902410550400
0.77344267831133228785490
0.77344347711174443738003
0.77344313986764634538673
0.77344481584867696977170
0.77345339495395670770250
0.77345493445907687046770
0.77345353188395116195153
0.77345280419927808779335
0.77346021087673533234153
0.77347052871415422625745
0.77347475030396817263778
0.77348558658676358490425
0.77348092129714773879101
0.77347045195106223225423
0.77346290185216026724646
0.77346366972446145560127
0.77346354539808648276278
0.77346513156893670348779
0.77347394399606861359331
0.77347524844926007769885
0.77347384871582847143401
0.77347309960013177487781
0.77348082397139816812626
0.77349137476852258821225
0.77349646669974037038742
0.77350737577005612699566
0.77350176694744487981836
0.77349110352843086779728
0.77348335760365782842740
0.77348423167780622211609
0.77348428987968209646908
0.77348523833633076041139
0.77349464512298549134783
0.77349515829398507449355
0.77349476795622607028236
0.77349376078185005933818
0.77350150753467861175494
0.77351206152888929423739
0.77351823095086946757704
0.77352892352096525030447
0.77352246980317096447521
0.77351190101537914411978
0.77350419287789173861114
0.77350507458484307754532
0.77350492814358395854413
0.77350515329654656593306
0.77351505065309644759708
0.77351525197401937994357
0.77351523537400590502244
0.77351459627138274832703
0.77352241503396845789808
0.77353278936746361349464
0.77353958052187332672389
0.77355029169117561771429
0.77354323867238061751550
0.77353284141144740271301
0.77352485216964439462828
0.77352541407690311725531
0.77352526138908572761466
0.77352543300831655415095
0.77353560610260418961559
0.77353568904107938841719
0.77353556992504168832170
0.77353500313316769787519
0.77354324900515902818654
0.77355375409758975191465
0.77356125132853514880793
0.77357224351262132699958
0.77356441084464844237800
0.77355367256591611724303
0.77354523644266681703385
0.77354583027218160040661
0.77354597052744444862782
0.77354577677357894138765
0.77355629169674722245276
0.77355565880390153576940
0.77355617988730718259660
0.77355561190989252651207
0.77356418346616639958313
0.77357502302981018260652
0.77358347203533972535894
0.77359465634259327870836
0.77358573758088222671603
0.77357485260622582678991
0.77356623093775278565687
0.77356653732573243953397
0.77356643359945931326394
0.77357694440938051805290
0.77357657137299618010928
0.77357687776972283710819
0.77358556585960769336197
0.77359651007867136218721
0.77360573906456231441098
0.77361670681312943997909
0.77360715642360855515136
0.77359635486553268712839
0.77358744138093937792178
0.77358729000979564727203
0.77358683442468789692725
0.77359755492396609088956
0.77359738651160570022114
0.77359792141019145805814
0.77360699552031109149652
0.77361786389755826665038
0.77362753604867895429464
0.77363832619193506623390
0.77362830964309547976399
0.77361749298244697481408
0.77360831415889408368969
0.77360804846462927208961
0.77360815399200555386727
0.77361869506636815607692
0.77361887943326823613432
0.77361882116546132337476
0.77362793904367488373452
0.77363863273448874036120
0.77364902667628943078171
0.77365968642112736830541
0.77364904060735428803497
0.77363836033797261926281
0.77362946327985704364494
0.77362948333729075756082
0.77362946156342393688732
0.77364000714753555776326
0.77363962791732054924410
0.77364029069361928137027
0.77364913832953607908394
0.77365966126208995934377
0.77367069029677748570606
0.77368127579817580485866
0.77367048309161756680652
0.77366012812764617390116
0.77365113482472591677208
0.77365038935977747946993
0.77364959498053942343887
0.77366074231951942330454
0.77365973256316211692507
0.77366195566863793509071
0.77367119527394867528614
0.77368148595313890325542
0.77369211142047178420000
0.77370297487911476874700
0.77369246120918322429105
0.77368200903359329867470
0.77367254525094597550350
0.77367118331583484280856
0.77367032206675079297753
0.77368204172889343261943
0.77368141606919471620074
0.77368325235871748812855
0.77369271391782201696685
0.77370321424884358485485
0.77371372465768306625478
0.77372418848752255726708
0.77371364542763920724155
0.77370323269157381673722
0.77369407374586840475672
0.77369317697860584548408
0.77369283170260416682140
0.77370448337789543558074
0.77370400016947993293570
0.77370511433117628019573
0.77371389514018140687313
0.77372400665262852648141
0.77373452306803103262212
0.77374474785712876734323
0.77373446619441477167811
0.77372470793505709885096
0.77371625354800377394326
0.77371554120872965132349
0.77371473966317838577567
0.77372614790514049332160
0.77372497131540907133740
0.77372735908340206645306
0.77373577246850055999516
0.77374525870087884626969
0.77375528837974694162938
0.77376628444370176840295
0.77375638438143934383362
0.77374677806359948295523
0.77373791489527654618996
0.77373648653152660159549
0.77373509974967080715658
0.77374667901093041599836
0.77374554915827886691915
0.77374843563353579156683
0.77375750346862692818917
0.77376760304327318884532
0.77377757490402443441013
0.77378258165041413629837
0.77379449271257472187102
0.77378879087592178365185
0.77377846688905749239495
0.77376813609631744927952
0.77375887051666347726808
0.77375732802192298542820
0.77375639440392263157520
0.77376849020190519023998
0.77376765543828618376665
0.77376965277639042639635
0.77377860811115117822823
0.77378899853669191877259
0.77379960727626906358267
0.77380585714527061469425
0.77381695892124657820688
0.77380989626220819666003
0.77379920712990180042823
0.77378920958532504403848
0.77378090432351331884320
0.77377997972076906219030
0.77377889213724737604849
0.77379126641477746773035
0.77378976953346534362055
0.77379234599358137636216
0.77380026330359186204078
0.77380978417231172095114
0.77382003986068537138010
0.77382769263721118413457
0.77383840578720930469814
0.77383036667020788090809
0.77382073983881871637180
0.77381157625646956876864
0.77380352931399554172742
0.77380206385467620311402
0.77380026713387295433932
0.77381235204523046711245
0.77381052927779581107615
0.77381434414341099259360
0.77382288064012216821652
0.77383209492775284488175
0.77384133902084484279982
0.77384966723312809122604
0.77386170534078302374326
0.77385294225776868337618
0.77384352433962466655260
0.77383373169921787493308
0.77382471399260432942668
0.77382257384849495451817
0.77382101098933775418232
0.77383313233252293272812
0.77383183406509781221416
0.77383499343237149847852
0.77384431692842603478510
0.77385476131810926325727
0.77386463104325953210605
0.77387406590783336390871
0.77388610320505679673886
0.77387591908648323268949
0.77386543742747138097116
0.77385471025299956693289
0.77384578681532290023171
0.77384428958232531758910
0.77384289411116857770878
0.77385581250433121969223
0.77385379588837199804630
0.77385713337113049004046
0.77386555827195113721473
0.77387574406778047997335
0.77388628870003872695094
0.77389735165738304800698
0.77390762923716727161860
0.77389595465332583490436
0.77388594553360512406925
0.77387672142564167820922
0.77386884908094111246157
0.77386707590655678945524
0.77388010555414055158252
0.77387776830724519516735
0.77388797723762425828653
0.77389653104132727357012
0.77390551295032961043319
0.77391728994278607967061
0.77392715195106509540324
0.77391564091264919422741
0.77390730642419613971583
0.77389911845811731883060
0.77389066086939184430094
0.77388787972034112083719
0.77390071927378856209145
0.77389782224235081908859
0.77390960586350698857672
0.77391834083853427994626
0.77392633953919542921795
0.77393795355444694461511
0.77394953575278702118112
0.77393751505207508678552
0.77392906624305857210544
0.77391979283017520163668
0.77391071143008460797574
0.77390808347219697260755
0.77392130718005369693913
0.77391878665366198308817
0.77393006797244945360603
0.77393940447303299912107
0.77394851863503688615964
0.77396144698358493307921
0.77397282859238825114545
0.77395899901603326664912
0.77394960822157898849838
0.77394075189836941675026
0.77393251105061899863813
0.77392986413415820745598
0.77394364485057487446085
0.77394094693569959186874
0.77395174761966345489128
0.77395979699574257715255
0.77396881775260351066237
0.77398323926767020886075
0.77399287006880979067347
0.77397829893272207524291
0.77396991441713369752620
0.77396231776976698313320
0.77395430531685061037450
0.77395239877780908077654
0.77396464475050874565198
0.77396403403574887125416
0.77397196480234431437140
0.77397954765063603499442
0.77398781750584599858911
0.77400245739237039099834
0.77401231669504910737345
0.77399749756665270350453
0.77398848893348914934620
0.77398118061125320554794
0.77397525070275985381585
0.77397372791030938365964
0.77398570646727860022906
0.77399148267355688535218
0.77399766701695449366838
0.77400726815547593595568
0.77402275427932265561282
0.77403282652843174993507
0.77401721829028313770493
0.77400854376164252013126
0.77400316237907984540101
0.77399003951600309214598
0.77401110801928818538897
0.77402121583097704959897
0.77402810771011709700673
0.77404160884553363519700
0.77404940429607260732325
0.77404003887797578897789
0.77403080707968929807805
0.77402175835813047388712
0.77404908917774484233831
0.77405770830786846392613
0.77406579324292124066886
0.77404211641225451057124
0.77398914319436296072041
0.77406372621483521268004
0.77404494551659186463155
0.77401959883627924341454
0.77393296882254192237127
0.77293220247476823736577
0.77295350764257630959975
0.77303752142387338608387
0.77305288262633908846766
0.77306769197295488460497
0.77306062639260086921666
0.77308935768050057735223
0.77307882080367817945188
0.77310348753019442202827
0.77309014721074265086287
0.77310249540224340591976
0.77307264236322881245655
0.77311588332422875868843
0.77311680114135861163760
0.77311274852926759049154
0.77310370171080722290213
0.77312219742471943728646
0.77311650712283086495091
0.77312424259858392172617
0.77313054301537176282721
0.77312449441959751883502
0.77312971773475591685809
0.77314198644618203903889
0.77313831522004250462743
0.77313267903686155868570
0.77313221263796672033664
0.77312699936325901539647
0.77314206854142486502468
0.77314316947907280042074
0.77314749818466066422218
0.77315162219884969729833
0.77315210588821725590236
0.77316345979431033708096
0.77316399427287174628276
0.77316169085718944309349
0.77315895740555806714411
0.77315445517718972556764
0.77315217640046995928316
0.77316572569205777032408
0.77316289723778774956031
0.77317083031720279517884
0.77317304308721801486826
0.77317418583374564189370
0.77317638426735768586440
0.77318604161243875694254
0.77318462743911986478906
0.77318423223469923133422
0.77318195404951650662184
0.77317690194902621847461
0.77317438071426525247887
0.77318799718073916160677
0.77318594335222323721268
0.77319230159602814200781
0.77319445717939461193424
0.77319492276246215567426
0.77319541336397945574532
0.77320510117642893277434
0.77320466522618080951190
0.77320395024143406814687
0.77320243109944808423961
0.77319889993280632722872
0.77319682577823223290636
0.77320935050165862101323
0.77320657078585774968360
0.77321277464411997115690
0.77321373258279868512233
0.77321416933637221458042
0.77321482904530181023972
0.77322474195876822467000
0.77322419085130289495567
0.77322410287022935726498
0.77322327453550010467609
0.77321937131909790341666
0.77321567551554382102807
0.77322895382540890452105
0.77322494220305604262222
0.77323357313311980032466
0.77323491088748075306114
0.77323498299476678408126
0.77323501486950418915001
0.77324586211733414842229
0.77324612353269428499658
0.77324553337934187613456
0.77324342689907010761630
0.77323875907737171786493
0.77323510317813637371387
0.77324903575116066267725
0.77324627357739628141786
0.77325328457126329961824
0.77325558956468443128074
0.77325700609876135693810
0.77325679846265726880006
0.77326749273209360868719
0.77326711715343210418183
0.77326525843778626256864
0.77326318512048075604071
0.77326003335291504381388
0.77325775667861418316562
0.77327105946475027664633
0.77326873594891354368741
0.77327355882094617189892
0.77327486440131387723795
0.77327671186756663512796
0.77327760920391608312485
0.77327851020607396570483
0.77328845682919666870703
0.77328723114255570880715
0.77328636196120748014238
0.77328491840639024257342
0.77328404629414881910066
0.77328180301295146303886
0.77327884903992671894457
0.77329160338219971038143
0.77328803796968259565148
0.77329438363135472034315
0.77329531288529163024492
0.77329642847467372490655
0.77329686376581341367142
0.77329826311031091279347
0.77330824347801951912373
0.77330686723625974288154
0.77330699485406384496855
0.77330577730467375818790
0.77330420235387686833661
0.77330092611904654997801
0.77329691201559369595486
0.77331006327092810526125
0.77330610553757583858214
0.77331366860022043852041
0.77331594813448956138302
0.77331759101119534882685
0.77331730353372829522840
0.77331847947264475973128
0.77332903587588908145278
0.77332777779134964646346
0.77332789771103660481089
0.77332564818470717060706
0.77332308105641278661579
0.77331968748482804443256
0.77331600791784016468711
0.77332993055853127550847
0.77332640598213875371414
0.77333268128645049621639
0.77333529026455594124201
0.77333780891367265297731
0.77333801386887535134207
0.77333954324517040213038
0.77334961614926978068496
0.77334775367689478908773
0.77334743421189955370210
0.77334496315135781152605
0.77334280809620792318526
0.77334044825742531692470
0.77333688462913030559065
0.77335100854309490880922
0.77334700257567412506887
0.77335318275440656510256
0.77335507846274464949232
0.77335719346713571731300
0.77335729998868862899997
0.77335945632063429755476
0.77336930298196104871522
0.77336695704218139102437
0.77336725045776466558323
0.77336544838044951610811
0.77336342937785695905717
0.77336111626726389278730
0.77335685702836876043165
0.77337090295142374429815
0.77336643884654676650570
0.77337342349956661458066
0.77337577204253005191958
0.77337765956203774475597
0.77337707383250220427584
0.77337936972995147133503
0.77338977535019504117031
0.77338746379201961378413
0.77338803748558193618123
0.77338581053037658286087
0.77338305395571116385156
0.77338060630536775708066
0.77337613107824310088034
0.77339037792035403295898
0.77338599383699102585155
0.77339264357480985712101
0.77339563242663456055226
0.77339813446822669451564
0.77339776923111425155355
0.77340042957712962223837
0.77341084915787527975795
0.77340780883171345028160
0.77340782247000972038364
0.77340537722950020160795
0.77340249105985636735028
0.77340051643467844222357
0.77339600880338832400440
0.77341086222119259652175
0.77340612448966150616059
0.77341256035997918427682
0.77341515567899976613120
0.77341748210688954223713
0.77341747972517682629956
0.77342102396155243404507
0.77343086954463147186800
0.77342697381894665031865
0.77342724601424484021095
0.77342531733150443606917
0.77342271105698845445886
0.77342100180179595980690
0.77341607490168606808822
0.77343090169274186784776
0.77343277298498880334421
0.77343557327716816462981
0.77343732657132446828285
0.77343677414847322726388
0.77344073296324211685970
0.77345085331817309270974
0.77344689154139345532712
0.77344766790118890664729
0.77344583006478173636822
0.77344252106451671924248
0.77344053181466965174451
0.77345205881048162410707
0.77345001420220238497194
0.77345571257564571521215
0.77345801447565643016446
0.77345746665758896565279
0.77346150161818694179772
0.77347254674659393636205
0.77346801009124077630474
0.77346808778908338055658
0.77346536850864755496815
0.77346137807011361431364
0.77345961538768204235339
0.77347086890139116199805
0.77346930600104324415867
0.77347487857762098339975
0.77347783389833235645483
0.77347832375999980847325
0.77348354089482285189661
0.77349409041698691247291
0.77348816357869043525142
0.77348734009360420316170
0.77348449119356277314807
0.77348069756573800681565
0.77347920761385535737276
0.77349057775794272107106
0.77348922714402035261116
0.77349447828838158169873
0.77349700396369591715029
0.77349781663091865535620
0.77350402786171379432290
0.77351370543631015053165
0.77350741939086764542566
0.77350688747219820129430
0.77350450037171192274599
0.77350067148526513438611
0.77349913831064920355374
0.77351065706016608469753
0.77350906168497635118086
0.77351474671710307440264
0.77351708056243584366030
0.77351741847674171381755
0.77352340343820380486051
0.77353348548274825091653
0.77352779592091991389680
0.77352751069030600827858
0.77352497419658383659424
0.77352057325587830760583
0.77351882677119432329960
0.77353047308427569372924
0.77352859957238484511777
0.77353509923222130151288
0.77353785265214347610652
0.77353839936111878916591
0.77354398018410064352679
0.77355469998193382430429
0.77354903333134383824898
0.77354818639265143787043
0.77354524934965296356637
0.77354044346497663475759
0.77353832385324916565139
0.77355037990829533800508
0.77354795014873856118243
0.77355540325259608547270
0.77355843301429783043233
0.77355950051348343343705
0.77356544087806289322629
0.77357595992978489540803
0.77356987731230086868806
0.77356859535153343898628
0.77356550241448773785891
0.77356022422290204865192
0.77355756178293644254040
0.77357007832096946753353
0.77356713330043114229539
0.77357562640306765100462
0.77357891768983400027082
0.77358007099878378642899
0.77358630526563632034964
0.77358987774667908876580
0.77360058546409571356151
0.77359658122172081373691
0.77359037421323917360638
0.77358902559044462332594
0.77358570153512817846320
0.77357993691628024190976
0.77357692499020724863357
0.77358996618865571992529
0.77358682960713975873546
0.77359565815619268924763
0.77359916422196972618508
0.77360068773560497490394
0.77360699888331663220953
0.77361141400652533306470
0.77362245698757592382577
0.77361756366092404579859
0.77361097613442730835942
0.77360927303442317271021
0.77360569717766125563685
0.77359988984902350317441
0.77359680791854290582421
0.77361006239803420392320
0.77360670516475116276212
0.77361578046902146343911
0.77361947527879815211804
0.77362138221586174147149
0.77362818520644782704920
0.77363353151079505831689
0.77364463241844982910322
0.77363874833350654292019
0.77363169682612764610496
0.77362973067643625579848
0.77362606452146698288175
0.77362017989559150876744
0.77361647556240942247285
0.77363030017698408702387
0.77362617222895202484523
0.77363649652763133435229
0.77364012530850700954943
0.77364213434802187041583
0.77364921722874846476969
0.77365566746378067186640
0.77366652260954538178339
0.77365979844293752965001
0.77365256416775018966092
0.77365055055093767677477
0.77364670033620486222503
0.77364034506200041185764
0.77363593808829378417613
0.77365023001182942063991
0.77364580508225122557064
0.77365675968295888331738
0.77366094342573432651733
0.77366310400162630056542
0.77367028477172949951779
0.77367732511524400784708
0.77368816733910328320434
0.77368090388611099328386
0.77367355440745921857371
0.77367117950533237369370
0.77366683414988723921368
0.77366020457464401705039
0.77365575499098027112410
0.77367030748029397280163
0.77366577776748091110903
0.77367687951026486992134
0.77368130451608341235925
0.77368398403580118660727
0.77369159340825077730841
0.77369924411982404777177
0.77371032825621155470941
0.77370242296032287754315
0.77369443288822525861548
0.77369151411498571224712
0.77368702983336767875500
0.77368042522497038060436
0.77367562633668685023736
0.77369049906722275888882
0.77368526526355796413270
0.77369727009887900859297
0.77370186110051319960945
0.77370496324998716541899
0.77371320177573144061256
0.77372162510751929520580
0.77373285476700215390622
0.77372408209364351705517
0.77371564916979884696246
0.77371244289390506132520
0.77370751800185211255467
0.77370039625339726008235
0.77371781191211175254807
0.77371028589454882151699
0.77372304579555328807317
0.77372637834714996785124
0.77373502420333450935175
0.77374396669133271853269
0.77375494017378099176341
0.77374584035012772265105
0.77373718507229460872310
0.77373356276806704023841
0.77372804019927532426237
0.77372029546457432580553
0.77373818875001487693766
0.77373059310477598771172
0.77374399402589644214601
0.77374784069949353870754
0.77375671410096857893990
0.77376574744857240517604
0.77377649539172621562244
0.77376732047444651829693
0.77375835130491232849437
0.77375433212404354232916
0.77374856889762200218286
0.77374110700067544321712
0.77375909702855061311766
0.77375157810253558654523
0.77376477574760826882994
0.77376880428910754794458
0.77377780958212205586477
0.77378713361439399598396
0.77379771344334469240778
0.77378838326008136938583
0.77377923497946343722731
0.77377534947538140208678
0.77376976246118844837696
0.77376190184189130860659
0.77378016195630572315878
0.77377180696263736514595
0.77378610853969709282296
0.77379002581931688453665
0.77379917059644720556122
0.77380857439150207977008
0.77381928003000377547238
0.77381015257385998840078
0.77380102343150614085943
0.77379688036395510852827
0.77379042270048259410942
0.77378151406707385007167
0.77380065232093842020333
0.77379139239049188336850
0.77380762017454851608989
0.77381209245000348584398
0.77382131436359613552156
0.77383023226395586391391
0.77384121510278136568672
0.77383244753468083398928
0.77382291056424612474274
0.77381812285022788522326
0.77381096338947286117360
0.77380172044735240355351
0.77382168892300018381292
0.77381254866400583924957
0.77382874086452846373874
0.77383362284446388645875
0.77384336019473354273401
0.77385207318000159837368
0.77386264490131606574863
0.77385393903278210103736
0.77384414577931392997812
0.77383947107363160178295
0.77383269347938443694090
0.77382369974748288488087
0.77384387005858956687376
0.77383460596559450195286
0.77385041475839699831596
0.77385480922722493790644
0.77386444585834079923359
0.77387308034991220129228
0.77388341287531581258463
0.77387505179180759995461
0.77386562318144769268002
0.77386144719388172408259
0.77385478991310630014766
0.77384508203842006235362
0.77386525501048586406228
0.77385504650159397943554
0.77387244351630091188099
0.77387668988209523668331
0.77388598897989058222890
0.77389405135339239816261
0.77390514224384421293479
0.77389725158497135737434
0.77388769860902539843295
0.77388289065629056739937
0.77387545324678186364764
0.77386490666566642993018
0.77388550594872285159909
0.77387509023998235502262
0.77389329453356947574605
0.77389842439853773203851
0.77390860414058881833199
0.77391651920169857170606
0.77391870702294485173667
0.77393041044800103822610
0.77392782948084770655583
0.77391959928006992530669
0.77390905180977309640866
0.77390360630606380709651
0.77389600950653425481818
0.77388567094647475741453
0.77390702127112920294394
0.77389666480271734894103
0.77391426303513888296237
0.77391952106938866062791
0.77393026001214659803651
0.77393873182930117415879
0.77394157040799160807154
0.77395246593952760072455
0.77394910512085812737126
0.77394059412863658309334
0.77393012427638496752991
0.77392538524144571798757
0.77391835880790060819834
0.77390763177026489216814
0.77392949403107569317228
0.77391824108747997446045
0.77393669534186004810294
0.77394117347658808458988
0.77395129289311337394963
0.77395932351522533920729
0.77396299750609021117498
0.77397352208762681957666
0.77396973108476641023401
0.77396236185579869726325
0.77395247943544909219327
0.77394774308588087929905
0.77394013814504136750116
0.77392847307387013788826
0.77395026642453190746096
0.77393846842048130696412
0.77395841306420187777348
0.77396377693877305148362
0.77397383057963986541239
0.77398078015938698293041
0.77398460778140920623969
0.77399647649158254125723
0.77399246136814869867493
0.77398537271704026530017
0.77397462431475738675601
0.77396863605044496914331
0.77396032388993851736103
0.77394868015838258479278
0.77397071858401611521572
0.77395923348838058242194
0.77397876915802588104754
0.77398520455371333515160
0.77399671363621103115094
0.77400421681277686847267
0.77400868115451759710055
0.77402057802205692649267
0.77401557504827211975140
0.77400748730508606154643
0.77399559104986359603373
0.77398941084439565329944
0.77398171161520878946760
0.77397002686703697538206
0.77399306557600300315869
0.77398066252703145995184
0.77400059618065819577737
0.77400642617605663886593
0.77401788915926639234044
0.77402601425107808719162
0.77403170691333011976809
0.77404187639092358885762
0.77403575111580602552408
0.77402818580863053110619
0.77401758207963211599889
0.77401214811174035013153
0.77400415391987598123791
0.77402324153720958310743
0.77401467019269598601738
0.77402883267704702952017
0.77403886112434361344015
0.77404536880901131379318
0.77405144038060791356060
0.77406122647134301129057
0.77405555902556721914465
0.77404971718170756389554
0.77403996349631221107757
0.77403362970773159634774
0.77402460641197912138978
0.77404351306864360715565
0.77403436999793240325118
0.77405043500099091069444
0.77406082900310146932554
0.77406632120866869506415
0.77407197158241181078608
0.77408351411299425315349
0.77407756189621312881144
0.77407163223824160258602
0.77406061118291813460957
0.77405332645508784228383
0.77404444524465965127291
0.77406374254362053655143
0.77405496074818425089603
0.77407087575874311546897
0.77408204456426354944654
0.77408862356865471010536
0.77409539615977474014130
0.77410676503702191553202
0.77409916150881030727504
0.77409231297116121162105
0.77408154615091318007103
0.77407476553874587921200
0.77406585081116552338187
0.77408571282599980545314
0.77407674220693745148481
0.77409252540202344583520
0.77410255983627240805589
0.77410903877832315522767
0.77411718045819177813627
0.77412682708261804087613
0.77411858440680003656809
0.77411273439481931291084
0.77410307960426150142297
0.77409618012210879012258
0.77408799859387122932475
0.77410632398434275902588
0.77409943351161125679738
0.77411271111617097062663
0.77412242204314352100880
0.77412816412509022345745
0.77413646619037146390241
0.77414653660170373861149
0.77413790397166737378143
0.77413140896077603514414
0.77412191323085144389893
0.77411673760942345534630
0.77410892653181562206299
0.77412699270231799530961
0.77413219789320830699353
0.77414062735601996134704
0.77414773184545304651749
0.77415718625864271551507
0.77416747486021275648227
0.77415774232975498314602
0.77415153904429911957408
0.77414385620616421590512
0.77413111994869332477265
0.77415178230350201182830
0.77416424681517370665063
0.77416869144957256576589
0.77417646445129895127479
0.77418446468281387762289
0.77418067957182323812759
0.77417386767595552932164
0.77416483600902485928685
0.77418978107793479104259
0.77419297182042223770537
0.77420126325692772972786
0.77418285895064453683290
0.77412993133806418111220
0.77419939620203115371311
0.77417933764747037805876
0.77415545621329628911411
0.77406737609043385628382
