0.78099845289896974165345
0.78105364282834710554226
0.78114766605888341644004
0.78116891234840091229330
0.78119391245816627300513
0.78117713828873358572480
0.78121020480837466415380
0.78120932733452919105588
0.78122618380830310957919
0.78122201846540095804272
0.78122268588168231051583
0.78118880906733512148321
0.78123718814773213114933
0.78124019684526480045150
0.78123774793722178255706
0.78123766940289252058705
0.78125058462280438931202
0.78125389552762192213464
0.78125128773815333271813
0.78125628430496618648249
0.78124981680193472666218
0.78126467518009945489865
0.78127221386307876827004
0.78126813596717403775926
0.78126369713719212573011
0.78126464691890318281509
0.78126846081017853329342
0.78127853522915458039932
0.78127816594883525702642
0.78128111826772728143453
0.78128580797641622446292
0.78129150871738806127809
0.78131432096515196494835
0.78130685677621858342690
0.78129943361275500102181
0.78129618673272593909473
0.78129325214275124888985
0.78129242628506012646739
0.78130814261369530004941
0.78130673298977681984212
0.78131161761613598937259
0.78131426096118705704185
0.78132024748564332661260
0.78133095025914423015223
0.78134416254377947463894
0.78133400226969362822871
0.78132908357178754155115
0.78132637298099827383169
0.78132299514292025133244
0.78132179605416651746452
0.78133789762760263997166
0.78133714608576398941153
0.78134052607596682360480
0.78134313977453606625545
0.78134785562744202280783
0.78135700186387990751058
0.78137032904078096429146
0.78136129590490077667653
0.78135656680293830156359
0.78135461097585812151323
0.78135281056410088584840
0.78135204830382298801794
0.78136737245773080218214
0.78136598813841195987351
0.78136894988401983663806
0.78137033076543527254643
0.78137451858201101284607
0.78138378363246185909219
0.78139737249041929523230
0.78138824133756712431165
0.78138462094070781915889
0.78138344664995817989706
0.78138147989303985418985
0.78137932598942416717591
0.78139502332013788254983
0.78139271861938830454619
0.78139764883708717757571
0.78139929952071673913139
0.78140262699758544773232
0.78141125941116751363325
0.78142564202707265330616
0.78141732537025743177139
0.78141368988942061513114
0.78141128310904583997853
0.78140869162524406732473
0.78140690138375401563309
0.78142275602406541246125
0.78142204332777209785377
0.78142490648897422467201
0.78142744401901897965956
0.78143172213341460796698
0.78144012532399576009823
0.78145441602463361352449
0.78144535329481445984356
0.78144079419744350012422
0.78143851659115570740255
0.78143755056196406716396
0.78143752265674870649548
0.78145240024840667558692
0.78145254400980634912344
0.78145267451273092706998
0.78145411386329421965513
0.78145850093798996383043
0.78146817511055310934154
0.78147228903151166878871
0.78148625153953643618365
0.78148144663762320050182
0.78147175192209983318747
0.78146796684872610327943
0.78146702400314582703800
0.78146706401685028797743
0.78146680454980377295016
0.78148080845713518982620
0.78148017081296450303540
0.78148128451078624490123
0.78148218313005335389221
0.78148544434498323774108
0.78149472066223912847249
0.78150005642279840589737
0.78151401286824406788867
0.78150838138040579217147
0.78149965629060524907601
0.78149649033189405589184
0.78149503001084541509158
0.78149408156520872026363
0.78149323534757131337614
0.78150708666721435680103
0.78150655365266619156728
0.78150840892490158751116
0.78151046711302085689965
0.78151389680022276262861
0.78152248671954205327950
0.78152819899130487879546
0.78154269848921720242885
0.78153660606900987595225
0.78152782266298415070338
0.78152396809367508101474
0.78152166100291353689755
0.78152053497026408024340
0.78152051733782457176858
0.78153456694460099463129
0.78153488837826146085064
0.78153510213833654596272
0.78153739249865350480206
0.78154139210915141156022
0.78155052070142039255529
0.78155718663431594794844
0.78157125099716029392738
0.78156394104452997506627
0.78155466762681558012815
0.78155081902441081442845
0.78154908046605398030948
0.78154885447405197940185
0.78154932155118594927501
0.78156322311896542220921
0.78156341385565020196680
0.78156334326568499548671
0.78156473151043115432657
0.78156813046203088557462
0.78157721420281667246144
0.78158512291417614470390
0.78159898542357875150799
0.78159060175570838069348
0.78158190123964477180607
0.78157896530138881718841
0.78157750060943698144911
0.78157717091062894887443
0.78157728001997717193206
0.78159086300567071070589
0.78159090603447145539917
0.78159150684873690551058
0.78159315931962769496977
0.78159607207467018952229
0.78160449864411829512534
0.78161305361534338942420
0.78162745044939074823276
0.78161863564467992659957
0.78161022107323485652586
0.78160707911465721053901
0.78160515368751248832524
0.78160453358715109573041
0.78160467901759989040045
0.78161825142212548733767
0.78161860098170388155836
0.78161878074493251755683
0.78162079553331131887006
0.78162407088120522402619
0.78163269044485228498331
0.78164204624982391855781
0.78165635016679357871539
0.78164641467771667215914
0.78163750926167940846767
0.78163443275673871735165
0.78163263825567497189439
0.78163231469372895787728
0.78163263121037085401355
0.78164657801868131503653
0.78164668528205905051465
0.78164670345049092059497
0.78164805304762885462821
0.78165089829936040821678
0.78165976971000616924101
0.78167039997701193154711
0.78168407428182207219436
0.78167290994376215085282
0.78166439760596639896306
0.78166204023391028243850
0.78166083228710248054227
0.78166056814627993265532
0.78166056137073880449861
0.78167438802913591366917
0.78167485662991476047523
0.78167613970556792946098
0.78167818935919164413662
0.78168640697358671154404
0.78169776419269076939145
0.78171175766089562308991
0.78170024185170405850442
0.78169230623145369296623
0.78169025239805489668754
0.78168861262208000351137
0.78168796563754283646119
0.78170221316607890749140
0.78170145877390240229943
0.78170402592701149213639
0.78170647460969522324348
0.78171458117854075720032
0.78172630473198423395331
0.78174124352905527413071
0.78172887866391493894014
0.78172036455985538516700
0.78171762507852837753575
0.78171560200520640027122
0.78171512746801208315617
0.78172923262489812934461
0.78172893801761678123086
0.78173105432340994624951
0.78173393211962549642635
0.78174296257039788127230
0.78175612109228520552051
0.78177044644313309351702
0.78175654302643537985062
0.78174721107693434518637
0.78174458018863257624531
0.78174318493773775617939
0.78174300152989772971779
0.78175711245594869946984
0.78175713555661763276561
0.78175847241889273586679
0.78176067871593690750132
0.78176991733894929392790
0.78178403008083552361285
0.78179731579664890617209
0.78178316914932111103553
0.78177430010585768904718
0.78177232548001007739202
0.78177124409710785357674
0.78177111747744620906531
0.78178523893496520980051
0.78178508588555906122508
0.78178641697634332352607
0.78178822520626700676161
0.78179682655371607324923
0.78181061153105879668601
0.78182431863401424809723
0.78181088287286437665813
0.78180239756601177525397
0.78180048058173190472786
0.78179913637651732294387
0.78179890690432851663161
0.78181303905021803934972
0.78181274662565125588287
0.78181444113125697636946
0.78181648553398086498589
0.78182520972022451211103
0.78183845114167205281319
0.78185284505653507292067
0.78183959488276089100367
0.78183061800033504251672
0.78182850605380205255557
0.78182704338125907916890
0.78182657589467097203340
0.78184103756223322090335
0.78184033867883162560730
0.78184259047912163520522
0.78184470760464341854146
0.78185386275225188246196
0.78186728220556134250074
0.78188153392627035564999
0.78186805869161402071654
0.78185871829167452595755
0.78185662342183237516480
0.78185493945923689729227
0.78185410425105317244743
0.78186884546097168424694
0.78186781756985812563698
0.78187071384542994323397
0.78187292114737583226258
0.78188208464281128140527
0.78189559545977393995031
0.78189986874622019463743
0.78191429731749795273288
0.78190955594176525522698
0.78189621383993535008727
0.78188686916328309362001
0.78188471169349438305574
0.78188273226516857850044
0.78188174439783053593089
0.78189678094612358183468
0.78189574442690912281506
0.78189859420012852719850
0.78190081281511392141681
0.78191032675935312479254
0.78192366576351335361039
0.78192878085590800107951
0.78194348851038875114483
0.78193789577541383817305
0.78192437746700693690372
0.78191473377452413995314
0.78191252150754653182929
0.78191066229738881432354
0.78190980157372558245754
0.78192483397143841550303
0.78192376371816463276332
0.78192648526483388149444
0.78192876238168185221156
0.78193860946208126883050
0.78195219063289234107117
0.78195820603739629728324
0.78197297549874722477625
0.78196640113617044143268
0.78195273754085292683413
0.78194282866513153962273
0.78194070755904643288403
0.78193892517569929534460
0.78193757455387991051055
0.78195306720284607493454
0.78195131532282680097978
0.78195513399292215783731
0.78195711970270243007519
0.78196701202833374111378
0.78198052288590147451686
0.78198770249515248131900
0.78200225052157712468670
0.78199480627001438648449
0.78198128355199558736643
0.78197143019880688274981
0.78196932936489604859531
0.78196715055032506302979
0.78196514382382986685371
0.78198106875125028558671
0.78197906976958853064730
0.78198335815262454140395
0.78198573063087650769631
0.78199570368738879899695
0.78200898633507676116494
0.78201678379802341822824
0.78203135449235894327558
0.78202327270449689677889
0.78201001586323903858045
0.78199983529967875828248
0.78199743809131205818375
0.78199504353453141991537
0.78199310651590925314025
0.78200917300112726682215
0.78200719856258382733927
0.78201143421331265059848
0.78201381534905156645010
0.78202427545990538249043
0.78203760841895830768777
0.78204618365854849937335
0.78206096782674749956499
0.78205204795627147884574
0.78203853174988546825830
0.78202786147591796250822
0.78202554141427871314818
0.78202329501658396360142
0.78202112659280653694793
0.78203741814302574208995
0.78203482172352922763281
0.78203973744774935017432
0.78204202198373873322623
0.78205284506820338386035
0.78206638615711310258405
0.78207605295592108607394
0.78209105998252137492699
0.78208087770777434677427
0.78206731830113818126904
0.78205645200067164246605
0.78205396787194403351862
0.78205135993037966368746
0.78206829410373779332133
0.78206531065949025371964
0.78207091950925322620947
0.78208185490670523165591
0.78209544446827339303496
0.78210602562524433878366
0.78212091906813974162560
0.78210988616118826133317
0.78209652310551580622899
0.78208537560834223700823
0.78208256933732589466501
0.78207943289709713763358
0.78209678724222386758669
0.78209386935499636273050
0.78209974262102799347218
0.78211108550739827371956
0.78212445488603865584309
0.78213570983586788720743
0.78215050001094288401049
0.78213873417494050865884
0.78212549482463411543165
0.78211404024011632607483
0.78211125808091241928821
0.78210854542771368613785
0.78212585312111371216304
0.78212314945630412310607
0.78212839921122789821339
0.78213983827563160478036
0.78215289304529866942772
0.78216520097990827053991
0.78217981622099441718632
0.78216710660148436318195
0.78215407920329449442676
0.78214286723874149043212
0.78214056051981006856266
0.78213759531999382801359
0.78215493525363022353503
0.78215158150573060868993
0.78215748482067637414872
0.78216866549304364664152
0.78218151881311470674518
0.78219479476085473912406
0.78220915922032507872075
0.78219607017846959351459
0.78218345689759227745697
0.78217207819715484085066
0.78216915933014263817569
0.78216532892308487934230
0.78218334706702008496393
0.78217926123098679980217
0.78218668494814336256127
0.78219828865702589748565
0.78221080935439013526178
0.78222381037475474663268
0.78223849204744921870258
0.78222553048621978888377
0.78221288210120687445226
0.78220100325455321765844
0.78219761183004443694244
0.78219364066289853720804
0.78221232561766884661125
0.78220857127532061880970
0.78221552300058905249358
0.78222742568914427341298
0.78224007847673437954228
0.78225310866610109350461
0.78226746139496772247668
0.78225432493413682433214
0.78224178044462089332001
0.78223015343635471374739
0.78222735484885419499079
0.78222384952422663317861
0.78224257730522051001998
0.78223893825951640312866
0.78224501510739075094136
0.78225630239811461130728
0.78226854266948298022299
0.78228175203456862263351
0.78229586631267489238439
0.78228283835377143695666
0.78227095446660332989097
0.78225997566785676617940
0.78225752524515868024935
0.78225359492009305384386
0.78227200600480573111639
0.78226770837705750238911
0.78227490957237943991487
0.78228586885051809574065
0.78229743706513943379832
0.78231028591950635409091
0.78232510649123865320576
0.78231235658353615036731
0.78230069499998822202258
0.78228922192665073520601
0.78228619535160359710346
0.78228169566643146470852
0.78230019263854044808681
0.78229595024514997358978
0.78230353194640611658173
0.78231517893970980992435
0.78232734990027863464235
0.78234022624496801778804
0.78234636202427954021488
0.78236215512099360758214
0.78235526007200306697342
0.78234198480351158089263
0.78232961278964563422988
0.78231770326787963831805
0.78231460902798133361102
0.78231058304994938179533
0.78232953594350251869116
0.78232563292790913145325
0.78233221047355516741817
0.78234389225424449954005
0.78235632263372001382606
0.78236992802716265327234
0.78237738751984298168907
0.78239242423281440963478
0.78238407935500475787194
0.78237034299882268761905
0.78235829900697695382661
0.78234724349668338660990
0.78234481619942608521256
0.78234067635663284701053
0.78235989836638430983129
0.78235540621564503283025
0.78236249792673939751353
0.78237320790440234574703
0.78238481603555887211598
0.78239812302143685318612
0.78240708759601174104859
0.78242170624253959410055
0.78241234949516724750396
0.78239963162127423856873
0.78238839283863703677468
0.78237748884510327496145
0.78237454280655116534149
0.78236978786033795074673
0.78238866786656624530139
0.78238396663491871496632
0.78239214971771664508537
0.78240354969128056428218
0.78241485496541152144800
0.78242719865377374777182
0.78243683778471206924365
0.78245269148008533832694
0.78244265958771697100360
0.78243010927598155568319
0.78241823966577062066108
0.78240633600586573237479
0.78240270370739151140071
0.78239835974082194702817
0.78241705827454322008663
0.78241308042450796733647
0.78242040755328301493421
0.78243264887674324192801
0.78244519072537399573264
0.78245814567797300487229
0.78246881422887326618110
0.78248459349831700482270
0.78247323000577029272762
0.78245967847121244975739
0.78244685017560333673003
0.78243500249888597863901
0.78243198468595742678389
0.78242797409776232431255
0.78244726914483675450640
0.78244267026216385296777
0.78245017468159561158103
0.78246155944920092739636
0.78247381515365543869223
0.78248739542239931221701
0.78249959198843199725815
0.78251367747884981174167
0.78250088558509944824948
0.78248788229959076456765
0.78247659679947578759140
0.78246575256704942180619
0.78246228036415022000227
0.78248088012795447010461
0.78247674811182044152247
0.78249173407486349862694
0.78250237598979854869441
0.78251431281673489159800
0.78252712761206388858426
0.78254079393104303274953
0.78252830811080609230146
0.78251702610274720406380
0.78250679437094328161351
0.78249532749323191804791
0.78249066760931829112025
0.78250927252409030465685
0.78250443715224782259554
0.78252114221466151366968
0.78253194811093740312913
0.78254277258561799612835
0.78255537495916061008217
0.78257066322704893490680
0.78255768137216785707011
0.78254647319881553979570
0.78253512404387048917442
0.78252310909228839364005
0.78251847114603578781100
0.78253747191882294664822
0.78253290391506746814798
0.78254914935613406612447
0.78256055420519643472943
0.78257235044496020748284
0.78258626382581208957845
0.78260138156775227447071
0.78258652154665886424567
0.78257447687505332645230
0.78256355174692848741813
0.78255245230770709152779
0.78254763527543036438772
0.78256735649096154094906
0.78256235679355168333160
0.78257828946143970227922
0.78258843112720377632741
0.78260010586921269215566
0.78261568357072142099184
0.78262943049905808745592
0.78261347737933917301234
0.78260242597414231280339
0.78259270229106070448921
0.78258186600323864645645
0.78257762081498005724001
0.78259626427429596073893
0.78259326085684899343420
0.78260628241195440146782
0.78261604218865299387176
0.78262696483491700494284
0.78264328774228819618486
0.78265725770328564703249
0.78264058559950522298010
0.78262894380793524007345
0.78261952580567273329848
0.78261104084328037000517
0.78260704812759795956367
0.78262565686540752629696
0.78263385167900556549370
0.78264203205855553679982
0.78265410146198877150425
0.78267157340153059585930
0.78268533310467824914980
0.78266765757311818063613
0.78265668767615126366621
0.78264934504141037141522
0.78263354096587867125834
0.78266061514076501470782
0.78267311482744450490401
0.78268233769634820706784
0.78269803751515465428668
0.78271075810560086782885
0.78269876770728408210687
0.78268659798955264594866
0.78268136395454701581542
0.78271325638860100859517
0.78272542566351144266434
0.78274048908269489022160
0.78271172315429671240139
0.78266038485105504651784
0.78274209793703208859483
0.78271619585688545495117
0.78268914083335783260509
0.78256583088364517486468
0.78112798163256857986170
0.78119271765866316048488
0.78127697689718988982577
0.78130779361124880200151
0.78132298629714913573707
0.78131926000606000126680
0.78134887787384244006716
0.78133816077369011576792
0.78136463810193967916007
0.78135061260832994189940
0.78136464167013641723969
0.78133320898648028762778
0.78138156479503917406504
0.78138198104672251798064
0.78137597476096876114582
0.78136602177821778969502
0.78138857980343079390195
0.78138200245019739931251
0.78139290224461932510280
0.78140063348967225831387
0.78139671329291493506730
0.78140835829572075077465
0.78141908660954151333300
0.78141245096300493422348
0.78140514444995878839961
0.78140240933133076062234
0.78139632199228215014841
0.78141606188020706902364
0.78141944453589218255729
0.78142539042364989043676
0.78143264768774745032687
0.78143533523867214629632
0.78145238299383079638716
0.78145082970208223915876
0.78144623951590397314959
0.78144041398625307959236
0.78143435989600140700873
0.78142971023593099655358
0.78144907972007038310380
0.78144376822644212587932
0.78145579789958152794327
0.78146103635790475916423
0.78146436467138047365921
0.78146893692334040704139
0.78148212142374173794224
0.78147826205491754958388
0.78147582121183400971631
0.78147050178071453263584
0.78146376615517942898492
0.78145858164835035886142
0.78147850366767124263845
0.78147368047266774215842
0.78148459727872920943526
0.78148983177056996485277
0.78149225641424746591213
0.78149512699639234192261
0.78150862517059271894482
0.78150584412979429149715
0.78150321240155629087809
0.78149861732580883089128
0.78149324643965667469558
0.78148832599014839139784
0.78150763762375219378953
0.78150200246638046319703
0.78151288967396148610334
0.78151693189364379588113
0.78151921219693265552309
0.78152223714394464249011
0.78153597763283100263720
0.78153307523469062179089
0.78153117349188516715941
0.78152731898383953623721
0.78152157950574507871977
0.78151507452569934919495
0.78153495783306825561709
0.78152820127631295044068
0.78154144667599401152813
0.78154579690508130251914
0.78154759955305008745086
0.78155001107592958486947
0.78156454641962791463072
0.78156243783296008853512
0.78156012781676220679827
0.78155499737291067585687
0.78154845685418772305297
0.78154211567240172708892
0.78156235110476646177347
0.78155698303977094720807
0.78156853682349447520750
0.78157382689952881182904
0.78157697273589465947197
0.78157916966109319822920
0.78159359782581072639829
0.78159074099603775831469
0.78158711956905058126921
0.78158205887194009964247
0.78157697681388649257883
0.78157218426681995815386
0.78159166098039023484745
0.78158692807674889913017
0.78159612495621211269992
0.78160037668146775668987
0.78160401821944724964908
0.78160748673748881021339
0.78160903742002585392612
0.78162285046676005517696
0.78162089078658281149359
0.78161739691743736813123
0.78161416433206476472861
0.78161037420091439287262
0.78160615728117754930082
0.78160090976371021653790
0.78161973096767300983601
0.78161399205149706403972
0.78162452836581686188566
0.78162831606887861468635
0.78163121934189239148338
0.78163429061200739855764
0.78163650982591892368845
0.78165031899308035079343
0.78164807658972013104659
0.78164555888855957732630
0.78164255819886774290239
0.78163816413441744579416
0.78163283274232442376928
0.78162676807969777570406
0.78164567104341831083048
0.78163979767030755674284
0.78165143267346504085680
0.78165646987472303663935
0.78165991773082132976214
0.78166229137131315596321
0.78166436235781666663769
0.78167873201212700884355
0.78167652611551952102076
0.78167396237983022277973
0.78166989911866135987140
0.78166456523596983263502
0.78165895153794096028577
0.78165347311126831542083
0.78167281221387241441079
0.78166755354373029796022
0.78167787951876099850068
0.78168324783831011348667
0.78168764952098768183930
0.78169055233490436496169
0.78169309869790037925696
0.78170704926789691402433
0.78170408313054740023773
0.78170104232462611637544
0.78169660483717851029439
0.78169172987707002953073
0.78168692601436307043627
0.78168169103150009213721
0.78170112327609864166789
0.78169548610394434806636
0.78170586250827367447158
0.78171044672448786183594
0.78171461566393851683188
0.78171745160565353494064
0.78172081557716077693243
0.78173459247774246261287
0.78173094236036200221918
0.78172849123057708276008
0.78172460202420912533938
0.78171988325322694368680
0.78171490164569379377468
0.78170905652708888577962
0.78172842047053636704845
0.78172238625811529821874
0.78173374504288484221348
0.78173871662846849961426
0.78174276378643703377946
0.78174493630113250919322
0.78174859458478274110149
0.78176293853914280429507
0.78175917381204929057503
0.78175701684256115875371
0.78175256337472198708838
0.78174724307219212171560
0.78174191327632724934915
0.78173585855665805866010
0.78175545504531518403724
0.78174947718222664860832
0.78176071868428254063588
0.78176620462433077385356
0.78177096301632820196659
0.78177331638308822370220
0.78177749665032847392609
0.78179178279905103821079
0.78178713047383185941186
0.78178449098818847406989
0.78177976329812404188147
0.78177442307114408670543
0.78176934470523640197115
0.78176320514882635670517
0.78178343123102966849558
0.78177695843581718193605
0.78178832546528331803870
0.78179330277490277634200
0.78179796580315163989638
0.78180057166192884476885
0.78180583772357292726696
0.78181953374370116716108
0.78181380255671695245212
0.78181155107268951454103
0.78180720952338123019842
0.78180228530633366634817
0.78179724085023194479760
0.78179053071872972591194
0.78181087855749287207630
0.78181614014502576193166
0.78182123114777446470924
0.78182542662592857674042
0.78182737957666781358768
0.78183326246876561071986
0.78184731532154450039940
0.78184129503555754858724
0.78183962006346008344337
0.78183526472054176714721
0.78182972476133316686031
0.78182427538960619362030
0.78184314702909263328223
0.78183758727058405568755
0.78184895415186561606902
0.78185385795414008569537
0.78185571054251135070245
0.78186194430451894099576
0.78187698625446289124596
0.78187008993143347623800
0.78186781668425930913457
0.78186246735424147491500
0.78185635170828382545238
0.78185107026022349074879
0.78186979478490115091915
0.78186469036574079982671
0.78187581430837560514391
0.78188145393244479208761
0.78188425151291751635796
0.78189197860911496817948
0.78190645767798683252181
0.78189790572681705516089
0.78189479235136627455205
0.78188925726721247855266
0.78188355896115346865827
0.78187856472928263240618
0.78189729608223601520223
0.78189251046961871782770
0.78190306468978676424086
0.78190831256882409316944
0.78191134845032361777584
0.78192021996895022528662
0.78193368618523351187832
0.78192467741924143176391
0.78192198449356076217498
0.78191682695066477837287
0.78191122815305169613254
0.78190629954523349631756
0.78192501938693326213325
0.78192006982349404609067
0.78193083260618367891226
0.78193595890173739348938
0.78193840541484749273593
0.78194716023344790212235
0.78196104184989001506523
0.78195252507867607505432
0.78195017555006274267981
0.78194481144209238010490
0.78193871373454293394190
0.78193369213210150991955
0.78195241160339179486982
0.78194733367917201860564
0.78195868288332903706106
0.78196430111082027014646
0.78196690988013506373733
0.78197534964185477779353
0.78198992491131869009280
0.78198135700439530548778
0.78197846519335667547779
0.78197265449298236639208
0.78196620395774563139213
0.78196096202346165870978
0.78197998185986195007757
0.78197451857044397716123
0.78198664787153293609379
0.78199258622096978754712
0.78199567995860641556050
0.78200454042800360276999
0.78201896739997811547340
0.78200993156724940558178
0.78200662784360230883607
0.78200058893733526144132
0.78199366661026059599493
0.78198807445788598435854
0.78200735602391613365825
0.78200157828687888450503
0.78201458668874634927448
0.78202085180894820304331
0.78202400470848265623403
0.78203320203839110646982
0.78203758891734742597635
0.78205223794938805159660
0.78204733954599803258390
0.78203818041767192426050
0.78203481422203391382197
0.78202848833914295756387
0.78202102201252821078725
0.78201529462678054382963
0.78203484306574855278171
0.78202907897136131332161
0.78204227230663403425126
0.78204877145803475269048
0.78205233834793475011793
0.78206162740241036424038
0.78206693829318629784808
0.78208185556921672176856
0.78207603214874876762508
0.78206643756886395912886
0.78206270440182579228861
0.78205610039172368530558
0.78204849579596780184687
0.78204291557015370717210
0.78206243959650367791880
0.78205665631729004427797
0.78206996807785822412029
0.78207673825842016768206
0.78208070467883017418131
0.78209049757763016152978
0.78209677029137780746026
0.78211173435257663744125
0.78210488155483692818137
0.78209486887343659944349
0.78209080260708296883365
0.78208409106507270625031
0.78207630055747934250121
0.78207024589599816177810
0.78209020569893239471781
0.78208376156312364724243
0.78209841277831537720289
0.78210508571929815424539
0.78210917792603551479402
0.78211918018491854986962
0.78212664384877894629966
0.78214135689642483306727
0.78213363906997812602384
0.78212348687131494351377
0.78211938999939456529376
0.78211250489739825297875
0.78210404895288443416490
0.78209735904533916883707
0.78211772763878950609495
0.78211105140110293021394
0.78212643182011221121286
0.78213368051340648179348
0.78213793379423579565923
0.78214798839258070639602
0.78215603794097687817555
0.78217074179334800110297
0.78216244709485538422200
0.78215227094764294690776
0.78214776585336753811362
0.78214040707464449475594
0.78213146430139790510339
0.78212485512376817009539
0.78214534995206064227347
0.78213871198716711230503
0.78215429217995235955385
0.78216172036919218157891
0.78216655350061081719559
0.78217695947496745922933
0.78218569005634297486296
0.78220056784096414492780
0.78219157436675912364876
0.78218083603629251499001
0.78217574322539795694809
0.78216828883290101526171
0.78215922321870967603985
0.78215239886105358824153
0.78217309694767256367243
0.78216584884587270209977
0.78218237499956311253868
0.78218987563309716470883
0.78219516970104396857977
0.78220608167089267226402
0.78221572271533057474358
0.78223077625298664816711
0.78222074146233511182658
0.78220966056860230519732
0.78220426870585268996905
0.78219649537210167444812
0.78218679197428275795545
0.78221070788180058208638
0.78220049248897460802965
0.78221869250160336317634
0.78222421394781593839696
0.78223548035577306070110
0.78224577209088752560717
0.78226067201103899328984
0.78225009437584702709501
0.78223890074508595215974
0.78223310216341090939096
0.78222486520867628989606
0.78221435911023362574923
0.78223896617052091073674
0.78222853897671851264306
0.78224742058157681334762
0.78225347897682739883862
0.78226483187676076891393
0.78227544126325454509896
0.78229018946745931817333
0.78227927422847709504339
0.78226790227320386339471
0.78226166366500948790019
0.78225332307215633687036
0.78224295933193577212705
0.78226779903507892566239
0.78225730687133032681402
0.78227595926101045620271
0.78228225341219026489625
0.78229360161105998550113
0.78230482818275526302187
0.78231936331304141596377
0.78230798346223107131436
0.78229650451429277868698
0.78229035884946773737880
0.78228238293367202693673
0.78227149214544400290805
0.78229663266168991686556
0.78228521485883328878685
0.78230490802177676812335
0.78231110446538454361587
0.78232256485296791659323
0.78233419803804349346166
0.78234868461185713695016
0.78233727878254211152154
0.78232590444066529844491
0.78231942897925299540418
0.78231073460773370431554
0.78229870008310498086246
0.78232479832039825140555
0.78231237090527361299763
0.78233395449488962736240
0.78234073875633358685633
0.78235217929110800749726
0.78236345432304132962997
0.78237825735358701439992
0.78236706073494777236021
0.78235533726997086301225
0.78234818561686292337498
0.78233893239428808907832
0.78232648663519410714429
0.78235351251254081628161
0.78234114916381070070628
0.78236261598235368186494
0.78236988901305681842757
0.78238177077251358504384
0.78239298413599600579005
0.78240744662219341432063
0.78239616718953108875922
0.78238424865315137068933
0.78237715492823145524426
0.78236841028964276834046
0.78235616057875978501812
0.78238350217683583220918
0.78237098481502409530464
0.78239191932441121135611
0.78239877229855014917348
0.78241053281227312954371
0.78242183993191283253310
0.78243606381358699053408
0.78242497718094483616369
0.78241342621707543614207
0.78240677261887348059588
0.78239831129652326335844
0.78238537578888789347786
0.78241264956950040687644
0.78239921974158688211531
0.78242159679931877480641
0.78242834347121403837377
0.78243972284289498020371
0.78245058313337711997093
0.78246550024471428486095
0.78245478146798141949603
0.78244317346094716114635
0.78243579996367618178965
0.78242669764678263177871
0.78241293642758091841927
0.78244055427387404488826
0.78242692285363713011748
0.78244999251848734722614
0.78245765845208459232651
0.78246991082431516240092
0.78248070811778558386607
0.78248399396659573667989
0.78249957778712375677799
0.78249583795948562947586
0.78248467913943264839816
0.78247208769905041148007
0.78246404004533065545957
0.78245482425679990790002
0.78244128880844521223281
0.78246959974512397817392
0.78245606916583498868789
0.78247842100588094194080
0.78248636505028457133193
0.78249914815632060083317
0.78251059348522900016576
0.78251460410552831081787
0.78252943295698118575388
0.78252483072702894162376
0.78251329611056852364470
0.78250077422636454826943
0.78249332393994330825393
0.78248472699295723575830
0.78247084049241344416714
0.78249965666803766861648
0.78248529992629778373470
0.78250844603168656643533
0.78251567923582820984763
0.78252789290842938996207
0.78253895069992296384953
0.78254389259708456716425
0.78255832124592061838086
0.78255325951084686586512
0.78254282373056882615714
0.78253085778080699874693
0.78252330055850405354789
0.78251414674958474915201
0.78249941364072872485025
0.78252811079085837775438
0.78251332329255163244852
0.78253781566903124478074
0.78254600835561594074363
0.78255816265487687655167
0.78256818692095020395527
0.78257327573958557209721
0.78258895879900214342939
0.78258372736416326187481
0.78257353161921672235479
0.78256069528337157681364
0.78255185415465056131268
0.78254198113152584337371
0.78252744405976382147117
0.78255617074698158308621
0.78254189262997297937829
0.78256577843086871926204
0.78257510012371322982716
0.78258871884508496297173
0.78259928151494273507183
0.78260492454381702653876
0.78262056245106970120418
0.78261443747724612762795
0.78260330591172244663056
0.78258929519060349555559
0.78258022068032728757458
0.78257093176530045930406
0.78255651728856834292714
0.78258604603261061605224
0.78257094498577084440427
0.78259523053979040962957
0.78260399210965703176157
0.78261753954787838249985
0.78262867392109924935539
0.78263544068093149341792
0.78264941750893546323908
0.78264223645490460512519
0.78263170362455747319785
0.78261902281199358100139
0.78261064351922926540794
0.78260088089204105088470
0.78262560691408822322046
0.78261517120267309888249
0.78263415549868398102262
0.78264628881861331155534
0.78265572442311792666914
0.78266277048889110190544
0.78267636068619050870865
0.78266978334305015163608
0.78266102119412450655034
0.78264920596880105385651
0.78263988597441813688249
0.78262891421249891621414
0.78265365471236969518998
0.78264250348622266262311
0.78266353841634950239126
0.78267602216354803523757
0.78268431274154015575562
0.78269088522663721185779
0.78270613400442212714836
0.78269928808138844456010
0.78269062662615584979875
0.78267751001078900152663
0.78266731120998711546122
0.78265635007359746211364
0.78268149304750389561036
0.78267059371205116580228
0.78269152530046759430604
0.78270478322257508452253
0.78271401653227934414048
0.78272170570959331836747
0.78273681120280369505338
0.78272824648165006955480
0.78271877193576433473510
0.78270591466163896843256
0.78269629121886707956435
0.78268513618932067377187
0.78271100748098931809693
0.78269966478680774724097
0.78272063638084432568576
0.78273278559997117032054
0.78274189065189858638405
0.78275111865808444377990
0.78276488228005347558280
0.78275532801520653070071
0.78274683891591312345781
0.78273503376246467144739
0.78272532235445069215274
0.78271473182194706286197
0.78273952359596965511201
0.78273016996858302274376
0.78274859888544978669955
0.78276051086731202044433
0.78276887799849781401917
0.78277879260606686440127
0.78279297672659664542039
0.78278255991168221861187
0.78277345934385622605589
0.78276182914570091586626
0.78275410643375542552036
0.78274375484179903317283
0.78276852028399956928695
0.78277613813597757275176
0.78278658905964138003952
0.78279613435895201156711
0.78280750751922090202584
0.78282148661440875692108
0.78280975212839842836132
0.78280128068709842192874
0.78279161053630275102222
0.78277619692298139320030
0.78280286146291755411397
0.78281774460676178950536
0.78282449328528369569824
0.78283440128216630338187
0.78284732978795246172155
0.78284098168042126619781
0.78283125841098755159919
0.78282604234532282561076
0.78285552311100581324155
0.78286220384031335317587
0.78287747727871959124712
0.78285404208514608459524
0.78280275030265100699722
0.78287928899554015682583
0.78285209353237550367055
0.78282651991961849091695
0.78270173741669879508009
