0.05565491976553464670285
0.05549749725420751594873
0.05607758377549327405420
0.05601443190963956153539
0.05619696436354026242155
0.05593415128816536102674
0.05618042924848563879348
0.05620742135323657240331
0.05620398214007026049810
0.05620675275833830752958
0.05615727525175320811179
0.05583865422083823110144
0.05612508211843262456719
0.05619942565455965377552
0.05620295012488502051085
0.05622244536907417683524
0.05621536109173632528302
0.05624351835808207716871
0.05619942384022390963194
0.05619321956873529755327
0.05608160026695156036292
0.05602635459907259751766
0.05618279696214349000494
0.05619617788452144907518
0.05620910475733435079926
0.05623680303960757603798
0.05625966325492230690752
0.05625345537719267374754
0.05622961123625421636651
0.05620384003252408555706
0.05619327790637791697481
0.05616773110695658099978
0.05615360827975591356820
0.05618964755755898043965
0.05619839159277079110311
0.05622258929666596599661
0.05624774716662005874523
0.05626404781510700725544
0.05625858946136879507049
0.05627384920779782140343
0.05624195159214952222104
0.05621615612703067393907
0.05619378132063011788144
0.05618514665387702028410
0.05619026666431286426429
0.05620975007674811757541
0.05623561449554893842961
0.05625339388500949500127
0.05626798657263076125501
0.05629110522880236694432
0.05628314959355364133220
0.05631396011135642032386
0.05626241584138292478601
0.05624890611266214479613
0.05622971682457564984725
0.05620349018238090382793
0.05622415306851166749702
0.05624396071187102302824
0.05625684815663748589154
0.05627593945311522988240
0.05630587524146712236073
0.05633759513566448384747
0.05632977001405180261795
0.05635357770463303439534
0.05629750666457087465711
0.05626946012172203553936
0.05625211422837927965901
0.05623882192431199633642
0.05624804582330776570043
0.05626288958275377227736
0.05628888515207464138257
0.05632204293863982136337
0.05634839986491032431948
0.05636216810567490353989
0.05635760824370952826179
0.05636679152949013865692
0.05634221195668691339886
0.05631433509086127692234
0.05628128467892778291626
0.05625685087770286585407
0.05627406350486918729104
0.05630591713630728883944
0.05633545805499550612749
0.05635348134732634517441
0.05636312043018792961036
0.05637557480327047565449
0.05636971703399313443628
0.05639037390251030318344
0.05635894755508488729312
0.05634928909489781562181
0.05632917963480740114468
0.05629759623164937165640
0.05632241765194646865300
0.05634431421353656294082
0.05635491386470128233332
0.05636505395497024006879
0.05638401268884511707835
0.05641064729810758848760
0.05640253783683964877715
0.05642984301135493818702
0.05637721339971495104759
0.05636075486772888776255
0.05635175191573663089351
0.05633942472956565694631
0.05633374928076080589978
0.05634479478567127469502
0.05634854981757662917286
0.05635630962186664871805
0.05637092142159146751501
0.05639552605603738444362
0.05642322176135265016095
0.05644563726935956232689
0.05643917331350045002436
0.05645617984143090628546
0.05641574457512932988523
0.05638851140799160804873
0.05636563133331459751751
0.05635283342750068563687
0.05635024529238828738809
0.05635509653334227347932
0.05636091206277352855247
0.05638111643886574431139
0.05640832635766247771247
0.05643334140572907331457
0.05645143622970594243782
0.05646533104158445864895
0.05646000432601357144069
0.05647544650567943441688
0.05644586048773062025852
0.05642702480504722950538
0.05640133886246997269032
0.05637494833405009425631
0.05636562308582532265788
0.05638147636138056417732
0.05639454305126518490754
0.05642002532696945016344
0.05644042317613034293045
0.05645555196679987591812
0.05647035318816357590821
0.05648877409207803124147
0.05648250056238656585661
0.05650347950423059012470
0.05646480544535819462437
0.05645076766104116516853
0.05643520298906768567493
0.05641403067427563922109
0.05640115762771682333954
0.05641854974098325231635
0.05642989370976810026281
0.05644556259382319668427
0.05645979483069995391586
0.05647714481783226714295
0.05649754549369333245235
0.05651770768425142671409
0.05651167593451218024159
0.05653044085167421850535
0.05649113996276592525314
0.05647150879799884420907
0.05645524397312203651600
0.05644131871411899731283
0.05643263306356566949562
0.05644241104053631524762
0.05645055100204963288713
0.05646587059657035001514
0.05648534138233078649716
0.05650593422441202440254
0.05652478803639601062647
0.05654243835815664365185
0.05653647809012593561384
0.05655569153535020682222
0.05651872870782032737269
0.05649993343770338960486
0.05647971717302913835512
0.05646112115849586526872
0.05645165113309954380005
0.05646181771796405374220
0.05647393121969145751704
0.05649399554527691907913
0.05651331093041264685972
0.05653111169184846934721
0.05654964908129130052306
0.05657037865735257270439
0.05656392719975782829023
0.05658590622726442781465
0.05654326071023920569081
0.05652526180362580504601
0.05650790675895123182926
0.05648858202988772669872
0.05647480312536616586794
0.05648834613949631211494
0.05650217509722033071284
0.05651966830391853824356
0.05653769567087234965141
0.05655798181296498722270
0.05657958173277186086914
0.05659939775909467174486
0.05659382337844913457570
0.05661067762940222986012
0.05657309596150519870328
0.05655140820187676969910
0.05653209865849819631967
0.05651473434315931743122
0.05650149821970221891698
0.05651293353807997771332
0.05652634074426259730428
0.05654531706482676667314
0.05656704845866176306624
0.05658822263529517809788
0.05660543123769094103759
0.05661889609175325965840
0.05661434309202029863117
0.05659994501663129923275
0.05658196209168534634992
0.05656092904456205133767
0.05653973433975192919299
0.05652416781538324719314
0.05653658486347106632008
0.05655468491562974653331
0.05657604424860388642182
0.05659512004426231479570
0.05660979292564079223826
0.05662306087714716329451
0.05661770224453086669536
0.05663401875796948703456
0.05660465281256215480665
0.05658994244769912501658
0.05657053751703157440378
0.05655076774287867702462
0.05656599085245371527630
0.05658455279053533487632
0.05660001927965522400266
0.05661330384805083465460
0.05662840054733470768200
0.05664876301829342708505
0.05664189514204394371166
0.05666582630696208322529
0.05662267929110052083752
0.05660873693868461592471
0.05659577500660942228627
0.05657978944956905398289
0.05659145868729175549161
0.05660428005453978228534
0.05661747691961058204235
0.05663588479257197078054
0.05665925666351792622244
0.05668265134831436402596
0.05667585189688372632189
0.05669686325367882112625
0.05665225112684298819365
0.05662987270954084745300
0.05661305893387497123470
0.05660036103642646782008
0.05660873643437772106957
0.05662423839598151875663
0.05664550064189131928227
0.05666953326251435857364
0.05669106974745923704928
0.05670788574664406556103
0.05670258563752877262187
0.05671781789229192460855
0.05668489739011977474048
0.05666286216294332683807
0.05663936235010484654406
0.05661920678983412003049
0.05663368642655470380776
0.05665652429899805525570
0.05667889910930689473245
0.05669744804819122629969
0.05671283541471218436758
0.05672831746305780770134
0.05672305668114730609064
0.05674096667294215023958
0.05670745902048467124157
0.05669190855194588402055
0.05667315262421662031000
0.05665044514285202253978
0.05666750823901643696612
0.05668677899331522884729
0.05670250149213691692740
0.05671781034050830949678
0.05673528199140209088425
0.05675509414392464202503
0.05674917340074191879351
0.05676939598209210235957
0.05672934379651758257657
0.05671259640297993814828
0.05669789768775718857841
0.05668175977188756597958
0.05669342077222878917286
0.05670783830116137708144
0.05672378344606687078366
0.05674312994270451493417
0.05676337753292460402976
0.05678245110059741695974
0.05677678529711098487365
0.05679452696898672908743
0.05675728370734740152459
0.05673715826986727023273
0.05671880707068708421525
0.05670340956576840063530
0.05669888841895202175047
0.05670832771245119113823
0.05671414541305534046112
0.05673165732703903951784
0.05675128610551039010090
0.05677108153789009459267
0.05678888601005272623867
0.05680651675400286843010
0.05680093572966854464923
0.05681984617826861538870
0.05678324892178981952995
0.05676505095006236650823
0.05674567941628004541510
0.05672646143760895487418
0.05671970648184138791281
0.05673204938258006452267
0.05674049288166111565390
0.05675950445620060735852
0.05677749062835674154215
0.05679535600564665498435
0.05681394119344237991776
0.05683352587037841102680
0.05682774827644421905548
0.05684723402651294804633
0.05680791458159277496076
0.05678947489270429194175
0.05677230057435737886617
0.05675433379701809444295
0.05674587036639041487396
0.05675850440087523707255
0.05676741507859088542443
0.05678415190812112489649
0.05680190861013491299136
0.05682184799676101571997
0.05684156587679163596949
0.05685866595376114218663
0.05685341946512261629421
0.05686907383841018071013
0.05683575690104269995118
0.05681582893838257874997
0.05679669997712768342302
0.05677908822899972729470
0.05677071885574953152842
0.05678177756798977876551
0.05679167363416256358866
0.05681007675127437706042
0.05682977768081363956210
0.05684818238379214794254
0.05686410529599169455528
0.05687906826017660733008
0.05687368144529069552418
0.05689108278802981061295
0.05685883562292063514443
0.05684284104677220922364
0.05682446705097459610512
0.05680465488728251438610
0.05679388324167830570666
0.05680683310122535550901
0.05681923479650669017715
0.05683750905593152463746
0.05685365082436857897541
0.05686862485427415792039
0.05688531082164956925729
0.05690577339186418670547
0.05689912869857405297580
0.05692184785380219325113
0.05687948740987720103179
0.05686364508402372980322
0.05684901994317290846448
0.05683234019166229222808
0.05682043977598040529475
0.05683311501401853288451
0.05684453112202977193013
0.05685866882800016952615
0.05687381052659502833624
0.05689294526842157001534
0.05691535352190714436293
0.05693731192094736437426
0.05693097523208143911910
0.05694914554543398232944
0.05690875133516477835105
0.05688692050907571962082
0.05686892060125064290999
0.05685397674484060637212
0.05684386417025889814969
0.05685340183630907540113
0.05686426198383089103405
0.05688096947556400134749
0.05690192575649472006560
0.05692475721324141701984
0.05694402601545604097888
0.05693837348485073640569
0.05695342796626078757383
0.05691852315950663571131
0.05689598321914121625831
0.05687550690682647430707
0.05686240290159937788017
0.05687375746919220292908
0.05689013047495836139511
0.05691215387174869411169
0.05693242670700229823844
0.05694864993142561421235
0.05696145228834098572790
0.05695650235810505168654
0.05697024094871579180666
0.05694379547767115801182
0.05692730092916045009366
0.05690614610680840707024
0.05688687031375148223100
0.05690275136953559104169
0.05692173440650491467174
0.05693890055220608703568
0.05695172188163618448575
0.05696515699200375287825
0.05698245524276788348539
0.05697629808127042949639
0.05699684572931328074841
0.05696018952032983612144
0.05694790398003164028085
0.05693418910288775697248
0.05691715406005823374436
0.05693017258806171154717
0.05694346948739704983300
0.05695554793392297587840
0.05697044918249817568867
0.05699057210809967827236
0.05701281289271406538255
0.05700590812787868777445
0.05702663079088475528433
0.05698427900774042514920
0.05696587543155708782683
0.05695143926150267321695
0.05693885922194020371423
0.05694750639722626767147
0.05696078119815236456835
0.05697835214453040447724
0.05699936343590259607561
0.05702071444449999249038
0.05703930703290893688973
0.05703320841219539777400
0.05704983595754530012467
0.05701456553491050793792
0.05699400117064407772505
0.05697296818723823069730
0.05695582594157570094362
0.05696799031927951562082
0.05698781874523028284640
0.05700841365164514146224
0.05702728716390311619611
0.05704464577653432788562
0.05706208199473459391493
0.05705585637250448760582
0.05707452195785743531697
0.05703892651812862008009
0.05702252061899589635763
0.05700290428261897690554
0.05698175497823902008188
0.05699735945520021523913
0.05701681533968046972083
0.05703350786616404044516
0.05705012534374024474326
0.05706900926721041045209
0.05708854051193855416724
0.05708221220084559038854
0.05710005064353080445061
0.05706298327898745581521
0.05704536412471015310865
0.05702862684047153157829
0.05701116052506295661662
0.05702373285808952363407
0.05703999511915411324559
0.05705717171321084135727
0.05707619428259530502956
0.05709502661394533218342
0.05711082533185293103051
0.05710513588642937565787
0.05711978343735261282044
0.05708938792153361863058
0.05707124148907722488433
0.05705213500057706998980
0.05703467304207224947143
0.05704699672804992849340
0.05706554382770286787396
0.05708388448688776761752
0.05709975713577313677360
0.05711497094105132815711
0.05713168071346727550086
0.05712539227133354990951
0.05714584353635170088648
0.05710959609009191167983
0.05709545853404620480154
0.05707899732493916522547
0.05705995560305310992932
0.05705394795258094536861
0.05706706534459331930931
0.05707387934371930399147
0.05709044416519988562886
0.05710457466496995232452
0.05711950100177564521031
0.05713965303975880594134
0.05716309417851070384664
0.05715596867421331161996
0.05717835442496380093935
0.05713294856653877012986
0.05711465048446736497700
0.05710020168190987205348
0.05708558665250873520591
0.05707927178172692711522
0.05708971920470943400838
0.05709580777398567952297
0.05710932677567725351819
0.05712676559949069615696
0.05714909342213400633703
0.05717259052746252040444
0.05718980197951103322529
0.05718453045610420032441
0.05719563932637214409560
0.05716598230962899318541
0.05714288680576769946518
0.05712129986453548524672
0.05710456243253609481814
0.05709848339263534633403
0.05710744653905275303174
0.05711589909550988941600
0.05713622871922870161132
0.05715960901401771071528
0.05717936128184005623032
0.05719195288914766250876
0.05720073034285481222705
0.05719617431521178962939
0.05720885190307453682657
0.05718743490837095710955
0.05717444972585791068687
0.05715366309203113309723
0.05713000105089204722075
0.05711917582409199029003
0.05713400800760470854556
0.05714745914560662165549
0.05716874418493264609076
0.05718327815019475651726
0.05719225653477411769332
0.05720385874057166974982
0.05722440597891626651306
0.05721713029763410285344
0.05724341268010093436436
0.05719848706841361429820
0.05718889951363597540235
0.05717945825566388140526
0.05716329062672942384893
0.05715065991390404220862
0.05716518784495334265516
0.05717529849366936173238
0.05718504818854729804256
0.05719382788724845095851
0.05721060477537643490509
0.05723637112215770178514
0.05726172069157706157050
0.05725469329029830856115
0.05727210892296643457433
0.05722870151524112741770
0.05720499854902571373882
0.05718998812027882572284
0.05718163920009233097685
0.05717552629176755885076
0.05718093246698097847913
0.05718634937059687006755
0.05719923894071785031024
0.05722148753814607774482
0.05724784373108609408787
0.05726750873551438719700
0.05726206500595037302004
0.05727226127809836864202
0.05724114678176011467015
0.05721489024953198276879
0.05719413980947646303221
0.05718561783065244374935
0.05719328641147791714161
0.05720849540194147125893
0.05723414808839231288085
0.05725651332945031618538
0.05726850105105572158459
0.05727427115406678176379
0.05727076677407989813151
0.05727916746471729825263
0.05726490955755537265448
0.05725090253370523213361
0.05722709309249126435892
0.05720740611814612713859
0.05722504333988846780823
0.05724490168675246820618
0.05726084360481228235917
0.05726751699443686366431
0.05727474981321466901418
0.05729066015043371429272
0.05728503801120504029809
0.05730429045810885718693
0.05727110565421567739408
0.05726446531973163750484
0.05725646064032389320753
0.05724233731944081138288
0.05725354258018960224019
0.05726127398104927795908
0.05726754416297751698606
0.05728005032558400322351
0.05729851793825267713967
0.05731396084572257243472
0.05730907488103802183144
0.05731822287478706423602
0.05729325029826738691074
0.05727534152447628923444
0.05726410036762367289365
0.05725900284393874856148
0.05726151675380670991178
0.05727092956868700540651
0.05728805159796626633728
0.05730447701258860326856
0.05731345797672508790566
0.05732645796561669504499
0.05731995352290654432981
0.05734666874586273610515
0.05730935752207507588585
0.05729978409406072392684
0.05728283784380305138084
0.05726738365976990347006
0.05727832104669039470224
0.05729522842173041807801
0.05730546071630308185840
0.05731420993987043632778
0.05733857668976585081344
0.05735787983833830899760
0.05735831190447755745243
0.05733063635539829838716
0.05730896210182231942376
0.05730160980230433742655
0.05729107432822591605692
0.05729821660662860055568
0.05730450080158221159987
0.05732282936862061195615
0.05735504441585486529176
0.05730694547624065604552
0.05733136857452516416123
0.05734901529946472703569
0.05731506066917797792559
0.05730086822394050288798
0.05730819332191527948339
0.05734146512833269287990
0.05734636570492977758473
0.05719481059485956309096
0.05735370109894878665191
0.05733290563117079269295
0.05735514463052916039887
0.05725001398214318859559
0.05683771019185299838705
0.05729259632658213058365
0.05713259452683350919644
0.05696980449735072893347
0.05655804313623234019781
0.05566415014099539149139
0.05550737916674355204583
0.05608686683835457931213
0.05602439052181382161955
0.05620624959083210525623
0.05594432754705739446743
0.05619040187504133893048
0.05621669082780270804145
0.05621394300349789874272
0.05621600475700356397413
0.05616747958257425898942
0.05584897579404510953305
0.05613545432799867118678
0.05620962507134664304376
0.05621289429416811284090
0.05623168236470926784065
0.05622529062428057583523
0.05625274095405984053908
0.05620961090593836612106
0.05620360214234854795423
0.05609214515879633322637
0.05603665846305148218187
0.05619335887105915416928
0.05620655838863691800000
0.05621928138672589031488
0.05624671942692387877072
0.05626887063119970222580
0.05626335755037986663396
0.05623977924698537328441
0.05621421869670496090921
0.05620383922755946976002
0.05617807092641003557931
0.05616353090133333059164
0.05620000173914033864131
0.05620895125803783420881
0.05623296799063192547008
0.05625790596097941798082
0.05627393419719198958129
0.05626873773304244541471
0.05628371921806992611570
0.05625233027594331303156
0.05622671673526487279293
0.05620414646119245571931
0.05619506921810667882111
0.05620018796558584606160
0.05622012823903493189404
0.05624617584099003697595
0.05626377077682882116294
0.05627812438644839987401
0.05630096008862682521734
0.05629327806148427121302
0.05632380067456999039877
0.05627279006350347639875
0.05625946647741530970421
0.05624010863611320076849
0.05621342561403824822364
0.05623410428792809112597
0.05625436558921657198562
0.05626740649202370547766
0.05628631131036956197766
0.05631599534289170871926
0.05634742113337704028098
0.05633988191544502671659
0.05636338731925450568072
0.05630787751055921913634
0.05628001743462463651868
0.05626253090766916015175
0.05624878689660894187652
0.05625802317204465358147
0.05627331817358360854797
0.05629944241766702411889
0.05633241325145566663624
0.05635850298943303332555
0.05637195987604688707240
0.05636770093810339332663
0.05637656475616947132634
0.05635258042104102776948
0.05632489295592918443489
0.05629172647383962058143
0.05626684015880784039965
0.05628406665843034561991
0.05631637338721374314021
0.05634601539869527053739
0.05636384567782756066512
0.05637320172289714270697
0.05638533001311290399071
0.05637978705084221303645
0.05640011167059680308178
0.05636930665672653523179
0.05635984487505416029585
0.05633964997031287030849
0.05630761346537973416337
0.05633244902548523169727
0.05635479706647351927362
0.05636546637085717431637
0.05637540764823002065187
0.05639407288752146252264
0.05642036829678409581845
0.05641258920257233994144
0.05643954709099895800106
0.05638756251357410903546
0.05637130377638724376688
0.05636224531917913282975
0.05634946831555023155635
0.05634360702568141920921
0.05635464351139306271588
0.05635860441439902862593
0.05636681290505734381879
0.05638146733339484406589
0.05640587110592824859889
0.05643326453443232165741
0.05645532374693908173047
0.05644920641646902076394
0.05646584744629968427576
0.05642608546838445010563
0.05639905576090916555776
0.05637614554771562536128
0.05636289769116564069007
0.05636008430476991543090
0.05636492559707977079153
0.05637098662628411277487
0.05639164255522186031122
0.05641886952662436560679
0.05644367741968039225986
0.05646145896621109633307
0.05647497920575605956373
0.05647001636734857304978
0.05648507536976116183425
0.05645619064465472874970
0.05643756657997385517422
0.05641187710326995424781
0.05638503311734684164680
0.05637544350990637137544
0.05639128999936029312812
0.05640463948515991865484
0.05643057544661020386023
0.05645096209029173972560
0.05646587508901727142652
0.05648035476599721355084
0.05649838422346355887305
0.05649249173161420556344
0.05651307095010461162277
0.05647512091651026716610
0.05646130285920786251452
0.05644576426244130723520
0.05642413847290069645046
0.05641096574437805266644
0.05642835249015611814860
0.05644001215186380399080
0.05645613409836331558767
0.05647032650932285596790
0.05648745311166739058173
0.05650752658298711234020
0.05652727998464773112586
0.05652164694436975778125
0.05653999363763468483102
0.05650144121392949164706
0.05648203737448520556086
0.05646582509014775458356
0.05645144591619893903456
0.05644243046102179889312
0.05645220377886572132864
0.05646068713995994192700
0.05647646108874040254966
0.05649586667267681577842
0.05651622810990686307520
0.05653474893080692037506
0.05655197160696272956626
0.05654642833566937698553
0.05656520541422822845323
0.05652901429558887524962
0.05651045551453574150580
0.05649031742054016341781
0.05647126602522621607871
0.05646144052589880529824
0.05647160487306341486446
0.05648408546712964384273
0.05650460580189925474670
0.05652383003047449505640
0.05654138859047907333943
0.05655958860832651508010
0.05657987307586606617882
0.05657385632076430970194
0.05659538112161819484180
0.05655352868299175911337
0.05653577750697701825855
0.05651852640881765282854
0.05649874507081995012037
0.05648458962729490523413
0.05649813352425794160672
0.05651234690129097043565
0.05653029645869440261707
0.05654820782265638362540
0.05656824119747978774075
0.05658950085561551684998
0.05660885285660928467610
0.05660373201653540881084
0.05662011265677905497151
0.05658334611854856643909
0.05656191687260234135515
0.05654273517189601500066
0.05652491446392508833707
0.05651128807667731707154
0.05652272677668838951615
0.05653652934170662336388
0.05655596210057690226281
0.05657755402653159154669
0.05659846311396193874188
0.05661532865759145299878
0.05662831031460752173601
0.05662422870236843985836
0.05661017515864415206028
0.05659246460570488412856
0.05657158289496123232398
0.05654993096097615801199
0.05653396563549015901851
0.05654638895417416627476
0.05656488988127970213293
0.05658670629641737032101
0.05660561908236745598533
0.05662001225639358426012
0.05663293474304453845036
0.05662790991433731130344
0.05664388123226517940401
0.05661514734411296490002
0.05660061195191306432362
0.05658075066940550235106
0.05656058003584450016854
0.05657581306424300932045
0.05659477421424377596715
0.05661069547458791317851
0.05662379357636926346942
0.05663859662952052537177
0.05665861442991821511628
0.05665207988734353994342
0.05667566670609264917191
0.05663316461523155986857
0.05661941964036393271087
0.05660600389742982685437
0.05658962217810208777946
0.05660130438999861485216
0.05661451564458661045443
0.05662816539455860220809
0.05664636637553436410153
0.05666943071336008608263
0.05669248077917853068097
0.05668601494095532739026
0.05670668131601500072669
0.05666272940620487030827
0.05664056714916133883353
0.05662330089102639990584
0.05661022105155142508659
0.05661861081028222997258
0.05663448779064102905911
0.05665620150753446215841
0.05668000797046466449070
0.05670122086541741490695
0.05671769155241098564479
0.05671272386706095042230
0.05672761086645635580927
0.05669536852521295938745
0.05667356969262916932539
0.05664961941725399352521
0.05662909573884823688505
0.05664359037201887464574
0.05666678887972445566312
0.05668961268748955173447
0.05670791516557922851138
0.05672296056532711433507
0.05673809765800429116833
0.05673316861707868724585
0.05675073449243113465901
0.05671792133615710662653
0.05670262712027633600353
0.05668342423067636998146
0.05666036454042919917606
0.05667744358649240421499
0.05669705737204185774791
0.05671322416224747892111
0.05672826760824794395388
0.05674538054267901782124
0.05676484963722226023686
0.05675925854564666667157
0.05677913878638979339186
0.05673979639585575301952
0.05672332306857338218853
0.05670818189041718776489
0.05669171036412988529118
0.05670338593880570182693
0.05671812815764790127737
0.05673451427949339348489
0.05675357822733062551634
0.05677344925678744214093
0.05679218074694909051958
0.05678684349388649077461
0.05680424329675696354380
0.05676772768278605385550
0.05674789297071939492279
0.05672910215557794288976
0.05671338886174578236554
0.05670887510139442644341
0.05671833186363137158104
0.05672413926082565255316
0.05674195793319923575293
0.05676202433092362303890
0.05678152088029397859259
0.05679893013348624730696
0.05681621966613410040781
0.05681096526704531440854
0.05682953551974117417656
0.05679368315891106938631
0.05677579257668465689823
0.05675598564847948723777
0.05673647019215105613554
0.05672972818131132716202
0.05674208828253132080865
0.05675051660782074597345
0.05676981653632727498060
0.05678823528812333709670
0.05680578507454558251366
0.05682395623870545309231
0.05684320133907021926900
0.05683774901224700193403
0.05685689556103651343122
0.05681833879194752440212
0.05680022200805782961464
0.05678261734129599197507
0.05676437216638200583541
0.05675592583375386329658
0.05676857604236186516378
0.05677746817150448876976
0.05679447326462102457745
0.05681265774500408871628
0.05683226735778852678482
0.05685155212716288403163
0.05686831317100171645507
0.05686339039385926441561
0.05687870628163280151135
0.05684617100807664441531
0.05682657993383549016597
0.05680702593685695717118
0.05678915605067066940670
0.05678080572337718817666
0.05679187819616783594601
0.05680175625010438350548
0.05682040767300702843734
0.05684053066855596775264
0.05685859107190553707323
0.05687406045899635192997
0.05688868542232491942734
0.05688362068899729950822
0.05690068481521625559649
0.05686923866825571716177
0.05685359558822774411757
0.05683480234521624124833
0.05681475191948646974449
0.05680399656722098788997
0.05681695821667132051402
0.05682934675681781261369
0.05684784834802363018280
0.05686440581137512662036
0.05687902189184703555247
0.05689523459835142682461
0.05691536076972208979541
0.05690903696629517199979
0.05693142064724696083111
0.05688987817040468131236
0.05687439991335615369072
0.05685936280984572183117
0.05684246713799305517067
0.05683057577712874453013
0.05684325988846339328120
0.05685467279860856315565
0.05686901517049750692800
0.05688456539230708763899
0.05690333025798616217727
0.05692524633187556054592
0.05694686958610382238044
0.05694085242221819109787
0.05695868717849122270236
0.05691913102769151355798
0.05689767561574544246783
0.05687927009925206750518
0.05686413221527331779415
0.05685401583565505984064
0.05686355839044455323661
0.05687443133443784853975
0.05689132225709825352311
0.05691268081344571377889
0.05693513162584361297913
0.05695388732707857420978
0.05694874190899101851215
0.05696327250768275229920
0.05692927797204435508283
0.05690633976105845953652
0.05688569059734481514479
0.05687256306568917035849
0.05688391994016937097678
0.05690032913116650770124
0.05692251451557989172514
0.05694318056845371761598
0.05695901145056098124897
0.05697127942204845835183
0.05696685660194057004846
0.05698005072628558459469
0.05695454775056467411343
0.05693766529063970516233
0.05691635972471176946330
0.05689703337091044782481
0.05691291401807260091905
0.05693196250301939265182
0.05694926785108707367744
0.05696247148330157300533
0.05697550431952392441248
0.05699224830826757348667
0.05698663856409764277844
0.05700662239463041847110
0.05697093590760896053560
0.05695827328867496264220
0.05694443151655805696043
0.05692731455976721144374
0.05694032939103250284818
0.05695372563788866221435
0.05696591918672920529243
0.05698119232026054720164
0.05700090598796980073670
0.05702257311925990057588
0.05701623548810228619965
0.05703637399867229895722
0.05699501957001929658420
0.05697624936586365151925
0.05696170897656892967431
0.05694900691124558239631
0.05695766433091154629098
0.05697106424444414729535
0.05698872877973713141353
0.05701010136358792418365
0.05703103539719078796111
0.05704903311556480671740
0.05704352239494663023844
0.05705954459011591123341
0.05702530020457751563923
0.05700438064432863938258
0.05698326499107798925881
0.05696599380159937664470
0.05697816899878819368874
0.05699812971789330884320
0.05701879592618052522424
0.05703801767619941925913
0.05705495210721060056480
0.05707177329609273291888
0.05706615478534311780567
0.05708419562531057839250
0.05704965250213613059405
0.05703290586404810569299
0.05701322960257033251041
0.05699194395137505142479
0.05700755902863111068690
0.05702715392156331580820
0.05704389527768956302811
0.05706084656168021462808
0.05707930026586945093658
0.05709819689174787382679
0.05709249585299581986053
0.05710968947793636230070
0.05707369961256553853035
0.05705575362688438539882
0.05703897815550486305458
0.05702136986458854889248
0.05703395225369122661929
0.05705035915077025926445
0.05706756330553523076654
0.05708690506563178501676
0.05710530224535316501377
0.05712044640658071881223
0.05711540274465148198102
0.05712938616842594408141
0.05710009296895184743859
0.05708163565519019932992
0.05706251176221040916081
0.05704490148034657009957
0.05705723422045719944729
0.05707593297705067930670
0.05709428103870481385762
0.05711045596167147603284
0.05712522906877939149473
0.05714126551000207193676
0.05713564181519047852076
0.05715541094683900674722
0.05712028798986305139218
0.05710585707808293193244
0.05708939865024155457807
0.05707020165001407824290
0.05706398500539581336577
0.05707708923756799751503
0.05708413469929492223276
0.05710085711595035834476
0.05711497434184240745703
0.05713018552223068924345
0.05714989425963422353671
0.05717264480043218743965
0.05716620155983649642639
0.05718788771255768621504
0.05714362618419500938760
0.05712505165134129647697
0.05711062579794904531250
0.05709585030886462492239
0.05708928258833015356721
0.05709971648432757285185
0.05710607935327433049011
0.05711976168368164408218
0.05713716895878088314342
0.05715976434991588278622
0.05718281500737059513950
0.05719931710174119832146
0.05719474572931483591365
0.05720513547020279754296
0.05717664651219684507355
0.05715329261910362390608
0.05713174580263119528567
0.05711484097038809631952
0.05710846715147590429984
0.05711741781097709469428
0.05712618549778718940457
0.05714668560517165152302
0.05717001720269709874600
0.05719001780864823442085
0.05720215801173827996351
0.05721020756927985839724
0.05720636823629354772436
0.05721831062525558481147
0.05719808208583598146957
0.05718485995624145862282
0.05716413140754588589898
0.05714029551113885413427
0.05712913602755730069216
0.05714395813477678165437
0.05715776235515098585571
0.05717922343756508957169
0.05719368956998548830795
0.05720289361247787168763
0.05721404174738634051955
0.05723384717798694898416
0.05722730341815771698544
0.05725283693068941581750
0.05720911434856932459292
0.05719931144653181420701
0.05718994699817812887854
0.05717360145853819797246
0.05716060126798367529988
0.05717512119882281473870
0.05718561652707090242620
0.05719554502059615019860
0.05720424007357271384278
0.05722122294219984806052
0.05724653537155517668555
0.05727112808926303894053
0.05726484813998735518004
0.05728149819891768801394
0.05723931096262929729690
0.05721541166834896025017
0.05720049275644843722599
0.05719196338262681061915
0.05718545246545407578775
0.05719085145983188872565
0.05719667951393273691574
0.05720975217237307675067
0.05723190297324706743431
0.05725844445048072078874
0.05727765275626617302862
0.05727265614021031375769
0.05728239296615183356876
0.05725156525812211127935
0.05722541285502696917220
0.05720447562112966621850
0.05719553036685848246279
0.05720319454056142782772
0.05721883827466316130295
0.05724468005454530494802
0.05726693368362483632650
0.05727908086339187493374
0.05728439009830953165814
0.05728133391294720072606
0.05728927390112863171634
0.05727533012126469896819
0.05726144315877106788504
0.05723744388389892523428
0.05721731237765537853024
0.05723494957345019035211
0.05725526037126546508027
0.05727139167388086565813
0.05727793709681866518579
0.05728530432059134036571
0.05730075471206714371464
0.05729558097120134724234
0.05731437338532591879714
0.05728152549096425516506
0.05727501939541219944108
0.05726682556652355066129
0.05725224423516031557746
0.05726345034665206862323
0.05727164389583585396570
0.05727810345170236683288
0.05729047064408649553302
0.05730904983560574511570
0.05732403145242722514174
0.05731959475735935727325
0.05732827990967343662065
0.05730367165034445930960
0.05728590641051135856632
0.05727447499429971083940
0.05726891177320232728665
0.05727142716687899648420
0.05728131007435127708405
0.05729862292043361865490
0.05731489908304989583376
0.05732396420595805425213
0.05733650181931185946249
0.05733044632008037905235
0.05735670114378584732995
0.05731977920160680889383
0.05731036147955261700337
0.05729322490499077352721
0.05727729879622728975663
0.05728825357269001078420
0.05730562202620526068841
0.05731604240514066167522
0.05732463136462654512693
0.05734905850273146199481
0.05736789918821297296070
0.05736878231336853956046
0.05734105933730498927403
0.05731954729611368759556
0.05731200867352095884577
0.05730102462926042056202
0.05730818403336916666557
0.05731490453270069590497
0.05733341956256414462256
0.05736547009311556560851
0.05731739121568687339581
0.05734178839747438444219
0.05735961280239654236368
0.05732547059039665160451
0.05731085134476228415412
0.05731819277800181272609
0.05735188390390093954307
0.05735696478413068039037
0.05720538305085419439333
0.05736412577137511847880
0.05734292433592275139986
0.05736518242065349881820
0.05726042365136668060854
0.05684804895843621752594
0.05730263800086187603311
0.05714251408459181807986
0.05697980396485219367619
0.05656786547397353592803
