0.21064815240559683906518
0.21061950722749148146029
0.21099376434169761496129
0.21097093838406030807953
0.21109698004078489286250
0.21094165220393254478459
0.21108348755236952531966
0.21111623503879567431696
0.21110772794612778224810
0.21112336145815416288407
0.21106808877260632706374
0.21090676474742531265605
0.21104987937086250315843
0.21109908855365250301972
0.21111649301645180054621
0.21114011924892228666550
0.21113200656474195859857
0.21116240116695741968478
0.21110981730579908566270
0.21109106988552125971914
0.21102880274020766049325
0.21100475387341821598142
0.21108158278100172533520
0.21110476818765044892956
0.21112544056579912732374
0.21115374579594825554807
0.21118351664940171463769
0.21117461258654474098861
0.21114614903121556310772
0.21111908282633942701700
0.21109881056292240097960
0.21107182535150109670141
0.21106544002425467465578
0.21109380172785752183273
0.21111273967260582584693
0.21113843841144258606235
0.21116599657808116097257
0.21119332690655717721384
0.21118457438842366813425
0.21121110871013137888497
0.21115808336073488282736
0.21113104019398715172073
0.21110776096064162721255
0.21108994888549309498771
0.21110368432987719478078
0.21112442418820401290880
0.21115048617250709028781
0.21117686667416210588577
0.21120276066797699643374
0.21123175141834588108836
0.21122341707917349773460
0.21125356696340780171539
0.21119534129708489311739
0.21116918123195982381901
0.21114341747013515293574
0.21111926890099338982587
0.21113812041910665073807
0.21116263770742260685864
0.21118764839413853295902
0.21121531206040308759064
0.21124540048297349437156
0.21127550112371853985316
0.21126680928080807109204
0.21129405820600433152379
0.21123731971234729898335
0.21120808859396053569490
0.21118148992071680836169
0.21115704781057723082860
0.21117657336859957384334
0.21120130343211643286772
0.21122973274753895078781
0.21125923937539695107724
0.21128634020306760743502
0.21131012097572030028481
0.21130263592093062596788
0.21132578489368716856411
0.21127894769788679862899
0.21125147513683620315028
0.21122274089625753257238
0.21119593416044424305511
0.21121717289347019530510
0.21124403547028669514418
0.21127117520753582735615
0.21129524730528378984040
0.21131838232166744173668
0.21134277110540475308476
0.21133456722026042196028
0.21136252127961882574247
0.21131086810453608704208
0.21128807496509977026378
0.21126432336558287339301
0.21123793418007780209322
0.21125797005773830350428
0.21128146916265932997447
0.21130402077718826725494
0.21132714936907692759860
0.21135407112316936806273
0.21138339196328398417180
0.21137476840531910227128
0.21140397555911941140927
0.21134653155764984711062
0.21132021945367254756043
0.21129741618388134249962
0.21127605823540815399575
0.21126946172416119495985
0.21128593942748971623580
0.21129251750836047785143
0.21131384399924904582413
0.21133869529273560661231
0.21136691711800645321340
0.21139615609823128594691
0.21142297244211544215986
0.21141446590305423836043
0.21143963937071102998644
0.21138753518644021189843
0.21135921367508297974425
0.21133209700333990821441
0.21130913727818309566509
0.21130184858883982457201
0.21131831186180868864533
0.21132681176180242998974
0.21135228857686103043356
0.21137966840517960487311
0.21140655235209290796483
0.21143140837483098692928
0.21145537800717706389264
0.21144718774447260334348
0.21147186938759052199366
0.21142357322185320600560
0.21139916079483148103613
0.21137220359679484427140
0.21134630949488025786209
0.21133570944782492651015
0.21135479511919535999809
0.21136622725755088714195
0.21139128120869063454101
0.21141583525704457646732
0.21144014045702808068938
0.21146413510044487216177
0.21149024895099574616886
0.21148260329511267552327
0.21150954435309232692930
0.21145614811489338302763
0.21143237804288353420823
0.21140881832377395044276
0.21138558692955430884375
0.21137376008570726848568
0.21139127948207453444596
0.21140311804456826672016
0.21142549934353294105449
0.21144895203204991385171
0.21147452135015382124195
0.21150126437836344606147
0.21152900899502602438673
0.21152072116819783942354
0.21154686357955912456852
0.21149372798767837600131
0.21146739888114485239612
0.21144243202591730956819
0.21141998544835036155654
0.21140798306580529941634
0.21142421982671955049682
0.21143707489364652052366
0.21146059989690718650124
0.21148659844213854586137
0.21151321522591143287073
0.21153907022574608420840
0.21156470235720312156324
0.21155674308705171848821
0.21158209542299977190538
0.21153144843054322299380
0.21150580506918517653681
0.21147980444244074416105
0.21145536274799223153131
0.21144102316326801593860
0.21145843552455431679782
0.21147471146544027931213
0.21149892352294311081984
0.21152387286988111325670
0.21154870380180232358747
0.21157415941395443792494
0.21160023499660568502279
0.21159158065675090498736
0.21161907613801564376210
0.21156565092517870541045
0.21154120574245641184241
0.21151733239378731066260
0.21149318259808694286939
0.21147692419656100026870
0.21149439711964876376094
0.21151136967125408472334
0.21153374968821825330423
0.21155852981956577152367
0.21158380500336104734771
0.21161053059270390486191
0.21163752910005123597514
0.21162998610435207469394
0.21165661614901992715332
0.21160285847137991210865
0.21157575069509901299902
0.21155097074732043260781
0.21152808305316600501200
0.21151124928176820438885
0.21152716488792877580494
0.21154468350924909847421
0.21156830657010192164869
0.21159494746022200484248
0.21162190524266000224429
0.21164894831194991375867
0.21167429479431010275192
0.21166639322956715130175
0.21164095654130979373697
0.21161428957469557987636
0.21158742906574726228008
0.21156240451565033744430
0.21154334340439778783249
0.21155988241845680164488
0.21158099499645330321407
0.21160713467064704018661
0.21163390640187468294542
0.21165878706263946407162
0.21168344485455983794431
0.21167586583236011610332
0.21169987311411098129810
0.21165179903057426691326
0.21162652618050592501220
0.21160123119949889036739
0.21157806854522565043197
0.21159764357315605232124
0.21162083413225554751058
0.21164475065986762536419
0.21166842231852547873139
0.21169216018501754716929
0.21171717254491764781399
0.21170844310817552025306
0.21173462667104869794343
0.21168457317053210320346
0.21166140730064630925966
0.21163928879833321383686
0.21161652531727828674413
0.21163459691380973048958
0.21165557558067873977770
0.21167712766233406918026
0.21170077390507599512937
0.21172640604238029959916
0.21175249279902474963677
0.21174432546329666204876
0.21177138689545349503618
0.21171849959458413636959
0.21169313532653308285170
0.21167134314853996990280
0.21165111776959555367483
0.21166696083659086724538
0.21168709257404300094763
0.21171041153231431874993
0.21173664503806666203900
0.21176370269110969535298
0.21178992437389304592799
0.21178221375755529320983
0.21180918436897439027788
0.21175572023328478876714
0.21172888607472856170588
0.21170456810293997174099
0.21168263595290712220098
0.21169949501101634203870
0.21172303393164793039460
0.21174849572772119765673
0.21177484940472310337434
0.21180103492096816197865
0.21182750111275402971067
0.21181984337736639578686
0.21184615203182874387799
0.21179393157710676987016
0.21176758098237227767591
0.21174238582805696151645
0.21171824080321588468223
0.21173763408666665397639
0.21176194204031423273804
0.21178645894796899185053
0.21181251153151300914423
0.21183863487013049331509
0.21186471518516253320641
0.21185697766633504457445
0.21188255212051645970384
0.21183079036328314459503
0.21180494304501373825644
0.21178069369664495602557
0.21175744263775606035516
0.21177590263517556690154
0.21179941765051252255958
0.21182288340405006077383
0.21184891777681275071288
0.21187450958559636560175
0.21190012231181895585586
0.21189190155203649346127
0.21191687961665020556445
0.21186670942647853332907
0.21184151669843886978128
0.21181689605985784541353
0.21179397300717256458213
0.21178690818261891593011
0.21180348096356793607953
0.21181181696212317278061
0.21183497048208080326681
0.21185882332713673603664
0.21188477855690263096378
0.21190921855487981906307
0.21193460373962741405407
0.21192739300464469298646
0.21195304999951158908544
0.21190169241771139585495
0.21187656672417667924613
0.21185284213889790660978
0.21182965935861289286102
0.21182092128106413952970
0.21183827276025593566722
0.21184788248472541383194
0.21187051136504814197181
0.21189390138566616128557
0.21191933166907425678538
0.21194503662423963552541
0.21197179911027630438980
0.21196365658280957866566
0.21199024918773531900307
0.21193707165650485513275
0.21191147518595482290849
0.21188832166702439852024
0.21186552101445985107908
0.21185555257514543381347
0.21187235481611677023750
0.21188317587279686948776
0.21190555533778560048930
0.21192957778323504025586
0.21195569963885343978127
0.21198217463214755196255
0.21200823748789321410158
0.21200053721917341831293
0.21202591739522139158147
0.21197484636028607329905
0.21194765056475531328495
0.21192335257640113055366
0.21190036280203966567726
0.21188937536663848826279
0.21190588917935607171650
0.21191822641829402562585
0.21194132909152646471185
0.21196620625034623408567
0.21199266491869239725787
0.21201884324415373739292
0.21204352792799657789757
0.21203577358142600139956
0.21206165768991838693758
0.21201060809079894098339
0.21198468972997930315216
0.21196015191086636786366
0.21193586732964025953763
0.21192237203460209671313
0.21193980448075250277995
0.21195464400638616697670
0.21197858896530741290576
0.21200296092330550568050
0.21202831691317799989172
0.21205380429329170888231
0.21207950048738127835080
0.21207182335342814050172
0.21209814282341921121144
0.21204629682576506266578
0.21202075395697125848038
0.21199710344261682437583
0.21197324647987539347760
0.21195757104779669455219
0.21197528743517968230492
0.21199207068487785354804
0.21201498850830161058134
0.21203841457662844782739
0.21206436156723518227096
0.21209045593067321622271
0.21211603030485695620122
0.21210838307347518183477
0.21213316759062411653858
0.21208232073179122956219
0.21205622849108726746259
0.21203284859058879607829
0.21201014379745616866835
0.21199294829248707672242
0.21201043808219377506674
0.21202750361865163597486
0.21205058403291485169539
0.21207425093723009101865
0.21210012102088193763905
0.21212528715744466412119
0.21211762234902770130063
0.21214227314402106516766
0.21209220964202279979816
0.21206791664599092261945
0.21204505272628471068685
0.21202669753036115785072
0.21204282511996841442681
0.21206213879727084381521
0.21208572562450930809597
0.21210922126995432335228
0.21213485521200547978538
0.21215952553792774559760
0.21215167334882520377981
0.21217787057696063657275
0.21212649307692602040909
0.21210292473102951293917
0.21207983270710745182797
0.21205935103130763019763
0.21207625702908675102698
0.21209722374147280121726
0.21212051484128896516879
0.21214349613042476905278
0.21216980156926526501771
0.21219697396441944414747
0.21218877337550426376289
0.21221637947631524778735
0.21216204688621559393269
0.21213804831997762345708
0.21211444857358860427432
0.21209285077389314344565
0.21210967364643931731827
0.21213236372956556508029
0.21215580485635418539481
0.21218082607118282645331
0.21220879253023833266312
0.21223558559059410577596
0.21222754757599276986824
0.21225335296228609038849
0.21219998476899884498614
0.21217486362040396952189
0.21215045983590047340428
0.21212702842220054755273
0.21214521186763418691967
0.21216929798013758889930
0.21219373909457148186242
0.21221876715946164093651
0.21224491815409302075679
0.21226981664522817649932
0.21226145838423796097238
0.21228557456602201169993
0.21223639243470540649561
0.21221284122794314974669
0.21218798197001084715474
0.21216346532311730621601
0.21218212613488254825178
0.21220630903234308228811
0.21223015664167704796839
0.21225331420181936525893
0.21227752602709143436854
0.21230283683159137386731
0.21229526102805201803747
0.21232110237901902216606
0.21226953555667649187200
0.21224692962408620022785
0.21222389467551913688759
0.21220036239558373591940
0.21221824694764632179833
0.21224088580113575908115
0.21226324129622947678442
0.21228652506248771314468
0.21231352430917707629909
0.21234122710559871771707
0.21233287209842324760878
0.21236019954572718515529
0.21230516642348581934918
0.21228085543478950047991
0.21225769294805504894263
0.21223525013468719224718
0.21225213586520247366352
0.21227521054752912510466
0.21229945698192179137642
0.21232468921170416509270
0.21235240717997377890569
0.21237864659961439017799
0.21237047662284005977718
0.21239570904552432240031
0.21234449380754985559072
0.21231902669680591255741
0.21229359670379124858108
0.21226926723950820252718
0.21228811833270583298017
0.21231269244963280051763
0.21233802402207385684463
0.21236210164639102160322
0.21238793112181469924238
0.21241241636647109625180
0.21240398492174938915866
0.21243018125993282096964
0.21237900095962389257487
0.21235582428652605146979
0.21233211930984441373482
0.21230699733717928179288
0.21229934003578335155460
0.21231813852026407141160
0.21232609534389107475150
0.21234976217660120334507
0.21237283491287062275887
0.21239519816780141892032
0.21242131632659813633701
0.21244834540792215116234
0.21243992705551906219341
0.21246742769004539619360
0.21241267474099886913841
0.21238895142968489127000
0.21236638569949456423203
0.21234361242181687412511
0.21233505656638165803862
0.21235164214043950048350
0.21236013072085793695898
0.21238213321611856820859
0.21240586303886543895203
0.21243126507403498060000
0.21245951631671622372721
0.21248595982575063656483
0.21247826540337683143278
0.21250310318319212687932
0.21245084419381393692206
0.21242454955096284896499
0.21239939809329549946781
0.21237665064328789532588
0.21236742045300627257376
0.21238296358524591522787
0.21239341333497505082128
0.21241848774908017594143
0.21244434403455156323837
0.21246978224784929256685
0.21249545616828016680877
0.21251949046433932233313
0.21251127308250045144788
0.21253528572118493555898
0.21248745985690309368010
0.21246427846137344586097
0.21243815911535671170363
0.21241201101774231929653
0.21239980985603329477485
0.21241840799488703739328
0.21243194801638540236688
0.21245765520957637928490
0.21248138724581019931570
0.21250351101940248566002
0.21252717792674427621513
0.21255284436766547218056
0.21254426060611930626720
0.21257142973115863981981
0.21251847791272829302223
0.21249723759485114604750
0.21247534713975260722840
0.21245180230884036509664
0.21243810530794790536468
0.21245629863042261864514
0.21247029376033660375001
0.21249123161748492694123
0.21251183384094862738323
0.21253520190684876967069
0.21256301599096902310571
0.21259111597514676605947
0.21258270876769622126368
0.21260950054141039555766
0.21255373361788659769545
0.21252869620388256666210
0.21250640588589134183373
0.21248576777734157206012
0.21247297089347616516619
0.21248735457208428600850
0.21250043610780422476125
0.21252200292611977960888
0.21254735902564336758047
0.21257418810185696456116
0.21260148122247365942705
0.21259364315681067436614
0.21261850731102474587608
0.21256716123315724797926
0.21254026641497802962988
0.21251579841196954756555
0.21250131347238529477828
0.21251617755080973171111
0.21253415241879469732567
0.21256009274089415761466
0.21258694824074061968666
0.21261047094507981580769
0.21263367333363686340064
0.21262556891278613924179
0.21264776949048183607438
0.21260415812929642220830
0.21258043342908661266222
0.21255411097729726144223
0.21253397118664124620935
0.21255312205551027404660
0.21257394200342530354852
0.21259825210478680568293
0.21261927513081693708052
0.21263916768824581149389
0.21266278056759702064227
0.21265404819076313969184
0.21267770549777406663416
0.21263307477258081013005
0.21261292523291869249746
0.21259174272014730311398
0.21257223078321998976925
0.21258941536321343535043
0.21260708861988161788581
0.21262647229308709317941
0.21264726809477391133996
0.21266969292124401902377
0.21269366318407603722029
0.21268551593024004331411
0.21270962584759736668794
0.21266316728534154223418
0.21264096023113457367693
0.21262103546849872581781
0.21260399552619521634789
0.21261713069227999861610
0.21263546720709611270728
0.21265710806171386759722
0.21267944007548392204576
0.21270154153856810075318
0.21272810716083981330549
0.21271865826077709926700
0.21274984463803936485249
0.21269507376439497625675
0.21267346140646647967287
0.21265132866274377709814
0.21263100417340621839379
0.21264759942976232953704
0.21266758029490315240473
0.21268842230185711072998
0.21271116187086805404682
0.21273958753073626826158
0.21276585209366724593671
0.21275927253414059214798
0.21273077593707251375932
0.21270328200006338725814
0.21268292319499004783268
0.21266407067483350523673
0.21267843037727840460605
0.21269672085879953726817
0.21272237137765256931310
0.21275256657210014910042
0.21275215976672132156544
0.21275622141063540992967
0.21274556079412973441656
0.21271399993414627505040
0.21269111094230966352292
0.21270687245834757339580
0.21273845858948883802420
0.21275767005963427958015
0.21270423169001123619992
0.21275706968304411437209
0.21273255939624635679763
0.21275641380421903003928
0.21271915142847125368419
0.21250733027969556654391
0.21273018104772772884914
0.21262664289716035059818
0.21253564122219240073441
0.21222595284554332528693
0.21068308845156669129040
0.21065701026277300345058
0.21102869216658348694438
0.21100844617335806630010
0.21113185883930821185039
0.21098002941307458790732
0.21112095711174119760933
0.21115105136362394278038
0.21114514192364836064897
0.21115811372443152316158
0.21110644191462435426132
0.21094575010854005325811
0.21108888248342910776145
0.21113740010397130664188
0.21115384652441382407062
0.21117480823707929227240
0.21116929960322447512588
0.21119702675384266488123
0.21114808440524424071327
0.21113007223677646151394
0.21106848197937913558242
0.21104355996416521157322
0.21112126439136458255774
0.21114376324100067594536
0.21116366470847183767212
0.21119097909355633024830
0.21121807862824826251824
0.21121178517759978121582
0.21118433061676564199693
0.21115806830033065355501
0.21113848579683155981535
0.21111068118689599315552
0.21110273632125386988889
0.21113270040252951620374
0.21115240769790316610610
0.21117741457361596801867
0.21120413484306904683407
0.21123043652560863359113
0.21122266915662987751823
0.21124815353896683745027
0.21119704968598085326192
0.21117070266215207108296
0.21114670051965567232344
0.21112722835964597978275
0.21114095809300681416687
0.21116340466761332472778
0.21119014133781657815980
0.21121582181439566006098
0.21124081309503850434339
0.21126873166173085194508
0.21126142790382221314793
0.21129048237958625300337
0.21123428357121565301924
0.21120882685838443526549
0.21118243886787074758971
0.21115658972441803120645
0.21117549014454425893028
0.21120170183065123392652
0.21122728426596951156746
0.21125423978353621845550
0.21128336853239718107211
0.21131235025784547709726
0.21130473431414906193559
0.21133083870280322535962
0.21127623278293850006548
0.21124771558274740845818
0.21122059616533186976461
0.21119446277239994902430
0.21121403211832454061003
0.21124045057519147405856
0.21126934994084001218084
0.21129813752467996312845
0.21132422329225952761789
0.21134683176248469926861
0.21134047663020702478853
0.21136242586631615036907
0.21131782862629946984079
0.21129108074972491326804
0.21126192877301142036828
0.21123343527956617293739
0.21125471837587697643279
0.21128326438290992439484
0.21131076770925735774931
0.21133410795646412339011
0.21135617940891252009017
0.21137934177405220959045
0.21137232050570051167249
0.21139902038851141052866
0.21134970825531851357226
0.21132765505323508614666
0.21130359267005249801485
0.21127552048702741283037
0.21129559640439360412856
0.21132077803754595324293
0.21134358762579724677622
0.21136596802354967739035
0.21139178151514551040613
0.21141981872437343170645
0.21141243700180817333134
0.21144033008437523868395
0.21138532823118297288012
0.21135977174550452106772
0.21133676240131138435174
0.21131372224091993228257
0.21130643138878363318511
0.21132287090616488911543
0.21133021963889250804947
0.21135322714260942889020
0.21137823267219427170183
0.21140568970674011861632
0.21143378249739328000878
0.21145925412805655074777
0.21145204870500344807027
0.21147584646282752141033
0.21142628208425820468541
0.21139873671682471445443
0.21137151801410211660048
0.21134687574954738598088
0.21133874284935533216512
0.21135516851440985797161
0.21136458660095727712935
0.21139174714561251300360
0.21141917694753914469530
0.21144527237027985200335
0.21146894719656258998519
0.21149150912543226987772
0.21148468361333888632103
0.21150792458339873203244
0.21146226583445024149732
0.21143865466284628151783
0.21141169716934277156284
0.21138411673322299311195
0.21137252986150328881720
0.21139158306107755369574
0.21140406858428051339871
0.21143080977181588631097
0.21145531215174928618694
0.21147880311096176053631
0.21150158792359818882289
0.21152622863396719488094
0.21152001236360273850323
0.21154544800868874121491
0.21149477870905436516225
0.21147183687327200662942
0.21144838131678089787613
0.21142346122960573029381
0.21141051779759889583943
0.21142800880132581187176
0.21144102471143988442037
0.21146509651474662550008
0.21148839446724754242979
0.21151311998370092570809
0.21153862904972520198044
0.21156483526312902521127
0.21155804220689780614784
0.21158261177327691848760
0.21153229419827290769263
0.21150682495377004510573
0.21148206158161736434309
0.21145792027971668791686
0.21144468607020433514876
0.21146090184167362635570
0.21147504005983866481877
0.21150026051047993158605
0.21152600613722061240196
0.21155174732412701521511
0.21157634798088989502851
0.21160037287688870932811
0.21159397640320865008334
0.21161768804733241400307
0.21156994406576073997073
0.21154519413703484764788
0.21151949546175558003469
0.21149335677954650414279
0.21147768955644741240008
0.21149508995585236670323
0.21151273548044383088218
0.21153864556921869732875
0.21156324483200553143725
0.21158716162815430217314
0.21161134702132392004792
0.21163574864191642133093
0.21162872301078347603287
0.21165451018551489914543
0.21160407016916346623070
0.21158055989550308972902
0.21155708327159725157252
0.21153123299895337794396
0.21151357095160702725956
0.21153104142392487041491
0.21154944699135200258944
0.21157352721347766344451
0.21159786524855336842244
0.21162218541310831576574
0.21164762860316457815379
0.21167288376023041251983
0.21166703898058902844070
0.21169189191468557043052
0.21164119757397517607167
0.21161506676569338813998
0.21159077404463141891533
0.21156618604642049574771
0.21154789723084885255666
0.21156382083005417782395
0.21158281338811901761687
0.21160813570889819290599
0.21163424462017621507925
0.21166020135067756258174
0.21168595496881312256754
0.21170949060909363681482
0.21170335295215131354851
0.21167920951589941358506
0.21165356854365283134634
0.21162728378496337144909
0.21160055857948278923431
0.21158001201187498496736
0.21159656930759151993726
0.21161917354790843459611
0.21164701310869529771175
0.21167316688200765728567
0.21169699618311532685055
0.21172035795778818001445
0.21171402909616279797156
0.21173673935726680661595
0.21169103936799410492497
0.21166642636834670510027
0.21163943332334403391037
0.21161478007507950049870
0.21163438571897419393508
0.21165906126822034427626
0.21168467219641820542542
0.21170764178235360053471
0.21173027586127629584567
0.21175399086024121464433
0.21174651026103119555444
0.21177139578839193623239
0.21172377266942901674618
0.21170135015507210440866
0.21167753960804300272791
0.21165330111563765425053
0.21167141679171444512697
0.21169384863865761681190
0.21171708890517695889066
0.21173995327450712000683
0.21176442479099608084958
0.21178921312280454825050
0.21178229518166949429947
0.21180805882665984518631
0.21175765858027914556594
0.21173311314065185184674
0.21170963692604438666223
0.21168798824860807217263
0.21170388231815118196266
0.21172540944423257069928
0.21175040559762681180445
0.21177578209351435867269
0.21180162113914072219423
0.21182654661518457439584
0.21182007968552091226044
0.21184575560687105011404
0.21179483685818528693190
0.21176889627188444364947
0.21174290658257971520229
0.21171960782128002032110
0.21173651642983853937707
0.21176139222043202647860
0.21178852090089470006085
0.21181394589717403298401
0.21183884852004028487293
0.21186402102622234333573
0.21185760417311022552056
0.21188262081518688395576
0.21183300675465444040668
0.21180761922390917151304
0.21178076261576522787422
0.21175531229712063474580
0.21177475740737491949339
0.21180033844836146372792
0.21182650859901686057896
0.21185156415352432435206
0.21187634090338475223447
0.21190113207105529258278
0.21189462768414682458662
0.21191891553984940066435
0.21186982098361792359320
0.21184500398232136708643
0.21181910772480658233796
0.21179461705379637459501
0.21181312708185159876528
0.21183784945730549376108
0.21186295539758007167030
0.21188792614211179876627
0.21191210320482012363641
0.21193643127738862053100
0.21192943889198204154845
0.21195313403685717146274
0.21190569525308117215801
0.21188159720845725630944
0.21185534313255968696943
0.21183124684963502981638
0.21182421134575274423995
0.21184084607560471624765
0.21184914123386103246283
0.21187343274189193720325
0.21189891029713825432168
0.21192374094155000396889
0.21194669844941954606199
0.21197080349159805323644
0.21196481374311229584073
0.21198919378700858962006
0.21194063051545938836107
0.21191666001814798980796
0.21189131914468617434721
0.21186703433220804848602
0.21185834750914944724087
0.21187575813924530709897
0.21188530733340946166088
0.21190900403392343154252
0.21193400049384955585730
0.21195824542256469502632
0.21198239784378683503441
0.21200788565525288675850
0.21200095863521217776082
0.21202627820546374182165
0.21197596193306406098245
0.21195157832272923381645
0.21192682638646315185227
0.21190299451067826086437
0.21189309373253228940825
0.21190995096793704965954
0.21192069881523636909471
0.21194407228030129330953
0.21196968309989713818986
0.21199456570747313155501
0.21201941685253444802584
0.21204420893621903076998
0.21203771776816437988344
0.21206183017498880793994
0.21201368683431837114384
0.21198775641975195482836
0.21196188141809649274627
0.21193793604118091322697
0.21192702328108040110699
0.21194358404472068979629
0.21195584969890771120937
0.21197987064030252013502
0.21200631319777060723730
0.21203147996037030598160
0.21205596123590789159330
0.21207938041089074987511
0.21207282893200585238702
0.21209744925323711917109
0.21204939810390946441920
0.21202479675230220812487
0.21199870343229615388125
0.21197353893072340413894
0.21196010917560181852082
0.21197758010981418430596
0.21199236496458281897581
0.21201714990489931023099
0.21204306543889789304913
0.21206708108453206640398
0.21209079756157547813622
0.21211523122302539112738
0.21210875297664583127855
0.21213381226863414763528
0.21208503348730298188052
0.21206085419902184763252
0.21203567327031738742882
0.21201101794286866808470
0.21199538140558921162082
0.21201312561312740667674
0.21202989233816368908059
0.21205356800242067261131
0.21207851112892475708982
0.21210307085248047975767
0.21212732066881384573875
0.21215163671122516664269
0.21214518261853801406325
0.21216870975213986127983
0.21212100279768519861534
0.21209632006656359282104
0.21207143614483225935174
0.21204801382425630951190
0.21203080779834107549853
0.21204831259317191705094
0.21206542165559924550955
0.21208917888205092161513
0.21211433516168207158437
0.21213877578223605535612
0.21216202204720585600128
0.21215624874698441049148
0.21217894244669621706123
0.21213228466412817341258
0.21210651848042869072053
0.21208301986486685630773
0.21206458240738046416851
0.21208071391327559807038
0.21210015501892973133202
0.21212433501965857751692
0.21214928617138092969974
0.21217345206090751363881
0.21219612781782426491617
0.21219024083415533032948
0.21221440573445074506687
0.21216654732429623964052
0.21214154083113836990471
0.21211789715750409279771
0.21209723622732584713546
0.21211413314837185284389
0.21213533483671748181010
0.21215913722320545176103
0.21218353806361861524366
0.21220834072811220472055
0.21223344234610452829770
0.21222728295584938895679
0.21225278091849617001508
0.21220207439459090603684
0.21217667527139905114808
0.21215260777264990932345
0.21213071226373531041887
0.21214751570746129272216
0.21217057110178508261278
0.21219443709763874394980
0.21222083781572156913064
0.21224727151209393793962
0.21227191894263136573429
0.21226599533282194953721
0.21228961720744418673057
0.21223998081953765471042
0.21221350231765381821880
0.21218871564999566836640
0.21216483385292567165337
0.21218305296371120505228
0.21220760057478565974165
0.21223238282382350661237
0.21225874635522326561166
0.21228333521822953522395
0.21230601190987952175959
0.21229984408829416508979
0.21232170090455892985659
0.21227635216188495137501
0.21225148839648300125305
0.21222633098040807886342
0.21220134112288613348341
0.21222003747363851755559
0.21224470412336324254277
0.21226880761785643647599
0.21229325272542715064006
0.21231587846895741411579
0.21233889386962603862408
0.21233357967416460754251
0.21235708906247835470182
0.21230945213526711268237
0.21228558514877129970166
0.21226233619807777230903
0.21223830616801153681195
0.21225622299726157327093
0.21227937038801014679734
0.21230190040737426104833
0.21232641926028922307879
0.21235180983598492265862
0.21237714406278618284318
0.21237112492753870696127
0.21239604721419574895336
0.21234503696538337136346
0.21231951749541441709646
0.21229622000940670534241
0.21227325638763491766348
0.21229017419354223594752
0.21231378043063831029258
0.21233812220815803661900
0.21236453354290490969092
0.21239062511315534576006
0.21241442457753326178427
0.21240865841832073934725
0.21243141607832893846819
0.21238431131083407299442
0.21235769552918953850806
0.21233220908638669732760
0.21230733499267301356284
0.21232621494147577156930
0.21235134532131427764767
0.21237669662391331359963
0.21240189208194965031495
0.21242607700904625467331
0.21244805209256301115062
0.21244209481860293342592
0.21246574650095251257653
0.21241876194474393346745
0.21239449969978646537427
0.21237081190034029498648
0.21234512051106244068244
0.21233668817195719413782
0.21235543241609131093206
0.21236424727255667765924
0.21238849346965910092067
0.21241151146099590540928
0.21243492785490125651648
0.21245938887675863693261
0.21248384055758487432009
0.21247796109498393035686
0.21250285214712899550804
0.21245237268294464572094
0.21242762963272240894774
0.21240515492490780191659
0.21238179055026837338538
0.21237229677798624694063
0.21238882812872264538306
0.21239833444798372763529
0.21242093925653091068817
0.21244454426730663421097
0.21247093040438436162276
0.21249751156840768206990
0.21252131278794827995426
0.21251622186136026604331
0.21253838487936740908602
0.21249047646982530124227
0.21246323238963094048870
0.21243824016850584857075
0.21241487736885905635020
0.21240455321070267347139
0.21242004679309695047706
0.21243166473377644853926
0.21245736386585697963447
0.21248302799195126211451
0.21250938025801907604873
0.21253337306226963154820
0.21255470145370355949943
0.21254914837876784372561
0.21257042558190919478989
0.21252702083265820331981
0.21250296359463094475473
0.21247706945784100573960
0.21245028628353221367142
0.21243684722698824574039
0.21245540153442288300312
0.21247024770508809998759
0.21249659949758328836289
0.21252007394069830081840
0.21254303412268427120324
0.21256501042227046727184
0.21258791249828482006201
0.21258205063902160802947
0.21260642633857576577761
0.21255796308747354483870
0.21253592527634784792312
0.21251432264371203362252
0.21249012329898173123688
0.21247505888947457175497
0.21249321624984388034996
0.21250863679863754573951
0.21253023628570508196667
0.21255052178500807857908
0.21257464797423006319654
0.21260076370511124532747
0.21262604206394172812189
0.21262041300175632541070
0.21264435604510475985585
0.21259313826412323811255
0.21256738313389964001310
0.21254543896566935323733
0.21252413220176685770824
0.21250985804826591496486
0.21252421405291530009940
0.21253882217212866079237
0.21256106449463921248544
0.21258604680329348801671
0.21261355095488071453858
0.21263914014443607847227
0.21263296424888711300127
0.21265612033884748188761
0.21260585062014780710626
0.21257935547066586501330
0.21255420308689348951603
0.21253814835822978923652
0.21255299369697572275939
0.21257257700419035506556
0.21259920705628934656239
0.21262563781539281504429
0.21264974869434383197841
0.21267124041676663259715
0.21266480084855426957446
0.21268528941460226877602
0.21264284594378721204855
0.21261957219222774040368
0.21259255609528401875785
0.21257077438744428898865
0.21258991712809591212441
0.21261240805495043582063
0.21263741498698346399365
0.21265796222423591355088
0.21267835250795760759779
0.21270025153597146849727
0.21269318584933297189288
0.21271512700216535507458
0.21267176096056550349545
0.21265211065002495582910
0.21263022740261394716299
0.21260902058211625376138
0.21262620409831928247613
0.21264559137069441452361
0.21266567745380929310706
0.21268595261202935531308
0.21270878318918928773229
0.21273103545408314496434
0.21272455728890465875836
0.21274694778117214655211
0.21270184961911689502934
0.21268018350662715176824
0.21265955633644845201857
0.21264078759331092594032
0.21265392892135576152768
0.21267400792310395263307
0.21269634950183058386131
0.21271812045818569436584
0.21274053221305599947755
0.21276537806279763320738
0.21275759780157743605855
0.21278706371802946772931
0.21273375224349339029928
0.21271272032794605322259
0.21268988857851395257725
0.21266781857286984336319
0.21268447423183556299620
0.21270615910250834090789
0.21272769607187611007326
0.21274983905224359448383
0.21277847750497361212219
0.21280301829314554606931
0.21279811041923776815388
0.21276945138733718843049
0.21274256912690109322384
0.21272152004015495996292
0.21270100610340164637435
0.21271542726607389761639
0.21273533629634172603673
0.21276167108169297126352
0.21279123951955394855595
0.21279093956621278338481
0.21279488925408399091488
0.21278487395058759412692
0.21275263437131664012725
0.21272816657287710317981
0.21274398673406536008912
0.21277711252554742937804
0.21279699310617208873886
0.21274355001094155670494
0.21279574062293038494431
0.21276973357846742929134
0.21279364852449819678348
0.21275782974620607856941
0.21254598526916215761595
0.21276746623942063840751
0.21266355983797508022448
0.21257294591789102633506
0.21226280973971403676082
