0.63263567826743660749145
0.63268364402544607916212
0.63281699339070840437671
0.63282893123173900029599
0.63287288940342889542734
0.63283612929041077599379
0.63288334871664708725092
0.63289246462244774793504
0.63290721472636291000669
0.63291023340575847111467
0.63289641076085201287782
0.63284599048320888670105
0.63290984560696406102664
0.63292254599218844557385
0.63292623933581160233786
0.63293308697114225580549
0.63294718621205825481724
0.63295766184449397950829
0.63294099075826715239401
0.63293788805893846927120
0.63292011791997193626003
0.63293250119315003221487
0.63295218711707745828932
0.63295696297809322938832
0.63296102135478626848908
0.63296982088528708221276
0.63298070806635775564786
0.63299197328721623634351
0.63298337679034100133890
0.63297715966581591384710
0.63297323223586698937027
0.63297010883313431506281
0.63299234995058217823072
0.63299343261587426301418
0.63299414070909920670971
0.63299974940861469807629
0.63300613869463429050910
0.63301379915846389678791
0.63302842451370555654222
0.63303576551830653684760
0.63302266887416158702706
0.63301649551354632894373
0.63301429737160974653420
0.63301696359455494889090
0.63303765753166640894989
0.63303574668596762631267
0.63303896396969849824643
0.63304483298536873281392
0.63305057368155204233773
0.63305850461516288696373
0.63307289324979898470502
0.63308149783057299231359
0.63306641389981521683694
0.63306075537638839545451
0.63305755933722129835672
0.63305834384822268212645
0.63307981292659987193616
0.63307908465867435143792
0.63308196020622575783676
0.63308810276997251609288
0.63309534976496595337636
0.63310399115518090074062
0.63311750075297101858496
0.63312529593930988447426
0.63311030480756802507614
0.63310375762003157085189
0.63310039303768839147324
0.63310144132400891781032
0.63312319601330580010057
0.63312229110136197807179
0.63312620474776482026869
0.63313279913205544602306
0.63313922692965840521850
0.63314592433811101024332
0.63316021410575074046534
0.63316657843953361162193
0.63315491787045630189823
0.63314908289682858555381
0.63314488379225974945541
0.63314509028703436221974
0.63316750099507013160860
0.63316770599333105362660
0.63317149598612232352934
0.63317621025990977745579
0.63318136210260123064586
0.63318810673841519065519
0.63320288709656646908286
0.63321077504009681824471
0.63319752235215187585737
0.63319302815373623705142
0.63319010300370592858599
0.63318987399105663982368
0.63321207307545435138962
0.63321149324759595788947
0.63321408401914902608354
0.63321875739180477626888
0.63322539040345060534776
0.63323382737825328892001
0.63324801226604165993450
0.63325637522222466557764
0.63324080199111498767905
0.63323512039153873054431
0.63323235163068603004177
0.63323370033932779854524
0.63323518272434875520105
0.63325675649431900637865
0.63325482874496696883426
0.63325346828639450524889
0.63325695728653419447340
0.63326314314135667693506
0.63327063592277210712922
0.63327816980968165694321
0.63329215876347688674031
0.63329899650295617963280
0.63328551830748314177555
0.63327930720357972216306
0.63327518313175845676710
0.63327601820397916299044
0.63327818941057423263175
0.63329978179418178196869
0.63329767095721067882153
0.63329756652330715382959
0.63330178811875248445773
0.63330729360724669074756
0.63331326640319862697481
0.63331960393056885294527
0.63333402328529775360266
0.63334060844065143136561
0.63332861067002454991126
0.63332382356887761964970
0.63331986534398976296245
0.63331982452857527032819
0.63332153778600730476001
0.63334366337703240645851
0.63334189373316329696451
0.63334169150392272129579
0.63334511052588948754050
0.63334969680945674141981
0.63335533188736237164562
0.63336245335354490748614
0.63337729547641585803319
0.63338474562748181551086
0.63337084772971574686551
0.63336627543500967352230
0.63336300845665349790181
0.63336366921040254673869
0.63336571578219169609270
0.63338719974590873551534
0.63338477069425103138656
0.63338392480774619031081
0.63338732656474361348842
0.63339264754072210905633
0.63339943510220364508712
0.63340708174265680785453
0.63342170437408773508992
0.63342890456913480967671
0.63341476983753486340589
0.63340902322744307983982
0.63340511628041662461897
0.63340575362610529452922
0.63340852959633164864783
0.63342993264999014613181
0.63342697870617536981541
0.63342675330653297471883
0.63343117361184542168928
0.63343679626842885888038
0.63344344569427391000715
0.63345054903041453364665
0.63346496145205100081199
0.63347192662160989318210
0.63345872379757195425043
0.63345336144175323767058
0.63344900654225677616438
0.63344895716833826693204
0.63345165136464121058424
0.63347380564269251124188
0.63347127379055812035347
0.63347129381686495541715
0.63347528407887421231237
0.63348025482103731409467
0.63348653061431647870450
0.63349358995882332212801
0.63350813035435227238423
0.63351547858867884865930
0.63350181540455408057966
0.63349700257166474681725
0.63349323801309709303098
0.63349342202160230375085
0.63349622689619444759757
0.63351812528304174421123
0.63351514790957408340688
0.63351457288757673236290
0.63351861626248118231075
0.63352366090600908954400
0.63353020199445930771276
0.63353747535910420740635
0.63355247921334889582567
0.63355949801682098776467
0.63354567003217998610864
0.63354006002974438960251
0.63353582192321000743362
0.63353630698887664074448
0.63353962587690570984478
0.63356057367766949184329
0.63355711015903271032812
0.63355709971895679544218
0.63356195316798691319349
0.63356765299364881105504
0.63357429543398757765260
0.63358118646058803058452
0.63359584226352472224875
0.63358949458764302065106
0.63358389238799628362386
0.63357873241332562930239
0.63357833267988228342915
0.63358152890429231263170
0.63360280648477029785681
0.63359995638880839408102
0.63360076717442426197380
0.63360592728960352104650
0.63361100259644054233377
0.63361709481024985901598
0.63363243697245774654903
0.63363827944617523435511
0.63362756696399324951585
0.63362292517874363451114
0.63362232637259952028330
0.63362484910470495691470
0.63364745238290032247619
0.63364463960728156788349
0.63364482460542626007793
0.63364911236963650242870
0.63365362978647610248117
0.63365982464776227089942
0.63367523887020937856107
0.63368157097619726147997
0.63367048572210094015134
0.63366636800954301289579
0.63366672368838206086394
0.63366993492081347127964
0.63369191221970078142789
0.63368812959995046707462
0.63368750068873691549953
0.63369197489730844097267
0.63369734832110469202604
0.63370372037513755802962
0.63371930603646486890312
0.63372601194414324154991
0.63371395317117285017616
0.63370882373007120236252
0.63370923092805109266834
0.63371307540568977412221
0.63373381631736647179309
0.63372999732151824581194
0.63373022130982403776756
0.63373570021943825825161
0.63374152860328891723185
0.63374802707722732719731
0.63376345957936797148591
0.63376999630927366435884
0.63375767927217929731398
0.63375190935767478084273
0.63375120020249742225360
0.63375443536230691154998
0.63377553124182883781401
0.63377284686873847086019
0.63377386622564280127534
0.63377955481294290240868
0.63378521759207651076196
0.63379165656550906504663
0.63380693948629485134916
0.63381335971247387828242
0.63380128457872553227048
0.63379561101262815725477
0.63379483158103600004551
0.63379717718464800846334
0.63381919885139237358374
0.63381692271878020683573
0.63381749877645743307397
0.63382317342915284186233
0.63382883779860133000028
0.63383509807442039996062
0.63385076477989810150859
0.63385680126262744504828
0.63384511776907170865769
0.63383938732831157647496
0.63383887858495213674104
0.63384133388993502133957
0.63386319026591453340558
0.63386083248938063228195
0.63386116765537592332436
0.63386702489304636021217
0.63387259566535492094630
0.63387855784395863434355
0.63389446490883405438410
0.63390025413261652520447
0.63388903648943595303678
0.63388325133118983423230
0.63388246387348667898465
0.63388476663551818202080
0.63388539586494085931179
0.63390678356251906055974
0.63390615253125681682889
0.63390419348124193987815
0.63390486029413883883876
0.63391091536828525487834
0.63391628149139656045463
0.63392226953088115504187
0.63393829522358657868608
0.63394429443829825032708
0.63393248590707229617180
0.63392642486338601770512
0.63392576969055958180377
0.63392760918029544825458
0.63392815078324249444819
0.63394968581498123416651
0.63394911604265213878051
0.63394717103982156647390
0.63394783933719223156800
0.63395404011447231695797
0.63395987934782449535476
0.63396628734986937292462
0.63398179249219410724692
0.63398806394809492648079
0.63397553854043831034204
0.63396932590955423769685
0.63396878177898019490755
0.63397062016314964516539
0.63397116250284302196860
0.63399268100503924916467
0.63399203306785423261971
0.63399018398343576219389
0.63399081954508795799796
0.63399735473009621866680
0.63400351840822122273522
0.63400960694768793146636
0.63402535884029409540830
0.63403104794084375051000
0.63401945895357170179807
0.63401261390845053966814
0.63401180717545779774724
0.63401332493415751834220
0.63401417932707093694233
0.63403544184502080849342
0.63403489673158175410350
0.63403342989914623917258
0.63403446130940366298745
0.63404124113303317322732
0.63404718825545502980390
0.63405263348322737915197
0.63406876342296447646163
0.63407439818455657576379
0.63406286668065059419774
0.63405631302683562733336
0.63405528429098112486173
0.63405625967332246428754
0.63405664546467599418378
0.63407782662499856396465
0.63407773889122964749987
0.63407692135740734151739
0.63407791862335305399512
0.63408459761003510557487
0.63409047314801247896554
0.63409631441979952271026
0.63411236810655902118583
0.63411832831253867048815
0.63410615812384563128035
0.63409928134326365434248
0.63409841646000719705967
0.63409914258757615890261
0.63409922245041594468518
0.63412039589291402386095
0.63412059401900366939486
0.63411978710385208390932
0.63412062003022828804433
0.63412775770936180563808
0.63413419105318180601927
0.63414006500399300314541
0.63415590075366545796953
0.63416142733132629949466
0.63414934317461379986725
0.63414196182099824561362
0.63414111891577251700625
0.63414177132538762649006
0.63414189119223729473873
0.63416325423638075786670
0.63416309160064388006361
0.63416255798829257450677
0.63416356432378639951253
0.63417086489037810537184
0.63417724419991572393229
0.63419245941385360421094
0.63419856347363057214039
0.63418516117297407674869
0.63418399547937986948654
0.63418452428362925843430
0.63418454252455325192983
0.63420579675246757656026
0.63420578674332028779048
0.63420564541113977341524
0.63420669878996660528969
0.63421397426345482717380
0.63422006690554910690594
0.63423536998310237056131
0.63424197152198680260682
0.63422817030236600110982
0.63422718367248753779108
0.63422730443622610252419
0.63422697838340935660995
0.63424821791954555383342
0.63424844953060921515231
0.63424857194372796787007
0.63424954648258291545204
0.63425713695281837889439
0.63426417532781997898894
0.63427902924892909375387
0.63428629111557610631422
0.63427100978770101225024
0.63426984653187368223826
0.63426940409478826943257
0.63426925990992255588452
0.63429009697620253316330
0.63429042182589112641722
0.63429087756610191828344
0.63429250053466934566870
0.63430105047525564554434
0.63430821883147125994640
0.63432248052817252759183
0.63432945731378609366402
0.63431406927414846208535
0.63431228765937985869527
0.63431157692052597685262
0.63431124973505847997046
0.63433223599025134742391
0.63433281033121335923397
0.63433382515181790939351
0.63433550141639050146125
0.63434361009367434824924
0.63435026175388065095007
0.63436460246035220045258
0.63437116266081083892914
0.63435686099072241539432
0.63435538379473177528212
0.63435420928686692132459
0.63435351139428231004302
0.63437486660634401225423
0.63437561326954228224650
0.63437657312861683855942
0.63437782865352887462507
0.63438558797108035580692
0.63439253073815560224347
0.63440716943619157586198
0.63441450967155343931836
0.63439905144860841978982
0.63439778088426501678754
0.63439684254879047387021
0.63439618150071008795265
0.63441724118275266697253
0.63441777073910277096047
0.63441881207273487230935
0.63442044934303509773343
0.63442910399639007579253
0.63443696808757243932320
0.63445134214165943564723
0.63445915425490739814052
0.63444218191252799154967
0.63444014501572509878713
0.63443870993075468511790
0.63443819451637739614824
0.63445885116529021630072
0.63445972216320889458530
0.63446158832377341774134
0.63446405993341725704227
0.63447326295896389058981
0.63448086538766890196683
0.63449457038279777343348
0.63450185613122123129415
0.63448592889204458167285
0.63448332114486627464345
0.63448099634405630276035
0.63447976357583524276151
0.63450107158201896062621
0.63450252211310875782857
0.63450482945530728429162
0.63450684506607746282469
0.63451549136250817717553
0.63452262245116275440893
0.63453599625439749409850
0.63454361885414078958689
0.63452770318507334401659
0.63452579222434168926270
0.63452404993030875335336
0.63452256052698141619572
0.63452355366280888127051
0.63454514785907800700215
0.63454388879018264191245
0.63454501421320674836579
0.63454663143184775186967
0.63454827533325774968631
0.63455695235272591148146
0.63456492449674906097812
0.63457846736844425450386
0.63458669491184538369311
0.63456922748806399159349
0.63456720258862764350027
0.63456558983440802812481
0.63456474281964103667519
0.63456596322665370646376
0.63458665875414588253278
0.63458500975793419307536
0.63458572922528078130711
0.63458793719940920219358
0.63459082429859992036114
0.63460044048622576973173
0.63460842605094935908738
0.63462222483509622694697
0.63462980853106132350661
0.63461271911582384230854
0.63460933742560121650911
0.63460652063259737065692
0.63460521037967243529465
0.63460695779379594494429
0.63462723002205434497114
0.63462562665369881553801
0.63462777052171670533198
0.63463108584272354129041
0.63463433568201987888813
0.63464350800558200216273
0.63465084917890224325276
0.63466418176804562101267
0.63467164754113403191127
0.63465558575017599896029
0.63465280169036730750776
0.63464943449354116467021
0.63464680964651631889240
0.63464814706697136870162
0.63466996860642210798176
0.63466871566362625944890
0.63467103668202307087398
0.63467380998636857558637
0.63467617245592267138932
0.63468473510414002980440
0.63469276041777067387528
0.63470558157630663220772
0.63471417201587432277421
0.63469643490936433760652
0.63469438265963518119861
0.63469234189871159834695
0.63469056278203073162558
0.63469209738265586207007
0.63471379203696765003428
0.63471191662978265757289
0.63471284084797396918276
0.63471450028366327433815
0.63471723162402404749827
0.63472698130400329041834
0.63473571360164748877963
0.63474868642554371778175
0.63475688559420917478349
0.63473860115040525720076
0.63473523431905887193238
0.63473288168360819661018
0.63473213013867213483366
0.63473463695684351204562
0.63475447809089935446991
0.63475164279029638869645
0.63475281623865442703902
0.63475633317615631767694
0.63476044885093840797197
0.63476997218289821223181
0.63478169854077426403904
0.63479060347499383087921
0.63477757051884653449747
0.63477342767184419258797
0.63477119446658702983655
0.63477371777744950875899
0.63479337673934044250501
0.63479164916564934095788
0.63479434934371981036350
0.63479884012505638501978
0.63480216137172129631239
0.63481058234246046101390
0.63482209493230457031387
0.63483039394143292444284
0.63481925875567524197862
0.63481577892994500711410
0.63481274751305238890353
0.63481429339008310641645
0.63483597034599947850353
0.63483442082236163361841
0.63483673020677111598076
0.63483931972781393326954
0.63484182886058349026825
0.63485054096581550187040
0.63486219091179363349653
0.63487108301765582396570
0.63485936842043699801508
0.63485705553296056802282
0.63485569917164974551582
0.63485790138111419800282
0.63487903094612374577110
0.63487627209900854285962
0.63487713915627153049570
0.63487975112865036031451
0.63488318345134631126570
0.63489187991021034385142
0.63490393820027746230039
0.63491241911112650253557
0.63490050592485025582334
0.63489718759304769601925
0.63489601575350418372068
0.63489895471486956779472
0.63491804682639696455482
0.63491541695162179159695
0.63491730970960613689158
0.63492088375301070080070
0.63492417140122425767146
0.63493354235026833176647
0.63494433668216809785179
0.63495516899769255392272
0.63494037418450122167712
0.63493706815359529649356
0.63493497694504397177440
0.63493734299782611518737
0.63495735677282216791184
0.63495477080207651798816
0.63495610215973341539097
0.63495964357750211970455
0.63496521610524347956073
0.63497463457565239686176
0.63498618795121664071246
0.63498047750222552654265
0.63497551500371351984597
0.63497450014648049165800
0.63497777035957880809036
0.63499746407644763745992
0.63499413182246078335424
0.63499688433517653685101
0.63500289821480926377717
0.63499900667538611287455
0.63502000991404417007402
0.63502016257500770723965
0.63501487805285683485579
0.63501579610649150353652
0.63503421030336926200732
0.63503746097271895898473
0.63503946509067388248582
0.63503527819256078146282
0.63505745141750769011679
0.63505550596900040005721
0.63507827196211097398049
0.63505802744087980205023
0.63499801677540368416430
0.63508637539936851901246
0.63506438647499552363485
0.63502989751071525770243
0.63489459579606610795111
0.63274060101376305986776
0.63279630001860831534088
0.63292174964033010020614
0.63294143965793425721245
0.63297745670253879879397
0.63295126292186176808485
0.63299569220343565589815
0.63299683833417441647384
0.63301938291509285416936
0.63301441448548756429915
0.63301141422183282436720
0.63296296977533361705071
0.63302681060502419274627
0.63303741261378365656753
0.63303822494964556710784
0.63303707385337248947366
0.63305898602122268048475
0.63306145174312966616981
0.63305572161613832271598
0.63305483313187593807925
0.63303912434615750015610
0.63304890440604810741831
0.63307117692484704551958
0.63307388210296899888618
0.63307561856482708062543
0.63308143409474448848329
0.63308430071097643310196
0.63310339740471410774347
0.63309783922602558270398
0.63309404587075401860119
0.63309219716562448176944
0.63308663114626817502995
0.63310420277369860997396
0.63311007554672127373152
0.63311308010313860350493
0.63311660115083656652502
0.63312046462589044448777
0.63312502849781848723865
0.63314261403005711592584
0.63314679516558824978745
0.63313948448379253619578
0.63313541213447055433505
0.63313105902522459622617
0.63312875732797624372949
0.63314943051827221598415
0.63315262577421305145720
0.63315785196469542839282
0.63316160876599458795511
0.63316463044854920383386
0.63316933383978102334311
0.63318681819512523389903
0.63319212536165148108580
0.63318314487912674692893
0.63317960834300823780296
0.63317455462146954303648
0.63317025334902310440555
0.63319186285860051821572
0.63319620136642507102209
0.63320077751887415828946
0.63320478309766847768714
0.63320913870035788750812
0.63321441251067467348435
0.63323115322849354846824
0.63323550564647701488497
0.63322693315511624501113
0.63322254089839213886393
0.63321762950660487323518
0.63321362067016662145136
0.63323550012174090184658
0.63323964323071835202938
0.63324495070536812590944
0.63324937480213094875836
0.63325274710851020554259
0.63325592038568612185401
0.63327360230049456468748
0.63327636074629634066468
0.63327143513206196612231
0.63326778621460588780678
0.63326235029907462781296
0.63325751500442784003297
0.63328005137365916965564
0.63328528788921611969442
0.63329015314257097735151
0.63329266168590381269610
0.63329461492905081421156
0.63329767332169661919750
0.63331600385998565450052
0.63332012092450962192913
0.63331390765846540258366
0.63331164265212835928764
0.63330779882651244694358
0.63330253965589589082441
0.63332485201696353538381
0.63332930208525517468132
0.63333265383479597776528
0.63333507322230131464380
0.63333837223764832824457
0.63334294971907734161931
0.63336086186084572524635
0.63336527444184675950112
0.63335704534402692544859
0.63335364143639028000621
0.63335026736868460517371
0.63334658634636975538257
0.63334599138272751339684
0.63336744583590842694321
0.63336782398738455945875
0.63337148944763488334075
0.63337542737375429613422
0.63337930722619606438428
0.63338335172228210634415
0.63338684481526075220614
0.63340473803700325650112
0.63340744309475138784649
0.63340159820064567686160
0.63339772701287055944874
0.63339331161875234155190
0.63338911724932511759789
0.63338876261958798608021
0.63341023745158409052891
0.63341087339690160806782
0.63341580044028555906976
0.63342015723163580531718
0.63342328652600787819438
0.63342570867042791160628
0.63342781843346285253205
0.63344633219122326028838
0.63344859071123982285911
0.63344451606023866041539
0.63344214192310832611810
0.63343819716339633263402
0.63343311757368347958419
0.63343187954706925424375
0.63345390172362425751373
0.63345528219300606398434
0.63346012155606834514998
0.63346337267764729617170
0.63346550723725159048882
0.63346750664481732417954
0.63347020381959662227445
0.63348933328510892426522
0.63349226238503308916705
0.63348655722937119438853
0.63348447817128172854240
0.63348153581897748143348
0.63347714997927306868064
0.63347585749445611824626
0.63349725099405984618528
0.63349834280684780285497
0.63350254912131387374785
0.63350547485282915349813
0.63350825524298226554265
0.63351133398181436184871
0.63351436066822142123556
0.63353346623231676648658
0.63353594436055404859331
0.63353027397326755476570
0.63352711624375823706856
0.63352383207505591489195
0.63351940481899782220410
0.63351849701109264056953
0.63353983245040923488745
0.63354071539907408361358
0.63354555599002904120454
0.63354920499396261135416
0.63355219162047360370593
0.63355507208280592568173
0.63355735088885811734372
0.63357644924439726619170
0.63357849008758759801196
0.63357400400368768522696
0.63357133045249325320469
0.63356789368574029097658
0.63356277444111419594464
0.63356149939739381249382
0.63358361263738705027038
0.63358517447440310110807
0.63359026732664547321150
0.63359319586691087433650
0.63359541632463456384272
0.63359787616628948647701
0.63359991148483851830520
0.63361933504572309772129
0.63362155603346503873752
0.63361685607352269400394
0.63361485540936857141503
0.63361229163907051287197
0.63360739577588109927575
0.63360600518136578340744
0.63362789095320926069377
0.63362919640039339075344
0.63363370108962757676352
0.63363640740040960697144
0.63363857939364520710512
0.63364126784347918341922
0.63364330959026005096746
0.63366340363913620237213
0.63366509022465511424826
0.63366045849013130641936
0.63365778760099977784392
0.63365502160397690900595
0.63365042716997932448209
0.63364939744446924230203
0.63367036455514480497442
0.63367130565093077176897
0.63367637101967000390346
0.63367961750359824701917
0.63368230638218758787872
0.63368507538347029761638
0.63368653415666920114546
0.63370647635741395031772
0.63370401247940122413382
0.63370149557733279621630
0.63369807360511909433143
0.63369259485983719937252
0.63369135294998246710207
0.63371268038559502855378
0.63371428575984756204065
0.63372017242132883119154
0.63372346831453507665088
0.63372538344887252570459
0.63372758416108432300007
0.63374667519721838981894
0.63374862366039941274920
0.63374504176510659814170
0.63374238878146915698863
0.63373671943117515503729
0.63373479117650366454484
0.63375747988704878022048
0.63375910099042587209084
0.63376434596581332492349
0.63376651945242856722729
0.63376772059664332470419
0.63377002015176808757957
0.63378917955795932570595
0.63379161393823213455079
0.63378782804332256528568
0.63378594784794062277911
0.63378124996070717145358
0.63378005728153630204957
0.63380216098337549546216
0.63380271753940420342843
0.63380713068381733243939
0.63380925196266857390981
0.63381113844312286786931
0.63381361187452134320353
0.63383294373167475832531
0.63383575268921454881621
0.63383116347280255009622
0.63382849831056942147001
0.63382387617773372490149
0.63382347075216860510238
0.63384435971663510844820
0.63384470693095151805352
0.63384993881134688020751
0.63385283886011134502070
0.63385500644794434688123
0.63385761334056922589042
0.63387677426574184913477
0.63387942379541606374715
0.63387475027688344741961
0.63387166879502165883764
0.63386596886962487396033
0.63386512502390668366559
0.63388636411439069906493
0.63388766874278157370526
0.63389366354400877856534
0.63389655903297836836430
0.63389836951115818841629
0.63390092476608694838092
0.63391992723853285429669
0.63392246906117366567202
0.63391821848254559235158
0.63391544075791106394036
0.63390970231508692034339
0.63390815393326205295921
0.63393032443004149190102
0.63393184557395454437057
0.63393735612450330396683
0.63394003361971351662163
0.63394165558094806023348
0.63394404634371370743651
0.63396340910514070721149
0.63396558414322090602155
0.63396190608816804790138
0.63395927213035829783649
0.63395384798021203742735
0.63395260589578383836340
0.63397460615466028066578
0.63397584891040092980319
0.63398107950837523372201
0.63398374066605134302677
0.63398506582003510967382
0.63398717254359260309116
0.63400676134633782154992
0.63400870080074012147264
0.63400567907967964043081
0.63400318229778251932771
0.63399752041389467738242
0.63399632464962751843274
0.63399704546927393433720
0.63401861360389832888984
0.63401785583449798977540
0.63401928959501097082807
0.63402480488175672057594
0.63402748190390512128545
0.63402840077157229803362
0.63403054737711572741432
0.63405023182913800017246
0.63405239923534306711872
0.63404897444784691362685
0.63404638240578925501012
0.63404090413666069903087
0.63403945858686172609708
0.63404015829195004005925
0.63406186496978356181842
0.63406110887267919107302
0.63406234663624116976166
0.63406780851283051081424
0.63407045009398554924474
0.63407163241520192453748
0.63407421513491002418306
0.63409336263786708620671
0.63409581400325498723447
0.63409187249578058409583
0.63408930125490570173241
0.63408398767509299709388
0.63408275303615080353836
0.63408350322241502361464
0.63410518118960934597084
0.63410430833726372235049
0.63410542096922029031703
0.63411079523101687716036
0.63411361005441901905755
0.63411490368341538736985
0.63411717936158717989770
0.63413655386568157368288
0.63413843958259619171258
0.63413563127744887459869
0.63413258510010650503830
0.63412707401311085853024
0.63412574535731280889195
0.63412682917377549696170
0.63414822717038366040043
0.63414746122115928095297
0.63414872890557949514090
0.63415442939961941259952
0.63415733161884324520230
0.63415819042995658083584
0.63415983956168320290203
0.63417957318883100281681
0.63418141662532323543644
0.63417887644706139038675
0.63417627501577267246091
0.63417060686526904866867
0.63416896314884774188414
0.63416955227572602282748
0.63419084306963302566373
0.63419058385630022733892
0.63419226600894973433498
0.63419786686390311469808
0.63420052438034213437845
0.63420109164448124072777
0.63420314568623337159181
0.63422279071943732375871
0.63422497065601901589105
0.63422199674153512116703
0.63421921077659693111173
0.63421378153244822861723
0.63421213253894959116508
0.63421233713177693758212
0.63423358812016006336165
0.63423372789134246918508
0.63423517524279815482657
0.63424053247587908188621
0.63424350854220956641427
0.63424441376439089079753
0.63424651355017747089704
0.63426592301098039250462
0.63426767880720669179340
0.63426500675606245494009
0.63426185334549012306837
0.63425652532243415038238
0.63425504401995369541112
0.63425514162581375643413
0.63427654402557942514562
0.63427650242549848957907
0.63427798046061245607063
0.63428342776252621959543
0.63428644105120490781502
0.63428706809676860256531
0.63430794517375743701848
0.63430818619748596809416
0.63430499102930015808965
0.63429943330943960866364
0.63429807640804758417374
0.63429785843340313888916
0.63431911955352349163917
0.63431948031644480590074
0.63432110009851039311712
0.63432649284404796219405
0.63432936621899249640677
0.63432948407683265035217
0.63435066889964264458257
0.63435118236899346033653
0.63434792680460228009309
0.63434265296784730914226
0.63434113661022373253928
0.63434028537938091929504
0.63436149253292895000556
0.63436241565161222144553
0.63436405434173803730147
0.63436926060658360704281
0.63437234529515351688644
0.63437318057013425409707
0.63439414284979367408823
0.63439509011586248110603
0.63439067437081408940003
0.63438533692011622733276
0.63438350856902403496207
0.63438248566979127396337
0.63440325937603203598769
0.63440466448466403814876
0.63440637793191367865830
0.63441211145687903538715
0.63441606575213305152516
0.63441680824729507204296
0.63443739619807459906298
0.63443783474611814554578
0.63443362654956736434997
0.63442780084885752600599
0.63442595848089144983106
0.63442429711668069103325
0.63444538406428108157087
0.63444732542626214311099
0.63444934702952937577436
0.63445500176950775372831
0.63445842845342503846240
0.63445842819281339508564
0.63447932195125245069534
0.63447911866415707127231
0.63447629725381060605827
0.63447090948128037624087
0.63446885692408794277242
0.63446675728901380519886
0.63448821260583443404357
0.63449039262867734656481
0.63449210462989991121674
0.63449719597025600048568
0.63450020317210198417257
0.63450027451960144819765
0.63452167796874636707116
0.63452203769813375622277
0.63451834805254092586324
0.63451332071376354004855
0.63451175503448697945430
0.63450961853195908535241
0.63453076891153281646751
0.63453280654207666611200
0.63453435757368659153599
0.63453967353755647007318
0.63454350767151579404413
0.63454428139994267787927
0.63456564170011908743163
0.63456625471975736108021
0.63456132903088491303834
0.63455569362925290377575
0.63455386737984564859971
0.63455180718719039756337
0.63457255437630810668281
0.63457500191042492954097
0.63457714017891075908295
0.63458312188217869120876
0.63458745168820063220494
0.63458775201408246235957
0.63460864526335514224087
0.63460852576899406951583
0.63460490367720601145862
0.63459887708330298128345
0.63459639698981107347464
0.63459354930932265759225
0.63461493727912698936677
0.63461803729705790200200
0.63462039023551986005600
0.63462573303383185141513
0.63462945335121601075912
0.63462907418173541973516
0.63464984579553340715563
0.63464985466094436805662
0.63464649761055580423630
0.63464135553591682903374
0.63463967715751135045821
0.63463649934969179611244
0.63463518032815680047776
0.63465660633361564713084
0.63465790712757852443104
0.63466075130599242104523
0.63466219267312529161984
0.63466697104684499652905
0.63467068480148991493905
0.63467094543034596743070
0.63469207867481225449069
0.63469249882039679988566
0.63468782251907152058834
0.63468276375277243861461
0.63468143496389306523753
0.63467883379331790916211
0.63467725604078362167115
0.63469778446561486706656
0.63469917199561975973410
0.63470167944355393441214
0.63470350197704605843541
0.63470931556679466289950
0.63471392939448578740524
0.63471401082801870430217
0.63473559175550731126236
0.63473517551464442298936
0.63473110481527506010480
0.63472490074451615171824
0.63472257288989741841334
0.63471943609457370794047
0.63471791973835733902121
0.63473803932973305030885
0.63473992075122154243871
0.63474391793882256607162
0.63474664569615057985175
0.63475261251036696474870
0.63475675139393106238828
0.63475600037648194362561
0.63477729618412459533516
0.63477658196573483184721
0.63477374608391179400257
0.63476835816716381533098
0.63476567736764644145353
0.63476116886177413878301
0.63475881427706515314213
0.63478049897167043713608
0.63478314105954247725805
0.63478737424833819869008
0.63478936564736576642076
0.63479421458499596386815
0.63479771690025543762204
0.63479747547740295043894
0.63481843119989789236968
0.63481866789188101662944
0.63481435921794815424590
0.63480993639287286445239
0.63480876693031651480936
0.63480504505947144000544
0.63480250197202781059502
0.63482408350740704428006
0.63482645865901055071134
0.63482934805052193549813
0.63483005052700269832400
0.63483503372843375078816
0.63483969840885789981400
0.63483999279969005602453
0.63486126711732926430898
0.63486094851759988788586
0.63485627325682036925514
0.63485077614252927169503
0.63484946910749495696535
0.63484673135746083616482
0.63484483238473055077833
0.63486458683556190596420
0.63486630426218193523624
0.63486948385797903338101
0.63487187122642929626437
0.63487798888772661864976
0.63488241141847034931800
0.63489910706125607386952
0.63490290033861218610411
0.63489310647681818089438
0.63489017114698387267424
0.63488590677177358934102
0.63488374915769418826983
0.63490334785572299924894
0.63490641472897979546985
0.63491116121366353297617
0.63491436975925863439585
0.63491943497097758086767
0.63492273756392936245874
0.63493922710369410378206
0.63494240444085547903086
0.63493477749742988081039
0.63493265657146191749405
0.63492756743667488894545
0.63492422025782158101492
0.63494586678453113215426
0.63494929646855036153852
0.63495367392882784418617
0.63495483175326383751269
0.63495881651559871183821
0.63496240097029910121051
0.63497903333811867021552
0.63498279113649724880730
0.63497487389283335801338
0.63497406221785046565032
0.63497062468477405428047
0.63496777598611608972590
0.63498889714875839107577
0.63499124699610332012156
0.63499420104024528743736
0.63499524761337799994010
0.63499987967207260908253
0.63500343634209643894906
0.63502048355123619227669
0.63502382053224060154406
0.63501599103364969600705
0.63501429928622921128323
0.63501104078305370403967
0.63500882678097869682432
0.63502793380948818757759
0.63503049695597935109248
0.63503447045542160687148
0.63503635790832746454981
0.63504056039102430020193
0.63504478548216725108944
0.63506056737060812000806
0.63506624988799431630326
0.63505583771260709635698
0.63505427572636008459739
0.63505010923941429545891
0.63504727443956499044475
0.63506746346159803628950
0.63506995429124524221720
0.63507334932907633096022
0.63507509799990791155011
0.63508129123860213027797
0.63508555269739264126372
0.63510210071707873247249
0.63509591990099112379653
0.63509279743825730601969
0.63508973275559810200974
0.63508805307914373283751
0.63510792627162093726412
0.63510941602279913364981
0.63511419773624222528952
0.63511832539706125633217
0.63511475228751068655697
0.63513542298901559668423
0.63513750764653542635330
0.63513021337616104577961
0.63512643028296611458217
0.63514501457724348298939
0.63515284534681726302807
0.63515683657022947716797
0.63515266426366967511541
0.63517288008694283707456
0.63516647941954551548349
0.63518941765535441579260
0.63517349880136575457357
0.63511352254214725743253
0.63519768687735045364917
0.63517464838297754692320
0.63514135917548419918433
0.63500485659060879051196
