0.30006550045908797486049
0.30007147413289025905669
0.30036028180684815058754
0.30035291851714401856199
0.30045504150817070598833
0.30033656076671988444104
0.30044631385703862713754
0.30047781613446461479455
0.30047004632177659599890
0.30048853691575133639802
0.30043487264421453453167
0.30031372708665959869734
0.30042118749998247828614
0.30046231575125981194674
0.30048179124514001747670
0.30050637521354667258677
0.30049954062255390674352
0.30052971156962110521604
0.30047591178272547995931
0.30045574333240426811997
0.30040506279837803083055
0.30038785454788174966723
0.30044830075299444605008
0.30047208099244226975344
0.30049434262480406720996
0.30052300282827149047193
0.30055318738585390381246
0.30054637983805754242184
0.30051747930147981735516
0.30049020030959855409591
0.30046780123357513803128
0.30044170739628572874835
0.30043916617629129461875
0.30046521484849181282684
0.30048610137815712217702
0.30051249258594214808227
0.30054022638513072651634
0.30056816119196955172654
0.30056155509633747380249
0.30058863048469269818597
0.30053489579959419275568
0.30050753932295393155982
0.30048365354202566379627
0.30046461460705409241001
0.30048273466511254969902
0.30050383323059531859300
0.30052942553071493314576
0.30055598008363243467400
0.30058197403042130613215
0.30061039153566987414123
0.30060348145406512454514
0.30063261001819807649582
0.30057634826830564866995
0.30055026930257972006544
0.30052509253157522195465
0.30050187225770297327898
0.30052263367665577042942
0.30054592456081719031857
0.30057030829325204202007
0.30059717579622857730470
0.30062577144774610404809
0.30065484527440117235031
0.30064777428073585774371
0.30067496483663341821924
0.30061947573409714129511
0.30059147833868510302224
0.30056600282327960993456
0.30054302741589572489644
0.30056356305291870301133
0.30058677019178531297783
0.30061365048544114175755
0.30064196131507814335748
0.30066886848256602071672
0.30069381008249218556472
0.30068798453083173116696
0.30071262619838745600021
0.30066327235029088882357
0.30063620328423029670617
0.30060894373510077537404
0.30058410983739136668191
0.30060624796940543790313
0.30063141587793784648142
0.30065775606383471352245
0.30068256759274036848950
0.30070703991673997101941
0.30073271168096904482070
0.30072658927872342182752
0.30075472509754663796855
0.30070170893919989651977
0.30067760076379401734670
0.30065352324118316262869
0.30062844710652247837146
0.30065051632534217640469
0.30067361111056389866292
0.30069692058451819027809
0.30072119679085013155273
0.30074832506218301952927
0.30077733965656816561562
0.30077064623316107638828
0.30079941437965829198475
0.30074268813902627073276
0.30071626340219242967677
0.30069274732463219246270
0.30067124998506139510468
0.30066495480239863180572
0.30068426346335330734405
0.30069076195935900974732
0.30071225245119997948606
0.30073714334067852549381
0.30076463222939142649892
0.30079322276975728467363
0.30082019481793859094765
0.30081340497438896486315
0.30083907262052278497322
0.30078651938891909356499
0.30075897439459048365862
0.30073265862846482177062
0.30071013811305680185626
0.30070299021295243679930
0.30072190457895159321211
0.30073001554099293430866
0.30075418949774440635636
0.30078066745071907472919
0.30080709367637686879604
0.30083251351144907337343
0.30085733944438231013407
0.30085082264734497314862
0.30087628362179719143654
0.30082633158494287428653
0.30080153256459274402346
0.30077540839661470739586
0.30075094621808151629239
0.30074121854573870882277
0.30076158229668631394205
0.30077212641175637974911
0.30079599003173618232410
0.30082050035011637101334
0.30084518586737524215025
0.30087008743073484495767
0.30089678799664859587537
0.30089075911742335645016
0.30091816092482043254464
0.30086404770340891001723
0.30083956912726456112139
0.30081558424212156976907
0.30079299529795466838777
0.30078194048356760026408
0.30080146744109836909331
0.30081268181707498943211
0.30083479222936587715864
0.30085887260789961894503
0.30088472921642139823462
0.30091184050534491856155
0.30093983739856483561326
0.30093350718308459201822
0.30096037994147267768952
0.30090620989872324253511
0.30087968054748981394653
0.30085446318199310367092
0.30083219483793105508695
0.30082048302118963301055
0.30083952953167758526121
0.30085188750557134707009
0.30087512065566240915260
0.30090122188384982315768
0.30092783148245039193114
0.30095439866411244356215
0.30098090790213538614495
0.30097471026387662140777
0.30100088523854706679117
0.30094870700081099990086
0.30092265259173434088780
0.30089667189679936143420
0.30087276325968526080601
0.30085898815444706011490
0.30087899300027831639426
0.30089430781367565437279
0.30091800598118872978048
0.30094322195825606858222
0.30096862540552127285309
0.30099461078562189664254
0.30102121245837459850847
0.30101432681197082263935
0.30104183922124294614520
0.30098815804030298881599
0.30096309461028675213967
0.30093867370319021814495
0.30091513431103511511111
0.30089969085613299526472
0.30091949306855264589800
0.30093558831149380683456
0.30095787183660999142276
0.30098284714796857963748
0.30100832051230541619447
0.30103500239082986444927
0.30106220972851588379982
0.30105603647784562326706
0.30108294716269806690079
0.30102898073765549380454
0.30100223997289071720118
0.30097732039936281323023
0.30095488466278302874812
0.30093867899229093110236
0.30095709964363809296728
0.30097388304071948095242
0.30099685903804562769892
0.30102307369451924978776
0.30104973146496039060338
0.30107670137811681776441
0.30110288431232740125054
0.30109661196654391446259
0.30107062527278272145992
0.30104405337685802290792
0.30101760794552773203847
0.30099362217327779722709
0.30097554857419345220038
0.30099427434935127623206
0.30101404807643655781035
0.30103889832719843422382
0.30106537888941303782175
0.30109077776350295918562
0.30111631277133205086827
0.30111070591346372760100
0.30113588249363204552012
0.30108566886811921614608
0.30106021393797804952541
0.30103578287250465361780
0.30101430156611330701821
0.30103550483607299792510
0.30105726062224008598989
0.30108082668293428829642
0.30110537248239371832526
0.30113015280137611640043
0.30115609994307279695391
0.30114974748092138145950
0.30117637936790037089807
0.30112477356977807030347
0.30110049879006456352570
0.30107817309037859798693
0.30105633077339910563808
0.30107682575272459724047
0.30109758992024543422517
0.30111958658857362891581
0.30114425989548387896377
0.30117038261472361959648
0.30119704316502049490367
0.30119091785335500022214
0.30121818088604401797426
0.30116476246541962202841
0.30113895532164036694667
0.30111684070067840091056
0.30109648129391292092905
0.30111563843951177910085
0.30113578211323038802405
0.30115896913767498110914
0.30118532893119370763557
0.30121225968950054996398
0.30123889904358097657777
0.30123296053711035025202
0.30125996308620783814547
0.30120641014431048798627
0.30117974496879706958197
0.30115586462538657119836
0.30113455829187901757749
0.30115419663088011104080
0.30117653858224280316591
0.30120117500641829799690
0.30122750199327741338351
0.30125371441390547122552
0.30128035132654568117871
0.30127442105202795197272
0.30130102122147606191760
0.30124828481579013494951
0.30122206350008551289932
0.30119771094843400538466
0.30117494941680056363964
0.30119601941474455353287
0.30121895935679882105873
0.30124278969027196151131
0.30126897420089865375914
0.30129524359201104166672
0.30132174513192838682940
0.30131593307806220360945
0.30134214075386006603807
0.30128951813695598049847
0.30126333839987706753050
0.30123963864466146711507
0.30121740839618865726024
0.30123796705151528740885
0.30126038378781094806413
0.30128366252620863985356
0.30131008472461412450727
0.30133611176966573763636
0.30136246873122823908275
0.30135648635979861431622
0.30138241615772287662622
0.30133060918746679135438
0.30130469179708352367442
0.30128048862674944308182
0.30125833178433980563682
0.30125139109463811015743
0.30127071749168077285930
0.30127872285993001488791
0.30130122450837920622391
0.30132494831422151904121
0.30135145244504346617731
0.30137685963464572180825
0.30140314360754300038181
0.30139786552091124560704
0.30142420406396769338997
0.30137156592036151714353
0.30134557912456838568716
0.30132191285760384635850
0.30129942750143906549098
0.30129074156235902126610
0.30131080179299146726279
0.30132030524022557216313
0.30134246027267469481004
0.30136594751072609543741
0.30139214897544580606947
0.30141835417221396475895
0.30144541237526928378898
0.30143948159509498241349
0.30146629740438063427277
0.30141267931629373011404
0.30138646793255996492178
0.30136326194748441764659
0.30134093244885862272753
0.30133089932042922409750
0.30135068613691329275639
0.30136139105866921461541
0.30138340445475819695531
0.30140707834135793685704
0.30143368962147532030826
0.30146028249810030708034
0.30148674895052496314207
0.30148098844376314264792
0.30150684157023727172131
0.30145495737946631509274
0.30142762424332031345742
0.30140385328954777399701
0.30138142658317934596823
0.30137033535143992191152
0.30138957156935131109776
0.30140185555838772124559
0.30142419301548006860259
0.30144842742659971879249
0.30147526109061023591451
0.30150152126920293227386
0.30152696969606090915406
0.30152117848514214948352
0.30154741624980480052542
0.30149540577438338484484
0.30146909204917243796373
0.30144513338126716073262
0.30142195112546349422544
0.30140868763039646571755
0.30142831256970270548123
0.30144273344014987925377
0.30146574807313669674969
0.30148960649527484223498
0.30151568433364289711918
0.30154160026852128151376
0.30156786549333697289299
0.30156238274740088112225
0.30158903762351990662793
0.30153618599438020142500
0.30150986516048267072065
0.30148647604779527098273
0.30146348166237296739567
0.30144819975476444540163
0.30146814438926378132422
0.30148446637737891240505
0.30150694598658106526656
0.30153022924293670925522
0.30155694639171909399167
0.30158357399967800072105
0.30160980414076793421074
0.30160451390683351569066
0.30163012593005489314635
0.30157783913667185471397
0.30155087551699494285984
0.30152755282619353449647
0.30150499667458025010447
0.30148824100645760237782
0.30150827297159160655937
0.30152534127637725669402
0.30154827152867536010916
0.30157188669604234609878
0.30159868472746831358222
0.30162476452872294396812
0.30161934461273515184487
0.30164504747752640678726
0.30159280677346872456823
0.30156876092180739945547
0.30154598988114506008529
0.30152770245615245769955
0.30154716881968957054028
0.30156626681807030543325
0.30158954265897136570729
0.30161312611226737123715
0.30163973993641929327580
0.30166540619823850599701
0.30165972232272092456995
0.30168641869510270936416
0.30163355107655853704074
0.30161001003419191102140
0.30158705423439485793224
0.30156680615962910829708
0.30158676760413360984359
0.30160741507587279786051
0.30163050640198235674561
0.30165359765020011151293
0.30168047710801071392694
0.30170784112363774331911
0.30170168342742370581888
0.30172933474537477760435
0.30167446141865977837782
0.30165090066254957035241
0.30162758789406762804930
0.30160637678915763748577
0.30162588266067524855885
0.30164805062052751916113
0.30167117010675564836575
0.30169553520135211632791
0.30172361093631516748559
0.30175071465570396656020
0.30174459694653898989003
0.30177107276025805226993
0.30171674948071969257768
0.30169237849132202189395
0.30166863951403760646386
0.30164569895828335921451
0.30166619448348586107755
0.30168959611299045464605
0.30171345399691135158449
0.30173790648561388261228
0.30176477854770589193123
0.30179060073115920870279
0.30178458709280442384681
0.30181007644256624411483
0.30175838378929520366967
0.30173481666726537087087
0.30171057981425686289612
0.30168679920894142520993
0.30170783530958239504471
0.30173152334488478887309
0.30175507867546452756002
0.30177844998204678139686
0.30180421525399753202024
0.30183058708905652345322
0.30182517673460046436773
0.30185204908323415295968
0.30179836152930072934453
0.30177521610606100610497
0.30175207312698149042518
0.30172877210800475022978
0.30174963614623923069402
0.30177234158045951328830
0.30179524796871248781827
0.30181889444808163158740
0.30184660549537128959585
0.30187471766639806247667
0.30186880315488123782686
0.30189659648905425859411
0.30184050609487839134104
0.30181623174438071410819
0.30179278259103287096465
0.30177014989732964256319
0.30179052983457282932633
0.30181358920878209595173
0.30183777285234109077905
0.30186266705566605628164
0.30189091103658466375137
0.30191792350219037732728
0.30191193831725054996795
0.30193810047052982437066
0.30188500462447676042643
0.30185996741721515812529
0.30183505035572594232818
0.30181115485779086426987
0.30183274241939184179273
0.30185680195861269714541
0.30188156804220794837690
0.30190553417550075598896
0.30193234123056894580017
0.30195790540846617622250
0.30195158102231645091962
0.30197835419058755013211
0.30192550710015342296799
0.30190210276215118101462
0.30187858471269707338891
0.30185425720791442261159
0.30184704559508984678118
0.30186812898088072332214
0.30187564707109348915992
0.30189897235126672558891
0.30192208336799158940877
0.30194488236428679295287
0.30197175687077998373908
0.30199921367602600152935
0.30199296027355848615059
0.30202084528382694417203
0.30196509838198531960884
0.30194137599909304237045
0.30191862905323640919875
0.30189596366906096269744
0.30188766039018011255735
0.30190707063992211489634
0.30191551757079226891989
0.30193758977988277569793
0.30196131045034607653932
0.30198638982129988317382
0.30201497651692149615243
0.30204223714891847984987
0.30203670463029652637488
0.30206285338556321251602
0.30200850901219661315267
0.30198274620205040053023
0.30195794422326038830562
0.30193510852701360702710
0.30192600130749397413510
0.30194489235730426202053
0.30195513581225608135128
0.30197972902681380347190
0.30200517752726785403183
0.30203043796412487598246
0.30205746957808526920175
0.30208309739459604514877
0.30207740617278566741533
0.30210295820010085732221
0.30205159286342009306026
0.30202777324585056151207
0.30200215422796233832869
0.30197668091399232359606
0.30196486128779970181668
0.30198651627040895562004
0.30199933794622313421030
0.30202453268407680742058
0.30204855489711135430042
0.30207163432966060989671
0.30209728843963629119074
0.30212398609070678645594
0.30211783008212883538945
0.30214550295422015757651
0.30209083975439832148169
0.30206842538628853045424
0.30204578866380316082285
0.30202205985232449814148
0.30200880030017368538253
0.30203010133606933429462
0.30204366506128205172033
0.30206548033172514466926
0.30208719225657959528419
0.30211096051960995012564
0.30213928240323600915573
0.30216754126847195083272
0.30216125641569246962348
0.30218842737770706952105
0.30213215050903030611806
0.30210732522406363864675
0.30208452450206368933294
0.30206306678342792482184
0.30205019194223597933657
0.30206844032147317502535
0.30208159585280414116681
0.30210355402010979908312
0.30212852367992826252419
0.30215457481925839244852
0.30218241364994125053300
0.30217611525112803017024
0.30220237071267624928694
0.30215031460398594775896
0.30212435588453995238822
0.30210042493953659370476
0.30208607970597500802512
0.30210415801609857844312
0.30212113765864551107043
0.30214615160653723879847
0.30217232316958037019461
0.30219609513118073085280
0.30222122333269230143316
0.30221514553161532568026
0.30223978516619315337621
0.30219260945413073393695
0.30216861487976082178974
0.30214307097481185593324
0.30212451318495264773745
0.30214580026474774365752
0.30216530033429583879112
0.30218958939820200759740
0.30221183713277083304760
0.30223347533977690249074
0.30225916605833480499399
0.30225298854183008101515
0.30227884017822559403754
0.30223042385366849504891
0.30220867181366006803955
0.30218644667134819670196
0.30216750428302996400731
0.30218822019602664674665
0.30220624680545532525500
0.30222725172566955453846
0.30224957158834669934677
0.30227311918567467685648
0.30229895290525560236361
0.30229294989594962528301
0.30231861696978101772260
0.30226967457110820447497
0.30224645286245865882790
0.30222517207054966359436
0.30220734593957970792744
0.30222538886373595534707
0.30224417819899629389369
0.30226645540036362058700
0.30228952839498773874638
0.30231227998677989710075
0.30233947683004042117361
0.30233190479939781036833
0.30236210376789107723283
0.30230832484445013808028
0.30228601589647824399165
0.30226370988831152697429
0.30224367546521735405918
0.30226325223200456449035
0.30228277043854290262459
0.30230392876923672940137
0.30232684003148235785119
0.30235379551948110554704
0.30238075120401886053401
0.30237535122745973215075
0.30234791815009287585525
0.30232151747971508504165
0.30230067271724148092460
0.30228215769677102553459
0.30229917535109279702610
0.30231757501080869232624
0.30234258543170067223826
0.30237146833836814341367
0.30237914963325929207372
0.30238361720370315888218
0.30236777694237115809983
0.30233792770593348464558
0.30231556510442830765228
0.30233552805388641537832
0.30236486656299199626829
0.30238665176390516764471
0.30235922069633841546832
0.30238866360661770249507
0.30236392427886754630251
0.30239108783632773214123
0.30237071397538245465242
0.30222050270820410844408
0.30237792031135635184569
0.30229686354971296857741
0.30223028536743473670967
0.30197726551148712514916
0.30011526639057539700417
0.30012490503017613674430
0.30041000331123590694204
0.30040631719564908630460
0.30050468459118923059137
0.30039120181837336565067
0.30049964623642433370065
0.30052736952973585493609
0.30052329767589919251591
0.30053799922972634917073
0.30048946457583858293816
0.30036923897792777715665
0.30047670686123695293901
0.30051684545076784438322
0.30053495640154709311886
0.30055574647626293049996
0.30055261894747120621219
0.30057899122261405588930
0.30053037790917691562953
0.30051125715889942524583
0.30046154720772838553344
0.30044309913853212146151
0.30050478254026813385025
0.30052758384696481863685
0.30054874692106969824579
0.30057599480661767454848
0.30060237543507828394951
0.30059928430416393840829
0.30057182188073855444443
0.30054568911334472725017
0.30052427300034839641185
0.30049701513918358752875
0.30049225521382777470691
0.30052058213611360093509
0.30054256259827838437815
0.30056796716620326481717
0.30059450631489559313536
0.30062097518413760655065
0.30061577219852492204311
0.30064135142060599559244
0.30059035535403716421499
0.30056399176771719794488
0.30053907875996038745470
0.30051767803128043299310
0.30053578970823319194139
0.30055931604047719796213
0.30058586649422985859204
0.30061142267764145996622
0.30063612988811022619373
0.30066301922316346351138
0.30065757668425285853431
0.30068514390559092364086
0.30063177145859565353447
0.30060669560820280077351
0.30058063251613570399101
0.30055499374816085911277
0.30057582369886998163722
0.30060152415119961721857
0.30062671954379416305869
0.30065257687795921004437
0.30067980418557638255805
0.30070728327002183011274
0.30070174428201679184269
0.30072730406326853014320
0.30067485430095225451552
0.30064787546070437240786
0.30062166111386273703587
0.30059628066552712688519
0.30061687733971020897172
0.30064248531436871259004
0.30067003204735853749696
0.30069731704258267912522
0.30072277759244908645897
0.30074604941276883440793
0.30074183260199738310092
0.30076476558053044652041
0.30071860233111696869557
0.30069256679178468782965
0.30066471528393429180070
0.30063748318344879484343
0.30065968301680784380281
0.30068724437287114303885
0.30071409969726370370324
0.30073786799975205097368
0.30076082531318182322622
0.30078475031496149094679
0.30078031172325969677672
0.30080666085329277326110
0.30075697960550840104332
0.30073392594336750827111
0.30070940796165329667033
0.30068193894769396079525
0.30070406400181087791523
0.30072955134126216902857
0.30075322629177492217423
0.30077643619118449302974
0.30080198539650887523678
0.30082917124668701047696
0.30082424582439981630699
0.30085114194535172993383
0.30079789514297267105647
0.30077254770053835075672
0.30074874003496482322006
0.30072485036226581645025
0.30071756759049500518088
0.30073682118381744876601
0.30074441589540434893735
0.30076829698885165775835
0.30079340540649018853614
0.30081980366620331146521
0.30084676091942919029520
0.30087181767121906617035
0.30086688004712058841505
0.30089058851125366489399
0.30084165290374897949732
0.30081521468099570171262
0.30078875601543136886207
0.30076384300239333846605
0.30075549428452263978073
0.30077435434401905700597
0.30078377124274680021188
0.30081033898729214737244
0.30083688571971511915848
0.30086218775616357934410
0.30088592511916290028751
0.30090874653358812285120
0.30090417240519051755854
0.30092758191818297364151
0.30088138575839884492069
0.30085772866947674275551
0.30083160636671751886340
0.30080474680746588367342
0.30079361579259888959115
0.30081393215202378854656
0.30082597422772111572797
0.30085223656484005871903
0.30087667141516089008846
0.30090019655073524385003
0.30092337508366173715046
0.30094797789442961910567
0.30094398352478435310076
0.30096924162295662918964
0.30091901205550525277843
0.30089571365436235117485
0.30087187876346777049008
0.30084688883778737400476
0.30083424616856241362584
0.30085373178511487513020
0.30086662047025269917100
0.30089113453471344472590
0.30091499300831731078532
0.30093964709737580642823
0.30096500077963184160978
0.30099080697747987445112
0.30098660431804757919849
0.30101123762388415361357
0.30096108058236781257477
0.30093577665200460513617
0.30091085073775775127203
0.30088617276172507919441
0.30087270909463725843125
0.30089172503417016546479
0.30090590776256442850922
0.30093155142850969152590
0.30095729076426203096872
0.30098265252038530759293
0.30100743329996532127169
0.30103165426274314242505
0.30102768082686442996376
0.30105151998004420210719
0.30100347523953924211426
0.30097869387152520470607
0.30095314484864210680115
0.30092682366401052318494
0.30091116065604628371233
0.30093114765437117830160
0.30094840980407150388132
0.30097452197651425320757
0.30099923794464505943935
0.30102333901137096061618
0.30104751546329105993394
0.30107173392347647000733
0.30106716622061013843847
0.30109224641699317004395
0.30104281592407527989863
0.30101908436868513030404
0.30099522968144509782462
0.30096927286334673734558
0.30095183361556065992914
0.30097163146478850270782
0.30098976418886863593016
0.30101446494601963310700
0.30103880935743332347698
0.30106292212029012178576
0.30108777761411009699088
0.30111250300816227998268
0.30110874633063777761066
0.30113312714321388563476
0.30108352241282404504474
0.30105817369252435566906
0.30103394922545867462560
0.30100909626023281129292
0.30099082174460217720124
0.30100925303645642561179
0.30102813205717060540678
0.30105352366459925406161
0.30107897930777632877763
0.30110421082712340856702
0.30112934437826127664906
0.30115294969626965615461
0.30114918734485018880775
0.30112504215241803207093
0.30109993189746792063843
0.30107430774912530280218
0.30104790461194785855525
0.30102771919526288835200
0.30104647014793717296754
0.30106836426759214786486
0.30109563060359112451891
0.30112122988705741777338
0.30114513131759668151943
0.30116882103925096680896
0.30116499344773633994876
0.30118832344243018361851
0.30114149025421832472915
0.30111697597449432750594
0.30109013132619572017390
0.30106653140765965437353
0.30108777708110878723602
0.30111164350195557259937
0.30113761808796929431153
0.30116116344401405724440
0.30118437197017822182232
0.30120847195247324457057
0.30120389698392230348745
0.30122868060596214023761
0.30118053546888795546366
0.30115731976199566766184
0.30113258868341208351893
0.30110864984624957640946
0.30112920662846481834052
0.30115203648527760771358
0.30117643310088032526650
0.30119999250079232400168
0.30122446238066558077406
0.30124927417366581527958
0.30124492698765126252880
0.30127034206702568708280
0.30122046520304762706743
0.30119582476428169437455
0.30117131616536496618863
0.30114893348566917907760
0.30116816259800449628870
0.30119028980158352171159
0.30121586083598833605279
0.30124099950374494394367
0.30126619478106658744920
0.30129098857021208157647
0.30128681991807682027940
0.30131197897537981278404
0.30126205053710641834641
0.30123665857401410450578
0.30121040218881878214319
0.30118715353942393520015
0.30120686160760096194977
0.30123110331101338177362
0.30125810869238672795589
0.30128311261978157897801
0.30130749828951380875353
0.30133229324004023874650
0.30132812874591108354139
0.30135288940528437429123
0.30130386395097963347922
0.30127901459230521652444
0.30125230083992887708533
0.30122768459239002147854
0.30124882717268919307685
0.30127357596696346941911
0.30129975585350254885242
0.30132452019640521001520
0.30134887234589380344829
0.30137353852825443656371
0.30136948120258538752481
0.30139385725490264178461
0.30134503183408467563709
0.30132031953077120789430
0.30129427923150658985563
0.30127028764577262753832
0.30129091646626571243672
0.30131504859525964912237
0.30134065840100227040566
0.30136556580780160530253
0.30138957883708827889535
0.30141410698859355532520
0.30140987261181767520313
0.30143397617632289309242
0.30138605733449425061465
0.30136169874968993243058
0.30133517428534289939179
0.30131135052231089455077
0.30130445208625761255306
0.30132386585188397631896
0.30133181244999962533626
0.30135593086583095656650
0.30138196363046032555388
0.30140686635837904416846
0.30143016343400891310367
0.30145462511345910705529
0.30145108433367995282026
0.30147560509762239000509
0.30142694456747526343676
0.30140260256331335986246
0.30137663932947683642638
0.30135258838445211360124
0.30134397600940748818132
0.30136411955778491522651
0.30137353617313944464939
0.30139720818927218104477
0.30142297840728615732075
0.30144749217228894444531
0.30147148752670238636142
0.30149673107412200412369
0.30149252986295099754344
0.30151753338370318457962
0.30146798826147275240928
0.30144350371213995964936
0.30141802618000224089911
0.30139423178570756700623
0.30138429562785251647483
0.30140415993526820104265
0.30141475990003424589858
0.30143818527764515424749
0.30146411624920921301651
0.30148896313331507990085
0.30151324470483054085435
0.30153790219150150564431
0.30153386199902421083152
0.30155791052589592249333
0.30151019339964046928060
0.30148466194113676674959
0.30145865015178463508505
0.30143486617950498995810
0.30142388196267327904465
0.30144318420226262622563
0.30145536544357642849690
0.30147900699968332993706
0.30150546562068736289319
0.30153046002052275031957
0.30155430490039114577172
0.30157795207681098448305
0.30157387226491499943037
0.30159831110237711460087
0.30155056812799235776978
0.30152612928630107003158
0.30149996048844390772459
0.30147552884705663966969
0.30146235962057860158225
0.30148203837890802381239
0.30149638030504610775040
0.30152058755480870555488
0.30154663913287399479302
0.30157080904134853094334
0.30159420485500548769764
0.30161867302079758967892
0.30161489598746854534639
0.30163975710165547017283
0.30159127065651641919075
0.30156689076634379809150
0.30154132715031134459593
0.30151719933819220997862
0.30150197399669920184095
0.30152195725972380513369
0.30153825440048576123075
0.30156180993247155841530
0.30158724870351993896378
0.30161199122441012532292
0.30163599405287627730488
0.30166043319877300366016
0.30165684046915625105001
0.30168066296007894910858
0.30163284441607374208871
0.30160788701437929448801
0.30158242736236851033738
0.30155885256795483817527
0.30154208331275539345384
0.30156213575295770512597
0.30157926466982876156919
0.30160315561952472096507
0.30162888686766831103370
0.30165365036660546360636
0.30167699849987456017786
0.30167426915088274563814
0.30169718752057506083730
0.30164979298739863500245
0.30162365418951614381982
0.30159998233100587805566
0.30158157931945833718501
0.30160105063261072322334
0.30162032834757790400459
0.30164444585166116929997
0.30167009720343418432975
0.30169462171026828478659
0.30171745022152168802521
0.30171456162859661143116
0.30173836640452550428293
0.30169050623720317094723
0.30166492203496408919250
0.30164118356332181303259
0.30162068216667131670405
0.30164062997475454830365
0.30166160995064056349335
0.30168542651318897007684
0.30171053452060420108083
0.30173527522343296380924
0.30175969290040927095475
0.30175643843819111022952
0.30178109029880734182072
0.30173137673714056639085
0.30170582644461657606527
0.30168185039643213851690
0.30166021764371947488925
0.30167969509827274876557
0.30170238072183647171087
0.30172610250332448922350
0.30175242704336463495096
0.30177832125465009482923
0.30180237238397755739072
0.30179926183909477899192
0.30182263139663245699040
0.30177361787101325552030
0.30174731899435824900024
0.30172303757059498741100
0.30169945843944490082578
0.30172000372418084079840
0.30174405963655204221396
0.30176840060504378504547
0.30179474986559240434758
0.30181939898404769317963
0.30184206063337165604210
0.30183916227225437989290
0.30186143785274716089262
0.30181519862587879998728
0.30178976710997251764468
0.30176510832824759988924
0.30174065684184331326279
0.30176174249466847232526
0.30178611645569292099012
0.30181003373870440853466
0.30183523392043720701139
0.30185874256234651591413
0.30188184928910177795558
0.30187965522674831131411
0.30190321049700846733899
0.30185511367486228540002
0.30183017696132730112168
0.30180673145117969946583
0.30178272451881327231860
0.30180363363560452905077
0.30182706043117901728579
0.30185021334830636208224
0.30187561409280333490912
0.30190103608307028437707
0.30192577894680477923472
0.30192318629943948327110
0.30194755840484954756420
0.30189719118828317601100
0.30187120057822031116146
0.30184756120722811001400
0.30182418967692742350906
0.30184461457118583194159
0.30186842796484486539654
0.30189274529343390618408
0.30191931383438586067314
0.30194524355065760490291
0.30196878551880679264485
0.30196621861786915319570
0.30198886094544880043244
0.30194161217025722310225
0.30191494395990758903281
0.30188994868611052080354
0.30186528076249180552182
0.30188690841605225756439
0.30191175687240595637562
0.30193654895863836218339
0.30196210239561455113133
0.30198656969010606587744
0.30200856385279062354954
0.30200575767484882927505
0.30202891163110312522377
0.30198203269267753778848
0.30195708680588012606805
0.30193359503253813791446
0.30190846001786825203439
0.30190014711689056037258
0.30192115239180838948130
0.30192988972772916156373
0.30195403683903793146115
0.30197706825935144436812
0.30200136277951683538845
0.30202587963166654949632
0.30204967064951432353936
0.30204702734823291043753
0.30207120085049454782933
0.30202153280260857215467
0.30199636258404211064388
0.30197374674306742825536
0.30195024274994608504130
0.30194060668077421505373
0.30195993910779211910622
0.30196983233869539864358
0.30199275918283136066478
0.30201630058806888667888
0.30204277692198877591778
0.30206898741013210596407
0.30209249026215889699643
0.30209065949757663016584
0.30211300457332662672272
0.30206484805797789716664
0.30203773769473124533036
0.30201316408964240523005
0.30198945529118265129753
0.30197879348357020701243
0.30199761352774817657618
0.30200951696918915123646
0.30203499630856067703633
0.30206016957108294818113
0.30208672736887010046303
0.30211136755061357428431
0.30213314757082909700614
0.30213124456134909934235
0.30215290684346857164044
0.30210782888318293837315
0.30208276591576177505516
0.30205746915127817953106
0.30203109512020887006400
0.30201751659760056600845
0.30203910843290898702307
0.30205378584844583267355
0.30207989488582198678301
0.30210354914263631842530
0.30212781599785215602694
0.30215106550400461227213
0.30217383212771070644109
0.30217154612317442818892
0.30219524652112433882323
0.30214696712331745587221
0.30212342055008800656424
0.30210119452758088520739
0.30207653704464809685248
0.30206133466145174137907
0.30208258377962043939036
0.30209817275264411184921
0.30212092712432470076322
0.30214218743313464576872
0.30216703162108393687646
0.30219293736636909653015
0.30221718362487753894996
0.30221484850857088799714
0.30223796854718526505579
0.30218816177685525747876
0.30216231826136402682792
0.30214001121907696489899
0.30211760440824275697480
0.30210263045006968685158
0.30212083910705095357585
0.30213616382103730684250
0.30215908065747498767450
0.30218351695170980741878
0.30221052544879006829248
0.30223594035737266771946
0.30223200538973044038116
0.30225583143642409389429
0.30220530900576747512787
0.30217992064602416935060
0.30215501882017203882924
0.30213844314550258873808
0.30215649428691304656525
0.30217575887012115831709
0.30220175109862240647729
0.30222731672362496135875
0.30225192293422903366817
0.30227461827515095249552
0.30227090777201048865663
0.30229311281994764026848
0.30224759974553055963398
0.30222424793468705139787
0.30219772020853974403565
0.30217683019758906359797
0.30219810469410585129779
0.30221997824504953644720
0.30224525593367052023197
0.30226682598762599774034
0.30228917042772807111106
0.30231242378679307192257
0.30230861629710453764019
0.30233202733370861947648
0.30228541123455393568875
0.30226437005362039034395
0.30224115031217441140754
0.30221980027026917881017
0.30224051402855939274517
0.30226097576494348473375
0.30228297790515057386074
0.30230455640904685399306
0.30232867919729861094780
0.30235206963385791167909
0.30234843990472809460712
0.30237166162642292732698
0.30232465583606993320132
0.30230220453502909538912
0.30227992662012759250700
0.30225964423204709774495
0.30227769580728924836421
0.30229896068951361831623
0.30232223234911348441756
0.30234450629239262298142
0.30236769732653451248083
0.30239244800943948510152
0.30238724860127547122701
0.30241499984849878890358
0.30236329941374900931450
0.30234181701371831696434
0.30231851912491169986907
0.30229600514784105147470
0.30231566707935686455500
0.30233760579581742122812
0.30235975037277751376052
0.30238181196396757277611
0.30240906743651835286713
0.30243357141238280672013
0.30243054793971807514552
0.30240288638491147343856
0.30237735741416299495299
0.30235553300337031368272
0.30233465793762448470261
0.30235176236059546628354
0.30237246122967792461012
0.30239844212043370808018
0.30242643166579302738128
0.30243426632704700773857
0.30243857454002642803914
0.30242365131484966189745
0.30239284016424095025144
0.30236823532161277716668
0.30238828120103761198934
0.30241980531350354244324
0.30244254050025964897230
0.30241511168577434043314
0.30244362604375518710498
0.30241676115808802105533
0.30244400958356665309879
0.30242569343696928951815
0.30227547645597685477270
0.30243091802657157129985
0.30234934931306478578250
0.30228333343328672722095
0.30202970933852268942132
