0.99956830447114375370887
0.99962191026215063693883
0.99967638485530962988435
0.99969913284729028379871
0.99970488103446297767363
0.99969062212996528948850
0.99971947097610203147866
0.99970882505772562520718
0.99972039750998187290776
0.99970993933813612208894
0.99971480310822602444176
0.99968723199991349481763
0.99971407462382722020067
0.99971757060848198683800
0.99971809478864170905865
0.99971258185210565283541
0.99971698320736746001813
0.99971505624026990588504
0.99971553816175162676672
0.99971814835463479465005
0.99971162473091590427998
0.99970756953632378127850
0.99971773924470541672349
0.99971652417654233158117
0.99971449850604532372245
0.99971670220312791599326
0.99971575896165776331515
0.99971637227567966554886
0.99971492091464408957791
0.99971572727295088256483
0.99971695396905035924107
0.99971690530100409954883
0.99971623532118036870031
0.99971736097025354350620
0.99971620027403107489050
0.99971642721585374236071
0.99971580360472778181702
0.99971593871416819521158
0.99971655451702934325198
0.99971587045151477646243
0.99971745164953107476435
0.99971652905571517511163
0.99971655018789762348064
0.99971774684316661030437
0.99971693600820088487779
0.99971634077553661601456
0.99971700519371875515162
0.99971800681990075077010
0.99971723278185331551526
0.99971643889254535597644
0.99971803029916361804652
0.99971735030592601134458
0.99971814592348029471225
0.99971696611526661424563
0.99971634787962804225003
0.99971636487045234531479
0.99971623598828196488597
0.99971607704413245620856
0.99971656979527712127975
0.99971827519253808613797
0.99971889120533707906446
0.99971799623032120418742
0.99971947638113312084585
0.99971799966171015494609
0.99971857702994282313114
0.99971631562756246847101
0.99971564594913298051893
0.99971613495377331659597
0.99971596660221839769633
0.99971545814270512675392
0.99971644954941041305574
0.99971885376079516749570
0.99971954876413382518052
0.99971749061638781608252
0.99971918553591854195162
0.99971703308459158865418
0.99971880959252834575324
0.99971674504118612780701
0.99971571617518772967514
0.99971597095777731123434
0.99971631212721800974208
0.99971617353167063768637
0.99971682098361891455340
0.99971836149573312102490
0.99971878783645240496014
0.99971715970976615661669
0.99971876245290436369118
0.99971798081089346954542
0.99971774430178617087961
0.99971646768481825517938
0.99971642184718423340684
0.99971685305647273178664
0.99971724669975048360726
0.99971624553801097246009
0.99971585606765744902447
0.99971735343604462009637
0.99971920742416231497884
0.99971912131299478510016
0.99971983157319066481961
0.99972000089019530388867
0.99971734650354637796710
0.99971537026922230317894
0.99971578173411657086689
0.99971726089398205150616
0.99971765776269627679085
0.99971757408383032927901
0.99971694137149824666011
0.99971537963240086899219
0.99971526907264840478007
0.99971758295752621847896
0.99972019310528437152641
0.99972023638495810526905
0.99971998930425531870725
0.99971984086048104600764
0.99971770265077330996917
0.99971548509930430181925
0.99971529163045025345724
0.99971657874627761763975
0.99971730483075937900850
0.99971706935749671263380
0.99971639252139610221093
0.99971550574969370028811
0.99971569202262622333421
0.99971742451224132608445
0.99971926476078620815713
0.99971916295808227470587
0.99971837026448107099696
0.99971862489214324831721
0.99971675287472583359971
0.99971557693295631796815
0.99971573612303687994540
0.99971640973694686493900
0.99971699330957786155949
0.99971700768014415405815
0.99971644375726254061476
0.99971567619008272487235
0.99971509233234356894826
0.99971595436272975288006
0.99971768149282846938064
0.99971844997587300252206
0.99971739306426932181182
0.99971855808329523895850
0.99971535599618654988063
0.99971445830065730486780
0.99971525418529849638105
0.99971627003989826931729
0.99971695275235250566226
0.99971672189022575683026
0.99971584358148546378686
0.99971468960661846736571
0.99971399113262637836641
0.99971514214321488545067
0.99971740062180747266041
0.99971868006651365412552
0.99971742618482895004206
0.99971860660403810694419
0.99971522640773224921418
0.99971387752939289139675
0.99971428450886479222248
0.99971531763939314174650
0.99971634968561640111062
0.99971599435061653249335
0.99971493516827514280720
0.99971421222144651874686
0.99971404561032706226342
0.99971534259864169857934
0.99971726492291346222174
0.99971828762298087234228
0.99971689653543815978765
0.99971783921975787556846
0.99971526667711452240894
0.99971423645876378305530
0.99971437448917466195297
0.99971481362069891662969
0.99971578530780125237953
0.99971572316621504228351
0.99971483721878207084899
0.99971447324642770393410
0.99971418716080961974768
0.99971496628576794751808
0.99971645667443309601907
0.99971742362963400552189
0.99971612456326164330989
0.99971710113540868114512
0.99971457123968010538562
0.99971382948235432142070
0.99971425897622967493561
0.99971472696871577223732
0.99971565142440932394408
0.99971535182919124551404
0.99971426321971412765066
0.99971368089356993369421
0.99971331158916021397687
0.99971427384641387003938
0.99971594939807784108154
0.99971682742758349871082
0.99971586161729408814836
0.99971646836479099995643
0.99971412964758243901997
0.99971288109002753863308
0.99971292843261172489377
0.99971345628378616154919
0.99971473862923387887491
0.99971392198593556077668
0.99971256137622777071527
0.99971230154286527813667
0.99971265996396463382467
0.99971409691150736609444
0.99971571587384633339468
0.99971594427227949974935
0.99971540584181350919124
0.99971402930056341151754
0.99971261432275748681775
0.99971198898696100876293
0.99971190756898986595758
0.99971316174828828149401
0.99971273234281909925159
0.99971167129731086653521
0.99971194866630419539888
0.99971258783136762726684
0.99971380921081587356269
0.99971497955410759672645
0.99971343563322001557481
0.99971457018605480726592
0.99971240045264586626672
0.99971196913632665026483
0.99971176184251164809069
0.99971271700499364509795
0.99971295652215297344867
0.99971187925831361820173
0.99971178482861611236387
0.99971200863376230572044
0.99971302766379055437795
0.99971429084274687770773
0.99971268993300255178980
0.99971415665908147651919
0.99971147978192198557679
0.99971127095487533065210
0.99971170731121672403674
0.99971313337907030671659
0.99971299064046015292462
0.99971111254517164290689
0.99971051739969940541641
0.99971093820944234575876
0.99971245846524348088735
0.99971408556866514505401
0.99971227440432131050585
0.99971398816449896784775
0.99971046530921681139148
0.99970970173973427996827
0.99971020994782366919651
0.99971241873397964639025
0.99971155868397432175954
0.99970929065517744049885
0.99970901871838346863797
0.99971007642078923982609
0.99971203943329922658734
0.99971380657747077602693
0.99971173392113998890096
0.99971353455957867595316
0.99970972101434274481591
0.99970852468787441136300
0.99970860920129134274958
0.99971074964705153309552
0.99971026180392741355973
0.99970826302982895850135
0.99970819984884073949871
0.99970937388237801624058
0.99971138516194768541823
0.99971322997025380274749
0.99971107541823001074732
0.99971295927927839031213
0.99970904291356488258202
0.99970798024698281913913
0.99970817096488817643518
0.99971015684511232990417
0.99971029314665860177058
0.99970816876320101052045
0.99970778624835188175268
0.99970876389993157395963
0.99971084415516908716626
0.99971271550094664704034
0.99971066350787562981850
0.99971246783684464265463
0.99970855731580321457130
0.99970757889985051303228
0.99970811112474500248481
0.99971042045475067006066
0.99971037052276046086519
0.99970793043654104792495
0.99970734969704810879421
0.99970834874133429615028
0.99971045191335639046315
0.99971219150795032071244
0.99971013524204843658794
0.99971188707734914835612
0.99970804408775493232753
0.99970707610817144406212
0.99970765179730869398611
0.99971011719399471839864
0.99971011209490567850366
0.99970978496479556696386
0.99970976309642167745295
0.99970732674421247665464
0.99970672170736862849338
0.99970759678586684771062
0.99970970284632398872304
0.99971158055868847291947
0.99970921937836987325454
0.99971127656501146407919
0.99970703268094784910147
0.99970627237234166440061
0.99970700101254761360536
0.99970943482728524820402
0.99970948931326908404316
0.99970931165532883611036
0.99970920862933165818021
0.99970668127848127948454
0.99970577809942728908510
0.99970647469841822374548
0.99970877646119882253828
0.99971094527120407668974
0.99970840490421064572502
0.99971054503545253577812
0.99970601846097562059867
0.99970535002008842351273
0.99970638275122947202789
0.99970905661032438693780
0.99970923772301523158035
0.99970918087632520965258
0.99970889418353792166272
0.99970614553368952748258
0.99970507077580839094821
0.99970570763438715289340
0.99970809674249805354407
0.99971007015687696206641
0.99970777601232652109786
0.99970956801709109917908
0.99970550034342675616017
0.99970493062679433027284
0.99970598170009283833792
0.99970867419529185760041
0.99970901939659162493967
0.99970870031836389646429
0.99970837159509617908526
0.99970586073746092736769
0.99970484972190143402315
0.99970528462760055443681
0.99970741698532461505522
0.99970911713511800833487
0.99970703842878394507210
0.99970875368896905399652
0.99970495766417655225666
0.99970469139280693227079
0.99970571844071587364056
0.99970801041504286921224
0.99970824972459415569404
0.99970775733350836222968
0.99970761516339301522294
0.99970548598448882859913
0.99970437505467635297407
0.99970450735877713910327
0.99970665746819431518588
0.99970843146048071758969
0.99970626993621669598156
0.99970803092282356505649
0.99970400976812934246141
0.99970392903122684558070
0.99970513567902263840637
0.99970721215104874080026
0.99970730511306293841756
0.99970694892845579637708
0.99970682598961024822870
0.99970473129476300488960
0.99970347143707938286639
0.99970354406331762842086
0.99970583891947872867689
0.99970741604994595164158
0.99970532181022697670869
0.99970658735336737077404
0.99970315568191325805714
0.99970313811882594023928
0.99970439275032296766454
0.99970648585194332724768
0.99970669175801429862105
0.99970652228594647503712
0.99970621998783337769368
0.99970422309083284417852
0.99970297245255490548033
0.99970282502497032073308
0.99970475370743439036403
0.99970252633251732721220
0.99970422899159050444950
0.99970291486831774907529
0.99970420441445018155946
0.99970605074488305685776
0.99970637173286658327953
0.99970617106512693617049
0.99970591556792764986739
0.99970420985712882266938
0.99970284761716454724478
0.99970225221596364928445
0.99970386928341681276322
0.99970203663856960218936
0.99970376575003150332321
0.99970268271170426022110
0.99970408459192627859125
0.99970567600966120380690
0.99970586022959495586804
0.99970539701743188487626
0.99970522626951219269387
0.99970373855604122148577
0.99970239760784396221283
0.99970190944376424724283
0.99970383108558735774096
0.99970182216707625943997
0.99970383842400922791427
0.99970207320489523628027
0.99970320497515952062884
0.99970456477425895247535
0.99970479373046916560241
0.99970412642648587286942
0.99970380158199512177220
0.99970262941802690015436
0.99970177219891953601660
0.99970166307678376416135
0.99970355032662761018969
0.99970132402259503923148
0.99970288002817264683131
0.99970149171555078293494
0.99970216380140597411952
0.99970311803277289719460
0.99970351943812141293222
0.99970317036724676285075
0.99970266301362509242523
0.99970186812017403088504
0.99970118729503854027030
0.99970077619966812854102
0.99970199273991533495121
0.99970015861421812619625
0.99970120907832049628183
0.99970081005535060825196
0.99970167274427235160061
0.99970245645734445716357
0.99970307538041025541276
0.99970316216320764812764
0.99970236819714364262524
0.99970144150711626185313
0.99970041904961282064335
0.99969971535216095581688
0.99970084622287769260396
0.99969962258714928360348
0.99970098360625259115153
0.99970010332486991533330
0.99970111724365973149276
0.99970219422115491614278
0.99970326049370550336448
0.99970320294693282292542
0.99970182324697909326261
0.99970072973327961385337
0.99969996317550580133826
0.99969987497264312104051
0.99970140023574738386003
0.99970022093723820422184
0.99970170201216579375370
0.99969996130575855541878
0.99970036624619762477550
0.99970131228295888714541
0.99970294001147486095959
0.99970259114830606339552
0.99970083641923168649157
0.99970009174669105522781
0.99969994405791429148422
0.99970030230602746623703
0.99970157187355779271343
0.99969991109472888801690
0.99970095240512113488052
0.99969968311113321934869
0.99969986124530396676136
0.99970055154885384407493
0.99970236339302320782707
0.99970241818301541769642
0.99970046460180861380707
0.99969955713629143900789
0.99969907470891206102692
0.99969911092591356993609
0.99970006981505821208600
0.99969823277196834254710
0.99969930172674070778527
0.99969821480629672549867
0.99969908519121142287389
0.99970044380932876482149
0.99970272881411104126670
0.99970282790931042082860
0.99970323367935653990912
0.99970307918393030988113
0.99970031707561091138814
0.99969847671417988443920
0.99969742387512561254681
0.99969765314533021172139
0.99969887151598113561590
0.99969753045923737122536
0.99969876734429585773967
0.99969698963464270757839
0.99969792604584828410452
0.99970002490464993094577
0.99970321806127682151555
0.99970344794855903192143
0.99970331378303178837541
0.99970303834050944224998
0.99969968581324231138296
0.99969766211040633763218
0.99969697624249076461922
0.99969771407145147090745
0.99969873887865667860808
0.99969783464315742360640
0.99969851505056239737712
0.99969717834980420523294
0.99969775033127361574259
0.99969951898254671984745
0.99970268315227217570396
0.99970287371153743194441
0.99970237653571025759902
0.99970245037624971828905
0.99969966613586824788484
0.99969801763922239157267
0.99969721719128445958091
0.99969755258479997550580
0.99969801933336643884331
0.99969682977734919404611
0.99969737022406279791653
0.99969680271226568635257
0.99969816069775241373918
0.99970006742477146577386
0.99970258168131032050496
0.99970212944760483697593
0.99970226391996797055128
0.99970305218155008919467
0.99970046469055706683804
0.99969794019153002118117
0.99969598169715523372503
0.99969594251280369245904
0.99969675645376365746841
0.99969526606426672987737
0.99969626894012031392833
0.99969510462733557343284
0.99969740719864474964851
0.99970058443821663285433
0.99970355906062147166580
0.99970261756411726850047
0.99970281285440543150855
0.99970372215161096285385
0.99970032685118592752360
0.99969685586895362661153
0.99969459140420324771981
0.99969500367465524703903
0.99969583371894610301922
0.99969502336793980568075
0.99969525381883383996495
0.99969462727277569324968
0.99969663180585888184737
0.99969987896386336423404
0.99970333551658696613629
0.99970247336050110931183
0.99970149311069289588261
0.99970250744496191863675
0.99969955219186612538351
0.99969686654971134931458
0.99969498597634876002616
0.99969495817973863527328
0.99969516668988611662883
0.99969449908002616655978
0.99969732087441809387229
0.99969951764340403421727
0.99970162178464039293146
0.99970015993412897348236
0.99969892580632402356855
0.99970103014709288391515
0.99969965782725755953919
0.99969754736435978426101
0.99969479060956101257318
0.99969360084470493266195
0.99969386582012764730365
0.99969250139548615496921
0.99969719887341956798821
0.99969964501036046033988
0.99970080176307252184387
0.99969818381098096704562
0.99969799125625913305271
0.99970066839500737465585
0.99969919922055328065369
0.99969634607964208417030
0.99969278904272906860484
0.99969151018895541227494
0.99969201701686072336628
0.99969075288174158444576
0.99969541931766614517585
0.99969833028930188412176
0.99970027668800587328235
0.99969803478746699365587
0.99969789291119626195581
0.99969947998207664419112
0.99969735563320127891274
0.99969486731883094865481
0.99969167431898020570458
0.99969022849894506599355
0.99969157579796308343845
0.99969000331278867754747
0.99969472024758898598407
0.99969661541778975788475
0.99969848888235179895645
0.99969737943203518248936
0.99969670277644928635397
0.99969765644811670046721
0.99969610453929880211632
0.99969456251656507728143
0.99969147273700598166357
0.99969037397419613366623
0.99969150162868536391159
0.99969135508185158478511
0.99969399756866383910392
0.99969543041483810430492
0.99969711202165789654117
0.99969629059752829203234
0.99969641278153820174168
0.99969660193800990999335
0.99969424361013548008259
0.99969321052634441127083
0.99969196733899967632908
0.99969103604341069679862
0.99969194412348783007616
0.99969297389056865910106
0.99969283679226239591742
0.99969575866654103446507
0.99969655820819713909486
0.99969593045149829357854
0.99969471790389607956939
0.99969224496723785300389
0.99969319187276672877829
0.99968632471481477796971
0.99968974656421083491153
0.99969284416284254213281
0.99969440655138352980202
0.99969419653821844917729
0.99969229889769073427175
0.99969556335039400085662
0.99969116715688399743556
0.99967547735640815975700
0.99969568456613844276148
0.99969185936803484082702
0.99969170099068538348774
0.99968376135025582840399
0.99963359934009421436940
0.99968046633854534821495
0.99963091131346626383447
0.99962605284870065247560
0.99949426868389346090282
0.99958413706568749468317
0.99963798517383561925698
0.99969216323841392224381
0.99971524035707748367940
0.99972057996024410453373
0.99970677122951734361322
0.99973558604428802709663
0.99972444265886450942560
0.99973651070234437199247
0.99972548479630851669953
0.99973094494750092131596
0.99970267637756216050349
0.99972954014086512497528
0.99973369944187062685614
0.99973420353518405168103
0.99972806728754270988446
0.99973308700261820369803
0.99973049403490443776121
0.99973165458070112343592
0.99973362709477997523067
0.99972710376115370145556
0.99972332735326674413301
0.99973320581172520071789
0.99973201488484142451796
0.99973060348111741912902
0.99973280136705167109312
0.99973116048878440942360
0.99973246582632913082023
0.99973101526008834039061
0.99973123131272056962615
0.99973240588591949506991
0.99973268002780835139731
0.99973214097454354831740
0.99973315044984434329933
0.99973163803120368431365
0.99973194449209168421788
0.99973188887170560956719
0.99973202463158838959600
0.99973263270306966798984
0.99973194633542961096140
0.99973298142096111984500
0.99973195459798669393336
0.99973235449207631386770
0.99973365599797947567140
0.99973284910495874289182
0.99973215930749392832411
0.99973242006373463919289
0.99973354890771282121875
0.99973330499846668750763
0.99973250367086230472324
0.99973409745531238712601
0.99973340253983578040931
0.99973370050940657538519
0.99973237063806041913239
0.99973218103512662136012
0.99973228970032579354665
0.99973217298225958149516
0.99973192527985399458146
0.99973196431380573212522
0.99973384268300402588636
0.99973495439241977233991
0.99973403382470549249916
0.99973553826407346445393
0.99973402023202195820772
0.99973415727770631455940
0.99973170231466268464970
0.99973150911989494549204
0.99973208363935484044305
0.99973192863990312240219
0.99973133486237197864455
0.99973183089141626211926
0.99973444629350882717489
0.99973561128746413206869
0.99973349306495840060904
0.99973524891686427196191
0.99973301691429516946386
0.99973441429679721359491
0.99973212277869938358066
0.99973160580595821222971
0.99973194681465515909480
0.99973230184079842075562
0.99973207563829258326393
0.99973219558312809152056
0.99973397940287511698187
0.99973485299137332393826
0.99973312438473027619068
0.99973483162078768948788
0.99973392551106299297459
0.99973337491672020771460
0.99973184078694943277554
0.99973233605679401314603
0.99973285555685842407314
0.99973326276740248630404
0.99973217024176641576361
0.99973122984200457619153
0.99973299655170966282469
0.99973528210618889389139
0.99973504565455795223272
0.99973591289207830445918
0.99973590509939302961584
0.99973300215826277348441
0.99973074674598905176026
0.99973171511626890417546
0.99973329055932058651024
0.99973354868534569650507
0.99973346207572200139424
0.99973298443248237443726
0.99973132073685810894403
0.99973064886110585280932
0.99973325222521425281741
0.99973628154898652731219
0.99973612131320976903481
0.99973608548488446245983
0.99973570720096471831084
0.99973338568453362640298
0.99973086911431108259052
0.99973124094792409355392
0.99973263402788525855414
0.99973318902266072871754
0.99973295029613207240970
0.99973246025905160294656
0.99973146200215334822303
0.99973108205786342939092
0.99973312104283740264776
0.99973537058796169141317
0.99973501065213066230086
0.99973448725967850592156
0.99973445565703100701427
0.99973246226710421602490
0.99973097442662939293712
0.99973169776039338962903
0.99973249023299293192224
0.99973287144027822570536
0.99973288161816586949726
0.99973253724044208734512
0.99973164217653953667053
0.99973049771468558422072
0.99973167732742762581211
0.99973380930086985785010
0.99973426660575326341274
0.99973353256810537637023
0.99973436273417137787334
0.99973109339070165280106
0.99972987178203520652886
0.99973122429814376133095
0.99973237602523290501466
0.99973282177474154241992
0.99973258495415995295019
0.99973196126532637428852
0.99973066311274116912955
0.99972941325596698103340
0.99973089390030711598456
0.99973355384164552805970
0.99973447415884575395495
0.99973359430704167305493
0.99973439268833885762433
0.99973099234676809921041
0.99972930983054986153746
0.99973026057838565439084
0.99973144695858162656066
0.99973220689353603507499
0.99973184437990303408128
0.99973107656748094740351
0.99973018904487742641862
0.99972948892128676856572
0.99973112272125586041938
0.99973344815521980599726
0.99973406861181468574529
0.99973309500077245370875
0.99973361858436615712264
0.99973106212040740992109
0.99972968979096887842672
0.99973035150288114270012
0.99973096662051552652173
0.99973162582330687975229
0.99973155300638205655872
0.99973100043819740356810
0.99973045072245181330572
0.99972965035303951175649
0.99973077736145976590620
0.99973267157950340688899
0.99973320431985746026271
0.99973235742273991455420
0.99973288553242445342306
0.99973039773484029257844
0.99972930322629049992855
0.99973023575016872754873
0.99973089980763396589225
0.99973147005517026819632
0.99973115851614113847035
0.99973044543480504842137
0.99972965504260413727167
0.99972879598661523736780
0.99973011544828149776976
0.99973220120230221752422
0.99973261950238545558989
0.99973213201436150754375
0.99973227304046796692916
0.99972998763515896758491
0.99972837528411817586971
0.99972889946803478178339
0.99972964683896259341367
0.99973053057176608504619
0.99972969862581095856768
0.99972875907485403423891
0.99972826935556857730347
0.99972816343692727514281
0.99972997195353952015751
0.99973200509450033113268
0.99973176571359456676902
0.99973171515885272953028
0.99972992133602511799495
0.99972812673536470828850
0.99972795330340302744077
0.99972811142799666850323
0.99972892290723414099318
0.99972847754157811994702
0.99972788137922863338503
0.99972790809297806813305
0.99972810934170286412126
0.99972971742197258571139
0.99973130955865174840369
0.99972936022917613385630
0.99973092038980249096625
0.99972793050333341735580
0.99972792261912080125086
0.99972797761075149480803
0.99972844524655601894381
0.99972866724262177129390
0.99972810029299896683597
0.99972773173345463870731
0.99972754569121990986247
0.99972896943459799157239
0.99973066063284909965603
0.99972864860683552379328
0.99973054637954361645313
0.99972702278598324365788
0.99972721171111722515690
0.99972793229520473534677
0.99972882802112117417437
0.99972867816446087108062
0.99972734074396840675547
0.99972645042420771321900
0.99972648739472302903408
0.99972843324307891776925
0.99973049638020450302633
0.99972826506692857861935
0.99973041919353555773142
0.99972602021560774687714
0.99972562615419979792364
0.99972644094297946626426
0.99972810637167619507437
0.99972724711783811368804
0.99972552462933950145896
0.99972493383781169118407
0.99972563580292728158128
0.99972804686670246887559
0.99973025628070777415246
0.99972775840411076675451
0.99973000313290905083363
0.99972528421267981002529
0.99972443122588461328348
0.99972484467078814862617
0.99972643935752214527923
0.99972595496877758591836
0.99972449890753944945487
0.99972409769928061162858
0.99972494063479289128082
0.99972742680153581229519
0.99972971748126049362781
0.99972713367423515773424
0.99972946504076221074797
0.99972461340590601519551
0.99972386891268527620014
0.99972440693773634290409
0.99972585402826075196003
0.99972599419795937780719
0.99972440440002618977644
0.99972366481317731512490
0.99972433791520309842582
0.99972691986682005182985
0.99972923864163287799300
0.99972675757127282825110
0.99972900772329642560265
0.99972413381309965796362
0.99972344848214123036456
0.99972434504433149715652
0.99972612610282451939270
0.99972608276323127185492
0.99972416115725482033127
0.99972321120149709727798
0.99972392728035364140027
0.99972656451101593599873
0.99972874748434203961978
0.99972626561083488549997
0.99972845964601120272164
0.99972362507215772886582
0.99972292925353312131875
0.99972387820767683042078
0.99972583619291544021479
0.99972569321616688853283
0.99972536016437396622081
0.99972548904274405323633
0.99972354809624464078155
0.99972256586180374693384
0.99972318009206351252516
0.99972585078653819490313
0.99972816942300501974472
0.99972538543100208929815
0.99972788080558283585475
0.99972261770787718138109
0.99972210833226593518219
0.99972321685448017891673
0.99972516749522299939201
0.99972505936910638357773
0.99972487747552674086648
0.99972494896359576088685
0.99972289017998461346792
0.99972160691118860942339
0.99972206080592185273304
0.99972496100445318312211
0.99972756506857862746074
0.99972460672689478222708
0.99972718179889252798631
0.99972160585991420855834
0.99972117179194286418209
0.99972258323025475768020
0.99972480529548357619518
0.99972479971098826556641
0.99972473782126636265843
0.99972465119080222706316
0.99972233752098782488815
0.99972088503096045997154
0.99972129696756584227302
0.99972431494489644165924
0.99972672411584040386145
0.99972401066178318007616
0.99972623937813021033350
0.99972109144320731033417
0.99972073745074352402185
0.99972216537058089524947
0.99972443851285486271507
0.99972457096002342868957
0.99972424623531408460764
0.99972414397183828604909
0.99972203502795908836021
0.99972065012562361108195
0.99972087670579645735103
0.99972366818445967950879
0.99972580678783096175266
0.99972330523570263061117
0.99972546315708921138565
0.99972055105965040855409
0.99972048584860284670128
0.99972188242479509412419
0.99972379143647238652903
0.99972378897680369558287
0.99972328764270668166603
0.99972340486301103368305
0.99972163950626746764527
0.99972016278030917391106
0.99972010271982314488781
0.99972293894435670935650
0.99972516237648367809498
0.99972256590572616818946
0.99972478449544821543782
0.99971960731193409976925
0.99971970902502738098860
0.99972127893457185532355
0.99972300983066653135012
0.99972282460534800385688
0.99972245738271758863647
0.99972263162348840026539
0.99972086422025863150509
0.99971924432357572865016
0.99971914352998181296783
0.99972214951290516715687
0.99972419346659635586150
0.99972164689661202618964
0.99972339025030476644673
0.99971875729180625924641
0.99971890437539756568697
0.99972051475107015505728
0.99972229955197422501811
0.99972218750633401462835
0.99972200347538586751028
0.99972204216080118310828
0.99972033387183989461278
0.99971873177016612466161
0.99971842907294694580145
0.99972109269594999769737
0.99971813393973152361838
0.99972058139405273191613
0.99971866600563330518270
0.99972030496453534453849
0.99972187993801098215840
0.99972183633996958285195
0.99972161835742257007809
0.99972175064278423484154
0.99972030072362216834847
0.99971859041213517738100
0.99971786398832751530108
0.99972023573620116820848
0.99971765215743724208863
0.99972014721131441383761
0.99971841753176415856785
0.99972016511211625466871
0.99972151634701900135838
0.99972128954545391721354
0.99972080649314132294592
0.99972107172072388614481
0.99971980819948425001087
0.99971812427506168141633
0.99971752917050316078473
0.99972022676431082643944
0.99971744784491323176923
0.99972024792464264653091
0.99971779028667318023338
0.99971926383546239058830
0.99972041314070059225827
0.99972018215834868026803
0.99971949431835771537891
0.99971965148185937266589
0.99971867810083347993810
0.99971747866979943086818
0.99971729510019513575969
0.99971997408076873625760
0.99971696188610614797199
0.99971931872647479266902
0.99971718775080398167177
0.99971820211492112839835
0.99971896829248707572191
0.99971886541836230133384
0.99971850797295935819875
0.99971851338135253595141
0.99971789481705441993142
0.99971687229181360745400
0.99971642008432470838386
0.99971844646659124844490
0.99971580908910662177647
0.99971767784771137232980
0.99971648306295768371399
0.99971768748133627013885
0.99971830565257691070258
0.99971840416842316923152
0.99971848321958611816029
0.99971821513482594934175
0.99971744493254965924223
0.99971607842527476783800
0.99971537293162893167420
0.99971733010719765477603
0.99971528709098711473757
0.99971748378327718320691
0.99971574855184563990207
0.99971710914646128021133
0.99971803718886453893333
0.99971857450804058053961
0.99971850989230537365415
0.99971766200588552120365
0.99971670896849063048251
0.99971559400702292297325
0.99971554596255252089776
0.99971791808033794168864
0.99971589845479369440540
0.99971823699311568311998
0.99971557769033692064653
0.99971633225344425088821
0.99971714597656835543660
0.99971823895300959694765
0.99971788264758620901063
0.99971666404518266801915
0.99971604446176554059633
0.99971554434902587527034
0.99971598750117807163917
0.99971812334366549901432
0.99971560360413225243548
0.99971752141640357613994
0.99971526641827290760034
0.99971580061970299890817
0.99971637149782754949712
0.99971764795352058285971
0.99971769660104026211656
0.99971627607340796117796
0.99971548266987497743941
0.99971464098697759848022
0.99971481007589557687965
0.99971665696866063299808
0.99971393853248347038942
0.99971590647608210566943
0.99971376419406210445118
0.99971499576358158201117
0.99971624619397025934830
0.99971800039443903251879
0.99971801542617744207320
0.99971841164687791359000
0.99971834402605763703065
0.99971610974675451100069
0.99971437154375542011309
0.99971295528321524326287
0.99971336664699850249605
0.99971549386264746406283
0.99971325192915327928489
0.99971540784698942339048
0.99971250229051822344672
0.99971380614419769194967
0.99971580593290410021723
0.99971847662702617576258
0.99971861825191110639821
0.99971847677687442068617
0.99971829168567427625902
0.99971545412383133744072
0.99971352772941435294030
0.99971247020558784424082
0.99971344339176748672315
0.99971539811667198272005
0.99971357079130185319116
0.99971519386708529442132
0.99971265408709064637094
0.99971360020750532626721
0.99971527403614712792290
0.99971793033951450446750
0.99971802951795296632298
0.99971752618349885022297
0.99971769118907771733973
0.99971540769093991674055
0.99971385151067615471021
0.99971267426096743768937
0.99971329535469410920712
0.99971471780468190715396
0.99971257956482939555087
0.99971408813257345293835
0.99971223993071145486056
0.99971397931120686841666
0.99971579434917967610374
0.99971781592970243579543
0.99971727429908874285047
0.99971740493647143210865
0.99971828058933409622000
0.99971617614300822829421
0.99971374345962360496998
0.99971139853573065536807
0.99971169842296525587244
0.99971349536272835489825
0.99971102624200502972940
0.99971303062597238753284
0.99971050176303033474312
0.99971319440725125993197
0.99971627980913169153609
0.99971878121386315019237
0.99971775518341421395974
0.99971794773747868489977
0.99971893725022542565029
0.99971600612628130910764
0.99971262647959224789673
0.99970996961995106655507
0.99971076761735333526815
0.99971261846956616103910
0.99971079100932447314420
0.99971206195150996709486
0.99970998584068881953613
0.99971238565281428378739
0.99971554233938653144520
0.99971854270199145275910
0.99971760765445627505699
0.99971662868860311501606
0.99971770769819412461032
0.99971519931794150526372
0.99971260428016395227502
0.99971032444333274291637
0.99971072841026575872547
0.99971048573420651095489
0.99971027009330937218579
0.99971304229157742504697
0.99971514852656939709163
0.99971681529483902295397
0.99971529802161374078651
0.99971406890183844851094
0.99971621661681986381609
0.99971527377726965291060
0.99971325097187158092993
0.99971009110116526574785
0.99970937105816937151559
0.99970914696757995354659
0.99970827018652275164357
0.99971288388431411853219
0.99971524656941923581144
0.99971598082385992878329
0.99971333592789601851791
0.99971315719741860039704
0.99971584042056793606434
0.99971478650623157857780
0.99971201267999409978415
0.99970805035480170275264
0.99970727693935723667806
0.99970725888908451572945
0.99970651668185162019853
0.99971106679102095249334
0.99971390348799327174589
0.99971544161201286726737
0.99971321843414528984795
0.99971309874219549396202
0.99971463752633116239821
0.99971291628401914852731
0.99971049492488406329471
0.99970689768547560394296
0.99970598776164154575241
0.99970678122602030235555
0.99970575786491810976742
0.99971032731121256542650
0.99971216536903650951018
0.99971363805801261026573
0.99971261371719455368634
0.99971197339405759585418
0.99971279672688351247700
0.99971164533742584712428
0.99971014866693330702674
0.99970666049780443351835
0.99970612356418819821613
0.99970667170102933685172
0.99970710003255958131518
0.99970956324163151585083
0.99971096276099247202040
0.99971224395628077719067
0.99971160466782160725074
0.99971177157120871825668
0.99971172606736879995282
0.99970976936555600023127
0.99970875569244022074145
0.99970712150378693294783
0.99970677449681955017979
0.99970708334743740852701
0.99970849741985112757447
0.99970835805619617797646
0.99971087380595224924917
0.99971196655167404720999
0.99971139286116472710830
0.99970982311615153026452
0.99970776408483674746464
0.99970869322839128745528
0.99970144676729633115286
0.99970522473432932297754
0.99970836188817679968110
0.99970950202455466371276
0.99970971626899085560325
0.99970787826435947298620
0.99971064933328712687199
0.99970668361527326162275
0.99969098837627612397227
0.99971075975157053239428
0.99970750249130646558626
0.99970741315384625824692
0.99969882153523847989618
0.99964863492979250114701
0.99969625543966444958244
0.99964701252677568010796
0.99964191872171315189632
0.99951049379899614688583
