0.93314675433151850203473
0.93321335824649997991997
0.93327021862262704576807
0.93330232217450737053355
0.93330630893449195717437
0.93330162777656155981276
0.93332933782218852059032
0.93331532051293297769234
0.93333509332550812498397
0.93332104912426405718406
0.93333270309928650920739
0.93330928667454748914878
0.93334281135971031151399
0.93334042024704300111182
0.93333716388978449352010
0.93332839492862185171163
0.93334039613498209764231
0.93333556922460281235487
0.93334282486771125153524
0.93335176710843670289108
0.93335029526917390185758
0.93336009908957984215760
0.93336163784551673394674
0.93335462073156483242542
0.93334631512026622335298
0.93334459182414875044742
0.93334086362134671688295
0.93334875150263363341452
0.93335148090351727212521
0.93335839840747658602282
0.93336559507735572527309
0.93337503445318048544976
0.93339451098013348495641
0.93338034657488555545513
0.93336956816469962561200
0.93336382540089668502503
0.93335718640231857268219
0.93335289540455834700339
0.93336272518608709436450
0.93335745749684118077738
0.93336954733618304747012
0.93337458652081950472024
0.93338411776094443172980
0.93340145335367630252676
0.93340551909164037880373
0.93338832405565363981026
0.93337963258054157389410
0.93337468478213181377612
0.93336816734469651990480
0.93336269545655570212261
0.93337365420364604151615
0.93336826042830156602292
0.93337929717711198840391
0.93338404154477561114334
0.93339266165315748491338
0.93340912016112553839520
0.93341315485868581180995
0.93339667048810093241684
0.93338799624327806192525
0.93338384475029334552687
0.93337916182116953400794
0.93337351681439362227621
0.93338436344816522183265
0.93337808368066443875932
0.93338857450134005144804
0.93339216536156832670912
0.93340054056705756835299
0.93341730509527709447326
0.93342148254756307501623
0.93340478430528528441812
0.93339679225776017723604
0.93339335664565115102675
0.93338907566310680419264
0.93338217024544700706201
0.93339333537468471835297
0.93338635840735473259144
0.93339786207104835646930
0.93340168976166759673418
0.93340956715692602330137
0.93342590700391092628507
0.93343068622234903752855
0.93341459075244870291499
0.93340636432171508740652
0.93340193134913695960364
0.93339762340028131770708
0.93339122675678198870486
0.93340227750776971760160
0.93339688533714570972677
0.93340587451266632257330
0.93341055049449217495550
0.93341936501392563929613
0.93343562336994168049387
0.93344036827969367742242
0.93342359408329067527177
0.93341441945915692990354
0.93340994559778345251999
0.93340743983850449350115
0.93340286810249584181776
0.93341269411171601255717
0.93340851278939473978369
0.93341443168507931549271
0.93341835356498514819634
0.93342747273678539077224
0.93344469094322446434120
0.93345151426273753614282
0.93345637901475719822031
0.93344863711446746101785
0.93343142725729100206422
0.93342271855243108547029
0.93341913332552761684013
0.93341768541412284410086
0.93341346806806080316221
0.93342200070850345205997
0.93341770877264951256080
0.93342373583429494310337
0.93342743795542015838862
0.93343575836431535996951
0.93345259470393038281344
0.93346109876009986106027
0.93346592670900996324690
0.93345682850367861504992
0.93344048632185716574128
0.93343221343513838039740
0.93342793825457270884272
0.93342581807768898460864
0.93342167763530548008077
0.93342943874062134224090
0.93342583500400844176426
0.93343179543677790022116
0.93343669988285182803622
0.93344527033211410760316
0.93346137746701818294071
0.93347095342972219444988
0.93347612308686400695024
0.93346592337045253273686
0.93344976100548660014056
0.93344082059841892995422
0.93343555418530621548001
0.93343334760846519149169
0.93343044684028253499264
0.93343770848529261652260
0.93343536617376021702341
0.93343952185300693713543
0.93344482152184549139662
0.93345389278857271442291
0.93347024747000983957435
0.93348120988353133764548
0.93348600827216865472025
0.93347420288564475487902
0.93345780200958539118972
0.93344892294692083378749
0.93344390845169800119407
0.93344233487281491612464
0.93344029603478428924745
0.93344696640477020643800
0.93344496105851937350906
0.93344858294327137659963
0.93345340344852201219794
0.93346186060758729041709
0.93347802881656538609434
0.93349061615499806521257
0.93349520551246323307737
0.93348196465732791171632
0.93346622422658309670140
0.93345817728363356113874
0.93345324624649506084495
0.93345131460371177922752
0.93344934836679671619208
0.93345543963253052588414
0.93345354082441989174157
0.93345774680112902910167
0.93346296480728585542863
0.93347088516228882149051
0.93348625903347060006610
0.93349997211434421195975
0.93350498404163306798154
0.93349074544768517736060
0.93347551844505316509526
0.93346752936207677553426
0.93346200607906471002906
0.93345951819027328522083
0.93345778864135831032200
0.93346369659654260253490
0.93346215210826199992766
0.93346623118750082781503
0.93347185422088041484301
0.93347987676611365870372
0.93349516759920492248170
0.93351007939320562734054
0.93351494013273250693885
0.93349925510603193323789
0.93348387992441261840071
0.93347607022221845696208
0.93347061831470634629682
0.93346810082049158641126
0.93346659418891064774471
0.93347264896805115519385
0.93347098899829650253679
0.93347519725911054511158
0.93348033906074157073363
0.93348774184663096953329
0.93350299264240732544096
0.93351950458288213141600
0.93352377694404298225095
0.93350655809276927854512
0.93349169478230720198297
0.93348483739046250740046
0.93347986711033004159077
0.93347707522649514544355
0.93347522103317670527645
0.93348133679844358390199
0.93348445921756950660608
0.93348946496906815006867
0.93349590134309479161345
0.93351036869322989719677
0.93352804182757875839371
0.93353257981997406211860
0.93351452596456352406307
0.93350035615452331416719
0.93349407153857810737208
0.93348885562555061756740
0.93348542657844624237384
0.93349309686693338061758
0.93348950344255898770029
0.93349845075805715222117
0.93350485444449182725890
0.93351904455438938779110
0.93353754173849334829782
0.93354279809889273433754
0.93352356531326541322358
0.93350913254391221229866
0.93350264642454772179292
0.93349725512933745541488
0.93349373848149119758943
0.93350157253049526051569
0.93349815145841630315005
0.93350671828280440411874
0.93351311366063782770652
0.93352786498671336268274
0.93354801468408987741299
0.93355256393899554989702
0.93353176322647790641440
0.93351687457531085101436
0.93351084250420590660013
0.93350609675013551669309
0.93350273038930864366591
0.93351067107719210014238
0.93350734838424254125044
0.93351515874282842144538
0.93352069115630953444196
0.93353542689997903725185
0.93355637105352307081318
0.93355988688216073878579
0.93353903766677848174993
0.93352465050795219170254
0.93351952148614669724225
0.93351529568381108603603
0.93351189558143654600997
0.93351982359722440740768
0.93351638689966309758717
0.93352396596165942987966
0.93352881790735309230911
0.93354293212634398280159
0.93356344071608010626306
0.93356729909962665736600
0.93354715553555267515407
0.93353314067097503681225
0.93352837431290802694406
0.93352425850242315430449
0.93352080453679531224509
0.93352868861107907161312
0.93352522589530784191680
0.93353272461946434912505
0.93353747351978577651010
0.93355161515228901603081
0.93357152097006690372183
0.93357596347193072539028
0.93355612467550364019786
0.93354181695897298087772
0.93353711344655321280328
0.93353318036293619908150
0.93352965045135927191211
0.93353769023663768500398
0.93353405275376433181123
0.93354154338629846687780
0.93354613657812957061566
0.93356056570705681085798
0.93358042577374222847908
0.93358471682823451764932
0.93356491502850791341928
0.93355042748397942808936
0.93354597046916254488025
0.93354215957831521155441
0.93353845246292965764923
0.93354657919026384771399
0.93354284580196877918468
0.93355038282727109688608
0.93355477450082624546468
0.93356918295482482772485
0.93358882889903260782205
0.93359431671672887809166
0.93359880827056895835625
0.93359283928711844779968
0.93357346416004338696126
0.93355901721063827558567
0.93355468724147938619495
0.93355094158871398946076
0.93354733669307143895111
0.93355533501188825429296
0.93355187362665437156295
0.93355889616230580685396
0.93356320714395091275861
0.93357774192206377517067
0.93359692062384569410938
0.93360329938772679270187
0.93360789289242662736257
0.93360108002604758059562
0.93358198647972723271948
0.93356735311077121419743
0.93356311221031340608079
0.93355968926564680820945
0.93355641470614025845265
0.93356415559214567245760
0.93356086779583391521697
0.93356738852941434370081
0.93357155550513371000676
0.93358629353230682124121
0.93360528552802257706844
0.93361250422644614932466
0.93361710534257302818162
0.93360941854844181619910
0.93359057591611749327143
0.93357584111109426228126
0.93357181660622690078100
0.93356860704097477388075
0.93356519336630217065220
0.93357304449827405168350
0.93356945467842988861662
0.93357635519683956903947
0.93358028470951137656186
0.93359492980249569882290
0.93361347883514733680954
0.93362159747285411448559
0.93362592210491990307730
0.93361753368831468247180
0.93359930115737466138626
0.93358476141990531793624
0.93358080673813004235484
0.93357741904313140679506
0.93357377142198838537723
0.93358173274855504875092
0.93357818332268072136770
0.93358514045935836467294
0.93358919637114423650814
0.93360372223717691397837
0.93362153251704793621712
0.93363016114571406589562
0.93363439052819907626457
0.93362553885857668678483
0.93360805913890565488344
0.93359347951602245085923
0.93358943500412194804738
0.93358607352777545074218
0.93358268047990833338190
0.93359048682957179732256
0.93358716061337498892669
0.93359368459315572597035
0.93359766244128139511815
0.93361230325870514512587
0.93362956176338873781617
0.93363872483090137865958
0.93364308686717534246924
0.93363360404586537288907
0.93361649077253816564337
0.93360186033297620777915
0.93359799882339644661045
0.93359487641163474425099
0.93359146831716821601788
0.93359920298202991872927
0.93359555835150498381836
0.93360238532825390311842
0.93360615882058817227573
0.93362071707997984493232
0.93363761510614373673178
0.93364757773083428826766
0.93365206354668595079005
0.93364167851143842202788
0.93362507024574969971553
0.93361062345750622792906
0.93360680248789396085130
0.93360340912804928859003
0.93361123545706459214699
0.93360762061295599067989
0.93361514391326094752799
0.93362951151628736923271
0.93364580293275589717439
0.93365653374885837489927
0.93366095978819085843270
0.93364990008628034878768
0.93363398499615934955642
0.93361964403514285937291
0.93361564254218387670647
0.93361197793516637055689
0.93362007278672931587238
0.93361659390336848574066
0.93362404601531623349331
0.93363834904473219644672
0.93365399179632935222628
0.93366531990961965092879
0.93366963832695293312725
0.93365788385836834262221
0.93364254350185260644679
0.93362836914062252713364
0.93362466512995301304301
0.93362141321564018348056
0.93362935457726936583356
0.93362620719318178963420
0.93363271487049981356421
0.93364662861301039864514
0.93366163887111641717098
0.93367390098134039888578
0.93367814334121634889385
0.93366537026115492547973
0.93365067229993548014733
0.93363714214586923656469
0.93363405518832975893417
0.93363078833628365682529
0.93363854329235873574788
0.93363498873943329137148
0.93364163738476402265576
0.93365489869865248007130
0.93366922735853141723794
0.93368261986129763574382
0.93368655875045936110013
0.93367325039847570700147
0.93365928575908996300825
0.93364608187140596395892
0.93364283542800019510821
0.93363895198035407041459
0.93364702911858221678898
0.93364301011611450231698
0.93365043966832705901737
0.93366370469827464351198
0.93367746019039088434255
0.93369072703061373186273
0.93369497647027577258427
0.93368169858213034828509
0.93366796973203025622468
0.93365463941045712115141
0.93365130070265678341457
0.93364744186828219074670
0.93365589201369447724943
0.93365233643954181896873
0.93365891006574031063536
0.93367211430384156045648
0.93368580336828588261966
0.93369920699787534168479
0.93370325057264169643645
0.93368968812532648904323
0.93367614569152379555561
0.93366330410671538597711
0.93366078632595506103797
0.93365748723972374900626
0.93366580723738090696884
0.93366251300703817506133
0.93366787160886699492579
0.93368026693955430417304
0.93369350328905420521863
0.93370717569122219092748
0.93371102040062370353013
0.93369740493208142062542
0.93368452319483508095033
0.93367249704478960659060
0.93367059283719788798095
0.93366715619109452717339
0.93367495624698981782075
0.93367135843404958084335
0.93367699261120218334753
0.93368892748158383021462
0.93370157307027301651914
0.93371507956774690839552
0.93371943489144826333614
0.93370599040972401816418
0.93369327410735314387580
0.93368109068658766691584
0.93367898773407287382753
0.93367539524705289721851
0.93368292254285834008698
0.93367960741045541439576
0.93368502437793465809079
0.93369739620286129611060
0.93371046006955515927928
0.93372402386325636935993
0.93373017819535364392181
0.93373532646011991875667
0.93372855059828774315633
0.93371470618201379831902
0.93370138230966104320174
0.93368893679061204515790
0.93368716316060573756630
0.93368415793881276432131
0.93369182046388810025661
0.93368901679054938647084
0.93369315354552795405141
0.93370531949853230457848
0.93371870890987385127602
0.93373277688183953237910
0.93374009385380574155278
0.93374450000425956996963
0.93373658979230711452146
0.93372255581546259595171
0.93370945719407905105669
0.93369778535626934967695
0.93369674091832022266857
0.93369387101338374712611
0.93370152324226274309638
0.93369844256565914797363
0.93370261511409369248327
0.93371399125936349605581
0.93372666650666291676686
0.93374025613011835122990
0.93374855814793145114550
0.93375257085613594387752
0.93374408421495136423118
0.93373112192523954888657
0.93371875998820696995750
0.93370726532506831407687
0.93370589642946355546371
0.93370270644129904624720
0.93370983177275423958719
0.93370683508122231941684
0.93371154481528328972217
0.93372347332353600179999
0.93373591122925814200784
0.93374839170765155937914
0.93375691370458147044786
0.93376171134423902042698
0.93375312544996202923642
0.93374072800299035002070
0.93372782911222307333787
0.93371543907562071229478
0.93371366097046681886695
0.93371109984740541243298
0.93371775995405303927299
0.93371559248345747938913
0.93371927996871173505156
0.93373189448840532289609
0.93374530047376191888020
0.93375786012239025968285
0.93376668063302181721497
0.93377134887085044834265
0.93376216203798145798487
0.93374937905109378633028
0.93373585708789685888576
0.93372352135417391316707
0.93372231686502105141301
0.93372018859469951834740
0.93372715048832177764382
0.93372462180338766657428
0.93372828658965190129493
0.93374015248482122864004
0.93375314442796930602952
0.93376573610755364551750
0.93377531779843969683697
0.93377851534259925792014
0.93376875076043985846042
0.93375691331114096804811
0.93374481025383815335772
0.93373335871521945250606
0.93373180046631010231550
0.93373815889181643878914
0.93373598714140138010720
0.93374963508740616013881
0.93376099911530796582326
0.93377171013456439219169
0.93378129680826571501484
0.93378429849090127667921
0.93377509483694554059952
0.93376528894572197181390
0.93375431394471108959010
0.93374239678512183093773
0.93373971100484809415576
0.93374616670734544854326
0.93374328957551588903385
0.93375845276310620590721
0.93376962283658115904217
0.93377896673170301955480
0.93378804065270393230946
0.93379249660020402501459
0.93378312505830596279566
0.93377358922507891492160
0.93376218725181681090675
0.93374986258013048523452
0.93374707292256564628019
0.93375394327753880041598
0.93375116581491490741485
0.93376589687726430089043
0.93377713659105554544482
0.93378706614579198852510
0.93379727986146654483690
0.93380178735255670030568
0.93379051286445224899779
0.93378048469126817554553
0.93376990441483442850767
0.93375846420453734175737
0.93375547185396068350371
0.93376300880328100273431
0.93375988009675581213997
0.93377415088722615088557
0.93378385567284283297340
0.93379353701165379586513
0.93380573316872705902369
0.93380933811861432936041
0.93379649578362078354843
0.93378722936251901121096
0.93377813129155362581457
0.93376728142544429545069
0.93376472265569210318148
0.93377150707929290618381
0.93376997585450072225655
0.93378147755638296612091
0.93379029465719520786138
0.93379966061691177525717
0.93381312858213028071930
0.93381722268617828319748
0.93380297138061618689164
0.93379284992198929860052
0.93378459841211813863282
0.93377616258300044638219
0.93377376625879660032581
0.93378059358076193063880
0.93378859118111645631899
0.93379549171217490766139
0.93380623706682763796039
0.93382163093234427098110
0.93382552956059039495074
0.93380963260421689930979
0.93379939507171361157134
0.93379348503964421102097
0.93377939940355592085552
0.93379474587984367950355
0.93380479915651404265731
0.93381404970042825031129
0.93382845478901532754179
0.93383121172999783432545
0.93381998786225783870663
0.93380769514261219299556
0.93379498340657185462277
0.93382441102784874420450
0.93383532887267683975097
0.93383945710894467051588
0.93381537902178424204180
0.93376477193562978929009
0.93383166653706728421724
0.93378801849153181269259
0.93377760150230659785819
0.93364630857848074363403
0.93330185849272395692822
0.93337958409112120605755
0.93342500131724803758004
0.93346833218184144254082
0.93346075668816741455203
0.93347157905079658490877
0.93349511699791398733339
0.93346943405606952470777
0.93350062858156990230896
0.93347483297102384902644
0.93350244201375831565315
0.93348169150948556715974
0.93351519627384993427199
0.93350994289461530772911
0.93350244293246642524053
0.93348184890989960305063
0.93350541157080657583833
0.93348869180831994807335
0.93351213505349606158745
0.93352412874119461427824
0.93352575083093725094585
0.93353187086709976671983
0.93353705060139502425187
0.93352695109414762786315
0.93351541678741112306739
0.93350934022038012383149
0.93349365740425127579982
0.93351322698147842782390
0.93352037311423630150387
0.93353068654822801697435
0.93354095486248889201875
0.93354698043786166206104
0.93355956399572270765219
0.93355247085089687608672
0.93354487438540156851730
0.93353606812232692302445
0.93352586772953205507264
0.93351708765686380875337
0.93353119713150012337621
0.93352135733171903719807
0.93354174147832424957016
0.93354984358265236110697
0.93355641786970200435292
0.93356639940181018744170
0.93357041721418287938405
0.93356079754319387653538
0.93355483236250946799117
0.93354682427365753838444
0.93353643635465255457007
0.93352629970454603647312
0.93354172282413971917236
0.93353156535424808293300
0.93355137399860788072203
0.93355917529100396201613
0.93356530639360646439684
0.93357421118339201093761
0.93357844474728923778173
0.93356949356843665910333
0.93356306386629084315132
0.93355584945558178766589
0.93354702492648022893462
0.93353651404860682472275
0.93355202147801286116646
0.93354076363514093550577
0.93356050417982694433761
0.93356716989012433760564
0.93357353908116236240744
0.93358277738965544934047
0.93358713083882671757152
0.93357795143532429360533
0.93357172959564727054982
0.93356520940954890175334
0.93355653580564090798788
0.93354452842464541451051
0.93356059920173295463286
0.93354839318740889808623
0.93356962867968551478270
0.93357655283917118094195
0.93358290027422508039479
0.93359172517412003511339
0.93359668229111325565839
0.93358809054253477643925
0.93358114890796961571340
0.93357360020924717858293
0.93356468679066006988165
0.93355293371853986794662
0.93356914023548509540262
0.93355825570341977037714
0.93357744434229050778384
0.93358526281989773210057
0.93359302869471005870139
0.93360178229814516637219
0.93360668774963384564103
0.93359741958212172363574
0.93358905748543641323067
0.93358141080935963529441
0.93357410418734942947339
0.93356389646642068402826
0.93357916469688606575517
0.93356919884539280030111
0.93358578695668947844410
0.93359291218048912064376
0.93360145038327746469520
0.93361116218277195866193
0.93361485184677683868415
0.93361953588816182225685
0.93361526415963014269295
0.93360555392556210385635
0.93359719525486761781963
0.93359036796866123886218
0.93358396053239156575643
0.93357380934532352423361
0.93358807696611434412404
0.93357769844517546342644
0.93359484191507324801762
0.93360183452730904907213
0.93361003603363945657634
0.93361936998405048449001
0.93362408161627408187400
0.93362873511329369513589
0.93362375204238678971791
0.93361491122490547489576
0.93360653002978033487835
0.93359891127560135082319
0.93359169521923168755251
0.93358130962142582554009
0.93359512244850106910121
0.93358510851040654721089
0.93360263411396549049215
0.93361093723961141588319
0.93361983068640652660974
0.93362843081684976365153
0.93363359406379475835536
0.93363861228003108827522
0.93363311437607354736912
0.93362445656353054701526
0.93361497154293637823486
0.93360624728047270082243
0.93359883686961031568075
0.93358936194468411517988
0.93360299921795986133333
0.93359391976118266676110
0.93361006021429182588633
0.93361888202637477451873
0.93362872161599008702382
0.93363757208947428800627
0.93364355815819244366338
0.93364822481249887253796
0.93364166047660146485754
0.93363276294515706865695
0.93362290085958521412834
0.93361429044478316807698
0.93360742415998465570937
0.93359848185318106139619
0.93361185697056514598557
0.93360277719433626408829
0.93361880572037703185373
0.93362729804879585060462
0.93363694496970950353898
0.93364560178084932129394
0.93365271035536456789572
0.93365720042970601344479
0.93364966296300277992515
0.93364142460932519895778
0.93363197957257915149398
0.93362330220287026438797
0.93361600856411186555306
0.93360679665461743237387
0.93361993215230387743730
0.93361062080536783014395
0.93362762638838026063581
0.93363667403818073609045
0.93364619741174803557726
0.93365407572052316886868
0.93366188988843212825941
0.93366683898075275571671
0.93365868506819660321838
0.93365094492654832070144
0.93364115339318620723219
0.93363170428013819712731
0.93362380357311691714273
0.93361449522929174094088
0.93362777639989569244960
0.93361848245479894803367
0.93363574494355039412596
0.93364539078994912557619
0.93365540802756763483217
0.93366321528070395086019
0.93367188793510913491502
0.93367672427755932229587
0.93366741363231897654629
0.93365950760885163539626
0.93364951539611007458319
0.93363994583672849092437
0.93363197745188875042999
0.93362254994836768595690
0.93363631806067814977723
0.93362657239454593938177
0.93364432726283930197297
0.93365369014823673676773
0.93366346122185461808840
0.93367125784647053698961
0.93368128978062969736129
0.93368558125458922525297
0.93367493548520275048475
0.93366750591976621631574
0.93365809475700134445475
0.93364879256884325542387
0.93364053163882809727170
0.93363042895998782366718
0.93364457794315647287675
0.93365317995320340482834
0.93366263164954155229225
0.93367180169758856589368
0.93367884562810554704981
0.93368988396939833762644
0.93369448281000744227498
0.93368310310991053935226
0.93367633706469499443870
0.93366714580980270099531
0.93365736982698077639498
0.93364845339190893902526
0.93366139679712567556180
0.93365231460361530757552
0.93367142646686251961086
0.93368090762745337141126
0.93368771658048888006931
0.93369953115642434493537
0.93370489835080472396101
0.93369233888457014991502
0.93368525733817320233499
0.93367552110679585819497
0.93366533441647170388222
0.93365632786283647703840
0.93366942757062487689979
0.93366051259746596358013
0.93367949594444255012604
0.93368931145771216772999
0.93369673490720317410307
0.93371023905827710276384
0.93371496418815447260187
0.93370072456741148858583
0.93369313351322613669936
0.93368352203602256178527
0.93367372740278353759891
0.93366486401460280220022
0.93367807533713331746839
0.93366925470846651169410
0.93368773748271327583836
0.93369700334046734635507
0.93370447297572467526550
0.93371898149973220348841
0.93372271007176965706975
0.93370817848929954507753
0.93370101389844661898820
0.93369199178978323772071
0.93368246310822555766862
0.93367356838780601879790
0.93368674995357769930138
0.93367781909564173670191
0.93369633333121060392301
0.93370523148900785859183
0.93371215944303276312866
0.93372647400302832831898
0.93373053829317309570968
0.93371646020463039405968
0.93370959887529736409562
0.93370063958365057121824
0.93369094500873461850432
0.93368199470454238397821
0.93369513377254353958534
0.93368617397203268470918
0.93370488217915126316626
0.93371396890503788323912
0.93372099022073240526254
0.93373496706621939011939
0.93373962418944400631915
0.93372557436663572438817
0.93371834285465515890223
0.93370915783432462120572
0.93369937612312969843487
0.93369035248574439034286
0.93370363195943673062516
0.93369450179629542851956
0.93371347689164796435080
0.93372269331371726686086
0.93373008127851164772437
0.93374429770800659866836
0.93374879677118494125665
0.93373449659609242257119
0.93372701496224708161975
0.93371779174215829844030
0.93370784668572026632205
0.93369864382383394030285
0.93371201274034443251537
0.93370277923266664643620
0.93372209052232812975802
0.93373138152820400748055
0.93373881984791462507189
0.93375311452203413331574
0.93375867151313995950801
0.93376342426448299960384
0.93375733584957598676368
0.93374315496237847433747
0.93373563622523125804520
0.93372627684843523265812
0.93371611686723399170518
0.93370701050267257414816
0.93372024414791499058452
0.93371128123667912479533
0.93373036458144054172692
0.93373983766250268079290
0.93374748428700993230223
0.93376162950672836338128
0.93376817341890616663846
0.93377301737746987164712
0.93376599783728286841011
0.93375178405618475263594
0.93374399363976878785110
0.93373445840758417801908
0.93372433129888365854754
0.93371554996513683732928
0.93372853155652191237124
0.93371972941940495349655
0.93373861610545083600243
0.93374819844021716974680
0.93375612977062616426593
0.93377040750387430012580
0.93377786506085058704230
0.93378269992642259911264
0.93377474867792231716379
0.93376045154012743410021
0.93375247812876216446654
0.93374292150351090313620
0.93373271419145387195471
0.93372378135549427558004
0.93373687493279911020494
0.93372776431883652836774
0.93374733078933025431922
0.93375690906859021289677
0.93376484249164259932030
0.93377902141192425933269
0.93378741157643685433243
0.93379193480132816063133
0.93378328742259764094769
0.93376925393338405800847
0.93376137534621117541889
0.93375165482522237692109
0.93374096888482105427443
0.93373179554926788448199
0.93374500260852921762478
0.93373591886803752881718
0.93375586278590039235326
0.93376579574281659557045
0.93377370200645559705777
0.93378749014944939510485
0.93379635155132745261142
0.93380074068723917246615
0.93379170437744596355856
0.93377806344093350343627
0.93377005317133676687291
0.93376002818687398043807
0.93374906488193476494786
0.93374012814106999158525
0.93375319266983458632581
0.93374431790572498535141
0.93376414128718276952412
0.93377420313343606483869
0.93378232942246630621241
0.93379594043197933217471
0.93380521729602117275704
0.93380969045700379371766
0.93380019452485785169671
0.93378654250216575061216
0.93377837081112380346326
0.93376831973880347614880
0.93375729055771194975222
0.93374832823858844310649
0.93376132435443526258467
0.93375211633599597416122
0.93377257151181314309696
0.93378263331899680199655
0.93379078719308739042759
0.93380440997026670224557
0.93381426312442716852757
0.93381880221752988635586
0.93380867683063373263508
0.93379515540983304422440
0.93378705136334272385312
0.93377685401481314020344
0.93376524052170983836163
0.93378114820827928799218
0.93376915749337441319256
0.93379151704189056193428
0.93379961067857930601122
0.93381300926742805135206
0.93382330550157466309003
0.93382773572016875007762
0.93381731471408047084992
0.93380410031518545910245
0.93379595904214196533388
0.93378541192517072744295
0.93377321340685504047485
0.93378970037524855474231
0.93377752631975818875532
0.93380030014320203335387
0.93380847728429827725449
0.93382161027160948130188
0.93383206618135228271882
0.93383633026807988386508
0.93382569928794156854934
0.93381268257852090286519
0.93380455510719051481772
0.93379415488587458327174
0.93378204312330770342498
0.93379870081647997626106
0.93378653318303095343111
0.93380882185414793017486
0.93381677116396044624480
0.93382965747442447934645
0.93384051437603221579309
0.93384465713202480241506
0.93383359156886691643251
0.93382082152522549733931
0.93381316381981904761744
0.93380325305784672718090
0.93379080499733280174013
0.93380759152026182601247
0.93379469214567778490022
0.93381757352956351603268
0.93382505895260470296648
0.93383765202609581024262
0.93384895812943991000310
0.93385304161100113340410
0.93384187024971343493718
0.93382945120548710438158
0.93382192736711755465251
0.93381173788313132089201
0.93379834315926890653259
0.93381578398297193643884
0.93380208937700825977402
0.93382618374348824730191
0.93383386845035443180052
0.93384627328872771290236
0.93385735042506590186662
0.93386174407812994058276
0.93385070337712838828281
0.93383813509563939891933
0.93383027458216516514256
0.93381990048105756319075
0.93380620606679576312104
0.93382433354016092241778
0.93381077984034865924201
0.93383443346591732403539
0.93384228528957236026287
0.93385500143403699091493
0.93386610576236994685217
0.93387028039431818626781
0.93385906469163670884370
0.93384631871612011622119
0.93383871288144015831989
0.93382907263967462885290
0.93381561089114895057861
0.93383393974832495931793
0.93382031930479614256768
0.93384315856632149621674
0.93385043850041826729580
0.93386305530644375672011
0.93387432847378470945898
0.93387830481441169716561
0.93386713296116341531672
0.93385469375505081313094
0.93384764999023295306557
0.93383856205972914921176
0.93382464340283566350820
0.93384275812144146300398
0.93382852173147001817455
0.93385200839464854727368
0.93385909855921300781745
0.93387147450906637935475
0.93388248418430419572900
0.93388695626627726831259
0.93387605546692264990583
0.93386344712051405636544
0.93385596981021323781391
0.93384662395843232030046
0.93383223303514673041548
0.93385039407964187674338
0.93383612239498114959702
0.93385975682920518980978
0.93386756808154924858201
0.93388068459513362551405
0.93389165232744075773041
0.93389441616669832679776
0.93389931936201620032989
0.93389629591890899185103
0.93388508675745396381274
0.93387154652572201829486
0.93386351493508112930897
0.93385446326160370666969
0.93384035150809363567959
0.93385894318928808210956
0.93384488561236878023664
0.93386757440949597075530
0.93387547920532587575337
0.93388924247072069295683
0.93390062936809847826680
0.93390384520677383051179
0.93390800711551691382084
0.93390454776319464791356
0.93389323792426381931620
0.93387961786203832481590
0.93387204433455184293678
0.93386368437965050492977
0.93384941195553383685990
0.93386828805885246929108
0.93385365764844052716143
0.93387670959770874290484
0.93388414542174602583913
0.93389749211714434551368
0.93390830838730221064026
0.93391182502584746405461
0.93391561268673672913110
0.93391223810705559227330
0.93390208080360381792673
0.93388890459854090320135
0.93388119063864127866736
0.93387248030396008413589
0.93385759872068541120882
0.93387622664944158756839
0.93386140324985167371352
0.93388528998658426605317
0.93389360844947399975524
0.93390700355579181479726
0.93391664244204630751511
0.93391974453061266103759
0.93392433723570389414448
0.93392147453285256908373
0.93391195272425775453229
0.93389795848943957246036
0.93388900196171364953557
0.93387986131012801216400
0.93386534019835742981286
0.93388376614850898693732
0.93386950542374635997334
0.93389266154836625410951
0.93390201636367198290145
0.93391664688513742476061
0.93392629381663583298945
0.93392911626238928057830
0.93393361140148045684839
0.93393068450084659737342
0.93392083966566452613023
0.93390596895066801952368
0.93389671550705777303136
0.93388812804665377598212
0.93387377803699611611421
0.93389276055304704104998
0.93387788866067511506230
0.93390128224313528892964
0.93391024667347255494576
0.93392471658024100999995
0.93393434645569783913999
0.93393743108694926569058
0.93394049214456342777879
0.93393745029214636499404
0.93392859730921762295708
0.93391489312923747778683
0.93390615325787318390383
0.93389720171195922393537
0.93391075378908172677228
0.93390117788337734250348
0.93391970864485629455487
0.93393278874107477083300
0.93394048455033928934910
0.93394315020725759968201
0.93394605325121571315350
0.93394394697974847385780
0.93393717368385265054087
0.93392437139887618524625
0.93391478774657699091222
0.93390469196312553279427
0.93391834484934754812002
0.93390805576520152797571
0.93392848692520624709346
0.93394159913648344684134
0.93394789742622352779478
0.93394972035340972915662
0.93395412236665786842593
0.93395213547127442499374
0.93394565824979347556933
0.93393220364298834557104
0.93392182404519585858793
0.93391161533354760670989
0.93392568755468607921699
0.93391548183114037051666
0.93393589507494656487552
0.93394929451720631874423
0.93395614680882133029627
0.93395886582616094440112
0.93396335561178644990576
0.93395966215388193099045
0.93395272090597314385008
0.93393988008436057413064
0.93392999053307357293363
0.93391956129619790871743
0.93393431103452773101026
0.93392373776998494072643
0.93394409972344516468468
0.93395616307088369367762
0.93396275501098302562752
0.93396730777402747758487
0.93397093605066805466208
0.93396578850525302506469
0.93395960770520125571181
0.93394805318358686818669
0.93393835222074761404087
0.93392834310496597449713
0.93394234432980516302791
0.93393335283170419991450
0.93395137236522551837936
0.93396274168588544473124
0.93396902275197801746032
0.93397479690263263130134
0.93397915334944414667007
0.93397239984107316423945
0.93396535607052910687997
0.93395446764593448296665
0.93394677075219389994487
0.93393689890237918671545
0.93395096334518257208401
0.93395842950898755319145
0.93396805162998908222960
0.93397572720618604602549
0.93398382673355384575586
0.93398799732755877212043
0.93397918655130407472598
0.93397200317546613668185
0.93396328676285267356150
0.93394952537052755570102
0.93396451268466917916555
0.93397745732811743302193
0.93398366489847306493033
0.93399118565775529621220
0.93399420486308992739310
0.93398965936271582943817
0.93398039736587168402338
0.93396771687302648778939
0.93399413035607492528101
0.93399858456820472607518
0.93400298144177484882533
0.93398514461629267291443
0.93393457822485115293887
0.93399545467939804055391
0.93395043767904639686606
0.93394164099901522124725
0.93380879440677933001069
