0.99961931116725777357601
0.99967388773462440010320
0.99972875511789927038819
0.99975219822115346524072
0.99975799665380193914643
0.99974370253107802675174
0.99977310503740079994373
0.99976236223112824319514
0.99977425963990440571649
0.99976371132554109344426
0.99976824562968635845550
0.99974033899113579071383
0.99976735837525443351126
0.99977109420610787982042
0.99977198973985226260197
0.99976647183968303522761
0.99977084167742036324711
0.99976900113343736276050
0.99976905556431328037092
0.99977149937156495340673
0.99976485525547331700835
0.99976083946607152697084
0.99977116390690956571063
0.99976997740288664484609
0.99976804826266774117727
0.99977054929571040897684
0.99976974808673513273050
0.99977027912716831536954
0.99976858954614356012058
0.99976936303215446777415
0.99977062799779681245838
0.99977051517280668413434
0.99977003059689295572099
0.99977129168735368036636
0.99977015009024294833750
0.99977030032674962800598
0.99976966360479524453808
0.99976997466741956976932
0.99977062665985905187682
0.99977006995958150881165
0.99977156150526635958187
0.99977072376743403303578
0.99977073792151005537931
0.99977182063294467440073
0.99977118978324475140340
0.99977070165834946990913
0.99977138099262874426643
0.99977230898000801762038
0.99977149675552967611480
0.99977079247903788417062
0.99977244029318457219091
0.99977182352149729371860
0.99977258552914338718409
0.99977145817272605743398
0.99977081437152348630804
0.99977073620715861679287
0.99977070441430859748522
0.99977061962410673778834
0.99977114293206148509796
0.99977281382281213417684
0.99977340867620700937124
0.99977255304441936534232
0.99977408819015822771803
0.99977262456471882590137
0.99977320625246057783642
0.99977097294882599776145
0.99977027552905783913673
0.99977071675714712650773
0.99977069010908292678863
0.99977020784477310666460
0.99977121825385839581912
0.99977359490849637690957
0.99977426809167257992783
0.99977219337710787616658
0.99977403962324096209358
0.99977184112220496281509
0.99977369217070310991602
0.99977165614928720227539
0.99977061059260985409480
0.99977085170138724201649
0.99977133811060103774082
0.99977121700926752101424
0.99977188608630107591324
0.99977340268508885223753
0.99977380124456494137064
0.99977210339216715517807
0.99977394115296724930175
0.99977307952859495454589
0.99977294187337872877208
0.99977167307043468547079
0.99977159130695680833156
0.99977199105641267884437
0.99977245900604261308331
0.99977150559454086575784
0.99977116894981721273439
0.99977267866996777367916
0.99977453603265531434374
0.99977437424304893553995
0.99977528070492172052042
0.99977539068348619810678
0.99977276673413151275582
0.99977075756993483146573
0.99977110348629982805591
0.99977252352167855775633
0.99977290047217248769584
0.99977286752776295397638
0.99977225742240227734925
0.99977075395171699501162
0.99977071348555146546033
0.99977307394497016979074
0.99977573660525087539952
0.99977574467802576840825
0.99977561667551528845621
0.99977545776192877635680
0.99977326025458590486039
0.99977099233429667091144
0.99977073529493876158369
0.99977197587966548653071
0.99977268165007149303136
0.99977257401980346163128
0.99977191245272434283464
0.99977105282136724540010
0.99977128701331774429661
0.99977306622883221898235
0.99977498733613046066893
0.99977489747021341948141
0.99977421036564129153135
0.99977449819157404586889
0.99977250698435493614369
0.99977129110839335623950
0.99977142043521560754726
0.99977208752773227828925
0.99977265989641361798590
0.99977284376153263689702
0.99977228953076280326684
0.99977151567511335361615
0.99977095028852602798253
0.99977184457134249395693
0.99977366409372769862074
0.99977448643104571690543
0.99977352982358858035639
0.99977476939365894637035
0.99977139342877219263528
0.99977046564729288302686
0.99977124705416076100306
0.99977226873558955322352
0.99977293810372447335766
0.99977281807441509275947
0.99977196044261840146561
0.99977081142665868984665
0.99977013252600455128771
0.99977131843585931303409
0.99977368332041482990036
0.99977506083342326803631
0.99977383204954606288339
0.99977513365745807050189
0.99977151729099922317090
0.99977012788444075130911
0.99977050609869810848807
0.99977151835254185474611
0.99977251940919209527436
0.99977221810355976217011
0.99977120103661498706771
0.99977051185975385205751
0.99977038197543377506804
0.99977172113567525091327
0.99977376307509435715559
0.99977492958331370953573
0.99977346309223069642513
0.99977456852149315658096
0.99977171578262591378206
0.99977064794903547362281
0.99977074986738467821112
0.99977114990616144929447
0.99977207276440049898980
0.99977210577185482431872
0.99977126923722536844252
0.99977094276908240466639
0.99977068244348676895328
0.99977148509112845342628
0.99977308441933265825696
0.99977422761471890222396
0.99977282405624068317707
0.99977398547606854961600
0.99977117762821943180995
0.99977043157468026279844
0.99977084966078888506047
0.99977128840890139294117
0.99977216491777753937242
0.99977202211838556156209
0.99977097716224594403656
0.99977041734403060413428
0.99977004617599329883149
0.99977099253294854364071
0.99977274367719848324754
0.99977381034372558854528
0.99977277568615097180782
0.99977357140257527845506
0.99977098267156283561974
0.99976976243876358729779
0.99976981938448006292930
0.99977032664070730749728
0.99977156956509660723498
0.99977088876167430342434
0.99976956892212398564368
0.99976933637734199944447
0.99976968625343320962173
0.99977109143024001092215
0.99977276074550547324549
0.99977318189047181817841
0.99977258121334744433995
0.99977115589267007145224
0.99976976913376824906976
0.99976914038230402237417
0.99976902026935798861729
0.99977022717829433506864
0.99976986583733662428131
0.99976885828226547126008
0.99976918987234053570745
0.99976984705267024633457
0.99977104975354647020680
0.99977226980860378624527
0.99977077292430560628844
0.99977195564729670618220
0.99976974685063502157334
0.99976928279655830067441
0.99976900716434968785506
0.99976990632618489840411
0.99977021311239167022933
0.99976918958614213739367
0.99976917171785439908405
0.99976943951542651678466
0.99977045348257664869607
0.99977176029301184634335
0.99977021448580682960738
0.99977171329573200075913
0.99976900877093910491311
0.99976875221481953381897
0.99976911118440359160786
0.99977048946871183154883
0.99977048486958097761601
0.99976864588587011084542
0.99976812273433501854214
0.99976859052177680098339
0.99977010293915535843468
0.99977174775265420514359
0.99977006160571402215709
0.99977177945493667099441
0.99976826775382865442054
0.99976746133895133539227
0.99976790206558618923083
0.99977007632861203401120
0.99976938417616811882738
0.99976714914905795428268
0.99976694307099545078188
0.99976804198183666372302
0.99976998842642328391150
0.99977174735818830075829
0.99976984614321950939342
0.99977163290211945589903
0.99976784673282281801221
0.99976660406506234757273
0.99976662046838604691601
0.99976872403509342568384
0.99976835282803644400218
0.99976639570843506277242
0.99976640684690210036933
0.99976763640555887935335
0.99976964508924204277918
0.99977147979989899884146
0.99976945692519758601691
0.99977134072759921146201
0.99976740972715705257912
0.99976627960221842172928
0.99976639204070716360206
0.99976833185013880278547
0.99976853378008778694408
0.99976645563058752497199
0.99976615352317566021156
0.99976720922869699581526
0.99976932098139625892941
0.99977120574128919283652
0.99976922147499669435433
0.99977105182471959210488
0.99976707067814829521524
0.99976600863255238316185
0.99976646239167499263800
0.99976873007070377052941
0.99976877103192074436322
0.99976636565975796067107
0.99976585739163681409991
0.99976694032670843093058
0.99976909519584633567746
0.99977086853959040713136
0.99976888365568172822861
0.99977067243163952880991
0.99976673925409842436096
0.99976569164016870772116
0.99976620127523496694977
0.99976863881309363524252
0.99976864416236166377416
0.99976846586968359797964
0.99976843029149042862969
0.99976602075376186373745
0.99976547468710896815480
0.99976642342294319565354
0.99976858265846724194148
0.99977049907492410163456
0.99976825163006322050308
0.99977034997871572219452
0.99976601160173028670641
0.99976518050085128042070
0.99976585341722656874452
0.99976825672399960431846
0.99976832331184484203845
0.99976828514524529456509
0.99976817447047028331042
0.99976568609168747769900
0.99976484191009185042986
0.99976560666437597202361
0.99976796417516178294704
0.99977018395909145187517
0.99976773827847797981860
0.99976994282538778069380
0.99976528816349186090662
0.99976455131798758202422
0.99976552044812438957422
0.99976814215578468925116
0.99976832513631763710293
0.99976836127646129259716
0.99976807479164719882903
0.99976538846157025908212
0.99976438105775555786892
0.99976508979832445778158
0.99976754982608695421220
0.99976960524162794552439
0.99976732369720655579926
0.99976921473547941676685
0.99976497137309994212018
0.99976432939656645348947
0.99976531039700711200879
0.99976793775359162896876
0.99976828564287800737986
0.99976806365713011270913
0.99976772568758598414007
0.99976527396755787702176
0.99976432863047959287428
0.99976483157744444607573
0.99976704341459821101523
0.99976885549921956641839
0.99976674260840592278754
0.99976857774128258249391
0.99976458605529050505112
0.99976426225377190704080
0.99976523299711461678640
0.99976747726947878813775
0.99976773882069047694188
0.99976740214724302280302
0.99976722245967442059822
0.99976512826128671740378
0.99976406140510953868272
0.99976423851525153541075
0.99976645500686522893830
0.99976835271904418434019
0.99976618411965256782992
0.99976806913665694498405
0.99976386861162946928516
0.99976375635868208746615
0.99976492807213312996595
0.99976697878750453440944
0.99976712283486113275188
0.99976693040045649940595
0.99976675030170936153695
0.99976468013578501103922
0.99976345321350146289063
0.99976354909667031201081
0.99976588887319040033219
0.99976759159948125343931
0.99976551581877237673268
0.99976690946152613204134
0.99976330795036050247404
0.99976326812967719614988
0.99976448399306827585775
0.99976654524067798401887
0.99976681348986928821176
0.99976674558675848736300
0.99976638333410328129958
0.99976442904503881603517
0.99976322870236922213394
0.99976310981548432987864
0.99976508159957311328014
0.99976291897848923451164
0.99976466937203767315623
0.99976326947079563467469
0.99976449618702001309600
0.99976628956061563968660
0.99976666689306326052389
0.99976653272255766591314
0.99976621888439387575431
0.99976457339872581986384
0.99976328405601144755366
0.99976273262065351588035
0.99976440264221744236295
0.99976260158341334616239
0.99976438244463328164358
0.99976320137521557107618
0.99976452781594749019689
0.99976606001444856541838
0.99976631014683625675588
0.99976597810553891054752
0.99976572720326661869450
0.99976429145379153151652
0.99976302259883298440002
0.99976257633649356915129
0.99976454088632915606638
0.99976262292153517119431
0.99976466708836853047870
0.99976284047282648614896
0.99976390908782730715387
0.99976522837845749336338
0.99976555191959137758317
0.99976509112656208877468
0.99976466228385063583772
0.99976351843863364710074
0.99976271621766243935525
0.99976263153744460154826
0.99976452822291561606249
0.99976247839083909330071
0.99976402794119800798711
0.99976262963649531467780
0.99976325084077866112153
0.99976418292312208002670
0.99976469236362808246099
0.99976450786881476684442
0.99976390434564987863553
0.99976313584964737746219
0.99976250673087097009528
0.99976211165184603046896
0.99976330979686667266293
0.99976164374179088412120
0.99976267131837293078434
0.99976227422832064650748
0.99976307433751188114002
0.99976382397469187868211
0.99976452393268122609271
0.99976466916905570858631
0.99976380713446300063652
0.99976292340356698318260
0.99976197411435729911489
0.99976130246857086714130
0.99976241345938765547885
0.99976127040947027069251
0.99976261741169558661113
0.99976170720777279843361
0.99976263812648047402121
0.99976366793391080456388
0.99976479552734887068510
0.99976477046417433491854
0.99976332756471453233615
0.99976227736255596223458
0.99976159806068032320781
0.99976156357042744726726
0.99976308036172989446300
0.99976196378083181937058
0.99976344057745225590850
0.99976164588765259466641
0.99976196492200919418991
0.99976287599427082763981
0.99976457562367826437111
0.99976434226848776010144
0.99976250848474601529148
0.99976178887914601833842
0.99976172375532679215127
0.99976214171205424197097
0.99976340905930116687017
0.99976190273479592640626
0.99976294204953342070752
0.99976161382189532300657
0.99976170987651946653330
0.99976237873441464731883
0.99976427080599927776916
0.99976449616770057815529
0.99976247187629674328946
0.99976159087546145887160
0.99976119537256180613838
0.99976130122144646339422
0.99976226101110876598455
0.99976063628017819429061
0.99976171396627455667527
0.99976053726819291700423
0.99976130301143384393470
0.99976262352164113611508
0.99976496085429467086669
0.99976507667609526563979
0.99976558571485740767315
0.99976542534877144152716
0.99976263291732103688503
0.99976084907360029951917
0.99975991846925982287075
0.99976024680755737339410
0.99976148799487551954712
0.99976026234779635792904
0.99976153740351958454369
0.99975960406264896551676
0.99976040316320802237016
0.99976243098159589539620
0.99976563594255030142932
0.99976586017756696733727
0.99976576749137069377582
0.99976550337599578988090
0.99976214638160298964209
0.99976019813584982021126
0.99975965803649691210353
0.99976052345403543242242
0.99976159742674375330296
0.99976067608562368960179
0.99976141074333313429889
0.99975989421079192176478
0.99976032453241459041493
0.99976202696892013666030
0.99976520362488008331070
0.99976538310402618403572
0.99976498156051163412883
0.99976506040410872966362
0.99976224416996284372061
0.99976064238235706760349
0.99975996629228258694155
0.99976041712634344804655
0.99976093434677792970433
0.99975974363446640236219
0.99976032826881477966197
0.99975961598378604300308
0.99976087006048452998641
0.99976275627510502452822
0.99976532472532364526074
0.99976487326384089193709
0.99976516756458611023817
0.99976595611574814448375
0.99976329913009520655720
0.99976077523459594420530
0.99975890368448816492020
0.99975895408014536780428
0.99975981047291540004807
0.99975842273318860087272
0.99975947699192990736350
0.99975817085019536012425
0.99976039233094238234401
0.99976357555296457846339
0.99976661526341925601002
0.99976566365922769907826
0.99976594822837983045360
0.99976689111551597655136
0.99976345210004236019330
0.99975998650040065474087
0.99975781334294522295636
0.99975832862546154533590
0.99975923075137029805148
0.99975850916310715632562
0.99975884042416940378217
0.99975798843829610795808
0.99975988172489382854735
0.99976309790210415862077
0.99976656291013454858074
0.99976563380813987524931
0.99976464082903160335292
0.99976575815799029189890
0.99976283061748083547116
0.99976020190385683772405
0.99975845425367015906204
0.99975857205382734349541
0.99975871750011524596857
0.99975820594204711788677
0.99976072747383870620297
0.99976285233197548230066
0.99976490293783015772533
0.99976330630898935236672
0.99976213445311490346512
0.99976439657513882508511
0.99976308574265215778354
0.99976104620802219713482
0.99975842560035921291473
0.99975738595395591268300
0.99975761634401161259689
0.99975638006174705196827
0.99976083751277000644109
0.99976323179928028306307
0.99976433010511522869734
0.99976154403831318795426
0.99976157154453626496604
0.99976442376251506427565
0.99976299955801939400857
0.99976017263924987776846
0.99975669836180025562555
0.99975551555595298935941
0.99975610433494710438396
0.99975490862408233905256
0.99975944924069948260836
0.99976235093849918911246
0.99976426140844365519911
0.99976183883650704409263
0.99976183622663794547947
0.99976361632580845739682
0.99976152981871801994629
0.99975905132867970426247
0.99975590934551583632839
0.99975451349318822380496
0.99975586506856506385787
0.99975433880056296942485
0.99975895033739758943625
0.99976081810991657139454
0.99976263840836165908144
0.99976131707848159280161
0.99976049382663556563955
0.99976168015130750799102
0.99976020219577099723551
0.99975871098266366754359
0.99975569635673489088390
0.99975464579243789042806
0.99975557187210739584771
0.99975546671683268584729
0.99975798585172759302964
0.99975934964240620317355
0.99976094276393245863233
0.99975986977059239091403
0.99975985085013663322684
0.99976029115720421724944
0.99975802880052178078785
0.99975707128854307548238
0.99975589865874947559377
0.99975497852785488728244
0.99975587505638929819440
0.99975686203264146900693
0.99975665485409836996666
0.99975947841866064091931
0.99976002253617923809514
0.99975963183775784504093
0.99975868990130145608219
0.99975632029306671366697
0.99975733250291731746273
0.99975047647748793711031
0.99975430356363337303094
0.99975733241162256792478
0.99975878606139434445765
0.99975828272905931104475
0.99975676922619738373754
0.99976032347505050523750
0.99975601827507887264801
0.99974033636050474438406
0.99976056389984369054957
0.99975653758289062533748
0.99975632599320263249609
0.99974831553813237050576
0.99969735749394672552626
0.99974484022576892705558
0.99969515252206520017353
0.99969017173632657158322
0.99955858510307760145253
0.99963494732095381500869
0.99968982277729534491328
0.99974433658470041041966
0.99976815916404615514068
0.99977350742513737547057
0.99975967604450921566439
0.99978907186539289764227
0.99977780462259646654388
0.99979022457697619419292
0.99977909499838302220809
0.99978421113008175691306
0.99975561258464507030652
0.99978265543427469186355
0.99978704585607103272338
0.99978795004956799719054
0.99978180723483323077971
0.99978679606976939009400
0.99978429811066771293326
0.99978499355310368468253
0.99978681077727071802030
0.99978016955355986095100
0.99977641401175587620997
0.99978646643045454567300
0.99978530119992692348774
0.99978397336512936366404
0.99978649735570468415347
0.99978501558391286163641
0.99978621958092772636917
0.99978450272366348183795
0.99978470042228062553136
0.99978591595889942933439
0.99978610779287435672558
0.99978575437497863021008
0.99978689978038792762760
0.99978542384890256577989
0.99978565134664032498790
0.99978556684316721714367
0.99978590555915447524171
0.99978652251658184368921
0.99978598921999328741350
0.99978692562541326971370
0.99978598530303464109181
0.99978636141102195100672
0.99978754952880311002161
0.99978692401301982872752
0.99978633987616472023063
0.99978663186749938684983
0.99978768616715729677935
0.99978738685974377631283
0.99978669950053067339013
0.99978832595451572196055
0.99978771729694415615342
0.99978797601862690047625
0.99978669864359703822743
0.99978646759699818513667
0.99978648312893836358484
0.99978646436022977628255
0.99978628819480919176499
0.99978637323082208965275
0.99978821800482253756570
0.99978929126511562053281
0.99978843183583332443476
0.99978997057035068340980
0.99978848622986282723701
0.99978862389271461186269
0.99978619511895749916164
0.99978595918574209022722
0.99978648919232593339501
0.99978647663023412217598
0.99978590512530229883481
0.99978643469337313831602
0.99978902543445491435392
0.99979015233922230443397
0.99978803702388852059357
0.99978992603291938490173
0.99978766649762595974948
0.99978913536566493824864
0.99978686852470921575531
0.99978632080295826156657
0.99978665277827516444376
0.99978715376188687091741
0.99978693967383047702668
0.99978709479152694239446
0.99978885946951823182616
0.99978969079375923367792
0.99978791021393309534915
0.99978983613611349667849
0.99978886723079973819495
0.99978841165698917325955
0.99978687965949231131191
0.99978732601307362948262
0.99978782018553680188688
0.99978830234897142492656
0.99978725068593932157057
0.99978637552109483888074
0.99978816112912338720520
0.99979043800112732398588
0.99979014269254906643880
0.99979119078941525167181
0.99979114033733051947195
0.99978826179198709844798
0.99978596608197001227580
0.99978685708065528903177
0.99978838107265322054928
0.99978862360314679769147
0.99978858859057151420302
0.99978812892653656785313
0.99978651504664128868427
0.99978592447601111192768
0.99978858258222014221417
0.99979165525967894634363
0.99979147655028821617407
0.99979154442236484179318
0.99979117263753758404476
0.99978878253345759841153
0.99978620668770878943121
0.99978650438598459793127
0.99978786015599063752290
0.99978839968879085198239
0.99978828951107290290423
0.99978780974056336017242
0.99978682866346668678403
0.99978650650489853113356
0.99978860179667261576242
0.99979092599580321465425
0.99979059534308867274177
0.99979016135092069195167
0.99979018080885861952112
0.99978805511768953362406
0.99978651717613176153066
0.99978720150087441176368
0.99978799815339047807328
0.99978837322360181172343
0.99978855347282380439111
0.99978821371657955463519
0.99978730094216672341645
0.99978618335352253954085
0.99978740589999359755780
0.99978962692920558819054
0.99979015659800873905283
0.99978950528113008644482
0.99979042925838612632106
0.99978696875625039375279
0.99978570588948079134184
0.99978703630614274011634
0.99978820599808981839374
0.99978864338709350079171
0.99978851776393673489451
0.99978790991293586820632
0.99978660392823881508662
0.99978538047135689925682
0.99978690764469313467799
0.99978967331569856824558
0.99979071177676392956357
0.99978983766920059839123
0.99979077814137529145455
0.99978712015077209063207
0.99978538505363168109596
0.99978630100695242699516
0.99978747992420224921517
0.99978821349845603538853
0.99978790519067739506198
0.99978717511257941819025
0.99978630735670359630518
0.99978564920787094116861
0.99978733761852800476788
0.99978978440861177023891
0.99979057040788998911296
0.99978950013876421998305
0.99979020903506632400592
0.99978734700094795684322
0.99978592426575596530114
0.99978654541335154615211
0.99978713600856361498614
0.99978775045795720277653
0.99978777289751852297428
0.99978726597979294954399
0.99978673868806200442094
0.99978596771186256653152
0.99978713136206853739907
0.99978913828381366091236
0.99978987060936952424584
0.99978889616946187146596
0.99978963317583779968345
0.99978683873756990507786
0.99978572651028430051667
0.99978664482471080177106
0.99978729521054521267587
0.99978782095701879129024
0.99978766635859817046850
0.99978699377160240580054
0.99978620984992061515584
0.99978535090350562075656
0.99978666818124861670469
0.99978883498225623593925
0.99978946659048895106991
0.99978888578435864964433
0.99978924100093102822484
0.99978667416218003349826
0.99978507612805000981382
0.99978560875863053958312
0.99978635201413001976078
0.99978719921284886495982
0.99978650325231233075840
0.99978560181264863881978
0.99978512250193196653214
0.99978500839682005185693
0.99978679947131088301404
0.99978888982827651688012
0.99978886886572027048459
0.99978873052285444078535
0.99978688046110397724675
0.99978509938368986809110
0.99978492296661436444793
0.99978505964281116913384
0.99978582632675727648319
0.99978544916560230237934
0.99978490414204057579184
0.99978496750476353316373
0.99978518558157980500312
0.99978679004263681928677
0.99978843992153887398899
0.99978652916045651632970
0.99978814605725507824729
0.99978509311077334853479
0.99978505442487497489878
0.99978505895087821375711
0.99978547285496777163871
0.99978576233074167856074
0.99978524686536873744558
0.99978493670049262131982
0.99978479196894787239813
0.99978622649586645909636
0.99978797036901501105177
0.99978600404006667812240
0.99978794339575027816380
0.99978436637836243239263
0.99978451100727117051292
0.99978517264723543167548
0.99978602288236206874217
0.99978601154657953387073
0.99978471078568686980503
0.99978387376706145950322
0.99978395354316684784379
0.99978590827691737885630
0.99978799909156457204062
0.99978588256410860779511
0.99978805122576119845945
0.99978363573404316344551
0.99978320375052187607423
0.99978396997455509787045
0.99978560355865075948145
0.99978491262789115356924
0.99978322022369447985568
0.99978267615086957587067
0.99978341371192169795279
0.99978582593287901314483
0.99978803807118277191535
0.99978570051427118059451
0.99978794280947291817085
0.99978322153750287526464
0.99978232852786919071519
0.99978269318343337968003
0.99978425415265248510366
0.99978388674352280940383
0.99978246890596711438093
0.99978212256546572511695
0.99978301400305669144331
0.99978551645148638904459
0.99978780902887309789406
0.99978534472405788946503
0.99978768863471634276152
0.99978279029210026518371
0.99978198604572288132886
0.99978246535763293234567
0.99978387007531088759293
0.99978407612316100294692
0.99978252858980254380583
0.99978184972852446321667
0.99978259251739620694366
0.99978522603032282667357
0.99978757147961583306994
0.99978514466329693188840
0.99978743479336040778094
0.99978245563901158021736
0.99978169571358077583056
0.99978253357651691857200
0.99978427723299490015307
0.99978432500389868842205
0.99978243355859619523329
0.99978153624495014195617
0.99978232652339782404738
0.99978503670446783324621
0.99978726813310381249522
0.99978484271325007703979
0.99978708921988101998579
0.99978212709339897568128
0.99978136200090694796216
0.99978226475871834200149
0.99978419974137811010451
0.99978406621185678115893
0.99978388180590638256717
0.99978399833706421695467
0.99978207905934124433145
0.99978113592339390436337
0.99978181282143485653080
0.99978455906116170393005
0.99978693282825370491906
0.99978424591079839700569
0.99978679983888207871701
0.99978140196968856567850
0.99978083341502854697325
0.99978190607801209477401
0.99978383163314898940399
0.99978373379128426812201
0.99978369093004981760231
0.99978375714402145657544
0.99978173163739225692836
0.99978048754004200660006
0.99978099737391068480008
0.99978397671090957210538
0.99978665014394985099955
0.99978376780953381874895
0.99978642676504858588515
0.99978067942411874557962
0.99978018975802374068707
0.99978155734996820847016
0.99978373323449032383792
0.99978372647813262830141
0.99978375680846953699188
0.99978367420390901187943
0.99978141661515473881394
0.99978001178882103250345
0.99978048223739213185013
0.99978359539604244599076
0.99978610717899951687571
0.99978338530124633010132
0.99978573486995303554181
0.99978036481715903960321
0.99977995247102513509674
0.99978132994538104760807
0.99978354446122974508171
0.99978367489980612958789
0.99978344627097470720400
0.99978334042030325701234
0.99978128381889264097993
0.99977994503327405340087
0.99978022523115150921313
0.99978312110596823103492
0.99978539468375904331054
0.99978283540664381057184
0.99978513749336828109193
0.99977998028091252802341
0.99977987245571942054312
0.99978123221714154666984
0.99978310061715702783403
0.99978311367936611997465
0.99978276689189593540164
0.99978285447116799211642
0.99978111669578406672798
0.99977966460692346828409
0.99977963398371016978672
0.99978256195953341123328
0.99978493469199503085321
0.99978230501486087256069
0.99978467453772046358296
0.99977926559188101673925
0.99977935154935759776151
0.99978090591431723055393
0.99978261876902485560947
0.99978247550554599776262
0.99978227072674241693306
0.99978239823087255988554
0.99978064731682858568007
0.99977904100862102776404
0.99977894736605399383933
0.99978202383562053690014
0.99978422159044355588264
0.99978166469024953855183
0.99978356564848602783258
0.99977870774715671409183
0.99977884898122015844280
0.99978043991122311773267
0.99978220121811101073206
0.99978213970971963053813
0.99978205578679169018841
0.99978204776143120291465
0.99978037337371583603840
0.99977880226201121249829
0.99977851144424267904043
0.99978124375896770814620
0.99977832356386397982817
0.99978084427645252940664
0.99977883444411175251076
0.99978042989002513518670
0.99978196097400184871873
0.99978195897846333650705
0.99978180594729204599957
0.99978189615198798101403
0.99978049701638571633566
0.99977884022449003964539
0.99977814077543647464097
0.99978059088293336209574
0.99977801290793266719703
0.99978058496861621495810
0.99977874907866060016914
0.99978044070758587125169
0.99978174254244811525183
0.99978156385006866635479
0.99978121041431633475582
0.99978141490040595140698
0.99978019311680443870216
0.99977856165639766850006
0.99977799132241995661019
0.99978075689963408212435
0.99977804338211462287234
0.99978089622780819123449
0.99977836945164566540001
0.99977979966340779771627
0.99978091909943134218963
0.99978076163306750512305
0.99978027876828279296717
0.99978035469394221923523
0.99977939858943076778530
0.99977823410587995933696
0.99977805793492136032796
0.99978077094350015219248
0.99977791027891693698137
0.99978028496769566491054
0.99977813662331815880435
0.99977912044611982889109
0.99977987588761807469240
0.99977985629612697859869
0.99977966328293477182854
0.99977959762682933053668
0.99977899367622491411112
0.99977800219508228263265
0.99977754922727135600269
0.99977958122342391877879
0.99977708757058869615264
0.99977895712335418387795
0.99977775719394790243655
0.99977892004282375992830
0.99977951627986838545326
0.99977967026652292403810
0.99977980747458272681172
0.99977949734612192589367
0.99977875763879620052421
0.99977744287472614104217
0.99977675304925983645887
0.99977871369052873085082
0.99977672754328505977384
0.99977893322737720893656
0.99977716119453563514696
0.99977846070002529543785
0.99977935430572040242936
0.99977992638338764042061
0.99977989379824805382668
0.99977900983161294146129
0.99977808712854676631565
0.99977703701628506394172
0.99977702682104885312242
0.99977941315841345470972
0.99977743322423362481999
0.99977978984861837208342
0.99977706978960989570027
0.99977776137134111156257
0.99977855329411413620733
0.99977969037938285712386
0.99977944900241322301326
0.99977817981965266813660
0.99977757201611527904106
0.99977713100621856678885
0.99977761857398173006573
0.99977977421261243762274
0.99977738671989757612835
0.99977932420459947326918
0.99977700360993904116214
0.99977747974424224786105
0.99977804249087609544944
0.99977936991911275921296
0.99977958843322778381690
0.99977812723802572669740
0.99977734703506049296351
0.99977656770490330728762
0.99977679171464450824658
0.99977866081353516936048
0.99977613326841430207992
0.99977813091266753975361
0.99977589233496499954157
0.99977704436596825932071
0.99977826983368389690554
0.99978004543686582739070
0.99978006129666419088409
0.99978055829200263016077
0.99978050227791603887795
0.99977826946361136872810
0.99977657482875725847293
0.99977525518129284343161
0.99977575142490504589432
0.99977792210504512482316
0.99977577479876333921283
0.99977798921350669036912
0.99977492161895675781835
0.99977611428840562624032
0.99977805570918265587466
0.99978070554822595639166
0.99978082263041923027913
0.99978072020537922526273
0.99978056666711689892679
0.99977775809927271755129
0.99977589483161066752359
0.99977495648997161126204
0.99977604361162997204104
0.99977806749412789777409
0.99977620291059898782748
0.99977789992577892341785
0.99977517404667015643582
0.99977600550719802896538
0.99977762501653921756173
0.99978025957193117356780
0.99978032634246383203447
0.99977991659977671901061
0.99978010880054790643356
0.99977782823443916981887
0.99977630735791300775617
0.99977522710499366898063
0.99977595043187106327309
0.99977744272698365612939
0.99977528385930369836387
0.99977685563520546363492
0.99977485666110244011406
0.99977651981769144473589
0.99977832518358167313011
0.99978036540593784309294
0.99977980181364523026843
0.99978009101095133281945
0.99978098990906749676810
0.99977885202295813105167
0.99977640970980163892534
0.99977412375622409790310
0.99977450038552562183725
0.99977635844746837179287
0.99977397330815409581817
0.99977604742087933242800
0.99977337105204822087501
0.99977601080622857665503
0.99977911176724298947249
0.99978164184904583233759
0.99978058291693272519041
0.99978086447150493754066
0.99978190980221692818475
0.99977897157672468431144
0.99977558838710500754843
0.99977299449588252766574
0.99977388300807090715239
0.99977582399052644657189
0.99977406731839202347345
0.99977545683651569685679
0.99977314982353227001965
0.99977546679703732657174
0.99977860076346891649024
0.99978157291151448227140
0.99978054974157715140137
0.99977955888973835119060
0.99978076060117004875138
0.99977831645053616416163
0.99977577072239831590394
0.99977359541444443813418
0.99977413289807404161991
0.99977383911256434423365
0.99977376768375225690733
0.99977627978222849414180
0.99977832108876796279873
0.99977989813603196367353
0.99977822827304396735570
0.99977706340596883549665
0.99977938446450032028423
0.99977853877973221763398
0.99977658048502471288543
0.99977352856958090487893
0.99977294702586072538963
0.99977269992097550499466
0.99977193988449708506039
0.99977635296503519768407
0.99977866974330875660115
0.99977931060851710221016
0.99977648461167034632524
0.99977652909239000944552
0.99977939761886724934214
0.99977842269568073518826
0.99977566948278051572885
0.99977176210386442534173
0.99977107357663241860024
0.99977114868765093458336
0.99977046401295444066903
0.99977492679955681786907
0.99977775960965376000900
0.99977922891171588926085
0.99977681766504278293439
0.99977684097231389603877
0.99977857752377163880197
0.99977692570833487373250
0.99977450885268837055264
0.99977093527406546424885
0.99977006471770568651891
0.99977087310999990243943
0.99976988569421609831522
0.99977438708663191047066
0.99977620315648074722503
0.99977759248080944054493
0.99977635381986129647913
0.99977556979179382778966
0.99977662660507038427937
0.99977557795902316506442
0.99977412646047858491016
0.99977068665840307382098
0.99977018803554018600011
0.99977054422060174232456
0.99977100451352174381725
0.99977338030122464562766
0.99977471675101803327834
0.99977588205045175850927
0.99977499086059828936612
0.99977501671000290617286
0.99977522366204696346870
0.99977338906694002140796
0.99977244448332669435331
0.99977085463523074349013
0.99977050994833760455549
0.99977081560579561525515
0.99977221275893524143896
0.99977201043507879507644
0.99977440282291885065291
0.99977523660946177042064
0.99977489731518243143427
0.99977360534087555965499
0.99977167384900611502019
0.99977266044112556020451
0.99976539975123623893438
0.99976960847374707341828
0.99977268538966324040729
0.99977369306988861374919
0.99977360166753270753759
0.99977214265157765549219
0.99977522284025444054834
0.99977137193488441191391
0.99975568775889234185428
0.99977545455200678148344
0.99977196770528220515217
0.99977181427342509678624
0.99976319220554732414286
0.99971220628608237213086
0.99976038644870734994896
0.99971091930373412459687
0.99970576111361753035567
0.99957439422866700695636
