0.29997072377275446619649
0.29997695488210379677341
0.30026326805398023678251
0.30025611044695366125268
0.30035638849728685251250
0.30023996067615510430215
0.30034781131893278915967
0.30037803992608053116342
0.30037037776459085680614
0.30038805107964200447057
0.30033651796696753111249
0.30021732793579497533543
0.30032299147545782336266
0.30036275227078745864162
0.30038137198497072422043
0.30040544053183787509553
0.30039865982870339600197
0.30042846131214839822121
0.30037557446139706573973
0.30035629776805877755308
0.30030703606163761110182
0.30028999776999970583446
0.30034897126921017429524
0.30037181786872818589629
0.30039351404306269266442
0.30042179025729043306825
0.30045164922189870893021
0.30044487557903643004664
0.30041630705242255983123
0.30038942448751548841557
0.30036762593371629792571
0.30034250814354584990795
0.30034002487790484314800
0.30036512797242526096042
0.30038538529342340144268
0.30041135720816092291585
0.30043874681487447997341
0.30046632525239158617580
0.30045974772000244579218
0.30048640453020319940336
0.30043345273008831286532
0.30040645030600671150367
0.30038299591891171047564
0.30036459689489297675280
0.30038213825862231098895
0.30040278259577346542386
0.30042801110175026968463
0.30045420303112224669206
0.30047978093640970165268
0.30050774671071311949788
0.30050087098760797088559
0.30052954544522619828584
0.30047418437432799054321
0.30044851959400747931639
0.30042371123930627918597
0.30040086676559291101185
0.30042128894496850088913
0.30044420442156116735077
0.30046817485559162985709
0.30049459359176228234745
0.30052274253522093250268
0.30055140272765568099089
0.30054436040180443345804
0.30057119501533535732563
0.30051648138217429417907
0.30048893157480793814074
0.30046390575734405192776
0.30044133755688018361241
0.30046149074017280966586
0.30048425473973600086097
0.30051069254716772372049
0.30053858668606031612214
0.30056513288680852813428
0.30058976547073140705990
0.30058397360140920451244
0.30060833977267137351319
0.30055956959453677956873
0.30053286157576858395046
0.30050602002423315584068
0.30048162681675616436650
0.30050335680772471969036
0.30052810927160639176137
0.30055408694676355452202
0.30057859107699030909444
0.30060278624692521320938
0.30062819264627976822979
0.30062209557332741916014
0.30064994037765990775313
0.30059747956788451794807
0.30057365207559461062203
0.30054989008288796048518
0.30052518015549667396158
0.30054691595404126047697
0.30056969939653460643925
0.30059272566247291491592
0.30061673025915108814488
0.30064356582083523461435
0.30067225230975352934237
0.30066558565442474959539
0.30069398837349009534492
0.30063795535560999816482
0.30061182442084660726422
0.30058858078835998250966
0.30056736906282643939647
0.30056116246891417809195
0.30058022000098205683827
0.30058662487633863724668
0.30060784034085119564850
0.30063243837595737817381
0.30065959818740978226614
0.30068782247438269328299
0.30071439641242314610992
0.30070763968317026915145
0.30073290055371709739163
0.30068114783386351573924
0.30065396365633123565431
0.30062797899921434030546
0.30060575225522317976967
0.30059870754715495300147
0.30061737441199115616897
0.30062536345425933115294
0.30064920692478519503865
0.30067532255823725684252
0.30070135462681268911922
0.30072637063017965131095
0.30075079550401245809255
0.30074431571415161101868
0.30076939123151003041556
0.30072022056063224537681
0.30069582546681794532617
0.30067009017568180340163
0.30064599004335035292712
0.30063641124586631958593
0.30065646595753087177982
0.30066683671189098348009
0.30069031580664018488136
0.30071442126086400659091
0.30073871032047955198507
0.30076322662305710053943
0.30078956089309349941630
0.30078356859391242039692
0.30081061066392850156248
0.30075722439388030693408
0.30073312909775140600033
0.30070953777707776222172
0.30068734368382310506718
0.30067649018901743129817
0.30069566624862303916288
0.30070666594591494158450
0.30072838550423675041401
0.30075208369689854226436
0.30077757294408552501963
0.30080432601779422130406
0.30083195539547424868232
0.30082565972295605138953
0.30085215352822769485641
0.30079873099758458465658
0.30077256392730677969638
0.30074770856875110425221
0.30072582084279814162997
0.30071433018582549578923
0.30073304135237316492280
0.30074517334971406778976
0.30076803634760879146981
0.30079377590010503151774
0.30082002052266287872584
0.30084620627904734568858
0.30087231261802760418078
0.30086614777512965535067
0.30089190410902832972795
0.30084054493666140261965
0.30081487820170005331732
0.30078926759835061810477
0.30076571692958520287675
0.30075217700951578647661
0.30077186458405025248908
0.30078693888745750006919
0.30081026478199318630047
0.30083509776354189213521
0.30086009467056640254157
0.30088566058644794498633
0.30091184686763378097751
0.30090498797559561694470
0.30093209434014034364679
0.30087923869329008530471
0.30085459904971256772654
0.30083058426876119195725
0.30080742980975422318224
0.30079225239091866850316
0.30081172951357904032932
0.30082752983893684683991
0.30084940627125328349578
0.30087396028693186300629
0.30089901701106147591247
0.30092529216165769812008
0.30095211891459933140069
0.30094597569035758111156
0.30097253719633598745276
0.30091929794259958397262
0.30089296378692170774727
0.30086846751278534251028
0.30084645499292494985610
0.30083056561843585230420
0.30084862414418533926863
0.30086506349778685542873
0.30088761470715935653075
0.30091342601096771058877
0.30093970258896962644002
0.30096632749581936350225
0.30099217884628842734074
0.30098593529952227809687
0.30096027945720493779191
0.30093405477678997206326
0.30090799281149538391134
0.30088441366088092276954
0.30086669760045364752088
0.30088504693794176914068
0.30090446068595089190723
0.30092893429882894285043
0.30095506758841455985376
0.30098013675789470067201
0.30100534970735487450000
0.30099977592325133368689
0.30102462362301812826004
0.30097505831571497170174
0.30094992920695085025784
0.30092584777806979934311
0.30090471503605531466974
0.30092558514505562961006
0.30094701136152923748313
0.30097024885935769189516
0.30099447300604148525238
0.30101892836055110791449
0.30104452245406770893865
0.30103820025848065933261
0.30106445819656402207443
0.30101357676734957768971
0.30098963058558514394036
0.30096762861987724768653
0.30094610835282420424619
0.30096631100347615017654
0.30098675642844907596185
0.30100842757727036547166
0.30103274373655375395487
0.30105848628751047391106
0.30108474502540588657595
0.30107865440850545279972
0.30110550066098090704614
0.30105290140455381875384
0.30102747100073318220481
0.30100570707613544252368
0.30098567820772831327147
0.30100453784393604861336
0.30102433182477794648690
0.30104713881451899970543
0.30107309716973873481294
0.30109961162499093711986
0.30112583434124118308972
0.30111993322189428701208
0.30114653102101290871317
0.30109379423552357080140
0.30106754476955255306336
0.30104406428756896874077
0.30102313880844011606541
0.30104243032428412707446
0.30106437177238531965884
0.30108858841877861323155
0.30111450283120599902276
0.30114031307617900035112
0.30116656525714036174435
0.30116066855590678530419
0.30118689611171295394954
0.30113492039161127156177
0.30110910074630103938631
0.30108515913842676114953
0.30106281184628175262574
0.30108350003903827651897
0.30110602730000940452371
0.30112945736933671714297
0.30115525458325725915998
0.30118115213488388937080
0.30120728190337064944515
0.30120150604734441390775
0.30122733103798837728249
0.30117546403311096225863
0.30114965683801531159958
0.30112634045853753361754
0.30110450621253814773581
0.30112470145881692351608
0.30114673250464379927749
0.30116964346825264575713
0.30119569580368399375203
0.30122134005968342895798
0.30124729291290214261423
0.30124134703811000779439
0.30126684482091398153969
0.30121587349431866442728
0.30119033876056117149389
0.30116650576237219416598
0.30114471574771528583625
0.30113789503252313961568
0.30115689237377279985353
0.30116477508825212350274
0.30118690677535769895101
0.30121024828042486376489
0.30123635035458123931917
0.30126132740502642448632
0.30128716308862768524790
0.30128191551572613970933
0.30130780461992212604372
0.30125606450174746697712
0.30123051562821873128328
0.30120725194282477188423
0.30118514961095760318344
0.30117660165607657019038
0.30119633599685369240717
0.30120567925583402457690
0.30122743298472604012161
0.30125048765551865059820
0.30127623812064358022056
0.30130199101896992797123
0.30132861165273283621246
0.30132270978016195694948
0.30134912003252239953710
0.30129635065748855415890
0.30127058964058028855959
0.30124783790922227133535
0.30122593880765230478502
0.30121609334761240139855
0.30123551165007811381003
0.30124600126720085802035
0.30126756045281738449759
0.30129078606256376460237
0.30131695600352342845341
0.30134314152941410469566
0.30136923223039024932746
0.30136350547967238888702
0.30138901692439573620774
0.30133784403571822751999
0.30131091743767240975771
0.30128759060168902594867
0.30126562397234385448641
0.30125476532312395194779
0.30127359680732190838626
0.30128562831140354161263
0.30130752461361837157838
0.30133134875370948257967
0.30135780812250340110481
0.30138372581939482097724
0.30140884985831434272896
0.30140308903287271746763
0.30142899504967368695674
0.30137764260971444674198
0.30135167070012797152501
0.30132808651143871969680
0.30130531601174115330366
0.30129231121479582711231
0.30131155182667929137708
0.30132571700823118643342
0.30134836274128462552113
0.30137187882251476045425
0.30139762666563224557947
0.30142320811473805042269
0.30144911282807212993262
0.30144366665752891920604
0.30146992743939915460061
0.30141783062199517528867
0.30139184178237476974260
0.30136877566924696880690
0.30134612582285208448596
0.30133108440775580039173
0.30135071700395221760971
0.30136680001014071184073
0.30138895438735263665464
0.30141190399055428628117
0.30143826288133834800931
0.30146449827232801865762
0.30149029590801618150309
0.30148504525385455554698
0.30151020780719078873133
0.30145879767924321779304
0.30143222525189361515885
0.30140926022989372734529
0.30138703824627338656583
0.30137051671185827173005
0.30139026737024821045452
0.30140708532014159892753
0.30142965643297131572709
0.30145287668924181101460
0.30147924645576951174775
0.30150487665020309080433
0.30149949350288174354517
0.30152474498364789656790
0.30147340939099270817891
0.30144978871869226866309
0.30142740556206554236596
0.30140940682425848562431
0.30142855422368314277648
0.30144732788967265602054
0.30147017724678465411259
0.30149330920629086039142
0.30151947281079016782712
0.30154469651083082304410
0.30153905220215504456860
0.30156533392526918557763
0.30151332077672871045948
0.30149023000146268902455
0.30146772091722973119232
0.30144784182244238612824
0.30146742441307122772898
0.30148767210204518995909
0.30151030697036868000183
0.30153295957364956159097
0.30155942590092199573348
0.30158639927733726926462
0.30158027652845587063268
0.30160754486992935596845
0.30155344587168775305486
0.30153030027917598898668
0.30150742991862805597592
0.30148663246482648725433
0.30150574039473676535295
0.30152748622468794614804
0.30155019024818296990986
0.30157416651468993418206
0.30160185775535913732526
0.30162857546299842725901
0.30162249295837362250694
0.30164855230508552663693
0.30159503459493869348407
0.30157104614284419019654
0.30154769479371057450123
0.30152516857363248492518
0.30154528546243830611218
0.30156829428969983419861
0.30159177229034117573292
0.30161584329001478455012
0.30164229910258893996300
0.30166766937649630575535
0.30166169113856777794780
0.30168669654048740902397
0.30163593716601450056558
0.30161278549710796026417
0.30158893625172955577085
0.30156553576498035251774
0.30158622917419108944159
0.30160952820527858753152
0.30163267271245036704741
0.30165559492834220778334
0.30168087713567204311005
0.30170674609698977519656
0.30170137111580380695486
0.30172775375985833035131
0.30167505585911424947909
0.30165239386691949929897
0.30162970605147515490430
0.30160681808807393577965
0.30162730612448479527998
0.30164956305558937588174
0.30167198481121565434293
0.30169512780636847937288
0.30172234677660092483364
0.30175000234596310866308
0.30174412131127881231407
0.30177150438092592565908
0.30171628408122519449108
0.30169250310437967232957
0.30166955733385758531284
0.30164740522091321173193
0.30166733995271155510665
0.30168989899254328168610
0.30171359021237353914557
0.30173802542925010072850
0.30176585522179960596745
0.30179250515757177764087
0.30178655867081199959401
0.30181238968254520127488
0.30175998415791582818457
0.30173535683304081311817
0.30171090153953566970202
0.30168750520468134990182
0.30170863520017915382354
0.30173223202147586574640
0.30175658011919848089377
0.30178018634387610008574
0.30180666326322752590627
0.30183189963840917346971
0.30182560981324263460479
0.30185203525666554069673
0.30179985993824509638017
0.30177678858238438097672
0.30175363564758200807248
0.30172972499480382735371
0.30172265520755386924989
0.30174335713331390529390
0.30175073601210283813501
0.30177369412054433350789
0.30179647216083665961506
0.30181894121646363204903
0.30184546587554844654377
0.30187252400915470795795
0.30186630440159040178472
0.30189373267270613876434
0.30183884599722210495543
0.30181547056655011473936
0.30179305059183630932651
0.30177071519243303665547
0.30176255417654662682736
0.30178166477510853793476
0.30178997268002644149831
0.30181171716094618018289
0.30183508631020078416540
0.30185977073872882758820
0.30188789932071335986308
0.30191465829728275638288
0.30190916867716716120995
0.30193478594738926146235
0.30188146889135863970566
0.30185616068882392681871
0.30183175046093013715875
0.30180926740044916600780
0.30180031391727779599421
0.30181891060980786667400
0.30182898043424216671937
0.30185317467441397099037
0.30187816891961494203400
0.30190293675558399488779
0.30192944316418579564498
0.30195455639772461609027
0.30194890131362495111489
0.30197397106650381015669
0.30192360561754444381322
0.30190030964443559380328
0.30187518650408801113016
0.30185016256446145499481
0.30183855725603997433026
0.30185984477714578044782
0.30187240331514397784218
0.30189710580873740930485
0.30192061148032756090487
0.30194317148539401296503
0.30196834188789656305829
0.30199459670035261327214
0.30198847748155710490892
0.30201574352339033424641
0.30196193808532156843683
0.30194000732873144121626
0.30191788328591018242264
0.30189467006316234032326
0.30188170925138296807333
0.30190256085763877980099
0.30191579805194157515302
0.30193709865016593596465
0.30195833288986240194873
0.30198165650526459513614
0.30200956584488952705314
0.30203742312402642733460
0.30203117638472054551357
0.30205792041409929016282
0.30200247299206228746016
0.30197805790783521784348
0.30195570376896463393734
0.30193473179312352305814
0.30192219478392751108586
0.30193999597968018688832
0.30195281814065005887571
0.30197433175694693430202
0.30199888542783498435185
0.30202453356857517086098
0.30205194603087165416966
0.30204568106320939246956
0.30207146501304105168373
0.30202031266895462691124
0.30199475839030553991904
0.30197124765392197032199
0.30195722265421431895760
0.30197492102727163665321
0.30199158033523793021047
0.30201619306481986004798
0.30204192981065108858374
0.30206522451924028294101
0.30208981945431556681569
0.30208377875085468122762
0.30210784528644274438136
0.30206177351715157719525
0.30203825892080649051508
0.30201315069204764940380
0.30199491684402651747732
0.30201584731706210273927
0.30203498293757202741716
0.30205879124165602167551
0.30208051068190339139008
0.30210157319120184427064
0.30212669038285444589320
0.30212055863298536984018
0.30214587240764856357345
0.30209855996418333301534
0.30207737338143453298400
0.30205568357014739300226
0.30203716086479770464024
0.30205743974207233115692
0.30207498816009997755216
0.30209542391391269733347
0.30211717640955382258028
0.30214019364332589390187
0.30216556691053730876462
0.30215960807507813434825
0.30218490603475933742317
0.30213679245207436530052
0.30211409732808452988095
0.30209338028639359796657
0.30207608837358035369647
0.30209361885710772632763
0.30211186278531515503332
0.30213361907239316694884
0.30215622865011754205611
0.30217860058159695668678
0.30220550728076134294753
0.30219796464588072337776
0.30222795638982691279750
0.30217469195000268289419
0.30215276203019814094120
0.30213091201158548404493
0.30211139309196699542781
0.30213049506420919243510
0.30214955886718558586423
0.30217033549529814795420
0.30219292936594982501575
0.30221965250804233571458
0.30224650443390743692618
0.30224107647751125016455
0.30221378319039376991739
0.30218763766798506509303
0.30216711823904790490403
0.30214899210628010095547
0.30216566954190188232232
0.30218373114812219215608
0.30220845673418345045391
0.30223716133777933645632
0.30224484263162476604947
0.30224923181056989607285
0.30223345086697495087691
0.30220381834619686189924
0.30218175592578117027998
0.30220143472101940185226
0.30223052029076241664640
0.30225219815313264515311
0.30222479410915903397239
0.30225414577625342449352
0.30222956438955317359785
0.30225651192001429246048
0.30223615758221999971767
0.30208615595734217285084
0.30224324726250323402965
0.30216219695013379897830
0.30209574061560678925886
0.30184289426930355215717
0.30002047434704981476727
0.30003036931088666872114
0.30031297385845595604437
0.30030949227412684354732
0.30040601563911401017393
0.30029458451300011789797
0.30040112657203399404438
0.30042757722539353837377
0.30042361181353177679298
0.30043749721205115221778
0.30039109238563749260109
0.30027282236821722927189
0.30037849304874020273104
0.30041726425972808955933
0.30043451973290491441304
0.30045479557104481926899
0.30045172069409603610168
0.30047772472253103659412
0.30043002275912794596380
0.30041179357932651372565
0.30036350239857423360945
0.30034522472322527919530
0.30040543474231090614879
0.30042730256177407888174
0.30044790044384012128731
0.30047476474859402539863
0.30050082101426894842788
0.30049776253824062033360
0.30047063169672089122386
0.30044489504137406044038
0.30042407923199171415618
0.30039779798408372535334
0.30039309675577419156411
0.30042047717601921830166
0.30044182794847296147367
0.30046681347887860269452
0.30049300877729956393836
0.30051912171193478906517
0.30051394681889931348451
0.30053910789841542516854
0.30048889392515826246566
0.30046288412049593219422
0.30043840292964579807844
0.30041764301467982489768
0.30043517589932622335880
0.30045824710844493132811
0.30048443337977437384012
0.30050962721191659676734
0.30053391874389989713023
0.30056035679082870881729
0.30055494811502153629235
0.30058206168584955531031
0.30052958908851934438644
0.30050492715801413456944
0.30047923284820687861441
0.30045397076072621889153
0.30047446139057198966071
0.30049978555539363922477
0.30052456729951287917046
0.30054997612978201493306
0.30057675711847514632424
0.30060382304534555286679
0.30059831220284233266327
0.30062351654299379610791
0.30057184133910885837082
0.30054530981937821465522
0.30051954550364518015115
0.30049457314926758533247
0.30051478728313291144403
0.30053995122309062892896
0.30056705516194848204492
0.30059392374351467935867
0.30061902376165067218849
0.30064198709062783798629
0.30063780341126583595113
0.30066046143904751053455
0.30061488085578175200041
0.30058920607252814782839
0.30056177284089369283748
0.30053498232787656530007
0.30055677392851426477094
0.30058391894577701775049
0.30061041151684880778916
0.30063387272618585788209
0.30065655336219576643231
0.30068021356109031483328
0.30067579971757452117487
0.30070185840606278304676
0.30065273144218568335262
0.30062995814788856518973
0.30060575590478594287802
0.30057865398572553017331
0.30060044554300713315342
0.30062562065967601832028
0.30064901222500606259302
0.30067195083670439359480
0.30069720783113929041264
0.30072406615884766933888
0.30071916689113631360186
0.30074569817812019101311
0.30069314350127984702965
0.30066808953815304938928
0.30064455446746046751727
0.30062095128637489338530
0.30061375745949486804065
0.30063275990085702726873
0.30064026059643250698983
0.30066386578563036868772
0.30068868122087710759160
0.30071475072513037529731
0.30074134223261639320413
0.30076600147930726558698
0.30076109632362935109029
0.30078439863345957094865
0.30073626240309880852664
0.30071018467430848941646
0.30068405722704238947074
0.30065943886854046285251
0.30065119377681498447075
0.30066980631267198331713
0.30067910081665089050418
0.30070533718257985711375
0.30073152150615095612451
0.30075642970936777853552
0.30077976376260234792070
0.30080218475879783035509
0.30079764695575716970666
0.30082067167437609445102
0.30077525568473673089898
0.30075200219267544943236
0.30072626883642156192522
0.30069977222537974670402
0.30068879060005770931241
0.30070879788488735773200
0.30072066604624769770027
0.30074654294877867233282
0.30077057288808389801105
0.30079370190500542836531
0.30081649572096941236410
0.30084073292088253648302
0.30083677441238149130598
0.30086167347808528971242
0.30081216960185636066782
0.30078925413097851171429
0.30076581282288888941068
0.30074121866318676010721
0.30072877790521712615401
0.30074791257925015397490
0.30076058595934412887019
0.30078470825164849156153
0.30080818454881025347802
0.30083247163864040851777
0.30085746767069604379330
0.30088290707592990624875
0.30087873820240307320972
0.30090299329605052491843
0.30085358245490295692193
0.30082864043281121180229
0.30080407648724538649532
0.30077978005053579435568
0.30076653820002197115002
0.30078521874997132812268
0.30079917481651652355623
0.30082444740810487804339
0.30084982513202029874577
0.30087482229358203378311
0.30089922222304732457587
0.30092304104371098150139
0.30091909960607515772679
0.30094252089281403605980
0.30089529386538088617797
0.30087089978376607701804
0.30084572076481480573662
0.30081975847182912398026
0.30080433136020007234279
0.30082400104042295030382
0.30084102194503259397607
0.30086676091545894173862
0.30089109399812946632480
0.30091478892098860731252
0.30093854648956064323784
0.30096235035347518316229
0.30095780856704235084464
0.30098248353646872566003
0.30093387717311537166154
0.30091056899872081764613
0.30088712030738234970428
0.30086154935776665553249
0.30084437690511867113941
0.30086384961158491035960
0.30088168663685432857591
0.30090597935901836068595
0.30092990262607993701138
0.30095359916771718955530
0.30097804852787995999464
0.30100239418050867001853
0.30099866665061608683729
0.30102269915331220095922
0.30097382012150963870312
0.30094887757614502410419
0.30092507623339387334838
0.30090064743322358919997
0.30088269001221823462089
0.30090075911373531658555
0.30091929327520472448043
0.30094425914347860961939
0.30096931163714113477425
0.30099416241710980068902
0.30101895157514574341562
0.30104222620152226719270
0.30103849173089625157473
0.30101467677029414282686
0.30098991325712809441484
0.30096467234448032179728
0.30093867678022234724011
0.30091884972867827263698
0.30093722417113627498608
0.30095875747918038323192
0.30098564622908763332987
0.30101089849998313718871
0.30103447071746308738582
0.30105783900494942351145
0.30105404383719225336336
0.30107704557677705814456
0.30103085957313807652369
0.30100667082815923958350
0.30098017676147154064736
0.30095692623939174215053
0.30097783868060784540077
0.30100137470366883363226
0.30102701978520179926235
0.30105024379868156048090
0.30107312788312912132938
0.30109687544050028895626
0.30109233008486752103394
0.30111674038026359223608
0.30106931845512396872522
0.30104643101471356692045
0.30102202461216714945991
0.30099840864850518906692
0.30101867303050439117484
0.30104118333096369086732
0.30106525348449131307405
0.30108845608427659001904
0.30111254634212397673920
0.30113695694220549148312
0.30113264379388487990141
0.30115764271211836744513
0.30110858383394462078897
0.30108431977043559335527
0.30106016281545650015161
0.30103811147635572975645
0.30105704300279839680243
0.30107881972045219542977
0.30110400976837264908070
0.30112874737963118976225
0.30115352692844099546932
0.30117790470031963190323
0.30117377277729123763450
0.30119852770888627668810
0.30114941420798213567167
0.30112443755433254688469
0.30109858198588163036291
0.30107571497638491164750
0.30109507613675084991556
0.30111891656162553809750
0.30114550120603633676097
0.30117009297975394499502
0.30119407708985213023567
0.30121848793813255085183
0.30121435635595383839558
0.30123874503457809259643
0.30119047899550083213782
0.30116603086425958180072
0.30113972901336177878662
0.30111552776868849568004
0.30113628845179657433917
0.30116062381672259462562
0.30118640248490302635531
0.30121077999648748768635
0.30123476096655893430309
0.30125905601098307284857
0.30125503422263044672746
0.30127902822211127809027
0.30123095710069042185708
0.30120661685173938382221
0.30118096087853574172044
0.30115736602502651830804
0.30117763134836039728981
0.30120137707430005846732
0.30122661815858486900055
0.30125115621015302602714
0.30127478714953614957750
0.30129891182232637625305
0.30129471328026063980943
0.30131838545587019684291
0.30127130091541559631096
0.30124732446356100590279
0.30122117111712087833553
0.30119771487485241800997
0.30119093641776950587285
0.30121002103857891230021
0.30121784498430498322463
0.30124159276247597372134
0.30126724228040968611708
0.30129174348981524467206
0.30131461115855562304944
0.30133862517306053696586
0.30133511424360232000552
0.30135918619369295168298
0.30131142231290636290808
0.30128751768095413110515
0.30126195797656551977894
0.30123829071699109727334
0.30122981632172901589328
0.30124963389300524196912
0.30125889032577085613340
0.30128216039051236574409
0.30130749709040688388839
0.30133156042196229673635
0.30135510425057715488961
0.30137991085724041839811
0.30137573788818672326784
0.30140033648750635952851
0.30135163864583819348653
0.30132760387944407254324
0.30130258155471223435740
0.30127921819253655755233
0.30126946969826662314773
0.30128896539879146398988
0.30129935006185054602312
0.30132232060800545614399
0.30134780235266966919028
0.30137220850009405204162
0.30139608354682800861468
0.30142036592374993331234
0.30141635882225897846709
0.30144006631520203765007
0.30139305898767271285621
0.30136793344159285013006
0.30134236671608533031375
0.30131904342372556326879
0.30130829178850665472922
0.30132718919904766252671
0.30133911795126794297417
0.30136231777162664213776
0.30138836518555994770097
0.30141298593863341537258
0.30143648922035382042850
0.30145981266015142718828
0.30145576256823525262973
0.30147987030886125303653
0.30143278380917337688771
0.30140868611273624599889
0.30138289272061169477013
0.30135887339138373031133
0.30134596287131748537647
0.30136525721488954809857
0.30137934343864236641508
0.30140318126082027427870
0.30142888958170593882713
0.30145273018219587157773
0.30147579244099698136949
0.30149990074261601158412
0.30149615961902009875217
0.30152062728125283985747
0.30147289405650279370263
0.30144884545886313498286
0.30142360574993048993875
0.30139982297836026559068
0.30138483814876587674192
0.30140450930476647695144
0.30142056743237199967211
0.30144379725547210124859
0.30146890146936933252420
0.30149328644438916358084
0.30151689802323705658083
0.30154090530070365439030
0.30153735148468319149373
0.30156072514172138632205
0.30151378164145298255150
0.30148921471142470229765
0.30146411363165498409344
0.30144087346227960155787
0.30142433838622617603420
0.30144410946353683566912
0.30146098795870635012051
0.30148451932925768304017
0.30150985476170805155149
0.30153419072317927396298
0.30155709025603039119545
0.30155439661254224148479
0.30157686462914068403762
0.30153037344031136113287
0.30150466072540355044751
0.30148137717333695073663
0.30146326294418146485299
0.30148241523631219562773
0.30150136849198377886339
0.30152505910508209385767
0.30155025806176394276292
0.30157433309957515366051
0.30159672010661442431712
0.30159386996879461451115
0.30161726118326015466664
0.30157025363214196023165
0.30154512059092380971137
0.30152182922357317895745
0.30150169697108086808157
0.30152126586501132310403
0.30154184585677951124794
0.30156520559284288873769
0.30158987407134646430151
0.30161420242660041957095
0.30163823058206112870394
0.30163500990445535343554
0.30165927993256042016768
0.30161033875710158147498
0.30158520449940595664629
0.30156167120152155280977
0.30154045233963500116658
0.30155953179485350812428
0.30158179500849036092092
0.30160510101336523991478
0.30163103586879297379753
0.30165654639649064350237
0.30168021268236061560586
0.30167713613077634660087
0.30170009040961720536700
0.30165188044383384191605
0.30162596494939408753311
0.30160207143931577755680
0.30157890697133382662543
0.30159907353437254151629
0.30162273631381147920294
0.30164669713806552264757
0.30167266407538306793867
0.30169689777093355864679
0.30171910871892893002411
0.30171624449515233035157
0.30173803735662596547940
0.30169272934956281595476
0.30166771411653003909237
0.30164344318059765903683
0.30161937214865769396610
0.30164011503115795154173
0.30166409964363422036016
0.30168760588452325777098
0.30171235615165714616381
0.30173538256295567849818
0.30175798766734535094614
0.30175582766452002658752
0.30177889451039052737258
0.30173178521995536183198
0.30170733275496675052096
0.30168434261167420551430
0.30166074909256579417161
0.30168128212425604495195
0.30170426004524897312109
0.30172692814356250057273
0.30175182459526839195973
0.30177675536115305954254
0.30180104293558479566784
0.30179848239817758104309
0.30182244558562121294898
0.30177294624973416414804
0.30174744980705742181115
0.30172431398578331007698
0.30170142342171818450325
0.30172140301450833810293
0.30174471567747707112517
0.30176854044038087243607
0.30179464922242454916201
0.30182016563417407573056
0.30184334645170834976469
0.30184081683548580343768
0.30186312943019882881757
0.30181656866573169928358
0.30179031108537923699942
0.30176577769314805177459
0.30174160933748861435078
0.30176277932863043718115
0.30178716466093313819385
0.30181153867689280989595
0.30183673148327966329063
0.30186086955709234835865
0.30188253735064640714825
0.30187976427118207167766
0.30190257195688058322602
0.30185636241411550884095
0.30183175020907004881821
0.30180862360344884454122
0.30178390584728909118439
0.30177573525040934931951
0.30179635903264612206698
0.30180495662906925424807
0.30182873616413147255244
0.30185143458291541218586
0.30187539848109379292396
0.30189956640933912623836
0.30192296022464304439126
0.30192034920944316178648
0.30194406745562607508049
0.30189525723060406381393
0.30187043463017848576868
0.30184814576285767806496
0.30182497216018949748317
0.30181547893092708356733
0.30183451168869618319590
0.30184426526880719920953
0.30186686397196704767509
0.30189005386934136820898
0.30191613460592597872889
0.30194188789757364643762
0.30196489059448372582750
0.30196310117208935430710
0.30198491628314694246171
0.30193778464759385427030
0.30191112953895071768784
0.30188694765797535746188
0.30186359192111222871091
0.30185308452361814257614
0.30187161019089192581788
0.30188333927898264308354
0.30190841920342859072690
0.30193313824594536498580
0.30195920280810228941704
0.30198331870301098334153
0.30200458568840732320737
0.30200271721068677743816
0.30202389879583346754544
0.30197981821947544878171
0.30195527951617090467451
0.30193047858140742434330
0.30190455438172597579793
0.30189119094990735092665
0.30191241528832413187899
0.30192682874157378281055
0.30195244506280016771882
0.30197558284191133859409
0.30199932967258735772020
0.30202209641037724985324
0.30204442180297330633465
0.30204217093682866890347
0.30206546614107754322731
0.30201804191695552637142
0.30199497952400378153470
0.30197326609814406639387
0.30194912468772150404561
0.30193422191493551887120
0.30195502154935033312100
0.30197028307878293063027
0.30199252228862721869618
0.30201330501965700792155
0.30203770402105839520956
0.30206319818623011963510
0.30208704451806167590178
0.30208474582067007530028
0.30210744060319616455246
0.30205846063302771442594
0.30203302782733781883806
0.30201116723635657024261
0.30198924665848442261407
0.30197461148132803687716
0.30199237289601954525864
0.30200736325866084364122
0.30202983505620079052179
0.30205385551652313980142
0.30208046053243670092670
0.30210545004313155148523
0.30210154749189715994717
0.30212490299477906541270
0.30207528382337350825182
0.30205029973050884217756
0.30202581860328914231673
0.30200956417005825338506
0.30202723532218567203955
0.30204617853726939413761
0.30207176905681376588575
0.30209690004889849790359
0.30212102856093325797815
0.30214319159736058306720
0.30213951716885478759878
0.30216115007745530940397
0.30211674041588171268913
0.30209386839056273643678
0.30206777684115526660946
0.30204721182892230180173
0.30206812966463503222769
0.30208963768190522092283
0.30211443409836508111610
0.30213547605766227777124
0.30215724438940178009361
0.30217992518680525382280
0.30217616243287653832184
0.30219903658504204679858
0.30215352377079124357451
0.30213304783886901772050
0.30211036395503060303369
0.30208943470859800362049
0.30210971135862879632938
0.30212969376514814401347
0.30215112620317841063411
0.30217213756262512047712
0.30219572964043478480178
0.30221866062077706871492
0.30221507402595015889801
0.30223792765019796835446
0.30219174996455733239742
0.30216982500413436252273
0.30214811137591823797521
0.30212836436760626135367
0.30214590341172742338216
0.30216662171087899091404
0.30218937192708683614484
0.30221118272291191964030
0.30223399383599008904966
0.30225845540868767624687
0.30225328434964815471631
0.30228082942392497933781
0.30222964263780438542994
0.30220853896793520299013
0.30218569758606234065823
0.30216370028903216660154
0.30218288730847325807005
0.30220437047808185182518
0.30222613284987981385754
0.30224787737001507226253
0.30227490032457038360292
0.30229930161469514837691
0.30229624910144431426673
0.30226872746030997163302
0.30224345329480556410218
0.30222195470780460757609
0.30220146963774047188522
0.30221823374673162376780
0.30223859348786819012389
0.30226428906447216915510
0.30229210067425621444315
0.30229993526844539664111
0.30230416514666003102718
0.30228930083986843557753
0.30225870686812400522925
0.30223440325071060374995
0.30225416489205292336351
0.30228543505334881658086
0.30230806246280772509039
0.30228066067539377526074
0.30230908418681878835343
0.30228237821217296410481
0.30230941053844656574157
0.30229111300289857044987
0.30214110569538848993787
0.30229622179863924191778
0.30221465975891254052144
0.30214876549351527001974
0.30189531519039586315856
