0.13263862286359079378784
0.13255367222293087947627
0.13302319028229306341338
0.13298336265254759314125
0.13315373705876654142344
0.13293648249500411573365
0.13313825473969922996709
0.13317752819275813225275
0.13317047734810530390526
0.13317654447450563703903
0.13312023985224749611511
0.13288272018788863104710
0.13309765064271966705789
0.13316202460556603170971
0.13316993243305852434588
0.13318317738552740148172
0.13317442362764214669468
0.13319883749504243808381
0.13316325643979129433880
0.13315393599778960198599
0.13307012079495064704737
0.13303705432006204811834
0.13314322439535900000074
0.13315774416045939032571
0.13316740692658565747841
0.13319013782711253135460
0.13321807719084985399682
0.13320985815321692569135
0.13318247652960119031817
0.13316070908213700763056
0.13315135448340992274652
0.13313082851795648986482
0.13312066091154731162227
0.13314582017756079745929
0.13315397053311003872089
0.13317438675050502494557
0.13320185317149194070829
0.13322893845226854714348
0.13322044879838390585292
0.13324605666345765153658
0.13319422923317128515386
0.13316730912358895611014
0.13314841721118816919578
0.13314006220392132773256
0.13314350825224000041125
0.13316027232498872656663
0.13318666369991266629214
0.13321318184040398246992
0.13323775509791713211882
0.13326369872123261517416
0.13325491254862373291523
0.13328161926121606661866
0.13322996160151487354817
0.13320567827096507773632
0.13317956213807688459205
0.13315471311512513952202
0.13317396671786968509466
0.13319920226161263698827
0.13322204007138976900038
0.13324611489258955665527
0.13327273692877716904093
0.13329885035556429673242
0.13328988915750009103256
0.13331294620924954985597
0.13326383059765037342181
0.13323839283741531480665
0.13321549091226470018512
0.13319293980877897065618
0.13320921423771314717754
0.13323052081837669091691
0.13325533610023276853696
0.13328194131865903071521
0.13330544912182720751481
0.13332505229172236793644
0.13331835108128531341976
0.13333701671243317066207
0.13329820739944284180289
0.13327341208171172848296
0.13324695042987927395828
0.13322377343484115286287
0.13324002198206877367603
0.13326534350759811076159
0.13329015659904006052550
0.13331133413430604206518
0.13333053071240510978335
0.13335145338340068099647
0.13334328421985433554831
0.13336795389190361782461
0.13332341686330764773949
0.13330492927620768428554
0.13328321397292069994123
0.13325776929395496961384
0.13327584492497135393307
0.13329817212999631181880
0.13331704533084551278499
0.13333630016633074566457
0.13335934618792708028501
0.13338572413340621380939
0.13337670641053536724208
0.13340231984089845340691
0.13335147270868794033838
0.13332929764346612699910
0.13331050669526020580058
0.13329175582995031468236
0.13328593984266781657944
0.13329958944679320964610
0.13330545491413450798213
0.13332238558812814499532
0.13334309715149464392603
0.13336822022994151981656
0.13339425355218659241530
0.13341723517105005814010
0.13340882832490708054252
0.13342976019613292382182
0.13338507059920803876629
0.13335975345107384248955
0.13333632847632373441549
0.13331716744215280079366
0.13331155079026282828103
0.13332283903762065513376
0.13332989064399070056055
0.13335200150060513846206
0.13337699337174196978495
0.13340069302152399166594
0.13342177528994783597405
0.13344176277921906970114
0.13343377305023393364358
0.13345443041522625504669
0.13341450770763371713734
0.13339308649659567529433
0.13336858852848218481846
0.13334461149509901911614
0.13333578037148860473415
0.13335084135572733421427
0.13336139217868642203868
0.13338451788661515040602
0.13340642662526669415257
0.13342696223751993045425
0.13344734609319311435804
0.13346916065430650122359
0.13346157616301163040262
0.13348476875276221731426
0.13343922378909170434191
0.13341926013286745100750
0.13339931041184360793750
0.13337811661017673348084
0.13336726730097026027977
0.13338195936578237099646
0.13339318900907676246348
0.13341256366021753132500
0.13343215720269718804758
0.13345350354279952864722
0.13347647377021498726890
0.13349967763481879190479
0.13349124156936859053602
0.13351328780733309753437
0.13346878316615490289720
0.13344657571344833990601
0.13342570903304543095125
0.13340630930488700522929
0.13339604781180841586163
0.13340878420161714212888
0.13341938191945543201733
0.13343910573837541866382
0.13346153988733092110586
0.13348405994825876530463
0.13350547344506297209321
0.13352657951770649513712
0.13351907553480765744602
0.13354074612501606877935
0.13349787125553222444374
0.13347617572443104538849
0.13345424372405814694709
0.13343348900257151479209
0.13342112896946869970982
0.13343407189275566238074
0.13344831853755570461040
0.13346932210622758363527
0.13349033367775864356020
0.13351111257251127573120
0.13353299866395890171944
0.13355599874786494574153
0.13354739781106156337742
0.13357171230394784822160
0.13352466441407762065552
0.13350390579089449483163
0.13348368903235874327606
0.13346291275998214964638
0.13344826216562069576277
0.13346211363410398487162
0.13347664477961676543494
0.13349636265997782968995
0.13351756074583059907823
0.13353978119223430809370
0.13356318749045217875171
0.13358653003893003474722
0.13357893645780499758402
0.13360062306146275323826
0.13355541084415417651954
0.13353149434188743560625
0.13350954496508021795975
0.13349001173634236772081
0.13347487903455962365840
0.13348738075807928260552
0.13350291250918502883316
0.13352381641856952976255
0.13354697489603789550827
0.13357083431810276574758
0.13359327101579399066367
0.13361335665754822676909
0.13360575711503730467200
0.13358504655851030640257
0.13356293666615207116344
0.13353943307925850159101
0.13351700231276386610091
0.13349984123922051248989
0.13351285170549417880004
0.13353185908130615899836
0.13355522341522513274370
0.13357811699665950166960
0.13359844198637793599715
0.13361764093229652750061
0.13361031710625720370089
0.13363004682124682287458
0.13359114426432280864354
0.13357033644592211651947
0.13354814044790644378402
0.13352746777734647576352
0.13354324368528264210809
0.13356393578232361729619
0.13358387997963719340255
0.13360295612072140003512
0.13362241800853408291161
0.13364347189885694699996
0.13363493760430875112455
0.13365773545891260210006
0.13361470444972539661777
0.13359627028462825459876
0.13357809371972945156060
0.13355825882855767994251
0.13357206334055810037498
0.13358989154816472422205
0.13360764854209958296671
0.13362747307546402053546
0.13364931354377748706774
0.13367196180027485219455
0.13366376509094810010048
0.13368618617235619727701
0.13364141563733034079320
0.13361960008056261717257
0.13360106153433662368180
0.13358455658148066236279
0.13359609831188312689676
0.13361306290534477603238
0.13363285133227459366978
0.13365557640148739704244
0.13367849744487381169478
0.13370034958596821450527
0.13369233492029714005511
0.13371455762165390668272
0.13367016895726596681371
0.13364775421091990015299
0.13362652022199192347607
0.13360779619387253003282
0.13362030981996400602618
0.13364111777039311412807
0.13366293919568908443729
0.13368503354095956359160
0.13370655397083755500098
0.13372907723020135972725
0.13372157968571291020154
0.13374438553791531680837
0.13369953083734606447130
0.13367765805182257876638
0.13365587981688958896243
0.13363449163426549537448
0.13365003562358113153863
0.13367079282769958603616
0.13369185500944438804716
0.13371435981435922379923
0.13373712973189047503730
0.13375984917878658286838
0.13375238832422756130036
0.13377444379796979423425
0.13372904731270007783195
0.13370652248625319868935
0.13368580917281672193475
0.13366533713514947012690
0.13367997323753327831852
0.13370059652067875499704
0.13372163090188302070338
0.13374416189198251592174
0.13376631020993517973139
0.13378755090892774370914
0.13377928444901857063520
0.13379921900718072524938
0.13375875920909272021042
0.13373687895447119999837
0.13371498945623147558415
0.13369409211528798797630
0.13368779231321634148877
0.13370125306964275591071
0.13370862171075345581350
0.13372946088653100971122
0.13375073266250786518938
0.13377208428936787631969
0.13379162986704426496765
0.13381138023538571846238
0.13380410103776008146070
0.13382505572546835037606
0.13378385413352653077190
0.13376355643088963520704
0.13374369729667853756716
0.13372340009068159338845
0.13371555637645096692445
0.13372957010205566152905
0.13373788563234806359148
0.13375704312969569076408
0.13377580746917552834141
0.13379577141867368683670
0.13381707921420604723295
0.13383972856713566290665
0.13383137774057848878861
0.13385494806297879022416
0.13380888717009464805585
0.13378818347418297562967
0.13376960271395296753205
0.13375082251533204624749
0.13374247026897825851854
0.13375449351745138937275
0.13376308875849421409221
0.13378135524614795381915
0.13380136447055712700660
0.13382373937607747182987
0.13384677646213374857531
0.13386932081919883374965
0.13386189104189066823025
0.13388322039309855093769
0.13383930548160638540622
0.13381552206350430522797
0.13379424332213882276044
0.13377511055680857410266
0.13376672661551763932053
0.13377815926283961878163
0.13378838312531182719312
0.13380854356498775303841
0.13383070558647972014832
0.13385401239410882334724
0.13387614569198444391951
0.13389634753215048923458
0.13388864893763732788479
0.13390952541170586531649
0.13386793615342734709017
0.13384623553244323623801
0.13382431138343667265111
0.13380238313779510561652
0.13379049323046951491811
0.13380448033603223323418
0.13381771983799120584457
0.13383962206248495308003
0.13386065473918923318664
0.13388120195583672056294
0.13390138085248914912029
0.13392260572822561881523
0.13391464245114781395074
0.13393608107999407930144
0.13389405198045661871120
0.13387378350463571829998
0.13385396844523125836623
0.13383323372699226783133
0.13381963819650025127039
0.13383368597465666871571
0.13384836820190498807293
0.13386730736923938001048
0.13388593654675262634157
0.13390692391421646356697
0.13392859646457713762580
0.13395001332381628600388
0.13394232344618253738311
0.13396302601418139111011
0.13392032570006329184054
0.13389897415673343572529
0.13387991758100714623225
0.13386164489407223476825
0.13384728746689486533761
0.13385993130912876569738
0.13387387598485406270399
0.13389251304592197922005
0.13391243427366281149027
0.13393427028632354236493
0.13395537922436115407798
0.13394797156443094543476
0.13396815269098977241313
0.13392656518816400956773
0.13390545960022268157097
0.13388561509454249831563
0.13387101190172767672948
0.13388215635401864989085
0.13389875196104089605242
0.13391895357458394322236
0.13393977048824023956541
0.13396110621785073391266
0.13398128404385448164682
0.13397350447127837069772
0.13399509009389953817504
0.13395284308345697943388
0.13393308743902002100334
0.13391260260319107211480
0.13389435830802864924038
0.13390796573794999657636
0.13392654479991117355553
0.13394662305898660803472
0.13396577236443421576872
0.13398672039365278063627
0.13400972320702275730753
0.13400137256386643325179
0.13402457032114001300727
0.13397925227001836190333
0.13395963096795188151944
0.13393978937076725377331
0.13392078021145106814238
0.13393428072906318759827
0.13395283737029198278812
0.13397223339070665759643
0.13399324180796909344870
0.13401675752193861757000
0.13403974375353899795016
0.13403161902091559332106
0.13405325564430436990904
0.13400796572860235178482
0.13398622541494434323717
0.13396626246702902918173
0.13394706513179452378459
0.13396026983416869926558
0.13398007282219540070578
0.13400098862053008708095
0.13402252537688336131438
0.13404497539180484921850
0.13406564420058361686294
0.13405708371158703284820
0.13407686681014982510440
0.13403680965300185379263
0.13401618183211064239124
0.13399425230826422783537
0.13397301601267863624400
0.13398745552815388704104
0.13400859315939123161954
0.13402976790975074106171
0.13404951488424196592852
0.13406924388878255216540
0.13408937298132156401564
0.13408196439722169790443
0.13410314893899619170803
0.13406152305322807660737
0.13404262527646007563398
0.13402284290423968626804
0.13400201909115264098382
0.13401679974330771294433
0.13403627697191389245290
0.13405464704003075548933
0.13407361736906892035748
0.13409589001324637158596
0.13411846975410859905686
0.13411010152803568007407
0.13413280764862575700214
0.13408751459102286052172
0.13406766549511175967702
0.13404884060271851642376
0.13402995125734892822855
0.13404232716524153157245
0.13406124083960063719800
0.13408119455727501856401
0.13410219153487837329131
0.13412479095328749822968
0.13414628853303720013024
0.13413834605843938385661
0.13415874101721006472765
0.13411716874277976319085
0.13409571962894006880163
0.13407437577150330132447
0.13405469172285125467603
0.13406811743472124565102
0.13408878551630812325790
0.13410990379204618117015
0.13413029779674279229340
0.13415136981254055514867
0.13417194417469446854341
0.13416366146154581895367
0.13418585074024128034331
0.13414280301598230371596
0.13412364478145497037609
0.13410344549531275082366
0.13408224442586422209267
0.13407543038594971207544
0.13408962446355554565258
0.13409640019575708169697
0.13411704985629796516022
0.13413613885541147974223
0.13415506990437572887309
0.13417706547626584434596
0.13420071496660612719865
0.13419179073706921645481
0.13421463027200000728278
0.13416856621454190112708
0.13414843179986687959904
0.13412906644172367665035
0.13410994823921987273430
0.13410274862846688348483
0.13411541957191658314130
0.13412277009405015881782
0.13414088685688102531302
0.13416081241905572496442
0.13418327697568810386031
0.13420696739430101884771
0.13422793696677692842911
0.13422052202070691717672
0.13423924133171355466132
0.13419815973864743230415
0.13417558038799992647938
0.13415405536457924995375
0.13413470679413705410887
0.13412730356394586550550
0.13413839974601629578821
0.13414729136946670906561
0.13416845246126479773707
0.13419100750290902102080
0.13421214984705800987719
0.13423196252148969498386
0.13425012367572572435925
0.13424216848865594409190
0.13426164468985929412170
0.13422442925245581246685
0.13420591358111519375562
0.13418400606729205537526
0.13416080344623995679321
0.13415064808516818928297
0.13416493210917146416961
0.13417667000289079659581
0.13419852200502677130878
0.13421830885269048216912
0.13423523214973828721064
0.13425380720821497582129
0.13427574981658046970878
0.13426746275626405546788
0.13429154277382790438899
0.13424608975784788067465
0.13422882325427665239914
0.13421196142650079763392
0.13419234006476785103779
0.13418019921364687796483
0.13419432021011115652165
0.13420653480907820953583
0.13422316723229638091297
0.13423916100568741849308
0.13425852977645494346071
0.13428328053359278593248
0.13430718535752961262375
0.13429818405914470402784
0.13431971080831953124779
0.13427370029840365872609
0.13425187238477909179579
0.13423360773865664063997
0.13421755253366693394490
0.13420686836125123031493
0.13421731333601405466993
0.13422733173612053092505
0.13424479636633465662321
0.13426642179744399663299
0.13428969225942150034214
0.13431164253377159134573
0.13430404499426998321532
0.13432230992039398409510
0.13428204188310824407360
0.13425833626033129020172
0.13423796478789795649789
0.13422618964948393460723
0.13423593951471213259197
0.13425132905473222133530
0.13427380020127022142162
0.13429633491723583227362
0.13431521589140127392881
0.13433195782871967804972
0.13432449397297208104618
0.13434188861603069131689
0.13430846932060630516403
0.13428924615740145398490
0.13426653564707410892787
0.13424868534204728587333
0.13426331814406708420329
0.13428173594696543591276
0.13430239789378897730110
0.13431862297260926952802
0.13433402008838649099864
0.13435250526541728244290
0.13434475581274080147054
0.13436247684762717136131
0.13432839455799647221390
0.13431253325394926223524
0.13429540422174668368172
0.13427818229353719048369
0.13429165142207946659347
0.13430669570743483665076
0.13432197397010128825379
0.13433809073778141263134
0.13435489233166850175927
0.13437024349793222355309
0.13436228944891120962168
0.13437747483385453772797
0.13434770181044708436957
0.13433161108131780325792
0.13431657796933435533582
0.13430310345132351335096
0.13431209959435724821120
0.13432594102532902091696
0.13434113879184392259525
0.13435530384690141936233
0.13436885004005641452984
0.13439063766526351817454
0.13438121164373934002256
0.13441399652556615396115
0.13436195642143169970417
0.13434877828223357187909
0.13433441860780576115886
0.13432068936613664189572
0.13432936188414909550737
0.13434199481311379087423
0.13435477944343451883746
0.13437349681112495392021
0.13440456633841871281199
0.13443309703642966623782
0.13442889302255264794006
0.13439565804445124941324
0.13436537509952514723999
0.13434862122867866074394
0.13433708784416700798836
0.13434352222372542007278
0.13435880486155241109181
0.13438720140083679210896
0.13442283071788194148688
0.13440511537702073963096
0.13441406548729187275804
0.13441632206384310221914
0.13437898424006688991028
0.13435257552349488818777
0.13437132945866914202071
0.13440844734691040351926
0.13441851810077096174290
0.13430903284094253269387
0.13441911576935464123217
0.13440108219285498702966
0.13441817652140811145678
0.13433403254120279690653
0.13401603984245397116482
0.13435409000710205051909
0.13420667221859791662375
0.13408007265011864794779
0.13372667558071940629993
0.13266062099901407278502
0.13257727479659647817911
0.13304521088663212591285
0.13300700529882780731583
0.13317573757631070985319
0.13296066799999711749436
0.13316188819472998816629
0.13319949122556218323865
0.13319407874801975077972
0.13319846619596278913811
0.13314442910666030028821
0.13290728307808219454955
0.13312224777980843914982
0.13318619166466261205528
0.13319349461316903893149
0.13320505854307795878810
0.13319794672814289082652
0.13322067892302472125188
0.13318739445598054560449
0.13317853825690453839492
0.13309514165072475200269
0.13306152129468984401939
0.13316825423436751130168
0.13318234092371708521263
0.13319151681321880764663
0.13321362359786423357200
0.13323987946427928719118
0.13323330678630676549012
0.13320655993601837607798
0.13318529868245931879756
0.13317637978672000609315
0.13315533633632692378512
0.13314418398641758578549
0.13317035522525430546459
0.13317899012955752846565
0.13319897074795961078308
0.13322591049105533822505
0.13325234864012711066827
0.13324447992101562388001
0.13326942701428987070322
0.13321880840128763612285
0.13319232555199775336341
0.13317297690075594052139
0.13316357536539677464127
0.13316701688980109308247
0.13318485807153274125270
0.13321167685323059837188
0.13323775526354247888960
0.13326176056219379839618
0.13328702913572015864574
0.13327889251027688621853
0.13330490950374387915112
0.13325452785411459610820
0.13323068676317673109111
0.13320417504336529157527
0.13317825167650421125387
0.13319753742538040230947
0.13322384350659363660974
0.13324704329539338587551
0.13327067262091216170994
0.13329669061563015342031
0.13332209937204930749743
0.13331381636042219374083
0.13333615233598072880028
0.13328837978822102861010
0.13326339110641832741422
0.13324015954197482303201
0.13321654029548546382955
0.13323284304707100345055
0.13325521571599113768158
0.13328032880688536754299
0.13330648188453256275388
0.13332935044224195064722
0.13334821477822411672776
0.13334222613285132141847
0.13336013551098538365558
0.13332273780537690077708
0.13329839830010711820840
0.13327167156221089716617
0.13324742938707712092139
0.13326370642597518134664
0.13329009144803702358040
0.13331513535447003793166
0.13333585226995492423185
0.13335437864220356374290
0.13337452846662831151825
0.13336710496700313055563
0.13339098452049216736448
0.13334792247399684939069
0.13332990096985025685328
0.13330798833743581766065
0.13328148031822970032145
0.13329958217574658374538
0.13332297222961525529072
0.13334200905634827072355
0.13336079269405398672887
0.13338314054130334662673
0.13340870990354689040736
0.13340047515822631152282
0.13342526065001342194805
0.13337595190796888711127
0.13335425256508848246284
0.13333533077745762795985
0.13331551764061874698619
0.13330926331152107011668
0.13332288939368328040125
0.13332924136879570342629
0.13334723324934588672974
0.13336804306531513386602
0.13339268494496248074199
0.13341799639495499629760
0.13344013051889386245463
0.13343254419399816490532
0.13345260881540857433869
0.13340951980785231700821
0.13338469101222033552645
0.13336120048198132903572
0.13334097704409517137769
0.13333482759262654804289
0.13334609227027313660408
0.13335372347169707762937
0.13337689775020034055331
0.13340192259444436095883
0.13342512593286467992293
0.13344546380671529206552
0.13346456380854052059526
0.13345743482404087698612
0.13347718391809471061293
0.13343892388786390834632
0.13341800716881735411334
0.13339350761515161858384
0.13336846519627387763762
0.13335901108270703518954
0.13337405210565636548559
0.13338526814180043378322
0.13340945977875609540497
0.13343133711323984513797
0.13345135987880785144455
0.13347098121257175429299
0.13349186703613338811358
0.13348518412595677951060
0.13350742773703552779274
0.13346360159393266808792
0.13344415966894487834971
0.13342427472601742222125
0.13340201418592415039122
0.13339045975334973270776
0.13340513453536043120273
0.13341710772642534355015
0.13343755005201510255297
0.13345704684774278847570
0.13347786166925881823353
0.13350005426673774988622
0.13352228822374903605130
0.13351479496891022202831
0.13353584951804625680083
0.13349312140781491309305
0.13347145555148165474435
0.13345071632101035419282
0.13343024623813806717187
0.13341920699362969093826
0.13343193057138724721966
0.13344333840485467224113
0.13346413298709505768080
0.13348640865894659257584
0.13350837720489283633185
0.13352899999608811021368
0.13354909254894856140972
0.13354257447038250794513
0.13356321053014524879998
0.13352216592048629650868
0.13350103320945241880402
0.13347929072664818650473
0.13345746416388054589319
0.13344426578419327222846
0.13345720149840911705752
0.13347231309055049286449
0.13349438925445453185681
0.13351518088106145709659
0.13353538380367604987420
0.13355646926654221595676
0.13357841394327027439992
0.13357084044996422877993
0.13359407789918253950390
0.13354891181411385203681
0.13352874224484501120003
0.13350877489237952810974
0.13348692449187149478007
0.13347138736536026670798
0.13348523777685339375410
0.13350067390506037412479
0.13352146577121448700609
0.13354238588903399875818
0.13356400474673602030151
0.13358660281282000448222
0.13360884605576084371847
0.13360232390013138115137
0.13362288962067017661361
0.13357960898049514586461
0.13355630783709226960809
0.13353466477591638406075
0.13351405757107595584365
0.13349800584649018642125
0.13351051304034317057656
0.13352697574788227607989
0.13354895316499146296074
0.13357177708106746094607
0.13359500593380224664486
0.13361662969825460756113
0.13363557301241793529023
0.13362908643058474256193
0.13360919134470466973497
0.13358772806708829605782
0.13356458663808123965566
0.13354108133825462467748
0.13352298190406383660012
0.13353600435322482420375
0.13355595412433757251947
0.13358039257609613525979
0.13360289724745977313347
0.13362255947905821162891
0.13364094101687884474927
0.13363440585228908430437
0.13365331768173244197939
0.13361591212312287635378
0.13359551987575798981389
0.13357225100168496068065
0.13355063652001411544923
0.13356643234431864186718
0.13358806274042187012263
0.13360907726919260540832
0.13362771104915158182358
0.13364647704401283467845
0.13366671294172935424704
0.13365896641432922775650
0.13368094600960780948817
0.13363944706421693187082
0.13362148138412699438504
0.13360223607351012775624
0.13358146926490016559441
0.13359530201428379547757
0.13361404821869413139801
0.13363287152264838320015
0.13365220345515629873923
0.13367331234543478046817
0.13369514206152469104616
0.13368773350564400193008
0.13370933628278136584555
0.13366613365977519922723
0.13364483386955730570556
0.13362523150293162399471
0.13360782755201786042853
0.13361940174190464758475
0.13363724782240207766826
0.13365809582196849780722
0.13368028108121432495636
0.13370243394291575489419
0.13372346875361953988381
0.13371623864884954469012
0.13373764494553341819483
0.13369486121180421123178
0.13367300949582583413644
0.13365071921786939035393
0.13363113174147039918793
0.13364367696954032593837
0.13366532980242015749006
0.13368820446458903883347
0.13370971360182537512884
0.13373042508338670031343
0.13375213266287430680102
0.13374541802644909771480
0.13376740930002203877613
0.13372419789543824042433
0.13370293207459113538071
0.13368010398716220765714
0.13365789080146639467017
0.13367346808254437773300
0.13369502984831405090205
0.13371713666571413692274
0.13373901320548206572703
0.13376093415754913840132
0.13378284082035699076307
0.13377615804030973389871
0.13379740225559624833274
0.13375368739469997714231
0.13373181183462584664667
0.13371005789289705512068
0.13368880233670096813192
0.13370347054430917199674
0.13372485700215261394952
0.13374692794557863084748
0.13376878860055646525140
0.13379004482576833945373
0.13381047533191181564405
0.13380298388642070106513
0.13382210917780115733144
0.13378337230784953515439
0.13376218203406722850879
0.13373926018426424144891
0.13371762107963877652672
0.13371133946188287766610
0.13372483985245120496899
0.13373218308413167831894
0.13375374175781279406650
0.13377604037383974966424
0.13379668294079855028755
0.13381529328546423740498
0.13383423605518360299804
0.13382772728289657471201
0.13384787655636576353402
0.13380843765168079495531
0.13378886844200696404350
0.13376798801331343802268
0.13374699409066778676980
0.13373918232084891499767
0.13375323392786792053855
0.13376151164373406565744
0.13378134413270598157553
0.13380112339822827771663
0.13382033971035089958690
0.13384066820544143761040
0.13386251373825541755025
0.13385492982243910042861
0.13387769751840927767716
0.13383344099140620508948
0.13381350218878626523455
0.13379391156362502313115
0.13377447955641930121828
0.13376616965962137562052
0.13377822787694390593849
0.13378677721307463688305
0.13380567197090348363631
0.13382668489309390569275
0.13384827848039593245488
0.13387029141823295064206
0.13389203443565764195533
0.13388536767586994846724
0.13390589742787012417224
0.13386382906335297926503
0.13384084334559409601439
0.13381856785969131751202
0.13379883097168865369042
0.13379049391673664137770
0.13380195638382416656320
0.13381213548638301591431
0.13383287666174584207290
0.13385602821498990278037
0.13387852055105844972793
0.13389958329781589951857
0.13391898683208058873362
0.13391204730683523016488
0.13393212653520192301215
0.13389242898193684516706
0.13387155893867930256391
0.13384865148293575987104
0.13382616651352749470583
0.13381431738390056618293
0.13382832931929172781693
0.13384153499445267110346
0.13386396877597894761180
0.13388597710807581542269
0.13390567884866916292808
0.13392474025496489686837
0.13394516874666645422920
0.13393796199267768431973
0.13395860568115661171085
0.13391851177558003471724
0.13389910353351888727680
0.13387832125404086625053
0.13385708144164398802900
0.13384350980823001009412
0.13385757566188624667625
0.13387224818469065090731
0.13389166665391569188692
0.13391125443502066572066
0.13393136669029401253361
0.13395187541404593445371
0.13397249855951307018209
0.13396556164554315748738
0.13398547104693217524307
0.13394475166485972361663
0.13392428924084975871978
0.13390428219741390414299
0.13388555575269711628295
0.13387119105721345668769
0.13388384465911673526506
0.13389781738338504823993
0.13391688252249706048147
0.13393774510916514608461
0.13395867950239370713916
0.13397857700778786904650
0.13397236335245041316533
0.13399130941045098164288
0.13395187073999020865855
0.13392983385178269806204
0.13390958761374602281613
0.13389493194239462936501
0.13390607903923931742973
0.13392275589245780653691
0.13394333300937225073035
0.13396507011486954996649
0.13398547975582689173457
0.13400439882442635730619
0.13399785978997583169026
0.13401816286841677916541
0.13397813639148847819627
0.13395747170392330316346
0.13393663746774714384813
0.13391827903773356744921
0.13393188126041219443429
0.13395060964932659075544
0.13397101173251457773006
0.13399105831018615075934
0.13401105814556263373660
0.13403275425264757347854
0.13402569212146556165699
0.13404755953703972881641
0.13400452943990912024752
0.13398402287980379354870
0.13396388502047951174490
0.13394468691388122794095
0.13395817567723689034409
0.13397696375196788132200
0.13399662889615118754882
0.13401850942460333260264
0.13404105825327183865170
0.13406269048808650001803
0.13405590057938970849349
0.13407615912507586664049
0.13403322392959182707273
0.13401062535341812242962
0.13399041979808135049979
0.13397093727565767551368
0.13398416480595548572197
0.13400426003931437124450
0.13402539225478227180588
0.13404777344221052715056
0.13406923799872197400340
0.13408850445491676817156
0.13408132681331144664405
0.13409968374821654157891
0.13406204601715668300876
0.13404058820824271691663
0.13401846926638888435335
0.13399693311618615654268
0.13401139554801905218184
0.13403283971760365789194
0.13405417717350251449737
0.13407473823734780693506
0.13409346634648086626918
0.13411214642255522844216
0.13410616578482473237877
0.13412587832407177335092
0.13408673287816511021653
0.13406703782528808788221
0.13404711935399216127252
0.13402598013715705249638
0.13404078179603901022077
0.13406058110788759973886
0.13407906216718745717742
0.13409881331584203034701
0.13412007091439670514177
0.13414115554097644222864
0.13413426213650972429470
0.13415545006930265636846
0.13411269599597275270497
0.13409208283014933948962
0.13407317191598575045752
0.13405395281607435098437
0.13406634928685270957693
0.13408559943958947568987
0.13410561421570224571731
0.13412735682597409780925
0.13414892994436547479786
0.13416888724324826931422
0.13416246260946992907570
0.13418129519762475587719
0.13414231755273728352584
0.13412014195926375004220
0.13409876148888050240160
0.13407873270426942657885
0.13409217691172106712294
0.13411319723233730560885
0.13413432890120535745382
0.13415542988705450588860
0.13417546404276953220247
0.13419445375936267517147
0.13418773334517436479629
0.13420831625240831064261
0.13416791684851228638742
0.13414807212144119752395
0.13412788273202824740338
0.13410632107543202229394
0.13409901721362299520379
0.13411317744428857823280
0.13412049538204745546821
0.13414151198539200904314
0.13416056723134847650236
0.13418016434929372349139
0.13420111421049715771936
0.13422313677095715211962
0.13421581567752674524208
0.13423700773063446112232
0.13419364106762451949173
0.13417286160608613010403
0.13415355280610150034981
0.13413406041914413546756
0.13412626813280237314530
0.13413890521582474968376
0.13414689887182848493374
0.13416539681601413747103
0.13418524444591278799166
0.13420833178443961064552
0.13423096833480369083347
0.13425026952860724671623
0.13424449876168270678889
0.13426152895319287683407
0.13422319413736180648833
0.13420001397200148618438
0.13417858849741184923410
0.13415885036782873585004
0.13415075592452255226483
0.13416182103542406700569
0.13417145088640092254195
0.13419300752347854133184
0.13421544232555654430072
0.13423716297906276850860
0.13425591437341688472173
0.13427236671950312785206
0.13426609410210385564532
0.13428384305663301767630
0.13424941919778701771016
0.13423034956764764991100
0.13420858331997240209255
0.13418497835560166953073
0.13417404070537897187165
0.13418829748715999095054
0.13420086092800567745265
0.13422312110275202989840
0.13424274611476771923435
0.13426019829519425519138
0.13427770606821992638302
0.13429790336743965828425
0.13429133530237616356295
0.13431365180935952996499
0.13427103220577490949594
0.13425326123136041567285
0.13423658065653809590145
0.13421654500851071256662
0.13420353984512092826442
0.13421763858411830949713
0.13423075413313853565533
0.13424780509946501738661
0.13426359935265946843330
0.13428344786870269333967
0.13430712705176936494489
0.13432925036991458234148
0.13432200354601056546677
0.13434173137648242057907
0.13429859286746129165557
0.13427631046614454946031
0.13425826371012331006405
0.13424178559128094323505
0.13423016784331789907903
0.13424059557415138344005
0.13425157855577607435293
0.13426947057922072881198
0.13429086091708566930158
0.13431455899551841826067
0.13433543367803518764347
0.13432888572983650576909
0.13434607205474533020428
0.13430648258560301533393
0.13428302820519144589184
0.13426222353116920582572
0.13424945636311350072312
0.13425919445443940114515
0.13427560069508964746277
0.13429850864302686486162
0.13432077606441153450056
0.13434002934505892556949
0.13435569094840410508951
0.13434927843563135296812
0.13436559212386228745473
0.13433290958490587407859
0.13431397052034954597843
0.13429082072722950402799
0.13427193236541051790667
0.13428656047225379088772
0.13430603473399849168146
0.13432713784201469331414
0.13434306289065428563489
0.13435877495822345917276
0.13437617804493368067753
0.13436948113466182230802
0.13438611847375228625090
0.13435283409614065530668
0.13433728759661472951237
0.13431971521604654795645
0.13430142177344719933707
0.13431489068157409505488
0.13433101840433644968975
0.13434674094818527256834
0.13436252935362369420602
0.13437958776160571772174
0.13439385361369268756526
0.13438695350387550031535
0.13440105264855028988080
0.13437213896862640338803
0.13435638959280726822954
0.13434091230555214591114
0.13432634520336664274431
0.13433534536038801987523
0.13435028794505618487953
0.13436592865499785709460
0.13437973928572954918081
0.13439348142196200219800
0.13441418350118458646669
0.13440581100655413226974
0.13443751130588596498505
0.13438639007154484783513
0.13437357869266100540706
0.13435877737717283331165
0.13434394531732068989172
0.13435265567854084989285
0.13436636502910079271622
0.13437958859641663256212
0.13439792989146892576713
0.13442913623977770232187
0.13445657997731491617444
0.13445343218581629063380
0.13442009180650582589323
0.13439019291251819154809
0.13437300228221232822889
0.13436041947136229124382
0.13436689221533515414819
0.13438319792573358291143
0.13441202896269074940072
0.13444726533596559892025
0.13442961432720126890850
0.13443849487029990719122
0.13444116079864446011705
0.13440339098815271001719
0.13437598280238829961952
0.13439477531699370316254
0.13443286895963341143201
0.13444336207855137055311
0.13433385983839693511577
0.13444354792891435868007
0.13442456825948054244257
0.13444170119148199371573
0.13435845824968709050218
0.13404041730769439277893
0.13437763823834508736255
0.13422997362970909285274
0.13410360666620285696737
0.13374989964349576210267
