0.13263739105365107695533
0.13255247267508066255637
0.13302153545095421471878
0.13298173560782047819551
0.13315177846515338644373
0.13293488518394722119886
0.13313631906970860296902
0.13317536383400208066519
0.13316833166289182566189
0.13317425266105176184794
0.13311832665952827436939
0.13288114927648331242693
0.13309576031340020207949
0.13315989530655719663699
0.13316765291116600122834
0.13318080923855893371588
0.13317206408898857317169
0.13319642216575891535690
0.13316099016697505175166
0.13315182611437462179005
0.13306825608550201800462
0.13303521309027729890850
0.13314113298277505115230
0.13315549168847184979825
0.13316505686676807784785
0.13318772707561080115291
0.13321562683501533830288
0.13320741126344476379373
0.13318007276867011023924
0.13315836815948728366621
0.13314911576921725777645
0.13312875670825452534274
0.13311859734735037585907
0.13314359672472894646766
0.13315163947257716015038
0.13317198773246108345347
0.13319940872479499316405
0.13322645878119637741221
0.13321796957188808407935
0.13324354561482565362240
0.13319178851350130243780
0.13316491798339843977139
0.13314609701092847138248
0.13313785020538110304145
0.13314119777067764949230
0.13315788738311282179971
0.13318422682646555155195
0.13321070507013146877462
0.13323524425059152243023
0.13326116312124217100354
0.13325237769109213314955
0.13327907022522661462105
0.13322745172773750588213
0.13320320287086456767511
0.13317712857656982539112
0.13315233532588977016786
0.13317153847201371186237
0.13319672869704327067275
0.13321953012847354003156
0.13324357925142460423729
0.13327018858773018172847
0.13329630164949143877884
0.13328733933617956108897
0.13331040825046169828738
0.13326128121288743910711
0.13323585734662923840688
0.13321298313481022557170
0.13319046905015136106343
0.13320670641386669896811
0.13322798550963974029138
0.13325278738174503589953
0.13327939182266762552231
0.13330291062865506912516
0.13332252989110476848467
0.13331582863758878465532
0.13333450810750926973647
0.13329566900769221349243
0.13327086238095628423217
0.13324440086610003786127
0.13322123799448978842541
0.13323747228600893444117
0.13326279304600274766557
0.13328761760187962659430
0.13330881215323997501798
0.13332802296815857157064
0.13334895208976804692469
0.13334078308330732376419
0.13336544739991609831442
0.13332090844708568977417
0.13330240658807365750071
0.13328067494313960983376
0.13325521924195818379566
0.13327330498038369999136
0.13329565001625603981594
0.13331453762585401823237
0.13333379908367795629864
0.13335683977192627769348
0.13338320136124495740582
0.13337418415488885847786
0.13339977327318858213445
0.13334896697896378436887
0.13332679686297940757633
0.13330799834326118036287
0.13328923295396816195435
0.13328341187389960986742
0.13329707689295394734685
0.13330294685321497638597
0.13331988453447649045636
0.13334059180466945049304
0.13336569887246318977247
0.13339170796485969039402
0.13341466162569043385488
0.13340625650262963319825
0.13342716307896837490965
0.13338252576847003938454
0.13335723190816914374146
0.13333382362314136204695
0.13331466663151023133160
0.13330904829991099824760
0.13332033782645233421782
0.13332738621565182191020
0.13334948137931293410396
0.13337444973576623175049
0.13339812158497293959059
0.13341917883725162852215
0.13343914647670360174025
0.13343115817564443759125
0.13345180095923839247440
0.13341191301767602039874
0.13339051698034506965307
0.13336604533324367127811
0.13334209130473115290094
0.13333326853930088651268
0.13334831037147504284590
0.13335884979444037612417
0.13338194915229642512067
0.13340383274568948235306
0.13342434905298572456189
0.13344471789112552495560
0.13346652162051392265241
0.13345893939949868278738
0.13348212072467158240130
0.13343659731739365703618
0.13341664799898594884198
0.13339671789701668114247
0.13337554897406864173881
0.13336471347619432981091
0.13337938129590740099495
0.13339059840606753981618
0.13340995339570105304716
0.13342953190815096120581
0.13345086732141217544800
0.13347382717549299835369
0.13349701607568725814090
0.13348858074077740720753
0.13351060676021472839459
0.13346613813317065311281
0.13344394213889149147789
0.13342308585954687494279
0.13340369995999817875898
0.13339344877536934985685
0.13340617062171589157771
0.13341675995032709067800
0.13343647269897893070656
0.13345889639418415106853
0.13348140162150315402023
0.13350279366130249347755
0.13352387232485593560050
0.13351637045648187540614
0.13353800996072151541227
0.13349519318772185005884
0.13347351854719577413100
0.13345160177217807451200
0.13343085777561650151490
0.13341850514553488249447
0.13343143878815352798561
0.13344567882028368632774
0.13346666643210217118032
0.13348765659180086839974
0.13350840835866933931086
0.13353026474033580228706
0.13355323589458553690257
0.13354463522097798078292
0.13356892599190425818811
0.13352193077687768418826
0.13350120357903402790178
0.13348101456905531181363
0.13346025933487076775563
0.13344561985508335277828
0.13345945707441914107605
0.13347397066856531155921
0.13349366188876227168336
0.13351482945728465612234
0.13353702061779873511149
0.13356040186096407307303
0.13358372799642939665610
0.13357613520893021896718
0.13359781189975675208537
0.13355262682125021433954
0.13352873477934973367454
0.13350681461998445409556
0.13348731221721163442417
0.13347220116367439213256
0.13348467740402386594312
0.13350018391927223615490
0.13352105763035720942256
0.13354419191457622684283
0.13356803459857377602837
0.13359046215250319766810
0.13361054200395197644191
0.13360294337505329576032
0.13358223764277823986113
0.13356013707833111481271
0.13353665166236894368268
0.13351424603865222340282
0.13349710973926368073883
0.13351009306245173458016
0.13352907851451772947016
0.13355242607716738545420
0.13357530984785584426966
0.13359562900561586240578
0.13361482398990737197053
0.13360750122580605792066
0.13362722355443260036090
0.13358833267324249360897
0.13356752956004147581126
0.13354534338225529377375
0.13352468680428997149789
0.13354044742069054452216
0.13356113002329189631823
0.13358106886402812407688
0.13360014089369257050954
0.13361959627584230059227
0.13364063697092576354919
0.13363210340321202140856
0.13365488354175747431896
0.13361188263201576043038
0.13359345546857229192206
0.13357528390759362824092
0.13355545438181329331861
0.13356925392721444301181
0.13358707811784795160825
0.13360482836906245607267
0.13362463931823057028403
0.13364646129071694469204
0.13366908671789834439636
0.13366089107364625965246
0.13368328770010359796139
0.13363856497525491984213
0.13361676730330226958721
0.13359824108408366316603
0.13358174340100342769588
0.13359327903997766928690
0.13361023099601862518249
0.13363000072945094287569
0.13365270348809776823629
0.13367560008133783089335
0.13369742935503245440110
0.13368941665958292142058
0.13371162041639225726009
0.13366727230875768972496
0.13364488202765997804100
0.13362367041044978521747
0.13360496526434750830248
0.13361746122339404618806
0.13363824703566887230899
0.13366004360516028914851
0.13368211557274237155646
0.13370361731432850449508
0.13372612710773157385091
0.13371863058810792845854
0.13374142508689895736396
0.13369659640164002767371
0.13367474205991208835442
0.13365298535835934412574
0.13363162090158978156929
0.13364714227545451685764
0.13366787714151995292156
0.13368892126594100755455
0.13371141219374774178341
0.13373417102146634150017
0.13375687819716239324030
0.13374941947010113296734
0.13377145949572258332161
0.13372608993473250604822
0.13370357613720035283578
0.13368287701249115251301
0.13366242286041146725140
0.13367704288747475627197
0.13369765169121350378845
0.13371867487416017050705
0.13374119399469835967054
0.13376332735532708850812
0.13378454746881138226478
0.13377628162060609118278
0.13379618861929468143224
0.13375577790917958509453
0.13373391343206531001186
0.13371203556519500876831
0.13369114822687827581760
0.13368485294525542239619
0.13369830305787189228539
0.13370566834300015579551
0.13372649609406755955021
0.13374775308173772470077
0.13376908401820500338353
0.13378860143257650938686
0.13380831968703649215158
0.13380104221552938104089
0.13382196381433336673794
0.13378082711475394739331
0.13376055718405516214986
0.13374071885870408848973
0.13372043755434401268722
0.13371259786935896229920
0.13372660056140836526417
0.13373490941218094119058
0.13375404559813283689174
0.13377278179325588491899
0.13379271389704389116915
0.13381398985583370375707
0.13383660969344710056639
0.13382825921152127768288
0.13385180796216405996191
0.13380579834675143668932
0.13378512737183032021981
0.13376657965479774037298
0.13374782682800348543317
0.13373948463130586050696
0.13375148543691608993278
0.13376006612381186045013
0.13377830080636124443494
0.13379827838780697368826
0.13382062292048815810297
0.13384363707532359599739
0.13386616610052995413049
0.13385873766395126049922
0.13388005769270164280194
0.13383616776603579623384
0.13381240662707316602109
0.13379115728282300890051
0.13377205765622518507385
0.13376369102329818683295
0.13377509351059663211814
0.13378529907066108450842
0.13380542956876345650485
0.13382756869219933348880
0.13385086065033754976206
0.13387298462006116950285
0.13389318027874244632081
0.13388548318325552144437
0.13390635267870229507814
0.13386477544059596778148
0.13384308417162185667060
0.13382117596223411237766
0.13379927136068719972783
0.13378739800354366717983
0.13380136003457415716511
0.13381458561292366993278
0.13383647322008015989603
0.13385749600328578079456
0.13387803629676797712023
0.13389820813176803171451
0.13391942258720196390342
0.13391145977380575216031
0.13393288241660863957527
0.13389088090665168806481
0.13387061973703534567548
0.13385081016396893627274
0.13383008532600268458701
0.13381649976129617041209
0.13383053607616729463459
0.13384521125693510379406
0.13386414411454533590629
0.13388276603718887725059
0.13390374250127956567979
0.13392539825530866415271
0.13394679299923609172573
0.13393910528029190354360
0.13395978326740343167245
0.13391712859956042547260
0.13389579293492259726150
0.13387674776853117353248
0.13385848275269687790434
0.13384412970525311203929
0.13385676890497746893693
0.13387070801051056956332
0.13388933319674339861294
0.13390923735435034114261
0.13393105166186966559216
0.13395213699576902222077
0.13394473024446854059200
0.13396488799522499046901
0.13392334838456268486517
0.13390226404630090062398
0.13388243543618874586976
0.13386784289330036501475
0.13387897507763896198796
0.13389555681719780833028
0.13391573698085218468989
0.13393653006636060953660
0.13395784281904393742124
0.13397799933699608421200
0.13397022179090931071066
0.13399179098651556318877
0.13394958059367595426536
0.13392984784702130496292
0.13390938678468744527095
0.13389116092545913505596
0.13390474896246257197063
0.13392330665582885540488
0.13394336129674072610740
0.13396249024604189870047
0.13398342205194754828135
0.13400641194005663558997
0.13399806238214315157187
0.13402124605117937683474
0.13397595569582745889115
0.13395635092568025648063
0.13393652924074722632142
0.13391754047233200841660
0.13393101993386544168452
0.13394955753847875845608
0.13396893800760620307777
0.13398993386611587896873
0.13401343546055310973486
0.13403640426338736535428
0.13402828163109756220983
0.13404989356014204715528
0.13400464527769162526027
0.13398291840439413569186
0.13396296836603394098120
0.13394378699678347044433
0.13395697754401833523552
0.13397676746586412166451
0.13399766948226363161289
0.13401918947483484889638
0.13404161568791508885035
0.13406225291155018930489
0.13405369300006084176680
0.13407343916211500456370
0.13403345093888049954778
0.13401284796934201382079
0.13399093582381921274660
0.13396971212742991852451
0.13398413984634993667555
0.13400526053586905850246
0.13402641229379688714296
0.13404612699687346033528
0.13406581802565462058219
0.13408590722775740045059
0.13407850050013073173183
0.13409964901432874784248
0.13405809921607655943454
0.13403923843065287946352
0.13401948839344240971272
0.13399868868997247273178
0.13401344760467823191696
0.13403289252451516810893
0.13405122453081996791724
0.13407015523114540478389
0.13409239255350127728583
0.13411494396680098684094
0.13410657710268183984148
0.13412926552907472599330
0.13408401748763576488699
0.13406420495644225110432
0.13404542062604610230814
0.13402656919852884431776
0.13403890837740572994363
0.13405778281930461059979
0.13407770015291470278029
0.13409866855024185627876
0.13412124929238275483634
0.13414273877740223728239
0.13413479724112459257057
0.13415518863322825615647
0.13411362921418712446098
0.13409219821360626734297
0.13407088209155521019156
0.13405123496655321768678
0.13406462571017460638778
0.13408526536973924825347
0.13410636502895914579092
0.13412675068417714840940
0.13414781889323917907220
0.13416838917941911746290
0.13416010851193868602671
0.13418229042962973029951
0.13413925283487354578327
0.13412009810470706949737
0.13409990829275714174784
0.13407872633049758293033
0.13407191970308499073816
0.13408609479886968163242
0.13409286518929200426875
0.13411350516308362390561
0.13413258988320761466717
0.13415151663478330767987
0.13417350517606865811793
0.13419714083463546439035
0.13418821645119388685785
0.13421103502365100412774
0.13416500697653752083305
0.13414488047749670296405
0.13412551887056381461072
0.13410640379687829848443
0.13409920766544849990431
0.13411187356478340704236
0.13411922310437615624146
0.13413733570716529497346
0.13415725361606667398462
0.13417970382949664931438
0.13420337214575484008350
0.13422431591479178081272
0.13421690237487374219860
0.13423559351045069587549
0.13419456532816606553205
0.13417200746897309238115
0.13415049668414205652489
0.13413115664792901737812
0.13412375612312713024643
0.13413484731168745511809
0.13414373432067722147210
0.13416487989637518318808
0.13418741263489630810568
0.13420852987763903785279
0.13422831608581733964236
0.13424645254953382345064
0.13423849760700895528132
0.13425795295219339342552
0.13422078310257384847759
0.13420229442513834094974
0.13418041281587234081485
0.13415723136979287866133
0.13414708456888410625929
0.13416135198321169075264
0.13417307616076587506448
0.13419490296305755516748
0.13421466440937163122626
0.13423156285969153889148
0.13425011688198776327319
0.13427203874656673532328
0.13426375398430775987002
0.13428780972328069331923
0.13424240199876749657371
0.13422515548278851627018
0.13420831695066928745952
0.13418872137856638349085
0.13417659671915677099818
0.13419069296252228440380
0.13420289152674955146516
0.13421950002089999554045
0.13423547420428577625628
0.13425482417875211904601
0.13427955163138760585895
0.13430342170320616612678
0.13429442404553654233368
0.13431590097257484206494
0.13426997330699011468091
0.13424816848132800628512
0.13422992328951044438412
0.13421388770124836886666
0.13420321747566107961624
0.13421364321922474305282
0.13422364839846459561024
0.13424109599874892162497
0.13426269859572231846201
0.13428593541445241199561
0.13430783602838275436753
0.13430024257833381162719
0.13431844151262617437226
0.13427828936508767743163
0.13425461534855887002493
0.13423426612058680928996
0.13422250443020122823157
0.13423223893238683812612
0.13424761117811842559000
0.13427005075289769053803
0.13429253658789780390137
0.13431135244838224296338
0.13432801615478989765151
0.13432055625598324222203
0.13433787377158559750434
0.13430460861926105109454
0.13428545173943329249511
0.13426279028234025525457
0.13424496507016608903839
0.13425956941769387475993
0.13427794646339308304306
0.13429854250234052326363
0.13431468969448859263061
0.13433000733148472982670
0.13434843097796103639219
0.13434068391999165470452
0.13435837106154549513981
0.13432438637340504694606
0.13430860373070316327038
0.13429155250776511620892
0.13427438842028682763896
0.13428779585194969281581
0.13430276981689420745525
0.13431796887478897328805
0.13433402157871024429348
0.13435078790411816851424
0.13436614246954958762359
0.13435818850278022362765
0.13437341523211746019406
0.13434359823499211761266
0.13432754355853013250588
0.13431257608029803507499
0.13429917690386938833313
0.13430810007565874286684
0.13432187711729451362608
0.13433703656239820434237
0.13435120095688871111328
0.13436478630403872469579
0.13438664604751429654250
0.13437721387484061197348
0.13441008967852369204721
0.13435789035791748102788
0.13434467533263591554338
0.13433031778173523673736
0.13431662710933808813074
0.13432526235988592744341
0.13433789095434242599758
0.13435071028568254525304
0.13436949310353446529476
0.13440064932256087781859
0.13442928280669974583361
0.13442506620802943673176
0.13439173264330031565272
0.13436136570028511805219
0.13434454897861075606258
0.13433298421392173005451
0.13433944872533187808727
0.13435479077170914274930
0.13438326627285238079601
0.13441898901858387316288
0.13440138216236538482029
0.13441031268893724459623
0.13441246816993984714017
0.13437504149157458721575
0.13434855573318274513106
0.13436737736071671656113
0.13440458008087721730739
0.13441474788200896695045
0.13430535814625360613306
0.13441532647888976281791
0.13439720195537296909549
0.13441437032805256257539
0.13433033343886871535666
0.13401246418942999727442
0.13435036791174312376107
0.13420301655767172266387
0.13407646498525127576329
0.13372316454960198051083
0.13265938898532683709597
0.13257607503572671481251
0.13304355578191548459266
0.13300537796539710355681
0.13317377865964630245799
0.13295907039892307377471
0.13315995218169560110333
0.13319732651042098803273
0.13319193268307957800367
0.13319617400579095156665
0.13314251556683140420567
0.13290571187685357168462
0.13312035710169742297460
0.13318406197974372306980
0.13319121468849620670838
0.13320269000759143995793
0.13319558677325157858284
0.13321826319823415474275
0.13318512777291471871344
0.13317642798418885541345
0.13309327659120404052651
0.13305967972683160893688
0.13316616242918369317216
0.13318008803622385927135
0.13318916632848734615813
0.13321121242183070476628
0.13323742870798652160325
0.13323085946638230092631
0.13320415574096300392881
0.13318295732809981579692
0.13317414065229896125153
0.13315326414576841851378
0.13314212005814432537854
0.13316813136323393806926
0.13317665863157468475464
0.13319657128759834763265
0.13322346560343087396028
0.13324986853386761032070
0.13324200024784846330128
0.13326691552578909250037
0.13321636723175872552005
0.13318993396314829369409
0.13317065627307647646127
0.13316136297674638355737
0.13316470600083143982495
0.13318247268988736564665
0.13320923952269470014187
0.13323527803695123239436
0.13325924926306315088098
0.13328449309236675701662
0.13327635719715197337720
0.13330236002286918739479
0.13325201751809032102436
0.13322821089890354850915
0.13320174103268034304648
0.13317587346750520138627
0.13319510875029233476496
0.13322136948498028430343
0.13324453288195919897774
0.13326813651299079799273
0.13329414181712048725892
0.13331955022203351157728
0.13331126608192672700071
0.13333361393596945831952
0.13328582993437343429122
0.13326085514049901270539
0.13323765130068546125308
0.13321406909961305831125
0.13323033477891310649710
0.13325267993787501263903
0.13327777961092615588434
0.13330393191967127020092
0.13332681149447137003428
0.13334569193996534397506
0.13333970323799682056176
0.13335762647166599093040
0.13332019894704705276212
0.13329584812188255416032
0.13326912152596187555176
0.13324489349707055452221
0.13326115627724938184073
0.13328754051336202945954
0.13331259588203522858940
0.13333332982561604818095
0.13335187044998678129737
0.13337202674074799535475
0.13336460338425015770270
0.13338847759626817901513
0.13334541359728963039188
0.13332737780971976038202
0.13330544883624767527053
0.13327892981306319053481
0.13329704177934870168443
0.13332044964721867508217
0.13333950088235244080259
0.13335829115253594601143
0.13338063367867333819383
0.13340618669724471634375
0.13339795245369626131016
0.13342271364495628116487
0.13337344571883588684180
0.13335175131714943619343
0.13333282195896162258819
0.13331299431545673428445
0.13330673490092639910110
0.13332037640124505539774
0.13332673286096188847161
0.13334473173018282499136
0.13336553725034194783916
0.13339016312554619059227
0.13341545035510141148372
0.13343755653248157155844
0.13342997191509023413580
0.13345001125408537112627
0.13340697451121361072346
0.13338216899836283224623
0.13335869516213699759177
0.13333847578738980410584
0.13333232466590105858018
0.13334359062342865387407
0.13335121859629450735696
0.13337437715897582091173
0.13339937848359489924732
0.13342255402592714808030
0.13344286689361345432658
0.13346194705958783210953
0.13345481948634915769780
0.13347455401437638422557
0.13343632872366018027321
0.13341543717311679650983
0.13339096394532584666237
0.13336594455563829941802
0.13335649881348213274812
0.13337152068146471139976
0.13338272530298667106763
0.13340689056468768569630
0.13342874274991925465095
0.13344874621701180439359
0.13346835254560959760362
0.13348922755397127359878
0.13348254689659555527470
0.13350477926005471784876
0.13346097464299933044174
0.13344154704816746370710
0.13342168172661966751846
0.13339944609035903066996
0.13338790548504234068083
0.13340255601813494346075
0.13341451665946213456238
0.13343493929922933816101
0.13345442106407034987825
0.13347522496731409336057
0.13349740720503569524347
0.13351962621445653822683
0.13351213367141831489526
0.13353316801846842887258
0.13349047589313256523269
0.13346882148652269850508
0.13344809265646517815185
0.13342763642563620907211
0.13341660750655648381979
0.13342931653861386798177
0.13344071596553558345377
0.13346149945446028617368
0.13348376467382896959357
0.13350571839443553523452
0.13352631974066994646755
0.13354638490024564601022
0.13353986891659488933648
0.13356047390613859371378
0.13351948736592897382103
0.13349837553794469124924
0.13347664827951014054896
0.13345483246476988470341
0.13344164150581944161544
0.13345456793798049499600
0.13346967289923789001804
0.13349173308213485578122
0.13351250329738373334720
0.13353267909882682307199
0.13355373486299790264376
0.13357565062691550972218
0.13356807737556250503808
0.13359129112120918247975
0.13354617768111118336627
0.13352603953087860411131
0.13350609992709266959920
0.13348427058998041383475
0.13346874459755952990747
0.13348258075746705086928
0.13349799931320799339929
0.13351876449274388547472
0.13353965409325702085042
0.13356124367215504999962
0.13358381669558491711136
0.13360604354577473862342
0.13359952216141812719741
0.13362007799104164140758
0.13357682445378801783242
0.13355354776235894842529
0.13353193391773932052757
0.13351135756628454420714
0.13349532751220008486293
0.13350780921841132187211
0.13352424666675163922314
0.13354619385802557474108
0.13356899358333815253097
0.13359220570820309892390
0.13361382034445648536725
0.13363275789142783911423
0.13362627219990633187230
0.13360638192192272888370
0.13358492796025356330603
0.13356180469786591014092
0.13353832456767453229496
0.13352024993123332019529
0.13353324523239643029093
0.13355317305642583347591
0.13357759471147584440232
0.13360008957852279043443
0.13361974599109663341956
0.13363812358387749945621
0.13363158946478292943283
0.13365049392389521942803
0.13361310001141191161622
0.13359271246127976673357
0.13356945343166984341288
0.13354785506502594993883
0.13356363559480366465237
0.13358525647519661760931
0.13360626562400243488860
0.13362489530110160940168
0.13364365480385975715194
0.13366387752142575018333
0.13365613170424425759641
0.13367809359781612776885
0.13363662472457565888462
0.13361866603750593984756
0.13359942575416827725832
0.13357866433137871586823
0.13359249211278023672378
0.13361123428025550863296
0.13363005081782333705043
0.13364936917410069616707
0.13367045958080819856306
0.13369226648120988154567
0.13368485897360354863750
0.13370643730923340020134
0.13366328247108233417961
0.13364200055795766308719
0.13362241054304618836923
0.13360501388208861905937
0.13361658197885223353651
0.13363441540110204686087
0.13365524468124712065276
0.13367740763739693887757
0.13369953606121673383988
0.13372054801833607728945
0.13371331986697870819469
0.13373470723375893709495
0.13369196402882616014907
0.13367013677042796637728
0.13364786889087809651500
0.13362830031816233522513
0.13364082787544648289746
0.13366245854822422778341
0.13368530832734898394776
0.13370679509554247998970
0.13372748790319968770213
0.13374918203243005287995
0.13374246840375178524418
0.13376444834000819628095
0.13372126291898073224829
0.13370001553198190835658
0.13367720900467477962437
0.13365501956674238903666
0.13367057422777606223718
0.13369211363410940518470
0.13371420236805936498925
0.13373606504205523548556
0.13375797492113994380247
0.13377986932869545544378
0.13377318865920662105395
0.13379441744181083673304
0.13375072947246427479406
0.13372886492893182319719
0.13370712520133462564154
0.13368588755097626785684
0.13370053967982184484065
0.13372191163895222332236
0.13374397135926102686554
0.13376582015743865294866
0.13378706144252827670016
0.13380747137778778443895
0.13379998052669803132453
0.13381907827212299877395
0.13378039045994377653770
0.13375921595123158036600
0.13373630575768666317593
0.13371467667377348598201
0.13370839957681943110934
0.13372188932089074109300
0.13372922919655030882247
0.13375077642768321006805
0.13377306022994056577957
0.13379368211856745851662
0.13381226431603548965299
0.13383117498474050854895
0.13382466792123484666810
0.13384478411861980284847
0.13380541007731636127254
0.13378586862825964098889
0.13376500903505736395083
0.13374403103230270151158
0.13373622329168133315846
0.13375026386241767317742
0.13375853489843672616821
0.13377834605716185101265
0.13379809715039495121580
0.13381728162792827507843
0.13383757830313064429717
0.13385939433426968792062
0.13385181074523580524449
0.13387455688456051383639
0.13383035160191808499164
0.13381044550875184628858
0.13379088795579174853145
0.13377148333986960127007
0.13376318349352855907597
0.13377521926327384793609
0.13378375404377707003079
0.13380261697656967156966
0.13382359822695402695736
0.13384516145402686193577
0.13386715148054742496875
0.13388887918236919150061
0.13388221374556080744966
0.13390273419245968256064
0.13386069077351472889070
0.13383772732025958629443
0.13381548125998066200992
0.13379577753040713949950
0.13378745778578537972692
0.13379889008685499907081
0.13380905088485792187036
0.13382976209989441707116
0.13385289072785244712804
0.13387536823090120940982
0.13389642167316676002464
0.13391581904382204859516
0.13390888099987569015425
0.13392895326736525829503
0.13388926769144546269352
0.13386840698227822632482
0.13384551549212553300805
0.13382305418394965790263
0.13381122160644851049049
0.13382520846232784372809
0.13383840021225851257825
0.13386081936144436643765
0.13388281777528465710247
0.13390251261151264738913
0.13392156698143914406174
0.13394198507001775499958
0.13393477876181669738997
0.13395540648050854870554
0.13391534012318007107467
0.13389593916822908892250
0.13387516239882954471874
0.13385393248028898405266
0.13384037081380234512906
0.13385442520179377523526
0.13386909067714905519075
0.13388850282428038651616
0.13390808332658787893621
0.13392818469731548880475
0.13394867664955659170012
0.13396927769502187111073
0.13396234292197028992177
0.13398222775748949708863
0.13394155398190107919554
0.13392110741823551323115
0.13390111180874031404642
0.13388239304715954247627
0.13386803273231231981022
0.13388068169069017310235
0.13389464884317087145504
0.13391370209519309897317
0.13393454758625583655984
0.13395546029205424032327
0.13397533421841167911026
0.13396912144292799640155
0.13398804415105219911553
0.13394865332925473544456
0.13392663771687685070333
0.13390640738674547405296
0.13389176236840746869738
0.13390289719509321231250
0.13391956017648259935626
0.13394011583076373406165
0.13396182908161749502973
0.13398221576395041854113
0.13400111355160454484903
0.13399457651352544851342
0.13401486319365293886641
0.13397487328636040193608
0.13395423152278210232602
0.13393342107276781649539
0.13391508108462313320075
0.13392866391106444945436
0.13394737092406075462669
0.13396774937705099861596
0.13398777557298904850036
0.13400775920545737740497
0.13402944241731692964770
0.13402238133965099775580
0.13404423469754983555546
0.13400123224444956959722
0.13398074224096623296987
0.13396062430464419912290
0.13394144659710996436708
0.13395491430094197404799
0.13397368333006623442039
0.13399333291365597697897
0.13401520085964929718259
0.13403773559018747341121
0.13405935042692590508651
0.13405256258565126370463
0.13407279646716940835205
0.13402990285350677157616
0.13400731774130172913040
0.13398712510377588924548
0.13396765855706074810350
0.13398087192924565402841
0.13400095408696313659114
0.13402207251275710664373
0.13404443691241360592237
0.13406587768741573540865
0.13408511258829133860893
0.13407793548931176697003
0.13409625551756457206842
0.13405868667135800720303
0.13403725373902569684148
0.13401515218321802258572
0.13399362864182237653488
0.13400807927446950484907
0.13402950649177822195490
0.13405082094711887052974
0.13407134971321157945745
0.13409003986511755512900
0.13410868008109902427272
0.13410270126321063854924
0.13412237780690305921638
0.13408330839786350430209
0.13406365036336589935395
0.13404376423626815362233
0.13402264914114855876015
0.13403742905822915720826
0.13405719604748050910459
0.13407563903533045723826
0.13409535052802190602250
0.13411657282470476615366
0.13413762915800223063378
0.13413073707690043034901
0.13415190735251497633485
0.13410919823652292515170
0.13408862166192969667122
0.13406975131922885258184
0.13405057015232249573167
0.13406292988700846402494
0.13408214079169242238798
0.13410211917562506189761
0.13412383318091525286064
0.13414538764676212090343
0.13416533689033535714508
0.13415891315479427925439
0.13417774221715123017518
0.13413877736115670247230
0.13411661990325868254459
0.13409526717419867347658
0.13407527532879526255272
0.13408868456124287127373
0.13410967644560781164564
0.13413078949429463326837
0.13415188211057169076490
0.13417191248641072154335
0.13419089816841292539529
0.13418417975880922443643
0.13420475534644596415923
0.13416436600346026697395
0.13414452479946289975565
0.13412434488559038525679
0.13410280234908167340535
0.13409550591385802076339
0.13410964716031964494292
0.13411695974108434059602
0.13413796664633617639062
0.13415701761354756338385
0.13417661041575026925621
0.13419755327288093726956
0.13421956204253329691944
0.13421224075246315776688
0.13423341188356133213411
0.13419008116514677397824
0.13416930963770939966295
0.13415000458804768324050
0.13413051534024753030927
0.13412272654944598637705
0.13413535858843375625504
0.13414335124478984906382
0.13416184501815631158195
0.13418168499556071271428
0.13420475797178402221910
0.13422737244403221135158
0.13424664787487353145856
0.13424087846997626027878
0.13425788052702311570208
0.13421959905707950277964
0.13419644040306061283374
0.13417502916692386483177
0.13415529958335120630508
0.13414720786413869557663
0.13415826798156924026806
0.13416789319772159938537
0.13418943430545973716228
0.13421184680369280251000
0.13423354233571366256328
0.13425226728783754004404
0.13426869498577712058740
0.13426242256693818322155
0.13428015070934373742517
0.13424577236978724181782
0.13422672975340849133019
0.13420498941114109014983
0.13418140563624184058433
0.13417047656842043257264
0.13418471673845375202738
0.13419726643868093440837
0.13421950139812960367536
0.13423910100865962813366
0.13425652832342044318281
0.13427401508579742128724
0.13429419168589259991897
0.13428762587175577247756
0.13430991814498405290124
0.13426734376225998857102
0.13424959279284071067551
0.13423293551290008118748
0.13421292567035436604783
0.13419993672471250412137
0.13421401070695790358478
0.13422711019405247911962
0.13424413721564718016133
0.13425991188080171889752
0.13427974158399674786679
0.13430339748811226385783
0.13432548609800659678015
0.13431824286628349374162
0.13433792091688875891542
0.13429486518584970999868
0.13427260588921016704056
0.13425457858494010965345
0.13423812009791769028766
0.13422651632465185111975
0.13423692482145804794058
0.13424789455350538691647
0.13426576953226637689554
0.13428713703839578741395
0.13431080145559645688813
0.13433162649917801401145
0.13432508261137376948113
0.13434220296341126132944
0.13430272938535631199741
0.13427930660986400757118
0.13425852419620026845237
0.13424577050578273551551
0.13425549323179142291451
0.13427188214706364810525
0.13429475850541836012830
0.13431697704454614861191
0.13433616518907659509452
0.13435174857882833943101
0.13434533999282183280854
0.13436157657178815494348
0.13432904818175375738498
0.13431017540454343039968
0.13428707468582831707771
0.13426821145006012647727
0.13428281109768161472040
0.13430224456546352440611
0.13432328174109856022689
0.13433912889760007969286
0.13435476146261654539771
0.13437210304035809849132
0.13436540849323230784051
0.13438201196601290421384
0.13434882518307156296089
0.13433335734989282350682
0.13431586280555696255590
0.13429762724432153797594
0.13431103444499806198742
0.13432709180358556877444
0.13434273511515082422108
0.13435845945505567322620
0.13437548258040238335909
0.13438975186546420204081
0.13438285180571260535309
0.13439699233528190625009
0.13436803464750790571003
0.13435232132051455611332
0.13433690969222905620128
0.13432241797714708497757
0.13433134515020553334530
0.13434622330121084865517
0.13436182566934692927951
0.13437563565028959322589
0.13438941694177491958939
0.13441019118485597605428
0.13440181250659799516711
0.13443360377613497447236
0.13438232326935309335347
0.13436947498642673459734
0.13435467580827373246244
0.13433988235795171761744
0.13434855544417681483260
0.13436226042664889401834
0.13437551868806413279955
0.13439392545665895806195
0.13442521850862021448592
0.13445276508208647836540
0.13444960467352473632019
0.13441616569246489509837
0.13438618277350042329310
0.13436892929388785655753
0.13435631512917348140412
0.13436281800908692063423
0.13437918310792204557025
0.13440809310848034208163
0.13444342293909058994039
0.13442588043282938103928
0.13443474139069161443771
0.13443730619334157139200
0.13439944752434265784480
0.13437196231254960876456
0.13439082253023587609775
0.13442900099170165817419
0.13443959116369280648584
0.13433018446524916389428
0.13443975795050372434858
0.13442068734469878044102
0.13443789433276095990344
0.13435475847556491157953
0.13403684100509710708238
0.13437391549140467739143
0.13422631733486922733789
0.13409999836891944857697
0.13374638800343349731570
