0.63263523298215484924611
0.63268325793827973058114
0.63281618196036359957901
0.63282822699984953018770
0.63287185962231207181361
0.63283549427298901868255
0.63288241509973897080954
0.63289131599202141931215
0.63290611315804157221976
0.63290902061447162907371
0.63289550613812328716534
0.63284537599684242970000
0.63290893950146487334507
0.63292143569578795947450
0.63292501877115292518994
0.63293183236810357517044
0.63294589291203584568990
0.63295637678697247441306
0.63293974455884127738869
0.63293676750298821787055
0.63291921758925384633443
0.63293162116286383334085
0.63295107458920862875118
0.63295571054727262083617
0.63295970603530704590156
0.63296849520088493967762
0.63297940237370053928601
0.63299064729795273542834
0.63298204606855290599299
0.63297584973271925345983
0.63297199338283383074355
0.63296901623408385884062
0.63299125765967334533713
0.63299220700748848322803
0.63299284564276869780031
0.63299843302767666575193
0.63300482455932716163716
0.63301248665036524698735
0.63302713331005566743670
0.63303446453780676250744
0.63302137091523280609806
0.63301518919357457892971
0.63301300531476134558773
0.63301573393877363926663
0.63303635518774592494395
0.63303443411534843221489
0.63303766590578169903836
0.63304355134567058538408
0.63304929202417004052705
0.63305720434287648945570
0.63307160092725955902182
0.63308018461846016222694
0.63306513046763657204252
0.63305946573009996836134
0.63305624989379594147465
0.63305701941727932080539
0.63307849594226628386906
0.63307778424690308582967
0.63308066534566831418118
0.63308679967083592021737
0.63309403049997436951912
0.63310265727561276793978
0.63311615137654986273930
0.63312394244286362976482
0.63310897289209977500946
0.63310244554883543521839
0.63309909424948818124079
0.63310014147449045207594
0.63312190646414967520883
0.63312098327091048677318
0.63312487127065741887577
0.63313144171346569244463
0.63313785838180625109572
0.63314456027468890564336
0.63315884244442777184503
0.63316521618247600944329
0.63315354935472434316779
0.63314773215875064238389
0.63314356168450314221730
0.63314379680600085809061
0.63316619092836068372065
0.63316636832916439736607
0.63317013918469400302058
0.63317484703001780665943
0.63318000240255356558805
0.63318675644489808007620
0.63320154660167771165646
0.63320943747462254957981
0.63319617398224470328216
0.63319167513375762545991
0.63318875385269079991701
0.63318854082920117409827
0.63321071842081488867393
0.63321013870802489442724
0.63321273878861972228549
0.63321742479392983948827
0.63322406442553347272195
0.63323249686041405137615
0.63324668794417604544833
0.63325504079511396593460
0.63323947549990988736823
0.63323378132561458642158
0.63323099611472044578875
0.63323233339789486429083
0.63323381376546006293893
0.63325538238888512410085
0.63325345929773257935835
0.63325211507406720112812
0.63325561846680067379367
0.63326180979490287459299
0.63326929863699721323655
0.63327681942237179502087
0.63329079839742219437682
0.63329762471222339481614
0.63328416821461674945937
0.63327796048918871818501
0.63327383197247633095373
0.63327465423627848917221
0.63327682040922983475184
0.63329842517811874014200
0.63329631690816390321430
0.63329621417157799800890
0.63330042963876986839011
0.63330592232713522893306
0.63331188239862090672005
0.63331821303401869549532
0.63333262473516782620209
0.63333920932589204966234
0.63332722281947173570416
0.63332245222190353128866
0.63331850961720415060796
0.63331847849962508156807
0.63332019302739195332208
0.63334232498977816039343
0.63334055007139700155250
0.63334033110211018779978
0.63334373063321935948267
0.63334830278564691052878
0.63335393257563143976085
0.63336106002090875044530
0.63337591003174265047448
0.63338336969071173943036
0.63336945995773563655717
0.63336489492191971883983
0.63336164236639036495546
0.63336232031035266665242
0.63336437450733018561522
0.63338584722382540448393
0.63338341082711968610397
0.63338255417199973429376
0.63338595121266139109650
0.63339127530068761728899
0.63339807116929414121387
0.63340572592412547336949
0.63342035940545371452970
0.63342756219632545544584
0.63341341511751902970673
0.63340765700934986703885
0.63340374277428812543889
0.63340438122269870913073
0.63340716132638996693771
0.63342855067392134227333
0.63342559743692694596007
0.63342538008835003182639
0.63342981468764492092305
0.63343545173704463024933
0.63344210746789608723617
0.63344920442486352119005
0.63346361203780010562525
0.63347056101095733371409
0.63345737655966904977589
0.63345200564682258015381
0.63344763649954383133434
0.63344757355536929210871
0.63345026264971449059260
0.63347241997859360385092
0.63346989541157794345594
0.63346992656464951032547
0.63347392365240762224232
0.63347889132441104198534
0.63348515310433017866387
0.63349218969089249320348
0.63350671587349327573691
0.63351403843736597831793
0.63350042520003047030741
0.63349562942934822817875
0.63349187133940587646208
0.63349205210522041564758
0.63349485237712210849992
0.63351676244305543672652
0.63351378455274509615691
0.63351320020053181192310
0.63351722354039108342505
0.63352224077149099645823
0.63352875277448161828175
0.63353600313564317758619
0.63355100620890858476031
0.63355800931275174647794
0.63354422320364400800230
0.63353864491450440077358
0.63353443634849881949123
0.63353494230504914241919
0.63353826899999265975794
0.63355921134783421688752
0.63355573218374394706132
0.63355569432350777869800
0.63356051725017115128225
0.63356618998533942299645
0.63357281511166840815008
0.63357970001340979671056
0.63359436872123175987781
0.63358802705393546528256
0.63358244022851506471739
0.63357730431150849348398
0.63357693146765980962698
0.63358014736454026927248
0.63360139639916790432750
0.63359852631737145767232
0.63359931777353262205565
0.63360446685125215715573
0.63360953995943603000995
0.63361563783366869895275
0.63363098400387574127279
0.63363683813743254535922
0.63362610430858790078190
0.63362146103373828687211
0.63362087096660768548162
0.63362340988627741111827
0.63364599014857891923214
0.63364316889143823541275
0.63364335530112425587390
0.63364765345057239009918
0.63365218487073504682883
0.63365839105358356952991
0.63367379619533714674162
0.63368013339842188536011
0.63366903253199935441842
0.63366490233829120271025
0.63366525041632737469399
0.63366846317144576161695
0.63369044485000469713043
0.63368666558125341659036
0.63368604509492054699393
0.63369052554229643448025
0.63369590096696370995488
0.63370226680450725265104
0.63371784678565390436233
0.63372453758166014115005
0.63371250441229320937708
0.63370737743684268927780
0.63370778249048287378287
0.63371162216195775496175
0.63373237885843447525502
0.63372856150421807974737
0.63372877988820097705513
0.63373424515248566457615
0.63374005406419420260988
0.63374653194054186844397
0.63376197028506131569969
0.63376848671554952829865
0.63375621234604861964357
0.63375046311438210100420
0.63374976631161350493215
0.63375300567392178763271
0.63377409611587454119075
0.63377140211452132056991
0.63377240367278220301017
0.63377807233574023904055
0.63378371576978087542642
0.63379014195409466569942
0.63380543090609364753618
0.63381184857373118468615
0.63379978542977599698105
0.63379412649726163397901
0.63379336339912273334818
0.63379572373291881426383
0.63381771848174606187598
0.63381542718194416874411
0.63381599125027221486306
0.63382166043683940692688
0.63382732750177206426656
0.63383359474802780653135
0.63384925654095158886747
0.63385530543694124094856
0.63384359884453067568444
0.63383786385417384412477
0.63383735973673394070715
0.63383982657091997303667
0.63386166531864873707747
0.63385930086835007291057
0.63385963983506488084174
0.63386550763479387882171
0.63387109156136833831852
0.63387706387665654350627
0.63389296386678295469608
0.63389875259959393982712
0.63388752725777874896806
0.63388173112131862563245
0.63388093535631462316360
0.63388323706289628756139
0.63388386838858568061994
0.63390526352261178377745
0.63390463319366274763667
0.63390268034887509163156
0.63390335509834294658305
0.63390941575982295841385
0.63391477853280209231457
0.63392075335672737335102
0.63393678335271508306192
0.63394275693707113905617
0.63393099043577239015690
0.63392493580934972108309
0.63392427717617905180703
0.63392610919789760259846
0.63392664767524775637497
0.63394819997476581363571
0.63394763432404843683798
0.63394569453687166227240
0.63394635722600878313671
0.63395254000495948609739
0.63395835163885039253984
0.63396472661190372832607
0.63398024193350899224697
0.63398648150967429337754
0.63397402184691398208116
0.63396783567128001113389
0.63396730750546115285005
0.63396914800186798810699
0.63396968745918624854596
0.63399120497666128226655
0.63399055526266723248341
0.63398869320984774233807
0.63398930601726877220869
0.63399581037678953698844
0.63400194352907734973712
0.63400800688974812135967
0.63402375975315494738282
0.63402943584841031654520
0.63401788145895909831751
0.63401106374523796826992
0.63401028542410053923106
0.63401182579242243431139
0.63401268812653521766975
0.63403392424609505972910
0.63403336494151385505091
0.63403186896851992937485
0.63403287301557853528067
0.63403963284379227793863
0.63404556945189449734812
0.63405101394538365688902
0.63406713272563031136286
0.63407277395274264097935
0.63406123583709117497165
0.63405469289426241719099
0.63405368636179892938287
0.63405469235686695572696
0.63405509757919864544107
0.63407624947305807339148
0.63407614073669926746391
0.63407529797796569059898
0.63407628103817725850888
0.63408295709111439641958
0.63408883785481873207601
0.63409468646012534520651
0.63411073460850753136242
0.63411669790718283579167
0.63410452021767227392957
0.63409764138812851896887
0.63409678207526221083157
0.63409752546949571527790
0.63409762212724241070561
0.63411878141585842350025
0.63411896931891853501639
0.63411815659381065568567
0.63411898959817358800706
0.63412612927886902181029
0.63413256231356540659760
0.63413843106366651891648
0.63415427649087341421819
0.63415979030683933270751
0.63414772555015164190451
0.63414034507352079472753
0.63413949896090815450123
0.63414014895186521236781
0.63414027053463639660436
0.63416163338397124604739
0.63416147570505088104653
0.63416094876753403841718
0.63416195711523559719325
0.63416925258753664707001
0.63417561971052560654272
0.63419084372460432508234
0.63419693491865103407434
0.63418355438189999428999
0.63418238979320995518663
0.63418291269757998129819
0.63418292327487613135872
0.63420417873809065145707
0.63420417467169276637406
0.63420403376914891158123
0.63420508105821460365092
0.63421234690199179695469
0.63421842926286453590023
0.63423372654433662898299
0.63424032408761876755676
0.63422653542352858124787
0.63422555813270653501945
0.63422568478298579908170
0.63422536008975871624216
0.63424659726453369579247
0.63424681918948322412177
0.63424692901623791474464
0.63424789349423615902879
0.63425547895331257919338
0.63426251927615717729481
0.63427736351763130961956
0.63428463001650459140990
0.63426934475624352494094
0.63426819008836032853793
0.63426776261523987177071
0.63426763349289905224992
0.63428846465050159331156
0.63428877187846488538980
0.63428921492105416746199
0.63429083301751953971603
0.63429938426374621318615
0.63430655653840484209383
0.63432081899466585817038
0.63432779259056326637278
0.63431240709040870306978
0.63431062741415678019052
0.63430992363644200793260
0.63430960944198500062186
0.63433058646803930358260
0.63433115652228400094259
0.63433217109582484827257
0.63433384797635805618654
0.63434195182747943331236
0.63434859009869792867420
0.63436293919635555749181
0.63436947416451605619159
0.63435521015359830343527
0.63435373469291123083025
0.63435255564120296423170
0.63435185355832035547508
0.63437320223560678122965
0.63437395703182741790727
0.63437492075825341331097
0.63437616866719315211753
0.63438390700984870207435
0.63439081541777642136992
0.63440545608852949577283
0.63441276064251039823461
0.63439736736776419778749
0.63439611297258724498249
0.63439517928770206012246
0.63439451275917868589005
0.63441556821099231999739
0.63441609309259194837693
0.63441711884263374265913
0.63441872904447704772934
0.63442735172102660001769
0.63443518403159659957424
0.63444955161789295949859
0.63445734142126675170203
0.63444042225163499448826
0.63443841870161166163200
0.63443701226317061880877
0.63443651490563912620502
0.63445716066259050247567
0.63445800015180009445714
0.63445982952132540244605
0.63446226720731058179581
0.63447144495081964077343
0.63447903700760954759374
0.63449274193638316443611
0.63450002646233261138775
0.63448411539684423932073
0.63448153661736450548148
0.63447924940128419546426
0.63447805639797083543385
0.63449934101708660438845
0.63450075397530092402576
0.63450302994101137610272
0.63450502715601975189941
0.63451366791155050517403
0.63452080256256215839983
0.63453418716083764827829
0.63454181371637241593220
0.63452589295887784626160
0.63452398851717350947155
0.63452226442976455977885
0.63452080391498189015920
0.63452180787004908157911
0.63454337272204586195556
0.63454210610062011799215
0.63454321656955081643048
0.63454482999121830655298
0.63454647610191816653469
0.63455515718522137458280
0.63456312770020018021455
0.63457667580333620982458
0.63458489466917666899093
0.63456743487538047610030
0.63456540295844843235784
0.63456378428725424001300
0.63456293790964390932885
0.63456416180605923482716
0.63458483911046814629486
0.63458319134218466039954
0.63458391754432275089215
0.63458613435774313682458
0.63458902599691069390531
0.63459863698519303198964
0.63460660889477404911219
0.63462039729014751987535
0.63462796369636031990069
0.63461090220639704284622
0.63460752460815517128623
0.63460470305929594925232
0.63460338602729116086465
0.63460513172714061447266
0.63462540606975126333822
0.63462380307858712313873
0.63462594638310521055757
0.63462925537221104299590
0.63463249348201322685981
0.63464164960705093943005
0.63464897648336182633955
0.63466229780814820138346
0.63466975524011037812500
0.63465371836709982833469
0.63465095269583193804408
0.63464760206814374576823
0.63464498840405814128474
0.63464632954817379317802
0.63466815554266942100980
0.63466689371296136634726
0.63466919454915982079513
0.63467194588423148093881
0.63467428843203710364662
0.63468284022772103458720
0.63469086299550769858513
0.63470369126986925234490
0.63471228442143134973463
0.63469454939350788968966
0.63469251056711695202495
0.63469049104247921011535
0.63468873348398391343039
0.63469027931497401517902
0.63471195980842298745017
0.63471007389704103829331
0.63471098174454199103423
0.63471263000209310334299
0.63471535733469264251028
0.63472510870609266664388
0.63473384125227072516395
0.63474683142136500979547
0.63475501896137054291813
0.63473674400307456000547
0.63473337231552606763074
0.63473101815602028796803
0.63473027124045933167196
0.63473278361041951534105
0.63475260526545518313668
0.63474977067913074257888
0.63475095232926848076715
0.63475448043418525312376
0.63475860341790568686093
0.63476811880799521858876
0.63477984483081173472385
0.63478872372357375564178
0.63477572006319848973988
0.63477156542186630172608
0.63476931895074861778028
0.63477183539450687810302
0.63479149948255342295056
0.63478977920635937248761
0.63479248849687386346829
0.63479697606454610347981
0.63480027280428830138703
0.63480864252449842322079
0.63482014300345190882524
0.63482836908352546778644
0.63481736011266898245253
0.63481390988405028696917
0.63481088789901352065215
0.63481243273298715301678
0.63483412831799901354657
0.63483256386387609815358
0.63483483625915348991242
0.63483736564044113137584
0.63483979507063137415201
0.63484842485925485622289
0.63486007545844935773260
0.63486889476867025550177
0.63485734183589825896377
0.63485511362527458079086
0.63485382296663883661125
0.63485606145743589401320
0.63487716132582461270317
0.63487434585998359093395
0.63487512820395197721268
0.63487764908385102557986
0.63488100484115428390197
0.63488966081189457391076
0.63490173494697066391979
0.63491022275759800841399
0.63489834237615738743443
0.63489509708068991855612
0.63489401000921563689161
0.63489702071851517040102
0.63491602132662550150854
0.63491331956009899872839
0.63491514875288723729341
0.63491869013119472953122
0.63492198986981318586942
0.63493142063343488423754
0.63494222397089827847338
0.63495316144984592643397
0.63493819465002543367405
0.63493486768775608819482
0.63493280050715406037654
0.63493522206866270796155
0.63495516678301444635224
0.63495255614252610332215
0.63495391117460764363045
0.63495752331531796208708
0.63496320571918096753450
0.63497276105130928680609
0.63498430095527547134537
0.63497845615724801682234
0.63497338729187613459715
0.63497230718866692900093
0.63497556401246879609346
0.63499530443837859383649
0.63499202002830013036316
0.63499486428803120219300
0.63500099927440478708718
0.63499724644519761618255
0.63501823943053670173953
0.63501827353505013729063
0.63501288605689409916266
0.63501372928352106672634
0.63503225126438711534149
0.63503559444098245378996
0.63503770186918706563972
0.63503361715274886378779
0.63505568355032171456998
0.63505363186863406088634
0.63507644250332562219086
0.63505632061862538062513
0.63499635755154770766495
0.63508456738459673207586
0.63506258115298286348605
0.63502814275959584833231
0.63489293566425075709958
0.63274015565469765576267
0.63279591386259925744895
0.63292093807561233820280
0.63294073530089256518494
0.63297642675131393641408
0.63295062778893329547003
0.63299475842084973464807
0.63299568951435780661541
0.63301828115157487975040
0.63301320149467299458479
0.63301050943478887056415
0.63296235517547272397820
0.63302590433216399112837
0.63303630211582440079354
0.63303700416897734637445
0.63303581904427497217824
0.63305769249286636402019
0.63306016647498664084992
0.63305447519076685214401
0.63305371236890317643287
0.63303822384607510986854
0.63304802421372652343479
0.63307006418784839141267
0.63307262944085040956566
0.63307430300723455118828
0.63308010817657756064136
0.63308299480458329888677
0.63310207118203132292678
0.63309650826355201580498
0.63309273569579305185329
0.63309095807982140868830
0.63308553834618808142665
0.63310311028996490989584
0.63310884971256242703674
0.63311178479333507507221
0.63311528452692533708301
0.63311915025332821116422
0.63312371575916248644944
0.63314132259363142818387
0.63314549395697450329124
0.63313818628536133736873
0.63313410556903948478435
0.63312976672998644289692
0.63312752745498956929993
0.63314812794445929355902
0.63315131296123383641827
0.63315655365700906909154
0.63316032688987788912272
0.63316334856024125699037
0.63316803333990423485744
0.63318552564009045191540
0.63319081192003601188389
0.63318186121037567382075
0.63317831845456906680880
0.63317324493603444057754
0.63316892868391838611331
0.63319054564122179140639
0.63319490071414652465620
0.63319948241522316934038
0.63320347975837776299812
0.63320781919826751860114
0.63321307839835505593129
0.63322980360989911119418
0.63323415191432863569077
0.63322560099430080793326
0.63322122858090756913896
0.63321633047787895254288
0.63321232059019172400127
0.63323421034372051607875
0.63323833515784178072039
0.63324361697828024375667
0.63324801713354761378838
0.63325137831529099141648
0.63325455608535186069474
0.63327223039361446588202
0.63327499825307109748707
0.63327006636452276566729
0.63326643522338010861006
0.63326102794607797008553
0.63325622129347469702054
0.63327874107416648463698
0.63328394997651105136072
0.63328879608686539093299
0.63329129820535956518768
0.63329325498584654319245
0.63329632279444647569022
0.63331466312567863408134
0.63331878312808465025796
0.63331255904092176312048
0.63331028937874078721393
0.63330644942467584357360
0.63330120625685981661235
0.63332349712105917571847
0.63332794729358299345989
0.63333130835247430923118
0.63333374037967726799536
0.63333704602313556364379
0.63334161897182261746764
0.63335953730303939934743
0.63336393978527238957099
0.63335571860941952682111
0.63335230211996906835026
0.63334891160025708067849
0.63334521916130326335548
0.63334462218430298552363
0.63336607149016377338313
0.63336645429581239774564
0.63337013598318181450963
0.63337408830363817191511
0.63337797363532655214868
0.63338201419851425377772
0.63338549419627743208849
0.63340337742930963305099
0.63340607106907775847304
0.63340024786042814497478
0.63339638004655718361846
0.63339196020735410996849
0.63338775303805161520643
0.63338739337923777306116
0.63340888059903255324912
0.63340951910580356454261
0.63341444783600941992319
0.63341879849773397026524
0.63342191499461963921647
0.63342432442009710680253
0.63342642729934661716129
0.63344493339308072243909
0.63344719135791571762439
0.63344312795565604901071
0.63344077031981216308054
0.63343684118333887234087
0.63343177130399785923487
0.63343053455409414898014
0.63345256310350028794431
0.63345393829072005331682
0.63345876089992836366349
0.63346199252726376194289
0.63346411295869076152343
0.63346610708525641353361
0.63346881025004919685273
0.63348794759533477716218
0.63349088621468896409539
0.63348516920392439200072
0.63348309740059516315114
0.63348016947307705937220
0.63347580083759880142935
0.63347451598630755142949
0.63349589823682894706991
0.63349698269579279852337
0.63350117822878848627965
0.63350409924417838691824
0.63350688275244548819387
0.63350996980787521728473
0.63351300461999426882898
0.63353212102634237634646
0.63353460176095899303306
0.63352891900614294318217
0.63352574977107822817857
0.63352245831142739440622
0.63351803216938196161578
0.63351712850359587214655
0.63353845023457500129638
0.63353933388166860929402
0.63354418251429711617106
0.63354784581664913556409
0.63355084684420481799805
0.63355373362078637455852
0.63355600605664019742136
0.63357509959266822274770
0.63357712424727152811244
0.63357265652055849702862
0.63356997440506968022333
0.63356652338578012262360
0.63356139057947657988734
0.63356011044159654677088
0.63358222673317299289408
0.63358379584756752134211
0.63358889981755828202381
0.63359183518718109606738
0.63359405258006284977768
0.63359649841425458305366
0.63359851098193020746407
0.63361792031667718561039
0.63362011564097053817335
0.63361546561640913477476
0.63361348201152878356623
0.63361092470846769320048
0.63360602561290779721759
0.63360463042409320699733
0.63362652787700801670923
0.63362783279812173731216
0.63363232814455971997347
0.63363501441934677593792
0.63363715900134032210644
0.63363981836932969926579
0.63364183712068966602970
0.63366193037683127275983
0.63366360127243637201389
0.63365901139948044296091
0.63365637222270532191715
0.63365363576873501294529
0.63364906224019745817344
0.63364804033238375513548
0.63366900198924547282786
0.63366992742732741739076
0.63367496535967915427534
0.63367818131913389301246
0.63368084310908401324269
0.63368359480238800607310
0.63368504746237830360656
0.63370500255794448563051
0.63370254468057274355175
0.63370004314816152923839
0.63369664523437874148470
0.63369119339490398434833
0.63368997117066971913601
0.63371127005540728305277
0.63371285543041411258969
0.63371872274741669617271
0.63372200760531693930488
0.63372392054802662020307
0.63372612693049745757889
0.63374522196661675632612
0.63374718210059666212430
0.63374357883846188510546
0.63374092436038598208370
0.63373526376252853342663
0.63373335170837363783392
0.63375601739891984642838
0.63375763000892437748490
0.63376287638456307860224
0.63376506026297807494529
0.63376627542064511988684
0.63376858630839039143723
0.63378773662378251607663
0.63379017611080123995038
0.63378637458403030979781
0.63378448190003611184551
0.63377977642235738819920
0.63377858527659536314047
0.63380069335841904276663
0.63380125325587222118173
0.63380567481512006811073
0.63380780233936251377713
0.63380969082911076117881
0.63381215805172530508571
0.63383148421912682835000
0.63383427807128422948324
0.63382971444586022613521
0.63382705174423026317498
0.63382242747810524363672
0.63382201725524545121715
0.63384292200697200936332
0.63384327085381519939489
0.63384849711748558753754
0.63385138352422309981904
0.63385353164471847087214
0.63385611794523066819806
0.63387528470504428401711
0.63387791394105341691301
0.63387328307977219843394
0.63387022227844813659914
0.63386453471924542046878
0.63386369508574991193939
0.63388492873745572175892
0.63388622372681147076889
0.63389220071465157690938
0.63389507628213836998299
0.63389686742084583315204
0.63389940989360382683770
0.63391841838936979769414
0.63392095766227007924698
0.63391671905714874757365
0.63391395596184141325580
0.63390823386702144226490
0.63390670022709239006531
0.63392884380089364881883
0.63393034976590212359326
0.63393584831329252704535
0.63393852034849151877438
0.63394014501522566451541
0.63394254275898043182735
0.63396190059811841077675
0.63396408806069515229353
0.63396038688366396218754
0.63395774836817897490704
0.63395232885654828614008
0.63395109831223739327299
0.63397308093944004792064
0.63397431701129425274388
0.63397955139904016430563
0.63398222312846008730247
0.63398356144910172904616
0.63398567832031749169630
0.63400526003830692811647
0.63400719901084534591007
0.63400416957026128894626
0.63400166180023820317047
0.63399599161923358980886
0.63399479480785536633647
0.63399551772404272309558
0.63401709329589395203186
0.63401633622934272516147
0.63401777618795041036037
0.63402329940127932772498
0.63402598201960203017080
0.63402689754728869253597
0.63402903094392604188556
0.63404871969137954756945
0.63405086147188949308173
0.63404747870172484258688
0.63404489306998379483105
0.63403941135117469762861
0.63403795833978993101709
0.63403865491842503754327
0.63406037886683397353238
0.63405962689234318663267
0.63406086986498799706879
0.63406632612102464818804
0.63406894970915483877860
0.63407010443709010960589
0.63407265413134772380488
0.63409181180623008788899
0.63409423129588171619275
0.63409035552376369349048
0.63408781073451669918484
0.63408251313366092993817
0.63408128061435697908621
0.63408202791735901460157
0.63410370489926248804835
0.63410283027031211222635
0.63410392992470898665403
0.63410928141688882586635
0.63411206541797182634213
0.63411332852760438072437
0.63411557903217230514059
0.63413495449819978766470
0.63413682721714426104853
0.63413405349380969067141
0.63413103464370346173951
0.63412555198505815567955
0.63412424594976712910466
0.63412533770825352252842
0.63414670930153960171083
0.63414592915917522564229
0.63414716769110113236962
0.63415284080529810140092
0.63415572303521972052920
0.63415657134296354868752
0.63415821974991981591074
0.63417794220649847947158
0.63417979211931485572507
0.63417724530518182479710
0.63417465457670363360165
0.63416900864546521532361
0.63416739555384749049693
0.63416800411456009101130
0.63418926563668898133130
0.63418898541725465811680
0.63419064233418565024181
0.63419622896897753783207
0.63419888356156839392952
0.63419945606601235699173
0.63420151745235586737692
0.63422115693694713911555
0.63422333997639679381564
0.63422035853596014920441
0.63421757051122795711962
0.63421214685034077440662
0.63421051513272441724212
0.63421073652318638025349
0.63423197335480652192530
0.63423210290146359024988
0.63423354443607260488847
0.63423890173555907967540
0.63424187981436574990113
0.63424278474159945240274
0.63424487933564466235481
0.63426429846642595755668
0.63426604150844534402154
0.63426338883652788602774
0.63426023629232464173811
0.63425490507275228413420
0.63425342135661177955797
0.63425352067868911998261
0.63427492288353626292974
0.63427488624084071844322
0.63427637094695066277694
0.63428182025006829558578
0.63428482845447442528553
0.63428544332610992118049
0.63430632919014251491774
0.63430655736093877195003
0.63430338393461038748455
0.63429782733103301506361
0.63429646453347376944265
0.63429623889443298434543
0.63431750124994312756144
0.63431786795582145721539
0.63431948816317906825191
0.63432487480666777113214
0.63432773856146396074251
0.63432784615164117258956
0.63434902516201752131764
0.63434953465098864455740
0.63434629161703992572541
0.63434102713219087110730
0.63433951666630306043260
0.63433866679658978959822
0.63435987158848006206568
0.63436078501756021363889
0.63436241111492264188598
0.63436760730633479088425
0.63437068699443621699885
0.63437152423389808753029
0.63439247681618438079454
0.63439342873188275806484
0.63438900902526140779258
0.63438368017502611007075
0.63438186679414176882830
0.63438085896230533844431
0.63440162675906519584856
0.63440301424002831787163
0.63440471498407291495170
0.63441044362528287159364
0.63441439923856679516945
0.63441514566952816878143
0.63443573436370548357388
0.63443616973858418806032
0.63443196405260138259763
0.63442614030117727708102
0.63442430489871792786971
0.63442265653122997814961
0.63444373424799216376613
0.63444567131875140297836
0.63444769267248213306942
0.63445334801811759106727
0.63445676988712940147508
0.63445675625254038809686
0.63447765838641478897131
0.63447742988044719680829
0.63447464610600101675431
0.63446926007904702604634
0.63446720297959091627860
0.63446509915721904793173
0.63448654793775594029626
0.63448873609135114648439
0.63449045195852948886284
0.63449553567155314581782
0.63449852190703315280018
0.63449855890798134705477
0.63451996431169122026006
0.63452028837260643356899
0.63451666365504666433850
0.63451165249832441883626
0.63451009147212811267735
0.63450794949206656969665
0.63452909564045667512033
0.63453112859139448875823
0.63453266403527375238980
0.63453795291566850167442
0.63454175508006604999878
0.63454249704209053639659
0.63456385085383681943227
0.63456444158010338885134
0.63455956903956389769661
0.63455396700081856398157
0.63455216940403302849916
0.63455012727569104491465
0.63457086357066971871177
0.63457327958614173635254
0.63457538105607491640825
0.63458132881962447946478
0.63458563335278161954278
0.63458592332597407725814
0.63460681648803185517238
0.63460669579259121331205
0.63460308984195201720269
0.63459709223059712623893
0.63459464972924073400407
0.63459184182542405228133
0.63461320640358442890516
0.63461626883717148217556
0.63461859039350587696759
0.63462391478307489389721
0.63462762957256779738913
0.63462725398778485619289
0.63464803637748712361599
0.63464804922085371607920
0.63464468704546661559363
0.63463955150027340224028
0.63463789133156089938836
0.63463474242219763965522
0.63463343422814599836812
0.63465483088477192552546
0.63465612411765370826089
0.63465895333450572657341
0.63466039090437675884715
0.63466517147879419891154
0.63466888931220188929672
0.63466914833358833991639
0.63469028678891581396471
0.63469069827759394541999
0.63468602957133968267556
0.63468096379477556556736
0.63467962908713804193184
0.63467702855884333690284
0.63467545430438909725979
0.63469596450333543025124
0.63469735325282372606637
0.63469986743161432851679
0.63470169880701554632196
0.63470751692935900578618
0.63471212557102851814506
0.63471219336947970468543
0.63473376388406910209028
0.63473333037360624153678
0.63472928756708957287458
0.63472308759683271350838
0.63472075498421764994106
0.63471761141395033334334
0.63471609335237111348960
0.63473621505901089978607
0.63473809684774173955901
0.63474209346641075057960
0.63474481489234324538273
0.63475076996697543663117
0.63475489266374018892947
0.63475412737074377034219
0.63477541188842523389724
0.63477468935175263009540
0.63477187835325687981225
0.63476650883592622420792
0.63476384460667323317296
0.63475934729110972121191
0.63475699644133842802773
0.63477868559215999688661
0.63478131878059129711289
0.63478553177780472349667
0.63478750120560401004610
0.63479233021070258224938
0.63479582168669645980685
0.63479557774209260934128
0.63481654055722602780776
0.63481677998675856144928
0.63481247335176060886397
0.63480806395949540554824
0.63480691573455128029480
0.63480321543154272223575
0.63480068358790109339651
0.63482225096037914191527
0.63482461559379821380844
0.63482748860589344186423
0.63482817990496265281308
0.63483315909125992426709
0.63483782547833600418130
0.63483812014264262568730
0.63485941178406024576475
0.63485908157873460755383
0.63485441576530288187996
0.63484891380001040595005
0.63484760523771066598187
0.63484487212366547126408
0.63484297871663997181457
0.63486271368531876913011
0.63486443181292617765621
0.63486761960605408994240
0.63487001814724275394752
0.63487614311297235758502
0.63488055771530982340778
0.63489725300832067222956
0.63490102025456562895300
0.63489125568441551195065
0.63488830855439992717493
0.63488403091704292968700
0.63488186644854316398323
0.63490147027373100563352
0.63490454443160926345513
0.63490930002444267987727
0.63491250535948340338877
0.63491754605449024495556
0.63492079740321072378606
0.63493727481476192053833
0.63494037922567170273425
0.63493287850893120882745
0.63493078718154194461931
0.63492570748612231490426
0.63492235927864448807867
0.63494402443774489164241
0.63494743917397333810015
0.63495177963235505114170
0.63495287731025462640844
0.63495678235081998153078
0.63496028449078989464027
0.63497691749539542094283
0.63498060250250798475236
0.63497284693963451651655
0.63497211995236069181914
0.63496874814028148037437
0.63496593574392490300085
0.63498702720508670704902
0.63498932040829525469405
0.63499218971710846837198
0.63499314518608540591771
0.63499770066142147140198
0.63500121685394428361349
0.63501827989337211732845
0.63502162379327375951732
0.63501382709132014880993
0.63501220838817085123651
0.63500903467542713087823
0.63500689244986596726505
0.63502590795922386757155
0.63502839918442577360480
0.63503230910001651210450
0.63503416388756039889785
0.63503837845975696918543
0.63504266339374026983933
0.63505845427253304613657
0.63506424198883282272732
0.63505365778173794577555
0.63505207485429915337249
0.63504793240674572984972
0.63504515314316067886580
0.63506527309192839503282
0.63506773922994130820996
0.63507115793935375869239
0.63507297735217693723797
0.63507928048495543293939
0.63508367884570926520382
0.63510021337666944241107
0.63509389818850725539789
0.63509066933349789252361
0.63508753939975837177201
0.63508584634884801545240
0.63510576625798631500430
0.63510730384550440064118
0.63511217731593949675784
0.63511642611134211389157
0.63511299173645419102741
0.63513365218356587771353
0.63513561825746900346701
0.63512822101833821264449
0.63512436309991593397228
0.63514305519641434116807
0.63515097847584034429502
0.63515507302281526413879
0.63515100291680137711836
0.63517111189851893637837
0.63516460499179561161043
0.63518758787638840423995
0.63517179166877191232032
0.63511186301653854702209
0.63519587854570491725070
0.63517284274728258441911
0.63513960411637981895439
0.63500319617028877505760
