0.09225076079783274540791
0.09213297104018586258789
0.09262042579083321069966
0.09256857686156845510528
0.09274646394268581950371
0.09250547651170140661669
0.09272897749270579692560
0.09277141815826779602805
0.09276529744099948349145
0.09277300678780302234383
0.09270728807877071098176
0.09243264443752004233534
0.09267919776154122379896
0.09275815435894405047712
0.09276794030829310644393
0.09278012586822748097859
0.09277290003120891581645
0.09279246167968761838107
0.09276288078281323679075
0.09275007271655814899969
0.09264358271829158109067
0.09260050310353869218449
0.09273917105366463742300
0.09275853375745844731082
0.09276664254257720176877
0.09278495763123631445701
0.09280598731612429985738
0.09279846691152617010889
0.09277794234952158047847
0.09276140757856918273028
0.09275395584607859511550
0.09272490953116512002463
0.09271299731490340034767
0.09274907013590039106532
0.09275559056750985742479
0.09277089656718258414703
0.09279168851959693209430
0.09281191489569817765215
0.09280469218321310553854
0.09282696925360185702392
0.09278464136758400593319
0.09276435154975039287795
0.09275096034790544785587
0.09274427358496366291529
0.09274743048877265305663
0.09275849023945481608422
0.09277778115298361549801
0.09279785988251711137398
0.09281927505302561831613
0.09284656453793223296334
0.09283782246574619201329
0.09286819785818981043413
0.09281224788784971091449
0.09279180579324833311183
0.09277160898804996669309
0.09275309967324324444959
0.09276618334516679997837
0.09278570131015798083673
0.09280527636864732698996
0.09283000080458285452334
0.09285989814982953394207
0.09288847583282734687860
0.09288070305931236947394
0.09290251536854358949125
0.09285155520777445270486
0.09282247513532561333793
0.09279915156134334319749
0.09278007187306147596217
0.09279390366913684018435
0.09281532169802828025063
0.09284305599775832806841
0.09287291173941916722079
0.09289642257866041752390
0.09291118144675454548764
0.09290543574695613038283
0.09291742590980843485848
0.09288981190657259745524
0.09286531699975192344354
0.09283540971089312976439
0.09280872363869561991745
0.09282801546885824373057
0.09285731291846244239707
0.09288297155568840668405
0.09290014766116140576546
0.09291206142087898856019
0.09292676001050764744704
0.09291996448256358009932
0.09294067889198975862541
0.09290666134794756114701
0.09289477119917506631186
0.09287622370589725118162
0.09284929518489122568514
0.09286937466018996278905
0.09288876943538382224830
0.09290107354628319991097
0.09291397463485112639958
0.09293342873128082604062
0.09295890286473633412623
0.09295031862900109131953
0.09297685094122157267726
0.09292576390604700975473
0.09290799803789259736497
0.09289613707917372675826
0.09288322545016014508690
0.09287849747302706626684
0.09288822260979823219884
0.09289169838964647651913
0.09290226323365664840015
0.09291850819746530487642
0.09294231761757286436332
0.09296908648732160607153
0.09299261463367337887664
0.09298483967796053462074
0.09300448683233578095475
0.09296083733806295712476
0.09293460292163123470655
0.09291218317366449486183
0.09289748629566151050252
0.09289440681707168689929
0.09290097989445089687877
0.09290649269332605653116
0.09292680709809821026912
0.09295284931751644774689
0.09297781375530914105276
0.09299805805620575682724
0.09301480265387643275865
0.09300827909325998232859
0.09302500759058911217192
0.09299137998965888163294
0.09297053829084953036066
0.09294514058739085371474
0.09292008305874480122988
0.09291190053913264690344
0.09292678649638642929265
0.09293800908028682083994
0.09296277241843542427091
0.09298446553323615193509
0.09300224229453026014713
0.09301881222892048606266
0.09303685116879957528457
0.09302982917639471271976
0.09304926891458192850237
0.09301198908567905043743
0.09299594427539709107222
0.09297803973495553930828
0.09295635735630716767197
0.09294473314585617595984
0.09296136300298221688543
0.09297218799693547641727
0.09298980484962905690427
0.09300583301435411121005
0.09302318274836490763491
0.09304229934797191015061
0.09306190921240035940354
0.09305478771092566547818
0.09307436785557825220661
0.09303536057064798470151
0.09301692495831899443193
0.09300034374298604689102
0.09298465456388113614672
0.09297551861967726094527
0.09298621018526648240865
0.09299503126372055117344
0.09301071552581881285438
0.09302911535183687463668
0.09304837167907219208640
0.09306757811767653321144
0.09308718349176328676897
0.09308038560497733371335
0.09310161317332740771313
0.09306090286836701808149
0.09304182219833273537191
0.09302289677502774412066
0.09300557490604680066504
0.09299587487246273320718
0.09300568431792360923893
0.09301728727263333662556
0.09303548985846385455112
0.09305453172821750995602
0.09307391959197637565371
0.09309475585783448525756
0.09311720843667943559030
0.09310991938544183055271
0.09313308960694248461731
0.09308743111920488033650
0.09306728895191801465003
0.09304850502354382324466
0.09303002509504443295896
0.09301684445452046423597
0.09302846587466850891701
0.09304245097895057214910
0.09306094660629310455491
0.09308093867368329166201
0.09310287750809359552662
0.09312572383433082023885
0.09314710288895299006295
0.09314020778953205348394
0.09315872163405192196706
0.09311846054011442552767
0.09309565279284744143684
0.09307421996903514349597
0.09305498770116454876344
0.09304058609331479490212
0.09305235365946032399798
0.09306756332879909110467
0.09308840374432128528248
0.09311128355487401087043
0.09313344592425497336929
0.09315215773736044979625
0.09316770927501154264672
0.09316168092378349085969
0.09314543769983772703025
0.09312603379373431133903
0.09310396662880417173458
0.09308182482998748896730
0.09306450950405578681490
0.09307803191737579195930
0.09309708139308625618469
0.09311897745715151664125
0.09313904694965383090910
0.09315538311365344215087
0.09317042686771133397361
0.09316371869839844277461
0.09318028778476201978709
0.09314902341379083239303
0.09313264374255537936254
0.09311262658328028907206
0.09309270326958592189914
0.09310751807697577320244
0.09312641637179380760259
0.09314307283409120619133
0.09315797511207435377401
0.09317359731843900816362
0.09319269191236582983162
0.09318540041870326806617
0.09320721232563579372599
0.09316713620883691759911
0.09315205692917927216001
0.09313765830612628915386
0.09312094804797850511324
0.09313262736343001779726
0.09314658077176526940200
0.09316063905073515560851
0.09317847616747450267827
0.09320000575655595920210
0.09322229758929892473596
0.09321456952444848176320
0.09323641131621271394003
0.09319230303271371085305
0.09317164731438629110549
0.09315538485318326789031
0.09314195611638338700988
0.09315067923287655149434
0.09316575344015051718394
0.09318505419503167463979
0.09320734718298875898235
0.09322918655819265043583
0.09324915184298791792639
0.09324232492455777898677
0.09326126936933516742290
0.09322223602909154860363
0.09320031873026557445172
0.09317890105158613267555
0.09316061864543644099879
0.09317324795964683492588
0.09319389664814055340702
0.09321556319274112989426
0.09323606826819742787738
0.09325491750307640659301
0.09327386198811489503857
0.09326753996143932745611
0.09328749353880236294678
0.09324862176554735149203
0.09322949285546798525726
0.09320933260873404124780
0.09318801731412543198907
0.09320370067669050961889
0.09322366974244623849533
0.09324228660424749293156
0.09326117495010573243963
0.09328099309983485520892
0.09330140816026753769474
0.09329471472004652321530
0.09331490790005021740416
0.09327408838576792260433
0.09325474566319347236032
0.09323682061385855923685
0.09321824181351524851724
0.09323150267334147367482
0.09324910538560904349481
0.09326750393903270042184
0.09328778764696435410464
0.09330799941935501162771
0.09332719662754634937230
0.09332038327084431206249
0.09333863950395843156471
0.09330114238912864954578
0.09328100788110901819827
0.09326155949881584361627
0.09324348862715868546669
0.09323759967855062280595
0.09324917823683753770325
0.09325568544494736156203
0.09327454845001180439024
0.09329414701527299902395
0.09331374594450626835940
0.09333186333941763390687
0.09335033057657823873932
0.09334363208620882756961
0.09336315910798254069647
0.09332516978142664509921
0.09330652786110903151862
0.09328763456708516477178
0.09326852322002175676996
0.09326173322618208638701
0.09327419915074347533945
0.09328184291852119336408
0.09330023841053024236114
0.09331808620883715044148
0.09333664343747473390867
0.09335617397469711531421
0.09337673701011611759881
0.09336969282454790630688
0.09339084226677095423863
0.09334892369067869510868
0.09332967036950416683805
0.09331221211669916970610
0.09329468842502097736258
0.09328694230212301874428
0.09329872579613926464326
0.09330664836028954023384
0.09332374783293616304913
0.09334202792685787619664
0.09336264389812476416353
0.09338373464392141221069
0.09340352450251647453694
0.09339678890240064867978
0.09341531103355771303853
0.09337683775618953185838
0.09335562623882645572060
0.09333589118200526224545
0.09331778393405791571791
0.09331021411010095856220
0.09332097993585995732158
0.09333008297274381082076
0.09334892525807476915123
0.09336950182965665645529
0.09339020220194921284573
0.09340893891140791827077
0.09342648507815452807446
0.09342004814571165660642
0.09343848737433925466522
0.09340220276614757954903
0.09338324013774132459353
0.09336325741277617940028
0.09334308572970917428080
0.09333281269007054348208
0.09334555718062034768145
0.09335766707335454994698
0.09337722561469880000473
0.09339556778028332284514
0.09341351070519750277033
0.09343193168604010945266
0.09345188905566326198482
0.09344467351395999155095
0.09346580540597515529555
0.09342510255347570569118
0.09340734288775477678346
0.09339022730366421110038
0.09337167227766815513768
0.09335914932766832541322
0.09337212661453274387124
0.09338502629342289307335
0.09340185056247575501320
0.09341867360478516013611
0.09343791095050439643455
0.09345874194056072448156
0.09347935709096552581165
0.09347242944000426490003
0.09349103163544109085237
0.09345191068721421523424
0.09343132606599793832380
0.09341314866698637031650
0.09339643656521799675030
0.09338408922692739699833
0.09339500854745944047330
0.09340783318449076555456
0.09342503269189876557999
0.09344468892131460591166
0.09346575217635484655876
0.09348486297240631015537
0.09347830895149683572143
0.09349559015666002170786
0.09345864314550496321221
0.09343834707548154261403
0.09341921071254835617914
0.09340505530711902537622
0.09341599854902780941668
0.09343216505964679896579
0.09345203891368833448716
0.09347120293972564775142
0.09348924770011213247756
0.09350595688662399762592
0.09349925390787161560979
0.09351723555084817673944
0.09348270543789989617256
0.09346521994742607031270
0.09344570361875458031076
0.09342787661555675138292
0.09344131734126778776606
0.09345888906618804448101
0.09347674212757123290984
0.09349275763799763661055
0.09351041442298667349942
0.09353091005989991324476
0.09352348966831364185381
0.09354590005640635308470
0.09350369036284812696014
0.09348725036785485165147
0.09347077256114223742234
0.09345376958564012570552
0.09346580871358940723059
0.09348152173026118283428
0.09349761891184224515960
0.09351615725824460878535
0.09353857261884075680047
0.09356166164942705809615
0.09355405339624736638093
0.09357551416153132850528
0.09353097690749050119319
0.09351022224669947036091
0.09349225231707744554477
0.09347597473862641337394
0.09348683481907858749960
0.09350416234676788007629
0.09352429466013294223625
0.09354626163152424123126
0.09356834009268581719976
0.09358775146578059145330
0.09358056144349294336315
0.09359817439041785702702
0.09356108018559552985671
0.09354003925835346899831
0.09351800759022463327419
0.09349806434884165573518
0.09351198797310390775639
0.09353326149587089244353
0.09355451781318320503278
0.09357366648767066752423
0.09359174099577304006825
0.09360933600083440331296
0.09360254294649461570543
0.09362096019812086999945
0.09358513019727693338368
0.09356802321648287346090
0.09354835199723958438778
0.09352689299790566124226
0.09354262375093730375042
0.09356207180314214666428
0.09357912466890999647617
0.09359586583031710704805
0.09361473964817876303179
0.09363420793031668187822
0.09362727652119871846192
0.09364665624487282513666
0.09360773846236464246218
0.09359049059030379036361
0.09357387890957341580744
0.09355643127871272890506
0.09356861159767497493345
0.09358500524595363134761
0.09360180694069465678897
0.09362020706618170984292
0.09364016418905725391841
0.09365939138130353891487
0.09365225728610905575611
0.09367123873561952751565
0.09363336866588616025364
0.09361470602169853771901
0.09359625674340267542650
0.09357917764994477805018
0.09359023952689857206444
0.09360839433018609823112
0.09362724378429068683438
0.09364545466171511622910
0.09366461508212989284239
0.09368480984739953332241
0.09367739849126800744106
0.09369952211077028914055
0.09365772206010913869534
0.09363965490911220490577
0.09362104349523749091677
0.09360199521671902500586
0.09359607343347632613106
0.09360848942966722152637
0.09361488803806138070396
0.09363329935720376973052
0.09365122132686444500482
0.09366995281406995110807
0.09369218030106853112304
0.09371540529734655178284
0.09370752719575997646828
0.09372924640895190229184
0.09368412489547334187634
0.09366362526792769427342
0.09364527711420733702141
0.09362725262025266281807
0.09362070636901856368617
0.09363254845679411242365
0.09363952731607594337504
0.09365714761834351143044
0.09367718718814346812174
0.09369954060924148842027
0.09372226568111986788612
0.09374017271169717002710
0.09373357928247237624841
0.09374747853309095546592
0.09371475443347399014726
0.09369287080518860777456
0.09367088795813503787624
0.09365122263722709672340
0.09364404396887215931145
0.09365580672437126552587
0.09366431941025213370189
0.09368574551982265796735
0.09370804293169397725105
0.09372701073255708392740
0.09374179586809980313511
0.09375451169239888693507
0.09374831559278287707038
0.09376424916800595033006
0.09373568061694839692599
0.09372116712636956170623
0.09370135566062311183178
0.09367887315352059485196
0.09366880312343393855112
0.09368321124510610442560
0.09369484971444798360185
0.09371485538521504010667
0.09373028439921669840995
0.09374253199989597551411
0.09375778513149239656865
0.09377958044946931026598
0.09377173215484843615819
0.09379822242446131386195
0.09375097586521910497659
0.09373765414423322617221
0.09372540195630994774856
0.09370917393795291649994
0.09369807681090136508573
0.09371093563132973369711
0.09372066232942755092949
0.09373286761698763902562
0.09374542190462745172574
0.09376414232815766247597
0.09379035407339798846582
0.09381679860201527776375
0.09380881835057437723169
0.09382987355896592329696
0.09378201849397660438967
0.09375804913419391595220
0.09374061548336962146344
0.09372841349133079202893
0.09372056522680603796172
0.09372738307836482596347
0.09373572460877936662893
0.09375173327471721107518
0.09377480415025997440015
0.09380112765887502201956
0.09382349434421746736668
0.09381680712683591882861
0.09383186940964108324614
0.09379399248939233879607
0.09376754087748324917317
0.09374571696363286077425
0.09373439424317893398086
0.09374404249988622928047
0.09376062476002870738068
0.09378625765778857148458
0.09381011838954816939307
0.09382626610070990413881
0.09383649682639697009456
0.09383102122524233923428
0.09384101442493274214396
0.09382075194949829333169
0.09380333768476933897773
0.09377873630689956274686
0.09375845878407189359915
0.09377588094327064804911
0.09379643948892996130340
0.09381517117391911797508
0.09382602601200121239522
0.09383494049113480506286
0.09384848896316926036842
0.09384171383131474641903
0.09385792034331322253315
0.09383003596997492590237
0.09382137714076878298730
0.09380934779899509357026
0.09379313211955601914394
0.09380562877218258377443
0.09381652151327854460838
0.09382525306156248856571
0.09383624803268211800322
0.09385112673834770935510
0.09386783618139550589010
0.09386137560556219450181
0.09387880939687237580316
0.09384534486054690871626
0.09383080263527507347554
0.09382060306298362073463
0.09381303794160550379999
0.09381697852969875239815
0.09382567896256373274344
0.09383935417965173775290
0.09385535194802864522590
0.09387180137948403224613
0.09389588631523140827007
0.09388740133150361155678
0.09392012383195859348550
0.09386543968350395672484
0.09384932448878492705635
0.09383376238239117539397
0.09382166241341667600739
0.09382921954096375138921
0.09384390256545403763422
0.09385953222758525171798
0.09387972491180560097312
0.09391094534298756457691
0.09393017110923111701037
0.09392804709127340612174
0.09390244567569704103871
0.09387278095420585610764
0.09385414749688836266728
0.09383930090315377448018
0.09384950639892515600327
0.09386646466374674868671
0.09389410014494953271580
0.09392412295674509858934
0.09388087220166724256032
0.09389755553759165929151
0.09391812144900174574857
0.09388578635885243273140
0.09386118568341675350020
0.09387844477355992978129
0.09391109158286772840007
0.09390748490128174308378
0.09377105137534198775473
0.09391256583080369313432
0.09390351044627927301622
0.09391370721394069753796
0.09381056068018032989553
0.09346440662930767528938
0.09384203386454033346542
0.09369464143410252687794
0.09355916864002930544153
0.09321644387888312899282
0.09226606059976337481654
0.09214937628406980052453
0.09263575813614544074426
0.09258503430300078773652
0.09276178810715370037787
0.09252230628991917060766
0.09274543786857276927993
0.09278671759463388846179
0.09278173794909917726503
0.09278827782128497292380
0.09272413389999624444560
0.09244973027581793179053
0.09269632535590321964492
0.09277498867183199549036
0.09278435403089174693392
0.09279536905408312941201
0.09278928685341916726692
0.09280767742249727836334
0.09277969556614526491778
0.09276720973020828597821
0.09266100226666765249384
0.09261753335032042733221
0.09275660525654552679420
0.09277566801555435505033
0.09278343788799750524454
0.09280131864472825065082
0.09282117580226149911038
0.09281480201360634008090
0.09279471939351516263095
0.09277853699580637658606
0.09277138860402149578288
0.09274197909144077378585
0.09272938015389306509739
0.09276616118906308439129
0.09277301931429701720155
0.09278802207382942646152
0.09280844743539182206682
0.09282822324237988143025
0.09282143285861292614225
0.09284325039764762532712
0.09280176349615291975237
0.09278177799008303916484
0.09276806858110625553238
0.09276065265612555565955
0.09276380654150959137461
0.09277561648941073935148
0.09279520530184499904625
0.09281497801173482775638
0.09283599831002473101726
0.09286281913875499283151
0.09285452914322231410260
0.09288442606981010818412
0.09282936152022204512324
0.09280922684115208709521
0.09278875409758213788081
0.09276949619318899942222
0.09278260219952030873891
0.09280286623665887080215
0.09282269413626997867084
0.09284710969669883462441
0.09287658825769659620697
0.09290467676192229462551
0.09289737630365632603535
0.09291868714368552162330
0.09286865984896314207830
0.09283989054058425227645
0.09281633595437435713116
0.09279651159030101459368
0.09281036355825550421272
0.09283252544572875852857
0.09286046917449236604014
0.09289001198077423415711
0.09291307866163697748441
0.09292732284981068680008
0.09292207352836412415087
0.09293353650490554507257
0.09290690609181501136149
0.09288272746847059391229
0.09285263333846945077443
0.09282520326611866379185
0.09284451636241229655067
0.09287455691194106133235
0.09290037794592456710241
0.09291723351434000299776
0.09292867996828409193899
0.09294284001634632585986
0.09293656391178545250753
0.09295672833783032162902
0.09292373812236962016264
0.09291217295026757416743
0.09289348731169175255040
0.09286581618348312139322
0.09288591526527696651261
0.09290605136959247112305
0.09291846934374026201198
0.09293104198699943252482
0.09295001017367250650825
0.09297492205606897042180
0.09296688308184999915973
0.09299283989668975791698
0.09294282219395909316884
0.09292538739854970530896
0.09291343549658975797811
0.09289978366181103619503
0.09289475011145206795327
0.09290445889454361505511
0.09290827358239030220322
0.09291957768058094202512
0.09293589144875608054619
0.09295936670779698929312
0.09298563405163401407449
0.09300857282574952200616
0.09300136943753976870308
0.09302041299209334868081
0.09297787686471581380943
0.09295198119179819140623
0.09292951462306260623780
0.09291407719490463179568
0.09291062659854749938848
0.09291718302672936913300
0.09292309980177480832619
0.09294415613243102447516
0.09297022294224556449027
0.09299484303941209228928
0.09301456949628925108264
0.09303069597490880304758
0.09302477222265662093470
0.09304086801785305116397
0.09300839833288621072427
0.09298790716624345809027
0.09296250680222697959643
0.09293670530797749906871
0.09292808830961256372216
0.09294296112221728245473
0.09295464795896579701662
0.09298015574776340164131
0.09300182817472774088330
0.09301924811483379407218
0.09303528696866368574714
0.09305267901858486900846
0.09304628518082139199130
0.09306506398604490193360
0.09302898129837926244345
0.09301329975635518054755
0.09299543961925738067009
0.09297301249628313335460
0.09296089615146729823181
0.09297751507426717243465
0.09298885882641406974702
0.09300722059556212895082
0.09302318176843704655710
0.09304016147090146682253
0.09305873657525759456988
0.09307767092880468717819
0.09307120643674923754496
0.09309009600140598361673
0.09305232571082572290422
0.09303426707125848904578
0.09301777431141189378394
0.09300133868547197368848
0.09299166030127460624843
0.09300234325146486402680
0.09301172923996402219782
0.09302816020087946446981
0.09304645007865684769310
0.09306532262141693767621
0.09308397863405397376635
0.09310287830086214078129
0.09309676745546230369754
0.09311727484938575605256
0.09307783859153391514685
0.09305914952405258677715
0.09304035552480213744353
0.09302228602729271933480
0.09301200146268007173944
0.09302180601971417328588
0.09303401215765076670561
0.09305296304165214249515
0.09307185241593447788677
0.09309083966779964358640
0.09311111877628878985558
0.09313283663742670526187
0.09312626370834428679579
0.09314868405030754527907
0.09310433532004779022540
0.09308460275950730666850
0.09306599181436724099736
0.09304676241525670910004
0.09303296330577325023992
0.09304458432953256752374
0.09305920093725247865812
0.09307844610051622946667
0.09309824536468665201472
0.09311976597535913391379
0.09314204995271647968824
0.09316266337919550111213
0.09315651508223406207509
0.09317424793703238394826
0.09313533213467051208312
0.09311295229259722305848
0.09309173187292256457237
0.09307174988702328344292
0.09305670696692981691545
0.09306847887587682555122
0.09308433829296600126035
0.09310592825202858302536
0.09312857606792486475644
0.09315029979384374658746
0.09316844531808694818142
0.09318320058855349141691
0.09317794817054445011273
0.09316227323836510920696
0.09314331946040865783942
0.09312150373825874016820
0.09309861160004928581913
0.09308064116522593578473
0.09309417270379231890143
0.09311388021354666255647
0.09313652619892780204491
0.09315632529236939074480
0.09317219973019770506983
0.09318667381210211930753
0.09318051528087639701070
0.09319651456221411667258
0.09316629328138435750528
0.09315020302240772931412
0.09312943697498367312537
0.09310885605416951982249
0.09312368540976792563590
0.09314323870235409474905
0.09316064196372611516672
0.09317523609622090086102
0.09319037344354216823028
0.09320889842715261719430
0.09320215602059193915618
0.09322339837170577625525
0.09318438878610545150760
0.09316963575335046598980
0.09315449161900869745612
0.09313713107855371708954
0.09314883043900575032570
0.09316342419260478791010
0.09317822628126778972124
0.09319572066508563512599
0.09321674125603882088420
0.09323846340909483498827
0.09323128463792737519178
0.09325255683529136419008
0.09320953967284684171801
0.09318924258651144210130
0.09317223773016847232498
0.09315818181844405521108
0.09316692768506146249408
0.09318261710235775652222
0.09320265771577458668862
0.09322457547442014602623
0.09324588019163346230833
0.09326527627638414585931
0.09325899632734419020252
0.09327737197468487229113
0.09323945652622386837116
0.09321793070001778425127
0.09319577521243194162537
0.09317688980362727468876
0.09318954183560673731890
0.09321078077188016397514
0.09323318300535257674433
0.09325328090120769963800
0.09327156663630246924424
0.09328994277540134105742
0.09328416661950171551165
0.09330355274479572302848
0.09326582578079158081241
0.09324711946533904838308
0.09322622612911032891070
0.09320433437051860170452
0.09322004179818146885061
0.09324057293806022050919
0.09325991908479039360635
0.09327836984084778015891
0.09329759656691009872542
0.09331744549980043601511
0.09331129452446711158853
0.09333092266220542609911
0.09329127448557451851574
0.09327238393027503793320
0.09325373245493194518385
0.09323460644785085127406
0.09324789023507985830097
0.09326602578710653512761
0.09328514799325329787116
0.09330496500046825403274
0.09332455537448949844936
0.09334318818813715223914
0.09333691527832130296893
0.09335460773600474937428
0.09331831083348754440898
0.09329865668808649814547
0.09327848748502262643534
0.09325989864375529292406
0.09325402211414290931657
0.09326562870126973991969
0.09327211842850739731414
0.09329148403650562582090
0.09331179970993032368742
0.09333090491971231250634
0.09334837072829312021316
0.09336627539295211386516
0.09336011408496747154828
0.09337908007584562464221
0.09334231879041055002233
0.09332418420573512785055
0.09330457759363525171992
0.09328497940592089809897
0.09327821145917641887380
0.09329070428079667964827
0.09329832199924034674687
0.09331718921070532302142
0.09333574585657117284043
0.09335378240507889724409
0.09337263059983190449653
0.09339263366850807102093
0.09338612432357927539694
0.09340671459999913550654
0.09336605313855884935581
0.09334733251852019020323
0.09332916897411314138822
0.09331118982524540250711
0.09330347290188184539161
0.09331528138999443944268
0.09332317227462468001153
0.09334071079020268835169
0.09335969186591340507331
0.09337976369483100280711
0.09340014082107402082489
0.09341937228081451105588
0.09341316878234055820496
0.09343113364186367286734
0.09339394733413330929039
0.09337329148123697797335
0.09335286016260734009986
0.09333433062984519690275
0.09332679320684901524974
0.09333758033042453827743
0.09334665249337290027221
0.09336590076564585394259
0.09338716863294896364245
0.09340730158642926439505
0.09342529194657246682798
0.09344228169819186746725
0.09343637422166967132497
0.09345425783030401889473
0.09341929187408824775130
0.09340090803271093589100
0.09338023841149685477792
0.09335967746114381959899
0.09334943251684738041440
0.09336219486100598430323
0.09337428166640755755612
0.09339421182532710308255
0.09341323538019198624571
0.09343058907011923819308
0.09344823109662472870873
0.09346763364350561820171
0.09346094571849121457330
0.09348152394493770833694
0.09344216946777668397761
0.09342500934978752169524
0.09340721831133411146020
0.09338831015185865280781
0.09337580333231935980631
0.09338879379673642455728
0.09340168717846868140509
0.09341884651009786655340
0.09343633911223954424674
0.09345496668857579403156
0.09347498657322195203534
0.09349504880204322077031
0.09348864634891666802741
0.09350669572509183458120
0.09346895554308271014676
0.09344899028941730523279
0.09343014878955574475938
0.09341311937598562042950
0.09340076655006178396601
0.09341169305428273506031
0.09342453781480576646690
0.09344203676906102928879
0.09346235093081443900953
0.09348278609411417305886
0.09350105225258489860529
0.09349533125254212706512
0.09351175109226850246102
0.09347630224137691568043
0.09345535526390033598254
0.09343593762754613674115
0.09342174489622155630908
0.09343269054958061592409
0.09344891457203792495267
0.09346905149730903861194
0.09348885853304442217215
0.09350625758702653389509
0.09352208876081526123247
0.09351625132607252477435
0.09353333839167297936168
0.09350035707097717474490
0.09348223650611395263432
0.09346247541148483550799
0.09344456785295726652940
0.09345800565003972715239
0.09347568240391822269597
0.09349376214050685029999
0.09351040432717722117317
0.09352739993339247159820
0.09354698437222119800083
0.09354046299750047588351
0.09356194596800281038096
0.09352133121515214531083
0.09350427290136760494210
0.09348758786698148359751
0.09347045236656593980573
0.09348248375912168728341
0.09349835877890566582238
0.09351464423966880656902
0.09353379195259478584568
0.09355553359630655596568
0.09357767879467429605889
0.09357100191717998560748
0.09359150187030416956357
0.09354860588719192404650
0.09352725118485356869957
0.09350911120971497347831
0.09349263409185154527492
0.09350351039604254399507
0.09352104250611041613706
0.09354132686410077113237
0.09356388450203863282884
0.09358527628429576250557
0.09360370961273048462381
0.09359748470106028783722
0.09361410273990773689423
0.09357869580161584655009
0.09355707431177034960612
0.09353490921946291947187
0.09351475578750013950557
0.09352869609210022472379
0.09355018473250852062417
0.09357155579198404848906
0.09359127372125713995032
0.09360865032830027743227
0.09362523439862771579278
0.09361943791742936837874
0.09363682817971985539174
0.09360272856640035332720
0.09358506431347064780102
0.09356529702933635839202
0.09354361663894156242449
0.09355936302252644554134
0.09357903694770697278216
0.09359616805918420656685
0.09361345494274506129351
0.09363162076393602428759
0.09365004590627579172946
0.09364414394169000288581
0.09366246435681419013619
0.09362531783064430290775
0.09360753593699340513457
0.09359086357551635315666
0.09357318499419925439398
0.09358538030116482497878
0.09360200940879645492565
0.09361885424999145943747
0.09363777560222162621439
0.09365701699109038602664
0.09367516953566952520038
0.09366909489372805819318
0.09368698632953985361294
0.09365092620337767126415
0.09363175569868850689481
0.09361328021521692077656
0.09359595986585890481368
0.09360703495658530270962
0.09362543632964635820226
0.09364429588107738011704
0.09366300107333387636732
0.09368143769262955722343
0.09370052703409359473596
0.09369420625280325265472
0.09371520936182560490568
0.09367525638705848090027
0.09365670907644778331314
0.09363810375090195203818
0.09361880297422041363742
0.09361253904474073350706
0.09362493185321668631715
0.09363170927707431534515
0.09365037749333246508421
0.09366827673527135245113
0.09368747428993988435320
0.09370897287078008841554
0.09373106294793392967435
0.09372430405775079853559
0.09374487377906719209886
0.09370163357922890734475
0.09368068237042735668663
0.09366237282563437405170
0.09364408624519983403989
0.09363712595809538241642
0.09364894493165640265708
0.09365637312671881709036
0.09367426046376617354561
0.09369424673689707994129
0.09371703625769615964014
0.09373902652423296566475
0.09375576899988491419435
0.09375032355657277050032
0.09376304333851818995083
0.09373223672892663782541
0.09370993241966329989623
0.09368801781470814660224
0.09366807938228854935048
0.09366041776593178602717
0.09367215952946539303525
0.09368118806305393564404
0.09370289156777829309153
0.09372510621203301861559
0.09374447864057494639312
0.09375852280075722133823
0.09377004527273927192432
0.09376502409336703869336
0.09377975182751757676769
0.09375313235004963108299
0.09373823171381798213808
0.09371851807334885542389
0.09369575347610820115207
0.09368513668704676888854
0.09369952655926455653557
0.09371174210320179498446
0.09373203366955104587355
0.09374734996135519748961
0.09375996698320639144431
0.09377447518710715912427
0.09379505271432887758554
0.09378840461806772776931
0.09381366485307879310440
0.09376839445973787767752
0.09375472021073776029976
0.09374259451201377713048
0.09372607672584352955791
0.09371437557666673079382
0.09372721937588350538118
0.09373757544377399331115
0.09375007312140902493436
0.09376248832926462051240
0.09378154474443936572392
0.09380700970419066087036
0.09383221153881883547232
0.09382545652959121962322
0.09384525615937079623396
0.09379940443503000102599
0.09377511605529967320116
0.09375783371460882920090
0.09374533620679953438426
0.09373683592941364772777
0.09374364165614890165301
0.09375265702137768053515
0.09376896485168929873399
0.09379187299682596734574
0.09381849702730891971125
0.09384011366023467526354
0.09383415937988189015062
0.09384846862430504255137
0.09381106394835167505697
0.09378478600632876582832
0.09376265816632857463819
0.09375064212071823610550
0.09376028264715324800349
0.09377757597725511207187
0.09380351576476496366919
0.09382719127722936869329
0.09384359960253575716482
0.09385307539916004637703
0.09384833415662512112743
0.09385757188592333544186
0.09383782461290150755939
0.09382060807063569152220
0.09379569826533964982396
0.09377469435733078173545
0.09379211448473448453633
0.09381341230364069472270
0.09383245293446185186781
0.09384309810247050409604
0.09385223224673625019854
0.09386502496962915997880
0.09385898481324064790421
0.09387443502195931543941
0.09384710728326883799610
0.09383866879466577770597
0.09382632974903430678193
0.09380936486038279897848
0.09382186189332659964624
0.09383351150847760169249
0.09384255304047874057805
0.09385331859947421140333
0.09386837726884118826565
0.09388432963793665042562
0.09387860515250001647303
0.09389528132725392939317
0.09386241484223385722618
0.09384811045207562540948
0.09383760067760503476020
0.09382927270178488543539
0.09383321568851304972370
0.09384268510118187744951
0.09385667027555982810938
0.09387242158243674916562
0.09388900917231104981120
0.09391233728568766647715
0.09390458803092094353104
0.09393655448977399069488
0.09388250905778960930803
0.09386664880764875040775
0.09385077718944280500413
0.09383790645830294985252
0.09384549027864413917044
0.09386092624753775148783
0.09387686376387285869249
0.09389679502018076495684
0.09392811278010325393151
0.09394657894464650271793
0.09394519307142204511685
0.09391951757615844831317
0.09389011962030589797390
0.09387117976832289045763
0.09385559888052999455432
0.09386583216827223963286
0.09388350627078652366198
0.09391144674379332812908
0.09394119594552481633531
0.09389798451503686416153
0.09391462115461528259441
0.09393547653388913121209
0.09390283847470773381794
0.09387753843457911917536
0.09389482520235384321872
0.09392815494243748897230
0.09392484140130448466710
0.09378838493192587222325
0.09392963547322864814593
0.09391991971461276234034
0.09393014314923861518558
0.09382761807674196152806
0.09348140776332863888243
0.09385848154660025866036
0.09371090900545081536777
0.09357559033616608124007
0.09323263259608503827902
