0.93314642248541213032098
0.93321353587744404478599
0.93327037169979565334188
0.93330273711745947995411
0.93330669540767452474483
0.93330210089086207414510
0.93332989069506899770801
0.93331582928719525327210
0.93333572514643581286009
0.93332162809529262137431
0.93333328223630307451941
0.93330975859807552286185
0.93334336193713673957006
0.93334105363748520733935
0.93333783319335661410321
0.93332901443516436135184
0.93334107524983855874723
0.93333620905111736032467
0.93334348014069867804920
0.93335236545984479050730
0.93335081703453881551980
0.93336060697158429455556
0.93336222915883726436448
0.93335525315806400215024
0.93334697799370336390723
0.93334526840909826095327
0.93334151266984743955391
0.93334942525320530037902
0.93335214956082834802942
0.93335905906560756584156
0.93336624658635980456012
0.93337563959071812025314
0.93339512948758329713428
0.93338102450724957925843
0.93337026458608551848783
0.93336450932466274998944
0.93335786359572769921300
0.93335357285878728372808
0.93336341180818283014275
0.93335814389555471493054
0.93337024569500315340775
0.93337530697945580993036
0.93338483448843789780369
0.93340213071655442345076
0.93340621392450728865953
0.93338904702646419142553
0.93338035639842931168175
0.93337538740835623851666
0.93336886047647771302849
0.93336338957460440735048
0.93337434775499916739250
0.93336895579309830939252
0.93337999634172585938785
0.93338475476312487977282
0.93339337011938972032965
0.93340980504929815797510
0.93341382156051633245397
0.93339736005807982799354
0.93338869732457940830983
0.93338453759045381108450
0.93337985099813980394146
0.93337420541895232961593
0.93338504730181781621212
0.93337876112365258940429
0.93338926464721727604967
0.93339286195968540482681
0.93340122140079895274312
0.93341796194678983145110
0.93342214611461227224964
0.93340547238777693550560
0.93339749611651401384194
0.93339405149496013081034
0.93338975738947205229579
0.93338283832419133290159
0.93339402127556259092245
0.93338702419034291768440
0.93339856820787858726618
0.93340241019756486906545
0.93341027415757782392802
0.93342659105515979334200
0.93343139435425637184807
0.93341531953730139115066
0.93340710272599947128214
0.93340265116190912486616
0.93339831864035038844207
0.93339189847732062510488
0.93340298352988826380283
0.93339756937703777239790
0.93340660566216415716667
0.93341130079300349553506
0.93342010808111885999949
0.93343634866515934334075
0.93344109776976635917123
0.93342433863352236578237
0.93341517152387354361309
0.93341068121534187529420
0.93340815453031578119436
0.93340356531740320544799
0.93341341298417324079395
0.93340921954415390082715
0.93341516559960613363955
0.93341909818630752759816
0.93342820765232936697231
0.93344541206794873211550
0.93345223143088051909189
0.93345708321032039300746
0.93344934465861195693748
0.93343214762986959076585
0.93342345202910692592013
0.93341986245035035718587
0.93341840472463655231650
0.93341417939349902166413
0.93342271999376302815676
0.93341842067404323657343
0.93342446211184360027602
0.93342816434531461489144
0.93343646803818791646279
0.93345329178837788131062
0.93346179320721067718125
0.93346661973348277197005
0.93345752392456204926674
0.93344119551551174573945
0.93343294131190035489709
0.93342866841470850669538
0.93342654033285010761745
0.93342238989463988119155
0.93343016878583562334626
0.93342655050971179431230
0.93343253681296278756463
0.93343743915970012192673
0.93344598951639512485201
0.93346208146518283577109
0.93347165450098934513790
0.93347683746433107732088
0.93346664184924654783515
0.93345049616015940419089
0.93344157680499140194996
0.93343631129824733427824
0.93343408962311935628264
0.93343117006246834055361
0.93343846290566023782276
0.93343610021891276762318
0.93344029378239179450816
0.93344559301083118718623
0.93345464314507664571607
0.93347097981894777696255
0.93348193646196575556928
0.93348674055670954885500
0.93347494235865546841069
0.93345855978065872537996
0.93344970226686552194906
0.93344468897823440478589
0.93344309840689632107313
0.93344104147764872525528
0.93344773357827626192318
0.93344571546486476698590
0.93344936345063689309143
0.93345418016792480742083
0.93346261536564723026999
0.93347876618645364565907
0.93349134607881278924424
0.93349592707864836871323
0.93348269244744441763828
0.93346696728647382546029
0.93345894347172697624870
0.93345402035990909794805
0.93345208060646756020873
0.93345010846176745822333
0.93345620344584956384892
0.93345430458127309769623
0.93345851306428007099214
0.93346371786753978838647
0.93347161338914641515174
0.93348697492110166429313
0.93350068429585442153495
0.93350569072120215263766
0.93349145294130264627341
0.93347623618213038110270
0.93346827394233833352644
0.93346276903806346680881
0.93346028324155783106875
0.93345855636210317562984
0.93346446941710059519437
0.93346292726663815386701
0.93346699951266376427128
0.93347259967648588130373
0.93348059280718775898578
0.93349587467548023056452
0.93351078743031878914849
0.93351565682235171372838
0.93349997018644292889888
0.93348460443766445582270
0.93347682670084530798249
0.93347140057900079845865
0.93346888786000969950862
0.93346738061607903436112
0.93347345373447887517671
0.93347178944219688645489
0.93347599836301142772754
0.93348111235907360594410
0.93348848118529292872125
0.93350372137215753554074
0.93352023421506380440604
0.93352451959749116472409
0.93350730146900184891479
0.93349244947485987555780
0.93348562651505850862321
0.93348068480289170256725
0.93347789546543435967862
0.93347603471161355592756
0.93348216595014332774838
0.93348528543822006930952
0.93349026265731704921080
0.93349666559731103721020
0.93351112292142779391924
0.93352879486202089420743
0.93353333940901761511810
0.93351528521461102361201
0.93350112128382967124907
0.93349486662578939899504
0.93348967935201498935527
0.93348625465443013649036
0.93349390837374557339245
0.93349032240648688318885
0.93349923408995594265036
0.93350561246361329903465
0.93351980327759243039054
0.93353830525745773449842
0.93354356638019031500164
0.93352432147254515992785
0.93350987986106259697294
0.93350341339512521443567
0.93349805044213318705459
0.93349454476018201010135
0.93350235435650497084481
0.93349894750385398189962
0.93350747168353664928730
0.93351385270793774129316
0.93352862085578836026656
0.93354879063069395872532
0.93355335107547987583132
0.93353252401179398489717
0.93351761212288897340272
0.93351159070965861186409
0.93350687341281679554328
0.93350352408462811126810
0.93351145322338546783669
0.93350814876803123176785
0.93351591174330350586530
0.93352143640083473652425
0.93353619843352919627222
0.93355717174257069057575
0.93356070158903414757390
0.93353982402911894755704
0.93352541001928668329413
0.93352028772487283259096
0.93351609126526380322275
0.93351270991631629669882
0.93352063484712588525838
0.93351721688211863892093
0.93352474848353816927471
0.93352959445999927901028
0.93354373450232586151287
0.93356426762043076550412
0.93356813454807852092898
0.93354797119406041083778
0.93353393248558125261383
0.93352917009221880739744
0.93352508171421300087189
0.93352164574666285368210
0.93352951508767512134312
0.93352606970227480776003
0.93353352660443911226196
0.93353827457822813329358
0.93355243997849512993525
0.93357236114014785499648
0.93357680633188888652541
0.93355695410115224763814
0.93354262118709907536385
0.93353791378279959989328
0.93353400100479166923151
0.93353048784023506811991
0.93353849930122789757547
0.93353487798682943665796
0.93354233633640670841913
0.93354693964090817992485
0.93356139739155408197036
0.93358127164804471931348
0.93358556749647247929857
0.93356574950662862821815
0.93355122892457642613806
0.93354675585836599527312
0.93354295698191391839060
0.93353926594585767695378
0.93354737081393723840961
0.93354365431120456264580
0.93355116524776682318532
0.93355557756992191276169
0.93357002208945738530588
0.93358968707042100376725
0.93359518047006773144858
0.93359968165734219525120
0.93359370562379351277116
0.93357431069840979276364
0.93355982721776431532135
0.93355547450355647054465
0.93355173707918759351543
0.93354814961227450265113
0.93355614378637752359680
0.93355270047970950741956
0.93355969641856761942478
0.93356402858796061483559
0.93357859728194392268108
0.93359779375017326596975
0.93360418005150003217807
0.93360877674852882357470
0.93360195683836266766775
0.93358285008816344063831
0.93356818884920211853995
0.93356392973938306933945
0.93356051643553505936524
0.93355726032824959403911
0.93356500122705465827266
0.93356173100025729993945
0.93356822330454880543016
0.93357240504890970367313
0.93358716355323911884057
0.93360616181049727035912
0.93361338600294463407891
0.93361798147095176325649
0.93361029167271103457182
0.93359145013696764880962
0.93357670107075585441692
0.93357266463052657190502
0.93356946488931169536585
0.93356606747558290582134
0.93357390657542638212618
0.93357033042741421891009
0.93357721013701233658821
0.93358115177059020073358
0.93359580628459737372538
0.93361434889683525550907
0.93362246829491790656164
0.93362679191487918384240
0.93361840382479810429572
0.93360018016604207069520
0.93358563210916534202966
0.93358166280386367663624
0.93357827812128979516615
0.93357464109486953951489
0.93358258532302218490884
0.93357904398650037869345
0.93358599515209617081268
0.93359006987741077754350
0.93360460559423796844669
0.93362240788618755527040
0.93363103625852628120185
0.93363527763693032746062
0.93362642454563404825763
0.93360894917202674747614
0.93359435669853374495375
0.93359028903621266159973
0.93358692150761202199760
0.93358353484127387655889
0.93359133539626881770346
0.93358801517807254999326
0.93359454136704056459450
0.93359854542999154425331
0.93361320183501295133510
0.93363045978388514711810
0.93363962740248218619143
0.93364400280987280833500
0.93363451289761567597481
0.93361739679796607038753
0.93360275040467699536606
0.93359886236676214998909
0.93359573168929721465048
0.93359233111342687649881
0.93360006865511602214269
0.93359643392776781034570
0.93360325727628945546854
0.93360705516021291749951
0.93362162731979558838447
0.93363852874951547278215
0.93364850045429659264329
0.93365298353077397219835
0.93364258898090624061439
0.93362597902174482289439
0.93361152289070503673685
0.93360768141573713396753
0.93360428474097822970634
0.93361211668946042507855
0.93360850060646138892650
0.93361604157126820702217
0.93363041337583019263491
0.93364670337531996402447
0.93365744287686069924348
0.93366185423597092274406
0.93365078697539294338981
0.93363487645951970250735
0.93362053580927251150712
0.93361652019810426050839
0.93361285511090608135731
0.93362094238751480723693
0.93361746118090382928756
0.93362492960712395451139
0.93363923032677076374597
0.93365486701880384678987
0.93366620154985913160317
0.93367051395805555902285
0.93365875332092629346192
0.93364341874163603307579
0.93362924593160379060919
0.93362552537484477799268
0.93362226761285072029750
0.93363020809766006369301
0.93362705094346165601848
0.93363358891134073935802
0.93364750361940263001514
0.93366251052998971982078
0.93367478000012860128720
0.93367903225386350563042
0.93366625066738195837246
0.93365155269611033173049
0.93363801853455019585937
0.93363490789156622362555
0.93363162775052133124376
0.93363940147502588740025
0.93363583282091922033175
0.93364252041605444443206
0.93365578697675633002007
0.93367011839368518888449
0.93368352092735285019387
0.93368746702016769400956
0.93367414892433220341417
0.93366018087575497474973
0.93364697265284712912603
0.93364370382865491393432
0.93363980776147104112539
0.93364790898952021436230
0.93364388095327477401497
0.93365133691470769683463
0.93366460180297294879637
0.93367835915870633911595
0.93369163378498887251311
0.93369587247569763022170
0.93368259046568047310188
0.93366886342959320987944
0.93365553932285993976592
0.93365218948201822435351
0.93364832534366981597884
0.93365678582880495817165
0.93365322600599975899627
0.93365980921377578205522
0.93367300125059904392089
0.93368668343368999007481
0.93370008652702163320924
0.93370411471709402473351
0.93369055803416634020664
0.93367702613796144106573
0.93366420137613004293087
0.93366168056218690196602
0.93365837538536022854885
0.93366670013659847082721
0.93366339432390843544596
0.93366876864499492860716
0.93368114629513765390101
0.93369436982259645940729
0.93370803183902095767621
0.93371187937894106756431
0.93369827822496698210841
0.93368540880352235422635
0.93367339776736080203534
0.93367148554051571096579
0.93366802948104332671164
0.93367585182216272787770
0.93367222735177424208786
0.93367790180705789726545
0.93368982589598747967585
0.93370246156944092241758
0.93371595064956935949851
0.93372032191821952018529
0.93370689669367712415493
0.93369418751416610735561
0.93368201027993191765120
0.93367988998036455239316
0.93367626608564235901611
0.93368383310892033577488
0.93368048549118154433302
0.93368595283839417309224
0.93369832068513103351393
0.93371137987989039075387
0.93372492233008774764613
0.93373106199118738324216
0.93373620800977730205261
0.93372944997703788416743
0.93371562897677351511305
0.93370230925942809818707
0.93368986869915582271773
0.93368808040249884339090
0.93368504614179204104119
0.93369274016416226036341
0.93368991313520688368754
0.93369408135151177319244
0.93370623889443082887851
0.93371962231062521908598
0.93373366458805784340313
0.93374096081348556541712
0.93374534272863529693609
0.93373745595683732556580
0.93372345114065102844592
0.93371036176596300393271
0.93369870338960037070564
0.93369765810593052801636
0.93369477017356927728287
0.93370243426509824669068
0.93369933912898384065215
0.93370352181665394741827
0.93371487939325736871155
0.93372754151597248117866
0.93374109841055652481145
0.93374937388291789908124
0.93375336489914284587854
0.93374490758552242120061
0.93373198245534883010777
0.93371963767691057434206
0.93370816404829204415705
0.93370680203971567756582
0.93370359696375482272401
0.93371073614882160729422
0.93370772091254927715909
0.93371244303697187305602
0.93372434978937091099027
0.93373676761059010154042
0.93374920603781286221334
0.93375769518060502960566
0.93376248831782027171045
0.93375393988723609517422
0.93374158986773136970072
0.93372871332053919424254
0.93371634455136465202685
0.93371456979903555417621
0.93371198634927499160341
0.93371867818472764621873
0.93371648638197901615143
0.93372019580575549291268
0.93373278995809272373663
0.93374617095725354065650
0.93375867813158408559104
0.93376745617672873844839
0.93377211816757665907573
0.93376297893463411359249
0.93375025326727323360387
0.93373675875682615732387
0.93372444476889238096362
0.93372324465386635772290
0.93372109540553704931654
0.93372808418102504202096
0.93372554378840466604572
0.93372920898824185442777
0.93374104899074761299005
0.93375400996294311006807
0.93376654106236400831875
0.93377607156233610741225
0.93377924400565215368175
0.93376953219776626102799
0.93375775670932825711645
0.93374568877944119638101
0.93373427007085219031524
0.93373273470122564177132
0.93373905484878993998876
0.93373691879334252963218
0.93375048875277355531210
0.93376181272228653273970
0.93377246120874379808896
0.93378199689585628107125
0.93378497477651589697700
0.93377581922654762092151
0.93376607579932668912193
0.93375514681282278939278
0.93374328155643260274132
0.93374064333763728829041
0.93374705450833828113133
0.93374423185926136437018
0.93375928036765964979082
0.93377039758657165435807
0.93377967754021018453869
0.93378870598244434475532
0.93379316653416866156334
0.93378384080716625437191
0.93377437284855369092895
0.93376303018823980650609
0.93375077145381724097462
0.93374803698381836358777
0.93375488525498562264460
0.93375215841555858631295
0.93376677232928584349025
0.93377794757229515276720
0.93378780384837101191664
0.93379796821597937928061
0.93380250158625499601328
0.93379128121299925791021
0.93378132989527939944452
0.93377081519196036829555
0.93375943782583570307310
0.93375648748527806386477
0.93376399330129566944692
0.93376089728851685567435
0.93377508164677291979672
0.93378472678286938979397
0.93379433390800814507315
0.93380647333855759661958
0.93381010155990329391074
0.93379731075872929313419
0.93378810590416150283488
0.93377905247166625990474
0.93376824274636915923509
0.93376570773138822811887
0.93377240846228926063333
0.93377089243857624989431
0.93378235728628800060847
0.93379115377414334542294
0.93380048236323409671655
0.93381391364286836509478
0.93381803016335218625699
0.93380379330036755725075
0.93379367758495590567946
0.93378541770722978121455
0.93377698241958406732977
0.93377458992728989972676
0.93378133228181048330896
0.93378935150761710470846
0.93379628909609346809617
0.93380705967630905917076
0.93382246056745010776012
0.93382637447597993674009
0.93381045954408858911222
0.93380017583528773794654
0.93379420776910415646910
0.93378008291822611752764
0.93379545689085541315677
0.93380557637987227082021
0.93381487939871909986778
0.93382929786122037540963
0.93383202548893906591587
0.93382080621689522725859
0.93380846733326483555260
0.93379572310105585231099
0.93382519162322974448642
0.93383608501039605531702
0.93384013726585013426273
0.93381608945198490978612
0.93376538054088520368623
0.93383226139014441358199
0.93378843259780563990091
0.93377808104423909441039
0.93364642314823298452353
0.93330152658174603264030
0.93337976175794890032478
0.93342515441190465619314
0.93346874720149863868812
0.93346114321910989009012
0.93347205224248641641793
0.93349566997111266264397
0.93346994290952933770456
0.93350126051547943628606
0.93347541203413120225463
0.93350302124801476377769
0.93348216352939805684485
0.93351574696157757493609
0.93351057639320234038394
0.93350311235455285530094
0.93348246851636074161718
0.93350609080455859700720
0.93348933173936543550298
0.93351279043887258612955
0.93352472721092083496330
0.93352627268758270329130
0.93353237884873163654476
0.93353764201953504109355
0.93352758364438204186087
0.93351607977547523820050
0.93351001692239943263729
0.93349430656006449069650
0.93351390084754493070562
0.93352104188774354120994
0.93353134733449283366724
0.93354160648816053580390
0.93354758569286477865035
0.93356018260291562249620
0.93355314891392227050204
0.93354557093256718136587
0.93353675217770726302291
0.93352654504129817247815
0.93351776522630358634558
0.93353188387428898131759
0.93352204384589621000146
0.93354243997066088667225
0.93355056417217407993547
0.93355713473472956565047
0.93356707687439732801238
0.93357111216006716247762
0.93356152065232655967719
0.93355555631274189654079
0.93354752703322496643068
0.93353712960909629448025
0.93352699393862215160311
0.93354241649896285704102
0.93353226083431417592351
0.93355207329506351143777
0.93355988864026440143817
0.93356601499525826426407
0.93357489618312883283835
0.93357911155784589762874
0.93357018326991858536701
0.93356376507720084667596
0.93355654242519137131495
0.93354771422669557967566
0.93353720276609053474459
0.93355270545442170515571
0.93354144118827786513748
0.93356119445374008414262
0.93356786661773161206668
0.93357422004438972429341
0.93358343434852097963983
0.93358779451480744526748
0.93357863964795406719333
0.93357243358598751559185
0.93356590438701447798309
0.93355721765504651177281
0.93354519661100276994858
0.93356128522667725100348
0.93354905907683782828599
0.93357033494574592769055
0.93357727341087837213962
0.93358360740821322298899
0.93359240933865550449156
0.93359739054127754975809
0.93358881946400495976945
0.93358188745206016623257
0.93357432015265806590776
0.93356538215707618455497
0.93355360554576827247786
0.93356984638612328097906
0.93355893985159721371048
0.93357817562376399500579
0.93358601326099666106728
0.93359377190064751772525
0.93360250771521180457313
0.93360741736301366966444
0.93359816427082975565099
0.93358980969409999239872
0.93358214655898574818593
0.93357481900992000944939
0.93356459379133882592328
0.93357988370095679186988
0.93356990571119535804456
0.93358652100198424861333
0.93359365694521334599898
0.93360218543476702901529
0.93361188343001944023314
0.93361556914204413271108
0.93362024020979073046789
0.93361597182450772880458
0.93360627443095578481547
0.93359792887344028589069
0.93359109722247213269952
0.93358467997488725487187
0.93357452078242642024009
0.93358879638333791550764
0.93357841045804434987332
0.93359556832046275420822
0.93360256105855887742706
0.93361074583744507737748
0.93362006718846080044472
0.93362477618884009977762
0.93362942826383610306351
0.93362444758354001805856
0.93361562054797953003060
0.93360725804871091959569
0.93359964156372876598056
0.93359241760685329758473
0.93358202199218165429073
0.93359585262772504243856
0.93358582412800872329939
0.93360337561960382579684
0.93361167666161992695351
0.93362055000141686011972
0.93362913493799504216497
0.93363429526343499897933
0.93363932678869587800108
0.93363383298084212658097
0.93362519185104086982818
0.93361572789812363737383
0.93360700452495481993509
0.93359957902034707011296
0.93359008528007991767339
0.93360375377620352654873
0.93359465392129559191403
0.93361083227755925495472
0.93361965366724197767923
0.93362947210764579697440
0.93363830456779228761377
0.93364428487016581925673
0.93364895723148511041956
0.93364240008118692948358
0.93363352085220019382916
0.93362368033364151465037
0.93361507110627284244941
0.93360818783337695681013
0.93359922741302847626343
0.93361262428389557577191
0.93360353171933097016222
0.93361958636256903165673
0.93362807492205102111171
0.93363769986286893054483
0.93364633928262630302441
0.93365344041300690758334
0.93365792212751519407732
0.93365039088394130573079
0.93364216780178832522097
0.93363274591287837012032
0.93362407644941103335157
0.93361677470590387351024
0.93360755686933005748074
0.93362069610363251914720
0.93361138468292992342867
0.93362839278315901125893
0.93363742724841902731470
0.93364692576788899103235
0.93365479173764698295201
0.93366260219930163888336
0.93366754578757260585320
0.93365939269023334734499
0.93365166279090427980947
0.93364189812192543982405
0.93363246736984983886742
0.93362456876224175772450
0.93361526307173636762826
0.93362854935909445064368
0.93361925773657505889247
0.93363651340033371184290
0.93364613639448446047453
0.93365612419515142672566
0.93366392248612695148324
0.93367259609861441571610
0.93367744109379091632661
0.93366812884391936488981
0.93366023225025729370685
0.93365027202553008134345
0.93364072823486998764508
0.93363276463185773668130
0.93362333650133744189503
0.93363712296984135985412
0.93362737296691200583609
0.93364512850430381174505
0.93365446360052029017851
0.93366420069130540149160
0.93367198671032203272091
0.93368201954073726245298
0.93368632403659113094818
0.93367567899832615285760
0.93366826074600572926698
0.93365888403813568352518
0.93364961040195371122508
0.93364135202251707923438
0.93363124276959996716840
0.93364540724045386177465
0.93365400631623363114642
0.93366342949601688339101
0.93367256608734683354101
0.93367959999602923026885
0.93369063713315392227798
0.93369524252819402487802
0.93368386250069601572932
0.93367710232997425112700
0.93366794105401340608807
0.93365819369552427442471
0.93364928161245519522282
0.93366220844391190070155
0.93365313370952629501431
0.93367220995320621135249
0.93368166578092515184295
0.93368847544445465747032
0.93370029480418004208531
0.93370566676084454371676
0.93369309518460108510141
0.93368600478809327114504
0.93367628822849058067845
0.93366612986658825690256
0.93365713428071650525908
0.93367020953194723720259
0.93366130877927033804298
0.93368024949345596041894
0.93369005063667276367312
0.93369749091714326905134
0.93371101513437582131161
0.93371575145556928720936
0.93370148549460807441136
0.93369387119232261085244
0.93368427038807177975599
0.93367450420005448918914
0.93366565784485300305562
0.93367885761922764231713
0.93367005522761037372703
0.93368849063011594147099
0.93369774871849298136794
0.93370524465325688279194
0.93371978232202856862187
0.93372352491412624608813
0.93370896499816324887178
0.93370177354631467281365
0.93369275817709751486007
0.93368325882835323525910
0.93367438285939285957937
0.93368756134538533064671
0.93367864921663701327503
0.93369711600447335975161
0.93370600818210913729445
0.93371296196816755408321
0.93372730104506540538267
0.93373137388074678444383
0.93371727601450493772006
0.93371039083354001597570
0.93370143551589757091591
0.93369176836485845427660
0.93368283605381952039437
0.93369596039459146208372
0.93368701791801889111611
0.93370568431747125170972
0.93371477010957193432006
0.93372181519988284303935
0.93373580737650141436745
0.93374046719019077045232
0.93372640394582495648734
0.93371914723003912595090
0.93370995832279279902366
0.93370019690982497539977
0.93369119001174705196888
0.93370444116718576132996
0.93369532716346237410932
0.93371426999191953211010
0.93372349652418085153016
0.93373091311646794210333
0.93374514372385719607195
0.93374964758215917015605
0.93373533122785634663643
0.93372781655108316734015
0.93371857727926355074999
0.93370864423046107116733
0.93369945743815285776890
0.93371280450450133692186
0.93370358787167673231266
0.93372287308946355643968
0.93373218474654584575489
0.93373965913654466408644
0.93375397283770789069735
0.93375953541778244915150
0.93376429780605341157695
0.93375820233250095281363
0.93374400165550830443806
0.93373644638362984782276
0.93372706425740181757078
0.93371691249938204570924
0.93370782355174020139543
0.93372105306658947920795
0.93371210822129735440456
0.93373116498604569191144
0.93374065926078320121206
0.93374833980272775590947
0.93376250278100414448090
0.93376905424016742873761
0.93377390139342253405630
0.93376687479871989250313
0.93375264782160971588354
0.93374482953580884014855
0.93373527608747852735149
0.93372515861628424538310
0.93371639572129661033273
0.93372937734245775587283
0.93372059276051433407417
0.93373945103364663911094
0.93374904814503245642499
0.93375699994871641518301
0.93377128393621222635090
0.93377874699829399585127
0.93378357621607732674818
0.93377562195183327897752
0.93376132591846361385990
0.93375333825219131167472
0.93374376968255790032458
0.93373357219314923050035
0.93372465560298489872793
0.93373773716417185486449
0.93372864020562296172301
0.93374818588494068460903
0.93375777629531986345768
0.93376571913126849011633
0.93377989162361418884473
0.93378828256018264752925
0.93379280477361858991969
0.93378415770973999254778
0.93377013309910128491254
0.93376224620277126220458
0.93375251104594281237326
0.93374182811652495228572
0.93373266535851251468614
0.93374585533565013228952
0.93373677966646673187512
0.93375671763245893242100
0.93376666941758590390066
0.93377458552087411192133
0.93378836567100675924991
0.93379722682834465086188
0.93380162796274623904225
0.93379259021953342490008
0.93377895363189333810539
0.93377093052365256475866
0.93376088237232257593945
0.93374991301338639004825
0.93374098263543592324254
0.93375404138821427313388
0.93374517260345024638468
0.93376499821437120019141
0.93377508629360517211637
0.93378322815772685228097
0.93379683861026963054286
0.93380612003728513670353
0.93381060657154690840542
0.93380110353733813965960
0.93378744868692975522606
0.93377926105629938113850
0.93376918343601811312027
0.93375814598803930088877
0.93374919116902677096448
0.93376219018153738815613
0.93375299204861794688526
0.93377344361466207978140
0.93378352983371581963468
0.93379169759251912097398
0.93380532377590652615140
0.93381518602063029454996
0.93381972237337840248017
0.93380958746246567336868
0.93379606434466222442126
0.93378795097282474291234
0.93377773309822476033304
0.93376611629015882076743
0.93378202959643463731965
0.93377003764281030218086
0.93379241487632580476230
0.93380051269503761002255
0.93381390987155354910243
0.93382421479846910994382
0.93382863033337326630345
0.93381820176331442606710
0.93380499193311694572373
0.93379685099193066033507
0.93378628973592059381303
0.93377409073740658129736
0.93379057012933397441401
0.93377839375003401922726
0.93380118390945676676296
0.93380935871858239405441
0.93382248565256298356019
0.93383294798345206633172
0.93383720605866682440421
0.93382656890872572930107
0.93381355796882581365992
0.93380543207139865558020
0.93379501528185993031173
0.93378289767035571600218
0.93379955448659635042219
0.93378737708085113311540
0.93380969606799135718234
0.93381764632073227527798
0.93383052929271237463382
0.93384139355358453116196
0.93384554620346948983212
0.93383447213678749676546
0.93382170207230996705761
0.93381404038201576423006
0.93380410591065687864187
0.93379164455738672412366
0.93380844985339439556782
0.93379553637311829561440
0.93381845673585217593171
0.93382594738302993064849
0.93383854322551573812206
0.93384985935519781996561
0.93385395004083904257897
0.93384276894173223748652
0.93383034647533269545505
0.93382281832503577501114
0.93381260643613939187446
0.93379919908760600222308
0.93381666400851170983799
0.93380296036307375295848
0.93382708116732182634934
0.93383476570849011100250
0.93384717242371373391308
0.93385825733895444500376
0.93386264024074783218765
0.93385159542695361789555
0.93383902894590975485301
0.93383117467243215159556
0.93382078941696544660545
0.93380708969257530949193
0.93382522751275831573992
0.93381166955720673605867
0.93383533279122155068563
0.93384317238804381844375
0.93385588166373678653542
0.93386698544515633901852
0.93387114468923748678009
0.93385993476347295416673
0.93384719931289250638429
0.93383961032757090148237
0.93382996703364518076285
0.93381649918596831838613
0.93383483280546242255582
0.93382120076881980352823
0.93384405577855489344330
0.93385131800630161169607
0.93386392200237033911492
0.93387518477036379760392
0.93387916394184555812785
0.93386800641818257240345
0.93385557951538422649662
0.93384855088931262301344
0.93383945492139608379745
0.93382551683735171010881
0.93384365385553202987268
0.93382939079219862144043
0.93385291776821333087355
0.93385999712758271940061
0.93387236317506872040894
0.93388335541695444153021
0.93388784344651187829811
0.93387696192123625937853
0.93386436068431344370566
0.93385688958256019009951
0.93384752636520229618355
0.93383310401599983752163
0.93385130480806255448556
0.93383700061798957658965
0.93386068546986655825037
0.93386849272337857374993
0.93388160457806124181701
0.93389255094952716707013
0.93389530011327948066935
0.93390020106270377198143
0.93389719545316418614078
0.93388600972548285739094
0.93387247363569936275951
0.93386444702379423077332
0.93385538066738693618873
0.93384123985407607726472
0.93385986305430490617141
0.93384578210044366652909
0.93386850239416374641621
0.93387639876052419563024
0.93389015604306468976148
0.93390151722783221188706
0.93390471231566440923899
0.93390884998551138007628
0.93390541407718874467037
0.93389413341750304731193
0.93388052259109155528449
0.93387296254407792250873
0.93386460173186325306460
0.93385031125852435707202
0.93386919924548761340333
0.93385455435339193019928
0.93387761647356581917734
0.93388503371039222056282
0.93389836729074438004261
0.93390915081285075238782
0.93391264090281167487007
0.93391640686893384604161
0.93391306161958964615621
0.93390294149501773546262
0.93388978244050080412819
0.93388208953298912362584
0.93387338607759629027782
0.93385848938266668994856
0.93387713118888970864617
0.93386228921903180477671
0.93388618837850823073410
0.93389448506892025481108
0.93390786009733339767536
0.93391745691287753050602
0.93392052614505516316967
0.93392511434759062360911
0.93392228911086427878274
0.93391281474982679178254
0.93389884285356428161862
0.93388990760831824822219
0.93388077030332927730427
0.93386622683727171789769
0.93388468454589923517517
0.93387039945972782906125
0.93389357755754254242220
0.93390291199182751125107
0.93391751753090845866723
0.93392711196739475187911
0.93392989194533593266812
0.93393438083698809837330
0.93393150153941162372462
0.93392171404418145019832
0.93390687077975054197765
0.93389763909455092427692
0.93388905600401672657540
0.93387468498667502991850
0.93389369441559444418033
0.93387881078619305874611
0.93390220481339325520054
0.93391114333937896851978
0.93392558227549482552377
0.93393515155050244036516
0.93393818498791092430622
0.93394122094104403686288
0.93393823186570013028529
0.93392944086306661777286
0.93391577181210672087275
0.93390706478229457143669
0.93389813611691796513270
0.93391164991132402661833
0.93390210970518627853210
0.93392056246389520968165
0.93393360249786139259953
0.93394123575579546248093
0.93394385042360705817543
0.93394672966179592688007
0.93394467149630699953633
0.93393796068168888346861
0.93392520441754567350756
0.93391567268029607173929
0.93390562446598635037986
0.93391923281255884159435
0.93390899822097317439784
0.93392931468001039174709
0.93394237402784874291228
0.93394860835976922786017
0.93395038580586342558121
0.93395479242382173357129
0.93395285134658656556184
0.93394644201564791519132
0.93393304673301325014023
0.93392273308436069001459
0.93391257957063933403674
0.93392662970298701008431
0.93391647461278470832013
0.93393677068723190970445
0.93395010564481417691951
0.93395688464257331506957
0.93395955430638633032459
0.93396406997484560097433
0.93396043063993594568473
0.93395356626226788687717
0.93394079102876437215031
0.93393096433025513114501
0.93392057711228149141647
0.93393529570988309540525
0.93392475514675832304334
0.93394503065476686121116
0.93395703433735022258588
0.93396355205070080707230
0.93396804807629985045736
0.93397169962722281777445
0.93396660362776129371554
0.93396048440354051400902
0.93394897453419112309803
0.93393931371405192187751
0.93392932835977027217211
0.93394324587366617240747
0.93393426958259084802449
0.93395225225875710961532
0.93396360095558605962651
0.93396984464793264546500
0.93397558210101228048927
0.93397996096744895222486
0.93397322191126119772520
0.93396618387971463981501
0.93395528709413733192690
0.93394759073436506291443
0.93393772272128561251492
0.93395170217670120393905
0.93395918997830951191474
0.93396884915400713023104
0.93397654996709444930048
0.93398465651261841635744
0.93398884238857815542900
0.93398001364429261705880
0.93397278407542194678115
0.93396400962869330353300
0.93395020900518710416094
0.93396522383039393133686
0.93397823468657203971333
0.93398449475139855291417
0.93399202887454069177409
0.93399501876058343974307
0.93399047787076805438033
0.93398116969000311016202
0.93396845669431272085603
0.93399491109900123486653
0.93399934083362712300413
0.93400366171196747000494
0.93398585518233867563964
0.93393518694836274995907
0.93399604962970916854914
0.93395085184167292435831
0.93394212061655423884332
0.93380890897940938000232
