0.13243809392762720400505
0.13235357533395436524515
0.13281872145574583066185
0.13277927479543449873489
0.13294631149131763692139
0.13273277742138805956884
0.13293112236824339289498
0.13296803390178110748643
0.13296119590564176027314
0.13296571460934719643987
0.13291339784697914216949
0.13267938484332919557573
0.13289111637035044832800
0.13295295184095723417528
0.13295923104918022650267
0.13297147201952727590957
0.13296281724654682165898
0.13298648133381299474287
0.13295271392110594166347
0.13294509714033306280179
0.13286391183487844536160
0.13283116928954682989250
0.13293461547343318751579
0.13294734603451094367976
0.13295589705715996076130
0.13297784749260779801894
0.13300510348346031297417
0.13299694418639837478757
0.13297025851131008544748
0.13294929793230003678417
0.13294112898430934799343
0.13292247526172318305981
0.13291242575718759111325
0.13293576822320518626697
0.13294267141312240965156
0.13296223389244002377474
0.13298898134565059758749
0.13301532175742875052649
0.13300688328446685915196
0.13303163487831998201827
0.13298142264341583640430
0.13295524081481524536485
0.13293722925830775416500
0.13293014553958099055464
0.13293243750523647817019
0.13294827220127777844816
0.13297390698664915409388
0.13299967032418191781318
0.13302339392224352132565
0.13304843333717519815451
0.13303971056336191813863
0.13306552014580325105086
0.13301565364185799489327
0.13299221507134106889936
0.13296686433974591601270
0.13294279654867743878377
0.13296133528272455204267
0.13298579268219540283624
0.13300778750831163121937
0.13303096431238461971880
0.13305670436087993491192
0.13308199894317301881230
0.13307309028682084983686
0.13309543012948671369955
0.13304786186082698251631
0.13302330872990206223072
0.13300130604529408762104
0.13297958398280967928784
0.13299507304653970796160
0.13301549389407232859561
0.13303943560645858923408
0.13306521729231221562451
0.13308799711434099455332
0.13310695769121161369242
0.13310032001588312233764
0.13311839648662618373898
0.13308081740987220964456
0.13305674875288620029323
0.13303111272260670361334
0.13300880610783380464390
0.13302424481844815629117
0.13304874538501487712949
0.13307282850715412836351
0.13309336739491173240424
0.13311197173098057722207
0.13313232412490627609714
0.13312419913846740282537
0.13314825711965569410289
0.13310490065207133958403
0.13308701400943975801106
0.13306595427430820133274
0.13304124603505504409462
0.13305864594721422689005
0.13308032703582006739396
0.13309859391194070465936
0.13311726299718693034002
0.13313969215969354009665
0.13316539804386537393377
0.13315642586441847616818
0.13318130520204007893881
0.13313186502573262637306
0.13311031074215809444361
0.13309210751209324397060
0.13307396716558661520224
0.13306833847593144137811
0.13308144637047022995624
0.13308711000848738592595
0.13310344573124080480575
0.13312353743949975615202
0.13314798612021122581339
0.13317328415213988690446
0.13319547298287737202571
0.13318712703545584896681
0.13320724708950412717989
0.13316415151343358180824
0.13313955759007051193876
0.13311681264724095630214
0.13309827557453510205043
0.13309288192903456771177
0.13310362977410053475502
0.13311042425532382260656
0.13313185555072293286827
0.13315612058973955167396
0.13317903821374854622661
0.13319931597351133967244
0.13321849468401972260700
0.13321057394182359012724
0.13323043966074596400340
0.13319210774874176705929
0.13317149023020430353981
0.13314776242425599428465
0.13312451041403014495579
0.13311598398331142556472
0.13313041047098869706922
0.13314061519291278679056
0.13316297985323885533226
0.13318408525670394348950
0.13320382249702830690374
0.13322341470147375241950
0.13324446090639255335653
0.13323694541498190546669
0.13325937247637620330920
0.13321536312597948015224
0.13319618654663048507025
0.13317702895097738302610
0.13315661758283187099394
0.13314616702658746416610
0.13316015946281023474285
0.13317096388718716037936
0.13318955248322933426763
0.13320836105031902407703
0.13322893631001545000636
0.13325114409370067414251
0.13327356445877158730440
0.13326519136599754289385
0.13328643992581346022774
0.13324351864809561019065
0.13322208333640886412930
0.13320197790409191163086
0.13318335914485507354144
0.13317354341542761431150
0.13318559578375246954529
0.13319572693267867080635
0.13321467347376764189804
0.13323633759973704804302
0.13325807776621964584329
0.13327868759625646766231
0.13329896459738688196950
0.13329151986651724404176
0.13331235146372039102047
0.13327114042452978259767
0.13325026149615212811561
0.13322911921551336411618
0.13320912854089467236562
0.13319726446205029657399
0.13320952813896197453047
0.13322326033648385079644
0.13324346912725440472691
0.13326367285437745735521
0.13328361452883838444983
0.13330465890493120584281
0.13332684423071963775165
0.13331828994768749052646
0.13334181724810198477194
0.13329637945482081251569
0.13327647190643193697568
0.13325709244548841758693
0.13323712829993075712487
0.13322304572229848318443
0.13323619427202681997358
0.13325010392266434244846
0.13326898222587851838838
0.13328933400259004860011
0.13331073664202630624231
0.13333335415957411895782
0.13335595593956528492896
0.13334841541523057006913
0.13336940991949161605667
0.13332562506756195919166
0.13330249681906511383112
0.13328137919254506860156
0.13326269736948689881295
0.13324821530836453153945
0.13325996481253796210886
0.13327480667961286164847
0.13329487579482143799758
0.13331725102046917963428
0.13334036996186771073525
0.13336212325629390185178
0.13338153350744658132143
0.13337398522811486079043
0.13335394734002073424683
0.13333252537167319951017
0.13330976678895001263925
0.13328812489946256780726
0.13327166634666398614684
0.13328393129701471275794
0.13330223998907403393233
0.13332487308974569351072
0.13334708086333751930752
0.13336673505975549236524
0.13338526172670969738299
0.13337799809845940490760
0.13339703439411271235215
0.13335949181675854635643
0.13333934582717080208347
0.13331783961248758196838
0.13329784377315370691441
0.13331296697734770773103
0.13333300863775959799185
0.13335228583181440997762
0.13337069113529112507344
0.13338946837147794277634
0.13340978179982398987846
0.13340130121836724086393
0.13342332675045134871006
0.13338180315681699705799
0.13336406270456788170087
0.13334656020214999405660
0.13332737763551766319026
0.13334058151002062264645
0.13335774699979849322595
0.13337481735761108625482
0.13339389314363414573705
0.13341494698898651027896
0.13343677812979187757847
0.13342864482665678371731
0.13345022611391219036214
0.13340711371600433299278
0.13338607754485154455182
0.13336827431564840518163
0.13335246610736900541028
0.13336337214477053669803
0.13337960197106493720476
0.13339860432695016534410
0.13342051310686178777765
0.13344259713844117132275
0.13346361472830448047233
0.13345566900533725740452
0.13347707871504971288701
0.13343432612753824972884
0.13341274729632821016700
0.13339232763786978974707
0.13337439166236580989633
0.13338617909288752461094
0.13340617269195559346784
0.13342715013096043130680
0.13344841818042671444111
0.13346913073973745711420
0.13349087241377005641496
0.13348343642938734210368
0.13350547329764422821441
0.13346217663705028932952
0.13344111109206949206119
0.13342015461198508674556
0.13339959772872828080992
0.13341436901837372408508
0.13343430054743610213563
0.13345455960279933860235
0.13347627738924572327051
0.13349827941970682232409
0.13352022038801852898970
0.13351282704295672210115
0.13353407759489188677549
0.13349026576442038494186
0.13346850990991257490670
0.13344857641032328854358
0.13342889960840442764578
0.13344280024998855793683
0.13346263989559176144084
0.13348291370211390338696
0.13350467016844855261404
0.13352601381416343007125
0.13354641022228383451242
0.13353820917846809246399
0.13355725609239585405241
0.13351852744826775420961
0.13349745285830882934874
0.13347633902039054976107
0.13345620000674196514723
0.13345014527116805247431
0.13346292107263221793367
0.13347003520973652057613
0.13349009884945770010312
0.13351056624721785448529
0.13353107650428489017180
0.13354973722606849895200
0.13356858525207504495569
0.13356135933428336937112
0.13358142848065185370743
0.13354201620426964236543
0.13352261865841114074627
0.13350360165561722669558
0.13348411080817554341671
0.13347655765765914503973
0.13348987595461750399473
0.13349785357660673423830
0.13351617079095534634803
0.13353404474578597915801
0.13355310014012569674868
0.13357351595215907757996
0.13359531678941988230847
0.13358701553555005214768
0.13360980460412991144281
0.13356538467233908251686
0.13354556958528793209062
0.13352790468980160754064
0.13351001074993026906945
0.13350205026361247617750
0.13351329781525467232939
0.13352145173299201363903
0.13353880224323699810185
0.13355792673737013065427
0.13357944494620307973598
0.13360169693921289391092
0.13362351119764331874862
0.13361614108363040198668
0.13363679176425449779408
0.13359427295543607749906
0.13357127303225277414889
0.13355085643035372044984
0.13353263276138341297816
0.13352471685379177501751
0.13353533372720940985978
0.13354505984158418496754
0.13356436299293236724672
0.13358573382014149455443
0.13360831399081318782152
0.13362976815805255315084
0.13364930788727638621971
0.13364166247265760190110
0.13366184912710840637651
0.13362161512137574193027
0.13360059260808215819694
0.13357939497773060888441
0.13355826039617416101102
0.13354687271568316253578
0.13356010916591817827559
0.13357285534791749070926
0.13359404230035179517166
0.13361439696549720634877
0.13363427217101025989976
0.13365375536237636411308
0.13367422636908604660633
0.13366632936720757030002
0.13368694734436190052485
0.13364649337218967306562
0.13362691512286903328111
0.13360775717189860012368
0.13358770415610510262638
0.13357457724849192137739
0.13358800957883570914575
0.13360221763034130226799
0.13362049425814939707102
0.13363843037025244231408
0.13365866877854201688614
0.13367952616244158092762
0.13370005215611205362514
0.13369243499791019780254
0.13371222172234240033184
0.13367131649869637421979
0.13365077855159099295967
0.13363247014191664829852
0.13361489137492565948406
0.13360101041562275070440
0.13361306945085227315673
0.13362649403219459265379
0.13364438090382321777660
0.13366348179559842113129
0.13368443644896546573797
0.13370462920296277697929
0.13369728943414710409243
0.13371655529307466259148
0.13367680770539921986106
0.13365657542237066590651
0.13363753595024008280490
0.13362353588327377518219
0.13363400416369536349848
0.13364992668247807627857
0.13366925202906676517500
0.13368915089505012394611
0.13370957486878579101308
0.13372885664467040744974
0.13372115021783126387334
0.13374189283908125003286
0.13370137852292196534165
0.13368253461616211308360
0.13366295912417433533470
0.13364547116760155942572
0.13365829374702858922674
0.13367606034770407319456
0.13369521523924313144427
0.13371347524496690617468
0.13373358262954765374175
0.13375578446780453378828
0.13374749555772991183034
0.13376990061640475770943
0.13372618013289194749404
0.13370740461236840790349
0.13368845882656682499956
0.13367028625791710361170
0.13368297528192796264079
0.13370067696236018206513
0.13371922629922330938435
0.13373943489906950365942
0.13376215301343144514767
0.13378433591399874202921
0.13377627468647204644903
0.13379704923553986661844
0.13375343071779971504398
0.13373248372411869477894
0.13371331914034947918601
0.13369496724160170875173
0.13370739295569430971078
0.13372638592702301707504
0.13374651186415814629882
0.13376725400665692711222
0.13378884399005327998644
0.13380859131672506734390
0.13380009267792103422323
0.13381890829958947852774
0.13378073520782338134971
0.13376096681207960692461
0.13373984486395065762743
0.13371939942758701014291
0.13373311595330641954327
0.13375344260673946439333
0.13377376672248775246743
0.13379259816084024259375
0.13381136014530081723706
0.13383050261107989897802
0.13382315642310327330478
0.13384339458826191582297
0.13380369626099244961814
0.13378576625755631002157
0.13376691112436656094786
0.13374694237128437190876
0.13376093453068543803752
0.13377949690056101239577
0.13379689666830127392494
0.13381487864950733501779
0.13383620016961148002643
0.13385790499898855832051
0.13384959410442004434927
0.13387151125093019188306
0.13382788947935350676310
0.13380899422730344050514
0.13379115817542625022085
0.13377323033491431147901
0.13378470623827956598184
0.13380263723923660479365
0.13382163846280026309188
0.13384175547438753595131
0.13386355766710753001369
0.13388434468208215699647
0.13387647012105458044218
0.13389619773850686135219
0.13385599638367037811371
0.13383533578724504664592
0.13381487762010457753803
0.13379615996027285906855
0.13380869355367003281643
0.13382847321066118628785
0.13384878658237026050060
0.13386847579490718240791
0.13388888324667472251583
0.13390878082181389974181
0.13390055756153543264908
0.13392202034670586119347
0.13388036829154628670757
0.13386188104031207513067
0.13384239658681842954913
0.13382199738647893028087
0.13381545475941486467164
0.13382890987112111558233
0.13383541626472814090043
0.13385534804663762331600
0.13387376678381054939670
0.13389201689267060668698
0.13391328193785362321577
0.13393610159987076602128
0.13392723720276508703186
0.13394913174789732646097
0.13390485221827957973417
0.13388544143893463256312
0.13386674964038036694802
0.13384829493452138349241
0.13384137742268634174714
0.13385344375961608087700
0.13386051136518672954878
0.13387795204918090385959
0.13389714551128303887673
0.13391878965624953723434
0.13394153484514548235751
0.13396147249449050220527
0.13395413981832449135112
0.13397177076370114789938
0.13393279454245618498298
0.13391115119931190635683
0.13389044053257601052387
0.13387182691573717985278
0.13386474206431905886738
0.13387521590539808169495
0.13388374534839461715841
0.13390407849791888250657
0.13392569836837120433870
0.13394583167267815060342
0.13396457024407956715173
0.13398167822122269976504
0.13397378989717545483273
0.13399227783941561331638
0.13395711093930773305516
0.13393966614946439808165
0.13391877256081405334065
0.13389649301371087108947
0.13388678248299759609985
0.13390029730085287185126
0.13391149539011981683956
0.13393234254064301236298
0.13395107548221613091854
0.13396693467742146199662
0.13398451473455585958305
0.13400554914082940527464
0.13399732694321461745623
0.13402057431664202158395
0.13397688283059921987572
0.13396061161752539914183
0.13394479942849307763097
0.13392622956324756744451
0.13391469775568298761215
0.13392789642040245357002
0.13393944633004076227856
0.13395502438960496527365
0.13397003285544711870259
0.13398848319670589313013
0.13401238711001509096299
0.13403547997106471378892
0.13402654133347544074262
0.13404722495657497849386
0.13400287366461582916344
0.13398189187533562916066
0.13396455275543089902257
0.13394950026859420155745
0.13393950835193860204875
0.13394902958499599332498
0.13395835869467875856031
0.13397489865648876117277
0.13399566335131965488792
0.13401811419692577498353
0.13403922130876883000994
0.13403167716567906952996
0.13404903710322990662007
0.13401052958922468616443
0.13398764895974046851279
0.13396814976784512940533
0.13395704229670060692037
0.13396598849261254216003
0.13398071214126536232492
0.13400236166473925014664
0.13402403386870109791573
0.13404200003283961439848
0.13405774900234235236240
0.13405034541008004067564
0.13406669238156507240056
0.13403530848469069614026
0.13401700584309184094423
0.13399516091173871434883
0.13397797435492905804288
0.13399186331381379710947
0.13400955734595856871927
0.13402929774919133953937
0.13404454034072740831185
0.13405888680494124076681
0.13407632438812819297702
0.13406865516104771174355
0.13408536696957182310364
0.13405332423831523014357
0.13403849239340501209306
0.13402235850840027442388
0.13400593984246764178714
0.13401856148546550939749
0.13403271986969136908563
0.13404696196045920442153
0.13406204745138422529394
0.13407785810366182333020
0.13409228626039404463910
0.13408441380039073931307
0.13409877763877323109121
0.13407074414599418066274
0.13405563540168205505232
0.13404162498250157820046
0.13402912099740033058382
0.13403717776758827806560
0.13405003367375953327034
0.13406426399178331121398
0.13407750606362181522435
0.13409021011412697310661
0.13411126426659170096656
0.13410189053169188633241
0.13413407032485497039076
0.13408340501631144103811
0.13407106580215766289399
0.13405760888522288976077
0.13404483432349242888471
0.13405262370850812292389
0.13406435906355132492429
0.13407630273233392403931
0.13409423203975215366235
0.13412464341614149798687
0.13415275263128459415363
0.13414849006531173736256
0.13411574384989827235515
0.13408616644144499829849
0.13407021802132787491324
0.13405953796392705568152
0.13406521348699257378811
0.13407966519457495402357
0.13410729321849332307259
0.13414235806438809528451
0.13412438615177807443857
0.13413319021495073712913
0.13413580553948734053193
0.13409911054846654354655
0.13407350396251938029479
0.13409148280626445592922
0.13412788425341168330185
0.13413751209329322078290
0.13402774628184574434719
0.13413798358688669432048
0.13412048510658206024182
0.13413692811416752515008
0.13405251874646695320337
0.13373442028242601975485
0.13407237402760588396156
0.13392470320983909659596
0.13379816133001551370363
0.13344468351086868906918
0.13246005882551983856565
0.13237714229863298265322
0.13284070823241758696476
0.13280288117777211409631
0.13296827775673347726837
0.13275692588590096154810
0.13295471907516337450872
0.13298996240586746786505
0.13298476023532573853103
0.13298760164704406805392
0.13293754953625394610306
0.13270391016789190308245
0.13291567535891529727721
0.13297708097630547841028
0.13298275596937489395621
0.13299331841546210841720
0.13298630299045965941218
0.13300828796074165571994
0.13297681379321873995636
0.13296966083331923647037
0.13288889393778210989971
0.13285559841981120499099
0.13295960611577806176342
0.13297190395343466695621
0.13297996867028374912145
0.13300129584995343257070
0.13302687092226872511702
0.13302035536105810686891
0.13299430356260658059320
0.13297384851347879286543
0.13296611479668007937960
0.13294694474480911461356
0.13293591205602225957527
0.13296026458434959116595
0.13296765132677756948709
0.13298677874677333754505
0.13301300023917300707765
0.13303869443017771190263
0.13303087590319068178601
0.13305496764160942846367
0.13300596256131091976727
0.13298021742500243380647
0.13296175001376137059239
0.13295362164893467782356
0.13295590889507560850014
0.13297281882595451962814
0.13299888020351474660075
0.13302420438186252082957
0.13304736078545131849893
0.13307172608570319582988
0.13306365181867330083065
0.13308877264662308248511
0.13304018039865139755307
0.13301718350759794695648
0.13299143795672910273176
0.13296629766858575338873
0.13298486837654083236870
0.13301039446773910146504
0.13303275054159630075290
0.13305548240814304983282
0.13308061923972433482355
0.13310521015853271631357
0.13309697859210700698895
0.13311859841320636266282
0.13307237128719834329260
0.13304826666514474320380
0.13302593503297976962330
0.13300314668534243822684
0.13301866389168684468025
0.13304014895588442413121
0.13306438784037882827604
0.13308971797435545370014
0.13311185946670842095152
0.13313008230887693472688
0.13312415604237012867195
0.13314147740011234022361
0.13310530783084145722839
0.13308169437157352232859
0.13305579383129498283189
0.13303242390972608300004
0.13304789092678007134118
0.13307345312279875160222
0.13309776655553834379120
0.13311784546353619407277
0.13313578058926425762287
0.13315536131077171377868
0.13314798076845388297151
0.13317124983066280785593
0.13312936611886239113289
0.13311194490213384966637
0.13309068827562059444958
0.13306491855310870198181
0.13308234453408082642589
0.13310508662598169449254
0.13312351675289382790801
0.13314171531069174392314
0.13316344734247267944660
0.13318834586694316968192
0.13318015537718527752098
0.13320420802465457454922
0.13315630393256622232556
0.13313522469721200680581
0.13311689094629838847617
0.13309769017182887518302
0.13309162388768772111725
0.13310470820793413038174
0.13311085752328608022843
0.13312825260873031862907
0.13314844229865654967604
0.13317241045680133781914
0.13319698768530097154894
0.13321833029557153538214
0.13321080351384401163628
0.13323005762628245540746
0.13318856024884467847968
0.13316445399650617131826
0.13314164372606615560635
0.13312204610445427244159
0.13311612057148095034087
0.13312684479449651830940
0.13313421787397441975465
0.13315671072074541925190
0.13318100855028902618216
0.13320343054886907285805
0.13322296501435107463074
0.13324125758470198310768
0.13323419615671117099964
0.13325315499492793036573
0.13321648324846299682456
0.13319636952434651955279
0.13317264027172262541576
0.13314832476259447213707
0.13313917642077957581570
0.13315358287397774383898
0.13316445165065690647843
0.13318788034024955924117
0.13320895424852438604368
0.13322817935723252347202
0.13324701018088791482086
0.13326712908227736353872
0.13326051366408614429204
0.13328199322080541699975
0.13323970005503341096365
0.13322104447220681211483
0.13320195168829343512762
0.13318047549305564447586
0.13316932105062956326336
0.13318329611539139745169
0.13319484277821502793415
0.13321449712891778038859
0.13323320897070187185385
0.13325325346915889435095
0.13327468480359944136282
0.13329613677242024838421
0.13328870490195041109693
0.13330896332378808222252
0.13326781583349434079366
0.13324692134099308526984
0.13322694328025511123492
0.13320725609531894328974
0.13319666398867019418972
0.13320870345134161460976
0.13321964328006602462651
0.13323965864994652408271
0.13326116442893484737020
0.13328235387592896055153
0.13330217420379716908307
0.13332143927307057995613
0.13331497877418219122347
0.13333477746910377126355
0.13329539384889618758301
0.13327507692984097431577
0.13325412398726288465411
0.13323306341042123746021
0.13322036247694749033776
0.13323261884296261348126
0.13324721444414505677756
0.13326849387864148077654
0.13328847788929043538531
0.13330784442383616927863
0.13332808939425300209791
0.13334922098746937457747
0.13334169239065535306210
0.13336414437036192559560
0.13332058542064761930135
0.13330126607074907485462
0.13328213574188024770351
0.13326109943128439105919
0.13324613191542555856728
0.13325927929220865442161
0.13327409228619216396972
0.13329404260082491906481
0.13331411673235821213623
0.13333491867004465536439
0.13335672921047786454452
0.13337823345962984689095
0.13337176251844062857543
0.13339163796489070246132
0.13334978159157281907277
0.13332726778201142714408
0.13330645609517643990216
0.13328670227876129872335
0.13327130286799113156881
0.13328305770658738227397
0.13329882882450758141424
0.13331996946284421778905
0.13334201056268482621370
0.13336449989292492590565
0.13338544154408349395879
0.13340371133765466238330
0.13339727409463963958558
0.13337805037762090476505
0.13335727402592134627213
0.13333487710895539080092
0.13331216266944204140721
0.13329476748117599638199
0.13330704426851236465978
0.13332629361993797445507
0.13334999886120885159713
0.13337181827568370118264
0.13339081074554060002413
0.13340852131072009068014
0.13340204498088803486411
0.13342026469835654989282
0.13338421674847963926958
0.13336448572722964245330
0.13334190860943495593460
0.13332097269431161801201
0.13333611567206926640239
0.13335709390258937423468
0.13337743945829058644925
0.13339540304938138359780
0.13341348548524284423067
0.13343298222469290870151
0.13342528803987616092819
0.13344649661604127133252
0.13340650266437734106084
0.13338923000534702589803
0.13337066073089018369835
0.13335054796944770250100
0.13336377993224568516695
0.13338186171376417710199
0.13339999640481817189119
0.13341858031628039960026
0.13343890372802300059440
0.13345991762903283706088
0.13345257110144115308970
0.13347333538533501240408
0.13343178842401129391426
0.13341126725509419581606
0.13339240219182413316190
0.13337569666823628766750
0.13338663500137715178795
0.13340374465150195426588
0.13342380458673816501225
0.13344517435942543359673
0.13346649141773761493290
0.13348669298193857613022
0.13347953044047278226003
0.13350012505718986122183
0.13345897483756821721990
0.13343795819375309230637
0.13341648424436183817399
0.13339768646570512866667
0.13340950531988723937182
0.13343034218007862601318
0.13345237085208361271782
0.13347305458054622984143
0.13349295948593845051455
0.13351388680072581727210
0.13350723233844088988498
0.13352845595337614614806
0.13348679992588097231732
0.13346634041327593012127
0.13344433608035627392141
0.13342295578796525834520
0.13343776018020953033627
0.13345849470922152568697
0.13347979640726051475674
0.13350088690602110452765
0.13352204135320069888770
0.13354317086223022048586
0.13353655420738402836989
0.13355699482256411236847
0.13351486187180486298054
0.13349375426219331486344
0.13347278212141630571175
0.13345232332452061640993
0.13346625588991142818962
0.13348685722066663816854
0.13350816560781653130618
0.13352925280054706025368
0.13354970581521247163792
0.13356929334783995688696
0.13356186593049063082717
0.13358010489027272171825
0.13354309636356134771695
0.13352271066019980039208
0.13350056645253569054255
0.13347968712595298379497
0.13347365058351767785894
0.13348646583207676719063
0.13349355456251651985689
0.13351433628232489692067
0.13353582853719386802638
0.13355563085991747906967
0.13357335788343627225316
0.13359139962292923553555
0.13358494273965754173261
0.13360420778841222699818
0.13356655530528019348857
0.13354788509887827174794
0.13352784878763362952370
0.13350766261009675006655
0.13350014139566077076005
0.13351349738772896880157
0.13352143720599601861565
0.13354042805408880556506
0.13355931494524292402204
0.13357762389315483431140
0.13359706203054860784718
0.13361806037338128105851
0.13361052463579961568918
0.13363251241802037716511
0.13358989383315544863251
0.13357084240844235845103
0.13355216963964292031797
0.13353362521957165554021
0.13352570707327776622364
0.13353698939715996640842
0.13354509741737086159219
0.13356307490239768820395
0.13358320111404259344923
0.13360393927658134605174
0.13362516886045075481526
0.13364618312969300806259
0.13363957464023054622082
0.13365942708131500760160
0.13361875166158154737417
0.13359654811825294462579
0.13357513674083495991418
0.13355631020309444156879
0.13354844117730008123957
0.13355908767516003199383
0.13356876902580036570178
0.13358865170747216688518
0.13361101011870363253209
0.13363277718347635336649
0.13365316265293392117286
0.13367190543979812211717
0.13366501770076816280053
0.13368440847028845164246
0.13364606290453159842535
0.13362586956137706417636
0.13360369055365087231912
0.13358200040110720929754
0.13357065350948602033831
0.13358391461512855724614
0.13359662694863702614434
0.13361834436265659920018
0.13363967277205421324560
0.13365870394104409357716
0.13367707158832267677617
0.13369674756337887600033
0.13368960569049229136773
0.13370943006997010327197
0.13367090796552888454229
0.13365218848289686648378
0.13363206520827397572049
0.13361150814200745129412
0.13359840516672427668254
0.13361185543429715538721
0.13362605371943614418484
0.13364480865347769245055
0.13366370147727701933604
0.13368306626153378391386
0.13370276184178364609068
0.13372249545495293321373
0.13371562986544879847450
0.13373462475610997657327
0.13369569706858253077542
0.13367604673388758240726
0.13365678974797687295073
0.13363875817975118254211
0.13362487004587089711727
0.13363693872253806782524
0.13365039121233521224319
0.13366870524068089065572
0.13368874559882315544712
0.13370880015578201494009
0.13372778358504114337713
0.13372163559561009438248
0.13373966854575983220776
0.13370206608763840483434
0.13368090439292751314682
0.13366146407260662276606
0.13364741172726665729975
0.13365788253027255372274
0.13367388602949642484319
0.13369358602901976196264
0.13371440320502833709604
0.13373390266439202922477
0.13375192789833029172186
0.13374545968303308551839
0.13376492203783080237045
0.13372662437123031264896
0.13370687328704200513840
0.13368694920463916608888
0.13366934745503056269911
0.13368216470123819861193
0.13370008021074566983977
0.13371955815946462431398
0.13373871359230685151864
0.13375787442331887877600
0.13377877189385464773430
0.13377176906244772625065
0.13379284617148093361472
0.13375140957952000309028
0.13373175062029327153645
0.13371250928458494611206
0.13369414826615919067443
0.13370682541762551887032
0.13372475794963817330441
0.13374357575619877369633
0.13376465467696177502610
0.13378640760098872708461
0.13380723894706250676201
0.13380051000869128130510
0.13381990896524201262174
0.13377864096594674347962
0.13375683747684524727006
0.13373743088218534302847
0.13371879447887857761401
0.13373124284349538481997
0.13375052736902823258269
0.13377086917695246714999
0.13379245400491243667140
0.13381306025898928591111
0.13383140776231730595391
0.13382428932774187435584
0.13384168136153024031287
0.13380592338115426809253
0.13378532673238405226179
0.13376401586531463938634
0.13374327127761501121661
0.13375701055202660061383
0.13377764302248870698087
0.13379812938647456244112
0.13381777319409748905343
0.13383553603362843831270
0.13385323210917096647954
0.13384731111944289660975
0.13386607996994870362073
0.13382885762522250816531
0.13381013204863298482472
0.13379114123821195247999
0.13377085782939110436551
0.13378487081951795367729
0.13380375449860831826854
0.13382126487461995512085
0.13384002599530855914800
0.13386033426497262466270
0.13388054673490484836051
0.13387370780406468440127
0.13389410958615330371480
0.13385302214999755809899
0.13383336447414423409086
0.13381544273933698718793
0.13379718594384876206860
0.13380868221366568060482
0.13382694887440393927136
0.13384601087222236515117
0.13386687191558321874396
0.13388764966590488425524
0.13390689928743104708531
0.13390053961276560112736
0.13391870780436040955230
0.13388109624320751467330
0.13385971071777952312587
0.13383921616230032292094
0.13382015460019891506249
0.13383270649808753915977
0.13385283755807497740875
0.13387316415782760103959
0.13389355885043408012081
0.13391293035608717310048
0.13393124627953378880107
0.13392458226167758272851
0.13394444171129762932715
0.13390543301485335891954
0.13388626072943538014570
0.13386678627639486682810
0.13384602732735995100910
0.13383899587454300972311
0.13385241707999215310387
0.13385946457891559346898
0.13387976246594127105460
0.13389814740061148357064
0.13391706215516721578673
0.13393728341693864059003
0.13395847921666353963488
0.13395121480222219045864
0.13397146496345330168865
0.13392987780881068782257
0.13390982337499535148595
0.13389118813973266419737
0.13387236009373298939451
0.13386485110961110489569
0.13387688355065013867673
0.13388459298553240239826
0.13390241398849964116202
0.13392152954490843530522
0.13394379510288276224905
0.13396548834015667428510
0.13398376074575965577473
0.13397806899684888692903
0.13399401400057825428647
0.13395777946103448741155
0.13393553665349414161234
0.13391492548056177502858
0.13389592319550508436876
0.13388814853871211507652
0.13389859126465497585201
0.13390785742464450525091
0.13392858519844066944593
0.13395008490411183799118
0.13397079519419083371012
0.13398847440684646947773
0.13400387681134065531730
0.13399766770160681517154
0.13401443169339877226065
0.13398205113854488867986
0.13396405368135083646663
0.13394330125630515837543
0.13392062031922530307426
0.13391012911460062340119
0.13392361661479876278058
0.13393563852968601302074
0.13395689286991269151272
0.13397546411214819594981
0.13399185094608237478475
0.13400836568052199027079
0.13402765813596742572322
0.13402115148307869318955
0.13404263876491992468765
0.13400177528427223427876
0.13398500078680064540038
0.13396936967484940339546
0.13395038653057214639297
0.13393799222642535640126
0.13395116852233832083208
0.13396361747778667838915
0.13397961306009664728123
0.13399442223081414748975
0.13401335119237564597050
0.13403618554547544472477
0.13405750036917832290762
0.13405031266462355543645
0.13406920087655987972042
0.13402771604952948281131
0.13400628083515292443550
0.13398915933040861370174
0.13397368495255260190113
0.13396276144129581897602
0.13397226530817399337003
0.13398255695048605362629
0.13399952328561040570953
0.13402005321114696112517
0.13404293066783096177730
0.13406296422163727077859
0.13405646754797398423342
0.13407275091825449075955
0.13403492089730403846737
0.13401229114505380790590
0.13399235977510914885613
0.13398026237984864139641
0.13398919668970979413025
0.13400493487961770422423
0.13402702018117207405368
0.13404842548227346998857
0.13406676303613121459257
0.13408143369986158521812
0.13407507931278692114851
0.13409034735706143459666
0.13405969906522877121979
0.13404168010673006561362
0.13401939693136055709033
0.13400117452447615762345
0.13401505867401547478224
0.13403380690484292814268
0.13405398741308249821458
0.13406893041177903036498
0.13408359099739167175080
0.13409994852866724546203
0.13409332969221676723492
0.13410895986097512433410
0.13407771375427646187717
0.13406319625295379238672
0.13404662009786566523317
0.13402913222903675705133
0.13404175351018995931973
0.13405699297377379752838
0.13407167825418755957578
0.13408643587360102866768
0.13410250263653994418078
0.13411584756040209609473
0.13410902687138878675022
0.13412230657732399086157
0.13409513095089606316002
0.13408036303114259646385
0.13406590952885721890198
0.13405231535927253361251
0.13406037597586556442408
0.13407433060844750616347
0.13408900278738597466877
0.13410189100283329000085
0.13411479044207061384064
0.13413476117903738726866
0.13412643878689203824628
0.13415753615803066578493
0.13410778803594222696738
0.13409581497162070817808
0.13408191748476216975661
0.13406804253764487144807
0.13407586953818112496251
0.13408867893918119396091
0.13410106048745965012792
0.13411861436546695935945
0.13414916216998371001345
0.13417618662526947792557
0.13417297806670014370667
0.13414012674617262210752
0.13411093270747784234054
0.13409454857532901450590
0.13408282141027480505180
0.13408853508881798943797
0.13410400760445434498180
0.13413206909225694474230
0.13416674172366321871053
0.13414883395569734969577
0.13415756857379668165464
0.13416059246169925733838
0.13412346648812561999975
0.13409686264479497852520
0.13411487985934644751040
0.13415225491260268642080
0.13416230415803187536739
0.13405252130803368970646
0.13416236467162243051199
0.13414392216387943657097
0.13416040358664180209836
0.13407689329224339869207
0.13375874654649624884151
0.13409587290681035387507
0.13394795568927705953222
0.13382164588951972472586
0.13346785862652874032896
