0.30006534290546299503788
0.30007131667662612084513
0.30036028654698659901001
0.30035292319226331025916
0.30045518761588613232405
0.30033656467571051562615
0.30044645949386394878644
0.30047806389662501391769
0.30047029422986815117014
0.30048883706726564613021
0.30043501958714741162382
0.30031373179346537716228
0.30042133412517035839784
0.30046256464926285323358
0.30048209248471807741865
0.30050668119657708565740
0.30049984730612783190296
0.30052998894258314832584
0.30047621294007459402664
0.30045599212720880410998
0.30040520922423785687982
0.30038800105045992960839
0.30044855027292016735885
0.30047238290944228156221
0.30049464942580372817105
0.30052328015047063969334
0.30055342014745167755763
0.30054661298965379412351
0.30051775758807242056037
0.30049050801068521998616
0.30046810345351132598424
0.30044195645432858476909
0.30043941999847390000866
0.30046551733339188494654
0.30048640913159446741432
0.30051277141196686137903
0.30054046054811073274138
0.30056835593287833940934
0.30056175049105737784316
0.30058880684597993893092
0.30053513045683577509237
0.30050781894822359285868
0.30048396238741359454139
0.30046491842349881684626
0.30048304387307456231326
0.30050411371767138390965
0.30052966179583384676022
0.30055617611209600736899
0.30058215046814407145348
0.30061057349006770067490
0.30060366355316842090772
0.30063281654022144806504
0.30057652582692329090719
0.30055046621533482165134
0.30052532928250691446337
0.30050215323630569130842
0.30052287175599629032163
0.30054612226677057673641
0.30057048595851965089309
0.30059735835536866010997
0.30062597838126237093093
0.30065508358789760912089
0.30064801236074956136690
0.30067522970489246603165
0.30061968193383087344372
0.30059166103522566571016
0.30056618145680924492069
0.30054322663773846979751
0.30056374221798393131522
0.30058695353134295968900
0.30061385699834125562191
0.30064219882824011476075
0.30066913220702151665620
0.30069408744874509542555
0.30068826088289246634133
0.30071290043629544941339
0.30066353589877264917973
0.30063644072991685396445
0.30060914976856745184364
0.30058429291706917352300
0.30060645385523926398363
0.30063165217326381917218
0.30065801858379259670073
0.30068284353596502755934
0.30070731395594624268952
0.30073297187657377360637
0.30072684950504041667685
0.30075496821479574816038
0.30070198184817220621312
0.30067787535812806609670
0.30065378508911561050709
0.30062868343512122448757
0.30065077774794102261069
0.30067388554561103042317
0.30069719301317759940773
0.30072145590484922195174
0.30074856760179269343780
0.30077756888361878440108
0.30077087507230226837152
0.30079963751265337279506
0.30074293064588647483859
0.30071652274499499624127
0.30069301924751873356101
0.30067152308466138510568
0.30066522615891211334116
0.30068453615482088059352
0.30069103260216029083196
0.30071251074815719128708
0.30073738562461066470277
0.30076486188228945817258
0.30079344647265937595648
0.30082042086012533710360
0.30081363238712299779110
0.30083930712856143951939
0.30078674355574563925586
0.30075920361242053369111
0.30073290028980870225439
0.30071039632534168895006
0.30070325356956512097284
0.30072215290448445212945
0.30073025770348310592439
0.30075441921519263654972
0.30078089174017491602697
0.30080732117904651623519
0.30083274895471251442203
0.30085758228067888131463
0.30085106575015085894620
0.30087652815948973117344
0.30082656760545151142239
0.30080176107816658515048
0.30077563371783033741025
0.30075117584664218250978
0.30074145267260665725928
0.30076180844383781920470
0.30077235163154703023736
0.30079621891807611921976
0.30082073771427958464031
0.30084543013115622178688
0.30087033242001609556482
0.30089702455077815823614
0.30089099671516367218160
0.30091838104880253013107
0.30086429396060243579569
0.30083981395338899034186
0.30081582183322097545641
0.30079322474832964617875
0.30078216739478674801589
0.30080170135830852640169
0.30081292066263243256685
0.30083503783886361704347
0.30085911915659929727340
0.30088496718998758439056
0.30091206159403627307114
0.30094003667839108739912
0.30093370653872220099601
0.30096055970438956306268
0.30090643091775348683115
0.30087991923705903474229
0.30085471096239585486742
0.30083244154048510710098
0.30082072559685046897471
0.30083977818241475210570
0.30085213557273454698660
0.30087536029439670981489
0.30090144403659474514612
0.30092803120387129345303
0.30095457811852410756615
0.30098107581926236697711
0.30097487807032852202838
0.30100105321754655474109
0.30094888706851113946428
0.30092285290006010045616
0.30089689401518582290151
0.30087300335101596626686
0.30085923540589531999245
0.30087922893906537957776
0.30089453077016597992710
0.30091820638476690641383
0.30094340186047507934575
0.30096879345519428339273
0.30099477896571685819893
0.30102139209046829826377
0.30101450646454452897416
0.30104203842056442841368
0.30098832570656075535709
0.30096326239337944929986
0.30093885403811421186404
0.30091533558776606405161
0.30089990792042825562547
0.30091968911504685113556
0.30093576895578799668129
0.30095804005450604856620
0.30098301492570100901247
0.30100849954352454362905
0.30103520083806134532978
0.30106242893103546398592
0.30105625498880522750156
0.30108318079565621339100
0.30102917904772791279910
0.30100241904987118379822
0.30097748782219341245892
0.30095505256377097502707
0.30093885624481869767166
0.30095726637010339343803
0.30097405034103402732271
0.30099703752896095343417
0.30102327122867184039379
0.30104994978742666278393
0.30107693459410000969001
0.30110312358598473325699
0.30109685119100410011228
0.30107085782154058284377
0.30104427086215956865800
0.30101780505656366981881
0.30099380054024027497661
0.30097571685097573856993
0.30099445449593648094222
0.30101424493963441220146
0.30103911559340640335947
0.30106561104871970568908
0.30109101600309090551733
0.30111654743519650212491
0.30111094028495188901218
0.30113610637923193813492
0.30108590700000031903372
0.30106044570836654195034
0.30103599917265005947442
0.30101449932351065363889
0.30103572165626069079281
0.30105749155748029455282
0.30108106382735527750683
0.30110560657328794276211
0.30113037688112431755627
0.30115631155877048419356
0.30114995920952108976465
0.30117658173173467162087
0.30112499685985422148704
0.30110073239645379628016
0.30107841004003971230318
0.30105656181895051881625
0.30107706215581037101359
0.30109782358161329973711
0.30111981005608479122770
0.30114447142015343672483
0.30117058458947976173903
0.30119724241579187706819
0.30119111722117253293618
0.30121838302397796471865
0.30116496498373240831015
0.30113916716763372560806
0.30111706375290592241356
0.30109671398804949138395
0.30111586121527861292790
0.30113599322557771387210
0.30115917175612494371961
0.30118552895622502374451
0.30121246275588114960087
0.30123910863700348317096
0.30123317114566527941122
0.30126018025692369306512
0.30120661355994976515760
0.30117994461890346125088
0.30115606739585309981067
0.30113476981391751330364
0.30115439983007563640172
0.30117673907530245758224
0.30120137894389725774502
0.30122771260356001610248
0.30125393205039224797659
0.30128057120588480621848
0.30127464094223666002392
0.30130123604636038781024
0.30124850297729760528753
0.30122227525467987208074
0.30119791560665848395573
0.30117514983765369951385
0.30119622393437595064825
0.30121917129314829120190
0.30124300877642662399580
0.30126919531191048706731
0.30129545877261926234425
0.30132194744822021759134
0.30131613621486058596233
0.30134232638274510707177
0.30128973413187160046434
0.30126355961920947557076
0.30123985777619954884443
0.30121762101380078480162
0.30123818727213430568312
0.30126060583397779035764
0.30128387854376142973578
0.30131028790207303735826
0.30133629805103073762140
0.30136263849520444901842
0.30135665586406834570710
0.30138257621974667843645
0.30133079506122389945588
0.30130489545301009091105
0.30128070567791542799796
0.30125855458609618331423
0.30125161406612199765931
0.30127093797620613235821
0.30127894009519357032545
0.30130142861023584410773
0.30132513506849073481320
0.30135162208746779644031
0.30137701892465351694028
0.30140330310296820082172
0.30139802482672856109858
0.30142437414747402790738
0.30137172566612080437665
0.30134574893502302783688
0.30132209941501131300612
0.30129963173652690722193
0.30129095156193963500613
0.30131099662898236379860
0.30132049229770679898976
0.30134262999000493987722
0.30136610669614516400117
0.30139230817647311155838
0.30141852422432463542989
0.30144560121089902793301
0.30143967032764656943655
0.30146650770794347629078
0.30141284855599792535941
0.30138662672812949194778
0.30136342123500931000635
0.30134110267665992211050
0.30133107699296157733215
0.30135084931943451058700
0.30136155025897409798219
0.30138356345450251216889
0.30140724740734081699145
0.30143387745430738622332
0.30146049184915901797410
0.30148697725351786269599
0.30148121578634901052141
0.30150707935958692695877
0.30145516655089860114103
0.30142781205220742224427
0.30140402197015819796277
0.30138158497975992000661
0.30137049262199239185733
0.30138973342635777541432
0.30140202391399745218692
0.30142437993026022224896
0.30144863580968750405020
0.30147548812980584642673
0.30150175875775725442551
0.30152720778570751836156
0.30152141635722062851244
0.30154764717633442128175
0.30149564256015654040155
0.30146931827176121077017
0.30144534125324018436487
0.30142213772138182203975
0.30140886239313119387973
0.30142850609373772474697
0.30144294089046791418340
0.30146597375509237570768
0.30148984269573381178375
0.30151592150821787674531
0.30154183074390339402981
0.30156808541228541376000
0.30156260218118302596224
0.30158924719032198513702
0.30153641611981280012955
0.30151010206012196501746
0.30148671181225322746045
0.30146370615860423880505
0.30144841343692685420308
0.30146837299065515347607
0.30148470136299215793585
0.30150718185308561514191
0.30153045901804220729758
0.30155716590875630833679
0.30158378377326328090291
0.30161000850336971979004
0.30160471880043093761969
0.30163033135567363096641
0.30157804894584555599479
0.30155109443193056639743
0.30152778213594960687871
0.30150523248621075023124
0.30148847642255743872752
0.30150850695642494869730
0.30152557042396521680416
0.30154849061496047379904
0.30157209641228305274652
0.30159888951053698269433
0.30162497058477139022514
0.30161955098588622004030
0.30164525871958797198502
0.30159301220051082381701
0.30156897097690410491921
0.30154620860402564508362
0.30152792928428068242042
0.30154738560495969457165
0.30156647616094700570244
0.30158974807062094436461
0.30161333326967393331230
0.30163995228076972976439
0.30166562430647242409876
0.30165994149042041350128
0.30168663979737542213400
0.30163376378822687184922
0.30161021691385719867284
0.30158725990478119083349
0.30156701473142560887553
0.30158697338206946758632
0.30160762291573528504074
0.30163071980470584909639
0.30165381681030878358030
0.30168069887708404142046
0.30170805848179382824270
0.30170190060812673849000
0.30172954040688987342733
0.30167468381772516439199
0.30165112116441716860749
0.30162780211715106704062
0.30160658560783765169688
0.30162609727113137703114
0.30164827147201928037035
0.30167139358628008993790
0.30169575360392375529273
0.30172381674695952780141
0.30175090278500349416646
0.30174478589354564173064
0.30177124402489996501942
0.30171695620621302724729
0.30169259718288882199388
0.30166886309918855557655
0.30164592046749855169807
0.30166641928445248055368
0.30168981555014351414457
0.30171366049560099931170
0.30173809544627799850147
0.30176495042455708794904
0.30179076101210045024459
0.30178474713850056421194
0.30181023656144712052907
0.30175855489749131566057
0.30173500585288537401141
0.30171078727533284791207
0.30168701967128391805417
0.30170804304583714872123
0.30173171323314007530314
0.30175525030383770763720
0.30177860983124749072459
0.30180437426130374278799
0.30183075946222420737897
0.30182534838802071996966
0.30185224394631599009742
0.30179852061665696227877
0.30177537604747745048073
0.30175224453389198897568
0.30172896183056524543886
0.30174980778601284692186
0.30177250098301283687263
0.30179540647169073031009
0.30181906584036766183488
0.30184679989708385061675
0.30187494029958517050005
0.30186902536605164648620
0.30189684496651142397994
0.30184069978190519734085
0.30181640213098620550980
0.30179294082054963777040
0.30177030943812371832635
0.30179068783367968276110
0.30181375927406306480805
0.30183796585455163752343
0.30186288802754723814559
0.30189115847504860434825
0.30191818882348075980815
0.30191220250433914440436
0.30193837087532349183761
0.30188525131002025281290
0.30186018792824992340584
0.30183524261292288271008
0.30181132408226313268429
0.30183293397652849465729
0.30185702134551273267959
0.30188181374525879796522
0.30190579762129132745940
0.30193261081919398058915
0.30195817029828053712492
0.30195184534712471435824
0.30197860712052904119673
0.30192577577715401515590
0.30190236515922114213240
0.30187882941094218436362
0.30185447588083846870433
0.30184725496176179060370
0.30186836418789309011146
0.30187589082102539439489
0.30189923407267649224650
0.30192235124511501709321
0.30194514581687009746602
0.30197200930048995193289
0.30199945454150028956164
0.30199320064944773500670
0.30202107855168380812216
0.30196535046955780279276
0.30194163900347992246509
0.30191889614988898227210
0.30189622407659832958871
0.30188791537567466471970
0.30190733547043463458337
0.30191578343375846671393
0.30193785177088278137703
0.30196156228307613478279
0.30198663045702250906643
0.30201521014936716369448
0.30204246975299653410474
0.30203693847175927533755
0.30206309252389218489299
0.30200874316817294396031
0.30198298623086983205610
0.30195819527015932415281
0.30193537014193583267740
0.30192626550383300232383
0.30194514876709005468669
0.30195538691651441220998
0.30197996940050697567415
0.30200541151149468133141
0.30203067222532298252702
0.30205771005886122848594
0.30208334472513503898838
0.30207765457007651477284
0.30210320985938249327418
0.30205183374337041257718
0.30202800853474048858871
0.30200238897485409683696
0.30197692137209747320625
0.30196510662692788162786
0.30198675290766174850177
0.30199957244233971431768
0.30202476881528578234182
0.30204879735378081795361
0.30207188411843860498252
0.30209754049138731746282
0.30212423308901364960022
0.30211807774553273153728
0.30214573440812275695322
0.30209109364657044105584
0.30206867645773011199495
0.30204603160086546109753
0.30202229607608466199764
0.30200903514456178822201
0.30203034051572280604958
0.30204390916710943670864
0.30206573214665571880388
0.30208744691193756271019
0.30211120937725904900262
0.30213951486761270182058
0.30216775147097957310294
0.30216146678293698268902
0.30218861794427698264087
0.30213238315142093570742
0.30210757449974279253979
0.30208478054406012747179
0.30206332020846898833710
0.30205043981734969182895
0.30206869625844762206057
0.30208185336905168938415
0.30210380466882053029920
0.30212875697126928553615
0.30215478448657911991759
0.30218260333326368849427
0.30217630428327119096465
0.30220255133978152217722
0.30215052478848575256976
0.30212459003055747164268
0.30210067618158920055293
0.30208633732492395918001
0.30210440692844053867105
0.30212137198357513767633
0.30214636154269347567691
0.30217251168600800514952
0.30219627497937373572512
0.30222141653013689932550
0.30221533722379162467675
0.30224001412686157808096
0.30219278801957766278363
0.30216880250525562923158
0.30214328117144512164671
0.30212474374377029651129
0.30214600630308124928902
0.30216548756082811655332
0.30218976686945980825172
0.30221202672595737226402
0.30223370240497576810768
0.30225944819360223148053
0.30225326811506286750486
0.30227917947362387129928
0.30223064876442223836150
0.30220886010177550051736
0.30218662308343902100916
0.30216768853539105466055
0.30218839559622701074204
0.30220643331237062589878
0.30222747473315980659692
0.30224984926426817777312
0.30227345633135394020741
0.30229933634368372219470
0.30229333113596912330223
0.30231901773853753212506
0.30227000920108221260207
0.30224672840559480002653
0.30222539334747450245899
0.30220753267777861195142
0.30222560927463776314639
0.30224445193262694520087
0.30226678800089312737498
0.30228990751733630926168
0.30231267851341575569890
0.30233986187224021202624
0.30233228739951101271544
0.30236244248260207845291
0.30230872128643160312578
0.30228639303476972921558
0.30226404020482600110142
0.30224394673048304849061
0.30226358024158650472657
0.30228314494169744586216
0.30230432297272297192947
0.30232722104845355381997
0.30235413293832813508288
0.30238102460574328711473
0.30237562462214778724601
0.30234825382866548082461
0.30232189568948164559714
0.30230106453716792946906
0.30228253023577961178248
0.30229956526198437094521
0.30231795136051486938555
0.30234291894349923923713
0.30237174106423458930237
0.30237935694917922324620
0.30238382644028771739642
0.30236804918139797981880
0.30233825980429945845529
0.30231593960094882422851
0.30233585783251154532891
0.30236513816999560644305
0.30238686312472834449849
0.30235938601513573376067
0.30238887602190606118668
0.30236419454629892555886
0.30239130143125431127160
0.30237088433390146846591
0.30222065737099862436921
0.30237809605016963132584
0.30229703221475173746668
0.30223045155231648140060
0.30197744837997775313454
0.30011510880859559868838
0.30012474754369911078555
0.30041000805018752695119
0.30040632186955906757220
0.30050483072110528715015
0.30039120572598854153057
0.30049979189722675343432
0.30052761733084271122962
0.30052354562600552823071
0.30053829942883036885348
0.30048961154356901293028
0.30036924368360434778324
0.30047685351160197120279
0.30051709439206836238512
0.30053525769261957290013
0.30055605250772893244360
0.30055292568339386782839
0.30057926863913903003933
0.30053067911928754707418
0.30051150599779880012719
0.30046169365923897087711
0.30044324566610963733737
0.30050503210524553976413
0.30052788581787009958290
0.30054905377578983172171
0.30057627217579668821301
0.30060260823281587105882
0.30059951749487517913551
0.30057210021579100489575
0.30054599686940697278459
0.30052457527523013247617
0.30049726424115896783462
0.30049250907898938933727
0.30052088467490567502693
0.30054287040768384864364
0.30056824604187692973056
0.30059474051822826501379
0.30062116995729237789448
0.30061596762652548209260
0.30064152781079489518135
0.30059059005264882058484
0.30056427144362257708465
0.30053938766045257269255
0.30051798189952094730870
0.30053609896896171793657
0.30055959657745662250150
0.30058610280183872820459
0.30061161874031211427294
0.30063630635561910953157
0.30066320120738698751239
0.30065775881407985625771
0.30068535046170308255853
0.30063194904791273875944
0.30060689255592465407574
0.30058086930889976740033
0.30055527477451349227522
0.30057606181840962333851
0.30060172189172773560273
0.30062689724037083838226
0.30065275946874930879105
0.30068001115431819414425
0.30070752162299302367998
0.30070198240273698919722
0.30072756897559815847387
0.30067506053666365195554
0.30064805818937401227231
0.30062183977849521454573
0.30059647992066668154010
0.30061705653453885123128
0.30064266868580369340691
0.30067023859695357623778
0.30069755459746883019534
0.30072304136207861358088
0.30074632682514157444587
0.30074210900155257109034
0.30076503986387087552501
0.30071886592605795440747
0.30069280427995981330724
0.30066492135361216897493
0.30063766629360055837594
0.30065988893726569575193
0.30068748070998274624088
0.30071436226432568528111
0.30073814399162807076138
0.30076109939935591341964
0.30078501055353856763475
0.30078057199390301201802
0.30080690401038284731428
0.30075725256257157536055
0.30073420058705285784484
0.30070966985625002809712
0.30068217531631852290630
0.30070432546887709834849
0.30072982582533908102462
0.30075349876933488157960
0.30077669535064310846195
0.30080222797725064687313
0.30082940051113715718145
0.30082447470210810225311
0.30085136511450316643135
0.30079813769217056407257
0.30077280708971165790189
0.30074901200641940279823
0.30072512350851959839204
0.30071783899242809923180
0.30073709392085512526194
0.30074468658442565782707
0.30076855533186730440320
0.30079364773358602258568
0.30082003335907414598438
0.30084698465994985649985
0.30087204374992781996667
0.30086710749812467513564
0.30089082305717490539720
0.30084187710945947680230
0.30081544393949660731735
0.30078899771974099142113
0.30076410125871433365319
0.30075575768498746809243
0.30077460271079048403919
0.30078401344638250325403
0.30081056874549777502281
0.30083711004891122708926
0.30086241529830543006696
0.30088616060197481694161
0.30090898940910515424463
0.30090441554883606833926
0.30092782649529797867061
0.30088162181989380750124
0.30085795722357278059178
0.30083183172781541303564
0.30080497647492981938555
0.30079384995806207614422
0.30081415833643065926850
0.30082619948563865674984
0.30085246549179844866018
0.30087690882138390380263
0.30090044085691386444026
0.30092362011404649724255
0.30094821448651271067476
0.30094422116230523656100
0.30096946178198025201311
0.30091925835540578315630
0.30089595852390471630855
0.30087211639689409592435
0.30084711832707611289806
0.30083447311702465887251
0.30085396574073586251075
0.30086685935639845279610
0.30089138018802130680740
0.30091523960069105347870
0.30093988511208463743074
0.30096522190501678872820
0.30099100628871428009248
0.30098680370645858328515
0.30101141741482739799807
0.30096130163931589240889
0.30093601538372005688160
0.30091109856229836250208
0.30088641950629513299731
0.30087295171017536254965
0.30089197372577747291444
0.30090615587204488923234
0.30093179110992185343321
0.30095751295605743802497
0.30098285227581178524758
0.30100761278361432005113
0.30103182220570240401614
0.30102784866045767531162
0.30105168798482867531519
0.30100365533759704250727
0.30097889421478157823131
0.30095336700637642657341
0.30092706379618594514369
0.30091140794810056213748
0.30093138363175497840274
0.30094863279833211633374
0.30097472241539724446824
0.30099941787790912561817
0.30102350708912373189463
0.30104768367046136345877
0.30107191358323137642117
0.30106734590226658099255
0.30109244564718773418122
0.30104298361834402886217
0.30101925218057207223055
0.30099541004785757003503
0.30096947417391617385363
0.30095205071510849892391
0.30097182754285400907435
0.30098994486321706265386
0.30101463319316584810181
0.30103897716387145733208
0.30106310118147255883159
0.30108797609360810065837
0.30111272224477830805611
0.30110896487736110715971
0.30113336081263314403245
0.30108372075629907804739
0.30105835280031900680342
0.30103411667732948853171
0.30100926418897716585477
0.30099099902541037732107
0.30100941978938755561046
0.30102829938522263075740
0.30105370218656951619707
0.30107917687612906210148
0.30110442918664975797682
0.30112957763250836062952
0.30115318900718035521891
0.30114942660856380829415
0.30112527474066952404286
0.30110014942067597765174
0.30107450489481329958252
0.30104808300856422675906
0.30102788749867653850245
0.30104665032329774865261
0.30106856116389363320351
0.30109584790827931266577
0.30112146208694562377062
0.30114536959762838730370
0.30116905574147578850130
0.30116522785891330915575
0.30118854736441585950857
0.30114172842772041205350
0.30111720778607453663511
0.30109034766292275264732
0.30106672919689680956168
0.30108799393646951125803
0.30111187447638471104128
0.30113785527464376201578
0.30116139757570170587542
0.30118459608765851820422
0.30120868360229480220625
0.30120410874790948252411
0.30122888300231837055421
0.30118075879773775760384
0.30115755340989514010630
0.30113282567342847251268
0.30110888092943072225083
0.30112944307011640932004
0.30115227018632756417205
0.30117665660794556981017
0.30120020406198766416139
0.30122466438907030683581
0.30124947345622582473013
0.30124512638851902446291
0.30127054423731114418672
0.30122066775613975941894
0.30119603664768584971867
0.30117153925532480496230
0.30114916621772158666914
0.30116838541002827200899
0.30119050094955085450366
0.30121606349003260394426
0.30124119956307915391136
0.30126639788104492279075
0.30129119819718325201663
0.30128703056155364814472
0.30131219618090360201634
0.30126225398760703155787
0.30123685825914947589155
0.30121060499337953819676
0.30118736509573462711842
0.30120706483961973143337
0.30123130383777302343518
0.30125831266578800837763
0.30128332326613449509978
0.30130771596208710816356
0.30133251315450282348252
0.30132834867251701016500
0.30135310426436512365456
0.30130408214999021554448
0.30127922638422827139593
0.30125250553253979379775
0.30122788504563641209799
0.30124903172541189766420
0.30127378793902936937599
0.30129997497835997455340
0.30132474134536635368420
0.30134908756200057267094
0.30137374087642515574359
0.30136968437263467190945
0.30139404291272553493286
0.30134524786602467916197
0.30132054078914494166241
0.30129449840002564542374
0.30127050029796603736187
0.30129113672281648828033
0.30131527067890973015096
0.30134087445655316495063
0.30136576901981942944175
0.30138976514864079803147
0.30141427677873244839191
0.30141004214317151932434
0.30143413626272158589714
0.30138624323956647588219
0.30136190244129967830133
0.30133539137312270739244
0.30131157336053376871732
0.30130467509426167582731
0.30132408637249630256605
0.30133202972073802605735
0.30135613500194186054060
0.30138215041722049569728
0.30140703602908958114170
0.30143032274919911994715
0.30145478463304758998120
0.30145124366464148835121
0.30147577520712071086351
0.30142710433962693894472
0.30140277240298757321924
0.30137682591781900232064
0.30135279265272169046952
0.30134418604329149538046
0.30136431442536865121795
0.30137372326076977691045
0.30139737793453408309929
0.30142313761993161369546
0.30144765139949231125271
0.30147165760576349891053
0.30149691993889521368644
0.30149271862567800228661
0.30151774371987999368017
0.30146815752925337772439
0.30144366253474569328219
0.30141818549351739875419
0.30139440204072925899581
0.30138447332899065411738
0.30140432314382253897733
0.30141491912559909005509
0.30143834430327165474495
0.30146428534420416367468
0.30148915099756218305416
0.30151345408960550376065
0.30153813053021027990042
0.30153408937839604186948
0.30155814835251160133112
0.30151040260634820455721
0.30148484978257616972996
0.30145881886005809757734
0.30143502460119753205703
0.30142403925818245236101
0.30144334608506728745425
0.30145553382604811654133
0.30147919394548150506807
0.30150567404014266825740
0.30153068709827418603098
0.30155454242745277637638
0.30157819020360054906860
0.30157411017548457765614
0.30159854206480690708148
0.30155080495400965467923
0.30152635554867190936790
0.30150016839513682498364
0.30147571547312801421015
0.30146253441145437479420
0.30148223193438028477686
0.30149658778931082148134
0.30152081327480945160957
0.30154687537496577265372
0.30157104625618263993303
0.30159443536742652769433
0.30161889297363447814959
0.30161511545628949537701
0.30163996670048365267292
0.30159150082080565802300
0.30156712770768867581950
0.30154156295460177172885
0.30151742387138819045944
0.30150218771397985229044
0.30152218589886919941634
0.30153848942494398954750
0.30156204583875145797123
0.30158747851898770608869
0.30161221077831928960578
0.30163620385977579774206
0.30166063759241440456194
0.30165704539504095693658
0.30168086841687369314968
0.30163305426027681166445
0.30160810596758047541499
0.30158265671075673575174
0.30155908841859463409563
0.30154231876784148846937
0.30156236977646699859434
0.30157949385530607999684
0.30160337474252468803471
0.30162909662033243751722
0.30165385518382670237969
0.30167720458834740293597
0.30167447555833437622397
0.30169739879586343622719
0.30164999845002515854731
0.30162386427970466762361
0.30160020108986879128210
0.30158180618499769165552
0.30160126745343890375395
0.30162053772472391388604
0.30164465129749545857507
0.30167030439672526398454
0.30169483408997510576199
0.30171766836399738220820
0.30171478083280928172982
0.30173858754153887185012
0.30169071898579391532991
0.30166512894897518082260
0.30164138926735073464869
0.30162089077256237779068
0.30164083578620509706880
0.30166181782459094984361
0.30168563995149222378700
0.30171075371879979565293
0.30173549702943802675037
0.30175991029256454822871
0.30175665565490683572847
0.30178129599217989875726
0.30173159917479397407192
0.30170604698336050963903
0.30168206465477170885592
0.30166042649646618301063
0.30167990974373615209458
0.30170260160974404772816
0.30172632602015608815904
0.30175264548371211192901
0.30177852709922642349127
0.30180256054204129823049
0.30179945081688908103956
0.30182280268697758707219
0.30177382463210045138169
0.30174753772242796090453
0.30172326119272818711892
0.30169967998488139704349
0.30172022856193420059512
0.30174427910994383594812
0.30176860713793240975633
0.30179493885844316247713
0.30181957088850092096877
0.30184222093806872821986
0.30183932234332794264375
0.30186159799524997504605
0.30181536976273193317866
0.30178995632659277870147
0.30176531582337690062801
0.30174087734015803130561
0.30176195026460206349839
0.30178630637488335075602
0.30181020539486513865057
0.30183539379616297626541
0.30185890159479544792021
0.30188202168797700908343
0.30187982690748876857256
0.30190340538943638559743
0.30185527278854162869237
0.30183033692834065897515
0.30180690288563466472382
0.30178291427184245065973
0.30180380530254097282139
0.30182721985907129402804
0.30185037187653307455548
0.30187578551371213597676
0.30190123051624989658492
0.30192600161406496495076
0.30192340854698795915567
0.30194780692064210336767
0.30189738490809697735173
0.30187137099226662995122
0.30184771946187516356019
0.30182434924286843935803
0.30184477259501951706966
0.30186859805740756668158
0.30189293832723496091575
0.30191953484414074670994
0.30194549103001461221041
0.30196905088114317505799
0.30196648284882920965089
0.30198913139201716271387
0.30194185889846403281211
0.30191516450749866784520
0.30189014097459282437441
0.30186545001376263730464
0.30188710000392127152935
0.30191197629570576399516
0.30193679470277129395228
0.30196236588711128367990
0.30198683932350972591863
0.30200882878332813152866
0.30200602204336279843488
0.30202916459963946582690
0.30198230141631909884126
0.30195734924710943003490
0.30193383977179638621990
0.30190867872644788771908
0.30190035651675906080982
0.30192138763647136112667
0.30193013351776387676040
0.30195429860448202985523
0.30197733618158012491861
0.30200162627762361378103
0.30202613210285306211134
0.30204991155140215042252
0.30204726776336554561198
0.30207143415335541147826
0.30202178493355413824162
0.30199662563257317904331
0.30197401388481681649978
0.30195050320066146865017
0.30194086170733180907177
0.30196020398102152437758
0.30197009824576498404625
0.30199302121799598275231
0.30201655246293085399500
0.30204301759891061252006
0.30206922108051370567949
0.30209272290108346581405
0.30209089337700439914514
0.30211324374740999854083
0.30206508225380995780185
0.30203797776349761150527
0.30201341517866253649771
0.30198971694945830890333
0.30197905772239136412693
0.30199786997859728865379
0.30200976811490187756704
0.30203523672239679376261
0.30206040359402741568573
0.30208696166987880626920
0.30211160807040426945491
0.30213339493841767646742
0.30213149299895597499344
0.30215315854035429410374
0.30210806980401322396901
0.30208300124358450355899
0.30205770393735009715641
0.30203133561780060034607
0.30201776197573820814668
0.30203934510752766806618
0.30205402038294798527929
0.30208013105639053286211
0.30210379163952927328296
0.30212806582909212949062
0.30215131759659008547914
0.30217407916275385026950
0.30217179382658448938415
0.30219547800897922362751
0.30214722105863245360524
0.30212367166332443346732
0.30210143750531665007841
0.30207677330713844643384
0.30206156954289903326938
0.30208282299692201799957
0.30209841689857780400175
0.30212117898154244866049
0.30214244213085450496692
0.30216728052092706180431
0.30219316986803862468136
0.30221739385779683439992
0.30221505890899746926692
0.30223815914082352573899
0.30218839445832473833420
0.30216256757839154989398
0.30214026730408932719385
0.30211785787516193257929
0.30210287836427390795180
0.30212109508442447358689
0.30213642137985879942974
0.30215933134830619266609
0.30218375028148947158968
0.30221073515079682758611
0.30223613007010230457894
0.30223219445266757965385
0.30225601209120994683488
0.30220551922437216552098
0.30218015483096899442828
0.30215527010359816140195
0.30213870080515248250919
0.30215674323837671266801
0.30217599323330129879039
0.30220196106928814971937
0.30222750527017511190664
0.30225210281141340340483
0.30227481150244595031751
0.30227109949526836940592
0.30229334181677208759353
0.30224777833929761250431
0.30222443559057077244745
0.30219793043909704000072
0.30217706079218698000943
0.30219831076398478986178
0.30222016550133268264489
0.30224543343336540690558
0.30226701561106689153391
0.30228939753050720895544
0.30231270596751247392575
0.30230889591756665568667
0.30233236668455643059161
0.30228563618191556239267
0.30226455837217297561992
0.30224132675197612485363
0.30221998455029441821296
0.30224068945487592152688
0.30226116230136479412494
0.30228320094949173713061
0.30230483413131326031476
0.30232901640073478466419
0.30235245313540770606409
0.30234882121044243108443
0.30237206246118886188157
0.30232499052264971695081
0.30230248012480037678174
0.30228014793288160433349
0.30225983099826853051084
0.30227791625211719583888
0.30229923446850059942648
0.30232256500679832722511
0.30234488547944043945748
0.30236809592195257323510
0.30239283311473658111268
0.30238763126706125206056
0.30241533861803981952932
0.30236369592342715595379
0.30234219421734603860941
0.30231884949704723730690
0.30229627645582918260558
0.30231599514153201235800
0.30233798036263587194483
0.30236014464474497698276
0.30238219304595786995904
0.30240940491261952827173
0.30243384485732571764771
0.30243082137978494206010
0.30240322212010628533108
0.30237773568948450586547
0.30235592489013241035423
0.30233503053709925856296
0.30235215233504364462647
0.30237283764337713476422
0.30239877568947959307621
0.30242670443675362390579
0.30243447367612447118645
0.30243878380996958021854
0.30242392359962655401517
0.30239317231857931744798
0.30236860987900743280576
0.30238861103278580344522
0.30242007696539652261691
0.30244275189551778071362
0.30241527703041837238374
0.30244383849299677491373
0.30241703146830645199117
0.30244422321128866526507
0.30242586382177677473138
0.30227563114210326267184
0.30243109379150162618899
0.30234951800265363885956
0.30228349964256367998772
0.30202989223392839868154
