0.12840487704042835570561
0.12832050486474161354877
0.12878747172095009188020
0.12874832044257525365261
0.12891605785452489585374
0.12870203022155046745922
0.12890121527367370823924
0.12893806277912633895255
0.12893156327727750554146
0.12893555324529673566936
0.12888382715269044997974
0.12864881179127177213140
0.12886186534865490260771
0.12892367946293942226887
0.12892938280265101025357
0.12894062908728731731145
0.12893231623707032684756
0.12895438743210679843898
0.12892319838876747928325
0.12891617086429141281201
0.12883492180398795068363
0.12880238705559080014673
0.12890600311021324642091
0.12891812086047990670856
0.12892571086707138583449
0.12894614527323838837347
0.12897137748002787671631
0.12896364615629743455294
0.12893891040483634879976
0.12891940012585964558944
0.12891224762654179825105
0.12889420291103173554781
0.12888443570832505691293
0.12890721809573482681266
0.12891311545512298963878
0.12893123337239092984774
0.12895605443736984918601
0.12898028264788086172388
0.12897224738098173046907
0.12899494261479835244266
0.12894892440315203208101
0.12892461633191520942177
0.12890797121024669125156
0.12890186346360862912341
0.12890345405203232354019
0.12891795091683538876381
0.12894179553065207577411
0.12896544858415151524333
0.12898711522646960636607
0.12901030876109514933248
0.12900196602764205100478
0.12902608299104006972513
0.12897974828006358860577
0.12895837124745426760519
0.12893509562839397530887
0.12891277469695328061761
0.12892992246044249204928
0.12895234825565229930255
0.12897225446503648993435
0.12899354293388426428990
0.12901761505049941236578
0.12904128319912344657894
0.12903268476493234828695
0.12905330103191903212689
0.12900910288389760838257
0.12898626822521114254627
0.12896616677162131558987
0.12894649262908483566825
0.12896025371412203619492
0.12897877813632072085959
0.12900101607729819175319
0.12902515553076049359404
0.12904621264697793692200
0.12906325397371584684514
0.12905701247086298621980
0.12907302555992986037303
0.12903938716571863865035
0.12901700000228402687164
0.12899299705056649356649
0.12897240535428025620668
0.12898644892565339081791
0.12900930804625232450888
0.12903170863705396009813
0.12905041753847695806812
0.12906700841586976613584
0.12908530582093388772158
0.12907754324227896369770
0.12909962701862112699480
0.12906027348257131937004
0.12904440832335026256850
0.12902519348594587711432
0.12900214329224962694909
0.12901820208967254566268
0.12903810868664472577549
0.12905437974824499058890
0.12907097438604975270238
0.12909141517406341748142
0.12911523746163655612662
0.12910663501026001243055
0.12912967432111663312888
0.12908397835202994885506
0.12906442946432980511950
0.12904826944753725048720
0.12903205923841887248216
0.12902695750454329370882
0.12903856740157770843780
0.12904361128783203849224
0.12905791748120837292291
0.12907601586572806096065
0.12909858749549260603651
0.12912204974365765197675
0.12914241481068575168045
0.12913448514354075591370
0.12915281989494484249370
0.12911328857885648324633
0.12909051094565743289522
0.12906966089244734097186
0.12905311878729930352705
0.12904842809090219524215
0.12905757412015494978164
0.12906363128925377181666
0.12908317123811052784532
0.12910561900191352968648
0.12912675018676189608868
0.12914526485477353934250
0.12916268328421895428271
0.12915512296123921043289
0.12917322823908911066937
0.12913841770186970658862
0.12911959100046141446505
0.12909763374076346775787
0.12907616545312944333901
0.12906838101818948749688
0.12908139132982304753128
0.12909082167726959600174
0.12911145568329737698399
0.12913079791277795593807
0.12914876157823271252134
0.12916655895244058549487
0.12918581971776990635625
0.12917866586344287083143
0.12919929125885334930679
0.12915888865639441052124
0.12914149392283949535631
0.12912409510198780138168
0.12910540025997108148914
0.12909578797601528599159
0.12910842444520578831124
0.12911834946066677587417
0.12913520623669189069105
0.12915224064529118308542
0.12917102802672605910139
0.12919143898192064767727
0.12921201543573587744440
0.12920400789281213937976
0.12922340612049385000226
0.12918415291243301457058
0.12916452050236723603227
0.12914619390543780053093
0.12912933976266421920442
0.12912046527275911067534
0.12913119094748484738666
0.12914026986243859473902
0.12915743670489152061798
0.12917730118824272134148
0.12919723744510824836595
0.12921601231093371442427
0.12923445055223251043408
0.12922735917484254319909
0.12924639849570193628203
0.12920880031648918073728
0.12918975968635829087994
0.12917042454458554923136
0.12915220966895271659247
0.12914148129031349787610
0.12915232342827062672619
0.12916485751803608028609
0.12918329526389035755152
0.12920169604003253760460
0.12921980857540163456498
0.12923905330035453942195
0.12925947784369093418455
0.12925127580919057446174
0.12927304317545001977052
0.12923113307245787106936
0.12921302254256966657309
0.12919544699126120357313
0.12917724513437464639587
0.12916445370129128744630
0.12917622197126060745731
0.12918876742720702965883
0.12920586591402705156639
0.12922444662094773049077
0.12924410069034419912271
0.12926496175847260183822
0.12928575947706505422374
0.12927860335922561341171
0.12929777413172047206835
0.12925758761580918854150
0.12923620307028998999144
0.12921684388679383070908
0.12919992665788915253700
0.12918683151583942869678
0.12919720450345864581898
0.12921062982776596039791
0.12922895577294241098443
0.12924958158350399739511
0.12927091968980305991543
0.12929087623395410511229
0.12930842424673255619538
0.12930124421166755421808
0.12928306069666722910583
0.12926346432326396573842
0.12924249325370210095265
0.12922256797509351633479
0.12920758097604922998158
0.12921850262739401071777
0.12923529361936259007848
0.12925619151482853341761
0.12927658791423563000578
0.12929438395860098909296
0.12931104031481230332012
0.12930416894700327845591
0.12932139525425373483003
0.12928750562847252103538
0.12926919837131403689945
0.12924948390920065754983
0.12923107125900687441877
0.12924486720711855780586
0.12926322287863156734744
0.12928066025632678481827
0.12929720682712406154558
0.12931420518272060404819
0.12933277327613912355275
0.12932461923606178300084
0.12934497000602465655028
0.12930686002131999701170
0.12929095387458219845733
0.12927530222862052000643
0.12925790551958712959468
0.12926962478321241123425
0.12928498913902755629302
0.12930027337415353483330
0.12931757903870436110516
0.12933691073289810269387
0.12935704924186219866300
0.12934930372082814598045
0.12936911650339341650628
0.12932946226187122529261
0.12931011805660783120508
0.12929402633394027066771
0.12927999918219446051637
0.12928941904732640932885
0.12930393678149773584174
0.12932128737904113879864
0.12934153861952119024537
0.12936190001434078045150
0.12938107346162014410496
0.12937353632801401603913
0.12939307837657179622859
0.12935397358225006470001
0.12933409549944377414654
0.12931531490507153225877
0.12929903363535499849490
0.12930946017180788842893
0.12932785193883192254027
0.12934714279745976317493
0.12936662988328190282417
0.12938549000456331383724
0.12940534624163457788626
0.12939825136189944676524
0.12941841147518345911394
0.12937889531978197243944
0.12935969845512046427771
0.12934048107122292359250
0.12932154731150702353659
0.12933498158281855894280
0.12935321412292866138927
0.12937166539694994193965
0.12939147212510390683171
0.12941156113641680280857
0.12943163823325379291340
0.12942460118837326166208
0.12944402005410379774553
0.12940391528732272941049
0.12938407091403039683719
0.12936600632235045749141
0.12934811946599419907322
0.12936055721677999774677
0.12937853338477811604434
0.12939691892560567509918
0.12941679906830871882306
0.12943631556897081114066
0.12945494596886145122205
0.12944710718649407588110
0.12946445737128478570277
0.12942917486698574114357
0.12940993356057883811872
0.12939069140234277233148
0.12937244102957512481566
0.12936701267674918791606
0.12937827677097959999664
0.12938473643860373685222
0.12940292709716263996889
0.12942157893422662207072
0.12944032046893741427773
0.12945729017889726075730
0.12947449190021162457320
0.12946761703160067358276
0.12948607170884429695690
0.12944991760863749918897
0.12943223915263660228625
0.12941495849543979690388
0.12939728033667158291209
0.12939040697585496575428
0.12940226234239549096827
0.12940953179801370498403
0.12942612906017619822663
0.12944232749640582902373
0.12945973523867509991092
0.12947852639606546865103
0.12949866790120193038582
0.12949073438455863116481
0.12951178518292916219679
0.12947077162843567688100
0.12945256295879378760638
0.12943650192039690693946
0.12942025354288227978472
0.12941305822260149027692
0.12942295871840009402476
0.12943036407573024759721
0.12944611181440343616877
0.12946367265656616440950
0.12948354576327372744693
0.12950407250341616771649
0.12952405059041791068886
0.12951707382179436511827
0.12953584141989893385727
0.12949701560297630087426
0.12947572380557362259346
0.12945692507386044600715
0.12944028421239303638934
0.12943310921603964902538
0.12944253843859584995890
0.12945145746360672833752
0.12946917395922877269676
0.12948885579015625979515
0.12950960759731916516202
0.12952918458100623477769
0.12954684063325955234447
0.12953953917099458870155
0.12955790445144549360990
0.12952141545944403921986
0.12950229147425798559290
0.12948287286260035111596
0.12946338595885908961947
0.12945287878971684092377
0.12946488279804924115268
0.12947662547151592149497
0.12949608537028764465582
0.12951459336818890721865
0.12953253143967322080776
0.12955013190002381828769
0.12956885197453610336638
0.12956129859225215539276
0.12958021822535698008849
0.12954324516787421583963
0.12952554194815471544366
0.12950825769384580188337
0.12949003136176659434220
0.12947805455716315803372
0.12949013252451418987121
0.12950304166695536522980
0.12951941906832564743723
0.12953551010091901574128
0.12955397973502003061697
0.12957316586259087776156
0.12959201485297897060711
0.12958475898179799834509
0.12960287594169231373264
0.12956526734965581604264
0.12954640855154969658614
0.12952987241717903166283
0.12951416323020975562841
0.12950165215620379477457
0.12951222734895923016651
0.12952422592497966902236
0.12954034495681893135455
0.12955776852959485778705
0.12957707573990939753372
0.12959562385492284786181
0.12958864026240096700704
0.12960619530504496887957
0.12956983640772304355870
0.12955119708620760343720
0.12953379140158960414198
0.12952123691404857086518
0.12953032382619458773299
0.12954483771982389095356
0.12956257935975393214001
0.12958088443941398471004
0.12959961051909152374151
0.12961707175808506731229
0.12960978112487400726316
0.12962863195266907667680
0.12959179386154912050344
0.12957459680802441148728
0.12955660079685565877483
0.12954049933612102329938
0.12955210750809517672444
0.12956847795728129724147
0.12958597859877649116633
0.12960247774873112636129
0.12962070981664078339612
0.12964099115320265598328
0.12963306634498128477873
0.12965356013260440071200
0.12961370742944669509633
0.12959678490037962461656
0.12957958343843564708031
0.12956290088203548105383
0.12957436846898634508207
0.12959041458203779395575
0.12960712340264163300319
0.12962541847868264133226
0.12964617308286302543863
0.12966648376977682466382
0.12965878680064360506385
0.12967773236063215303027
0.12963785533882501987968
0.12961882616025841019614
0.12960155620588034719454
0.12958504007583920847324
0.12959599963396117860981
0.12961306588175372511706
0.12963125932026509090633
0.12965014479724221163615
0.12966990811147000028924
0.12968794293660881877805
0.12967980527979028337882
0.12969704470453904954219
0.12966215545149778476386
0.12964418730860699513485
0.12962494194711790540531
0.12960643966612614419454
0.12961855688180007328825
0.12963699710661513719856
0.12965551816109013860689
0.12967267170707161283438
0.12968984438225680810852
0.12970751404362557135386
0.12970049611521380916734
0.12971926944161235595310
0.12968251504067337953607
0.12966615069898101975099
0.12964898793025331213968
0.12963081556105393588041
0.12964331802935688542355
0.12966019874531009570262
0.12967603852731732216874
0.12969256151332358983908
0.12971241517257506292715
0.12973258934550022103416
0.12972461273828922445617
0.12974485615289266249306
0.12970446103146254790417
0.12968698378812182347986
0.12967059061617439152947
0.12965420211952843887460
0.12966441518832480528367
0.12968090949717744897463
0.12969851040362750937973
0.12971715077886017408737
0.12973727910342169877822
0.12975621394178954437493
0.12974874693752069809705
0.12976649696265346589641
0.12973009307039870541267
0.12971103775577710881528
0.12969204287165533862058
0.12967473605512769285752
0.12968619351616261781146
0.12970449617908705319813
0.12972318667561377747433
0.12974112466021664458182
0.12975958567022125023094
0.12977749518858366917229
0.12976964647875580127767
0.12978921124247688734243
0.12975143549578049828597
0.12973487655635290716205
0.12971717394289697389276
0.12969837312638365922624
0.12969230189749136883393
0.12970458066344126013547
0.12971053973176349671803
0.12972872337743529547183
0.12974522260854581823253
0.12976149169829082063998
0.12978082572610175060568
0.12980186065527637984118
0.12979334301738967849538
0.12981353770757100840605
0.12977279897567556288251
0.12975529338731486839187
0.12973856937978009429280
0.12972199811468049235330
0.12971575354605099916760
0.12972639929208909514990
0.12973268107510302349361
0.12974815373152806530221
0.12976542642194857646309
0.12978529965508525667595
0.12980632791767707234776
0.12982461099581374397438
0.12981767965765417249813
0.12983367016088870338208
0.12979796542443608475814
0.12977797191375070595676
0.12975904496016130162950
0.12974238390528539111024
0.12973616247202654494508
0.12974506598821336500471
0.12975273239037105055260
0.12977123631279949278472
0.12979118174853984668538
0.12980974041545909059003
0.12982686621725672559968
0.12984237066003270766323
0.12983484337705916700223
0.12985171111054896742054
0.12981977904789016031728
0.12980392301009577304960
0.12978461911786376425937
0.12976399905902763487475
0.12975514653311004398262
0.12976731760168255802590
0.12977764175780856503728
0.12979693296115157874482
0.12981410968991219379021
0.12982837227432375559744
0.12984429444979705969843
0.12986364427566457480090
0.12985575696524048749936
0.12987723868508863067639
0.12983704829724926343992
0.12982239606443155000015
0.12980814887784286604244
0.12979112113242499693122
0.12978047751455096259221
0.12979249414081042712787
0.12980311080761128272876
0.12981711645637528107500
0.12983051430947650795034
0.12984729467955419268677
0.12986941762624373830626
0.12989067455030378628322
0.12988210032913105607122
0.12990093967447322031994
0.12986024425502701307167
0.12984098774716770763327
0.12982533987837979738700
0.12981192341317082661334
0.12980296383980691188320
0.12981129455311779530291
0.12981947766874263328063
0.12983431712542467528770
0.12985332850030989471080
0.12987401842636536741793
0.12989331780723589737647
0.12988613126443981915514
0.12990176016046428575379
0.12986676125913323986971
0.12984565360898203678630
0.12982790264361387944092
0.12981804674705288427106
0.12982565593410597126756
0.12983902397289454055951
0.12985893373171888964812
0.12987884017232603772740
0.12989509490269521285732
0.12990930861101504523170
0.12990228074684853631915
0.12991733816567627157745
0.12988877226825931709975
0.12987215855519332330381
0.12985206001245588880444
0.12983628352107778880509
0.12984879322822281966232
0.12986504084851346885188
0.12988311731807411497641
0.12989684729688821818172
0.12990991154444869737361
0.12992622430073055839195
0.12991892034583180093321
0.12993446253779208920953
0.12990468163641222254512
0.12989112626184204368762
0.12987651950093123676133
0.12986151477365628914562
0.12987288904852592463790
0.12988570899842491468412
0.12989863057682640712365
0.12991260563421738738477
0.12992729894992480210725
0.12994030884159701866309
0.12993275804270187911982
0.12994530478139024176620
0.12992046967411841063011
0.12990650419447372088122
0.12989363181970339788940
0.12988235482926210884180
0.12988945771039589471840
0.12990121109928834397529
0.12991431763809868638049
0.12992616293497921686750
0.12993706031160445757422
0.12995586424503566269628
0.12994683910711862795395
0.12997646507813789829022
0.12993060859190844191779
0.12992006197117594856749
0.12990795284409195620157
0.12989627176475035397196
0.12990320736653712674347
0.12991362910928466734006
0.12992383190237802303990
0.12993954314655534187928
0.12996741568601552496709
0.12999272290935506846132
0.12998889833783500158404
0.12995883952404682637471
0.12993178403342514615204
0.12991803333032320155738
0.12990908098448117335977
0.12991333000821220222676
0.12992561819847869841738
0.12995070882000356315977
0.12998311656746969200427
0.12996211697299417386908
0.12997142126598348887967
0.12997691986157822174874
0.12994287900570378191389
0.12991976858422304985652
0.12993554631170586843858
0.12996933604458862920872
0.12997623185851162053162
0.12986359452848414419712
0.12997711120508753657177
0.12996225073935094296296
0.12997642965051733887627
0.12988899757553262759302
0.12956724965040899988367
0.12990945523117417015335
0.12975985688818644780973
0.12963198978073087186402
0.12927584840178130143329
0.12842617374947268293894
0.12834335441863981008837
0.12880879189168847887004
0.12877121090063592401265
0.12893735894314795054072
0.12872544608521105380383
0.12892409735675691706547
0.12895932740713100805863
0.12895441417577152565244
0.12895677762130106080996
0.12890724735655087473951
0.12867259280213963479333
0.12888568043750373015577
0.12894707806956998141779
0.12895219543794678163096
0.12896181397041472926901
0.12895509078771841271482
0.12897553362162447743167
0.12894656857425773610615
0.12893999087875609999010
0.12885914707201856499452
0.12882607597446626979121
0.12893023713437673505311
0.12894193523396343947773
0.12894905354647304140947
0.12896888343951704025692
0.12899248549521966089593
0.12898634808858250311303
0.12896222719649511057050
0.12894320727104446877576
0.12893647695446552869925
0.12891793156448461132868
0.12890721096929080857763
0.12893097283667476204982
0.12893733894555683971994
0.12895503483337406036568
0.12897934568190982940195
0.12900294703790024519741
0.12899551293733704793176
0.12901756810314646273241
0.12897272090871542138402
0.12894883649010621673447
0.12893174948418784087067
0.12892462888812758481372
0.12892621478888721675560
0.12894175414171032967303
0.12896601222571651979010
0.12898923919151805694838
0.12901035560312895666968
0.12903289528763625670926
0.12902518139895186033428
0.12904863035306274321456
0.12900353158713090406806
0.12898258308598339882955
0.12895892486428164880330
0.12893556413506576663330
0.12895274275679349806900
0.12897620460231074002166
0.12899646083639351723527
0.12901731764922633183268
0.12904080469718878787511
0.12906379039377682826917
0.12905584849826556848029
0.12907576642380480524963
0.12903286904136529456011
0.12901046945894387163456
0.12899004926898158251980
0.12896934143723823296135
0.12898312958836807839980
0.12900268570445885818465
0.12902521161617880318673
0.12904891306706192666276
0.12906935104978398132225
0.12908567681334098820045
0.12908012514197972353536
0.12909540579459435893916
0.12906313458812390670971
0.12904118897651301045570
0.12901692970364073143053
0.12899530716084142700772
0.12900937801524334225256
0.12903326637452264269434
0.12905589010594251120345
0.12907415277469200254323
0.12909009451154981884535
0.12910764344516911794614
0.12910060270128706494397
0.12912192132560487700665
0.12908399625622124506918
0.12906858265659074125331
0.12904917713196562001343
0.12902509784976490259112
0.12904118178012746742667
0.12906211695498950864369
0.12907854603933816006744
0.12909468417019387409539
0.12911444878488359533364
0.12913748807186811728975
0.12912964355267403382399
0.12915188113025277694135
0.12910767492538940959257
0.12908858689434760114167
0.12907230060105009950000
0.12905506242914815961953
0.12904953645414668494951
0.12906112330101862650800
0.12906663803049378547172
0.12908197111511357513258
0.12910016424489956232691
0.12912226975436708054090
0.12914503293125900729166
0.12916457732377539802116
0.12915744192435624215776
0.12917493688263076423439
0.12913695553300513774175
0.12911465093527726977207
0.12909373776535912337060
0.12907616761057083554221
0.12907096128597261852633
0.12908008418883637480334
0.12908670227331126012515
0.12910727126920065743754
0.12912975062495873901369
0.12915040106187930524229
0.12916819484889272007244
0.12918475390809255887170
0.12917802675877468332466
0.12919525256821898229198
0.12916205207025818757494
0.12914371404732044590347
0.12912175558041899536832
0.12909925633598678951230
0.12909086898641797258591
0.12910385970289312007608
0.12911393382559718800984
0.12913559929980497620328
0.12915491078343063757750
0.12917237768928505059485
0.12918943664923687730806
0.12920779815447264171624
0.12920151698040505117149
0.12922122354185611170507
0.12918248524932127163645
0.12916559587088100036212
0.12914826010835842029500
0.12912853304075641580617
0.12911823837630070910265
0.12913085784106090314616
0.12914150241196262203225
0.12915939229196835014157
0.12917633269579265054006
0.12919460526588516513513
0.12921426322344864434655
0.12923390058840028560283
0.12922680560321758713727
0.12924524366392484142629
0.12920771060178351530290
0.12918860274831106549343
0.12917039986186978905991
0.12915251003976363497472
0.12914288291632858296509
0.12915359591199387923055
0.12916345875579238189346
0.12918166165880878848427
0.12920137240592233229819
0.12922077451325170160956
0.12923878372346095377843
0.12925624067364369085276
0.12925010353950358577002
0.12926814125775726305179
0.12923231519037370329528
0.12921381966201919699877
0.12919466830657835854090
0.12917541633153545310719
0.12916387671896464861554
0.12917471158716062329397
0.12918808264380379768888
0.12920755820143497993868
0.12922574573567052746981
0.12924330044007298345932
0.12926176992985421998483
0.12928117269639535780179
0.12927396507380345402893
0.12929468974891161758833
0.12925460154693529934988
0.12923706149778246832227
0.12921972771050663220116
0.12920048657516644552423
0.12918683731801433589581
0.12919860428137711072516
0.12921202538485629385256
0.12923016298308823146535
0.12924847429601682424760
0.12926754578475502244217
0.12928762430589424425875
0.12930735779683455444200
0.12930123864405460021310
0.12931932431578699316255
0.12928100781285536968745
0.12926021915090835090467
0.12924115678397435358349
0.12922320046808674631755
0.12920921610714661276198
0.12921959409037891974847
0.12923392016148191330238
0.12925328474134634149095
0.12927358642022779289249
0.12929431393142223893911
0.12931348340539880470423
0.12932992556545908069410
0.12932382266273673154799
0.12930642868127922850974
0.12928745843284111805005
0.12926683819703860267580
0.12924587328211115111465
0.12922997838459879260675
0.12924091134414203430048
0.12925861413065969918179
0.12928055126013737741175
0.12930057094216262925102
0.12931772523279888575942
0.12933359017975423754798
0.12932748209314270937398
0.12934391654977858698850
0.12931147635039882959340
0.12929357162132040781621
0.12927281914968588583115
0.12925349527966939477963
0.12926731024809634540418
0.12928657371625329464138
0.12930504660978178743669
0.12932116471508886546005
0.12933748927462299094238
0.12935526543500841523127
0.12934787377135811836659
0.12936743237748382640007
0.12933080567461660570494
0.12931535327320903272508
0.12929866767326034238117
0.12928036937772979797501
0.12929211568447895874812
0.12930836812662888091197
0.12932468395175683584242
0.12934151254881151582588
0.12936013593701820023618
0.12937948200891255523537
0.12937249923316576638577
0.12939151979923391166949
0.12935338351587613581195
0.12933453876937217597032
0.12931741787066808324624
0.12930252104137271440543
0.12931197201509098126948
0.12932734247666766158602
0.12934571813509149196264
0.12936544666075724951959
0.12938506434334531847163
0.12940344651176924339886
0.12939666863228996285251
0.12941542031091135545040
0.12937786928821884413487
0.12935853639773553513947
0.12933873392738989838158
0.12932161738764225145104
0.12933207421279321880370
0.12935128328894909821578
0.12937159304653475522251
0.12939051347056829133209
0.12940859042449115445805
0.12942765700862920996705
0.12942131975245113606476
0.12944069129501215020817
0.12940276599932465373399
0.12938415685657647657969
0.12936392386800055209761
0.12934419205077368753010
0.12935765825785891514066
0.12937666904750727558948
0.12939613085072751430538
0.12941532925294313427500
0.12943459639949728146036
0.12945388667334511989537
0.12944760255839504736741
0.12946623608558699425330
0.12942775921064364474944
0.12940854347366895216176
0.12938947225347943725815
0.12937082753368345233724
0.12938329604983964116194
0.12940201037426629637750
0.12942139859693765902016
0.12944062973041117747819
0.12945928266298278863644
0.12947712876676306659185
0.12947003992884095757709
0.12948660672209100219732
0.12945299203805715748672
0.12943441874369540633971
0.12941417798623161550253
0.12939521018464705814921
0.12938979954582677245334
0.12940110168290766545773
0.12940753664454235360992
0.12942642317579070021516
0.12944606826643870189919
0.12946412333912760139754
0.12948018775718567185962
0.12949660771733889630397
0.12949047833382182348672
0.12950815338959434375177
0.12947370550665845967409
0.12945673231499843502945
0.12943846378441714595198
0.12942011180467913322722
0.12941326948131992580215
0.12942516120254721201377
0.12943239393017491600801
0.12944964398609581923694
0.12946682411598695039423
0.12948350808904066089333
0.12950135136163093418915
0.12952071480621810128930
0.12951352335144111771470
0.12953379725772462549571
0.12949453017423323553103
0.12947706194466487850114
0.12946002411577833823841
0.12944314538310006112987
0.12943599119810889064297
0.12944592522351380803336
0.12945328600118685691278
0.12946964130973576123651
0.12948817298423281885178
0.12950728977684056175690
0.12952682527477935026106
0.12954602771110249048725
0.12953978923025738501096
0.12955778286589009207219
0.12952074430615551081658
0.12950022465345406574855
0.12948046182791220215513
0.12946323675953094745061
0.12945610729665185667514
0.12946556508269341234652
0.12947444062573160161733
0.12949271870664447181554
0.12951335764632615488168
0.12953332107683918072993
0.12955186193414075512820
0.12956874528241632549275
0.12956217825736246473944
0.12957977188007319124807
0.12954511380389535646351
0.12952679378243417418481
0.12950642410269183613103
0.12948639884306864522578
0.12947593130668666461247
0.12948795906764556939983
0.12949966882159866243818
0.12951964271896471148082
0.12953909436098592911080
0.12955621405200268281277
0.12957273298470081690503
0.12959068224897885013291
0.12958386082178663389897
0.12960201105060736859187
0.12956691092412681021173
0.12955004034568379234216
0.12953182062959237019761
0.12951310592839587743086
0.12950115245503707184227
0.12951324764164992564552
0.12952614716355714818974
0.12954298795271995681233
0.12956000608914278182660
0.12957762871166786378119
0.12959568853605116234284
0.12961376931083237740161
0.12960724193784614599601
0.12962459121538810746799
0.12958889975573395503261
0.12957090150268105177567
0.12955344614244096446143
0.12953729829270069218161
0.12952478043262616314024
0.12953536477226851308941
0.12954739021912384244750
0.12956392307263692176278
0.12958225705620174394994
0.12960069163552176418897
0.12961806740440082186261
0.12961223898929283282477
0.12962859881855851029719
0.12959431951969888063836
0.12957477951750218103655
0.12955698548461488939232
0.12954438050530731052490
0.12955346967339595454227
0.12956806189607272816744
0.12958616650141541182251
0.12960536149301291053426
0.12962319127421376152576
0.12963943438340891356475
0.12963334392269129646813
0.12965095363144463203042
0.12961626447444254961461
0.12959818832138148003708
0.12957985460685583767315
0.12956364300043102244508
0.12957524585666468919243
0.12959176048754666998875
0.12960957406561177118753
0.12962694089500270688831
0.12964425528306866564066
0.12966327215443854137256
0.12965659388038941468579
0.12967580036048720337760
0.12963816174442607809247
0.12962038317671395470931
0.12960289545972783487038
0.12958603041150015822147
0.12959748634266921030189
0.12961375601247471234245
0.12963072481858381457265
0.12964986320840229949702
0.12966968208397983142177
0.12968868260165197781042
0.12968227693517569987236
0.12969988903891552234349
0.12966229061967993185789
0.12964243153134666353132
0.12962492724530291776652
0.12960813558553235802506
0.12961911690493871374130
0.12963646549986948541822
0.12965486793040778557007
0.12967456993516393581878
0.12969337958746199324089
0.12971005749723424349540
0.12970325755907596843031
0.12971911706496966343316
0.12968656892989796625137
0.12966779824928589825994
0.12964837000454224047452
0.12962957801062305329687
0.12964171706534141637057
0.12966045347031701640006
0.12967913156550384123911
0.12969707226557358747954
0.12971327638029772622019
0.12972954405194200844242
0.12972390743326830953031
0.12974125656767848679962
0.12970690217953950718055
0.12968976695282263822406
0.12967247288581376651884
0.12965399575829433809204
0.12966651822699440388398
0.12968371016022586794669
0.12969965695832108565355
0.12971693491714206269982
0.12973580639432807926070
0.12975453404529477263729
0.12974798405197959794144
0.12976675863463751903204
0.12972882007902447609737
0.12971060405507320312246
0.12969412800149596187715
0.12967742085783978689406
0.12968765350320687890218
0.12970447297375539696951
0.12972213263426776719278
0.12974149395678868934567
0.12976062922941847266323
0.12977807386006259826594
0.12977207506242685597364
0.12978831351257819060052
0.12975442001692444327077
0.12973466229401456328851
0.12971563229396354532952
0.12969799232012071965592
0.12970946739816971438053
0.12972811048022175883787
0.12974681361605544527293
0.12976543512189261941892
0.12978289188931940723037
0.12979926830576160590169
0.12979293075511375010755
0.12981094144039406756974
0.12977572796338981975239
0.12975850536339347818249
0.12974081265688264252844
0.12972166335325210906326
0.12971511840875654675287
0.12972736417984595536090
0.12973384761558048872132
0.12975238587642984322557
0.12976885210137084625259
0.12978576507488226443598
0.12980408729136760914713
0.12982354828915426692149
0.12981658125985276464043
0.12983518215236558579484
0.12979705307581457240929
0.12977892393254453207163
0.12976225499705892896252
0.12974532214071302083092
0.12973850441421835855138
0.12974911712597739232855
0.12975602084709000894058
0.12977186183370012506622
0.12978905877990992712157
0.12980953404524994687641
0.12982954264411430966852
0.12984621171739543776802
0.12984087066436419966031
0.12985522710555749692496
0.12982217975115722952140
0.12980160546148511446773
0.12978277513981653634723
0.12976573765749704891803
0.12975884780934618389914
0.12976772095252625538464
0.12977610123553179333200
0.12979498738632677667937
0.12981481618290144353089
0.12983393384572008977251
0.12985003281641460670670
0.12986388418799799104875
0.12985798426161196394979
0.12987318113091778082335
0.12984394971024679210636
0.12982755826529746023823
0.12980839135058161448733
0.12978738246784751741991
0.12977777345938701358818
0.12978991789209276541683
0.12980104035044087718020
0.12982072600670893636199
0.12983774585113808108794
0.12985251957318569293598
0.12986740913833924593312
0.12988507067063215227876
0.12987884589451992312092
0.12989862175141891897923
0.12986117233796853898120
0.12984603257468110837358
0.12983196106865618757453
0.12981453298190431810966
0.12980305359027219380685
0.12981504840398752631536
0.12982653625224693794138
0.12984094632979992223198
0.12985415083571733019241
0.12987139483359358416159
0.12989248109244524997941
0.12991201476295355377033
0.12990513734589470562497
0.12992223660151111519490
0.12988431940557843002892
0.12986462368560597324674
0.12984918691803515322647
0.12983536180832402906482
0.12982549954181804574560
0.12983381327006016103809
0.12984292903076460889977
0.12985818146897018521280
0.12987696512835880668923
0.12989806828013611417205
0.12991632709518749488886
0.12991015564591953945772
0.12992474106162074654058
0.12989039911378588709745
0.12986953477899504383331
0.12985136520215675992596
0.12984055013189280125552
0.12984814761686686024333
0.12986249867913360334093
0.12988283054847118980213
0.12990247813987096381361
0.12991909256012373896638
0.12993226113773873042767
0.12992625003779814663041
0.12994026177795589549469
0.12991240905408296679724
0.12989607045456419420759
0.12987554741500997868009
0.12985876725371417461652
0.12987127213603635866868
0.12988854119640053097484
0.12990704396617308580275
0.12992048343064682702774
0.12993385192579470777119
0.12994911795392929954041
0.12994283190017705265085
0.12995732581735322530569
0.12992831710922800314556
0.12991506650045658854964
0.12990003133983579752808
0.12988399064092112644708
0.12989536441701610147703
0.12990923184172975535233
0.12992258273546131164267
0.12993623995131928228197
0.12995118133573571594930
0.12996314135734898798091
0.12995660977704995286963
0.12996810571089575936377
0.12994410232195449661496
0.12993046724040355210938
0.12991716562350597019559
0.12990483233004215812834
0.12991193881687804201341
0.12992475680536622051342
0.12993829140388965526220
0.12994979361907033066359
0.12996088007602479841296
0.12997863387070865415218
0.12997062751059998420011
0.12999920432559414207319
0.12995423718513482436165
0.12994404563389708173737
0.12993150974572259537254
0.12991876246293862506853
0.12992573441032437275844
0.12993719678158904828891
0.12994782364434478982851
0.12996317078442712333874
0.12999117523337397339667
0.13001543098228771078162
0.13001262778939837172487
0.12998246743329380792353
0.12995578372630089969419
0.12994161111968385857729
0.12993164433759321618744
0.12993593011822449079240
0.12994920719177427415048
0.12997471753716594022876
0.13000674494130656788649
0.12998580684950422625690
0.12999504399300718104904
0.13000093902286796732071
0.12996648082235914833937
0.12994240434864035016460
0.12995821897135795275346
0.12999295186568893267776
0.13000025557045438717729
0.12988760057023807092946
0.13000073676329970684407
0.12998496191892491835596
0.12999917774763777855718
0.12991261583432017756579
0.12959081866590171916442
0.12993222523420216996115
0.12978238701179090064386
0.12965474384363864790437
0.12929830028189681634387
